Number of assembly instructions     = 686
Number of indirect branches         = 0
Number of unresolved indirect jumps = 0: 
Number of unresolved indirect calls = 0: 
Number of symbolic states (representative of non-determinism): 686
Number of edges: 712

a00 (True): f88, 108d
db0 (True): f7c, 1078
f70 (True): 1301
1020 (True): 139d, 13cf, 142b
12d0 (False): 0

a00: PUSH Reg RBX 1
a01: MOV Reg RBX, Reg RDI 3
a04: SUB Reg RSP, Immediate 32 4
a08: MOV Reg RAX, Address (SizeDir 64 (AddrPlus (FromReg FS) (AddrImm 40))) 9
a11: MOV Address (SizeDir 64 (AddrPlus (FromReg RSP) (AddrImm 24))), Reg RAX 5
a16: XOR Reg EAX, Reg EAX 2
a18: CALL fsig_file_buf (external)
a1d: MOVZX Reg EAX, Address (SizeDir 8 (AddrPlus (FromReg RAX) (AddrImm 8197))) 7
a24: CMP Reg AL, Immediate 2 2
a26: JZ c00 (resolved immediate)
  |
  `- a2c,c00
a2c: CMP Reg AL, Immediate 3 2
a2e: JZ b08 (resolved immediate)
  |
  `- a34,b08
a34: MOV Reg RAX, Address (SizeDir 64 (AddrPlus (FromReg RIP) (AddrImm 2107173))) 7
a3b: MOV Reg ESI, Address (SizeDir 32 (AddrPlus (FromReg RIP) (AddrImm 2107139))) 6
a41: MOV Reg EDX, Address (SizeDir 32 (FromReg RAX)) 2
a43: MOV Reg RDI, Immediate 18014398501093376 10
a4d: MOV Reg ECX, Address (SizeDir 32 (AddrPlus (FromReg RAX) (AddrImm 4))) 3
a50: XCHG Reg DH, Reg DL 2
a52: ROL Reg EDX, Immediate 16 3
a55: XCHG Reg DH, Reg DL 2
a57: SHL Reg RDX, Immediate 23 4
a5b: MOV Reg EBX, Address (SizeDir 32 (AddrPlus (FromReg RAX) (AddrImm 12))) 3
a5e: ADD Reg RAX, Immediate 16 4
a62: AND Reg RDX, Reg RDI 3
a65: MOV Reg RDI, Immediate 4494803534348288 10
a6f: SUB Reg ESI, Immediate 1 3
a72: XCHG Reg CH, Reg CL 2
a74: ROL Reg ECX, Immediate 16 3
a77: XCHG Reg CH, Reg CL 2
a79: SHR Reg ECX, Immediate 9 3
a7c: MOV Address (SizeDir 32 (AddrPlus (FromReg RIP) (AddrImm 2107074))), Reg ESI 6
a82: OR Reg RDX, Reg RCX 3
a85: MOV Address (SizeDir 64 (AddrPlus (FromReg RIP) (AddrImm 2106980))), Reg RDX 7
a8c: MOV Reg EDX, Address (SizeDir 32 (AddrMinus (FromReg RAX) (AddrImm 8))) 3
a8f: XCHG Reg DH, Reg DL 2
a91: ROL Reg EDX, Immediate 16 3
a94: XCHG Reg DH, Reg DL 2
a96: MOV Reg EDX, Reg EDX 2
a98: MOV Reg ECX, Address (SizeDir 32 (AddrMinus (FromReg RAX) (AddrImm 12))) 3
a9b: XCHG Reg BH, Reg BL 2
a9d: ROL Reg EBX, Immediate 16 3
aa0: XCHG Reg BH, Reg BL 2
aa2: XCHG Reg CH, Reg CL 2
aa4: ROL Reg ECX, Immediate 16 3
aa7: XCHG Reg CH, Reg CL 2
aa9: SHL Reg RDX, Immediate 11 4
aad: SHR Reg EBX, Immediate 21 3
ab0: SHL Reg RCX, Immediate 43 4
ab4: AND Reg RCX, Reg RDI 3
ab7: OR Reg RDX, Reg RBX 3
aba: OR Reg RDX, Reg RCX 3
abd: MOV Address (SizeDir 64 (AddrPlus (FromReg RIP) (AddrImm 2106932))), Reg RDX 7
ac4: MOV Reg EDX, Address (SizeDir 32 (AddrMinus (FromReg RAX) (AddrImm 4))) 3
ac7: XCHG Reg DH, Reg DL 2
ac9: ROL Reg EDX, Immediate 16 3
acc: XCHG Reg DH, Reg DL 2
ace: AND Reg EDX, Immediate 2097151 6
ad4: MOV Address (SizeDir 64 (AddrPlus (FromReg RIP) (AddrImm 2107013))), Reg RAX 7
adb: LEA Reg RAX, Address (AddrPlus (FromReg RIP) (AddrImm 2106894)) 7
ae2: MOV Reg EDI, Reg EDX 2
ae4: MOV Address (SizeDir 64 (AddrPlus (FromReg RIP) (AddrImm 2106901))), Reg RDI 7
aeb: MOV Reg RSI, Address (SizeDir 64 (AddrPlus (FromReg RSP) (AddrImm 24))) 5
af0: XOR Reg RSI, Address (SizeDir 64 (AddrPlus (FromReg FS) (AddrImm 40))) 9
af9: JNZ c27 (resolved immediate)
  |
  `- aff,c27
aff: ADD Reg RSP, Immediate 32 4
b03: POP Reg RBX 1
b04: RET  1
  |
  `- 
b08: MOV Reg EAX, Address (SizeDir 32 (AddrPlus (FromReg RIP) (AddrImm 2106934))) 6
b0e: TEST Reg EAX, Reg EAX 2
b10: JNZ bb1 (resolved immediate)
  |
  `- b16,bb1
b16: MOV Reg RSI, Address (SizeDir 64 (AddrPlus (FromReg RIP) (AddrImm 2106923))) 7
b1d: TEST Reg RSI, Reg RSI 3
b20: JZ c20 (resolved immediate)
  |
  `- b26,c20
b26: MOV Reg ECX, Immediate 24 5
b2b: XOR Reg EDX, Reg EDX 2
b2d: MOV Reg R8, Reg RSP 3
b30: MOV Reg RDI, Reg RBX 3
b33: MOV Address (SizeDir 64 (AddrPlus (FromReg RIP) (AddrImm 2106902))), Reg RSI 7
b3a: CALL fsig_devread (external)
b3f: MOVZX Reg EAX, Address (SizeDir 16 (AddrPlus (FromReg RSP) (AddrImm 6))) 5
b44: MOV Reg ECX, Address (SizeDir 32 (AddrPlus (FromReg RIP) (AddrImm 2106866))) 6
b4a: XCHG Reg AH, Reg AL 2
b4c: MOVZX Reg EAX, Reg AX 3
b4f: MOV Reg ESI, Address (SizeDir 32 (AddrPlus (FromReg RIP) (AddrImm 2106839))) 6
b55: MOV Address (SizeDir 32 (AddrPlus (FromReg RIP) (AddrImm 2106917))), Immediate 24 10
b5f: MOV Address (SizeDir 32 (AddrPlus (FromReg RIP) (AddrImm 2106847))), Reg EAX 6
b65: MOV Reg RAX, Address (SizeDir 64 (AddrPlus (FromReg RSP) (AddrImm 16))) 5
b6a: MOV Reg EDX, Reg EAX 2
b6c: SHR Reg RAX, Immediate 32 4
b70: XCHG Reg DH, Reg DL 2
b72: ROL Reg EDX, Immediate 16 3
b75: XCHG Reg DH, Reg DL 2
b77: XCHG Reg AH, Reg AL 2
b79: ROL Reg EAX, Immediate 16 3
b7c: XCHG Reg AH, Reg AL 2
b7e: SHL Reg RDX, Immediate 32 4
b82: MOV Reg EAX, Reg EAX 2
b84: OR Reg RAX, Reg RDX 3
b87: MOV Reg RDX, Reg RAX 3
b8a: SHR Reg RDX, Reg CL 3
b8d: MOV Reg EDX, Reg EDX 2
b8f: IMUL Reg RDX, Reg RSI 4
b93: MOV Reg ESI, Immediate 4294967295 5
b98: SHL Reg ESI, Reg CL 2
b9a: MOV Reg ECX, Address (SizeDir 32 (AddrPlus (FromReg RIP) (AddrImm 2106768))) 6
ba0: NOT Reg ESI 2
ba2: AND Reg EAX, Reg ESI 2
ba4: ADD Reg RAX, Reg RDX 3
ba7: SHL Reg RAX, Reg CL 3
baa: MOV Address (SizeDir 64 (AddrPlus (FromReg RIP) (AddrImm 2106775))), Reg RAX 7
bb1: MOV Reg RDI, Reg RBX 3
bb4: CALL fsig_file_buf (external)
bb9: MOV Reg ESI, Address (SizeDir 32 (AddrPlus (FromReg RIP) (AddrImm 2106769))) 6
bbf: MOV Reg EDX, Address (SizeDir 32 (AddrPlus (FromReg RIP) (AddrImm 2106815))) 6
bc5: LEA Reg R8, Address (AddrPlus (FromReg RAX) (AddrImm 4096)) 7
bcc: MOV Reg ECX, Immediate 16 5
bd1: MOV Reg RDI, Reg RBX 3
bd4: CALL fsig_devread (external)
bd9: MOV Reg RDI, Reg RBX 3
bdc: CALL fsig_file_buf (external)
be1: ADD Address (SizeDir 32 (AddrPlus (FromReg RIP) (AddrImm 2106780))), Immediate 16 7
be8: ADD Reg RAX, Immediate 4096 6
bee: MOV Reg ESI, Address (SizeDir 32 (AddrPlus (FromReg RIP) (AddrImm 2106704))) 6
bf4: JMP a41 (resolved immediate)
  |
  `- a41
c00: MOV Reg ESI, Address (SizeDir 32 (AddrPlus (FromReg RIP) (AddrImm 2106686))) 6
c06: TEST Reg ESI, Reg ESI 2
c08: JZ c20 (resolved immediate)
  |
  `- c0a,c20
c0a: MOV Reg RAX, Address (SizeDir 64 (AddrPlus (FromReg RIP) (AddrImm 2106703))) 7
c11: JMP a41 (resolved immediate)
  |
  `- a41
c20: XOR Reg EAX, Reg EAX 2
c22: JMP aeb (resolved immediate)
  |
  `- aeb
c27: CALL __stack_chk_fail (external)
  |
  `- 
db0: PUSH Reg R13 2
db2: PUSH Reg R12 2
db4: PUSH Reg RBP 1
db5: PUSH Reg RBX 1
db6: MOV Reg RBX, Reg RDI 3
db9: SUB Reg RSP, Immediate 56 4
dbd: MOV Reg RAX, Address (SizeDir 64 (AddrPlus (FromReg FS) (AddrImm 40))) 9
dc6: MOV Address (SizeDir 64 (AddrPlus (FromReg RSP) (AddrImm 40))), Reg RAX 5
dcb: XOR Reg EAX, Reg EAX 2
dcd: CALL fsig_file_buf (external)
dd2: MOVZX Reg EAX, Address (SizeDir 8 (AddrPlus (FromReg RAX) (AddrImm 8197))) 7
dd9: CMP Reg AL, Immediate 2 2
ddb: JZ f30 (resolved immediate)
  |
  `- de1,f30
de1: CMP Reg AL, Immediate 3 2
de3: JNZ f0d (resolved immediate)
  |
  `- de9,f0d
de9: MOV Reg RAX, Address (SizeDir 64 (AddrPlus (FromReg RIP) (AddrImm 2106232))) 7
df0: LEA Reg R12, Address (AddrPlus (FromReg RSP) (AddrImm 16)) 5
df5: MOV Reg EBP, Immediate 4294967295 5
dfa: LEA Reg R13, Address (AddrPlus (FromReg RSP) (AddrImm 8)) 5
dff: MOV Address (SizeDir 64 (AddrPlus (FromReg RSP) (AddrImm 8))), Reg RAX 5
e04: JMP e31 (resolved immediate)
  |
  `- e31
e10: MOV Reg EDX, Address (SizeDir 32 (AddrPlus (FromReg RIP) (AddrImm 2106202))) 6
e16: MOV Reg ESI, Address (SizeDir 32 (AddrPlus (FromReg RIP) (AddrImm 2106164))) 6
  |
  `- 
e31: MOV Reg ECX, Address (SizeDir 32 (AddrPlus (FromReg RIP) (AddrImm 2106117))) 6
e37: MOV Reg EDX, Reg EAX 2
e39: SHR Reg RAX, Immediate 32 4
e3d: XCHG Reg DH, Reg DL 2
e3f: ROL Reg EDX, Immediate 16 3
e42: XCHG Reg DH, Reg DL 2
e44: XCHG Reg AH, Reg AL 2
e46: ROL Reg EAX, Immediate 16 3
e49: XCHG Reg AH, Reg AL 2
e4b: SHL Reg RDX, Immediate 32 4
e4f: MOV Reg EAX, Reg EAX 2
e51: MOV Reg R8, Reg R12 3
e54: OR Reg RAX, Reg RDX 3
e57: MOV Reg RDI, Reg RBX 3
e5a: MOV Reg RDX, Reg RAX 3
e5d: SHR Reg RDX, Reg CL 3
e60: MOV Reg ESI, Reg EDX 2
e62: MOV Reg EDX, Address (SizeDir 32 (AddrPlus (FromReg RIP) (AddrImm 2106052))) 6
e68: IMUL Reg RDX, Reg RSI 4
e6c: MOV Reg ESI, Reg EBP 2
e6e: SHL Reg ESI, Reg CL 2
e70: MOV Reg ECX, Address (SizeDir 32 (AddrPlus (FromReg RIP) (AddrImm 2106042))) 6
e76: NOT Reg ESI 2
e78: AND Reg EAX, Reg ESI 2
e7a: LEA Reg RSI, Address (AddrPlus (FromReg RDX) (FromReg RAX)) 4
e7e: XOR Reg EDX, Reg EDX 2
e80: SHL Reg RSI, Reg CL 3
e83: MOV Reg ECX, Immediate 24 5
e88: MOV Address (SizeDir 64 (AddrPlus (FromReg RIP) (AddrImm 2106049))), Reg RSI 7
e8f: CALL fsig_devread (external)
e94: CMP Address (SizeDir 16 (AddrPlus (FromReg RSP) (AddrImm 20))), Immediate 0 6
e9a: JNZ e10 (resolved immediate)
  |
  `- e10,ea0
ea0: MOVZX Reg EAX, Address (SizeDir 16 (AddrPlus (FromReg RSP) (AddrImm 22))) 5
ea5: MOV Reg ECX, Address (SizeDir 32 (AddrPlus (FromReg RIP) (AddrImm 2106001))) 6
eab: XCHG Reg AH, Reg AL 2
ead: MOVZX Reg EAX, Reg AX 3
eb0: MOV Reg ESI, Address (SizeDir 32 (AddrPlus (FromReg RIP) (AddrImm 2105974))) 6
eb6: MOV Address (SizeDir 32 (AddrPlus (FromReg RIP) (AddrImm 2106052))), Immediate 24 10
ec0: MOV Address (SizeDir 32 (AddrPlus (FromReg RIP) (AddrImm 2105982))), Reg EAX 6
ec6: MOV Reg RAX, Address (SizeDir 64 (AddrPlus (FromReg RSP) (AddrImm 32))) 5
ecb: SHL Reg EBP, Reg CL 2
ecd: NOT Reg EBP 2
ecf: MOV Reg EDX, Reg EAX 2
ed1: SHR Reg RAX, Immediate 32 4
ed5: XCHG Reg DH, Reg DL 2
ed7: ROL Reg EDX, Immediate 16 3
eda: XCHG Reg DH, Reg DL 2
edc: XCHG Reg AH, Reg AL 2
ede: ROL Reg EAX, Immediate 16 3
ee1: XCHG Reg AH, Reg AL 2
ee3: SHL Reg RDX, Immediate 32 4
ee7: MOV Reg EAX, Reg EAX 2
ee9: OR Reg RAX, Reg RDX 3
eec: MOV Reg RDX, Reg RAX 3
eef: AND Reg EBP, Reg EAX 2
ef1: SHR Reg RDX, Reg CL 3
ef4: MOV Reg ECX, Address (SizeDir 32 (AddrPlus (FromReg RIP) (AddrImm 2105910))) 6
efa: MOV Reg EDX, Reg EDX 2
efc: IMUL Reg RDX, Reg RSI 4
f00: ADD Reg RBP, Reg RDX 3
f03: SHL Reg RBP, Reg CL 3
f06: MOV Address (SizeDir 64 (AddrPlus (FromReg RIP) (AddrImm 2105915))), Reg RBP 7
f0d: MOV Reg RAX, Address (SizeDir 64 (AddrPlus (FromReg RSP) (AddrImm 40))) 5
f12: XOR Reg RAX, Address (SizeDir 64 (AddrPlus (FromReg FS) (AddrImm 40))) 9
f1b: JNZ f62 (resolved immediate)
  |
  `- f1d,f62
f1d: ADD Reg RSP, Immediate 56 4
f21: POP Reg RBX 1
f22: POP Reg RBP 1
f23: POP Reg R12 2
f25: POP Reg R13 2
f27: RET  1
  |
  `- 
f30: MOV Reg RDI, Reg RBX 3
f33: CALL fsig_file_buf (external)
f38: MOV Reg RDI, Reg RBX 3
f3b: ADD Reg RAX, Immediate 8292 6
f41: MOV Address (SizeDir 64 (AddrPlus (FromReg RIP) (AddrImm 2105880))), Reg RAX 7
f48: CALL fsig_file_buf (external)
f4d: MOV Reg EAX, Address (SizeDir 32 (AddrPlus (FromReg RAX) (AddrImm 8268))) 6
f53: XCHG Reg AH, Reg AL 2
f55: ROL Reg EAX, Immediate 16 3
f58: XCHG Reg AH, Reg AL 2
f5a: MOV Address (SizeDir 32 (AddrPlus (FromReg RIP) (AddrImm 2105828))), Reg EAX 6
f60: JMP f0d (resolved immediate)
  |
  `- f0d
f62: CALL __stack_chk_fail (external)
  |
  `- 
f70: PUSH Reg R12 2
f72: PUSH Reg RBP 1
f73: MOV Reg R12, Reg RDI 3
f76: PUSH Reg RBX 1
f77: CALL init_extents (internal)
  |
  `- db0
f7c: NOP  4
f80: MOV Reg RDI, Reg R12 3
f83: CALL next_extent (internal)
  |
  `- f88,a00
f88: TEST Reg RAX, Reg RAX 3
f8b: MOV Reg RBX, Reg RAX 3
f8e: JZ 1010 (resolved immediate)
  |
  `- f94,1010
f94: MOV Reg EAX, Address (SizeDir 32 (AddrPlus (FromReg RIP) (AddrImm 2105794))) 6
f9a: MOV Reg RBP, Address (SizeDir 64 (FromReg RBX)) 3
f9d: CMP Reg RAX, Reg RBP 3
fa0: JB f80 (resolved immediate)
  |
  `- f80,fa2
fa2: MOV Reg RDX, Address (SizeDir 64 (AddrPlus (FromReg RBX) (AddrImm 16))) 4
fa6: ADD Reg RDX, Reg RBP 3
fa9: CMP Reg RAX, Reg RDX 3
fac: JAE f80 (resolved immediate)
  |
  `- f80,fae
fae: MOV Reg RDI, Reg R12 3
fb1: CALL fsig_file_buf (external)
fb6: MOV Reg RSI, Address (SizeDir 64 (AddrPlus (FromReg RBX) (AddrImm 8))) 4
fba: MOV Reg R9D, Address (SizeDir 32 (AddrPlus (FromReg RIP) (AddrImm 2105755))) 7
fc1: MOV Reg EDI, Immediate 4294967295 5
fc6: MOV Reg ECX, Address (SizeDir 32 (AddrPlus (FromReg RIP) (AddrImm 2105712))) 6
fcc: MOV Reg R8, Reg RAX 3
fcf: POP Reg RBX 1
fd0: SUB Reg RSI, Reg RBP 3
fd3: ADD Reg R9, Reg RSI 3
fd6: MOV Reg RDX, Reg R9 3
fd9: SHR Reg RDX, Reg CL 3
fdc: MOV Reg ESI, Reg EDX 2
fde: MOV Reg EDX, Address (SizeDir 32 (AddrPlus (FromReg RIP) (AddrImm 2105672))) 6
fe4: POP Reg RBP 1
fe5: IMUL Reg RDX, Reg RSI 4
fe9: MOV Reg ESI, Reg EDI 2
feb: MOV Reg RDI, Reg R12 3
fee: SHL Reg ESI, Reg CL 2
ff0: MOV Reg ECX, Address (SizeDir 32 (AddrPlus (FromReg RIP) (AddrImm 2105658))) 6
ff6: NOT Reg ESI 2
ff8: POP Reg R12 2
ffa: AND Reg ESI, Reg R9D 3
ffd: ADD Reg RSI, Reg RDX 3
1000: XOR Reg EDX, Reg EDX 2
1002: SHL Reg RSI, Reg CL 3
1005: MOV Reg ECX, Immediate 100 5
100a: JMP fsig_devread (jmp to external function)
  |
  `- 
1010: POP Reg RBX 1
1011: POP Reg RBP 1
1012: POP Reg R12 2
1014: RET  1
  |
  `- 
1020: PUSH Reg R15 2
1022: PUSH Reg R14 2
1024: PUSH Reg R13 2
1026: PUSH Reg R12 2
1028: PUSH Reg RBP 1
1029: PUSH Reg RBX 1
102a: MOV Reg EBP, Reg EDX 2
102c: MOV Reg RBX, Reg RDI 3
102f: SUB Reg RSP, Immediate 40 4
1033: MOV Address (SizeDir 64 (FromReg RSP)), Reg RSI 4
1037: CALL fsig_file_buf (external)
103c: CMP Address (SizeDir 8 (AddrPlus (FromReg RAX) (AddrImm 8197))), Immediate 1 7
1043: JZ 1278 (resolved immediate)
  |
  `- 1049,1278
1049: MOV Reg RDI, Reg RBX 3
104c: MOV Reg R13, Immediate 18446744073709551615 7
1053: CALL fsig_filepos (external)
1058: MOV Reg RAX, Address (SizeDir 64 (FromReg RAX)) 3
105b: MOV Reg RDI, Reg RBX 3
105e: MOV Address (SizeDir 64 (AddrPlus (FromReg RSP) (AddrImm 24))), Reg RAX 5
1063: CALL fsig_filepos (external)
1068: MOV Reg EDX, Address (SizeDir 32 (FromReg RAX)) 2
106a: MOV Reg RDI, Reg RBX 3
106d: ADD Reg EDX, Reg EBP 2
106f: MOV Address (SizeDir 32 (AddrPlus (FromReg RSP) (AddrImm 16))), Reg EDX 4
1073: CALL init_extents (internal)
1078: MOV Address (SizeDir 32 (AddrPlus (FromReg RSP) (AddrImm 20))), Reg R13D 5
107d: TEST Reg EBP, Reg EBP 2
107f: JLE 118f (resolved immediate)
  |
  `- 1085,118f
1085: MOV Reg RDI, Reg RBX 3
1088: CALL next_extent (internal)
108d: TEST Reg RAX, Reg RAX 3
1090: MOV Reg R15, Reg RAX 3
1093: JZ 118f (resolved immediate)
  |
  `- 1099,118f
1099: MOV Reg RDI, Reg RBX 3
109c: MOV Reg R14, Address (SizeDir 64 (FromReg R15)) 3
109f: MOV Reg R12, Address (SizeDir 64 (AddrPlus (FromReg R15) (AddrImm 16))) 4
10a3: CALL fsig_filepos (external)
10a8: MOV Reg ECX, Address (SizeDir 32 (AddrPlus (FromReg RIP) (AddrImm 2105478))) 6
10ae: MOV Reg RAX, Address (SizeDir 64 (FromReg RAX)) 3
10b1: SHR Reg RAX, Reg CL 3
10b4: CMP Reg R14, Reg RAX 3
10b7: JA 11b0 (resolved immediate)
  |
  `- 10bd,11b0
10bd: LEA Reg R9, Address (AddrPlus (FromReg R14) (FromReg R12)) 4
10c1: CMP Reg RAX, Reg R9 3
10c4: JAE 11b0 (resolved immediate)
  |
  `- 10ca,11b0
10ca: MOVSXD Reg RAX, Address (SizeDir 32 (AddrPlus (FromReg RSP) (AddrImm 16))) 5
10cf: MOV Reg R12, Reg R9 3
10d2: SHL Reg R12, Reg CL 3
10d5: CMP Reg R12, Reg RAX 3
10d8: JB 1250 (resolved immediate)
  |
  `- 10de,1250
10de: XOR Reg R12D, Reg R12D 3
10e1: MOV Address (SizeDir 64 (AddrPlus (FromReg RSP) (AddrImm 8))), Reg R9 5
10e6: CALL fsig_disk_read_junk (external)
10eb: MOV Reg R13, Reg RAX 3
10ee: CALL fsig_disk_read_junk (external)
10f3: MOV Reg RCX, Address (SizeDir 64 (AddrPlus (FromReg R13) (AddrImm 0))) 4
10f7: MOV Reg RDI, Reg RBX 3
10fa: MOV Address (SizeDir 64 (FromReg RAX)), Reg RCX 3
10fd: CALL fsig_filepos (external)
1102: MOV Reg RDI, Address (SizeDir 64 (AddrPlus (FromReg R15) (AddrImm 8))) 4
1106: MOV Reg R10D, Address (SizeDir 32 (AddrPlus (FromReg RIP) (AddrImm 2105391))) 7
110d: MOV Reg R8, Reg R14 3
1110: MOV Reg ECX, Address (SizeDir 32 (AddrPlus (FromReg RIP) (AddrImm 2105374))) 6
1116: MOV Reg RDX, Address (SizeDir 64 (FromReg RAX)) 3
1119: MOV Reg R15, Address (SizeDir 64 (FromReg RSP)) 4
111d: MOV Reg RAX, Reg RDI 3
1120: SHL Reg R8, Reg CL 3
1123: MOV Reg ECX, Reg R10D 3
1126: SHR Reg RAX, Reg CL 3
1129: SUB Reg EDX, Reg R8D 3
112c: MOV Reg R8, Reg R15 3
112f: MOV Reg ESI, Reg EAX 2
1131: MOV Reg EAX, Address (SizeDir 32 (AddrPlus (FromReg RIP) (AddrImm 2105333))) 6
1137: IMUL Reg RAX, Reg RSI 4
113b: MOV Reg ESI, Address (SizeDir 32 (AddrPlus (FromReg RSP) (AddrImm 20))) 4
113f: SHL Reg ESI, Reg CL 2
1141: MOV Reg ECX, Address (SizeDir 32 (AddrPlus (FromReg RIP) (AddrImm 2105321))) 6
1147: NOT Reg ESI 2
1149: AND Reg ESI, Reg EDI 2
114b: MOV Reg RDI, Reg RBX 3
114e: ADD Reg RSI, Reg RAX 3
1151: SHL Reg RSI, Reg CL 3
1154: MOV Reg ECX, Reg EBP 2
1156: MOVSXD Reg RBP, Reg EBP 3
1159: CALL fsig_devread (external)
115e: ADD Reg R15, Reg RBP 3
1161: CALL fsig_disk_read_junk (external)
1166: MOV Reg RDI, Reg RBX 3
1169: MOV Address (SizeDir 64 (FromReg RAX)), Immediate 0 7
1170: MOV Address (SizeDir 64 (FromReg RSP)), Reg R15 4
1174: CALL fsig_filepos (external)
1179: MOV Reg R9, Address (SizeDir 64 (AddrPlus (FromReg RSP) (AddrImm 8))) 5
117e: ADD Address (SizeDir 64 (FromReg RAX)), Reg RBP 3
1181: MOV Reg EBP, Reg R12D 3
1184: TEST Reg EBP, Reg EBP 2
1186: MOV Reg R13, Reg R9 3
1189: JG 1085 (resolved immediate)
  |
  `- 1085,118f
118f: MOV Reg RDI, Reg RBX 3
1192: CALL fsig_filepos (external)
1197: MOV Reg RAX, Address (SizeDir 64 (FromReg RAX)) 3
119a: SUB Reg EAX, Address (SizeDir 32 (AddrPlus (FromReg RSP) (AddrImm 24))) 4
119e: ADD Reg RSP, Immediate 40 4
11a2: POP Reg RBX 1
11a3: POP Reg RBP 1
11a4: POP Reg R12 2
11a6: POP Reg R13 2
11a8: POP Reg R14 2
11aa: POP Reg R15 2
11ac: RET  1
  |
  `- 
11b0: CMP Reg R13, Reg R14 3
11b3: JB 11c0 (resolved immediate)
  |
  `- 11b5,11c0
11b5: LEA Reg R13, Address (AddrPlus (FromReg R14) (FromReg R12)) 4
11b9: JMP 1085 (resolved immediate)
  |
  `- 1085
11c0: MOVSXD Reg RAX, Address (SizeDir 32 (AddrPlus (FromReg RSP) (AddrImm 16))) 5
11c5: MOV Reg RDX, Reg R14 3
11c8: SHL Reg RDX, Reg CL 3
11cb: CMP Reg RDX, Reg RAX 3
11ce: JB 1220 (resolved immediate)
  |
  `- 11d0,1220
11d0: MOV Reg RDI, Reg RBX 3
11d3: MOV Reg R12D, Reg EBP 3
11d6: CALL fsig_filepos (external)
11db: MOVSXD Reg RDX, Reg EBP 3
11de: ADD Address (SizeDir 64 (FromReg RAX)), Reg RDX 3
11e1: XOR Reg EBP, Reg EBP 2
11e3: MOV Reg RSI, Address (SizeDir 64 (FromReg RSP)) 4
11e7: LEA Reg EAX, Address (AddrMinus (FromReg R12) (AddrImm 1)) 5
11ec: MOV Reg RCX, Reg RAX 3
11ef: LEA Reg RDX, Address (AddrPlus (AddrPlus (FromReg RSI) (FromReg RAX)) (AddrImm 1)) 5
11f4: MOV Reg RAX, Reg RSI 3
11f7: NOP  9
1200: ADD Reg RAX, Immediate 1 4
1204: MOV Address (SizeDir 8 (AddrMinus (FromReg RAX) (AddrImm 1))), Immediate 0 4
1208: CMP Reg RAX, Reg RDX 3
120b: JNZ 1200 (resolved immediate)
  |
  `- 1200,120d
120d: MOV Reg RAX, Address (SizeDir 64 (FromReg RSP)) 4
1211: LEA Reg RAX, Address (AddrPlus (AddrPlus (FromReg RAX) (FromReg RCX)) (AddrImm 1)) 5
1216: MOV Address (SizeDir 64 (FromReg RSP)), Reg RAX 4
121a: JMP 107d (resolved immediate)
  |
  `- 107d
1220: MOV Reg R8, Reg R14 3
1223: MOV Reg RDI, Reg RBX 3
1226: SUB Reg R8, Reg R13 3
1229: SHL Reg R8, Reg CL 3
122c: MOV Reg R14, Reg R8 3
122f: SUB Reg EBP, Reg R8D 3
1232: MOV Reg R12D, Reg R8D 3
1235: CALL fsig_filepos (external)
123a: MOVSXD Reg RDX, Reg R14D 3
123d: ADD Address (SizeDir 64 (FromReg RAX)), Reg RDX 3
1240: TEST Reg R14D, Reg R14D 3
1243: JNZ 11e3 (resolved immediate)
  |
  `- 11e3,1245
1245: JMP 107d (resolved immediate)
  |
  `- 107d
1250: MOV Reg RDI, Reg RBX 3
1253: MOV Address (SizeDir 64 (AddrPlus (FromReg RSP) (AddrImm 8))), Reg R9 5
1258: CALL fsig_filepos (external)
125d: MOV Reg EDX, Reg R12D 3
1260: SUB Reg EDX, Address (SizeDir 32 (FromReg RAX)) 2
1262: MOV Reg R9, Address (SizeDir 64 (AddrPlus (FromReg RSP) (AddrImm 8))) 5
1267: SUB Reg EBP, Reg EDX 2
1269: MOV Reg R12D, Reg EBP 3
126c: MOV Reg EBP, Reg EDX 2
126e: JMP 10e1 (resolved immediate)
  |
  `- 10e1
1278: MOV Reg RDI, Reg RBX 3
127b: MOVSXD Reg R12, Reg EBP 3
127e: CALL fsig_file_buf (external)
1283: MOV Reg RDI, Reg RBX 3
1286: MOV Reg R13, Reg RAX 3
1289: CALL fsig_filepos (external)
128e: MOV Reg RAX, Address (SizeDir 64 (FromReg RAX)) 3
1291: MOV Reg RDI, Address (SizeDir 64 (FromReg RSP)) 4
1295: MOV Reg RDX, Reg R12 3
1298: LEA Reg RSI, Address (AddrPlus (AddrPlus (FromReg R13) (FromReg RAX)) (AddrImm 8292)) 8
12a0: CALL memmove (external)
12a5: MOV Reg RDI, Reg RBX 3
12a8: CALL fsig_filepos (external)
12ad: ADD Address (SizeDir 64 (FromReg RAX)), Reg R12 3
12b0: ADD Reg RSP, Immediate 40 4
12b4: MOV Reg EAX, Reg EBP 2
12b6: POP Reg RBX 1
12b7: POP Reg RBP 1
12b8: POP Reg R12 2
12ba: POP Reg R13 2
12bc: POP Reg R14 2
12be: POP Reg R15 2
12c0: RET  1
  |
  `- 
12d0: MOV Reg EAX, Address (SizeDir 32 (AddrPlus (FromReg RIP) (AddrImm 2104998))) 6
12d6: CMP Address (SizeDir 32 (AddrPlus (FromReg RIP) (AddrImm 2104988))), Reg EAX 6
12dc: PUSH Reg R12 2
12de: MOV Reg R12, Reg RSI 3
12e1: PUSH Reg RBP 1
12e2: PUSH Reg RBX 1
12e3: MOV Reg RBX, Reg RDI 3
12e6: JL 134e (resolved immediate)
  |
  `- 12e8,134e
12e8: MOV Reg EAX, Address (SizeDir 32 (AddrPlus (FromReg RIP) (AddrImm 2104938))) 6
12ee: TEST Reg EAX, Reg EAX 2
12f0: JZ 1510 (resolved immediate)
  |
  `- 12f6,1510
12f6: MOV Address (SizeDir 32 (AddrPlus (FromReg RIP) (AddrImm 2104928))), Reg EAX 6
12fc: CALL xfs_dabread (internal)
  |
  `- f70
1301: MOV Reg RDI, Reg RBX 3
1304: CALL fsig_file_buf (external)
1309: MOVZX Reg EBP, Address (SizeDir 16 (AddrPlus (FromReg RAX) (AddrImm 12))) 4
130d: MOV Reg RDI, Reg RBX 3
1310: MOV Reg EAX, Reg EBP 2
1312: XCHG Reg AH, Reg AL 2
1314: MOVZX Reg EBP, Reg AX 3
1317: CALL fsig_file_buf (external)
131c: MOVZX Reg EAX, Address (SizeDir 16 (AddrPlus (FromReg RAX) (AddrImm 14))) 4
1320: MOV Reg RDI, Reg RBX 3
1323: XCHG Reg AH, Reg AL 2
1325: MOVZX Reg EAX, Reg AX 3
1328: SUB Reg EBP, Reg EAX 2
132a: MOV Address (SizeDir 32 (AddrPlus (FromReg RIP) (AddrImm 2104908))), Reg EBP 6
1330: CALL fsig_file_buf (external)
1335: MOV Address (SizeDir 32 (AddrPlus (FromReg RIP) (AddrImm 2104889))), Immediate 0 10
133f: MOV Reg EAX, Address (SizeDir 32 (FromReg RAX)) 2
1341: XCHG Reg AH, Reg AL 2
1343: ROL Reg EAX, Immediate 16 3
1346: XCHG Reg AH, Reg AL 2
1348: MOV Address (SizeDir 32 (AddrPlus (FromReg RIP) (AddrImm 2104842))), Reg EAX 6
134e: MOV Reg RDI, Reg RBX 3
1351: CALL fsig_file_buf (external)
1356: MOVZX Reg EAX, Address (SizeDir 8 (AddrPlus (FromReg RAX) (AddrImm 8197))) 7
135d: CMP Reg AL, Immediate 1 2
135f: JZ 1478 (resolved immediate)
  |
  `- 1365,1478
1365: JL 1460 (resolved immediate)
  |
  `- 136b,1460
136b: CMP Reg AL, Immediate 3 2
136d: JG 1460 (resolved immediate)
  |
  `- 1373,1460
1373: MOV Reg EAX, Address (SizeDir 32 (AddrPlus (FromReg RIP) (AddrImm 2104747))) 6
1379: CMP Address (SizeDir 32 (AddrPlus (FromReg RIP) (AddrImm 2104833))), Reg EAX 6
137f: JGE 1520 (resolved immediate)
  |
  `- 1385,1520
1385: MOV Reg RDI, Reg RBX 3
1388: CALL fsig_file_buf (external)
138d: MOV Reg EDX, Immediate 4 5
1392: MOV Reg RSI, Reg RAX 3
1395: MOV Reg RDI, Reg RBX 3
1398: CALL xfs_read (internal)
  |
  `- 139d,1020
139d: MOV Reg RDI, Reg RBX 3
13a0: ADD Address (SizeDir 32 (AddrPlus (FromReg RIP) (AddrImm 2104793))), Immediate 4 7
13a7: CALL fsig_file_buf (external)
13ac: CMP Address (SizeDir 16 (FromReg RAX)), Immediate 65535 4
13b0: MOV Reg RDI, Reg RBX 3
13b3: JZ 1608 (resolved immediate)
  |
  `- 13b9,1608
13b9: CALL fsig_file_buf (external)
13be: LEA Reg RSI, Address (AddrPlus (FromReg RAX) (AddrImm 4)) 4
13c2: MOV Reg EDX, Immediate 5 5
13c7: MOV Reg RDI, Reg RBX 3
13ca: CALL xfs_read (internal)
13cf: MOV Reg RDI, Reg RBX 3
13d2: CALL fsig_file_buf (external)
13d7: MOV Reg RAX, Address (SizeDir 64 (FromReg RAX)) 3
13da: MOV Reg RDI, Reg RBX 3
13dd: MOV Reg EDX, Reg EAX 2
13df: SHR Reg RAX, Immediate 32 4
13e3: XCHG Reg DH, Reg DL 2
13e5: ROL Reg EDX, Immediate 16 3
13e8: XCHG Reg DH, Reg DL 2
13ea: XCHG Reg AH, Reg AL 2
13ec: ROL Reg EAX, Immediate 16 3
13ef: XCHG Reg AH, Reg AL 2
13f1: SHL Reg RDX, Immediate 32 4
13f5: MOV Reg EAX, Reg EAX 2
13f7: OR Reg RAX, Reg RDX 3
13fa: MOV Address (SizeDir 64 (FromReg R12)), Reg RAX 4
13fe: CALL fsig_file_buf (external)
1403: MOVZX Reg R12D, Address (SizeDir 8 (AddrPlus (FromReg RAX) (AddrImm 8))) 5
1408: MOV Reg RDI, Reg RBX 3
140b: CALL fsig_file_buf (external)
1410: MOV Reg RDI, Reg RBX 3
1413: MOV Reg RSI, Reg RAX 3
1416: MOV Reg EBP, Reg R12D 3
1419: ADD Reg R12D, Immediate 18 4
141d: AND Reg R12D, Immediate 4294967288 4
1421: LEA Reg EDX, Address (AddrMinus (FromReg R12) (AddrImm 9)) 5
1426: CALL xfs_read (internal)
142b: MOV Reg RDI, Reg RBX 3
142e: CALL fsig_file_buf (external)
1433: MOV Reg EDX, Address (SizeDir 32 (AddrPlus (FromReg RIP) (AddrImm 2104647))) 6
1439: MOVZX Reg ECX, Reg BPL 4
143d: LEA Reg EDX, Address (AddrMinus (AddrPlus (FromReg R12) (FromReg RDX)) (AddrImm 4)) 5
1442: MOV Address (SizeDir 32 (AddrPlus (FromReg RIP) (AddrImm 2104632))), Reg EDX 6
1448: MOV Reg EDX, Address (SizeDir 32 (AddrPlus (FromReg RIP) (AddrImm 2104618))) 6
144e: ADD Reg EDX, Immediate 1 3
1451: MOV Address (SizeDir 8 (AddrPlus (FromReg RAX) (FromReg RCX))), Immediate 0 4
1455: POP Reg RBX 1
1456: MOV Address (SizeDir 32 (AddrPlus (FromReg RIP) (AddrImm 2104604))), Reg EDX 6
145c: POP Reg RBP 1
145d: POP Reg R12 2
145f: RET  1
  |
  `- 
1460: MOV Reg EDX, Address (SizeDir 32 (AddrPlus (FromReg RIP) (AddrImm 2104594))) 6
1466: MOV Reg ECX, Immediate 1 5
146b: LEA Reg RAX, Address (AddrPlus (FromReg RIP) (AddrImm 2104342)) 7
1472: JMP 144e (resolved immediate)
  |
  `- 144e
1478: MOV Reg EDX, Address (SizeDir 32 (AddrPlus (FromReg RIP) (AddrImm 2104570))) 6
147e: CMP Reg EDX, Immediate 4294967294 3
1481: JZ 14f0 (resolved immediate)
  |
  `- 1483,14f0
1483: CMP Reg EDX, Immediate 4294967295 3
1486: JNZ 1560 (resolved immediate)
  |
  `- 148c,1560
148c: MOV Reg EAX, Address (SizeDir 32 (AddrPlus (FromReg RIP) (AddrImm 2104546))) 6
1492: MOV Reg RDI, Reg RBX 3
1495: TEST Reg EAX, Reg EAX 2
1497: JZ 15a8 (resolved immediate)
  |
  `- 149d,15a8
149d: CALL fsig_file_buf (external)
14a2: MOV Reg EAX, Address (SizeDir 32 (AddrPlus (FromReg RAX) (AddrImm 8294))) 6
14a8: XCHG Reg AH, Reg AL 2
14aa: ROL Reg EAX, Immediate 16 3
14ad: XCHG Reg AH, Reg AL 2
14af: MOV Reg EAX, Reg EAX 2
14b1: MOV Address (SizeDir 64 (FromReg R12)), Reg RAX 4
14b5: MOV Reg RDI, Reg RBX 3
14b8: CALL fsig_file_buf (external)
14bd: MOVSXD Reg RDX, Address (SizeDir 32 (AddrPlus (FromReg RIP) (AddrImm 2104496))) 7
14c4: MOV Reg ECX, Immediate 2 5
14c9: SUB Reg RAX, Reg RDX 3
14cc: MOV Reg EDX, Address (SizeDir 32 (AddrPlus (FromReg RIP) (AddrImm 2104486))) 6
14d2: ADD Reg RAX, Immediate 8302 6
14d8: MOV Address (SizeDir 64 (AddrPlus (FromReg RIP) (AddrImm 2104321))), Reg RAX 7
14df: LEA Reg RAX, Address (AddrPlus (FromReg RIP) (AddrImm 2104227)) 7
14e6: JMP 144e (resolved immediate)
  |
  `- 144e
14f0: MOV Address (SizeDir 64 (FromReg R12)), Immediate 0 8
14f8: MOV Reg ECX, Immediate 1 5
14fd: LEA Reg RAX, Address (AddrPlus (FromReg RIP) (AddrImm 2104196)) 7
1504: JMP 144e (resolved immediate)
  |
  `- 144e
1510: POP Reg RBX 1
1511: XOR Reg EAX, Reg EAX 2
1513: POP Reg RBP 1
1514: POP Reg R12 2
1516: RET  1
  |
  `- 
1520: MOV Reg RDI, Reg RBX 3
1523: MOV Address (SizeDir 32 (AddrPlus (FromReg RIP) (AddrImm 2104403))), Immediate 16 10
152d: CALL fsig_filepos (external)
1532: MOV Reg EDX, Address (SizeDir 32 (AddrPlus (FromReg RIP) (AddrImm 2104300))) 6
1538: MOV Reg RDI, Reg RBX 3
153b: NEG Reg EDX 2
153d: MOVSXD Reg RDX, Reg EDX 3
1540: AND Address (SizeDir 64 (FromReg RAX)), Reg RDX 3
1543: CALL fsig_filepos (external)
1548: MOVSXD Reg RDX, Address (SizeDir 32 (AddrPlus (FromReg RIP) (AddrImm 2104369))) 7
154f: OR Address (SizeDir 64 (FromReg RAX)), Reg RDX 3
1552: JMP 1385 (resolved immediate)
  |
  `- 1385
1560: MOV Reg RSI, Address (SizeDir 64 (AddrPlus (FromReg RIP) (AddrImm 2104185))) 7
1567: MOVSXD Reg RDI, Address (SizeDir 32 (AddrPlus (FromReg RIP) (AddrImm 2104326))) 7
156e: MOVZX Reg ECX, Address (SizeDir 8 (FromReg RSI)) 3
1571: TEST Reg EDI, Reg EDI 2
1573: LEA Reg RAX, Address (AddrPlus (AddrPlus (FromReg RSI) (FromReg RCX)) (AddrImm 3)) 5
1578: JZ 15e0 (resolved immediate)
  |
  `- 157a,15e0
157a: MOV Reg EAX, Address (SizeDir 32 (FromReg RAX)) 2
157c: XCHG Reg AH, Reg AL 2
157e: ROL Reg EAX, Immediate 16 3
1581: XCHG Reg AH, Reg AL 2
1583: MOV Reg EAX, Reg EAX 2
1585: MOV Reg RBX, Reg RCX 3
1588: MOV Address (SizeDir 64 (FromReg R12)), Reg RAX 4
158c: LEA Reg RAX, Address (AddrPlus (FromReg RSI) (AddrImm 3)) 4
1590: SUB Reg RBX, Reg RDI 3
1593: LEA Reg RSI, Address (AddrPlus (AddrPlus (FromReg RSI) (FromReg RBX)) (AddrImm 11)) 5
1598: MOV Address (SizeDir 64 (AddrPlus (FromReg RIP) (AddrImm 2104129))), Reg RSI 7
159f: JMP 144e (resolved immediate)
  |
  `- 144e
15a8: CALL fsig_file_buf (external)
15ad: MOV Reg RDX, Address (SizeDir 64 (AddrPlus (FromReg RAX) (AddrImm 8294))) 7
15b4: MOV Reg EAX, Reg EDX 2
15b6: SHR Reg RDX, Immediate 32 4
15ba: XCHG Reg AH, Reg AL 2
15bc: ROL Reg EAX, Immediate 16 3
15bf: XCHG Reg AH, Reg AL 2
15c1: XCHG Reg DH, Reg DL 2
15c3: ROL Reg EDX, Immediate 16 3
15c6: XCHG Reg DH, Reg DL 2
15c8: SHL Reg RAX, Immediate 32 4
15cc: MOV Reg EDX, Reg EDX 2
15ce: OR Reg RAX, Reg RDX 3
15d1: JMP 14b1 (resolved immediate)
  |
  `- 14b1
15e0: MOV Reg RBX, Address (SizeDir 64 (FromReg RAX)) 3
15e3: MOV Reg EAX, Reg EBX 2
15e5: SHR Reg RBX, Immediate 32 4
15e9: XCHG Reg AH, Reg AL 2
15eb: ROL Reg EAX, Immediate 16 3
15ee: XCHG Reg AH, Reg AL 2
15f0: XCHG Reg BH, Reg BL 2
15f2: ROL Reg EBX, Immediate 16 3
15f5: XCHG Reg BH, Reg BL 2
15f7: SHL Reg RAX, Immediate 32 4
15fb: MOV Reg EBX, Reg EBX 2
15fd: OR Reg RAX, Reg RBX 3
1600: JMP 1585 (resolved immediate)
  |
  `- 1585
1608: CALL fsig_file_buf (external)
160d: MOVZX Reg EAX, Address (SizeDir 16 (AddrPlus (FromReg RAX) (AddrImm 2))) 4
1611: MOV Reg RDI, Reg RBX 3
1614: XCHG Reg AH, Reg AL 2
1616: MOVZX Reg EBP, Reg AX 3
1619: ADD Reg EBP, Immediate 7 3
161c: AND Reg EBP, Immediate 4294967288 3
161f: SUB Reg EBP, Immediate 4 3
1622: ADD Address (SizeDir 32 (AddrPlus (FromReg RIP) (AddrImm 2104152))), Reg EBP 6
1628: CALL fsig_filepos (external)
162d: MOVSXD Reg RBP, Reg EBP 3
1630: ADD Address (SizeDir 64 (FromReg RAX)), Reg RBP 3
1633: JMP 1373 (resolved immediate)
  |
  `- 1373
