Number of assembly instructions     = 290
Number of indirect branches         = 0
Number of unresolved indirect jumps = 0: 
Number of unresolved indirect calls = 0: 
Number of symbolic states (representative of non-determinism): 290
Number of edges: 297

a00 (True): f88
db0 (True): f7c
f70 (False): 0

a00: PUSH Reg RBX 1
a01: MOV Reg RBX, Reg RDI 3
a04: SUB Reg RSP, Immediate 32 4
a08: MOV Reg RAX, Address (SizeDir 64 (AddrPlus (FromReg FS) (AddrImm 40))) 9
a11: MOV Address (SizeDir 64 (AddrPlus (FromReg RSP) (AddrImm 24))), Reg RAX 5
a16: XOR Reg EAX, Reg EAX 2
a18: CALL fsig_file_buf (external)
a1d: MOVZX Reg EAX, Address (SizeDir 8 (AddrPlus (FromReg RAX) (AddrImm 8197))) 7
a24: CMP Reg AL, Immediate 2 2
a26: JZ c00 (resolved immediate)
  |
  `- a2c,c00
a2c: CMP Reg AL, Immediate 3 2
a2e: JZ b08 (resolved immediate)
  |
  `- a34,b08
a34: MOV Reg RAX, Address (SizeDir 64 (AddrPlus (FromReg RIP) (AddrImm 2107173))) 7
a3b: MOV Reg ESI, Address (SizeDir 32 (AddrPlus (FromReg RIP) (AddrImm 2107139))) 6
a41: MOV Reg EDX, Address (SizeDir 32 (FromReg RAX)) 2
a43: MOV Reg RDI, Immediate 18014398501093376 10
a4d: MOV Reg ECX, Address (SizeDir 32 (AddrPlus (FromReg RAX) (AddrImm 4))) 3
a50: XCHG Reg DH, Reg DL 2
a52: ROL Reg EDX, Immediate 16 3
a55: XCHG Reg DH, Reg DL 2
a57: SHL Reg RDX, Immediate 23 4
a5b: MOV Reg EBX, Address (SizeDir 32 (AddrPlus (FromReg RAX) (AddrImm 12))) 3
a5e: ADD Reg RAX, Immediate 16 4
a62: AND Reg RDX, Reg RDI 3
a65: MOV Reg RDI, Immediate 4494803534348288 10
a6f: SUB Reg ESI, Immediate 1 3
a72: XCHG Reg CH, Reg CL 2
a74: ROL Reg ECX, Immediate 16 3
a77: XCHG Reg CH, Reg CL 2
a79: SHR Reg ECX, Immediate 9 3
a7c: MOV Address (SizeDir 32 (AddrPlus (FromReg RIP) (AddrImm 2107074))), Reg ESI 6
a82: OR Reg RDX, Reg RCX 3
a85: MOV Address (SizeDir 64 (AddrPlus (FromReg RIP) (AddrImm 2106980))), Reg RDX 7
a8c: MOV Reg EDX, Address (SizeDir 32 (AddrMinus (FromReg RAX) (AddrImm 8))) 3
a8f: XCHG Reg DH, Reg DL 2
a91: ROL Reg EDX, Immediate 16 3
a94: XCHG Reg DH, Reg DL 2
a96: MOV Reg EDX, Reg EDX 2
a98: MOV Reg ECX, Address (SizeDir 32 (AddrMinus (FromReg RAX) (AddrImm 12))) 3
a9b: XCHG Reg BH, Reg BL 2
a9d: ROL Reg EBX, Immediate 16 3
aa0: XCHG Reg BH, Reg BL 2
aa2: XCHG Reg CH, Reg CL 2
aa4: ROL Reg ECX, Immediate 16 3
aa7: XCHG Reg CH, Reg CL 2
aa9: SHL Reg RDX, Immediate 11 4
aad: SHR Reg EBX, Immediate 21 3
ab0: SHL Reg RCX, Immediate 43 4
ab4: AND Reg RCX, Reg RDI 3
ab7: OR Reg RDX, Reg RBX 3
aba: OR Reg RDX, Reg RCX 3
abd: MOV Address (SizeDir 64 (AddrPlus (FromReg RIP) (AddrImm 2106932))), Reg RDX 7
ac4: MOV Reg EDX, Address (SizeDir 32 (AddrMinus (FromReg RAX) (AddrImm 4))) 3
ac7: XCHG Reg DH, Reg DL 2
ac9: ROL Reg EDX, Immediate 16 3
acc: XCHG Reg DH, Reg DL 2
ace: AND Reg EDX, Immediate 2097151 6
ad4: MOV Address (SizeDir 64 (AddrPlus (FromReg RIP) (AddrImm 2107013))), Reg RAX 7
adb: LEA Reg RAX, Address (AddrPlus (FromReg RIP) (AddrImm 2106894)) 7
ae2: MOV Reg EDI, Reg EDX 2
ae4: MOV Address (SizeDir 64 (AddrPlus (FromReg RIP) (AddrImm 2106901))), Reg RDI 7
aeb: MOV Reg RSI, Address (SizeDir 64 (AddrPlus (FromReg RSP) (AddrImm 24))) 5
af0: XOR Reg RSI, Address (SizeDir 64 (AddrPlus (FromReg FS) (AddrImm 40))) 9
af9: JNZ c27 (resolved immediate)
  |
  `- aff,c27
aff: ADD Reg RSP, Immediate 32 4
b03: POP Reg RBX 1
b04: RET  1
  |
  `- 
b08: MOV Reg EAX, Address (SizeDir 32 (AddrPlus (FromReg RIP) (AddrImm 2106934))) 6
b0e: TEST Reg EAX, Reg EAX 2
b10: JNZ bb1 (resolved immediate)
  |
  `- b16,bb1
b16: MOV Reg RSI, Address (SizeDir 64 (AddrPlus (FromReg RIP) (AddrImm 2106923))) 7
b1d: TEST Reg RSI, Reg RSI 3
b20: JZ c20 (resolved immediate)
  |
  `- b26,c20
b26: MOV Reg ECX, Immediate 24 5
b2b: XOR Reg EDX, Reg EDX 2
b2d: MOV Reg R8, Reg RSP 3
b30: MOV Reg RDI, Reg RBX 3
b33: MOV Address (SizeDir 64 (AddrPlus (FromReg RIP) (AddrImm 2106902))), Reg RSI 7
b3a: CALL fsig_devread (external)
b3f: MOVZX Reg EAX, Address (SizeDir 16 (AddrPlus (FromReg RSP) (AddrImm 6))) 5
b44: MOV Reg ECX, Address (SizeDir 32 (AddrPlus (FromReg RIP) (AddrImm 2106866))) 6
b4a: XCHG Reg AH, Reg AL 2
b4c: MOVZX Reg EAX, Reg AX 3
b4f: MOV Reg ESI, Address (SizeDir 32 (AddrPlus (FromReg RIP) (AddrImm 2106839))) 6
b55: MOV Address (SizeDir 32 (AddrPlus (FromReg RIP) (AddrImm 2106917))), Immediate 24 10
b5f: MOV Address (SizeDir 32 (AddrPlus (FromReg RIP) (AddrImm 2106847))), Reg EAX 6
b65: MOV Reg RAX, Address (SizeDir 64 (AddrPlus (FromReg RSP) (AddrImm 16))) 5
b6a: MOV Reg EDX, Reg EAX 2
b6c: SHR Reg RAX, Immediate 32 4
b70: XCHG Reg DH, Reg DL 2
b72: ROL Reg EDX, Immediate 16 3
b75: XCHG Reg DH, Reg DL 2
b77: XCHG Reg AH, Reg AL 2
b79: ROL Reg EAX, Immediate 16 3
b7c: XCHG Reg AH, Reg AL 2
b7e: SHL Reg RDX, Immediate 32 4
b82: MOV Reg EAX, Reg EAX 2
b84: OR Reg RAX, Reg RDX 3
b87: MOV Reg RDX, Reg RAX 3
b8a: SHR Reg RDX, Reg CL 3
b8d: MOV Reg EDX, Reg EDX 2
b8f: IMUL Reg RDX, Reg RSI 4
b93: MOV Reg ESI, Immediate 4294967295 5
b98: SHL Reg ESI, Reg CL 2
b9a: MOV Reg ECX, Address (SizeDir 32 (AddrPlus (FromReg RIP) (AddrImm 2106768))) 6
ba0: NOT Reg ESI 2
ba2: AND Reg EAX, Reg ESI 2
ba4: ADD Reg RAX, Reg RDX 3
ba7: SHL Reg RAX, Reg CL 3
baa: MOV Address (SizeDir 64 (AddrPlus (FromReg RIP) (AddrImm 2106775))), Reg RAX 7
bb1: MOV Reg RDI, Reg RBX 3
bb4: CALL fsig_file_buf (external)
bb9: MOV Reg ESI, Address (SizeDir 32 (AddrPlus (FromReg RIP) (AddrImm 2106769))) 6
bbf: MOV Reg EDX, Address (SizeDir 32 (AddrPlus (FromReg RIP) (AddrImm 2106815))) 6
bc5: LEA Reg R8, Address (AddrPlus (FromReg RAX) (AddrImm 4096)) 7
bcc: MOV Reg ECX, Immediate 16 5
bd1: MOV Reg RDI, Reg RBX 3
bd4: CALL fsig_devread (external)
bd9: MOV Reg RDI, Reg RBX 3
bdc: CALL fsig_file_buf (external)
be1: ADD Address (SizeDir 32 (AddrPlus (FromReg RIP) (AddrImm 2106780))), Immediate 16 7
be8: ADD Reg RAX, Immediate 4096 6
bee: MOV Reg ESI, Address (SizeDir 32 (AddrPlus (FromReg RIP) (AddrImm 2106704))) 6
bf4: JMP a41 (resolved immediate)
  |
  `- a41
c00: MOV Reg ESI, Address (SizeDir 32 (AddrPlus (FromReg RIP) (AddrImm 2106686))) 6
c06: TEST Reg ESI, Reg ESI 2
c08: JZ c20 (resolved immediate)
  |
  `- c0a,c20
c0a: MOV Reg RAX, Address (SizeDir 64 (AddrPlus (FromReg RIP) (AddrImm 2106703))) 7
c11: JMP a41 (resolved immediate)
  |
  `- a41
c20: XOR Reg EAX, Reg EAX 2
c22: JMP aeb (resolved immediate)
  |
  `- aeb
c27: CALL __stack_chk_fail (external)
  |
  `- 
db0: PUSH Reg R13 2
db2: PUSH Reg R12 2
db4: PUSH Reg RBP 1
db5: PUSH Reg RBX 1
db6: MOV Reg RBX, Reg RDI 3
db9: SUB Reg RSP, Immediate 56 4
dbd: MOV Reg RAX, Address (SizeDir 64 (AddrPlus (FromReg FS) (AddrImm 40))) 9
dc6: MOV Address (SizeDir 64 (AddrPlus (FromReg RSP) (AddrImm 40))), Reg RAX 5
dcb: XOR Reg EAX, Reg EAX 2
dcd: CALL fsig_file_buf (external)
dd2: MOVZX Reg EAX, Address (SizeDir 8 (AddrPlus (FromReg RAX) (AddrImm 8197))) 7
dd9: CMP Reg AL, Immediate 2 2
ddb: JZ f30 (resolved immediate)
  |
  `- de1,f30
de1: CMP Reg AL, Immediate 3 2
de3: JNZ f0d (resolved immediate)
  |
  `- de9,f0d
de9: MOV Reg RAX, Address (SizeDir 64 (AddrPlus (FromReg RIP) (AddrImm 2106232))) 7
df0: LEA Reg R12, Address (AddrPlus (FromReg RSP) (AddrImm 16)) 5
df5: MOV Reg EBP, Immediate 4294967295 5
dfa: LEA Reg R13, Address (AddrPlus (FromReg RSP) (AddrImm 8)) 5
dff: MOV Address (SizeDir 64 (AddrPlus (FromReg RSP) (AddrImm 8))), Reg RAX 5
e04: JMP e31 (resolved immediate)
  |
  `- e31
e10: MOV Reg EDX, Address (SizeDir 32 (AddrPlus (FromReg RIP) (AddrImm 2106202))) 6
e16: MOV Reg ESI, Address (SizeDir 32 (AddrPlus (FromReg RIP) (AddrImm 2106164))) 6
  |
  `- 
e31: MOV Reg ECX, Address (SizeDir 32 (AddrPlus (FromReg RIP) (AddrImm 2106117))) 6
e37: MOV Reg EDX, Reg EAX 2
e39: SHR Reg RAX, Immediate 32 4
e3d: XCHG Reg DH, Reg DL 2
e3f: ROL Reg EDX, Immediate 16 3
e42: XCHG Reg DH, Reg DL 2
e44: XCHG Reg AH, Reg AL 2
e46: ROL Reg EAX, Immediate 16 3
e49: XCHG Reg AH, Reg AL 2
e4b: SHL Reg RDX, Immediate 32 4
e4f: MOV Reg EAX, Reg EAX 2
e51: MOV Reg R8, Reg R12 3
e54: OR Reg RAX, Reg RDX 3
e57: MOV Reg RDI, Reg RBX 3
e5a: MOV Reg RDX, Reg RAX 3
e5d: SHR Reg RDX, Reg CL 3
e60: MOV Reg ESI, Reg EDX 2
e62: MOV Reg EDX, Address (SizeDir 32 (AddrPlus (FromReg RIP) (AddrImm 2106052))) 6
e68: IMUL Reg RDX, Reg RSI 4
e6c: MOV Reg ESI, Reg EBP 2
e6e: SHL Reg ESI, Reg CL 2
e70: MOV Reg ECX, Address (SizeDir 32 (AddrPlus (FromReg RIP) (AddrImm 2106042))) 6
e76: NOT Reg ESI 2
e78: AND Reg EAX, Reg ESI 2
e7a: LEA Reg RSI, Address (AddrPlus (FromReg RDX) (FromReg RAX)) 4
e7e: XOR Reg EDX, Reg EDX 2
e80: SHL Reg RSI, Reg CL 3
e83: MOV Reg ECX, Immediate 24 5
e88: MOV Address (SizeDir 64 (AddrPlus (FromReg RIP) (AddrImm 2106049))), Reg RSI 7
e8f: CALL fsig_devread (external)
e94: CMP Address (SizeDir 16 (AddrPlus (FromReg RSP) (AddrImm 20))), Immediate 0 6
e9a: JNZ e10 (resolved immediate)
  |
  `- e10,ea0
ea0: MOVZX Reg EAX, Address (SizeDir 16 (AddrPlus (FromReg RSP) (AddrImm 22))) 5
ea5: MOV Reg ECX, Address (SizeDir 32 (AddrPlus (FromReg RIP) (AddrImm 2106001))) 6
eab: XCHG Reg AH, Reg AL 2
ead: MOVZX Reg EAX, Reg AX 3
eb0: MOV Reg ESI, Address (SizeDir 32 (AddrPlus (FromReg RIP) (AddrImm 2105974))) 6
eb6: MOV Address (SizeDir 32 (AddrPlus (FromReg RIP) (AddrImm 2106052))), Immediate 24 10
ec0: MOV Address (SizeDir 32 (AddrPlus (FromReg RIP) (AddrImm 2105982))), Reg EAX 6
ec6: MOV Reg RAX, Address (SizeDir 64 (AddrPlus (FromReg RSP) (AddrImm 32))) 5
ecb: SHL Reg EBP, Reg CL 2
ecd: NOT Reg EBP 2
ecf: MOV Reg EDX, Reg EAX 2
ed1: SHR Reg RAX, Immediate 32 4
ed5: XCHG Reg DH, Reg DL 2
ed7: ROL Reg EDX, Immediate 16 3
eda: XCHG Reg DH, Reg DL 2
edc: XCHG Reg AH, Reg AL 2
ede: ROL Reg EAX, Immediate 16 3
ee1: XCHG Reg AH, Reg AL 2
ee3: SHL Reg RDX, Immediate 32 4
ee7: MOV Reg EAX, Reg EAX 2
ee9: OR Reg RAX, Reg RDX 3
eec: MOV Reg RDX, Reg RAX 3
eef: AND Reg EBP, Reg EAX 2
ef1: SHR Reg RDX, Reg CL 3
ef4: MOV Reg ECX, Address (SizeDir 32 (AddrPlus (FromReg RIP) (AddrImm 2105910))) 6
efa: MOV Reg EDX, Reg EDX 2
efc: IMUL Reg RDX, Reg RSI 4
f00: ADD Reg RBP, Reg RDX 3
f03: SHL Reg RBP, Reg CL 3
f06: MOV Address (SizeDir 64 (AddrPlus (FromReg RIP) (AddrImm 2105915))), Reg RBP 7
f0d: MOV Reg RAX, Address (SizeDir 64 (AddrPlus (FromReg RSP) (AddrImm 40))) 5
f12: XOR Reg RAX, Address (SizeDir 64 (AddrPlus (FromReg FS) (AddrImm 40))) 9
f1b: JNZ f62 (resolved immediate)
  |
  `- f1d,f62
f1d: ADD Reg RSP, Immediate 56 4
f21: POP Reg RBX 1
f22: POP Reg RBP 1
f23: POP Reg R12 2
f25: POP Reg R13 2
f27: RET  1
  |
  `- 
f30: MOV Reg RDI, Reg RBX 3
f33: CALL fsig_file_buf (external)
f38: MOV Reg RDI, Reg RBX 3
f3b: ADD Reg RAX, Immediate 8292 6
f41: MOV Address (SizeDir 64 (AddrPlus (FromReg RIP) (AddrImm 2105880))), Reg RAX 7
f48: CALL fsig_file_buf (external)
f4d: MOV Reg EAX, Address (SizeDir 32 (AddrPlus (FromReg RAX) (AddrImm 8268))) 6
f53: XCHG Reg AH, Reg AL 2
f55: ROL Reg EAX, Immediate 16 3
f58: XCHG Reg AH, Reg AL 2
f5a: MOV Address (SizeDir 32 (AddrPlus (FromReg RIP) (AddrImm 2105828))), Reg EAX 6
f60: JMP f0d (resolved immediate)
  |
  `- f0d
f62: CALL __stack_chk_fail (external)
  |
  `- 
f70: PUSH Reg R12 2
f72: PUSH Reg RBP 1
f73: MOV Reg R12, Reg RDI 3
f76: PUSH Reg RBX 1
f77: CALL init_extents (internal)
  |
  `- db0
f7c: NOP  4
f80: MOV Reg RDI, Reg R12 3
f83: CALL next_extent (internal)
  |
  `- f88,a00
f88: TEST Reg RAX, Reg RAX 3
f8b: MOV Reg RBX, Reg RAX 3
f8e: JZ 1010 (resolved immediate)
  |
  `- f94,1010
f94: MOV Reg EAX, Address (SizeDir 32 (AddrPlus (FromReg RIP) (AddrImm 2105794))) 6
f9a: MOV Reg RBP, Address (SizeDir 64 (FromReg RBX)) 3
f9d: CMP Reg RAX, Reg RBP 3
fa0: JB f80 (resolved immediate)
  |
  `- f80,fa2
fa2: MOV Reg RDX, Address (SizeDir 64 (AddrPlus (FromReg RBX) (AddrImm 16))) 4
fa6: ADD Reg RDX, Reg RBP 3
fa9: CMP Reg RAX, Reg RDX 3
fac: JAE f80 (resolved immediate)
  |
  `- f80,fae
fae: MOV Reg RDI, Reg R12 3
fb1: CALL fsig_file_buf (external)
fb6: MOV Reg RSI, Address (SizeDir 64 (AddrPlus (FromReg RBX) (AddrImm 8))) 4
fba: MOV Reg R9D, Address (SizeDir 32 (AddrPlus (FromReg RIP) (AddrImm 2105755))) 7
fc1: MOV Reg EDI, Immediate 4294967295 5
fc6: MOV Reg ECX, Address (SizeDir 32 (AddrPlus (FromReg RIP) (AddrImm 2105712))) 6
fcc: MOV Reg R8, Reg RAX 3
fcf: POP Reg RBX 1
fd0: SUB Reg RSI, Reg RBP 3
fd3: ADD Reg R9, Reg RSI 3
fd6: MOV Reg RDX, Reg R9 3
fd9: SHR Reg RDX, Reg CL 3
fdc: MOV Reg ESI, Reg EDX 2
fde: MOV Reg EDX, Address (SizeDir 32 (AddrPlus (FromReg RIP) (AddrImm 2105672))) 6
fe4: POP Reg RBP 1
fe5: IMUL Reg RDX, Reg RSI 4
fe9: MOV Reg ESI, Reg EDI 2
feb: MOV Reg RDI, Reg R12 3
fee: SHL Reg ESI, Reg CL 2
ff0: MOV Reg ECX, Address (SizeDir 32 (AddrPlus (FromReg RIP) (AddrImm 2105658))) 6
ff6: NOT Reg ESI 2
ff8: POP Reg R12 2
ffa: AND Reg ESI, Reg R9D 3
ffd: ADD Reg RSI, Reg RDX 3
1000: XOR Reg EDX, Reg EDX 2
1002: SHL Reg RSI, Reg CL 3
1005: MOV Reg ECX, Immediate 100 5
100a: JMP fsig_devread (jmp to external function)
  |
  `- 
1010: POP Reg RBX 1
1011: POP Reg RBP 1
1012: POP Reg R12 2
1014: RET  1
  |
  `- 
