Number of assembly instructions     = 96
Number of indirect branches         = 0
Number of unresolved indirect jumps = 0: 
Number of unresolved indirect calls = 0: 
Number of symbolic states (representative of non-determinism): 96
Number of edges: 101

c30 (False): 0

c30: PUSH Reg RBX 1
c31: XOR Reg EDX, Reg EDX 2
c33: XOR Reg ESI, Reg ESI 2
c35: MOV Reg ECX, Immediate 200 5
c3a: SUB Reg RSP, Immediate 208 7
c41: MOV Reg R8, Reg RSP 3
c44: MOV Reg RAX, Address (SizeDir 64 (AddrPlus (FromReg FS) (AddrImm 40))) 9
c4d: MOV Address (SizeDir 64 (AddrPlus (FromReg RSP) (AddrImm 200))), Reg RAX 8
c55: XOR Reg EAX, Reg EAX 2
c57: CALL fsig_devread (external)
c5c: TEST Reg EAX, Reg EAX 2
c5e: JE c74 (resolved immediate)
  |
  `- c60,c74
c60: MOV Reg EDX, Address (SizeDir 32 (FromReg RSP)) 3
c63: XOR Reg EAX, Reg EAX 2
c65: XCHG Reg DH, Reg DL 2
c67: ROL Reg EDX, Immediate 16 3
c6a: XCHG Reg DH, Reg DL 2
c6c: CMP Reg EDX, Immediate 1481003842 6
c72: JE c98 (resolved immediate)
  |
  `- c74,c98
c74: MOV Reg RBX, Address (SizeDir 64 (AddrPlus (FromReg RSP) (AddrImm 200))) 8
c7c: XOR Reg RBX, Address (SizeDir 64 (AddrPlus (FromReg FS) (AddrImm 40))) 9
c85: JNE da4 (resolved immediate)
  |
  `- c8b,da4
c8b: ADD Reg RSP, Immediate 208 7
c92: POP Reg RBX 1
c93: RET  1
  |
  `- 
c98: MOVZX Reg EDX, Address (SizeDir 16 (AddrPlus (FromReg RSP) (AddrImm 100))) 5
c9d: XCHG Reg DH, Reg DL 2
c9f: AND Reg EDX, Immediate 15 3
ca2: CMP Reg DX, Immediate 4 4
ca6: JNE c74 (resolved immediate)
  |
  `- c74,ca8
ca8: MOVZX Reg EAX, Address (SizeDir 8 (AddrPlus (FromReg RSP) (AddrImm 120))) 5
cad: MOVZX Reg ECX, Address (SizeDir 8 (AddrPlus (FromReg RSP) (AddrImm 192))) 8
cb5: MOV Reg EBX, Address (SizeDir 32 (AddrPlus (FromReg RSP) (AddrImm 4))) 4
cb9: XCHG Reg BH, Reg BL 2
cbb: ROL Reg EBX, Immediate 16 3
cbe: XCHG Reg BH, Reg BL 2
cc0: MOV Address (SizeDir 32 (AddrPlus (FromReg RIP) (AddrImm 2106458))), Reg EBX 6
cc6: MOV Address (SizeDir 32 (AddrPlus (FromReg RIP) (AddrImm 2106472))), Reg EAX 6
ccc: SUB Reg EAX, Immediate 9 3
ccf: MOV Address (SizeDir 32 (AddrPlus (FromReg RIP) (AddrImm 2106459))), Reg EAX 6
cd5: MOV Reg RAX, Address (SizeDir 64 (AddrPlus (FromReg RSP) (AddrImm 56))) 5
cda: MOV Reg EDX, Reg EAX 2
cdc: SHR Reg RAX, Immediate 32 4
ce0: XCHG Reg DH, Reg DL 2
ce2: ROL Reg EDX, Immediate 16 3
ce5: XCHG Reg DH, Reg DL 2
ce7: XCHG Reg AH, Reg AL 2
ce9: ROL Reg EAX, Immediate 16 3
cec: XCHG Reg AH, Reg AL 2
cee: SHL Reg RDX, Immediate 32 4
cf2: MOV Reg EAX, Reg EAX 2
cf4: OR Reg RAX, Reg RDX 3
cf7: XOR Reg EDX, Reg EDX 2
cf9: MOV Address (SizeDir 64 (AddrPlus (FromReg RIP) (AddrImm 2106504))), Reg RAX 7
d00: MOVZX Reg EAX, Address (SizeDir 16 (AddrPlus (FromReg RSP) (AddrImm 104))) 5
d05: XCHG Reg AH, Reg AL 2
d07: MOVZX Reg EAX, Reg AX 3
d0a: MOV Address (SizeDir 32 (AddrPlus (FromReg RIP) (AddrImm 2106392))), Reg EAX 6
d10: MOV Reg EAX, Address (SizeDir 32 (AddrPlus (FromReg RSP) (AddrImm 84))) 4
d14: XCHG Reg AH, Reg AL 2
d16: ROL Reg EAX, Immediate 16 3
d19: XCHG Reg AH, Reg AL 2
d1b: MOV Address (SizeDir 32 (AddrPlus (FromReg RIP) (AddrImm 2106379))), Reg EAX 6
d21: MOV Reg EAX, Reg EBX 2
d23: SHL Reg EAX, Reg CL 2
d25: MOV Address (SizeDir 32 (AddrPlus (FromReg RIP) (AddrImm 2106361))), Reg EAX 6
d2b: MOVZX Reg EAX, Address (SizeDir 8 (AddrPlus (FromReg RSP) (AddrImm 123))) 5
d30: MOV Address (SizeDir 32 (AddrPlus (FromReg RIP) (AddrImm 2106370))), Reg EAX 6
d36: MOVZX Reg EAX, Address (SizeDir 8 (AddrPlus (FromReg RSP) (AddrImm 124))) 5
d3b: MOV Address (SizeDir 32 (AddrPlus (FromReg RIP) (AddrImm 2106363))), Reg EAX 6
d41: MOV Reg EAX, Address (SizeDir 32 (AddrPlus (FromReg RSP) (AddrImm 88))) 4
d45: XCHG Reg AH, Reg AL 2
d47: ROL Reg EAX, Immediate 16 3
d4a: XCHG Reg AH, Reg AL 2
d4c: SUB Reg EAX, Immediate 1 3
d4f: JE d6e (resolved immediate)
  |
  `- d51,d6e
d51: SHR Reg EAX, Immediate 1 2
d53: MOV Reg EDX, Immediate 1 5
d58: JMP d6a (resolved immediate)
  |
  `- d6a
d60: ADD Reg EDX, Immediate 1 3
d63: SHR Reg EAX, Immediate 1 2
d65: CMP Reg EDX, Immediate 31 3
d68: JE da0 (resolved immediate)
  |
  `- d6a,da0
d6a: TEST Reg EAX, Reg EAX 2
d6c: JNE d60 (resolved immediate)
  |
  `- d60,d6e
d6e: MOVSXD Reg RBX, Reg EBX 3
d71: MOV Address (SizeDir 32 (AddrPlus (FromReg RIP) (AddrImm 2106313))), Reg EDX 6
d77: SUB Reg RBX, Immediate 24 4
d7b: SHR Reg RBX, Immediate 4 4
d7f: LEA Reg EAX, Address (SizeDir 32 (AddrPlus (AddrTimes (AddrImm 8) (FromReg RBX)) (AddrImm 24))) 7
d86: MOV Address (SizeDir 32 (AddrPlus (FromReg RIP) (AddrImm 2106340))), Reg EAX 6
d8c: MOV Reg EAX, Immediate 1 5
d91: JMP c74 (resolved immediate)
  |
  `- c74
da0: XOR Reg EDX, Reg EDX 2
da2: JMP d6e (resolved immediate)
  |
  `- d6e
da4: CALL __stack_chk_fail (external)
  |
  `- 
