Number of assembly instructions     = 24
Number of indirect branches         = 0
Number of unresolved indirect jumps = 0: 
Number of unresolved indirect calls = 0: 
Number of symbolic states (representative of non-determinism): 24
Number of edges: 22

12d0 (False): 0
1750 (True): 130f

12d0: SUB Reg RSP, Immediate 72 4
12d4: MOV Reg RAX, Address (SizeDir 64 (AddrPlus (FromReg FS) (AddrImm 40))) 9
12dd: MOV Address (SizeDir 64 (AddrPlus (FromReg RSP) (AddrImm 56))), Reg RAX 5
12e2: XOR Reg EAX, Reg EAX 2
12e4: MOV Reg EAX, Reg ESI 2
12e6: MOV Reg RSI, Reg RSP 3
12e9: MOV Address (SizeDir 64 (AddrPlus (FromReg RSP) (AddrImm 8))), Reg RDX 5
12ee: MOV Address (SizeDir 64 (AddrPlus (FromReg RSP) (AddrImm 40))), Immediate 0 9
12f7: MOV Address (SizeDir 64 (FromReg RSP)), Reg RAX 4
12fb: MOV Address (SizeDir 64 (AddrPlus (FromReg RSP) (AddrImm 16))), Reg RCX 5
1300: MOV Address (SizeDir 64 (AddrPlus (FromReg RSP) (AddrImm 24))), Reg R8 5
1305: MOV Address (SizeDir 64 (AddrPlus (FromReg RSP) (AddrImm 32))), Reg R9 5
130a: CALL osdep_hypercall (internal)
  |
  `- 1750
130f: MOV Reg RDX, Address (SizeDir 64 (AddrPlus (FromReg RSP) (AddrImm 56))) 5
1314: XOR Reg RDX, Address (SizeDir 64 (AddrPlus (FromReg FS) (AddrImm 40))) 9
131d: JNZ 1324 (resolved immediate)
  |
  `- 131f,1324
131f: ADD Reg RSP, Immediate 72 4
1323: RET  1
  |
  `- 
1324: CALL __stack_chk_fail (external)
  |
  `- 
1750: MOV Reg EDI, Address (SizeDir 32 (AddrPlus (FromReg RDI) (AddrImm 20))) 3
1753: MOV Reg RDX, Reg RSI 3
1756: XOR Reg EAX, Reg EAX 2
1758: MOV Reg ESI, Immediate 3166208 5
175d: JMP ioctl (jmp to external function)
  |
  `- 
