Number of assembly instructions     = 23
Number of indirect branches         = 0
Number of unresolved indirect jumps = 0: 
Number of unresolved indirect calls = 0: 
Number of symbolic states (representative of non-determinism): 23
Number of edges: 21

1160 (False): 0
1750 (True): 1199

1160: PXOR Reg XMM0, Reg XMM0 4
1164: SUB Reg RSP, Immediate 72 4
1168: MOV Reg RAX, Address (SizeDir 64 (AddrPlus (FromReg FS) (AddrImm 40))) 9
1171: MOV Address (SizeDir 64 (AddrPlus (FromReg RSP) (AddrImm 56))), Reg RAX 5
1176: XOR Reg EAX, Reg EAX 2
1178: MOV Reg EAX, Reg ESI 2
117a: MOV Reg RSI, Reg RSP 3
117d: MOV Address (SizeDir 64 (AddrPlus (FromReg RSP) (AddrImm 40))), Immediate 0 9
1186: MOVUPS Address (SizeDir 128 (AddrPlus (FromReg RSP) (AddrImm 8))), Reg XMM0 5
118b: MOV Address (SizeDir 64 (FromReg RSP)), Reg RAX 4
118f: MOVUPS Address (SizeDir 128 (AddrPlus (FromReg RSP) (AddrImm 24))), Reg XMM0 5
1194: CALL osdep_hypercall (internal)
  |
  `- 1750
1199: MOV Reg RDX, Address (SizeDir 64 (AddrPlus (FromReg RSP) (AddrImm 56))) 5
119e: XOR Reg RDX, Address (SizeDir 64 (AddrPlus (FromReg FS) (AddrImm 40))) 9
11a7: JNE 11ae (resolved immediate)
  |
  `- 11a9,11ae
11a9: ADD Reg RSP, Immediate 72 4
11ad: RET  1
  |
  `- 
11ae: CALL __stack_chk_fail (external)
  |
  `- 
1750: MOV Reg EDI, Address (SizeDir 32 (AddrPlus (FromReg RDI) (AddrImm 20))) 3
1753: MOV Reg RDX, Reg RSI 3
1756: XOR Reg EAX, Reg EAX 2
1758: MOV Reg ESI, Immediate 3166208 5
175d: JMP ioctl (jmp to external function)
  |
  `- 
