Number of assembly instructions     = 14
Number of indirect branches         = 0
Number of unresolved indirect jumps = 0: 
Number of unresolved indirect calls = 0: 
Number of symbolic states (representative of non-determinism): 14
Number of edges: 13

1610 (False): 0

1610: PUSH Reg RBX 1
1611: LEA Reg RBX, Address (SizeDir 64 (AddrPlus (FromReg RSI) (AddrImm 4111))) 7
1618: SHR Reg RBX, Immediate 12 4
161c: MOVSXD Reg RSI, Reg EBX 3
161f: CALL xencall_alloc_buffer_pages (external)
1624: TEST Reg RAX, Reg RAX 3
1627: JE 1638 (resolved immediate)
  |
  `- 1629,1638
1629: MOV Address (SizeDir 32 (FromReg RAX)), Reg EBX 2
162b: ADD Reg RAX, Immediate 16 4
162f: POP Reg RBX 1
1630: RET  1
  |
  `- 
1638: XOR Reg EAX, Reg EAX 2
163a: POP Reg RBX 1
163b: RET  1
  |
  `- 
