Number of assembly instructions     = 99
Number of indirect branches         = 0
Number of unresolved indirect jumps = 0: 
Number of unresolved indirect calls = 0: 
Number of symbolic states (representative of non-determinism): 115
Number of edges: 150

1390 (True): 15aa
13c0 (True): 15c0, 1605
1590 (False): 0

1390: PUSH Reg RBP 1
1391: PUSH Reg RBX 1
1392: MOV Reg EBX, Reg EDI 2
1394: SUB Reg RSP, Immediate 8 4
1398: CALL __errno_location (external)
139d: AND Reg EBX, Immediate 1 3
13a0: JNE 13b6 (resolved immediate)
  |
  `- 13a2,13b6
13a2: MOV Reg EBX, Address (SizeDir 32 (FromReg RAX)) 2
13a4: LEA Reg RDI, Address (SizeDir 64 (AddrPlus (FromReg RIP) (AddrImm 2104661))) 7
13ab: MOV Reg RBP, Reg RAX 3
13ae: CALL pthread_mutex_lock (external)
13b3: MOV Address (SizeDir 32 (FromReg RBP)), Reg EBX 3
13b6: ADD Reg RSP, Immediate 8 4
13ba: POP Reg RBX 1
13bb: POP Reg RBP 1
13bc: RET  1
  |
  `- 
13c0: PUSH Reg RBP 1
13c1: PUSH Reg RBX 1
13c2: MOV Reg EBX, Reg EDI 2
13c4: SUB Reg RSP, Immediate 8 4
13c8: CALL __errno_location (external)
13cd: AND Reg EBX, Immediate 1 3
13d0: JNE 13e6 (resolved immediate)
  |
  `- 13d2,13e6
13d2: MOV Reg EBX, Address (SizeDir 32 (FromReg RAX)) 2
13d4: LEA Reg RDI, Address (SizeDir 64 (AddrPlus (FromReg RIP) (AddrImm 2104613))) 7
13db: MOV Reg RBP, Reg RAX 3
13de: CALL pthread_mutex_unlock (external)
13e3: MOV Address (SizeDir 32 (FromReg RBP)), Reg EBX 3
13e6: ADD Reg RSP, Immediate 8 4
13ea: POP Reg RBX 1
13eb: POP Reg RBP 1
13ec: RET  1
  |
  `- 
1590: TEST Reg RSI, Reg RSI 3
1593: JE 15d8 (resolved immediate)
  |
  `- 1595,15d8
1595: PUSH Reg R12 2
1597: PUSH Reg RBP 1
1598: MOV Reg R12, Reg RDX 3
159b: PUSH Reg RBX 1
159c: MOV Reg RBX, Reg RDI 3
159f: MOV Reg EDI, Address (SizeDir 32 (AddrPlus (FromReg RDI) (AddrImm 16))) 3
15a2: MOV Reg RBP, Reg RSI 3
15a5: CALL cache_lock.isra.0 (internal)
  |
  `- 1390
15aa: ADD Address (SizeDir 32 (AddrPlus (FromReg RBX) (AddrImm 100))), Immediate 1 4
15ae: SUB Address (SizeDir 32 (AddrPlus (FromReg RBX) (AddrImm 104))), Immediate 1 4
15b2: CMP Reg R12, Immediate 1 4
15b6: JE 15e0 (resolved immediate)
  |
  `- 15b8,15e0
15b8: MOV Reg EDI, Address (SizeDir 32 (AddrPlus (FromReg RBX) (AddrImm 16))) 3
15bb: CALL cache_unlock.isra.1 (internal)
  |
  `- 13c0
15c0: MOV Reg RDX, Reg R12 3
15c3: MOV Reg RSI, Reg RBP 3
15c6: MOV Reg RDI, Reg RBX 3
15c9: POP Reg RBX 1
15ca: POP Reg RBP 1
15cb: POP Reg R12 2
15cd: JMP 18f0 (resolved immediate)
  |
  `- 18f0
15d8: RET  2
  |
  `- 
15e0: MOVSXD Reg RAX, Address (SizeDir 32 (AddrPlus (FromReg RBX) (AddrImm 56))) 4
15e4: MOV Reg EDI, Address (SizeDir 32 (AddrPlus (FromReg RBX) (AddrImm 16))) 3
15e7: CMP Reg EAX, Immediate 3 3
15ea: JG 1600 (resolved immediate)
  |
  `- 15ec,1600
15ec: LEA Reg EDX, Address (SizeDir 32 (AddrPlus (FromReg RAX) (AddrImm 1))) 3
15ef: MOV Address (SizeDir 32 (AddrPlus (FromReg RBX) (AddrImm 56))), Reg EDX 3
15f2: MOV Address (SizeDir 64 (AddrPlus (AddrPlus (FromReg RBX) (AddrTimes (AddrImm 8) (FromReg RAX))) (AddrImm 64))), Reg RBP 5
15f7: POP Reg RBX 1
15f8: POP Reg RBP 1
15f9: POP Reg R12 2
15fb: JMP 13c0 (resolved immediate)
  |
  `- 13c0
1600: CALL cache_unlock.isra.1 (internal)
  |
  `- 
1605: JMP 15c0 (resolved immediate)
  |
  `- 15c0
18f0: PUSH Reg R14 2
18f2: PUSH Reg R13 2
18f4: MOV Reg R14, Reg RDI 3
18f7: PUSH Reg R12 2
18f9: PUSH Reg RBP 1
18fa: MOV Reg R12, Reg RSI 3
18fd: PUSH Reg RBX 1
18fe: MOV Reg RBX, Reg RDX 3
1901: SHL Reg RBX, Immediate 12 4
1905: CALL __errno_location (external)
190a: MOV Reg RBP, Reg RAX 3
190d: MOV Reg R13D, Address (SizeDir 32 (FromReg RAX)) 3
1910: MOV Reg EAX, Address (SizeDir 32 (AddrPlus (FromReg R14) (AddrImm 24))) 4
1914: TEST Reg EAX, Reg EAX 2
1916: JS 1930 (resolved immediate)
  |
  `- 1918,1930
1918: MOV Reg RSI, Reg RBX 3
191b: MOV Reg RDI, Reg R12 3
191e: CALL munmap (external)
1923: MOV Address (SizeDir 32 (FromReg RBP)), Reg R13D 4
1927: POP Reg RBX 1
1928: POP Reg RBP 1
1929: POP Reg R12 2
192b: POP Reg R13 2
192d: POP Reg R14 2
192f: RET  1
  |
  `- 
1930: MOV Reg EDX, Immediate 11 5
1935: MOV Reg RSI, Reg RBX 3
1938: MOV Reg RDI, Reg R12 3
193b: CALL madvise (external)
1940: JMP 1918 (resolved immediate)
  |
  `- 1918
