Number of assembly instructions     = 24
Number of indirect branches         = 0
Number of unresolved indirect jumps = 0: 
Number of unresolved indirect calls = 0: 
Number of symbolic states (representative of non-determinism): 24
Number of edges: 22

1210 (False): 0
1750 (True): 124e

1210: PXOR Reg XMM0, Reg XMM0 4
1214: SUB Reg RSP, Immediate 72 4
1218: MOV Reg RAX, Address (SizeDir 64 (AddrPlus (FromReg FS) (AddrImm 40))) 9
1221: MOV Address (SizeDir 64 (AddrPlus (FromReg RSP) (AddrImm 56))), Reg RAX 5
1226: XOR Reg EAX, Reg EAX 2
1228: MOV Reg EAX, Reg ESI 2
122a: MOV Reg RSI, Reg RSP 3
122d: MOV Address (SizeDir 64 (AddrPlus (FromReg RSP) (AddrImm 8))), Reg RDX 5
1232: MOVUPS Address (SizeDir 128 (AddrPlus (FromReg RSP) (AddrImm 24))), Reg XMM0 5
1237: MOV Address (SizeDir 64 (AddrPlus (FromReg RSP) (AddrImm 40))), Immediate 0 9
1240: MOV Address (SizeDir 64 (FromReg RSP)), Reg RAX 4
1244: MOV Address (SizeDir 64 (AddrPlus (FromReg RSP) (AddrImm 16))), Reg RCX 5
1249: CALL osdep_hypercall (internal)
  |
  `- 1750
124e: MOV Reg RDX, Address (SizeDir 64 (AddrPlus (FromReg RSP) (AddrImm 56))) 5
1253: XOR Reg RDX, Address (SizeDir 64 (AddrPlus (FromReg FS) (AddrImm 40))) 9
125c: JNZ 1263 (resolved immediate)
  |
  `- 125e,1263
125e: ADD Reg RSP, Immediate 72 4
1262: RET  1
  |
  `- 
1263: CALL __stack_chk_fail (external)
  |
  `- 
1750: MOV Reg EDI, Address (SizeDir 32 (AddrPlus (FromReg RDI) (AddrImm 20))) 3
1753: MOV Reg RDX, Reg RSI 3
1756: XOR Reg EAX, Reg EAX 2
1758: MOV Reg ESI, Immediate 3166208 5
175d: JMP ioctl (jmp to external function)
  |
  `- 
