Number of assembly instructions     = 160
Number of indirect branches         = 0
Number of unresolved indirect jumps = 0: 
Number of unresolved indirect calls = 0: 
Number of symbolic states (representative of non-determinism): 160
Number of edges: 163

1100 (False): 0
1390 (True): 13fc
13f0 (True): 112a
1730 (True): 111e
18f0 (True): 14d2

1100: TEST Reg RDI, Reg RDI 3
1103: JE 1148 (resolved immediate)
  |
  `- 1105,1148
1105: PUSH Reg RBX 1
1106: MOV Reg RBX, Reg RDI 3
1109: LEA Reg RDI, Address (SizeDir 64 (AddrPlus (FromReg RDI) (AddrImm 32))) 4
110d: SUB Reg RSP, Immediate 16 4
1111: CALL xentoolcore__deregister_active_handle (external)
1116: MOV Reg RDI, Reg RBX 3
1119: CALL osdep_xencall_close (internal)
  |
  `- 1730
111e: MOV Reg RDI, Reg RBX 3
1121: MOV Address (SizeDir 32 (AddrPlus (FromReg RSP) (AddrImm 12))), Reg EAX 4
1125: CALL buffer_release_cache (internal)
  |
  `- 13f0
112a: MOV Reg RDI, Address (SizeDir 64 (AddrPlus (FromReg RBX) (AddrImm 8))) 4
112e: CALL xtl_logger_destroy (external)
1133: MOV Reg RDI, Reg RBX 3
1136: CALL free (external)
113b: MOV Reg EAX, Address (SizeDir 32 (AddrPlus (FromReg RSP) (AddrImm 12))) 4
113f: ADD Reg RSP, Immediate 16 4
1143: POP Reg RBX 1
1144: RET  1
  |
  `- 
1148: XOR Reg EAX, Reg EAX 2
114a: RET  1
  |
  `- 
1390: PUSH Reg RBP 1
1391: PUSH Reg RBX 1
1392: MOV Reg EBX, Reg EDI 2
1394: SUB Reg RSP, Immediate 8 4
1398: CALL __errno_location (external)
139d: AND Reg EBX, Immediate 1 3
13a0: JNE 13b6 (resolved immediate)
  |
  `- 13a2,13b6
13a2: MOV Reg EBX, Address (SizeDir 32 (FromReg RAX)) 2
13a4: LEA Reg RDI, Address (SizeDir 64 (AddrPlus (FromReg RIP) (AddrImm 2104661))) 7
13ab: MOV Reg RBP, Reg RAX 3
13ae: CALL pthread_mutex_lock (external)
13b3: MOV Address (SizeDir 32 (FromReg RBP)), Reg EBX 3
13b6: ADD Reg RSP, Immediate 8 4
13ba: POP Reg RBX 1
13bb: POP Reg RBP 1
13bc: RET  1
  |
  `- 
13c0: PUSH Reg RBP 1
13c1: PUSH Reg RBX 1
13c2: MOV Reg EBX, Reg EDI 2
13c4: SUB Reg RSP, Immediate 8 4
13c8: CALL __errno_location (external)
13cd: AND Reg EBX, Immediate 1 3
13d0: JNE 13e6 (resolved immediate)
  |
  `- 13d2,13e6
13d2: MOV Reg EBX, Address (SizeDir 32 (FromReg RAX)) 2
13d4: LEA Reg RDI, Address (SizeDir 64 (AddrPlus (FromReg RIP) (AddrImm 2104613))) 7
13db: MOV Reg RBP, Reg RAX 3
13de: CALL pthread_mutex_unlock (external)
13e3: MOV Address (SizeDir 32 (FromReg RBP)), Reg EBX 3
13e6: ADD Reg RSP, Immediate 8 4
13ea: POP Reg RBX 1
13eb: POP Reg RBP 1
13ec: RET  1
  |
  `- 
13f0: PUSH Reg RBX 1
13f1: MOV Reg RBX, Reg RDI 3
13f4: MOV Reg EDI, Address (SizeDir 32 (AddrPlus (FromReg RDI) (AddrImm 16))) 3
13f7: CALL cache_lock.isra.0 (internal)
  |
  `- 1390
13fc: MOV Reg EAX, Address (SizeDir 32 (AddrPlus (FromReg RBX) (AddrImm 100))) 3
13ff: SUB Reg RSP, Immediate 8 4
1403: MOV Reg R9D, Address (SizeDir 32 (AddrPlus (FromReg RBX) (AddrImm 96))) 4
1407: MOV Reg RDI, Address (SizeDir 64 (FromReg RBX)) 3
140a: LEA Reg R8, Address (SizeDir 64 (AddrPlus (FromReg RIP) (AddrImm 1367))) 7
1411: LEA Reg RCX, Address (SizeDir 64 (AddrPlus (FromReg RIP) (AddrImm 1482))) 7
1418: MOV Reg EDX, Immediate 4294967295 5
141d: MOV Reg ESI, Immediate 1 5
1422: PUSH Reg RAX 1
1423: XOR Reg EAX, Reg EAX 2
1425: CALL xtl_log (external)
142a: MOV Reg EAX, Address (SizeDir 32 (AddrPlus (FromReg RBX) (AddrImm 108))) 3
142d: MOV Reg R9D, Address (SizeDir 32 (AddrPlus (FromReg RBX) (AddrImm 104))) 4
1431: LEA Reg R8, Address (SizeDir 64 (AddrPlus (FromReg RIP) (AddrImm 1368))) 7
1438: MOV Reg RDI, Address (SizeDir 64 (FromReg RBX)) 3
143b: LEA Reg RCX, Address (SizeDir 64 (AddrPlus (FromReg RIP) (AddrImm 1440))) 7
1442: MOV Reg EDX, Immediate 4294967295 5
1447: MOV Reg ESI, Immediate 1 5
144c: MOV Address (SizeDir 32 (FromReg RSP)), Reg EAX 3
144f: XOR Reg EAX, Reg EAX 2
1451: CALL xtl_log (external)
1456: MOV Reg R9D, Address (SizeDir 32 (AddrPlus (FromReg RBX) (AddrImm 56))) 4
145a: MOV Reg RDI, Address (SizeDir 64 (FromReg RBX)) 3
145d: LEA Reg R8, Address (SizeDir 64 (AddrPlus (FromReg RIP) (AddrImm 1421))) 7
1464: LEA Reg RCX, Address (SizeDir 64 (AddrPlus (FromReg RIP) (AddrImm 1399))) 7
146b: XOR Reg EAX, Reg EAX 2
146d: MOV Reg EDX, Immediate 4294967295 5
1472: MOV Reg ESI, Immediate 1 5
1477: CALL xtl_log (external)
147c: MOV Reg EAX, Address (SizeDir 32 (AddrPlus (FromReg RBX) (AddrImm 120))) 3
147f: MOV Reg R9D, Address (SizeDir 32 (AddrPlus (FromReg RBX) (AddrImm 112))) 4
1483: LEA Reg R8, Address (SizeDir 64 (AddrPlus (FromReg RIP) (AddrImm 1334))) 7
148a: MOV Reg RDI, Address (SizeDir 64 (FromReg RBX)) 3
148d: LEA Reg RCX, Address (SizeDir 64 (AddrPlus (FromReg RIP) (AddrImm 1358))) 7
1494: MOV Reg EDX, Immediate 4294967295 5
1499: MOV Reg ESI, Immediate 1 5
149e: PUSH Reg RAX 1
149f: MOV Reg EAX, Address (SizeDir 32 (AddrPlus (FromReg RBX) (AddrImm 116))) 3
14a2: PUSH Reg RAX 1
14a3: XOR Reg EAX, Reg EAX 2
14a5: CALL xtl_log (external)
14aa: MOV Reg EAX, Address (SizeDir 32 (AddrPlus (FromReg RBX) (AddrImm 56))) 3
14ad: ADD Reg RSP, Immediate 32 4
14b1: TEST Reg EAX, Reg EAX 2
14b3: JLE 14d9 (resolved immediate)
  |
  `- 14b5,14d9
14b5: NOP  3
14b8: SUB Reg EAX, Immediate 1 3
14bb: MOV Reg EDX, Immediate 1 5
14c0: MOV Reg RDI, Reg RBX 3
14c3: MOV Address (SizeDir 32 (AddrPlus (FromReg RBX) (AddrImm 56))), Reg EAX 3
14c6: CDQE  2
14c8: MOV Reg RSI, Address (SizeDir 64 (AddrPlus (AddrPlus (FromReg RBX) (AddrTimes (AddrImm 8) (FromReg RAX))) (AddrImm 64))) 5
14cd: CALL osdep_free_pages (internal)
  |
  `- 14d2,18f0
14d2: MOV Reg EAX, Address (SizeDir 32 (AddrPlus (FromReg RBX) (AddrImm 56))) 3
14d5: TEST Reg EAX, Reg EAX 2
14d7: JG 14b8 (resolved immediate)
  |
  `- 14b8,14d9
14d9: MOV Reg EDI, Address (SizeDir 32 (AddrPlus (FromReg RBX) (AddrImm 16))) 3
14dc: POP Reg RBX 1
14dd: JMP 13c0 (resolved immediate)
  |
  `- 13c0
1730: PUSH Reg RBX 1
1731: MOV Reg RBX, Reg RDI 3
1734: MOV Reg EDI, Address (SizeDir 32 (AddrPlus (FromReg RDI) (AddrImm 24))) 3
1737: TEST Reg EDI, Reg EDI 2
1739: JS 1740 (resolved immediate)
  |
  `- 173b,1740
173b: CALL close (external)
1740: MOV Reg EDI, Address (SizeDir 32 (AddrPlus (FromReg RBX) (AddrImm 20))) 3
1743: TEST Reg EDI, Reg EDI 2
1745: JS 174c (resolved immediate)
  |
  `- 1747,174c
1747: CALL close (external)
174c: XOR Reg EAX, Reg EAX 2
174e: POP Reg RBX 1
174f: RET  1
  |
  `- 
18f0: PUSH Reg R14 2
18f2: PUSH Reg R13 2
18f4: MOV Reg R14, Reg RDI 3
18f7: PUSH Reg R12 2
18f9: PUSH Reg RBP 1
18fa: MOV Reg R12, Reg RSI 3
18fd: PUSH Reg RBX 1
18fe: MOV Reg RBX, Reg RDX 3
1901: SHL Reg RBX, Immediate 12 4
1905: CALL __errno_location (external)
190a: MOV Reg RBP, Reg RAX 3
190d: MOV Reg R13D, Address (SizeDir 32 (FromReg RAX)) 3
1910: MOV Reg EAX, Address (SizeDir 32 (AddrPlus (FromReg R14) (AddrImm 24))) 4
1914: TEST Reg EAX, Reg EAX 2
1916: JS 1930 (resolved immediate)
  |
  `- 1918,1930
1918: MOV Reg RSI, Reg RBX 3
191b: MOV Reg RDI, Reg R12 3
191e: CALL munmap (external)
1923: MOV Address (SizeDir 32 (FromReg RBP)), Reg R13D 4
1927: POP Reg RBX 1
1928: POP Reg RBP 1
1929: POP Reg R12 2
192b: POP Reg R13 2
192d: POP Reg R14 2
192f: RET  1
  |
  `- 
1930: MOV Reg EDX, Immediate 11 5
1935: MOV Reg RSI, Reg RBX 3
1938: MOV Reg RDI, Reg R12 3
193b: CALL madvise (external)
1940: JMP 1918 (resolved immediate)
  |
  `- 1918
