Number of assembly instructions     = 25
Number of indirect branches         = 0
Number of unresolved indirect jumps = 0: 
Number of unresolved indirect calls = 0: 
Number of symbolic states (representative of non-determinism): 25
Number of edges: 23

1330 (False): 0
1750 (True): 1370

1330: SUB Reg RSP, Immediate 72 4
1334: MOV Reg RAX, Address (SizeDir 64 (AddrPlus (FromReg FS) (AddrImm 40))) 9
133d: MOV Address (SizeDir 64 (AddrPlus (FromReg RSP) (AddrImm 56))), Reg RAX 5
1342: XOR Reg EAX, Reg EAX 2
1344: MOV Reg EAX, Reg ESI 2
1346: MOV Reg RSI, Reg RSP 3
1349: MOV Address (SizeDir 64 (AddrPlus (FromReg RSP) (AddrImm 8))), Reg RDX 5
134e: MOV Address (SizeDir 64 (FromReg RSP)), Reg RAX 4
1352: MOV Reg RAX, Address (SizeDir 64 (AddrPlus (FromReg RSP) (AddrImm 80))) 5
1357: MOV Address (SizeDir 64 (AddrPlus (FromReg RSP) (AddrImm 16))), Reg RCX 5
135c: MOV Address (SizeDir 64 (AddrPlus (FromReg RSP) (AddrImm 24))), Reg R8 5
1361: MOV Address (SizeDir 64 (AddrPlus (FromReg RSP) (AddrImm 32))), Reg R9 5
1366: MOV Address (SizeDir 64 (AddrPlus (FromReg RSP) (AddrImm 40))), Reg RAX 5
136b: CALL osdep_hypercall (internal)
  |
  `- 1750
1370: MOV Reg RDX, Address (SizeDir 64 (AddrPlus (FromReg RSP) (AddrImm 56))) 5
1375: XOR Reg RDX, Address (SizeDir 64 (AddrPlus (FromReg FS) (AddrImm 40))) 9
137e: JNE 1385 (resolved immediate)
  |
  `- 1380,1385
1380: ADD Reg RSP, Immediate 72 4
1384: RET  1
  |
  `- 
1385: CALL __stack_chk_fail (external)
  |
  `- 
1750: MOV Reg EDI, Address (SizeDir 32 (AddrPlus (FromReg RDI) (AddrImm 20))) 3
1753: MOV Reg RDX, Reg RSI 3
1756: XOR Reg EAX, Reg EAX 2
1758: MOV Reg ESI, Immediate 3166208 5
175d: JMP ioctl (jmp to external function)
  |
  `- 
