Number of assembly instructions     = 20
Number of indirect branches         = 0
Number of unresolved indirect jumps = 0: 
Number of unresolved indirect calls = 0: 
Number of symbolic states (representative of non-determinism): 22
Number of edges: 25

d10 (False): 0

c80: LEA Reg RDI, Address (SizeDir 64 (AddrPlus (FromReg RIP) (AddrImm 2106425))) 7
c87: LEA Reg RSI, Address (SizeDir 64 (AddrPlus (FromReg RIP) (AddrImm 2106418))) 7
c8e: PUSH Reg RBP 1
c8f: SUB Reg RSI, Reg RDI 3
c92: MOV Reg RBP, Reg RSP 3
c95: SAR Reg RSI, Immediate 3 4
c99: MOV Reg RAX, Reg RSI 3
c9c: SHR Reg RAX, Immediate 63 4
ca0: ADD Reg RSI, Reg RAX 3
ca3: SAR Reg RSI, Immediate 1 3
ca6: JE cc0 (resolved immediate)
  |
  `- ca8,cc0
ca8: MOV Reg RAX, Address (SizeDir 64 (AddrPlus (FromReg RIP) (AddrImm 2106177))) 7
caf: TEST Reg RAX, Reg RAX 3
cb2: JE cc0 (resolved immediate)
  |
  `- cc0
cc0: POP Reg RBP 1
cc1: RET  1
  |
  `- 
d10: PUSH Reg RBP 1
d11: MOV Reg RBP, Reg RSP 3
d14: POP Reg RBP 1
d15: JMP c80 (resolved immediate)
  |
  `- c80
