Number of assembly instructions     = 140
Number of indirect branches         = 0
Number of unresolved indirect jumps = 0: 
Number of unresolved indirect calls = 0: 
Number of symbolic states (representative of non-determinism): 140
Number of edges: 145

2940 (True): 3fc3
3fa0 (False): 0

2940: PUSH Reg R15 2
2942: PUSH Reg R14 2
2944: MOV Reg R14, Reg RDI 3
2947: PUSH Reg R13 2
2949: PUSH Reg R12 2
294b: LEA Reg R15, Address (AddrPlus (FromReg R14) (AddrImm 48)) 4
294f: PUSH Reg RBP 1
2950: LEA Reg RBP, Address (AddrPlus (FromReg RDI) (AddrImm 64)) 4
2954: PUSH Reg RBX 1
2955: MOV Reg EBX, Reg EDX 2
2957: SUB Reg RSP, Immediate 24 4
295b: MOV Reg RDI, Reg RBP 3
295e: MOV Address (SizeDir 64 (AddrPlus (FromReg RSP) (AddrImm 8))), Reg RSI 5
2963: CALL pthread_mutex_lock (external)
2968: MOV Reg R12, Address (SizeDir 64 (AddrPlus (FromReg R14) (AddrImm 48))) 4
296c: CMP Reg R12, Reg R15 3
296f: JNZ 2ae0 (resolved immediate)
  |
  `- 2975,2ae0
2975: CMP Address (SizeDir 32 (FromReg R14)), Immediate 4294967295 4
2979: JZ 2ab0 (resolved immediate)
  |
  `- 297f,2ab0
297f: TEST Reg EBX, Reg EBX 2
2981: LEA Reg R13, Address (AddrPlus (FromReg R14) (AddrImm 104)) 4
2985: JZ 299a (resolved immediate)
  |
  `- 2987,299a
2987: JMP 2ac8 (resolved immediate)
  |
  `- 2ac8
2990: CMP Address (SizeDir 32 (FromReg R14)), Immediate 4294967295 4
2994: JZ 2ab0 (resolved immediate)
299a: MOV Reg RSI, Reg RBP 3
299d: MOV Reg RDI, Reg R13 3
29a0: CALL pthread_cond_wait (external)
29a5: MOV Reg RBX, Address (SizeDir 64 (AddrPlus (FromReg R14) (AddrImm 48))) 4
29a9: CMP Reg RBX, Reg R12 3
29ac: JZ 2990 (resolved immediate)
  |
  `- 2990
29ae: MOV Reg RDX, Address (SizeDir 64 (FromReg RBX)) 3
29b1: MOV Reg RAX, Address (SizeDir 64 (AddrPlus (FromReg RBX) (AddrImm 8))) 4
29b5: MOV Address (SizeDir 64 (AddrPlus (FromReg RDX) (AddrImm 8))), Reg RAX 4
29b9: MOV Address (SizeDir 64 (FromReg RAX)), Reg RDX 3
29bc: MOV Address (SizeDir 64 (FromReg RBX)), Immediate 1048832 7
29c3: MOV Address (SizeDir 64 (AddrPlus (FromReg RBX) (AddrImm 8))), Immediate 2097664 8
29cb: CMP Address (SizeDir 64 (AddrPlus (FromReg R14) (AddrImm 48))), Reg R15 4
29cf: JZ 2a90 (resolved immediate)
29d5: MOV Reg RDI, Reg RBP 3
29d8: CALL pthread_mutex_unlock (external)
29dd: CMP Address (SizeDir 32 (AddrPlus (FromReg RBX) (AddrImm 16))), Immediate 15 4
29e1: JNZ 2b0c (resolved immediate)
  |
  `- 29e7,2b0c
29e7: MOV Reg R15, Address (SizeDir 64 (AddrPlus (FromReg RBX) (AddrImm 32))) 4
29eb: MOV Reg ESI, Address (SizeDir 32 (AddrPlus (FromReg RBX) (AddrImm 28))) 3
29ee: MOV Reg RDI, Reg R15 3
29f1: CALL xs_count_strings (external)
29f6: MOV Reg EDI, Address (SizeDir 32 (AddrPlus (FromReg RBX) (AddrImm 28))) 3
29f9: MOV Reg EBP, Reg EAX 2
29fb: MOV Reg R13, Reg RBP 3
29fe: SHL Reg RBP, Immediate 3 4
2a02: ADD Reg RDI, Reg RBP 3
2a05: CALL malloc (external)
2a0a: TEST Reg RAX, Reg RAX 3
2a0d: MOV Reg R12, Reg RAX 3
2a10: JZ 2ae8 (resolved immediate)
  |
  `- 2a16,2ae8
2a16: LEA Reg RDI, Address (AddrPlus (FromReg RAX) (FromReg RBP)) 4
2a1a: MOV Reg RSI, Reg R15 3
2a1d: MOV Address (SizeDir 64 (FromReg RAX)), Reg RDI 3
2a20: MOV Reg EDX, Address (SizeDir 32 (AddrPlus (FromReg RBX) (AddrImm 28))) 3
2a23: CALL memcpy (external)
2a28: MOV Reg RDI, Reg R15 3
2a2b: CALL free (external)
2a30: MOV Reg RDI, Reg RBX 3
2a33: CALL free (external)
2a38: CMP Reg R13D, Immediate 1 4
2a3c: JBE 2a6c (resolved immediate)
  |
  `- 2a3e,2a6c
2a3e: LEA Reg EAX, Address (AddrMinus (FromReg R13) (AddrImm 2)) 4
2a42: MOV Reg RBX, Reg R12 3
2a45: LEA Reg R15, Address (AddrPlus (AddrPlus (FromReg R12) (AddrTimes (AddrImm 8) (FromReg RAX))) (AddrImm 8)) 5
2a4a: NOP  6
2a50: MOV Reg RBP, Address (SizeDir 64 (FromReg RBX)) 3
2a53: ADD Reg RBX, Immediate 8 4
2a57: MOV Reg RDI, Reg RBP 3
2a5a: CALL strlen (external)
2a5f: LEA Reg RAX, Address (AddrPlus (AddrPlus (FromReg RBP) (FromReg RAX)) (AddrImm 1)) 5
2a64: MOV Address (SizeDir 64 (FromReg RBX)), Reg RAX 3
2a67: CMP Reg R15, Reg RBX 3
2a6a: JNZ 2a50 (resolved immediate)
  |
  `- 2a50,2a6c
2a6c: MOV Reg RAX, Address (SizeDir 64 (AddrPlus (FromReg RSP) (AddrImm 8))) 5
2a71: MOV Address (SizeDir 32 (FromReg RAX)), Reg R13D 3
2a74: ADD Reg RSP, Immediate 24 4
2a78: MOV Reg RAX, Reg R12 3
2a7b: POP Reg RBX 1
2a7c: POP Reg RBP 1
2a7d: POP Reg R12 2
2a7f: POP Reg R13 2
2a81: POP Reg R14 2
2a83: POP Reg R15 2
2a85: RET  1
  |
  `- 
2ab0: MOV Reg RDI, Reg RBP 3
2ab3: XOR Reg R12D, Reg R12D 3
2ab6: CALL pthread_mutex_unlock (external)
2abb: CALL __errno_location (external)
2ac0: MOV Address (SizeDir 32 (FromReg RAX)), Immediate 22 6
2ac6: JMP 2a74 (resolved immediate)
  |
  `- 2a74
2ac8: MOV Reg RDI, Reg RBP 3
2acb: XOR Reg R12D, Reg R12D 3
2ace: CALL pthread_mutex_unlock (external)
2ad3: CALL __errno_location (external)
2ad8: MOV Address (SizeDir 32 (FromReg RAX)), Immediate 11 6
2ade: JMP 2a74 (resolved immediate)
  |
  `- 2a74
2ae0: MOV Reg RBX, Reg R12 3
2ae3: JMP 29ae (resolved immediate)
  |
  `- 29ae
2ae8: CALL __errno_location (external)
2aed: MOV Reg R13D, Address (SizeDir 32 (FromReg RAX)) 3
2af0: MOV Reg RDI, Reg R15 3
2af3: MOV Reg RBP, Reg RAX 3
2af6: CALL free (external)
2afb: MOV Reg RDI, Reg RBX 3
2afe: CALL free (external)
2b03: MOV Address (SizeDir 32 (AddrPlus (FromReg RBP) (AddrImm 0))), Reg R13D 4
2b07: JMP 2a74 (resolved immediate)
  |
  `- 2a74
2b0c: LEA Reg RCX, Address (AddrPlus (FromReg RIP) (AddrImm 9757)) 7
2b13: LEA Reg RSI, Address (AddrPlus (FromReg RIP) (AddrImm 9398)) 7
2b1a: LEA Reg RDI, Address (AddrPlus (FromReg RIP) (AddrImm 9631)) 7
2b21: MOV Reg EDX, Immediate 930 5
2b26: CALL __assert_fail (external)
  |
  `- 
3fa0: SUB Reg RSP, Immediate 24 4
3fa4: MOV Reg EDX, Immediate 1 5
3fa9: LEA Reg RSI, Address (AddrPlus (FromReg RSP) (AddrImm 4)) 5
3fae: MOV Reg RAX, Address (SizeDir 64 (AddrPlus (FromReg FS) (AddrImm 40))) 9
3fb7: MOV Address (SizeDir 64 (AddrPlus (FromReg RSP) (AddrImm 8))), Reg RAX 5
3fbc: XOR Reg EAX, Reg EAX 2
3fbe: CALL read_watch_internal (internal)
  |
  `- 2940
3fc3: TEST Reg RAX, Reg RAX 3
3fc6: JZ 3fcf (resolved immediate)
  |
  `- 3fc8,3fcf
3fc8: CMP Address (SizeDir 32 (AddrPlus (FromReg RSP) (AddrImm 4))), Immediate 1 5
3fcd: JBE 3fe9 (resolved immediate)
  |
  `- 3fcf,3fe9
3fcf: MOV Reg RCX, Address (SizeDir 64 (AddrPlus (FromReg RSP) (AddrImm 8))) 5
3fd4: XOR Reg RCX, Address (SizeDir 64 (AddrPlus (FromReg FS) (AddrImm 40))) 9
3fdd: JNZ 3fe4 (resolved immediate)
  |
  `- 3fdf,3fe4
3fdf: ADD Reg RSP, Immediate 24 4
3fe3: RET  1
  |
  `- 
3fe4: CALL __stack_chk_fail (external)
  |
  `- 
3fe9: LEA Reg RCX, Address (AddrPlus (FromReg RIP) (AddrImm 4440)) 7
3ff0: LEA Reg RSI, Address (AddrPlus (FromReg RIP) (AddrImm 4057)) 7
3ff7: LEA Reg RDI, Address (AddrPlus (FromReg RIP) (AddrImm 4115)) 7
3ffe: MOV Reg EDX, Immediate 961 5
4003: CALL __assert_fail (external)
  |
  `- 
