Number of assembly instructions     = 13
Number of indirect branches         = 0
Number of unresolved indirect jumps = 0: 
Number of unresolved indirect calls = 0: 
Number of symbolic states (representative of non-determinism): 13
Number of edges: 13

4f90 (False): 0

4f90: MOV Reg ESI, Reg ESI 2
4f92: XOR Reg EAX, Reg EAX 2
4f94: ADD Reg RSI, Reg RDI 3
4f97: CMP Reg RDI, Reg RSI 3
4f9a: JAE 4fb8 (resolved immediate)
  |
  `- 4f9c,4fb8
4f9c: NOP  4
4fa0: CMP Address (SizeDir 8 (FromReg RDI)), Immediate 1 3
4fa3: ADC Reg EAX, Immediate 0 3
4fa6: ADD Reg RDI, Immediate 1 4
4faa: CMP Reg RDI, Reg RSI 3
4fad: JNE 4fa0 (resolved immediate)
  |
  `- 4fa0,4faf
4faf: RET  2
  |
  `- 
4fb8: RET  2
  |
  `- 
