Number of assembly instructions     = 181
Number of indirect branches         = 0
Number of unresolved indirect jumps = 0: 
Number of unresolved indirect calls = 0: 
Number of symbolic states (representative of non-determinism): 181
Number of edges: 194

25a0 (True): 358b, 35bd, 35d8
3570 (False): 0

25a0: PUSH Reg R14 2
25a2: PUSH Reg R13 2
25a4: MOV Reg ESI, Immediate 1 5
25a9: PUSH Reg R12 2
25ab: PUSH Reg RBP 1
25ac: MOV Reg RBP, Reg RDI 3
25af: PUSH Reg RBX 1
25b0: MOV Reg EDI, Immediate 312 5
25b5: SUB Reg RSP, Immediate 272 7
25bc: MOV Reg RAX, Address (SizeDir 64 (AddrPlus (FromReg FS) (AddrImm 40))) 9
25c5: MOV Address (SizeDir 64 (AddrPlus (FromReg RSP) (AddrImm 264))), Reg RAX 8
25cd: XOR Reg EAX, Reg EAX 2
25cf: CALL calloc (external)
25d4: TEST Reg RAX, Reg RAX 3
25d7: MOV Reg RBX, Reg RAX 3
25da: JZ 27d8 (resolved immediate)
  |
  `- 25e0,27d8
25e0: MOV Address (SizeDir 32 (FromReg RAX)), Immediate 4294967295 6
25e6: LEA Reg R12, Address (AddrPlus (FromReg RBX) (AddrImm 8)) 4
25ea: LEA Reg RAX, Address (AddrMinus (FromReg RIP) (AddrImm 177)) 7
25f1: MOV Reg RDI, Reg R12 3
25f4: MOV Address (SizeDir 64 (AddrPlus (FromReg RBX) (AddrImm 8))), Reg RAX 4
25f8: CALL xentoolcore__register_active_handle (external)
25fd: LEA Reg RDX, Address (AddrPlus (FromReg RSP) (AddrImm 112)) 5
2602: MOV Reg RSI, Reg RBP 3
2605: MOV Reg EDI, Immediate 1 5
260a: CALL __xstat (external)
260f: TEST Reg EAX, Reg EAX 2
2611: JNZ 27a0 (resolved immediate)
  |
  `- 2617,27a0
2617: MOV Reg EAX, Address (SizeDir 32 (AddrPlus (FromReg RSP) (AddrImm 136))) 7
261e: AND Reg EAX, Immediate 61440 5
2623: CMP Reg EAX, Immediate 49152 5
2628: JZ 26e8 (resolved immediate)
  |
  `- 262e,26e8
262e: XOR Reg EAX, Reg EAX 2
2630: MOV Reg ESI, Immediate 2 5
2635: MOV Reg RDI, Reg RBP 3
2638: CALL open (external)
263d: CMP Reg EAX, Immediate 4294967295 3
2640: MOV Address (SizeDir 32 (FromReg RBX)), Reg EAX 2
2642: JZ 27a0 (resolved immediate)
  |
  `- 2648,27a0
2648: LEA Reg RAX, Address (AddrPlus (FromReg RBX) (AddrImm 168)) 7
264f: LEA Reg RDI, Address (AddrPlus (FromReg RBX) (AddrImm 64)) 4
2653: XOR Reg ESI, Reg ESI 2
2655: MOV Address (SizeDir 64 (AddrPlus (FromReg RBX) (AddrImm 152))), Immediate 18446744073709551615 11
2660: MOV Address (SizeDir 8 (AddrPlus (FromReg RBX) (AddrImm 160))), Immediate 0 7
2667: MOV Address (SizeDir 64 (AddrPlus (FromReg RBX) (AddrImm 168))), Reg RAX 7
266e: MOV Address (SizeDir 64 (AddrPlus (FromReg RBX) (AddrImm 176))), Reg RAX 7
2675: LEA Reg RAX, Address (AddrPlus (FromReg RBX) (AddrImm 48)) 4
2679: MOV Address (SizeDir 64 (AddrPlus (FromReg RBX) (AddrImm 48))), Reg RAX 4
267d: MOV Address (SizeDir 64 (AddrPlus (FromReg RBX) (AddrImm 56))), Reg RAX 4
2681: CALL pthread_mutex_init (external)
2686: LEA Reg RDI, Address (AddrPlus (FromReg RBX) (AddrImm 104)) 4
268a: XOR Reg ESI, Reg ESI 2
268c: CALL pthread_cond_init (external)
2691: LEA Reg RDI, Address (AddrPlus (FromReg RBX) (AddrImm 184)) 7
2698: XOR Reg ESI, Reg ESI 2
269a: CALL pthread_mutex_init (external)
269f: LEA Reg RDI, Address (AddrPlus (FromReg RBX) (AddrImm 224)) 7
26a6: XOR Reg ESI, Reg ESI 2
26a8: CALL pthread_cond_init (external)
26ad: LEA Reg RDI, Address (AddrPlus (FromReg RBX) (AddrImm 272)) 7
26b4: XOR Reg ESI, Reg ESI 2
26b6: CALL pthread_mutex_init (external)
26bb: MOV Reg RCX, Address (SizeDir 64 (AddrPlus (FromReg RSP) (AddrImm 264))) 8
26c3: XOR Reg RCX, Address (SizeDir 64 (AddrPlus (FromReg FS) (AddrImm 40))) 9
26cc: MOV Reg RAX, Reg RBX 3
26cf: JNZ 27fe (resolved immediate)
  |
  `- 26d5,27fe
26d5: ADD Reg RSP, Immediate 272 7
26dc: POP Reg RBX 1
26dd: POP Reg RBP 1
26de: POP Reg R12 2
26e0: POP Reg R13 2
26e2: POP Reg R14 2
26e4: RET  1
  |
  `- 
26e8: XOR Reg EDX, Reg EDX 2
26ea: MOV Reg ESI, Immediate 1 5
26ef: MOV Reg EDI, Immediate 1 5
26f4: CALL socket (external)
26f9: TEST Reg EAX, Reg EAX 2
26fb: MOV Reg R13D, Reg EAX 3
26fe: JS 2797 (resolved immediate)
  |
  `- 2704,2797
2704: MOV Reg EDI, Reg EAX 2
2706: MOV Reg ESI, Immediate 1 5
270b: XOR Reg EAX, Reg EAX 2
270d: CALL fcntl (external)
2712: TEST Reg EAX, Reg EAX 2
2714: JS 2780 (resolved immediate)
  |
  `- 2716,2780
2716: OR Reg EAX, Immediate 1 3
2719: MOV Reg ESI, Immediate 2 5
271e: MOV Reg EDI, Reg R13D 3
2721: MOV Reg EDX, Reg EAX 2
2723: XOR Reg EAX, Reg EAX 2
2725: CALL fcntl (external)
272a: TEST Reg EAX, Reg EAX 2
272c: JS 2780 (resolved immediate)
  |
  `- 272e,2780
272e: MOV Reg EAX, Immediate 1 5
2733: MOV Reg RDI, Reg RBP 3
2736: MOV Address (SizeDir 16 (FromReg RSP)), Reg AX 4
273a: CALL strlen (external)
273f: CMP Reg RAX, Immediate 107 4
2743: JA 27e8 (resolved immediate)
  |
  `- 2749,27e8
2749: MOV Reg R14, Reg RSP 3
274c: LEA Reg RDX, Address (AddrPlus (FromReg RAX) (AddrImm 1)) 4
2750: MOV Reg ECX, Immediate 108 5
2755: LEA Reg RDI, Address (AddrPlus (FromReg R14) (AddrImm 2)) 4
2759: MOV Reg RSI, Reg RBP 3
275c: CALL __memcpy_chk (external)
2761: MOV Reg EDX, Immediate 110 5
2766: MOV Reg RSI, Reg R14 3
2769: MOV Reg EDI, Reg R13D 3
276c: CALL connect (external)
2771: TEST Reg EAX, Reg EAX 2
2773: JNZ 2780 (resolved immediate)
  |
  `- 2775,2780
2775: MOV Address (SizeDir 32 (FromReg RBX)), Reg R13D 3
2778: JMP 2648 (resolved immediate)
  |
  `- 2648
2780: CALL __errno_location (external)
2785: MOV Reg R14D, Address (SizeDir 32 (FromReg RAX)) 3
2788: MOV Reg RBP, Reg RAX 3
278b: MOV Reg EDI, Reg R13D 3
278e: CALL close (external)
2793: MOV Address (SizeDir 32 (AddrPlus (FromReg RBP) (AddrImm 0))), Reg R14D 4
2797: MOV Address (SizeDir 32 (FromReg RBX)), Immediate 4294967295 6
279d: NOP  3
27a0: CALL __errno_location (external)
27a5: MOV Reg RDI, Reg R12 3
27a8: MOV Reg RBP, Reg RAX 3
27ab: MOV Reg R13D, Address (SizeDir 32 (FromReg RAX)) 3
27ae: CALL xentoolcore__deregister_active_handle (external)
27b3: MOV Reg EDI, Address (SizeDir 32 (FromReg RBX)) 2
27b5: TEST Reg EDI, Reg EDI 2
27b7: JS 27be (resolved immediate)
  |
  `- 27b9,27be
27b9: CALL close (external)
27be: MOV Reg RDI, Reg RBX 3
27c1: XOR Reg EBX, Reg EBX 2
27c3: CALL free (external)
27c8: MOV Address (SizeDir 32 (AddrPlus (FromReg RBP) (AddrImm 0))), Reg R13D 4
27cc: JMP 26bb (resolved immediate)
  |
  `- 26bb
27d8: CALL __errno_location (external)
27dd: MOV Reg RBP, Reg RAX 3
27e0: MOV Reg R13D, Address (SizeDir 32 (FromReg RAX)) 3
27e3: JMP 27be (resolved immediate)
  |
  `- 27be
27e8: CALL __errno_location (external)
27ed: MOV Reg R14D, Immediate 22 6
27f3: MOV Reg RBP, Reg RAX 3
27f6: MOV Address (SizeDir 32 (FromReg RAX)), Immediate 22 6
27fc: JMP 278b (resolved immediate)
  |
  `- 278b
27fe: CALL __stack_chk_fail (external)
  |
  `- 
3570: PUSH Reg RBP 1
3571: PUSH Reg RBX 1
3572: MOV Reg RBP, Reg RDI 3
3575: SUB Reg RSP, Immediate 8 4
3579: AND Reg EDI, Immediate 1 3
357c: JZ 35b0 (resolved immediate)
  |
  `- 357e,35b0
357e: CALL xs_daemon_socket_ro (external)
3583: MOV Reg RDI, Reg RAX 3
3586: CALL get_handle (internal)
  |
  `- 25a0
358b: MOV Reg RBX, Reg RAX 3
358e: TEST Reg RBX, Reg RBX 3
3591: JZ 35c5 (resolved immediate)
  |
  `- 3593,35c5
3593: AND Reg EBP, Immediate 4 3
3596: JZ 359f (resolved immediate)
  |
  `- 3598,359f
3598: MOV Address (SizeDir 8 (AddrPlus (FromReg RBX) (AddrImm 160))), Immediate 1 7
359f: ADD Reg RSP, Immediate 8 4
35a3: MOV Reg RAX, Reg RBX 3
35a6: POP Reg RBX 1
35a7: POP Reg RBP 1
35a8: RET  1
  |
  `- 
35b0: CALL xs_daemon_socket (external)
35b5: MOV Reg RDI, Reg RAX 3
35b8: CALL get_handle (internal)
  |
  `- 
35bd: MOV Reg RBX, Reg RAX 3
35c0: TEST Reg RBX, Reg RBX 3
35c3: JNZ 3593 (resolved immediate)
  |
  `- 3593,35c5
35c5: TEST Reg BPL, Immediate 2 4
35c9: JNZ 359f (resolved immediate)
  |
  `- 359f,35cb
35cb: CALL xs_domain_dev (external)
35d0: MOV Reg RDI, Reg RAX 3
35d3: CALL get_handle (internal)
35d8: TEST Reg RAX, Reg RAX 3
35db: JZ 359f (resolved immediate)
  |
  `- 359f,35dd
35dd: MOV Reg RBX, Reg RAX 3
35e0: JMP 3593 (resolved immediate)
  |
  `- 3593
