Number of assembly instructions     = 34
Number of indirect branches         = 0
Number of unresolved indirect jumps = 0: 
Number of unresolved indirect calls = 0: 
Number of symbolic states (representative of non-determinism): 34
Number of edges: 36

4400 (False): 0

4400: PUSH Reg R14 2
4402: PUSH Reg R13 2
4404: XOR Reg R13D, Reg R13D 3
4407: PUSH Reg R12 2
4409: PUSH Reg RBP 1
440a: MOV Reg R12, Reg RDI 3
440d: PUSH Reg RBX 1
440e: MOV Reg RDI, Reg RSI 3
4411: MOV Reg RBP, Reg RSI 3
4414: CALL strlen (external)
4419: MOV Reg RDI, Reg R12 3
441c: MOV Reg R14, Reg RAX 3
441f: CALL strlen (external)
4424: CMP Reg R14, Reg RAX 3
4427: JB 4452 (resolved immediate)
  |
  `- 4429,4452
4429: MOV Reg RDX, Reg RAX 3
442c: MOV Reg RSI, Reg R12 3
442f: MOV Reg RDI, Reg RBP 3
4432: MOV Reg RBX, Reg RAX 3
4435: CALL memcmp (external)
443a: TEST Reg EAX, Reg EAX 2
443c: JNE 4452 (resolved immediate)
  |
  `- 443e,4452
443e: CMP Reg R14, Reg RBX 3
4441: MOV Reg R13D, Immediate 1 6
4447: JBE 4452 (resolved immediate)
  |
  `- 4449,4452
4449: CMP Address (SizeDir 8 (AddrPlus (FromReg RBP) (AddrTimes (AddrImm 1) (FromReg RBX)))), Immediate 47 5
444e: SETE Reg R13B 4
4452: POP Reg RBX 1
4453: MOV Reg EAX, Reg R13D 3
4456: POP Reg RBP 1
4457: POP Reg R12 2
4459: POP Reg R13 2
445b: POP Reg R14 2
445d: RET  1
  |
  `- 
