Number of assembly instructions     = 34
Number of indirect branches         = 0
Number of unresolved indirect jumps = 0: 
Number of unresolved indirect calls = 0: 
Number of symbolic states (representative of non-determinism): 34
Number of edges: 36

4f10 (False): 0

4f10: SUB Reg RSP, Immediate 8 4
4f14: MOV Reg ECX, Address (SizeDir 32 (AddrPlus (FromReg RDI) (AddrImm 4))) 3
4f17: MOV Reg RAX, Reg RSI 3
4f1a: CMP Reg ECX, Immediate 1 3
4f1d: JE 4f88 (resolved immediate)
  |
  `- 4f1f,4f88
4f1f: JB 4f80 (resolved immediate)
  |
  `- 4f21,4f80
4f21: CMP Reg ECX, Immediate 2 3
4f24: JE 4f60 (resolved immediate)
  |
  `- 4f26,4f60
4f26: CMP Reg ECX, Immediate 3 3
4f29: JNE 4f68 (resolved immediate)
  |
  `- 4f2b,4f68
4f2b: MOV Address (SizeDir 8 (FromReg RSI)), Immediate 98 3
4f2e: MOV Reg R9D, Address (SizeDir 32 (FromReg RDI)) 3
4f31: LEA Reg RSI, Address (SizeDir 64 (AddrMinus (FromReg RDX) (AddrImm 1))) 4
4f35: ADD Reg RAX, Immediate 1 4
4f39: LEA Reg R8, Address (SizeDir 64 (AddrPlus (FromReg RIP) (AddrImm 691))) 7
4f40: MOV Reg RDI, Reg RAX 3
4f43: MOV Reg RCX, Immediate 18446744073709551615 7
4f4a: MOV Reg EDX, Immediate 1 5
4f4f: XOR Reg EAX, Reg EAX 2
4f51: CALL __snprintf_chk (external)
4f56: MOV Reg EAX, Immediate 1 5
4f5b: ADD Reg RSP, Immediate 8 4
4f5f: RET  1
  |
  `- 
4f60: MOV Address (SizeDir 8 (FromReg RSI)), Immediate 119 3
4f63: JMP 4f2e (resolved immediate)
  |
  `- 4f2e
4f68: CALL __errno_location (external)
4f6d: MOV Address (SizeDir 32 (FromReg RAX)), Immediate 22 6
4f73: XOR Reg EAX, Reg EAX 2
4f75: ADD Reg RSP, Immediate 8 4
4f79: RET  1
  |
  `- 
4f80: MOV Address (SizeDir 8 (FromReg RSI)), Immediate 110 3
4f83: JMP 4f2e (resolved immediate)
  |
  `- 4f2e
4f88: MOV Address (SizeDir 8 (FromReg RSI)), Immediate 114 3
4f8b: JMP 4f2e (resolved immediate)
  |
  `- 4f2e
