Number of assembly instructions     = 80
Number of indirect branches         = 0
Number of unresolved indirect jumps = 0: 
Number of unresolved indirect calls = 0: 
Number of symbolic states (representative of non-determinism): 80
Number of edges: 84

5830 (True): 5df1
5dd0 (False): 0

5830: PUSH Reg R15 2
5832: PUSH Reg R14 2
5834: PUSH Reg R13 2
5836: PUSH Reg R12 2
5838: PUSH Reg RBP 1
5839: PUSH Reg RBX 1
583a: SUB Reg RSP, Immediate 8 4
583e: MOV Reg RBX, Address (SizeDir 64 (FromReg RDI)) 3
5841: TEST Reg RBX, Reg RBX 3
5844: JE 58b0 (resolved immediate)
  |
  `- 5846,58b0
5846: MOV Reg R13, Reg RDI 3
5849: MOV Reg R12, Reg RSI 3
584c: MOV Reg R14, Reg RDX 3
584f: MOV Reg R15D, Reg ECX 3
5852: JMP 5860 (resolved immediate)
  |
  `- 5860
5858: MOV Reg RBX, Address (SizeDir 64 (FromReg RBX)) 3
585b: TEST Reg RBX, Reg RBX 3
585e: JE 58b0 (resolved immediate)
  |
  `- 5860,58b0
5860: MOV Reg RDI, Address (SizeDir 64 (AddrPlus (FromReg RBX) (AddrImm 8))) 4
5864: MOV Reg RSI, Reg R12 3
5867: CALL strcmp (external)
586c: TEST Reg EAX, Reg EAX 2
586e: MOV Reg EBP, Reg EAX 2
5870: JNE 5858 (resolved immediate)
  |
  `- 5858,5872
5872: MOV Reg RAX, Address (SizeDir 64 (AddrPlus (FromReg RBX) (AddrImm 16))) 4
5876: MOV Reg EAX, Address (SizeDir 32 (FromReg RAX)) 2
5878: TEST Reg EAX, Reg EAX 2
587a: JE 58d0 (resolved immediate)
  |
  `- 587c,58d0
587c: TEST Reg R15D, Reg R15D 3
587f: MOV Reg EBP, Immediate 22 5
5884: JNE 58b5 (resolved immediate)
  |
  `- 5886,58b5
5886: MOV Reg RCX, Address (SizeDir 64 (AddrPlus (FromReg R13) (AddrImm 16))) 4
588a: MOV Reg RDI, Address (SizeDir 64 (AddrPlus (FromReg R13) (AddrImm 8))) 4
588e: LEA Reg RDX, Address (SizeDir 64 (AddrPlus (FromReg RIP) (AddrImm 22139))) 7
5895: MOV Reg R8D, Address (SizeDir 32 (AddrPlus (FromReg RBX) (AddrImm 24))) 4
5899: MOV Reg R9, Reg R12 3
589c: MOV Reg ESI, Immediate 1 5
58a1: XOR Reg EAX, Reg EAX 2
58a3: CALL __fprintf_chk (external)
58a8: JMP 58b5 (resolved immediate)
  |
  `- 58b5
58b0: MOV Reg EBP, Immediate 3 5
58b5: ADD Reg RSP, Immediate 8 4
58b9: MOV Reg EAX, Reg EBP 2
58bb: POP Reg RBX 1
58bc: POP Reg RBP 1
58bd: POP Reg R12 2
58bf: POP Reg R13 2
58c1: POP Reg R14 2
58c3: POP Reg R15 2
58c5: RET  1
  |
  `- 
58d0: MOV Address (SizeDir 64 (FromReg R14)), Reg RBX 3
58d3: JMP 58b5 (resolved immediate)
  |
  `- 58b5
5dd0: PUSH Reg RBP 1
5dd1: PUSH Reg RBX 1
5dd2: MOV Reg RBP, Reg RDX 3
5dd5: SUB Reg RSP, Immediate 24 4
5dd9: MOV Reg RDX, Reg RSP 3
5ddc: MOV Reg RAX, Address (SizeDir 64 (AddrPlus (FromReg FS) (AddrImm 40))) 9
5de5: MOV Address (SizeDir 64 (AddrPlus (FromReg RSP) (AddrImm 8))), Reg RAX 5
5dea: XOR Reg EAX, Reg EAX 2
5dec: CALL find_atom (internal)
  |
  `- 5830
5df1: TEST Reg EAX, Reg EAX 2
5df3: MOV Reg EBX, Reg EAX 2
5df5: JNE 5e15 (resolved immediate)
  |
  `- 5df7,5e15
5df7: MOV Reg RDI, Address (SizeDir 64 (FromReg RBP)) 4
5dfb: CALL free (external)
5e00: MOV Reg RAX, Address (SizeDir 64 (FromReg RSP)) 4
5e04: MOV Reg RAX, Address (SizeDir 64 (AddrPlus (FromReg RAX) (AddrImm 16))) 4
5e08: MOV Reg RDI, Address (SizeDir 64 (AddrPlus (FromReg RAX) (AddrImm 8))) 4
5e0c: CALL strdup (external)
5e11: MOV Address (SizeDir 64 (FromReg RBP)), Reg RAX 4
5e15: MOV Reg EAX, Reg EBX 2
5e17: MOV Reg RBX, Address (SizeDir 64 (AddrPlus (FromReg RSP) (AddrImm 8))) 5
5e1c: XOR Reg RBX, Address (SizeDir 64 (AddrPlus (FromReg FS) (AddrImm 40))) 9
5e25: JNE 5e2e (resolved immediate)
  |
  `- 5e27,5e2e
5e27: ADD Reg RSP, Immediate 24 4
5e2b: POP Reg RBX 1
5e2c: POP Reg RBP 1
5e2d: RET  1
  |
  `- 
5e2e: CALL __stack_chk_fail (external)
  |
  `- 
