Number of assembly instructions     = 46
Number of indirect branches         = 0
Number of unresolved indirect jumps = 0: 
Number of unresolved indirect calls = 0: 
Number of symbolic states (representative of non-determinism): 46
Number of edges: 45

6420 (False): 0

6420: MOV Reg EAX, Address (SizeDir 32 (AddrPlus (FromReg RDI) (AddrImm 8))) 3
6423: TEST Reg EAX, Reg EAX 2
6425: JNE 6478 (resolved immediate)
  |
  `- 6427,6478
6427: PUSH Reg R13 2
6429: PUSH Reg R12 2
642b: MOV Reg R13, Reg RDI 3
642e: PUSH Reg RBP 1
642f: PUSH Reg RBX 1
6430: MOV Reg EBP, Reg ECX 2
6432: MOV Reg R12, Reg RDX 3
6435: MOV Reg RBX, Reg RSI 3
6438: SUB Reg RSP, Immediate 8 4
643c: TEST Reg RSI, Reg RSI 3
643f: JE 6496 (resolved immediate)
  |
  `- 6441,6496
6441: MOV Reg EDI, Immediate 32 5
6446: CALL malloc (external)
644b: TEST Reg RAX, Reg RAX 3
644e: JE 6480 (resolved immediate)
  |
  `- 6450,6480
6450: MOV Reg RDX, Address (SizeDir 64 (FromReg R13)) 4
6454: MOV Address (SizeDir 64 (AddrPlus (FromReg RAX) (AddrImm 8))), Reg RBX 4
6458: MOV Address (SizeDir 64 (AddrPlus (FromReg RAX) (AddrImm 16))), Reg R12 4
645c: MOV Address (SizeDir 32 (AddrPlus (FromReg RAX) (AddrImm 24))), Reg EBP 3
645f: MOV Reg RCX, Address (SizeDir 64 (FromReg RDX)) 3
6462: MOV Address (SizeDir 64 (FromReg RAX)), Reg RCX 3
6465: MOV Address (SizeDir 64 (FromReg RDX)), Reg RAX 3
6468: ADD Reg RSP, Immediate 8 4
646c: POP Reg RBX 1
646d: POP Reg RBP 1
646e: POP Reg R12 2
6470: POP Reg R13 2
6472: RET  1
  |
  `- 
6478: RET  2
  |
  `- 
6480: CALL __errno_location (external)
6485: MOV Reg EAX, Address (SizeDir 32 (FromReg RAX)) 2
6487: MOV Address (SizeDir 32 (AddrPlus (FromReg R13) (AddrImm 8))), Reg EAX 4
648b: ADD Reg RSP, Immediate 8 4
648f: POP Reg RBX 1
6490: POP Reg RBP 1
6491: POP Reg R12 2
6493: POP Reg R13 2
6495: RET  1
  |
  `- 
6496: LEA Reg RCX, Address (SizeDir 64 (AddrPlus (FromReg RIP) (AddrImm 20131))) 7
649d: LEA Reg RSI, Address (SizeDir 64 (AddrPlus (FromReg RIP) (AddrImm 19934))) 7
64a4: LEA Reg RDI, Address (SizeDir 64 (AddrPlus (FromReg RIP) (AddrImm 19999))) 7
64ab: MOV Reg EDX, Immediate 459 5
64b0: CALL __assert_fail (external)
  |
  `- 
