Number of assembly instructions     = 26
Number of indirect branches         = 0
Number of unresolved indirect jumps = 0: 
Number of unresolved indirect calls = 0: 
Number of symbolic states (representative of non-determinism): 26
Number of edges: 26

64c0 (False): 0

64c0: PUSH Reg RBP 1
64c1: PUSH Reg RBX 1
64c2: SUB Reg RSP, Immediate 8 4
64c6: MOV Reg EAX, Address (SizeDir 32 (AddrPlus (FromReg RDI) (AddrImm 8))) 3
64c9: TEST Reg EAX, Reg EAX 2
64cb: JNE 64f8 (resolved immediate)
  |
  `- 64cd,64f8
64cd: MOV Reg RBX, Reg RDI 3
64d0: MOV Reg RDI, Reg RSI 3
64d3: CALL strdup (external)
64d8: TEST Reg RAX, Reg RAX 3
64db: MOV Reg RBP, Reg RAX 3
64de: JNE 64ea (resolved immediate)
  |
  `- 64e0,64ea
64e0: CALL __errno_location (external)
64e5: MOV Reg EAX, Address (SizeDir 32 (FromReg RAX)) 2
64e7: MOV Address (SizeDir 32 (AddrPlus (FromReg RBX) (AddrImm 8))), Reg EAX 3
64ea: ADD Reg RSP, Immediate 8 4
64ee: MOV Reg RAX, Reg RBP 3
64f1: POP Reg RBX 1
64f2: POP Reg RBP 1
64f3: RET  1
  |
  `- 
64f8: XOR Reg EBP, Reg EBP 2
64fa: ADD Reg RSP, Immediate 8 4
64fe: MOV Reg RAX, Reg RBP 3
6501: POP Reg RBX 1
6502: POP Reg RBP 1
6503: RET  1
  |
  `- 
