Number of assembly instructions     = 1576
Number of indirect branches         = 1
Number of unresolved indirect jumps = 0: 
Number of unresolved indirect calls = 0: 
Number of symbolic states (representative of non-determinism): 1700
Number of edges: 5055

2f20 (True): 7bfd, 8d6a
2fcb (False): 7398, 87db, 8bfa, 8c34, 8c40, 8c83, 8c8f, 8da1
6a50 (True): 86bf, 8a4b, 8cad
6b30 (True): 2f63, 7cab, 7db9, 7e1e, 7fac, 80b5, 8178, 81dd, 83ed, 850b
6b80 (True): 7c28, 8015
6d00 (True): 7f12
72e0 (True): 8528
77b0 (False): 0

2f20: PUSH Reg R12 2
2f22: MOV Reg R12, Reg RSI 3
2f25: PUSH Reg RBP 1
2f26: PUSH Reg RBX 1
2f27: MOV Reg ESI, Immediate 58 5
2f2c: MOV Reg RBX, Reg RDI 3
2f2f: MOV Reg RDI, Reg R12 3
2f32: CALL strrchr (external)
2f37: XOR Reg EDX, Reg EDX 2
2f39: TEST Reg RAX, Reg RAX 3
2f3c: JZ 2fc4 (resolved immediate)
  |
  `- 2f42,2fc4
2f42: LEA Reg RBP, Address (AddrPlus (FromReg RAX) (AddrImm 1)) 4
2f46: MOV Address (SizeDir 8 (FromReg RAX)), Immediate 0 3
2f49: MOV Reg RAX, Address (SizeDir 64 (AddrPlus (FromReg RBX) (AddrImm 32))) 4
2f4d: LEA Reg RSI, Address (AddrPlus (FromReg RIP) (AddrImm 33859)) 7
2f54: MOV Reg RCX, Reg R12 3
2f57: MOV Reg RDI, Reg RBX 3
2f5a: LEA Reg RDX, Address (AddrPlus (FromReg RAX) (AddrImm 24)) 4
2f5e: CALL savestring (internal)
2f63: LEA Reg RSI, Address (AddrPlus (FromReg RIP) (AddrImm 33854)) 7
2f6a: MOV Reg RDI, Reg RBP 3
2f6d: CALL strcmp (external)
2f72: TEST Reg EAX, Reg EAX 2
2f74: JNZ 2f88 (resolved immediate)
  |
  `- 2f76,2f88
2f76: MOV Reg RAX, Address (SizeDir 64 (AddrPlus (FromReg RBX) (AddrImm 32))) 4
2f7a: MOV Reg EDX, Immediate 1 5
2f7f: MOV Address (SizeDir 32 (AddrPlus (FromReg RAX) (AddrImm 56))), Immediate 1 7
2f86: JMP 2fc4 (resolved immediate)
  |
  `- 2fc4
2f88: LEA Reg RSI, Address (AddrPlus (FromReg RIP) (AddrImm 34003)) 7
2f8f: MOV Reg RDI, Reg RBP 3
2f92: CALL strcmp (external)
2f97: TEST Reg EAX, Reg EAX 2
2f99: JNZ 2fad (resolved immediate)
  |
  `- 2f9b,2fad
2f9b: MOV Reg RAX, Address (SizeDir 64 (AddrPlus (FromReg RBX) (AddrImm 32))) 4
2f9f: MOV Reg EDX, Immediate 1 5
2fa4: MOV Address (SizeDir 32 (AddrPlus (FromReg RAX) (AddrImm 56))), Immediate 0 7
2fab: JMP 2fc4 (resolved immediate)
  |
  `- 2fc4
2fad: LEA Reg RDX, Address (AddrPlus (FromReg RIP) (AddrImm 33786)) 7
2fb4: MOV Reg RSI, Reg RBP 3
2fb7: MOV Reg RDI, Reg RBX 3
2fba: CALL xlu__disk_err (external)
2fbf: MOV Reg EDX, Immediate 1 5
2fc4: POP Reg RBX 1
2fc5: MOV Reg EAX, Reg EDX 2
2fc7: POP Reg RBP 1
2fc8: POP Reg R12 2
2fca: RET  1
  |
  `- 
2fcb: SUB Reg RSP, Immediate 8 4
2fcf: MOV Reg RAX, Address (SizeDir 64 (AddrPlus (FromReg RIP) (AddrImm 2150410))) 7
2fd6: MOV Reg RCX, Reg RDI 3
2fd9: LEA Reg RDX, Address (AddrPlus (FromReg RIP) (AddrImm 43521)) 7
2fe0: MOV Reg ESI, Immediate 1 5
2fe5: MOV Reg RDI, Address (SizeDir 64 (FromReg RAX)) 3
2fe8: XOR Reg EAX, Reg EAX 2
2fea: CALL __fprintf_chk (external)
2fef: MOV Reg EDI, Immediate 2 5
2ff4: CALL exit (external)
  |
  `- 
6a50: MOV Reg RDX, Address (SizeDir 64 (AddrPlus (FromReg RDI) (AddrImm 136))) 7
6a57: MOV Reg EAX, Address (SizeDir 32 (AddrPlus (FromReg RDI) (AddrImm 84))) 3
6a5a: LEA Reg RCX, Address (AddrPlus (FromReg RDX) (AddrImm 4)) 4
6a5e: MOV Address (SizeDir 64 (AddrPlus (FromReg RDI) (AddrImm 144))), Reg RCX 7
6a65: MOV Address (SizeDir 32 (FromReg RDX)), Reg EAX 2
6a67: MOVSXD Reg R10, Address (SizeDir 32 (AddrPlus (FromReg RDI) (AddrImm 196))) 7
6a6e: ADD Reg R10, Address (SizeDir 64 (AddrPlus (FromReg RDI) (AddrImm 184))) 7
6a75: CMP Reg R10, Address (SizeDir 64 (AddrPlus (FromReg RDI) (AddrImm 72))) 4
6a79: JAE 6b23 (resolved immediate)
  |
  `- 6a7f,6b23
6a7f: PUSH Reg R13 2
6a81: LEA Reg R8, Address (AddrPlus (FromReg RIP) (AddrImm 24536)) 7
6a88: PUSH Reg R12 2
6a8a: LEA Reg RSI, Address (AddrPlus (FromReg RIP) (AddrImm 19887)) 7
6a91: PUSH Reg RBP 1
6a92: LEA Reg R9, Address (AddrPlus (FromReg RIP) (AddrImm 23655)) 7
6a99: PUSH Reg RBX 1
6a9a: LEA Reg RBP, Address (AddrPlus (FromReg RIP) (AddrImm 25535)) 7
6aa1: LEA Reg RBX, Address (AddrPlus (FromReg RIP) (AddrImm 21752)) 7
6aa8: LEA Reg R11, Address (AddrPlus (FromReg RIP) (AddrImm 25361)) 7
6aaf: NOP  1
6ab0: MOVZX Reg EDX, Address (SizeDir 8 (FromReg R10)) 4
6ab4: MOV Reg ECX, Immediate 1 5
6ab9: TEST Reg DL, Reg DL 2
6abb: JZ 6ac8 (resolved immediate)
  |
  `- 6abd,6ac8
6abd: MOVZX Reg ECX, Address (SizeDir 8 (AddrPlus (AddrPlus (FromReg RBP) (AddrTimes (AddrImm 4) (FromReg RDX))) (AddrImm 0))) 5
6ac2: NOP  6
6ac8: MOVSXD Reg R12, Reg EAX 3
6acb: MOVSX Reg EDX, Address (SizeDir 16 (AddrPlus (FromReg R8) (AddrTimes (AddrImm 2) (FromReg R12)))) 5
6ad0: ADD Reg EDX, Reg ECX 2
6ad2: MOVSXD Reg R13, Reg EDX 3
6ad5: MOVSX Reg R13D, Address (SizeDir 16 (AddrPlus (FromReg RSI) (AddrTimes (AddrImm 2) (FromReg R13)))) 5
6ada: CMP Reg R13D, Reg EAX 3
6add: JZ 6af8 (resolved immediate)
  |
  `- 6adf,6af8
6adf: MOVSX Reg EAX, Address (SizeDir 16 (AddrPlus (FromReg R9) (AddrTimes (AddrImm 2) (FromReg R12)))) 5
6ae4: CMP Reg EAX, Immediate 354 5
6ae9: JLE 6ac8 (resolved immediate)
  |
  `- 6ac8,6aeb
6aeb: MOV Reg ECX, Reg ECX 2
6aed: MOVZX Reg ECX, Address (SizeDir 8 (AddrPlus (FromReg R11) (AddrTimes (AddrImm 4) (FromReg RCX)))) 5
6af2: JMP 6ac8 (resolved immediate)
  |
  `- 6ac8
6af8: MOV Reg EDX, Reg EDX 2
6afa: ADD Reg R10, Immediate 1 4
6afe: MOVSX Reg EAX, Address (SizeDir 16 (AddrPlus (FromReg RBX) (AddrTimes (AddrImm 2) (FromReg RDX)))) 4
6b02: MOV Reg RDX, Address (SizeDir 64 (AddrPlus (FromReg RDI) (AddrImm 144))) 7
6b09: LEA Reg RCX, Address (AddrPlus (FromReg RDX) (AddrImm 4)) 4
6b0d: MOV Address (SizeDir 64 (AddrPlus (FromReg RDI) (AddrImm 144))), Reg RCX 7
6b14: MOV Address (SizeDir 32 (FromReg RDX)), Reg EAX 2
6b16: CMP Address (SizeDir 64 (AddrPlus (FromReg RDI) (AddrImm 72))), Reg R10 4
6b1a: JA 6ab0 (resolved immediate)
  |
  `- 6ab0,6b1c
6b1c: POP Reg RBX 1
6b1d: POP Reg RBP 1
6b1e: POP Reg R12 2
6b20: POP Reg R13 2
6b22: RET  1
  |
  `- 
6b23: REPZ RET  2
  |
  `- 
6b30: PUSH Reg RBP 1
6b31: PUSH Reg RBX 1
6b32: MOV Reg RBP, Reg RCX 3
6b35: MOV Reg RBX, Reg RDX 3
6b38: SUB Reg RSP, Immediate 8 4
6b3c: MOV Reg RAX, Address (SizeDir 64 (FromReg RDX)) 3
6b3f: TEST Reg RAX, Reg RAX 3
6b42: JZ 6b51 (resolved immediate)
  |
  `- 6b44,6b51
6b44: CMP Address (SizeDir 8 (FromReg RAX)), Immediate 0 3
6b47: JNZ 6b68 (resolved immediate)
  |
  `- 6b49,6b68
6b49: MOV Reg RDI, Reg RAX 3
6b4c: CALL free (external)
6b51: MOV Reg RDI, Reg RBP 3
6b54: CALL strdup (external)
6b59: MOV Address (SizeDir 64 (FromReg RBX)), Reg RAX 3
6b5c: ADD Reg RSP, Immediate 8 4
6b60: POP Reg RBX 1
6b61: POP Reg RBP 1
6b62: RET  1
  |
  `- 
6b68: ADD Reg RSP, Immediate 8 4
6b6c: MOV Reg RDX, Reg RSI 3
6b6f: MOV Reg RSI, Reg RCX 3
6b72: POP Reg RBX 1
6b73: POP Reg RBP 1
6b74: JMP xlu__disk_err (jmp to external function)
  |
  `- 
6b80: CMP Address (SizeDir 8 (FromReg RSI)), Immediate 0 3
6b83: MOV Reg R8, Reg RDI 3
6b86: MOV Reg RAX, Reg RSI 3
6b89: JZ 6ba3 (resolved immediate)
  |
  `- 6b8b,6ba3
6b8b: LEA Reg RDI, Address (AddrPlus (FromReg RIP) (AddrImm 18503)) 7
6b92: MOV Reg ECX, Immediate 4 5
6b97: REPZ CMPSB  2
6b99: SETA Reg DL 3
6b9c: SBB Reg DL, Immediate 0 3
6b9f: TEST Reg DL, Reg DL 2
6ba1: JNZ 6bc0 (resolved immediate)
  |
  `- 6ba3,6bc0
6ba3: MOV Reg RDX, Address (SizeDir 64 (AddrPlus (FromReg R8) (AddrImm 32))) 4
6ba7: TEST Address (SizeDir 32 (AddrPlus (FromReg RDX) (AddrImm 36))), Immediate 4294967291 7
6bae: JNZ 6c18 (resolved immediate)
  |
  `- 6bb0,6c18
6bb0: MOV Address (SizeDir 32 (AddrPlus (FromReg RDX) (AddrImm 36))), Immediate 4 7
6bb7: RET  1
  |
  `- 
6bc0: LEA Reg RDI, Address (AddrPlus (FromReg RIP) (AddrImm 18454)) 7
6bc7: MOV Reg ECX, Immediate 5 5
6bcc: MOV Reg RSI, Reg RAX 3
6bcf: REPZ CMPSB  2
6bd1: SETA Reg DL 3
6bd4: SBB Reg DL, Immediate 0 3
6bd7: TEST Reg DL, Reg DL 2
6bd9: JNZ 6bf0 (resolved immediate)
  |
  `- 6bdb,6bf0
6bdb: MOV Reg RDX, Address (SizeDir 64 (AddrPlus (FromReg R8) (AddrImm 32))) 4
6bdf: CMP Address (SizeDir 32 (AddrPlus (FromReg RDX) (AddrImm 36))), Immediate 1 4
6be3: JA 6c18 (resolved immediate)
  |
  `- 6be5,6c18
6be5: MOV Address (SizeDir 32 (AddrPlus (FromReg RDX) (AddrImm 36))), Immediate 1 7
6bec: RET  1
  |
  `- 
6bf0: LEA Reg RDI, Address (AddrPlus (FromReg RIP) (AddrImm 18411)) 7
6bf7: MOV Reg ECX, Immediate 6 5
6bfc: MOV Reg RSI, Reg RAX 3
6bff: REPZ CMPSB  2
6c01: SETA Reg DL 3
6c04: SBB Reg DL, Immediate 0 3
6c07: TEST Reg DL, Reg DL 2
6c09: JNZ 6c30 (resolved immediate)
  |
  `- 6c0b,6c30
6c0b: MOV Reg RDX, Address (SizeDir 64 (AddrPlus (FromReg R8) (AddrImm 32))) 4
6c0f: TEST Address (SizeDir 32 (AddrPlus (FromReg RDX) (AddrImm 36))), Immediate 4294967293 7
6c16: JZ 6c80 (resolved immediate)
  |
  `- 6c18,6c80
6c18: LEA Reg RDX, Address (AddrPlus (FromReg RIP) (AddrImm 18343)) 7
6c1f: MOV Reg RSI, Reg RAX 3
6c22: MOV Reg RDI, Reg R8 3
6c25: JMP xlu__disk_err (jmp to external function)
  |
  `- 
6c30: LEA Reg RDI, Address (AddrPlus (FromReg RIP) (AddrImm 18353)) 7
6c37: MOV Reg ECX, Immediate 4 5
6c3c: MOV Reg RSI, Reg RAX 3
6c3f: REPZ CMPSB  2
6c41: SETA Reg DL 3
6c44: SBB Reg DL, Immediate 0 3
6c47: TEST Reg DL, Reg DL 2
6c49: JZ 6c90 (resolved immediate)
  |
  `- 6c4b,6c90
6c4b: LEA Reg RDI, Address (AddrPlus (FromReg RIP) (AddrImm 18330)) 7
6c52: MOV Reg ECX, Immediate 6 5
6c57: MOV Reg RSI, Reg RAX 3
6c5a: REPZ CMPSB  2
6c5c: SETA Reg DL 3
6c5f: SBB Reg DL, Immediate 0 3
6c62: TEST Reg DL, Reg DL 2
6c64: JNZ 6cb0 (resolved immediate)
  |
  `- 6c66,6cb0
6c66: MOV Reg RDX, Address (SizeDir 64 (AddrPlus (FromReg R8) (AddrImm 32))) 4
6c6a: MOV Reg ECX, Address (SizeDir 32 (AddrPlus (FromReg RDX) (AddrImm 36))) 3
6c6d: TEST Reg ECX, Reg ECX 2
6c6f: JZ 6c76 (resolved immediate)
  |
  `- 6c71,6c76
6c71: CMP Reg ECX, Immediate 5 3
6c74: JNZ 6c18 (resolved immediate)
  |
  `- 6c18,6c76
6c76: MOV Address (SizeDir 32 (AddrPlus (FromReg RDX) (AddrImm 36))), Immediate 5 7
6c7d: RET  1
  |
  `- 
6c80: MOV Address (SizeDir 32 (AddrPlus (FromReg RDX) (AddrImm 36))), Immediate 2 7
6c87: RET  1
  |
  `- 
6c90: MOV Reg RDX, Address (SizeDir 64 (AddrPlus (FromReg R8) (AddrImm 32))) 4
6c94: MOV Reg ECX, Address (SizeDir 32 (AddrPlus (FromReg RDX) (AddrImm 36))) 3
6c97: TEST Reg ECX, Reg ECX 2
6c99: JZ 6ca4 (resolved immediate)
  |
  `- 6c9b,6ca4
6c9b: CMP Reg ECX, Immediate 3 3
6c9e: JNZ 6c18 (resolved immediate)
  |
  `- 6c18,6ca4
6ca4: MOV Address (SizeDir 32 (AddrPlus (FromReg RDX) (AddrImm 36))), Immediate 3 7
6cab: RET  1
  |
  `- 
6cb0: LEA Reg RDI, Address (AddrPlus (FromReg RIP) (AddrImm 18235)) 7
6cb7: MOV Reg ECX, Immediate 4 5
6cbc: MOV Reg RSI, Reg RAX 3
6cbf: REPZ CMPSB  2
6cc1: SETA Reg DL 3
6cc4: SBB Reg DL, Immediate 0 3
6cc7: TEST Reg DL, Reg DL 2
6cc9: JNZ 6ce7 (resolved immediate)
  |
  `- 6ccb,6ce7
6ccb: MOV Reg RDX, Address (SizeDir 64 (AddrPlus (FromReg R8) (AddrImm 32))) 4
6ccf: MOV Reg ECX, Address (SizeDir 32 (AddrPlus (FromReg RDX) (AddrImm 36))) 3
6cd2: TEST Reg ECX, Reg ECX 2
6cd4: JZ 6cdf (resolved immediate)
  |
  `- 6cd6,6cdf
6cd6: CMP Reg ECX, Immediate 6 3
6cd9: JNZ 6c18 (resolved immediate)
  |
  `- 6c18,6cdf
6cdf: MOV Address (SizeDir 32 (AddrPlus (FromReg RDX) (AddrImm 36))), Immediate 6 7
6ce6: RET  1
  |
  `- 
6ce7: LEA Reg RDX, Address (AddrPlus (FromReg RIP) (AddrImm 18184)) 7
6cee: MOV Reg RSI, Reg RAX 3
6cf1: MOV Reg RDI, Reg R8 3
6cf4: JMP xlu__disk_err (jmp to external function)
  |
  `- 
6d00: MOV Reg R9, Reg RDI 3
6d03: LEA Reg RDI, Address (AddrPlus (FromReg RIP) (AddrImm 18475)) 7
6d0a: MOV Reg ECX, Immediate 2 5
6d0f: MOV Reg R8, Reg RSI 3
6d12: REPZ CMPSB  2
6d14: SETA Reg AL 3
6d17: SBB Reg AL, Immediate 0 2
6d19: TEST Reg AL, Reg AL 2
6d1b: JZ 6d80 (resolved immediate)
  |
  `- 6d1d,6d80
6d1d: LEA Reg RDI, Address (AddrPlus (FromReg RIP) (AddrImm 18155)) 7
6d24: MOV Reg ECX, Immediate 3 5
6d29: MOV Reg RSI, Reg R8 3
6d2c: REPZ CMPSB  2
6d2e: SETA Reg AL 3
6d31: SBB Reg AL, Immediate 0 2
6d33: TEST Reg AL, Reg AL 2
6d35: JZ 6d80 (resolved immediate)
  |
  `- 6d37,6d80
6d37: LEA Reg RDI, Address (AddrPlus (FromReg RIP) (AddrImm 18132)) 7
6d3e: MOV Reg ECX, Immediate 3 5
6d43: MOV Reg RSI, Reg R8 3
6d46: REPZ CMPSB  2
6d48: SETA Reg AL 3
6d4b: SBB Reg AL, Immediate 0 2
6d4d: TEST Reg AL, Reg AL 2
6d4f: JZ 6d71 (resolved immediate)
  |
  `- 6d51,6d71
6d51: LEA Reg RDI, Address (AddrPlus (FromReg RIP) (AddrImm 18051)) 7
6d58: MOV Reg ECX, Immediate 2 5
6d5d: MOV Reg RSI, Reg R8 3
6d60: REPZ CMPSB  2
6d62: SETA Reg AL 3
6d65: SBB Reg AL, Immediate 0 2
6d67: TEST Reg AL, Reg AL 2
6d69: JZ 6d71 (resolved immediate)
  |
  `- 6d6b,6d71
6d6b: CMP Address (SizeDir 8 (FromReg R8)), Immediate 0 4
6d6f: JNZ 6d90 (resolved immediate)
  |
  `- 6d71,6d90
6d71: MOV Reg RAX, Address (SizeDir 64 (AddrPlus (FromReg R9) (AddrImm 32))) 4
6d75: MOV Address (SizeDir 32 (AddrPlus (FromReg RAX) (AddrImm 52))), Immediate 1 7
6d7c: RET  1
  |
  `- 
6d80: MOV Reg RAX, Address (SizeDir 64 (AddrPlus (FromReg R9) (AddrImm 32))) 4
6d84: MOV Address (SizeDir 32 (AddrPlus (FromReg RAX) (AddrImm 52))), Immediate 0 7
6d8b: RET  1
  |
  `- 
6d90: LEA Reg RDX, Address (AddrPlus (FromReg RIP) (AddrImm 18046)) 7
6d97: MOV Reg RSI, Reg R8 3
6d9a: MOV Reg RDI, Reg R9 3
6d9d: JMP xlu__disk_err (jmp to external function)
  |
  `- 
72e0: PUSH Reg RBP 1
72e1: PUSH Reg RBX 1
72e2: MOV Reg RBX, Reg RDI 3
72e5: SUB Reg RSP, Immediate 8 4
72e9: MOV Reg RDI, Address (SizeDir 64 (AddrPlus (FromReg RDI) (AddrImm 40))) 4
72ed: TEST Reg RDI, Reg RDI 3
72f0: JZ 7358 (resolved immediate)
  |
  `- 72f2,7358
72f2: MOV Reg RAX, Address (SizeDir 64 (AddrPlus (FromReg RBX) (AddrImm 32))) 4
72f6: LEA Reg RDX, Address (AddrMinus (FromReg RAX) (AddrImm 1)) 4
72fa: CMP Address (SizeDir 64 (AddrPlus (FromReg RBX) (AddrImm 24))), Reg RDX 4
72fe: JAE 7310 (resolved immediate)
  |
  `- 7300,7310
7300: ADD Reg RSP, Immediate 8 4
7304: POP Reg RBX 1
7305: POP Reg RBP 1
7306: RET  1
  |
  `- 
7310: LEA Reg RBP, Address (AddrPlus (FromReg RAX) (AddrImm 8)) 4
7314: MOV Reg RDX, Reg RBX 3
7317: LEA Reg RSI, Address (AddrPlus (AddrTimes (AddrImm 8) (FromReg RBP)) (AddrImm 0)) 8
731f: CALL xlu__disk_yyrealloc (external)
7324: TEST Reg RAX, Reg RAX 3
7327: MOV Address (SizeDir 64 (AddrPlus (FromReg RBX) (AddrImm 40))), Reg RAX 4
732b: JZ 738c (resolved immediate)
  |
  `- 732d,738c
732d: MOV Reg RDX, Address (SizeDir 64 (AddrPlus (FromReg RBX) (AddrImm 32))) 4
7331: PXOR Reg XMM0, Reg XMM0 4
7335: LEA Reg RAX, Address (AddrPlus (FromReg RAX) (AddrTimes (AddrImm 8) (FromReg RDX))) 4
7339: MOVUPS Address (SizeDir 128 (FromReg RAX)), Reg XMM0 3
733c: MOVUPS Address (SizeDir 128 (AddrPlus (FromReg RAX) (AddrImm 16))), Reg XMM0 4
7340: MOVUPS Address (SizeDir 128 (AddrPlus (FromReg RAX) (AddrImm 32))), Reg XMM0 4
7344: MOVUPS Address (SizeDir 128 (AddrPlus (FromReg RAX) (AddrImm 48))), Reg XMM0 4
7348: MOV Address (SizeDir 64 (AddrPlus (FromReg RBX) (AddrImm 32))), Reg RBP 4
734c: ADD Reg RSP, Immediate 8 4
7350: POP Reg RBX 1
7351: POP Reg RBP 1
7352: RET  1
  |
  `- 
7358: MOV Reg RSI, Reg RBX 3
735b: MOV Reg EDI, Immediate 8 5
7360: CALL xlu__disk_yyalloc (external)
7365: TEST Reg RAX, Reg RAX 3
7368: MOV Address (SizeDir 64 (AddrPlus (FromReg RBX) (AddrImm 40))), Reg RAX 4
736c: JZ 738c (resolved immediate)
  |
  `- 736e,738c
736e: MOV Address (SizeDir 64 (FromReg RAX)), Immediate 0 7
7375: MOV Address (SizeDir 64 (AddrPlus (FromReg RBX) (AddrImm 32))), Immediate 1 8
737d: MOV Address (SizeDir 64 (AddrPlus (FromReg RBX) (AddrImm 24))), Immediate 0 8
7385: ADD Reg RSP, Immediate 8 4
7389: POP Reg RBX 1
738a: POP Reg RBP 1
738b: RET  1
  |
  `- 
738c: LEA Reg RDI, Address (AddrPlus (FromReg RIP) (AddrImm 17005)) 7
7393: CALL yy_fatal_error.isra.2 (internal)
  |
  `- 
77b0: PUSH Reg R15 2
77b2: PUSH Reg R14 2
77b4: PUSH Reg R13 2
77b6: PUSH Reg R12 2
77b8: PUSH Reg RBP 1
77b9: PUSH Reg RBX 1
77ba: MOV Reg RBX, Reg RDI 3
77bd: SUB Reg RSP, Immediate 104 4
77c1: MOV Reg R13D, Address (SizeDir 32 (AddrPlus (FromReg RDI) (AddrImm 80))) 4
77c5: MOV Reg RAX, Address (SizeDir 64 (AddrPlus (FromReg FS) (AddrImm 40))) 9
77ce: MOV Address (SizeDir 64 (AddrPlus (FromReg RSP) (AddrImm 88))), Reg RAX 5
77d3: XOR Reg EAX, Reg EAX 2
77d5: TEST Reg R13D, Reg R13D 3
77d8: JZ 7ac7 (resolved immediate)
  |
  `- 77de,7ac7
77de: MOVZX Reg EDX, Address (SizeDir 8 (AddrPlus (FromReg RDI) (AddrImm 48))) 4
77e2: MOV Reg R8, Address (SizeDir 64 (AddrPlus (FromReg RDI) (AddrImm 72))) 4
77e6: MOV Reg EAX, Address (SizeDir 32 (AddrPlus (FromReg RBX) (AddrImm 192))) 6
77ec: LEA Reg R12, Address (AddrPlus (FromReg RIP) (AddrImm 21101)) 7
77f3: LEA Reg R11, Address (AddrPlus (FromReg RIP) (AddrImm 16454)) 7
77fa: LEA Reg R9, Address (AddrPlus (FromReg RIP) (AddrImm 23135)) 7
7801: LEA Reg R13, Address (AddrPlus (FromReg RIP) (AddrImm 23864)) 7
7808: LEA Reg R14, Address (AddrPlus (FromReg RIP) (AddrImm 20209)) 7
780f: LEA Reg R15, Address (AddrPlus (FromReg RIP) (AddrImm 21930)) 7
7816: NOP  10
7820: TEST Reg EAX, Reg EAX 2
7822: MOV Address (SizeDir 32 (AddrPlus (FromReg RBX) (AddrImm 196))), Immediate 0 10
782c: JZ 7848 (resolved immediate)
  |
  `- 782e,7848
782e: MOV Reg RAX, Reg R8 3
7831: SUB Reg RAX, Address (SizeDir 64 (AddrPlus (FromReg RBX) (AddrImm 184))) 7
7838: MOV Address (SizeDir 32 (AddrPlus (FromReg RBX) (AddrImm 192))), Immediate 0 10
7842: MOV Address (SizeDir 32 (AddrPlus (FromReg RBX) (AddrImm 196))), Reg EAX 6
7848: MOV Address (SizeDir 8 (FromReg R8)), Reg DL 3
784b: MOV Reg RDX, Address (SizeDir 64 (AddrPlus (FromReg RBX) (AddrImm 136))) 7
7852: MOV Reg EAX, Address (SizeDir 32 (AddrPlus (FromReg RBX) (AddrImm 84))) 3
7855: MOV Address (SizeDir 64 (AddrPlus (FromReg RSP) (AddrImm 8))), Reg R8 5
785a: LEA Reg RCX, Address (AddrPlus (FromReg RDX) (AddrImm 4)) 4
785e: MOV Address (SizeDir 64 (AddrPlus (FromReg RBX) (AddrImm 144))), Reg RCX 7
7865: MOV Address (SizeDir 32 (FromReg RDX)), Reg EAX 2
7867: NOP  9
7870: MOVZX Reg EDX, Address (SizeDir 8 (FromReg R8)) 4
7874: LEA Reg RCX, Address (AddrPlus (FromReg RIP) (AddrImm 21989)) 7
787b: MOVZX Reg ESI, Address (SizeDir 8 (AddrPlus (FromReg RCX) (AddrTimes (AddrImm 4) (FromReg RDX)))) 4
787f: NOP  1
7880: MOVSXD Reg RCX, Reg EAX 3
7883: MOVSX Reg EDX, Address (SizeDir 16 (AddrPlus (FromReg R12) (AddrTimes (AddrImm 2) (FromReg RCX)))) 5
7888: ADD Reg EDX, Reg ESI 2
788a: MOVSXD Reg RDI, Reg EDX 3
788d: MOVSX Reg EDI, Address (SizeDir 16 (AddrPlus (FromReg R11) (AddrTimes (AddrImm 2) (FromReg RDI)))) 5
7892: CMP Reg EDI, Reg EAX 2
7894: JZ 78b0 (resolved immediate)
  |
  `- 7896,78b0
7896: MOVSX Reg EAX, Address (SizeDir 16 (AddrPlus (FromReg R14) (AddrTimes (AddrImm 2) (FromReg RCX)))) 5
789b: CMP Reg EAX, Immediate 354 5
78a0: JLE 7880 (resolved immediate)
  |
  `- 7880,78a2
78a2: MOVZX Reg ESI, Address (SizeDir 8 (AddrPlus (FromReg R15) (AddrTimes (AddrImm 4) (FromReg RSI)))) 5
78a7: JMP 7880 (resolved immediate)
  |
  `- 7880
78b0: LEA Reg RAX, Address (AddrPlus (FromReg RIP) (AddrImm 18153)) 7
78b7: MOV Reg EDX, Reg EDX 2
78b9: ADD Reg R8, Immediate 1 4
78bd: MOVSX Reg EAX, Address (SizeDir 16 (AddrPlus (FromReg RAX) (AddrTimes (AddrImm 2) (FromReg RDX)))) 4
78c1: MOV Reg RDX, Address (SizeDir 64 (AddrPlus (FromReg RBX) (AddrImm 144))) 7
78c8: LEA Reg RCX, Address (AddrPlus (FromReg RDX) (AddrImm 4)) 4
78cc: CMP Reg EAX, Immediate 354 5
78d1: MOV Address (SizeDir 64 (AddrPlus (FromReg RBX) (AddrImm 144))), Reg RCX 7
78d8: MOV Address (SizeDir 32 (FromReg RDX)), Reg EAX 2
78da: JNZ 7870 (resolved immediate)
  |
  `- 7870,78dc
78dc: MOVSXD Reg RBP, Address (SizeDir 32 (AddrPlus (FromReg RBX) (AddrImm 196))) 7
78e3: MOV Reg RDX, Address (SizeDir 64 (AddrPlus (FromReg RBX) (AddrImm 144))) 7
78ea: MOV Reg RAX, Reg RDX 3
78ed: SUB Reg RDX, Immediate 4 4
78f1: MOV Reg ECX, Address (SizeDir 32 (AddrPlus (FromReg RBX) (AddrImm 164))) 6
78f7: MOV Address (SizeDir 64 (AddrPlus (FromReg RBX) (AddrImm 144))), Reg RDX 7
78fe: MOVSXD Reg RAX, Address (SizeDir 32 (AddrMinus (FromReg RAX) (AddrImm 4))) 4
7902: MOV Reg RSI, Reg RAX 3
7905: MOVSX Reg EAX, Address (SizeDir 16 (AddrPlus (FromReg R9) (AddrTimes (AddrImm 2) (FromReg RAX)))) 5
790a: MOV Address (SizeDir 32 (AddrPlus (FromReg RBX) (AddrImm 160))), Reg EAX 6
7910: TEST Reg EAX, Reg EAX 2
7912: JZ 7970 (resolved immediate)
  |
  `- 7914,7970
7914: LEA Reg EDI, Address (AddrPlus (FromReg RSI) (AddrImm 1)) 3
7917: MOVSXD Reg RDI, Reg EDI 3
791a: MOVSX Reg EDI, Address (SizeDir 16 (AddrPlus (FromReg R9) (AddrTimes (AddrImm 2) (FromReg RDI)))) 5
791f: CMP Reg EDI, Reg EAX 2
7921: JLE 7970 (resolved immediate)
  |
  `- 7923,7970
7923: MOVSXD Reg RDI, Reg EAX 3
7926: MOVSX Reg R10D, Address (SizeDir 16 (AddrPlus (AddrPlus (FromReg R13) (AddrTimes (AddrImm 2) (FromReg RDI))) (AddrImm 0))) 6
792c: TEST Reg R10W, Immediate 16384 6
7932: MOV Reg EDI, Reg R10D 3
7935: JNZ 79a0 (resolved immediate)
  |
  `- 7937,79a0
7937: TEST Reg ECX, Reg ECX 2
7939: JNZ 79a0 (resolved immediate)
  |
  `- 793b,79a0
793b: TEST Reg R10W, Immediate 8192 6
7941: JZ 7aae (resolved immediate)
  |
  `- 7947,7aae
7947: AND Reg DI, Immediate 57343 5
794c: OR Reg DI, Immediate 16384 5
7951: MOVSX Reg ECX, Reg DI 3
7954: MOV Address (SizeDir 32 (AddrPlus (FromReg RBX) (AddrImm 164))), Reg ECX 6
795a: ADD Reg EAX, Immediate 1 3
795d: TEST Reg EAX, Reg EAX 2
795f: MOV Address (SizeDir 32 (AddrPlus (FromReg RBX) (AddrImm 160))), Reg EAX 6
7965: JNZ 7914 (resolved immediate)
  |
  `- 7914,7967
7967: NOP  9
7970: MOV Reg RAX, Reg RDX 3
7973: SUB Reg RDX, Immediate 4 4
7977: SUB Reg R8, Immediate 1 4
797b: MOV Address (SizeDir 64 (AddrPlus (FromReg RBX) (AddrImm 144))), Reg RDX 7
7982: MOVSXD Reg RAX, Address (SizeDir 32 (AddrMinus (FromReg RAX) (AddrImm 4))) 4
7986: MOV Reg RSI, Reg RAX 3
7989: MOVSX Reg EAX, Address (SizeDir 16 (AddrPlus (FromReg R9) (AddrTimes (AddrImm 2) (FromReg RAX)))) 5
798e: MOV Address (SizeDir 32 (AddrPlus (FromReg RBX) (AddrImm 160))), Reg EAX 6
7994: JMP 7910 (resolved immediate)
  |
  `- 7910
79a0: CMP Reg R10D, Reg ECX 3
79a3: JNZ 795a (resolved immediate)
  |
  `- 795a,79a5
79a5: AND Reg DI, Immediate 49151 5
79aa: MOV Address (SizeDir 32 (AddrPlus (FromReg RBX) (AddrImm 164))), Immediate 0 10
79b4: MOVSX Reg R10D, Reg DI 4
79b8: MOV Reg RAX, Address (SizeDir 64 (AddrPlus (FromReg RSP) (AddrImm 8))) 5
79bd: MOV Reg RCX, Reg R8 3
79c0: SUB Reg RAX, Reg RBP 3
79c3: MOV Reg RBP, Reg R8 3
79c6: SUB Reg RCX, Reg RAX 3
79c9: MOV Address (SizeDir 64 (AddrPlus (FromReg RBX) (AddrImm 184))), Reg RAX 7
79d0: MOV Address (SizeDir 64 (AddrPlus (FromReg RBX) (AddrImm 64))), Reg RCX 4
79d4: MOVZX Reg EAX, Address (SizeDir 8 (FromReg R8)) 4
79d8: MOV Address (SizeDir 8 (AddrPlus (FromReg RBX) (AddrImm 48))), Reg AL 3
79db: MOV Address (SizeDir 8 (FromReg R8)), Immediate 0 4
79df: MOV Address (SizeDir 64 (AddrPlus (FromReg RBX) (AddrImm 72))), Reg R8 4
79e3: CMP Reg R10D, Immediate 39 4
79e7: JA 8d95 (resolved immediate)
  |
  `- 79ed,8d95
79ed: LEA Reg RCX, Address (AddrPlus (FromReg RIP) (AddrImm 15788)) 7
79f4: MOV Reg R10D, Reg R10D 3
79f7: MOVSXD Reg RAX, Address (SizeDir 32 (AddrPlus (FromReg RCX) (AddrTimes (AddrImm 4) (FromReg R10)))) 4
79fb: ADD Reg RAX, Reg RCX 3
79fe: JMP Reg RAX 2
  |
  `- 8d95,8c77,84bb,847b,8402,839d,8349,82f5,82d8,81f2,818d,8128,80d4,802a,7fd4,7fc1,7f5c,7f27,7ed1,7eb8,7e33,7dce,7d69,7d53,7d3c,7d25,7cf1,7cc0,7c5b,7c40,7b89,7b6e,7b53,7a89,7a5d,7a3f,7a00
7a00: MOVZX Reg EAX, Address (SizeDir 8 (AddrPlus (FromReg RBX) (AddrImm 48))) 4
7a04: MOV Reg RSI, Address (SizeDir 64 (AddrPlus (FromReg RSP) (AddrImm 8))) 5
7a09: LEA Reg RDX, Address (AddrPlus (FromReg RSI) (AddrImm 4)) 4
7a0d: MOV Reg RCX, Reg RSI 3
7a10: MOV Address (SizeDir 8 (AddrPlus (FromReg RBP) (AddrImm 0))), Reg AL 3
7a13: MOVSXD Reg RAX, Address (SizeDir 32 (AddrPlus (FromReg RBX) (AddrImm 196))) 7
7a1a: MOV Address (SizeDir 64 (AddrPlus (FromReg RBX) (AddrImm 72))), Reg RDX 4
7a1e: SUB Reg RCX, Reg RAX 3
7a21: ADD Reg RAX, Immediate 4 4
7a25: MOV Address (SizeDir 64 (AddrPlus (FromReg RBX) (AddrImm 184))), Reg RCX 7
7a2c: MOV Address (SizeDir 64 (AddrPlus (FromReg RBX) (AddrImm 64))), Reg RAX 4
7a30: MOVZX Reg EAX, Address (SizeDir 8 (AddrPlus (FromReg RSI) (AddrImm 4))) 4
7a34: MOV Address (SizeDir 8 (AddrPlus (FromReg RBX) (AddrImm 48))), Reg AL 3
7a37: MOV Address (SizeDir 8 (AddrPlus (FromReg RSI) (AddrImm 4))), Immediate 0 4
7a3b: MOV Address (SizeDir 64 (AddrPlus (FromReg RBX) (AddrImm 72))), Reg RDX 4
7a3f: MOV Reg RAX, Address (SizeDir 64 (FromReg RBX)) 3
7a42: MOV Address (SizeDir 32 (AddrPlus (FromReg RAX) (AddrImm 44))), Immediate 1 7
7a49: MOV Reg EAX, Address (SizeDir 32 (AddrPlus (FromReg RBX) (AddrImm 192))) 6
7a4f: NOP  1
7a50: MOV Reg R8, Address (SizeDir 64 (AddrPlus (FromReg RBX) (AddrImm 72))) 4
7a54: MOVZX Reg EDX, Address (SizeDir 8 (AddrPlus (FromReg RBX) (AddrImm 48))) 4
7a58: JMP 7820 (resolved immediate)
  |
  `- 7820
7a5d: MOV Reg RAX, Address (SizeDir 64 (FromReg RBX)) 3
7a60: MOV Reg RAX, Address (SizeDir 64 (AddrPlus (FromReg RAX) (AddrImm 32))) 4
7a64: MOV Address (SizeDir 32 (AddrPlus (FromReg RAX) (AddrImm 56))), Immediate 1 7
7a6b: MOV Reg EAX, Address (SizeDir 32 (AddrPlus (FromReg RBX) (AddrImm 192))) 6
7a71: JMP 7a50 (resolved immediate)
  |
  `- 7a50
7a73: MOV Reg RSI, Address (SizeDir 64 (AddrPlus (FromReg RBX) (AddrImm 184))) 7
7a7a: MOV Reg RDI, Address (SizeDir 64 (FromReg RBX)) 3
7a7d: LEA Reg RDX, Address (AddrPlus (FromReg RIP) (AddrImm 15036)) 7
7a84: CALL xlu__disk_err (external)
7a89: XOR Reg EAX, Reg EAX 2
7a8b: MOV Reg RBX, Address (SizeDir 64 (AddrPlus (FromReg RSP) (AddrImm 88))) 5
7a90: XOR Reg RBX, Address (SizeDir 64 (AddrPlus (FromReg FS) (AddrImm 40))) 9
7a99: JNZ 8d41 (resolved immediate)
  |
  `- 7a9f,8d41
7a9f: ADD Reg RSP, Immediate 104 4
7aa3: POP Reg RBX 1
7aa4: POP Reg RBP 1
7aa5: POP Reg R12 2
7aa7: POP Reg R13 2
7aa9: POP Reg R14 2
7aab: POP Reg R15 2
7aad: RET  1
  |
  `- 
7aae: MOV Address (SizeDir 64 (AddrPlus (FromReg RBX) (AddrImm 152))), Reg R8 7
7ab5: MOV Address (SizeDir 64 (AddrPlus (FromReg RBX) (AddrImm 176))), Reg RDX 7
7abc: MOV Address (SizeDir 32 (AddrPlus (FromReg RBX) (AddrImm 168))), Reg EAX 6
7ac2: JMP 79b8 (resolved immediate)
  |
  `- 79b8
7ac7: CMP Address (SizeDir 64 (AddrPlus (FromReg RDI) (AddrImm 136))), Immediate 0 8
7acf: MOV Address (SizeDir 32 (AddrPlus (FromReg RDI) (AddrImm 80))), Immediate 1 7
7ad6: JZ 87b2 (resolved immediate)
  |
  `- 7adc,87b2
7adc: MOV Reg R12D, Address (SizeDir 32 (AddrPlus (FromReg RBX) (AddrImm 84))) 4
7ae0: TEST Reg R12D, Reg R12D 3
7ae3: JNZ 7aec (resolved immediate)
  |
  `- 7ae5,7aec
7ae5: MOV Address (SizeDir 32 (AddrPlus (FromReg RBX) (AddrImm 84))), Immediate 1 7
7aec: CMP Address (SizeDir 64 (AddrPlus (FromReg RBX) (AddrImm 8))), Immediate 0 5
7af1: JZ 85ef (resolved immediate)
  |
  `- 7af7,85ef
7af7: CMP Address (SizeDir 64 (AddrPlus (FromReg RBX) (AddrImm 16))), Immediate 0 5
7afc: JZ 8608 (resolved immediate)
  |
  `- 7b02,8608
7b02: MOV Reg RAX, Address (SizeDir 64 (AddrPlus (FromReg RBX) (AddrImm 40))) 4
7b06: TEST Reg RAX, Reg RAX 3
7b09: JZ 8520 (resolved immediate)
  |
  `- 7b0f,8520
7b0f: MOV Reg RDX, Address (SizeDir 64 (AddrPlus (FromReg RBX) (AddrImm 24))) 4
7b13: LEA Reg RAX, Address (AddrPlus (FromReg RAX) (AddrTimes (AddrImm 8) (FromReg RDX))) 4
7b17: MOV Reg RDX, Address (SizeDir 64 (FromReg RAX)) 3
7b1a: TEST Reg RDX, Reg RDX 3
7b1d: JZ 8520 (resolved immediate)
  |
  `- 7b23,8520
7b23: MOV Reg RDX, Address (SizeDir 64 (AddrPlus (FromReg RDX) (AddrImm 32))) 4
7b27: MOV Address (SizeDir 64 (AddrPlus (FromReg RBX) (AddrImm 56))), Reg RDX 4
7b2b: MOV Reg RDX, Address (SizeDir 64 (FromReg RAX)) 3
7b2e: MOV Reg R8, Address (SizeDir 64 (AddrPlus (FromReg RDX) (AddrImm 16))) 4
7b32: MOV Address (SizeDir 64 (AddrPlus (FromReg RBX) (AddrImm 72))), Reg R8 4
7b36: MOV Address (SizeDir 64 (AddrPlus (FromReg RBX) (AddrImm 184))), Reg R8 7
7b3d: MOV Reg RAX, Address (SizeDir 64 (FromReg RAX)) 3
7b40: MOV Reg RAX, Address (SizeDir 64 (FromReg RAX)) 3
7b43: MOV Address (SizeDir 64 (AddrPlus (FromReg RBX) (AddrImm 8))), Reg RAX 4
7b47: MOVZX Reg EDX, Address (SizeDir 8 (FromReg R8)) 4
7b4b: MOV Address (SizeDir 8 (AddrPlus (FromReg RBX) (AddrImm 48))), Reg DL 3
7b4e: JMP 77e6 (resolved immediate)
  |
  `- 77e6
7b53: MOV Reg RSI, Address (SizeDir 64 (AddrPlus (FromReg RBX) (AddrImm 184))) 7
7b5a: MOV Reg RDI, Address (SizeDir 64 (FromReg RBX)) 3
7b5d: LEA Reg RDX, Address (AddrPlus (FromReg RIP) (AddrImm 14836)) 7
7b64: CALL xlu__disk_err (external)
7b69: JMP 7a89 (resolved immediate)
  |
  `- 7a89
7b6e: MOV Address (SizeDir 32 (AddrPlus (FromReg RBX) (AddrImm 84))), Immediate 3 7
7b75: MOV Address (SizeDir 32 (AddrPlus (FromReg RBX) (AddrImm 192))), Immediate 1 10
7b7f: MOV Reg EAX, Immediate 1 5
7b84: JMP 7a50 (resolved immediate)
  |
  `- 7a50
7b89: MOV Reg RAX, Address (SizeDir 64 (AddrPlus (FromReg RBX) (AddrImm 64))) 4
7b8d: TEST Reg RAX, Reg RAX 3
7b90: JZ 7ba9 (resolved immediate)
  |
  `- 7b92,7ba9
7b92: MOV Reg RDX, Address (SizeDir 64 (AddrPlus (FromReg RBX) (AddrImm 184))) 7
7b99: SUB Reg RAX, Immediate 1 4
7b9d: ADD Reg RDX, Reg RAX 3
7ba0: CMP Address (SizeDir 8 (FromReg RDX)), Immediate 44 3
7ba3: JZ 87a6 (resolved immediate)
  |
  `- 7ba9,87a6
7ba9: MOV Reg RDI, Address (SizeDir 64 (FromReg RBX)) 3
7bac: MOV Reg EBP, Address (SizeDir 32 (AddrPlus (FromReg RDI) (AddrImm 8))) 3
7baf: TEST Reg EBP, Reg EBP 2
7bb1: JNZ 855d (resolved immediate)
  |
  `- 7bb7,855d
7bb7: MOV Reg RAX, Address (SizeDir 64 (AddrPlus (FromReg RDI) (AddrImm 32))) 4
7bbb: MOV Reg RDX, Address (SizeDir 64 (AddrPlus (FromReg RAX) (AddrImm 16))) 4
7bbf: TEST Reg RDX, Reg RDX 3
7bc2: JZ 87db (resolved immediate)
  |
  `- 7bc8,87db
7bc8: MOV Reg R10D, Address (SizeDir 32 (AddrPlus (FromReg RDI) (AddrImm 44))) 4
7bcc: TEST Reg R10D, Reg R10D 3
7bcf: JNZ 8829 (resolved immediate)
  |
  `- 7bd5,8829
7bd5: MOV Reg R8D, Address (SizeDir 32 (AddrPlus (FromReg RAX) (AddrImm 36))) 4
7bd9: TEST Reg R8D, Reg R8D 3
7bdc: JNZ 8829 (resolved immediate)
  |
  `- 7be2,8829
7be2: CMP Address (SizeDir 8 (FromReg RDX)), Immediate 0 3
7be5: MOV Reg RSI, Address (SizeDir 64 (AddrPlus (FromReg RBX) (AddrImm 184))) 7
7bec: JNZ 7c19 (resolved immediate)
  |
  `- 7bee,7c19
7bee: MOV Address (SizeDir 64 (AddrPlus (FromReg RSP) (AddrImm 16))), Reg R11 5
7bf3: MOV Address (SizeDir 64 (AddrPlus (FromReg RSP) (AddrImm 8))), Reg R9 5
7bf8: CALL vdev_and_devtype (internal)
  |
  `- 
7bfd: TEST Reg EAX, Reg EAX 2
7bff: MOV Reg R9, Address (SizeDir 64 (AddrPlus (FromReg RSP) (AddrImm 8))) 5
7c04: MOV Reg R11, Address (SizeDir 64 (AddrPlus (FromReg RSP) (AddrImm 16))) 5
7c09: JNZ 8c5e (resolved immediate)
  |
  `- 7c0f,8c5e
7c0f: MOV Reg RSI, Address (SizeDir 64 (AddrPlus (FromReg RBX) (AddrImm 184))) 7
7c16: MOV Reg RDI, Address (SizeDir 64 (FromReg RBX)) 3
7c19: MOV Address (SizeDir 64 (AddrPlus (FromReg RSP) (AddrImm 16))), Reg R11 5
7c1e: MOV Address (SizeDir 64 (AddrPlus (FromReg RSP) (AddrImm 8))), Reg R9 5
7c23: CALL setformat (internal)
7c28: MOV Reg EAX, Address (SizeDir 32 (AddrPlus (FromReg RBX) (AddrImm 192))) 6
7c2e: MOV Reg R9, Address (SizeDir 64 (AddrPlus (FromReg RSP) (AddrImm 8))) 5
7c33: MOV Reg R11, Address (SizeDir 64 (AddrPlus (FromReg RSP) (AddrImm 16))) 5
7c38: JMP 7a50 (resolved immediate)
  |
  `- 7a50
7c40: MOV Reg RSI, Address (SizeDir 64 (AddrPlus (FromReg RBX) (AddrImm 184))) 7
7c47: MOV Reg RDI, Address (SizeDir 64 (FromReg RBX)) 3
7c4a: LEA Reg RDX, Address (AddrPlus (FromReg RIP) (AddrImm 15031)) 7
7c51: CALL xlu__disk_err (external)
7c56: JMP 7a89 (resolved immediate)
  |
  `- 7a89
7c5b: MOV Reg RAX, Address (SizeDir 64 (AddrPlus (FromReg RBX) (AddrImm 64))) 4
7c5f: MOV Reg RDI, Address (SizeDir 64 (AddrPlus (FromReg RBX) (AddrImm 184))) 7
7c66: TEST Reg RAX, Reg RAX 3
7c69: JZ 7c7c (resolved immediate)
  |
  `- 7c6b,7c7c
7c6b: SUB Reg RAX, Immediate 1 4
7c6f: LEA Reg RDX, Address (AddrPlus (FromReg RDI) (FromReg RAX)) 4
7c73: CMP Address (SizeDir 8 (FromReg RDX)), Immediate 44 3
7c76: JZ 8793 (resolved immediate)
  |
  `- 7c7c,8793
7c7c: MOV Reg ESI, Immediate 61 5
7c81: MOV Address (SizeDir 64 (AddrPlus (FromReg RSP) (AddrImm 16))), Reg R11 5
7c86: MOV Address (SizeDir 64 (AddrPlus (FromReg RSP) (AddrImm 8))), Reg R9 5
7c8b: CALL strchr (external)
7c90: MOV Reg RDI, Address (SizeDir 64 (FromReg RBX)) 3
7c93: LEA Reg RCX, Address (AddrPlus (FromReg RAX) (AddrImm 1)) 4
7c97: LEA Reg RSI, Address (AddrPlus (FromReg RIP) (AddrImm 14330)) 7
7c9e: MOV Reg RAX, Address (SizeDir 64 (AddrPlus (FromReg RDI) (AddrImm 32))) 4
7ca2: LEA Reg RDX, Address (AddrPlus (FromReg RAX) (AddrImm 80)) 4
7ca6: CALL savestring (internal)
  |
  `- 6b30
7cab: MOV Reg EAX, Address (SizeDir 32 (AddrPlus (FromReg RBX) (AddrImm 192))) 6
7cb1: MOV Reg R9, Address (SizeDir 64 (AddrPlus (FromReg RSP) (AddrImm 8))) 5
7cb6: MOV Reg R11, Address (SizeDir 64 (AddrPlus (FromReg RSP) (AddrImm 16))) 5
7cbb: JMP 7a50 (resolved immediate)
  |
  `- 7a50
7cc0: MOV Reg RAX, Address (SizeDir 64 (FromReg RBX)) 3
7cc3: MOV Address (SizeDir 64 (AddrPlus (FromReg RSP) (AddrImm 16))), Reg R11 5
7cc8: MOV Address (SizeDir 64 (AddrPlus (FromReg RSP) (AddrImm 8))), Reg R9 5
7ccd: MOV Reg RDI, Address (SizeDir 64 (AddrPlus (FromReg RAX) (AddrImm 32))) 4
7cd1: ADD Reg RDI, Immediate 68 4
7cd5: XOR Reg ESI, Reg ESI 2
7cd7: CALL libxl_defbool_set (external)
7cdc: MOV Reg EAX, Address (SizeDir 32 (AddrPlus (FromReg RBX) (AddrImm 192))) 6
7ce2: MOV Reg R9, Address (SizeDir 64 (AddrPlus (FromReg RSP) (AddrImm 8))) 5
7ce7: MOV Reg R11, Address (SizeDir 64 (AddrPlus (FromReg RSP) (AddrImm 16))) 5
7cec: JMP 7a50 (resolved immediate)
  |
  `- 7a50
7cf1: MOV Reg RAX, Address (SizeDir 64 (FromReg RBX)) 3
7cf4: MOV Address (SizeDir 64 (AddrPlus (FromReg RSP) (AddrImm 16))), Reg R11 5
7cf9: MOV Address (SizeDir 64 (AddrPlus (FromReg RSP) (AddrImm 8))), Reg R9 5
7cfe: MOV Reg RDI, Address (SizeDir 64 (AddrPlus (FromReg RAX) (AddrImm 32))) 4
7d02: ADD Reg RDI, Immediate 68 4
7d06: MOV Reg ESI, Immediate 1 5
7d0b: CALL libxl_defbool_set (external)
7d10: MOV Reg EAX, Address (SizeDir 32 (AddrPlus (FromReg RBX) (AddrImm 192))) 6
7d16: MOV Reg R9, Address (SizeDir 64 (AddrPlus (FromReg RSP) (AddrImm 8))) 5
7d1b: MOV Reg R11, Address (SizeDir 64 (AddrPlus (FromReg RSP) (AddrImm 16))) 5
7d20: JMP 7a50 (resolved immediate)
  |
  `- 7a50
7d25: MOV Reg RAX, Address (SizeDir 64 (FromReg RBX)) 3
7d28: MOV Address (SizeDir 64 (AddrPlus (FromReg RSP) (AddrImm 16))), Reg R11 5
7d2d: MOV Address (SizeDir 64 (AddrPlus (FromReg RSP) (AddrImm 8))), Reg R9 5
7d32: MOV Reg RDI, Address (SizeDir 64 (AddrPlus (FromReg RAX) (AddrImm 32))) 4
7d36: ADD Reg RDI, Immediate 64 4
7d3a: JMP 7cd5 (resolved immediate)
  |
  `- 7cd5
7d3c: MOV Reg RAX, Address (SizeDir 64 (FromReg RBX)) 3
7d3f: MOV Address (SizeDir 64 (AddrPlus (FromReg RSP) (AddrImm 16))), Reg R11 5
7d44: MOV Address (SizeDir 64 (AddrPlus (FromReg RSP) (AddrImm 8))), Reg R9 5
7d49: MOV Reg RDI, Address (SizeDir 64 (AddrPlus (FromReg RAX) (AddrImm 32))) 4
7d4d: ADD Reg RDI, Immediate 64 4
7d51: JMP 7d06 (resolved immediate)
  |
  `- 7d06
7d53: MOV Reg RAX, Address (SizeDir 64 (FromReg RBX)) 3
7d56: MOV Reg RAX, Address (SizeDir 64 (AddrPlus (FromReg RAX) (AddrImm 32))) 4
7d5a: MOV Address (SizeDir 8 (AddrPlus (FromReg RAX) (AddrImm 60))), Immediate 1 4
7d5e: MOV Reg EAX, Address (SizeDir 32 (AddrPlus (FromReg RBX) (AddrImm 192))) 6
7d64: JMP 7a50 (resolved immediate)
  |
  `- 7a50
7d69: MOV Reg RAX, Address (SizeDir 64 (AddrPlus (FromReg RBX) (AddrImm 64))) 4
7d6d: MOV Reg RDI, Address (SizeDir 64 (AddrPlus (FromReg RBX) (AddrImm 184))) 7
7d74: TEST Reg RAX, Reg RAX 3
7d77: JZ 7d8a (resolved immediate)
  |
  `- 7d79,7d8a
7d79: SUB Reg RAX, Immediate 1 4
7d7d: LEA Reg RDX, Address (AddrPlus (FromReg RDI) (FromReg RAX)) 4
7d81: CMP Address (SizeDir 8 (FromReg RDX)), Immediate 44 3
7d84: JZ 8780 (resolved immediate)
  |
  `- 7d8a,8780
7d8a: MOV Reg ESI, Immediate 61 5
7d8f: MOV Address (SizeDir 64 (AddrPlus (FromReg RSP) (AddrImm 16))), Reg R11 5
7d94: MOV Address (SizeDir 64 (AddrPlus (FromReg RSP) (AddrImm 8))), Reg R9 5
7d99: CALL strchr (external)
7d9e: MOV Reg RDI, Address (SizeDir 64 (FromReg RBX)) 3
7da1: LEA Reg RCX, Address (AddrPlus (FromReg RAX) (AddrImm 1)) 4
7da5: LEA Reg RSI, Address (AddrPlus (FromReg RIP) (AddrImm 14041)) 7
7dac: MOV Reg RAX, Address (SizeDir 64 (AddrPlus (FromReg RDI) (AddrImm 32))) 4
7db0: LEA Reg RDX, Address (AddrPlus (FromReg RAX) (AddrImm 40)) 4
7db4: CALL savestring (internal)
  |
  `- 
7db9: MOV Reg EAX, Address (SizeDir 32 (AddrPlus (FromReg RBX) (AddrImm 192))) 6
7dbf: MOV Reg R9, Address (SizeDir 64 (AddrPlus (FromReg RSP) (AddrImm 8))) 5
7dc4: MOV Reg R11, Address (SizeDir 64 (AddrPlus (FromReg RSP) (AddrImm 16))) 5
7dc9: JMP 7a50 (resolved immediate)
  |
  `- 7a50
7dce: MOV Reg RAX, Address (SizeDir 64 (AddrPlus (FromReg RBX) (AddrImm 64))) 4
7dd2: MOV Reg RDI, Address (SizeDir 64 (AddrPlus (FromReg RBX) (AddrImm 184))) 7
7dd9: TEST Reg RAX, Reg RAX 3
7ddc: JZ 7def (resolved immediate)
  |
  `- 7dde,7def
7dde: SUB Reg RAX, Immediate 1 4
7de2: LEA Reg RDX, Address (AddrPlus (FromReg RDI) (FromReg RAX)) 4
7de6: CMP Address (SizeDir 8 (FromReg RDX)), Immediate 44 3
7de9: JZ 876d (resolved immediate)
  |
  `- 7def,876d
7def: MOV Reg ESI, Immediate 61 5
7df4: MOV Address (SizeDir 64 (AddrPlus (FromReg RSP) (AddrImm 16))), Reg R11 5
7df9: MOV Address (SizeDir 64 (AddrPlus (FromReg RSP) (AddrImm 8))), Reg R9 5
7dfe: CALL strchr (external)
7e03: MOV Reg RDI, Address (SizeDir 64 (FromReg RBX)) 3
7e06: LEA Reg RCX, Address (AddrPlus (FromReg RAX) (AddrImm 1)) 4
7e0a: MOV Reg RAX, Address (SizeDir 64 (AddrPlus (FromReg RDI) (AddrImm 32))) 4
7e0e: LEA Reg RSI, Address (AddrPlus (FromReg RIP) (AddrImm 13698)) 7
7e15: LEA Reg RDX, Address (AddrPlus (FromReg RAX) (AddrImm 24)) 4
7e19: CALL savestring (internal)
7e1e: MOV Reg EAX, Address (SizeDir 32 (AddrPlus (FromReg RBX) (AddrImm 192))) 6
7e24: MOV Reg R9, Address (SizeDir 64 (AddrPlus (FromReg RSP) (AddrImm 8))) 5
7e29: MOV Reg R11, Address (SizeDir 64 (AddrPlus (FromReg RSP) (AddrImm 16))) 5
7e2e: JMP 7a50 (resolved immediate)
  |
  `- 7a50
7e33: MOV Reg RAX, Address (SizeDir 64 (AddrPlus (FromReg RBX) (AddrImm 64))) 4
7e37: MOV Reg RDI, Address (SizeDir 64 (AddrPlus (FromReg RBX) (AddrImm 184))) 7
7e3e: TEST Reg RAX, Reg RAX 3
7e41: JZ 7e54 (resolved immediate)
  |
  `- 7e43,7e54
7e43: SUB Reg RAX, Immediate 1 4
7e47: LEA Reg RDX, Address (AddrPlus (FromReg RDI) (FromReg RAX)) 4
7e4b: CMP Address (SizeDir 8 (FromReg RDX)), Immediate 44 3
7e4e: JZ 875a (resolved immediate)
  |
  `- 7e54,875a
7e54: MOV Reg ESI, Immediate 61 5
7e59: MOV Address (SizeDir 64 (AddrPlus (FromReg RSP) (AddrImm 16))), Reg R11 5
7e5e: MOV Address (SizeDir 64 (AddrPlus (FromReg RSP) (AddrImm 8))), Reg R9 5
7e63: CALL strchr (external)
7e68: LEA Reg RDI, Address (AddrPlus (FromReg RIP) (AddrImm 13802)) 7
7e6f: ADD Reg RAX, Immediate 1 4
7e73: MOV Reg ECX, Immediate 4 5
7e78: MOV Reg RSI, Reg RAX 3
7e7b: MOV Reg R8, Address (SizeDir 64 (FromReg RBX)) 3
7e7e: MOV Reg R9, Address (SizeDir 64 (AddrPlus (FromReg RSP) (AddrImm 8))) 5
7e83: REPZ CMPSB  2
7e85: MOV Reg R11, Address (SizeDir 64 (AddrPlus (FromReg RSP) (AddrImm 16))) 5
7e8a: SETA Reg DL 3
7e8d: SBB Reg DL, Immediate 0 3
7e90: TEST Reg DL, Reg DL 2
7e92: JNZ 8568 (resolved immediate)
  |
  `- 7e98,8568
7e98: MOV Reg RDX, Address (SizeDir 64 (AddrPlus (FromReg R8) (AddrImm 32))) 4
7e9c: CMP Address (SizeDir 32 (AddrPlus (FromReg RDX) (AddrImm 32))), Immediate 1 4
7ea0: JA 85c8 (resolved immediate)
  |
  `- 7ea6,85c8
7ea6: MOV Address (SizeDir 32 (AddrPlus (FromReg RDX) (AddrImm 32))), Immediate 1 7
7ead: MOV Reg EAX, Address (SizeDir 32 (AddrPlus (FromReg RBX) (AddrImm 192))) 6
7eb3: JMP 7a50 (resolved immediate)
  |
  `- 7a50
7eb8: MOV Reg RAX, Address (SizeDir 64 (FromReg RBX)) 3
7ebb: MOV Reg RAX, Address (SizeDir 64 (AddrPlus (FromReg RAX) (AddrImm 32))) 4
7ebf: MOV Address (SizeDir 32 (AddrPlus (FromReg RAX) (AddrImm 56))), Immediate 0 7
7ec6: MOV Reg EAX, Address (SizeDir 32 (AddrPlus (FromReg RBX) (AddrImm 192))) 6
7ecc: JMP 7a50 (resolved immediate)
  |
  `- 7a50
7ed1: MOV Reg RAX, Address (SizeDir 64 (AddrPlus (FromReg RBX) (AddrImm 64))) 4
7ed5: MOV Reg RDI, Address (SizeDir 64 (AddrPlus (FromReg RBX) (AddrImm 184))) 7
7edc: TEST Reg RAX, Reg RAX 3
7edf: JZ 7ef2 (resolved immediate)
  |
  `- 7ee1,7ef2
7ee1: SUB Reg RAX, Immediate 1 4
7ee5: LEA Reg RDX, Address (AddrPlus (FromReg RDI) (FromReg RAX)) 4
7ee9: CMP Address (SizeDir 8 (FromReg RDX)), Immediate 44 3
7eec: JZ 8747 (resolved immediate)
  |
  `- 7ef2,8747
7ef2: MOV Reg ESI, Immediate 61 5
7ef7: MOV Address (SizeDir 64 (AddrPlus (FromReg RSP) (AddrImm 16))), Reg R11 5
7efc: MOV Address (SizeDir 64 (AddrPlus (FromReg RSP) (AddrImm 8))), Reg R9 5
7f01: CALL strchr (external)
7f06: LEA Reg RSI, Address (AddrPlus (FromReg RAX) (AddrImm 1)) 4
7f0a: MOV Reg RDI, Address (SizeDir 64 (FromReg RBX)) 3
7f0d: CALL setaccess (internal)
  |
  `- 7f12,6d00
7f12: MOV Reg EAX, Address (SizeDir 32 (AddrPlus (FromReg RBX) (AddrImm 192))) 6
7f18: MOV Reg R9, Address (SizeDir 64 (AddrPlus (FromReg RSP) (AddrImm 8))) 5
7f1d: MOV Reg R11, Address (SizeDir 64 (AddrPlus (FromReg RSP) (AddrImm 16))) 5
7f22: JMP 7a50 (resolved immediate)
  |
  `- 7a50
7f27: MOV Reg RSI, Address (SizeDir 64 (AddrPlus (FromReg RBX) (AddrImm 184))) 7
7f2e: LEA Reg RDX, Address (AddrPlus (FromReg RIP) (AddrImm 13561)) 7
7f35: MOV Address (SizeDir 64 (AddrPlus (FromReg RSP) (AddrImm 16))), Reg R11 5
7f3a: MOV Address (SizeDir 64 (AddrPlus (FromReg RSP) (AddrImm 8))), Reg R9 5
7f3f: MOV Reg RDI, Address (SizeDir 64 (FromReg RBX)) 3
7f42: CALL xlu__disk_err (external)
7f47: MOV Reg EAX, Address (SizeDir 32 (AddrPlus (FromReg RBX) (AddrImm 192))) 6
7f4d: MOV Reg R9, Address (SizeDir 64 (AddrPlus (FromReg RSP) (AddrImm 8))) 5
7f52: MOV Reg R11, Address (SizeDir 64 (AddrPlus (FromReg RSP) (AddrImm 16))) 5
7f57: JMP 7a50 (resolved immediate)
  |
  `- 7a50
7f5c: MOV Reg RAX, Address (SizeDir 64 (AddrPlus (FromReg RBX) (AddrImm 64))) 4
7f60: MOV Reg RDI, Address (SizeDir 64 (AddrPlus (FromReg RBX) (AddrImm 184))) 7
7f67: TEST Reg RAX, Reg RAX 3
7f6a: JZ 7f7d (resolved immediate)
  |
  `- 7f6c,7f7d
7f6c: SUB Reg RAX, Immediate 1 4
7f70: LEA Reg RDX, Address (AddrPlus (FromReg RDI) (FromReg RAX)) 4
7f74: CMP Address (SizeDir 8 (FromReg RDX)), Immediate 44 3
7f77: JZ 8734 (resolved immediate)
  |
  `- 7f7d,8734
7f7d: MOV Reg ESI, Immediate 61 5
7f82: MOV Address (SizeDir 64 (AddrPlus (FromReg RSP) (AddrImm 16))), Reg R11 5
7f87: MOV Address (SizeDir 64 (AddrPlus (FromReg RSP) (AddrImm 8))), Reg R9 5
7f8c: CALL strchr (external)
7f91: MOV Reg RDI, Address (SizeDir 64 (FromReg RBX)) 3
7f94: LEA Reg RCX, Address (AddrPlus (FromReg RAX) (AddrImm 1)) 4
7f98: LEA Reg RSI, Address (AddrPlus (FromReg RIP) (AddrImm 13478)) 7
7f9f: MOV Reg RAX, Address (SizeDir 64 (AddrPlus (FromReg RDI) (AddrImm 32))) 4
7fa3: LEA Reg RDX, Address (AddrPlus (FromReg RAX) (AddrImm 8)) 4
7fa7: CALL savestring (internal)
  |
  `- 
7fac: MOV Reg EAX, Address (SizeDir 32 (AddrPlus (FromReg RBX) (AddrImm 192))) 6
7fb2: MOV Reg R9, Address (SizeDir 64 (AddrPlus (FromReg RSP) (AddrImm 8))) 5
7fb7: MOV Reg R11, Address (SizeDir 64 (AddrPlus (FromReg RSP) (AddrImm 16))) 5
7fbc: JMP 7a50 (resolved immediate)
  |
  `- 7a50
7fc1: MOV Reg R8, Address (SizeDir 64 (AddrPlus (FromReg RBX) (AddrImm 72))) 4
7fc5: MOVZX Reg EDX, Address (SizeDir 8 (AddrPlus (FromReg RBX) (AddrImm 48))) 4
7fc9: MOV Reg EAX, Address (SizeDir 32 (AddrPlus (FromReg RBX) (AddrImm 192))) 6
7fcf: JMP 7820 (resolved immediate)
  |
  `- 7820
7fd4: MOV Reg RAX, Address (SizeDir 64 (AddrPlus (FromReg RBX) (AddrImm 64))) 4
7fd8: MOV Reg RDI, Address (SizeDir 64 (AddrPlus (FromReg RBX) (AddrImm 184))) 7
7fdf: TEST Reg RAX, Reg RAX 3
7fe2: JZ 7ff5 (resolved immediate)
  |
  `- 7fe4,7ff5
7fe4: SUB Reg RAX, Immediate 1 4
7fe8: LEA Reg RDX, Address (AddrPlus (FromReg RDI) (FromReg RAX)) 4
7fec: CMP Address (SizeDir 8 (FromReg RDX)), Immediate 44 3
7fef: JZ 8721 (resolved immediate)
  |
  `- 7ff5,8721
7ff5: MOV Reg ESI, Immediate 61 5
7ffa: MOV Address (SizeDir 64 (AddrPlus (FromReg RSP) (AddrImm 16))), Reg R11 5
7fff: MOV Address (SizeDir 64 (AddrPlus (FromReg RSP) (AddrImm 8))), Reg R9 5
8004: CALL strchr (external)
8009: LEA Reg RSI, Address (AddrPlus (FromReg RAX) (AddrImm 1)) 4
800d: MOV Reg RDI, Address (SizeDir 64 (FromReg RBX)) 3
8010: CALL setformat (internal)
  |
  `- 6b80
8015: MOV Reg EAX, Address (SizeDir 32 (AddrPlus (FromReg RBX) (AddrImm 192))) 6
801b: MOV Reg R9, Address (SizeDir 64 (AddrPlus (FromReg RSP) (AddrImm 8))) 5
8020: MOV Reg R11, Address (SizeDir 64 (AddrPlus (FromReg RSP) (AddrImm 16))) 5
8025: JMP 7a50 (resolved immediate)
  |
  `- 7a50
802a: MOV Reg RAX, Address (SizeDir 64 (AddrPlus (FromReg RBX) (AddrImm 64))) 4
802e: TEST Reg RAX, Reg RAX 3
8031: JZ 804a (resolved immediate)
  |
  `- 8033,804a
8033: MOV Reg RDX, Address (SizeDir 64 (AddrPlus (FromReg RBX) (AddrImm 184))) 7
803a: SUB Reg RAX, Immediate 1 4
803e: ADD Reg RDX, Reg RAX 3
8041: CMP Address (SizeDir 8 (FromReg RDX)), Immediate 58 3
8044: JZ 8715 (resolved immediate)
  |
  `- 804a,8715
804a: MOV Reg RAX, Address (SizeDir 64 (FromReg RBX)) 3
804d: LEA Reg RDI, Address (AddrPlus (FromReg RSP) (AddrImm 80)) 5
8052: LEA Reg RDX, Address (AddrPlus (FromReg RIP) (AddrImm 13534)) 7
8059: MOV Reg ESI, Immediate 1 5
805e: MOV Address (SizeDir 64 (AddrPlus (FromReg RSP) (AddrImm 16))), Reg R11 5
8063: MOV Address (SizeDir 64 (AddrPlus (FromReg RSP) (AddrImm 8))), Reg R9 5
8068: MOV Address (SizeDir 32 (AddrPlus (FromReg RAX) (AddrImm 44))), Immediate 1 7
806f: MOV Reg RCX, Address (SizeDir 64 (AddrPlus (FromReg RBX) (AddrImm 184))) 7
8076: XOR Reg EAX, Reg EAX 2
8078: CALL __asprintf_chk (external)
807d: TEST Reg EAX, Reg EAX 2
807f: MOV Reg R9, Address (SizeDir 64 (AddrPlus (FromReg RSP) (AddrImm 8))) 5
8084: MOV Reg R11, Address (SizeDir 64 (AddrPlus (FromReg RSP) (AddrImm 16))) 5
8089: JS 7a73 (resolved immediate)
  |
  `- 7a73,808f
808f: MOV Reg RDI, Address (SizeDir 64 (FromReg RBX)) 3
8092: MOV Reg RCX, Address (SizeDir 64 (AddrPlus (FromReg RSP) (AddrImm 80))) 5
8097: LEA Reg RSI, Address (AddrPlus (FromReg RIP) (AddrImm 13287)) 7
809e: MOV Address (SizeDir 64 (AddrPlus (FromReg RSP) (AddrImm 16))), Reg R11 5
80a3: MOV Address (SizeDir 64 (AddrPlus (FromReg RSP) (AddrImm 8))), Reg R9 5
80a8: MOV Reg RAX, Address (SizeDir 64 (AddrPlus (FromReg RDI) (AddrImm 32))) 4
80ac: LEA Reg RDX, Address (AddrPlus (FromReg RAX) (AddrImm 40)) 4
80b0: CALL savestring (internal)
80b5: MOV Reg RDI, Address (SizeDir 64 (AddrPlus (FromReg RSP) (AddrImm 80))) 5
80ba: CALL free (external)
80bf: MOV Reg EAX, Address (SizeDir 32 (AddrPlus (FromReg RBX) (AddrImm 192))) 6
80c5: MOV Reg R9, Address (SizeDir 64 (AddrPlus (FromReg RSP) (AddrImm 8))) 5
80ca: MOV Reg R11, Address (SizeDir 64 (AddrPlus (FromReg RSP) (AddrImm 16))) 5
80cf: JMP 7a50 (resolved immediate)
  |
  `- 7a50
80d4: MOVZX Reg EAX, Address (SizeDir 8 (AddrPlus (FromReg RBX) (AddrImm 48))) 4
80d8: MOV Reg RSI, Address (SizeDir 64 (AddrPlus (FromReg RSP) (AddrImm 8))) 5
80dd: LEA Reg RDX, Address (AddrPlus (FromReg RSI) (AddrImm 5)) 4
80e1: MOV Reg RCX, Reg RSI 3
80e4: MOV Address (SizeDir 8 (AddrPlus (FromReg RBP) (AddrImm 0))), Reg AL 3
80e7: MOVSXD Reg RAX, Address (SizeDir 32 (AddrPlus (FromReg RBX) (AddrImm 196))) 7
80ee: MOV Address (SizeDir 64 (AddrPlus (FromReg RBX) (AddrImm 72))), Reg RDX 4
80f2: SUB Reg RCX, Reg RAX 3
80f5: ADD Reg RAX, Immediate 5 4
80f9: MOV Address (SizeDir 64 (AddrPlus (FromReg RBX) (AddrImm 184))), Reg RCX 7
8100: MOV Address (SizeDir 64 (AddrPlus (FromReg RBX) (AddrImm 64))), Reg RAX 4
8104: MOVZX Reg EAX, Address (SizeDir 8 (AddrPlus (FromReg RSI) (AddrImm 5))) 4
8108: MOV Address (SizeDir 8 (AddrPlus (FromReg RBX) (AddrImm 48))), Reg AL 3
810b: MOV Address (SizeDir 8 (AddrPlus (FromReg RSI) (AddrImm 5))), Immediate 0 4
810f: MOV Reg RAX, Address (SizeDir 64 (FromReg RBX)) 3
8112: MOV Address (SizeDir 64 (AddrPlus (FromReg RBX) (AddrImm 72))), Reg RDX 4
8116: MOV Address (SizeDir 32 (AddrPlus (FromReg RAX) (AddrImm 44))), Immediate 1 7
811d: MOV Reg EAX, Address (SizeDir 32 (AddrPlus (FromReg RBX) (AddrImm 192))) 6
8123: JMP 7a50 (resolved immediate)
  |
  `- 7a50
8128: MOV Reg RAX, Address (SizeDir 64 (AddrPlus (FromReg RBX) (AddrImm 64))) 4
812c: MOV Reg RDI, Address (SizeDir 64 (AddrPlus (FromReg RBX) (AddrImm 184))) 7
8133: TEST Reg RAX, Reg RAX 3
8136: JZ 8149 (resolved immediate)
  |
  `- 8138,8149
8138: SUB Reg RAX, Immediate 1 4
813c: LEA Reg RDX, Address (AddrPlus (FromReg RDI) (FromReg RAX)) 4
8140: CMP Address (SizeDir 8 (FromReg RDX)), Immediate 44 3
8143: JZ 8702 (resolved immediate)
  |
  `- 8149,8702
8149: MOV Reg ESI, Immediate 61 5
814e: MOV Address (SizeDir 64 (AddrPlus (FromReg RSP) (AddrImm 16))), Reg R11 5
8153: MOV Address (SizeDir 64 (AddrPlus (FromReg RSP) (AddrImm 8))), Reg R9 5
8158: CALL strchr (external)
815d: MOV Reg RDI, Address (SizeDir 64 (FromReg RBX)) 3
8160: LEA Reg RCX, Address (AddrPlus (FromReg RAX) (AddrImm 1)) 4
8164: LEA Reg RSI, Address (AddrPlus (FromReg RIP) (AddrImm 13199)) 7
816b: MOV Reg RAX, Address (SizeDir 64 (AddrPlus (FromReg RDI) (AddrImm 32))) 4
816f: LEA Reg RDX, Address (AddrPlus (FromReg RAX) (AddrImm 112)) 4
8173: CALL savestring (internal)
  |
  `- 
8178: MOV Reg EAX, Address (SizeDir 32 (AddrPlus (FromReg RBX) (AddrImm 192))) 6
817e: MOV Reg R9, Address (SizeDir 64 (AddrPlus (FromReg RSP) (AddrImm 8))) 5
8183: MOV Reg R11, Address (SizeDir 64 (AddrPlus (FromReg RSP) (AddrImm 16))) 5
8188: JMP 7a50 (resolved immediate)
  |
  `- 7a50
818d: MOV Reg RAX, Address (SizeDir 64 (AddrPlus (FromReg RBX) (AddrImm 64))) 4
8191: MOV Reg RDI, Address (SizeDir 64 (AddrPlus (FromReg RBX) (AddrImm 184))) 7
8198: TEST Reg RAX, Reg RAX 3
819b: JZ 81ae (resolved immediate)
  |
  `- 819d,81ae
819d: SUB Reg RAX, Immediate 1 4
81a1: LEA Reg RDX, Address (AddrPlus (FromReg RDI) (FromReg RAX)) 4
81a5: CMP Address (SizeDir 8 (FromReg RDX)), Immediate 44 3
81a8: JZ 86ef (resolved immediate)
  |
  `- 81ae,86ef
81ae: MOV Reg ESI, Immediate 61 5
81b3: MOV Address (SizeDir 64 (AddrPlus (FromReg RSP) (AddrImm 16))), Reg R11 5
81b8: MOV Address (SizeDir 64 (AddrPlus (FromReg RSP) (AddrImm 8))), Reg R9 5
81bd: CALL strchr (external)
81c2: MOV Reg RDI, Address (SizeDir 64 (FromReg RBX)) 3
81c5: LEA Reg RCX, Address (AddrPlus (FromReg RAX) (AddrImm 1)) 4
81c9: LEA Reg RSI, Address (AddrPlus (FromReg RIP) (AddrImm 13074)) 7
81d0: MOV Reg RAX, Address (SizeDir 64 (AddrPlus (FromReg RDI) (AddrImm 32))) 4
81d4: LEA Reg RDX, Address (AddrPlus (FromReg RAX) (AddrImm 104)) 4
81d8: CALL savestring (internal)
  |
  `- 
81dd: MOV Reg EAX, Address (SizeDir 32 (AddrPlus (FromReg RBX) (AddrImm 192))) 6
81e3: MOV Reg R9, Address (SizeDir 64 (AddrPlus (FromReg RSP) (AddrImm 8))) 5
81e8: MOV Reg R11, Address (SizeDir 64 (AddrPlus (FromReg RSP) (AddrImm 16))) 5
81ed: JMP 7a50 (resolved immediate)
  |
  `- 7a50
81f2: MOV Reg RAX, Reg RBP 3
81f5: SUB Reg RAX, Address (SizeDir 64 (AddrPlus (FromReg RBX) (AddrImm 184))) 7
81fc: SUB Reg EAX, Immediate 1 3
81ff: MOV Address (SizeDir 32 (AddrPlus (FromReg RSP) (AddrImm 32))), Reg EAX 4
8203: MOVZX Reg EAX, Address (SizeDir 8 (AddrPlus (FromReg RBX) (AddrImm 48))) 4
8207: MOV Address (SizeDir 8 (AddrPlus (FromReg RBP) (AddrImm 0))), Reg AL 3
820a: MOV Reg RSI, Address (SizeDir 64 (AddrPlus (FromReg RBX) (AddrImm 24))) 4
820e: MOV Reg RDX, Address (SizeDir 64 (AddrPlus (FromReg RBX) (AddrImm 40))) 4
8212: LEA Reg RAX, Address (AddrPlus (FromReg RDX) (AddrTimes (AddrImm 8) (FromReg RSI))) 4
8216: MOV Reg R10, Address (SizeDir 64 (FromReg RAX)) 3
8219: MOV Reg ECX, Address (SizeDir 32 (AddrPlus (FromReg R10) (AddrImm 64))) 4
821d: TEST Reg ECX, Reg ECX 2
821f: JNZ 8252 (resolved immediate)
  |
  `- 8221,8252
8221: MOV Reg RDX, Address (SizeDir 64 (AddrPlus (FromReg R10) (AddrImm 32))) 4
8225: MOV Address (SizeDir 64 (AddrPlus (FromReg RBX) (AddrImm 56))), Reg RDX 4
8229: MOV Reg RDX, Address (SizeDir 64 (AddrPlus (FromReg RBX) (AddrImm 8))) 4
822d: MOV Reg RAX, Address (SizeDir 64 (FromReg RAX)) 3
8230: MOV Address (SizeDir 64 (FromReg RAX)), Reg RDX 3
8233: MOV Reg RDX, Address (SizeDir 64 (AddrPlus (FromReg RBX) (AddrImm 24))) 4
8237: MOV Reg RAX, Address (SizeDir 64 (AddrPlus (FromReg RBX) (AddrImm 40))) 4
823b: MOV Reg RAX, Address (SizeDir 64 (AddrPlus (FromReg RAX) (AddrTimes (AddrImm 8) (FromReg RDX)))) 4
823f: MOV Address (SizeDir 32 (AddrPlus (FromReg RAX) (AddrImm 64))), Immediate 1 7
8246: MOV Reg RSI, Address (SizeDir 64 (AddrPlus (FromReg RBX) (AddrImm 24))) 4
824a: MOV Reg RDX, Address (SizeDir 64 (AddrPlus (FromReg RBX) (AddrImm 40))) 4
824e: MOV Reg R10, Address (SizeDir 64 (AddrPlus (FromReg RDX) (AddrTimes (AddrImm 8) (FromReg RSI)))) 4
8252: MOV Reg RDI, Address (SizeDir 64 (AddrPlus (FromReg R10) (AddrImm 8))) 4
8256: MOV Reg R8, Address (SizeDir 64 (AddrPlus (FromReg RBX) (AddrImm 56))) 4
825a: MOV Reg RCX, Address (SizeDir 64 (AddrPlus (FromReg RBX) (AddrImm 72))) 4
825e: LEA Reg RAX, Address (AddrPlus (FromReg RDI) (FromReg R8)) 4
8262: MOV Address (SizeDir 64 (AddrPlus (FromReg RSP) (AddrImm 16))), Reg RAX 5
8267: CMP Reg RCX, Address (SizeDir 64 (AddrPlus (FromReg RSP) (AddrImm 16))) 5
826c: MOV Reg RAX, Address (SizeDir 64 (AddrPlus (FromReg RBX) (AddrImm 184))) 7
8273: JBE 8c8f (resolved immediate)
  |
  `- 8279,8c8f
8279: LEA Reg R8, Address (AddrPlus (AddrPlus (FromReg RDI) (FromReg R8)) (AddrImm 1)) 5
827e: CMP Reg RCX, Reg R8 3
8281: JA 8c83 (resolved immediate)
  |
  `- 8287,8c83
8287: MOV Reg R8D, Address (SizeDir 32 (AddrPlus (FromReg R10) (AddrImm 60))) 4
828b: SUB Reg RCX, Reg RAX 3
828e: TEST Reg R8D, Reg R8D 3
8291: JNZ 885c (resolved immediate)
  |
  `- 8297,885c
8297: MOVSXD Reg RSI, Address (SizeDir 32 (AddrPlus (FromReg RBX) (AddrImm 196))) 7
829e: SUB Reg RCX, Reg RSI 3
82a1: MOV Reg RDX, Reg RSI 3
82a4: CMP Reg RCX, Immediate 1 4
82a8: JNZ 86a4 (resolved immediate)
  |
  `- 82ae,86a4
82ae: ADD Reg RAX, Reg RDX 3
82b1: MOV Address (SizeDir 32 (AddrPlus (FromReg RBX) (AddrImm 88))), Immediate 0 7
82b8: MOV Address (SizeDir 64 (AddrPlus (FromReg RBX) (AddrImm 72))), Reg RAX 4
82bc: MOV Reg EAX, Address (SizeDir 32 (AddrPlus (FromReg RBX) (AddrImm 84))) 3
82bf: SUB Reg EAX, Immediate 1 3
82c2: MOV Reg R10D, Reg EAX 3
82c5: SHR Reg R10D, Immediate 31 4
82c9: ADD Reg R10D, Reg EAX 3
82cc: SAR Reg R10D, Immediate 1 3
82cf: ADD Reg R10D, Immediate 38 4
82d3: JMP 79e3 (resolved immediate)
  |
  `- 79e3
82d8: MOV Address (SizeDir 64 (AddrPlus (FromReg RSP) (AddrImm 16))), Reg R11 5
82dd: MOV Address (SizeDir 64 (AddrPlus (FromReg RSP) (AddrImm 8))), Reg R9 5
82e2: LEA Reg RDX, Address (AddrPlus (FromReg RIP) (AddrImm 12860)) 7
82e9: MOV Reg RSI, Address (SizeDir 64 (AddrPlus (FromReg RBX) (AddrImm 184))) 7
82f0: JMP 7f3f (resolved immediate)
  |
  `- 7f3f
82f5: MOVZX Reg EAX, Address (SizeDir 8 (AddrPlus (FromReg RBX) (AddrImm 48))) 4
82f9: MOV Reg RSI, Address (SizeDir 64 (AddrPlus (FromReg RSP) (AddrImm 8))) 5
82fe: LEA Reg RDX, Address (AddrPlus (FromReg RSI) (AddrImm 6)) 4
8302: MOV Reg RCX, Reg RSI 3
8305: MOV Address (SizeDir 8 (AddrPlus (FromReg RBP) (AddrImm 0))), Reg AL 3
8308: MOVSXD Reg RAX, Address (SizeDir 32 (AddrPlus (FromReg RBX) (AddrImm 196))) 7
830f: MOV Address (SizeDir 64 (AddrPlus (FromReg RBX) (AddrImm 72))), Reg RDX 4
8313: SUB Reg RCX, Reg RAX 3
8316: ADD Reg RAX, Immediate 6 4
831a: MOV Address (SizeDir 64 (AddrPlus (FromReg RBX) (AddrImm 184))), Reg RCX 7
8321: MOV Address (SizeDir 64 (AddrPlus (FromReg RBX) (AddrImm 64))), Reg RAX 4
8325: MOVZX Reg EAX, Address (SizeDir 8 (AddrPlus (FromReg RSI) (AddrImm 6))) 4
8329: MOV Address (SizeDir 8 (AddrPlus (FromReg RBX) (AddrImm 48))), Reg AL 3
832c: MOV Address (SizeDir 8 (AddrPlus (FromReg RSI) (AddrImm 6))), Immediate 0 4
8330: MOV Reg RAX, Address (SizeDir 64 (FromReg RBX)) 3
8333: MOV Address (SizeDir 64 (AddrPlus (FromReg RBX) (AddrImm 72))), Reg RDX 4
8337: MOV Address (SizeDir 32 (AddrPlus (FromReg RAX) (AddrImm 44))), Immediate 1 7
833e: MOV Reg EAX, Address (SizeDir 32 (AddrPlus (FromReg RBX) (AddrImm 192))) 6
8344: JMP 7a50 (resolved immediate)
  |
  `- 7a50
8349: MOVZX Reg EAX, Address (SizeDir 8 (AddrPlus (FromReg RBX) (AddrImm 48))) 4
834d: MOV Reg RSI, Address (SizeDir 64 (AddrPlus (FromReg RSP) (AddrImm 8))) 5
8352: LEA Reg RDX, Address (AddrPlus (FromReg RSI) (AddrImm 8)) 4
8356: MOV Reg RCX, Reg RSI 3
8359: MOV Address (SizeDir 8 (AddrPlus (FromReg RBP) (AddrImm 0))), Reg AL 3
835c: MOVSXD Reg RAX, Address (SizeDir 32 (AddrPlus (FromReg RBX) (AddrImm 196))) 7
8363: MOV Address (SizeDir 64 (AddrPlus (FromReg RBX) (AddrImm 72))), Reg RDX 4
8367: SUB Reg RCX, Reg RAX 3
836a: ADD Reg RAX, Immediate 8 4
836e: MOV Address (SizeDir 64 (AddrPlus (FromReg RBX) (AddrImm 184))), Reg RCX 7
8375: MOV Address (SizeDir 64 (AddrPlus (FromReg RBX) (AddrImm 64))), Reg RAX 4
8379: MOVZX Reg EAX, Address (SizeDir 8 (AddrPlus (FromReg RSI) (AddrImm 8))) 4
837d: MOV Address (SizeDir 8 (AddrPlus (FromReg RBX) (AddrImm 48))), Reg AL 3
8380: MOV Address (SizeDir 8 (AddrPlus (FromReg RSI) (AddrImm 8))), Immediate 0 4
8384: MOV Reg RAX, Address (SizeDir 64 (FromReg RBX)) 3
8387: MOV Address (SizeDir 64 (AddrPlus (FromReg RBX) (AddrImm 72))), Reg RDX 4
838b: MOV Address (SizeDir 32 (AddrPlus (FromReg RAX) (AddrImm 44))), Immediate 1 7
8392: MOV Reg EAX, Address (SizeDir 32 (AddrPlus (FromReg RBX) (AddrImm 192))) 6
8398: JMP 7a50 (resolved immediate)
  |
  `- 7a50
839d: MOV Reg RAX, Address (SizeDir 64 (AddrPlus (FromReg RBX) (AddrImm 64))) 4
83a1: MOV Reg RDI, Address (SizeDir 64 (AddrPlus (FromReg RBX) (AddrImm 184))) 7
83a8: TEST Reg RAX, Reg RAX 3
83ab: JZ 83be (resolved immediate)
  |
  `- 83ad,83be
83ad: SUB Reg RAX, Immediate 1 4
83b1: LEA Reg RDX, Address (AddrPlus (FromReg RDI) (FromReg RAX)) 4
83b5: CMP Address (SizeDir 8 (FromReg RDX)), Immediate 44 3
83b8: JZ 8681 (resolved immediate)
  |
  `- 83be,8681
83be: MOV Reg ESI, Immediate 61 5
83c3: MOV Address (SizeDir 64 (AddrPlus (FromReg RSP) (AddrImm 16))), Reg R11 5
83c8: MOV Address (SizeDir 64 (AddrPlus (FromReg RSP) (AddrImm 8))), Reg R9 5
83cd: CALL strchr (external)
83d2: MOV Reg RDI, Address (SizeDir 64 (FromReg RBX)) 3
83d5: LEA Reg RCX, Address (AddrPlus (FromReg RAX) (AddrImm 1)) 4
83d9: LEA Reg RSI, Address (AddrPlus (FromReg RIP) (AddrImm 12522)) 7
83e0: MOV Reg RAX, Address (SizeDir 64 (AddrPlus (FromReg RDI) (AddrImm 32))) 4
83e4: LEA Reg RDX, Address (AddrPlus (FromReg RAX) (AddrImm 96)) 4
83e8: CALL savestring (internal)
  |
  `- 
83ed: MOV Reg EAX, Address (SizeDir 32 (AddrPlus (FromReg RBX) (AddrImm 192))) 6
83f3: MOV Reg R9, Address (SizeDir 64 (AddrPlus (FromReg RSP) (AddrImm 8))) 5
83f8: MOV Reg R11, Address (SizeDir 64 (AddrPlus (FromReg RSP) (AddrImm 16))) 5
83fd: JMP 7a50 (resolved immediate)
  |
  `- 7a50
8402: MOV Reg RAX, Address (SizeDir 64 (AddrPlus (FromReg RBX) (AddrImm 64))) 4
8406: MOV Reg RDI, Address (SizeDir 64 (AddrPlus (FromReg RBX) (AddrImm 184))) 7
840d: TEST Reg RAX, Reg RAX 3
8410: JZ 8423 (resolved immediate)
  |
  `- 8412,8423
8412: SUB Reg RAX, Immediate 1 4
8416: LEA Reg RDX, Address (AddrPlus (FromReg RDI) (FromReg RAX)) 4
841a: CMP Address (SizeDir 8 (FromReg RDX)), Immediate 44 3
841d: JZ 866e (resolved immediate)
  |
  `- 8423,866e
8423: MOV Reg ESI, Immediate 61 5
8428: MOV Address (SizeDir 64 (AddrPlus (FromReg RSP) (AddrImm 24))), Reg R11 5
842d: MOV Address (SizeDir 64 (AddrPlus (FromReg RSP) (AddrImm 16))), Reg R9 5
8432: CALL strchr (external)
8437: MOV Reg RCX, Address (SizeDir 64 (FromReg RBX)) 3
843a: LEA Reg RBP, Address (AddrPlus (FromReg RAX) (AddrImm 1)) 4
843e: XOR Reg ESI, Reg ESI 2
8440: MOV Reg EDX, Immediate 10 5
8445: MOV Reg RDI, Reg RBP 3
8448: MOV Address (SizeDir 64 (AddrPlus (FromReg RSP) (AddrImm 8))), Reg RCX 5
844d: CALL strtol (external)
8452: TEST Reg EAX, Reg EAX 2
8454: MOV Reg RCX, Address (SizeDir 64 (AddrPlus (FromReg RSP) (AddrImm 8))) 5
8459: MOV Reg R9, Address (SizeDir 64 (AddrPlus (FromReg RSP) (AddrImm 16))) 5
845e: MOV Reg R11, Address (SizeDir 64 (AddrPlus (FromReg RSP) (AddrImm 24))) 5
8463: JZ 87f8 (resolved immediate)
  |
  `- 8469,87f8
8469: MOV Reg RDX, Address (SizeDir 64 (AddrPlus (FromReg RCX) (AddrImm 32))) 4
846d: MOV Address (SizeDir 32 (AddrPlus (FromReg RDX) (AddrImm 88))), Reg EAX 3
8470: MOV Reg EAX, Address (SizeDir 32 (AddrPlus (FromReg RBX) (AddrImm 192))) 6
8476: JMP 7a50 (resolved immediate)
  |
  `- 7a50
847b: MOV Reg RAX, Address (SizeDir 64 (AddrPlus (FromReg RBX) (AddrImm 64))) 4
847f: TEST Reg RAX, Reg RAX 3
8482: JZ 849b (resolved immediate)
  |
  `- 8484,849b
8484: MOV Reg RDX, Address (SizeDir 64 (AddrPlus (FromReg RBX) (AddrImm 184))) 7
848b: SUB Reg RAX, Immediate 1 4
848f: ADD Reg RDX, Reg RAX 3
8492: CMP Address (SizeDir 8 (FromReg RDX)), Immediate 58 3
8495: JZ 8662 (resolved immediate)
  |
  `- 849b,8662
849b: MOV Reg RAX, Address (SizeDir 64 (FromReg RBX)) 3
849e: MOV Address (SizeDir 64 (AddrPlus (FromReg RSP) (AddrImm 16))), Reg R11 5
84a3: MOV Address (SizeDir 64 (AddrPlus (FromReg RSP) (AddrImm 8))), Reg R9 5
84a8: MOV Address (SizeDir 32 (AddrPlus (FromReg RAX) (AddrImm 44))), Immediate 1 7
84af: MOV Reg RSI, Address (SizeDir 64 (AddrPlus (FromReg RBX) (AddrImm 184))) 7
84b6: JMP 800d (resolved immediate)
  |
  `- 800d
84bb: MOV Reg RAX, Address (SizeDir 64 (AddrPlus (FromReg RBX) (AddrImm 64))) 4
84bf: MOV Reg RDI, Address (SizeDir 64 (AddrPlus (FromReg RBX) (AddrImm 184))) 7
84c6: TEST Reg RAX, Reg RAX 3
84c9: JZ 84dc (resolved immediate)
  |
  `- 84cb,84dc
84cb: SUB Reg RAX, Immediate 1 4
84cf: LEA Reg RDX, Address (AddrPlus (FromReg RDI) (FromReg RAX)) 4
84d3: CMP Address (SizeDir 8 (FromReg RDX)), Immediate 44 3
84d6: JZ 864f (resolved immediate)
  |
  `- 84dc,864f
84dc: MOV Reg ESI, Immediate 61 5
84e1: MOV Address (SizeDir 64 (AddrPlus (FromReg RSP) (AddrImm 16))), Reg R11 5
84e6: MOV Address (SizeDir 64 (AddrPlus (FromReg RSP) (AddrImm 8))), Reg R9 5
84eb: CALL strchr (external)
84f0: MOV Reg RDI, Address (SizeDir 64 (FromReg RBX)) 3
84f3: LEA Reg RCX, Address (AddrPlus (FromReg RAX) (AddrImm 1)) 4
84f7: MOV Reg RAX, Address (SizeDir 64 (AddrPlus (FromReg RDI) (AddrImm 32))) 4
84fb: LEA Reg RDX, Address (AddrPlus (FromReg RAX) (AddrImm 16)) 4
84ff: LEA Reg RSI, Address (AddrPlus (FromReg RIP) (AddrImm 12300)) 7
8506: CALL savestring (internal)
  |
  `- 
850b: MOV Reg EAX, Address (SizeDir 32 (AddrPlus (FromReg RBX) (AddrImm 192))) 6
8511: MOV Reg R9, Address (SizeDir 64 (AddrPlus (FromReg RSP) (AddrImm 8))) 5
8516: MOV Reg R11, Address (SizeDir 64 (AddrPlus (FromReg RSP) (AddrImm 16))) 5
851b: JMP 7a50 (resolved immediate)
  |
  `- 7a50
8520: MOV Reg RDI, Reg RBX 3
8523: CALL xlu__disk_yyensure_buffer_stack (internal)
  |
  `- 72e0
8528: MOV Reg RDX, Address (SizeDir 64 (AddrPlus (FromReg RBX) (AddrImm 24))) 4
852c: MOV Reg RAX, Address (SizeDir 64 (AddrPlus (FromReg RBX) (AddrImm 40))) 4
8530: MOV Reg ESI, Immediate 16384 5
8535: MOV Reg RDI, Address (SizeDir 64 (AddrPlus (FromReg RBX) (AddrImm 8))) 4
8539: LEA Reg RBP, Address (AddrPlus (FromReg RAX) (AddrTimes (AddrImm 8) (FromReg RDX))) 4
853d: MOV Reg RDX, Reg RBX 3
8540: CALL xlu__disk_yy_create_buffer (external)
8545: MOV Address (SizeDir 64 (AddrPlus (FromReg RBP) (AddrImm 0))), Reg RAX 4
8549: MOV Reg RDX, Address (SizeDir 64 (AddrPlus (FromReg RBX) (AddrImm 24))) 4
854d: MOV Reg RAX, Address (SizeDir 64 (AddrPlus (FromReg RBX) (AddrImm 40))) 4
8551: LEA Reg RAX, Address (AddrPlus (FromReg RAX) (AddrTimes (AddrImm 8) (FromReg RDX))) 4
8555: MOV Reg RDX, Address (SizeDir 64 (FromReg RAX)) 3
8558: JMP 7b23 (resolved immediate)
  |
  `- 7b23
855d: MOV Reg EAX, Address (SizeDir 32 (AddrPlus (FromReg RBX) (AddrImm 192))) 6
8563: JMP 7a50 (resolved immediate)
  |
  `- 7a50
8568: LEA Reg RDI, Address (AddrPlus (FromReg RIP) (AddrImm 12014)) 7
856f: MOV Reg ECX, Immediate 4 5
8574: MOV Reg RSI, Reg RAX 3
8577: REPZ CMPSB  2
8579: SETA Reg DL 3
857c: SBB Reg DL, Immediate 0 3
857f: TEST Reg DL, Reg DL 2
8581: JZ 8630 (resolved immediate)
  |
  `- 8587,8630
8587: LEA Reg RDI, Address (AddrPlus (FromReg RIP) (AddrImm 11987)) 7
858e: MOV Reg ECX, Immediate 6 5
8593: MOV Reg RSI, Reg RAX 3
8596: REPZ CMPSB  2
8598: SETA Reg DL 3
859b: SBB Reg DL, Immediate 0 3
859e: TEST Reg DL, Reg DL 2
85a0: JNZ 8c40 (resolved immediate)
  |
  `- 85a6,8c40
85a6: MOV Reg RDX, Address (SizeDir 64 (AddrPlus (FromReg R8) (AddrImm 32))) 4
85aa: MOV Reg ECX, Address (SizeDir 32 (AddrPlus (FromReg RDX) (AddrImm 32))) 3
85ad: TEST Reg ECX, Reg ECX 2
85af: JZ 8a71 (resolved immediate)
  |
  `- 85b5,8a71
85b5: CMP Reg ECX, Immediate 3 3
85b8: JZ 8a71 (resolved immediate)
  |
  `- 85be,8a71
85be: MOV Address (SizeDir 64 (AddrPlus (FromReg RSP) (AddrImm 16))), Reg R11 5
85c3: MOV Address (SizeDir 64 (AddrPlus (FromReg RSP) (AddrImm 8))), Reg R9 5
85c8: LEA Reg RDX, Address (AddrPlus (FromReg RIP) (AddrImm 11894)) 7
85cf: MOV Reg RSI, Reg RAX 3
85d2: MOV Reg RDI, Reg R8 3
85d5: CALL xlu__disk_err (external)
85da: MOV Reg EAX, Address (SizeDir 32 (AddrPlus (FromReg RBX) (AddrImm 192))) 6
85e0: MOV Reg R9, Address (SizeDir 64 (AddrPlus (FromReg RSP) (AddrImm 8))) 5
85e5: MOV Reg R11, Address (SizeDir 64 (AddrPlus (FromReg RSP) (AddrImm 16))) 5
85ea: JMP 7a50 (resolved immediate)
  |
  `- 7a50
85ef: MOV Reg RAX, Address (SizeDir 64 (AddrPlus (FromReg RIP) (AddrImm 2128330))) 7
85f6: CMP Address (SizeDir 64 (AddrPlus (FromReg RBX) (AddrImm 16))), Immediate 0 5
85fb: MOV Reg RAX, Address (SizeDir 64 (FromReg RAX)) 3
85fe: MOV Address (SizeDir 64 (AddrPlus (FromReg RBX) (AddrImm 8))), Reg RAX 4
8602: JNZ 7b02 (resolved immediate)
  |
  `- 7b02,8608
8608: MOV Reg RAX, Address (SizeDir 64 (AddrPlus (FromReg RIP) (AddrImm 2128297))) 7
860f: MOV Reg RAX, Address (SizeDir 64 (FromReg RAX)) 3
8612: MOV Address (SizeDir 64 (AddrPlus (FromReg RBX) (AddrImm 16))), Reg RAX 4
8616: MOV Reg RAX, Address (SizeDir 64 (AddrPlus (FromReg RBX) (AddrImm 40))) 4
861a: TEST Reg RAX, Reg RAX 3
861d: JNZ 7b0f (resolved immediate)
  |
  `- 7b0f,8623
8623: JMP 8520 (resolved immediate)
  |
  `- 8520
8630: MOV Reg RDX, Address (SizeDir 64 (AddrPlus (FromReg R8) (AddrImm 32))) 4
8634: TEST Address (SizeDir 32 (AddrPlus (FromReg RDX) (AddrImm 32))), Immediate 4294967293 7
863b: JNZ 85be (resolved immediate)
  |
  `- 85be,863d
863d: MOV Address (SizeDir 32 (AddrPlus (FromReg RDX) (AddrImm 32))), Immediate 2 7
8644: MOV Reg EAX, Address (SizeDir 32 (AddrPlus (FromReg RBX) (AddrImm 192))) 6
864a: JMP 7a50 (resolved immediate)
  |
  `- 7a50
864f: MOV Address (SizeDir 64 (AddrPlus (FromReg RBX) (AddrImm 64))), Reg RAX 4
8653: MOV Address (SizeDir 8 (FromReg RDX)), Immediate 0 3
8656: MOV Reg RDI, Address (SizeDir 64 (AddrPlus (FromReg RBX) (AddrImm 184))) 7
865d: JMP 84dc (resolved immediate)
  |
  `- 84dc
8662: MOV Address (SizeDir 64 (AddrPlus (FromReg RBX) (AddrImm 64))), Reg RAX 4
8666: MOV Address (SizeDir 8 (FromReg RDX)), Immediate 0 3
8669: JMP 849b (resolved immediate)
  |
  `- 849b
866e: MOV Address (SizeDir 64 (AddrPlus (FromReg RBX) (AddrImm 64))), Reg RAX 4
8672: MOV Address (SizeDir 8 (FromReg RDX)), Immediate 0 3
8675: MOV Reg RDI, Address (SizeDir 64 (AddrPlus (FromReg RBX) (AddrImm 184))) 7
867c: JMP 8423 (resolved immediate)
  |
  `- 8423
8681: MOV Address (SizeDir 64 (AddrPlus (FromReg RBX) (AddrImm 64))), Reg RAX 4
8685: MOV Address (SizeDir 8 (FromReg RDX)), Immediate 0 3
8688: MOV Reg RDI, Address (SizeDir 64 (AddrPlus (FromReg RBX) (AddrImm 184))) 7
868f: JMP 83be (resolved immediate)
  |
  `- 83be
8694: MOV Reg RDX, Address (SizeDir 64 (FromReg RDX)) 3
8697: MOV Reg RAX, Address (SizeDir 64 (AddrPlus (FromReg RBX) (AddrImm 56))) 4
869b: ADD Reg RAX, Address (SizeDir 64 (AddrPlus (FromReg RDX) (AddrImm 8))) 4
869f: MOV Address (SizeDir 64 (AddrPlus (FromReg RSP) (AddrImm 16))), Reg RAX 5
86a4: MOV Reg RAX, Address (SizeDir 64 (AddrPlus (FromReg RSP) (AddrImm 16))) 5
86a9: MOV Reg RDI, Reg RBX 3
86ac: MOV Address (SizeDir 64 (AddrPlus (FromReg RSP) (AddrImm 32))), Reg R11 5
86b1: MOV Address (SizeDir 64 (AddrPlus (FromReg RSP) (AddrImm 24))), Reg R9 5
86b6: MOV Address (SizeDir 64 (AddrPlus (FromReg RBX) (AddrImm 72))), Reg RAX 4
86ba: CALL yy_get_previous_state (internal)
86bf: MOVSXD Reg RBP, Address (SizeDir 32 (AddrPlus (FromReg RBX) (AddrImm 196))) 7
86c6: MOV Reg R8, Address (SizeDir 64 (AddrPlus (FromReg RBX) (AddrImm 72))) 4
86ca: MOV Reg RDX, Address (SizeDir 64 (AddrPlus (FromReg RBX) (AddrImm 144))) 7
86d1: MOV Reg R9, Address (SizeDir 64 (AddrPlus (FromReg RSP) (AddrImm 24))) 5
86d6: MOV Reg R11, Address (SizeDir 64 (AddrPlus (FromReg RSP) (AddrImm 32))) 5
86db: MOVSXD Reg RAX, Reg EBP 3
86de: ADD Reg RAX, Address (SizeDir 64 (AddrPlus (FromReg RBX) (AddrImm 184))) 7
86e5: MOV Address (SizeDir 64 (AddrPlus (FromReg RSP) (AddrImm 8))), Reg RAX 5
86ea: JMP 78ea (resolved immediate)
  |
  `- 78ea
86ef: MOV Address (SizeDir 64 (AddrPlus (FromReg RBX) (AddrImm 64))), Reg RAX 4
86f3: MOV Address (SizeDir 8 (FromReg RDX)), Immediate 0 3
86f6: MOV Reg RDI, Address (SizeDir 64 (AddrPlus (FromReg RBX) (AddrImm 184))) 7
86fd: JMP 81ae (resolved immediate)
  |
  `- 81ae
8702: MOV Address (SizeDir 64 (AddrPlus (FromReg RBX) (AddrImm 64))), Reg RAX 4
8706: MOV Address (SizeDir 8 (FromReg RDX)), Immediate 0 3
8709: MOV Reg RDI, Address (SizeDir 64 (AddrPlus (FromReg RBX) (AddrImm 184))) 7
8710: JMP 8149 (resolved immediate)
  |
  `- 8149
8715: MOV Address (SizeDir 64 (AddrPlus (FromReg RBX) (AddrImm 64))), Reg RAX 4
8719: MOV Address (SizeDir 8 (FromReg RDX)), Immediate 0 3
871c: JMP 804a (resolved immediate)
  |
  `- 804a
8721: MOV Address (SizeDir 64 (AddrPlus (FromReg RBX) (AddrImm 64))), Reg RAX 4
8725: MOV Address (SizeDir 8 (FromReg RDX)), Immediate 0 3
8728: MOV Reg RDI, Address (SizeDir 64 (AddrPlus (FromReg RBX) (AddrImm 184))) 7
872f: JMP 7ff5 (resolved immediate)
  |
  `- 7ff5
8734: MOV Address (SizeDir 64 (AddrPlus (FromReg RBX) (AddrImm 64))), Reg RAX 4
8738: MOV Address (SizeDir 8 (FromReg RDX)), Immediate 0 3
873b: MOV Reg RDI, Address (SizeDir 64 (AddrPlus (FromReg RBX) (AddrImm 184))) 7
8742: JMP 7f7d (resolved immediate)
  |
  `- 7f7d
8747: MOV Address (SizeDir 64 (AddrPlus (FromReg RBX) (AddrImm 64))), Reg RAX 4
874b: MOV Address (SizeDir 8 (FromReg RDX)), Immediate 0 3
874e: MOV Reg RDI, Address (SizeDir 64 (AddrPlus (FromReg RBX) (AddrImm 184))) 7
8755: JMP 7ef2 (resolved immediate)
  |
  `- 7ef2
875a: MOV Address (SizeDir 64 (AddrPlus (FromReg RBX) (AddrImm 64))), Reg RAX 4
875e: MOV Address (SizeDir 8 (FromReg RDX)), Immediate 0 3
8761: MOV Reg RDI, Address (SizeDir 64 (AddrPlus (FromReg RBX) (AddrImm 184))) 7
8768: JMP 7e54 (resolved immediate)
  |
  `- 7e54
876d: MOV Address (SizeDir 64 (AddrPlus (FromReg RBX) (AddrImm 64))), Reg RAX 4
8771: MOV Address (SizeDir 8 (FromReg RDX)), Immediate 0 3
8774: MOV Reg RDI, Address (SizeDir 64 (AddrPlus (FromReg RBX) (AddrImm 184))) 7
877b: JMP 7def (resolved immediate)
  |
  `- 7def
8780: MOV Address (SizeDir 64 (AddrPlus (FromReg RBX) (AddrImm 64))), Reg RAX 4
8784: MOV Address (SizeDir 8 (FromReg RDX)), Immediate 0 3
8787: MOV Reg RDI, Address (SizeDir 64 (AddrPlus (FromReg RBX) (AddrImm 184))) 7
878e: JMP 7d8a (resolved immediate)
  |
  `- 7d8a
8793: MOV Address (SizeDir 64 (AddrPlus (FromReg RBX) (AddrImm 64))), Reg RAX 4
8797: MOV Address (SizeDir 8 (FromReg RDX)), Immediate 0 3
879a: MOV Reg RDI, Address (SizeDir 64 (AddrPlus (FromReg RBX) (AddrImm 184))) 7
87a1: JMP 7c7c (resolved immediate)
  |
  `- 7c7c
87a6: MOV Address (SizeDir 64 (AddrPlus (FromReg RBX) (AddrImm 64))), Reg RAX 4
87aa: MOV Address (SizeDir 8 (FromReg RDX)), Immediate 0 3
87ad: JMP 7ba9 (resolved immediate)
  |
  `- 7ba9
87b2: MOV Reg RSI, Reg RDI 3
87b5: MOV Reg EDI, Immediate 65544 5
87ba: CALL xlu__disk_yyalloc (external)
87bf: TEST Reg RAX, Reg RAX 3
87c2: MOV Address (SizeDir 64 (AddrPlus (FromReg RBX) (AddrImm 136))), Reg RAX 7
87c9: JNZ 7adc (resolved immediate)
  |
  `- 7adc,87cf
87cf: LEA Reg RDI, Address (AddrPlus (FromReg RIP) (AddrImm 12034)) 7
87d6: CALL yy_fatal_error.isra.2 (internal)
  |
  `- 2fcb
87db: MOV Address (SizeDir 64 (AddrPlus (FromReg RSP) (AddrImm 16))), Reg R11 5
87e0: MOV Address (SizeDir 64 (AddrPlus (FromReg RSP) (AddrImm 8))), Reg R9 5
87e5: MOV Reg RCX, Address (SizeDir 64 (AddrPlus (FromReg RBX) (AddrImm 184))) 7
87ec: JMP 84fb (resolved immediate)
  |
  `- 84fb
87f8: LEA Reg RDX, Address (AddrPlus (FromReg RIP) (AddrImm 11439)) 7
87ff: MOV Reg RSI, Reg RBP 3
8802: MOV Reg RDI, Reg RCX 3
8805: MOV Address (SizeDir 64 (AddrPlus (FromReg RSP) (AddrImm 16))), Reg R11 5
880a: MOV Address (SizeDir 64 (AddrPlus (FromReg RSP) (AddrImm 8))), Reg R9 5
880f: CALL xlu__disk_err (external)
8814: MOV Reg EAX, Address (SizeDir 32 (AddrPlus (FromReg RBX) (AddrImm 192))) 6
881a: MOV Reg R9, Address (SizeDir 64 (AddrPlus (FromReg RSP) (AddrImm 8))) 5
881f: MOV Reg R11, Address (SizeDir 64 (AddrPlus (FromReg RSP) (AddrImm 16))) 5
8824: JMP 7a50 (resolved immediate)
  |
  `- 7a50
8829: CMP Address (SizeDir 64 (AddrPlus (FromReg RAX) (AddrImm 24))), Immediate 0 5
882e: MOV Address (SizeDir 64 (AddrPlus (FromReg RSP) (AddrImm 16))), Reg R11 5
8833: MOV Address (SizeDir 64 (AddrPlus (FromReg RSP) (AddrImm 8))), Reg R9 5
8838: JZ 8d5e (resolved immediate)
  |
  `- 883e,8d5e
883e: MOV Reg ESI, Address (SizeDir 32 (AddrPlus (FromReg RDI) (AddrImm 40))) 3
8841: TEST Reg ESI, Reg ESI 2
8843: JNZ 8d46 (resolved immediate)
  |
  `- 8849,8d46
8849: MOV Address (SizeDir 32 (AddrPlus (FromReg RDI) (AddrImm 40))), Immediate 1 7
8850: MOV Reg RSI, Address (SizeDir 64 (AddrPlus (FromReg RBX) (AddrImm 184))) 7
8857: JMP 7f0a (resolved immediate)
  |
  `- 7f0a
885c: LEA Reg R10D, Address (AddrMinus (FromReg RCX) (AddrImm 1)) 4
8860: TEST Reg R10D, Reg R10D 3
8863: MOV Address (SizeDir 32 (AddrPlus (FromReg RSP) (AddrImm 16))), Reg R10D 5
8868: JLE 888c (resolved immediate)
  |
  `- 886a,888c
886a: SUB Reg ECX, Immediate 2 3
886d: XOR Reg EDX, Reg EDX 2
886f: ADD Reg RCX, Immediate 1 4
8873: MOVZX Reg ESI, Address (SizeDir 8 (AddrPlus (FromReg RAX) (FromReg RDX))) 4
8877: MOV Address (SizeDir 8 (AddrPlus (FromReg RDI) (FromReg RDX))), Reg SIL 4
887b: ADD Reg RDX, Immediate 1 4
887f: CMP Reg RCX, Reg RDX 3
8882: JNZ 8873 (resolved immediate)
  |
  `- 8873,8884
8884: MOV Reg RDX, Address (SizeDir 64 (AddrPlus (FromReg RBX) (AddrImm 40))) 4
8888: MOV Reg RSI, Address (SizeDir 64 (AddrPlus (FromReg RBX) (AddrImm 24))) 4
888c: LEA Reg RAX, Address (AddrPlus (FromReg RDX) (AddrTimes (AddrImm 8) (FromReg RSI))) 4
8890: MOV Reg RDX, Address (SizeDir 64 (FromReg RAX)) 3
8893: CMP Address (SizeDir 32 (AddrPlus (FromReg RDX) (AddrImm 64))), Immediate 2 4
8897: JZ 8b60 (resolved immediate)
  |
  `- 889d,8b60
889d: MOV Reg EAX, Address (SizeDir 32 (AddrPlus (FromReg RSP) (AddrImm 16))) 4
88a1: NOT Reg EAX 2
88a3: ADD Reg EAX, Address (SizeDir 32 (AddrPlus (FromReg RDX) (AddrImm 24))) 3
88a6: TEST Reg EAX, Reg EAX 2
88a8: JLE 8c28 (resolved immediate)
  |
  `- 88ae,8c28
88ae: CMP Reg EAX, Immediate 8192 5
88b3: MOV Reg ECX, Immediate 8192 5
88b8: CMOVLE Reg ECX, Reg EAX 3
88bb: MOV Reg EAX, Address (SizeDir 32 (AddrPlus (FromReg RDX) (AddrImm 44))) 3
88be: MOV Address (SizeDir 32 (AddrPlus (FromReg RSP) (AddrImm 40))), Reg ECX 4
88c2: TEST Reg EAX, Reg EAX 2
88c4: JZ 8a83 (resolved immediate)
  |
  `- 88ca,8a83
88ca: MOVSXD Reg RAX, Address (SizeDir 32 (AddrPlus (FromReg RSP) (AddrImm 16))) 5
88cf: XOR Reg EDX, Reg EDX 2
88d1: MOV Address (SizeDir 64 (AddrPlus (FromReg RSP) (AddrImm 24))), Reg RAX 5
88d6: MOV Reg RCX, Reg RAX 3
88d9: JMP 890e (resolved immediate)
  |
  `- 890e
88db: MOV Reg RDI, Address (SizeDir 64 (AddrPlus (FromReg RBX) (AddrImm 24))) 4
88df: MOV Reg RSI, Address (SizeDir 64 (AddrPlus (FromReg RBX) (AddrImm 40))) 4
88e3: ADD Reg EDX, Immediate 1 3
88e6: MOV Reg RCX, Address (SizeDir 64 (AddrPlus (FromReg RSP) (AddrImm 72))) 5
88eb: MOV Reg RSI, Address (SizeDir 64 (AddrPlus (FromReg RSI) (AddrTimes (AddrImm 8) (FromReg RDI)))) 4
88ef: MOV Reg RDI, Address (SizeDir 64 (AddrPlus (FromReg RSI) (AddrImm 8))) 4
88f3: ADD Reg RDI, Reg RCX 3
88f6: CMP Reg EAX, Immediate 10 3
88f9: MOV Reg RSI, Reg RDI 3
88fc: JZ 8c56 (resolved immediate)
  |
  `- 8902,8c56
8902: ADD Reg RCX, Immediate 1 4
8906: CMP Address (SizeDir 32 (AddrPlus (FromReg RSP) (AddrImm 40))), Reg EDX 4
890a: MOV Address (SizeDir 8 (FromReg RSI)), Reg AL 2
890c: JLE 896a (resolved immediate)
  |
  `- 890e,896a
890e: MOV Reg RDI, Address (SizeDir 64 (AddrPlus (FromReg RBX) (AddrImm 8))) 4
8912: MOV Address (SizeDir 32 (AddrPlus (FromReg RSP) (AddrImm 64))), Reg EDX 4
8916: MOV Address (SizeDir 64 (AddrPlus (FromReg RSP) (AddrImm 56))), Reg R11 5
891b: MOV Address (SizeDir 64 (AddrPlus (FromReg RSP) (AddrImm 48))), Reg R9 5
8920: MOV Address (SizeDir 64 (AddrPlus (FromReg RSP) (AddrImm 72))), Reg RCX 5
8925: CALL _IO_getc (external)
892a: CMP Reg EAX, Immediate 4294967295 3
892d: MOV Reg R9, Address (SizeDir 64 (AddrPlus (FromReg RSP) (AddrImm 48))) 5
8932: MOV Reg R11, Address (SizeDir 64 (AddrPlus (FromReg RSP) (AddrImm 56))) 5
8937: MOV Reg EDX, Address (SizeDir 32 (AddrPlus (FromReg RSP) (AddrImm 64))) 4
893b: JNZ 88db (resolved immediate)
  |
  `- 88db,893d
893d: MOV Reg RDI, Address (SizeDir 64 (AddrPlus (FromReg RBX) (AddrImm 8))) 4
8941: MOV Address (SizeDir 64 (AddrPlus (FromReg RSP) (AddrImm 56))), Reg R11 5
8946: MOV Address (SizeDir 64 (AddrPlus (FromReg RSP) (AddrImm 48))), Reg R9 5
894b: MOV Address (SizeDir 32 (AddrPlus (FromReg RSP) (AddrImm 40))), Reg EDX 4
894f: CALL ferror (external)
8954: TEST Reg EAX, Reg EAX 2
8956: MOV Reg EDX, Address (SizeDir 32 (AddrPlus (FromReg RSP) (AddrImm 40))) 4
895a: MOV Reg R9, Address (SizeDir 64 (AddrPlus (FromReg RSP) (AddrImm 48))) 5
895f: MOV Reg R11, Address (SizeDir 64 (AddrPlus (FromReg RSP) (AddrImm 56))) 5
8964: JNZ 8c34 (resolved immediate)
  |
  `- 896a,8c34
896a: MOVSXD Reg RAX, Reg EDX 3
896d: MOV Address (SizeDir 64 (AddrPlus (FromReg RBX) (AddrImm 56))), Reg RAX 4
8971: MOV Reg RCX, Address (SizeDir 64 (AddrPlus (FromReg RBX) (AddrImm 24))) 4
8975: MOV Reg RDX, Address (SizeDir 64 (AddrPlus (FromReg RBX) (AddrImm 40))) 4
8979: MOV Reg RDX, Address (SizeDir 64 (AddrPlus (FromReg RDX) (AddrTimes (AddrImm 8) (FromReg RCX)))) 4
897d: MOV Address (SizeDir 64 (AddrPlus (FromReg RDX) (AddrImm 32))), Reg RAX 4
8981: MOV Reg RAX, Address (SizeDir 64 (AddrPlus (FromReg RBX) (AddrImm 56))) 4
8985: XOR Reg ECX, Reg ECX 2
8987: TEST Reg RAX, Reg RAX 3
898a: JNZ 89b8 (resolved immediate)
  |
  `- 898c,89b8
898c: MOV Reg EAX, Address (SizeDir 32 (AddrPlus (FromReg RSP) (AddrImm 16))) 4
8990: CMP Reg EAX, Address (SizeDir 32 (AddrPlus (FromReg RBX) (AddrImm 196))) 6
8996: JZ 8bfa (resolved immediate)
  |
  `- 899c,8bfa
899c: MOV Reg RDX, Address (SizeDir 64 (AddrPlus (FromReg RBX) (AddrImm 24))) 4
89a0: MOV Reg RAX, Address (SizeDir 64 (AddrPlus (FromReg RBX) (AddrImm 40))) 4
89a4: MOV Reg ECX, Immediate 2 5
89a9: MOV Reg RAX, Address (SizeDir 64 (AddrPlus (FromReg RAX) (AddrTimes (AddrImm 8) (FromReg RDX)))) 4
89ad: MOV Address (SizeDir 32 (AddrPlus (FromReg RAX) (AddrImm 64))), Immediate 2 7
89b4: MOV Reg RAX, Address (SizeDir 64 (AddrPlus (FromReg RBX) (AddrImm 56))) 4
89b8: MOV Reg RDI, Address (SizeDir 64 (AddrPlus (FromReg RBX) (AddrImm 24))) 4
89bc: MOV Reg RDX, Address (SizeDir 64 (AddrPlus (FromReg RBX) (AddrImm 40))) 4
89c0: MOV Reg RSI, Address (SizeDir 64 (AddrPlus (FromReg RSP) (AddrImm 24))) 5
89c5: LEA Reg RDX, Address (AddrPlus (FromReg RDX) (AddrTimes (AddrImm 8) (FromReg RDI))) 4
89c9: ADD Reg RSI, Reg RAX 3
89cc: MOV Reg R8, Address (SizeDir 64 (FromReg RDX)) 3
89cf: CMP Reg RSI, Address (SizeDir 64 (AddrPlus (FromReg R8) (AddrImm 24))) 4
89d3: JA 8b8e (resolved immediate)
  |
  `- 89d9,8b8e
89d9: MOV Address (SizeDir 64 (AddrPlus (FromReg RBX) (AddrImm 56))), Reg RSI 4
89dd: MOV Reg RAX, Address (SizeDir 64 (FromReg RDX)) 3
89e0: CMP Reg ECX, Immediate 1 3
89e3: MOV Reg RAX, Address (SizeDir 64 (AddrPlus (FromReg RAX) (AddrImm 8))) 4
89e7: MOV Address (SizeDir 8 (AddrPlus (FromReg RAX) (FromReg RSI))), Immediate 0 4
89eb: MOV Reg RDX, Address (SizeDir 64 (AddrPlus (FromReg RBX) (AddrImm 24))) 4
89ef: MOV Reg RAX, Address (SizeDir 64 (AddrPlus (FromReg RBX) (AddrImm 40))) 4
89f3: MOV Reg RAX, Address (SizeDir 64 (AddrPlus (FromReg RAX) (AddrTimes (AddrImm 8) (FromReg RDX)))) 4
89f7: MOV Reg RDX, Address (SizeDir 64 (AddrPlus (FromReg RAX) (AddrImm 8))) 4
89fb: MOV Reg RAX, Address (SizeDir 64 (AddrPlus (FromReg RBX) (AddrImm 56))) 4
89ff: MOV Address (SizeDir 8 (AddrPlus (AddrPlus (FromReg RDX) (FromReg RAX)) (AddrImm 1))), Immediate 0 5
8a04: MOV Reg RAX, Address (SizeDir 64 (AddrPlus (FromReg RBX) (AddrImm 40))) 4
8a08: MOV Reg RDX, Address (SizeDir 64 (AddrPlus (FromReg RBX) (AddrImm 24))) 4
8a0c: LEA Reg RDX, Address (AddrPlus (FromReg RAX) (AddrTimes (AddrImm 8) (FromReg RDX))) 4
8a10: MOV Reg RAX, Address (SizeDir 64 (FromReg RDX)) 3
8a13: MOV Reg RAX, Address (SizeDir 64 (AddrPlus (FromReg RAX) (AddrImm 8))) 4
8a17: MOV Address (SizeDir 64 (AddrPlus (FromReg RBX) (AddrImm 184))), Reg RAX 7
8a1e: JZ 8b82 (resolved immediate)
  |
  `- 8a24,8b82
8a24: CMP Reg ECX, Immediate 2 3
8a27: JZ 8694 (resolved immediate)
  |
  `- 8694,8a2d
8a2d: MOVSXD Reg RDX, Address (SizeDir 32 (AddrPlus (FromReg RSP) (AddrImm 32))) 5
8a32: MOV Reg RDI, Reg RBX 3
8a35: MOV Address (SizeDir 64 (AddrPlus (FromReg RSP) (AddrImm 24))), Reg R11 5
8a3a: MOV Address (SizeDir 64 (AddrPlus (FromReg RSP) (AddrImm 16))), Reg R9 5
8a3f: ADD Reg RAX, Reg RDX 3
8a42: MOV Address (SizeDir 64 (AddrPlus (FromReg RBX) (AddrImm 72))), Reg RAX 4
8a46: CALL yy_get_previous_state (internal)
8a4b: MOVSXD Reg RDX, Address (SizeDir 32 (AddrPlus (FromReg RBX) (AddrImm 196))) 7
8a52: MOV Reg R8, Address (SizeDir 64 (AddrPlus (FromReg RBX) (AddrImm 72))) 4
8a56: ADD Reg RDX, Address (SizeDir 64 (AddrPlus (FromReg RBX) (AddrImm 184))) 7
8a5d: MOV Reg R9, Address (SizeDir 64 (AddrPlus (FromReg RSP) (AddrImm 16))) 5
8a62: MOV Reg R11, Address (SizeDir 64 (AddrPlus (FromReg RSP) (AddrImm 24))) 5
8a67: MOV Address (SizeDir 64 (AddrPlus (FromReg RSP) (AddrImm 8))), Reg RDX 5
8a6c: JMP 7870 (resolved immediate)
  |
  `- 7870
8a71: MOV Address (SizeDir 32 (AddrPlus (FromReg RDX) (AddrImm 32))), Immediate 3 7
8a78: MOV Reg EAX, Address (SizeDir 32 (AddrPlus (FromReg RBX) (AddrImm 192))) 6
8a7e: JMP 7a50 (resolved immediate)
  |
  `- 7a50
8a83: MOV Address (SizeDir 64 (AddrPlus (FromReg RSP) (AddrImm 64))), Reg R11 5
8a88: MOV Address (SizeDir 64 (AddrPlus (FromReg RSP) (AddrImm 56))), Reg R9 5
8a8d: CALL __errno_location (external)
8a92: MOV Address (SizeDir 64 (AddrPlus (FromReg RSP) (AddrImm 48))), Reg RAX 5
8a97: MOV Address (SizeDir 32 (FromReg RAX)), Immediate 0 6
8a9d: MOVSXD Reg RAX, Address (SizeDir 32 (AddrPlus (FromReg RSP) (AddrImm 40))) 5
8aa2: MOV Reg R9, Address (SizeDir 64 (AddrPlus (FromReg RSP) (AddrImm 56))) 5
8aa7: MOV Reg R11, Address (SizeDir 64 (AddrPlus (FromReg RSP) (AddrImm 64))) 5
8aac: MOV Address (SizeDir 64 (AddrPlus (FromReg RSP) (AddrImm 40))), Reg RAX 5
8ab1: MOVSXD Reg RAX, Address (SizeDir 32 (AddrPlus (FromReg RSP) (AddrImm 16))) 5
8ab6: MOV Address (SizeDir 64 (AddrPlus (FromReg RSP) (AddrImm 24))), Reg RAX 5
8abb: JMP 8aee (resolved immediate)
  |
  `- 8aee
8abd: MOV Reg RAX, Address (SizeDir 64 (AddrPlus (FromReg RSP) (AddrImm 48))) 5
8ac2: MOV Address (SizeDir 64 (AddrPlus (FromReg RSP) (AddrImm 64))), Reg R11 5
8ac7: MOV Address (SizeDir 64 (AddrPlus (FromReg RSP) (AddrImm 56))), Reg R9 5
8acc: CMP Address (SizeDir 32 (FromReg RAX)), Immediate 4 3
8acf: JNZ 8c34 (resolved immediate)
  |
  `- 8ad5,8c34
8ad5: MOV Address (SizeDir 32 (FromReg RAX)), Immediate 0 6
8adb: MOV Reg RDI, Address (SizeDir 64 (AddrPlus (FromReg RBX) (AddrImm 8))) 4
8adf: CALL clearerr (external)
8ae4: MOV Reg R11, Address (SizeDir 64 (AddrPlus (FromReg RSP) (AddrImm 64))) 5
8ae9: MOV Reg R9, Address (SizeDir 64 (AddrPlus (FromReg RSP) (AddrImm 56))) 5
8aee: MOV Reg RDX, Address (SizeDir 64 (AddrPlus (FromReg RBX) (AddrImm 24))) 4
8af2: MOV Reg RAX, Address (SizeDir 64 (AddrPlus (FromReg RBX) (AddrImm 40))) 4
8af6: MOV Reg ESI, Immediate 1 5
8afb: MOV Reg RDI, Address (SizeDir 64 (AddrPlus (FromReg RSP) (AddrImm 24))) 5
8b00: MOV Reg RCX, Address (SizeDir 64 (AddrPlus (FromReg RBX) (AddrImm 8))) 4
8b04: MOV Address (SizeDir 64 (AddrPlus (FromReg RSP) (AddrImm 64))), Reg R11 5
8b09: MOV Address (SizeDir 64 (AddrPlus (FromReg RSP) (AddrImm 56))), Reg R9 5
8b0e: MOV Reg RAX, Address (SizeDir 64 (AddrPlus (FromReg RAX) (AddrTimes (AddrImm 8) (FromReg RDX)))) 4
8b12: MOV Reg RDX, Address (SizeDir 64 (AddrPlus (FromReg RSP) (AddrImm 40))) 5
8b17: ADD Reg RDI, Address (SizeDir 64 (AddrPlus (FromReg RAX) (AddrImm 8))) 4
8b1b: CALL fread (external)
8b20: TEST Reg RAX, Reg RAX 3
8b23: MOV Address (SizeDir 64 (AddrPlus (FromReg RBX) (AddrImm 56))), Reg RAX 4
8b27: MOV Reg R9, Address (SizeDir 64 (AddrPlus (FromReg RSP) (AddrImm 56))) 5
8b2c: MOV Reg R11, Address (SizeDir 64 (AddrPlus (FromReg RSP) (AddrImm 64))) 5
8b31: JNZ 8971 (resolved immediate)
  |
  `- 8971,8b37
8b37: MOV Reg RDI, Address (SizeDir 64 (AddrPlus (FromReg RBX) (AddrImm 8))) 4
8b3b: CALL ferror (external)
8b40: TEST Reg EAX, Reg EAX 2
8b42: MOV Reg R9, Address (SizeDir 64 (AddrPlus (FromReg RSP) (AddrImm 56))) 5
8b47: MOV Reg R11, Address (SizeDir 64 (AddrPlus (FromReg RSP) (AddrImm 64))) 5
8b4c: JNZ 8abd (resolved immediate)
  |
  `- 8abd,8b52
8b52: MOV Reg RAX, Address (SizeDir 64 (AddrPlus (FromReg RBX) (AddrImm 56))) 4
8b56: JMP 8971 (resolved immediate)
  |
  `- 8971
8b60: MOV Address (SizeDir 64 (AddrPlus (FromReg RBX) (AddrImm 56))), Immediate 0 8
8b68: MOV Reg RAX, Address (SizeDir 64 (FromReg RAX)) 3
8b6b: MOV Address (SizeDir 64 (AddrPlus (FromReg RAX) (AddrImm 32))), Immediate 0 8
8b73: MOVSXD Reg RAX, Address (SizeDir 32 (AddrPlus (FromReg RSP) (AddrImm 16))) 5
8b78: MOV Address (SizeDir 64 (AddrPlus (FromReg RSP) (AddrImm 24))), Reg RAX 5
8b7d: JMP 8981 (resolved immediate)
  |
  `- 8981
8b82: MOVSXD Reg RDX, Address (SizeDir 32 (AddrPlus (FromReg RBX) (AddrImm 196))) 7
8b89: JMP 82ae (resolved immediate)
  |
  `- 82ae
8b8e: MOV Reg RDI, Address (SizeDir 64 (AddrPlus (FromReg R8) (AddrImm 8))) 4
8b92: SHR Reg RAX, Immediate 1 3
8b95: MOV Reg RDX, Reg RBX 3
8b98: ADD Reg RSI, Reg RAX 3
8b9b: MOV Address (SizeDir 64 (AddrPlus (FromReg RSP) (AddrImm 16))), Reg R8 5
8ba0: MOV Address (SizeDir 32 (AddrPlus (FromReg RSP) (AddrImm 56))), Reg ECX 4
8ba4: MOV Address (SizeDir 64 (AddrPlus (FromReg RSP) (AddrImm 48))), Reg R11 5
8ba9: MOV Address (SizeDir 64 (AddrPlus (FromReg RSP) (AddrImm 40))), Reg R9 5
8bae: CALL xlu__disk_yyrealloc (external)
8bb3: MOV Reg R8, Address (SizeDir 64 (AddrPlus (FromReg RSP) (AddrImm 16))) 5
8bb8: MOV Address (SizeDir 64 (AddrPlus (FromReg R8) (AddrImm 8))), Reg RAX 4
8bbc: MOV Reg RAX, Address (SizeDir 64 (AddrPlus (FromReg RBX) (AddrImm 40))) 4
8bc0: MOV Reg RDX, Address (SizeDir 64 (AddrPlus (FromReg RBX) (AddrImm 24))) 4
8bc4: LEA Reg RDX, Address (AddrPlus (FromReg RAX) (AddrTimes (AddrImm 8) (FromReg RDX))) 4
8bc8: MOV Reg RAX, Address (SizeDir 64 (FromReg RDX)) 3
8bcb: CMP Address (SizeDir 64 (AddrPlus (FromReg RAX) (AddrImm 8))), Immediate 0 5
8bd0: JZ 8bee (resolved immediate)
  |
  `- 8bd2,8bee
8bd2: MOV Reg RSI, Address (SizeDir 64 (AddrPlus (FromReg RSP) (AddrImm 24))) 5
8bd7: MOV Reg R9, Address (SizeDir 64 (AddrPlus (FromReg RSP) (AddrImm 40))) 5
8bdc: ADD Reg RSI, Address (SizeDir 64 (AddrPlus (FromReg RBX) (AddrImm 56))) 4
8be0: MOV Reg R11, Address (SizeDir 64 (AddrPlus (FromReg RSP) (AddrImm 48))) 5
8be5: MOV Reg ECX, Address (SizeDir 32 (AddrPlus (FromReg RSP) (AddrImm 56))) 4
8be9: JMP 89d9 (resolved immediate)
  |
  `- 89d9
8bee: LEA Reg RDI, Address (AddrPlus (FromReg RIP) (AddrImm 6923)) 7
8bf5: CALL yy_fatal_error.isra.2 (internal)
  |
  `- 
8bfa: MOV Reg RDI, Address (SizeDir 64 (AddrPlus (FromReg RBX) (AddrImm 8))) 4
8bfe: MOV Reg RSI, Reg RBX 3
8c01: MOV Address (SizeDir 64 (AddrPlus (FromReg RSP) (AddrImm 40))), Reg R11 5
8c06: MOV Address (SizeDir 64 (AddrPlus (FromReg RSP) (AddrImm 16))), Reg R9 5
8c0b: CALL xlu__disk_yyrestart (external)
8c10: MOV Reg RAX, Address (SizeDir 64 (AddrPlus (FromReg RBX) (AddrImm 56))) 4
8c14: MOV Reg ECX, Immediate 1 5
8c19: MOV Reg R9, Address (SizeDir 64 (AddrPlus (FromReg RSP) (AddrImm 16))) 5
8c1e: MOV Reg R11, Address (SizeDir 64 (AddrPlus (FromReg RSP) (AddrImm 40))) 5
8c23: JMP 89b8 (resolved immediate)
  |
  `- 89b8
8c28: LEA Reg RDI, Address (AddrPlus (FromReg RIP) (AddrImm 11033)) 7
8c2f: CALL yy_fatal_error.isra.2 (internal)
  |
  `- 
8c34: LEA Reg RDI, Address (AddrPlus (FromReg RIP) (AddrImm 6349)) 7
8c3b: CALL yy_fatal_error.isra.2 (internal)
  |
  `- 
8c40: MOV Address (SizeDir 64 (AddrPlus (FromReg RSP) (AddrImm 16))), Reg R11 5
8c45: MOV Address (SizeDir 64 (AddrPlus (FromReg RSP) (AddrImm 8))), Reg R9 5
8c4a: LEA Reg RDX, Address (AddrPlus (FromReg RIP) (AddrImm 10262)) 7
8c51: JMP 85cf (resolved immediate)
  |
  `- 85cf
8c56: MOV Address (SizeDir 8 (FromReg RDI)), Immediate 10 3
8c59: JMP 896a (resolved immediate)
  |
  `- 896a
8c5e: MOV Reg RAX, Address (SizeDir 64 (FromReg RBX)) 3
8c61: MOV Reg RAX, Address (SizeDir 64 (AddrPlus (FromReg RAX) (AddrImm 32))) 4
8c65: MOV Address (SizeDir 32 (AddrPlus (FromReg RAX) (AddrImm 36))), Immediate 5 7
8c6c: MOV Reg EAX, Address (SizeDir 32 (AddrPlus (FromReg RBX) (AddrImm 192))) 6
8c72: JMP 7a50 (resolved immediate)
  |
  `- 7a50
8c77: LEA Reg RDI, Address (AddrPlus (FromReg RIP) (AddrImm 6262)) 7
8c7e: CALL yy_fatal_error.isra.2 (internal)
  |
  `- 
8c83: LEA Reg RDI, Address (AddrPlus (FromReg RIP) (AddrImm 6670)) 7
8c8a: CALL yy_fatal_error.isra.2 (internal)
  |
  `- 
8c8f: MOVSXD Reg RDX, Address (SizeDir 32 (AddrPlus (FromReg RSP) (AddrImm 32))) 5
8c94: MOV Reg RDI, Reg RBX 3
8c97: MOV Address (SizeDir 64 (AddrPlus (FromReg RSP) (AddrImm 16))), Reg R11 5
8c9c: MOV Address (SizeDir 64 (AddrPlus (FromReg RSP) (AddrImm 8))), Reg R9 5
8ca1: ADD Reg RAX, Reg RDX 3
8ca4: MOV Address (SizeDir 64 (AddrPlus (FromReg RBX) (AddrImm 72))), Reg RAX 4
8ca8: CALL yy_get_previous_state (internal)
  |
  `- 8cad,6a50
8cad: MOVSXD Reg RCX, Reg EAX 3
8cb0: MOV Reg R11, Address (SizeDir 64 (AddrPlus (FromReg RSP) (AddrImm 16))) 5
8cb5: MOV Reg R9, Address (SizeDir 64 (AddrPlus (FromReg RSP) (AddrImm 8))) 5
8cba: MOVSX Reg EDX, Address (SizeDir 16 (AddrPlus (FromReg R12) (AddrTimes (AddrImm 2) (FromReg RCX)))) 5
8cbf: LEA Reg ESI, Address (AddrPlus (FromReg RDX) (AddrImm 1)) 3
8cc2: MOVSXD Reg RSI, Reg ESI 3
8cc5: MOVSX Reg ESI, Address (SizeDir 16 (AddrPlus (FromReg R11) (AddrTimes (AddrImm 2) (FromReg RSI)))) 5
8cca: CMP Reg ESI, Reg EAX 2
8ccc: JZ 8ce6 (resolved immediate)
  |
  `- 8cce,8ce6
8cce: MOVSX Reg RCX, Address (SizeDir 16 (AddrPlus (FromReg R14) (AddrTimes (AddrImm 2) (FromReg RCX)))) 5
8cd3: MOVSX Reg EDX, Address (SizeDir 16 (AddrPlus (FromReg R12) (AddrTimes (AddrImm 2) (FromReg RCX)))) 5
8cd8: LEA Reg EAX, Address (AddrPlus (FromReg RDX) (AddrImm 1)) 3
8cdb: CDQE  2
8cdd: MOVSX Reg EAX, Address (SizeDir 16 (AddrPlus (FromReg R11) (AddrTimes (AddrImm 2) (FromReg RAX)))) 5
8ce2: CMP Reg ECX, Reg EAX 2
8ce4: JNZ 8cce (resolved immediate)
  |
  `- 8cce,8ce6
8ce6: LEA Reg EAX, Address (AddrPlus (FromReg RDX) (AddrImm 1)) 3
8ce9: LEA Reg RCX, Address (AddrPlus (FromReg RIP) (AddrImm 12976)) 7
8cf0: MOV Reg RDX, Address (SizeDir 64 (AddrPlus (FromReg RBX) (AddrImm 144))) 7
8cf7: MOVSX Reg EAX, Address (SizeDir 16 (AddrPlus (FromReg RCX) (AddrTimes (AddrImm 2) (FromReg RAX)))) 4
8cfb: CMP Reg EAX, Immediate 354 5
8d00: JZ 8da1 (resolved immediate)
  |
  `- 8d06,8da1
8d06: LEA Reg RCX, Address (AddrPlus (FromReg RDX) (AddrImm 4)) 4
8d0a: MOV Address (SizeDir 64 (AddrPlus (FromReg RBX) (AddrImm 144))), Reg RCX 7
8d11: MOV Address (SizeDir 32 (FromReg RDX)), Reg EAX 2
8d13: MOVSXD Reg RBP, Address (SizeDir 32 (AddrPlus (FromReg RBX) (AddrImm 196))) 7
8d1a: MOVSXD Reg RDX, Reg EBP 3
8d1d: ADD Reg RDX, Address (SizeDir 64 (AddrPlus (FromReg RBX) (AddrImm 184))) 7
8d24: TEST Reg EAX, Reg EAX 2
8d26: MOV Address (SizeDir 64 (AddrPlus (FromReg RSP) (AddrImm 8))), Reg RDX 5
8d2b: JNZ 8dbc (resolved immediate)
  |
  `- 8d31,8dbc
8d31: MOV Reg RDX, Address (SizeDir 64 (AddrPlus (FromReg RBX) (AddrImm 144))) 7
8d38: MOV Reg R8, Address (SizeDir 64 (AddrPlus (FromReg RBX) (AddrImm 72))) 4
8d3c: JMP 78ea (resolved immediate)
  |
  `- 78ea
8d41: CALL __stack_chk_fail (external)
  |
  `- 
8d46: MOV Reg RSI, Address (SizeDir 64 (AddrPlus (FromReg RBX) (AddrImm 184))) 7
8d4d: LEA Reg RDX, Address (AddrPlus (FromReg RIP) (AddrImm 10708)) 7
8d54: CALL xlu__disk_err (external)
8d59: JMP 7a89 (resolved immediate)
  |
  `- 7a89
8d5e: MOV Reg RSI, Address (SizeDir 64 (AddrPlus (FromReg RBX) (AddrImm 184))) 7
8d65: CALL vdev_and_devtype (internal)
  |
  `- 2f20
8d6a: TEST Reg EAX, Reg EAX 2
8d6c: MOV Reg R9, Address (SizeDir 64 (AddrPlus (FromReg RSP) (AddrImm 8))) 5
8d71: MOV Reg R11, Address (SizeDir 64 (AddrPlus (FromReg RSP) (AddrImm 16))) 5
8d76: JNZ 855d (resolved immediate)
  |
  `- 855d,8d7c
8d7c: MOV Address (SizeDir 64 (AddrPlus (FromReg RSP) (AddrImm 16))), Reg R11 5
8d81: MOV Address (SizeDir 64 (AddrPlus (FromReg RSP) (AddrImm 8))), Reg R9 5
8d86: MOV Reg RDI, Address (SizeDir 64 (FromReg RBX)) 3
8d89: MOV Reg RCX, Address (SizeDir 64 (AddrPlus (FromReg RBX) (AddrImm 184))) 7
8d90: JMP 7e0a (resolved immediate)
  |
  `- 7e0a
8d95: LEA Reg RDI, Address (AddrPlus (FromReg RIP) (AddrImm 6548)) 7
8d9c: CALL yy_fatal_error.isra.2 (internal)
  |
  `- 
8da1: MOVSXD Reg RBP, Address (SizeDir 32 (AddrPlus (FromReg RBX) (AddrImm 196))) 7
8da8: MOVSXD Reg RAX, Reg EBP 3
8dab: ADD Reg RAX, Address (SizeDir 64 (AddrPlus (FromReg RBX) (AddrImm 184))) 7
8db2: MOV Address (SizeDir 64 (AddrPlus (FromReg RSP) (AddrImm 8))), Reg RAX 5
8db7: JMP 8d38 (resolved immediate)
  |
  `- 8d38
8dbc: MOV Reg RCX, Address (SizeDir 64 (AddrPlus (FromReg RBX) (AddrImm 72))) 4
8dc0: LEA Reg R8, Address (AddrPlus (FromReg RCX) (AddrImm 1)) 4
8dc4: MOV Address (SizeDir 64 (AddrPlus (FromReg RBX) (AddrImm 72))), Reg R8 4
8dc8: JMP 7870 (resolved immediate)
  |
  `- 7870
