Number of assembly instructions     = 118
Number of indirect branches         = 0
Number of unresolved indirect jumps = 0: 
Number of unresolved indirect calls = 0: 
Number of symbolic states (representative of non-determinism): 118
Number of edges: 121

3f50 (False): 4558
44a0 (True): 4634
4620 (False): 0

3f50: SUB Reg RSP, Immediate 8 4
3f54: MOV Reg RAX, Address (SizeDir 64 (AddrPlus (FromReg RIP) (AddrImm 2146437))) 7
3f5b: MOV Reg RCX, Reg RDI 3
3f5e: LEA Reg RDX, Address (SizeDir 64 (AddrPlus (FromReg RIP) (AddrImm 39548))) 7
3f65: MOV Reg ESI, Immediate 1 5
3f6a: MOV Reg RDI, Address (SizeDir 64 (FromReg RAX)) 3
3f6d: XOR Reg EAX, Reg EAX 2
3f6f: CALL __fprintf_chk (external)
3f74: MOV Reg EDI, Immediate 2 5
3f79: CALL exit (external)
  |
  `- 
44a0: PUSH Reg RBP 1
44a1: PUSH Reg RBX 1
44a2: MOV Reg RBX, Reg RDI 3
44a5: SUB Reg RSP, Immediate 8 4
44a9: MOV Reg RDI, Address (SizeDir 64 (AddrPlus (FromReg RDI) (AddrImm 40))) 4
44ad: TEST Reg RDI, Reg RDI 3
44b0: JE 4518 (resolved immediate)
  |
  `- 44b2,4518
44b2: MOV Reg RAX, Address (SizeDir 64 (AddrPlus (FromReg RBX) (AddrImm 32))) 4
44b6: LEA Reg RDX, Address (SizeDir 64 (AddrMinus (FromReg RAX) (AddrImm 1))) 4
44ba: CMP Address (SizeDir 64 (AddrPlus (FromReg RBX) (AddrImm 24))), Reg RDX 4
44be: JAE 44d0 (resolved immediate)
  |
  `- 44c0,44d0
44c0: ADD Reg RSP, Immediate 8 4
44c4: POP Reg RBX 1
44c5: POP Reg RBP 1
44c6: RET  1
  |
  `- 
44d0: LEA Reg RBP, Address (SizeDir 64 (AddrPlus (FromReg RAX) (AddrImm 8))) 4
44d4: MOV Reg RDX, Reg RBX 3
44d7: LEA Reg RSI, Address (SizeDir 64 (AddrTimes (AddrImm 8) (FromReg RBP))) 8
44df: CALL xlu__cfg_yyrealloc (external)
44e4: TEST Reg RAX, Reg RAX 3
44e7: MOV Address (SizeDir 64 (AddrPlus (FromReg RBX) (AddrImm 40))), Reg RAX 4
44eb: JE 454c (resolved immediate)
  |
  `- 44ed,454c
44ed: MOV Reg RDX, Address (SizeDir 64 (AddrPlus (FromReg RBX) (AddrImm 32))) 4
44f1: PXOR Reg XMM0, Reg XMM0 4
44f5: LEA Reg RAX, Address (SizeDir 64 (AddrPlus (FromReg RAX) (AddrTimes (AddrImm 8) (FromReg RDX)))) 4
44f9: MOVUPS Address (SizeDir 128 (FromReg RAX)), Reg XMM0 3
44fc: MOVUPS Address (SizeDir 128 (AddrPlus (FromReg RAX) (AddrImm 16))), Reg XMM0 4
4500: MOVUPS Address (SizeDir 128 (AddrPlus (FromReg RAX) (AddrImm 32))), Reg XMM0 4
4504: MOVUPS Address (SizeDir 128 (AddrPlus (FromReg RAX) (AddrImm 48))), Reg XMM0 4
4508: MOV Address (SizeDir 64 (AddrPlus (FromReg RBX) (AddrImm 32))), Reg RBP 4
450c: ADD Reg RSP, Immediate 8 4
4510: POP Reg RBX 1
4511: POP Reg RBP 1
4512: RET  1
  |
  `- 
4518: MOV Reg RSI, Reg RBX 3
451b: MOV Reg EDI, Immediate 8 5
4520: CALL xlu__cfg_yyalloc (external)
4525: TEST Reg RAX, Reg RAX 3
4528: MOV Address (SizeDir 64 (AddrPlus (FromReg RBX) (AddrImm 40))), Reg RAX 4
452c: JE 454c (resolved immediate)
  |
  `- 452e,454c
452e: MOV Address (SizeDir 64 (FromReg RAX)), Immediate 0 7
4535: MOV Address (SizeDir 64 (AddrPlus (FromReg RBX) (AddrImm 32))), Immediate 1 8
453d: MOV Address (SizeDir 64 (AddrPlus (FromReg RBX) (AddrImm 24))), Immediate 0 8
4545: ADD Reg RSP, Immediate 8 4
4549: POP Reg RBX 1
454a: POP Reg RBP 1
454b: RET  1
  |
  `- 
454c: LEA Reg RDI, Address (SizeDir 64 (AddrPlus (FromReg RIP) (AddrImm 24685))) 7
4553: CALL yy_fatal_error.isra.0 (internal)
  |
  `- 3f50
4620: PUSH Reg RBP 1
4621: PUSH Reg RBX 1
4622: MOV Reg RBP, Reg RDI 3
4625: MOV Reg RBX, Reg RSI 3
4628: MOV Reg RDI, Reg RSI 3
462b: SUB Reg RSP, Immediate 8 4
462f: CALL xlu__cfg_yyensure_buffer_stack (internal)
  |
  `- 44a0
4634: MOV Reg RAX, Address (SizeDir 64 (AddrPlus (FromReg RBX) (AddrImm 40))) 4
4638: TEST Reg RAX, Reg RAX 3
463b: JE 46e8 (resolved immediate)
  |
  `- 4641,46e8
4641: MOV Reg RDX, Address (SizeDir 64 (AddrPlus (FromReg RBX) (AddrImm 24))) 4
4645: LEA Reg RAX, Address (SizeDir 64 (AddrPlus (FromReg RAX) (AddrTimes (AddrImm 8) (FromReg RDX)))) 4
4649: MOV Reg RDX, Address (SizeDir 64 (FromReg RAX)) 3
464c: CMP Reg RDX, Reg RBP 3
464f: JE 46db (resolved immediate)
  |
  `- 4655,46db
4655: TEST Reg RDX, Reg RDX 3
4658: JE 4698 (resolved immediate)
  |
  `- 465a,4698
465a: MOVZX Reg EDX, Address (SizeDir 8 (AddrPlus (FromReg RBX) (AddrImm 48))) 4
465e: MOV Reg RAX, Address (SizeDir 64 (AddrPlus (FromReg RBX) (AddrImm 72))) 4
4662: MOV Address (SizeDir 8 (FromReg RAX)), Reg DL 2
4664: MOV Reg RDX, Address (SizeDir 64 (AddrPlus (FromReg RBX) (AddrImm 24))) 4
4668: MOV Reg RAX, Address (SizeDir 64 (AddrPlus (FromReg RBX) (AddrImm 40))) 4
466c: MOV Reg RAX, Address (SizeDir 64 (AddrPlus (FromReg RAX) (AddrTimes (AddrImm 8) (FromReg RDX)))) 4
4670: MOV Reg RDX, Address (SizeDir 64 (AddrPlus (FromReg RBX) (AddrImm 72))) 4
4674: MOV Address (SizeDir 64 (AddrPlus (FromReg RAX) (AddrImm 16))), Reg RDX 4
4678: MOV Reg RDX, Address (SizeDir 64 (AddrPlus (FromReg RBX) (AddrImm 24))) 4
467c: MOV Reg RAX, Address (SizeDir 64 (AddrPlus (FromReg RBX) (AddrImm 40))) 4
4680: MOV Reg RAX, Address (SizeDir 64 (AddrPlus (FromReg RAX) (AddrTimes (AddrImm 8) (FromReg RDX)))) 4
4684: MOV Reg RDX, Address (SizeDir 64 (AddrPlus (FromReg RBX) (AddrImm 56))) 4
4688: MOV Address (SizeDir 64 (AddrPlus (FromReg RAX) (AddrImm 32))), Reg RDX 4
468c: MOV Reg RDX, Address (SizeDir 64 (AddrPlus (FromReg RBX) (AddrImm 24))) 4
4690: MOV Reg RAX, Address (SizeDir 64 (AddrPlus (FromReg RBX) (AddrImm 40))) 4
4694: LEA Reg RAX, Address (SizeDir 64 (AddrPlus (FromReg RAX) (AddrTimes (AddrImm 8) (FromReg RDX)))) 4
4698: MOV Address (SizeDir 64 (FromReg RAX)), Reg RBP 3
469b: MOV Reg RAX, Address (SizeDir 64 (AddrPlus (FromReg RBX) (AddrImm 40))) 4
469f: MOV Reg RDX, Address (SizeDir 64 (AddrPlus (FromReg RBX) (AddrImm 24))) 4
46a3: LEA Reg RDX, Address (SizeDir 64 (AddrPlus (FromReg RAX) (AddrTimes (AddrImm 8) (FromReg RDX)))) 4
46a7: MOV Reg RAX, Address (SizeDir 64 (FromReg RDX)) 3
46aa: MOV Reg RAX, Address (SizeDir 64 (AddrPlus (FromReg RAX) (AddrImm 32))) 4
46ae: MOV Address (SizeDir 64 (AddrPlus (FromReg RBX) (AddrImm 56))), Reg RAX 4
46b2: MOV Reg RAX, Address (SizeDir 64 (FromReg RDX)) 3
46b5: MOV Reg RAX, Address (SizeDir 64 (AddrPlus (FromReg RAX) (AddrImm 16))) 4
46b9: MOV Address (SizeDir 64 (AddrPlus (FromReg RBX) (AddrImm 72))), Reg RAX 4
46bd: MOV Address (SizeDir 64 (AddrPlus (FromReg RBX) (AddrImm 136))), Reg RAX 7
46c4: MOV Reg RDX, Address (SizeDir 64 (FromReg RDX)) 3
46c7: MOV Reg RDX, Address (SizeDir 64 (FromReg RDX)) 3
46ca: MOV Address (SizeDir 64 (AddrPlus (FromReg RBX) (AddrImm 8))), Reg RDX 4
46ce: MOVZX Reg EAX, Address (SizeDir 8 (FromReg RAX)) 3
46d1: MOV Address (SizeDir 32 (AddrPlus (FromReg RBX) (AddrImm 88))), Immediate 1 7
46d8: MOV Address (SizeDir 8 (AddrPlus (FromReg RBX) (AddrImm 48))), Reg AL 3
46db: ADD Reg RSP, Immediate 8 4
46df: POP Reg RBX 1
46e0: POP Reg RBP 1
46e1: RET  1
  |
  `- 
46e8: TEST Reg RBP, Reg RBP 3
46eb: JE 46db (resolved immediate)
  |
  `- 46db,46ed
46ed: MOV Reg RAX, Address (SizeDir 64 (AddrPlus (FromReg RBX) (AddrImm 24))) 4
46f1: SHL Reg RAX, Immediate 3 4
46f5: JMP 4698 (resolved immediate)
  |
  `- 4698
