Number of assembly instructions     = 31
Number of indirect branches         = 0
Number of unresolved indirect jumps = 0: 
Number of unresolved indirect calls = 0: 
Number of symbolic states (representative of non-determinism): 31
Number of edges: 31

6200 (False): 0

6200: PUSH Reg R12 2
6202: PUSH Reg RBP 1
6203: MOV Reg RBP, Reg RSI 3
6206: PUSH Reg RBX 1
6207: MOV Reg EAX, Address (SizeDir 32 (AddrPlus (FromReg RDI) (AddrImm 8))) 3
620a: TEST Reg EAX, Reg EAX 2
620c: JNE 624a (resolved immediate)
  |
  `- 620e,624a
620e: MOV Reg RBX, Reg RDI 3
6211: MOV Reg EDI, Immediate 40 5
6216: MOV Reg R12, Reg RDX 3
6219: CALL malloc (external)
621e: TEST Reg RAX, Reg RAX 3
6221: JE 6240 (resolved immediate)
  |
  `- 6223,6240
6223: MOVDQU Reg XMM0, Address (SizeDir 128 (FromReg R12)) 6
6229: MOV Address (SizeDir 32 (FromReg RAX)), Immediate 0 6
622f: MOV Address (SizeDir 64 (AddrPlus (FromReg RAX) (AddrImm 8))), Reg RBP 4
6233: MOVUPS Address (SizeDir 128 (AddrPlus (FromReg RAX) (AddrImm 24))), Reg XMM0 4
6237: POP Reg RBX 1
6238: POP Reg RBP 1
6239: POP Reg R12 2
623b: RET  1
  |
  `- 
6240: CALL __errno_location (external)
6245: MOV Reg EAX, Address (SizeDir 32 (FromReg RAX)) 2
6247: MOV Address (SizeDir 32 (AddrPlus (FromReg RBX) (AddrImm 8))), Reg EAX 3
624a: MOV Reg RDI, Reg RBP 3
624d: CALL free (external)
6252: POP Reg RBX 1
6253: XOR Reg EAX, Reg EAX 2
6255: POP Reg RBP 1
6256: POP Reg R12 2
6258: RET  1
  |
  `- 
