Number of assembly instructions     = 10
Number of indirect branches         = 0
Number of unresolved indirect jumps = 0: 
Number of unresolved indirect calls = 0: 
Number of symbolic states (representative of non-determinism): 10
Number of edges: 11

6ee0 (False): 0

6ee0: MOV Reg RDX, Address (SizeDir 64 (AddrPlus (FromReg RDI) (AddrImm 40))) 4
6ee4: XOR Reg EAX, Reg EAX 2
6ee6: TEST Reg RDX, Reg RDX 3
6ee9: JZ 6efb (resolved immediate)
  |
  `- 6eeb,6efb
6eeb: MOV Reg RCX, Address (SizeDir 64 (AddrPlus (FromReg RDI) (AddrImm 24))) 4
6eef: MOV Reg RDX, Address (SizeDir 64 (AddrPlus (FromReg RDX) (AddrTimes (AddrImm 8) (FromReg RCX)))) 4
6ef3: TEST Reg RDX, Reg RDX 3
6ef6: JZ 6efb (resolved immediate)
  |
  `- 6ef8,6efb
6ef8: MOV Reg EAX, Address (SizeDir 32 (AddrPlus (FromReg RDX) (AddrImm 56))) 3
6efb: REPZ RET  2
  |
  `- 
