Number of assembly instructions     = 44
Number of indirect branches         = 0
Number of unresolved indirect jumps = 0: 
Number of unresolved indirect calls = 0: 
Number of symbolic states (representative of non-determinism): 44
Number of edges: 46

56e0 (False): 0

56e0: PUSH Reg RBX 1
56e1: MOV Reg RAX, Address (SizeDir 64 (AddrPlus (FromReg RDI) (AddrImm 40))) 4
56e5: MOV Reg RBX, Reg RDI 3
56e8: TEST Reg RAX, Reg RAX 3
56eb: JNE 5725 (resolved immediate)
  |
  `- 56ed,5725
56ed: JMP 57b0 (resolved immediate)
  |
  `- 57b0
56f8: MOV Reg RSI, Reg RBX 3
56fb: CALL xlu__cfg_yy_delete_buffer (external)
5700: MOV Reg RAX, Address (SizeDir 64 (AddrPlus (FromReg RBX) (AddrImm 40))) 4
5704: MOV Reg RDX, Address (SizeDir 64 (AddrPlus (FromReg RBX) (AddrImm 24))) 4
5708: MOV Reg RDI, Reg RBX 3
570b: MOV Address (SizeDir 64 (AddrPlus (FromReg RAX) (AddrTimes (AddrImm 8) (FromReg RDX)))), Immediate 0 8
5713: CALL xlu__cfg_yypop_buffer_state (external)
5718: MOV Reg RAX, Address (SizeDir 64 (AddrPlus (FromReg RBX) (AddrImm 40))) 4
571c: TEST Reg RAX, Reg RAX 3
571f: JE 57b0 (resolved immediate)
  |
  `- 5725,57b0
5725: MOV Reg RDX, Address (SizeDir 64 (AddrPlus (FromReg RBX) (AddrImm 24))) 4
5729: MOV Reg RDI, Address (SizeDir 64 (AddrPlus (FromReg RAX) (AddrTimes (AddrImm 8) (FromReg RDX)))) 4
572d: TEST Reg RDI, Reg RDI 3
5730: JNE 56f8 (resolved immediate)
  |
  `- 56f8,5732
5732: MOV Reg RDI, Reg RAX 3
5735: MOV Reg RSI, Reg RBX 3
5738: CALL xlu__cfg_yyfree (external)
573d: MOV Reg RDI, Address (SizeDir 64 (AddrPlus (FromReg RBX) (AddrImm 104))) 4
5741: MOV Reg RSI, Reg RBX 3
5744: MOV Address (SizeDir 64 (AddrPlus (FromReg RBX) (AddrImm 40))), Immediate 0 8
574c: CALL xlu__cfg_yyfree (external)
5751: MOV Address (SizeDir 64 (AddrPlus (FromReg RBX) (AddrImm 104))), Immediate 0 8
5759: MOV Address (SizeDir 64 (AddrPlus (FromReg RBX) (AddrImm 40))), Immediate 0 8
5761: MOV Reg RSI, Reg RBX 3
5764: MOV Address (SizeDir 64 (AddrPlus (FromReg RBX) (AddrImm 24))), Immediate 0 8
576c: MOV Address (SizeDir 64 (AddrPlus (FromReg RBX) (AddrImm 32))), Immediate 0 8
5774: MOV Reg RDI, Reg RBX 3
5777: MOV Address (SizeDir 64 (AddrPlus (FromReg RBX) (AddrImm 72))), Immediate 0 8
577f: MOV Address (SizeDir 64 (AddrPlus (FromReg RBX) (AddrImm 80))), Immediate 0 8
5787: MOV Address (SizeDir 64 (AddrPlus (FromReg RBX) (AddrImm 92))), Immediate 0 8
578f: MOV Address (SizeDir 64 (AddrPlus (FromReg RBX) (AddrImm 8))), Immediate 0 8
5797: MOV Address (SizeDir 64 (AddrPlus (FromReg RBX) (AddrImm 16))), Immediate 0 8
579f: CALL xlu__cfg_yyfree (external)
57a4: XOR Reg EAX, Reg EAX 2
57a6: POP Reg RBX 1
57a7: RET  1
  |
  `- 
57b0: XOR Reg EAX, Reg EAX 2
57b2: JMP 5732 (resolved immediate)
  |
  `- 5732
