Number of assembly instructions     = 214
Number of indirect branches         = 0
Number of unresolved indirect jumps = 0: 
Number of unresolved indirect calls = 0: 
Number of symbolic states (representative of non-determinism): 214
Number of edges: 234

92f0 (False): 0

92f0: PUSH Reg R15 2
92f2: PUSH Reg R14 2
92f4: MOV Reg R14, Reg RSI 3
92f7: PUSH Reg R13 2
92f9: PUSH Reg R12 2
92fb: MOV Reg R13, Reg RDI 3
92fe: PUSH Reg RBP 1
92ff: PUSH Reg RBX 1
9300: MOV Reg RDI, Reg RSI 3
9303: SUB Reg RSP, Immediate 136 7
930a: MOV Reg RAX, Address (SizeDir 64 (AddrPlus (FromReg FS) (AddrImm 40))) 9
9313: MOV Address (SizeDir 64 (AddrPlus (FromReg RSP) (AddrImm 120))), Reg RAX 5
9318: XOR Reg EAX, Reg EAX 2
931a: MOV Address (SizeDir 64 (FromReg RSP)), Reg RDX 4
931e: CALL strdup (external)
9323: TEST Reg RAX, Reg RAX 3
9326: MOV Reg RBX, Reg RAX 3
9329: JZ 95b0 (resolved immediate)
  |
  `- 932f,95b0
932f: MOV Reg ESI, Immediate 64 5
9334: MOV Reg RDI, Reg RAX 3
9337: XOR Reg R15D, Reg R15D 3
933a: CALL strchr (external)
933f: TEST Reg RAX, Reg RAX 3
9342: JZ 934b (resolved immediate)
  |
  `- 9344,934b
9344: LEA Reg R15, Address (AddrPlus (FromReg RAX) (AddrImm 1)) 4
9348: MOV Address (SizeDir 8 (FromReg RAX)), Immediate 0 3
934b: CMP Address (SizeDir 8 (FromReg RBX)), Immediate 0 3
934e: JZ 94b0 (resolved immediate)
  |
  `- 9354,94b0
9354: LEA Reg R12, Address (AddrPlus (FromReg RSP) (AddrImm 48)) 5
9359: LEA Reg RSI, Address (AddrPlus (FromReg RIP) (AddrImm 18209)) 7
9360: MOV Reg EDX, Immediate 9 5
9365: MOV Reg RDI, Reg R12 3
9368: CALL regcomp (external)
936d: XOR Reg R8D, Reg R8D 3
9370: XOR Reg ECX, Reg ECX 2
9372: XOR Reg EDX, Reg EDX 2
9374: MOV Reg RSI, Reg RBX 3
9377: MOV Reg RDI, Reg R12 3
937a: CALL regexec (external)
937f: TEST Reg EAX, Reg EAX 2
9381: MOV Reg EBP, Reg EAX 2
9383: JNZ 9510 (resolved immediate)
  |
  `- 9389,9510
9389: LEA Reg RAX, Address (AddrPlus (FromReg RSP) (AddrImm 40)) 5
938e: XOR Reg EDX, Reg EDX 2
9390: MOV Reg RDI, Reg RBX 3
9393: MOV Address (SizeDir 64 (AddrPlus (FromReg RSP) (AddrImm 40))), Reg RBX 5
9398: MOV Reg RSI, Reg RAX 3
939b: MOV Address (SizeDir 64 (AddrPlus (FromReg RSP) (AddrImm 16))), Reg RAX 5
93a0: CALL strtoull (external)
93a5: LEA Reg RDX, Address (AddrMinus (FromReg RAX) (AddrImm 1)) 4
93a9: MOV Address (SizeDir 64 (AddrPlus (FromReg RSP) (AddrImm 8))), Reg RAX 5
93ae: MOV Reg EAX, Immediate 4294967294 5
93b3: CMP Reg RDX, Reg RAX 3
93b6: JA 95c0 (resolved immediate)
  |
  `- 93bc,95c0
93bc: CALL __errno_location (external)
93c1: CMP Address (SizeDir 32 (FromReg RAX)), Immediate 34 3
93c4: MOV Address (SizeDir 64 (AddrPlus (FromReg RSP) (AddrImm 24))), Reg RAX 5
93c9: JZ 95c0 (resolved immediate)
  |
  `- 93cf,95c0
93cf: MOV Reg RDX, Address (SizeDir 64 (AddrPlus (FromReg RSP) (AddrImm 40))) 5
93d4: MOVZX Reg EAX, Address (SizeDir 8 (FromReg RDX)) 3
93d7: CMP Reg AL, Immediate 71 2
93d9: JZ 9548 (resolved immediate)
  |
  `- 93df,9548
93df: CMP Reg AL, Immediate 77 2
93e1: JZ 9600 (resolved immediate)
  |
  `- 93e7,9600
93e7: CMP Reg AL, Immediate 75 2
93e9: JZ 9660 (resolved immediate)
  |
  `- 93ef,9660
93ef: CMP Reg AL, Immediate 98 2
93f1: JNZ 9556 (resolved immediate)
  |
  `- 93f7,9556
93f7: MOV Reg RDI, Reg R12 3
93fa: SHR Address (SizeDir 64 (AddrPlus (FromReg RSP) (AddrImm 8))), Immediate 3 6
9400: CALL regfree (external)
9405: TEST Reg R15, Reg R15 3
9408: JZ 9571 (resolved immediate)
  |
  `- 940e,9571
940e: LEA Reg RSI, Address (AddrPlus (FromReg RIP) (AddrImm 18076)) 7
9415: MOV Reg EDX, Immediate 9 5
941a: MOV Reg RDI, Reg R12 3
941d: CALL regcomp (external)
9422: XOR Reg R8D, Reg R8D 3
9425: XOR Reg ECX, Reg ECX 2
9427: XOR Reg EDX, Reg EDX 2
9429: MOV Reg RSI, Reg R15 3
942c: MOV Reg RDI, Reg R12 3
942f: CALL regexec (external)
9434: TEST Reg EAX, Reg EAX 2
9436: JNZ 9648 (resolved immediate)
  |
  `- 943c,9648
943c: MOV Reg RSI, Address (SizeDir 64 (AddrPlus (FromReg RSP) (AddrImm 16))) 5
9441: XOR Reg EDX, Reg EDX 2
9443: MOV Reg RDI, Reg R15 3
9446: MOV Address (SizeDir 64 (AddrPlus (FromReg RSP) (AddrImm 40))), Reg R15 5
944b: CALL strtoull (external)
9450: LEA Reg RCX, Address (AddrMinus (FromReg RAX) (AddrImm 1)) 4
9454: MOV Reg RDX, Reg RAX 3
9457: MOV Reg EAX, Immediate 4294967294 5
945c: CMP Reg RCX, Reg RAX 3
945f: JA 962d (resolved immediate)
  |
  `- 9465,962d
9465: MOV Reg RAX, Address (SizeDir 64 (AddrPlus (FromReg RSP) (AddrImm 24))) 5
946a: CMP Address (SizeDir 32 (FromReg RAX)), Immediate 34 3
946d: JZ 962d (resolved immediate)
  |
  `- 9473,962d
9473: MOV Reg RAX, Address (SizeDir 64 (AddrPlus (FromReg RSP) (AddrImm 40))) 5
9478: MOVZX Reg EAX, Address (SizeDir 8 (FromReg RAX)) 3
947b: CMP Reg AL, Immediate 115 2
947d: JZ 9618 (resolved immediate)
  |
  `- 9483,9618
9483: TEST Reg AL, Reg AL 2
9485: JZ 9618 (resolved immediate)
  |
  `- 948b,9618
948b: CMP Reg AL, Immediate 109 2
948d: JZ 9678 (resolved immediate)
  |
  `- 9493,9678
9493: MOV Reg RDI, Reg R12 3
9496: MOV Reg R15D, Reg EDX 3
9499: MOV Address (SizeDir 64 (AddrPlus (FromReg RSP) (AddrImm 16))), Reg RDX 5
949e: CALL regfree (external)
94a3: MOV Reg RDX, Address (SizeDir 64 (AddrPlus (FromReg RSP) (AddrImm 16))) 5
94a8: JMP 957c (resolved immediate)
  |
  `- 957c
94b0: MOV Reg RCX, Address (SizeDir 64 (AddrPlus (FromReg R13) (AddrImm 16))) 4
94b4: MOV Reg RDI, Address (SizeDir 64 (AddrPlus (FromReg R13) (AddrImm 8))) 4
94b8: LEA Reg R8, Address (AddrPlus (FromReg RIP) (AddrImm 17840)) 7
94bf: LEA Reg RDX, Address (AddrPlus (FromReg RIP) (AddrImm 17922)) 7
94c6: MOV Reg R9, Reg R14 3
94c9: MOV Reg ESI, Immediate 1 5
94ce: XOR Reg EAX, Reg EAX 2
94d0: MOV Reg EBP, Immediate 22 5
94d5: CALL __fprintf_chk (external)
94da: MOV Reg RDI, Reg RBX 3
94dd: CALL free (external)
94e2: MOV Reg RCX, Address (SizeDir 64 (AddrPlus (FromReg RSP) (AddrImm 120))) 5
94e7: XOR Reg RCX, Address (SizeDir 64 (AddrPlus (FromReg FS) (AddrImm 40))) 9
94f0: MOV Reg EAX, Reg EBP 2
94f2: JNZ 9681 (resolved immediate)
  |
  `- 94f8,9681
94f8: ADD Reg RSP, Immediate 136 7
94ff: POP Reg RBX 1
9500: POP Reg RBP 1
9501: POP Reg R12 2
9503: POP Reg R13 2
9505: POP Reg R14 2
9507: POP Reg R15 2
9509: RET  1
  |
  `- 
9510: MOV Reg RCX, Address (SizeDir 64 (AddrPlus (FromReg R13) (AddrImm 16))) 4
9514: MOV Reg RDI, Address (SizeDir 64 (AddrPlus (FromReg R13) (AddrImm 8))) 4
9518: LEA Reg R8, Address (AddrPlus (FromReg RIP) (AddrImm 17783)) 7
951f: MOV Reg R9, Reg RBX 3
9522: LEA Reg RDX, Address (AddrPlus (FromReg RIP) (AddrImm 17823)) 7
9529: MOV Reg ESI, Immediate 1 5
952e: XOR Reg EAX, Reg EAX 2
9530: MOV Reg EBP, Immediate 22 5
9535: CALL __fprintf_chk (external)
953a: MOV Reg RDI, Reg R12 3
953d: CALL regfree (external)
9542: JMP 94da (resolved immediate)
  |
  `- 94da
9548: IMUL Reg RAX, Address (SizeDir 64 (AddrPlus (FromReg RSP) (AddrImm 8))), Immediate 1000000000 9
9551: MOV Address (SizeDir 64 (AddrPlus (FromReg RSP) (AddrImm 8))), Reg RAX 5
9556: CMP Address (SizeDir 8 (AddrPlus (FromReg RDX) (AddrImm 1))), Immediate 98 4
955a: JZ 93f7 (resolved immediate)
  |
  `- 93f7,9560
9560: MOV Reg RDI, Reg R12 3
9563: CALL regfree (external)
9568: TEST Reg R15, Reg R15 3
956b: JNZ 940e (resolved immediate)
  |
  `- 940e,9571
9571: MOV Reg EDX, Immediate 50000 5
9576: MOV Reg R15D, Immediate 50000 6
957c: MOV Reg RAX, Address (SizeDir 64 (AddrPlus (FromReg RSP) (AddrImm 8))) 5
9581: MUL Reg RDX 3
9584: JO 9686 (resolved immediate)
  |
  `- 958a,9686
958a: MOV Reg RDX, Immediate 4835703278458516699 10
9594: MOV Reg RCX, Address (SizeDir 64 (FromReg RSP)) 4
9598: MUL Reg RDX 3
959b: MOV Address (SizeDir 32 (AddrPlus (FromReg RCX) (AddrImm 88))), Reg R15D 4
959f: SHR Reg RDX, Immediate 18 4
95a3: MOV Address (SizeDir 64 (AddrPlus (FromReg RCX) (AddrImm 80))), Reg RDX 4
95a7: JMP 94da (resolved immediate)
  |
  `- 94da
95b0: MOV Reg EBP, Immediate 12 5
95b5: JMP 94da (resolved immediate)
  |
  `- 94da
95c0: MOV Reg RCX, Address (SizeDir 64 (AddrPlus (FromReg R13) (AddrImm 16))) 4
95c4: MOV Reg RDI, Address (SizeDir 64 (AddrPlus (FromReg R13) (AddrImm 8))) 4
95c8: LEA Reg R8, Address (AddrPlus (FromReg RIP) (AddrImm 17620)) 7
95cf: MOV Reg R9, Reg RBX 3
95d2: LEA Reg RDX, Address (AddrPlus (FromReg RIP) (AddrImm 17647)) 7
95d9: MOV Reg ESI, Immediate 1 5
95de: XOR Reg EAX, Reg EAX 2
95e0: MOV Reg EBP, Immediate 75 5
95e5: CALL __fprintf_chk (external)
95ea: MOV Reg RDI, Reg R12 3
95ed: CALL regfree (external)
95f2: JMP 94da (resolved immediate)
  |
  `- 94da
9600: IMUL Reg RAX, Address (SizeDir 64 (AddrPlus (FromReg RSP) (AddrImm 8))), Immediate 1000000 9
9609: MOV Address (SizeDir 64 (AddrPlus (FromReg RSP) (AddrImm 8))), Reg RAX 5
960e: JMP 9556 (resolved immediate)
  |
  `- 9556
9618: IMUL Reg RDX, Reg RDX, Immediate 1000000 7
961f: MOV Reg EAX, Immediate 4294967295 5
9624: CMP Reg RDX, Reg RAX 3
9627: JBE 9493 (resolved immediate)
  |
  `- 9493,962d
962d: MOV Reg RCX, Address (SizeDir 64 (AddrPlus (FromReg R13) (AddrImm 16))) 4
9631: MOV Reg RDI, Address (SizeDir 64 (AddrPlus (FromReg R13) (AddrImm 8))) 4
9635: MOV Reg R9, Reg R15 3
9638: LEA Reg R8, Address (AddrPlus (FromReg RIP) (AddrImm 17625)) 7
963f: JMP 95d2 (resolved immediate)
  |
  `- 95d2
9648: MOV Reg RCX, Address (SizeDir 64 (AddrPlus (FromReg R13) (AddrImm 16))) 4
964c: MOV Reg RDI, Address (SizeDir 64 (AddrPlus (FromReg R13) (AddrImm 8))) 4
9650: MOV Reg R9, Reg R15 3
9653: LEA Reg R8, Address (AddrPlus (FromReg RIP) (AddrImm 17566)) 7
965a: JMP 9522 (resolved immediate)
  |
  `- 9522
9660: IMUL Reg RAX, Address (SizeDir 64 (AddrPlus (FromReg RSP) (AddrImm 8))), Immediate 1000 9
9669: MOV Address (SizeDir 64 (AddrPlus (FromReg RSP) (AddrImm 8))), Reg RAX 5
966e: JMP 9556 (resolved immediate)
  |
  `- 9556
9678: IMUL Reg RDX, Reg RDX, Immediate 1000 7
967f: JMP 961f (resolved immediate)
  |
  `- 961f
9681: CALL __stack_chk_fail (external)
  |
  `- 
9686: MOV Reg RCX, Address (SizeDir 64 (AddrPlus (FromReg R13) (AddrImm 16))) 4
968a: MOV Reg RDI, Address (SizeDir 64 (AddrPlus (FromReg R13) (AddrImm 8))) 4
968e: LEA Reg R8, Address (AddrPlus (FromReg RIP) (AddrImm 17422)) 7
9695: LEA Reg RDX, Address (AddrPlus (FromReg RIP) (AddrImm 17452)) 7
969c: MOV Reg R9, Reg R14 3
969f: MOV Reg ESI, Immediate 1 5
96a4: XOR Reg EAX, Reg EAX 2
96a6: MOV Reg EBP, Immediate 75 5
96ab: CALL __fprintf_chk (external)
96b0: JMP 94da (resolved immediate)
  |
  `- 94da
