Number of assembly instructions     = 126
Number of indirect branches         = 0
Number of unresolved indirect jumps = 0: 
Number of unresolved indirect calls = 0: 
Number of symbolic states (representative of non-determinism): 126
Number of edges: 129

57c0 (True): 59de
58e0 (True): 5a4c
59b0 (False): 0

57c0: PUSH Reg RBP 1
57c1: PUSH Reg RBX 1
57c2: MOV Reg RAX, Immediate 18446744069414584320 10
57cc: MOV Reg RBP, Reg RSI 3
57cf: SUB Reg RSP, Immediate 8 4
57d3: MOV Address (SizeDir 64 (FromReg RDI)), Reg RSI 3
57d6: LEA Reg RSI, Address (AddrPlus (FromReg RDI) (AddrImm 24)) 4
57da: MOV Address (SizeDir 64 (AddrPlus (FromReg RDI) (AddrImm 8))), Reg RAX 4
57de: MOV Address (SizeDir 32 (AddrPlus (FromReg RDI) (AddrImm 16))), Immediate 0 7
57e5: MOV Address (SizeDir 64 (AddrPlus (FromReg RDI) (AddrImm 24))), Immediate 0 8
57ed: CALL xlu__cfg_yylex_init_extra (external)
57f2: TEST Reg EAX, Reg EAX 2
57f4: MOV Reg EBX, Reg EAX 2
57f6: JZ 581d (resolved immediate)
  |
  `- 57f8,581d
57f8: MOV Reg EDI, Reg EAX 2
57fa: CALL strerror (external)
57ff: MOV Reg RCX, Address (SizeDir 64 (AddrPlus (FromReg RBP) (AddrImm 16))) 4
5803: MOV Reg RDI, Address (SizeDir 64 (AddrPlus (FromReg RBP) (AddrImm 8))) 4
5807: LEA Reg RDX, Address (AddrPlus (FromReg RIP) (AddrImm 22234)) 7
580e: MOV Reg R8, Reg RAX 3
5811: MOV Reg ESI, Immediate 1 5
5816: XOR Reg EAX, Reg EAX 2
5818: CALL __fprintf_chk (external)
581d: ADD Reg RSP, Immediate 8 4
5821: MOV Reg EAX, Reg EBX 2
5823: POP Reg RBX 1
5824: POP Reg RBP 1
5825: RET  1
  |
  `- 
58e0: PUSH Reg RBX 1
58e1: MOV Reg RSI, Address (SizeDir 64 (AddrPlus (FromReg RDI) (AddrImm 24))) 4
58e5: MOV Reg RBX, Reg RDI 3
58e8: MOV Reg EDI, Immediate 1 5
58ed: CALL xlu__cfg_yyset_lineno (external)
58f2: MOV Reg RDI, Reg RBX 3
58f5: CALL xlu__cfg_yyparse (external)
58fa: TEST Reg EAX, Reg EAX 2
58fc: JZ 5910 (resolved immediate)
  |
  `- 58fe,5910
58fe: MOV Reg ECX, Address (SizeDir 32 (AddrPlus (FromReg RBX) (AddrImm 8))) 3
5901: TEST Reg ECX, Reg ECX 2
5903: JZ 593e (resolved immediate)
  |
  `- 5905,593e
5905: MOV Reg EAX, Address (SizeDir 32 (AddrPlus (FromReg RBX) (AddrImm 16))) 3
5908: TEST Reg EAX, Reg EAX 2
590a: JNZ 5920 (resolved immediate)
  |
  `- 590c,5920
590c: POP Reg RBX 1
590d: RET  1
  |
  `- 
5910: MOV Reg EDX, Address (SizeDir 32 (AddrPlus (FromReg RBX) (AddrImm 8))) 3
5913: TEST Reg EDX, Reg EDX 2
5915: JNZ 5905 (resolved immediate)
  |
  `- 5905,5917
5917: POP Reg RBX 1
5918: RET  1
  |
  `- 
5920: MOV Reg RAX, Address (SizeDir 64 (FromReg RBX)) 3
5923: LEA Reg RDI, Address (AddrPlus (FromReg RIP) (AddrImm 22062)) 7
592a: MOV Reg EDX, Immediate 164 5
592f: POP Reg RBX 1
5930: MOV Reg ESI, Immediate 1 5
5935: MOV Reg RCX, Address (SizeDir 64 (AddrPlus (FromReg RAX) (AddrImm 8))) 4
5939: JMP fwrite (jmp to external function)
  |
  `- 
593e: LEA Reg RCX, Address (AddrPlus (FromReg RIP) (AddrImm 23116)) 7
5945: LEA Reg RSI, Address (AddrPlus (FromReg RIP) (AddrImm 22838)) 7
594c: LEA Reg RDI, Address (AddrPlus (FromReg RIP) (AddrImm 22844)) 7
5953: MOV Reg EDX, Immediate 71 5
5958: CALL __assert_fail (external)
  |
  `- 
59b0: PUSH Reg R13 2
59b2: PUSH Reg R12 2
59b4: MOV Reg R13, Reg RSI 3
59b7: PUSH Reg RBP 1
59b8: PUSH Reg RBX 1
59b9: MOV Reg RSI, Reg RDI 3
59bc: MOV Reg RBP, Reg RDI 3
59bf: SUB Reg RSP, Immediate 56 4
59c3: MOV Reg RBX, Reg RSP 3
59c6: MOV Reg RDI, Reg RBX 3
59c9: MOV Reg RAX, Address (SizeDir 64 (AddrPlus (FromReg FS) (AddrImm 40))) 9
59d2: MOV Address (SizeDir 64 (AddrPlus (FromReg RSP) (AddrImm 40))), Reg RAX 5
59d7: XOR Reg EAX, Reg EAX 2
59d9: CALL ctx_prep (internal)
  |
  `- 57c0
59de: TEST Reg EAX, Reg EAX 2
59e0: JZ 5a20 (resolved immediate)
  |
  `- 59e2,5a20
59e2: MOV Address (SizeDir 32 (AddrPlus (FromReg RSP) (AddrImm 8))), Reg EAX 4
59e6: MOV Reg RDI, Address (SizeDir 64 (AddrPlus (FromReg RSP) (AddrImm 24))) 5
59eb: TEST Reg RDI, Reg RDI 3
59ee: JNZ 5a18 (resolved immediate)
  |
  `- 59f0,5a18
59f0: MOV Reg RDX, Address (SizeDir 64 (AddrPlus (FromReg RSP) (AddrImm 40))) 5
59f5: XOR Reg RDX, Address (SizeDir 64 (AddrPlus (FromReg FS) (AddrImm 40))) 9
59fe: MOV Reg EAX, Address (SizeDir 32 (AddrPlus (FromReg RSP) (AddrImm 8))) 4
5a02: JNZ 5a9c (resolved immediate)
  |
  `- 5a08,5a9c
5a08: ADD Reg RSP, Immediate 56 4
5a0c: POP Reg RBX 1
5a0d: POP Reg RBP 1
5a0e: POP Reg R12 2
5a10: POP Reg R13 2
5a12: RET  1
  |
  `- 
5a18: CALL xlu__cfg_yylex_destroy (external)
5a1d: JMP 59f0 (resolved immediate)
  |
  `- 59f0
5a20: LEA Reg RSI, Address (AddrPlus (FromReg RIP) (AddrImm 23310)) 7
5a27: MOV Reg RDI, Reg R13 3
5a2a: CALL fopen (external)
5a2f: TEST Reg RAX, Reg RAX 3
5a32: MOV Reg R12, Reg RAX 3
5a35: JZ 5a68 (resolved immediate)
  |
  `- 5a37,5a68
5a37: MOV Reg RSI, Address (SizeDir 64 (AddrPlus (FromReg RSP) (AddrImm 24))) 5
5a3c: MOV Reg RDI, Reg RAX 3
5a3f: CALL xlu__cfg_yyrestart (external)
5a44: MOV Reg RDI, Reg RBX 3
5a47: CALL parse (internal)
  |
  `- 58e0
5a4c: MOV Reg RDI, Address (SizeDir 64 (AddrPlus (FromReg RSP) (AddrImm 24))) 5
5a51: TEST Reg RDI, Reg RDI 3
5a54: JZ 5a5b (resolved immediate)
  |
  `- 5a56,5a5b
5a56: CALL xlu__cfg_yylex_destroy (external)
5a5b: MOV Reg RDI, Reg R12 3
5a5e: CALL fclose (external)
5a63: JMP 59f0 (resolved immediate)
  |
  `- 59f0
5a68: CALL __errno_location (external)
5a6d: MOV Reg EAX, Address (SizeDir 32 (FromReg RAX)) 2
5a6f: XOR Reg EDI, Reg EDI 2
5a71: MOV Address (SizeDir 32 (AddrPlus (FromReg RSP) (AddrImm 8))), Reg EAX 4
5a75: CALL strerror (external)
5a7a: MOV Reg RDI, Address (SizeDir 64 (AddrPlus (FromReg RBP) (AddrImm 8))) 4
5a7e: LEA Reg RDX, Address (AddrPlus (FromReg RIP) (AddrImm 21883)) 7
5a85: MOV Reg R8, Reg RAX 3
5a88: MOV Reg RCX, Reg R13 3
5a8b: MOV Reg ESI, Immediate 1 5
5a90: XOR Reg EAX, Reg EAX 2
5a92: CALL __fprintf_chk (external)
5a97: JMP 59e6 (resolved immediate)
  |
  `- 59e6
5a9c: CALL __stack_chk_fail (external)
  |
  `- 
