Number of assembly instructions     = 151
Number of indirect branches         = 0
Number of unresolved indirect jumps = 0: 
Number of unresolved indirect calls = 0: 
Number of symbolic states (representative of non-determinism): 151
Number of edges: 155

2fcb (False): 7398
6e30 (True): 73cb
72e0 (True): 7418
73a0 (False): 0

2fcb: SUB Reg RSP, Immediate 8 4
2fcf: MOV Reg RAX, Address (SizeDir 64 (AddrPlus (FromReg RIP) (AddrImm 2150410))) 7
2fd6: MOV Reg RCX, Reg RDI 3
2fd9: LEA Reg RDX, Address (SizeDir 64 (AddrPlus (FromReg RIP) (AddrImm 43521))) 7
2fe0: MOV Reg ESI, Immediate 1 5
2fe5: MOV Reg RDI, Address (SizeDir 64 (FromReg RAX)) 3
2fe8: XOR Reg EAX, Reg EAX 2
2fea: CALL __fprintf_chk (external)
2fef: MOV Reg EDI, Immediate 2 5
2ff4: CALL exit (external)
  |
  `- 
6e30: PUSH Reg R14 2
6e32: PUSH Reg R13 2
6e34: PUSH Reg R12 2
6e36: PUSH Reg RBP 1
6e37: MOV Reg RBP, Reg RDX 3
6e3a: PUSH Reg RBX 1
6e3b: MOV Reg RBX, Reg RDI 3
6e3e: MOV Reg R12, Reg RSI 3
6e41: CALL __errno_location (external)
6e46: MOV Reg RSI, Reg RBP 3
6e49: MOV Reg RDI, Reg RBX 3
6e4c: MOV Reg R13, Reg RAX 3
6e4f: MOV Reg R14D, Address (SizeDir 32 (FromReg RAX)) 3
6e52: CALL xlu__disk_yy_flush_buffer (external)
6e57: MOV Address (SizeDir 64 (FromReg RBX)), Reg R12 3
6e5a: MOV Address (SizeDir 32 (AddrPlus (FromReg RBX) (AddrImm 60))), Immediate 1 7
6e61: MOV Reg RAX, Address (SizeDir 64 (AddrPlus (FromReg RBP) (AddrImm 40))) 4
6e65: TEST Reg RAX, Reg RAX 3
6e68: JE 6e74 (resolved immediate)
  |
  `- 6e6a,6e74
6e6a: MOV Reg RDX, Address (SizeDir 64 (AddrPlus (FromReg RBP) (AddrImm 24))) 4
6e6e: CMP Reg RBX, Address (SizeDir 64 (AddrPlus (FromReg RAX) (AddrTimes (AddrImm 8) (FromReg RDX)))) 4
6e72: JE 6e7c (resolved immediate)
  |
  `- 6e74,6e7c
6e74: MOV Address (SizeDir 64 (AddrPlus (FromReg RBX) (AddrImm 52))), Immediate 1 8
6e7c: XOR Reg EAX, Reg EAX 2
6e7e: TEST Reg R12, Reg R12 3
6e81: JE 6e9a (resolved immediate)
  |
  `- 6e83,6e9a
6e83: MOV Reg RDI, Reg R12 3
6e86: CALL fileno (external)
6e8b: MOV Reg EDI, Reg EAX 2
6e8d: CALL isatty (external)
6e92: TEST Reg EAX, Reg EAX 2
6e94: SETG Reg AL 3
6e97: MOVZX Reg EAX, Reg AL 3
6e9a: MOV Address (SizeDir 32 (AddrPlus (FromReg RBX) (AddrImm 44))), Reg EAX 3
6e9d: MOV Address (SizeDir 32 (FromReg R13)), Reg R14D 4
6ea1: POP Reg RBX 1
6ea2: POP Reg RBP 1
6ea3: POP Reg R12 2
6ea5: POP Reg R13 2
6ea7: POP Reg R14 2
6ea9: RET  1
  |
  `- 
72e0: PUSH Reg RBP 1
72e1: PUSH Reg RBX 1
72e2: MOV Reg RBX, Reg RDI 3
72e5: SUB Reg RSP, Immediate 8 4
72e9: MOV Reg RDI, Address (SizeDir 64 (AddrPlus (FromReg RDI) (AddrImm 40))) 4
72ed: TEST Reg RDI, Reg RDI 3
72f0: JE 7358 (resolved immediate)
  |
  `- 72f2,7358
72f2: MOV Reg RAX, Address (SizeDir 64 (AddrPlus (FromReg RBX) (AddrImm 32))) 4
72f6: LEA Reg RDX, Address (SizeDir 64 (AddrMinus (FromReg RAX) (AddrImm 1))) 4
72fa: CMP Address (SizeDir 64 (AddrPlus (FromReg RBX) (AddrImm 24))), Reg RDX 4
72fe: JAE 7310 (resolved immediate)
  |
  `- 7300,7310
7300: ADD Reg RSP, Immediate 8 4
7304: POP Reg RBX 1
7305: POP Reg RBP 1
7306: RET  1
  |
  `- 
7310: LEA Reg RBP, Address (SizeDir 64 (AddrPlus (FromReg RAX) (AddrImm 8))) 4
7314: MOV Reg RDX, Reg RBX 3
7317: LEA Reg RSI, Address (SizeDir 64 (AddrTimes (AddrImm 8) (FromReg RBP))) 8
731f: CALL xlu__disk_yyrealloc (external)
7324: TEST Reg RAX, Reg RAX 3
7327: MOV Address (SizeDir 64 (AddrPlus (FromReg RBX) (AddrImm 40))), Reg RAX 4
732b: JE 738c (resolved immediate)
  |
  `- 732d,738c
732d: MOV Reg RDX, Address (SizeDir 64 (AddrPlus (FromReg RBX) (AddrImm 32))) 4
7331: PXOR Reg XMM0, Reg XMM0 4
7335: LEA Reg RAX, Address (SizeDir 64 (AddrPlus (FromReg RAX) (AddrTimes (AddrImm 8) (FromReg RDX)))) 4
7339: MOVUPS Address (SizeDir 128 (FromReg RAX)), Reg XMM0 3
733c: MOVUPS Address (SizeDir 128 (AddrPlus (FromReg RAX) (AddrImm 16))), Reg XMM0 4
7340: MOVUPS Address (SizeDir 128 (AddrPlus (FromReg RAX) (AddrImm 32))), Reg XMM0 4
7344: MOVUPS Address (SizeDir 128 (AddrPlus (FromReg RAX) (AddrImm 48))), Reg XMM0 4
7348: MOV Address (SizeDir 64 (AddrPlus (FromReg RBX) (AddrImm 32))), Reg RBP 4
734c: ADD Reg RSP, Immediate 8 4
7350: POP Reg RBX 1
7351: POP Reg RBP 1
7352: RET  1
  |
  `- 
7358: MOV Reg RSI, Reg RBX 3
735b: MOV Reg EDI, Immediate 8 5
7360: CALL xlu__disk_yyalloc (external)
7365: TEST Reg RAX, Reg RAX 3
7368: MOV Address (SizeDir 64 (AddrPlus (FromReg RBX) (AddrImm 40))), Reg RAX 4
736c: JE 738c (resolved immediate)
  |
  `- 736e,738c
736e: MOV Address (SizeDir 64 (FromReg RAX)), Immediate 0 7
7375: MOV Address (SizeDir 64 (AddrPlus (FromReg RBX) (AddrImm 32))), Immediate 1 8
737d: MOV Address (SizeDir 64 (AddrPlus (FromReg RBX) (AddrImm 24))), Immediate 0 8
7385: ADD Reg RSP, Immediate 8 4
7389: POP Reg RBX 1
738a: POP Reg RBP 1
738b: RET  1
  |
  `- 
738c: LEA Reg RDI, Address (SizeDir 64 (AddrPlus (FromReg RIP) (AddrImm 17005))) 7
7393: CALL yy_fatal_error.isra.2 (internal)
  |
  `- 2fcb
73a0: PUSH Reg R12 2
73a2: PUSH Reg RBP 1
73a3: MOV Reg RBP, Reg RDI 3
73a6: PUSH Reg RBX 1
73a7: MOV Reg RAX, Address (SizeDir 64 (AddrPlus (FromReg RSI) (AddrImm 40))) 4
73ab: MOV Reg RBX, Reg RSI 3
73ae: TEST Reg RAX, Reg RAX 3
73b1: JE 7410 (resolved immediate)
  |
  `- 73b3,7410
73b3: MOV Reg RDX, Address (SizeDir 64 (AddrPlus (FromReg RSI) (AddrImm 24))) 4
73b7: MOV Reg RDI, Address (SizeDir 64 (AddrPlus (FromReg RAX) (AddrTimes (AddrImm 8) (FromReg RDX)))) 4
73bb: TEST Reg RDI, Reg RDI 3
73be: JE 7410 (resolved immediate)
  |
  `- 73c0,7410
73c0: MOV Reg RDX, Reg RBX 3
73c3: MOV Reg RSI, Reg RBP 3
73c6: CALL xlu__disk_yy_init_buffer (internal)
  |
  `- 6e30
73cb: MOV Reg RAX, Address (SizeDir 64 (AddrPlus (FromReg RBX) (AddrImm 40))) 4
73cf: MOV Reg RDX, Address (SizeDir 64 (AddrPlus (FromReg RBX) (AddrImm 24))) 4
73d3: LEA Reg RDX, Address (SizeDir 64 (AddrPlus (FromReg RAX) (AddrTimes (AddrImm 8) (FromReg RDX)))) 4
73d7: MOV Reg RAX, Address (SizeDir 64 (FromReg RDX)) 3
73da: MOV Reg RAX, Address (SizeDir 64 (AddrPlus (FromReg RAX) (AddrImm 32))) 4
73de: MOV Address (SizeDir 64 (AddrPlus (FromReg RBX) (AddrImm 56))), Reg RAX 4
73e2: MOV Reg RAX, Address (SizeDir 64 (FromReg RDX)) 3
73e5: MOV Reg RAX, Address (SizeDir 64 (AddrPlus (FromReg RAX) (AddrImm 16))) 4
73e9: MOV Address (SizeDir 64 (AddrPlus (FromReg RBX) (AddrImm 72))), Reg RAX 4
73ed: MOV Address (SizeDir 64 (AddrPlus (FromReg RBX) (AddrImm 184))), Reg RAX 7
73f4: MOV Reg RDX, Address (SizeDir 64 (FromReg RDX)) 3
73f7: MOV Reg RDX, Address (SizeDir 64 (FromReg RDX)) 3
73fa: MOV Address (SizeDir 64 (AddrPlus (FromReg RBX) (AddrImm 8))), Reg RDX 4
73fe: MOVZX Reg EAX, Address (SizeDir 8 (FromReg RAX)) 3
7401: MOV Address (SizeDir 8 (AddrPlus (FromReg RBX) (AddrImm 48))), Reg AL 3
7404: POP Reg RBX 1
7405: POP Reg RBP 1
7406: POP Reg R12 2
7408: RET  1
  |
  `- 
7410: MOV Reg RDI, Reg RBX 3
7413: CALL xlu__disk_yyensure_buffer_stack (internal)
  |
  `- 72e0
7418: MOV Reg RDX, Address (SizeDir 64 (AddrPlus (FromReg RBX) (AddrImm 24))) 4
741c: MOV Reg RAX, Address (SizeDir 64 (AddrPlus (FromReg RBX) (AddrImm 40))) 4
7420: MOV Reg ESI, Immediate 16384 5
7425: MOV Reg RDI, Address (SizeDir 64 (AddrPlus (FromReg RBX) (AddrImm 8))) 4
7429: LEA Reg R12, Address (SizeDir 64 (AddrPlus (FromReg RAX) (AddrTimes (AddrImm 8) (FromReg RDX)))) 4
742d: MOV Reg RDX, Reg RBX 3
7430: CALL xlu__disk_yy_create_buffer (external)
7435: MOV Address (SizeDir 64 (FromReg R12)), Reg RAX 4
7439: MOV Reg RAX, Address (SizeDir 64 (AddrPlus (FromReg RBX) (AddrImm 40))) 4
743d: XOR Reg EDI, Reg EDI 2
743f: TEST Reg RAX, Reg RAX 3
7442: JE 73c0 (resolved immediate)
  |
  `- 73c0,7448
7448: MOV Reg RDX, Address (SizeDir 64 (AddrPlus (FromReg RBX) (AddrImm 24))) 4
744c: MOV Reg RDI, Address (SizeDir 64 (AddrPlus (FromReg RAX) (AddrTimes (AddrImm 8) (FromReg RDX)))) 4
7450: JMP 73c0 (resolved immediate)
  |
  `- 73c0
