Number of assembly instructions     = 10
Number of indirect branches         = 0
Number of unresolved indirect jumps = 0: 
Number of unresolved indirect calls = 0: 
Number of symbolic states (representative of non-determinism): 10
Number of edges: 11

6ec0 (False): 0

6ec0: MOV Reg RDX, Address (SizeDir 64 (AddrPlus (FromReg RDI) (AddrImm 40))) 4
6ec4: XOR Reg EAX, Reg EAX 2
6ec6: TEST Reg RDX, Reg RDX 3
6ec9: JE 6edb (resolved immediate)
  |
  `- 6ecb,6edb
6ecb: MOV Reg RCX, Address (SizeDir 64 (AddrPlus (FromReg RDI) (AddrImm 24))) 4
6ecf: MOV Reg RDX, Address (SizeDir 64 (AddrPlus (FromReg RDX) (AddrTimes (AddrImm 8) (FromReg RCX)))) 4
6ed3: TEST Reg RDX, Reg RDX 3
6ed6: JE 6edb (resolved immediate)
  |
  `- 6ed8,6edb
6ed8: MOV Reg EAX, Address (SizeDir 32 (AddrPlus (FromReg RDX) (AddrImm 52))) 3
6edb: RET  2
  |
  `- 
