Number of assembly instructions     = 205
Number of indirect branches         = 0
Number of unresolved indirect jumps = 0: 
Number of unresolved indirect calls = 0: 
Number of symbolic states (representative of non-determinism): 205
Number of edges: 223

66c0 (False): 0

66c0: PUSH Reg R15 2
66c2: PUSH Reg R14 2
66c4: PUSH Reg R13 2
66c6: PUSH Reg R12 2
66c8: PUSH Reg RBP 1
66c9: PUSH Reg RBX 1
66ca: SUB Reg RSP, Immediate 72 4
66ce: MOV Reg RAX, Address (SizeDir 64 (AddrPlus (FromReg FS) (AddrImm 40))) 9
66d7: MOV Address (SizeDir 64 (AddrPlus (FromReg RSP) (AddrImm 56))), Reg RAX 5
66dc: XOR Reg EAX, Reg EAX 2
66de: MOV Reg EAX, Address (SizeDir 32 (AddrPlus (FromReg RDI) (AddrImm 8))) 3
66e1: TEST Reg EAX, Reg EAX 2
66e3: JNZ 694d (resolved immediate)
  |
  `- 66e9,694d
66e9: MOV Reg R12, Reg RDI 3
66ec: MOV Reg RDI, Reg RSI 3
66ef: MOV Reg RBX, Reg RSI 3
66f2: CALL strlen (external)
66f7: CMP Reg EAX, Immediate 1 3
66fa: JLE 6a04 (resolved immediate)
  |
  `- 6700,6a04
6700: MOVSXD Reg RDX, Reg EAX 3
6703: LEA Reg RBP, Address (AddrMinus (AddrPlus (FromReg RBX) (FromReg RDX)) (AddrImm 1)) 5
6708: MOVZX Reg ECX, Address (SizeDir 8 (AddrPlus (FromReg RBP) (AddrImm 0))) 4
670c: CMP Address (SizeDir 8 (FromReg RBX)), Reg CL 2
670e: JNZ 6a04 (resolved immediate)
  |
  `- 6714,6a04
6714: SUB Reg EAX, Immediate 1 3
6717: MOVSXD Reg RDI, Reg EAX 3
671a: CALL malloc (external)
671f: TEST Reg RAX, Reg RAX 3
6722: MOV Reg R15, Reg RAX 3
6725: JZ 69b7 (resolved immediate)
  |
  `- 672b,69b7
672b: LEA Reg RSI, Address (AddrPlus (FromReg RBX) (AddrImm 1)) 4
672f: MOV Reg RBX, Reg RAX 3
6732: CMP Reg RBP, Reg RSI 3
6735: JBE 68b8 (resolved immediate)
  |
  `- 673b,68b8
673b: LEA Reg RCX, Address (AddrPlus (FromReg RSP) (AddrImm 52)) 5
6740: LEA Reg R8, Address (AddrPlus (FromReg RSP) (AddrImm 40)) 5
6745: MOV Reg R14, Immediate 288230376151711777 10
674f: LEA Reg R9, Address (AddrPlus (FromReg RCX) (AddrImm 1)) 4
6753: JMP 676a (resolved immediate)
  |
  `- 676a
6758: MOV Address (SizeDir 8 (FromReg RBX)), Reg AL 2
675a: MOV Reg RSI, Reg RDX 3
675d: ADD Reg RBX, Immediate 1 4
6761: CMP Reg RBP, Reg RSI 3
6764: JBE 68b8 (resolved immediate)
  |
  `- 676a,68b8
676a: MOVZX Reg EAX, Address (SizeDir 8 (FromReg RSI)) 3
676d: LEA Reg RDX, Address (AddrPlus (FromReg RSI) (AddrImm 1)) 4
6771: CMP Reg AL, Immediate 92 2
6773: JNZ 6758 (resolved immediate)
  |
  `- 6758,6775
6775: CMP Reg RBP, Reg RDX 3
6778: JBE 69e5 (resolved immediate)
  |
  `- 677e,69e5
677e: MOVSX Reg EAX, Address (SizeDir 8 (AddrPlus (FromReg RSI) (AddrImm 1))) 4
6782: LEA Reg R13, Address (AddrPlus (FromReg RSI) (AddrImm 2)) 4
6786: LEA Reg EDX, Address (AddrMinus (FromReg RAX) (AddrImm 34)) 3
6789: CMP Reg DL, Immediate 58 3
678c: JBE 6850 (resolved immediate)
  |
  `- 6792,6850
6792: CMP Reg EAX, Immediate 97 3
6795: JZ 6890 (resolved immediate)
  |
  `- 679b,6890
679b: CMP Reg EAX, Immediate 98 3
679e: JZ 68e8 (resolved immediate)
  |
  `- 67a4,68e8
67a4: CMP Reg EAX, Immediate 102 3
67a7: JZ 6900 (resolved immediate)
  |
  `- 67ad,6900
67ad: CMP Reg EAX, Immediate 110 3
67b0: JZ 6920 (resolved immediate)
  |
  `- 67b6,6920
67b6: CMP Reg EAX, Immediate 114 3
67b9: JZ 690f (resolved immediate)
  |
  `- 67bf,690f
67bf: CMP Reg EAX, Immediate 116 3
67c2: JZ 692f (resolved immediate)
  |
  `- 67c8,692f
67c8: CMP Reg EAX, Immediate 118 3
67cb: JZ 693e (resolved immediate)
  |
  `- 67d1,693e
67d1: CMP Reg EAX, Immediate 120 3
67d4: MOV Address (SizeDir 64 (AddrPlus (FromReg RSP) (AddrImm 24))), Reg R9 5
67d9: MOV Address (SizeDir 64 (AddrPlus (FromReg RSP) (AddrImm 8))), Reg R8 5
67de: JZ 6955 (resolved immediate)
  |
  `- 67e4,6955
67e4: SUB Reg EAX, Immediate 48 3
67e7: CMP Reg EAX, Immediate 7 3
67ea: JA 689c (resolved immediate)
  |
  `- 67f0,689c
67f0: MOV Reg RDI, Reg RCX 3
67f3: MOV Reg EDX, Immediate 3 5
67f8: MOV Reg RSI, Reg R13 3
67fb: CALL strncpy (external)
6800: MOV Reg R8, Address (SizeDir 64 (AddrPlus (FromReg RSP) (AddrImm 8))) 5
6805: MOV Reg EDX, Immediate 10 5
680a: MOV Reg RDI, Reg RAX 3
680d: MOV Address (SizeDir 8 (AddrPlus (FromReg RSP) (AddrImm 55))), Immediate 0 5
6812: MOV Address (SizeDir 64 (AddrPlus (FromReg RSP) (AddrImm 8))), Reg RAX 5
6817: MOV Reg RSI, Reg R8 3
681a: MOV Address (SizeDir 64 (AddrPlus (FromReg RSP) (AddrImm 16))), Reg R8 5
681f: CALL strtoul (external)
6824: MOV Reg RSI, Address (SizeDir 64 (AddrPlus (FromReg RSP) (AddrImm 40))) 5
6829: MOV Reg R9, Address (SizeDir 64 (AddrPlus (FromReg RSP) (AddrImm 24))) 5
682e: MOV Reg RCX, Address (SizeDir 64 (AddrPlus (FromReg RSP) (AddrImm 8))) 5
6833: MOV Reg R8, Address (SizeDir 64 (AddrPlus (FromReg RSP) (AddrImm 16))) 5
6838: CMP Reg RSI, Reg R9 3
683b: JBE 69c8 (resolved immediate)
  |
  `- 6841,69c8
6841: SUB Reg RSI, Reg RCX 3
6844: ADD Reg RSI, Reg R13 3
6847: JMP 6863 (resolved immediate)
  |
  `- 6863
6850: BT Reg R14, Reg RDX 4
6854: JAE 6792 (resolved immediate)
  |
  `- 6792,685a
685a: MOV Address (SizeDir 8 (FromReg RBX)), Reg AL 2
685c: MOV Reg RSI, Reg R13 3
685f: ADD Reg RBX, Immediate 1 4
6863: CMP Reg RBP, Reg RSI 3
6866: JAE 6761 (resolved immediate)
  |
  `- 6761,686c
686c: LEA Reg RCX, Address (AddrPlus (FromReg RIP) (AddrImm 19117)) 7
6873: LEA Reg RSI, Address (AddrPlus (FromReg RIP) (AddrImm 18952)) 7
687a: LEA Reg RDI, Address (AddrPlus (FromReg RIP) (AddrImm 19075)) 7
6881: MOV Reg EDX, Immediate 542 5
6886: CALL __assert_fail (external)
  |
  `- 
6890: MOV Address (SizeDir 8 (FromReg RBX)), Immediate 7 3
6893: MOV Reg RSI, Reg R13 3
6896: ADD Reg RBX, Immediate 1 4
689a: JMP 6863 (resolved immediate)
  |
  `- 6863
689c: LEA Reg RSI, Address (AddrPlus (FromReg RIP) (AddrImm 18861)) 7
68a3: MOV Reg RDI, Reg R12 3
68a6: CALL xlu__cfgl_lexicalerror (external)
68ab: MOV Address (SizeDir 32 (AddrPlus (FromReg R12) (AddrImm 8))), Immediate 22 9
68b4: NOP  4
68b8: MOV Address (SizeDir 8 (FromReg RBX)), Immediate 0 3
68bb: MOV Reg RCX, Address (SizeDir 64 (AddrPlus (FromReg RSP) (AddrImm 56))) 5
68c0: XOR Reg RCX, Address (SizeDir 64 (AddrPlus (FromReg FS) (AddrImm 40))) 9
68c9: MOV Reg RAX, Reg R15 3
68cc: JNZ 6a23 (resolved immediate)
  |
  `- 68d2,6a23
68d2: ADD Reg RSP, Immediate 72 4
68d6: POP Reg RBX 1
68d7: POP Reg RBP 1
68d8: POP Reg R12 2
68da: POP Reg R13 2
68dc: POP Reg R14 2
68de: POP Reg R15 2
68e0: RET  1
  |
  `- 
68e8: MOV Address (SizeDir 8 (FromReg RBX)), Immediate 8 3
68eb: MOV Reg RSI, Reg R13 3
68ee: ADD Reg RBX, Immediate 1 4
68f2: JMP 6863 (resolved immediate)
  |
  `- 6863
6900: MOV Address (SizeDir 8 (FromReg RBX)), Immediate 12 3
6903: MOV Reg RSI, Reg R13 3
6906: ADD Reg RBX, Immediate 1 4
690a: JMP 6863 (resolved immediate)
  |
  `- 6863
690f: MOV Address (SizeDir 8 (FromReg RBX)), Immediate 13 3
6912: MOV Reg RSI, Reg R13 3
6915: ADD Reg RBX, Immediate 1 4
6919: JMP 6863 (resolved immediate)
  |
  `- 6863
6920: MOV Address (SizeDir 8 (FromReg RBX)), Immediate 10 3
6923: MOV Reg RSI, Reg R13 3
6926: ADD Reg RBX, Immediate 1 4
692a: JMP 6863 (resolved immediate)
  |
  `- 6863
692f: MOV Address (SizeDir 8 (FromReg RBX)), Immediate 9 3
6932: MOV Reg RSI, Reg R13 3
6935: ADD Reg RBX, Immediate 1 4
6939: JMP 6863 (resolved immediate)
  |
  `- 6863
693e: MOV Address (SizeDir 8 (FromReg RBX)), Immediate 11 3
6941: MOV Reg RSI, Reg R13 3
6944: ADD Reg RBX, Immediate 1 4
6948: JMP 6863 (resolved immediate)
  |
  `- 6863
694d: XOR Reg R15D, Reg R15D 3
6950: JMP 68bb (resolved immediate)
  |
  `- 68bb
6955: LEA Reg R13, Address (AddrPlus (FromReg RSI) (AddrImm 3)) 4
6959: MOV Reg RDI, Reg RCX 3
695c: MOV Reg EDX, Immediate 2 5
6961: MOV Reg RSI, Reg R13 3
6964: CALL strncpy (external)
6969: MOV Reg R8, Address (SizeDir 64 (AddrPlus (FromReg RSP) (AddrImm 8))) 5
696e: MOV Reg EDX, Immediate 16 5
6973: MOV Reg RDI, Reg RAX 3
6976: MOV Address (SizeDir 8 (AddrPlus (FromReg RSP) (AddrImm 54))), Immediate 0 5
697b: MOV Address (SizeDir 64 (AddrPlus (FromReg RSP) (AddrImm 8))), Reg RAX 5
6980: MOV Reg RSI, Reg R8 3
6983: MOV Address (SizeDir 64 (AddrPlus (FromReg RSP) (AddrImm 16))), Reg R8 5
6988: CALL strtoul (external)
698d: MOV Reg RCX, Address (SizeDir 64 (AddrPlus (FromReg RSP) (AddrImm 8))) 5
6992: MOV Reg RAX, Address (SizeDir 64 (AddrPlus (FromReg RSP) (AddrImm 40))) 5
6997: MOV Reg R8, Address (SizeDir 64 (AddrPlus (FromReg RSP) (AddrImm 16))) 5
699c: MOV Reg R9, Address (SizeDir 64 (AddrPlus (FromReg RSP) (AddrImm 24))) 5
69a1: LEA Reg RDX, Address (AddrPlus (FromReg RCX) (AddrImm 2)) 4
69a5: CMP Reg RAX, Reg RDX 3
69a8: JBE 6a28 (resolved immediate)
  |
  `- 69aa,6a28
69aa: SUB Reg RAX, Reg RCX 3
69ad: LEA Reg RSI, Address (AddrPlus (AddrPlus (FromReg R13) (FromReg RAX)) (AddrImm 0)) 5
69b2: JMP 6863 (resolved immediate)
  |
  `- 6863
69b7: CALL __errno_location (external)
69bc: MOV Reg EAX, Address (SizeDir 32 (FromReg RAX)) 2
69be: MOV Address (SizeDir 32 (AddrPlus (FromReg R12) (AddrImm 8))), Reg EAX 5
69c3: JMP 68bb (resolved immediate)
  |
  `- 68bb
69c8: LEA Reg RSI, Address (AddrPlus (FromReg RIP) (AddrImm 18481)) 7
69cf: MOV Reg RDI, Reg R12 3
69d2: CALL xlu__cfgl_lexicalerror (external)
69d7: MOV Address (SizeDir 32 (AddrPlus (FromReg R12) (AddrImm 8))), Immediate 22 9
69e0: JMP 68b8 (resolved immediate)
  |
  `- 68b8
69e5: LEA Reg RCX, Address (AddrPlus (FromReg RIP) (AddrImm 18740)) 7
69ec: LEA Reg RSI, Address (AddrPlus (FromReg RIP) (AddrImm 18575)) 7
69f3: LEA Reg RDI, Address (AddrPlus (FromReg RIP) (AddrImm 18684)) 7
69fa: MOV Reg EDX, Immediate 502 5
69ff: CALL __assert_fail (external)
  |
  `- 
6a04: LEA Reg RCX, Address (AddrPlus (FromReg RIP) (AddrImm 18709)) 7
6a0b: LEA Reg RSI, Address (AddrPlus (FromReg RIP) (AddrImm 18544)) 7
6a12: LEA Reg RDI, Address (AddrPlus (FromReg RIP) (AddrImm 18624)) 7
6a19: MOV Reg EDX, Immediate 490 5
6a1e: CALL __assert_fail (external)
  |
  `- 
6a23: CALL __stack_chk_fail (external)
  |
  `- 
6a28: LEA Reg RSI, Address (AddrPlus (FromReg RIP) (AddrImm 18305)) 7
6a2f: MOV Reg RDI, Reg R12 3
6a32: CALL xlu__cfgl_lexicalerror (external)
6a37: MOV Address (SizeDir 32 (AddrPlus (FromReg R12) (AddrImm 8))), Immediate 22 9
6a40: JMP 68b8 (resolved immediate)
  |
  `- 68b8
