Number of assembly instructions     = 53
Number of indirect branches         = 0
Number of unresolved indirect jumps = 0: 
Number of unresolved indirect calls = 0: 
Number of symbolic states (representative of non-determinism): 53
Number of edges: 54

6260 (False): 0

6260: PUSH Reg R14 2
6262: PUSH Reg R13 2
6264: PUSH Reg R12 2
6266: PUSH Reg RBP 1
6267: MOV Reg RBP, Reg RSI 3
626a: PUSH Reg RBX 1
626b: MOV Reg EAX, Address (SizeDir 32 (AddrPlus (FromReg RDI) (AddrImm 8))) 3
626e: TEST Reg EAX, Reg EAX 2
6270: JNE 6300 (resolved immediate)
  |
  `- 6276,6300
6276: MOV Reg R12, Reg RDI 3
6279: MOV Reg EDI, Immediate 8 5
627e: MOV Reg R13, Reg RDX 3
6281: CALL malloc (external)
6286: TEST Reg RAX, Reg RAX 3
6289: MOV Reg RBX, Reg RAX 3
628c: MOV Reg R14, Reg RAX 3
628f: JE 62d8 (resolved immediate)
  |
  `- 6291,62d8
6291: MOV Address (SizeDir 64 (FromReg RAX)), Reg RBP 3
6294: MOV Reg EDI, Immediate 40 5
6299: CALL malloc (external)
629e: TEST Reg RAX, Reg RAX 3
62a1: JE 62d8 (resolved immediate)
  |
  `- 62a3,62d8
62a3: XOR Reg EDX, Reg EDX 2
62a5: MOVDQU Reg XMM0, Address (SizeDir 128 (FromReg R13)) 6
62ab: TEST Reg RBP, Reg RBP 3
62ae: MOV Address (SizeDir 32 (FromReg RAX)), Immediate 1 6
62b4: MOV Address (SizeDir 32 (AddrPlus (FromReg RAX) (AddrImm 8))), Immediate 1 7
62bb: SETNE Reg DL 3
62be: MOV Address (SizeDir 64 (AddrPlus (FromReg RAX) (AddrImm 16))), Reg RBX 4
62c2: MOV Address (SizeDir 32 (AddrPlus (FromReg RAX) (AddrImm 12))), Reg EDX 3
62c5: MOVUPS Address (SizeDir 128 (AddrPlus (FromReg RAX) (AddrImm 24))), Reg XMM0 4
62c9: POP Reg RBX 1
62ca: POP Reg RBP 1
62cb: POP Reg R12 2
62cd: POP Reg R13 2
62cf: POP Reg R14 2
62d1: RET  1
  |
  `- 
62d8: CALL __errno_location (external)
62dd: MOV Reg EAX, Address (SizeDir 32 (FromReg RAX)) 2
62df: MOV Address (SizeDir 32 (AddrPlus (FromReg R12) (AddrImm 8))), Reg EAX 5
62e4: MOV Reg RDI, Reg R14 3
62e7: CALL free (external)
62ec: MOV Reg RDI, Reg RBP 3
62ef: CALL xlu__cfg_value_free (external)
62f4: POP Reg RBX 1
62f5: XOR Reg EAX, Reg EAX 2
62f7: POP Reg RBP 1
62f8: POP Reg R12 2
62fa: POP Reg R13 2
62fc: POP Reg R14 2
62fe: RET  1
  |
  `- 
6300: XOR Reg R14D, Reg R14D 3
6303: JMP 62e4 (resolved immediate)
  |
  `- 62e4
