Number of assembly instructions     = 30
Number of indirect branches         = 0
Number of unresolved indirect jumps = 0: 
Number of unresolved indirect calls = 0: 
Number of symbolic states (representative of non-determinism): 30
Number of edges: 31

9080 (False): 0

9080: TEST Reg RSI, Reg RSI 3
9083: PUSH Reg RBX 1
9084: MOV Reg R8, Reg RDX 3
9087: MOV Reg RBX, Reg RDI 3
908a: MOV Reg R10, Address (SizeDir 64 (AddrPlus (FromReg RDI) (AddrImm 48))) 4
908e: JZ 90e0 (resolved immediate)
  |
  `- 9090,90e0
9090: LEA Reg RDX, Address (AddrPlus (FromReg RIP) (AddrImm 4225)) 7
9097: LEA Reg R9, Address (AddrPlus (FromReg RIP) (AddrImm 18720)) 7
909e: MOV Reg RAX, Address (SizeDir 64 (FromReg RBX)) 3
90a1: SUB Reg RSP, Immediate 8 4
90a5: MOV Reg RCX, Address (SizeDir 64 (AddrPlus (FromReg RAX) (AddrImm 16))) 4
90a9: MOV Reg RDI, Address (SizeDir 64 (AddrPlus (FromReg RAX) (AddrImm 8))) 4
90ad: XOR Reg EAX, Reg EAX 2
90af: PUSH Reg R10 2
90b1: PUSH Reg RDX 1
90b2: LEA Reg RDX, Address (AddrPlus (FromReg RIP) (AddrImm 18751)) 7
90b9: PUSH Reg RSI 1
90ba: MOV Reg ESI, Immediate 1 5
90bf: CALL __fprintf_chk (external)
90c4: MOV Reg EAX, Address (SizeDir 32 (AddrPlus (FromReg RBX) (AddrImm 8))) 3
90c7: ADD Reg RSP, Immediate 32 4
90cb: TEST Reg EAX, Reg EAX 2
90cd: JNZ 90d6 (resolved immediate)
  |
  `- 90cf,90d6
90cf: MOV Address (SizeDir 32 (AddrPlus (FromReg RBX) (AddrImm 8))), Immediate 22 7
90d6: POP Reg RBX 1
90d7: RET  1
  |
  `- 
90e0: LEA Reg RSI, Address (AddrPlus (FromReg RIP) (AddrImm 18685)) 7
90e7: MOV Reg RDX, Reg RSI 3
90ea: MOV Reg R9, Reg RSI 3
90ed: JMP 909e (resolved immediate)
  |
  `- 909e
