Number of assembly instructions     = 51
Number of indirect branches         = 1
Number of unresolved indirect jumps = 0: 
Number of unresolved indirect calls = 1: 94e
Number of symbolic states (representative of non-determinism): 51
Number of edges: 52

830 (True): 92d
870 (True): 95d
920 (False): 0

830: LEA Reg RDI, Address (AddrPlus (FromReg RIP) (AddrImm 2099305)) 7
837: SUB Reg RSP, Immediate 8 4
83b: CALL pthread_mutex_lock (external)
840: TEST Reg EAX, Reg EAX 2
842: JNZ 849 (resolved immediate)
  |
  `- 844,849
844: ADD Reg RSP, Immediate 8 4
848: RET  1
  |
  `- 
849: LEA Reg RCX, Address (AddrPlus (FromReg RIP) (AddrImm 441)) 7
850: LEA Reg RSI, Address (AddrPlus (FromReg RIP) (AddrImm 402)) 7
857: LEA Reg RDI, Address (AddrPlus (FromReg RIP) (AddrImm 407)) 7
85e: MOV Reg EDX, Immediate 38 5
863: CALL __assert_fail (external)
  |
  `- 
870: LEA Reg RDI, Address (AddrPlus (FromReg RIP) (AddrImm 2099241)) 7
877: SUB Reg RSP, Immediate 8 4
87b: CALL pthread_mutex_unlock (external)
880: TEST Reg EAX, Reg EAX 2
882: JNZ 889 (resolved immediate)
  |
  `- 884,889
884: ADD Reg RSP, Immediate 8 4
888: RET  1
  |
  `- 
889: LEA Reg RCX, Address (AddrPlus (FromReg RIP) (AddrImm 370)) 7
890: LEA Reg RSI, Address (AddrPlus (FromReg RIP) (AddrImm 338)) 7
897: LEA Reg RDI, Address (AddrPlus (FromReg RIP) (AddrImm 343)) 7
89e: MOV Reg EDX, Immediate 43 5
8a3: CALL __assert_fail (external)
  |
  `- 
920: PUSH Reg RBP 1
921: PUSH Reg RBX 1
922: MOV Reg EBP, Reg EDI 2
924: SUB Reg RSP, Immediate 24 4
928: CALL lock (internal)
  |
  `- 830
92d: MOV Reg RBX, Address (SizeDir 64 (AddrPlus (FromReg RIP) (AddrImm 2099020))) 7
934: TEST Reg RBX, Reg RBX 3
937: JZ 970 (resolved immediate)
  |
  `- 939,970
939: MOVZX Reg EBP, Reg BP 3
93c: JMP 949 (resolved immediate)
  |
  `- 949
940: MOV Reg RBX, Address (SizeDir 64 (AddrPlus (FromReg RBX) (AddrImm 8))) 4
944: TEST Reg RBX, Reg RBX 3
947: JZ 970 (resolved immediate)
  |
  `- 949,970
949: MOV Reg ESI, Reg EBP 2
94b: MOV Reg RDI, Reg RBX 3
94e: CALL Address (SizeDir 64 (FromReg RBX)) 2
950: TEST Reg EAX, Reg EAX 2
952: JZ 940 (resolved immediate)
  |
  `- 940,954
954: MOV Address (SizeDir 32 (AddrPlus (FromReg RSP) (AddrImm 12))), Reg EAX 4
958: CALL unlock (internal)
  |
  `- 95d,870
95d: MOV Reg EAX, Address (SizeDir 32 (AddrPlus (FromReg RSP) (AddrImm 12))) 4
961: ADD Reg RSP, Immediate 24 4
965: POP Reg RBX 1
966: POP Reg RBP 1
967: RET  1
  |
  `- 
970: XOR Reg EAX, Reg EAX 2
972: JMP 954 (resolved immediate)
  |
  `- 954
