Number of assembly instructions     = 39
Number of indirect branches         = 0
Number of unresolved indirect jumps = 0: 
Number of unresolved indirect calls = 0: 
Number of symbolic states (representative of non-determinism): 39
Number of edges: 39

980 (False): 0

980: PUSH Reg R12 2
982: PUSH Reg RBP 1
983: XOR Reg EBP, Reg EBP 2
985: TEST Reg EDI, Reg EDI 2
987: PUSH Reg RBX 1
988: JS 9a8 (resolved immediate)
  |
  `- 98a,9a8
98a: MOV Reg EBX, Reg EDI 2
98c: LEA Reg RDI, Address (SizeDir 64 (AddrPlus (FromReg RIP) (AddrImm 101))) 7
993: XOR Reg ESI, Reg ESI 2
995: XOR Reg EAX, Reg EAX 2
997: MOV Reg EBP, Immediate 4294967295 5
99c: CALL open (external)
9a1: TEST Reg EAX, Reg EAX 2
9a3: MOV Reg R12D, Reg EAX 3
9a6: JNS 9b0 (resolved immediate)
  |
  `- 9a8,9b0
9a8: MOV Reg EAX, Reg EBP 2
9aa: POP Reg RBX 1
9ab: POP Reg RBP 1
9ac: POP Reg R12 2
9ae: RET  1
  |
  `- 
9b0: MOV Reg EDI, Reg EAX 2
9b2: MOV Reg ESI, Reg EBX 2
9b4: CALL dup2 (external)
9b9: TEST Reg EAX, Reg EAX 2
9bb: MOV Reg EDI, Reg R12D 3
9be: JNS 9d0 (resolved immediate)
  |
  `- 9c0,9d0
9c0: CALL close (external)
9c5: MOV Reg EAX, Reg EBP 2
9c7: POP Reg RBX 1
9c8: POP Reg RBP 1
9c9: POP Reg R12 2
9cb: RET  1
  |
  `- 
9d0: XOR Reg EBP, Reg EBP 2
9d2: CALL close (external)
9d7: MOV Reg EAX, Reg EBP 2
9d9: POP Reg RBX 1
9da: POP Reg RBP 1
9db: POP Reg R12 2
9dd: RET  1
  |
  `- 
