Number of assembly instructions     = 649
Number of indirect branches         = 4
Number of unresolved indirect jumps = 2: 15a7, 216b
Number of unresolved indirect calls = 0: 
Number of symbolic states (representative of non-determinism): 656
Number of edges: 706

2040 (False): 0
2150 (True): 1f98, 1fcc
26e0 (True): 1be7, 27b0, 284e
28a0 (True): 29ea
2910 (True): 1c22

1390: PUSH Reg RBP 1
1391: MOV Reg RBP, Reg RSP 3
1394: PUSH Reg R15 2
1396: PUSH Reg R14 2
1398: PUSH Reg R13 2
139a: PUSH Reg R12 2
139c: MOV Reg R13, Reg RSI 3
139f: PUSH Reg RBX 1
13a0: MOV Reg EBX, Reg EDI 2
13a2: SUB Reg RSP, Immediate 136 7
13a9: MOV Reg R15, Address (SizeDir 64 (FromReg RSI)) 3
13ac: MOV Reg ESI, Immediate 47 5
13b1: MOV Reg RAX, Address (SizeDir 64 (AddrPlus (FromReg FS) (AddrImm 40))) 9
13ba: MOV Address (SizeDir 64 (AddrMinus (FromReg RBP) (AddrImm 56))), Reg RAX 4
13be: XOR Reg EAX, Reg EAX 2
13c0: MOV Reg RDI, Reg R15 3
13c3: CALL strrchr (external)
13c8: LEA Reg R14, Address (SizeDir 64 (AddrPlus (FromReg RAX) (AddrImm 1))) 4
13cc: TEST Reg RAX, Reg RAX 3
13cf: LEA Reg RDI, Address (SizeDir 64 (AddrPlus (FromReg RIP) (AddrImm 6134))) 7
13d6: MOV Reg ECX, Immediate 9 5
13db: CMOVE Reg R14, Reg R15 4
13df: MOV Reg RSI, Reg R14 3
13e2: REP CMPSB Address (SizeDir 8 (FromReg RSI)), Address (SizeDir 8 (FromReg RDI)) 2
13e4: SETA Reg R12B 4
13e8: SBB Reg R12B, Immediate 0 4
13ec: ADD Reg R14, Immediate 9 4
13f0: MOVSX Reg R12D, Reg R12B 4
13f4: TEST Reg R12D, Reg R12D 3
13f7: JE 140c (resolved immediate)
  |
  `- 13f9,140c
13f9: CMP Reg EBX, Immediate 1 3
13fc: JLE 2025 (resolved immediate)
  |
  `- 1402,2025
1402: MOV Reg R14, Address (SizeDir 64 (AddrPlus (FromReg R13) (AddrImm 8))) 4
1406: MOV Reg R12D, Immediate 1 6
140c: LEA Reg RDI, Address (SizeDir 64 (AddrPlus (FromReg RIP) (AddrImm 6083))) 7
1413: MOV Reg ECX, Immediate 5 5
1418: MOV Reg RSI, Reg R14 3
141b: REP CMPSB Address (SizeDir 8 (FromReg RSI)), Address (SizeDir 8 (FromReg RDI)) 2
141d: SETA Reg AL 3
1420: SBB Reg AL, Immediate 0 2
1422: TEST Reg AL, Reg AL 2
1424: JE 1eec (resolved immediate)
  |
  `- 142a,1eec
142a: LEA Reg RDI, Address (SizeDir 64 (AddrPlus (FromReg RIP) (AddrImm 6058))) 7
1431: MOV Reg ECX, Immediate 6 5
1436: MOV Reg RSI, Reg R14 3
1439: REP CMPSB Address (SizeDir 8 (FromReg RSI)), Address (SizeDir 8 (FromReg RDI)) 2
143b: SETA Reg AL 3
143e: SBB Reg AL, Immediate 0 2
1440: TEST Reg AL, Reg AL 2
1442: JE 14eb (resolved immediate)
1448: LEA Reg RSI, Address (SizeDir 64 (AddrPlus (FromReg RIP) (AddrImm 6034))) 7
144f: MOV Reg RDI, Reg R14 3
1452: CALL strcmp (external)
1457: TEST Reg EAX, Reg EAX 2
1459: JE 1fa3 (resolved immediate)
  |
  `- 145f,1fa3
145f: LEA Reg RSI, Address (SizeDir 64 (AddrPlus (FromReg RIP) (AddrImm 6018))) 7
1466: MOV Reg RDI, Reg R14 3
1469: CALL strcmp (external)
146e: TEST Reg EAX, Reg EAX 2
1470: JE 1f59 (resolved immediate)
1476: LEA Reg RSI, Address (SizeDir 64 (AddrPlus (FromReg RIP) (AddrImm 5886))) 7
147d: MOV Reg RDI, Reg R14 3
1480: CALL strcmp (external)
1485: TEST Reg EAX, Reg EAX 2
1487: JE 1fdd (resolved immediate)
148d: LEA Reg RSI, Address (SizeDir 64 (AddrPlus (FromReg RIP) (AddrImm 5977))) 7
1494: MOV Reg RDI, Reg R14 3
1497: CALL strcmp (external)
149c: TEST Reg EAX, Reg EAX 2
149e: JE 1fd1 (resolved immediate)
14a4: LEA Reg RSI, Address (SizeDir 64 (AddrPlus (FromReg RIP) (AddrImm 5957))) 7
14ab: MOV Reg RDI, Reg R14 3
14ae: CALL strcmp (external)
14b3: TEST Reg EAX, Reg EAX 2
14b5: JE 1faf (resolved immediate)
14bb: LEA Reg RSI, Address (SizeDir 64 (AddrPlus (FromReg RIP) (AddrImm 5940))) 7
14c2: MOV Reg RDI, Reg R14 3
14c5: CALL strcmp (external)
14ca: TEST Reg EAX, Reg EAX 2
14cc: MOV Address (SizeDir 32 (AddrMinus (FromReg RBP) (AddrImm 92))), Immediate 8 7
14d3: JE 14f2 (resolved immediate)
14d5: LEA Reg RSI, Address (SizeDir 64 (AddrPlus (FromReg RIP) (AddrImm 5920))) 7
14dc: MOV Reg RDX, Reg R14 3
14df: MOV Reg EDI, Immediate 1 5
14e4: XOR Reg EAX, Reg EAX 2
14e6: CALL errx (external)
  |
  `- 
14f2: MOVSXD Reg RAX, Reg R12D 3
14f5: SUB Reg EBX, Reg R12D 3
14f8: LEA Reg R15, Address (SizeDir 64 (AddrMinus (FromReg RBP) (AddrImm 64))) 4
14fc: LEA Reg RAX, Address (SizeDir 64 (AddrPlus (FromReg R13) (AddrTimes (AddrImm 8) (FromReg RAX)))) 5
1501: MOV Address (SizeDir 32 (AddrMinus (FromReg RBP) (AddrImm 176))), Reg EBX 6
1507: LEA Reg RBX, Address (SizeDir 64 (AddrPlus (FromReg RIP) (AddrImm 6630))) 7
150e: MOV Address (SizeDir 32 (AddrMinus (FromReg RBP) (AddrImm 120))), Immediate 0 7
1515: MOV Address (SizeDir 32 (AddrMinus (FromReg RBP) (AddrImm 100))), Immediate 4294967295 7
151c: MOV Reg R14D, Immediate 1 6
1522: MOV Address (SizeDir 64 (AddrMinus (FromReg RBP) (AddrImm 88))), Reg RAX 4
1526: MOV Reg EAX, Address (SizeDir 32 (AddrMinus (FromReg RBP) (AddrImm 92))) 3
1529: MOV Address (SizeDir 32 (AddrMinus (FromReg RBP) (AddrImm 160))), Immediate 0 10
1533: MOV Address (SizeDir 32 (AddrMinus (FromReg RBP) (AddrImm 156))), Immediate 0 10
153d: MOV Address (SizeDir 32 (AddrMinus (FromReg RBP) (AddrImm 144))), Immediate 0 10
1547: MOV Address (SizeDir 32 (AddrMinus (FromReg RBP) (AddrImm 116))), Immediate 0 7
154e: MOV Reg EDX, Reg EAX 2
1550: SUB Reg EAX, Immediate 3 3
1553: MOV Address (SizeDir 32 (AddrMinus (FromReg RBP) (AddrImm 96))), Immediate 0 7
155a: AND Reg EDX, Immediate 4294967293 3
155d: MOV Address (SizeDir 32 (AddrMinus (FromReg RBP) (AddrImm 112))), Reg EAX 3
1560: MOV Address (SizeDir 32 (AddrMinus (FromReg RBP) (AddrImm 104))), Reg EDX 3
1563: NOP  5
1568: MOV Reg RSI, Address (SizeDir 64 (AddrMinus (FromReg RBP) (AddrImm 88))) 4
156c: MOV Reg EDI, Address (SizeDir 32 (AddrMinus (FromReg RBP) (AddrImm 176))) 6
1572: LEA Reg RCX, Address (SizeDir 64 (AddrPlus (FromReg RIP) (AddrImm 2108071))) 7
1579: LEA Reg RDX, Address (SizeDir 64 (AddrPlus (FromReg RIP) (AddrImm 5773))) 7
1580: MOV Reg R8, Reg R15 3
1583: MOV Address (SizeDir 32 (AddrMinus (FromReg RBP) (AddrImm 64))), Immediate 0 7
158a: CALL getopt_long (external)
158f: CMP Reg EAX, Immediate 18446744073709551615 3
1592: JE 167f (resolved immediate)
  |
  `- 1598,167f
1598: SUB Reg EAX, Immediate 82 3
159b: CMP Reg EAX, Immediate 35 3
159e: JA 1568 (resolved immediate)
  |
  `- 1568,15a0
15a0: MOVSXD Reg RAX, Address (SizeDir 32 (AddrPlus (FromReg RBX) (AddrTimes (AddrImm 4) (FromReg RAX)))) 4
15a4: ADD Reg RAX, Reg RBX 3
15a7: JMP Reg RAX 2
  |
  `- 
167f: MOV Reg EAX, Address (SizeDir 32 (AddrMinus (FromReg RBP) (AddrImm 92))) 3
1682: CMP Reg EAX, Immediate 4 3
1685: JE 1e9d (resolved immediate)
  |
  `- 168b,1e9d
168b: CMP Reg EAX, Immediate 7 3
168e: MOV Reg EBX, Address (SizeDir 32 (AddrPlus (FromReg RIP) (AddrImm 2108116))) 6
1694: JE 16e3 (resolved immediate)
  |
  `- 1696,16e3
1696: CMP Reg EBX, Address (SizeDir 32 (AddrMinus (FromReg RBP) (AddrImm 176))) 6
169c: JE 1f89 (resolved immediate)
  |
  `- 16a2,1f89
16a2: MOV Reg EAX, Address (SizeDir 32 (AddrMinus (FromReg RBP) (AddrImm 92))) 3
16a5: CMP Reg EAX, Immediate 5 3
16a8: JE 1ef8 (resolved immediate)
  |
  `- 16ae,1ef8
16ae: JA 1f65 (resolved immediate)
  |
  `- 16b4,1f65
16b4: CMP Reg EAX, Immediate 4 3
16b7: JE 1f7a (resolved immediate)
  |
  `- 16bd,1f7a
16bd: MOV Address (SizeDir 32 (AddrMinus (FromReg RBP) (AddrImm 172))), Immediate 1 10
16c7: CMP Address (SizeDir 32 (AddrMinus (FromReg RBP) (AddrImm 92))), Immediate 4 4
16cb: JNE 171f (resolved immediate)
  |
  `- 16cd,171f
16cd: JMP 1ea7 (resolved immediate)
  |
  `- 1ea7
16e3: MOV Reg EAX, Address (SizeDir 32 (AddrMinus (FromReg RBP) (AddrImm 176))) 6
16e9: MOV Reg ECX, Immediate 2 5
16ee: SUB Reg EAX, Reg EBX 2
16f0: CDQ  1
16f1: IDIV Reg ECX 2
16f3: SUB Reg EDX, Immediate 1 3
16f6: JE 1fbb (resolved immediate)
  |
  `- 16fc,1fbb
16fc: CMP Reg EBX, Address (SizeDir 32 (AddrMinus (FromReg RBP) (AddrImm 176))) 6
1702: JE 1f89 (resolved immediate)
  |
  `- 1708,1f89
1708: MOV Reg EAX, Address (SizeDir 32 (AddrMinus (FromReg RBP) (AddrImm 176))) 6
170e: SUB Reg EAX, Reg EBX 2
1710: CMP Reg EAX, Immediate 2 3
1713: SETG Reg AL 3
1716: MOVZX Reg EAX, Reg AL 3
1719: MOV Address (SizeDir 32 (AddrMinus (FromReg RBP) (AddrImm 172))), Reg EAX 6
171f: MOV Reg EDI, Address (SizeDir 32 (AddrMinus (FromReg RBP) (AddrImm 96))) 3
1722: AND Reg EDI, Immediate 1 3
1725: ADD Reg RDI, Reg RDI 3
1728: CALL xs_open (external)
172d: TEST Reg RAX, Reg RAX 3
1730: MOV Reg R14, Reg RAX 3
1733: JE 1fe9 (resolved immediate)
  |
  `- 1739,1fe9
1739: LEA Reg RAX, Address (SizeDir 64 (AddrMinus (FromReg RBP) (AddrImm 72))) 4
173d: MOV Address (SizeDir 32 (AddrMinus (FromReg RBP) (AddrImm 104))), Immediate 0 7
1744: MOV Address (SizeDir 64 (AddrMinus (FromReg RBP) (AddrImm 168))), Reg R14 7
174b: MOV Address (SizeDir 64 (AddrMinus (FromReg RBP) (AddrImm 128))), Reg RAX 4
174f: NOP  1
1750: MOV Reg EBX, Address (SizeDir 32 (AddrMinus (FromReg RBP) (AddrImm 172))) 6
1756: TEST Reg EBX, Reg EBX 2
1758: JE 1771 (resolved immediate)
  |
  `- 175a,1771
175a: MOV Reg RDI, Address (SizeDir 64 (AddrMinus (FromReg RBP) (AddrImm 168))) 7
1761: CALL xs_transaction_start (external)
1766: TEST Reg EAX, Reg EAX 2
1768: MOV Address (SizeDir 32 (AddrMinus (FromReg RBP) (AddrImm 104))), Reg EAX 3
176b: JE 1ffc (resolved immediate)
  |
  `- 1771,1ffc
1771: CMP Address (SizeDir 32 (AddrMinus (FromReg RBP) (AddrImm 92))), Immediate 4 4
1775: MOV Reg R14D, Address (SizeDir 32 (AddrPlus (FromReg RIP) (AddrImm 2107884))) 7
177c: JNE 178b (resolved immediate)
  |
  `- 177e,178b
177e: CMP Reg R14D, Address (SizeDir 32 (AddrMinus (FromReg RBP) (AddrImm 176))) 7
1785: JE 1e21 (resolved immediate)
  |
  `- 178b,1e21
178b: MOV Reg EAX, Address (SizeDir 32 (AddrMinus (FromReg RBP) (AddrImm 176))) 6
1791: CMP Reg R14D, Reg EAX 3
1794: MOV Address (SizeDir 32 (AddrMinus (FromReg RBP) (AddrImm 96))), Reg EAX 3
1797: JGE 1801 (resolved immediate)
  |
  `- 1799,1801
1799: MOV Reg R13, Address (SizeDir 64 (AddrMinus (FromReg RBP) (AddrImm 168))) 7
17a0: MOV Reg RCX, Address (SizeDir 64 (AddrMinus (FromReg RBP) (AddrImm 88))) 4
17a4: MOVSXD Reg RAX, Reg R14D 3
17a7: SHL Reg RAX, Immediate 3 4
17ab: LEA Reg RBX, Address (SizeDir 64 (AddrPlus (FromReg RCX) (AddrTimes (AddrImm 1) (FromReg RAX)))) 4
17af: MOV Reg ECX, Address (SizeDir 32 (AddrMinus (FromReg RBP) (AddrImm 92))) 3
17b2: CMP Reg ECX, Immediate 8 3
17b5: JA 1980 (resolved immediate)
  |
  `- 17bb,1980
17bb: LEA Reg RSI, Address (SizeDir 64 (AddrPlus (FromReg RIP) (AddrImm 6082))) 7
17c2: MOV Reg EDX, Reg ECX 2
17c4: MOVSXD Reg RDX, Address (SizeDir 32 (AddrPlus (FromReg RSI) (AddrTimes (AddrImm 4) (FromReg RDX)))) 4
17c8: ADD Reg RDX, Reg RSI 3
17cb: JMP Reg RDX 2
  |
  `- 1860
17fb: CMP Address (SizeDir 32 (AddrMinus (FromReg RBP) (AddrImm 96))), Reg R14D 4
17ff: JG 17a0 (resolved immediate)
  |
  `- 17a0,1801
1801: XOR Reg EBX, Reg EBX 2
1803: MOV Reg EAX, Address (SizeDir 32 (AddrMinus (FromReg RBP) (AddrImm 172))) 6
1809: TEST Reg EAX, Reg EAX 2
180b: JE 1d1a (resolved immediate)
  |
  `- 1811,1d1a
1811: NOP  7
1818: MOV Reg ESI, Address (SizeDir 32 (AddrMinus (FromReg RBP) (AddrImm 104))) 3
181b: MOV Reg RDI, Address (SizeDir 64 (AddrMinus (FromReg RBP) (AddrImm 168))) 7
1822: MOV Reg EDX, Reg EBX 2
1824: CALL xs_transaction_end (external)
1829: TEST Reg AL, Reg AL 2
182b: JNE 1d1a (resolved immediate)
  |
  `- 1831,1d1a
1831: TEST Reg EBX, Reg EBX 2
1833: JNE 200d (resolved immediate)
  |
  `- 1839,200d
1839: CALL __errno_location (external)
183e: CMP Address (SizeDir 32 (FromReg RAX)), Immediate 11 3
1841: JNE 200d (resolved immediate)
  |
  `- 1847,200d
1847: MOV Address (SizeDir 32 (AddrPlus (FromReg RIP) (AddrImm 2107727))), Immediate 0 10
1851: JMP 1750 (resolved immediate)
  |
  `- 1750
1860: LEA Reg R12, Address (SizeDir 64 (AddrMinus (FromReg RBP) (AddrImm 68))) 4
1864: MOV Reg RDX, Address (SizeDir 64 (FromReg RBX)) 3
1867: MOV Reg ESI, Address (SizeDir 32 (AddrMinus (FromReg RBP) (AddrImm 104))) 3
186a: MOV Reg RDI, Reg R13 3
186d: MOV Reg RCX, Reg R12 3
1870: CALL xs_read (external)
1875: TEST Reg RAX, Reg RAX 3
1878: MOV Reg R12, Reg RAX 3
187b: JE 1e82 (resolved immediate)
  |
  `- 1881,1e82
1881: MOV Reg R11D, Address (SizeDir 32 (AddrMinus (FromReg RBP) (AddrImm 116))) 4
1885: TEST Reg R11D, Reg R11D 3
1888: JNE 1dc8 (resolved immediate)
188e: MOV Reg R10D, Address (SizeDir 32 (AddrMinus (FromReg RBP) (AddrImm 120))) 4
1892: MOV Reg EBX, Address (SizeDir 32 (AddrMinus (FromReg RBP) (AddrImm 68))) 3
1895: TEST Reg R10D, Reg R10D 3
1898: JE 1c00 (resolved immediate)
  |
  `- 1c00
18d3: MOV Reg RDI, Reg R12 3
18d6: ADD Reg R14D, Immediate 1 4
18da: CALL free (external)
18df: JMP 17fb (resolved immediate)
  |
  `- 17fb
1980: MOV Reg RCX, Address (SizeDir 64 (FromReg RBX)) 3
1983: LEA Reg EDX, Address (SizeDir 32 (AddrPlus (FromReg R14) (AddrImm 1))) 4
1987: MOV Address (SizeDir 64 (AddrMinus (FromReg RBP) (AddrImm 112))), Reg RSP 4
198b: MOV Address (SizeDir 64 (AddrMinus (FromReg RBP) (AddrImm 136))), Reg RCX 7
1992: MOV Reg ECX, Address (SizeDir 32 (AddrMinus (FromReg RBP) (AddrImm 96))) 3
1995: SUB Reg ECX, Reg EDX 2
1997: MOV Address (SizeDir 32 (AddrMinus (FromReg RBP) (AddrImm 140))), Reg ECX 6
199d: MOVSXD Reg RCX, Reg ECX 3
19a0: LEA Reg RCX, Address (SizeDir 64 (AddrPlus (AddrTimes (AddrImm 8) (FromReg RCX)) (AddrImm 18))) 8
19a8: AND Reg RCX, Immediate 18446744073709551600 4
19ac: SUB Reg RSP, Reg RCX 3
19af: MOV Reg RCX, Address (SizeDir 64 (AddrMinus (FromReg RBP) (AddrImm 88))) 4
19b3: MOV Reg R15, Reg RSP 3
19b6: LEA Reg R12, Address (SizeDir 64 (AddrPlus (AddrPlus (FromReg RCX) (AddrTimes (AddrImm 1) (FromReg RAX))) (AddrImm 8))) 5
19bb: MOV Reg RDI, Address (SizeDir 64 (FromReg R12)) 4
19bf: TEST Reg RDI, Reg RDI 3
19c2: JE 1e19 (resolved immediate)
  |
  `- 19c8,1e19
19c8: MOVSXD Reg RDX, Reg EDX 3
19cb: MOV Address (SizeDir 64 (AddrMinus (FromReg RBP) (AddrImm 152))), Reg R13 7
19d2: XOR Reg EBX, Reg EBX 2
19d4: LEA Reg RAX, Address (SizeDir 64 (AddrPlus (FromReg RCX) (AddrTimes (AddrImm 8) (FromReg RDX)))) 4
19d8: MOV Reg R13, Reg R12 3
19db: ADD Reg R14D, Immediate 2 4
19df: MOV Reg R12, Reg RAX 3
19e2: JMP 1a16 (resolved immediate)
  |
  `- 1a16
19e8: CMP Reg AL, Immediate 114 2
19ea: JE 1b88 (resolved immediate)
  |
  `- 19f0,1b88
19f0: CMP Reg AL, Immediate 119 2
19f2: JNE 1f43 (resolved immediate)
  |
  `- 19f8,1f43
19f8: MOV Address (SizeDir 32 (AddrPlus (AddrPlus (FromReg R15) (AddrTimes (AddrImm 8) (FromReg RBX))) (AddrImm 4))), Immediate 2 9
1a01: LEA Reg EAX, Address (SizeDir 32 (AddrPlus (FromReg R14) (AddrTimes (AddrImm 1) (FromReg RBX)))) 4
1a05: ADD Reg RBX, Immediate 1 4
1a09: MOV Reg RDI, Address (SizeDir 64 (AddrPlus (FromReg R12) (AddrTimes (AddrImm 8) (FromReg RBX)))) 4
1a0d: TEST Reg RDI, Reg RDI 3
1a10: JE 1bb0 (resolved immediate)
  |
  `- 1a16,1bb0
1a16: ADD Reg RDI, Immediate 1 4
1a1a: XOR Reg ESI, Reg ESI 2
1a1c: MOV Reg EDX, Immediate 10 5
1a21: CALL strtol (external)
1a26: MOV Address (SizeDir 32 (AddrPlus (FromReg R15) (AddrTimes (AddrImm 8) (FromReg RBX)))), Reg EAX 4
1a2a: MOV Reg RAX, Address (SizeDir 64 (AddrPlus (FromReg R13) (AddrTimes (AddrImm 8) (FromReg RBX)))) 5
1a2f: MOVZX Reg EAX, Address (SizeDir 8 (FromReg RAX)) 3
1a32: CMP Reg AL, Immediate 110 2
1a34: JE 1ba0 (resolved immediate)
  |
  `- 1a3a,1ba0
1a3a: JG 19e8 (resolved immediate)
  |
  `- 19e8,1a3c
1a3c: CMP Reg AL, Immediate 98 2
1a3e: JNE 1f43 (resolved immediate)
  |
  `- 1a44,1f43
1a44: MOV Address (SizeDir 32 (AddrPlus (AddrPlus (FromReg R15) (AddrTimes (AddrImm 8) (FromReg RBX))) (AddrImm 4))), Immediate 3 9
1a4d: JMP 1a01 (resolved immediate)
  |
  `- 1a01
1b88: MOV Address (SizeDir 32 (AddrPlus (AddrPlus (FromReg R15) (AddrTimes (AddrImm 8) (FromReg RBX))) (AddrImm 4))), Immediate 1 9
1b91: JMP 1a01 (resolved immediate)
  |
  `- 1a01
1ba0: MOV Address (SizeDir 32 (AddrPlus (AddrPlus (FromReg R15) (AddrTimes (AddrImm 8) (FromReg RBX))) (AddrImm 4))), Immediate 0 9
1ba9: JMP 1a01 (resolved immediate)
  |
  `- 1a01
1bb0: MOV Reg R13, Address (SizeDir 64 (AddrMinus (FromReg RBP) (AddrImm 152))) 7
1bb7: MOV Reg R14D, Reg EAX 3
1bba: MOV Reg EAX, Address (SizeDir 32 (AddrMinus (FromReg RBP) (AddrImm 104))) 3
1bbd: SUB Reg RSP, Immediate 8 4
1bc1: MOV Reg R9, Reg R13 3
1bc4: MOV Reg RSI, Reg R15 3
1bc7: PUSH Reg RAX 1
1bc8: MOV Reg R8D, Address (SizeDir 32 (AddrMinus (FromReg RBP) (AddrImm 160))) 7
1bcf: MOV Reg ECX, Address (SizeDir 32 (AddrMinus (FromReg RBP) (AddrImm 156))) 6
1bd5: MOV Reg EDX, Address (SizeDir 32 (AddrMinus (FromReg RBP) (AddrImm 140))) 6
1bdb: MOV Reg RDI, Address (SizeDir 64 (AddrMinus (FromReg RBP) (AddrImm 136))) 7
1be2: CALL do_chmod (internal)
  |
  `- 1be7,26e0
1be7: MOV Reg RSP, Address (SizeDir 64 (AddrMinus (FromReg RBP) (AddrImm 112))) 4
1beb: JMP 17fb (resolved immediate)
  |
  `- 17fb
1c00: LEA Reg RDI, Address (SizeDir 64 (AddrPlus (FromReg RIP) (AddrImm 2106761))) 7
1c07: MOV Reg RSI, Reg R12 3
1c0a: MOV Reg EDX, Reg EBX 2
1c0c: CALL sanitise_value (external)
1c11: LEA Reg RDI, Address (SizeDir 64 (AddrPlus (FromReg RIP) (AddrImm 4081))) 7
1c18: MOV Reg RSI, Reg RAX 3
1c1b: XOR Reg EAX, Reg EAX 2
1c1d: CALL output (internal)
  |
  `- 2910
1c22: JMP 18d3 (resolved immediate)
  |
  `- 18d3
1d1a: MOV Reg EAX, Address (SizeDir 32 (AddrPlus (FromReg RIP) (AddrImm 2106496))) 6
1d20: MOV Reg R14, Address (SizeDir 64 (AddrMinus (FromReg RBP) (AddrImm 168))) 7
1d27: TEST Reg EAX, Reg EAX 2
1d29: JE 1d46 (resolved immediate)
  |
  `- 1d2b,1d46
1d2b: MOV Reg RCX, Address (SizeDir 64 (AddrPlus (FromReg RIP) (AddrImm 2106414))) 7
1d32: MOV Reg RDI, Address (SizeDir 64 (AddrPlus (FromReg RIP) (AddrImm 2106479))) 7
1d39: MOVSXD Reg RDX, Reg EAX 3
1d3c: MOV Reg ESI, Immediate 1 5
1d41: CALL fwrite (external)
1d46: MOV Reg RDI, Address (SizeDir 64 (AddrPlus (FromReg RIP) (AddrImm 2106459))) 7
1d4d: CALL free (external)
1d52: MOV Reg RDI, Address (SizeDir 64 (AddrPlus (FromReg RIP) (AddrImm 2106423))) 7
1d59: CALL free (external)
1d5e: MOV Reg RDI, Reg R14 3
1d61: CALL xs_close (external)
1d66: MOV Reg RDX, Address (SizeDir 64 (AddrMinus (FromReg RBP) (AddrImm 56))) 4
1d6a: XOR Reg RDX, Address (SizeDir 64 (AddrPlus (FromReg FS) (AddrImm 40))) 9
1d73: MOV Reg EAX, Reg EBX 2
1d75: JNE 2020 (resolved immediate)
  |
  `- 1d7b,2020
1d7b: LEA Reg RSP, Address (SizeDir 64 (AddrMinus (FromReg RBP) (AddrImm 40))) 4
1d7f: POP Reg RBX 1
1d80: POP Reg R12 2
1d82: POP Reg R13 2
1d84: POP Reg R14 2
1d86: POP Reg R15 2
1d88: POP Reg RBP 1
1d89: RET  1
  |
  `- 
1e19: MOV Reg R14D, Reg EDX 3
1e1c: JMP 1bba (resolved immediate)
  |
  `- 1bba
1e21: MOV Reg RAX, Address (SizeDir 64 (AddrMinus (FromReg RBP) (AddrImm 88))) 4
1e25: LEA Reg RDX, Address (SizeDir 64 (AddrPlus (FromReg RIP) (AddrImm 3700))) 7
1e2c: MOV Address (SizeDir 32 (AddrMinus (FromReg RBP) (AddrImm 96))), Immediate 1 7
1e33: XOR Reg R14D, Reg R14D 3
1e36: MOV Address (SizeDir 64 (FromReg RAX)), Reg RDX 3
1e39: JMP 1799 (resolved immediate)
  |
  `- 1799
1e82: MOV Reg RSI, Address (SizeDir 64 (FromReg RBX)) 3
1e85: LEA Reg RDI, Address (SizeDir 64 (AddrPlus (FromReg RIP) (AddrImm 3503))) 7
1e8c: XOR Reg EAX, Reg EAX 2
1e8e: MOV Reg EBX, Immediate 1 5
1e93: CALL warnx (external)
1e98: JMP 1803 (resolved immediate)
  |
  `- 1803
1e9d: MOV Address (SizeDir 32 (AddrMinus (FromReg RBP) (AddrImm 172))), Immediate 0 10
1ea7: XOR Reg EAX, Reg EAX 2
1ea9: MOV Reg RDX, Reg R15 3
1eac: MOV Reg ESI, Immediate 21523 5
1eb1: MOV Reg EDI, Immediate 1 5
1eb6: MOV Address (SizeDir 64 (AddrMinus (FromReg RBP) (AddrImm 64))), Immediate 0 8
1ebe: CALL ioctl (external)
1ec3: TEST Reg EAX, Reg EAX 2
1ec5: JNE 171f (resolved immediate)
  |
  `- 171f,1ecb
1ecb: MOVZX Reg EAX, Address (SizeDir 16 (AddrMinus (FromReg RBP) (AddrImm 62))) 4
1ecf: SUB Reg EAX, Immediate 2 3
1ed2: MOV Address (SizeDir 32 (AddrPlus (FromReg RIP) (AddrImm 2105660))), Reg EAX 6
1ed8: JMP 171f (resolved immediate)
  |
  `- 171f
1eec: MOV Address (SizeDir 32 (AddrMinus (FromReg RBP) (AddrImm 92))), Immediate 5 7
1ef3: JMP 14f2 (resolved immediate)
  |
  `- 14f2
1ef8: MOV Reg EAX, Address (SizeDir 32 (AddrMinus (FromReg RBP) (AddrImm 176))) 6
1efe: SUB Reg EAX, Reg EBX 2
1f00: SUB Reg EAX, Immediate 1 3
1f03: SETG Reg AL 3
1f06: MOVZX Reg EAX, Reg AL 3
1f09: MOV Address (SizeDir 32 (AddrMinus (FromReg RBP) (AddrImm 172))), Reg EAX 6
1f0f: JMP 171f (resolved immediate)
  |
  `- 171f
1f43: LEA Reg RSI, Address (SizeDir 64 (AddrPlus (FromReg RIP) (AddrImm 3934))) 7
1f4a: MOVSX Reg EDX, Reg AL 3
1f4d: MOV Reg EDI, Immediate 1 5
1f52: XOR Reg EAX, Reg EAX 2
1f54: CALL errx (external)
  |
  `- 
1f65: MOV Reg EAX, Address (SizeDir 32 (AddrMinus (FromReg RBP) (AddrImm 92))) 3
1f68: CMP Reg EAX, Immediate 7 3
1f6b: JE 1708 (resolved immediate)
  |
  `- 1708,1f71
1f71: CMP Reg EAX, Immediate 8 3
1f74: JNE 16bd (resolved immediate)
  |
  `- 16bd,1f7a
1f7a: MOV Address (SizeDir 32 (AddrMinus (FromReg RBP) (AddrImm 172))), Immediate 0 10
1f84: JMP 16c7 (resolved immediate)
  |
  `- 16c7
1f89: MOV Reg RDX, Address (SizeDir 64 (FromReg R13)) 4
1f8d: MOV Reg EDI, Address (SizeDir 32 (AddrMinus (FromReg RBP) (AddrImm 92))) 3
1f90: MOV Reg ESI, Reg R12D 3
1f93: CALL usage (internal)
  |
  `- 1f98,2150
1f98: MOV Reg EBX, Address (SizeDir 32 (AddrMinus (FromReg RBP) (AddrImm 176))) 6
1f9e: JMP 16a2 (resolved immediate)
  |
  `- 16a2
1fa3: MOV Address (SizeDir 32 (AddrMinus (FromReg RBP) (AddrImm 92))), Immediate 2 7
1faa: JMP 14f2 (resolved immediate)
  |
  `- 14f2
1fbb: MOV Reg RDX, Address (SizeDir 64 (FromReg R13)) 4
1fbf: MOV Reg ESI, Reg R12D 3
1fc2: MOV Reg EDI, Immediate 7 5
1fc7: CALL usage (internal)
1fcc: JMP 16fc (resolved immediate)
  |
  `- 16fc
1fe9: LEA Reg RSI, Address (SizeDir 64 (AddrPlus (FromReg RIP) (AddrImm 3112))) 7
1ff0: MOV Reg EDI, Immediate 1 5
1ff5: XOR Reg EAX, Reg EAX 2
1ff7: CALL err (external)
  |
  `- 
1ffc: LEA Reg RSI, Address (SizeDir 64 (AddrPlus (FromReg RIP) (AddrImm 3101))) 7
2003: MOV Reg EDI, Immediate 1 5
2008: CALL errx (external)
  |
  `- 
200d: LEA Reg RSI, Address (SizeDir 64 (AddrPlus (FromReg RIP) (AddrImm 3241))) 7
2014: MOV Reg EDI, Immediate 1 5
2019: XOR Reg EAX, Reg EAX 2
201b: CALL errx (external)
  |
  `- 
2020: CALL __stack_chk_fail (external)
  |
  `- 
2025: LEA Reg RSI, Address (SizeDir 64 (AddrPlus (FromReg RIP) (AddrImm 2825))) 7
202c: MOV Reg RDX, Reg R15 3
202f: MOV Reg EDI, Immediate 1 5
2034: XOR Reg EAX, Reg EAX 2
2036: CALL errx (external)
  |
  `- 
2040: XOR Reg EBP, Reg EBP 2
2042: MOV Reg R9, Reg RDX 3
2045: POP Reg RSI 1
2046: MOV Reg RDX, Reg RSP 3
2049: AND Reg RSP, Immediate 18446744073709551600 4
204d: PUSH Reg RAX 1
204e: PUSH Reg RSP 1
204f: LEA Reg R8, Address (SizeDir 64 (AddrPlus (FromReg RIP) (AddrImm 2714))) 7
2056: LEA Reg RCX, Address (SizeDir 64 (AddrPlus (FromReg RIP) (AddrImm 2595))) 7
205d: LEA Reg RDI, Address (SizeDir 64 (AddrMinus (FromReg RIP) (AddrImm 3284))) 7
2064: CALL __libc_start_main (external)
  |
  `- 1390
2150: CMP Reg EDI, Immediate 8 3
2153: JBE 2157 (resolved immediate)
  |
  `- 2155,2157
2155: RET  2
  |
  `- 
2157: LEA Reg RCX, Address (SizeDir 64 (AddrPlus (FromReg RIP) (AddrImm 3442))) 7
215e: MOV Reg EAX, Reg EDI 2
2160: SUB Reg RSP, Immediate 8 4
2164: MOVSXD Reg RAX, Address (SizeDir 32 (AddrPlus (FromReg RCX) (AddrTimes (AddrImm 4) (FromReg RAX)))) 4
2168: ADD Reg RAX, Reg RCX 3
216b: JMP Reg RAX 2
  |
  `- 
26e0: PUSH Reg R15 2
26e2: PUSH Reg R14 2
26e4: PUSH Reg R13 2
26e6: PUSH Reg R12 2
26e8: PUSH Reg RBP 1
26e9: PUSH Reg RBX 1
26ea: SUB Reg RSP, Immediate 312 7
26f1: MOV Reg RAX, Address (SizeDir 64 (AddrPlus (FromReg FS) (AddrImm 40))) 9
26fa: MOV Address (SizeDir 64 (AddrPlus (FromReg RSP) (AddrImm 296))), Reg RAX 8
2702: XOR Reg EAX, Reg EAX 2
2704: CMP Address (SizeDir 8 (FromReg RDI)), Immediate 0 3
2707: JNE 2738 (resolved immediate)
  |
  `- 2709,2738
2709: MOV Reg RAX, Address (SizeDir 64 (AddrPlus (FromReg RSP) (AddrImm 296))) 8
2711: XOR Reg RAX, Address (SizeDir 64 (AddrPlus (FromReg FS) (AddrImm 40))) 9
271a: JNE 286a (resolved immediate)
  |
  `- 2720,286a
2720: ADD Reg RSP, Immediate 312 7
2727: POP Reg RBX 1
2728: POP Reg RBP 1
2729: POP Reg R12 2
272b: POP Reg R13 2
272d: POP Reg R14 2
272f: POP Reg R15 2
2731: RET  1
  |
  `- 
2738: MOV Reg R12, Reg RSI 3
273b: MOV Reg R15D, Reg ECX 3
273e: MOV Reg RCX, Reg RSI 3
2741: MOV Reg ESI, Address (SizeDir 32 (AddrPlus (FromReg RSP) (AddrImm 368))) 7
2748: MOV Reg RBX, Reg RDI 3
274b: MOV Reg R13D, Reg EDX 3
274e: MOV Reg R14D, Reg R8D 3
2751: MOV Reg R8D, Reg EDX 3
2754: MOV Reg RDX, Reg RDI 3
2757: MOV Reg RDI, Reg R9 3
275a: MOV Reg RBP, Reg R9 3
275d: CALL xs_set_permissions (external)
2762: TEST Reg AL, Reg AL 2
2764: JE 288a (resolved immediate)
  |
  `- 276a,288a
276a: TEST Reg R15D, Reg R15D 3
276d: JE 27b7 (resolved immediate)
  |
  `- 276f,27b7
276f: MOV Reg ESI, Immediate 47 5
2774: MOV Reg RDI, Reg RBX 3
2777: CALL strrchr (external)
277c: TEST Reg RAX, Reg RAX 3
277f: MOV Reg R15, Reg RAX 3
2782: JE 286f (resolved immediate)
  |
  `- 2788,286f
2788: SUB Reg RSP, Immediate 8 4
278c: MOV Address (SizeDir 8 (FromReg RAX)), Immediate 0 3
278f: XOR Reg R8D, Reg R8D 3
2792: MOV Reg EAX, Address (SizeDir 32 (AddrPlus (FromReg RSP) (AddrImm 376))) 7
2799: MOV Reg RDI, Reg RBX 3
279c: MOV Reg R9, Reg RBP 3
279f: MOV Reg ECX, Immediate 1 5
27a4: MOV Reg EDX, Reg R13D 3
27a7: MOV Reg RSI, Reg R12 3
27aa: PUSH Reg RAX 1
27ab: CALL do_chmod (internal)
27b0: MOV Address (SizeDir 8 (FromReg R15)), Immediate 47 4
27b4: POP Reg RDI 1
27b5: POP Reg R8 2
27b7: TEST Reg R14D, Reg R14D 3
27ba: JE 2709 (resolved immediate)
  |
  `- 2709,27c0
27c0: MOV Reg ESI, Address (SizeDir 32 (AddrPlus (FromReg RSP) (AddrImm 368))) 7
27c7: LEA Reg RCX, Address (SizeDir 64 (AddrPlus (FromReg RSP) (AddrImm 28))) 5
27cc: MOV Reg RDX, Reg RBX 3
27cf: MOV Reg RDI, Reg RBP 3
27d2: CALL xs_directory (external)
27d7: TEST Reg RAX, Reg RAX 3
27da: MOV Reg R15, Reg RAX 3
27dd: JE 2709 (resolved immediate)
  |
  `- 2709,27e3
27e3: MOV Reg ESI, Address (SizeDir 32 (AddrPlus (FromReg RSP) (AddrImm 28))) 4
27e7: TEST Reg ESI, Reg ESI 2
27e9: JE 285d (resolved immediate)
  |
  `- 27eb,285d
27eb: LEA Reg RAX, Address (SizeDir 64 (AddrPlus (FromReg RSP) (AddrImm 32))) 5
27f0: MOV Reg R14D, Immediate 1 6
27f6: MOV Address (SizeDir 64 (AddrPlus (FromReg RSP) (AddrImm 8))), Reg RAX 5
27fb: SUB Reg RSP, Immediate 8 4
27ff: PUSH Address (SizeDir 64 (AddrMinus (AddrPlus (FromReg R15) (AddrTimes (AddrImm 8) (FromReg R14))) (AddrImm 8))) 5
2804: LEA Reg R8, Address (SizeDir 64 (AddrPlus (FromReg RIP) (AddrImm 941))) 7
280b: MOV Reg RDI, Address (SizeDir 64 (AddrPlus (FromReg RSP) (AddrImm 24))) 5
2810: MOV Reg R9, Reg RBX 3
2813: MOV Reg ECX, Immediate 256 5
2818: MOV Reg EDX, Immediate 1 5
281d: MOV Reg ESI, Immediate 256 5
2822: XOR Reg EAX, Reg EAX 2
2824: CALL __snprintf_chk (external)
2829: MOV Reg EAX, Address (SizeDir 32 (AddrPlus (FromReg RSP) (AddrImm 384))) 7
2830: MOV Reg RDI, Address (SizeDir 64 (AddrPlus (FromReg RSP) (AddrImm 24))) 5
2835: XOR Reg ECX, Reg ECX 2
2837: MOV Reg EDX, Reg R13D 3
283a: MOV Reg R9, Reg RBP 3
283d: MOV Reg R8D, Immediate 1 6
2843: MOV Reg RSI, Reg R12 3
2846: MOV Address (SizeDir 32 (FromReg RSP)), Reg EAX 3
2849: CALL do_chmod (internal)
284e: POP Reg RDX 1
284f: POP Reg RCX 1
2850: MOV Reg EAX, Reg R14D 3
2853: ADD Reg R14, Immediate 1 4
2857: CMP Reg EAX, Address (SizeDir 32 (AddrPlus (FromReg RSP) (AddrImm 28))) 4
285b: JB 27fb (resolved immediate)
  |
  `- 27fb,285d
285d: MOV Reg RDI, Reg R15 3
2860: CALL free (external)
2865: JMP 2709 (resolved immediate)
  |
  `- 2709
286a: CALL __stack_chk_fail (external)
  |
  `- 
286f: LEA Reg RSI, Address (SizeDir 64 (AddrPlus (FromReg RIP) (AddrImm 1538))) 7
2876: MOV Reg RCX, Reg RBX 3
2879: MOV Reg EDX, Immediate 47 5
287e: MOV Reg EDI, Immediate 1 5
2883: XOR Reg EAX, Reg EAX 2
2885: CALL errx (external)
  |
  `- 
288a: LEA Reg RSI, Address (SizeDir 64 (AddrPlus (FromReg RIP) (AddrImm 1463))) 7
2891: MOV Reg RDX, Reg RBX 3
2894: MOV Reg EDI, Immediate 1 5
2899: CALL err (external)
  |
  `- 
28a0: MOVSXD Reg RAX, Address (SizeDir 32 (AddrPlus (FromReg RIP) (AddrImm 2103545))) 7
28a7: MOVSXD Reg RCX, Address (SizeDir 32 (AddrPlus (FromReg RIP) (AddrImm 2103510))) 7
28ae: ADD Reg RAX, Reg RDI 3
28b1: CMP Reg RAX, Reg RCX 3
28b4: JA 28c0 (resolved immediate)
  |
  `- 28b6,28c0
28b6: RET  2
  |
  `- 
28c0: SUB Reg RSP, Immediate 8 4
28c4: LEA Reg ESI, Address (SizeDir 32 (AddrPlus (AddrPlus (FromReg RCX) (AddrTimes (AddrImm 1) (FromReg RDI))) (AddrImm 1024))) 7
28cb: MOV Reg RDI, Address (SizeDir 64 (AddrPlus (FromReg RIP) (AddrImm 2103510))) 7
28d2: MOV Address (SizeDir 32 (AddrPlus (FromReg RIP) (AddrImm 2103468))), Reg ESI 6
28d8: MOVSXD Reg RSI, Reg ESI 3
28db: CALL realloc (external)
28e0: TEST Reg RAX, Reg RAX 3
28e3: MOV Address (SizeDir 64 (AddrPlus (FromReg RIP) (AddrImm 2103486))), Reg RAX 7
28ea: JE 28f1 (resolved immediate)
  |
  `- 28ec,28f1
28ec: ADD Reg RSP, Immediate 8 4
28f0: RET  1
  |
  `- 
28f1: LEA Reg RSI, Address (SizeDir 64 (AddrPlus (FromReg RIP) (AddrImm 710))) 7
28f8: MOV Reg EDI, Immediate 1 5
28fd: CALL err (external)
  |
  `- 
2910: PUSH Reg R13 2
2912: PUSH Reg R12 2
2914: MOV Reg R12, Reg RDI 3
2917: PUSH Reg RBP 1
2918: PUSH Reg RBX 1
2919: SUB Reg RSP, Immediate 232 7
2920: TEST Reg AL, Reg AL 2
2922: MOV Address (SizeDir 64 (AddrPlus (FromReg RSP) (AddrImm 56))), Reg RSI 5
2927: MOV Address (SizeDir 64 (AddrPlus (FromReg RSP) (AddrImm 64))), Reg RDX 5
292c: MOV Address (SizeDir 64 (AddrPlus (FromReg RSP) (AddrImm 72))), Reg RCX 5
2931: MOV Address (SizeDir 64 (AddrPlus (FromReg RSP) (AddrImm 80))), Reg R8 5
2936: MOV Address (SizeDir 64 (AddrPlus (FromReg RSP) (AddrImm 88))), Reg R9 5
293b: JE 2977 (resolved immediate)
  |
  `- 293d,2977
293d: MOVAPS Address (SizeDir 128 (AddrPlus (FromReg RSP) (AddrImm 96))), Reg XMM0 5
2942: MOVAPS Address (SizeDir 128 (AddrPlus (FromReg RSP) (AddrImm 112))), Reg XMM1 5
2947: MOVAPS Address (SizeDir 128 (AddrPlus (FromReg RSP) (AddrImm 128))), Reg XMM2 8
294f: MOVAPS Address (SizeDir 128 (AddrPlus (FromReg RSP) (AddrImm 144))), Reg XMM3 8
2957: MOVAPS Address (SizeDir 128 (AddrPlus (FromReg RSP) (AddrImm 160))), Reg XMM4 8
295f: MOVAPS Address (SizeDir 128 (AddrPlus (FromReg RSP) (AddrImm 176))), Reg XMM5 8
2967: MOVAPS Address (SizeDir 128 (AddrPlus (FromReg RSP) (AddrImm 192))), Reg XMM6 8
296f: MOVAPS Address (SizeDir 128 (AddrPlus (FromReg RSP) (AddrImm 208))), Reg XMM7 8
2977: MOV Reg RAX, Address (SizeDir 64 (AddrPlus (FromReg FS) (AddrImm 40))) 9
2980: MOV Address (SizeDir 64 (AddrPlus (FromReg RSP) (AddrImm 40))), Reg RAX 5
2985: XOR Reg EAX, Reg EAX 2
2987: LEA Reg RAX, Address (SizeDir 64 (AddrPlus (FromReg RSP) (AddrImm 272))) 8
298f: LEA Reg R13, Address (SizeDir 64 (AddrPlus (FromReg RSP) (AddrImm 8))) 5
2994: LEA Reg RDI, Address (SizeDir 64 (AddrPlus (FromReg RSP) (AddrImm 39))) 5
2999: MOV Reg R8, Reg R12 3
299c: MOV Reg ECX, Immediate 1 5
29a1: MOV Reg EDX, Immediate 1 5
29a6: MOV Address (SizeDir 64 (AddrPlus (FromReg RSP) (AddrImm 16))), Reg RAX 5
29ab: LEA Reg RAX, Address (SizeDir 64 (AddrPlus (FromReg RSP) (AddrImm 48))) 5
29b0: MOV Reg R9, Reg R13 3
29b3: MOV Reg ESI, Immediate 1 5
29b8: MOV Address (SizeDir 32 (AddrPlus (FromReg RSP) (AddrImm 8))), Immediate 8 8
29c0: MOV Address (SizeDir 32 (AddrPlus (FromReg RSP) (AddrImm 12))), Immediate 48 8
29c8: MOV Address (SizeDir 64 (AddrPlus (FromReg RSP) (AddrImm 24))), Reg RAX 5
29cd: CALL __vsnprintf_chk (external)
29d2: TEST Reg EAX, Reg EAX 2
29d4: MOV Reg EBX, Reg EAX 2
29d6: JS 2a61 (resolved immediate)
  |
  `- 29dc,2a61
29dc: LEA Reg EBP, Address (SizeDir 32 (AddrPlus (FromReg RAX) (AddrImm 1))) 3
29df: MOVSXD Reg RBP, Reg EBP 3
29e2: MOV Reg RDI, Reg RBP 3
29e5: CALL expand_buffer (internal)
  |
  `- 29ea,28a0
29ea: MOVSXD Reg RDI, Address (SizeDir 32 (AddrPlus (FromReg RIP) (AddrImm 2103215))) 7
29f1: LEA Reg RAX, Address (SizeDir 64 (AddrPlus (FromReg RSP) (AddrImm 272))) 8
29f9: MOV Reg R9, Reg R13 3
29fc: ADD Reg RDI, Address (SizeDir 64 (AddrPlus (FromReg RIP) (AddrImm 2103205))) 7
2a03: MOV Reg R8, Reg R12 3
2a06: MOV Reg RCX, Immediate 18446744073709551615 7
2a0d: MOV Address (SizeDir 64 (AddrPlus (FromReg RSP) (AddrImm 16))), Reg RAX 5
2a12: LEA Reg RAX, Address (SizeDir 64 (AddrPlus (FromReg RSP) (AddrImm 48))) 5
2a17: MOV Reg EDX, Immediate 1 5
2a1c: MOV Reg RSI, Reg RBP 3
2a1f: MOV Address (SizeDir 32 (AddrPlus (FromReg RSP) (AddrImm 8))), Immediate 8 8
2a27: MOV Address (SizeDir 32 (AddrPlus (FromReg RSP) (AddrImm 12))), Immediate 48 8
2a2f: MOV Address (SizeDir 64 (AddrPlus (FromReg RSP) (AddrImm 24))), Reg RAX 5
2a34: CALL __vsnprintf_chk (external)
2a39: CMP Reg EBX, Reg EAX 2
2a3b: JNE 2a61 (resolved immediate)
  |
  `- 2a3d,2a61
2a3d: ADD Address (SizeDir 32 (AddrPlus (FromReg RIP) (AddrImm 2103133))), Reg EBX 6
2a43: MOV Reg RAX, Address (SizeDir 64 (AddrPlus (FromReg RSP) (AddrImm 40))) 5
2a48: XOR Reg RAX, Address (SizeDir 64 (AddrPlus (FromReg FS) (AddrImm 40))) 9
2a51: JNE 2a74 (resolved immediate)
  |
  `- 2a53,2a74
2a53: ADD Reg RSP, Immediate 232 7
2a5a: POP Reg RBX 1
2a5b: POP Reg RBP 1
2a5c: POP Reg R12 2
2a5e: POP Reg R13 2
2a60: RET  1
  |
  `- 
2a61: LEA Reg RSI, Address (SizeDir 64 (AddrPlus (FromReg RIP) (AddrImm 349))) 7
2a68: MOV Reg EDI, Immediate 1 5
2a6d: XOR Reg EAX, Reg EAX 2
2a6f: CALL err (external)
  |
  `- 
2a74: CALL __stack_chk_fail (external)
  |
  `- 
