Number of assembly instructions     = 58
Number of indirect branches         = 0
Number of unresolved indirect jumps = 0: 
Number of unresolved indirect calls = 0: 
Number of symbolic states (representative of non-determinism): 58
Number of edges: 60

5088 (False): 0

5088: PUSH Reg RBP 1
5089: PUSH Reg RBX 1
508a: SUB Reg RSP, Immediate 40 4
508e: MOV Reg RDI, Reg RSI 3
5091: MOV Reg RSI, Reg RDX 3
5094: MOV Reg RAX, Address (SizeDir 64 (AddrPlus (FromReg FS) (AddrImm 40))) 9
509d: MOV Address (SizeDir 64 (AddrPlus (FromReg RSP) (AddrImm 24))), Reg RAX 5
50a2: XOR Reg EAX, Reg EAX 2
50a4: LEA Reg R8, Address (AddrPlus (FromReg RSP) (AddrImm 16)) 5
50a9: LEA Reg RCX, Address (AddrPlus (FromReg RIP) (AddrImm 2140080)) 7
50b0: LEA Reg RDX, Address (AddrPlus (FromReg RIP) (AddrImm 15804)) 7
50b7: CALL PyArg_ParseTupleAndKeywords (external)
50bc: TEST Reg EAX, Reg EAX 2
50be: JZ 5160 (resolved immediate)
  |
  `- 50c4,5160
50c4: MOV Reg EDX, Immediate 0 5
50c9: MOV Reg ESI, Immediate 0 5
50ce: MOV Reg EDI, Immediate 0 5
50d3: CALL xc_interface_open (external)
50d8: MOV Reg RBX, Reg RAX 3
50db: TEST Reg RAX, Reg RAX 3
50de: JZ 513b (resolved immediate)
  |
  `- 50e0,513b
50e0: MOV Reg RSI, Address (SizeDir 64 (AddrPlus (FromReg RSP) (AddrImm 16))) 5
50e5: MOV Reg RCX, Immediate 18446744073709551615 7
50ec: MOV Reg EAX, Immediate 0 5
50f1: MOV Reg RDI, Reg RSI 3
50f4: REPNZ SCASB  2
50f6: MOV Reg RDX, Reg RCX 3
50f9: NOT Reg RDX 3
50fc: LEA Reg RDX, Address (AddrMinus (FromReg RDX) (AddrImm 1)) 4
5100: LEA Reg RCX, Address (AddrPlus (FromReg RSP) (AddrImm 12)) 5
5105: MOV Reg RDI, Reg RBX 3
5108: CALL xc_flask_context_to_sid (external)
510d: MOV Reg EBP, Reg EAX 2
510f: MOV Reg RDI, Reg RBX 3
5112: CALL xc_interface_close (external)
5117: TEST Reg EBP, Reg EBP 2
5119: JNZ 5149 (resolved immediate)
  |
  `- 511b,5149
511b: MOV Reg EDI, Address (SizeDir 32 (AddrPlus (FromReg RSP) (AddrImm 12))) 4
511f: CALL PyInt_FromLong (external)
5124: MOV Reg RBX, Address (SizeDir 64 (AddrPlus (FromReg RSP) (AddrImm 24))) 5
5129: XOR Reg RBX, Address (SizeDir 64 (AddrPlus (FromReg FS) (AddrImm 40))) 9
5132: JNZ 5167 (resolved immediate)
  |
  `- 5134,5167
5134: ADD Reg RSP, Immediate 40 4
5138: POP Reg RBX 1
5139: POP Reg RBP 1
513a: RET  1
  |
  `- 
513b: MOV Reg RDI, Address (SizeDir 64 (AddrPlus (FromReg RIP) (AddrImm 2143878))) 7
5142: CALL PyErr_SetFromErrno (external)
5147: JMP 5124 (resolved immediate)
  |
  `- 5124
5149: CALL __errno_location (external)
514e: NEG Reg EBP 2
5150: MOV Address (SizeDir 32 (FromReg RAX)), Reg EBP 2
5152: MOV Reg RDI, Address (SizeDir 64 (AddrPlus (FromReg RIP) (AddrImm 2143855))) 7
5159: CALL PyErr_SetFromErrno (external)
515e: JMP 5124 (resolved immediate)
  |
  `- 5124
5160: MOV Reg EAX, Immediate 0 5
5165: JMP 5124 (resolved immediate)
  |
  `- 5124
5167: CALL __stack_chk_fail (external)
  |
  `- 
