Number of assembly instructions     = 105
Number of indirect branches         = 1
Number of unresolved indirect jumps = 0: 
Number of unresolved indirect calls = 1: 4b52
Number of symbolic states (representative of non-determinism): 105
Number of edges: 111

4ac7 (True): 734a
72d2 (False): 0

4ac7: PUSH Reg RBP 1
4ac8: PUSH Reg RBX 1
4ac9: SUB Reg RSP, Immediate 8 4
4acd: MOV Reg RBP, Reg RDI 3
4ad0: TEST Reg RDI, Reg RDI 3
4ad3: JZ 4b64 (resolved immediate)
  |
  `- 4ad9,4b64
4ad9: CALL xc_get_last_error (external)
4ade: MOV Reg RBX, Reg RAX 3
4ae1: MOV Reg EDI, Address (SizeDir 32 (FromReg RBX)) 2
4ae3: CALL xc_error_code_to_desc (external)
4ae8: MOV Reg ESI, Address (SizeDir 32 (FromReg RBX)) 2
4aea: TEST Reg ESI, Reg ESI 2
4aec: JZ 4bb0 (resolved immediate)
  |
  `- 4af2,4bb0
4af2: CMP Address (SizeDir 8 (AddrPlus (FromReg RBX) (AddrImm 4))), Immediate 0 4
4af6: JZ 4bc1 (resolved immediate)
  |
  `- 4afc,4bc1
4afc: LEA Reg RCX, Address (AddrPlus (FromReg RBX) (AddrImm 4)) 4
4b00: MOV Reg RDX, Reg RAX 3
4b03: LEA Reg RDI, Address (AddrPlus (FromReg RIP) (AddrImm 17259)) 7
4b0a: MOV Reg EAX, Immediate 0 5
4b0f: CALL Py_BuildValue (external)
4b14: MOV Reg RBX, Reg RAX 3
4b17: TEST Reg RBP, Reg RBP 3
4b1a: JZ 4b24 (resolved immediate)
  |
  `- 4b1c,4b24
4b1c: MOV Reg RDI, Reg RBP 3
4b1f: CALL xc_clear_last_error (external)
4b24: TEST Reg RBX, Reg RBX 3
4b27: JZ 4b5a (resolved immediate)
  |
  `- 4b29,4b5a
4b29: MOV Reg RSI, Reg RBX 3
4b2c: MOV Reg RDI, Address (SizeDir 64 (AddrPlus (FromReg RIP) (AddrImm 2145429))) 7
4b33: CALL PyErr_SetObject (external)
4b38: MOV Reg RAX, Address (SizeDir 64 (FromReg RBX)) 3
4b3b: SUB Reg RAX, Immediate 1 4
4b3f: MOV Address (SizeDir 64 (FromReg RBX)), Reg RAX 3
4b42: TEST Reg RAX, Reg RAX 3
4b45: JNZ 4bdd (resolved immediate)
  |
  `- 4b4b,4bdd
4b4b: MOV Reg RAX, Address (SizeDir 64 (AddrPlus (FromReg RBX) (AddrImm 8))) 4
4b4f: MOV Reg RDI, Reg RBX 3
4b52: CALL Address (SizeDir 64 (AddrPlus (FromReg RAX) (AddrImm 48))) 3
4b55: MOV Reg EBX, Immediate 0 5
4b5a: MOV Reg RAX, Reg RBX 3
4b5d: ADD Reg RSP, Immediate 8 4
4b61: POP Reg RBX 1
4b62: POP Reg RBP 1
4b63: RET  1
  |
  `- 
4b64: CALL __errno_location (external)
4b69: MOV Reg EDI, Address (SizeDir 32 (FromReg RAX)) 2
4b6b: CALL strerror (external)
4b70: MOV Reg R9, Reg RAX 3
4b73: LEA Reg R8, Address (AddrPlus (FromReg RIP) (AddrImm 17118)) 7
4b7a: MOV Reg ECX, Immediate 1024 5
4b7f: MOV Reg EDX, Immediate 1 5
4b84: MOV Reg ESI, Immediate 1024 5
4b89: LEA Reg RDI, Address (AddrPlus (FromReg RIP) (AddrImm 2144244)) 7
4b90: MOV Reg EAX, Immediate 0 5
4b95: CALL __snprintf_chk (external)
4b9a: MOV Address (SizeDir 32 (AddrPlus (FromReg RIP) (AddrImm 2144220))), Immediate 1 10
4ba4: LEA Reg RBX, Address (AddrPlus (FromReg RIP) (AddrImm 2144213)) 7
4bab: JMP 4ae1 (resolved immediate)
  |
  `- 4ae1
4bb0: MOV Reg RDI, Address (SizeDir 64 (AddrPlus (FromReg RIP) (AddrImm 2145297))) 7
4bb7: CALL PyErr_SetFromErrno (external)
4bbc: MOV Reg RBX, Reg RAX 3
4bbf: JMP 4b5a (resolved immediate)
  |
  `- 4b5a
4bc1: MOV Reg RDX, Reg RAX 3
4bc4: LEA Reg RDI, Address (AddrPlus (FromReg RIP) (AddrImm 17072)) 7
4bcb: MOV Reg EAX, Immediate 0 5
4bd0: CALL Py_BuildValue (external)
4bd5: MOV Reg RBX, Reg RAX 3
4bd8: JMP 4b17 (resolved immediate)
  |
  `- 4b17
4bdd: MOV Reg EBX, Immediate 0 5
4be2: JMP 4b5a (resolved immediate)
  |
  `- 4b5a
72d2: PUSH Reg RBX 1
72d3: SUB Reg RSP, Immediate 16 4
72d7: MOV Reg RBX, Reg RDI 3
72da: MOV Reg RDI, Reg RSI 3
72dd: MOV Reg RSI, Reg RDX 3
72e0: MOV Reg RAX, Address (SizeDir 64 (AddrPlus (FromReg FS) (AddrImm 40))) 9
72e9: MOV Address (SizeDir 64 (AddrPlus (FromReg RSP) (AddrImm 8))), Reg RAX 5
72ee: XOR Reg EAX, Reg EAX 2
72f0: LEA Reg R9, Address (AddrPlus (FromReg RSP) (AddrImm 4)) 5
72f5: MOV Reg R8, Reg RSP 3
72f8: LEA Reg RCX, Address (AddrPlus (FromReg RIP) (AddrImm 2130561)) 7
72ff: LEA Reg RDX, Address (AddrPlus (FromReg RIP) (AddrImm 7678)) 7
7306: CALL PyArg_ParseTupleAndKeywords (external)
730b: TEST Reg EAX, Reg EAX 2
730d: JZ 734c (resolved immediate)
  |
  `- 730f,734c
730f: MOV Reg RDI, Address (SizeDir 64 (AddrPlus (FromReg RBX) (AddrImm 16))) 4
7313: MOV Reg EDX, Address (SizeDir 32 (AddrPlus (FromReg RSP) (AddrImm 4))) 4
7317: MOV Reg ESI, Address (SizeDir 32 (FromReg RSP)) 3
731a: CALL xc_evtchn_alloc_unbound (external)
731f: TEST Reg EAX, Reg EAX 2
7321: JS 7341 (resolved immediate)
  |
  `- 7323,7341
7323: MOVSXD Reg RDI, Reg EAX 3
7326: CALL PyInt_FromLong (external)
732b: MOV Reg RCX, Address (SizeDir 64 (AddrPlus (FromReg RSP) (AddrImm 8))) 5
7330: XOR Reg RCX, Address (SizeDir 64 (AddrPlus (FromReg FS) (AddrImm 40))) 9
7339: JNZ 7353 (resolved immediate)
  |
  `- 733b,7353
733b: ADD Reg RSP, Immediate 16 4
733f: POP Reg RBX 1
7340: RET  1
  |
  `- 
7341: MOV Reg RDI, Address (SizeDir 64 (AddrPlus (FromReg RBX) (AddrImm 16))) 4
7345: CALL pyxc_error_to_exception (internal)
  |
  `- 4ac7
734a: JMP 732b (resolved immediate)
  |
  `- 732b
734c: MOV Reg EAX, Immediate 0 5
7351: JMP 732b (resolved immediate)
  |
  `- 732b
7353: CALL __stack_chk_fail (external)
  |
  `- 
