Number of assembly instructions     = 100
Number of indirect branches         = 1
Number of unresolved indirect jumps = 0: 
Number of unresolved indirect calls = 1: 4b52
Number of symbolic states (representative of non-determinism): 100
Number of edges: 103

4ac7 (True): 5a56
59e5 (False): 0

4ac7: PUSH Reg RBP 1
4ac8: PUSH Reg RBX 1
4ac9: SUB Reg RSP, Immediate 8 4
4acd: MOV Reg RBP, Reg RDI 3
4ad0: TEST Reg RDI, Reg RDI 3
4ad3: JE 4b64 (resolved immediate)
  |
  `- 4ad9,4b64
4ad9: CALL xc_get_last_error (external)
4ade: MOV Reg RBX, Reg RAX 3
4ae1: MOV Reg EDI, Address (SizeDir 32 (FromReg RBX)) 2
4ae3: CALL xc_error_code_to_desc (external)
4ae8: MOV Reg ESI, Address (SizeDir 32 (FromReg RBX)) 2
4aea: TEST Reg ESI, Reg ESI 2
4aec: JE 4bb0 (resolved immediate)
  |
  `- 4af2,4bb0
4af2: CMP Address (SizeDir 8 (AddrPlus (FromReg RBX) (AddrImm 4))), Immediate 0 4
4af6: JE 4bc1 (resolved immediate)
  |
  `- 4afc,4bc1
4afc: LEA Reg RCX, Address (SizeDir 64 (AddrPlus (FromReg RBX) (AddrImm 4))) 4
4b00: MOV Reg RDX, Reg RAX 3
4b03: LEA Reg RDI, Address (SizeDir 64 (AddrPlus (FromReg RIP) (AddrImm 17259))) 7
4b0a: MOV Reg EAX, Immediate 0 5
4b0f: CALL Py_BuildValue (external)
4b14: MOV Reg RBX, Reg RAX 3
4b17: TEST Reg RBP, Reg RBP 3
4b1a: JE 4b24 (resolved immediate)
4b1c: MOV Reg RDI, Reg RBP 3
4b1f: CALL xc_clear_last_error (external)
4b24: TEST Reg RBX, Reg RBX 3
4b27: JE 4b5a (resolved immediate)
  |
  `- 4b29,4b5a
4b29: MOV Reg RSI, Reg RBX 3
4b2c: MOV Reg RDI, Address (SizeDir 64 (AddrPlus (FromReg RIP) (AddrImm 2145429))) 7
4b33: CALL PyErr_SetObject (external)
4b38: MOV Reg RAX, Address (SizeDir 64 (FromReg RBX)) 3
4b3b: SUB Reg RAX, Immediate 1 4
4b3f: MOV Address (SizeDir 64 (FromReg RBX)), Reg RAX 3
4b42: TEST Reg RAX, Reg RAX 3
4b45: JNE 4bdd (resolved immediate)
  |
  `- 4b4b,4bdd
4b4b: MOV Reg RAX, Address (SizeDir 64 (AddrPlus (FromReg RBX) (AddrImm 8))) 4
4b4f: MOV Reg RDI, Reg RBX 3
4b52: CALL Address (SizeDir 64 (AddrPlus (FromReg RAX) (AddrImm 48))) 3
4b55: MOV Reg EBX, Immediate 0 5
4b5a: MOV Reg RAX, Reg RBX 3
4b5d: ADD Reg RSP, Immediate 8 4
4b61: POP Reg RBX 1
4b62: POP Reg RBP 1
4b63: RET  1
  |
  `- 
4b64: CALL __errno_location (external)
4b69: MOV Reg EDI, Address (SizeDir 32 (FromReg RAX)) 2
4b6b: CALL strerror (external)
4b70: MOV Reg R9, Reg RAX 3
4b73: LEA Reg R8, Address (SizeDir 64 (AddrPlus (FromReg RIP) (AddrImm 17118))) 7
4b7a: MOV Reg ECX, Immediate 1024 5
4b7f: MOV Reg EDX, Immediate 1 5
4b84: MOV Reg ESI, Immediate 1024 5
4b89: LEA Reg RDI, Address (SizeDir 64 (AddrPlus (FromReg RIP) (AddrImm 2144244))) 7
4b90: MOV Reg EAX, Immediate 0 5
4b95: CALL __snprintf_chk (external)
4b9a: MOV Address (SizeDir 32 (AddrPlus (FromReg RIP) (AddrImm 2144220))), Immediate 1 10
4ba4: LEA Reg RBX, Address (SizeDir 64 (AddrPlus (FromReg RIP) (AddrImm 2144213))) 7
  |
  `- 
4bb0: MOV Reg RDI, Address (SizeDir 64 (AddrPlus (FromReg RIP) (AddrImm 2145297))) 7
4bb7: CALL PyErr_SetFromErrno (external)
4bbc: MOV Reg RBX, Reg RAX 3
4bbf: JMP 4b5a (resolved immediate)
  |
  `- 4b5a
4bc1: MOV Reg RDX, Reg RAX 3
4bc4: LEA Reg RDI, Address (SizeDir 64 (AddrPlus (FromReg RIP) (AddrImm 17072))) 7
4bcb: MOV Reg EAX, Immediate 0 5
4bd0: CALL Py_BuildValue (external)
4bd5: MOV Reg RBX, Reg RAX 3
4bd8: JMP 4b17 (resolved immediate)
  |
  `- 4b17
4bdd: MOV Reg EBX, Immediate 0 5
4be2: JMP 4b5a (resolved immediate)
  |
  `- 4b5a
59e5: PUSH Reg RBX 1
59e6: SUB Reg RSP, Immediate 16 4
59ea: MOV Reg RBX, Reg RDI 3
59ed: MOV Reg RDI, Reg RSI 3
59f0: MOV Reg RAX, Address (SizeDir 64 (AddrPlus (FromReg FS) (AddrImm 40))) 9
59f9: MOV Address (SizeDir 64 (AddrPlus (FromReg RSP) (AddrImm 8))), Reg RAX 5
59fe: XOR Reg EAX, Reg EAX 2
5a00: LEA Reg RCX, Address (SizeDir 64 (AddrPlus (FromReg RSP) (AddrImm 4))) 5
5a05: MOV Reg RDX, Reg RSP 3
5a08: LEA Reg RSI, Address (SizeDir 64 (AddrPlus (FromReg RIP) (AddrImm 14069))) 7
5a0f: CALL PyArg_ParseTuple (external)
5a14: TEST Reg EAX, Reg EAX 2
5a16: JE 5a58 (resolved immediate)
  |
  `- 5a18,5a58
5a18: MOV Reg RDI, Address (SizeDir 64 (AddrPlus (FromReg RBX) (AddrImm 16))) 4
5a1c: MOV Reg EDX, Address (SizeDir 32 (AddrPlus (FromReg RSP) (AddrImm 4))) 4
5a20: MOV Reg ESI, Address (SizeDir 32 (FromReg RSP)) 3
5a23: CALL xc_domain_set_machine_address_size (external)
5a28: TEST Reg EAX, Reg EAX 2
5a2a: JNE 5a4d (resolved immediate)
  |
  `- 5a4d
5a37: MOV Reg RBX, Address (SizeDir 64 (AddrPlus (FromReg RSP) (AddrImm 8))) 5
5a3c: XOR Reg RBX, Address (SizeDir 64 (AddrPlus (FromReg FS) (AddrImm 40))) 9
5a45: JNE 5a5f (resolved immediate)
  |
  `- 5a47,5a5f
5a47: ADD Reg RSP, Immediate 16 4
5a4b: POP Reg RBX 1
5a4c: RET  1
  |
  `- 
5a4d: MOV Reg RDI, Address (SizeDir 64 (AddrPlus (FromReg RBX) (AddrImm 16))) 4
5a51: CALL pyxc_error_to_exception (internal)
  |
  `- 4ac7
5a56: JMP 5a37 (resolved immediate)
  |
  `- 5a37
5a58: MOV Reg EAX, Immediate 0 5
5a5d: JMP 5a37 (resolved immediate)
  |
  `- 5a37
5a5f: CALL __stack_chk_fail (external)
  |
  `- 
