Number of assembly instructions     = 160
Number of indirect branches         = 2
Number of unresolved indirect jumps = 0: 
Number of unresolved indirect calls = 2: 4b52, 5228
Number of symbolic states (representative of non-determinism): 160
Number of edges: 168

4ac7 (True): 51b8, 5270
516c (True): 5252
522d (False): 0

4ac7: PUSH Reg RBP 1
4ac8: PUSH Reg RBX 1
4ac9: SUB Reg RSP, Immediate 8 4
4acd: MOV Reg RBP, Reg RDI 3
4ad0: TEST Reg RDI, Reg RDI 3
4ad3: JZ 4b64 (resolved immediate)
  |
  `- 4ad9,4b64
4ad9: CALL xc_get_last_error (external)
4ade: MOV Reg RBX, Reg RAX 3
4ae1: MOV Reg EDI, Address (SizeDir 32 (FromReg RBX)) 2
4ae3: CALL xc_error_code_to_desc (external)
4ae8: MOV Reg ESI, Address (SizeDir 32 (FromReg RBX)) 2
4aea: TEST Reg ESI, Reg ESI 2
4aec: JZ 4bb0 (resolved immediate)
  |
  `- 4af2,4bb0
4af2: CMP Address (SizeDir 8 (AddrPlus (FromReg RBX) (AddrImm 4))), Immediate 0 4
4af6: JZ 4bc1 (resolved immediate)
  |
  `- 4afc,4bc1
4afc: LEA Reg RCX, Address (AddrPlus (FromReg RBX) (AddrImm 4)) 4
4b00: MOV Reg RDX, Reg RAX 3
4b03: LEA Reg RDI, Address (AddrPlus (FromReg RIP) (AddrImm 17259)) 7
4b0a: MOV Reg EAX, Immediate 0 5
4b0f: CALL Py_BuildValue (external)
4b14: MOV Reg RBX, Reg RAX 3
4b17: TEST Reg RBP, Reg RBP 3
4b1a: JZ 4b24 (resolved immediate)
  |
  `- 4b1c,4b24
4b1c: MOV Reg RDI, Reg RBP 3
4b1f: CALL xc_clear_last_error (external)
4b24: TEST Reg RBX, Reg RBX 3
4b27: JZ 4b5a (resolved immediate)
  |
  `- 4b29,4b5a
4b29: MOV Reg RSI, Reg RBX 3
4b2c: MOV Reg RDI, Address (SizeDir 64 (AddrPlus (FromReg RIP) (AddrImm 2145429))) 7
4b33: CALL PyErr_SetObject (external)
4b38: MOV Reg RAX, Address (SizeDir 64 (FromReg RBX)) 3
4b3b: SUB Reg RAX, Immediate 1 4
4b3f: MOV Address (SizeDir 64 (FromReg RBX)), Reg RAX 3
4b42: TEST Reg RAX, Reg RAX 3
4b45: JNZ 4bdd (resolved immediate)
  |
  `- 4b4b,4bdd
4b4b: MOV Reg RAX, Address (SizeDir 64 (AddrPlus (FromReg RBX) (AddrImm 8))) 4
4b4f: MOV Reg RDI, Reg RBX 3
4b52: CALL Address (SizeDir 64 (AddrPlus (FromReg RAX) (AddrImm 48))) 3
4b55: MOV Reg EBX, Immediate 0 5
4b5a: MOV Reg RAX, Reg RBX 3
4b5d: ADD Reg RSP, Immediate 8 4
4b61: POP Reg RBX 1
4b62: POP Reg RBP 1
4b63: RET  1
  |
  `- 
4b64: CALL __errno_location (external)
4b69: MOV Reg EDI, Address (SizeDir 32 (FromReg RAX)) 2
4b6b: CALL strerror (external)
4b70: MOV Reg R9, Reg RAX 3
4b73: LEA Reg R8, Address (AddrPlus (FromReg RIP) (AddrImm 17118)) 7
4b7a: MOV Reg ECX, Immediate 1024 5
4b7f: MOV Reg EDX, Immediate 1 5
4b84: MOV Reg ESI, Immediate 1024 5
4b89: LEA Reg RDI, Address (AddrPlus (FromReg RIP) (AddrImm 2144244)) 7
4b90: MOV Reg EAX, Immediate 0 5
4b95: CALL __snprintf_chk (external)
4b9a: MOV Address (SizeDir 32 (AddrPlus (FromReg RIP) (AddrImm 2144220))), Immediate 1 10
4ba4: LEA Reg RBX, Address (AddrPlus (FromReg RIP) (AddrImm 2144213)) 7
4bab: JMP 4ae1 (resolved immediate)
  |
  `- 4ae1
4bb0: MOV Reg RDI, Address (SizeDir 64 (AddrPlus (FromReg RIP) (AddrImm 2145297))) 7
4bb7: CALL PyErr_SetFromErrno (external)
4bbc: MOV Reg RBX, Reg RAX 3
4bbf: JMP 4b5a (resolved immediate)
  |
  `- 4b5a
4bc1: MOV Reg RDX, Reg RAX 3
4bc4: LEA Reg RDI, Address (AddrPlus (FromReg RIP) (AddrImm 17072)) 7
4bcb: MOV Reg EAX, Immediate 0 5
4bd0: CALL Py_BuildValue (external)
4bd5: MOV Reg RBX, Reg RAX 3
4bd8: JMP 4b17 (resolved immediate)
  |
  `- 4b17
4bdd: MOV Reg EBX, Immediate 0 5
4be2: JMP 4b5a (resolved immediate)
  |
  `- 4b5a
516c: PUSH Reg R15 2
516e: PUSH Reg R14 2
5170: PUSH Reg R13 2
5172: PUSH Reg R12 2
5174: PUSH Reg RBP 1
5175: PUSH Reg RBX 1
5176: SUB Reg RSP, Immediate 8 4
517a: MOV Reg RBP, Reg RDI 3
517d: MOV Reg R12, Reg RSI 3
5180: MOV Reg RDI, Address (SizeDir 64 (AddrPlus (FromReg RDI) (AddrImm 16))) 4
5184: CALL xc_get_max_cpus (external)
5189: TEST Reg EAX, Reg EAX 2
518b: JS 51af (resolved immediate)
  |
  `- 518d,51af
518d: MOV Reg EBX, Reg EAX 2
518f: MOV Reg EDI, Immediate 0 5
5194: CALL PyList_New (external)
5199: MOV Reg R14, Reg RAX 3
519c: TEST Reg EBX, Reg EBX 2
519e: JLE 51bb (resolved immediate)
  |
  `- 51a0,51bb
51a0: LEA Reg R13D, Address (AddrMinus (FromReg RBX) (AddrImm 1)) 4
51a4: ADD Reg R13, Immediate 1 4
51a8: MOV Reg EBP, Immediate 0 5
51ad: JMP 51e2 (resolved immediate)
  |
  `- 51e2
51af: MOV Reg RDI, Address (SizeDir 64 (AddrPlus (FromReg RBP) (AddrImm 16))) 4
51b3: CALL pyxc_error_to_exception (internal)
  |
  `- 
51b8: MOV Reg R14, Reg RAX 3
51bb: MOV Reg RAX, Reg R14 3
51be: ADD Reg RSP, Immediate 8 4
51c2: POP Reg RBX 1
51c3: POP Reg RBP 1
51c4: POP Reg R12 2
51c6: POP Reg R13 2
51c8: POP Reg R14 2
51ca: POP Reg R15 2
51cc: RET  1
  |
  `- 
51cd: CMP Reg EBX, Immediate 7 3
51d0: SETZ Reg AL 3
51d3: MOVZX Reg EAX, Reg AL 3
51d6: ADD Reg R12, Reg RAX 3
51d9: ADD Reg RBP, Immediate 1 4
51dd: CMP Reg RBP, Reg R13 3
51e0: JZ 51bb (resolved immediate)
  |
  `- 51bb,51e2
51e2: MOV Reg EAX, Reg EBP 2
51e4: SAR Reg EAX, Immediate 31 3
51e7: SHR Reg EAX, Immediate 29 3
51ea: LEA Reg EBX, Address (AddrPlus (FromReg RAX) (FromReg RBP)) 3
51ed: AND Reg EBX, Immediate 7 3
51f0: SUB Reg EBX, Reg EAX 2
51f2: MOVZX Reg EAX, Address (SizeDir 8 (FromReg R12)) 5
51f7: BT Reg EAX, Reg EBX 3
51fa: JAE 51cd (resolved immediate)
  |
  `- 51cd,51fc
51fc: MOV Reg RDI, Reg RBP 3
51ff: CALL PyInt_FromLong (external)
5204: MOV Reg R15, Reg RAX 3
5207: MOV Reg RSI, Reg RAX 3
520a: MOV Reg RDI, Reg R14 3
520d: CALL PyList_Append (external)
5212: MOV Reg RAX, Address (SizeDir 64 (FromReg R15)) 3
5215: SUB Reg RAX, Immediate 1 4
5219: MOV Address (SizeDir 64 (FromReg R15)), Reg RAX 3
521c: TEST Reg RAX, Reg RAX 3
521f: JNZ 51cd (resolved immediate)
  |
  `- 51cd,5221
5221: MOV Reg RAX, Address (SizeDir 64 (AddrPlus (FromReg R15) (AddrImm 8))) 4
5225: MOV Reg RDI, Reg R15 3
5228: CALL Address (SizeDir 64 (AddrPlus (FromReg RAX) (AddrImm 48))) 3
522b: JMP 51cd (resolved immediate)
  |
  `- 51cd
522d: PUSH Reg RBP 1
522e: PUSH Reg RBX 1
522f: SUB Reg RSP, Immediate 8 4
5233: MOV Reg RBP, Reg RDI 3
5236: MOV Reg RDI, Address (SizeDir 64 (AddrPlus (FromReg RDI) (AddrImm 16))) 4
523a: CALL xc_cpupool_freeinfo (external)
523f: TEST Reg RAX, Reg RAX 3
5242: JZ 5267 (resolved immediate)
  |
  `- 5244,5267
5244: MOV Reg RBX, Reg RAX 3
5247: MOV Reg RSI, Reg RAX 3
524a: MOV Reg RDI, Reg RBP 3
524d: CALL cpumap_to_cpulist (internal)
  |
  `- 516c
5252: MOV Reg RBP, Reg RAX 3
5255: MOV Reg RDI, Reg RBX 3
5258: CALL free (external)
525d: MOV Reg RAX, Reg RBP 3
5260: ADD Reg RSP, Immediate 8 4
5264: POP Reg RBX 1
5265: POP Reg RBP 1
5266: RET  1
  |
  `- 
5267: MOV Reg RDI, Address (SizeDir 64 (AddrPlus (FromReg RBP) (AddrImm 16))) 4
526b: CALL pyxc_error_to_exception (internal)
  |
  `- 4ac7
5270: MOV Reg RBP, Reg RAX 3
5273: JMP 525d (resolved immediate)
  |
  `- 525d
