Number of assembly instructions     = 12
Number of indirect branches         = 1
Number of unresolved indirect jumps = 0: 
Number of unresolved indirect calls = 1: 4d74
Number of symbolic states (representative of non-determinism): 12
Number of edges: 12

4d53 (False): 0

4d53: PUSH Reg RBX 1
4d54: MOV Reg RBX, Reg RDI 3
4d57: MOV Reg RDI, Address (SizeDir 64 (AddrPlus (FromReg RDI) (AddrImm 16))) 4
4d5b: TEST Reg RDI, Reg RDI 3
4d5e: JE 4d6d (resolved immediate)
  |
  `- 4d60,4d6d
4d60: CALL xc_interface_close (external)
4d65: MOV Address (SizeDir 64 (AddrPlus (FromReg RBX) (AddrImm 16))), Immediate 0 8
4d6d: MOV Reg RAX, Address (SizeDir 64 (AddrPlus (FromReg RBX) (AddrImm 8))) 4
4d71: MOV Reg RDI, Reg RBX 3
4d74: CALL Address (SizeDir 64 (AddrPlus (FromReg RAX) (AddrImm 320))) 6
4d7a: POP Reg RBX 1
4d7b: RET  1
  |
  `- 
