Number of assembly instructions     = 147
Number of indirect branches         = 1
Number of unresolved indirect jumps = 0: 
Number of unresolved indirect calls = 1: 4b52
Number of symbolic states (representative of non-determinism): 147
Number of edges: 156

4ac7 (True): 5c56
5ae7 (False): 0

4ac7: PUSH Reg RBP 1
4ac8: PUSH Reg RBX 1
4ac9: SUB Reg RSP, Immediate 8 4
4acd: MOV Reg RBP, Reg RDI 3
4ad0: TEST Reg RDI, Reg RDI 3
4ad3: JZ 4b64 (resolved immediate)
  |
  `- 4ad9,4b64
4ad9: CALL xc_get_last_error (external)
4ade: MOV Reg RBX, Reg RAX 3
4ae1: MOV Reg EDI, Address (SizeDir 32 (FromReg RBX)) 2
4ae3: CALL xc_error_code_to_desc (external)
4ae8: MOV Reg ESI, Address (SizeDir 32 (FromReg RBX)) 2
4aea: TEST Reg ESI, Reg ESI 2
4aec: JZ 4bb0 (resolved immediate)
  |
  `- 4af2,4bb0
4af2: CMP Address (SizeDir 8 (AddrPlus (FromReg RBX) (AddrImm 4))), Immediate 0 4
4af6: JZ 4bc1 (resolved immediate)
  |
  `- 4afc,4bc1
4afc: LEA Reg RCX, Address (AddrPlus (FromReg RBX) (AddrImm 4)) 4
4b00: MOV Reg RDX, Reg RAX 3
4b03: LEA Reg RDI, Address (AddrPlus (FromReg RIP) (AddrImm 17259)) 7
4b0a: MOV Reg EAX, Immediate 0 5
4b0f: CALL Py_BuildValue (external)
4b14: MOV Reg RBX, Reg RAX 3
4b17: TEST Reg RBP, Reg RBP 3
4b1a: JZ 4b24 (resolved immediate)
  |
  `- 4b1c,4b24
4b1c: MOV Reg RDI, Reg RBP 3
4b1f: CALL xc_clear_last_error (external)
4b24: TEST Reg RBX, Reg RBX 3
4b27: JZ 4b5a (resolved immediate)
  |
  `- 4b29,4b5a
4b29: MOV Reg RSI, Reg RBX 3
4b2c: MOV Reg RDI, Address (SizeDir 64 (AddrPlus (FromReg RIP) (AddrImm 2145429))) 7
4b33: CALL PyErr_SetObject (external)
4b38: MOV Reg RAX, Address (SizeDir 64 (FromReg RBX)) 3
4b3b: SUB Reg RAX, Immediate 1 4
4b3f: MOV Address (SizeDir 64 (FromReg RBX)), Reg RAX 3
4b42: TEST Reg RAX, Reg RAX 3
4b45: JNZ 4bdd (resolved immediate)
  |
  `- 4b4b,4bdd
4b4b: MOV Reg RAX, Address (SizeDir 64 (AddrPlus (FromReg RBX) (AddrImm 8))) 4
4b4f: MOV Reg RDI, Reg RBX 3
4b52: CALL Address (SizeDir 64 (AddrPlus (FromReg RAX) (AddrImm 48))) 3
4b55: MOV Reg EBX, Immediate 0 5
4b5a: MOV Reg RAX, Reg RBX 3
4b5d: ADD Reg RSP, Immediate 8 4
4b61: POP Reg RBX 1
4b62: POP Reg RBP 1
4b63: RET  1
  |
  `- 
4b64: CALL __errno_location (external)
4b69: MOV Reg EDI, Address (SizeDir 32 (FromReg RAX)) 2
4b6b: CALL strerror (external)
4b70: MOV Reg R9, Reg RAX 3
4b73: LEA Reg R8, Address (AddrPlus (FromReg RIP) (AddrImm 17118)) 7
4b7a: MOV Reg ECX, Immediate 1024 5
4b7f: MOV Reg EDX, Immediate 1 5
4b84: MOV Reg ESI, Immediate 1024 5
4b89: LEA Reg RDI, Address (AddrPlus (FromReg RIP) (AddrImm 2144244)) 7
4b90: MOV Reg EAX, Immediate 0 5
4b95: CALL __snprintf_chk (external)
4b9a: MOV Address (SizeDir 32 (AddrPlus (FromReg RIP) (AddrImm 2144220))), Immediate 1 10
4ba4: LEA Reg RBX, Address (AddrPlus (FromReg RIP) (AddrImm 2144213)) 7
4bab: JMP 4ae1 (resolved immediate)
  |
  `- 4ae1
4bb0: MOV Reg RDI, Address (SizeDir 64 (AddrPlus (FromReg RIP) (AddrImm 2145297))) 7
4bb7: CALL PyErr_SetFromErrno (external)
4bbc: MOV Reg RBX, Reg RAX 3
4bbf: JMP 4b5a (resolved immediate)
  |
  `- 4b5a
4bc1: MOV Reg RDX, Reg RAX 3
4bc4: LEA Reg RDI, Address (AddrPlus (FromReg RIP) (AddrImm 17072)) 7
4bcb: MOV Reg EAX, Immediate 0 5
4bd0: CALL Py_BuildValue (external)
4bd5: MOV Reg RBX, Reg RAX 3
4bd8: JMP 4b17 (resolved immediate)
  |
  `- 4b17
4bdd: MOV Reg EBX, Immediate 0 5
4be2: JMP 4b5a (resolved immediate)
  |
  `- 4b5a
5ae7: PUSH Reg R12 2
5ae9: PUSH Reg RBP 1
5aea: PUSH Reg RBX 1
5aeb: SUB Reg RSP, Immediate 144 7
5af2: MOV Reg R12, Reg RDI 3
5af5: MOV Reg RDI, Reg RSI 3
5af8: MOV Reg RAX, Address (SizeDir 64 (AddrPlus (FromReg FS) (AddrImm 40))) 9
5b01: MOV Address (SizeDir 64 (AddrPlus (FromReg RSP) (AddrImm 136))), Reg RAX 8
5b09: XOR Reg EAX, Reg EAX 2
5b0b: LEA Reg RCX, Address (AddrPlus (FromReg RSP) (AddrImm 24)) 5
5b10: LEA Reg RDX, Address (AddrPlus (FromReg RSP) (AddrImm 4)) 5
5b15: LEA Reg R9, Address (AddrPlus (FromReg RSP) (AddrImm 16)) 5
5b1a: LEA Reg R8, Address (AddrPlus (FromReg RSP) (AddrImm 8)) 5
5b1f: LEA Reg RSI, Address (AddrPlus (FromReg RIP) (AddrImm 13220)) 7
5b26: CALL PyArg_ParseTuple (external)
5b2b: TEST Reg EAX, Reg EAX 2
5b2d: JZ 5cb9 (resolved immediate)
  |
  `- 5b33,5cb9
5b33: MOV Reg RBP, Address (SizeDir 64 (AddrPlus (FromReg RSP) (AddrImm 16))) 5
5b38: LEA Reg RAX, Address (AddrPlus (FromReg RIP) (AddrImm 13200)) 7
5b3f: MOV Address (SizeDir 64 (AddrPlus (FromReg RSP) (AddrImm 96))), Reg RAX 5
5b44: LEA Reg RAX, Address (AddrPlus (FromReg RIP) (AddrImm 13192)) 7
5b4b: MOV Address (SizeDir 64 (AddrPlus (FromReg RSP) (AddrImm 104))), Reg RAX 5
5b50: LEA Reg RAX, Address (AddrPlus (FromReg RIP) (AddrImm 13184)) 7
5b57: MOV Address (SizeDir 64 (AddrPlus (FromReg RSP) (AddrImm 112))), Reg RAX 5
5b5c: LEA Reg RAX, Address (AddrPlus (FromReg RIP) (AddrImm 13176)) 7
5b63: MOV Address (SizeDir 64 (AddrPlus (FromReg RSP) (AddrImm 120))), Reg RAX 5
5b68: MOV Address (SizeDir 64 (AddrPlus (FromReg RSP) (AddrImm 32))), Immediate 0 9
5b71: MOV Address (SizeDir 64 (AddrPlus (FromReg RSP) (AddrImm 40))), Immediate 0 9
5b7a: MOV Address (SizeDir 64 (AddrPlus (FromReg RSP) (AddrImm 48))), Immediate 0 9
5b83: MOV Address (SizeDir 64 (AddrPlus (FromReg RSP) (AddrImm 56))), Immediate 0 9
5b8c: MOV Reg RAX, Address (SizeDir 64 (AddrPlus (FromReg RBP) (AddrImm 8))) 4
5b90: TEST Address (SizeDir 8 (AddrPlus (FromReg RAX) (AddrImm 171))), Immediate 32 7
5b97: JZ 5bc7 (resolved immediate)
  |
  `- 5b99,5bc7
5b99: MOV Reg EBX, Immediate 0 5
5b9e: JMP 5baa (resolved immediate)
  |
  `- 5baa
5ba0: ADD Reg RBX, Immediate 8 4
5ba4: CMP Reg RBX, Immediate 32 4
5ba8: JZ 5bc7 (resolved immediate)
  |
  `- 5baa,5bc7
5baa: MOV Reg RSI, Address (SizeDir 64 (AddrPlus (AddrPlus (FromReg RSP) (FromReg RBX)) (AddrImm 96))) 5
5baf: MOV Reg RDI, Reg RBP 3
5bb2: CALL PyDict_GetItemString (external)
5bb7: TEST Reg RAX, Reg RAX 3
5bba: JZ 5ba0 (resolved immediate)
  |
  `- 5ba0,5bbc
5bbc: ADD Reg RAX, Immediate 36 4
5bc0: MOV Address (SizeDir 64 (AddrPlus (AddrPlus (FromReg RSP) (FromReg RBX)) (AddrImm 32))), Reg RAX 5
5bc5: JMP 5ba0 (resolved immediate)
  |
  `- 5ba0
5bc7: MOV Address (SizeDir 32 (AddrPlus (FromReg RSP) (AddrImm 28))), Immediate 4294967295 8
5bcf: MOV Reg RDI, Address (SizeDir 64 (AddrPlus (FromReg RSP) (AddrImm 8))) 5
5bd4: MOV Reg RAX, Address (SizeDir 64 (AddrPlus (FromReg RDI) (AddrImm 8))) 4
5bd8: TEST Address (SizeDir 8 (AddrPlus (FromReg RAX) (AddrImm 171))), Immediate 1 7
5bdf: JNZ 5c41 (resolved immediate)
  |
  `- 5be1,5c41
5be1: LEA Reg RCX, Address (AddrPlus (FromReg RSP) (AddrImm 32)) 5
5be6: LEA Reg RDX, Address (AddrPlus (FromReg RSP) (AddrImm 24)) 5
5beb: MOV Reg RDI, Address (SizeDir 64 (AddrPlus (FromReg R12) (AddrImm 16))) 5
5bf0: LEA Reg R8, Address (AddrPlus (FromReg RSP) (AddrImm 64)) 5
5bf5: MOV Reg ESI, Address (SizeDir 32 (AddrPlus (FromReg RSP) (AddrImm 4))) 4
5bf9: CALL xc_cpuid_set (external)
5bfe: TEST Reg EAX, Reg EAX 2
5c00: JNZ 5c4c (resolved immediate)
  |
  `- 5c4c
5c41: CALL PyLong_AsUnsignedLong (external)
5c46: MOV Address (SizeDir 32 (AddrPlus (FromReg RSP) (AddrImm 28))), Reg EAX 4
5c4a: JMP 5be1 (resolved immediate)
  |
  `- 5be1
5c4c: MOV Reg RDI, Address (SizeDir 64 (AddrPlus (FromReg R12) (AddrImm 16))) 5
5c51: CALL pyxc_error_to_exception (internal)
  |
  `- 4ac7
5c56: MOV Reg RBP, Reg RAX 3
5c59: MOV Reg RAX, Reg RBP 3
5c5c: MOV Reg RCX, Address (SizeDir 64 (AddrPlus (FromReg RSP) (AddrImm 136))) 8
5c64: XOR Reg RCX, Address (SizeDir 64 (AddrPlus (FromReg FS) (AddrImm 40))) 9
5c6d: JNZ 5cc0 (resolved immediate)
  |
  `- 5c6f,5cc0
5c6f: ADD Reg RSP, Immediate 144 7
5c76: POP Reg RBX 1
5c77: POP Reg RBP 1
5c78: POP Reg R12 2
5c7a: RET  1
  |
  `- 
5cb9: MOV Reg EBP, Immediate 0 5
5cbe: JMP 5c59 (resolved immediate)
  |
  `- 5c59
5cc0: CALL __stack_chk_fail (external)
  |
  `- 
