Number of assembly instructions     = 146
Number of indirect branches         = 0
Number of unresolved indirect jumps = 0: 
Number of unresolved indirect calls = 0: 
Number of symbolic states (representative of non-determinism): 146
Number of edges: 146

767b (True): 76f0, 770c, 7728, 7745
76a1 (True): 78f8
7882 (False): 0

767b: SUB Reg RSP, Immediate 8 4
767f: MOV Reg ESI, Immediate 120 5
7684: CALL strchr (external)
7689: LEA Reg RDI, Address (SizeDir 64 (AddrPlus (FromReg RAX) (AddrImm 1))) 4
768d: MOV Reg EDX, Immediate 16 5
7692: MOV Reg ESI, Immediate 0 5
7697: CALL strtol (external)
769c: ADD Reg RSP, Immediate 8 4
76a0: RET  1
  |
  `- 
76a1: PUSH Reg R15 2
76a3: PUSH Reg R14 2
76a5: PUSH Reg R13 2
76a7: PUSH Reg R12 2
76a9: PUSH Reg RBP 1
76aa: PUSH Reg RBX 1
76ab: SUB Reg RSP, Immediate 8 4
76af: MOV Reg RBP, Address (SizeDir 64 (FromReg RDI)) 3
76b2: MOV Reg R9D, Immediate 0 6
76b8: TEST Reg RBP, Reg RBP 3
76bb: JE 7767 (resolved immediate)
  |
  `- 76c1,7767
76c1: MOV Reg R12, Reg R8 3
76c4: MOV Reg R13, Reg RCX 3
76c7: MOV Reg R14, Reg RDX 3
76ca: MOV Reg R15, Reg RSI 3
76cd: MOV Reg RBX, Reg RDI 3
76d0: MOV Reg ESI, Immediate 44 5
76d5: MOV Reg RDI, Reg RBP 3
76d8: CALL strchr (external)
76dd: MOV Reg R9D, Immediate 0 6
76e3: TEST Reg RAX, Reg RAX 3
76e6: JE 7767 (resolved immediate)
  |
  `- 76e8,7767
76e8: MOV Reg RDI, Reg RBP 3
76eb: CALL token_value (internal)
  |
  `- 767b
76f0: MOV Address (SizeDir 32 (FromReg R15)), Reg EAX 3
76f3: MOV Reg ESI, Immediate 44 5
76f8: MOV Reg RDI, Reg RBP 3
76fb: CALL strchr (external)
7700: LEA Reg RBP, Address (SizeDir 64 (AddrPlus (FromReg RAX) (AddrImm 1))) 4
7704: MOV Reg RDI, Reg RBP 3
7707: CALL token_value (internal)
770c: MOV Address (SizeDir 32 (FromReg R14)), Reg EAX 3
770f: MOV Reg ESI, Immediate 44 5
7714: MOV Reg RDI, Reg RBP 3
7717: CALL strchr (external)
771c: LEA Reg RBP, Address (SizeDir 64 (AddrPlus (FromReg RAX) (AddrImm 1))) 4
7720: MOV Reg RDI, Reg RBP 3
7723: CALL token_value (internal)
7728: MOV Address (SizeDir 32 (FromReg R13)), Reg EAX 4
772c: MOV Reg ESI, Immediate 44 5
7731: MOV Reg RDI, Reg RBP 3
7734: CALL strchr (external)
7739: LEA Reg RBP, Address (SizeDir 64 (AddrPlus (FromReg RAX) (AddrImm 1))) 4
773d: MOV Reg RDI, Reg RBP 3
7740: CALL token_value (internal)
7745: MOV Address (SizeDir 32 (FromReg R12)), Reg EAX 4
7749: MOV Reg ESI, Immediate 44 5
774e: MOV Reg RDI, Reg RBP 3
7751: CALL strchr (external)
7756: CMP Reg RAX, Immediate 1 4
775a: SBB Reg RAX, Immediate 18446744073709551615 4
775e: MOV Address (SizeDir 64 (FromReg RBX)), Reg RAX 3
7761: MOV Reg R9D, Immediate 1 6
7767: MOV Reg EAX, Reg R9D 3
776a: ADD Reg RSP, Immediate 8 4
776e: POP Reg RBX 1
776f: POP Reg RBP 1
7770: POP Reg R12 2
7772: POP Reg R13 2
7774: POP Reg R14 2
7776: POP Reg R15 2
7778: RET  1
  |
  `- 
7882: PUSH Reg R15 2
7884: PUSH Reg R14 2
7886: PUSH Reg R13 2
7888: PUSH Reg R12 2
788a: PUSH Reg RBP 1
788b: PUSH Reg RBX 1
788c: SUB Reg RSP, Immediate 56 4
7890: MOV Reg R15, Reg RDI 3
7893: MOV Reg RDI, Reg RSI 3
7896: MOV Reg RSI, Reg RDX 3
7899: MOV Reg RAX, Address (SizeDir 64 (AddrPlus (FromReg FS) (AddrImm 40))) 9
78a2: MOV Address (SizeDir 64 (AddrPlus (FromReg RSP) (AddrImm 40))), Reg RAX 5
78a7: XOR Reg EAX, Reg EAX 2
78a9: LEA Reg R9, Address (SizeDir 64 (AddrPlus (FromReg RSP) (AddrImm 32))) 5
78ae: LEA Reg R8, Address (SizeDir 64 (AddrPlus (FromReg RSP) (AddrImm 12))) 5
78b3: LEA Reg RCX, Address (SizeDir 64 (AddrPlus (FromReg RIP) (AddrImm 2128966))) 7
78ba: LEA Reg RDX, Address (SizeDir 64 (AddrPlus (FromReg RIP) (AddrImm 5638))) 7
78c1: CALL PyArg_ParseTupleAndKeywords (external)
78c6: TEST Reg EAX, Reg EAX 2
78c8: JE 7984 (resolved immediate)
  |
  `- 78ce,7984
78ce: LEA Reg R14, Address (SizeDir 64 (AddrPlus (FromReg RSP) (AddrImm 28))) 5
78d3: LEA Reg R13, Address (SizeDir 64 (AddrPlus (FromReg RSP) (AddrImm 24))) 5
78d8: LEA Reg R12, Address (SizeDir 64 (AddrPlus (FromReg RSP) (AddrImm 20))) 5
78dd: LEA Reg RBP, Address (SizeDir 64 (AddrPlus (FromReg RSP) (AddrImm 16))) 5
78e2: LEA Reg RDI, Address (SizeDir 64 (AddrPlus (FromReg RSP) (AddrImm 32))) 5
78e7: MOV Reg R8, Reg R14 3
78ea: MOV Reg RCX, Reg R13 3
78ed: MOV Reg RDX, Reg R12 3
78f0: MOV Reg RSI, Reg RBP 3
78f3: CALL next_bdf (internal)
  |
  `- 76a1
78f8: MOV Reg EBX, Reg EAX 2
78fa: TEST Reg EAX, Reg EAX 2
78fc: JE 7952 (resolved immediate)
78fe: MOV Reg EBX, Address (SizeDir 32 (AddrPlus (FromReg RSP) (AddrImm 28))) 4
7902: AND Reg EBX, Immediate 7 3
7905: MOV Reg EAX, Address (SizeDir 32 (AddrPlus (FromReg RSP) (AddrImm 16))) 4
7909: SHL Reg EAX, Immediate 16 3
790c: OR Reg EBX, Reg EAX 2
790e: MOV Reg EAX, Address (SizeDir 32 (AddrPlus (FromReg RSP) (AddrImm 20))) 4
7912: SHL Reg EAX, Immediate 8 3
7915: MOVZX Reg EAX, Reg AX 3
7918: OR Reg EAX, Reg EBX 2
791a: MOV Reg ECX, Address (SizeDir 32 (AddrPlus (FromReg RSP) (AddrImm 24))) 4
791e: LEA Reg EBX, Address (SizeDir 32 (AddrTimes (AddrImm 8) (FromReg RCX))) 7
7925: MOVZX Reg EBX, Reg BL 3
7928: OR Reg EBX, Reg EAX 2
792a: MOV Reg RDI, Address (SizeDir 64 (AddrPlus (FromReg R15) (AddrImm 16))) 4
792e: MOV Reg ECX, Immediate 0 5
7933: MOV Reg EDX, Reg EBX 2
7935: MOV Reg ESI, Address (SizeDir 32 (AddrPlus (FromReg RSP) (AddrImm 12))) 4
7939: CALL xc_assign_device (external)
793e: TEST Reg EAX, Reg EAX 2
7940: JE 78e2 (resolved immediate)
7942: CALL __errno_location (external)
7947: CMP Address (SizeDir 32 (FromReg RAX)), Immediate 38 3
794a: MOV Reg EAX, Immediate 4294967295 5
794f: CMOVE Reg EBX, Reg EAX 3
7952: MOV Reg ESI, Reg EBX 2
7954: LEA Reg RDI, Address (SizeDir 64 (AddrPlus (FromReg RIP) (AddrImm 6380))) 7
795b: MOV Reg EAX, Immediate 0 5
7960: CALL Py_BuildValue (external)
7965: MOV Reg RDX, Address (SizeDir 64 (AddrPlus (FromReg RSP) (AddrImm 40))) 5
796a: XOR Reg RDX, Address (SizeDir 64 (AddrPlus (FromReg FS) (AddrImm 40))) 9
7973: JNE 798b (resolved immediate)
  |
  `- 7975,798b
7975: ADD Reg RSP, Immediate 56 4
7979: POP Reg RBX 1
797a: POP Reg RBP 1
797b: POP Reg R12 2
797d: POP Reg R13 2
797f: POP Reg R14 2
7981: POP Reg R15 2
7983: RET  1
  |
  `- 
7984: MOV Reg EAX, Immediate 0 5
7989: JMP 7965 (resolved immediate)
  |
  `- 7965
798b: CALL __stack_chk_fail (external)
  |
  `- 
