Number of assembly instructions     = 189
Number of indirect branches         = 1
Number of unresolved indirect jumps = 0: 
Number of unresolved indirect calls = 1: 4b52
Number of symbolic states (representative of non-determinism): 189
Number of edges: 199

4ac7 (True): 8bfc
8b23 (False): 0

4ac7: PUSH Reg RBP 1
4ac8: PUSH Reg RBX 1
4ac9: SUB Reg RSP, Immediate 8 4
4acd: MOV Reg RBP, Reg RDI 3
4ad0: TEST Reg RDI, Reg RDI 3
4ad3: JZ 4b64 (resolved immediate)
  |
  `- 4ad9,4b64
4ad9: CALL xc_get_last_error (external)
4ade: MOV Reg RBX, Reg RAX 3
4ae1: MOV Reg EDI, Address (SizeDir 32 (FromReg RBX)) 2
4ae3: CALL xc_error_code_to_desc (external)
4ae8: MOV Reg ESI, Address (SizeDir 32 (FromReg RBX)) 2
4aea: TEST Reg ESI, Reg ESI 2
4aec: JZ 4bb0 (resolved immediate)
  |
  `- 4af2,4bb0
4af2: CMP Address (SizeDir 8 (AddrPlus (FromReg RBX) (AddrImm 4))), Immediate 0 4
4af6: JZ 4bc1 (resolved immediate)
  |
  `- 4afc,4bc1
4afc: LEA Reg RCX, Address (AddrPlus (FromReg RBX) (AddrImm 4)) 4
4b00: MOV Reg RDX, Reg RAX 3
4b03: LEA Reg RDI, Address (AddrPlus (FromReg RIP) (AddrImm 17259)) 7
4b0a: MOV Reg EAX, Immediate 0 5
4b0f: CALL Py_BuildValue (external)
4b14: MOV Reg RBX, Reg RAX 3
4b17: TEST Reg RBP, Reg RBP 3
4b1a: JZ 4b24 (resolved immediate)
  |
  `- 4b1c,4b24
4b1c: MOV Reg RDI, Reg RBP 3
4b1f: CALL xc_clear_last_error (external)
4b24: TEST Reg RBX, Reg RBX 3
4b27: JZ 4b5a (resolved immediate)
  |
  `- 4b29,4b5a
4b29: MOV Reg RSI, Reg RBX 3
4b2c: MOV Reg RDI, Address (SizeDir 64 (AddrPlus (FromReg RIP) (AddrImm 2145429))) 7
4b33: CALL PyErr_SetObject (external)
4b38: MOV Reg RAX, Address (SizeDir 64 (FromReg RBX)) 3
4b3b: SUB Reg RAX, Immediate 1 4
4b3f: MOV Address (SizeDir 64 (FromReg RBX)), Reg RAX 3
4b42: TEST Reg RAX, Reg RAX 3
4b45: JNZ 4bdd (resolved immediate)
  |
  `- 4b4b,4bdd
4b4b: MOV Reg RAX, Address (SizeDir 64 (AddrPlus (FromReg RBX) (AddrImm 8))) 4
4b4f: MOV Reg RDI, Reg RBX 3
4b52: CALL Address (SizeDir 64 (AddrPlus (FromReg RAX) (AddrImm 48))) 3
4b55: MOV Reg EBX, Immediate 0 5
4b5a: MOV Reg RAX, Reg RBX 3
4b5d: ADD Reg RSP, Immediate 8 4
4b61: POP Reg RBX 1
4b62: POP Reg RBP 1
4b63: RET  1
  |
  `- 
4b64: CALL __errno_location (external)
4b69: MOV Reg EDI, Address (SizeDir 32 (FromReg RAX)) 2
4b6b: CALL strerror (external)
4b70: MOV Reg R9, Reg RAX 3
4b73: LEA Reg R8, Address (AddrPlus (FromReg RIP) (AddrImm 17118)) 7
4b7a: MOV Reg ECX, Immediate 1024 5
4b7f: MOV Reg EDX, Immediate 1 5
4b84: MOV Reg ESI, Immediate 1024 5
4b89: LEA Reg RDI, Address (AddrPlus (FromReg RIP) (AddrImm 2144244)) 7
4b90: MOV Reg EAX, Immediate 0 5
4b95: CALL __snprintf_chk (external)
4b9a: MOV Address (SizeDir 32 (AddrPlus (FromReg RIP) (AddrImm 2144220))), Immediate 1 10
4ba4: LEA Reg RBX, Address (AddrPlus (FromReg RIP) (AddrImm 2144213)) 7
4bab: JMP 4ae1 (resolved immediate)
  |
  `- 4ae1
4bb0: MOV Reg RDI, Address (SizeDir 64 (AddrPlus (FromReg RIP) (AddrImm 2145297))) 7
4bb7: CALL PyErr_SetFromErrno (external)
4bbc: MOV Reg RBX, Reg RAX 3
4bbf: JMP 4b5a (resolved immediate)
  |
  `- 4b5a
4bc1: MOV Reg RDX, Reg RAX 3
4bc4: LEA Reg RDI, Address (AddrPlus (FromReg RIP) (AddrImm 17072)) 7
4bcb: MOV Reg EAX, Immediate 0 5
4bd0: CALL Py_BuildValue (external)
4bd5: MOV Reg RBX, Reg RAX 3
4bd8: JMP 4b17 (resolved immediate)
  |
  `- 4b17
4bdd: MOV Reg EBX, Immediate 0 5
4be2: JMP 4b5a (resolved immediate)
  |
  `- 4b5a
8b23: PUSH Reg R13 2
8b25: PUSH Reg R12 2
8b27: PUSH Reg RBP 1
8b28: PUSH Reg RBX 1
8b29: SUB Reg RSP, Immediate 392 7
8b30: MOV Reg RBX, Reg RDI 3
8b33: MOV Reg RAX, Address (SizeDir 64 (AddrPlus (FromReg FS) (AddrImm 40))) 9
8b3c: MOV Address (SizeDir 64 (AddrPlus (FromReg RSP) (AddrImm 376))), Reg RAX 8
8b44: XOR Reg EAX, Reg EAX 2
8b46: MOV Reg RSI, Reg RSP 3
8b49: MOV Reg RDI, Address (SizeDir 64 (AddrPlus (FromReg RDI) (AddrImm 16))) 4
8b4d: CALL xc_physinfo (external)
8b52: TEST Reg EAX, Reg EAX 2
8b54: JNZ 8bf3 (resolved immediate)
  |
  `- 8b5a,8bf3
8b5a: MOV Address (SizeDir 8 (AddrPlus (FromReg RSP) (AddrImm 112))), Immediate 0 5
8b5f: MOV Reg RBX, Reg RSP 3
8b62: LEA Reg R13, Address (AddrPlus (FromReg RBX) (AddrImm 32)) 4
8b66: LEA Reg RBP, Address (AddrPlus (FromReg RSP) (AddrImm 112)) 5
8b6b: LEA Reg R12, Address (AddrPlus (FromReg RIP) (AddrImm 1429)) 7
8b72: MOV Reg R8D, Address (SizeDir 32 (AddrPlus (FromReg RBX) (AddrImm 72))) 4
8b76: MOV Reg RCX, Reg R12 3
8b79: MOV Reg RDX, Immediate 18446744073709551615 7
8b80: MOV Reg ESI, Immediate 1 5
8b85: MOV Reg RDI, Reg RBP 3
8b88: MOV Reg EAX, Immediate 0 5
8b8d: CALL __sprintf_chk (external)
8b92: ADD Reg RBP, Immediate 9 4
8b96: ADD Reg RBX, Immediate 4 4
8b9a: CMP Reg R13, Reg RBX 3
8b9d: JNZ 8b72 (resolved immediate)
  |
  `- 8b72,8b9f
8b9f: MOV Address (SizeDir 8 (AddrMinus (FromReg RBP) (AddrImm 1))), Immediate 0 4
8ba3: MOV Address (SizeDir 8 (AddrPlus (FromReg RSP) (AddrImm 240))), Immediate 0 8
8bab: TEST Address (SizeDir 8 (AddrPlus (FromReg RSP) (AddrImm 28))), Immediate 1 5
8bb0: JNZ 8c01 (resolved immediate)
  |
  `- 8bb2,8c01
8bb2: LEA Reg RBX, Address (AddrPlus (FromReg RSP) (AddrImm 240)) 8
8bba: TEST Address (SizeDir 8 (AddrPlus (FromReg RSP) (AddrImm 28))), Immediate 2 5
8bbf: JZ 8c4d (resolved immediate)
  |
  `- 8bc5,8c4d
8bc5: LEA Reg R8, Address (AddrPlus (FromReg RIP) (AddrImm 1349)) 7
8bcc: LEA Reg RCX, Address (AddrPlus (FromReg RIP) (AddrImm 1338)) 7
8bd3: MOV Reg RDX, Immediate 18446744073709551615 7
8bda: MOV Reg ESI, Immediate 1 5
8bdf: MOV Reg RDI, Reg RBX 3
8be2: MOV Reg EAX, Immediate 0 5
8be7: CALL __sprintf_chk (external)
8bec: CDQE  2
8bee: ADD Reg RBX, Reg RAX 3
8bf1: JMP 8c3c (resolved immediate)
  |
  `- 8c3c
8bf3: MOV Reg RDI, Address (SizeDir 64 (AddrPlus (FromReg RBX) (AddrImm 16))) 4
8bf7: CALL pyxc_error_to_exception (internal)
  |
  `- 4ac7
8bfc: JMP 8d01 (resolved immediate)
  |
  `- 8d01
8c01: LEA Reg RBX, Address (AddrPlus (FromReg RSP) (AddrImm 240)) 8
8c09: LEA Reg R8, Address (AddrPlus (FromReg RIP) (AddrImm 1254)) 7
8c10: LEA Reg RCX, Address (AddrPlus (FromReg RIP) (AddrImm 1270)) 7
8c17: MOV Reg RDX, Immediate 18446744073709551615 7
8c1e: MOV Reg ESI, Immediate 1 5
8c23: MOV Reg RDI, Reg RBX 3
8c26: MOV Reg EAX, Immediate 0 5
8c2b: CALL __sprintf_chk (external)
8c30: CDQE  2
8c32: ADD Reg RBX, Reg RAX 3
8c35: TEST Address (SizeDir 8 (AddrPlus (FromReg RSP) (AddrImm 28))), Immediate 2 5
8c3a: JNZ 8bc5 (resolved immediate)
  |
  `- 8bc5,8c3c
8c3c: LEA Reg RAX, Address (AddrPlus (FromReg RSP) (AddrImm 240)) 8
8c44: CMP Reg RBX, Reg RAX 3
8c47: JZ 8c4d (resolved immediate)
  |
  `- 8c49,8c4d
8c49: MOV Address (SizeDir 8 (AddrMinus (FromReg RBX) (AddrImm 1))), Immediate 0 4
8c4d: SUB Reg RSP, Immediate 8 4
8c51: LEA Reg RAX, Address (AddrPlus (FromReg RSP) (AddrImm 248)) 8
8c59: PUSH Reg RAX 1
8c5a: LEA Reg RAX, Address (AddrPlus (FromReg RIP) (AddrImm 1256)) 7
8c61: PUSH Reg RAX 1
8c62: LEA Reg RAX, Address (AddrPlus (FromReg RSP) (AddrImm 136)) 8
8c6a: PUSH Reg RAX 1
8c6b: LEA Reg RAX, Address (AddrPlus (FromReg RIP) (AddrImm 1249)) 7
8c72: PUSH Reg RAX 1
8c73: MOV Reg EAX, Address (SizeDir 32 (AddrPlus (FromReg RSP) (AddrImm 64))) 4
8c77: PUSH Reg RAX 1
8c78: LEA Reg RAX, Address (AddrPlus (FromReg RIP) (AddrImm 1244)) 7
8c7f: PUSH Reg RAX 1
8c80: MOV Reg RAX, Address (SizeDir 64 (AddrPlus (FromReg RSP) (AddrImm 104))) 5
8c85: SHL Reg RAX, Immediate 2 4
8c89: PUSH Reg RAX 1
8c8a: LEA Reg RAX, Address (AddrPlus (FromReg RIP) (AddrImm 1234)) 7
8c91: PUSH Reg RAX 1
8c92: MOV Reg RAX, Address (SizeDir 64 (AddrPlus (FromReg RSP) (AddrImm 112))) 5
8c97: SHL Reg RAX, Immediate 2 4
8c9b: PUSH Reg RAX 1
8c9c: LEA Reg RAX, Address (AddrPlus (FromReg RIP) (AddrImm 1229)) 7
8ca3: PUSH Reg RAX 1
8ca4: MOV Reg RAX, Address (SizeDir 64 (AddrPlus (FromReg RSP) (AddrImm 120))) 5
8ca9: SHL Reg RAX, Immediate 2 4
8cad: PUSH Reg RAX 1
8cae: LEA Reg RAX, Address (AddrPlus (FromReg RIP) (AddrImm 1223)) 7
8cb5: PUSH Reg RAX 1
8cb6: MOV Reg EAX, Address (SizeDir 32 (AddrPlus (FromReg RSP) (AddrImm 112))) 4
8cba: PUSH Reg RAX 1
8cbb: LEA Reg RAX, Address (AddrPlus (FromReg RIP) (AddrImm 1223)) 7
8cc2: PUSH Reg RAX 1
8cc3: MOV Reg EAX, Address (SizeDir 32 (AddrPlus (FromReg RSP) (AddrImm 124))) 4
8cc7: PUSH Reg RAX 1
8cc8: LEA Reg R9, Address (AddrPlus (FromReg RIP) (AddrImm 1103)) 7
8ccf: MOV Reg R8D, Address (SizeDir 32 (AddrPlus (FromReg RSP) (AddrImm 128))) 8
8cd7: LEA Reg RCX, Address (AddrPlus (FromReg RIP) (AddrImm 1105)) 7
8cde: MOV Reg EDX, Address (SizeDir 32 (AddrPlus (FromReg RSP) (AddrImm 144))) 7
8ce5: LEA Reg RSI, Address (AddrPlus (FromReg RIP) (AddrImm 1108)) 7
8cec: LEA Reg RDI, Address (AddrPlus (FromReg RIP) (AddrImm 2933)) 7
8cf3: MOV Reg EAX, Immediate 0 5
8cf8: CALL Py_BuildValue (external)
8cfd: SUB Reg RSP, Immediate 18446744073709551488 4
8d01: MOV Reg RDX, Address (SizeDir 64 (AddrPlus (FromReg RSP) (AddrImm 376))) 8
8d09: XOR Reg RDX, Address (SizeDir 64 (AddrPlus (FromReg FS) (AddrImm 40))) 9
8d12: JNZ 8d22 (resolved immediate)
  |
  `- 8d14,8d22
8d14: ADD Reg RSP, Immediate 392 7
8d1b: POP Reg RBX 1
8d1c: POP Reg RBP 1
8d1d: POP Reg R12 2
8d1f: POP Reg R13 2
8d21: RET  1
  |
  `- 
8d22: CALL __stack_chk_fail (external)
  |
  `- 
