Number of assembly instructions     = 119
Number of indirect branches         = 1
Number of unresolved indirect jumps = 0: 
Number of unresolved indirect calls = 1: 4b52
Number of symbolic states (representative of non-determinism): 119
Number of edges: 122

4ac7 (True): 7e8d
7dc9 (False): 0

4ac7: PUSH Reg RBP 1
4ac8: PUSH Reg RBX 1
4ac9: SUB Reg RSP, Immediate 8 4
4acd: MOV Reg RBP, Reg RDI 3
4ad0: TEST Reg RDI, Reg RDI 3
4ad3: JE 4b64 (resolved immediate)
  |
  `- 4ad9,4b64
4ad9: CALL xc_get_last_error (external)
4ade: MOV Reg RBX, Reg RAX 3
4ae1: MOV Reg EDI, Address (SizeDir 32 (FromReg RBX)) 2
4ae3: CALL xc_error_code_to_desc (external)
4ae8: MOV Reg ESI, Address (SizeDir 32 (FromReg RBX)) 2
4aea: TEST Reg ESI, Reg ESI 2
4aec: JE 4bb0 (resolved immediate)
  |
  `- 4af2,4bb0
4af2: CMP Address (SizeDir 8 (AddrPlus (FromReg RBX) (AddrImm 4))), Immediate 0 4
4af6: JE 4bc1 (resolved immediate)
  |
  `- 4afc,4bc1
4afc: LEA Reg RCX, Address (SizeDir 64 (AddrPlus (FromReg RBX) (AddrImm 4))) 4
4b00: MOV Reg RDX, Reg RAX 3
4b03: LEA Reg RDI, Address (SizeDir 64 (AddrPlus (FromReg RIP) (AddrImm 17259))) 7
4b0a: MOV Reg EAX, Immediate 0 5
4b0f: CALL Py_BuildValue (external)
4b14: MOV Reg RBX, Reg RAX 3
4b17: TEST Reg RBP, Reg RBP 3
4b1a: JE 4b24 (resolved immediate)
4b1c: MOV Reg RDI, Reg RBP 3
4b1f: CALL xc_clear_last_error (external)
4b24: TEST Reg RBX, Reg RBX 3
4b27: JE 4b5a (resolved immediate)
  |
  `- 4b29,4b5a
4b29: MOV Reg RSI, Reg RBX 3
4b2c: MOV Reg RDI, Address (SizeDir 64 (AddrPlus (FromReg RIP) (AddrImm 2145429))) 7
4b33: CALL PyErr_SetObject (external)
4b38: MOV Reg RAX, Address (SizeDir 64 (FromReg RBX)) 3
4b3b: SUB Reg RAX, Immediate 1 4
4b3f: MOV Address (SizeDir 64 (FromReg RBX)), Reg RAX 3
4b42: TEST Reg RAX, Reg RAX 3
4b45: JNE 4bdd (resolved immediate)
  |
  `- 4b4b,4bdd
4b4b: MOV Reg RAX, Address (SizeDir 64 (AddrPlus (FromReg RBX) (AddrImm 8))) 4
4b4f: MOV Reg RDI, Reg RBX 3
4b52: CALL Address (SizeDir 64 (AddrPlus (FromReg RAX) (AddrImm 48))) 3
4b55: MOV Reg EBX, Immediate 0 5
4b5a: MOV Reg RAX, Reg RBX 3
4b5d: ADD Reg RSP, Immediate 8 4
4b61: POP Reg RBX 1
4b62: POP Reg RBP 1
4b63: RET  1
  |
  `- 
4b64: CALL __errno_location (external)
4b69: MOV Reg EDI, Address (SizeDir 32 (FromReg RAX)) 2
4b6b: CALL strerror (external)
4b70: MOV Reg R9, Reg RAX 3
4b73: LEA Reg R8, Address (SizeDir 64 (AddrPlus (FromReg RIP) (AddrImm 17118))) 7
4b7a: MOV Reg ECX, Immediate 1024 5
4b7f: MOV Reg EDX, Immediate 1 5
4b84: MOV Reg ESI, Immediate 1024 5
4b89: LEA Reg RDI, Address (SizeDir 64 (AddrPlus (FromReg RIP) (AddrImm 2144244))) 7
4b90: MOV Reg EAX, Immediate 0 5
4b95: CALL __snprintf_chk (external)
4b9a: MOV Address (SizeDir 32 (AddrPlus (FromReg RIP) (AddrImm 2144220))), Immediate 1 10
4ba4: LEA Reg RBX, Address (SizeDir 64 (AddrPlus (FromReg RIP) (AddrImm 2144213))) 7
  |
  `- 
4bb0: MOV Reg RDI, Address (SizeDir 64 (AddrPlus (FromReg RIP) (AddrImm 2145297))) 7
4bb7: CALL PyErr_SetFromErrno (external)
4bbc: MOV Reg RBX, Reg RAX 3
4bbf: JMP 4b5a (resolved immediate)
  |
  `- 4b5a
4bc1: MOV Reg RDX, Reg RAX 3
4bc4: LEA Reg RDI, Address (SizeDir 64 (AddrPlus (FromReg RIP) (AddrImm 17072))) 7
4bcb: MOV Reg EAX, Immediate 0 5
4bd0: CALL Py_BuildValue (external)
4bd5: MOV Reg RBX, Reg RAX 3
4bd8: JMP 4b17 (resolved immediate)
  |
  `- 4b17
4bdd: MOV Reg EBX, Immediate 0 5
4be2: JMP 4b5a (resolved immediate)
  |
  `- 4b5a
7dc9: PUSH Reg RBX 1
7dca: SUB Reg RSP, Immediate 56 4
7dce: MOV Reg RBX, Reg RDI 3
7dd1: MOV Reg RDI, Reg RSI 3
7dd4: MOV Reg RSI, Reg RDX 3
7dd7: MOV Reg RAX, Address (SizeDir 64 (AddrPlus (FromReg FS) (AddrImm 40))) 9
7de0: MOV Address (SizeDir 64 (AddrPlus (FromReg RSP) (AddrImm 48))), Reg RAX 5
7de5: XOR Reg EAX, Reg EAX 2
7de7: MOV Address (SizeDir 64 (AddrPlus (FromReg RSP) (AddrImm 32))), Immediate 0 9
7df0: MOV Address (SizeDir 64 (AddrPlus (FromReg RSP) (AddrImm 40))), Immediate 0 9
7df9: LEA Reg RAX, Address (SizeDir 64 (AddrPlus (FromReg RSP) (AddrImm 28))) 5
7dfe: PUSH Reg RAX 1
7dff: LEA Reg RAX, Address (SizeDir 64 (AddrPlus (FromReg RSP) (AddrImm 32))) 5
7e04: PUSH Reg RAX 1
7e05: LEA Reg RAX, Address (SizeDir 64 (AddrPlus (FromReg RSP) (AddrImm 48))) 5
7e0a: PUSH Reg RAX 1
7e0b: LEA Reg R9, Address (SizeDir 64 (AddrPlus (FromReg RSP) (AddrImm 64))) 5
7e10: LEA Reg R8, Address (SizeDir 64 (AddrPlus (FromReg RSP) (AddrImm 44))) 5
7e15: LEA Reg RCX, Address (SizeDir 64 (AddrPlus (FromReg RIP) (AddrImm 2127428))) 7
7e1c: LEA Reg RDX, Address (SizeDir 64 (AddrPlus (FromReg RIP) (AddrImm 4624))) 7
7e23: MOV Reg EAX, Immediate 0 5
7e28: CALL PyArg_ParseTupleAndKeywords (external)
7e2d: ADD Reg RSP, Immediate 32 4
7e31: TEST Reg EAX, Reg EAX 2
7e33: JE 7e8f (resolved immediate)
  |
  `- 7e35,7e8f
7e35: MOV Reg RDI, Address (SizeDir 64 (AddrPlus (FromReg RBX) (AddrImm 16))) 4
7e39: SUB Reg RSP, Immediate 8 4
7e3d: MOV Reg EAX, Address (SizeDir 32 (AddrPlus (FromReg RSP) (AddrImm 28))) 4
7e41: PUSH Reg RAX 1
7e42: MOV Reg R9D, Address (SizeDir 32 (AddrPlus (FromReg RSP) (AddrImm 32))) 5
7e47: MOV Reg R8, Address (SizeDir 64 (AddrPlus (FromReg RSP) (AddrImm 40))) 5
7e4c: MOV Reg RCX, Address (SizeDir 64 (AddrPlus (FromReg RSP) (AddrImm 48))) 5
7e51: MOV Reg EDX, Immediate 1 5
7e56: MOV Reg ESI, Address (SizeDir 32 (AddrPlus (FromReg RSP) (AddrImm 28))) 4
7e5a: CALL xc_dom_gnttab_seed (external)
7e5f: ADD Reg RSP, Immediate 16 4
7e63: TEST Reg EAX, Reg EAX 2
7e65: JNE 7e84 (resolved immediate)
  |
  `- 7e84
7e6e: MOV Reg RCX, Address (SizeDir 64 (AddrPlus (FromReg RSP) (AddrImm 40))) 5
7e73: XOR Reg RCX, Address (SizeDir 64 (AddrPlus (FromReg FS) (AddrImm 40))) 9
7e7c: JNE 7e96 (resolved immediate)
  |
  `- 7e7e,7e96
7e7e: ADD Reg RSP, Immediate 48 4
7e82: POP Reg RBX 1
7e83: RET  1
  |
  `- 
7e84: MOV Reg RDI, Address (SizeDir 64 (AddrPlus (FromReg RBX) (AddrImm 16))) 4
7e88: CALL pyxc_error_to_exception (internal)
  |
  `- 4ac7
7e8d: JMP 7e6e (resolved immediate)
  |
  `- 7e6e
7e8f: MOV Reg EAX, Immediate 0 5
7e94: JMP 7e6e (resolved immediate)
  |
  `- 7e6e
7e96: CALL __stack_chk_fail (external)
  |
  `- 
