Number of assembly instructions     = 115
Number of indirect branches         = 1
Number of unresolved indirect jumps = 0: 
Number of unresolved indirect calls = 1: 4b52
Number of symbolic states (representative of non-determinism): 115
Number of edges: 121

4ac7 (True): 760a
755a (False): 0

4ac7: PUSH Reg RBP 1
4ac8: PUSH Reg RBX 1
4ac9: SUB Reg RSP, Immediate 8 4
4acd: MOV Reg RBP, Reg RDI 3
4ad0: TEST Reg RDI, Reg RDI 3
4ad3: JZ 4b64 (resolved immediate)
  |
  `- 4ad9,4b64
4ad9: CALL xc_get_last_error (external)
4ade: MOV Reg RBX, Reg RAX 3
4ae1: MOV Reg EDI, Address (SizeDir 32 (FromReg RBX)) 2
4ae3: CALL xc_error_code_to_desc (external)
4ae8: MOV Reg ESI, Address (SizeDir 32 (FromReg RBX)) 2
4aea: TEST Reg ESI, Reg ESI 2
4aec: JZ 4bb0 (resolved immediate)
  |
  `- 4af2,4bb0
4af2: CMP Address (SizeDir 8 (AddrPlus (FromReg RBX) (AddrImm 4))), Immediate 0 4
4af6: JZ 4bc1 (resolved immediate)
  |
  `- 4afc,4bc1
4afc: LEA Reg RCX, Address (AddrPlus (FromReg RBX) (AddrImm 4)) 4
4b00: MOV Reg RDX, Reg RAX 3
4b03: LEA Reg RDI, Address (AddrPlus (FromReg RIP) (AddrImm 17259)) 7
4b0a: MOV Reg EAX, Immediate 0 5
4b0f: CALL Py_BuildValue (external)
4b14: MOV Reg RBX, Reg RAX 3
4b17: TEST Reg RBP, Reg RBP 3
4b1a: JZ 4b24 (resolved immediate)
  |
  `- 4b1c,4b24
4b1c: MOV Reg RDI, Reg RBP 3
4b1f: CALL xc_clear_last_error (external)
4b24: TEST Reg RBX, Reg RBX 3
4b27: JZ 4b5a (resolved immediate)
  |
  `- 4b29,4b5a
4b29: MOV Reg RSI, Reg RBX 3
4b2c: MOV Reg RDI, Address (SizeDir 64 (AddrPlus (FromReg RIP) (AddrImm 2145429))) 7
4b33: CALL PyErr_SetObject (external)
4b38: MOV Reg RAX, Address (SizeDir 64 (FromReg RBX)) 3
4b3b: SUB Reg RAX, Immediate 1 4
4b3f: MOV Address (SizeDir 64 (FromReg RBX)), Reg RAX 3
4b42: TEST Reg RAX, Reg RAX 3
4b45: JNZ 4bdd (resolved immediate)
  |
  `- 4b4b,4bdd
4b4b: MOV Reg RAX, Address (SizeDir 64 (AddrPlus (FromReg RBX) (AddrImm 8))) 4
4b4f: MOV Reg RDI, Reg RBX 3
4b52: CALL Address (SizeDir 64 (AddrPlus (FromReg RAX) (AddrImm 48))) 3
4b55: MOV Reg EBX, Immediate 0 5
4b5a: MOV Reg RAX, Reg RBX 3
4b5d: ADD Reg RSP, Immediate 8 4
4b61: POP Reg RBX 1
4b62: POP Reg RBP 1
4b63: RET  1
  |
  `- 
4b64: CALL __errno_location (external)
4b69: MOV Reg EDI, Address (SizeDir 32 (FromReg RAX)) 2
4b6b: CALL strerror (external)
4b70: MOV Reg R9, Reg RAX 3
4b73: LEA Reg R8, Address (AddrPlus (FromReg RIP) (AddrImm 17118)) 7
4b7a: MOV Reg ECX, Immediate 1024 5
4b7f: MOV Reg EDX, Immediate 1 5
4b84: MOV Reg ESI, Immediate 1024 5
4b89: LEA Reg RDI, Address (AddrPlus (FromReg RIP) (AddrImm 2144244)) 7
4b90: MOV Reg EAX, Immediate 0 5
4b95: CALL __snprintf_chk (external)
4b9a: MOV Address (SizeDir 32 (AddrPlus (FromReg RIP) (AddrImm 2144220))), Immediate 1 10
4ba4: LEA Reg RBX, Address (AddrPlus (FromReg RIP) (AddrImm 2144213)) 7
4bab: JMP 4ae1 (resolved immediate)
  |
  `- 4ae1
4bb0: MOV Reg RDI, Address (SizeDir 64 (AddrPlus (FromReg RIP) (AddrImm 2145297))) 7
4bb7: CALL PyErr_SetFromErrno (external)
4bbc: MOV Reg RBX, Reg RAX 3
4bbf: JMP 4b5a (resolved immediate)
  |
  `- 4b5a
4bc1: MOV Reg RDX, Reg RAX 3
4bc4: LEA Reg RDI, Address (AddrPlus (FromReg RIP) (AddrImm 17072)) 7
4bcb: MOV Reg EAX, Immediate 0 5
4bd0: CALL Py_BuildValue (external)
4bd5: MOV Reg RBX, Reg RAX 3
4bd8: JMP 4b17 (resolved immediate)
  |
  `- 4b17
4bdd: MOV Reg EBX, Immediate 0 5
4be2: JMP 4b5a (resolved immediate)
  |
  `- 4b5a
755a: PUSH Reg RBX 1
755b: SUB Reg RSP, Immediate 40 4
755f: MOV Reg RBX, Reg RDI 3
7562: MOV Reg RDI, Reg RSI 3
7565: MOV Reg RSI, Reg RDX 3
7568: MOV Reg RAX, Address (SizeDir 64 (AddrPlus (FromReg FS) (AddrImm 40))) 9
7571: MOV Address (SizeDir 64 (AddrPlus (FromReg RSP) (AddrImm 32))), Reg RAX 5
7576: XOR Reg EAX, Reg EAX 2
7578: MOV Address (SizeDir 16 (AddrPlus (FromReg RSP) (AddrImm 20))), Immediate 0 7
757f: MOV Address (SizeDir 16 (AddrPlus (FromReg RSP) (AddrImm 22))), Immediate 65535 7
7586: LEA Reg RAX, Address (AddrPlus (FromReg RSP) (AddrImm 22)) 5
758b: PUSH Reg RAX 1
758c: LEA Reg R9, Address (AddrPlus (FromReg RSP) (AddrImm 28)) 5
7591: LEA Reg R8, Address (AddrPlus (FromReg RSP) (AddrImm 32)) 5
7596: LEA Reg RCX, Address (AddrPlus (FromReg RIP) (AddrImm 2129827)) 7
759d: LEA Reg RDX, Address (AddrPlus (FromReg RIP) (AddrImm 2129412)) 7
75a4: MOV Reg EAX, Immediate 0 5
75a9: CALL PyArg_ParseTupleAndKeywords (external)
75ae: ADD Reg RSP, Immediate 16 4
75b2: TEST Reg EAX, Reg EAX 2
75b4: JZ 760c (resolved immediate)
  |
  `- 75b6,760c
75b6: MOVZX Reg EAX, Address (SizeDir 16 (AddrPlus (FromReg RSP) (AddrImm 12))) 5
75bb: MOV Address (SizeDir 16 (AddrPlus (FromReg RSP) (AddrImm 20))), Reg AX 5
75c0: MOVZX Reg EAX, Address (SizeDir 16 (AddrPlus (FromReg RSP) (AddrImm 14))) 5
75c5: MOV Address (SizeDir 16 (AddrPlus (FromReg RSP) (AddrImm 22))), Reg AX 5
75ca: LEA Reg RDX, Address (AddrPlus (FromReg RSP) (AddrImm 20)) 5
75cf: MOV Reg RDI, Address (SizeDir 64 (AddrPlus (FromReg RBX) (AddrImm 16))) 4
75d3: MOV Reg ESI, Address (SizeDir 32 (AddrPlus (FromReg RSP) (AddrImm 16))) 4
75d7: CALL xc_sched_credit_domain_set (external)
75dc: TEST Reg EAX, Reg EAX 2
75de: JNZ 7601 (resolved immediate)
  |
  `- 75e0,7601
75e0: MOV Reg RAX, Address (SizeDir 64 (AddrPlus (FromReg RIP) (AddrImm 2134489))) 7
75e7: ADD Address (SizeDir 64 (FromReg RAX)), Immediate 1 4
75eb: MOV Reg RCX, Address (SizeDir 64 (AddrPlus (FromReg RSP) (AddrImm 24))) 5
75f0: XOR Reg RCX, Address (SizeDir 64 (AddrPlus (FromReg FS) (AddrImm 40))) 9
75f9: JNZ 7613 (resolved immediate)
  |
  `- 75fb,7613
75fb: ADD Reg RSP, Immediate 32 4
75ff: POP Reg RBX 1
7600: RET  1
  |
  `- 
7601: MOV Reg RDI, Address (SizeDir 64 (AddrPlus (FromReg RBX) (AddrImm 16))) 4
7605: CALL pyxc_error_to_exception (internal)
  |
  `- 4ac7
760a: JMP 75eb (resolved immediate)
  |
  `- 75eb
760c: MOV Reg EAX, Immediate 0 5
7611: JMP 75eb (resolved immediate)
  |
  `- 75eb
7613: CALL __stack_chk_fail (external)
  |
  `- 
