Number of assembly instructions     = 143
Number of indirect branches         = 1
Number of unresolved indirect jumps = 0: 
Number of unresolved indirect calls = 1: 4b52
Number of symbolic states (representative of non-determinism): 143
Number of edges: 146

4ac7 (True): 860f, 863f, 86eb
851e (False): 0

4ac7: PUSH Reg RBP 1
4ac8: PUSH Reg RBX 1
4ac9: SUB Reg RSP, Immediate 8 4
4acd: MOV Reg RBP, Reg RDI 3
4ad0: TEST Reg RDI, Reg RDI 3
4ad3: JE 4b64 (resolved immediate)
  |
  `- 4ad9,4b64
4ad9: CALL xc_get_last_error (external)
4ade: MOV Reg RBX, Reg RAX 3
4ae1: MOV Reg EDI, Address (SizeDir 32 (FromReg RBX)) 2
4ae3: CALL xc_error_code_to_desc (external)
4ae8: MOV Reg ESI, Address (SizeDir 32 (FromReg RBX)) 2
4aea: TEST Reg ESI, Reg ESI 2
4aec: JE 4bb0 (resolved immediate)
  |
  `- 4af2,4bb0
4af2: CMP Address (SizeDir 8 (AddrPlus (FromReg RBX) (AddrImm 4))), Immediate 0 4
4af6: JE 4bc1 (resolved immediate)
  |
  `- 4afc,4bc1
4afc: LEA Reg RCX, Address (SizeDir 64 (AddrPlus (FromReg RBX) (AddrImm 4))) 4
4b00: MOV Reg RDX, Reg RAX 3
4b03: LEA Reg RDI, Address (SizeDir 64 (AddrPlus (FromReg RIP) (AddrImm 17259))) 7
4b0a: MOV Reg EAX, Immediate 0 5
4b0f: CALL Py_BuildValue (external)
4b14: MOV Reg RBX, Reg RAX 3
4b17: TEST Reg RBP, Reg RBP 3
4b1a: JE 4b24 (resolved immediate)
4b1c: MOV Reg RDI, Reg RBP 3
4b1f: CALL xc_clear_last_error (external)
4b24: TEST Reg RBX, Reg RBX 3
4b27: JE 4b5a (resolved immediate)
  |
  `- 4b29,4b5a
4b29: MOV Reg RSI, Reg RBX 3
4b2c: MOV Reg RDI, Address (SizeDir 64 (AddrPlus (FromReg RIP) (AddrImm 2145429))) 7
4b33: CALL PyErr_SetObject (external)
4b38: MOV Reg RAX, Address (SizeDir 64 (FromReg RBX)) 3
4b3b: SUB Reg RAX, Immediate 1 4
4b3f: MOV Address (SizeDir 64 (FromReg RBX)), Reg RAX 3
4b42: TEST Reg RAX, Reg RAX 3
4b45: JNE 4bdd (resolved immediate)
  |
  `- 4b4b,4bdd
4b4b: MOV Reg RAX, Address (SizeDir 64 (AddrPlus (FromReg RBX) (AddrImm 8))) 4
4b4f: MOV Reg RDI, Reg RBX 3
4b52: CALL Address (SizeDir 64 (AddrPlus (FromReg RAX) (AddrImm 48))) 3
4b55: MOV Reg EBX, Immediate 0 5
4b5a: MOV Reg RAX, Reg RBX 3
4b5d: ADD Reg RSP, Immediate 8 4
4b61: POP Reg RBX 1
4b62: POP Reg RBP 1
4b63: RET  1
  |
  `- 
4b64: CALL __errno_location (external)
4b69: MOV Reg EDI, Address (SizeDir 32 (FromReg RAX)) 2
4b6b: CALL strerror (external)
4b70: MOV Reg R9, Reg RAX 3
4b73: LEA Reg R8, Address (SizeDir 64 (AddrPlus (FromReg RIP) (AddrImm 17118))) 7
4b7a: MOV Reg ECX, Immediate 1024 5
4b7f: MOV Reg EDX, Immediate 1 5
4b84: MOV Reg ESI, Immediate 1024 5
4b89: LEA Reg RDI, Address (SizeDir 64 (AddrPlus (FromReg RIP) (AddrImm 2144244))) 7
4b90: MOV Reg EAX, Immediate 0 5
4b95: CALL __snprintf_chk (external)
4b9a: MOV Address (SizeDir 32 (AddrPlus (FromReg RIP) (AddrImm 2144220))), Immediate 1 10
4ba4: LEA Reg RBX, Address (SizeDir 64 (AddrPlus (FromReg RIP) (AddrImm 2144213))) 7
  |
  `- 
4bb0: MOV Reg RDI, Address (SizeDir 64 (AddrPlus (FromReg RIP) (AddrImm 2145297))) 7
4bb7: CALL PyErr_SetFromErrno (external)
4bbc: MOV Reg RBX, Reg RAX 3
4bbf: JMP 4b5a (resolved immediate)
  |
  `- 4b5a
4bc1: MOV Reg RDX, Reg RAX 3
4bc4: LEA Reg RDI, Address (SizeDir 64 (AddrPlus (FromReg RIP) (AddrImm 17072))) 7
4bcb: MOV Reg EAX, Immediate 0 5
4bd0: CALL Py_BuildValue (external)
4bd5: MOV Reg RBX, Reg RAX 3
4bd8: JMP 4b17 (resolved immediate)
  |
  `- 4b17
4bdd: MOV Reg EBX, Immediate 0 5
4be2: JMP 4b5a (resolved immediate)
  |
  `- 4b5a
851e: PUSH Reg R14 2
8520: PUSH Reg R13 2
8522: PUSH Reg R12 2
8524: PUSH Reg RBP 1
8525: PUSH Reg RBX 1
8526: SUB Reg RSP, Immediate 40 4
852a: MOV Reg R13, Reg RDI 3
852d: MOV Reg RDI, Reg RSI 3
8530: MOV Reg RSI, Reg RDX 3
8533: MOV Reg RAX, Address (SizeDir 64 (AddrPlus (FromReg FS) (AddrImm 40))) 9
853c: MOV Address (SizeDir 64 (AddrPlus (FromReg RSP) (AddrImm 32))), Reg RAX 5
8541: XOR Reg EAX, Reg EAX 2
8543: MOV Address (SizeDir 32 (AddrPlus (FromReg RSP) (AddrImm 20))), Immediate 0 8
854b: MOV Address (SizeDir 64 (AddrPlus (FromReg RSP) (AddrImm 24))), Immediate 0 9
8554: LEA Reg RAX, Address (SizeDir 64 (AddrPlus (FromReg RSP) (AddrImm 24))) 5
8559: PUSH Reg RAX 1
855a: LEA Reg R9, Address (SizeDir 64 (AddrPlus (FromReg RSP) (AddrImm 28))) 5
855f: LEA Reg R8, Address (SizeDir 64 (AddrPlus (FromReg RSP) (AddrImm 24))) 5
8564: LEA Reg RCX, Address (SizeDir 64 (AddrPlus (FromReg RIP) (AddrImm 2125461))) 7
856b: LEA Reg RDX, Address (SizeDir 64 (AddrPlus (FromReg RIP) (AddrImm 2952))) 7
8572: MOV Reg EAX, Immediate 0 5
8577: CALL PyArg_ParseTupleAndKeywords (external)
857c: ADD Reg RSP, Immediate 16 4
8580: TEST Reg EAX, Reg EAX 2
8582: JE 86f3 (resolved immediate)
  |
  `- 8588,86f3
8588: MOV Reg RDI, Address (SizeDir 64 (AddrPlus (FromReg R13) (AddrImm 16))) 4
858c: CALL xc_get_max_cpus (external)
8591: MOV Reg R12D, Reg EAX 3
8594: TEST Reg EAX, Reg EAX 2
8596: JS 8606 (resolved immediate)
  |
  `- 8598,8606
8598: MOV Reg RDI, Address (SizeDir 64 (AddrPlus (FromReg R13) (AddrImm 16))) 4
859c: CALL xc_cpumap_alloc (external)
85a1: MOV Reg RBX, Reg RAX 3
85a4: TEST Reg RAX, Reg RAX 3
85a7: JE 8636 (resolved immediate)
  |
  `- 85ad,8636
85ad: MOV Reg RAX, Address (SizeDir 64 (AddrPlus (FromReg RSP) (AddrImm 16))) 5
85b2: TEST Reg RAX, Reg RAX 3
85b5: JE 85c8 (resolved immediate)
  |
  `- 85c8
85c8: MOV Reg RDI, Address (SizeDir 64 (AddrPlus (FromReg R13) (AddrImm 16))) 4
85cc: MOV Reg R9D, Immediate 1 6
85d2: MOV Reg R8D, Immediate 0 6
85d8: MOV Reg RCX, Reg RBX 3
85db: MOV Reg EDX, Address (SizeDir 32 (AddrPlus (FromReg RSP) (AddrImm 12))) 4
85df: MOV Reg ESI, Address (SizeDir 32 (AddrPlus (FromReg RSP) (AddrImm 8))) 4
85e3: CALL xc_vcpu_setaffinity (external)
85e8: TEST Reg EAX, Reg EAX 2
85ea: JNE 86da (resolved immediate)
  |
  `- 86da
8606: MOV Reg RDI, Address (SizeDir 64 (AddrPlus (FromReg R13) (AddrImm 16))) 4
860a: CALL pyxc_error_to_exception (internal)
  |
  `- 4ac7
860f: MOV Reg RBP, Reg RAX 3
8612: MOV Reg RAX, Reg RBP 3
8615: MOV Reg RBX, Address (SizeDir 64 (AddrPlus (FromReg RSP) (AddrImm 24))) 5
861a: XOR Reg RBX, Address (SizeDir 64 (AddrPlus (FromReg FS) (AddrImm 40))) 9
8623: JNE 86fd (resolved immediate)
  |
  `- 8629,86fd
8629: ADD Reg RSP, Immediate 32 4
862d: POP Reg RBX 1
862e: POP Reg RBP 1
862f: POP Reg R12 2
8631: POP Reg R13 2
8633: POP Reg R14 2
8635: RET  1
  |
  `- 
8636: MOV Reg RDI, Address (SizeDir 64 (AddrPlus (FromReg R13) (AddrImm 16))) 4
863a: CALL pyxc_error_to_exception (internal)
  |
  `- 
863f: MOV Reg RBP, Reg RAX 3
8642: JMP 8612 (resolved immediate)
  |
  `- 8612
86da: MOV Reg RDI, Reg RBX 3
86dd: CALL free (external)
86e2: MOV Reg RDI, Address (SizeDir 64 (AddrPlus (FromReg R13) (AddrImm 16))) 4
86e6: CALL pyxc_error_to_exception (internal)
  |
  `- 
86eb: MOV Reg RBP, Reg RAX 3
86ee: JMP 8612 (resolved immediate)
  |
  `- 8612
86f3: MOV Reg EBP, Immediate 0 5
86f8: JMP 8612 (resolved immediate)
  |
  `- 8612
86fd: CALL __stack_chk_fail (external)
  |
  `- 
