Number of assembly instructions     = 292
Number of indirect branches         = 5
Number of unresolved indirect jumps = 0: 
Number of unresolved indirect calls = 5: 4b52, 820b, 822b, 8249, 8406
Number of symbolic states (representative of non-determinism): 292
Number of edges: 310

4ac7 (True): 81e7
80e0 (False): 0

4ac7: PUSH Reg RBP 1
4ac8: PUSH Reg RBX 1
4ac9: SUB Reg RSP, Immediate 8 4
4acd: MOV Reg RBP, Reg RDI 3
4ad0: TEST Reg RDI, Reg RDI 3
4ad3: JZ 4b64 (resolved immediate)
  |
  `- 4ad9,4b64
4ad9: CALL xc_get_last_error (external)
4ade: MOV Reg RBX, Reg RAX 3
4ae1: MOV Reg EDI, Address (SizeDir 32 (FromReg RBX)) 2
4ae3: CALL xc_error_code_to_desc (external)
4ae8: MOV Reg ESI, Address (SizeDir 32 (FromReg RBX)) 2
4aea: TEST Reg ESI, Reg ESI 2
4aec: JZ 4bb0 (resolved immediate)
  |
  `- 4af2,4bb0
4af2: CMP Address (SizeDir 8 (AddrPlus (FromReg RBX) (AddrImm 4))), Immediate 0 4
4af6: JZ 4bc1 (resolved immediate)
  |
  `- 4afc,4bc1
4afc: LEA Reg RCX, Address (AddrPlus (FromReg RBX) (AddrImm 4)) 4
4b00: MOV Reg RDX, Reg RAX 3
4b03: LEA Reg RDI, Address (AddrPlus (FromReg RIP) (AddrImm 17259)) 7
4b0a: MOV Reg EAX, Immediate 0 5
4b0f: CALL Py_BuildValue (external)
4b14: MOV Reg RBX, Reg RAX 3
4b17: TEST Reg RBP, Reg RBP 3
4b1a: JZ 4b24 (resolved immediate)
  |
  `- 4b1c,4b24
4b1c: MOV Reg RDI, Reg RBP 3
4b1f: CALL xc_clear_last_error (external)
4b24: TEST Reg RBX, Reg RBX 3
4b27: JZ 4b5a (resolved immediate)
  |
  `- 4b29,4b5a
4b29: MOV Reg RSI, Reg RBX 3
4b2c: MOV Reg RDI, Address (SizeDir 64 (AddrPlus (FromReg RIP) (AddrImm 2145429))) 7
4b33: CALL PyErr_SetObject (external)
4b38: MOV Reg RAX, Address (SizeDir 64 (FromReg RBX)) 3
4b3b: SUB Reg RAX, Immediate 1 4
4b3f: MOV Address (SizeDir 64 (FromReg RBX)), Reg RAX 3
4b42: TEST Reg RAX, Reg RAX 3
4b45: JNZ 4bdd (resolved immediate)
  |
  `- 4b4b,4bdd
4b4b: MOV Reg RAX, Address (SizeDir 64 (AddrPlus (FromReg RBX) (AddrImm 8))) 4
4b4f: MOV Reg RDI, Reg RBX 3
4b52: CALL Address (SizeDir 64 (AddrPlus (FromReg RAX) (AddrImm 48))) 3
4b55: MOV Reg EBX, Immediate 0 5
4b5a: MOV Reg RAX, Reg RBX 3
4b5d: ADD Reg RSP, Immediate 8 4
4b61: POP Reg RBX 1
4b62: POP Reg RBP 1
4b63: RET  1
  |
  `- 
4b64: CALL __errno_location (external)
4b69: MOV Reg EDI, Address (SizeDir 32 (FromReg RAX)) 2
4b6b: CALL strerror (external)
4b70: MOV Reg R9, Reg RAX 3
4b73: LEA Reg R8, Address (AddrPlus (FromReg RIP) (AddrImm 17118)) 7
4b7a: MOV Reg ECX, Immediate 1024 5
4b7f: MOV Reg EDX, Immediate 1 5
4b84: MOV Reg ESI, Immediate 1024 5
4b89: LEA Reg RDI, Address (AddrPlus (FromReg RIP) (AddrImm 2144244)) 7
4b90: MOV Reg EAX, Immediate 0 5
4b95: CALL __snprintf_chk (external)
4b9a: MOV Address (SizeDir 32 (AddrPlus (FromReg RIP) (AddrImm 2144220))), Immediate 1 10
4ba4: LEA Reg RBX, Address (AddrPlus (FromReg RIP) (AddrImm 2144213)) 7
4bab: JMP 4ae1 (resolved immediate)
  |
  `- 4ae1
4bb0: MOV Reg RDI, Address (SizeDir 64 (AddrPlus (FromReg RIP) (AddrImm 2145297))) 7
4bb7: CALL PyErr_SetFromErrno (external)
4bbc: MOV Reg RBX, Reg RAX 3
4bbf: JMP 4b5a (resolved immediate)
  |
  `- 4b5a
4bc1: MOV Reg RDX, Reg RAX 3
4bc4: LEA Reg RDI, Address (AddrPlus (FromReg RIP) (AddrImm 17072)) 7
4bcb: MOV Reg EAX, Immediate 0 5
4bd0: CALL Py_BuildValue (external)
4bd5: MOV Reg RBX, Reg RAX 3
4bd8: JMP 4b17 (resolved immediate)
  |
  `- 4b17
4bdd: MOV Reg EBX, Immediate 0 5
4be2: JMP 4b5a (resolved immediate)
  |
  `- 4b5a
80e0: PUSH Reg R15 2
80e2: PUSH Reg R14 2
80e4: PUSH Reg R13 2
80e6: PUSH Reg R12 2
80e8: PUSH Reg RBP 1
80e9: PUSH Reg RBX 1
80ea: SUB Reg RSP, Immediate 56 4
80ee: MOV Reg RBP, Reg RDI 3
80f1: MOV Reg RDI, Reg RSI 3
80f4: MOV Reg RSI, Reg RDX 3
80f7: MOV Reg RAX, Address (SizeDir 64 (AddrPlus (FromReg FS) (AddrImm 40))) 9
8100: MOV Address (SizeDir 64 (AddrPlus (FromReg RSP) (AddrImm 40))), Reg RAX 5
8105: XOR Reg EAX, Reg EAX 2
8107: MOV Address (SizeDir 32 (AddrPlus (FromReg RSP) (AddrImm 32))), Immediate 0 8
810f: MOV Address (SizeDir 32 (AddrPlus (FromReg RSP) (AddrImm 36))), Immediate 1024 8
8117: LEA Reg R9, Address (AddrPlus (FromReg RSP) (AddrImm 36)) 5
811c: LEA Reg R8, Address (AddrPlus (FromReg RSP) (AddrImm 32)) 5
8121: LEA Reg RCX, Address (AddrPlus (FromReg RIP) (AddrImm 2126584)) 7
8128: LEA Reg RDX, Address (AddrPlus (FromReg RIP) (AddrImm 3468)) 7
812f: CALL PyArg_ParseTupleAndKeywords (external)
8134: TEST Reg EAX, Reg EAX 2
8136: JZ 841d (resolved immediate)
  |
  `- 813c,841d
813c: MOVSXD Reg RDI, Address (SizeDir 32 (AddrPlus (FromReg RSP) (AddrImm 36))) 5
8141: MOV Reg ESI, Immediate 104 5
8146: CALL calloc (external)
814b: MOV Address (SizeDir 64 (AddrPlus (FromReg RSP) (AddrImm 24))), Reg RAX 5
8150: TEST Reg RAX, Reg RAX 3
8153: JZ 81a2 (resolved immediate)
  |
  `- 8155,81a2
8155: MOV Reg RDI, Address (SizeDir 64 (AddrPlus (FromReg RBP) (AddrImm 16))) 4
8159: MOV Reg RCX, Address (SizeDir 64 (AddrPlus (FromReg RSP) (AddrImm 24))) 5
815e: MOV Reg EDX, Address (SizeDir 32 (AddrPlus (FromReg RSP) (AddrImm 36))) 4
8162: MOV Reg ESI, Address (SizeDir 32 (AddrPlus (FromReg RSP) (AddrImm 32))) 4
8166: CALL xc_domain_getinfo (external)
816b: MOV Reg EBX, Reg EAX 2
816d: TEST Reg EAX, Reg EAX 2
816f: JS 81d4 (resolved immediate)
  |
  `- 8171,81d4
8171: MOVSXD Reg RDI, Reg EAX 3
8174: CALL PyList_New (external)
8179: MOV Address (SizeDir 64 (AddrPlus (FromReg RSP) (AddrImm 8))), Reg RAX 5
817e: TEST Reg EBX, Reg EBX 2
8180: JLE 840e (resolved immediate)
  |
  `- 8186,840e
8186: MOV Reg R13, Address (SizeDir 64 (AddrPlus (FromReg RSP) (AddrImm 24))) 5
818b: LEA Reg EAX, Address (AddrMinus (FromReg RBX) (AddrImm 1)) 3
818e: ADD Reg RAX, Immediate 1 4
8192: MOV Address (SizeDir 64 (AddrPlus (FromReg RSP) (AddrImm 16))), Reg RAX 5
8197: MOV Reg R15D, Immediate 0 6
819d: JMP 8287 (resolved immediate)
  |
  `- 8287
81a2: CALL PyErr_NoMemory (external)
81a7: MOV Address (SizeDir 64 (AddrPlus (FromReg RSP) (AddrImm 8))), Reg RAX 5
81ac: MOV Reg RAX, Address (SizeDir 64 (AddrPlus (FromReg RSP) (AddrImm 8))) 5
81b1: MOV Reg RCX, Address (SizeDir 64 (AddrPlus (FromReg RSP) (AddrImm 40))) 5
81b6: XOR Reg RCX, Address (SizeDir 64 (AddrPlus (FromReg FS) (AddrImm 40))) 9
81bf: JNZ 842b (resolved immediate)
  |
  `- 81c5,842b
81c5: ADD Reg RSP, Immediate 56 4
81c9: POP Reg RBX 1
81ca: POP Reg RBP 1
81cb: POP Reg R12 2
81cd: POP Reg R13 2
81cf: POP Reg R14 2
81d1: POP Reg R15 2
81d3: RET  1
  |
  `- 
81d4: MOV Reg RDI, Address (SizeDir 64 (AddrPlus (FromReg RSP) (AddrImm 24))) 5
81d9: CALL free (external)
81de: MOV Reg RDI, Address (SizeDir 64 (AddrPlus (FromReg RBP) (AddrImm 16))) 4
81e2: CALL pyxc_error_to_exception (internal)
  |
  `- 4ac7
81e7: MOV Address (SizeDir 64 (AddrPlus (FromReg RSP) (AddrImm 8))), Reg RAX 5
81ec: JMP 81ac (resolved immediate)
  |
  `- 81ac
81ee: MOV Reg RDI, Address (SizeDir 64 (AddrPlus (FromReg RSP) (AddrImm 8))) 5
81f3: MOV Reg RAX, Address (SizeDir 64 (FromReg RDI)) 3
81f6: MOV Address (SizeDir 64 (AddrPlus (FromReg RSP) (AddrImm 8))), Reg RAX 5
81fb: SUB Reg RAX, Immediate 1 4
81ff: MOV Address (SizeDir 64 (FromReg RDI)), Reg RAX 3
8202: TEST Reg RAX, Reg RAX 3
8205: JNZ 820e (resolved immediate)
  |
  `- 8207,820e
8207: MOV Reg RAX, Address (SizeDir 64 (AddrPlus (FromReg RDI) (AddrImm 8))) 4
820b: CALL Address (SizeDir 64 (AddrPlus (FromReg RAX) (AddrImm 48))) 3
820e: TEST Reg RBP, Reg RBP 3
8211: JZ 822e (resolved immediate)
  |
  `- 8213,822e
8213: MOV Reg RAX, Address (SizeDir 64 (AddrPlus (FromReg RBP) (AddrImm 0))) 4
8217: SUB Reg RAX, Immediate 1 4
821b: MOV Address (SizeDir 64 (AddrPlus (FromReg RBP) (AddrImm 0))), Reg RAX 4
821f: TEST Reg RAX, Reg RAX 3
8222: JNZ 822e (resolved immediate)
  |
  `- 8224,822e
8224: MOV Reg RAX, Address (SizeDir 64 (AddrPlus (FromReg RBP) (AddrImm 8))) 4
8228: MOV Reg RDI, Reg RBP 3
822b: CALL Address (SizeDir 64 (AddrPlus (FromReg RAX) (AddrImm 48))) 3
822e: TEST Reg R14, Reg R14 3
8231: JZ 824c (resolved immediate)
  |
  `- 8233,824c
8233: MOV Reg RAX, Address (SizeDir 64 (FromReg R14)) 3
8236: SUB Reg RAX, Immediate 1 4
823a: MOV Address (SizeDir 64 (FromReg R14)), Reg RAX 3
823d: TEST Reg RAX, Reg RAX 3
8240: JNZ 824c (resolved immediate)
  |
  `- 8242,824c
8242: MOV Reg RAX, Address (SizeDir 64 (AddrPlus (FromReg R14) (AddrImm 8))) 4
8246: MOV Reg RDI, Reg R14 3
8249: CALL Address (SizeDir 64 (AddrPlus (FromReg RAX) (AddrImm 48))) 3
824c: MOV Reg RDI, Address (SizeDir 64 (AddrPlus (FromReg RSP) (AddrImm 24))) 5
8251: CALL free (external)
8256: MOV Address (SizeDir 64 (AddrPlus (FromReg RSP) (AddrImm 8))), Immediate 0 9
825f: JMP 81ac (resolved immediate)
  |
  `- 81ac
8264: MOV Reg RDX, Reg R14 3
8267: MOV Reg RSI, Reg R15 3
826a: MOV Reg RDI, Address (SizeDir 64 (AddrPlus (FromReg RSP) (AddrImm 8))) 5
826f: CALL PyList_SetItem (external)
8274: ADD Reg R15, Immediate 1 4
8278: ADD Reg R13, Immediate 104 4
827c: CMP Reg R15, Address (SizeDir 64 (AddrPlus (FromReg RSP) (AddrImm 16))) 5
8281: JZ 840e (resolved immediate)
  |
  `- 8287,840e
8287: MOV Reg R12, Reg R13 3
828a: SUB Reg RSP, Immediate 8 4
828e: MOV Reg EAX, Address (SizeDir 32 (AddrPlus (FromReg R13) (AddrImm 96))) 4
8292: PUSH Reg RAX 1
8293: LEA Reg RAX, Address (AddrPlus (FromReg RIP) (AddrImm 3071)) 7
829a: PUSH Reg RAX 1
829b: MOV Reg EAX, Address (SizeDir 32 (AddrPlus (FromReg R13) (AddrImm 12))) 4
829f: PUSH Reg RAX 1
82a0: LEA Reg RAX, Address (AddrPlus (FromReg RIP) (AddrImm 3608)) 7
82a7: PUSH Reg RAX 1
82a8: MOV Reg EAX, Address (SizeDir 32 (AddrPlus (FromReg R13) (AddrImm 4))) 4
82ac: PUSH Reg RAX 1
82ad: LEA Reg RAX, Address (AddrPlus (FromReg RIP) (AddrImm 3611)) 7
82b4: PUSH Reg RAX 1
82b5: PUSH Address (SizeDir 64 (AddrPlus (FromReg R13) (AddrImm 64))) 4
82b9: LEA Reg RAX, Address (AddrPlus (FromReg RIP) (AddrImm 3607)) 7
82c0: PUSH Reg RAX 1
82c1: PUSH Address (SizeDir 64 (AddrPlus (FromReg R13) (AddrImm 56))) 4
82c5: LEA Reg RAX, Address (AddrPlus (FromReg RIP) (AddrImm 3530)) 7
82cc: PUSH Reg RAX 1
82cd: MOV Reg RAX, Address (SizeDir 64 (AddrPlus (FromReg R13) (AddrImm 16))) 4
82d1: SHL Reg RAX, Immediate 2 4
82d5: PUSH Reg RAX 1
82d6: LEA Reg RAX, Address (AddrPlus (FromReg RIP) (AddrImm 3581)) 7
82dd: PUSH Reg RAX 1
82de: MOVZX Reg EAX, Address (SizeDir 8 (AddrPlus (FromReg R13) (AddrImm 8))) 5
82e3: MOV Reg EDX, Reg EAX 2
82e5: SHR Reg DL, Immediate 5 3
82e8: AND Reg EDX, Immediate 1 3
82eb: PUSH Reg RDX 1
82ec: LEA Reg RCX, Address (AddrPlus (FromReg RIP) (AddrImm 3446)) 7
82f3: PUSH Reg RCX 1
82f4: MOV Reg EDX, Reg EAX 2
82f6: SHR Reg DL, Immediate 4 3
82f9: AND Reg EDX, Immediate 1 3
82fc: PUSH Reg RDX 1
82fd: LEA Reg RCX, Address (AddrPlus (FromReg RIP) (AddrImm 3437)) 7
8304: PUSH Reg RCX 1
8305: MOV Reg EDX, Reg EAX 2
8307: SHR Reg DL, Immediate 3 3
830a: AND Reg EDX, Immediate 1 3
830d: PUSH Reg RDX 1
830e: LEA Reg RCX, Address (AddrPlus (FromReg RIP) (AddrImm 3532)) 7
8315: PUSH Reg RCX 1
8316: MOV Reg EDX, Reg EAX 2
8318: SHR Reg DL, Immediate 2 3
831b: AND Reg EDX, Immediate 1 3
831e: PUSH Reg RDX 1
831f: LEA Reg RCX, Address (AddrPlus (FromReg RIP) (AddrImm 4301)) 7
8326: PUSH Reg RCX 1
8327: MOV Reg EDX, Reg EAX 2
8329: SHR Reg DL, Immediate 1 2
832b: AND Reg EDX, Immediate 1 3
832e: PUSH Reg RDX 1
832f: LEA Reg RCX, Address (AddrPlus (FromReg RIP) (AddrImm 3506)) 7
8336: PUSH Reg RCX 1
8337: MOV Reg EDX, Reg EAX 2
8339: AND Reg EDX, Immediate 1 3
833c: PUSH Reg RDX 1
833d: LEA Reg RCX, Address (AddrPlus (FromReg RIP) (AddrImm 3500)) 7
8344: PUSH Reg RCX 1
8345: SHR Reg AL, Immediate 6 3
8348: AND Reg EAX, Immediate 1 3
834b: PUSH Reg RAX 1
834c: LEA Reg RAX, Address (AddrPlus (FromReg RIP) (AddrImm 3491)) 7
8353: PUSH Reg RAX 1
8354: MOV Reg EAX, Address (SizeDir 32 (AddrPlus (FromReg R13) (AddrImm 76))) 4
8358: PUSH Reg RAX 1
8359: LEA Reg R9, Address (AddrPlus (FromReg RIP) (AddrImm 3398)) 7
8360: MOV Reg R8D, Address (SizeDir 32 (AddrPlus (FromReg R13) (AddrImm 72))) 4
8364: LEA Reg RCX, Address (AddrPlus (FromReg RIP) (AddrImm 3399)) 7
836b: MOV Reg EDX, Address (SizeDir 32 (AddrPlus (FromReg R13) (AddrImm 0))) 4
836f: LEA Reg RSI, Address (AddrPlus (FromReg RIP) (AddrImm 3764)) 7
8376: LEA Reg RDI, Address (AddrPlus (FromReg RIP) (AddrImm 5283)) 7
837d: MOV Reg EAX, Immediate 0 5
8382: CALL Py_BuildValue (external)
8387: MOV Reg R14, Reg RAX 3
838a: ADD Reg RSP, Immediate 224 7
8391: MOV Reg EDI, Immediate 16 5
8396: CALL PyList_New (external)
839b: MOV Reg RBP, Reg RAX 3
839e: TEST Reg RAX, Reg RAX 3
83a1: JZ 81ee (resolved immediate)
  |
  `- 81ee,83a7
83a7: TEST Reg R14, Reg R14 3
83aa: JZ 81ee (resolved immediate)
  |
  `- 81ee,83b0
83b0: MOV Reg EBX, Immediate 0 5
83b5: MOVZX Reg EDI, Address (SizeDir 8 (AddrPlus (AddrPlus (FromReg R12) (FromReg RBX)) (AddrImm 80))) 6
83bb: CALL PyInt_FromLong (external)
83c0: MOV Reg RDX, Reg RAX 3
83c3: MOV Reg RSI, Reg RBX 3
83c6: MOV Reg RDI, Reg RBP 3
83c9: CALL PyList_SetItem (external)
83ce: ADD Reg RBX, Immediate 1 4
83d2: CMP Reg RBX, Immediate 16 4
83d6: JNZ 83b5 (resolved immediate)
  |
  `- 83b5,83d8
83d8: MOV Reg RDX, Reg RBP 3
83db: LEA Reg RSI, Address (AddrPlus (FromReg RIP) (AddrImm 4149)) 7
83e2: MOV Reg RDI, Reg R14 3
83e5: CALL PyDict_SetItemString (external)
83ea: MOV Reg RAX, Address (SizeDir 64 (AddrPlus (FromReg RBP) (AddrImm 0))) 4
83ee: SUB Reg RAX, Immediate 1 4
83f2: MOV Address (SizeDir 64 (AddrPlus (FromReg RBP) (AddrImm 0))), Reg RAX 4
83f6: TEST Reg RAX, Reg RAX 3
83f9: JNZ 8264 (resolved immediate)
  |
  `- 8264,83ff
83ff: MOV Reg RAX, Address (SizeDir 64 (AddrPlus (FromReg RBP) (AddrImm 8))) 4
8403: MOV Reg RDI, Reg RBP 3
8406: CALL Address (SizeDir 64 (AddrPlus (FromReg RAX) (AddrImm 48))) 3
8409: JMP 8264 (resolved immediate)
  |
  `- 8264
840e: MOV Reg RDI, Address (SizeDir 64 (AddrPlus (FromReg RSP) (AddrImm 24))) 5
8413: CALL free (external)
8418: JMP 81ac (resolved immediate)
  |
  `- 81ac
841d: MOV Address (SizeDir 64 (AddrPlus (FromReg RSP) (AddrImm 8))), Immediate 0 9
8426: JMP 81ac (resolved immediate)
  |
  `- 81ac
842b: CALL __stack_chk_fail (external)
  |
  `- 
