Number of assembly instructions     = 35
Number of indirect branches         = 0
Number of unresolved indirect jumps = 0: 
Number of unresolved indirect calls = 0: 
Number of symbolic states (representative of non-determinism): 35
Number of edges: 35

1260 (False): 0

1260: JMP 18e0 (resolved immediate)
  |
  `- 18e0
18e0: PUSH Reg RBP 1
18e1: PUSH Reg RBX 1
18e2: MOV Reg RBP, Reg RDI 3
18e5: SUB Reg RSP, Immediate 40 4
18e9: MOV Reg EDI, Address (SizeDir 32 (AddrPlus (FromReg RDI) (AddrImm 16))) 3
18ec: MOV Reg RAX, Address (SizeDir 64 (AddrPlus (FromReg FS) (AddrImm 40))) 9
18f5: MOV Address (SizeDir 64 (AddrPlus (FromReg RSP) (AddrImm 24))), Reg RAX 5
18fa: XOR Reg EAX, Reg EAX 2
18fc: MOV Address (SizeDir 64 (AddrPlus (FromReg RSP) (AddrImm 8))), Reg RDX 5
1901: MOV Address (SizeDir 32 (FromReg RSP)), Reg ESI 3
1904: MOV Reg RDX, Reg RSP 3
1907: MOV Reg ESI, Immediate 1066760 5
190c: CALL ioctl (external)
1911: TEST Reg EAX, Reg EAX 2
1913: MOV Reg EBX, Reg EAX 2
1915: JZ 193f (resolved immediate)
  |
  `- 1917,193f
1917: CALL __errno_location (external)
191c: MOV Reg EDX, Address (SizeDir 32 (FromReg RAX)) 2
191e: MOV Reg RDI, Address (SizeDir 64 (AddrPlus (FromReg RBP) (AddrImm 0))) 4
1922: LEA Reg R8, Address (AddrPlus (FromReg RIP) (AddrImm 1666)) 7
1929: LEA Reg RCX, Address (AddrPlus (FromReg RIP) (AddrImm 1564)) 7
1930: MOV Reg ESI, Immediate 8 5
1935: XOR Reg EAX, Reg EAX 2
1937: MOV Reg R9D, Reg EDX 3
193a: CALL xtl_log (external)
193f: MOV Reg RCX, Address (SizeDir 64 (AddrPlus (FromReg RSP) (AddrImm 24))) 5
1944: XOR Reg RCX, Address (SizeDir 64 (AddrPlus (FromReg FS) (AddrImm 40))) 9
194d: MOV Reg EAX, Reg EBX 2
194f: JNZ 1958 (resolved immediate)
  |
  `- 1951,1958
1951: ADD Reg RSP, Immediate 40 4
1955: POP Reg RBX 1
1956: POP Reg RBP 1
1957: RET  1
  |
  `- 
1958: CALL __stack_chk_fail (external)
  |
  `- 
