Number of assembly instructions     = 24
Number of indirect branches         = 0
Number of unresolved indirect jumps = 0: 
Number of unresolved indirect calls = 0: 
Number of symbolic states (representative of non-determinism): 24
Number of edges: 22

1350 (False): 0
1c90 (True): 1362

1350: TEST Reg RDI, Reg RDI 3
1353: JE 1388 (resolved immediate)
  |
  `- 1355,1388
1355: PUSH Reg RBX 1
1356: MOV Reg RBX, Reg RDI 3
1359: SUB Reg RSP, Immediate 16 4
135d: CALL osdep_gntshr_close (internal)
  |
  `- 1c90
1362: MOV Reg RDI, Address (SizeDir 64 (AddrPlus (FromReg RBX) (AddrImm 8))) 4
1366: MOV Address (SizeDir 32 (AddrPlus (FromReg RSP) (AddrImm 12))), Reg EAX 4
136a: CALL xtl_logger_destroy (external)
136f: MOV Reg RDI, Reg RBX 3
1372: CALL free (external)
1377: MOV Reg EAX, Address (SizeDir 32 (AddrPlus (FromReg RSP) (AddrImm 12))) 4
137b: ADD Reg RSP, Immediate 16 4
137f: POP Reg RBX 1
1380: RET  1
  |
  `- 
1388: XOR Reg EAX, Reg EAX 2
138a: RET  1
  |
  `- 
1420: MOV Reg EDI, Address (SizeDir 32 (AddrPlus (FromReg RDI) (AddrImm 16))) 3
1423: CMP Reg EDI, Immediate 18446744073709551615 3
1426: JE 1430 (resolved immediate)
  |
  `- 1428,1430
1428: JMP close (jmp to external function)
  |
  `- 
1430: XOR Reg EAX, Reg EAX 2
1432: RET  1
  |
  `- 
1c90: JMP 1420 (resolved immediate)
  |
  `- 1420
