Number of assembly instructions     = 60
Number of indirect branches         = 0
Number of unresolved indirect jumps = 0: 
Number of unresolved indirect calls = 0: 
Number of symbolic states (representative of non-determinism): 60
Number of edges: 62

12b0 (False): 0
1c60 (True): 12ea
1c90 (True): 1330

12b0: PUSH Reg RBP 1
12b1: PUSH Reg RBX 1
12b2: MOV Reg RBP, Reg RDI 3
12b5: MOV Reg EDI, Immediate 48 5
12ba: SUB Reg RSP, Immediate 8 4
12be: CALL malloc (external)
12c3: TEST Reg RAX, Reg RAX 3
12c6: MOV Reg RBX, Reg RAX 3
12c9: JE 12ee (resolved immediate)
  |
  `- 12cb,12ee
12cb: TEST Reg RBP, Reg RBP 3
12ce: MOV Address (SizeDir 32 (AddrPlus (FromReg RAX) (AddrImm 16))), Immediate 4294967295 7
12d5: MOV Address (SizeDir 64 (FromReg RAX)), Reg RBP 3
12d8: MOV Address (SizeDir 64 (AddrPlus (FromReg RAX) (AddrImm 8))), Immediate 0 8
12e0: JE 1300 (resolved immediate)
  |
  `- 12e2,1300
12e2: MOV Reg RDI, Reg RBX 3
12e5: CALL osdep_gntshr_open (internal)
  |
  `- 1c60
12ea: TEST Reg EAX, Reg EAX 2
12ec: JS 1328 (resolved immediate)
  |
  `- 12ee,1328
12ee: ADD Reg RSP, Immediate 8 4
12f2: MOV Reg RAX, Reg RBX 3
12f5: POP Reg RBX 1
12f6: POP Reg RBP 1
12f7: RET  1
  |
  `- 
1300: MOV Reg RAX, Address (SizeDir 64 (AddrPlus (FromReg RIP) (AddrImm 2104561))) 7
1307: XOR Reg EDX, Reg EDX 2
1309: MOV Reg ESI, Immediate 4 5
130e: MOV Reg RDI, Address (SizeDir 64 (FromReg RAX)) 3
1311: CALL xtl_createlogger_stdiostream (external)
1316: TEST Reg RAX, Reg RAX 3
1319: MOV Address (SizeDir 64 (AddrPlus (FromReg RBX) (AddrImm 8))), Reg RAX 4
131d: MOV Address (SizeDir 64 (FromReg RBX)), Reg RAX 3
1320: JNE 12e2 (resolved immediate)
  |
  `- 12e2,1322
1322: NOP  6
1328: MOV Reg RDI, Reg RBX 3
132b: CALL osdep_gntshr_close (internal)
  |
  `- 1c90
1330: MOV Reg RDI, Address (SizeDir 64 (AddrPlus (FromReg RBX) (AddrImm 8))) 4
1334: CALL xtl_logger_destroy (external)
1339: MOV Reg RDI, Reg RBX 3
133c: XOR Reg EBX, Reg EBX 2
133e: CALL free (external)
1343: JMP 12ee (resolved immediate)
  |
  `- 12ee
1420: MOV Reg EDI, Address (SizeDir 32 (AddrPlus (FromReg RDI) (AddrImm 16))) 3
1423: CMP Reg EDI, Immediate 18446744073709551615 3
1426: JE 1430 (resolved immediate)
  |
  `- 1428,1430
1428: JMP close (jmp to external function)
  |
  `- 
1430: XOR Reg EAX, Reg EAX 2
1432: RET  1
  |
  `- 
1c60: PUSH Reg RBX 1
1c61: MOV Reg RBX, Reg RDI 3
1c64: LEA Reg RDI, Address (SizeDir 64 (AddrPlus (FromReg RIP) (AddrImm 860))) 7
1c6b: XOR Reg EAX, Reg EAX 2
1c6d: MOV Reg ESI, Immediate 2 5
1c72: CALL open (external)
1c77: CMP Reg EAX, Immediate 18446744073709551615 3
1c7a: JE 1c81 (resolved immediate)
  |
  `- 1c7c,1c81
1c7c: MOV Address (SizeDir 32 (AddrPlus (FromReg RBX) (AddrImm 16))), Reg EAX 3
1c7f: XOR Reg EAX, Reg EAX 2
1c81: POP Reg RBX 1
1c82: RET  1
  |
  `- 
1c90: JMP 1420 (resolved immediate)
  |
  `- 1420
