Number of assembly instructions     = 26
Number of indirect branches         = 0
Number of unresolved indirect jumps = 0: 
Number of unresolved indirect calls = 0: 
Number of symbolic states (representative of non-determinism): 26
Number of edges: 24

1130 (False): 0
1420 (True): 114e

1130: TEST Reg RDI, Reg RDI 3
1133: JE 1170 (resolved immediate)
  |
  `- 1135,1170
1135: PUSH Reg RBX 1
1136: MOV Reg RBX, Reg RDI 3
1139: LEA Reg RDI, Address (SizeDir 64 (AddrPlus (FromReg RDI) (AddrImm 24))) 4
113d: SUB Reg RSP, Immediate 16 4
1141: CALL xentoolcore__deregister_active_handle (external)
1146: MOV Reg RDI, Reg RBX 3
1149: CALL osdep_gnttab_close (internal)
  |
  `- 1420
114e: MOV Reg RDI, Address (SizeDir 64 (AddrPlus (FromReg RBX) (AddrImm 8))) 4
1152: MOV Address (SizeDir 32 (AddrPlus (FromReg RSP) (AddrImm 12))), Reg EAX 4
1156: CALL xtl_logger_destroy (external)
115b: MOV Reg RDI, Reg RBX 3
115e: CALL free (external)
1163: MOV Reg EAX, Address (SizeDir 32 (AddrPlus (FromReg RSP) (AddrImm 12))) 4
1167: ADD Reg RSP, Immediate 16 4
116b: POP Reg RBX 1
116c: RET  1
  |
  `- 
1170: XOR Reg EAX, Reg EAX 2
1172: RET  1
  |
  `- 
1420: MOV Reg EDI, Address (SizeDir 32 (AddrPlus (FromReg RDI) (AddrImm 16))) 3
1423: CMP Reg EDI, Immediate 18446744073709551615 3
1426: JE 1430 (resolved immediate)
  |
  `- 1428,1430
1428: JMP close (jmp to external function)
  |
  `- 
1430: XOR Reg EAX, Reg EAX 2
1432: RET  1
  |
  `- 
