Number of assembly instructions     = 66
Number of indirect branches         = 0
Number of unresolved indirect jumps = 0: 
Number of unresolved indirect calls = 0: 
Number of symbolic states (representative of non-determinism): 66
Number of edges: 68

1080 (False): 0
13f0 (True): 10d2
1420 (True): 1118

1080: PUSH Reg RBP 1
1081: PUSH Reg RBX 1
1082: MOV Reg RBP, Reg RDI 3
1085: MOV Reg EDI, Immediate 48 5
108a: SUB Reg RSP, Immediate 8 4
108e: CALL malloc (external)
1093: TEST Reg RAX, Reg RAX 3
1096: MOV Reg RBX, Reg RAX 3
1099: JZ 10d6 (resolved immediate)
  |
  `- 109b,10d6
109b: MOV Address (SizeDir 64 (FromReg RAX)), Reg RBP 3
109e: MOV Address (SizeDir 32 (AddrPlus (FromReg RAX) (AddrImm 16))), Immediate 4294967295 7
10a5: LEA Reg RBP, Address (AddrPlus (FromReg RBX) (AddrImm 24)) 4
10a9: MOV Address (SizeDir 64 (AddrPlus (FromReg RAX) (AddrImm 8))), Immediate 0 8
10b1: LEA Reg RAX, Address (AddrMinus (FromReg RIP) (AddrImm 72)) 7
10b8: MOV Reg RDI, Reg RBP 3
10bb: MOV Address (SizeDir 64 (AddrPlus (FromReg RBX) (AddrImm 24))), Reg RAX 4
10bf: CALL xentoolcore__register_active_handle (external)
10c4: CMP Address (SizeDir 64 (FromReg RBX)), Immediate 0 4
10c8: JZ 10e0 (resolved immediate)
  |
  `- 10ca,10e0
10ca: MOV Reg RDI, Reg RBX 3
10cd: CALL osdep_gnttab_open (internal)
  |
  `- 13f0
10d2: TEST Reg EAX, Reg EAX 2
10d4: JS 1108 (resolved immediate)
  |
  `- 10d6,1108
10d6: ADD Reg RSP, Immediate 8 4
10da: MOV Reg RAX, Reg RBX 3
10dd: POP Reg RBX 1
10de: POP Reg RBP 1
10df: RET  1
  |
  `- 
10e0: MOV Reg RAX, Address (SizeDir 64 (AddrPlus (FromReg RIP) (AddrImm 2105105))) 7
10e7: XOR Reg EDX, Reg EDX 2
10e9: MOV Reg ESI, Immediate 4 5
10ee: MOV Reg RDI, Address (SizeDir 64 (FromReg RAX)) 3
10f1: CALL xtl_createlogger_stdiostream (external)
10f6: TEST Reg RAX, Reg RAX 3
10f9: MOV Address (SizeDir 64 (AddrPlus (FromReg RBX) (AddrImm 8))), Reg RAX 4
10fd: MOV Address (SizeDir 64 (FromReg RBX)), Reg RAX 3
1100: JNZ 10ca (resolved immediate)
  |
  `- 10ca,1102
1102: NOP  6
1108: MOV Reg RDI, Reg RBP 3
110b: CALL xentoolcore__deregister_active_handle (external)
1110: MOV Reg RDI, Reg RBX 3
1113: CALL osdep_gnttab_close (internal)
  |
  `- 1420
1118: MOV Reg RDI, Address (SizeDir 64 (AddrPlus (FromReg RBX) (AddrImm 8))) 4
111c: CALL xtl_logger_destroy (external)
1121: MOV Reg RDI, Reg RBX 3
1124: XOR Reg EBX, Reg EBX 2
1126: CALL free (external)
112b: JMP 10d6 (resolved immediate)
  |
  `- 10d6
13f0: PUSH Reg RBX 1
13f1: MOV Reg RBX, Reg RDI 3
13f4: LEA Reg RDI, Address (AddrPlus (FromReg RIP) (AddrImm 2853)) 7
13fb: XOR Reg EAX, Reg EAX 2
13fd: MOV Reg ESI, Immediate 524290 5
1402: CALL open (external)
1407: CMP Reg EAX, Immediate 4294967295 3
140a: JZ 1411 (resolved immediate)
  |
  `- 140c,1411
140c: MOV Address (SizeDir 32 (AddrPlus (FromReg RBX) (AddrImm 16))), Reg EAX 3
140f: XOR Reg EAX, Reg EAX 2
1411: POP Reg RBX 1
1412: RET  1
  |
  `- 
1420: MOV Reg EDI, Address (SizeDir 32 (AddrPlus (FromReg RDI) (AddrImm 16))) 3
1423: CMP Reg EDI, Immediate 4294967295 3
1426: JZ 1430 (resolved immediate)
  |
  `- 1428,1430
1428: JMP close (jmp to external function)
  |
  `- 
1430: XOR Reg EAX, Reg EAX 2
1432: RET  1
  |
  `- 
