Number of assembly instructions     = 200
Number of indirect branches         = 1
Number of unresolved indirect jumps = 0: 
Number of unresolved indirect calls = 1: 33be
Number of symbolic states (representative of non-determinism): 200
Number of edges: 214

30c0 (False): 0

30c0: PUSH Reg R15 2
30c2: PUSH Reg R14 2
30c4: MOV Reg ECX, Immediate 13 5
30c9: PUSH Reg R13 2
30cb: PUSH Reg R12 2
30cd: PUSH Reg RBP 1
30ce: PUSH Reg RBX 1
30cf: MOV Reg RBX, Reg RDI 3
30d2: SUB Reg RSP, Immediate 26856 7
30d9: LEA Reg R12, Address (AddrPlus (FromReg RSP) (AddrImm 16)) 5
30de: MOV Address (SizeDir 32 (AddrPlus (FromReg RSP) (AddrImm 12))), Reg ESI 4
30e2: MOV Reg ESI, Immediate 72 5
30e7: MOV Reg RAX, Address (SizeDir 64 (AddrPlus (FromReg FS) (AddrImm 40))) 9
30f0: MOV Address (SizeDir 64 (AddrPlus (FromReg RSP) (AddrImm 26840))), Reg RAX 8
30f8: XOR Reg EAX, Reg EAX 2
30fa: MOV Reg RDI, Reg R12 3
30fd: REP STOSQ  3
3100: MOV Reg EDI, Immediate 1 5
3105: CALL calloc (external)
310a: TEST Reg RAX, Reg RAX 3
310d: MOV Reg RBP, Reg RAX 3
3110: JZ 3339 (resolved immediate)
  |
  `- 3116,3339
3116: MOV Reg RDI, Address (SizeDir 64 (FromReg RBX)) 3
3119: MOV Address (SizeDir 64 (FromReg RAX)), Reg RBX 3
311c: MOV Reg RSI, Reg R12 3
311f: CALL xc_physinfo (external)
3124: TEST Reg EAX, Reg EAX 2
3126: JS 3383 (resolved immediate)
  |
  `- 312c,3383
312c: MOV Reg EAX, Address (SizeDir 32 (AddrPlus (FromReg RSP) (AddrImm 40))) 4
3130: MOV Reg RDX, Address (SizeDir 64 (AddrPlus (FromReg RSP) (AddrImm 48))) 5
3135: SUB Reg RSP, Immediate 8 4
3139: MOV Reg ECX, Immediate 4294967295 5
313e: XOR Reg R9D, Reg R9D 3
3141: XOR Reg R8D, Reg R8D 3
3144: MOV Reg ESI, Reg ECX 2
3146: IMUL Reg RAX, Reg RAX, Immediate 1000 7
314d: MOV Address (SizeDir 64 (AddrPlus (FromReg RBP) (AddrImm 16))), Reg RAX 4
3151: MOV Reg EAX, Address (SizeDir 32 (AddrPlus (FromReg RSP) (AddrImm 32))) 4
3155: MOV Address (SizeDir 32 (AddrPlus (FromReg RBP) (AddrImm 24))), Reg EAX 3
3158: MOVSXD Reg RAX, Address (SizeDir 32 (AddrPlus (FromReg RBX) (AddrImm 16))) 4
315c: IMUL Reg RDX, Reg RAX 4
3160: IMUL Reg RAX, Address (SizeDir 64 (AddrPlus (FromReg RSP) (AddrImm 64))) 6
3166: MOV Address (SizeDir 64 (AddrPlus (FromReg RBP) (AddrImm 32))), Reg RDX 4
316a: MOV Reg EDX, Immediate 8 5
316f: MOV Address (SizeDir 64 (AddrPlus (FromReg RBP) (AddrImm 40))), Reg RAX 4
3173: PUSH Immediate 0 2
3175: MOV Reg RDI, Address (SizeDir 64 (FromReg RBX)) 3
3178: CALL xc_tmem_control (external)
317d: POP Reg RDX 1
317e: TEST Reg EAX, Reg EAX 2
3180: MOV Reg EDX, Immediate 0 5
3185: MOV Reg EDI, Immediate 128 5
318a: POP Reg RCX 1
318b: CMOVS Reg EAX, Reg EDX 3
318e: CDQE  2
3190: MOV Address (SizeDir 64 (AddrPlus (FromReg RBP) (AddrImm 64))), Reg RAX 4
3194: CALL malloc (external)
3199: TEST Reg RAX, Reg RAX 3
319c: MOV Address (SizeDir 64 (AddrPlus (FromReg RBP) (AddrImm 56))), Reg RAX 4
31a0: JZ 3383 (resolved immediate)
  |
  `- 31a6,3383
31a6: LEA Reg RAX, Address (AddrPlus (FromReg RSP) (AddrImm 128)) 8
31ae: LEA Reg R12, Address (AddrPlus (FromReg RSP) (AddrImm 26752)) 8
31b6: MOV Address (SizeDir 32 (AddrPlus (FromReg RBP) (AddrImm 48))), Immediate 0 7
31bd: XOR Reg ESI, Reg ESI 2
31bf: MOV Address (SizeDir 64 (FromReg RSP)), Reg RAX 4
31c3: MOV Reg R13, Address (SizeDir 64 (FromReg RSP)) 4
31c7: MOV Reg RDI, Address (SizeDir 64 (FromReg RBX)) 3
31ca: MOV Reg EDX, Immediate 256 5
31cf: MOV Reg RCX, Reg R13 3
31d2: CALL xc_domain_getinfolist (external)
31d7: TEST Reg EAX, Reg EAX 2
31d9: MOV Reg R14D, Reg EAX 3
31dc: MOV Address (SizeDir 32 (AddrPlus (FromReg RSP) (AddrImm 8))), Reg EAX 4
31e0: JS 337a (resolved immediate)
  |
  `- 31e6,337a
31e6: MOV Reg ESI, Reg EAX 2
31e8: ADD Reg ESI, Address (SizeDir 32 (AddrPlus (FromReg RBP) (AddrImm 48))) 3
31eb: MOV Reg RDI, Address (SizeDir 64 (AddrPlus (FromReg RBP) (AddrImm 56))) 4
31ef: SHL Reg RSI, Immediate 7 4
31f3: CALL realloc (external)
31f8: TEST Reg RAX, Reg RAX 3
31fb: JZ 337a (resolved immediate)
  |
  `- 3201,337a
3201: MOV Reg R10D, Address (SizeDir 32 (AddrPlus (FromReg RBP) (AddrImm 48))) 4
3205: MOVSXD Reg RDX, Reg R14D 3
3208: XOR Reg ESI, Reg ESI 2
320a: SHL Reg RDX, Immediate 7 4
320e: MOV Address (SizeDir 64 (AddrPlus (FromReg RBP) (AddrImm 56))), Reg RAX 4
3212: SHL Reg R10, Immediate 7 4
3216: LEA Reg R15, Address (AddrPlus (FromReg RAX) (FromReg R10)) 4
321a: MOV Reg RDI, Reg R15 3
321d: CALL memset (external)
3222: TEST Reg R14D, Reg R14D 3
3225: MOV Reg EAX, Reg R14D 3
3228: JZ 3390 (resolved immediate)
  |
  `- 322e,3390
322e: SUB Reg EAX, Immediate 1 3
3231: MOV Reg R14, Reg R13 3
3234: LEA Reg RDX, Address (AddrPlus (FromReg RAX) (AddrTimes (AddrImm 2) (FromReg RAX))) 4
3238: LEA Reg RAX, Address (AddrPlus (FromReg RAX) (AddrTimes (AddrImm 4) (FromReg RDX))) 4
323c: LEA Reg R13, Address (AddrPlus (AddrPlus (FromReg R13) (AddrTimes (AddrImm 8) (FromReg RAX))) (AddrImm 104)) 5
3241: JMP 32e1 (resolved immediate)
  |
  `- 32e1
3250: MOV Reg EAX, Address (SizeDir 32 (AddrPlus (FromReg R14) (AddrImm 4))) 4
3254: MOV Reg ECX, Immediate 4294967295 5
3259: MOV Address (SizeDir 32 (AddrPlus (FromReg R15) (AddrImm 16))), Reg EAX 4
325d: MOV Reg RAX, Address (SizeDir 64 (AddrPlus (FromReg R14) (AddrImm 56))) 4
3261: MOV Address (SizeDir 64 (AddrPlus (FromReg R15) (AddrImm 24))), Reg RAX 4
3265: MOV Reg EAX, Address (SizeDir 32 (AddrPlus (FromReg R14) (AddrImm 68))) 4
3269: MOV Address (SizeDir 64 (AddrPlus (FromReg R15) (AddrImm 40))), Immediate 0 8
3271: ADD Reg EAX, Immediate 1 3
3274: MOV Address (SizeDir 32 (AddrPlus (FromReg R15) (AddrImm 32))), Reg EAX 4
3278: MOVSXD Reg RAX, Address (SizeDir 32 (AddrPlus (FromReg RBX) (AddrImm 16))) 4
327c: IMUL Reg RAX, Address (SizeDir 64 (AddrPlus (FromReg R14) (AddrImm 8))) 5
3281: MOV Address (SizeDir 64 (AddrPlus (FromReg R15) (AddrImm 48))), Reg RAX 4
3285: MOV Reg RDX, Address (SizeDir 64 (AddrPlus (FromReg R14) (AddrImm 16))) 4
3289: MOV Reg RAX, Immediate 18446744073709551615 7
3290: CMP Reg RDX, Reg RCX 3
3293: JZ 329d (resolved immediate)
  |
  `- 3295,329d
3295: MOVSXD Reg RAX, Address (SizeDir 32 (AddrPlus (FromReg RBX) (AddrImm 16))) 4
3299: IMUL Reg RAX, Reg RDX 4
329d: MOV Address (SizeDir 64 (AddrPlus (FromReg R15) (AddrImm 56))), Reg RAX 4
32a1: MOV Reg EAX, Address (SizeDir 32 (AddrPlus (FromReg R14) (AddrImm 72))) 4
32a5: MOV Reg RSI, Reg R15 3
32a8: MOV Address (SizeDir 64 (AddrPlus (FromReg R15) (AddrImm 68))), Immediate 0 8
32b0: MOV Address (SizeDir 64 (AddrPlus (FromReg R15) (AddrImm 76))), Immediate 0 8
32b8: MOV Reg RDI, Reg RBX 3
32bb: MOV Address (SizeDir 64 (AddrPlus (FromReg R15) (AddrImm 88))), Immediate 0 8
32c3: SUB Reg R15, Immediate 18446744073709551488 4
32c7: MOV Address (SizeDir 32 (AddrMinus (FromReg R15) (AddrImm 64))), Reg EAX 4
32cb: CALL domain_get_tmem_stats (external)
32d0: ADD Address (SizeDir 32 (AddrPlus (FromReg RBP) (AddrImm 48))), Immediate 1 4
32d4: ADD Reg R14, Immediate 104 4
32d8: CMP Reg R14, Reg R13 3
32db: JZ 3368 (resolved immediate)
  |
  `- 32e1,3368
32e1: MOVZX Reg R9D, Address (SizeDir 16 (FromReg R14)) 4
32e5: LEA Reg R8, Address (AddrPlus (FromReg RIP) (AddrImm 8791)) 7
32ec: MOV Reg ECX, Immediate 80 5
32f1: MOV Reg EDX, Immediate 1 5
32f6: MOV Reg ESI, Immediate 80 5
32fb: MOV Reg RDI, Reg R12 3
32fe: XOR Reg EAX, Reg EAX 2
3300: MOV Address (SizeDir 32 (FromReg R15)), Reg R9D 3
3303: CALL __snprintf_chk (external)
3308: MOV Reg RDI, Address (SizeDir 64 (AddrPlus (FromReg RBX) (AddrImm 8))) 4
330c: XOR Reg ECX, Reg ECX 2
330e: XOR Reg ESI, Reg ESI 2
3310: MOV Reg RDX, Reg R12 3
3313: CALL xs_read (external)
3318: TEST Reg RAX, Reg RAX 3
331b: MOV Address (SizeDir 64 (AddrPlus (FromReg R15) (AddrImm 8))), Reg RAX 4
331f: JNZ 3250 (resolved immediate)
  |
  `- 3250,3325
3325: CALL __errno_location (external)
332a: CMP Address (SizeDir 32 (FromReg RAX)), Immediate 12 3
332d: JNZ 32d4 (resolved immediate)
  |
  `- 32d4,332f
332f: MOV Reg RDI, Reg RBP 3
3332: XOR Reg EBP, Reg EBP 2
3334: CALL xenstat_free_node (external)
3339: MOV Reg RBX, Address (SizeDir 64 (AddrPlus (FromReg RSP) (AddrImm 26840))) 8
3341: XOR Reg RBX, Address (SizeDir 64 (AddrPlus (FromReg FS) (AddrImm 40))) 9
334a: MOV Reg RAX, Reg RBP 3
334d: JNZ 33e3 (resolved immediate)
  |
  `- 3353,33e3
3353: ADD Reg RSP, Immediate 26856 7
335a: POP Reg RBX 1
335b: POP Reg RBP 1
335c: POP Reg R12 2
335e: POP Reg R13 2
3360: POP Reg R14 2
3362: POP Reg R15 2
3364: RET  1
  |
  `- 
3368: CMP Address (SizeDir 32 (AddrPlus (FromReg RSP) (AddrImm 8))), Immediate 256 8
3370: JNZ 3390 (resolved immediate)
  |
  `- 3372,3390
3372: MOV Reg ESI, Address (SizeDir 32 (AddrPlus (FromReg RBP) (AddrImm 48))) 3
3375: JMP 31c3 (resolved immediate)
  |
  `- 31c3
337a: MOV Reg RDI, Address (SizeDir 64 (AddrPlus (FromReg RBP) (AddrImm 56))) 4
337e: CALL free (external)
3383: MOV Reg RDI, Reg RBP 3
3386: XOR Reg EBP, Reg EBP 2
3388: CALL free (external)
338d: JMP 3339 (resolved immediate)
  |
  `- 3339
3390: MOV Reg R13D, Address (SizeDir 32 (AddrPlus (FromReg RSP) (AddrImm 12))) 5
3395: MOV Reg EAX, Immediate 1 5
339a: LEA Reg RBX, Address (AddrPlus (FromReg RIP) (AddrImm 2111903)) 7
33a1: MOV Address (SizeDir 32 (AddrPlus (FromReg RBP) (AddrImm 8))), Immediate 0 7
33a8: LEA Reg R12, Address (AddrPlus (FromReg RBX) (AddrImm 128)) 7
33af: MOV Reg EDX, Reg R13D 3
33b2: AND Reg EDX, Reg EAX 2
33b4: CMP Reg EDX, Reg EAX 2
33b6: JNZ 33c9 (resolved immediate)
  |
  `- 33b8,33c9
33b8: OR Address (SizeDir 32 (AddrPlus (FromReg RBP) (AddrImm 8))), Reg EAX 3
33bb: MOV Reg RDI, Reg RBP 3
33be: CALL Address (SizeDir 64 (AddrPlus (FromReg RBX) (AddrImm 8))) 3
33c1: TEST Reg EAX, Reg EAX 2
33c3: JZ 332f (resolved immediate)
  |
  `- 332f,33c9
33c9: ADD Reg RBX, Immediate 32 4
33cd: CMP Reg R12, Reg RBX 3
33d0: JZ 3339 (resolved immediate)
  |
  `- 3339,33d6
33d6: MOV Reg EAX, Address (SizeDir 32 (FromReg RBX)) 2
33d8: MOV Reg EDX, Reg R13D 3
33db: AND Reg EDX, Reg EAX 2
33dd: CMP Reg EDX, Reg EAX 2
33df: JZ 33b8 (resolved immediate)
  |
  `- 33b8,33e1
33e1: JMP 33c9 (resolved immediate)
  |
  `- 33c9
33e3: CALL __stack_chk_fail (external)
  |
  `- 
