Number of assembly instructions     = 17
Number of indirect branches         = 0
Number of unresolved indirect jumps = 0: 
Number of unresolved indirect calls = 0: 
Number of symbolic states (representative of non-determinism): 17
Number of edges: 16

2e20 (False): 0

2e20: TEST Reg RDI, Reg RDI 3
2e23: JZ 2e60 (resolved immediate)
  |
  `- 2e25,2e60
2e25: PUSH Reg RBX 1
2e26: MOV Reg RBX, Reg RDI 3
2e29: CALL xenstat_uninit_networks (external)
2e2e: MOV Reg RDI, Reg RBX 3
2e31: CALL xenstat_uninit_vbds (external)
2e36: MOV Reg RDI, Address (SizeDir 64 (FromReg RBX)) 3
2e39: CALL xc_interface_close (external)
2e3e: MOV Reg RDI, Address (SizeDir 64 (AddrPlus (FromReg RBX) (AddrImm 8))) 4
2e42: CALL xs_daemon_close (external)
2e47: MOV Reg RDI, Address (SizeDir 64 (AddrPlus (FromReg RBX) (AddrImm 24))) 4
2e4b: CALL free (external)
2e50: MOV Reg RDI, Reg RBX 3
2e53: POP Reg RBX 1
2e54: JMP free (jmp to external function)
  |
  `- 
2e60: REPZ RET  2
  |
  `- 
