Number of assembly instructions     = 8
Number of indirect branches         = 0
Number of unresolved indirect jumps = 0: 
Number of unresolved indirect calls = 0: 
Number of symbolic states (representative of non-determinism): 8
Number of edges: 7

3430 (False): 0

3430: CMP Address (SizeDir 32 (AddrPlus (FromReg RDI) (AddrImm 48))), Reg ESI 3
3433: JBE 3440 (resolved immediate)
  |
  `- 3435,3440
3435: MOV Reg EAX, Reg ESI 2
3437: SHL Reg RAX, Immediate 7 4
343b: ADD Reg RAX, Address (SizeDir 64 (AddrPlus (FromReg RDI) (AddrImm 56))) 4
343f: RET  1
  |
  `- 
3440: XOR Reg EAX, Reg EAX 2
3442: RET  1
  |
  `- 
