Number of assembly instructions     = 9
Number of indirect branches         = 0
Number of unresolved indirect jumps = 0: 
Number of unresolved indirect calls = 0: 
Number of symbolic states (representative of non-determinism): 9
Number of edges: 9

3560 (False): 0

3560: MOV Reg EDX, Address (SizeDir 32 (AddrPlus (FromReg RDI) (AddrImm 16))) 3
3563: MOV Reg EAX, Reg EDX 2
3565: AND Reg EAX, Immediate 4 3
3568: JE 3575 (resolved immediate)
  |
  `- 356a,3575
356a: SHR Reg EDX, Immediate 16 3
356d: XOR Reg EAX, Reg EAX 2
356f: CMP Reg DL, Immediate 3 3
3572: SETE Reg AL 3
3575: RET  2
  |
  `- 
