Number of assembly instructions     = 323
Number of indirect branches         = 0
Number of unresolved indirect jumps = 0: 
Number of unresolved indirect calls = 0: 
Number of symbolic states (representative of non-determinism): 323
Number of edges: 344

4330 (True): 4e79
4b10 (False): 0

4330: PUSH Reg RBX 1
4331: MOV Reg RBX, Reg RDI 3
4334: MOV Reg EDI, Immediate 16 5
4339: CALL malloc (external)
433e: TEST Reg RAX, Reg RAX 3
4341: MOV Address (SizeDir 64 (FromReg RBX)), Reg RAX 3
4344: JZ 4355 (resolved immediate)
  |
  `- 4346,4355
4346: MOV Address (SizeDir 64 (FromReg RAX)), Immediate 0 7
434d: MOV Address (SizeDir 64 (AddrPlus (FromReg RAX) (AddrImm 8))), Immediate 0 8
4355: POP Reg RBX 1
4356: RET  1
  |
  `- 
4b10: PUSH Reg R15 2
4b12: PUSH Reg R14 2
4b14: MOV Reg RDX, Reg RDI 3
4b17: PUSH Reg R13 2
4b19: PUSH Reg R12 2
4b1b: MOV Reg ECX, Immediate 64 5
4b20: PUSH Reg RBP 1
4b21: PUSH Reg RBX 1
4b22: PXOR Reg XMM0, Reg XMM0 4
4b26: SUB Reg RSP, Immediate 1016 7
4b2d: LEA Reg RBX, Address (AddrPlus (FromReg RSP) (AddrImm 480)) 8
4b35: MOV Address (SizeDir 64 (AddrPlus (FromReg RSP) (AddrImm 56))), Reg RDI 5
4b3a: MOV Reg RAX, Address (SizeDir 64 (AddrPlus (FromReg FS) (AddrImm 40))) 9
4b43: MOV Address (SizeDir 64 (AddrPlus (FromReg RSP) (AddrImm 1000))), Reg RAX 8
4b4b: XOR Reg EAX, Reg EAX 2
4b4d: MOV Reg RDI, Reg RBX 3
4b50: REP STOSQ  3
4b53: MOV Reg RDI, Address (SizeDir 64 (FromReg RDX)) 3
4b56: MOVAPS Address (SizeDir 128 (AddrPlus (FromReg RSP) (AddrImm 224))), Reg XMM0 8
4b5e: MOVAPS Address (SizeDir 128 (AddrPlus (FromReg RSP) (AddrImm 240))), Reg XMM0 8
4b66: MOVAPS Address (SizeDir 128 (AddrPlus (FromReg RSP) (AddrImm 256))), Reg XMM0 8
4b6e: MOV Reg RBP, Address (SizeDir 64 (AddrPlus (FromReg RDI) (AddrImm 24))) 4
4b72: TEST Reg RBP, Reg RBP 3
4b75: JZ 4e70 (resolved immediate)
  |
  `- 4b7b,4e70
4b7b: MOV Reg RDI, Address (SizeDir 64 (AddrPlus (FromReg RBP) (AddrImm 0))) 4
4b7f: TEST Reg RDI, Reg RDI 3
4b82: JZ 4fc8 (resolved immediate)
  |
  `- 4b88,4fc8
4b88: LEA Reg R15, Address (AddrPlus (FromReg RSP) (AddrImm 240)) 8
4b90: XOR Reg EDX, Reg EDX 2
4b92: MOV Reg ESI, Immediate 200 5
4b97: CALL fseek (external)
4b9c: LEA Reg RDI, Address (AddrPlus (FromReg RIP) (AddrImm 2968)) 7
4ba3: MOV Reg EDX, Immediate 16 5
4ba8: MOV Reg RSI, Reg R15 3
4bab: MOV Address (SizeDir 64 (AddrPlus (FromReg RSP) (AddrImm 8))), Reg R15 5
4bb0: CALL getBridge (external)
4bb5: LEA Reg RAX, Address (AddrPlus (FromReg RSP) (AddrImm 256)) 8
4bbd: LEA Reg R8, Address (AddrPlus (FromReg RIP) (AddrImm 2939)) 7
4bc4: MOV Reg R9, Reg R15 3
4bc7: MOV Reg ECX, Immediate 16 5
4bcc: MOV Reg EDX, Immediate 1 5
4bd1: MOV Reg ESI, Immediate 16 5
4bd6: MOV Address (SizeDir 64 (AddrPlus (FromReg RSP) (AddrImm 48))), Reg RAX 5
4bdb: MOV Reg RDI, Reg RAX 3
4bde: XOR Reg EAX, Reg EAX 2
4be0: CALL __snprintf_chk (external)
4be5: LEA Reg RAX, Address (AddrPlus (FromReg RSP) (AddrImm 104)) 5
4bea: MOV Address (SizeDir 64 (AddrPlus (FromReg RSP) (AddrImm 16))), Reg RAX 5
4bef: LEA Reg RAX, Address (AddrPlus (FromReg RSP) (AddrImm 96)) 5
4bf4: MOV Address (SizeDir 64 (AddrPlus (FromReg RSP) (AddrImm 24))), Reg RAX 5
4bf9: LEA Reg RAX, Address (AddrPlus (FromReg RSP) (AddrImm 88)) 5
4bfe: MOV Address (SizeDir 64 (AddrPlus (FromReg RSP) (AddrImm 32))), Reg RAX 5
4c03: LEA Reg RAX, Address (AddrPlus (FromReg RSP) (AddrImm 80)) 5
4c08: MOV Address (SizeDir 64 (AddrPlus (FromReg RSP) (AddrImm 40))), Reg RAX 5
4c0d: NOP  3
4c10: MOV Reg RDX, Address (SizeDir 64 (AddrPlus (FromReg RBP) (AddrImm 0))) 4
4c14: MOV Reg ESI, Immediate 512 5
4c19: MOV Reg RDI, Reg RBX 3
4c1c: CALL fgets (external)
4c21: TEST Reg RAX, Reg RAX 3
4c24: JZ 4fb8 (resolved immediate)
  |
  `- 4c2a,4fb8
4c2a: LEA Reg R12, Address (AddrPlus (FromReg RSP) (AddrImm 224)) 8
4c32: PUSH Immediate 0 2
4c34: PUSH Immediate 0 2
4c36: PUSH Immediate 0 2
4c38: PUSH Immediate 0 2
4c3a: MOV Reg RDI, Reg RBX 3
4c3d: MOV Reg RSI, Reg R12 3
4c40: LEA Reg RAX, Address (AddrPlus (FromReg RSP) (AddrImm 168)) 8
4c48: PUSH Reg RAX 1
4c49: LEA Reg RAX, Address (AddrPlus (FromReg RSP) (AddrImm 168)) 8
4c51: PUSH Reg RAX 1
4c52: LEA Reg RAX, Address (AddrPlus (FromReg RSP) (AddrImm 168)) 8
4c5a: PUSH Reg RAX 1
4c5b: LEA Reg RAX, Address (AddrPlus (FromReg RSP) (AddrImm 168)) 8
4c63: PUSH Reg RAX 1
4c64: PUSH Immediate 0 2
4c66: PUSH Immediate 0 2
4c68: PUSH Immediate 0 2
4c6a: PUSH Immediate 0 2
4c6c: MOV Reg R9, Address (SizeDir 64 (AddrPlus (FromReg RSP) (AddrImm 112))) 5
4c71: MOV Reg R8, Address (SizeDir 64 (AddrPlus (FromReg RSP) (AddrImm 120))) 5
4c76: MOV Reg RCX, Address (SizeDir 64 (AddrPlus (FromReg RSP) (AddrImm 128))) 8
4c7e: MOV Reg RDX, Address (SizeDir 64 (AddrPlus (FromReg RSP) (AddrImm 136))) 8
4c86: CALL parseNetDevLine (external)
4c8b: ADD Reg RSP, Immediate 96 4
4c8f: MOV Reg RSI, Address (SizeDir 64 (AddrPlus (FromReg RSP) (AddrImm 8))) 5
4c94: MOV Reg RDI, Reg R12 3
4c97: CALL strstr (external)
4c9c: TEST Reg RAX, Reg RAX 3
4c9f: JZ 4cb7 (resolved immediate)
  |
  `- 4ca1,4cb7
4ca1: MOV Reg RSI, Address (SizeDir 64 (AddrPlus (FromReg RSP) (AddrImm 48))) 5
4ca6: MOV Reg RDI, Reg R12 3
4ca9: CALL strstr (external)
4cae: TEST Reg RAX, Reg RAX 3
4cb1: JZ 4ec8 (resolved immediate)
  |
  `- 4cb7,4ec8
4cb7: LEA Reg R13, Address (AddrPlus (FromReg RSP) (AddrImm 272)) 8
4cbf: LEA Reg R8, Address (AddrPlus (FromReg RIP) (AddrImm 3162)) 7
4cc6: MOV Reg R9, Reg R12 3
4cc9: MOV Reg ECX, Immediate 48 5
4cce: MOV Reg EDX, Immediate 1 5
4cd3: MOV Reg ESI, Immediate 48 5
4cd8: MOV Reg RDI, Reg R13 3
4cdb: XOR Reg EAX, Reg EAX 2
4cdd: LEA Reg R15, Address (AddrPlus (FromReg RSP) (AddrImm 144)) 8
4ce5: CALL __snprintf_chk (external)
4cea: LEA Reg RSI, Address (AddrPlus (FromReg RIP) (AddrImm 2636)) 7
4cf1: MOV Reg RDI, Reg R13 3
4cf4: LEA Reg R14, Address (AddrPlus (FromReg RSP) (AddrImm 76)) 5
4cf9: CALL fopen (external)
4cfe: TEST Reg RAX, Reg RAX 3
4d01: MOV Reg R13, Reg RAX 3
4d04: JZ 4d2e (resolved immediate)
  |
  `- 4d06,4d2e
4d06: LEA Reg RSI, Address (AddrPlus (FromReg RIP) (AddrImm 2614)) 7
4d0d: MOV Reg RDI, Reg RAX 3
4d10: MOV Reg RCX, Reg R15 3
4d13: MOV Reg RDX, Reg R14 3
4d16: XOR Reg EAX, Reg EAX 2
4d18: CALL __isoc99_fscanf (external)
4d1d: MOV Reg RDI, Reg R13 3
4d20: MOV Address (SizeDir 32 (FromReg RSP)), Reg EAX 3
4d23: CALL fclose (external)
4d28: CMP Address (SizeDir 32 (FromReg RSP)), Immediate 2 4
4d2c: JZ 4d4e (resolved immediate)
  |
  `- 4d2e,4d4e
4d2e: LEA Reg RSI, Address (AddrPlus (FromReg RIP) (AddrImm 2592)) 7
4d35: XOR Reg EAX, Reg EAX 2
4d37: MOV Reg RCX, Reg R15 3
4d3a: MOV Reg RDX, Reg R14 3
4d3d: MOV Reg RDI, Reg R12 3
4d40: CALL __isoc99_sscanf (external)
4d45: CMP Reg EAX, Immediate 2 3
4d48: JNZ 4c10 (resolved immediate)
  |
  `- 4c10,4d4e
4d4e: MOV Reg RAX, Address (SizeDir 64 (AddrPlus (FromReg RSP) (AddrImm 112))) 5
4d53: MOV Reg ESI, Address (SizeDir 32 (AddrPlus (FromReg RSP) (AddrImm 76))) 4
4d57: MOV Reg RDI, Address (SizeDir 64 (AddrPlus (FromReg RSP) (AddrImm 56))) 5
4d5c: MOV Address (SizeDir 64 (AddrPlus (FromReg RSP) (AddrImm 184))), Reg RAX 8
4d64: MOV Reg RAX, Address (SizeDir 64 (AddrPlus (FromReg RSP) (AddrImm 120))) 5
4d69: MOV Address (SizeDir 64 (AddrPlus (FromReg RSP) (AddrImm 192))), Reg RAX 8
4d71: MOV Reg RAX, Address (SizeDir 64 (AddrPlus (FromReg RSP) (AddrImm 128))) 8
4d79: MOV Address (SizeDir 64 (AddrPlus (FromReg RSP) (AddrImm 200))), Reg RAX 8
4d81: MOV Reg RAX, Address (SizeDir 64 (AddrPlus (FromReg RSP) (AddrImm 136))) 8
4d89: MOV Address (SizeDir 64 (AddrPlus (FromReg RSP) (AddrImm 208))), Reg RAX 8
4d91: MOV Reg RAX, Address (SizeDir 64 (AddrPlus (FromReg RSP) (AddrImm 80))) 5
4d96: MOV Address (SizeDir 64 (AddrPlus (FromReg RSP) (AddrImm 152))), Reg RAX 8
4d9e: MOV Reg RAX, Address (SizeDir 64 (AddrPlus (FromReg RSP) (AddrImm 88))) 5
4da3: MOV Address (SizeDir 64 (AddrPlus (FromReg RSP) (AddrImm 160))), Reg RAX 8
4dab: MOV Reg RAX, Address (SizeDir 64 (AddrPlus (FromReg RSP) (AddrImm 96))) 5
4db0: MOV Address (SizeDir 64 (AddrPlus (FromReg RSP) (AddrImm 168))), Reg RAX 8
4db8: MOV Reg RAX, Address (SizeDir 64 (AddrPlus (FromReg RSP) (AddrImm 104))) 5
4dbd: MOV Address (SizeDir 64 (AddrPlus (FromReg RSP) (AddrImm 176))), Reg RAX 8
4dc5: CALL xenstat_node_domain (external)
4dca: TEST Reg RAX, Reg RAX 3
4dcd: MOV Reg R12, Reg RAX 3
4dd0: JZ 5058 (resolved immediate)
  |
  `- 4dd6,5058
4dd6: MOV Reg RDI, Address (SizeDir 64 (AddrPlus (FromReg RAX) (AddrImm 72))) 4
4dda: TEST Reg RDI, Reg RDI 3
4ddd: JZ 4f98 (resolved immediate)
  |
  `- 4de3,4f98
4de3: MOV Reg EAX, Address (SizeDir 32 (AddrPlus (FromReg RAX) (AddrImm 68))) 3
4de6: ADD Reg EAX, Immediate 1 3
4de9: LEA Reg RSI, Address (AddrPlus (FromReg RAX) (AddrTimes (AddrImm 8) (FromReg RAX))) 4
4ded: MOV Address (SizeDir 32 (AddrPlus (FromReg R12) (AddrImm 68))), Reg EAX 5
4df2: SHL Reg RSI, Immediate 3 4
4df6: CALL realloc (external)
4dfb: TEST Reg RAX, Reg RAX 3
4dfe: JZ 5020 (resolved immediate)
  |
  `- 4e04,5020
4e04: MOV Address (SizeDir 64 (AddrPlus (FromReg R12) (AddrImm 72))), Reg RAX 5
4e09: TEST Reg RAX, Reg RAX 3
4e0c: JZ 4e98 (resolved immediate)
  |
  `- 4e12,4e98
4e12: MOV Reg EDX, Address (SizeDir 32 (AddrPlus (FromReg R12) (AddrImm 68))) 5
4e17: MOVDQA Reg XMM0, Address (SizeDir 128 (AddrPlus (FromReg RSP) (AddrImm 144))) 9
4e20: SUB Reg EDX, Immediate 1 3
4e23: LEA Reg RDX, Address (AddrPlus (FromReg RDX) (AddrTimes (AddrImm 8) (FromReg RDX))) 4
4e27: LEA Reg RAX, Address (AddrPlus (FromReg RAX) (AddrTimes (AddrImm 8) (FromReg RDX))) 4
4e2b: MOVUPS Address (SizeDir 128 (FromReg RAX)), Reg XMM0 3
4e2e: MOVDQA Reg XMM0, Address (SizeDir 128 (AddrPlus (FromReg RSP) (AddrImm 160))) 9
4e37: MOVUPS Address (SizeDir 128 (AddrPlus (FromReg RAX) (AddrImm 16))), Reg XMM0 4
4e3b: MOVDQA Reg XMM0, Address (SizeDir 128 (AddrPlus (FromReg RSP) (AddrImm 176))) 9
4e44: MOVUPS Address (SizeDir 128 (AddrPlus (FromReg RAX) (AddrImm 32))), Reg XMM0 4
4e48: MOVDQA Reg XMM0, Address (SizeDir 128 (AddrPlus (FromReg RSP) (AddrImm 192))) 9
4e51: MOVUPS Address (SizeDir 128 (AddrPlus (FromReg RAX) (AddrImm 48))), Reg XMM0 4
4e55: MOV Reg RDX, Address (SizeDir 64 (AddrPlus (FromReg RSP) (AddrImm 208))) 8
4e5d: MOV Address (SizeDir 64 (AddrPlus (FromReg RAX) (AddrImm 64))), Reg RDX 4
4e61: JMP 4c10 (resolved immediate)
  |
  `- 4c10
4e70: ADD Reg RDI, Immediate 24 4
4e74: CALL get_priv_data.isra.0.part.1 (internal)
  |
  `- 4330
4e79: TEST Reg RAX, Reg RAX 3
4e7c: MOV Reg RBP, Reg RAX 3
4e7f: JNZ 4b7b (resolved immediate)
  |
  `- 4b7b,4e85
4e85: LEA Reg RDI, Address (AddrPlus (FromReg RIP) (AddrImm 2178)) 7
4e8c: CALL perror (external)
4e91: XOR Reg EAX, Reg EAX 2
4e93: NOP  5
4e98: MOV Reg RBX, Address (SizeDir 64 (AddrPlus (FromReg RSP) (AddrImm 1000))) 8
4ea0: XOR Reg RBX, Address (SizeDir 64 (AddrPlus (FromReg FS) (AddrImm 40))) 9
4ea9: JNZ 50db (resolved immediate)
  |
  `- 4eaf,50db
4eaf: ADD Reg RSP, Immediate 1016 7
4eb6: POP Reg RBX 1
4eb7: POP Reg RBP 1
4eb8: POP Reg R12 2
4eba: POP Reg R13 2
4ebc: POP Reg R14 2
4ebe: POP Reg R15 2
4ec0: RET  1
  |
  `- 
4ec8: MOV Reg RDI, Address (SizeDir 64 (AddrPlus (FromReg RSP) (AddrImm 56))) 5
4ecd: XOR Reg ESI, Reg ESI 2
4ecf: CALL xenstat_node_domain (external)
4ed4: TEST Reg RAX, Reg RAX 3
4ed7: JZ 4cb7 (resolved immediate)
  |
  `- 4cb7,4edd
4edd: MOV Reg EDX, Address (SizeDir 32 (AddrPlus (FromReg RAX) (AddrImm 68))) 3
4ee0: TEST Reg EDX, Reg EDX 2
4ee2: JZ 4c10 (resolved immediate)
  |
  `- 4c10,4ee8
4ee8: MOV Reg R14, Address (SizeDir 64 (AddrPlus (FromReg RSP) (AddrImm 112))) 5
4eed: MOV Reg R13, Address (SizeDir 64 (AddrPlus (FromReg RSP) (AddrImm 120))) 5
4ef2: XOR Reg EDX, Reg EDX 2
4ef4: MOV Reg R12, Address (SizeDir 64 (AddrPlus (FromReg RSP) (AddrImm 128))) 8
4efc: MOV Reg R11, Address (SizeDir 64 (AddrPlus (FromReg RSP) (AddrImm 136))) 8
4f04: XOR Reg ESI, Reg ESI 2
4f06: MOV Reg R10, Address (SizeDir 64 (AddrPlus (FromReg RSP) (AddrImm 80))) 5
4f0b: MOV Reg R9, Address (SizeDir 64 (AddrPlus (FromReg RSP) (AddrImm 88))) 5
4f10: MOV Reg R8, Address (SizeDir 64 (AddrPlus (FromReg RSP) (AddrImm 96))) 5
4f15: MOV Reg RDI, Address (SizeDir 64 (AddrPlus (FromReg RSP) (AddrImm 104))) 5
4f1a: NOP  6
4f20: MOV Reg RCX, Address (SizeDir 64 (AddrPlus (FromReg RAX) (AddrImm 72))) 4
4f24: ADD Reg RCX, Reg RDX 3
4f27: MOV Reg R15D, Address (SizeDir 32 (FromReg RCX)) 3
4f2a: TEST Reg R15D, Reg R15D 3
4f2d: JNZ 4f80 (resolved immediate)
  |
  `- 4f2f,4f80
4f2f: CMP Address (SizeDir 64 (AddrPlus (FromReg RCX) (AddrImm 40))), Immediate 0 5
4f34: JNZ 4f80 (resolved immediate)
  |
  `- 4f36,4f80
4f36: CMP Address (SizeDir 64 (AddrPlus (FromReg RCX) (AddrImm 8))), Immediate 0 5
4f3b: JNZ 4f80 (resolved immediate)
  |
  `- 4f3d,4f80
4f3d: MOV Address (SizeDir 64 (AddrPlus (FromReg RCX) (AddrImm 40))), Reg R14 4
4f41: MOV Reg RCX, Address (SizeDir 64 (AddrPlus (FromReg RAX) (AddrImm 72))) 4
4f45: MOV Address (SizeDir 64 (AddrPlus (AddrPlus (FromReg RCX) (FromReg RDX)) (AddrImm 48))), Reg R13 5
4f4a: MOV Reg RCX, Address (SizeDir 64 (AddrPlus (FromReg RAX) (AddrImm 72))) 4
4f4e: MOV Address (SizeDir 64 (AddrPlus (AddrPlus (FromReg RCX) (FromReg RDX)) (AddrImm 56))), Reg R12 5
4f53: MOV Reg RCX, Address (SizeDir 64 (AddrPlus (FromReg RAX) (AddrImm 72))) 4
4f57: MOV Address (SizeDir 64 (AddrPlus (AddrPlus (FromReg RCX) (FromReg RDX)) (AddrImm 64))), Reg R11 5
4f5c: MOV Reg RCX, Address (SizeDir 64 (AddrPlus (FromReg RAX) (AddrImm 72))) 4
4f60: MOV Address (SizeDir 64 (AddrPlus (AddrPlus (FromReg RCX) (FromReg RDX)) (AddrImm 8))), Reg R10 5
4f65: MOV Reg RCX, Address (SizeDir 64 (AddrPlus (FromReg RAX) (AddrImm 72))) 4
4f69: MOV Address (SizeDir 64 (AddrPlus (AddrPlus (FromReg RCX) (FromReg RDX)) (AddrImm 16))), Reg R9 5
4f6e: MOV Reg RCX, Address (SizeDir 64 (AddrPlus (FromReg RAX) (AddrImm 72))) 4
4f72: MOV Address (SizeDir 64 (AddrPlus (AddrPlus (FromReg RCX) (FromReg RDX)) (AddrImm 24))), Reg R8 5
4f77: MOV Reg RCX, Address (SizeDir 64 (AddrPlus (FromReg RAX) (AddrImm 72))) 4
4f7b: MOV Address (SizeDir 64 (AddrPlus (AddrPlus (FromReg RCX) (FromReg RDX)) (AddrImm 32))), Reg RDI 5
4f80: ADD Reg ESI, Immediate 1 3
4f83: ADD Reg RDX, Immediate 72 4
4f87: CMP Address (SizeDir 32 (AddrPlus (FromReg RAX) (AddrImm 68))), Reg ESI 3
4f8a: JA 4f20 (resolved immediate)
  |
  `- 4f20,4f8c
4f8c: JMP 4c10 (resolved immediate)
  |
  `- 4c10
4f98: MOV Address (SizeDir 32 (AddrPlus (FromReg RAX) (AddrImm 68))), Immediate 1 7
4f9f: MOV Reg EDI, Immediate 72 5
4fa4: CALL malloc (external)
4fa9: MOV Address (SizeDir 64 (AddrPlus (FromReg R12) (AddrImm 72))), Reg RAX 5
4fae: JMP 4e09 (resolved immediate)
  |
  `- 4e09
4fb8: MOV Reg EAX, Immediate 1 5
4fbd: JMP 4e98 (resolved immediate)
  |
  `- 4e98
4fc8: LEA Reg RSI, Address (AddrPlus (FromReg RIP) (AddrImm 1902)) 7
4fcf: LEA Reg RDI, Address (AddrPlus (FromReg RIP) (AddrImm 1879)) 7
4fd6: CALL fopen (external)
4fdb: TEST Reg RAX, Reg RAX 3
4fde: MOV Address (SizeDir 64 (AddrPlus (FromReg RBP) (AddrImm 0))), Reg RAX 4
4fe2: JZ 5040 (resolved immediate)
  |
  `- 4fe4,5040
4fe4: LEA Reg R12, Address (AddrPlus (FromReg RSP) (AddrImm 272)) 8
4fec: MOV Reg RCX, Reg RAX 3
4fef: MOV Reg EDX, Immediate 1 5
4ff4: MOV Reg ESI, Immediate 200 5
4ff9: MOV Reg RDI, Reg R12 3
4ffc: CALL fread (external)
5001: CMP Reg RAX, Immediate 1 4
5005: JZ 5090 (resolved immediate)
  |
  `- 500b,5090
500b: LEA Reg RDI, Address (AddrPlus (FromReg RIP) (AddrImm 2238)) 7
5012: CALL perror (external)
5017: XOR Reg EAX, Reg EAX 2
5019: JMP 4e98 (resolved immediate)
  |
  `- 4e98
5020: MOV Reg RDI, Address (SizeDir 64 (AddrPlus (FromReg R12) (AddrImm 72))) 5
5025: MOV Address (SizeDir 64 (FromReg RSP)), Reg RAX 4
5029: CALL free (external)
502e: MOV Reg RAX, Address (SizeDir 64 (FromReg RSP)) 4
5032: JMP 4e04 (resolved immediate)
  |
  `- 4e04
5040: LEA Reg RDI, Address (AddrPlus (FromReg RIP) (AddrImm 1752)) 7
5047: CALL perror (external)
504c: XOR Reg EAX, Reg EAX 2
504e: JMP 4e98 (resolved immediate)
  |
  `- 4e98
5058: MOV Reg RAX, Address (SizeDir 64 (AddrPlus (FromReg RIP) (AddrImm 2105217))) 7
505f: MOV Reg ECX, Address (SizeDir 32 (AddrPlus (FromReg RSP) (AddrImm 76))) 4
5063: LEA Reg RDX, Address (AddrPlus (FromReg RIP) (AddrImm 2270)) 7
506a: MOV Reg R8D, Address (SizeDir 32 (AddrPlus (FromReg RSP) (AddrImm 144))) 8
5072: MOV Reg ESI, Immediate 1 5
5077: MOV Reg RDI, Address (SizeDir 64 (FromReg RAX)) 3
507a: MOV Reg R9D, Reg ECX 3
507d: XOR Reg EAX, Reg EAX 2
507f: CALL __fprintf_chk (external)
5084: JMP 4c10 (resolved immediate)
  |
  `- 4c10
5090: LEA Reg RSI, Address (AddrPlus (FromReg RIP) (AddrImm 2505)) 7
5097: MOV Reg RDI, Reg R12 3
509a: MOV Address (SizeDir 8 (AddrPlus (FromReg RSP) (AddrImm 472))), Immediate 0 8
50a2: CALL strcmp (external)
50a7: TEST Reg EAX, Reg EAX 2
50a9: JNZ 50b4 (resolved immediate)
  |
  `- 50ab,50b4
50ab: MOV Reg RDI, Address (SizeDir 64 (AddrPlus (FromReg RBP) (AddrImm 0))) 4
50af: JMP 4b88 (resolved immediate)
  |
  `- 4b88
50b4: MOV Reg RAX, Address (SizeDir 64 (AddrPlus (FromReg RIP) (AddrImm 2105125))) 7
50bb: LEA Reg RDI, Address (AddrPlus (FromReg RIP) (AddrImm 2102)) 7
50c2: MOV Reg EDX, Immediate 32 5
50c7: MOV Reg ESI, Immediate 1 5
50cc: MOV Reg RCX, Address (SizeDir 64 (FromReg RAX)) 3
50cf: CALL fwrite (external)
50d4: XOR Reg EAX, Reg EAX 2
50d6: JMP 4e98 (resolved immediate)
  |
  `- 4e98
50db: CALL __stack_chk_fail (external)
  |
  `- 
