Number of assembly instructions     = 31
Number of indirect branches         = 0
Number of unresolved indirect jumps = 0: 
Number of unresolved indirect calls = 0: 
Number of symbolic states (representative of non-determinism): 31
Number of edges: 31

4330 (True): 5115
50e0 (False): 0

4330: PUSH Reg RBX 1
4331: MOV Reg RBX, Reg RDI 3
4334: MOV Reg EDI, Immediate 16 5
4339: CALL malloc (external)
433e: TEST Reg RAX, Reg RAX 3
4341: MOV Address (SizeDir 64 (FromReg RBX)), Reg RAX 3
4344: JE 4355 (resolved immediate)
  |
  `- 4346,4355
4346: MOV Address (SizeDir 64 (FromReg RAX)), Immediate 0 7
434d: MOV Address (SizeDir 64 (AddrPlus (FromReg RAX) (AddrImm 8))), Immediate 0 8
4355: POP Reg RBX 1
4356: RET  1
  |
  `- 
50e0: MOV Reg RAX, Address (SizeDir 64 (AddrPlus (FromReg RDI) (AddrImm 24))) 4
50e4: TEST Reg RAX, Reg RAX 3
50e7: JE 5108 (resolved immediate)
  |
  `- 50e9,5108
50e9: MOV Reg RDI, Address (SizeDir 64 (FromReg RAX)) 3
50ec: TEST Reg RDI, Reg RDI 3
50ef: JE 5100 (resolved immediate)
  |
  `- 50f1,5100
50f1: JMP fclose (jmp to external function)
  |
  `- 
5100: RET  2
  |
  `- 
5108: SUB Reg RSP, Immediate 8 4
510c: ADD Reg RDI, Immediate 24 4
5110: CALL get_priv_data.isra.0.part.1 (internal)
  |
  `- 4330
5115: TEST Reg RAX, Reg RAX 3
5118: JNE 511f (resolved immediate)
  |
  `- 511a,511f
511a: ADD Reg RSP, Immediate 8 4
511e: RET  1
  |
  `- 
511f: MOV Reg RDI, Address (SizeDir 64 (FromReg RAX)) 3
5122: TEST Reg RDI, Reg RDI 3
5125: JE 511a (resolved immediate)
  |
  `- 511a,5127
5127: ADD Reg RSP, Immediate 8 4
512b: JMP fclose (jmp to external function)
  |
  `- 
