Number of assembly instructions     = 1728
Number of indirect branches         = 0
Number of unresolved indirect jumps = 0: 
Number of unresolved indirect calls = 0: 
Number of symbolic states (representative of non-determinism): 1745
Number of edges: 2141

40c90 (True): 8999f, 89a3d, 89b24, 89b6e, 89bab, 89d40, 89d7d, 89dba, 89df7, 89e41, 89f82, 89fbf, 89ffc, 8a7d4, 8a84e, 8a8a2, 8a8df, 8a9c3, 8aafd, 8abee, 8ac2b, 8ac68, 8ad8a, 8ae47, 8ae84, 8aedb, 8af18
40cd0 (True): 89e9b, 8a088, 8a1cf, 8a3a2, 8a70b, 8a74a, 8ab97, 8acab, 8afae, 8b15f, 8b4e2
896c0 (False): 0

40c90: TEST Reg RSI, Reg RSI 3
40c93: JZ 40cc0 (resolved immediate)
  |
  `- 40c95,40cc0
40c95: PUSH Reg RBP 1
40c96: PUSH Reg RBX 1
40c97: MOV Reg RBP, Reg RDI 3
40c9a: MOV Reg RDI, Reg RSI 3
40c9d: MOV Reg RBX, Reg RSI 3
40ca0: SUB Reg RSP, Immediate 8 4
40ca4: CALL strlen (external)
40ca9: ADD Reg RSP, Immediate 8 4
40cad: MOV Reg RSI, Reg RBX 3
40cb0: MOV Reg RDI, Reg RBP 3
40cb3: POP Reg RBX 1
40cb4: POP Reg RBP 1
40cb5: MOV Reg RDX, Reg RAX 3
40cb8: JMP yajl_gen_string (jmp to external function)
  |
  `- 
40cc0: JMP yajl_gen_null (jmp to external function)
  |
  `- 
40cd0: JMP 40c90 (resolved immediate)
  |
  `- 40c90
896c0: PUSH Reg R12 2
896c2: PUSH Reg RBP 1
896c3: MOV Reg RBP, Reg RSI 3
896c6: PUSH Reg RBX 1
896c7: MOV Reg RBX, Reg RDI 3
896ca: CALL yajl_gen_map_open (external)
896cf: TEST Reg EAX, Reg EAX 2
896d1: JNZ 896f4 (resolved immediate)
  |
  `- 896d3,896f4
896d3: MOV Reg R12D, Address (SizeDir 32 (AddrPlus (FromReg RBP) (AddrImm 0))) 4
896d7: TEST Reg R12D, Reg R12D 3
896da: JZ 89710 (resolved immediate)
  |
  `- 896dc,89710
896dc: LEA Reg RSI, Address (AddrPlus (FromReg RIP) (AddrImm 122016)) 7
896e3: MOV Reg EDX, Immediate 9 5
896e8: MOV Reg RDI, Reg RBX 3
896eb: CALL yajl_gen_string (external)
896f0: TEST Reg EAX, Reg EAX 2
896f2: JZ 89700 (resolved immediate)
  |
  `- 896f4,89700
896f4: POP Reg RBX 1
896f5: POP Reg RBP 1
896f6: POP Reg R12 2
896f8: RET  1
  |
  `- 
89700: MOVSXD Reg RSI, Address (SizeDir 32 (AddrPlus (FromReg RBP) (AddrImm 0))) 4
89704: MOV Reg RDI, Reg RBX 3
89707: CALL yajl_gen_integer (external)
8970c: TEST Reg EAX, Reg EAX 2
8970e: JNZ 896f4 (resolved immediate)
  |
  `- 896f4,89710
89710: LEA Reg R12, Address (AddrPlus (FromReg RBP) (AddrImm 8)) 4
89714: MOV Reg RDI, Reg R12 3
89717: CALL libxl_bitmap_is_empty (external)
8971c: TEST Reg EAX, Reg EAX 2
8971e: JNZ 89750 (resolved immediate)
  |
  `- 89720,89750
89720: LEA Reg RSI, Address (AddrPlus (FromReg RIP) (AddrImm 121958)) 7
89727: MOV Reg EDX, Immediate 11 5
8972c: MOV Reg RDI, Reg RBX 3
8972f: CALL yajl_gen_string (external)
89734: TEST Reg EAX, Reg EAX 2
89736: JNZ 896f4 (resolved immediate)
  |
  `- 896f4,89738
89738: MOV Reg RSI, Reg R12 3
8973b: MOV Reg RDI, Reg RBX 3
8973e: CALL libxl_bitmap_gen_json (external)
89743: TEST Reg EAX, Reg EAX 2
89745: JNZ 896f4 (resolved immediate)
  |
  `- 896f4,89747
89747: NOP  9
89750: LEA Reg R12, Address (AddrPlus (FromReg RBP) (AddrImm 24)) 4
89754: MOV Reg RDI, Reg R12 3
89757: CALL libxl_bitmap_is_empty (external)
8975c: TEST Reg EAX, Reg EAX 2
8975e: JNZ 89790 (resolved immediate)
  |
  `- 89760,89790
89760: LEA Reg RSI, Address (AddrPlus (FromReg RIP) (AddrImm 119892)) 7
89767: MOV Reg EDX, Immediate 6 5
8976c: MOV Reg RDI, Reg RBX 3
8976f: CALL yajl_gen_string (external)
89774: TEST Reg EAX, Reg EAX 2
89776: JNZ 896f4 (resolved immediate)
  |
  `- 896f4,8977c
8977c: MOV Reg RSI, Reg R12 3
8977f: MOV Reg RDI, Reg RBX 3
89782: CALL libxl_bitmap_gen_json (external)
89787: TEST Reg EAX, Reg EAX 2
89789: JNZ 896f4 (resolved immediate)
  |
  `- 896f4,8978f
8978f: NOP  1
89790: LEA Reg R12, Address (AddrPlus (FromReg RBP) (AddrImm 40)) 4
89794: MOV Reg RDI, Reg R12 3
89797: CALL libxl_bitmap_is_empty (external)
8979c: TEST Reg EAX, Reg EAX 2
8979e: JZ 8a168 (resolved immediate)
  |
  `- 897a4,8a168
897a4: CMP Address (SizeDir 64 (AddrPlus (FromReg RBP) (AddrImm 64))), Immediate 0 5
897a9: JZ 897b8 (resolved immediate)
  |
  `- 897ab,897b8
897ab: MOV Reg R11D, Address (SizeDir 32 (AddrPlus (FromReg RBP) (AddrImm 56))) 4
897af: TEST Reg R11D, Reg R11D 3
897b2: JNZ 8a0c0 (resolved immediate)
  |
  `- 897b8,8a0c0
897b8: CMP Address (SizeDir 64 (AddrPlus (FromReg RBP) (AddrImm 80))), Immediate 0 5
897bd: JZ 89848 (resolved immediate)
  |
  `- 897c3,89848
897c3: MOV Reg R8D, Address (SizeDir 32 (AddrPlus (FromReg RBP) (AddrImm 72))) 4
897c7: TEST Reg R8D, Reg R8D 3
897ca: JZ 89848 (resolved immediate)
  |
  `- 897cc,89848
897cc: LEA Reg RSI, Address (AddrPlus (FromReg RIP) (AddrImm 121817)) 7
897d3: MOV Reg EDX, Immediate 18 5
897d8: MOV Reg RDI, Reg RBX 3
897db: CALL yajl_gen_string (external)
897e0: TEST Reg EAX, Reg EAX 2
897e2: JNZ 896f4 (resolved immediate)
  |
  `- 896f4,897e8
897e8: MOV Reg RDI, Reg RBX 3
897eb: CALL yajl_gen_array_open (external)
897f0: TEST Reg EAX, Reg EAX 2
897f2: JNZ 896f4 (resolved immediate)
  |
  `- 896f4,897f8
897f8: MOV Reg EDI, Address (SizeDir 32 (AddrPlus (FromReg RBP) (AddrImm 72))) 3
897fb: TEST Reg EDI, Reg EDI 2
897fd: JLE 89832 (resolved immediate)
  |
  `- 897ff,89832
897ff: XOR Reg R12D, Reg R12D 3
89802: JMP 89816 (resolved immediate)
  |
  `- 89816
89808: LEA Reg EAX, Address (AddrPlus (FromReg R12) (AddrImm 1)) 5
8980d: ADD Reg R12, Immediate 1 4
89811: CMP Address (SizeDir 32 (AddrPlus (FromReg RBP) (AddrImm 72))), Reg EAX 3
89814: JLE 89832 (resolved immediate)
  |
  `- 89816,89832
89816: MOV Reg RSI, Reg R12 3
89819: MOV Reg RDI, Reg RBX 3
8981c: SHL Reg RSI, Immediate 4 4
89820: ADD Reg RSI, Address (SizeDir 64 (AddrPlus (FromReg RBP) (AddrImm 80))) 4
89824: CALL libxl_bitmap_gen_json (external)
89829: TEST Reg EAX, Reg EAX 2
8982b: JZ 89808 (resolved immediate)
  |
  `- 89808,8982d
8982d: JMP 896f4 (resolved immediate)
  |
  `- 896f4
89832: MOV Reg RDI, Reg RBX 3
89835: CALL yajl_gen_array_close (external)
8983a: TEST Reg EAX, Reg EAX 2
8983c: JNZ 896f4 (resolved immediate)
  |
  `- 896f4,89842
89842: NOP  6
89848: MOV Reg R9D, Address (SizeDir 32 (AddrPlus (FromReg RBP) (AddrImm 88))) 4
8984c: TEST Reg R9D, Reg R9D 3
8984f: JNZ 8a130 (resolved immediate)
  |
  `- 89855,8a130
89855: MOV Reg ESI, Address (SizeDir 32 (AddrPlus (FromReg RBP) (AddrImm 92))) 3
89858: TEST Reg ESI, Reg ESI 2
8985a: JNZ 8a1a0 (resolved immediate)
  |
  `- 89860,8a1a0
89860: CMP Address (SizeDir 64 (AddrPlus (FromReg RBP) (AddrImm 96))), Immediate 18446744073709551615 5
89865: JZ 898a0 (resolved immediate)
  |
  `- 89867,898a0
89867: LEA Reg RSI, Address (AddrPlus (FromReg RIP) (AddrImm 121236)) 7
8986e: MOV Reg EDX, Immediate 9 5
89873: MOV Reg RDI, Reg RBX 3
89876: CALL yajl_gen_string (external)
8987b: TEST Reg EAX, Reg EAX 2
8987d: JNZ 896f4 (resolved immediate)
  |
  `- 896f4,89883
89883: MOV Reg RSI, Address (SizeDir 64 (AddrPlus (FromReg RBP) (AddrImm 96))) 4
89887: MOV Reg RDI, Reg RBX 3
8988a: CALL libxl__uint64_gen_json (external)
8988f: TEST Reg EAX, Reg EAX 2
89891: JNZ 896f4 (resolved immediate)
  |
  `- 896f4,89897
89897: NOP  9
898a0: CMP Address (SizeDir 64 (AddrPlus (FromReg RBP) (AddrImm 104))), Immediate 18446744073709551615 5
898a5: JZ 898e0 (resolved immediate)
  |
  `- 898a7,898e0
898a7: LEA Reg RSI, Address (AddrPlus (FromReg RIP) (AddrImm 121632)) 7
898ae: MOV Reg EDX, Immediate 12 5
898b3: MOV Reg RDI, Reg RBX 3
898b6: CALL yajl_gen_string (external)
898bb: TEST Reg EAX, Reg EAX 2
898bd: JNZ 896f4 (resolved immediate)
  |
  `- 896f4,898c3
898c3: MOV Reg RSI, Address (SizeDir 64 (AddrPlus (FromReg RBP) (AddrImm 104))) 4
898c7: MOV Reg RDI, Reg RBX 3
898ca: CALL libxl__uint64_gen_json (external)
898cf: TEST Reg EAX, Reg EAX 2
898d1: JNZ 896f4 (resolved immediate)
  |
  `- 896f4,898d7
898d7: NOP  9
898e0: CMP Address (SizeDir 64 (AddrPlus (FromReg RBP) (AddrImm 112))), Immediate 18446744073709551615 5
898e5: JZ 89917 (resolved immediate)
  |
  `- 898e7,89917
898e7: LEA Reg RSI, Address (AddrPlus (FromReg RIP) (AddrImm 121581)) 7
898ee: MOV Reg EDX, Immediate 11 5
898f3: MOV Reg RDI, Reg RBX 3
898f6: CALL yajl_gen_string (external)
898fb: TEST Reg EAX, Reg EAX 2
898fd: JNZ 896f4 (resolved immediate)
  |
  `- 896f4,89903
89903: MOV Reg RSI, Address (SizeDir 64 (AddrPlus (FromReg RBP) (AddrImm 112))) 4
89907: MOV Reg RDI, Reg RBX 3
8990a: CALL libxl__uint64_gen_json (external)
8990f: TEST Reg EAX, Reg EAX 2
89911: JNZ 896f4 (resolved immediate)
  |
  `- 896f4,89917
89917: CMP Address (SizeDir 64 (AddrPlus (FromReg RBP) (AddrImm 120))), Immediate 18446744073709551615 5
8991c: JZ 8994e (resolved immediate)
  |
  `- 8991e,8994e
8991e: LEA Reg RSI, Address (AddrPlus (FromReg RIP) (AddrImm 121538)) 7
89925: MOV Reg EDX, Immediate 12 5
8992a: MOV Reg RDI, Reg RBX 3
8992d: CALL yajl_gen_string (external)
89932: TEST Reg EAX, Reg EAX 2
89934: JNZ 896f4 (resolved immediate)
  |
  `- 896f4,8993a
8993a: MOV Reg RSI, Address (SizeDir 64 (AddrPlus (FromReg RBP) (AddrImm 120))) 4
8993e: MOV Reg RDI, Reg RBX 3
89941: CALL libxl__uint64_gen_json (external)
89946: TEST Reg EAX, Reg EAX 2
89948: JNZ 896f4 (resolved immediate)
  |
  `- 896f4,8994e
8994e: MOV Reg ECX, Address (SizeDir 32 (AddrPlus (FromReg RBP) (AddrImm 128))) 6
89954: TEST Reg ECX, Reg ECX 2
89956: JNZ 8a1f1 (resolved immediate)
  |
  `- 8995c,8a1f1
8995c: MOV Reg EDX, Address (SizeDir 32 (AddrPlus (FromReg RBP) (AddrImm 132))) 6
89962: TEST Reg EDX, Reg EDX 2
89964: JNZ 8a228 (resolved immediate)
  |
  `- 8996a,8a228
8996a: CMP Address (SizeDir 64 (AddrPlus (FromReg RBP) (AddrImm 136))), Immediate 0 8
89972: JZ 899a7 (resolved immediate)
  |
  `- 89974,899a7
89974: LEA Reg RSI, Address (AddrPlus (FromReg RIP) (AddrImm 121493)) 7
8997b: MOV Reg EDX, Immediate 15 5
89980: MOV Reg RDI, Reg RBX 3
89983: CALL yajl_gen_string (external)
89988: TEST Reg EAX, Reg EAX 2
8998a: JNZ 896f4 (resolved immediate)
  |
  `- 896f4,89990
89990: MOV Reg RSI, Address (SizeDir 64 (AddrPlus (FromReg RBP) (AddrImm 136))) 7
89997: MOV Reg RDI, Reg RBX 3
8999a: CALL libxl__string_gen_json (internal)
  |
  `- 8999f,40c90
8999f: TEST Reg EAX, Reg EAX 2
899a1: JNZ 896f4 (resolved immediate)
  |
  `- 896f4,899a7
899a7: MOV Reg EAX, Address (SizeDir 32 (AddrPlus (FromReg RBP) (AddrImm 144))) 6
899ad: TEST Reg EAX, Reg EAX 2
899af: JNZ 8a25f (resolved immediate)
  |
  `- 899b5,8a25f
899b5: CMP Address (SizeDir 32 (AddrPlus (FromReg RBP) (AddrImm 148))), Immediate 0 7
899bc: JZ 899f1 (resolved immediate)
  |
  `- 899be,899f1
899be: LEA Reg RSI, Address (AddrPlus (FromReg RIP) (AddrImm 121445)) 7
899c5: MOV Reg EDX, Immediate 15 5
899ca: MOV Reg RDI, Reg RBX 3
899cd: CALL yajl_gen_string (external)
899d2: TEST Reg EAX, Reg EAX 2
899d4: JNZ 896f4 (resolved immediate)
  |
  `- 896f4,899da
899da: LEA Reg RSI, Address (AddrPlus (FromReg RBP) (AddrImm 148)) 7
899e1: MOV Reg RDI, Reg RBX 3
899e4: CALL libxl_defbool_gen_json (external)
899e9: TEST Reg EAX, Reg EAX 2
899eb: JNZ 896f4 (resolved immediate)
  |
  `- 896f4,899f1
899f1: LEA Reg R12, Address (AddrPlus (FromReg RBP) (AddrImm 152)) 7
899f8: MOV Reg RDI, Reg R12 3
899fb: CALL libxl__cpuid_policy_is_empty (external)
89a00: TEST Reg EAX, Reg EAX 2
89a02: JZ 8a297 (resolved immediate)
  |
  `- 89a08,8a297
89a08: CMP Address (SizeDir 64 (AddrPlus (FromReg RBP) (AddrImm 160))), Immediate 0 8
89a10: JZ 89a45 (resolved immediate)
  |
  `- 89a12,89a45
89a12: LEA Reg RSI, Address (AddrPlus (FromReg RIP) (AddrImm 121377)) 7
89a19: MOV Reg EDX, Immediate 12 5
89a1e: MOV Reg RDI, Reg RBX 3
89a21: CALL yajl_gen_string (external)
89a26: TEST Reg EAX, Reg EAX 2
89a28: JNZ 896f4 (resolved immediate)
  |
  `- 896f4,89a2e
89a2e: MOV Reg RSI, Address (SizeDir 64 (AddrPlus (FromReg RBP) (AddrImm 160))) 7
89a35: MOV Reg RDI, Reg RBX 3
89a38: CALL libxl__string_gen_json (internal)
89a3d: TEST Reg EAX, Reg EAX 2
89a3f: JNZ 896f4 (resolved immediate)
  |
  `- 896f4,89a45
89a45: CMP Address (SizeDir 64 (AddrPlus (FromReg RBP) (AddrImm 176))), Immediate 0 8
89a4d: JZ 89a5c (resolved immediate)
  |
  `- 89a4f,89a5c
89a4f: CMP Address (SizeDir 32 (AddrPlus (FromReg RBP) (AddrImm 168))), Immediate 0 7
89a56: JNZ 8a2cb (resolved immediate)
  |
  `- 89a5c,8a2cb
89a5c: CMP Address (SizeDir 32 (AddrPlus (FromReg RBP) (AddrImm 184))), Immediate 32 7
89a63: JZ 89a97 (resolved immediate)
  |
  `- 89a65,89a97
89a65: LEA Reg RSI, Address (AddrPlus (FromReg RIP) (AddrImm 121319)) 7
89a6c: MOV Reg EDX, Immediate 16 5
89a71: MOV Reg RDI, Reg RBX 3
89a74: CALL yajl_gen_string (external)
89a79: TEST Reg EAX, Reg EAX 2
89a7b: JNZ 896f4 (resolved immediate)
  |
  `- 896f4,89a81
89a81: MOV Reg ESI, Address (SizeDir 32 (AddrPlus (FromReg RBP) (AddrImm 184))) 6
89a87: MOV Reg RDI, Reg RBX 3
89a8a: CALL yajl_gen_integer (external)
89a8f: TEST Reg EAX, Reg EAX 2
89a91: JNZ 896f4 (resolved immediate)
  |
  `- 896f4,89a97
89a97: CMP Address (SizeDir 32 (AddrPlus (FromReg RBP) (AddrImm 188))), Immediate 1024 10
89aa1: JZ 89ad5 (resolved immediate)
  |
  `- 89aa3,89ad5
89aa3: LEA Reg RSI, Address (AddrPlus (FromReg RIP) (AddrImm 121274)) 7
89aaa: MOV Reg EDX, Immediate 19 5
89aaf: MOV Reg RDI, Reg RBX 3
89ab2: CALL yajl_gen_string (external)
89ab7: TEST Reg EAX, Reg EAX 2
89ab9: JNZ 896f4 (resolved immediate)
  |
  `- 896f4,89abf
89abf: MOV Reg ESI, Address (SizeDir 32 (AddrPlus (FromReg RBP) (AddrImm 188))) 6
89ac5: MOV Reg RDI, Reg RBX 3
89ac8: CALL yajl_gen_integer (external)
89acd: TEST Reg EAX, Reg EAX 2
89acf: JNZ 896f4 (resolved immediate)
  |
  `- 896f4,89ad5
89ad5: CMP Address (SizeDir 32 (AddrPlus (FromReg RBP) (AddrImm 192))), Immediate 0 7
89adc: JNZ 8a370 (resolved immediate)
  |
  `- 89ae2,8a370
89ae2: CMP Address (SizeDir 32 (AddrPlus (FromReg RBP) (AddrImm 196))), Immediate 0 7
89ae9: JNZ 8a338 (resolved immediate)
  |
  `- 89aef,8a338
89aef: CMP Address (SizeDir 64 (AddrPlus (FromReg RBP) (AddrImm 200))), Immediate 0 8
89af7: JZ 89b2c (resolved immediate)
  |
  `- 89af9,89b2c
89af9: LEA Reg RSI, Address (AddrPlus (FromReg RIP) (AddrImm 121232)) 7
89b00: MOV Reg EDX, Immediate 12 5
89b05: MOV Reg RDI, Reg RBX 3
89b08: CALL yajl_gen_string (external)
89b0d: TEST Reg EAX, Reg EAX 2
89b0f: JNZ 896f4 (resolved immediate)
  |
  `- 896f4,89b15
89b15: MOV Reg RSI, Address (SizeDir 64 (AddrPlus (FromReg RBP) (AddrImm 200))) 7
89b1c: MOV Reg RDI, Reg RBX 3
89b1f: CALL libxl__string_gen_json (internal)
89b24: TEST Reg EAX, Reg EAX 2
89b26: JNZ 896f4 (resolved immediate)
  |
  `- 896f4,89b2c
89b2c: CMP Address (SizeDir 32 (AddrPlus (FromReg RBP) (AddrImm 208))), Immediate 0 7
89b33: JNZ 8a3af (resolved immediate)
  |
  `- 89b39,8a3af
89b39: CMP Address (SizeDir 64 (AddrPlus (FromReg RBP) (AddrImm 216))), Immediate 0 8
89b41: JZ 89b76 (resolved immediate)
  |
  `- 89b43,89b76
89b43: LEA Reg RSI, Address (AddrPlus (FromReg RIP) (AddrImm 121192)) 7
89b4a: MOV Reg EDX, Immediate 23 5
89b4f: MOV Reg RDI, Reg RBX 3
89b52: CALL yajl_gen_string (external)
89b57: TEST Reg EAX, Reg EAX 2
89b59: JNZ 896f4 (resolved immediate)
  |
  `- 896f4,89b5f
89b5f: MOV Reg RSI, Address (SizeDir 64 (AddrPlus (FromReg RBP) (AddrImm 216))) 7
89b66: MOV Reg RDI, Reg RBX 3
89b69: CALL libxl__string_gen_json (internal)
89b6e: TEST Reg EAX, Reg EAX 2
89b70: JNZ 896f4 (resolved immediate)
  |
  `- 896f4,89b76
89b76: CMP Address (SizeDir 64 (AddrPlus (FromReg RBP) (AddrImm 224))), Immediate 0 8
89b7e: JZ 89bb3 (resolved immediate)
  |
  `- 89b80,89bb3
89b80: LEA Reg RSI, Address (AddrPlus (FromReg RIP) (AddrImm 121155)) 7
89b87: MOV Reg EDX, Immediate 17 5
89b8c: MOV Reg RDI, Reg RBX 3
89b8f: CALL yajl_gen_string (external)
89b94: TEST Reg EAX, Reg EAX 2
89b96: JNZ 896f4 (resolved immediate)
  |
  `- 896f4,89b9c
89b9c: MOV Reg RSI, Address (SizeDir 64 (AddrPlus (FromReg RBP) (AddrImm 224))) 7
89ba3: MOV Reg RDI, Reg RBX 3
89ba6: CALL libxl__string_gen_json (internal)
89bab: TEST Reg EAX, Reg EAX 2
89bad: JNZ 896f4 (resolved immediate)
  |
  `- 896f4,89bb3
89bb3: LEA Reg R12, Address (AddrPlus (FromReg RBP) (AddrImm 232)) 7
89bba: MOV Reg RDI, Reg R12 3
89bbd: CALL libxl_string_list_length (external)
89bc2: TEST Reg EAX, Reg EAX 2
89bc4: JZ 89bf5 (resolved immediate)
  |
  `- 89bc6,89bf5
89bc6: LEA Reg RSI, Address (AddrPlus (FromReg RIP) (AddrImm 121545)) 7
89bcd: MOV Reg EDX, Immediate 5 5
89bd2: MOV Reg RDI, Reg RBX 3
89bd5: CALL yajl_gen_string (external)
89bda: TEST Reg EAX, Reg EAX 2
89bdc: JNZ 896f4 (resolved immediate)
  |
  `- 896f4,89be2
89be2: MOV Reg RSI, Reg R12 3
89be5: MOV Reg RDI, Reg RBX 3
89be8: CALL libxl_string_list_gen_json (external)
89bed: TEST Reg EAX, Reg EAX 2
89bef: JNZ 896f4 (resolved immediate)
  |
  `- 896f4,89bf5
89bf5: LEA Reg R12, Address (AddrPlus (FromReg RBP) (AddrImm 240)) 7
89bfc: MOV Reg RDI, Reg R12 3
89bff: CALL libxl_string_list_length (external)
89c04: TEST Reg EAX, Reg EAX 2
89c06: JZ 89c37 (resolved immediate)
  |
  `- 89c08,89c37
89c08: LEA Reg RSI, Address (AddrPlus (FromReg RIP) (AddrImm 121037)) 7
89c0f: MOV Reg EDX, Immediate 8 5
89c14: MOV Reg RDI, Reg RBX 3
89c17: CALL yajl_gen_string (external)
89c1c: TEST Reg EAX, Reg EAX 2
89c1e: JNZ 896f4 (resolved immediate)
  |
  `- 896f4,89c24
89c24: MOV Reg RSI, Reg R12 3
89c27: MOV Reg RDI, Reg RBX 3
89c2a: CALL libxl_string_list_gen_json (external)
89c2f: TEST Reg EAX, Reg EAX 2
89c31: JNZ 896f4 (resolved immediate)
  |
  `- 896f4,89c37
89c37: LEA Reg R12, Address (AddrPlus (FromReg RBP) (AddrImm 248)) 7
89c3e: MOV Reg RDI, Reg R12 3
89c41: CALL libxl_string_list_length (external)
89c46: TEST Reg EAX, Reg EAX 2
89c48: JZ 89c79 (resolved immediate)
  |
  `- 89c4a,89c79
89c4a: LEA Reg RSI, Address (AddrPlus (FromReg RIP) (AddrImm 120980)) 7
89c51: MOV Reg EDX, Immediate 9 5
89c56: MOV Reg RDI, Reg RBX 3
89c59: CALL yajl_gen_string (external)
89c5e: TEST Reg EAX, Reg EAX 2
89c60: JNZ 896f4 (resolved immediate)
  |
  `- 896f4,89c66
89c66: MOV Reg RSI, Reg R12 3
89c69: MOV Reg RDI, Reg RBX 3
89c6c: CALL libxl_string_list_gen_json (external)
89c71: TEST Reg EAX, Reg EAX 2
89c73: JNZ 896f4 (resolved immediate)
  |
  `- 896f4,89c79
89c79: LEA Reg RSI, Address (AddrPlus (FromReg RIP) (AddrImm 122695)) 7
89c80: MOV Reg EDX, Immediate 12 5
89c85: MOV Reg RDI, Reg RBX 3
89c88: CALL yajl_gen_string (external)
89c8d: TEST Reg EAX, Reg EAX 2
89c8f: JNZ 896f4 (resolved immediate)
  |
  `- 896f4,89c95
89c95: LEA Reg RSI, Address (AddrPlus (FromReg RBP) (AddrImm 256)) 7
89c9c: MOV Reg RDI, Reg RBX 3
89c9f: CALL libxl_domain_sched_params_gen_json (external)
89ca4: TEST Reg EAX, Reg EAX 2
89ca6: JNZ 896f4 (resolved immediate)
  |
  `- 896f4,89cac
89cac: CMP Address (SizeDir 64 (AddrPlus (FromReg RBP) (AddrImm 296))), Immediate 0 8
89cb4: JZ 89cc3 (resolved immediate)
  |
  `- 89cb6,89cc3
89cb6: CMP Address (SizeDir 32 (AddrPlus (FromReg RBP) (AddrImm 288))), Immediate 0 7
89cbd: JNZ 8a3e6 (resolved immediate)
  |
  `- 89cc3,8a3e6
89cc3: CMP Address (SizeDir 64 (AddrPlus (FromReg RBP) (AddrImm 312))), Immediate 0 8
89ccb: JZ 89cda (resolved immediate)
  |
  `- 89ccd,89cda
89ccd: CMP Address (SizeDir 32 (AddrPlus (FromReg RBP) (AddrImm 304))), Immediate 0 7
89cd4: JNZ 8a442 (resolved immediate)
  |
  `- 89cda,8a442
89cda: CMP Address (SizeDir 64 (AddrPlus (FromReg RBP) (AddrImm 328))), Immediate 0 8
89ce2: JZ 89cf1 (resolved immediate)
  |
  `- 89ce4,89cf1
89ce4: CMP Address (SizeDir 32 (AddrPlus (FromReg RBP) (AddrImm 320))), Immediate 0 7
89ceb: JNZ 8a49e (resolved immediate)
  |
  `- 89cf1,8a49e
89cf1: CMP Address (SizeDir 32 (AddrPlus (FromReg RBP) (AddrImm 336))), Immediate 0 7
89cf8: JNZ 8a6a1 (resolved immediate)
  |
  `- 89cfe,8a6a1
89cfe: CMP Address (SizeDir 32 (AddrPlus (FromReg RBP) (AddrImm 340))), Immediate 0 7
89d05: JNZ 8a66a (resolved immediate)
  |
  `- 89d0b,8a66a
89d0b: CMP Address (SizeDir 64 (AddrPlus (FromReg RBP) (AddrImm 344))), Immediate 0 8
89d13: JZ 89d48 (resolved immediate)
  |
  `- 89d15,89d48
89d15: LEA Reg RSI, Address (AddrPlus (FromReg RIP) (AddrImm 43890)) 7
89d1c: MOV Reg EDX, Immediate 6 5
89d21: MOV Reg RDI, Reg RBX 3
89d24: CALL yajl_gen_string (external)
89d29: TEST Reg EAX, Reg EAX 2
89d2b: JNZ 896f4 (resolved immediate)
  |
  `- 896f4,89d31
89d31: MOV Reg RSI, Address (SizeDir 64 (AddrPlus (FromReg RBP) (AddrImm 344))) 7
89d38: MOV Reg RDI, Reg RBX 3
89d3b: CALL libxl__string_gen_json (internal)
89d40: TEST Reg EAX, Reg EAX 2
89d42: JNZ 896f4 (resolved immediate)
  |
  `- 896f4,89d48
89d48: CMP Address (SizeDir 64 (AddrPlus (FromReg RBP) (AddrImm 352))), Immediate 0 8
89d50: JZ 89d85 (resolved immediate)
  |
  `- 89d52,89d85
89d52: LEA Reg RSI, Address (AddrPlus (FromReg RIP) (AddrImm 39191)) 7
89d59: MOV Reg EDX, Immediate 7 5
89d5e: MOV Reg RDI, Reg RBX 3
89d61: CALL yajl_gen_string (external)
89d66: TEST Reg EAX, Reg EAX 2
89d68: JNZ 896f4 (resolved immediate)
  |
  `- 896f4,89d6e
89d6e: MOV Reg RSI, Address (SizeDir 64 (AddrPlus (FromReg RBP) (AddrImm 352))) 7
89d75: MOV Reg RDI, Reg RBX 3
89d78: CALL libxl__string_gen_json (internal)
89d7d: TEST Reg EAX, Reg EAX 2
89d7f: JNZ 896f4 (resolved immediate)
  |
  `- 896f4,89d85
89d85: CMP Address (SizeDir 64 (AddrPlus (FromReg RBP) (AddrImm 360))), Immediate 0 8
89d8d: JZ 89dc2 (resolved immediate)
  |
  `- 89d8f,89dc2
89d8f: LEA Reg RSI, Address (AddrPlus (FromReg RIP) (AddrImm 39116)) 7
89d96: MOV Reg EDX, Immediate 7 5
89d9b: MOV Reg RDI, Reg RBX 3
89d9e: CALL yajl_gen_string (external)
89da3: TEST Reg EAX, Reg EAX 2
89da5: JNZ 896f4 (resolved immediate)
  |
  `- 896f4,89dab
89dab: MOV Reg RSI, Address (SizeDir 64 (AddrPlus (FromReg RBP) (AddrImm 360))) 7
89db2: MOV Reg RDI, Reg RBX 3
89db5: CALL libxl__string_gen_json (internal)
89dba: TEST Reg EAX, Reg EAX 2
89dbc: JNZ 896f4 (resolved immediate)
  |
  `- 896f4,89dc2
89dc2: CMP Address (SizeDir 64 (AddrPlus (FromReg RBP) (AddrImm 368))), Immediate 0 8
89dca: JZ 89dff (resolved immediate)
  |
  `- 89dcc,89dff
89dcc: LEA Reg RSI, Address (AddrPlus (FromReg RIP) (AddrImm 120649)) 7
89dd3: MOV Reg EDX, Immediate 11 5
89dd8: MOV Reg RDI, Reg RBX 3
89ddb: CALL yajl_gen_string (external)
89de0: TEST Reg EAX, Reg EAX 2
89de2: JNZ 896f4 (resolved immediate)
  |
  `- 896f4,89de8
89de8: MOV Reg RSI, Address (SizeDir 64 (AddrPlus (FromReg RBP) (AddrImm 368))) 7
89def: MOV Reg RDI, Reg RBX 3
89df2: CALL libxl__string_gen_json (internal)
89df7: TEST Reg EAX, Reg EAX 2
89df9: JNZ 896f4 (resolved immediate)
  |
  `- 896f4,89dff
89dff: CMP Address (SizeDir 32 (AddrPlus (FromReg RBP) (AddrImm 376))), Immediate 0 7
89e06: JNZ 8a632 (resolved immediate)
  |
  `- 89e0c,8a632
89e0c: CMP Address (SizeDir 64 (AddrPlus (FromReg RBP) (AddrImm 384))), Immediate 0 8
89e14: JZ 89e49 (resolved immediate)
  |
  `- 89e16,89e49
89e16: LEA Reg RSI, Address (AddrPlus (FromReg RIP) (AddrImm 39634)) 7
89e1d: MOV Reg EDX, Immediate 10 5
89e22: MOV Reg RDI, Reg RBX 3
89e25: CALL yajl_gen_string (external)
89e2a: TEST Reg EAX, Reg EAX 2
89e2c: JNZ 896f4 (resolved immediate)
  |
  `- 896f4,89e32
89e32: MOV Reg RSI, Address (SizeDir 64 (AddrPlus (FromReg RBP) (AddrImm 384))) 7
89e39: MOV Reg RDI, Reg RBX 3
89e3c: CALL libxl__string_gen_json (internal)
89e41: TEST Reg EAX, Reg EAX 2
89e43: JNZ 896f4 (resolved immediate)
  |
  `- 896f4,89e49
89e49: LEA Reg R12, Address (AddrPlus (FromReg RBP) (AddrImm 392)) 7
89e50: MOV Reg RDI, Reg R12 3
89e53: CALL libxl_string_list_length (external)
89e58: TEST Reg EAX, Reg EAX 2
89e5a: JNZ 8a5fe (resolved immediate)
  |
  `- 89e60,8a5fe
89e60: CMP Address (SizeDir 32 (AddrPlus (FromReg RBP) (AddrImm 400))), Immediate 4294967295 7
89e67: JZ 89ea3 (resolved immediate)
  |
  `- 89e69,89ea3
89e69: LEA Reg RSI, Address (AddrPlus (FromReg RIP) (AddrImm 121736)) 7
89e70: MOV Reg EDX, Immediate 10 5
89e75: MOV Reg RDI, Reg RBX 3
89e78: CALL yajl_gen_string (external)
89e7d: TEST Reg EAX, Reg EAX 2
89e7f: JNZ 896f4 (resolved immediate)
  |
  `- 896f4,89e85
89e85: MOV Reg EDI, Address (SizeDir 32 (AddrPlus (FromReg RBP) (AddrImm 400))) 6
89e8b: CALL libxl_timer_mode_to_string (external)
89e90: MOV Reg RDI, Reg RBX 3
89e93: MOV Reg RSI, Reg RAX 3
89e96: CALL libxl__yajl_gen_enum (internal)
89e9b: TEST Reg EAX, Reg EAX 2
89e9d: JNZ 896f4 (resolved immediate)
  |
  `- 896f4,89ea3
89ea3: CMP Address (SizeDir 32 (AddrPlus (FromReg RBP) (AddrImm 404))), Immediate 0 7
89eaa: JNZ 8a5c6 (resolved immediate)
  |
  `- 89eb0,8a5c6
89eb0: CMP Address (SizeDir 32 (AddrPlus (FromReg RBP) (AddrImm 408))), Immediate 0 7
89eb7: JNZ 8a58e (resolved immediate)
  |
  `- 89ebd,8a58e
89ebd: CMP Address (SizeDir 32 (AddrPlus (FromReg RBP) (AddrImm 412))), Immediate 0 7
89ec4: JNZ 8a556 (resolved immediate)
  |
  `- 89eca,8a556
89eca: MOV Reg EAX, Address (SizeDir 32 (AddrPlus (FromReg RBP) (AddrImm 416))) 6
89ed0: CMP Reg EAX, Immediate 1 3
89ed3: JZ 8a535 (resolved immediate)
  |
  `- 89ed9,8a535
89ed9: JLE 8b510 (resolved immediate)
  |
  `- 89edf,8b510
89edf: CMP Reg EAX, Immediate 2 3
89ee2: JZ 8b4ef (resolved immediate)
  |
  `- 89ee8,8b4ef
89ee8: CMP Reg EAX, Immediate 3 3
89eeb: JNZ 89f0f (resolved immediate)
  |
  `- 89eed,89f0f
89eed: LEA Reg RSI, Address (AddrPlus (FromReg RIP) (AddrImm 120428)) 7
89ef4: MOV Reg EDX, Immediate 8 5
89ef9: MOV Reg RDI, Reg RBX 3
89efc: CALL yajl_gen_string (external)
89f01: TEST Reg EAX, Reg EAX 2
89f03: JNZ 896f4 (resolved immediate)
  |
  `- 896f4,89f09
89f09: MOV Reg EAX, Address (SizeDir 32 (AddrPlus (FromReg RBP) (AddrImm 416))) 6
89f0f: CMP Reg EAX, Immediate 1 3
89f12: JZ 8a97e (resolved immediate)
  |
  `- 89f18,8a97e
89f18: JLE 8a960 (resolved immediate)
  |
  `- 89f1e,8a960
89f1e: CMP Reg EAX, Immediate 2 3
89f21: JZ 8a78f (resolved immediate)
  |
  `- 89f27,8a78f
89f27: CMP Reg EAX, Immediate 3 3
89f2a: JNZ 8a014 (resolved immediate)
  |
  `- 89f30,8a014
89f30: MOV Reg RDI, Reg RBX 3
89f33: CALL yajl_gen_map_open (external)
89f38: TEST Reg EAX, Reg EAX 2
89f3a: JNZ 896f4 (resolved immediate)
  |
  `- 896f4,89f40
89f40: CMP Address (SizeDir 32 (AddrPlus (FromReg RBP) (AddrImm 424))), Immediate 0 7
89f47: JNZ 8a757 (resolved immediate)
  |
  `- 89f4d,8a757
89f4d: CMP Address (SizeDir 64 (AddrPlus (FromReg RBP) (AddrImm 432))), Immediate 0 8
89f55: JZ 89f8a (resolved immediate)
  |
  `- 89f57,89f8a
89f57: LEA Reg RSI, Address (AddrPlus (FromReg RIP) (AddrImm 120598)) 7
89f5e: MOV Reg EDX, Immediate 11 5
89f63: MOV Reg RDI, Reg RBX 3
89f66: CALL yajl_gen_string (external)
89f6b: TEST Reg EAX, Reg EAX 2
89f6d: JNZ 896f4 (resolved immediate)
  |
  `- 896f4,89f73
89f73: MOV Reg RSI, Address (SizeDir 64 (AddrPlus (FromReg RBP) (AddrImm 432))) 7
89f7a: MOV Reg RDI, Reg RBX 3
89f7d: CALL libxl__string_gen_json (internal)
89f82: TEST Reg EAX, Reg EAX 2
89f84: JNZ 896f4 (resolved immediate)
  |
  `- 896f4,89f8a
89f8a: CMP Address (SizeDir 64 (AddrPlus (FromReg RBP) (AddrImm 440))), Immediate 0 8
89f92: JZ 89fc7 (resolved immediate)
  |
  `- 89f94,89fc7
89f94: LEA Reg RSI, Address (AddrPlus (FromReg RIP) (AddrImm 120549)) 7
89f9b: MOV Reg EDX, Immediate 14 5
89fa0: MOV Reg RDI, Reg RBX 3
89fa3: CALL yajl_gen_string (external)
89fa8: TEST Reg EAX, Reg EAX 2
89faa: JNZ 896f4 (resolved immediate)
  |
  `- 896f4,89fb0
89fb0: MOV Reg RSI, Address (SizeDir 64 (AddrPlus (FromReg RBP) (AddrImm 440))) 7
89fb7: MOV Reg RDI, Reg RBX 3
89fba: CALL libxl__string_gen_json (internal)
89fbf: TEST Reg EAX, Reg EAX 2
89fc1: JNZ 896f4 (resolved immediate)
  |
  `- 896f4,89fc7
89fc7: CMP Address (SizeDir 64 (AddrPlus (FromReg RBP) (AddrImm 448))), Immediate 0 8
89fcf: JZ 8a004 (resolved immediate)
  |
  `- 89fd1,8a004
89fd1: LEA Reg RSI, Address (AddrPlus (FromReg RIP) (AddrImm 120503)) 7
89fd8: MOV Reg EDX, Immediate 12 5
89fdd: MOV Reg RDI, Reg RBX 3
89fe0: CALL yajl_gen_string (external)
89fe5: TEST Reg EAX, Reg EAX 2
89fe7: JNZ 896f4 (resolved immediate)
  |
  `- 896f4,89fed
89fed: MOV Reg RSI, Address (SizeDir 64 (AddrPlus (FromReg RBP) (AddrImm 448))) 7
89ff4: MOV Reg RDI, Reg RBX 3
89ff7: CALL libxl__string_gen_json (internal)
89ffc: TEST Reg EAX, Reg EAX 2
89ffe: JNZ 896f4 (resolved immediate)
  |
  `- 896f4,8a004
8a004: MOV Reg RDI, Reg RBX 3
8a007: CALL yajl_gen_map_close (external)
8a00c: TEST Reg EAX, Reg EAX 2
8a00e: JNZ 896f4 (resolved immediate)
  |
  `- 896f4,8a014
8a014: LEA Reg RSI, Address (AddrPlus (FromReg RIP) (AddrImm 120449)) 7
8a01b: MOV Reg EDX, Immediate 8 5
8a020: MOV Reg RDI, Reg RBX 3
8a023: CALL yajl_gen_string (external)
8a028: TEST Reg EAX, Reg EAX 2
8a02a: JNZ 896f4 (resolved immediate)
  |
  `- 896f4,8a030
8a030: MOV Reg RDI, Reg RBX 3
8a033: CALL yajl_gen_map_open (external)
8a038: TEST Reg EAX, Reg EAX 2
8a03a: JNZ 896f4 (resolved immediate)
  |
  `- 896f4,8a040
8a040: CMP Address (SizeDir 32 (AddrPlus (FromReg RBP) (AddrImm 840))), Immediate 0 7
8a047: JNZ 8a6d9 (resolved immediate)
  |
  `- 8a04d,8a6d9
8a04d: CMP Address (SizeDir 32 (AddrPlus (FromReg RBP) (AddrImm 844))), Immediate 0 7
8a054: JZ 8a090 (resolved immediate)
  |
  `- 8a056,8a090
8a056: LEA Reg RSI, Address (AddrPlus (FromReg RIP) (AddrImm 97855)) 7
8a05d: MOV Reg EDX, Immediate 5 5
8a062: MOV Reg RDI, Reg RBX 3
8a065: CALL yajl_gen_string (external)
8a06a: TEST Reg EAX, Reg EAX 2
8a06c: JNZ 896f4 (resolved immediate)
  |
  `- 896f4,8a072
8a072: MOV Reg EDI, Address (SizeDir 32 (AddrPlus (FromReg RBP) (AddrImm 844))) 6
8a078: CALL libxl_vuart_type_to_string (external)
8a07d: MOV Reg RDI, Reg RBX 3
8a080: MOV Reg RSI, Reg RAX 3
8a083: CALL libxl__yajl_gen_enum (internal)
8a088: TEST Reg EAX, Reg EAX 2
8a08a: JNZ 896f4 (resolved immediate)
  |
  `- 896f4,8a090
8a090: MOV Reg RDI, Reg RBX 3
8a093: CALL yajl_gen_map_close (external)
8a098: TEST Reg EAX, Reg EAX 2
8a09a: JNZ 896f4 (resolved immediate)
  |
  `- 896f4,8a0a0
8a0a0: CMP Address (SizeDir 32 (AddrPlus (FromReg RBP) (AddrImm 848))), Immediate 0 7
8a0a7: JNZ 8a718 (resolved immediate)
  |
  `- 8a0ad,8a718
8a0ad: MOV Reg RDI, Reg RBX 3
8a0b0: POP Reg RBX 1
8a0b1: POP Reg RBP 1
8a0b2: POP Reg R12 2
8a0b4: JMP yajl_gen_map_close (jmp to external function)
  |
  `- 
8a0c0: LEA Reg RSI, Address (AddrPlus (FromReg RIP) (AddrImm 119506)) 7
8a0c7: MOV Reg EDX, Immediate 18 5
8a0cc: MOV Reg RDI, Reg RBX 3
8a0cf: CALL yajl_gen_string (external)
8a0d4: TEST Reg EAX, Reg EAX 2
8a0d6: JNZ 896f4 (resolved immediate)
  |
  `- 896f4,8a0dc
8a0dc: MOV Reg RDI, Reg RBX 3
8a0df: CALL yajl_gen_array_open (external)
8a0e4: TEST Reg EAX, Reg EAX 2
8a0e6: JNZ 896f4 (resolved immediate)
  |
  `- 896f4,8a0ec
8a0ec: MOV Reg R10D, Address (SizeDir 32 (AddrPlus (FromReg RBP) (AddrImm 56))) 4
8a0f0: TEST Reg R10D, Reg R10D 3
8a0f3: JLE 8a1dc (resolved immediate)
  |
  `- 8a0f9,8a1dc
8a0f9: XOR Reg R12D, Reg R12D 3
8a0fc: JMP 8a112 (resolved immediate)
  |
  `- 8a112
8a100: LEA Reg EAX, Address (AddrPlus (FromReg R12) (AddrImm 1)) 5
8a105: ADD Reg R12, Immediate 1 4
8a109: CMP Address (SizeDir 32 (AddrPlus (FromReg RBP) (AddrImm 56))), Reg EAX 3
8a10c: JLE 8a1dc (resolved immediate)
  |
  `- 8a112,8a1dc
8a112: MOV Reg RSI, Reg R12 3
8a115: MOV Reg RDI, Reg RBX 3
8a118: SHL Reg RSI, Immediate 4 4
8a11c: ADD Reg RSI, Address (SizeDir 64 (AddrPlus (FromReg RBP) (AddrImm 64))) 4
8a120: CALL libxl_bitmap_gen_json (external)
8a125: TEST Reg EAX, Reg EAX 2
8a127: JZ 8a100 (resolved immediate)
  |
  `- 8a100,8a129
8a129: JMP 896f4 (resolved immediate)
  |
  `- 896f4
8a130: LEA Reg RSI, Address (AddrPlus (FromReg RIP) (AddrImm 119432)) 7
8a137: MOV Reg EDX, Immediate 14 5
8a13c: MOV Reg RDI, Reg RBX 3
8a13f: CALL yajl_gen_string (external)
8a144: TEST Reg EAX, Reg EAX 2
8a146: JNZ 896f4 (resolved immediate)
  |
  `- 896f4,8a14c
8a14c: LEA Reg RSI, Address (AddrPlus (FromReg RBP) (AddrImm 88)) 4
8a150: MOV Reg RDI, Reg RBX 3
8a153: CALL libxl_defbool_gen_json (external)
8a158: TEST Reg EAX, Reg EAX 2
8a15a: JZ 89855 (resolved immediate)
  |
  `- 89855,8a160
8a160: JMP 896f4 (resolved immediate)
  |
  `- 896f4
8a168: LEA Reg RSI, Address (AddrPlus (FromReg RIP) (AddrImm 56483)) 7
8a16f: MOV Reg EDX, Immediate 7 5
8a174: MOV Reg RDI, Reg RBX 3
8a177: CALL yajl_gen_string (external)
8a17c: TEST Reg EAX, Reg EAX 2
8a17e: JNZ 896f4 (resolved immediate)
  |
  `- 896f4,8a184
8a184: MOV Reg RSI, Reg R12 3
8a187: MOV Reg RDI, Reg RBX 3
8a18a: CALL libxl_bitmap_gen_json (external)
8a18f: TEST Reg EAX, Reg EAX 2
8a191: JZ 897a4 (resolved immediate)
  |
  `- 897a4,8a197
8a197: JMP 896f4 (resolved immediate)
  |
  `- 896f4
8a1a0: LEA Reg RSI, Address (AddrPlus (FromReg RIP) (AddrImm 120874)) 7
8a1a7: MOV Reg EDX, Immediate 8 5
8a1ac: MOV Reg RDI, Reg RBX 3
8a1af: CALL yajl_gen_string (external)
8a1b4: TEST Reg EAX, Reg EAX 2
8a1b6: JNZ 896f4 (resolved immediate)
  |
  `- 896f4,8a1bc
8a1bc: MOV Reg EDI, Address (SizeDir 32 (AddrPlus (FromReg RBP) (AddrImm 92))) 3
8a1bf: CALL libxl_tsc_mode_to_string (external)
8a1c4: MOV Reg RDI, Reg RBX 3
8a1c7: MOV Reg RSI, Reg RAX 3
8a1ca: CALL libxl__yajl_gen_enum (internal)
  |
  `- 8a1cf,40cd0
8a1cf: TEST Reg EAX, Reg EAX 2
8a1d1: JZ 89860 (resolved immediate)
  |
  `- 89860,8a1d7
8a1d7: JMP 896f4 (resolved immediate)
  |
  `- 896f4
8a1dc: MOV Reg RDI, Reg RBX 3
8a1df: CALL yajl_gen_array_close (external)
8a1e4: TEST Reg EAX, Reg EAX 2
8a1e6: JZ 897b8 (resolved immediate)
  |
  `- 897b8,8a1ec
8a1ec: JMP 896f4 (resolved immediate)
  |
  `- 896f4
8a1f1: LEA Reg RSI, Address (AddrPlus (FromReg RIP) (AddrImm 119292)) 7
8a1f8: MOV Reg EDX, Immediate 14 5
8a1fd: MOV Reg RDI, Reg RBX 3
8a200: CALL yajl_gen_string (external)
8a205: TEST Reg EAX, Reg EAX 2
8a207: JNZ 896f4 (resolved immediate)
  |
  `- 896f4,8a20d
8a20d: MOV Reg ESI, Address (SizeDir 32 (AddrPlus (FromReg RBP) (AddrImm 128))) 6
8a213: MOV Reg RDI, Reg RBX 3
8a216: CALL yajl_gen_integer (external)
8a21b: TEST Reg EAX, Reg EAX 2
8a21d: JZ 8995c (resolved immediate)
  |
  `- 8995c,8a223
8a223: JMP 896f4 (resolved immediate)
  |
  `- 896f4
8a228: LEA Reg RSI, Address (AddrPlus (FromReg RIP) (AddrImm 119252)) 7
8a22f: MOV Reg EDX, Immediate 12 5
8a234: MOV Reg RDI, Reg RBX 3
8a237: CALL yajl_gen_string (external)
8a23c: TEST Reg EAX, Reg EAX 2
8a23e: JNZ 896f4 (resolved immediate)
  |
  `- 896f4,8a244
8a244: MOV Reg ESI, Address (SizeDir 32 (AddrPlus (FromReg RBP) (AddrImm 132))) 6
8a24a: MOV Reg RDI, Reg RBX 3
8a24d: CALL yajl_gen_integer (external)
8a252: TEST Reg EAX, Reg EAX 2
8a254: JZ 8996a (resolved immediate)
  |
  `- 8996a,8a25a
8a25a: JMP 896f4 (resolved immediate)
  |
  `- 896f4
8a25f: LEA Reg RSI, Address (AddrPlus (FromReg RIP) (AddrImm 119226)) 7
8a266: MOV Reg EDX, Immediate 9 5
8a26b: MOV Reg RDI, Reg RBX 3
8a26e: CALL yajl_gen_string (external)
8a273: TEST Reg EAX, Reg EAX 2
8a275: JNZ 896f4 (resolved immediate)
  |
  `- 896f4,8a27b
8a27b: LEA Reg RSI, Address (AddrPlus (FromReg RBP) (AddrImm 144)) 7
8a282: MOV Reg RDI, Reg RBX 3
8a285: CALL libxl_defbool_gen_json (external)
8a28a: TEST Reg EAX, Reg EAX 2
8a28c: JZ 899b5 (resolved immediate)
  |
  `- 899b5,8a292
8a292: JMP 896f4 (resolved immediate)
  |
  `- 896f4
8a297: LEA Reg RSI, Address (AddrPlus (FromReg RIP) (AddrImm 116732)) 7
8a29e: MOV Reg EDX, Immediate 5 5
8a2a3: MOV Reg RDI, Reg RBX 3
8a2a6: CALL yajl_gen_string (external)
8a2ab: TEST Reg EAX, Reg EAX 2
8a2ad: JNZ 896f4 (resolved immediate)
  |
  `- 896f4,8a2b3
8a2b3: MOV Reg RSI, Reg R12 3
8a2b6: MOV Reg RDI, Reg RBX 3
8a2b9: CALL libxl_cpuid_policy_list_gen_json (external)
8a2be: TEST Reg EAX, Reg EAX 2
8a2c0: JZ 89a08 (resolved immediate)
  |
  `- 89a08,8a2c6
8a2c6: JMP 896f4 (resolved immediate)
  |
  `- 896f4
8a2cb: LEA Reg RSI, Address (AddrPlus (FromReg RIP) (AddrImm 119157)) 7
8a2d2: MOV Reg EDX, Immediate 11 5
8a2d7: MOV Reg RDI, Reg RBX 3
8a2da: CALL yajl_gen_string (external)
8a2df: TEST Reg EAX, Reg EAX 2
8a2e1: JNZ 896f4 (resolved immediate)
  |
  `- 896f4,8a2e7
8a2e7: MOV Reg RDI, Reg RBX 3
8a2ea: XOR Reg R12D, Reg R12D 3
8a2ed: CALL yajl_gen_array_open (external)
8a2f2: TEST Reg EAX, Reg EAX 2
8a2f4: JZ 8a31a (resolved immediate)
  |
  `- 8a2f6,8a31a
8a2f6: JMP 896f4 (resolved immediate)
  |
  `- 896f4
8a2fb: IMUL Reg RSI, Reg R12, Immediate 48 4
8a2ff: MOV Reg RDI, Reg RBX 3
8a302: ADD Reg R12, Immediate 1 4
8a306: ADD Reg RSI, Address (SizeDir 64 (AddrPlus (FromReg RBP) (AddrImm 176))) 7
8a30d: CALL libxl_vnode_info_gen_json (external)
8a312: TEST Reg EAX, Reg EAX 2
8a314: JNZ 896f4 (resolved immediate)
  |
  `- 896f4,8a31a
8a31a: CMP Address (SizeDir 32 (AddrPlus (FromReg RBP) (AddrImm 168))), Reg R12D 7
8a321: JG 8a2fb (resolved immediate)
  |
  `- 8a2fb,8a323
8a323: MOV Reg RDI, Reg RBX 3
8a326: CALL yajl_gen_array_close (external)
8a32b: TEST Reg EAX, Reg EAX 2
8a32d: JZ 89a5c (resolved immediate)
  |
  `- 89a5c,8a333
8a333: JMP 896f4 (resolved immediate)
  |
  `- 896f4
8a338: LEA Reg RSI, Address (AddrPlus (FromReg RIP) (AddrImm 119097)) 7
8a33f: MOV Reg EDX, Immediate 23 5
8a344: MOV Reg RDI, Reg RBX 3
8a347: CALL yajl_gen_string (external)
8a34c: TEST Reg EAX, Reg EAX 2
8a34e: JNZ 896f4 (resolved immediate)
  |
  `- 896f4,8a354
8a354: LEA Reg RSI, Address (AddrPlus (FromReg RBP) (AddrImm 196)) 7
8a35b: MOV Reg RDI, Reg RBX 3
8a35e: CALL libxl_defbool_gen_json (external)
8a363: TEST Reg EAX, Reg EAX 2
8a365: JZ 89aef (resolved immediate)
  |
  `- 89aef,8a36b
8a36b: JMP 896f4 (resolved immediate)
  |
  `- 896f4
8a370: LEA Reg RSI, Address (AddrPlus (FromReg RIP) (AddrImm 120273)) 7
8a377: MOV Reg EDX, Immediate 20 5
8a37c: MOV Reg RDI, Reg RBX 3
8a37f: CALL yajl_gen_string (external)
8a384: TEST Reg EAX, Reg EAX 2
8a386: JNZ 896f4 (resolved immediate)
  |
  `- 896f4,8a38c
8a38c: MOV Reg EDI, Address (SizeDir 32 (AddrPlus (FromReg RBP) (AddrImm 192))) 6
8a392: CALL libxl_device_model_version_to_string (external)
8a397: MOV Reg RDI, Reg RBX 3
8a39a: MOV Reg RSI, Reg RAX 3
8a39d: CALL libxl__yajl_gen_enum (internal)
8a3a2: TEST Reg EAX, Reg EAX 2
8a3a4: JZ 89ae2 (resolved immediate)
  |
  `- 89ae2,8a3aa
8a3aa: JMP 896f4 (resolved immediate)
  |
  `- 896f4
8a3af: LEA Reg RSI, Address (AddrPlus (FromReg RIP) (AddrImm 119015)) 7
8a3b6: MOV Reg EDX, Immediate 20 5
8a3bb: MOV Reg RDI, Reg RBX 3
8a3be: CALL yajl_gen_string (external)
8a3c3: TEST Reg EAX, Reg EAX 2
8a3c5: JNZ 896f4 (resolved immediate)
  |
  `- 896f4,8a3cb
8a3cb: MOV Reg ESI, Address (SizeDir 32 (AddrPlus (FromReg RBP) (AddrImm 208))) 6
8a3d1: MOV Reg RDI, Reg RBX 3
8a3d4: CALL yajl_gen_integer (external)
8a3d9: TEST Reg EAX, Reg EAX 2
8a3db: JZ 89b39 (resolved immediate)
  |
  `- 89b39,8a3e1
8a3e1: JMP 896f4 (resolved immediate)
  |
  `- 896f4
8a3e6: LEA Reg RSI, Address (AddrPlus (FromReg RIP) (AddrImm 119042)) 7
8a3ed: MOV Reg EDX, Immediate 7 5
8a3f2: MOV Reg RDI, Reg RBX 3
8a3f5: CALL yajl_gen_string (external)
8a3fa: TEST Reg EAX, Reg EAX 2
8a3fc: JNZ 896f4 (resolved immediate)
  |
  `- 896f4,8a402
8a402: MOV Reg RDI, Reg RBX 3
8a405: XOR Reg R12D, Reg R12D 3
8a408: CALL yajl_gen_array_open (external)
8a40d: TEST Reg EAX, Reg EAX 2
8a40f: JNZ 896f4 (resolved immediate)
  |
  `- 896f4,8a415
8a415: CMP Address (SizeDir 32 (AddrPlus (FromReg RBP) (AddrImm 288))), Reg R12D 7
8a41c: JLE 8a4f6 (resolved immediate)
  |
  `- 8a422,8a4f6
8a422: MOV Reg RAX, Address (SizeDir 64 (AddrPlus (FromReg RBP) (AddrImm 296))) 7
8a429: MOV Reg RDI, Reg RBX 3
8a42c: LEA Reg RSI, Address (AddrPlus (FromReg RAX) (AddrTimes (AddrImm 8) (FromReg R12))) 4
8a430: ADD Reg R12, Immediate 1 4
8a434: CALL libxl_ioport_range_gen_json (external)
8a439: TEST Reg EAX, Reg EAX 2
8a43b: JZ 8a415 (resolved immediate)
  |
  `- 8a415,8a43d
8a43d: JMP 896f4 (resolved immediate)
  |
  `- 896f4
8a442: LEA Reg RSI, Address (AddrPlus (FromReg RIP) (AddrImm 118958)) 7
8a449: MOV Reg EDX, Immediate 4 5
8a44e: MOV Reg RDI, Reg RBX 3
8a451: CALL yajl_gen_string (external)
8a456: TEST Reg EAX, Reg EAX 2
8a458: JNZ 896f4 (resolved immediate)
  |
  `- 896f4,8a45e
8a45e: MOV Reg RDI, Reg RBX 3
8a461: XOR Reg R12D, Reg R12D 3
8a464: CALL yajl_gen_array_open (external)
8a469: TEST Reg EAX, Reg EAX 2
8a46b: JNZ 896f4 (resolved immediate)
  |
  `- 896f4,8a471
8a471: CMP Address (SizeDir 32 (AddrPlus (FromReg RBP) (AddrImm 304))), Reg R12D 7
8a478: JLE 8a50b (resolved immediate)
  |
  `- 8a47e,8a50b
8a47e: MOV Reg RAX, Address (SizeDir 64 (AddrPlus (FromReg RBP) (AddrImm 312))) 7
8a485: MOV Reg RDI, Reg RBX 3
8a488: MOV Reg ESI, Address (SizeDir 32 (AddrPlus (FromReg RAX) (AddrTimes (AddrImm 4) (FromReg R12)))) 4
8a48c: ADD Reg R12, Immediate 1 4
8a490: CALL yajl_gen_integer (external)
8a495: TEST Reg EAX, Reg EAX 2
8a497: JZ 8a471 (resolved immediate)
  |
  `- 8a471,8a499
8a499: JMP 896f4 (resolved immediate)
  |
  `- 896f4
8a49e: LEA Reg RSI, Address (AddrPlus (FromReg RIP) (AddrImm 118871)) 7
8a4a5: MOV Reg EDX, Immediate 5 5
8a4aa: MOV Reg RDI, Reg RBX 3
8a4ad: CALL yajl_gen_string (external)
8a4b2: TEST Reg EAX, Reg EAX 2
8a4b4: JNZ 896f4 (resolved immediate)
  |
  `- 896f4,8a4ba
8a4ba: MOV Reg RDI, Reg RBX 3
8a4bd: XOR Reg R12D, Reg R12D 3
8a4c0: CALL yajl_gen_array_open (external)
8a4c5: TEST Reg EAX, Reg EAX 2
8a4c7: JNZ 896f4 (resolved immediate)
  |
  `- 896f4,8a4cd
8a4cd: CMP Address (SizeDir 32 (AddrPlus (FromReg RBP) (AddrImm 320))), Reg R12D 7
8a4d4: JLE 8a520 (resolved immediate)
  |
  `- 8a4d6,8a520
8a4d6: IMUL Reg RSI, Reg R12, Immediate 24 4
8a4da: MOV Reg RDI, Reg RBX 3
8a4dd: ADD Reg R12, Immediate 1 4
8a4e1: ADD Reg RSI, Address (SizeDir 64 (AddrPlus (FromReg RBP) (AddrImm 328))) 7
8a4e8: CALL libxl_iomem_range_gen_json (external)
8a4ed: TEST Reg EAX, Reg EAX 2
8a4ef: JZ 8a4cd (resolved immediate)
  |
  `- 8a4cd,8a4f1
8a4f1: JMP 896f4 (resolved immediate)
  |
  `- 896f4
8a4f6: MOV Reg RDI, Reg RBX 3
8a4f9: CALL yajl_gen_array_close (external)
8a4fe: TEST Reg EAX, Reg EAX 2
8a500: JZ 89cc3 (resolved immediate)
  |
  `- 89cc3,8a506
8a506: JMP 896f4 (resolved immediate)
  |
  `- 896f4
8a50b: MOV Reg RDI, Reg RBX 3
8a50e: CALL yajl_gen_array_close (external)
8a513: TEST Reg EAX, Reg EAX 2
8a515: JZ 89cda (resolved immediate)
  |
  `- 89cda,8a51b
8a51b: JMP 896f4 (resolved immediate)
  |
  `- 896f4
8a520: MOV Reg RDI, Reg RBX 3
8a523: CALL yajl_gen_array_close (external)
8a528: TEST Reg EAX, Reg EAX 2
8a52a: JZ 89cf1 (resolved immediate)
  |
  `- 89cf1,8a530
8a530: JMP 896f4 (resolved immediate)
  |
  `- 896f4
8a535: LEA Reg RSI, Address (AddrPlus (FromReg RIP) (AddrImm 118803)) 7
8a53c: MOV Reg EDX, Immediate 8 5
8a541: MOV Reg RDI, Reg RBX 3
8a544: CALL yajl_gen_string (external)
8a549: TEST Reg EAX, Reg EAX 2
8a54b: JZ 89f09 (resolved immediate)
  |
  `- 89f09,8a551
8a551: JMP 896f4 (resolved immediate)
  |
  `- 896f4
8a556: LEA Reg RSI, Address (AddrPlus (FromReg RIP) (AddrImm 118758)) 7
8a55d: MOV Reg EDX, Immediate 11 5
8a562: MOV Reg RDI, Reg RBX 3
8a565: CALL yajl_gen_string (external)
8a56a: TEST Reg EAX, Reg EAX 2
8a56c: JNZ 896f4 (resolved immediate)
  |
  `- 896f4,8a572
8a572: LEA Reg RSI, Address (AddrPlus (FromReg RBP) (AddrImm 412)) 7
8a579: MOV Reg RDI, Reg RBX 3
8a57c: CALL libxl_defbool_gen_json (external)
8a581: TEST Reg EAX, Reg EAX 2
8a583: JZ 89eca (resolved immediate)
  |
  `- 89eca,8a589
8a589: JMP 896f4 (resolved immediate)
  |
  `- 896f4
8a58e: LEA Reg RSI, Address (AddrPlus (FromReg RIP) (AddrImm 111389)) 7
8a595: MOV Reg EDX, Immediate 4 5
8a59a: MOV Reg RDI, Reg RBX 3
8a59d: CALL yajl_gen_string (external)
8a5a2: TEST Reg EAX, Reg EAX 2
8a5a4: JNZ 896f4 (resolved immediate)
  |
  `- 896f4,8a5aa
8a5aa: LEA Reg RSI, Address (AddrPlus (FromReg RBP) (AddrImm 408)) 7
8a5b1: MOV Reg RDI, Reg RBX 3
8a5b4: CALL libxl_defbool_gen_json (external)
8a5b9: TEST Reg EAX, Reg EAX 2
8a5bb: JZ 89ebd (resolved immediate)
  |
  `- 89ebd,8a5c1
8a5c1: JMP 896f4 (resolved immediate)
  |
  `- 896f4
8a5c6: LEA Reg RSI, Address (AddrPlus (FromReg RIP) (AddrImm 118635)) 7
8a5cd: MOV Reg EDX, Immediate 10 5
8a5d2: MOV Reg RDI, Reg RBX 3
8a5d5: CALL yajl_gen_string (external)
8a5da: TEST Reg EAX, Reg EAX 2
8a5dc: JNZ 896f4 (resolved immediate)
  |
  `- 896f4,8a5e2
8a5e2: LEA Reg RSI, Address (AddrPlus (FromReg RBP) (AddrImm 404)) 7
8a5e9: MOV Reg RDI, Reg RBX 3
8a5ec: CALL libxl_defbool_gen_json (external)
8a5f1: TEST Reg EAX, Reg EAX 2
8a5f3: JZ 89eb0 (resolved immediate)
  |
  `- 89eb0,8a5f9
8a5f9: JMP 896f4 (resolved immediate)
  |
  `- 896f4
8a5fe: LEA Reg RSI, Address (AddrPlus (FromReg RIP) (AddrImm 118563)) 7
8a605: MOV Reg EDX, Immediate 15 5
8a60a: MOV Reg RDI, Reg RBX 3
8a60d: CALL yajl_gen_string (external)
8a612: TEST Reg EAX, Reg EAX 2
8a614: JNZ 896f4 (resolved immediate)
  |
  `- 896f4,8a61a
8a61a: MOV Reg RSI, Reg R12 3
8a61d: MOV Reg RDI, Reg RBX 3
8a620: CALL libxl_string_list_gen_json (external)
8a625: TEST Reg EAX, Reg EAX 2
8a627: JZ 89e60 (resolved immediate)
  |
  `- 89e60,8a62d
8a62d: JMP 896f4 (resolved immediate)
  |
  `- 896f4
8a632: LEA Reg RSI, Address (AddrPlus (FromReg RIP) (AddrImm 42228)) 7
8a639: MOV Reg EDX, Immediate 4 5
8a63e: MOV Reg RDI, Reg RBX 3
8a641: CALL yajl_gen_string (external)
8a646: TEST Reg EAX, Reg EAX 2
8a648: JNZ 896f4 (resolved immediate)
  |
  `- 896f4,8a64e
8a64e: LEA Reg RSI, Address (AddrPlus (FromReg RBP) (AddrImm 376)) 7
8a655: MOV Reg RDI, Reg RBX 3
8a658: CALL libxl_defbool_gen_json (external)
8a65d: TEST Reg EAX, Reg EAX 2
8a65f: JZ 89e0c (resolved immediate)
  |
  `- 89e0c,8a665
8a665: JMP 896f4 (resolved immediate)
  |
  `- 896f4
8a66a: LEA Reg RSI, Address (AddrPlus (FromReg RIP) (AddrImm 118428)) 7
8a671: MOV Reg EDX, Immediate 14 5
8a676: MOV Reg RDI, Reg RBX 3
8a679: CALL yajl_gen_string (external)
8a67e: TEST Reg EAX, Reg EAX 2
8a680: JNZ 896f4 (resolved immediate)
  |
  `- 896f4,8a686
8a686: MOV Reg ESI, Address (SizeDir 32 (AddrPlus (FromReg RBP) (AddrImm 340))) 6
8a68c: MOV Reg RDI, Reg RBX 3
8a68f: CALL yajl_gen_integer (external)
8a694: TEST Reg EAX, Reg EAX 2
8a696: JZ 89d0b (resolved immediate)
  |
  `- 89d0b,8a69c
8a69c: JMP 896f4 (resolved immediate)
  |
  `- 896f4
8a6a1: LEA Reg RSI, Address (AddrPlus (FromReg RIP) (AddrImm 118362)) 7
8a6a8: MOV Reg EDX, Immediate 10 5
8a6ad: MOV Reg RDI, Reg RBX 3
8a6b0: CALL yajl_gen_string (external)
8a6b5: TEST Reg EAX, Reg EAX 2
8a6b7: JNZ 896f4 (resolved immediate)
  |
  `- 896f4,8a6bd
8a6bd: LEA Reg RSI, Address (AddrPlus (FromReg RBP) (AddrImm 336)) 7
8a6c4: MOV Reg RDI, Reg RBX 3
8a6c7: CALL libxl_defbool_gen_json (external)
8a6cc: TEST Reg EAX, Reg EAX 2
8a6ce: JZ 89cfe (resolved immediate)
  |
  `- 89cfe,8a6d4
8a6d4: JMP 896f4 (resolved immediate)
  |
  `- 896f4
8a6d9: LEA Reg RSI, Address (AddrPlus (FromReg RIP) (AddrImm 120125)) 7
8a6e0: MOV Reg EDX, Immediate 11 5
8a6e5: MOV Reg RDI, Reg RBX 3
8a6e8: CALL yajl_gen_string (external)
8a6ed: TEST Reg EAX, Reg EAX 2
8a6ef: JNZ 896f4 (resolved immediate)
  |
  `- 896f4,8a6f5
8a6f5: MOV Reg EDI, Address (SizeDir 32 (AddrPlus (FromReg RBP) (AddrImm 840))) 6
8a6fb: CALL libxl_gic_version_to_string (external)
8a700: MOV Reg RDI, Reg RBX 3
8a703: MOV Reg RSI, Reg RAX 3
8a706: CALL libxl__yajl_gen_enum (internal)
8a70b: TEST Reg EAX, Reg EAX 2
8a70d: JZ 8a04d (resolved immediate)
  |
  `- 8a04d,8a713
8a713: JMP 896f4 (resolved immediate)
  |
  `- 896f4
8a718: LEA Reg RSI, Address (AddrPlus (FromReg RIP) (AddrImm 118432)) 7
8a71f: MOV Reg EDX, Immediate 6 5
8a724: MOV Reg RDI, Reg RBX 3
8a727: CALL yajl_gen_string (external)
8a72c: TEST Reg EAX, Reg EAX 2
8a72e: JNZ 896f4 (resolved immediate)
  |
  `- 896f4,8a734
8a734: MOV Reg EDI, Address (SizeDir 32 (AddrPlus (FromReg RBP) (AddrImm 848))) 6
8a73a: CALL libxl_altp2m_mode_to_string (external)
8a73f: MOV Reg RDI, Reg RBX 3
8a742: MOV Reg RSI, Reg RAX 3
8a745: CALL libxl__yajl_gen_enum (internal)
8a74a: TEST Reg EAX, Reg EAX 2
8a74c: JZ 8a0ad (resolved immediate)
  |
  `- 8a0ad,8a752
8a752: JMP 896f4 (resolved immediate)
  |
  `- 896f4
8a757: LEA Reg RSI, Address (AddrPlus (FromReg RIP) (AddrImm 118543)) 7
8a75e: MOV Reg EDX, Immediate 6 5
8a763: MOV Reg RDI, Reg RBX 3
8a766: CALL yajl_gen_string (external)
8a76b: TEST Reg EAX, Reg EAX 2
8a76d: JNZ 896f4 (resolved immediate)
  |
  `- 896f4,8a773
8a773: LEA Reg RSI, Address (AddrPlus (FromReg RBP) (AddrImm 424)) 7
8a77a: MOV Reg RDI, Reg RBX 3
8a77d: CALL libxl_defbool_gen_json (external)
8a782: TEST Reg EAX, Reg EAX 2
8a784: JZ 89f4d (resolved immediate)
  |
  `- 89f4d,8a78a
8a78a: JMP 896f4 (resolved immediate)
  |
  `- 896f4
8a78f: MOV Reg RDI, Reg RBX 3
8a792: CALL yajl_gen_map_open (external)
8a797: TEST Reg EAX, Reg EAX 2
8a799: JNZ 896f4 (resolved immediate)
  |
  `- 896f4,8a79f
8a79f: CMP Address (SizeDir 64 (AddrPlus (FromReg RBP) (AddrImm 424))), Immediate 0 8
8a7a7: JZ 8a7dc (resolved immediate)
  |
  `- 8a7a9,8a7dc
8a7a9: LEA Reg RSI, Address (AddrPlus (FromReg RIP) (AddrImm 41182)) 7
8a7b0: MOV Reg EDX, Immediate 6 5
8a7b5: MOV Reg RDI, Reg RBX 3
8a7b8: CALL yajl_gen_string (external)
8a7bd: TEST Reg EAX, Reg EAX 2
8a7bf: JNZ 896f4 (resolved immediate)
  |
  `- 896f4,8a7c5
8a7c5: MOV Reg RSI, Address (SizeDir 64 (AddrPlus (FromReg RBP) (AddrImm 424))) 7
8a7cc: MOV Reg RDI, Reg RBX 3
8a7cf: CALL libxl__string_gen_json (internal)
8a7d4: TEST Reg EAX, Reg EAX 2
8a7d6: JNZ 896f4 (resolved immediate)
  |
  `- 896f4,8a7dc
8a7dc: CMP Address (SizeDir 64 (AddrPlus (FromReg RBP) (AddrImm 432))), Immediate 18446744073709551615 8
8a7e4: JZ 8a819 (resolved immediate)
  |
  `- 8a7e6,8a819
8a7e6: LEA Reg RSI, Address (AddrPlus (FromReg RIP) (AddrImm 118378)) 7
8a7ed: MOV Reg EDX, Immediate 11 5
8a7f2: MOV Reg RDI, Reg RBX 3
8a7f5: CALL yajl_gen_string (external)
8a7fa: TEST Reg EAX, Reg EAX 2
8a7fc: JNZ 896f4 (resolved immediate)
  |
  `- 896f4,8a802
8a802: MOV Reg RSI, Address (SizeDir 64 (AddrPlus (FromReg RBP) (AddrImm 432))) 7
8a809: MOV Reg RDI, Reg RBX 3
8a80c: CALL libxl__uint64_gen_json (external)
8a811: TEST Reg EAX, Reg EAX 2
8a813: JNZ 896f4 (resolved immediate)
  |
  `- 896f4,8a819
8a819: CMP Address (SizeDir 64 (AddrPlus (FromReg RBP) (AddrImm 440))), Immediate 0 8
8a821: JZ 8a856 (resolved immediate)
  |
  `- 8a823,8a856
8a823: LEA Reg RSI, Address (AddrPlus (FromReg RIP) (AddrImm 37061)) 7
8a82a: MOV Reg EDX, Immediate 10 5
8a82f: MOV Reg RDI, Reg RBX 3
8a832: CALL yajl_gen_string (external)
8a837: TEST Reg EAX, Reg EAX 2
8a839: JNZ 896f4 (resolved immediate)
  |
  `- 896f4,8a83f
8a83f: MOV Reg RSI, Address (SizeDir 64 (AddrPlus (FromReg RBP) (AddrImm 440))) 7
8a846: MOV Reg RDI, Reg RBX 3
8a849: CALL libxl__string_gen_json (internal)
8a84e: TEST Reg EAX, Reg EAX 2
8a850: JNZ 896f4 (resolved immediate)
  |
  `- 896f4,8a856
8a856: LEA Reg R12, Address (AddrPlus (FromReg RBP) (AddrImm 448)) 7
8a85d: MOV Reg RDI, Reg R12 3
8a860: CALL libxl_string_list_length (external)
8a865: TEST Reg EAX, Reg EAX 2
8a867: JNZ 8a92c (resolved immediate)
  |
  `- 8a86d,8a92c
8a86d: CMP Address (SizeDir 64 (AddrPlus (FromReg RBP) (AddrImm 456))), Immediate 0 8
8a875: JZ 8a8aa (resolved immediate)
  |
  `- 8a877,8a8aa
8a877: LEA Reg RSI, Address (AddrPlus (FromReg RIP) (AddrImm 36338)) 7
8a87e: MOV Reg EDX, Immediate 7 5
8a883: MOV Reg RDI, Reg RBX 3
8a886: CALL yajl_gen_string (external)
8a88b: TEST Reg EAX, Reg EAX 2
8a88d: JNZ 896f4 (resolved immediate)
  |
  `- 896f4,8a893
8a893: MOV Reg RSI, Address (SizeDir 64 (AddrPlus (FromReg RBP) (AddrImm 456))) 7
8a89a: MOV Reg RDI, Reg RBX 3
8a89d: CALL libxl__string_gen_json (internal)
8a8a2: TEST Reg EAX, Reg EAX 2
8a8a4: JNZ 896f4 (resolved immediate)
  |
  `- 896f4,8a8aa
8a8aa: CMP Address (SizeDir 64 (AddrPlus (FromReg RBP) (AddrImm 464))), Immediate 0 8
8a8b2: JZ 8a8e7 (resolved immediate)
  |
  `- 8a8b4,8a8e7
8a8b4: LEA Reg RSI, Address (AddrPlus (FromReg RIP) (AddrImm 36263)) 7
8a8bb: MOV Reg EDX, Immediate 7 5
8a8c0: MOV Reg RDI, Reg RBX 3
8a8c3: CALL yajl_gen_string (external)
8a8c8: TEST Reg EAX, Reg EAX 2
8a8ca: JNZ 896f4 (resolved immediate)
  |
  `- 896f4,8a8d0
8a8d0: MOV Reg RSI, Address (SizeDir 64 (AddrPlus (FromReg RBP) (AddrImm 464))) 7
8a8d7: MOV Reg RDI, Reg RBX 3
8a8da: CALL libxl__string_gen_json (internal)
8a8df: TEST Reg EAX, Reg EAX 2
8a8e1: JNZ 896f4 (resolved immediate)
  |
  `- 896f4,8a8e7
8a8e7: CMP Address (SizeDir 32 (AddrPlus (FromReg RBP) (AddrImm 480))), Immediate 0 7
8a8ee: JZ 8a004 (resolved immediate)
  |
  `- 8a004,8a8f4
8a8f4: LEA Reg RSI, Address (AddrPlus (FromReg RIP) (AddrImm 118120)) 7
8a8fb: MOV Reg EDX, Immediate 9 5
8a900: MOV Reg RDI, Reg RBX 3
8a903: CALL yajl_gen_string (external)
8a908: TEST Reg EAX, Reg EAX 2
8a90a: JNZ 896f4 (resolved immediate)
  |
  `- 896f4,8a910
8a910: LEA Reg RSI, Address (AddrPlus (FromReg RBP) (AddrImm 480)) 7
8a917: MOV Reg RDI, Reg RBX 3
8a91a: CALL libxl_defbool_gen_json (external)
8a91f: TEST Reg EAX, Reg EAX 2
8a921: JZ 8a004 (resolved immediate)
  |
  `- 8a004,8a927
8a927: JMP 896f4 (resolved immediate)
  |
  `- 896f4
8a92c: LEA Reg RSI, Address (AddrPlus (FromReg RIP) (AddrImm 117749)) 7
8a933: MOV Reg EDX, Immediate 15 5
8a938: MOV Reg RDI, Reg RBX 3
8a93b: CALL yajl_gen_string (external)
8a940: TEST Reg EAX, Reg EAX 2
8a942: JNZ 896f4 (resolved immediate)
  |
  `- 896f4,8a948
8a948: MOV Reg RSI, Reg R12 3
8a94b: MOV Reg RDI, Reg RBX 3
8a94e: CALL libxl_string_list_gen_json (external)
8a953: TEST Reg EAX, Reg EAX 2
8a955: JZ 8a86d (resolved immediate)
  |
  `- 8a86d,8a95b
8a95b: JMP 896f4 (resolved immediate)
  |
  `- 896f4
8a960: ADD Reg EAX, Immediate 1 3
8a963: JNZ 8a014 (resolved immediate)
  |
  `- 8a014,8a969
8a969: MOV Reg RDI, Reg RBX 3
8a96c: CALL yajl_gen_map_open (external)
8a971: TEST Reg EAX, Reg EAX 2
8a973: JNZ 896f4 (resolved immediate)
  |
  `- 896f4,8a979
8a979: JMP 8a004 (resolved immediate)
  |
  `- 8a004
8a97e: MOV Reg RDI, Reg RBX 3
8a981: CALL yajl_gen_map_open (external)
8a986: TEST Reg EAX, Reg EAX 2
8a988: JNZ 896f4 (resolved immediate)
  |
  `- 896f4,8a98e
8a98e: CMP Address (SizeDir 64 (AddrPlus (FromReg RBP) (AddrImm 424))), Immediate 0 8
8a996: JZ 8a9cb (resolved immediate)
  |
  `- 8a998,8a9cb
8a998: LEA Reg RSI, Address (AddrPlus (FromReg RIP) (AddrImm 117836)) 7
8a99f: MOV Reg EDX, Immediate 8 5
8a9a4: MOV Reg RDI, Reg RBX 3
8a9a7: CALL yajl_gen_string (external)
8a9ac: TEST Reg EAX, Reg EAX 2
8a9ae: JNZ 896f4 (resolved immediate)
  |
  `- 896f4,8a9b4
8a9b4: MOV Reg RSI, Address (SizeDir 64 (AddrPlus (FromReg RBP) (AddrImm 424))) 7
8a9bb: MOV Reg RDI, Reg RBX 3
8a9be: CALL libxl__string_gen_json (internal)
8a9c3: TEST Reg EAX, Reg EAX 2
8a9c5: JNZ 896f4 (resolved immediate)
  |
  `- 896f4,8a9cb
8a9cb: CMP Address (SizeDir 32 (AddrPlus (FromReg RBP) (AddrImm 432))), Immediate 0 7
8a9d2: JNZ 8b4b0 (resolved immediate)
  |
  `- 8a9d8,8b4b0
8a9d8: CMP Address (SizeDir 32 (AddrPlus (FromReg RBP) (AddrImm 436))), Immediate 0 7
8a9df: JNZ 8b478 (resolved immediate)
  |
  `- 8a9e5,8b478
8a9e5: CMP Address (SizeDir 32 (AddrPlus (FromReg RBP) (AddrImm 440))), Immediate 0 7
8a9ec: JNZ 8b440 (resolved immediate)
  |
  `- 8a9f2,8b440
8a9f2: CMP Address (SizeDir 32 (AddrPlus (FromReg RBP) (AddrImm 444))), Immediate 0 7
8a9f9: JNZ 8b408 (resolved immediate)
  |
  `- 8a9ff,8b408
8a9ff: CMP Address (SizeDir 32 (AddrPlus (FromReg RBP) (AddrImm 448))), Immediate 0 7
8aa06: JNZ 8b3d0 (resolved immediate)
  |
  `- 8aa0c,8b3d0
8aa0c: CMP Address (SizeDir 32 (AddrPlus (FromReg RBP) (AddrImm 452))), Immediate 0 7
8aa13: JNZ 8b398 (resolved immediate)
  |
  `- 8aa19,8b398
8aa19: CMP Address (SizeDir 32 (AddrPlus (FromReg RBP) (AddrImm 456))), Immediate 0 7
8aa20: JNZ 8b360 (resolved immediate)
  |
  `- 8aa26,8b360
8aa26: CMP Address (SizeDir 32 (AddrPlus (FromReg RBP) (AddrImm 460))), Immediate 0 7
8aa2d: JNZ 8b328 (resolved immediate)
  |
  `- 8aa33,8b328
8aa33: CMP Address (SizeDir 32 (AddrPlus (FromReg RBP) (AddrImm 464))), Immediate 0 7
8aa3a: JZ 8aa6f (resolved immediate)
  |
  `- 8aa3c,8aa6f
8aa3c: LEA Reg RSI, Address (AddrPlus (FromReg RIP) (AddrImm 117555)) 7
8aa43: MOV Reg EDX, Immediate 8 5
8aa48: MOV Reg RDI, Reg RBX 3
8aa4b: CALL yajl_gen_string (external)
8aa50: TEST Reg EAX, Reg EAX 2
8aa52: JNZ 896f4 (resolved immediate)
  |
  `- 896f4,8aa58
8aa58: LEA Reg RSI, Address (AddrPlus (FromReg RBP) (AddrImm 464)) 7
8aa5f: MOV Reg RDI, Reg RBX 3
8aa62: CALL libxl_defbool_gen_json (external)
8aa67: TEST Reg EAX, Reg EAX 2
8aa69: JNZ 896f4 (resolved immediate)
  |
  `- 896f4,8aa6f
8aa6f: LEA Reg R12, Address (AddrPlus (FromReg RBP) (AddrImm 472)) 7
8aa76: MOV Reg RDI, Reg R12 3
8aa79: CALL libxl_bitmap_is_empty (external)
8aa7e: TEST Reg EAX, Reg EAX 2
8aa80: JNZ 8aab1 (resolved immediate)
  |
  `- 8aa82,8aab1
8aa82: LEA Reg RSI, Address (AddrPlus (FromReg RIP) (AddrImm 117494)) 7
8aa89: MOV Reg EDX, Immediate 15 5
8aa8e: MOV Reg RDI, Reg RBX 3
8aa91: CALL yajl_gen_string (external)
8aa96: TEST Reg EAX, Reg EAX 2
8aa98: JNZ 896f4 (resolved immediate)
  |
  `- 896f4,8aa9e
8aa9e: MOV Reg RSI, Reg R12 3
8aaa1: MOV Reg RDI, Reg RBX 3
8aaa4: CALL libxl_bitmap_gen_json (external)
8aaa9: TEST Reg EAX, Reg EAX 2
8aaab: JNZ 896f4 (resolved immediate)
  |
  `- 896f4,8aab1
8aab1: LEA Reg R12, Address (AddrPlus (FromReg RBP) (AddrImm 488)) 7
8aab8: MOV Reg RDI, Reg R12 3
8aabb: CALL libxl_bitmap_is_empty (external)
8aac0: TEST Reg EAX, Reg EAX 2
8aac2: JZ 8b2f4 (resolved immediate)
  |
  `- 8aac8,8b2f4
8aac8: CMP Address (SizeDir 64 (AddrPlus (FromReg RBP) (AddrImm 504))), Immediate 0 8
8aad0: JZ 8ab05 (resolved immediate)
  |
  `- 8aad2,8ab05
8aad2: LEA Reg RSI, Address (AddrPlus (FromReg RIP) (AddrImm 41161)) 7
8aad9: MOV Reg EDX, Immediate 10 5
8aade: MOV Reg RDI, Reg RBX 3
8aae1: CALL yajl_gen_string (external)
8aae6: TEST Reg EAX, Reg EAX 2
8aae8: JNZ 896f4 (resolved immediate)
  |
  `- 896f4,8aaee
8aaee: MOV Reg RSI, Address (SizeDir 64 (AddrPlus (FromReg RBP) (AddrImm 504))) 7
8aaf5: MOV Reg RDI, Reg RBX 3
8aaf8: CALL libxl__string_gen_json (internal)
8aafd: TEST Reg EAX, Reg EAX 2
8aaff: JNZ 896f4 (resolved immediate)
  |
  `- 896f4,8ab05
8ab05: CMP Address (SizeDir 32 (AddrPlus (FromReg RBP) (AddrImm 512))), Immediate 0 7
8ab0c: JNZ 8b2bc (resolved immediate)
  |
  `- 8ab12,8b2bc
8ab12: CMP Address (SizeDir 32 (AddrPlus (FromReg RBP) (AddrImm 516))), Immediate 0 7
8ab19: JNZ 8b284 (resolved immediate)
  |
  `- 8ab1f,8b284
8ab1f: CMP Address (SizeDir 64 (AddrPlus (FromReg RBP) (AddrImm 520))), Immediate 18446744073709551615 8
8ab27: JZ 8ab5c (resolved immediate)
  |
  `- 8ab29,8ab5c
8ab29: LEA Reg RSI, Address (AddrPlus (FromReg RIP) (AddrImm 117375)) 7
8ab30: MOV Reg EDX, Immediate 15 5
8ab35: MOV Reg RDI, Reg RBX 3
8ab38: CALL yajl_gen_string (external)
8ab3d: TEST Reg EAX, Reg EAX 2
8ab3f: JNZ 896f4 (resolved immediate)
  |
  `- 896f4,8ab45
8ab45: MOV Reg RSI, Address (SizeDir 64 (AddrPlus (FromReg RBP) (AddrImm 520))) 7
8ab4c: MOV Reg RDI, Reg RBX 3
8ab4f: CALL libxl__uint64_gen_json (external)
8ab54: TEST Reg EAX, Reg EAX 2
8ab56: JNZ 896f4 (resolved immediate)
  |
  `- 896f4,8ab5c
8ab5c: CMP Address (SizeDir 32 (AddrPlus (FromReg RBP) (AddrImm 528))), Immediate 4294967295 7
8ab63: JZ 8ab9f (resolved immediate)
  |
  `- 8ab65,8ab9f
8ab65: LEA Reg RSI, Address (AddrPlus (FromReg RIP) (AddrImm 118412)) 7
8ab6c: MOV Reg EDX, Immediate 10 5
8ab71: MOV Reg RDI, Reg RBX 3
8ab74: CALL yajl_gen_string (external)
8ab79: TEST Reg EAX, Reg EAX 2
8ab7b: JNZ 896f4 (resolved immediate)
  |
  `- 896f4,8ab81
8ab81: MOV Reg EDI, Address (SizeDir 32 (AddrPlus (FromReg RBP) (AddrImm 528))) 6
8ab87: CALL libxl_timer_mode_to_string (external)
8ab8c: MOV Reg RDI, Reg RBX 3
8ab8f: MOV Reg RSI, Reg RAX 3
8ab92: CALL libxl__yajl_gen_enum (internal)
8ab97: TEST Reg EAX, Reg EAX 2
8ab99: JNZ 896f4 (resolved immediate)
  |
  `- 896f4,8ab9f
8ab9f: CMP Address (SizeDir 32 (AddrPlus (FromReg RBP) (AddrImm 532))), Immediate 0 7
8aba6: JNZ 8b24c (resolved immediate)
  |
  `- 8abac,8b24c
8abac: CMP Address (SizeDir 32 (AddrPlus (FromReg RBP) (AddrImm 536))), Immediate 0 7
8abb3: JNZ 8b214 (resolved immediate)
  |
  `- 8abb9,8b214
8abb9: CMP Address (SizeDir 64 (AddrPlus (FromReg RBP) (AddrImm 544))), Immediate 0 8
8abc1: JZ 8abf6 (resolved immediate)
  |
  `- 8abc3,8abf6
8abc3: LEA Reg RSI, Address (AddrPlus (FromReg RIP) (AddrImm 117244)) 7
8abca: MOV Reg EDX, Immediate 15 5
8abcf: MOV Reg RDI, Reg RBX 3
8abd2: CALL yajl_gen_string (external)
8abd7: TEST Reg EAX, Reg EAX 2
8abd9: JNZ 896f4 (resolved immediate)
  |
  `- 896f4,8abdf
8abdf: MOV Reg RSI, Address (SizeDir 64 (AddrPlus (FromReg RBP) (AddrImm 544))) 7
8abe6: MOV Reg RDI, Reg RBX 3
8abe9: CALL libxl__string_gen_json (internal)
8abee: TEST Reg EAX, Reg EAX 2
8abf0: JNZ 896f4 (resolved immediate)
  |
  `- 896f4,8abf6
8abf6: CMP Address (SizeDir 64 (AddrPlus (FromReg RBP) (AddrImm 552))), Immediate 0 8
8abfe: JZ 8ac33 (resolved immediate)
  |
  `- 8ac00,8ac33
8ac00: LEA Reg RSI, Address (AddrPlus (FromReg RIP) (AddrImm 117199)) 7
8ac07: MOV Reg EDX, Immediate 15 5
8ac0c: MOV Reg RDI, Reg RBX 3
8ac0f: CALL yajl_gen_string (external)
8ac14: TEST Reg EAX, Reg EAX 2
8ac16: JNZ 896f4 (resolved immediate)
  |
  `- 896f4,8ac1c
8ac1c: MOV Reg RSI, Address (SizeDir 64 (AddrPlus (FromReg RBP) (AddrImm 552))) 7
8ac23: MOV Reg RDI, Reg RBX 3
8ac26: CALL libxl__string_gen_json (internal)
8ac2b: TEST Reg EAX, Reg EAX 2
8ac2d: JNZ 896f4 (resolved immediate)
  |
  `- 896f4,8ac33
8ac33: CMP Address (SizeDir 64 (AddrPlus (FromReg RBP) (AddrImm 560))), Immediate 0 8
8ac3b: JZ 8ac70 (resolved immediate)
  |
  `- 8ac3d,8ac70
8ac3d: LEA Reg RSI, Address (AddrPlus (FromReg RIP) (AddrImm 117154)) 7
8ac44: MOV Reg EDX, Immediate 13 5
8ac49: MOV Reg RDI, Reg RBX 3
8ac4c: CALL yajl_gen_string (external)
8ac51: TEST Reg EAX, Reg EAX 2
8ac53: JNZ 896f4 (resolved immediate)
  |
  `- 896f4,8ac59
8ac59: MOV Reg RSI, Address (SizeDir 64 (AddrPlus (FromReg RBP) (AddrImm 560))) 7
8ac60: MOV Reg RDI, Reg RBX 3
8ac63: CALL libxl__string_gen_json (internal)
8ac68: TEST Reg EAX, Reg EAX 2
8ac6a: JNZ 896f4 (resolved immediate)
  |
  `- 896f4,8ac70
8ac70: CMP Address (SizeDir 32 (AddrPlus (FromReg RBP) (AddrImm 568))), Immediate 1 7
8ac77: JZ 8acb3 (resolved immediate)
  |
  `- 8ac79,8acb3
8ac79: LEA Reg RSI, Address (AddrPlus (FromReg RIP) (AddrImm 118281)) 7
8ac80: MOV Reg EDX, Immediate 6 5
8ac85: MOV Reg RDI, Reg RBX 3
8ac88: CALL yajl_gen_string (external)
8ac8d: TEST Reg EAX, Reg EAX 2
8ac8f: JNZ 896f4 (resolved immediate)
  |
  `- 896f4,8ac95
8ac95: MOV Reg EDI, Address (SizeDir 32 (AddrPlus (FromReg RBP) (AddrImm 568))) 6
8ac9b: CALL libxl_hdtype_to_string (external)
8aca0: MOV Reg RDI, Reg RBX 3
8aca3: MOV Reg RSI, Reg RAX 3
8aca6: CALL libxl__yajl_gen_enum (internal)
8acab: TEST Reg EAX, Reg EAX 2
8acad: JNZ 896f4 (resolved immediate)
  |
  `- 896f4,8acb3
8acb3: CMP Address (SizeDir 32 (AddrPlus (FromReg RBP) (AddrImm 572))), Immediate 0 7
8acba: JZ 8acef (resolved immediate)
  |
  `- 8acbc,8acef
8acbc: LEA Reg RSI, Address (AddrPlus (FromReg RIP) (AddrImm 39595)) 7
8acc3: MOV Reg EDX, Immediate 9 5
8acc8: MOV Reg RDI, Reg RBX 3
8accb: CALL yajl_gen_string (external)
8acd0: TEST Reg EAX, Reg EAX 2
8acd2: JNZ 896f4 (resolved immediate)
  |
  `- 896f4,8acd8
8acd8: LEA Reg RSI, Address (AddrPlus (FromReg RBP) (AddrImm 572)) 7
8acdf: MOV Reg RDI, Reg RBX 3
8ace2: CALL libxl_defbool_gen_json (external)
8ace7: TEST Reg EAX, Reg EAX 2
8ace9: JNZ 896f4 (resolved immediate)
  |
  `- 896f4,8acef
8acef: LEA Reg RSI, Address (AddrPlus (FromReg RIP) (AddrImm 39569)) 7
8acf6: MOV Reg EDX, Immediate 3 5
8acfb: MOV Reg RDI, Reg RBX 3
8acfe: CALL yajl_gen_string (external)
8ad03: TEST Reg EAX, Reg EAX 2
8ad05: JNZ 896f4 (resolved immediate)
  |
  `- 896f4,8ad0b
8ad0b: LEA Reg RSI, Address (AddrPlus (FromReg RBP) (AddrImm 576)) 7
8ad12: MOV Reg RDI, Reg RBX 3
8ad15: CALL libxl_vga_interface_info_gen_json (external)
8ad1a: TEST Reg EAX, Reg EAX 2
8ad1c: JNZ 896f4 (resolved immediate)
  |
  `- 896f4,8ad22
8ad22: LEA Reg RSI, Address (AddrPlus (FromReg RIP) (AddrImm 74258)) 7
8ad29: MOV Reg EDX, Immediate 3 5
8ad2e: MOV Reg RDI, Reg RBX 3
8ad31: CALL yajl_gen_string (external)
8ad36: TEST Reg EAX, Reg EAX 2
8ad38: JNZ 896f4 (resolved immediate)
  |
  `- 896f4,8ad3e
8ad3e: LEA Reg RSI, Address (AddrPlus (FromReg RBP) (AddrImm 584)) 7
8ad45: MOV Reg RDI, Reg RBX 3
8ad48: CALL libxl_vnc_info_gen_json (external)
8ad4d: TEST Reg EAX, Reg EAX 2
8ad4f: JNZ 896f4 (resolved immediate)
  |
  `- 896f4,8ad55
8ad55: CMP Address (SizeDir 64 (AddrPlus (FromReg RBP) (AddrImm 616))), Immediate 0 8
8ad5d: JZ 8ad92 (resolved immediate)
  |
  `- 8ad5f,8ad92
8ad5f: LEA Reg RSI, Address (AddrPlus (FromReg RIP) (AddrImm 114038)) 7
8ad66: MOV Reg EDX, Immediate 6 5
8ad6b: MOV Reg RDI, Reg RBX 3
8ad6e: CALL yajl_gen_string (external)
8ad73: TEST Reg EAX, Reg EAX 2
8ad75: JNZ 896f4 (resolved immediate)
  |
  `- 896f4,8ad7b
8ad7b: MOV Reg RSI, Address (SizeDir 64 (AddrPlus (FromReg RBP) (AddrImm 616))) 7
8ad82: MOV Reg RDI, Reg RBX 3
8ad85: CALL libxl__string_gen_json (internal)
8ad8a: TEST Reg EAX, Reg EAX 2
8ad8c: JNZ 896f4 (resolved immediate)
  |
  `- 896f4,8ad92
8ad92: LEA Reg RSI, Address (AddrPlus (FromReg RIP) (AddrImm 39338)) 7
8ad99: MOV Reg EDX, Immediate 3 5
8ad9e: MOV Reg RDI, Reg RBX 3
8ada1: CALL yajl_gen_string (external)
8ada6: TEST Reg EAX, Reg EAX 2
8ada8: JNZ 896f4 (resolved immediate)
  |
  `- 896f4,8adae
8adae: LEA Reg RSI, Address (AddrPlus (FromReg RBP) (AddrImm 624)) 7
8adb5: MOV Reg RDI, Reg RBX 3
8adb8: CALL libxl_sdl_info_gen_json (external)
8adbd: TEST Reg EAX, Reg EAX 2
8adbf: JNZ 896f4 (resolved immediate)
  |
  `- 896f4,8adc5
8adc5: LEA Reg RSI, Address (AddrPlus (FromReg RIP) (AddrImm 39839)) 7
8adcc: MOV Reg EDX, Immediate 5 5
8add1: MOV Reg RDI, Reg RBX 3
8add4: CALL yajl_gen_string (external)
8add9: TEST Reg EAX, Reg EAX 2
8addb: JNZ 896f4 (resolved immediate)
  |
  `- 896f4,8ade1
8ade1: LEA Reg RSI, Address (AddrPlus (FromReg RBP) (AddrImm 648)) 7
8ade8: MOV Reg RDI, Reg RBX 3
8adeb: CALL libxl_spice_info_gen_json (external)
8adf0: TEST Reg EAX, Reg EAX 2
8adf2: JNZ 896f4 (resolved immediate)
  |
  `- 896f4,8adf8
8adf8: CMP Address (SizeDir 32 (AddrPlus (FromReg RBP) (AddrImm 720))), Immediate 0 7
8adff: JNZ 8b1dc (resolved immediate)
  |
  `- 8ae05,8b1dc
8ae05: CMP Address (SizeDir 32 (AddrPlus (FromReg RBP) (AddrImm 724))), Immediate 0 7
8ae0c: JNZ 8b12d (resolved immediate)
  |
  `- 8ae12,8b12d
8ae12: CMP Address (SizeDir 64 (AddrPlus (FromReg RBP) (AddrImm 728))), Immediate 0 8
8ae1a: JZ 8ae4f (resolved immediate)
  |
  `- 8ae1c,8ae4f
8ae1c: LEA Reg RSI, Address (AddrPlus (FromReg RIP) (AddrImm 39765)) 7
8ae23: MOV Reg EDX, Immediate 6 5
8ae28: MOV Reg RDI, Reg RBX 3
8ae2b: CALL yajl_gen_string (external)
8ae30: TEST Reg EAX, Reg EAX 2
8ae32: JNZ 896f4 (resolved immediate)
  |
  `- 896f4,8ae38
8ae38: MOV Reg RSI, Address (SizeDir 64 (AddrPlus (FromReg RBP) (AddrImm 728))) 7
8ae3f: MOV Reg RDI, Reg RBX 3
8ae42: CALL libxl__string_gen_json (internal)
8ae47: TEST Reg EAX, Reg EAX 2
8ae49: JNZ 896f4 (resolved immediate)
  |
  `- 896f4,8ae4f
8ae4f: CMP Address (SizeDir 64 (AddrPlus (FromReg RBP) (AddrImm 736))), Immediate 0 8
8ae57: JZ 8ae8c (resolved immediate)
  |
  `- 8ae59,8ae8c
8ae59: LEA Reg RSI, Address (AddrPlus (FromReg RIP) (AddrImm 39212)) 7
8ae60: MOV Reg EDX, Immediate 4 5
8ae65: MOV Reg RDI, Reg RBX 3
8ae68: CALL yajl_gen_string (external)
8ae6d: TEST Reg EAX, Reg EAX 2
8ae6f: JNZ 896f4 (resolved immediate)
  |
  `- 896f4,8ae75
8ae75: MOV Reg RSI, Address (SizeDir 64 (AddrPlus (FromReg RBP) (AddrImm 736))) 7
8ae7c: MOV Reg RDI, Reg RBX 3
8ae7f: CALL libxl__string_gen_json (internal)
8ae84: TEST Reg EAX, Reg EAX 2
8ae86: JNZ 896f4 (resolved immediate)
  |
  `- 896f4,8ae8c
8ae8c: CMP Address (SizeDir 32 (AddrPlus (FromReg RBP) (AddrImm 744))), Immediate 0 7
8ae93: JNZ 8b0f5 (resolved immediate)
  |
  `- 8ae99,8b0f5
8ae99: CMP Address (SizeDir 32 (AddrPlus (FromReg RBP) (AddrImm 748))), Immediate 0 7
8aea0: JNZ 8b16c (resolved immediate)
  |
  `- 8aea6,8b16c
8aea6: CMP Address (SizeDir 64 (AddrPlus (FromReg RBP) (AddrImm 752))), Immediate 0 8
8aeae: JZ 8aee3 (resolved immediate)
  |
  `- 8aeb0,8aee3
8aeb0: LEA Reg RSI, Address (AddrPlus (FromReg RIP) (AddrImm 39136)) 7
8aeb7: MOV Reg EDX, Immediate 9 5
8aebc: MOV Reg RDI, Reg RBX 3
8aebf: CALL yajl_gen_string (external)
8aec4: TEST Reg EAX, Reg EAX 2
8aec6: JNZ 896f4 (resolved immediate)
  |
  `- 896f4,8aecc
8aecc: MOV Reg RSI, Address (SizeDir 64 (AddrPlus (FromReg RBP) (AddrImm 752))) 7
8aed3: MOV Reg RDI, Reg RBX 3
8aed6: CALL libxl__string_gen_json (internal)
8aedb: TEST Reg EAX, Reg EAX 2
8aedd: JNZ 896f4 (resolved immediate)
  |
  `- 896f4,8aee3
8aee3: CMP Address (SizeDir 64 (AddrPlus (FromReg RBP) (AddrImm 760))), Immediate 0 8
8aeeb: JZ 8af20 (resolved immediate)
  |
  `- 8aeed,8af20
8aeed: LEA Reg RSI, Address (AddrPlus (FromReg RIP) (AddrImm 39086)) 7
8aef4: MOV Reg EDX, Immediate 7 5
8aef9: MOV Reg RDI, Reg RBX 3
8aefc: CALL yajl_gen_string (external)
8af01: TEST Reg EAX, Reg EAX 2
8af03: JNZ 896f4 (resolved immediate)
  |
  `- 896f4,8af09
8af09: MOV Reg RSI, Address (SizeDir 64 (AddrPlus (FromReg RBP) (AddrImm 760))) 7
8af10: MOV Reg RDI, Reg RBX 3
8af13: CALL libxl__string_gen_json (internal)
8af18: TEST Reg EAX, Reg EAX 2
8af1a: JNZ 896f4 (resolved immediate)
  |
  `- 896f4,8af20
8af20: CMP Address (SizeDir 32 (AddrPlus (FromReg RBP) (AddrImm 768))), Immediate 0 7
8af27: JZ 8af5c (resolved immediate)
  |
  `- 8af29,8af5c
8af29: LEA Reg RSI, Address (AddrPlus (FromReg RIP) (AddrImm 116431)) 7
8af30: MOV Reg EDX, Immediate 16 5
8af35: MOV Reg RDI, Reg RBX 3
8af38: CALL yajl_gen_string (external)
8af3d: TEST Reg EAX, Reg EAX 2
8af3f: JNZ 896f4 (resolved immediate)
  |
  `- 896f4,8af45
8af45: LEA Reg RSI, Address (AddrPlus (FromReg RBP) (AddrImm 768)) 7
8af4c: MOV Reg RDI, Reg RBX 3
8af4f: CALL libxl_defbool_gen_json (external)
8af54: TEST Reg EAX, Reg EAX 2
8af56: JNZ 896f4 (resolved immediate)
  |
  `- 896f4,8af5c
8af5c: LEA Reg R12, Address (AddrPlus (FromReg RBP) (AddrImm 776)) 7
8af63: MOV Reg RDI, Reg R12 3
8af66: CALL libxl_string_list_length (external)
8af6b: TEST Reg EAX, Reg EAX 2
8af6d: JNZ 8b0c1 (resolved immediate)
  |
  `- 8af73,8b0c1
8af73: CMP Address (SizeDir 32 (AddrPlus (FromReg RBP) (AddrImm 784))), Immediate 0 7
8af7a: JZ 8afb6 (resolved immediate)
  |
  `- 8af7c,8afb6
8af7c: LEA Reg RSI, Address (AddrPlus (FromReg RIP) (AddrImm 117461)) 7
8af83: MOV Reg EDX, Immediate 13 5
8af88: MOV Reg RDI, Reg RBX 3
8af8b: CALL yajl_gen_string (external)
8af90: TEST Reg EAX, Reg EAX 2
8af92: JNZ 896f4 (resolved immediate)
  |
  `- 896f4,8af98
8af98: MOV Reg EDI, Address (SizeDir 32 (AddrPlus (FromReg RBP) (AddrImm 784))) 6
8af9e: CALL libxl_vendor_device_to_string (external)
8afa3: MOV Reg RDI, Reg RBX 3
8afa6: MOV Reg RSI, Reg RAX 3
8afa9: CALL libxl__yajl_gen_enum (internal)
8afae: TEST Reg EAX, Reg EAX 2
8afb0: JNZ 896f4 (resolved immediate)
  |
  `- 896f4,8afb6
8afb6: LEA Reg R12, Address (AddrPlus (FromReg RBP) (AddrImm 788)) 7
8afbd: MOV Reg RDI, Reg R12 3
8afc0: CALL libxl_ms_vm_genid_is_zero (external)
8afc5: TEST Reg AL, Reg AL 2
8afc7: JNZ 8aff8 (resolved immediate)
  |
  `- 8afc9,8aff8
8afc9: LEA Reg RSI, Address (AddrPlus (FromReg RIP) (AddrImm 116303)) 7
8afd0: MOV Reg EDX, Immediate 11 5
8afd5: MOV Reg RDI, Reg RBX 3
8afd8: CALL yajl_gen_string (external)
8afdd: TEST Reg EAX, Reg EAX 2
8afdf: JNZ 896f4 (resolved immediate)
  |
  `- 896f4,8afe5
8afe5: MOV Reg RSI, Reg R12 3
8afe8: MOV Reg RDI, Reg RBX 3
8afeb: CALL libxl_ms_vm_genid_gen_json (external)
8aff0: TEST Reg EAX, Reg EAX 2
8aff2: JNZ 896f4 (resolved immediate)
  |
  `- 896f4,8aff8
8aff8: LEA Reg R12, Address (AddrPlus (FromReg RBP) (AddrImm 808)) 7
8afff: MOV Reg RDI, Reg R12 3
8b002: CALL libxl_string_list_length (external)
8b007: TEST Reg EAX, Reg EAX 2
8b009: JZ 8b03a (resolved immediate)
  |
  `- 8b00b,8b03a
8b00b: LEA Reg RSI, Address (AddrPlus (FromReg RIP) (AddrImm 116249)) 7
8b012: MOV Reg EDX, Immediate 11 5
8b017: MOV Reg RDI, Reg RBX 3
8b01a: CALL yajl_gen_string (external)
8b01f: TEST Reg EAX, Reg EAX 2
8b021: JNZ 896f4 (resolved immediate)
  |
  `- 896f4,8b027
8b027: MOV Reg RSI, Reg R12 3
8b02a: MOV Reg RDI, Reg RBX 3
8b02d: CALL libxl_string_list_gen_json (external)
8b032: TEST Reg EAX, Reg EAX 2
8b034: JNZ 896f4 (resolved immediate)
  |
  `- 896f4,8b03a
8b03a: LEA Reg RSI, Address (AddrPlus (FromReg RIP) (AddrImm 117895)) 7
8b041: MOV Reg EDX, Immediate 3 5
8b046: MOV Reg RDI, Reg RBX 3
8b049: CALL yajl_gen_string (external)
8b04e: TEST Reg EAX, Reg EAX 2
8b050: JNZ 896f4 (resolved immediate)
  |
  `- 896f4,8b056
8b056: LEA Reg RSI, Address (AddrPlus (FromReg RBP) (AddrImm 816)) 7
8b05d: MOV Reg RDI, Reg RBX 3
8b060: CALL libxl_rdm_reserve_gen_json (external)
8b065: TEST Reg EAX, Reg EAX 2
8b067: JNZ 896f4 (resolved immediate)
  |
  `- 896f4,8b06d
8b06d: CMP Address (SizeDir 64 (AddrPlus (FromReg RBP) (AddrImm 824))), Immediate 18446744073709551615 8
8b075: JNZ 8b1a4 (resolved immediate)
  |
  `- 8b07b,8b1a4
8b07b: CMP Address (SizeDir 64 (AddrPlus (FromReg RBP) (AddrImm 832))), Immediate 0 8
8b083: JZ 8a004 (resolved immediate)
  |
  `- 8a004,8b089
8b089: LEA Reg RSI, Address (AddrPlus (FromReg RIP) (AddrImm 116158)) 7
8b090: MOV Reg EDX, Immediate 8 5
8b095: MOV Reg RDI, Reg RBX 3
8b098: CALL yajl_gen_string (external)
8b09d: TEST Reg EAX, Reg EAX 2
8b09f: JNZ 896f4 (resolved immediate)
  |
  `- 896f4,8b0a5
8b0a5: MOV Reg RSI, Address (SizeDir 64 (AddrPlus (FromReg RBP) (AddrImm 832))) 7
8b0ac: MOV Reg RDI, Reg RBX 3
8b0af: CALL libxl__uint64_gen_json (external)
8b0b4: TEST Reg EAX, Reg EAX 2
8b0b6: JZ 8a004 (resolved immediate)
  |
  `- 8a004,8b0bc
8b0bc: JMP 896f4 (resolved immediate)
  |
  `- 896f4
8b0c1: LEA Reg RSI, Address (AddrPlus (FromReg RIP) (AddrImm 116040)) 7
8b0c8: MOV Reg EDX, Immediate 14 5
8b0cd: MOV Reg RDI, Reg RBX 3
8b0d0: CALL yajl_gen_string (external)
8b0d5: TEST Reg EAX, Reg EAX 2
8b0d7: JNZ 896f4 (resolved immediate)
  |
  `- 896f4,8b0dd
8b0dd: MOV Reg RSI, Reg R12 3
8b0e0: MOV Reg RDI, Reg RBX 3
8b0e3: CALL libxl_string_list_gen_json (external)
8b0e8: TEST Reg EAX, Reg EAX 2
8b0ea: JZ 8af73 (resolved immediate)
  |
  `- 8af73,8b0f0
8b0f0: JMP 896f4 (resolved immediate)
  |
  `- 896f4
8b0f5: LEA Reg RSI, Address (AddrPlus (FromReg RIP) (AddrImm 38550)) 7
8b0fc: MOV Reg EDX, Immediate 3 5
8b101: MOV Reg RDI, Reg RBX 3
8b104: CALL yajl_gen_string (external)
8b109: TEST Reg EAX, Reg EAX 2
8b10b: JNZ 896f4 (resolved immediate)
  |
  `- 896f4,8b111
8b111: LEA Reg RSI, Address (AddrPlus (FromReg RBP) (AddrImm 744)) 7
8b118: MOV Reg RDI, Reg RBX 3
8b11b: CALL libxl_defbool_gen_json (external)
8b120: TEST Reg EAX, Reg EAX 2
8b122: JZ 8ae99 (resolved immediate)
  |
  `- 8ae99,8b128
8b128: JMP 896f4 (resolved immediate)
  |
  `- 896f4
8b12d: LEA Reg RSI, Address (AddrPlus (FromReg RIP) (AddrImm 116908)) 7
8b134: MOV Reg EDX, Immediate 17 5
8b139: MOV Reg RDI, Reg RBX 3
8b13c: CALL yajl_gen_string (external)
8b141: TEST Reg EAX, Reg EAX 2
8b143: JNZ 896f4 (resolved immediate)
  |
  `- 896f4,8b149
8b149: MOV Reg EDI, Address (SizeDir 32 (AddrPlus (FromReg RBP) (AddrImm 724))) 6
8b14f: CALL libxl_gfx_passthru_kind_to_string (external)
8b154: MOV Reg RDI, Reg RBX 3
8b157: MOV Reg RSI, Reg RAX 3
8b15a: CALL libxl__yajl_gen_enum (internal)
8b15f: TEST Reg EAX, Reg EAX 2
8b161: JZ 8ae12 (resolved immediate)
  |
  `- 8ae12,8b167
8b167: JMP 896f4 (resolved immediate)
  |
  `- 896f4
8b16c: LEA Reg RSI, Address (AddrPlus (FromReg RIP) (AddrImm 115841)) 7
8b173: MOV Reg EDX, Immediate 10 5
8b178: MOV Reg RDI, Reg RBX 3
8b17b: CALL yajl_gen_string (external)
8b180: TEST Reg EAX, Reg EAX 2
8b182: JNZ 896f4 (resolved immediate)
  |
  `- 896f4,8b188
8b188: MOVSXD Reg RSI, Address (SizeDir 32 (AddrPlus (FromReg RBP) (AddrImm 748))) 7
8b18f: MOV Reg RDI, Reg RBX 3
8b192: CALL yajl_gen_integer (external)
8b197: TEST Reg EAX, Reg EAX 2
8b199: JZ 8aea6 (resolved immediate)
  |
  `- 8aea6,8b19f
8b19f: JMP 896f4 (resolved immediate)
  |
  `- 896f4
8b1a4: LEA Reg RSI, Address (AddrPlus (FromReg RIP) (AddrImm 115852)) 7
8b1ab: MOV Reg EDX, Immediate 22 5
8b1b0: MOV Reg RDI, Reg RBX 3
8b1b3: CALL yajl_gen_string (external)
8b1b8: TEST Reg EAX, Reg EAX 2
8b1ba: JNZ 896f4 (resolved immediate)
  |
  `- 896f4,8b1c0
8b1c0: MOV Reg RSI, Address (SizeDir 64 (AddrPlus (FromReg RBP) (AddrImm 824))) 7
8b1c7: MOV Reg RDI, Reg RBX 3
8b1ca: CALL libxl__uint64_gen_json (external)
8b1cf: TEST Reg EAX, Reg EAX 2
8b1d1: JZ 8b07b (resolved immediate)
  |
  `- 8b07b,8b1d7
8b1d7: JMP 896f4 (resolved immediate)
  |
  `- 896f4
8b1dc: LEA Reg RSI, Address (AddrPlus (FromReg RIP) (AddrImm 38368)) 7
8b1e3: MOV Reg EDX, Immediate 12 5
8b1e8: MOV Reg RDI, Reg RBX 3
8b1eb: CALL yajl_gen_string (external)
8b1f0: TEST Reg EAX, Reg EAX 2
8b1f2: JNZ 896f4 (resolved immediate)
  |
  `- 896f4,8b1f8
8b1f8: LEA Reg RSI, Address (AddrPlus (FromReg RBP) (AddrImm 720)) 7
8b1ff: MOV Reg RDI, Reg RBX 3
8b202: CALL libxl_defbool_gen_json (external)
8b207: TEST Reg EAX, Reg EAX 2
8b209: JZ 8ae05 (resolved immediate)
  |
  `- 8ae05,8b20f
8b20f: JMP 896f4 (resolved immediate)
  |
  `- 896f4
8b214: LEA Reg RSI, Address (AddrPlus (FromReg RIP) (AddrImm 115620)) 7
8b21b: MOV Reg EDX, Immediate 6 5
8b220: MOV Reg RDI, Reg RBX 3
8b223: CALL yajl_gen_string (external)
8b228: TEST Reg EAX, Reg EAX 2
8b22a: JNZ 896f4 (resolved immediate)
  |
  `- 896f4,8b230
8b230: LEA Reg RSI, Address (AddrPlus (FromReg RBP) (AddrImm 536)) 7
8b237: MOV Reg RDI, Reg RBX 3
8b23a: CALL libxl_defbool_gen_json (external)
8b23f: TEST Reg EAX, Reg EAX 2
8b241: JZ 8abb9 (resolved immediate)
  |
  `- 8abb9,8b247
8b247: JMP 896f4 (resolved immediate)
  |
  `- 896f4
8b24c: LEA Reg RSI, Address (AddrPlus (FromReg RIP) (AddrImm 115429)) 7
8b253: MOV Reg EDX, Immediate 10 5
8b258: MOV Reg RDI, Reg RBX 3
8b25b: CALL yajl_gen_string (external)
8b260: TEST Reg EAX, Reg EAX 2
8b262: JNZ 896f4 (resolved immediate)
  |
  `- 896f4,8b268
8b268: LEA Reg RSI, Address (AddrPlus (FromReg RBP) (AddrImm 532)) 7
8b26f: MOV Reg RDI, Reg RBX 3
8b272: CALL libxl_defbool_gen_json (external)
8b277: TEST Reg EAX, Reg EAX 2
8b279: JZ 8abac (resolved immediate)
  |
  `- 8abac,8b27f
8b27f: JMP 896f4 (resolved immediate)
  |
  `- 896f4
8b284: LEA Reg RSI, Address (AddrPlus (FromReg RIP) (AddrImm 115482)) 7
8b28b: MOV Reg EDX, Immediate 9 5
8b290: MOV Reg RDI, Reg RBX 3
8b293: CALL yajl_gen_string (external)
8b298: TEST Reg EAX, Reg EAX 2
8b29a: JNZ 896f4 (resolved immediate)
  |
  `- 896f4,8b2a0
8b2a0: LEA Reg RSI, Address (AddrPlus (FromReg RBP) (AddrImm 516)) 7
8b2a7: MOV Reg RDI, Reg RBX 3
8b2aa: CALL libxl_defbool_gen_json (external)
8b2af: TEST Reg EAX, Reg EAX 2
8b2b1: JZ 8ab1f (resolved immediate)
  |
  `- 8ab1f,8b2b7
8b2b7: JMP 896f4 (resolved immediate)
  |
  `- 896f4
8b2bc: LEA Reg RSI, Address (AddrPlus (FromReg RIP) (AddrImm 115421)) 7
8b2c3: MOV Reg EDX, Immediate 4 5
8b2c8: MOV Reg RDI, Reg RBX 3
8b2cb: CALL yajl_gen_string (external)
8b2d0: TEST Reg EAX, Reg EAX 2
8b2d2: JNZ 896f4 (resolved immediate)
  |
  `- 896f4,8b2d8
8b2d8: LEA Reg RSI, Address (AddrPlus (FromReg RBP) (AddrImm 512)) 7
8b2df: MOV Reg RDI, Reg RBX 3
8b2e2: CALL libxl_defbool_gen_json (external)
8b2e7: TEST Reg EAX, Reg EAX 2
8b2e9: JZ 8ab12 (resolved immediate)
  |
  `- 8ab12,8b2ef
8b2ef: JMP 896f4 (resolved immediate)
  |
  `- 896f4
8b2f4: LEA Reg RSI, Address (AddrPlus (FromReg RIP) (AddrImm 115348)) 7
8b2fb: MOV Reg EDX, Immediate 16 5
8b300: MOV Reg RDI, Reg RBX 3
8b303: CALL yajl_gen_string (external)
8b308: TEST Reg EAX, Reg EAX 2
8b30a: JNZ 896f4 (resolved immediate)
  |
  `- 896f4,8b310
8b310: MOV Reg RSI, Reg R12 3
8b313: MOV Reg RDI, Reg RBX 3
8b316: CALL libxl_bitmap_gen_json (external)
8b31b: TEST Reg EAX, Reg EAX 2
8b31d: JZ 8aac8 (resolved immediate)
  |
  `- 8aac8,8b323
8b323: JMP 896f4 (resolved immediate)
  |
  `- 896f4
8b328: LEA Reg RSI, Address (AddrPlus (FromReg RIP) (AddrImm 108509)) 7
8b32f: MOV Reg EDX, Immediate 2 5
8b334: MOV Reg RDI, Reg RBX 3
8b337: CALL yajl_gen_string (external)
8b33c: TEST Reg EAX, Reg EAX 2
8b33e: JNZ 896f4 (resolved immediate)
  |
  `- 896f4,8b344
8b344: LEA Reg RSI, Address (AddrPlus (FromReg RBP) (AddrImm 460)) 7
8b34b: MOV Reg RDI, Reg RBX 3
8b34e: CALL libxl_defbool_gen_json (external)
8b353: TEST Reg EAX, Reg EAX 2
8b355: JZ 8aa33 (resolved immediate)
  |
  `- 8aa33,8b35b
8b35b: JMP 896f4 (resolved immediate)
  |
  `- 896f4
8b360: LEA Reg RSI, Address (AddrPlus (FromReg RIP) (AddrImm 33442)) 7
8b367: MOV Reg EDX, Immediate 17 5
8b36c: MOV Reg RDI, Reg RBX 3
8b36f: CALL yajl_gen_string (external)
8b374: TEST Reg EAX, Reg EAX 2
8b376: JNZ 896f4 (resolved immediate)
  |
  `- 896f4,8b37c
8b37c: LEA Reg RSI, Address (AddrPlus (FromReg RBP) (AddrImm 456)) 7
8b383: MOV Reg RDI, Reg RBX 3
8b386: CALL libxl_defbool_gen_json (external)
8b38b: TEST Reg EAX, Reg EAX 2
8b38d: JZ 8aa26 (resolved immediate)
  |
  `- 8aa26,8b393
8b393: JMP 896f4 (resolved immediate)
  |
  `- 896f4
8b398: LEA Reg RSI, Address (AddrPlus (FromReg RIP) (AddrImm 33369)) 7
8b39f: MOV Reg EDX, Immediate 7 5
8b3a4: MOV Reg RDI, Reg RBX 3
8b3a7: CALL yajl_gen_string (external)
8b3ac: TEST Reg EAX, Reg EAX 2
8b3ae: JNZ 896f4 (resolved immediate)
  |
  `- 896f4,8b3b4
8b3b4: LEA Reg RSI, Address (AddrPlus (FromReg RBP) (AddrImm 452)) 7
8b3bb: MOV Reg RDI, Reg RBX 3
8b3be: CALL libxl_defbool_gen_json (external)
8b3c3: TEST Reg EAX, Reg EAX 2
8b3c5: JZ 8aa19 (resolved immediate)
  |
  `- 8aa19,8b3cb
8b3cb: JMP 896f4 (resolved immediate)
  |
  `- 896f4
8b3d0: LEA Reg RSI, Address (AddrPlus (FromReg RIP) (AddrImm 33296)) 7
8b3d7: MOV Reg EDX, Immediate 7 5
8b3dc: MOV Reg RDI, Reg RBX 3
8b3df: CALL yajl_gen_string (external)
8b3e4: TEST Reg EAX, Reg EAX 2
8b3e6: JNZ 896f4 (resolved immediate)
  |
  `- 896f4,8b3ec
8b3ec: LEA Reg RSI, Address (AddrPlus (FromReg RBP) (AddrImm 448)) 7
8b3f3: MOV Reg RDI, Reg RBX 3
8b3f6: CALL libxl_defbool_gen_json (external)
8b3fb: TEST Reg EAX, Reg EAX 2
8b3fd: JZ 8aa0c (resolved immediate)
  |
  `- 8aa0c,8b403
8b403: JMP 896f4 (resolved immediate)
  |
  `- 896f4
8b408: LEA Reg RSI, Address (AddrPlus (FromReg RIP) (AddrImm 38686)) 7
8b40f: MOV Reg EDX, Immediate 4 5
8b414: MOV Reg RDI, Reg RBX 3
8b417: CALL yajl_gen_string (external)
8b41c: TEST Reg EAX, Reg EAX 2
8b41e: JNZ 896f4 (resolved immediate)
  |
  `- 896f4,8b424
8b424: LEA Reg RSI, Address (AddrPlus (FromReg RBP) (AddrImm 444)) 7
8b42b: MOV Reg RDI, Reg RBX 3
8b42e: CALL libxl_defbool_gen_json (external)
8b433: TEST Reg EAX, Reg EAX 2
8b435: JZ 8a9ff (resolved immediate)
  |
  `- 8a9ff,8b43b
8b43b: JMP 896f4 (resolved immediate)
  |
  `- 896f4
8b440: LEA Reg RSI, Address (AddrPlus (FromReg RIP) (AddrImm 107627)) 7
8b447: MOV Reg EDX, Immediate 4 5
8b44c: MOV Reg RDI, Reg RBX 3
8b44f: CALL yajl_gen_string (external)
8b454: TEST Reg EAX, Reg EAX 2
8b456: JNZ 896f4 (resolved immediate)
  |
  `- 896f4,8b45c
8b45c: LEA Reg RSI, Address (AddrPlus (FromReg RBP) (AddrImm 440)) 7
8b463: MOV Reg RDI, Reg RBX 3
8b466: CALL libxl_defbool_gen_json (external)
8b46b: TEST Reg EAX, Reg EAX 2
8b46d: JZ 8a9f2 (resolved immediate)
  |
  `- 8a9f2,8b473
8b473: JMP 896f4 (resolved immediate)
  |
  `- 896f4
8b478: LEA Reg RSI, Address (AddrPlus (FromReg RIP) (AddrImm 107657)) 7
8b47f: MOV Reg EDX, Immediate 3 5
8b484: MOV Reg RDI, Reg RBX 3
8b487: CALL yajl_gen_string (external)
8b48c: TEST Reg EAX, Reg EAX 2
8b48e: JNZ 896f4 (resolved immediate)
  |
  `- 896f4,8b494
8b494: LEA Reg RSI, Address (AddrPlus (FromReg RBP) (AddrImm 436)) 7
8b49b: MOV Reg RDI, Reg RBX 3
8b49e: CALL libxl_defbool_gen_json (external)
8b4a3: TEST Reg EAX, Reg EAX 2
8b4a5: JZ 8a9e5 (resolved immediate)
  |
  `- 8a9e5,8b4ab
8b4ab: JMP 896f4 (resolved immediate)
  |
  `- 896f4
8b4b0: LEA Reg RSI, Address (AddrPlus (FromReg RIP) (AddrImm 38857)) 7
8b4b7: MOV Reg EDX, Immediate 4 5
8b4bc: MOV Reg RDI, Reg RBX 3
8b4bf: CALL yajl_gen_string (external)
8b4c4: TEST Reg EAX, Reg EAX 2
8b4c6: JNZ 896f4 (resolved immediate)
  |
  `- 896f4,8b4cc
8b4cc: MOV Reg EDI, Address (SizeDir 32 (AddrPlus (FromReg RBP) (AddrImm 432))) 6
8b4d2: CALL libxl_bios_type_to_string (external)
8b4d7: MOV Reg RDI, Reg RBX 3
8b4da: MOV Reg RSI, Reg RAX 3
8b4dd: CALL libxl__yajl_gen_enum (internal)
8b4e2: TEST Reg EAX, Reg EAX 2
8b4e4: JZ 8a9d8 (resolved immediate)
  |
  `- 8a9d8,8b4ea
8b4ea: JMP 896f4 (resolved immediate)
  |
  `- 896f4
8b4ef: LEA Reg RSI, Address (AddrPlus (FromReg RIP) (AddrImm 114786)) 7
8b4f6: MOV Reg EDX, Immediate 7 5
8b4fb: MOV Reg RDI, Reg RBX 3
8b4fe: CALL yajl_gen_string (external)
8b503: TEST Reg EAX, Reg EAX 2
8b505: JZ 89f09 (resolved immediate)
  |
  `- 89f09,8b50b
8b50b: JMP 896f4 (resolved immediate)
  |
  `- 896f4
8b510: CMP Reg EAX, Immediate 4294967295 3
8b513: JNZ 89f0f (resolved immediate)
  |
  `- 89f0f,8b519
8b519: LEA Reg RSI, Address (AddrPlus (FromReg RIP) (AddrImm 114761)) 7
8b520: MOV Reg EDX, Immediate 12 5
8b525: MOV Reg RDI, Reg RBX 3
8b528: CALL yajl_gen_string (external)
8b52d: TEST Reg EAX, Reg EAX 2
8b52f: JZ 89f09 (resolved immediate)
  |
  `- 89f09,8b535
8b535: JMP 896f4 (resolved immediate)
  |
  `- 896f4
