Number of assembly instructions     = 9
Number of indirect branches         = 0
Number of unresolved indirect jumps = 0: 
Number of unresolved indirect calls = 0: 
Number of symbolic states (representative of non-determinism): 9
Number of edges: 9

40860 (False): 0

40860: TEST Reg RSI, Reg RSI 3
40863: JZ 4086a (resolved immediate)
  |
  `- 40865,4086a
40865: CMP Address (SizeDir 32 (FromReg RSI)), Immediate 32 3
40868: JZ 40870 (resolved immediate)
  |
  `- 4086a,40870
4086a: MOV Reg EAX, Immediate 4294967293 5
4086f: RET  1
  |
  `- 
40870: MOV Reg RSI, Address (SizeDir 64 (AddrPlus (FromReg RSI) (AddrImm 8))) 4
40874: MOV Reg RDI, Reg RDX 3
40877: JMP libxl_uuid_from_string (jmp to external function)
  |
  `- 
