Number of assembly instructions     = 10
Number of indirect branches         = 0
Number of unresolved indirect jumps = 0: 
Number of unresolved indirect calls = 0: 
Number of symbolic states (representative of non-determinism): 10
Number of edges: 11

88d60 (False): 0

88d60: CMP Reg EDI, Immediate 1 3
88d63: LEA Reg RAX, Address (AddrPlus (FromReg RIP) (AddrImm 124203)) 7
88d6a: JZ 88d88 (resolved immediate)
  |
  `- 88d6c,88d88
88d6c: LEA Reg RAX, Address (AddrPlus (FromReg RIP) (AddrImm 47562)) 7
88d73: JB 88d88 (resolved immediate)
  |
  `- 88d75,88d88
88d75: LEA Reg RAX, Address (AddrPlus (FromReg RIP) (AddrImm 47463)) 7
88d7c: CMP Reg EDI, Immediate 2 3
88d7f: MOV Reg EDX, Immediate 0 5
88d84: CMOVNZ Reg RAX, Reg RDX 4
88d88: REPZ RET  2
  |
  `- 
