Number of assembly instructions     = 252
Number of indirect branches         = 0
Number of unresolved indirect jumps = 0: 
Number of unresolved indirect calls = 0: 
Number of symbolic states (representative of non-determinism): 269
Number of edges: 347

40c90 (True): 88f1c, 88f62
40cd0 (True): 890ef
88ec0 (False): 0

40c90: TEST Reg RSI, Reg RSI 3
40c93: JZ 40cc0 (resolved immediate)
  |
  `- 40c95,40cc0
40c95: PUSH Reg RBP 1
40c96: PUSH Reg RBX 1
40c97: MOV Reg RBP, Reg RDI 3
40c9a: MOV Reg RDI, Reg RSI 3
40c9d: MOV Reg RBX, Reg RSI 3
40ca0: SUB Reg RSP, Immediate 8 4
40ca4: CALL strlen (external)
40ca9: ADD Reg RSP, Immediate 8 4
40cad: MOV Reg RSI, Reg RBX 3
40cb0: MOV Reg RDI, Reg RBP 3
40cb3: POP Reg RBX 1
40cb4: POP Reg RBP 1
40cb5: MOV Reg RDX, Reg RAX 3
40cb8: JMP yajl_gen_string (jmp to external function)
  |
  `- 
40cc0: JMP yajl_gen_null (jmp to external function)
  |
  `- 
40cd0: JMP 40c90 (resolved immediate)
  |
  `- 40c90
88ec0: PUSH Reg RBP 1
88ec1: PUSH Reg RBX 1
88ec2: MOV Reg RBP, Reg RSI 3
88ec5: MOV Reg RBX, Reg RDI 3
88ec8: SUB Reg RSP, Immediate 8 4
88ecc: CALL yajl_gen_map_open (external)
88ed1: TEST Reg EAX, Reg EAX 2
88ed3: JNZ 88f01 (resolved immediate)
  |
  `- 88ed5,88f01
88ed5: MOV Reg R9D, Address (SizeDir 32 (AddrPlus (FromReg RBP) (AddrImm 0))) 4
88ed9: TEST Reg R9D, Reg R9D 3
88edc: JNZ 89018 (resolved immediate)
  |
  `- 88ee2,89018
88ee2: CMP Address (SizeDir 64 (AddrPlus (FromReg RBP) (AddrImm 8))), Immediate 0 5
88ee7: JZ 88f20 (resolved immediate)
  |
  `- 88ee9,88f20
88ee9: LEA Reg RSI, Address (AddrPlus (FromReg RIP) (AddrImm 121814)) 7
88ef0: MOV Reg EDX, Immediate 15 5
88ef5: MOV Reg RDI, Reg RBX 3
88ef8: CALL yajl_gen_string (external)
88efd: TEST Reg EAX, Reg EAX 2
88eff: JZ 88f10 (resolved immediate)
  |
  `- 88f01,88f10
88f01: ADD Reg RSP, Immediate 8 4
88f05: POP Reg RBX 1
88f06: POP Reg RBP 1
88f07: RET  1
  |
  `- 
88f10: MOV Reg RSI, Address (SizeDir 64 (AddrPlus (FromReg RBP) (AddrImm 8))) 4
88f14: MOV Reg RDI, Reg RBX 3
88f17: CALL libxl__string_gen_json (internal)
  |
  `- 88f1c,40c90
88f1c: TEST Reg EAX, Reg EAX 2
88f1e: JNZ 88f01 (resolved immediate)
  |
  `- 88f01,88f20
88f20: CMP Address (SizeDir 32 (AddrPlus (FromReg RBP) (AddrImm 16))), Immediate 4294967295 4
88f24: JNZ 89050 (resolved immediate)
  |
  `- 88f2a,89050
88f2a: MOV Reg R8D, Address (SizeDir 32 (AddrPlus (FromReg RBP) (AddrImm 20))) 4
88f2e: TEST Reg R8D, Reg R8D 3
88f31: JNZ 890c0 (resolved immediate)
  |
  `- 88f37,890c0
88f37: CMP Address (SizeDir 64 (AddrPlus (FromReg RBP) (AddrImm 24))), Immediate 0 5
88f3c: JZ 88f70 (resolved immediate)
  |
  `- 88f3e,88f70
88f3e: LEA Reg RSI, Address (AddrPlus (FromReg RIP) (AddrImm 121351)) 7
88f45: MOV Reg EDX, Immediate 9 5
88f4a: MOV Reg RDI, Reg RBX 3
88f4d: CALL yajl_gen_string (external)
88f52: TEST Reg EAX, Reg EAX 2
88f54: JNZ 88f01 (resolved immediate)
  |
  `- 88f01,88f56
88f56: MOV Reg RSI, Address (SizeDir 64 (AddrPlus (FromReg RBP) (AddrImm 24))) 4
88f5a: MOV Reg RDI, Reg RBX 3
88f5d: CALL libxl__string_gen_json (internal)
88f62: TEST Reg EAX, Reg EAX 2
88f64: JNZ 88f01 (resolved immediate)
  |
  `- 88f01,88f66
88f66: NOP  10
88f70: CMP Address (SizeDir 8 (AddrPlus (FromReg RBP) (AddrImm 32))), Immediate 0 4
88f74: JNZ 89088 (resolved immediate)
  |
  `- 88f7a,89088
88f7a: CMP Address (SizeDir 8 (AddrPlus (FromReg RBP) (AddrImm 33))), Immediate 0 4
88f7e: JNZ 89100 (resolved immediate)
  |
  `- 88f84,89100
88f84: CMP Address (SizeDir 8 (AddrPlus (FromReg RBP) (AddrImm 34))), Immediate 0 4
88f88: JNZ 89138 (resolved immediate)
  |
  `- 88f8e,89138
88f8e: CMP Address (SizeDir 8 (AddrPlus (FromReg RBP) (AddrImm 35))), Immediate 0 4
88f92: JNZ 8916d (resolved immediate)
  |
  `- 88f98,8916d
88f98: CMP Address (SizeDir 8 (AddrPlus (FromReg RBP) (AddrImm 36))), Immediate 0 4
88f9c: JNZ 891a2 (resolved immediate)
  |
  `- 88fa2,891a2
88fa2: MOV Reg EDI, Address (SizeDir 32 (AddrPlus (FromReg RBP) (AddrImm 40))) 3
88fa5: TEST Reg EDI, Reg EDI 2
88fa7: JNZ 891d7 (resolved immediate)
  |
  `- 88fad,891d7
88fad: MOV Reg ESI, Address (SizeDir 32 (AddrPlus (FromReg RBP) (AddrImm 44))) 3
88fb0: TEST Reg ESI, Reg ESI 2
88fb2: JNZ 8920b (resolved immediate)
  |
  `- 88fb8,8920b
88fb8: MOV Reg ECX, Address (SizeDir 32 (AddrPlus (FromReg RBP) (AddrImm 48))) 3
88fbb: TEST Reg ECX, Reg ECX 2
88fbd: JNZ 8923f (resolved immediate)
  |
  `- 88fc3,8923f
88fc3: MOV Reg EDX, Address (SizeDir 32 (AddrPlus (FromReg RBP) (AddrImm 52))) 3
88fc6: TEST Reg EDX, Reg EDX 2
88fc8: JNZ 89273 (resolved immediate)
  |
  `- 88fce,89273
88fce: MOV Reg EAX, Address (SizeDir 32 (AddrPlus (FromReg RBP) (AddrImm 56))) 3
88fd1: TEST Reg EAX, Reg EAX 2
88fd3: JZ 89004 (resolved immediate)
  |
  `- 88fd5,89004
88fd5: LEA Reg RSI, Address (AddrPlus (FromReg RIP) (AddrImm 123752)) 7
88fdc: MOV Reg EDX, Immediate 24 5
88fe1: MOV Reg RDI, Reg RBX 3
88fe4: CALL yajl_gen_string (external)
88fe9: TEST Reg EAX, Reg EAX 2
88feb: JNZ 88f01 (resolved immediate)
  |
  `- 88f01,88ff1
88ff1: MOV Reg ESI, Address (SizeDir 32 (AddrPlus (FromReg RBP) (AddrImm 56))) 3
88ff4: MOV Reg RDI, Reg RBX 3
88ff7: CALL yajl_gen_integer (external)
88ffc: TEST Reg EAX, Reg EAX 2
88ffe: JNZ 88f01 (resolved immediate)
  |
  `- 88f01,89004
89004: ADD Reg RSP, Immediate 8 4
89008: MOV Reg RDI, Reg RBX 3
8900b: POP Reg RBX 1
8900c: POP Reg RBP 1
8900d: JMP yajl_gen_map_close (jmp to external function)
  |
  `- 
89018: LEA Reg RSI, Address (AddrPlus (FromReg RIP) (AddrImm 121497)) 7
8901f: MOV Reg EDX, Immediate 13 5
89024: MOV Reg RDI, Reg RBX 3
89027: CALL yajl_gen_string (external)
8902c: TEST Reg EAX, Reg EAX 2
8902e: JNZ 88f01 (resolved immediate)
  |
  `- 88f01,89034
89034: MOV Reg ESI, Address (SizeDir 32 (AddrPlus (FromReg RBP) (AddrImm 0))) 3
89037: MOV Reg RDI, Reg RBX 3
8903a: CALL yajl_gen_integer (external)
8903f: TEST Reg EAX, Reg EAX 2
89041: JZ 88ee2 (resolved immediate)
  |
  `- 88ee2,89047
89047: JMP 88f01 (resolved immediate)
  |
  `- 88f01
89050: LEA Reg RSI, Address (AddrPlus (FromReg RIP) (AddrImm 121471)) 7
89057: MOV Reg EDX, Immediate 5 5
8905c: MOV Reg RDI, Reg RBX 3
8905f: CALL yajl_gen_string (external)
89064: TEST Reg EAX, Reg EAX 2
89066: JNZ 88f01 (resolved immediate)
  |
  `- 88f01,8906c
8906c: MOVSXD Reg RSI, Address (SizeDir 32 (AddrPlus (FromReg RBP) (AddrImm 16))) 4
89070: MOV Reg RDI, Reg RBX 3
89073: CALL yajl_gen_integer (external)
89078: TEST Reg EAX, Reg EAX 2
8907a: JZ 88f2a (resolved immediate)
  |
  `- 88f2a,89080
89080: JMP 88f01 (resolved immediate)
  |
  `- 88f01
89088: LEA Reg RSI, Address (AddrPlus (FromReg RIP) (AddrImm 123427)) 7
8908f: MOV Reg EDX, Immediate 24 5
89094: MOV Reg RDI, Reg RBX 3
89097: CALL yajl_gen_string (external)
8909c: TEST Reg EAX, Reg EAX 2
8909e: JNZ 88f01 (resolved immediate)
  |
  `- 88f01,890a4
890a4: MOVZX Reg ESI, Address (SizeDir 8 (AddrPlus (FromReg RBP) (AddrImm 32))) 4
890a8: MOV Reg RDI, Reg RBX 3
890ab: CALL yajl_gen_bool (external)
890b0: TEST Reg EAX, Reg EAX 2
890b2: JZ 88f7a (resolved immediate)
  |
  `- 88f7a,890b8
890b8: JMP 88f01 (resolved immediate)
  |
  `- 88f01
890c0: LEA Reg RSI, Address (AddrPlus (FromReg RIP) (AddrImm 123358)) 7
890c7: MOV Reg EDX, Immediate 12 5
890cc: MOV Reg RDI, Reg RBX 3
890cf: CALL yajl_gen_string (external)
890d4: TEST Reg EAX, Reg EAX 2
890d6: JNZ 88f01 (resolved immediate)
  |
  `- 88f01,890dc
890dc: MOV Reg EDI, Address (SizeDir 32 (AddrPlus (FromReg RBP) (AddrImm 20))) 3
890df: CALL libxl_vkb_backend_to_string (external)
890e4: MOV Reg RDI, Reg RBX 3
890e7: MOV Reg RSI, Reg RAX 3
890ea: CALL libxl__yajl_gen_enum (internal)
  |
  `- 890ef,40cd0
890ef: TEST Reg EAX, Reg EAX 2
890f1: JZ 88f37 (resolved immediate)
  |
  `- 88f37,890f7
890f7: JMP 88f01 (resolved immediate)
  |
  `- 88f01
89100: LEA Reg RSI, Address (AddrPlus (FromReg RIP) (AddrImm 123332)) 7
89107: MOV Reg EDX, Immediate 23 5
8910c: MOV Reg RDI, Reg RBX 3
8910f: CALL yajl_gen_string (external)
89114: TEST Reg EAX, Reg EAX 2
89116: JNZ 88f01 (resolved immediate)
  |
  `- 88f01,8911c
8911c: MOVZX Reg ESI, Address (SizeDir 8 (AddrPlus (FromReg RBP) (AddrImm 33))) 4
89120: MOV Reg RDI, Reg RBX 3
89123: CALL yajl_gen_bool (external)
89128: TEST Reg EAX, Reg EAX 2
8912a: JZ 88f84 (resolved immediate)
  |
  `- 88f84,89130
89130: JMP 88f01 (resolved immediate)
  |
  `- 88f01
89138: LEA Reg RSI, Address (AddrPlus (FromReg RIP) (AddrImm 123300)) 7
8913f: MOV Reg EDX, Immediate 19 5
89144: MOV Reg RDI, Reg RBX 3
89147: CALL yajl_gen_string (external)
8914c: TEST Reg EAX, Reg EAX 2
8914e: JNZ 88f01 (resolved immediate)
  |
  `- 88f01,89154
89154: MOVZX Reg ESI, Address (SizeDir 8 (AddrPlus (FromReg RBP) (AddrImm 34))) 4
89158: MOV Reg RDI, Reg RBX 3
8915b: CALL yajl_gen_bool (external)
89160: TEST Reg EAX, Reg EAX 2
89162: JZ 88f8e (resolved immediate)
  |
  `- 88f8e,89168
89168: JMP 88f01 (resolved immediate)
  |
  `- 88f01
8916d: LEA Reg RSI, Address (AddrPlus (FromReg RIP) (AddrImm 123267)) 7
89174: MOV Reg EDX, Immediate 19 5
89179: MOV Reg RDI, Reg RBX 3
8917c: CALL yajl_gen_string (external)
89181: TEST Reg EAX, Reg EAX 2
89183: JNZ 88f01 (resolved immediate)
  |
  `- 88f01,89189
89189: MOVZX Reg ESI, Address (SizeDir 8 (AddrPlus (FromReg RBP) (AddrImm 35))) 4
8918d: MOV Reg RDI, Reg RBX 3
89190: CALL yajl_gen_bool (external)
89195: TEST Reg EAX, Reg EAX 2
89197: JZ 88f98 (resolved immediate)
  |
  `- 88f98,8919d
8919d: JMP 88f01 (resolved immediate)
  |
  `- 88f01
891a2: LEA Reg RSI, Address (AddrPlus (FromReg RIP) (AddrImm 123234)) 7
891a9: MOV Reg EDX, Immediate 19 5
891ae: MOV Reg RDI, Reg RBX 3
891b1: CALL yajl_gen_string (external)
891b6: TEST Reg EAX, Reg EAX 2
891b8: JNZ 88f01 (resolved immediate)
  |
  `- 88f01,891be
891be: MOVZX Reg ESI, Address (SizeDir 8 (AddrPlus (FromReg RBP) (AddrImm 36))) 4
891c2: MOV Reg RDI, Reg RBX 3
891c5: CALL yajl_gen_bool (external)
891ca: TEST Reg EAX, Reg EAX 2
891cc: JZ 88fa2 (resolved immediate)
  |
  `- 88fa2,891d2
891d2: JMP 88f01 (resolved immediate)
  |
  `- 88f01
891d7: LEA Reg RSI, Address (AddrPlus (FromReg RIP) (AddrImm 114637)) 7
891de: MOV Reg EDX, Immediate 5 5
891e3: MOV Reg RDI, Reg RBX 3
891e6: CALL yajl_gen_string (external)
891eb: TEST Reg EAX, Reg EAX 2
891ed: JNZ 88f01 (resolved immediate)
  |
  `- 88f01,891f3
891f3: MOV Reg ESI, Address (SizeDir 32 (AddrPlus (FromReg RBP) (AddrImm 40))) 3
891f6: MOV Reg RDI, Reg RBX 3
891f9: CALL yajl_gen_integer (external)
891fe: TEST Reg EAX, Reg EAX 2
89200: JZ 88fad (resolved immediate)
  |
  `- 88fad,89206
89206: JMP 88f01 (resolved immediate)
  |
  `- 88f01
8920b: LEA Reg RSI, Address (AddrPlus (FromReg RIP) (AddrImm 112244)) 7
89212: MOV Reg EDX, Immediate 6 5
89217: MOV Reg RDI, Reg RBX 3
8921a: CALL yajl_gen_string (external)
8921f: TEST Reg EAX, Reg EAX 2
89221: JNZ 88f01 (resolved immediate)
  |
  `- 88f01,89227
89227: MOV Reg ESI, Address (SizeDir 32 (AddrPlus (FromReg RBP) (AddrImm 44))) 3
8922a: MOV Reg RDI, Reg RBX 3
8922d: CALL yajl_gen_integer (external)
89232: TEST Reg EAX, Reg EAX 2
89234: JZ 88fb8 (resolved immediate)
  |
  `- 88fb8,8923a
8923a: JMP 88f01 (resolved immediate)
  |
  `- 88f01
8923f: LEA Reg RSI, Address (AddrPlus (FromReg RIP) (AddrImm 123097)) 7
89246: MOV Reg EDX, Immediate 17 5
8924b: MOV Reg RDI, Reg RBX 3
8924e: CALL yajl_gen_string (external)
89253: TEST Reg EAX, Reg EAX 2
89255: JNZ 88f01 (resolved immediate)
  |
  `- 88f01,8925b
8925b: MOV Reg ESI, Address (SizeDir 32 (AddrPlus (FromReg RBP) (AddrImm 48))) 3
8925e: MOV Reg RDI, Reg RBX 3
89261: CALL yajl_gen_integer (external)
89266: TEST Reg EAX, Reg EAX 2
89268: JZ 88fc3 (resolved immediate)
  |
  `- 88fc3,8926e
8926e: JMP 88f01 (resolved immediate)
  |
  `- 88f01
89273: LEA Reg RSI, Address (AddrPlus (FromReg RIP) (AddrImm 123063)) 7
8927a: MOV Reg EDX, Immediate 18 5
8927f: MOV Reg RDI, Reg RBX 3
89282: CALL yajl_gen_string (external)
89287: TEST Reg EAX, Reg EAX 2
89289: JNZ 88f01 (resolved immediate)
  |
  `- 88f01,8928f
8928f: MOV Reg ESI, Address (SizeDir 32 (AddrPlus (FromReg RBP) (AddrImm 52))) 3
89292: MOV Reg RDI, Reg RBX 3
89295: CALL yajl_gen_integer (external)
8929a: TEST Reg EAX, Reg EAX 2
8929c: JZ 88fce (resolved immediate)
  |
  `- 88fce,892a2
892a2: JMP 88f01 (resolved immediate)
  |
  `- 88f01
