Number of assembly instructions     = 617
Number of indirect branches         = 0
Number of unresolved indirect jumps = 0: 
Number of unresolved indirect calls = 0: 
Number of symbolic states (representative of non-determinism): 617
Number of edges: 658

3be40 (True): 3c1a9
3c110 (True): 44551, 44606, 44845, 44b26, 44b6e
444a0 (True): 4494a, 44974
44640 (False): 0

3be40: PUSH Reg R15 2
3be42: PUSH Reg R14 2
3be44: MOV Reg R15, Reg RDI 3
3be47: PUSH Reg R13 2
3be49: PUSH Reg R12 2
3be4b: MOV Reg R12, Reg RCX 3
3be4e: PUSH Reg RBP 1
3be4f: PUSH Reg RBX 1
3be50: MOV Reg EBP, Reg R8D 3
3be53: MOV Reg RBX, Reg R9 3
3be56: SUB Reg RSP, Immediate 584 7
3be5d: MOV Address (SizeDir 32 (AddrPlus (FromReg RSP) (AddrImm 4))), Reg ESI 4
3be61: MOV Address (SizeDir 32 (AddrPlus (FromReg RSP) (AddrImm 8))), Reg EDX 4
3be65: MOV Reg RAX, Address (SizeDir 64 (AddrPlus (FromReg FS) (AddrImm 40))) 9
3be6e: MOV Address (SizeDir 64 (AddrPlus (FromReg RSP) (AddrImm 568))), Reg RAX 8
3be76: XOR Reg EAX, Reg EAX 2
3be78: MOV Address (SizeDir 64 (AddrPlus (FromReg RSP) (AddrImm 40))), Immediate 0 9
3be81: CALL __errno_location (external)
3be86: MOV Reg RCX, Address (SizeDir 64 (AddrPlus (FromReg RSP) (AddrImm 656))) 8
3be8e: MOV Reg RDX, Address (SizeDir 64 (AddrPlus (FromReg RSP) (AddrImm 648))) 8
3be96: LEA Reg RDI, Address (SizeDir 64 (AddrPlus (FromReg RSP) (AddrImm 40))) 5
3be9b: MOV Reg ESI, Immediate 1 5
3bea0: MOV Reg R13, Reg RAX 3
3bea3: MOV Reg R14D, Address (SizeDir 32 (FromReg RAX)) 3
3bea6: CALL __vasprintf_chk (external)
3beab: TEST Reg RBX, Reg RBX 3
3beae: SETNE Address (SizeDir 8 (AddrPlus (FromReg RSP) (AddrImm 15))) 5
3beb3: TEST Reg EAX, Reg EAX 2
3beb5: JS 3c0a0 (resolved immediate)
  |
  `- 3bebb,3c0a0
3bebb: TEST Reg R12, Reg R12 3
3bebe: MOV Address (SizeDir 8 (AddrPlus (FromReg RSP) (AddrImm 48))), Immediate 0 5
3bec3: JE 3bf50 (resolved immediate)
  |
  `- 3bec9,3bf50
3bec9: LEA Reg R10, Address (SizeDir 64 (AddrPlus (FromReg RSP) (AddrImm 48))) 5
3bece: SUB Reg RSP, Immediate 8 4
3bed2: LEA Reg R8, Address (SizeDir 64 (AddrPlus (FromReg RIP) (AddrImm 362554))) 7
3bed9: PUSH Reg RBP 1
3beda: MOV Reg EDX, Immediate 1 5
3bedf: XOR Reg EAX, Reg EAX 2
3bee1: MOV Reg RDI, Reg R10 3
3bee4: MOV Reg R9, Reg R12 3
3bee7: MOV Reg ECX, Immediate 256 5
3beec: MOV Reg ESI, Immediate 256 5
3bef1: MOV Address (SizeDir 64 (AddrPlus (FromReg RSP) (AddrImm 32))), Reg R10 5
3bef6: CALL __snprintf_chk (external)
3befb: MOV Address (SizeDir 8 (AddrPlus (FromReg RSP) (AddrImm 319))), Immediate 0 8
3bf03: MOV Address (SizeDir 8 (AddrPlus (FromReg RSP) (AddrImm 320))), Immediate 0 8
3bf0b: POP Reg RAX 1
3bf0c: POP Reg RDX 1
3bf0d: CMP Address (SizeDir 32 (AddrPlus (FromReg RSP) (AddrImm 640))), Immediate 18446744073709551615 8
3bf15: MOV Reg R10, Address (SizeDir 64 (AddrPlus (FromReg RSP) (AddrImm 16))) 5
3bf1a: JNE 3bfc0 (resolved immediate)
  |
  `- 3bf20,3bfc0
3bf20: TEST Reg RBX, Reg RBX 3
3bf23: MOV Reg RCX, Address (SizeDir 64 (AddrPlus (FromReg RSP) (AddrImm 40))) 5
3bf28: JE 3c0c6 (resolved immediate)
  |
  `- 3bf2e,3c0c6
3bf2e: LEA Reg RDX, Address (SizeDir 64 (AddrPlus (FromReg RIP) (AddrImm 386002))) 7
3bf35: LEA Reg RAX, Address (SizeDir 64 (AddrPlus (FromReg RIP) (AddrImm 408678))) 7
3bf3c: LEA Reg RBP, Address (SizeDir 64 (AddrPlus (FromReg RIP) (AddrImm 386109))) 7
3bf43: LEA Reg R11, Address (SizeDir 64 (AddrPlus (FromReg RSP) (AddrImm 304))) 8
3bf4b: JMP 3c031 (resolved immediate)
  |
  `- 3c031
3bf50: CMP Address (SizeDir 32 (AddrPlus (FromReg RSP) (AddrImm 640))), Immediate 18446744073709551615 8
3bf58: MOV Address (SizeDir 8 (AddrPlus (FromReg RSP) (AddrImm 303))), Immediate 0 8
3bf60: LEA Reg R10, Address (SizeDir 64 (AddrPlus (FromReg RSP) (AddrImm 48))) 5
3bf65: MOV Address (SizeDir 8 (AddrPlus (FromReg RSP) (AddrImm 304))), Immediate 0 8
3bf6d: JNE 3bfc0 (resolved immediate)
  |
  `- 3bf6f,3bfc0
3bf6f: TEST Reg R12, Reg R12 3
3bf72: MOV Reg RCX, Address (SizeDir 64 (AddrPlus (FromReg RSP) (AddrImm 40))) 5
3bf77: LEA Reg RBP, Address (SizeDir 64 (AddrPlus (FromReg RIP) (AddrImm 386050))) 7
3bf7e: LEA Reg R10, Address (SizeDir 64 (AddrPlus (FromReg RSP) (AddrImm 48))) 5
3bf83: LEA Reg R11, Address (SizeDir 64 (AddrPlus (FromReg RSP) (AddrImm 304))) 8
3bf8b: JE 3c019 (resolved immediate)
  |
  `- 3c019
3bf98: TEST Reg RBX, Reg RBX 3
3bf9b: JE 3c0eb (resolved immediate)
  |
  `- 3bfa1,3c0eb
3bfa1: LEA Reg RAX, Address (SizeDir 64 (AddrPlus (FromReg RIP) (AddrImm 396536))) 7
3bfa8: LEA Reg RSI, Address (SizeDir 64 (AddrPlus (FromReg RIP) (AddrImm 408563))) 7
3bfaf: TEST Reg R12, Reg R12 3
3bfb2: LEA Reg RDX, Address (SizeDir 64 (AddrPlus (FromReg RIP) (AddrImm 385870))) 7
3bfb9: CMOVNE Reg RAX, Reg RSI 4
3bfbd: JMP 3c031 (resolved immediate)
  |
  `- 3c031
3bfc0: LEA Reg R11, Address (SizeDir 64 (AddrPlus (FromReg RSP) (AddrImm 304))) 8
3bfc8: MOV Reg R9D, Address (SizeDir 32 (AddrPlus (FromReg RSP) (AddrImm 640))) 8
3bfd0: LEA Reg R8, Address (SizeDir 64 (AddrPlus (FromReg RIP) (AddrImm 385843))) 7
3bfd7: MOV Reg ECX, Immediate 256 5
3bfdc: MOV Reg EDX, Immediate 1 5
3bfe1: MOV Reg ESI, Immediate 256 5
3bfe6: MOV Reg RDI, Reg R11 3
3bfe9: XOR Reg EAX, Reg EAX 2
3bfeb: MOV Address (SizeDir 64 (AddrPlus (FromReg RSP) (AddrImm 24))), Reg R10 5
3bff0: MOV Address (SizeDir 64 (AddrPlus (FromReg RSP) (AddrImm 16))), Reg R11 5
3bff5: LEA Reg RBP, Address (SizeDir 64 (AddrPlus (FromReg RIP) (AddrImm 385924))) 7
3bffc: CALL __snprintf_chk (external)
3c001: MOV Reg RCX, Address (SizeDir 64 (AddrPlus (FromReg RSP) (AddrImm 40))) 5
3c006: MOV Reg R11, Address (SizeDir 64 (AddrPlus (FromReg RSP) (AddrImm 16))) 5
3c00b: MOV Reg R10, Address (SizeDir 64 (AddrPlus (FromReg RSP) (AddrImm 24))) 5
3c010: TEST Reg R12, Reg R12 3
3c013: JNE 3bf98 (resolved immediate)
  |
  `- 3bf98,3c019
3c019: CMP Address (SizeDir 8 (AddrPlus (FromReg RSP) (AddrImm 15))), Immediate 0 5
3c01e: JNE 3bf98 (resolved immediate)
  |
  `- 3bf98,3c024
3c024: LEA Reg RBX, Address (SizeDir 64 (AddrPlus (FromReg RIP) (AddrImm 396405))) 7
3c02b: MOV Reg RDX, Reg RBX 3
3c02e: MOV Reg RAX, Reg RBX 3
3c031: SUB Reg RSP, Immediate 8 4
3c035: MOV Reg RDI, Address (SizeDir 64 (FromReg R15)) 3
3c038: LEA Reg R8, Address (SizeDir 64 (AddrPlus (FromReg RIP) (AddrImm 385750))) 7
3c03f: PUSH Reg RCX 1
3c040: PUSH Reg R11 2
3c042: LEA Reg RCX, Address (SizeDir 64 (AddrPlus (FromReg RIP) (AddrImm 358278))) 7
3c049: PUSH Reg RDX 1
3c04a: PUSH Reg RBX 1
3c04b: MOV Reg R9, Reg R10 3
3c04e: PUSH Reg RAX 1
3c04f: MOV Reg EDX, Address (SizeDir 32 (AddrPlus (FromReg RSP) (AddrImm 56))) 4
3c053: XOR Reg EAX, Reg EAX 2
3c055: MOV Reg ESI, Address (SizeDir 32 (AddrPlus (FromReg RSP) (AddrImm 52))) 4
3c059: CALL xtl_log (external)
3c05e: MOV Reg RDI, Address (SizeDir 64 (AddrPlus (FromReg RSP) (AddrImm 88))) 5
3c063: ADD Reg RSP, Immediate 48 4
3c067: CMP Reg RDI, Reg RBP 3
3c06a: JE 3c071 (resolved immediate)
  |
  `- 3c06c,3c071
3c06c: CALL free (external)
3c071: MOV Reg RAX, Address (SizeDir 64 (AddrPlus (FromReg RSP) (AddrImm 568))) 8
3c079: XOR Reg RAX, Address (SizeDir 64 (AddrPlus (FromReg FS) (AddrImm 40))) 9
3c082: MOV Address (SizeDir 32 (FromReg R13)), Reg R14D 4
3c086: JNE 3c0c1 (resolved immediate)
  |
  `- 3c088,3c0c1
3c088: ADD Reg RSP, Immediate 584 7
3c08f: POP Reg RBX 1
3c090: POP Reg RBP 1
3c091: POP Reg R12 2
3c093: POP Reg R13 2
3c095: POP Reg R14 2
3c097: POP Reg R15 2
3c099: RET  1
  |
  `- 
3c0a0: LEA Reg RBP, Address (SizeDir 64 (AddrPlus (FromReg RIP) (AddrImm 385753))) 7
3c0a7: LEA Reg R10, Address (SizeDir 64 (AddrPlus (FromReg RSP) (AddrImm 48))) 5
3c0ac: LEA Reg R11, Address (SizeDir 64 (AddrPlus (FromReg RSP) (AddrImm 304))) 8
3c0b4: MOV Address (SizeDir 64 (AddrPlus (FromReg RSP) (AddrImm 40))), Reg RBP 5
3c0b9: MOV Reg RCX, Reg RBP 3
3c0bc: JMP 3c010 (resolved immediate)
  |
  `- 3c010
3c0c1: CALL __stack_chk_fail (external)
  |
  `- 
3c0c6: LEA Reg RBX, Address (SizeDir 64 (AddrPlus (FromReg RIP) (AddrImm 396243))) 7
3c0cd: LEA Reg RDX, Address (SizeDir 64 (AddrPlus (FromReg RIP) (AddrImm 385587))) 7
3c0d4: LEA Reg RBP, Address (SizeDir 64 (AddrPlus (FromReg RIP) (AddrImm 385701))) 7
3c0db: LEA Reg R11, Address (SizeDir 64 (AddrPlus (FromReg RSP) (AddrImm 304))) 8
3c0e3: MOV Reg RAX, Reg RBX 3
3c0e6: JMP 3c031 (resolved immediate)
  |
  `- 3c031
3c0eb: LEA Reg RBX, Address (SizeDir 64 (AddrPlus (FromReg RIP) (AddrImm 396206))) 7
3c0f2: LEA Reg RDX, Address (SizeDir 64 (AddrPlus (FromReg RIP) (AddrImm 385550))) 7
3c0f9: MOV Reg RAX, Reg RBX 3
3c0fc: JMP 3c031 (resolved immediate)
  |
  `- 3c031
3c110: SUB Reg RSP, Immediate 216 7
3c117: TEST Reg AL, Reg AL 2
3c119: MOV Reg R10, Address (SizeDir 64 (AddrPlus (FromReg RSP) (AddrImm 232))) 8
3c121: JE 3c15a (resolved immediate)
  |
  `- 3c123,3c15a
3c123: MOVAPS Address (SizeDir 128 (AddrPlus (FromReg RSP) (AddrImm 80))), Reg XMM0 5
3c128: MOVAPS Address (SizeDir 128 (AddrPlus (FromReg RSP) (AddrImm 96))), Reg XMM1 5
3c12d: MOVAPS Address (SizeDir 128 (AddrPlus (FromReg RSP) (AddrImm 112))), Reg XMM2 5
3c132: MOVAPS Address (SizeDir 128 (AddrPlus (FromReg RSP) (AddrImm 128))), Reg XMM3 8
3c13a: MOVAPS Address (SizeDir 128 (AddrPlus (FromReg RSP) (AddrImm 144))), Reg XMM4 8
3c142: MOVAPS Address (SizeDir 128 (AddrPlus (FromReg RSP) (AddrImm 160))), Reg XMM5 8
3c14a: MOVAPS Address (SizeDir 128 (AddrPlus (FromReg RSP) (AddrImm 176))), Reg XMM6 8
3c152: MOVAPS Address (SizeDir 128 (AddrPlus (FromReg RSP) (AddrImm 192))), Reg XMM7 8
3c15a: MOV Reg RAX, Address (SizeDir 64 (AddrPlus (FromReg FS) (AddrImm 40))) 9
3c163: MOV Address (SizeDir 64 (AddrPlus (FromReg RSP) (AddrImm 24))), Reg RAX 5
3c168: XOR Reg EAX, Reg EAX 2
3c16a: LEA Reg RAX, Address (SizeDir 64 (AddrPlus (FromReg RSP) (AddrImm 240))) 8
3c172: MOV Address (SizeDir 64 (AddrPlus (FromReg RSP) (AddrImm 8))), Reg RAX 5
3c177: LEA Reg RAX, Address (SizeDir 64 (AddrPlus (FromReg RSP) (AddrImm 32))) 5
3c17c: MOV Address (SizeDir 32 (FromReg RSP)), Immediate 48 7
3c183: MOV Address (SizeDir 32 (AddrPlus (FromReg RSP) (AddrImm 4))), Immediate 48 8
3c18b: SUB Reg RSP, Immediate 8 4
3c18f: MOV Address (SizeDir 64 (AddrPlus (FromReg RSP) (AddrImm 24))), Reg RAX 5
3c194: LEA Reg RAX, Address (SizeDir 64 (AddrPlus (FromReg RSP) (AddrImm 8))) 5
3c199: PUSH Reg RAX 1
3c19a: PUSH Reg R10 2
3c19c: MOV Reg EAX, Address (SizeDir 32 (AddrPlus (FromReg RSP) (AddrImm 248))) 7
3c1a3: PUSH Reg RAX 1
3c1a4: CALL libxl__logv (internal)
  |
  `- 3be40
3c1a9: ADD Reg RSP, Immediate 32 4
3c1ad: MOV Reg RAX, Address (SizeDir 64 (AddrPlus (FromReg RSP) (AddrImm 24))) 5
3c1b2: XOR Reg RAX, Address (SizeDir 64 (AddrPlus (FromReg FS) (AddrImm 40))) 9
3c1bb: JNE 3c1c5 (resolved immediate)
  |
  `- 3c1bd,3c1c5
3c1bd: ADD Reg RSP, Immediate 216 7
3c1c4: RET  1
  |
  `- 
3c1c5: CALL __stack_chk_fail (external)
  |
  `- 
444a0: PUSH Reg R15 2
444a2: PUSH Reg R14 2
444a4: MOV Reg R15, Reg RCX 3
444a7: PUSH Reg R13 2
444a9: PUSH Reg R12 2
444ab: MOV Reg R12, Reg RDI 3
444ae: PUSH Reg RBP 1
444af: PUSH Reg RBX 1
444b0: MOV Reg R13D, Reg ESI 3
444b3: MOV Reg R14, Reg R8 3
444b6: SUB Reg RSP, Immediate 56 4
444ba: LEA Reg RBX, Address (SizeDir 64 (AddrPlus (FromReg RSP) (AddrImm 16))) 5
444bf: MOV Address (SizeDir 32 (AddrPlus (FromReg RSP) (AddrImm 12))), Reg EDX 4
444c3: MOV Reg RAX, Address (SizeDir 64 (AddrPlus (FromReg FS) (AddrImm 40))) 9
444cc: MOV Address (SizeDir 64 (AddrPlus (FromReg RSP) (AddrImm 40))), Reg RAX 5
444d1: XOR Reg EAX, Reg EAX 2
444d3: MOV Reg RDI, Reg RBX 3
444d6: CALL libxl_bitmap_init (external)
444db: MOV Reg RDI, Address (SizeDir 64 (AddrPlus (FromReg R12) (AddrImm 16))) 5
444e0: XOR Reg EDX, Reg EDX 2
444e2: MOV Reg RSI, Reg RBX 3
444e5: CALL libxl_node_bitmap_alloc (external)
444ea: TEST Reg EAX, Reg EAX 2
444ec: JNE 445d0 (resolved immediate)
  |
  `- 444f2,445d0
444f2: MOV Reg RDI, Address (SizeDir 64 (AddrPlus (FromReg R12) (AddrImm 16))) 5
444f7: MOV Reg RDX, Reg RBX 3
444fa: MOV Reg RSI, Reg R15 3
444fd: CALL libxl_cpumap_to_nodemap (external)
44502: TEST Reg EAX, Reg EAX 2
44504: MOV Reg EBP, Reg EAX 2
44506: JNE 44560 (resolved immediate)
44508: MOV Reg RDI, Reg RBX 3
4450b: CALL libxl_bitmap_count_set (external)
44510: CMP Reg EAX, Immediate 1 3
44513: JE 44610 (resolved immediate)
  |
  `- 44519,44610
44519: LEA Reg RAX, Address (SizeDir 64 (AddrPlus (FromReg RIP) (AddrImm 358192))) 7
44520: MOV Reg RDI, Address (SizeDir 64 (AddrPlus (FromReg R12) (AddrImm 16))) 5
44525: PUSH Reg R14 2
44527: LEA Reg R9, Address (SizeDir 64 (AddrPlus (FromReg RIP) (AddrImm 358818))) 7
4452e: PUSH Reg R13 2
44530: LEA Reg RCX, Address (SizeDir 64 (AddrPlus (FromReg RIP) (AddrImm 357971))) 7
44537: PUSH Reg RAX 1
44538: PUSH Immediate 18446744073709551615 2
4453a: MOV Reg R8D, Immediate 68 6
44540: MOV Reg EDX, Immediate 4294967295 5
44545: MOV Reg ESI, Immediate 7 5
4454a: XOR Reg EAX, Reg EAX 2
4454c: CALL libxl__log (internal)
44551: ADD Reg RSP, Immediate 32 4
44555: JMP 4459e (resolved immediate)
  |
  `- 4459e
4459e: MOV Reg RDI, Reg RBX 3
445a1: CALL libxl_bitmap_dispose (external)
445a6: MOV Reg RCX, Address (SizeDir 64 (AddrPlus (FromReg RSP) (AddrImm 40))) 5
445ab: XOR Reg RCX, Address (SizeDir 64 (AddrPlus (FromReg FS) (AddrImm 40))) 9
445b4: MOV Reg EAX, Reg EBP 2
445b6: JNE 44629 (resolved immediate)
  |
  `- 445b8,44629
445b8: ADD Reg RSP, Immediate 56 4
445bc: POP Reg RBX 1
445bd: POP Reg RBP 1
445be: POP Reg R12 2
445c0: POP Reg R13 2
445c2: POP Reg R14 2
445c4: POP Reg R15 2
445c6: RET  1
  |
  `- 
445d0: MOV Reg EBP, Reg EAX 2
445d2: LEA Reg RAX, Address (SizeDir 64 (AddrPlus (FromReg RIP) (AddrImm 342058))) 7
445d9: MOV Reg RDI, Address (SizeDir 64 (AddrPlus (FromReg R12) (AddrImm 16))) 5
445de: LEA Reg R9, Address (SizeDir 64 (AddrPlus (FromReg RIP) (AddrImm 358635))) 7
445e5: LEA Reg RCX, Address (SizeDir 64 (AddrPlus (FromReg RIP) (AddrImm 357790))) 7
445ec: MOV Reg EDX, Immediate 4294967295 5
445f1: PUSH Reg RAX 1
445f2: PUSH Immediate 18446744073709551615 2
445f4: XOR Reg EAX, Reg EAX 2
445f6: MOV Reg R8D, Immediate 56 6
445fc: MOV Reg ESI, Immediate 8 5
44601: CALL libxl__log (internal)
  |
  `- 
44606: POP Reg RAX 1
44607: POP Reg RDX 1
44608: JMP 4459e (resolved immediate)
  |
  `- 4459e
44610: MOV Reg ESI, Address (SizeDir 32 (AddrPlus (FromReg RSP) (AddrImm 12))) 4
44614: MOV Reg RDI, Reg RBX 3
44617: CALL libxl_bitmap_test (external)
4461c: TEST Reg EAX, Reg EAX 2
4461e: JE 44519 (resolved immediate)
  |
  `- 44519
44629: CALL __stack_chk_fail (external)
  |
  `- 
44640: PUSH Reg R15 2
44642: PUSH Reg R14 2
44644: MOV Reg R15, Reg RDI 3
44647: PUSH Reg R13 2
44649: PUSH Reg R12 2
4464b: MOV Reg R13, Reg RSI 3
4464e: PUSH Reg RBP 1
4464f: PUSH Reg RBX 1
44650: SUB Reg RSP, Immediate 88 4
44654: LEA Reg R12, Address (SizeDir 64 (AddrPlus (FromReg RSP) (AddrImm 48))) 5
44659: MOV Address (SizeDir 64 (AddrPlus (FromReg RSP) (AddrImm 24))), Reg RDX 5
4465e: MOV Address (SizeDir 32 (AddrPlus (FromReg RSP) (AddrImm 44))), Immediate 0 8
44666: MOV Reg RAX, Address (SizeDir 64 (AddrPlus (FromReg FS) (AddrImm 40))) 9
4466f: MOV Address (SizeDir 64 (AddrPlus (FromReg RSP) (AddrImm 72))), Reg RAX 5
44674: XOR Reg EAX, Reg EAX 2
44676: MOV Reg RDI, Reg R12 3
44679: CALL libxl_bitmap_init (external)
4467e: MOV Reg RDI, Address (SizeDir 64 (AddrPlus (FromReg R15) (AddrImm 16))) 4
44682: LEA Reg RSI, Address (SizeDir 64 (AddrPlus (FromReg RSP) (AddrImm 44))) 5
44687: CALL libxl_get_numainfo (external)
4468c: TEST Reg RAX, Reg RAX 3
4468f: MOV Address (SizeDir 64 (AddrPlus (FromReg RSP) (AddrImm 16))), Reg RAX 5
44694: JE 44ba5 (resolved immediate)
  |
  `- 4469a,44ba5
4469a: MOV Reg EDX, Address (SizeDir 32 (AddrPlus (FromReg R13) (AddrImm 168))) 7
446a1: TEST Reg EDX, Reg EDX 2
446a3: JE 44ab8 (resolved immediate)
  |
  `- 446a9,44ab8
446a9: MOV Reg RAX, Address (SizeDir 64 (AddrPlus (FromReg R13) (AddrImm 176))) 7
446b0: MOV Reg EDI, Address (SizeDir 32 (AddrPlus (FromReg RSP) (AddrImm 44))) 4
446b4: MOV Reg ECX, Address (SizeDir 32 (AddrPlus (FromReg RAX) (AddrImm 24))) 3
446b7: CMP Reg EDI, Reg ECX 2
446b9: JBE 44808 (resolved immediate)
  |
  `- 446bf,44808
446bf: SUB Reg EDX, Immediate 1 3
446c2: LEA Reg RSI, Address (SizeDir 64 (AddrPlus (FromReg RDX) (AddrTimes (AddrImm 2) (FromReg RDX)))) 4
446c6: XOR Reg EDX, Reg EDX 2
446c8: SHL Reg RSI, Immediate 4 4
446cc: ADD Reg RSI, Reg RAX 3
446cf: JMP 446e7 (resolved immediate)
  |
  `- 446e7
446d8: ADD Reg RAX, Immediate 48 4
446dc: MOV Reg ECX, Address (SizeDir 32 (AddrPlus (FromReg RAX) (AddrImm 24))) 3
446df: CMP Reg ECX, Reg EDI 2
446e1: JAE 44808 (resolved immediate)
  |
  `- 446e7,44808
446e7: ADD Reg RDX, Address (SizeDir 64 (FromReg RAX)) 3
446ea: CMP Reg RSI, Reg RAX 3
446ed: JNE 446d8 (resolved immediate)
  |
  `- 446d8,446ef
446ef: MOV Reg RAX, Address (SizeDir 64 (AddrPlus (FromReg R13) (AddrImm 96))) 4
446f3: MOV Reg RDI, Address (SizeDir 64 (AddrPlus (FromReg R15) (AddrImm 16))) 4
446f7: CMP Reg RAX, Reg RDX 3
446fa: JNE 44abf (resolved immediate)
  |
  `- 44700,44abf
44700: MOV Reg EDX, Address (SizeDir 32 (FromReg R13)) 4
44704: MOV Reg RSI, Reg R12 3
44707: CALL libxl_cpu_bitmap_alloc (external)
4470c: MOV Reg EDI, Address (SizeDir 32 (AddrPlus (FromReg R13) (AddrImm 168))) 7
44713: TEST Reg EDI, Reg EDI 2
44715: JE 44add (resolved immediate)
  |
  `- 4471b,44add
4471b: MOV Address (SizeDir 32 (AddrPlus (FromReg RSP) (AddrImm 12))), Immediate 0 8
44723: MOV Reg EAX, Address (SizeDir 32 (AddrPlus (FromReg RSP) (AddrImm 12))) 4
44727: LEA Reg RBX, Address (SizeDir 64 (AddrPlus (FromReg RAX) (AddrTimes (AddrImm 2) (FromReg RAX)))) 4
4472b: SHL Reg RBX, Immediate 4 4
4472f: ADD Reg RBX, Address (SizeDir 64 (AddrPlus (FromReg R13) (AddrImm 176))) 7
44736: MOV Reg EAX, Address (SizeDir 32 (AddrPlus (FromReg RBX) (AddrImm 32))) 3
44739: SHL Reg EAX, Immediate 3 3
4473c: TEST Reg EAX, Reg EAX 2
4473e: JE 4479b (resolved immediate)
  |
  `- 44740,4479b
44740: LEA Reg RBP, Address (SizeDir 64 (AddrPlus (FromReg RBX) (AddrImm 32))) 4
44744: XOR Reg R14D, Reg R14D 3
44747: JMP 4475f (resolved immediate)
  |
  `- 4475f
44750: MOV Reg EAX, Address (SizeDir 32 (AddrPlus (FromReg RBX) (AddrImm 32))) 3
44753: ADD Reg R14D, Immediate 1 4
44757: SHL Reg EAX, Immediate 3 3
4475a: CMP Reg EAX, Reg R14D 3
4475d: JBE 4479b (resolved immediate)
  |
  `- 4475f,4479b
4475f: MOV Reg ESI, Reg R14D 3
44762: MOV Reg RDI, Reg RBP 3
44765: CALL libxl_bitmap_test (external)
4476a: TEST Reg EAX, Reg EAX 2
4476c: JE 44750 (resolved immediate)
  |
  `- 44750,4476e
4476e: MOV Reg ESI, Reg R14D 3
44771: MOV Reg RDI, Reg R12 3
44774: CALL libxl_bitmap_test (external)
44779: TEST Reg EAX, Reg EAX 2
4477b: JNE 44888 (resolved immediate)
  |
  `- 44888
4479b: ADD Address (SizeDir 32 (AddrPlus (FromReg RSP) (AddrImm 12))), Immediate 1 5
447a0: MOV Reg EAX, Address (SizeDir 32 (AddrPlus (FromReg R13) (AddrImm 168))) 7
447a7: MOV Reg EDX, Address (SizeDir 32 (AddrPlus (FromReg RSP) (AddrImm 12))) 4
447ab: CMP Reg EAX, Reg EDX 2
447ad: JA 44723 (resolved immediate)
  |
  `- 44723,447b3
447b3: MOV Reg ESI, Address (SizeDir 32 (FromReg R13)) 4
447b7: TEST Reg ESI, Reg ESI 2
447b9: JE 448b5 (resolved immediate)
  |
  `- 447bf,448b5
447bf: XOR Reg EBX, Reg EBX 2
447c1: JMP 447d5 (resolved immediate)
  |
  `- 447d5
447c8: ADD Reg EBX, Immediate 1 3
447cb: CMP Address (SizeDir 32 (FromReg R13)), Reg EBX 4
447cf: JBE 448ae (resolved immediate)
  |
  `- 447d5,448ae
447d5: MOV Reg ESI, Reg EBX 2
447d7: MOV Reg RDI, Reg R12 3
447da: CALL libxl_bitmap_test (external)
447df: TEST Reg EAX, Reg EAX 2
447e1: JNE 447c8 (resolved immediate)
  |
  `- 447c8,447e3
447e3: LEA Reg RAX, Address (SizeDir 64 (AddrPlus (FromReg RIP) (AddrImm 357606))) 7
447ea: SUB Reg RSP, Immediate 8 4
447ee: MOV Reg RDI, Address (SizeDir 64 (AddrPlus (FromReg R15) (AddrImm 16))) 4
447f2: PUSH Reg RBX 1
447f3: LEA Reg R9, Address (SizeDir 64 (AddrPlus (FromReg RIP) (AddrImm 358134))) 7
447fa: MOV Reg R8D, Immediate 144 6
44800: PUSH Reg RAX 1
44801: PUSH Immediate 18446744073709551615 2
44803: JMP 44828 (resolved immediate)
  |
  `- 44828
44808: LEA Reg RAX, Address (SizeDir 64 (AddrPlus (FromReg RIP) (AddrImm 357283))) 7
4480f: SUB Reg RSP, Immediate 8 4
44813: MOV Reg RDI, Address (SizeDir 64 (AddrPlus (FromReg R15) (AddrImm 16))) 4
44817: PUSH Reg RCX 1
44818: LEA Reg R9, Address (SizeDir 64 (AddrPlus (FromReg RIP) (AddrImm 358097))) 7
4481f: MOV Reg R8D, Immediate 115 6
44825: PUSH Reg RAX 1
44826: PUSH Immediate 18446744073709551615 2
44828: LEA Reg RCX, Address (SizeDir 64 (AddrPlus (FromReg RIP) (AddrImm 357211))) 7
4482f: MOV Reg EDX, Immediate 4294967295 5
44834: MOV Reg ESI, Immediate 8 5
44839: XOR Reg EAX, Reg EAX 2
4483b: MOV Reg EBX, Immediate 4294967276 5
44840: CALL libxl__log (internal)
  |
  `- 
44845: ADD Reg RSP, Immediate 32 4
44849: MOV Reg ESI, Address (SizeDir 32 (AddrPlus (FromReg RSP) (AddrImm 44))) 4
4484d: MOV Reg RDI, Address (SizeDir 64 (AddrPlus (FromReg RSP) (AddrImm 16))) 5
44852: CALL libxl_numainfo_list_free (external)
44857: MOV Reg RDI, Reg R12 3
4485a: CALL libxl_bitmap_dispose (external)
4485f: MOV Reg RCX, Address (SizeDir 64 (AddrPlus (FromReg RSP) (AddrImm 72))) 5
44864: XOR Reg RCX, Address (SizeDir 64 (AddrPlus (FromReg FS) (AddrImm 40))) 9
4486d: MOV Reg EAX, Reg EBX 2
4486f: JNE 44bc5 (resolved immediate)
  |
  `- 44875,44bc5
44875: ADD Reg RSP, Immediate 88 4
44879: POP Reg RBX 1
4487a: POP Reg RBP 1
4487b: POP Reg R12 2
4487d: POP Reg R13 2
4487f: POP Reg R14 2
44881: POP Reg R15 2
44883: RET  1
  |
  `- 
44888: LEA Reg RAX, Address (SizeDir 64 (AddrPlus (FromReg RIP) (AddrImm 357409))) 7
4488f: SUB Reg RSP, Immediate 8 4
44893: MOV Reg RDI, Address (SizeDir 64 (AddrPlus (FromReg R15) (AddrImm 16))) 4
44897: PUSH Reg R14 2
44899: LEA Reg R9, Address (SizeDir 64 (AddrPlus (FromReg RIP) (AddrImm 357968))) 7
448a0: MOV Reg R8D, Immediate 136 6
448a6: PUSH Reg RAX 1
448a7: PUSH Immediate 18446744073709551615 2
448a9: JMP 44828 (resolved immediate)
  |
  `- 44828
448ae: MOV Reg EAX, Address (SizeDir 32 (AddrPlus (FromReg R13) (AddrImm 168))) 7
448b5: TEST Reg EAX, Reg EAX 2
448b7: JE 44996 (resolved immediate)
  |
  `- 448bd,44996
448bd: MOV Address (SizeDir 32 (AddrPlus (FromReg RSP) (AddrImm 12))), Immediate 0 8
448c5: NOP  3
448c8: MOV Reg EAX, Address (SizeDir 32 (AddrPlus (FromReg RSP) (AddrImm 12))) 4
448cc: LEA Reg R10, Address (SizeDir 64 (AddrPlus (FromReg RAX) (AddrTimes (AddrImm 2) (FromReg RAX)))) 4
448d0: SHL Reg R10, Immediate 4 4
448d4: ADD Reg R10, Address (SizeDir 64 (AddrPlus (FromReg R13) (AddrImm 176))) 7
448db: MOV Reg EAX, Address (SizeDir 32 (AddrPlus (FromReg R10) (AddrImm 32))) 4
448df: MOV Reg RBP, Reg R10 3
448e2: SHL Reg EAX, Immediate 3 3
448e5: TEST Reg EAX, Reg EAX 2
448e7: JE 44980 (resolved immediate)
  |
  `- 448ed,44980
448ed: LEA Reg RBX, Address (SizeDir 64 (AddrPlus (FromReg R10) (AddrImm 32))) 4
448f1: XOR Reg R14D, Reg R14D 3
448f4: JMP 44915 (resolved immediate)
  |
  `- 44915
44900: CMP Address (SizeDir 32 (AddrPlus (FromReg R13) (AddrImm 72))), Reg R14D 4
44904: JA 44950 (resolved immediate)
  |
  `- 44906,44950
44906: MOV Reg EAX, Address (SizeDir 32 (AddrPlus (FromReg RBP) (AddrImm 32))) 3
44909: ADD Reg R14D, Immediate 1 4
4490d: SHL Reg EAX, Immediate 3 3
44910: CMP Reg EAX, Reg R14D 3
44913: JBE 44980 (resolved immediate)
  |
  `- 44915,44980
44915: MOV Reg ESI, Reg R14D 3
44918: MOV Reg RDI, Reg RBX 3
4491b: CALL libxl_bitmap_test (external)
44920: TEST Reg EAX, Reg EAX 2
44922: JE 44906 (resolved immediate)
44924: CMP Address (SizeDir 32 (AddrPlus (FromReg R13) (AddrImm 56))), Reg R14D 4
44928: JBE 44900 (resolved immediate)
  |
  `- 44900,4492a
4492a: MOV Reg ECX, Reg R14D 3
4492d: MOV Reg EDX, Address (SizeDir 32 (AddrPlus (FromReg RBP) (AddrImm 24))) 3
44930: LEA Reg R8, Address (SizeDir 64 (AddrPlus (FromReg RIP) (AddrImm 357014))) 7
44937: SHL Reg RCX, Immediate 4 4
4493b: ADD Reg RCX, Address (SizeDir 64 (AddrPlus (FromReg R13) (AddrImm 64))) 4
4493f: MOV Reg ESI, Reg R14D 3
44942: MOV Reg RDI, Reg R15 3
44945: CALL check_vnuma_affinity.isra.1 (internal)
  |
  `- 444a0
4494a: CMP Address (SizeDir 32 (AddrPlus (FromReg R13) (AddrImm 72))), Reg R14D 4
4494e: JBE 44906 (resolved immediate)
  |
  `- 44906,44950
44950: MOV Reg ECX, Reg R14D 3
44953: MOV Reg EDX, Address (SizeDir 32 (AddrPlus (FromReg RBP) (AddrImm 24))) 3
44956: LEA Reg R8, Address (SizeDir 64 (AddrPlus (FromReg RIP) (AddrImm 402028))) 7
4495d: SHL Reg RCX, Immediate 4 4
44961: ADD Reg RCX, Address (SizeDir 64 (AddrPlus (FromReg R13) (AddrImm 80))) 4
44965: MOV Reg ESI, Reg R14D 3
44968: MOV Reg RDI, Reg R15 3
4496b: ADD Reg R14D, Immediate 1 4
4496f: CALL check_vnuma_affinity.isra.1 (internal)
44974: MOV Reg EAX, Address (SizeDir 32 (AddrPlus (FromReg RBP) (AddrImm 32))) 3
44977: SHL Reg EAX, Immediate 3 3
4497a: CMP Reg EAX, Reg R14D 3
4497d: JA 44915 (resolved immediate)
  |
  `- 44915,4497f
4497f: NOP  1
44980: ADD Address (SizeDir 32 (AddrPlus (FromReg RSP) (AddrImm 12))), Immediate 1 5
44985: MOV Reg EAX, Address (SizeDir 32 (AddrPlus (FromReg RSP) (AddrImm 12))) 4
44989: CMP Address (SizeDir 32 (AddrPlus (FromReg R13) (AddrImm 168))), Reg EAX 7
44990: JA 448c8 (resolved immediate)
  |
  `- 448c8,44996
44996: MOV Reg RBX, Address (SizeDir 64 (AddrPlus (FromReg RSP) (AddrImm 24))) 5
4499b: LEA Reg RCX, Address (SizeDir 64 (AddrMinus (FromReg RIP) (AddrImm 1314))) 7
449a2: MOV Reg EDX, Immediate 24 5
449a7: MOV Reg ESI, Address (SizeDir 32 (AddrPlus (FromReg RBX) (AddrImm 168))) 6
449ad: MOV Reg RDI, Address (SizeDir 64 (AddrPlus (FromReg RBX) (AddrImm 160))) 7
449b4: CALL qsort (external)
449b9: MOV Reg EDI, Address (SizeDir 32 (AddrPlus (FromReg RBX) (AddrImm 168))) 6
449bf: TEST Reg EDI, Reg EDI 2
449c1: JE 44b9b (resolved immediate)
  |
  `- 449c7,44b9b
449c7: MOV Reg RAX, Address (SizeDir 64 (AddrPlus (FromReg RBX) (AddrImm 160))) 7
449ce: MOV Reg RCX, Address (SizeDir 64 (AddrPlus (FromReg RAX) (AddrImm 8))) 4
449d2: CMP Address (SizeDir 64 (FromReg RAX)), Reg RCX 3
449d5: JA 44aee (resolved immediate)
  |
  `- 449db,44aee
449db: LEA Reg EDX, Address (SizeDir 32 (AddrMinus (FromReg RDI) (AddrImm 1))) 3
449de: ADD Reg RAX, Immediate 24 4
449e2: MOV Reg RDI, Reg RDX 3
449e5: LEA Reg RDX, Address (SizeDir 64 (AddrPlus (FromReg RDX) (AddrTimes (AddrImm 2) (FromReg RDX)))) 4
449e9: LEA Reg RCX, Address (SizeDir 64 (AddrPlus (FromReg RAX) (AddrTimes (AddrImm 8) (FromReg RDX)))) 4
449ed: JMP 44a02 (resolved immediate)
  |
  `- 44a02
449f0: MOV Reg RDX, Address (SizeDir 64 (AddrPlus (FromReg RAX) (AddrImm 8))) 4
449f4: ADD Reg RAX, Immediate 24 4
449f8: CMP Reg RDX, Address (SizeDir 64 (AddrMinus (FromReg RAX) (AddrImm 24))) 4
449fc: JB 44aee (resolved immediate)
  |
  `- 44a02,44aee
44a02: CMP Reg RCX, Reg RAX 3
44a05: JNE 449f0 (resolved immediate)
  |
  `- 449f0,44a07
44a07: XOR Reg EDX, Reg EDX 2
44a09: XOR Reg EAX, Reg EAX 2
44a0b: JMP 44a42 (resolved immediate)
  |
  `- 44a42
44a10: MOV Reg RCX, Address (SizeDir 64 (AddrPlus (FromReg RSP) (AddrImm 24))) 5
44a15: LEA Reg ESI, Address (SizeDir 32 (AddrPlus (FromReg RAX) (AddrImm 1))) 3
44a18: MOV Reg RAX, Reg RSI 3
44a1b: LEA Reg RSI, Address (SizeDir 64 (AddrPlus (FromReg RSI) (AddrTimes (AddrImm 2) (FromReg RSI)))) 4
44a1f: MOV Reg RCX, Address (SizeDir 64 (AddrPlus (FromReg RCX) (AddrImm 160))) 7
44a26: LEA Reg R8, Address (SizeDir 64 (AddrPlus (FromReg RCX) (AddrTimes (AddrImm 1) (FromReg RDX)))) 4
44a2a: LEA Reg RSI, Address (SizeDir 64 (AddrPlus (FromReg RCX) (AddrTimes (AddrImm 8) (FromReg RSI)))) 4
44a2e: ADD Reg RDX, Immediate 24 4
44a32: MOV Reg R9, Address (SizeDir 64 (AddrPlus (FromReg R8) (AddrImm 8))) 4
44a36: MOV Reg RCX, Address (SizeDir 64 (FromReg RSI)) 3
44a39: CMP Reg R9, Reg RCX 3
44a3c: JA 44b2d (resolved immediate)
  |
  `- 44a42,44b2d
44a42: CMP Reg EAX, Reg EDI 2
44a44: JNE 44a10 (resolved immediate)
  |
  `- 44a10,44a46
44a46: MOV Reg EAX, Address (SizeDir 32 (AddrPlus (FromReg R13) (AddrImm 168))) 7
44a4d: TEST Reg EAX, Reg EAX 2
44a4f: JE 44aab (resolved immediate)
  |
  `- 44a51,44aab
44a51: MOV Reg R8, Address (SizeDir 64 (AddrPlus (FromReg R13) (AddrImm 176))) 7
44a58: LEA Reg R10D, Address (SizeDir 32 (AddrMinus (FromReg RAX) (AddrImm 1))) 4
44a5c: XOR Reg R9D, Reg R9D 3
44a5f: ADD Reg R10, Immediate 1 4
44a63: ADD Reg R8, Immediate 8 4
44a67: MOV Reg EAX, Address (SizeDir 32 (FromReg R8)) 3
44a6a: MOV Reg RSI, Address (SizeDir 64 (AddrPlus (FromReg R8) (AddrImm 8))) 4
44a6e: MOV Reg ECX, Reg R9D 3
44a71: TEST Reg EAX, Reg EAX 2
44a73: MOV Reg EDI, Address (SizeDir 32 (AddrPlus (FromReg RSI) (AddrTimes (AddrImm 4) (FromReg R9)))) 4
44a77: JE 44a9e (resolved immediate)
  |
  `- 44a79,44a9e
44a79: LEA Reg EDX, Address (SizeDir 32 (AddrMinus (FromReg RAX) (AddrImm 1))) 3
44a7c: XOR Reg EAX, Reg EAX 2
44a7e: ADD Reg RDX, Immediate 1 4
44a82: NOP  6
44a88: CMP Reg ECX, Reg EAX 2
44a8a: JE 44a95 (resolved immediate)
  |
  `- 44a8c,44a95
44a8c: CMP Reg EDI, Address (SizeDir 32 (AddrPlus (FromReg RSI) (AddrTimes (AddrImm 4) (FromReg RAX)))) 3
44a8f: JA 44b77 (resolved immediate)
  |
  `- 44a95,44b77
44a95: ADD Reg RAX, Immediate 1 4
44a99: CMP Reg RDX, Reg RAX 3
44a9c: JNE 44a88 (resolved immediate)
  |
  `- 44a88,44a9e
44a9e: ADD Reg R9, Immediate 1 4
44aa2: ADD Reg R8, Immediate 48 4
44aa6: CMP Reg R10, Reg R9 3
44aa9: JNE 44a67 (resolved immediate)
  |
  `- 44a67,44aab
44aab: XOR Reg EBX, Reg EBX 2
44aad: JMP 44849 (resolved immediate)
  |
  `- 44849
44ab8: XOR Reg EDX, Reg EDX 2
44aba: JMP 446ef (resolved immediate)
  |
  `- 446ef
44abf: PUSH Reg RAX 1
44ac0: LEA Reg RAX, Address (SizeDir 64 (AddrPlus (FromReg RIP) (AddrImm 356793))) 7
44ac7: PUSH Reg RDX 1
44ac8: LEA Reg R9, Address (SizeDir 64 (AddrPlus (FromReg RIP) (AddrImm 357409))) 7
44acf: MOV Reg R8D, Immediate 124 6
44ad5: PUSH Reg RAX 1
44ad6: PUSH Immediate 18446744073709551615 2
44ad8: JMP 44828 (resolved immediate)
  |
  `- 44828
44add: MOV Reg EAX, Address (SizeDir 32 (FromReg R13)) 4
44ae1: TEST Reg EAX, Reg EAX 2
44ae3: JNE 447bf (resolved immediate)
  |
  `- 447bf,44ae9
44ae9: JMP 44996 (resolved immediate)
  |
  `- 44996
44aee: LEA Reg RAX, Address (SizeDir 64 (AddrPlus (FromReg RIP) (AddrImm 356573))) 7
44af5: MOV Reg RDI, Address (SizeDir 64 (AddrPlus (FromReg R15) (AddrImm 16))) 4
44af9: LEA Reg R9, Address (SizeDir 64 (AddrPlus (FromReg RIP) (AddrImm 357360))) 7
44b00: MOV Reg R8D, Immediate 172 6
44b06: PUSH Reg RAX 1
44b07: PUSH Immediate 18446744073709551615 2
44b09: LEA Reg RCX, Address (SizeDir 64 (AddrPlus (FromReg RIP) (AddrImm 356474))) 7
44b10: MOV Reg EDX, Immediate 4294967295 5
44b15: MOV Reg ESI, Immediate 8 5
44b1a: XOR Reg EAX, Reg EAX 2
44b1c: MOV Reg EBX, Immediate 4294967276 5
44b21: CALL libxl__log (internal)
  |
  `- 3c110
44b26: POP Reg RDX 1
44b27: POP Reg RCX 1
44b28: JMP 44849 (resolved immediate)
  |
  `- 44849
44b2d: LEA Reg RAX, Address (SizeDir 64 (AddrPlus (FromReg RIP) (AddrImm 356804))) 7
44b34: MOV Reg RDI, Address (SizeDir 64 (AddrPlus (FromReg R15) (AddrImm 16))) 4
44b38: PUSH Address (SizeDir 64 (AddrPlus (FromReg RSI) (AddrImm 8))) 3
44b3b: PUSH Reg RCX 1
44b3c: PUSH Reg R9 2
44b3e: LEA Reg R9, Address (SizeDir 64 (AddrPlus (FromReg RIP) (AddrImm 357291))) 7
44b45: PUSH Address (SizeDir 64 (FromReg R8)) 3
44b48: PUSH Reg RAX 1
44b49: MOV Reg R8D, Immediate 182 6
44b4f: PUSH Immediate 18446744073709551615 2
44b51: LEA Reg RCX, Address (SizeDir 64 (AddrPlus (FromReg RIP) (AddrImm 356402))) 7
44b58: MOV Reg EDX, Immediate 4294967295 5
44b5d: MOV Reg ESI, Immediate 8 5
44b62: XOR Reg EAX, Reg EAX 2
44b64: MOV Reg EBX, Immediate 4294967276 5
44b69: CALL libxl__log (internal)
44b6e: ADD Reg RSP, Immediate 48 4
44b72: JMP 44849 (resolved immediate)
  |
  `- 44849
44b77: SUB Reg RSP, Immediate 8 4
44b7b: MOV Reg RDI, Address (SizeDir 64 (AddrPlus (FromReg R15) (AddrImm 16))) 4
44b7f: LEA Reg R9, Address (SizeDir 64 (AddrPlus (FromReg RIP) (AddrImm 357226))) 7
44b86: PUSH Reg RCX 1
44b87: PUSH Reg RAX 1
44b88: LEA Reg RAX, Address (SizeDir 64 (AddrPlus (FromReg RIP) (AddrImm 356761))) 7
44b8f: PUSH Reg RCX 1
44b90: MOV Reg R8D, Immediate 200 6
44b96: PUSH Reg RAX 1
44b97: PUSH Immediate 18446744073709551615 2
44b99: JMP 44b51 (resolved immediate)
  |
  `- 44b51
44b9b: MOV Reg EDI, Immediate 4294967295 5
44ba0: JMP 44a07 (resolved immediate)
  |
  `- 44a07
44ba5: LEA Reg RAX, Address (SizeDir 64 (AddrPlus (FromReg RIP) (AddrImm 356332))) 7
44bac: MOV Reg RDI, Address (SizeDir 64 (AddrPlus (FromReg R15) (AddrImm 16))) 4
44bb0: LEA Reg R9, Address (SizeDir 64 (AddrPlus (FromReg RIP) (AddrImm 357177))) 7
44bb7: MOV Reg R8D, Immediate 103 6
44bbd: PUSH Reg RAX 1
44bbe: PUSH Immediate 18446744073709551615 2
44bc0: JMP 44b09 (resolved immediate)
  |
  `- 44b09
44bc5: CALL __stack_chk_fail (external)
  |
  `- 
