Number of assembly instructions     = 1107
Number of indirect branches         = 0
Number of unresolved indirect jumps = 0: 
Number of unresolved indirect calls = 0: 
Number of symbolic states (representative of non-determinism): 1107
Number of edges: 1151

1ff9b (False): 62def
35070 (True): 62a34
36c60 (True): 62169, 6217d, 6281d, 628b6, 62907
36c90 (True): 62730
3bdb0 (True): 62b87
3be40 (True): 3c1a9
3c110 (True): 36cfd, 3c211, 3c274, 622be, 62af0, 62b3d, 62d03, 62d59
3c1d0 (False): 3c39c, 3c45b
3c2a0 (True): 36c86, 36cba, 3c43a
3c410 (True): 3c4c9
3c460 (True): 3c5d4
3c540 (True): 35113, 62810, 628a9, 628fa, 629b6, 62a48
620b0 (True): 62853
626c0 (False): 0
73af0 (True): 627ab

1ff9b: LEA Reg RCX, Address (AddrPlus (FromReg RIP) (AddrImm 535214)) 7
1ffa2: LEA Reg RSI, Address (AddrPlus (FromReg RIP) (AddrImm 470707)) 7
1ffa9: LEA Reg RDI, Address (AddrPlus (FromReg RIP) (AddrImm 470717)) 7
1ffb0: SUB Reg RSP, Immediate 8 4
1ffb4: MOV Reg EDX, Immediate 4217 5
1ffb9: CALL __assert_fail (external)
  |
  `- 
35070: MOV Reg RAX, Reg RDX 3
35073: PUSH Reg RBX 1
35074: MOV Reg EBX, Reg ESI 2
35076: MOV Reg R9, Reg RAX 3
35079: MOVZX Reg ECX, Reg BH 3
3507c: MOV Reg RBX, Reg RAX 3
3507f: SHR Reg R9, Immediate 48 4
35083: SHR Reg RBX, Immediate 56 4
35087: MOV Reg R8, Reg RSI 3
3508a: MOVZX Reg R9D, Reg R9B 4
3508e: PUSH Reg RBX 1
3508f: MOVZX Reg EBX, Reg AH 3
35092: PUSH Reg R9 2
35094: MOV Reg R9, Reg RAX 3
35097: MOVZX Reg EDX, Reg SIL 4
3509b: SHR Reg R9, Immediate 40 4
3509f: SHR Reg R8, Immediate 16 4
350a3: MOVZX Reg R9D, Reg R9B 4
350a7: MOVZX Reg R8D, Reg R8B 4
350ab: PUSH Reg R9 2
350ad: MOV Reg R9, Reg RAX 3
350b0: SHR Reg R9, Immediate 32 4
350b4: MOVZX Reg R9D, Reg R9B 4
350b8: PUSH Reg R9 2
350ba: MOV Reg R9D, Reg EAX 3
350bd: SHR Reg R9D, Immediate 24 4
350c1: PUSH Reg R9 2
350c3: MOV Reg R9, Reg RAX 3
350c6: MOVZX Reg EAX, Reg AL 3
350c9: SHR Reg R9, Immediate 16 4
350cd: MOVZX Reg R9D, Reg R9B 4
350d1: PUSH Reg R9 2
350d3: PUSH Reg RBX 1
350d4: MOV Reg R9D, Reg ESI 3
350d7: PUSH Reg RAX 1
350d8: MOV Reg RAX, Reg RSI 3
350db: SHR Reg R9D, Immediate 24 4
350df: SHR Reg RAX, Immediate 56 4
350e3: PUSH Reg RAX 1
350e4: MOV Reg RAX, Reg RSI 3
350e7: SHR Reg RAX, Immediate 48 4
350eb: MOVZX Reg EAX, Reg AL 3
350ee: PUSH Reg RAX 1
350ef: MOV Reg RAX, Reg RSI 3
350f2: SHR Reg RAX, Immediate 40 4
350f6: MOVZX Reg EAX, Reg AL 3
350f9: PUSH Reg RAX 1
350fa: MOV Reg RAX, Reg RSI 3
350fd: LEA Reg RSI, Address (AddrPlus (FromReg RIP) (AddrImm 406884)) 7
35104: SHR Reg RAX, Immediate 32 4
35108: MOVZX Reg EAX, Reg AL 3
3510b: PUSH Reg RAX 1
3510c: XOR Reg EAX, Reg EAX 2
3510e: CALL libxl__sprintf (internal)
35113: ADD Reg RSP, Immediate 96 4
35117: POP Reg RBX 1
35118: RET  1
  |
  `- 
36c60: PUSH Reg RBP 1
36c61: PUSH Reg RBX 1
36c62: MOV Reg RBP, Reg RDI 3
36c65: XOR Reg ECX, Reg ECX 2
36c67: SUB Reg RSP, Immediate 8 4
36c6b: MOV Reg RAX, Address (SizeDir 64 (AddrPlus (FromReg RDI) (AddrImm 16))) 4
36c6f: MOV Reg RDI, Address (SizeDir 64 (AddrPlus (FromReg RAX) (AddrImm 16))) 4
36c73: CALL xs_read (external)
36c78: MOV Reg RDI, Reg RBP 3
36c7b: MOV Reg RSI, Reg RAX 3
36c7e: MOV Reg RBX, Reg RAX 3
36c81: CALL libxl__ptr_add (internal)
36c86: ADD Reg RSP, Immediate 8 4
36c8a: MOV Reg RAX, Reg RBX 3
36c8d: POP Reg RBX 1
36c8e: POP Reg RBP 1
36c8f: RET  1
  |
  `- 
36c90: PUSH Reg R12 2
36c92: PUSH Reg RBP 1
36c93: MOV Reg RBP, Reg RDI 3
36c96: PUSH Reg RBX 1
36c97: MOV Reg RAX, Address (SizeDir 64 (AddrPlus (FromReg RDI) (AddrImm 16))) 4
36c9b: MOV Reg R12D, Reg ESI 3
36c9e: MOV Reg RDI, Address (SizeDir 64 (AddrPlus (FromReg RAX) (AddrImm 16))) 4
36ca2: CALL xs_get_domain_path (external)
36ca7: TEST Reg RAX, Reg RAX 3
36caa: MOV Reg RBX, Reg RAX 3
36cad: JZ 36cc8 (resolved immediate)
  |
  `- 36caf,36cc8
36caf: MOV Reg RSI, Reg RAX 3
36cb2: MOV Reg RDI, Reg RBP 3
36cb5: CALL libxl__ptr_add (internal)
  |
  `- 3c2a0
36cba: MOV Reg RAX, Reg RBX 3
36cbd: POP Reg RBX 1
36cbe: POP Reg RBP 1
36cbf: POP Reg R12 2
36cc1: RET  1
  |
  `- 
36cc8: CALL __errno_location (external)
36ccd: LEA Reg RDX, Address (AddrPlus (FromReg RIP) (AddrImm 402423)) 7
36cd4: MOV Reg RDI, Address (SizeDir 64 (AddrPlus (FromReg RBP) (AddrImm 16))) 4
36cd8: LEA Reg R9, Address (AddrPlus (FromReg RIP) (AddrImm 403185)) 7
36cdf: LEA Reg RCX, Address (AddrPlus (FromReg RIP) (AddrImm 402390)) 7
36ce6: MOV Reg R8D, Immediate 149 6
36cec: MOV Reg ESI, Immediate 8 5
36cf1: PUSH Reg RDX 1
36cf2: PUSH Reg R12 2
36cf4: MOV Reg EDX, Address (SizeDir 32 (FromReg RAX)) 2
36cf6: XOR Reg EAX, Reg EAX 2
36cf8: CALL libxl__log (internal)
  |
  `- 3c110
36cfd: POP Reg RAX 1
36cfe: POP Reg RDX 1
36cff: JMP 36cba (resolved immediate)
  |
  `- 36cba
3bdb0: PUSH Reg R12 2
3bdb2: PUSH Reg RBP 1
3bdb3: PUSH Reg RBX 1
3bdb4: MOV Reg EAX, Address (SizeDir 32 (FromReg RDI)) 2
3bdb6: TEST Reg EAX, Reg EAX 2
3bdb8: JS 3be14 (resolved immediate)
  |
  `- 3bdba,3be14
3bdba: MOV Reg R12, Reg RDI 3
3bdbd: MOV Reg EBP, Immediate 0 5
3bdc2: MOV Reg EBX, Immediate 0 5
3bdc7: JZ 3bdf4 (resolved immediate)
  |
  `- 3bdc9,3bdf4
3bdc9: NOP  7
3bdd0: MOV Reg RAX, Address (SizeDir 64 (AddrPlus (FromReg R12) (AddrImm 8))) 5
3bdd5: ADD Reg EBX, Immediate 1 3
3bdd8: ADD Reg RAX, Reg RBP 3
3bddb: ADD Reg RBP, Immediate 8 4
3bddf: MOV Reg RDI, Address (SizeDir 64 (FromReg RAX)) 3
3bde2: MOV Address (SizeDir 64 (FromReg RAX)), Immediate 0 7
3bde9: CALL free (external)
3bdee: CMP Address (SizeDir 32 (FromReg R12)), Reg EBX 4
3bdf2: JG 3bdd0 (resolved immediate)
  |
  `- 3bdd0,3bdf4
3bdf4: MOV Reg RDI, Address (SizeDir 64 (AddrPlus (FromReg R12) (AddrImm 8))) 5
3bdf9: CALL free (external)
3bdfe: MOV Address (SizeDir 64 (AddrPlus (FromReg R12) (AddrImm 8))), Immediate 0 9
3be07: MOV Address (SizeDir 32 (FromReg R12)), Immediate 0 8
3be0f: POP Reg RBX 1
3be10: POP Reg RBP 1
3be11: POP Reg R12 2
3be13: RET  1
  |
  `- 
3be14: LEA Reg RCX, Address (AddrPlus (FromReg RIP) (AddrImm 387253)) 7
3be1b: LEA Reg RSI, Address (AddrPlus (FromReg RIP) (AddrImm 386238)) 7
3be22: LEA Reg RDI, Address (AddrPlus (FromReg RIP) (AddrImm 386248)) 7
3be29: MOV Reg EDX, Immediate 80 5
3be2e: CALL __assert_fail (external)
  |
  `- 
3be40: PUSH Reg R15 2
3be42: PUSH Reg R14 2
3be44: MOV Reg R15, Reg RDI 3
3be47: PUSH Reg R13 2
3be49: PUSH Reg R12 2
3be4b: MOV Reg R12, Reg RCX 3
3be4e: PUSH Reg RBP 1
3be4f: PUSH Reg RBX 1
3be50: MOV Reg EBP, Reg R8D 3
3be53: MOV Reg RBX, Reg R9 3
3be56: SUB Reg RSP, Immediate 584 7
3be5d: MOV Address (SizeDir 32 (AddrPlus (FromReg RSP) (AddrImm 4))), Reg ESI 4
3be61: MOV Address (SizeDir 32 (AddrPlus (FromReg RSP) (AddrImm 8))), Reg EDX 4
3be65: MOV Reg RAX, Address (SizeDir 64 (AddrPlus (FromReg FS) (AddrImm 40))) 9
3be6e: MOV Address (SizeDir 64 (AddrPlus (FromReg RSP) (AddrImm 568))), Reg RAX 8
3be76: XOR Reg EAX, Reg EAX 2
3be78: MOV Address (SizeDir 64 (AddrPlus (FromReg RSP) (AddrImm 40))), Immediate 0 9
3be81: CALL __errno_location (external)
3be86: MOV Reg RCX, Address (SizeDir 64 (AddrPlus (FromReg RSP) (AddrImm 656))) 8
3be8e: MOV Reg RDX, Address (SizeDir 64 (AddrPlus (FromReg RSP) (AddrImm 648))) 8
3be96: LEA Reg RDI, Address (AddrPlus (FromReg RSP) (AddrImm 40)) 5
3be9b: MOV Reg ESI, Immediate 1 5
3bea0: MOV Reg R13, Reg RAX 3
3bea3: MOV Reg R14D, Address (SizeDir 32 (FromReg RAX)) 3
3bea6: CALL __vasprintf_chk (external)
3beab: TEST Reg RBX, Reg RBX 3
3beae: SETNZ Address (SizeDir 8 (AddrPlus (FromReg RSP) (AddrImm 15))) 5
3beb3: TEST Reg EAX, Reg EAX 2
3beb5: JS 3c0a0 (resolved immediate)
  |
  `- 3bebb,3c0a0
3bebb: TEST Reg R12, Reg R12 3
3bebe: MOV Address (SizeDir 8 (AddrPlus (FromReg RSP) (AddrImm 48))), Immediate 0 5
3bec3: JZ 3bf50 (resolved immediate)
  |
  `- 3bec9,3bf50
3bec9: LEA Reg R10, Address (AddrPlus (FromReg RSP) (AddrImm 48)) 5
3bece: SUB Reg RSP, Immediate 8 4
3bed2: LEA Reg R8, Address (AddrPlus (FromReg RIP) (AddrImm 362554)) 7
3bed9: PUSH Reg RBP 1
3beda: MOV Reg EDX, Immediate 1 5
3bedf: XOR Reg EAX, Reg EAX 2
3bee1: MOV Reg RDI, Reg R10 3
3bee4: MOV Reg R9, Reg R12 3
3bee7: MOV Reg ECX, Immediate 256 5
3beec: MOV Reg ESI, Immediate 256 5
3bef1: MOV Address (SizeDir 64 (AddrPlus (FromReg RSP) (AddrImm 32))), Reg R10 5
3bef6: CALL __snprintf_chk (external)
3befb: MOV Address (SizeDir 8 (AddrPlus (FromReg RSP) (AddrImm 319))), Immediate 0 8
3bf03: MOV Address (SizeDir 8 (AddrPlus (FromReg RSP) (AddrImm 320))), Immediate 0 8
3bf0b: POP Reg RAX 1
3bf0c: POP Reg RDX 1
3bf0d: CMP Address (SizeDir 32 (AddrPlus (FromReg RSP) (AddrImm 640))), Immediate 4294967295 8
3bf15: MOV Reg R10, Address (SizeDir 64 (AddrPlus (FromReg RSP) (AddrImm 16))) 5
3bf1a: JNZ 3bfc0 (resolved immediate)
  |
  `- 3bf20,3bfc0
3bf20: TEST Reg RBX, Reg RBX 3
3bf23: MOV Reg RCX, Address (SizeDir 64 (AddrPlus (FromReg RSP) (AddrImm 40))) 5
3bf28: JZ 3c0c6 (resolved immediate)
  |
  `- 3bf2e,3c0c6
3bf2e: LEA Reg RDX, Address (AddrPlus (FromReg RIP) (AddrImm 386002)) 7
3bf35: LEA Reg RAX, Address (AddrPlus (FromReg RIP) (AddrImm 408678)) 7
3bf3c: LEA Reg RBP, Address (AddrPlus (FromReg RIP) (AddrImm 386109)) 7
3bf43: LEA Reg R11, Address (AddrPlus (FromReg RSP) (AddrImm 304)) 8
3bf4b: JMP 3c031 (resolved immediate)
  |
  `- 3c031
3bf50: CMP Address (SizeDir 32 (AddrPlus (FromReg RSP) (AddrImm 640))), Immediate 4294967295 8
3bf58: MOV Address (SizeDir 8 (AddrPlus (FromReg RSP) (AddrImm 303))), Immediate 0 8
3bf60: LEA Reg R10, Address (AddrPlus (FromReg RSP) (AddrImm 48)) 5
3bf65: MOV Address (SizeDir 8 (AddrPlus (FromReg RSP) (AddrImm 304))), Immediate 0 8
3bf6d: JNZ 3bfc0 (resolved immediate)
  |
  `- 3bf6f,3bfc0
3bf6f: TEST Reg R12, Reg R12 3
3bf72: MOV Reg RCX, Address (SizeDir 64 (AddrPlus (FromReg RSP) (AddrImm 40))) 5
3bf77: LEA Reg RBP, Address (AddrPlus (FromReg RIP) (AddrImm 386050)) 7
3bf7e: LEA Reg R10, Address (AddrPlus (FromReg RSP) (AddrImm 48)) 5
3bf83: LEA Reg R11, Address (AddrPlus (FromReg RSP) (AddrImm 304)) 8
3bf8b: JZ 3c019 (resolved immediate)
  |
  `- 3c019
3bf98: TEST Reg RBX, Reg RBX 3
3bf9b: JZ 3c0eb (resolved immediate)
  |
  `- 3bfa1,3c0eb
3bfa1: LEA Reg RAX, Address (AddrPlus (FromReg RIP) (AddrImm 396536)) 7
3bfa8: LEA Reg RSI, Address (AddrPlus (FromReg RIP) (AddrImm 408563)) 7
3bfaf: TEST Reg R12, Reg R12 3
3bfb2: LEA Reg RDX, Address (AddrPlus (FromReg RIP) (AddrImm 385870)) 7
3bfb9: CMOVNZ Reg RAX, Reg RSI 4
3bfbd: JMP 3c031 (resolved immediate)
  |
  `- 3c031
3bfc0: LEA Reg R11, Address (AddrPlus (FromReg RSP) (AddrImm 304)) 8
3bfc8: MOV Reg R9D, Address (SizeDir 32 (AddrPlus (FromReg RSP) (AddrImm 640))) 8
3bfd0: LEA Reg R8, Address (AddrPlus (FromReg RIP) (AddrImm 385843)) 7
3bfd7: MOV Reg ECX, Immediate 256 5
3bfdc: MOV Reg EDX, Immediate 1 5
3bfe1: MOV Reg ESI, Immediate 256 5
3bfe6: MOV Reg RDI, Reg R11 3
3bfe9: XOR Reg EAX, Reg EAX 2
3bfeb: MOV Address (SizeDir 64 (AddrPlus (FromReg RSP) (AddrImm 24))), Reg R10 5
3bff0: MOV Address (SizeDir 64 (AddrPlus (FromReg RSP) (AddrImm 16))), Reg R11 5
3bff5: LEA Reg RBP, Address (AddrPlus (FromReg RIP) (AddrImm 385924)) 7
3bffc: CALL __snprintf_chk (external)
3c001: MOV Reg RCX, Address (SizeDir 64 (AddrPlus (FromReg RSP) (AddrImm 40))) 5
3c006: MOV Reg R11, Address (SizeDir 64 (AddrPlus (FromReg RSP) (AddrImm 16))) 5
3c00b: MOV Reg R10, Address (SizeDir 64 (AddrPlus (FromReg RSP) (AddrImm 24))) 5
3c010: TEST Reg R12, Reg R12 3
3c013: JNZ 3bf98 (resolved immediate)
  |
  `- 3bf98,3c019
3c019: CMP Address (SizeDir 8 (AddrPlus (FromReg RSP) (AddrImm 15))), Immediate 0 5
3c01e: JNZ 3bf98 (resolved immediate)
  |
  `- 3bf98,3c024
3c024: LEA Reg RBX, Address (AddrPlus (FromReg RIP) (AddrImm 396405)) 7
3c02b: MOV Reg RDX, Reg RBX 3
3c02e: MOV Reg RAX, Reg RBX 3
3c031: SUB Reg RSP, Immediate 8 4
3c035: MOV Reg RDI, Address (SizeDir 64 (FromReg R15)) 3
3c038: LEA Reg R8, Address (AddrPlus (FromReg RIP) (AddrImm 385750)) 7
3c03f: PUSH Reg RCX 1
3c040: PUSH Reg R11 2
3c042: LEA Reg RCX, Address (AddrPlus (FromReg RIP) (AddrImm 358278)) 7
3c049: PUSH Reg RDX 1
3c04a: PUSH Reg RBX 1
3c04b: MOV Reg R9, Reg R10 3
3c04e: PUSH Reg RAX 1
3c04f: MOV Reg EDX, Address (SizeDir 32 (AddrPlus (FromReg RSP) (AddrImm 56))) 4
3c053: XOR Reg EAX, Reg EAX 2
3c055: MOV Reg ESI, Address (SizeDir 32 (AddrPlus (FromReg RSP) (AddrImm 52))) 4
3c059: CALL xtl_log (external)
3c05e: MOV Reg RDI, Address (SizeDir 64 (AddrPlus (FromReg RSP) (AddrImm 88))) 5
3c063: ADD Reg RSP, Immediate 48 4
3c067: CMP Reg RDI, Reg RBP 3
3c06a: JZ 3c071 (resolved immediate)
  |
  `- 3c06c,3c071
3c06c: CALL free (external)
3c071: MOV Reg RAX, Address (SizeDir 64 (AddrPlus (FromReg RSP) (AddrImm 568))) 8
3c079: XOR Reg RAX, Address (SizeDir 64 (AddrPlus (FromReg FS) (AddrImm 40))) 9
3c082: MOV Address (SizeDir 32 (AddrPlus (FromReg R13) (AddrImm 0))), Reg R14D 4
3c086: JNZ 3c0c1 (resolved immediate)
  |
  `- 3c088,3c0c1
3c088: ADD Reg RSP, Immediate 584 7
3c08f: POP Reg RBX 1
3c090: POP Reg RBP 1
3c091: POP Reg R12 2
3c093: POP Reg R13 2
3c095: POP Reg R14 2
3c097: POP Reg R15 2
3c099: RET  1
  |
  `- 
3c0a0: LEA Reg RBP, Address (AddrPlus (FromReg RIP) (AddrImm 385753)) 7
3c0a7: LEA Reg R10, Address (AddrPlus (FromReg RSP) (AddrImm 48)) 5
3c0ac: LEA Reg R11, Address (AddrPlus (FromReg RSP) (AddrImm 304)) 8
3c0b4: MOV Address (SizeDir 64 (AddrPlus (FromReg RSP) (AddrImm 40))), Reg RBP 5
3c0b9: MOV Reg RCX, Reg RBP 3
3c0bc: JMP 3c010 (resolved immediate)
  |
  `- 3c010
3c0c1: CALL __stack_chk_fail (external)
  |
  `- 
3c0c6: LEA Reg RBX, Address (AddrPlus (FromReg RIP) (AddrImm 396243)) 7
3c0cd: LEA Reg RDX, Address (AddrPlus (FromReg RIP) (AddrImm 385587)) 7
3c0d4: LEA Reg RBP, Address (AddrPlus (FromReg RIP) (AddrImm 385701)) 7
3c0db: LEA Reg R11, Address (AddrPlus (FromReg RSP) (AddrImm 304)) 8
3c0e3: MOV Reg RAX, Reg RBX 3
3c0e6: JMP 3c031 (resolved immediate)
  |
  `- 3c031
3c0eb: LEA Reg RBX, Address (AddrPlus (FromReg RIP) (AddrImm 396206)) 7
3c0f2: LEA Reg RDX, Address (AddrPlus (FromReg RIP) (AddrImm 385550)) 7
3c0f9: MOV Reg RAX, Reg RBX 3
3c0fc: JMP 3c031 (resolved immediate)
  |
  `- 3c031
3c110: SUB Reg RSP, Immediate 216 7
3c117: TEST Reg AL, Reg AL 2
3c119: MOV Reg R10, Address (SizeDir 64 (AddrPlus (FromReg RSP) (AddrImm 232))) 8
3c121: JZ 3c15a (resolved immediate)
  |
  `- 3c123,3c15a
3c123: MOVAPS Address (SizeDir 128 (AddrPlus (FromReg RSP) (AddrImm 80))), Reg XMM0 5
3c128: MOVAPS Address (SizeDir 128 (AddrPlus (FromReg RSP) (AddrImm 96))), Reg XMM1 5
3c12d: MOVAPS Address (SizeDir 128 (AddrPlus (FromReg RSP) (AddrImm 112))), Reg XMM2 5
3c132: MOVAPS Address (SizeDir 128 (AddrPlus (FromReg RSP) (AddrImm 128))), Reg XMM3 8
3c13a: MOVAPS Address (SizeDir 128 (AddrPlus (FromReg RSP) (AddrImm 144))), Reg XMM4 8
3c142: MOVAPS Address (SizeDir 128 (AddrPlus (FromReg RSP) (AddrImm 160))), Reg XMM5 8
3c14a: MOVAPS Address (SizeDir 128 (AddrPlus (FromReg RSP) (AddrImm 176))), Reg XMM6 8
3c152: MOVAPS Address (SizeDir 128 (AddrPlus (FromReg RSP) (AddrImm 192))), Reg XMM7 8
3c15a: MOV Reg RAX, Address (SizeDir 64 (AddrPlus (FromReg FS) (AddrImm 40))) 9
3c163: MOV Address (SizeDir 64 (AddrPlus (FromReg RSP) (AddrImm 24))), Reg RAX 5
3c168: XOR Reg EAX, Reg EAX 2
3c16a: LEA Reg RAX, Address (AddrPlus (FromReg RSP) (AddrImm 240)) 8
3c172: MOV Address (SizeDir 64 (AddrPlus (FromReg RSP) (AddrImm 8))), Reg RAX 5
3c177: LEA Reg RAX, Address (AddrPlus (FromReg RSP) (AddrImm 32)) 5
3c17c: MOV Address (SizeDir 32 (FromReg RSP)), Immediate 48 7
3c183: MOV Address (SizeDir 32 (AddrPlus (FromReg RSP) (AddrImm 4))), Immediate 48 8
3c18b: SUB Reg RSP, Immediate 8 4
3c18f: MOV Address (SizeDir 64 (AddrPlus (FromReg RSP) (AddrImm 24))), Reg RAX 5
3c194: LEA Reg RAX, Address (AddrPlus (FromReg RSP) (AddrImm 8)) 5
3c199: PUSH Reg RAX 1
3c19a: PUSH Reg R10 2
3c19c: MOV Reg EAX, Address (SizeDir 32 (AddrPlus (FromReg RSP) (AddrImm 248))) 7
3c1a3: PUSH Reg RAX 1
3c1a4: CALL libxl__logv (internal)
  |
  `- 3be40
3c1a9: ADD Reg RSP, Immediate 32 4
3c1ad: MOV Reg RAX, Address (SizeDir 64 (AddrPlus (FromReg RSP) (AddrImm 24))) 5
3c1b2: XOR Reg RAX, Address (SizeDir 64 (AddrPlus (FromReg FS) (AddrImm 40))) 9
3c1bb: JNZ 3c1c5 (resolved immediate)
  |
  `- 3c1bd,3c1c5
3c1bd: ADD Reg RSP, Immediate 216 7
3c1c4: RET  1
  |
  `- 
3c1c5: CALL __stack_chk_fail (external)
  |
  `- 
3c1d0: TEST Reg RCX, Reg RCX 3
3c1d3: PUSH Reg R14 2
3c1d5: PUSH Reg R13 2
3c1d7: PUSH Reg R12 2
3c1d9: PUSH Reg RBP 1
3c1da: PUSH Reg RBX 1
3c1db: MOV Reg RBX, Reg RSI 3
3c1de: JZ 3c24b (resolved immediate)
  |
  `- 3c1e0,3c24b
3c1e0: LEA Reg R14, Address (AddrPlus (FromReg RIP) (AddrImm 385473)) 7
3c1e7: SUB Reg RSP, Immediate 8 4
3c1eb: MOV Reg R9, Reg RSI 3
3c1ee: PUSH Reg RCX 1
3c1ef: PUSH Reg RDX 1
3c1f0: MOV Reg R13, Reg RDX 3
3c1f3: PUSH Reg RSI 1
3c1f4: PUSH Reg R14 2
3c1f6: MOV Reg R12, Reg RCX 3
3c1f9: PUSH Immediate 18446744073709551615 2
3c1fb: XOR Reg R8D, Reg R8D 3
3c1fe: XOR Reg ECX, Reg ECX 2
3c200: MOV Reg EDX, Immediate 12 5
3c205: MOV Reg ESI, Immediate 9 5
3c20a: XOR Reg EAX, Reg EAX 2
3c20c: CALL libxl__log (internal)
  |
  `- 
3c211: MOV Reg RBP, Address (SizeDir 64 (AddrPlus (FromReg RIP) (AddrImm 2665928))) 7
3c218: ADD Reg RSP, Immediate 48 4
3c21c: MOV Reg R9, Reg R12 3
3c21f: MOV Reg R8, Reg R13 3
3c222: MOV Reg RCX, Reg RBX 3
3c225: MOV Reg RDX, Reg R14 3
3c228: MOV Reg ESI, Immediate 1 5
3c22d: XOR Reg EAX, Reg EAX 2
3c22f: MOV Reg RDI, Address (SizeDir 64 (AddrPlus (FromReg RBP) (AddrImm 0))) 4
3c233: CALL __fprintf_chk (external)
3c238: MOV Reg RDI, Address (SizeDir 64 (AddrPlus (FromReg RBP) (AddrImm 0))) 4
3c23c: CALL fflush (external)
3c241: MOV Reg EDI, Immediate 4294967295 5
3c246: CALL _exit (external)
  |
  `- 
3c24b: LEA Reg R12, Address (AddrPlus (FromReg RIP) (AddrImm 385430)) 7
3c252: SUB Reg RSP, Immediate 8 4
3c256: MOV Reg R9, Reg RSI 3
3c259: PUSH Reg RSI 1
3c25a: XOR Reg ECX, Reg ECX 2
3c25c: XOR Reg EAX, Reg EAX 2
3c25e: PUSH Reg R12 2
3c260: PUSH Immediate 18446744073709551615 2
3c262: XOR Reg R8D, Reg R8D 3
3c265: MOV Reg EDX, Immediate 12 5
3c26a: MOV Reg ESI, Immediate 9 5
3c26f: CALL libxl__log (internal)
  |
  `- 
3c274: MOV Reg RBP, Address (SizeDir 64 (AddrPlus (FromReg RIP) (AddrImm 2665829))) 7
3c27b: ADD Reg RSP, Immediate 32 4
3c27f: MOV Reg RCX, Reg RBX 3
3c282: MOV Reg RDX, Reg R12 3
3c285: MOV Reg ESI, Immediate 1 5
3c28a: XOR Reg EAX, Reg EAX 2
3c28c: MOV Reg RDI, Address (SizeDir 64 (AddrPlus (FromReg RBP) (AddrImm 0))) 4
3c290: CALL __fprintf_chk (external)
3c295: JMP 3c238 (resolved immediate)
  |
  `- 3c238
3c2a0: MOV Reg R8D, Address (SizeDir 32 (FromReg RDI)) 3
3c2a3: TEST Reg R8D, Reg R8D 3
3c2a6: JS 3c378 (resolved immediate)
  |
  `- 3c2ac,3c378
3c2ac: TEST Reg RSI, Reg RSI 3
3c2af: JZ 3c378 (resolved immediate)
  |
  `- 3c2b5,3c378
3c2b5: TEST Reg R8D, Reg R8D 3
3c2b8: JZ 3c2f7 (resolved immediate)
  |
  `- 3c2ba,3c2f7
3c2ba: MOV Reg RDX, Address (SizeDir 64 (AddrPlus (FromReg RDI) (AddrImm 8))) 4
3c2be: CMP Address (SizeDir 64 (FromReg RDX)), Immediate 0 4
3c2c2: JZ 3c380 (resolved immediate)
  |
  `- 3c2c8,3c380
3c2c8: LEA Reg RAX, Address (AddrPlus (FromReg RDX) (AddrImm 8)) 4
3c2cc: LEA Reg EDX, Address (AddrMinus (FromReg R8) (AddrImm 1)) 4
3c2d0: LEA Reg RCX, Address (AddrPlus (FromReg RAX) (AddrTimes (AddrImm 8) (FromReg RDX))) 4
3c2d4: JMP 3c2f2 (resolved immediate)
  |
  `- 3c2f2
3c2e0: MOV Reg RDX, Reg RAX 3
3c2e3: ADD Reg RAX, Immediate 8 4
3c2e7: CMP Address (SizeDir 64 (AddrMinus (FromReg RAX) (AddrImm 8))), Immediate 0 5
3c2ec: JZ 3c380 (resolved immediate)
  |
  `- 3c2f2,3c380
3c2f2: CMP Reg RAX, Reg RCX 3
3c2f5: JNZ 3c2e0 (resolved immediate)
  |
  `- 3c2e0,3c2f7
3c2f7: PUSH Reg R13 2
3c2f9: PUSH Reg R12 2
3c2fb: MOV Reg R12, Reg RSI 3
3c2fe: PUSH Reg RBP 1
3c2ff: LEA Reg EBP, Address (AddrPlus (AddrPlus (FromReg R8) (FromReg R8)) (AddrImm 25)) 5
3c304: PUSH Reg RBX 1
3c305: MOV Reg RBX, Reg RDI 3
3c308: SUB Reg RSP, Immediate 8 4
3c30c: CMP Reg EBP, Immediate 134217726 6
3c312: JG 3c39c (resolved immediate)
  |
  `- 3c318,3c39c
3c318: MOVSXD Reg R13, Reg EBP 3
3c31b: MOV Reg RDI, Address (SizeDir 64 (AddrPlus (FromReg RDI) (AddrImm 8))) 4
3c31f: LEA Reg RSI, Address (AddrPlus (AddrTimes (AddrImm 8) (FromReg R13)) (AddrImm 0)) 8
3c327: CALL realloc (external)
3c32c: TEST Reg RAX, Reg RAX 3
3c32f: MOV Address (SizeDir 64 (AddrPlus (FromReg RBX) (AddrImm 8))), Reg RAX 4
3c333: JZ 3c384 (resolved immediate)
  |
  `- 3c335,3c384
3c335: MOVSXD Reg RDX, Address (SizeDir 32 (FromReg RBX)) 3
3c338: LEA Reg ECX, Address (AddrPlus (FromReg RDX) (AddrImm 1)) 3
3c33b: MOV Address (SizeDir 32 (FromReg RBX)), Reg ECX 2
3c33d: MOV Address (SizeDir 64 (AddrPlus (FromReg RAX) (AddrTimes (AddrImm 8) (FromReg RDX)))), Reg R12 4
3c341: MOVSXD Reg RAX, Address (SizeDir 32 (FromReg RBX)) 3
3c344: CMP Reg EBP, Reg EAX 2
3c346: JLE 3c368 (resolved immediate)
  |
  `- 3c348,3c368
3c348: NOP  8
3c350: MOV Reg RDX, Address (SizeDir 64 (AddrPlus (FromReg RBX) (AddrImm 8))) 4
3c354: LEA Reg ECX, Address (AddrPlus (FromReg RAX) (AddrImm 1)) 3
3c357: MOV Address (SizeDir 32 (FromReg RBX)), Reg ECX 2
3c359: MOV Address (SizeDir 64 (AddrPlus (FromReg RDX) (AddrTimes (AddrImm 8) (FromReg RAX)))), Immediate 0 8
3c361: MOVSXD Reg RAX, Address (SizeDir 32 (FromReg RBX)) 3
3c364: CMP Reg EAX, Reg EBP 2
3c366: JL 3c350 (resolved immediate)
  |
  `- 3c350,3c368
3c368: ADD Reg RSP, Immediate 8 4
3c36c: POP Reg RBX 1
3c36d: POP Reg RBP 1
3c36e: POP Reg R12 2
3c370: POP Reg R13 2
3c372: RET  1
  |
  `- 
3c378: REPZ RET  2
  |
  `- 
3c380: MOV Address (SizeDir 64 (FromReg RDX)), Reg RSI 3
3c383: RET  1
  |
  `- 
3c384: MOV Reg RDI, Address (SizeDir 64 (AddrPlus (FromReg RBX) (AddrImm 16))) 4
3c388: LEA Reg RSI, Address (AddrPlus (FromReg RIP) (AddrImm 385873)) 7
3c38f: MOV Reg ECX, Immediate 8 5
3c394: MOV Reg RDX, Reg R13 3
3c397: CALL libxl__alloc_failed (internal)
  |
  `- 3c1d0
3c39c: LEA Reg RCX, Address (AddrPlus (FromReg RIP) (AddrImm 385869)) 7
3c3a3: LEA Reg RSI, Address (AddrPlus (FromReg RIP) (AddrImm 384822)) 7
3c3aa: LEA Reg RDI, Address (AddrPlus (FromReg RIP) (AddrImm 385135)) 7
3c3b1: MOV Reg EDX, Immediate 62 5
3c3b6: CALL __assert_fail (external)
  |
  `- 
3c410: PUSH Reg R12 2
3c412: PUSH Reg RBP 1
3c413: MOV Reg RBP, Reg RSI 3
3c416: PUSH Reg RBX 1
3c417: MOV Reg R12, Reg RDI 3
3c41a: MOV Reg ESI, Immediate 1 5
3c41f: MOV Reg RDI, Reg RBP 3
3c422: CALL calloc (external)
3c427: TEST Reg RAX, Reg RAX 3
3c42a: JZ 3c442 (resolved immediate)
  |
  `- 3c42c,3c442
3c42c: MOV Reg RBX, Reg RAX 3
3c42f: MOV Reg RSI, Reg RAX 3
3c432: MOV Reg RDI, Reg R12 3
3c435: CALL libxl__ptr_add (internal)
3c43a: MOV Reg RAX, Reg RBX 3
3c43d: POP Reg RBX 1
3c43e: POP Reg RBP 1
3c43f: POP Reg R12 2
3c441: RET  1
  |
  `- 
3c442: MOV Reg RDI, Address (SizeDir 64 (AddrPlus (FromReg R12) (AddrImm 16))) 5
3c447: LEA Reg RSI, Address (AddrPlus (FromReg RIP) (AddrImm 385634)) 7
3c44e: MOV Reg ECX, Immediate 1 5
3c453: MOV Reg RDX, Reg RBP 3
3c456: CALL libxl__alloc_failed (internal)
  |
  `- 
3c460: PUSH Reg R14 2
3c462: PUSH Reg R13 2
3c464: MOV Reg R8, Reg RSI 3
3c467: PUSH Reg R12 2
3c469: PUSH Reg RBP 1
3c46a: MOV Reg R13, Reg RDI 3
3c46d: PUSH Reg RBX 1
3c46e: XOR Reg EDI, Reg EDI 2
3c470: MOV Reg RBP, Reg RSI 3
3c473: MOV Reg R14, Reg RDX 3
3c476: XOR Reg ESI, Reg ESI 2
3c478: MOV Reg RCX, Immediate 18446744073709551615 7
3c47f: SUB Reg RSP, Immediate 32 4
3c483: MOV Reg RAX, Address (SizeDir 64 (AddrPlus (FromReg FS) (AddrImm 40))) 9
3c48c: MOV Address (SizeDir 64 (AddrPlus (FromReg RSP) (AddrImm 24))), Reg RAX 5
3c491: XOR Reg EAX, Reg EAX 2
3c493: MOV Reg R12, Reg RSP 3
3c496: MOVDQU Reg XMM0, Address (SizeDir 128 (FromReg RDX)) 4
3c49a: MOV Reg R9, Reg R12 3
3c49d: MOVUPS Address (SizeDir 128 (FromReg RSP)), Reg XMM0 4
3c4a1: MOV Reg RAX, Address (SizeDir 64 (AddrPlus (FromReg RDX) (AddrImm 16))) 4
3c4a5: MOV Reg EDX, Immediate 1 5
3c4aa: MOV Address (SizeDir 64 (AddrPlus (FromReg RSP) (AddrImm 16))), Reg RAX 5
3c4af: CALL __vsnprintf_chk (external)
3c4b4: TEST Reg EAX, Reg EAX 2
3c4b6: JS 3c51b (resolved immediate)
  |
  `- 3c4b8,3c51b
3c4b8: ADD Reg EAX, Immediate 1 3
3c4bb: MOV Reg RDI, Reg R13 3
3c4be: MOVSXD Reg RBX, Reg EAX 3
3c4c1: MOV Reg RSI, Reg RBX 3
3c4c4: CALL libxl__zalloc (internal)
  |
  `- 3c410
3c4c9: MOV Reg R13, Reg RAX 3
3c4cc: MOV Reg RAX, Address (SizeDir 64 (AddrPlus (FromReg R14) (AddrImm 16))) 4
3c4d0: MOV Reg RCX, Immediate 18446744073709551615 7
3c4d7: MOVDQU Reg XMM0, Address (SizeDir 128 (FromReg R14)) 5
3c4dc: MOV Reg R9, Reg R12 3
3c4df: MOV Reg R8, Reg RBP 3
3c4e2: MOV Reg EDX, Immediate 1 5
3c4e7: MOV Reg RSI, Reg RBX 3
3c4ea: MOV Reg RDI, Reg R13 3
3c4ed: MOV Address (SizeDir 64 (AddrPlus (FromReg RSP) (AddrImm 16))), Reg RAX 5
3c4f2: MOVUPS Address (SizeDir 128 (FromReg RSP)), Reg XMM0 4
3c4f6: CALL __vsnprintf_chk (external)
3c4fb: MOV Reg RCX, Address (SizeDir 64 (AddrPlus (FromReg RSP) (AddrImm 24))) 5
3c500: XOR Reg RCX, Address (SizeDir 64 (AddrPlus (FromReg FS) (AddrImm 40))) 9
3c509: MOV Reg RAX, Reg R13 3
3c50c: JNZ 3c53a (resolved immediate)
  |
  `- 3c50e,3c53a
3c50e: ADD Reg RSP, Immediate 32 4
3c512: POP Reg RBX 1
3c513: POP Reg RBP 1
3c514: POP Reg R12 2
3c516: POP Reg R13 2
3c518: POP Reg R14 2
3c51a: RET  1
  |
  `- 
3c51b: LEA Reg RCX, Address (AddrPlus (FromReg RIP) (AddrImm 385358)) 7
3c522: LEA Reg RSI, Address (AddrPlus (FromReg RIP) (AddrImm 384439)) 7
3c529: LEA Reg RDI, Address (AddrPlus (FromReg RIP) (AddrImm 384498)) 7
3c530: MOV Reg EDX, Immediate 152 5
3c535: CALL __assert_fail (external)
  |
  `- 
3c53a: CALL __stack_chk_fail (external)
  |
  `- 
3c540: SUB Reg RSP, Immediate 216 7
3c547: TEST Reg AL, Reg AL 2
3c549: MOV Address (SizeDir 64 (AddrPlus (FromReg RSP) (AddrImm 48))), Reg RDX 5
3c54e: MOV Address (SizeDir 64 (AddrPlus (FromReg RSP) (AddrImm 56))), Reg RCX 5
3c553: MOV Address (SizeDir 64 (AddrPlus (FromReg RSP) (AddrImm 64))), Reg R8 5
3c558: MOV Address (SizeDir 64 (AddrPlus (FromReg RSP) (AddrImm 72))), Reg R9 5
3c55d: JZ 3c596 (resolved immediate)
  |
  `- 3c55f,3c596
3c55f: MOVAPS Address (SizeDir 128 (AddrPlus (FromReg RSP) (AddrImm 80))), Reg XMM0 5
3c564: MOVAPS Address (SizeDir 128 (AddrPlus (FromReg RSP) (AddrImm 96))), Reg XMM1 5
3c569: MOVAPS Address (SizeDir 128 (AddrPlus (FromReg RSP) (AddrImm 112))), Reg XMM2 5
3c56e: MOVAPS Address (SizeDir 128 (AddrPlus (FromReg RSP) (AddrImm 128))), Reg XMM3 8
3c576: MOVAPS Address (SizeDir 128 (AddrPlus (FromReg RSP) (AddrImm 144))), Reg XMM4 8
3c57e: MOVAPS Address (SizeDir 128 (AddrPlus (FromReg RSP) (AddrImm 160))), Reg XMM5 8
3c586: MOVAPS Address (SizeDir 128 (AddrPlus (FromReg RSP) (AddrImm 176))), Reg XMM6 8
3c58e: MOVAPS Address (SizeDir 128 (AddrPlus (FromReg RSP) (AddrImm 192))), Reg XMM7 8
3c596: MOV Reg RAX, Address (SizeDir 64 (AddrPlus (FromReg FS) (AddrImm 40))) 9
3c59f: MOV Address (SizeDir 64 (AddrPlus (FromReg RSP) (AddrImm 24))), Reg RAX 5
3c5a4: XOR Reg EAX, Reg EAX 2
3c5a6: LEA Reg RAX, Address (AddrPlus (FromReg RSP) (AddrImm 224)) 8
3c5ae: MOV Reg RDX, Reg RSP 3
3c5b1: MOV Address (SizeDir 64 (AddrPlus (FromReg RSP) (AddrImm 8))), Reg RAX 5
3c5b6: LEA Reg RAX, Address (AddrPlus (FromReg RSP) (AddrImm 32)) 5
3c5bb: MOV Address (SizeDir 32 (FromReg RSP)), Immediate 16 7
3c5c2: MOV Address (SizeDir 32 (AddrPlus (FromReg RSP) (AddrImm 4))), Immediate 48 8
3c5ca: MOV Address (SizeDir 64 (AddrPlus (FromReg RSP) (AddrImm 16))), Reg RAX 5
3c5cf: CALL libxl__vsprintf (internal)
  |
  `- 3c460
3c5d4: MOV Reg RCX, Address (SizeDir 64 (AddrPlus (FromReg RSP) (AddrImm 24))) 5
3c5d9: XOR Reg RCX, Address (SizeDir 64 (AddrPlus (FromReg FS) (AddrImm 40))) 9
3c5e2: JNZ 3c5ec (resolved immediate)
  |
  `- 3c5e4,3c5ec
3c5e4: ADD Reg RSP, Immediate 216 7
3c5eb: RET  1
  |
  `- 
3c5ec: CALL __stack_chk_fail (external)
  |
  `- 
620b0: PUSH Reg R15 2
620b2: PUSH Reg R14 2
620b4: PUSH Reg R13 2
620b6: PUSH Reg R12 2
620b8: MOV Reg R13, Reg RDI 3
620bb: PUSH Reg RBP 1
620bc: PUSH Reg RBX 1
620bd: SUB Reg RSP, Immediate 312 7
620c4: MOV Reg R12, Address (SizeDir 64 (AddrPlus (FromReg RDI) (AddrImm 16))) 4
620c8: MOV Reg RAX, Address (SizeDir 64 (AddrPlus (FromReg FS) (AddrImm 40))) 9
620d1: MOV Address (SizeDir 64 (AddrPlus (FromReg RSP) (AddrImm 296))), Reg RAX 8
620d9: XOR Reg EAX, Reg EAX 2
620db: LEA Reg RAX, Address (AddrPlus (FromReg RSP) (AddrImm 64)) 5
620e0: MOV Address (SizeDir 64 (AddrPlus (FromReg RSP) (AddrImm 32))), Reg RSI 5
620e5: MOV Address (SizeDir 64 (AddrPlus (FromReg RSP) (AddrImm 24))), Reg RDX 5
620ea: MOV Address (SizeDir 64 (AddrPlus (FromReg RSP) (AddrImm 56))), Immediate 0 9
620f3: MOV Reg RDI, Reg RAX 3
620f6: MOV Address (SizeDir 64 (AddrPlus (FromReg RSP) (AddrImm 16))), Reg RAX 5
620fb: CALL libxl_dominfo_init (external)
62100: LEA Reg RAX, Address (AddrPlus (FromReg RSP) (AddrImm 176)) 8
62108: MOV Address (SizeDir 64 (AddrPlus (FromReg RSP) (AddrImm 40))), Reg RAX 5
6210d: LEA Reg RAX, Address (AddrPlus (FromReg RSP) (AddrImm 56)) 5
62112: MOV Address (SizeDir 64 (AddrPlus (FromReg RSP) (AddrImm 8))), Reg RAX 5
62117: JMP 6214c (resolved immediate)
  |
  `- 6214c
62120: TEST Reg RAX, Reg RAX 3
62123: JZ 62185 (resolved immediate)
  |
  `- 62125,62185
62125: XOR Reg R14D, Reg R14D 3
62128: MOV Reg RDI, Address (SizeDir 64 (AddrPlus (FromReg R12) (AddrImm 16))) 5
6212d: XOR Reg EDX, Reg EDX 2
6212f: MOV Reg ESI, Reg EBX 2
62131: CALL xs_transaction_end (external)
62136: TEST Reg AL, Reg AL 2
62138: JNZ 622d6 (resolved immediate)
  |
  `- 6213e,622d6
6213e: CALL __errno_location (external)
62143: CMP Address (SizeDir 32 (FromReg RAX)), Immediate 11 3
62146: JNZ 622d0 (resolved immediate)
  |
  `- 6214c,622d0
6214c: MOV Reg RDI, Address (SizeDir 64 (AddrPlus (FromReg R12) (AddrImm 16))) 5
62151: CALL xs_transaction_start (external)
62156: LEA Reg RDX, Address (AddrPlus (FromReg RIP) (AddrImm 263172)) 7
6215d: MOV Reg ESI, Reg EAX 2
6215f: MOV Reg RDI, Reg R13 3
62162: MOV Reg EBX, Reg EAX 2
62164: CALL libxl__xs_read (internal)
62169: LEA Reg RDX, Address (AddrPlus (FromReg RIP) (AddrImm 263304)) 7
62170: MOV Reg RBP, Reg RAX 3
62173: MOV Reg ESI, Reg EBX 2
62175: MOV Reg RDI, Reg R13 3
62178: CALL libxl__xs_read (internal)
6217d: TEST Reg RBP, Reg RBP 3
62180: MOV Reg R15, Reg RAX 3
62183: JNZ 62120 (resolved immediate)
  |
  `- 62120,62185
62185: TEST Reg RBP, Reg RBP 3
62188: JZ 62248 (resolved immediate)
  |
  `- 6218e,62248
6218e: MOV Reg RSI, Address (SizeDir 64 (AddrPlus (FromReg RSP) (AddrImm 8))) 5
62193: MOV Reg EDX, Immediate 10 5
62198: MOV Reg RDI, Reg RBP 3
6219b: CALL strtoull (external)
621a0: MOV Reg RCX, Address (SizeDir 64 (AddrPlus (FromReg RSP) (AddrImm 32))) 5
621a5: MOV Address (SizeDir 64 (FromReg RCX)), Reg RAX 3
621a8: MOV Reg RAX, Address (SizeDir 64 (AddrPlus (FromReg RSP) (AddrImm 56))) 5
621ad: CMP Address (SizeDir 8 (FromReg RAX)), Immediate 0 3
621b0: JNZ 62310 (resolved immediate)
  |
  `- 621b6,62310
621b6: MOV Reg R14, Address (SizeDir 64 (AddrPlus (FromReg RSP) (AddrImm 16))) 5
621bb: MOV Reg RDI, Reg R14 3
621be: CALL libxl_dominfo_dispose (external)
621c3: MOV Reg RDI, Reg R14 3
621c6: CALL libxl_dominfo_init (external)
621cb: XOR Reg EDX, Reg EDX 2
621cd: MOV Reg RSI, Reg R14 3
621d0: MOV Reg RDI, Reg R12 3
621d3: CALL libxl_domain_info (external)
621d8: TEST Reg EAX, Reg EAX 2
621da: MOV Reg R14D, Reg EAX 3
621dd: JS 62128 (resolved immediate)
  |
  `- 62128,621e3
621e3: MOV Reg RSI, Address (SizeDir 64 (AddrPlus (FromReg RSP) (AddrImm 40))) 5
621e8: MOV Reg RDI, Reg R12 3
621eb: CALL libxl_get_physinfo (external)
621f0: TEST Reg EAX, Reg EAX 2
621f2: MOV Reg R14D, Reg EAX 3
621f5: JS 62128 (resolved immediate)
  |
  `- 62128,621fb
621fb: TEST Reg RBP, Reg RBP 3
621fe: JZ 62340 (resolved immediate)
  |
  `- 62204,62340
62204: TEST Reg R15, Reg R15 3
62207: JNZ 62125 (resolved immediate)
  |
  `- 62125,6220d
6220d: MOV Reg R8, Address (SizeDir 64 (AddrPlus (FromReg RSP) (AddrImm 144))) 8
62215: LEA Reg RCX, Address (AddrPlus (FromReg RIP) (AddrImm 280354)) 7
6221c: LEA Reg RDX, Address (AddrPlus (FromReg RIP) (AddrImm 263125)) 7
62223: MOV Reg ESI, Reg EBX 2
62225: MOV Reg RDI, Reg R13 3
62228: XOR Reg EAX, Reg EAX 2
6222a: CALL libxl__xs_printf (external)
6222f: MOV Reg RAX, Address (SizeDir 64 (AddrPlus (FromReg RSP) (AddrImm 144))) 8
62237: MOV Reg RCX, Address (SizeDir 64 (AddrPlus (FromReg RSP) (AddrImm 24))) 5
6223c: MOV Address (SizeDir 64 (FromReg RCX)), Reg RAX 3
6223f: JMP 62125 (resolved immediate)
  |
  `- 62125
62248: TEST Reg R15, Reg R15 3
6224b: JZ 621b6 (resolved immediate)
  |
  `- 621b6,62251
62251: MOV Reg RSI, Address (SizeDir 64 (AddrPlus (FromReg RSP) (AddrImm 8))) 5
62256: MOV Reg EDX, Immediate 10 5
6225b: MOV Reg RDI, Reg R15 3
6225e: CALL strtoull (external)
62263: MOV Reg RCX, Address (SizeDir 64 (AddrPlus (FromReg RSP) (AddrImm 24))) 5
62268: MOV Address (SizeDir 64 (FromReg RCX)), Reg RAX 3
6226b: MOV Reg RAX, Address (SizeDir 64 (AddrPlus (FromReg RSP) (AddrImm 56))) 5
62270: CMP Address (SizeDir 8 (FromReg RAX)), Immediate 0 3
62273: JZ 621b6 (resolved immediate)
  |
  `- 621b6,62279
62279: CALL __errno_location (external)
6227e: LEA Reg RCX, Address (AddrPlus (FromReg RIP) (AddrImm 263027)) 7
62285: MOV Reg RDI, Address (SizeDir 64 (AddrPlus (FromReg R13) (AddrImm 16))) 4
62289: LEA Reg R9, Address (AddrPlus (FromReg RIP) (AddrImm 264032)) 7
62290: MOV Reg R8D, Immediate 133 6
62296: PUSH Reg RCX 1
62297: LEA Reg RCX, Address (AddrPlus (FromReg RIP) (AddrImm 263082)) 7
6229e: PUSH Reg R15 2
622a0: PUSH Reg RCX 1
622a1: PUSH Immediate 0 2
622a3: MOV Reg EDX, Address (SizeDir 32 (FromReg RAX)) 2
622a5: LEA Reg RCX, Address (AddrPlus (FromReg RIP) (AddrImm 262825)) 7
622ac: MOV Reg ESI, Immediate 8 5
622b1: XOR Reg EAX, Reg EAX 2
622b3: MOV Reg R14D, Immediate 4294967293 6
622b9: CALL libxl__log (internal)
622be: ADD Reg RSP, Immediate 32 4
622c2: JMP 62128 (resolved immediate)
  |
  `- 62128
622d0: MOV Reg R14D, Immediate 4294967293 6
622d6: MOV Reg RDI, Address (SizeDir 64 (AddrPlus (FromReg RSP) (AddrImm 16))) 5
622db: CALL libxl_dominfo_dispose (external)
622e0: MOV Reg RCX, Address (SizeDir 64 (AddrPlus (FromReg RSP) (AddrImm 296))) 8
622e8: XOR Reg RCX, Address (SizeDir 64 (AddrPlus (FromReg FS) (AddrImm 40))) 9
622f1: MOV Reg EAX, Reg R14D 3
622f4: JNZ 62371 (resolved immediate)
  |
  `- 622f6,62371
622f6: ADD Reg RSP, Immediate 312 7
622fd: POP Reg RBX 1
622fe: POP Reg RBP 1
622ff: POP Reg R12 2
62301: POP Reg R13 2
62303: POP Reg R14 2
62305: POP Reg R15 2
62307: RET  1
  |
  `- 
62310: CALL __errno_location (external)
62315: LEA Reg RCX, Address (AddrPlus (FromReg RIP) (AddrImm 262725)) 7
6231c: MOV Reg RDI, Address (SizeDir 64 (AddrPlus (FromReg R13) (AddrImm 16))) 4
62320: LEA Reg R9, Address (AddrPlus (FromReg RIP) (AddrImm 263881)) 7
62327: MOV Reg R8D, Immediate 122 6
6232d: PUSH Reg RCX 1
6232e: LEA Reg RCX, Address (AddrPlus (FromReg RIP) (AddrImm 262891)) 7
62335: PUSH Reg RBP 1
62336: PUSH Reg RCX 1
62337: PUSH Immediate 0 2
62339: JMP 622a3 (resolved immediate)
  |
  `- 622a3
62340: MOV Reg R8, Address (SizeDir 64 (AddrPlus (FromReg RSP) (AddrImm 120))) 5
62345: LEA Reg RCX, Address (AddrPlus (FromReg RIP) (AddrImm 280050)) 7
6234c: LEA Reg RDX, Address (AddrPlus (FromReg RIP) (AddrImm 262670)) 7
62353: MOV Reg ESI, Reg EBX 2
62355: MOV Reg RDI, Reg R13 3
62358: XOR Reg EAX, Reg EAX 2
6235a: CALL libxl__xs_printf (external)
6235f: MOV Reg RAX, Address (SizeDir 64 (AddrPlus (FromReg RSP) (AddrImm 120))) 5
62364: MOV Reg RCX, Address (SizeDir 64 (AddrPlus (FromReg RSP) (AddrImm 32))) 5
62369: MOV Address (SizeDir 64 (FromReg RCX)), Reg RAX 3
6236c: JMP 62204 (resolved immediate)
  |
  `- 62204
62371: CALL __stack_chk_fail (external)
  |
  `- 
626c0: PUSH Reg R15 2
626c2: PUSH Reg R14 2
626c4: MOV Reg R15D, Reg ESI 3
626c7: PUSH Reg R13 2
626c9: PUSH Reg R12 2
626cb: MOV Reg R12, Reg RDI 3
626ce: PUSH Reg RBP 1
626cf: PUSH Reg RBX 1
626d0: SUB Reg RSP, Immediate 1592 7
626d7: LEA Reg RBX, Address (AddrPlus (FromReg RSP) (AddrImm 112)) 5
626dc: MOV Address (SizeDir 64 (AddrPlus (FromReg RSP) (AddrImm 128))), Reg RDI 8
626e4: MOV Address (SizeDir 64 (AddrPlus (FromReg RSP) (AddrImm 24))), Reg RDX 5
626e9: MOV Address (SizeDir 32 (AddrPlus (FromReg RSP) (AddrImm 64))), Reg ECX 4
626ed: MOV Address (SizeDir 32 (AddrPlus (FromReg RSP) (AddrImm 68))), Reg R8D 5
626f2: MOV Reg RDI, Reg RBX 3
626f5: MOV Address (SizeDir 32 (AddrPlus (FromReg RSP) (AddrImm 112))), Immediate 0 8
626fd: MOV Address (SizeDir 64 (AddrPlus (FromReg RSP) (AddrImm 120))), Immediate 0 9
62706: MOV Reg RAX, Address (SizeDir 64 (AddrPlus (FromReg FS) (AddrImm 40))) 9
6270f: MOV Address (SizeDir 64 (AddrPlus (FromReg RSP) (AddrImm 1576))), Reg RAX 8
62717: XOR Reg EAX, Reg EAX 2
62719: MOV Address (SizeDir 64 (AddrPlus (FromReg RSP) (AddrImm 88))), Immediate 0 9
62722: MOV Address (SizeDir 64 (AddrPlus (FromReg RSP) (AddrImm 96))), Immediate 0 9
6272b: CALL libxl__xs_get_dompath (internal)
  |
  `- 36c90
62730: MOV Reg R13, Reg RAX 3
62733: LEA Reg RAX, Address (AddrPlus (FromReg RSP) (AddrImm 368)) 8
6273b: MOV Reg RDI, Reg RAX 3
6273e: MOV Address (SizeDir 64 (AddrPlus (FromReg RSP) (AddrImm 32))), Reg RAX 5
62743: CALL libxl_domain_config_init (external)
62748: MOV Reg RAX, Address (SizeDir 64 (AddrPlus (FromReg RSP) (AddrImm 128))) 8
62750: LEA Reg RDI, Address (AddrPlus (FromReg RAX) (AddrImm 64)) 4
62754: CALL pthread_mutex_lock (external)
62759: TEST Reg EAX, Reg EAX 2
6275b: JNZ 62dea (resolved immediate)
  |
  `- 62761,62dea
62761: MOV Reg ESI, Reg R15D 3
62764: MOV Reg RDI, Reg RBX 3
62767: CALL libxl__lock_domain_userdata (external)
6276c: TEST Reg RAX, Reg RAX 3
6276f: MOV Address (SizeDir 64 (AddrPlus (FromReg RSP) (AddrImm 72))), Reg RAX 5
62774: JZ 62dd5 (resolved immediate)
  |
  `- 6277a,62dd5
6277a: MOV Reg RDX, Address (SizeDir 64 (AddrPlus (FromReg RSP) (AddrImm 32))) 5
6277f: MOV Reg ESI, Reg R15D 3
62782: MOV Reg RDI, Reg RBX 3
62785: CALL libxl__get_domain_configuration (external)
6278a: TEST Reg EAX, Reg EAX 2
6278c: MOV Reg R14D, Reg EAX 3
6278f: JS 62d20 (resolved immediate)
  |
  `- 62795,62d20
62795: MOV Reg RAX, Address (SizeDir 64 (AddrPlus (FromReg RSP) (AddrImm 32))) 5
6279a: LEA Reg RDX, Address (AddrPlus (FromReg RSP) (AddrImm 80)) 5
6279f: MOV Reg RDI, Reg RBX 3
627a2: LEA Reg RSI, Address (AddrPlus (FromReg RAX) (AddrImm 88)) 4
627a6: CALL libxl__arch_extra_memory (internal)
  |
  `- 73af0
627ab: TEST Reg EAX, Reg EAX 2
627ad: MOV Reg R14D, Reg EAX 3
627b0: JS 62d68 (resolved immediate)
  |
  `- 627b6,62d68
627b6: LEA Reg RAX, Address (AddrPlus (FromReg RSP) (AddrImm 104)) 5
627bb: TEST Reg R15D, Reg R15D 3
627be: SETZ Address (SizeDir 8 (AddrPlus (FromReg RSP) (AddrImm 15))) 5
627c3: MOV Address (SizeDir 64 (FromReg RSP)), Reg RAX 4
627c7: LEA Reg RAX, Address (AddrPlus (FromReg RSP) (AddrImm 144)) 8
627cf: MOV Address (SizeDir 64 (AddrPlus (FromReg RSP) (AddrImm 56))), Reg RAX 5
627d4: LEA Reg RAX, Address (AddrPlus (FromReg RSP) (AddrImm 256)) 8
627dc: MOV Address (SizeDir 64 (AddrPlus (FromReg RSP) (AddrImm 40))), Reg RAX 5
627e1: LEA Reg RAX, Address (AddrPlus (FromReg RSP) (AddrImm 96)) 5
627e6: MOV Address (SizeDir 64 (AddrPlus (FromReg RSP) (AddrImm 48))), Reg RAX 5
627eb: NOP  5
627f0: MOV Reg RDI, Address (SizeDir 64 (AddrPlus (FromReg R12) (AddrImm 16))) 5
627f5: CALL xs_transaction_start (external)
627fa: LEA Reg RSI, Address (AddrPlus (FromReg RIP) (AddrImm 261502)) 7
62801: MOV Reg EBP, Reg EAX 2
62803: MOV Reg RDX, Reg R13 3
62806: MOV Reg RDI, Reg RBX 3
62809: XOR Reg EAX, Reg EAX 2
6280b: CALL libxl__sprintf (internal)
  |
  `- 62810,3c540
62810: MOV Reg ESI, Reg EBP 2
62812: MOV Reg RDX, Reg RAX 3
62815: MOV Reg RDI, Reg RBX 3
62818: CALL libxl__xs_read (internal)
  |
  `- 6281d,36c60
6281d: TEST Reg RAX, Reg RAX 3
62820: MOV Reg R14, Reg RAX 3
62823: JNZ 62868 (resolved immediate)
  |
  `- 62825,62868
62825: CMP Address (SizeDir 8 (AddrPlus (FromReg RSP) (AddrImm 15))), Immediate 0 5
6282a: JZ 62868 (resolved immediate)
  |
  `- 6282c,62868
6282c: MOV Reg RDI, Address (SizeDir 64 (AddrPlus (FromReg R12) (AddrImm 16))) 5
62831: MOV Reg EDX, Immediate 1 5
62836: MOV Reg ESI, Reg EBP 2
62838: CALL xs_transaction_end (external)
6283d: TEST Reg AL, Reg AL 2
6283f: JZ 62857 (resolved immediate)
  |
  `- 62841,62857
62841: MOV Reg RDX, Address (SizeDir 64 (AddrPlus (FromReg RSP) (AddrImm 48))) 5
62846: LEA Reg RSI, Address (AddrPlus (FromReg RSP) (AddrImm 88)) 5
6284b: MOV Reg RDI, Reg RBX 3
6284e: CALL libxl__fill_dom0_memory_info (internal)
  |
  `- 62853,620b0
62853: TEST Reg EAX, Reg EAX 2
62855: JNS 627f0 (resolved immediate)
  |
  `- 627f0,62857
62857: MOV Reg R14D, Immediate 4294967293 6
6285d: JMP 62b52 (resolved immediate)
  |
  `- 62b52
62868: TEST Reg R14, Reg R14 3
6286b: JZ 62af8 (resolved immediate)
  |
  `- 62871,62af8
62871: MOV Reg RSI, Address (SizeDir 64 (FromReg RSP)) 4
62875: MOV Reg EDX, Immediate 10 5
6287a: MOV Reg RDI, Reg R14 3
6287d: CALL strtoull (external)
62882: MOV Address (SizeDir 64 (AddrPlus (FromReg RSP) (AddrImm 88))), Reg RAX 5
62887: MOV Reg RAX, Address (SizeDir 64 (AddrPlus (FromReg RSP) (AddrImm 104))) 5
6288c: CMP Address (SizeDir 8 (FromReg RAX)), Immediate 0 3
6288f: JNZ 62bb8 (resolved immediate)
  |
  `- 62895,62bb8
62895: LEA Reg RSI, Address (AddrPlus (FromReg RIP) (AddrImm 261364)) 7
6289c: MOV Reg RDX, Reg R13 3
6289f: MOV Reg RDI, Reg RBX 3
628a2: XOR Reg EAX, Reg EAX 2
628a4: CALL libxl__sprintf (internal)
628a9: MOV Reg ESI, Reg EBP 2
628ab: MOV Reg RDX, Reg RAX 3
628ae: MOV Reg RDI, Reg RBX 3
628b1: CALL libxl__xs_read (internal)
628b6: TEST Reg RAX, Reg RAX 3
628b9: MOV Reg R14, Reg RAX 3
628bc: JZ 62be0 (resolved immediate)
  |
  `- 628c2,62be0
628c2: MOV Reg RSI, Address (SizeDir 64 (FromReg RSP)) 4
628c6: MOV Reg EDX, Immediate 10 5
628cb: MOV Reg RDI, Reg RAX 3
628ce: CALL strtoull (external)
628d3: MOV Address (SizeDir 64 (AddrPlus (FromReg RSP) (AddrImm 16))), Reg RAX 5
628d8: MOV Reg RAX, Address (SizeDir 64 (AddrPlus (FromReg RSP) (AddrImm 104))) 5
628dd: CMP Address (SizeDir 8 (FromReg RAX)), Immediate 0 3
628e0: JNZ 62c70 (resolved immediate)
628e6: LEA Reg RSI, Address (AddrPlus (FromReg RIP) (AddrImm 261304)) 7
628ed: MOV Reg RDX, Reg R13 3
628f0: MOV Reg RDI, Reg RBX 3
628f3: XOR Reg EAX, Reg EAX 2
628f5: CALL libxl__sprintf (internal)
628fa: MOV Reg ESI, Reg EBP 2
628fc: MOV Reg RDX, Reg RAX 3
628ff: MOV Reg RDI, Reg RBX 3
62902: CALL libxl__xs_read (internal)
62907: XOR Reg EDX, Reg EDX 2
62909: TEST Reg RAX, Reg RAX 3
6290c: JZ 62920 (resolved immediate)
  |
  `- 6290e,62920
6290e: MOV Reg EDX, Immediate 10 5
62913: XOR Reg ESI, Reg ESI 2
62915: MOV Reg RDI, Reg RAX 3
62918: CALL strtol (external)
6291d: MOVSXD Reg RDX, Reg EAX 3
62920: MOV Reg ESI, Address (SizeDir 32 (AddrPlus (FromReg RSP) (AddrImm 64))) 4
62924: TEST Reg ESI, Reg ESI 2
62926: JZ 62aa0 (resolved immediate)
  |
  `- 6292c,62aa0
6292c: CMP Address (SizeDir 64 (AddrPlus (FromReg RSP) (AddrImm 24))), Immediate 0 6
62932: MOV Reg R14, Address (SizeDir 64 (AddrPlus (FromReg RSP) (AddrImm 88))) 5
62937: JS 62c98 (resolved immediate)
  |
  `- 6293d,62c98
6293d: ADD Reg R14, Address (SizeDir 64 (AddrPlus (FromReg RSP) (AddrImm 24))) 5
62942: CMP Reg R14, Address (SizeDir 64 (AddrPlus (FromReg RSP) (AddrImm 16))) 5
62947: JA 62ab3 (resolved immediate)
  |
  `- 6294d,62ab3
6294d: CMP Reg R14, Immediate 131071 7
62954: SETBE Reg AL 3
62957: AND Reg AL, Address (SizeDir 8 (AddrPlus (FromReg RSP) (AddrImm 15))) 4
6295b: TEST Reg AL, Reg AL 2
6295d: JNZ 62cc0 (resolved immediate)
  |
  `- 62963,62cc0
62963: MOV Reg EAX, Address (SizeDir 32 (AddrPlus (FromReg RSP) (AddrImm 68))) 4
62967: TEST Reg EAX, Reg EAX 2
62969: JNZ 62c10 (resolved immediate)
6296f: CMP Address (SizeDir 32 (AddrPlus (FromReg RSP) (AddrImm 368))), Immediate 2 8
62977: JZ 629a2 (resolved immediate)
  |
  `- 62979,629a2
62979: MOV Reg RDX, Address (SizeDir 64 (AddrPlus (FromReg RSP) (AddrImm 80))) 5
6297e: MOV Reg RDI, Address (SizeDir 64 (AddrPlus (FromReg R12) (AddrImm 8))) 5
62983: XOR Reg R9D, Reg R9D 3
62986: XOR Reg R8D, Reg R8D 3
62989: XOR Reg ECX, Reg ECX 2
6298b: MOV Reg ESI, Reg R15D 3
6298e: ADD Reg RDX, Reg R14 3
62991: SHR Reg RDX, Immediate 2 4
62995: CALL xc_domain_set_pod_target (external)
6299a: TEST Reg EAX, Reg EAX 2
6299c: JNZ 62d90 (resolved immediate)
629a2: LEA Reg RSI, Address (AddrPlus (FromReg RIP) (AddrImm 261078)) 7
629a9: MOV Reg RDX, Reg R13 3
629ac: MOV Reg RDI, Reg RBX 3
629af: XOR Reg EAX, Reg EAX 2
629b1: CALL libxl__sprintf (internal)
629b6: LEA Reg RCX, Address (AddrPlus (FromReg RIP) (AddrImm 278401)) 7
629bd: MOV Reg RDX, Reg RAX 3
629c0: MOV Reg R8, Reg R14 3
629c3: MOV Reg ESI, Reg EBP 2
629c5: MOV Reg RDI, Reg RBX 3
629c8: XOR Reg EAX, Reg EAX 2
629ca: CALL libxl__xs_printf (external)
629cf: MOV Reg RDI, Address (SizeDir 64 (AddrPlus (FromReg R12) (AddrImm 8))) 5
629d4: MOV Reg RCX, Address (SizeDir 64 (AddrPlus (FromReg RSP) (AddrImm 56))) 5
629d9: MOV Reg EDX, Immediate 1 5
629de: MOV Reg ESI, Reg R15D 3
629e1: CALL xc_domain_getinfolist (external)
629e6: CMP Reg EAX, Immediate 1 3
629e9: JNZ 62d10 (resolved immediate)
  |
  `- 629ef,62d10
629ef: MOVZX Reg EAX, Address (SizeDir 16 (AddrPlus (FromReg RSP) (AddrImm 144))) 8
629f7: CMP Reg EAX, Reg R15D 3
629fa: JNZ 62d10 (resolved immediate)
  |
  `- 62a00,62d10
62a00: MOV Reg RDI, Address (SizeDir 64 (AddrPlus (FromReg RSP) (AddrImm 40))) 5
62a05: CALL libxl_dominfo_init (external)
62a0a: MOV Reg RDX, Address (SizeDir 64 (AddrPlus (FromReg RSP) (AddrImm 40))) 5
62a0f: MOV Reg RSI, Address (SizeDir 64 (AddrPlus (FromReg RSP) (AddrImm 56))) 5
62a14: MOV Reg RDI, Reg R12 3
62a17: CALL libxl__xcinfo2xlinfo (external)
62a1c: MOV Reg RSI, Address (SizeDir 64 (AddrPlus (FromReg RSP) (AddrImm 256))) 8
62a24: MOV Reg RDX, Address (SizeDir 64 (AddrPlus (FromReg RSP) (AddrImm 264))) 8
62a2c: MOV Reg RDI, Reg RBX 3
62a2f: CALL libxl__uuid2string (internal)
  |
  `- 62a34,35070
62a34: LEA Reg RSI, Address (AddrPlus (FromReg RIP) (AddrImm 260989)) 7
62a3b: MOV Reg RDX, Reg RAX 3
62a3e: MOV Reg RDI, Reg RBX 3
62a41: XOR Reg EAX, Reg EAX 2
62a43: CALL libxl__sprintf (internal)
62a48: LEA Reg RCX, Address (AddrPlus (FromReg RIP) (AddrImm 278255)) 7
62a4f: MOV Reg R8, Reg R14 3
62a52: MOV Reg RDX, Reg RAX 3
62a55: SHR Reg R8, Immediate 10 4
62a59: MOV Reg ESI, Reg EBP 2
62a5b: MOV Reg RDI, Reg RBX 3
62a5e: XOR Reg EAX, Reg EAX 2
62a60: CALL libxl__xs_printf (external)
62a65: MOV Reg RDI, Address (SizeDir 64 (AddrPlus (FromReg RSP) (AddrImm 40))) 5
62a6a: CALL libxl_dominfo_dispose (external)
62a6f: MOV Reg RDI, Address (SizeDir 64 (AddrPlus (FromReg R12) (AddrImm 16))) 5
62a74: XOR Reg EDX, Reg EDX 2
62a76: MOV Reg ESI, Reg EBP 2
62a78: CALL xs_transaction_end (external)
62a7d: TEST Reg AL, Reg AL 2
62a7f: JNZ 62dc3 (resolved immediate)
62a85: CALL __errno_location (external)
62a8a: CMP Address (SizeDir 32 (FromReg RAX)), Immediate 11 3
62a8d: JZ 627f0 (resolved immediate)
  |
  `- 627f0,62a93
62a93: XOR Reg R14D, Reg R14D 3
62a96: JMP 62b52 (resolved immediate)
  |
  `- 62b52
62aa0: MOV Reg R14, Address (SizeDir 64 (AddrPlus (FromReg RSP) (AddrImm 24))) 5
62aa5: SUB Reg R14, Reg RDX 3
62aa8: CMP Reg R14, Address (SizeDir 64 (AddrPlus (FromReg RSP) (AddrImm 16))) 5
62aad: JBE 6294d (resolved immediate)
  |
  `- 6294d,62ab3
62ab3: LEA Reg RAX, Address (AddrPlus (FromReg RIP) (AddrImm 261534)) 7
62aba: LEA Reg RCX, Address (AddrPlus (FromReg RIP) (AddrImm 260756)) 7
62ac1: LEA Reg R9, Address (AddrPlus (FromReg RIP) (AddrImm 261960)) 7
62ac8: MOV Reg EDX, Immediate 4294967295 5
62acd: MOV Reg R8D, Immediate 272 6
62ad3: MOV Reg ESI, Immediate 8 5
62ad8: PUSH Reg RAX 1
62ad9: PUSH Reg R15 2
62adb: XOR Reg EAX, Reg EAX 2
62add: MOV Reg RDI, Address (SizeDir 64 (AddrPlus (FromReg RSP) (AddrImm 144))) 8
62ae5: MOV Reg R14D, Immediate 4294967290 6
62aeb: CALL libxl__log (internal)
62af0: POP Reg RDX 1
62af1: POP Reg RCX 1
62af2: JMP 62b41 (resolved immediate)
  |
  `- 62b41
62af8: CALL __errno_location (external)
62afd: LEA Reg RCX, Address (AddrPlus (FromReg RIP) (AddrImm 261244)) 7
62b04: SUB Reg RSP, Immediate 8 4
62b08: LEA Reg R9, Address (AddrPlus (FromReg RIP) (AddrImm 261889)) 7
62b0f: PUSH Reg R13 2
62b11: MOV Reg R8D, Immediate 227 6
62b17: PUSH Reg RCX 1
62b18: PUSH Reg R15 2
62b1a: MOV Reg EDX, Address (SizeDir 32 (FromReg RAX)) 2
62b1c: MOV Reg RDI, Address (SizeDir 64 (AddrPlus (FromReg RSP) (AddrImm 160))) 8
62b24: LEA Reg RCX, Address (AddrPlus (FromReg RIP) (AddrImm 260650)) 7
62b2b: MOV Reg ESI, Immediate 8 5
62b30: XOR Reg EAX, Reg EAX 2
62b32: MOV Reg R14D, Immediate 4294967293 6
62b38: CALL libxl__log (internal)
62b3d: ADD Reg RSP, Immediate 32 4
62b41: MOV Reg RDI, Address (SizeDir 64 (AddrPlus (FromReg R12) (AddrImm 16))) 5
62b46: MOV Reg EDX, Immediate 1 5
62b4b: MOV Reg ESI, Reg EBP 2
62b4d: CALL xs_transaction_end (external)
62b52: MOV Reg RDI, Address (SizeDir 64 (AddrPlus (FromReg RSP) (AddrImm 32))) 5
62b57: CALL libxl_domain_config_dispose (external)
62b5c: MOV Reg RDI, Address (SizeDir 64 (AddrPlus (FromReg RSP) (AddrImm 72))) 5
62b61: CALL libxl__unlock_domain_userdata (external)
62b66: MOV Reg RAX, Address (SizeDir 64 (AddrPlus (FromReg RSP) (AddrImm 128))) 8
62b6e: LEA Reg RDI, Address (AddrPlus (FromReg RAX) (AddrImm 64)) 4
62b72: CALL pthread_mutex_unlock (external)
62b77: TEST Reg EAX, Reg EAX 2
62b79: JNZ 62def (resolved immediate)
62b7f: MOV Reg RDI, Reg RBX 3
62b82: CALL libxl__free_all (internal)
  |
  `- 62b87,3bdb0
62b87: MOV Reg RCX, Address (SizeDir 64 (AddrPlus (FromReg RSP) (AddrImm 1576))) 8
62b8f: XOR Reg RCX, Address (SizeDir 64 (AddrPlus (FromReg FS) (AddrImm 40))) 9
62b98: MOV Reg EAX, Reg R14D 3
62b9b: JNZ 62df4 (resolved immediate)
  |
  `- 62ba1,62df4
62ba1: ADD Reg RSP, Immediate 1592 7
62ba8: POP Reg RBX 1
62ba9: POP Reg RBP 1
62baa: POP Reg R12 2
62bac: POP Reg R13 2
62bae: POP Reg R14 2
62bb0: POP Reg R15 2
62bb2: RET  1
  |
  `- 
62bb8: CALL __errno_location (external)
62bbd: LEA Reg RCX, Address (AddrPlus (FromReg RIP) (AddrImm 261108)) 7
62bc4: PUSH Reg R13 2
62bc6: LEA Reg R9, Address (AddrPlus (FromReg RIP) (AddrImm 261699)) 7
62bcd: PUSH Reg R14 2
62bcf: MOV Reg R8D, Immediate 235 6
62bd5: PUSH Reg RCX 1
62bd6: PUSH Reg R15 2
62bd8: JMP 62b1a (resolved immediate)
  |
  `- 62b1a
62be0: CALL __errno_location (external)
62be5: LEA Reg RCX, Address (AddrPlus (FromReg RIP) (AddrImm 261116)) 7
62bec: SUB Reg RSP, Immediate 8 4
62bf0: LEA Reg R9, Address (AddrPlus (FromReg RIP) (AddrImm 261657)) 7
62bf7: PUSH Reg R13 2
62bf9: MOV Reg R8D, Immediate 244 6
62bff: PUSH Reg RCX 1
62c00: PUSH Reg R15 2
62c02: JMP 62b1a (resolved immediate)
  |
  `- 62b1a
62c98: MOV Reg RAX, Address (SizeDir 64 (AddrPlus (FromReg RSP) (AddrImm 24))) 5
62c9d: NEG Reg RAX 3
62ca0: CMP Reg RAX, Reg R14 3
62ca3: JBE 6293d (resolved immediate)
  |
  `- 6293d,62ca9
62ca9: MOVZX Reg EAX, Address (SizeDir 8 (AddrPlus (FromReg RSP) (AddrImm 15))) 5
62cae: XOR Reg R14D, Reg R14D 3
62cb1: TEST Reg AL, Reg AL 2
62cb3: JZ 62963 (resolved immediate)
  |
  `- 62963,62cb9
62cb9: NOP  7
62cc0: LEA Reg RAX, Address (AddrPlus (FromReg RIP) (AddrImm 261081)) 7
62cc7: SUB Reg RSP, Immediate 8 4
62ccb: LEA Reg R9, Address (AddrPlus (FromReg RIP) (AddrImm 261438)) 7
62cd2: PUSH Reg R14 2
62cd4: LEA Reg RCX, Address (AddrPlus (FromReg RIP) (AddrImm 260218)) 7
62cdb: MOV Reg R8D, Immediate 281 6
62ce1: PUSH Reg RAX 1
62ce2: PUSH Immediate 0 2
62ce4: MOV Reg EDX, Immediate 4294967295 5
62ce9: MOV Reg RDI, Address (SizeDir 64 (AddrPlus (FromReg RSP) (AddrImm 160))) 8
62cf1: MOV Reg ESI, Immediate 8 5
62cf6: XOR Reg EAX, Reg EAX 2
62cf8: MOV Reg R14D, Immediate 4294967290 6
62cfe: CALL libxl__log (internal)
62d03: ADD Reg RSP, Immediate 32 4
62d07: JMP 62b41 (resolved immediate)
  |
  `- 62b41
62d10: MOV Reg R14D, Immediate 4294967293 6
62d16: JMP 62b41 (resolved immediate)
  |
  `- 62b41
62d20: CALL __errno_location (external)
62d25: LEA Reg RCX, Address (AddrPlus (FromReg RIP) (AddrImm 260596)) 7
62d2c: LEA Reg R9, Address (AddrPlus (FromReg RIP) (AddrImm 261341)) 7
62d33: MOV Reg R8D, Immediate 202 6
62d39: PUSH Reg RCX 1
62d3a: PUSH Immediate 18446744073709551615 2
62d3c: MOV Reg RDI, Address (SizeDir 64 (AddrPlus (FromReg RSP) (AddrImm 144))) 8
62d44: MOV Reg EDX, Address (SizeDir 32 (FromReg RAX)) 2
62d46: LEA Reg RCX, Address (AddrPlus (FromReg RIP) (AddrImm 260104)) 7
62d4d: MOV Reg ESI, Immediate 8 5
62d52: XOR Reg EAX, Reg EAX 2
62d54: CALL libxl__log (internal)
  |
  `- 
62d59: POP Reg RDI 1
62d5a: POP Reg R8 2
62d5c: JMP 62b52 (resolved immediate)
  |
  `- 62b52
62d68: CALL __errno_location (external)
62d6d: LEA Reg RCX, Address (AddrPlus (FromReg RIP) (AddrImm 218604)) 7
62d74: LEA Reg R9, Address (AddrPlus (FromReg RIP) (AddrImm 261269)) 7
62d7b: MOV Reg R8D, Immediate 208 6
62d81: PUSH Reg RCX 1
62d82: PUSH Immediate 18446744073709551615 2
62d84: JMP 62d3c (resolved immediate)
  |
  `- 62d3c
62dd5: MOV Reg RDI, Address (SizeDir 64 (AddrPlus (FromReg RSP) (AddrImm 32))) 5
62dda: MOV Reg R14D, Immediate 4294967281 6
62de0: CALL libxl_domain_config_dispose (external)
62de5: JMP 62b66 (resolved immediate)
  |
  `- 62b66
62dea: CALL libxl__ctx_lock.part.1 (internal)
  |
  `- 1ff9b
62df4: CALL __stack_chk_fail (external)
  |
  `- 
73af0: MOV Address (SizeDir 64 (FromReg RDX)), Immediate 1024 7
73af7: XOR Reg EAX, Reg EAX 2
73af9: RET  1
  |
  `- 
