Number of assembly instructions     = 32
Number of indirect branches         = 0
Number of unresolved indirect jumps = 0: 
Number of unresolved indirect calls = 0: 
Number of symbolic states (representative of non-determinism): 32
Number of edges: 33

7d9d0 (False): 0

7d9d0: TEST Reg RDI, Reg RDI 3
7d9d3: JZ 7da38 (resolved immediate)
  |
  `- 7d9d5,7da38
7d9d5: PUSH Reg R12 2
7d9d7: PUSH Reg RBP 1
7d9d8: PUSH Reg RBX 1
7d9d9: MOV Reg RBX, Reg RDI 3
7d9dc: MOV Reg RDI, Address (SizeDir 64 (AddrPlus (FromReg RDI) (AddrImm 8))) 4
7d9e0: CALL free (external)
7d9e5: MOV Reg EAX, Address (SizeDir 32 (AddrPlus (FromReg RBX) (AddrImm 24))) 3
7d9e8: TEST Reg EAX, Reg EAX 2
7d9ea: JLE 7da10 (resolved immediate)
  |
  `- 7d9ec,7da10
7d9ec: XOR Reg R12D, Reg R12D 3
7d9ef: XOR Reg EBP, Reg EBP 2
7d9f1: NOP  7
7d9f8: MOV Reg RDI, Address (SizeDir 64 (AddrPlus (FromReg RBX) (AddrImm 32))) 4
7d9fc: ADD Reg EBP, Immediate 1 3
7d9ff: ADD Reg RDI, Reg R12 3
7da02: ADD Reg R12, Immediate 16 4
7da06: CALL libxl_connector_param_dispose (external)
7da0b: CMP Reg EBP, Address (SizeDir 32 (AddrPlus (FromReg RBX) (AddrImm 24))) 3
7da0e: JL 7d9f8 (resolved immediate)
  |
  `- 7d9f8,7da10
7da10: MOV Reg RDI, Address (SizeDir 64 (AddrPlus (FromReg RBX) (AddrImm 32))) 4
7da14: CALL free (external)
7da19: PXOR Reg XMM0, Reg XMM0 4
7da1d: MOV Address (SizeDir 64 (AddrPlus (FromReg RBX) (AddrImm 32))), Immediate 0 8
7da25: MOVUPS Address (SizeDir 128 (FromReg RBX)), Reg XMM0 3
7da28: MOVUPS Address (SizeDir 128 (AddrPlus (FromReg RBX) (AddrImm 16))), Reg XMM0 4
7da2c: POP Reg RBX 1
7da2d: POP Reg RBP 1
7da2e: POP Reg R12 2
7da30: RET  1
  |
  `- 
7da38: REPZ RET  2
  |
  `- 
