Number of assembly instructions     = 13
Number of indirect branches         = 0
Number of unresolved indirect jumps = 0: 
Number of unresolved indirect calls = 0: 
Number of symbolic states (representative of non-determinism): 13
Number of edges: 15

87570 (False): 0

87570: CMP Reg EDI, Immediate 1 3
87573: LEA Reg RAX, Address (AddrPlus (FromReg RIP) (AddrImm 130055)) 7
8757a: JZ 875a4 (resolved immediate)
  |
  `- 8757c,875a4
8757c: LEA Reg RAX, Address (AddrPlus (FromReg RIP) (AddrImm 128894)) 7
87583: JB 875a4 (resolved immediate)
  |
  `- 87585,875a4
87585: CMP Reg EDI, Immediate 2 3
87588: LEA Reg RAX, Address (AddrPlus (FromReg RIP) (AddrImm 130042)) 7
8758f: JZ 875a4 (resolved immediate)
  |
  `- 87591,875a4
87591: LEA Reg RAX, Address (AddrPlus (FromReg RIP) (AddrImm 130041)) 7
87598: CMP Reg EDI, Immediate 3 3
8759b: MOV Reg EDX, Immediate 0 5
875a0: CMOVNZ Reg RAX, Reg RDX 4
875a4: REPZ RET  2
  |
  `- 
