Number of assembly instructions     = 14
Number of indirect branches         = 0
Number of unresolved indirect jumps = 0: 
Number of unresolved indirect calls = 0: 
Number of symbolic states (representative of non-determinism): 14
Number of edges: 13

43730 (False): 0

43730: MOV Reg EAX, Address (SizeDir 32 (AddrPlus (FromReg RDI) (AddrImm 160))) 6
43736: NOT Reg EAX 2
43738: SHR Reg EAX, Immediate 31 3
4373b: CMP Address (SizeDir 64 (AddrPlus (FromReg RDI) (AddrImm 64))), Immediate 0 5
43740: SETNZ Reg DL 3
43743: CMP Reg AL, Reg DL 2
43745: JNZ 43749 (resolved immediate)
  |
  `- 43747,43749
43747: REPZ RET  2
  |
  `- 
43749: LEA Reg RCX, Address (AddrPlus (FromReg RIP) (AddrImm 360560)) 7
43750: LEA Reg RSI, Address (AddrPlus (FromReg RIP) (AddrImm 359305)) 7
43757: LEA Reg RDI, Address (AddrPlus (FromReg RIP) (AddrImm 359717)) 7
4375e: SUB Reg RSP, Immediate 8 4
43762: MOV Reg EDX, Immediate 618 5
43767: CALL __assert_fail (external)
  |
  `- 
