Number of assembly instructions     = 19
Number of indirect branches         = 0
Number of unresolved indirect jumps = 0: 
Number of unresolved indirect calls = 0: 
Number of symbolic states (representative of non-determinism): 19
Number of edges: 21

3eaf0 (False): 0

3eaf0: MOV Reg EDX, Address (SizeDir 32 (FromReg RDI)) 2
3eaf2: TEST Reg EDX, Reg EDX 2
3eaf4: JZ 3eb1f (resolved immediate)
  |
  `- 3eaf6,3eb1f
3eaf6: MOV Reg RAX, Address (SizeDir 64 (AddrPlus (FromReg RDI) (AddrImm 8))) 4
3eafa: CMP Address (SizeDir 8 (FromReg RAX)), Immediate 255 3
3eafd: JNZ 3eb28 (resolved immediate)
  |
  `- 3eaff,3eb28
3eaff: ADD Reg RAX, Immediate 1 4
3eb03: SUB Reg EDX, Immediate 1 3
3eb06: ADD Reg RDX, Reg RAX 3
3eb09: JMP 3eb1a (resolved immediate)
  |
  `- 3eb1a
3eb10: ADD Reg RAX, Immediate 1 4
3eb14: CMP Address (SizeDir 8 (AddrMinus (FromReg RAX) (AddrImm 1))), Immediate 255 4
3eb18: JNZ 3eb28 (resolved immediate)
  |
  `- 3eb1a,3eb28
3eb1a: CMP Reg RAX, Reg RDX 3
3eb1d: JNZ 3eb10 (resolved immediate)
  |
  `- 3eb10,3eb1f
3eb1f: MOV Reg EAX, Immediate 1 5
3eb24: RET  1
  |
  `- 
3eb28: XOR Reg EAX, Reg EAX 2
3eb2a: RET  1
  |
  `- 
