Number of assembly instructions     = 21
Number of indirect branches         = 0
Number of unresolved indirect jumps = 0: 
Number of unresolved indirect calls = 0: 
Number of symbolic states (representative of non-determinism): 21
Number of edges: 22

56fd0 (False): 0

56fd0: TEST Reg ESI, Reg ESI 2
56fd2: PUSH Reg R12 2
56fd4: MOV Reg R12, Reg RDI 3
56fd7: PUSH Reg RBP 1
56fd8: PUSH Reg RBX 1
56fd9: JLE 57001 (resolved immediate)
  |
  `- 56fdb,57001
56fdb: LEA Reg EAX, Address (AddrMinus (FromReg RSI) (AddrImm 1)) 3
56fde: MOV Reg RBX, Reg RDI 3
56fe1: SHL Reg RAX, Immediate 5 4
56fe5: LEA Reg RBP, Address (AddrPlus (AddrPlus (FromReg RDI) (FromReg RAX)) (AddrImm 32)) 5
56fea: NOP  6
56ff0: MOV Reg RDI, Reg RBX 3
56ff3: ADD Reg RBX, Immediate 32 4
56ff7: CALL libxl_device_usbctrl_dispose (external)
56ffc: CMP Reg RBX, Reg RBP 3
56fff: JNZ 56ff0 (resolved immediate)
  |
  `- 56ff0,57001
57001: POP Reg RBX 1
57002: MOV Reg RDI, Reg R12 3
57005: POP Reg RBP 1
57006: POP Reg R12 2
57008: JMP free (jmp to external function)
  |
  `- 
