Number of assembly instructions     = 87
Number of indirect branches         = 0
Number of unresolved indirect jumps = 0: 
Number of unresolved indirect calls = 0: 
Number of symbolic states (representative of non-determinism): 87
Number of edges: 90

20500 (True): 41528
41490 (True): 77ade, 77b09
77ac0 (False): 0

20500: CMP Address (SizeDir 32 (FromReg RDI)), Reg ESI 2
20502: MOV Reg EAX, Immediate 1 5
20507: JLE 20519 (resolved immediate)
  |
  `- 20509,20519
20509: MOV Reg RAX, Address (SizeDir 64 (AddrPlus (FromReg RDI) (AddrImm 16))) 4
2050d: MOVSXD Reg RSI, Reg ESI 3
20510: MOV Reg RAX, Address (SizeDir 64 (AddrPlus (FromReg RAX) (AddrTimes (AddrImm 8) (FromReg RSI)))) 4
20514: MOV Address (SizeDir 64 (FromReg RDX)), Reg RAX 3
20517: XOR Reg EAX, Reg EAX 2
20519: RET  2
  |
  `- 
41490: PUSH Reg R15 2
41492: PUSH Reg R14 2
41494: PUSH Reg R13 2
41496: PUSH Reg R12 2
41498: PUSH Reg RBP 1
41499: PUSH Reg RBX 1
4149a: SUB Reg RSP, Immediate 24 4
4149e: MOV Reg RAX, Address (SizeDir 64 (AddrPlus (FromReg FS) (AddrImm 40))) 9
414a7: MOV Address (SizeDir 64 (AddrPlus (FromReg RSP) (AddrImm 8))), Reg RAX 5
414ac: XOR Reg EAX, Reg EAX 2
414ae: TEST Reg RSI, Reg RSI 3
414b1: JE 414b8 (resolved immediate)
  |
  `- 414b3,414b8
414b3: CMP Address (SizeDir 32 (FromReg RSI)), Immediate 64 3
414b6: JE 414e0 (resolved immediate)
  |
  `- 414b8,414e0
414b8: MOV Reg RCX, Address (SizeDir 64 (AddrPlus (FromReg RSP) (AddrImm 8))) 5
414bd: XOR Reg RCX, Address (SizeDir 64 (AddrPlus (FromReg FS) (AddrImm 40))) 9
414c6: JNE 4155b (resolved immediate)
  |
  `- 414cc,4155b
414cc: ADD Reg RSP, Immediate 24 4
414d0: POP Reg RBX 1
414d1: POP Reg RBP 1
414d2: POP Reg R12 2
414d4: POP Reg R13 2
414d6: POP Reg R14 2
414d8: POP Reg R15 2
414da: RET  1
  |
  `- 
414e0: MOV Reg RBP, Address (SizeDir 64 (AddrPlus (FromReg RSI) (AddrImm 8))) 4
414e4: XOR Reg EBX, Reg EBX 2
414e6: MOV Reg R13, Reg RDI 3
414e9: MOV Reg R14D, Reg EDX 3
414ec: MOV Address (SizeDir 64 (FromReg RSP)), Immediate 0 8
414f4: MOV Reg R12, Reg RSP 3
414f7: MOV Reg EAX, Address (SizeDir 32 (AddrPlus (FromReg RBP) (AddrImm 8))) 3
414fa: TEST Reg EAX, Reg EAX 2
414fc: JNE 4151b (resolved immediate)
  |
  `- 414fe,4151b
414fe: JMP 4152c (resolved immediate)
  |
  `- 4152c
4151b: MOV Reg RDX, Reg R12 3
4151e: MOV Reg ESI, Reg EBX 2
41520: MOV Reg RDI, Reg RBP 3
41523: CALL flexarray_get (internal)
  |
  `- 20500
41528: TEST Reg EAX, Reg EAX 2
4152a: JE 41500 (resolved immediate)
4152c: XOR Reg EAX, Reg EAX 2
4152e: JMP 414b8 (resolved immediate)
  |
  `- 414b8
4155b: CALL __stack_chk_fail (external)
  |
  `- 
77ac0: PUSH Reg R12 2
77ac2: MOV Reg R12, Reg RDI 3
77ac5: PUSH Reg RBP 1
77ac6: LEA Reg RDI, Address (SizeDir 64 (AddrPlus (FromReg RIP) (AddrImm 174320))) 7
77acd: PUSH Reg RBX 1
77ace: MOV Reg RBX, Reg RDX 3
77ad1: MOV Reg EDX, Immediate 32 5
77ad6: MOV Reg RBP, Reg RSI 3
77ad9: CALL libxl__json_map_get (internal)
  |
  `- 41490
77ade: TEST Reg RAX, Reg RAX 3
77ae1: JE 77af5 (resolved immediate)
  |
  `- 77ae3,77af5
77ae3: MOV Reg RDX, Reg RBX 3
77ae6: MOV Reg RSI, Reg RAX 3
77ae9: MOV Reg RDI, Reg R12 3
77aec: CALL libxl__uuid_parse_json (external)
77af1: TEST Reg EAX, Reg EAX 2
77af3: JNE 77b28 (resolved immediate)
  |
  `- 77af5,77b28
77af5: LEA Reg RDI, Address (SizeDir 64 (AddrPlus (FromReg RIP) (AddrImm 137819))) 7
77afc: MOV Reg EDX, Immediate 4 5
77b01: MOV Reg RSI, Reg RBP 3
77b04: CALL libxl__json_map_get (internal)
77b09: TEST Reg RAX, Reg RAX 3
77b0c: JE 77b28 (resolved immediate)
  |
  `- 77b0e,77b28
77b0e: LEA Reg RDX, Address (SizeDir 64 (AddrPlus (FromReg RBX) (AddrImm 16))) 4
77b12: MOV Reg RDI, Reg R12 3
77b15: MOV Reg RSI, Reg RAX 3
77b18: POP Reg RBX 1
77b19: POP Reg RBP 1
77b1a: POP Reg R12 2
77b1c: JMP libxl__uint32_parse_json (jmp to external function)
  |
  `- 
77b28: POP Reg RBX 1
77b29: POP Reg RBP 1
77b2a: POP Reg R12 2
77b2c: RET  1
  |
  `- 
