Number of assembly instructions     = 90
Number of indirect branches         = 0
Number of unresolved indirect jumps = 0: 
Number of unresolved indirect calls = 0: 
Number of symbolic states (representative of non-determinism): 90
Number of edges: 90

3bdb0 (True): 7fa6e
7f9c0 (False): 0

3bdb0: PUSH Reg R12 2
3bdb2: PUSH Reg RBP 1
3bdb3: PUSH Reg RBX 1
3bdb4: MOV Reg EAX, Address (SizeDir 32 (FromReg RDI)) 2
3bdb6: TEST Reg EAX, Reg EAX 2
3bdb8: JS 3be14 (resolved immediate)
  |
  `- 3bdba,3be14
3bdba: MOV Reg R12, Reg RDI 3
3bdbd: MOV Reg EBP, Immediate 0 5
3bdc2: MOV Reg EBX, Immediate 0 5
3bdc7: JE 3bdf4 (resolved immediate)
  |
  `- 3bdc9,3bdf4
3bdc9: NOP  7
3bdd0: MOV Reg RAX, Address (SizeDir 64 (AddrPlus (FromReg R12) (AddrImm 8))) 5
3bdd5: ADD Reg EBX, Immediate 1 3
3bdd8: ADD Reg RAX, Reg RBP 3
3bddb: ADD Reg RBP, Immediate 8 4
3bddf: MOV Reg RDI, Address (SizeDir 64 (FromReg RAX)) 3
3bde2: MOV Address (SizeDir 64 (FromReg RAX)), Immediate 0 7
3bde9: CALL free (external)
3bdee: CMP Address (SizeDir 32 (FromReg R12)), Reg EBX 4
3bdf2: JG 3bdd0 (resolved immediate)
  |
  `- 3bdd0,3bdf4
3bdf4: MOV Reg RDI, Address (SizeDir 64 (AddrPlus (FromReg R12) (AddrImm 8))) 5
3bdf9: CALL free (external)
3bdfe: MOV Address (SizeDir 64 (AddrPlus (FromReg R12) (AddrImm 8))), Immediate 0 9
3be07: MOV Address (SizeDir 32 (FromReg R12)), Immediate 0 8
3be0f: POP Reg RBX 1
3be10: POP Reg RBP 1
3be11: POP Reg R12 2
3be13: RET  1
  |
  `- 
3be14: LEA Reg RCX, Address (SizeDir 64 (AddrPlus (FromReg RIP) (AddrImm 387253))) 7
3be1b: LEA Reg RSI, Address (SizeDir 64 (AddrPlus (FromReg RIP) (AddrImm 386238))) 7
3be22: LEA Reg RDI, Address (SizeDir 64 (AddrPlus (FromReg RIP) (AddrImm 386248))) 7
3be29: MOV Reg EDX, Immediate 80 5
3be2e: CALL __assert_fail (external)
  |
  `- 
7f9c0: PUSH Reg R12 2
7f9c2: PUSH Reg RBP 1
7f9c3: MOV Reg RBP, Reg RDX 3
7f9c6: PUSH Reg RBX 1
7f9c7: ADD Reg RDX, Immediate 8 4
7f9cb: MOV Reg RBX, Reg RSI 3
7f9ce: ADD Reg RSI, Immediate 8 4
7f9d2: MOV Reg R12, Reg RDI 3
7f9d5: SUB Reg RSP, Immediate 32 4
7f9d9: MOV Reg RAX, Address (SizeDir 64 (AddrPlus (FromReg FS) (AddrImm 40))) 9
7f9e2: MOV Address (SizeDir 64 (AddrPlus (FromReg RSP) (AddrImm 24))), Reg RAX 5
7f9e7: XOR Reg EAX, Reg EAX 2
7f9e9: MOV Reg EAX, Address (SizeDir 32 (AddrMinus (FromReg RDX) (AddrImm 8))) 3
7f9ec: MOV Address (SizeDir 64 (AddrPlus (FromReg RSP) (AddrImm 16))), Reg RDI 5
7f9f1: MOV Address (SizeDir 32 (FromReg RSP)), Immediate 0 7
7f9f8: MOV Address (SizeDir 64 (AddrPlus (FromReg RSP) (AddrImm 8))), Immediate 0 9
7fa01: MOV Address (SizeDir 32 (AddrMinus (FromReg RSI) (AddrImm 8))), Reg EAX 3
7fa04: CALL libxl_string_copy (external)
7fa09: MOV Reg EAX, Address (SizeDir 32 (AddrPlus (FromReg RBP) (AddrImm 16))) 3
7fa0c: LEA Reg RDX, Address (SizeDir 64 (AddrPlus (FromReg RBP) (AddrImm 24))) 4
7fa10: LEA Reg RSI, Address (SizeDir 64 (AddrPlus (FromReg RBX) (AddrImm 24))) 4
7fa14: MOV Reg RDI, Reg R12 3
7fa17: MOV Address (SizeDir 32 (AddrPlus (FromReg RBX) (AddrImm 16))), Reg EAX 3
7fa1a: MOV Reg EAX, Address (SizeDir 32 (AddrPlus (FromReg RBP) (AddrImm 20))) 3
7fa1d: MOV Address (SizeDir 32 (AddrPlus (FromReg RBX) (AddrImm 20))), Reg EAX 3
7fa20: CALL libxl_string_copy (external)
7fa25: MOVZX Reg EAX, Address (SizeDir 8 (AddrPlus (FromReg RBP) (AddrImm 32))) 4
7fa29: MOV Reg RDI, Reg RSP 3
7fa2c: MOV Address (SizeDir 8 (AddrPlus (FromReg RBX) (AddrImm 32))), Reg AL 3
7fa2f: MOVZX Reg EAX, Address (SizeDir 8 (AddrPlus (FromReg RBP) (AddrImm 33))) 4
7fa33: MOV Address (SizeDir 8 (AddrPlus (FromReg RBX) (AddrImm 33))), Reg AL 3
7fa36: MOVZX Reg EAX, Address (SizeDir 8 (AddrPlus (FromReg RBP) (AddrImm 34))) 4
7fa3a: MOV Address (SizeDir 8 (AddrPlus (FromReg RBX) (AddrImm 34))), Reg AL 3
7fa3d: MOVZX Reg EAX, Address (SizeDir 8 (AddrPlus (FromReg RBP) (AddrImm 35))) 4
7fa41: MOV Address (SizeDir 8 (AddrPlus (FromReg RBX) (AddrImm 35))), Reg AL 3
7fa44: MOVZX Reg EAX, Address (SizeDir 8 (AddrPlus (FromReg RBP) (AddrImm 36))) 4
7fa48: MOV Address (SizeDir 8 (AddrPlus (FromReg RBX) (AddrImm 36))), Reg AL 3
7fa4b: MOV Reg EAX, Address (SizeDir 32 (AddrPlus (FromReg RBP) (AddrImm 40))) 3
7fa4e: MOV Address (SizeDir 32 (AddrPlus (FromReg RBX) (AddrImm 40))), Reg EAX 3
7fa51: MOV Reg EAX, Address (SizeDir 32 (AddrPlus (FromReg RBP) (AddrImm 44))) 3
7fa54: MOV Address (SizeDir 32 (AddrPlus (FromReg RBX) (AddrImm 44))), Reg EAX 3
7fa57: MOV Reg EAX, Address (SizeDir 32 (AddrPlus (FromReg RBP) (AddrImm 48))) 3
7fa5a: MOV Address (SizeDir 32 (AddrPlus (FromReg RBX) (AddrImm 48))), Reg EAX 3
7fa5d: MOV Reg EAX, Address (SizeDir 32 (AddrPlus (FromReg RBP) (AddrImm 52))) 3
7fa60: MOV Address (SizeDir 32 (AddrPlus (FromReg RBX) (AddrImm 52))), Reg EAX 3
7fa63: MOV Reg EAX, Address (SizeDir 32 (AddrPlus (FromReg RBP) (AddrImm 56))) 3
7fa66: MOV Address (SizeDir 32 (AddrPlus (FromReg RBX) (AddrImm 56))), Reg EAX 3
7fa69: CALL libxl__free_all (internal)
  |
  `- 3bdb0
7fa6e: MOV Reg RAX, Address (SizeDir 64 (AddrPlus (FromReg RSP) (AddrImm 24))) 5
7fa73: XOR Reg RAX, Address (SizeDir 64 (AddrPlus (FromReg FS) (AddrImm 40))) 9
7fa7c: JNE 7fa87 (resolved immediate)
  |
  `- 7fa7e,7fa87
7fa7e: ADD Reg RSP, Immediate 32 4
7fa82: POP Reg RBX 1
7fa83: POP Reg RBP 1
7fa84: POP Reg R12 2
7fa86: RET  1
  |
  `- 
7fa87: CALL __stack_chk_fail (external)
  |
  `- 
