Number of assembly instructions     = 674
Number of indirect branches         = 1
Number of unresolved indirect jumps = 0: 
Number of unresolved indirect calls = 0: 
Number of symbolic states (representative of non-determinism): 686
Number of edges: 794

326c0 (True): 327d5
327b0 (True): 642d8
3bdb0 (True): 642a0
3be40 (True): 3c1a9
3c110 (True): 32766, 6361c, 64313, 644c5, 64509, 6465c, 64716
635d0 (True): 64464
64230 (False): 0

326c0: PUSH Reg R12 2
326c2: PUSH Reg RBP 1
326c3: MOV Reg RBP, Reg RDI 3
326c6: PUSH Reg RBX 1
326c7: MOV Reg EDX, Immediate 1 5
326cc: MOV Reg EBX, Reg ESI 2
326ce: SUB Reg RSP, Immediate 112 4
326d2: MOV Reg RAX, Address (SizeDir 64 (AddrPlus (FromReg FS) (AddrImm 40))) 9
326db: MOV Address (SizeDir 64 (AddrPlus (FromReg RSP) (AddrImm 104))), Reg RAX 5
326e0: XOR Reg EAX, Reg EAX 2
326e2: MOV Reg RAX, Address (SizeDir 64 (AddrPlus (FromReg RDI) (AddrImm 16))) 4
326e6: MOV Reg RCX, Reg RSP 3
326e9: MOV Reg RDI, Address (SizeDir 64 (AddrPlus (FromReg RAX) (AddrImm 8))) 4
326ed: CALL xc_domain_getinfolist (external)
326f2: CMP Reg EAX, Immediate 1 3
326f5: JNZ 32728 (resolved immediate)
  |
  `- 326f7,32728
326f7: MOVZX Reg R12D, Address (SizeDir 16 (FromReg RSP)) 5
326fc: CMP Reg R12D, Reg EBX 3
326ff: JNZ 32778 (resolved immediate)
  |
  `- 32701,32778
32701: MOV Reg EAX, Address (SizeDir 32 (AddrPlus (FromReg RSP) (AddrImm 92))) 4
32705: MOV Reg RDX, Address (SizeDir 64 (AddrPlus (FromReg RSP) (AddrImm 104))) 5
3270a: XOR Reg RDX, Address (SizeDir 64 (AddrPlus (FromReg FS) (AddrImm 40))) 9
32713: JNZ 3279d (resolved immediate)
  |
  `- 32719,3279d
32719: ADD Reg RSP, Immediate 112 4
3271d: POP Reg RBX 1
3271e: POP Reg RBP 1
3271f: POP Reg R12 2
32721: RET  1
  |
  `- 
32728: MOV Reg R12D, Reg EAX 3
3272b: CALL __errno_location (external)
32730: LEA Reg RDX, Address (AddrPlus (FromReg RIP) (AddrImm 415268)) 7
32737: SUB Reg RSP, Immediate 8 4
3273b: MOV Reg RDI, Address (SizeDir 64 (AddrPlus (FromReg RBP) (AddrImm 16))) 4
3273f: LEA Reg R9, Address (AddrPlus (FromReg RIP) (AddrImm 418490)) 7
32746: PUSH Reg R12 2
32748: MOV Reg R8D, Immediate 79 6
3274e: PUSH Reg RDX 1
3274f: PUSH Immediate 18446744073709551615 2
32751: MOV Reg EDX, Address (SizeDir 32 (FromReg RAX)) 2
32753: LEA Reg RCX, Address (AddrPlus (FromReg RIP) (AddrImm 414992)) 7
3275a: XOR Reg EAX, Reg EAX 2
3275c: MOV Reg ESI, Immediate 8 5
32761: CALL libxl__log (internal)
  |
  `- 
32766: ADD Reg RSP, Immediate 32 4
3276a: MOV Reg EAX, Immediate 4294967293 5
3276f: JMP 32705 (resolved immediate)
  |
  `- 32705
32778: CALL __errno_location (external)
3277d: LEA Reg RSI, Address (AddrPlus (FromReg RIP) (AddrImm 416356)) 7
32784: MOV Reg RDI, Address (SizeDir 64 (AddrPlus (FromReg RBP) (AddrImm 16))) 4
32788: LEA Reg R9, Address (AddrPlus (FromReg RIP) (AddrImm 418417)) 7
3278f: PUSH Reg RBX 1
32790: MOV Reg R8D, Immediate 84 6
32796: PUSH Reg R12 2
32798: PUSH Reg RSI 1
32799: PUSH Immediate 18446744073709551615 2
3279b: JMP 32751 (resolved immediate)
  |
  `- 32751
3279d: CALL __stack_chk_fail (external)
  |
  `- 
327b0: PUSH Reg R13 2
327b2: PUSH Reg R12 2
327b4: XOR Reg R12D, Reg R12D 3
327b7: PUSH Reg RBP 1
327b8: PUSH Reg RBX 1
327b9: MOV Reg RBP, Reg RDI 3
327bc: SUB Reg RSP, Immediate 56 4
327c0: MOV Reg RAX, Address (SizeDir 64 (AddrPlus (FromReg FS) (AddrImm 40))) 9
327c9: MOV Address (SizeDir 64 (AddrPlus (FromReg RSP) (AddrImm 40))), Reg RAX 5
327ce: XOR Reg EAX, Reg EAX 2
327d0: CALL libxl__domain_cpupool (internal)
  |
  `- 326c0
327d5: TEST Reg EAX, Reg EAX 2
327d7: JS 32805 (resolved immediate)
  |
  `- 327d9,32805
327d9: MOV Reg R13, Reg RSP 3
327dc: MOV Reg EBX, Reg EAX 2
327de: MOV Reg RDI, Reg R13 3
327e1: CALL libxl_cpupoolinfo_init (external)
327e6: MOV Reg RDI, Address (SizeDir 64 (AddrPlus (FromReg RBP) (AddrImm 16))) 4
327ea: MOV Reg EDX, Reg EBX 2
327ec: MOV Reg RSI, Reg R13 3
327ef: CALL libxl_cpupool_info (external)
327f4: TEST Reg EAX, Reg EAX 2
327f6: JS 327fd (resolved immediate)
  |
  `- 327f8,327fd
327f8: MOV Reg R12D, Address (SizeDir 32 (AddrPlus (FromReg RSP) (AddrImm 16))) 5
327fd: MOV Reg RDI, Reg R13 3
32800: CALL libxl_cpupoolinfo_dispose (external)
32805: MOV Reg RCX, Address (SizeDir 64 (AddrPlus (FromReg RSP) (AddrImm 40))) 5
3280a: XOR Reg RCX, Address (SizeDir 64 (AddrPlus (FromReg FS) (AddrImm 40))) 9
32813: MOV Reg EAX, Reg R12D 3
32816: JNZ 32823 (resolved immediate)
  |
  `- 32818,32823
32818: ADD Reg RSP, Immediate 56 4
3281c: POP Reg RBX 1
3281d: POP Reg RBP 1
3281e: POP Reg R12 2
32820: POP Reg R13 2
32822: RET  1
  |
  `- 
32823: CALL __stack_chk_fail (external)
  |
  `- 
3bdb0: PUSH Reg R12 2
3bdb2: PUSH Reg RBP 1
3bdb3: PUSH Reg RBX 1
3bdb4: MOV Reg EAX, Address (SizeDir 32 (FromReg RDI)) 2
3bdb6: TEST Reg EAX, Reg EAX 2
3bdb8: JS 3be14 (resolved immediate)
  |
  `- 3bdba,3be14
3bdba: MOV Reg R12, Reg RDI 3
3bdbd: MOV Reg EBP, Immediate 0 5
3bdc2: MOV Reg EBX, Immediate 0 5
3bdc7: JZ 3bdf4 (resolved immediate)
  |
  `- 3bdc9,3bdf4
3bdc9: NOP  7
3bdd0: MOV Reg RAX, Address (SizeDir 64 (AddrPlus (FromReg R12) (AddrImm 8))) 5
3bdd5: ADD Reg EBX, Immediate 1 3
3bdd8: ADD Reg RAX, Reg RBP 3
3bddb: ADD Reg RBP, Immediate 8 4
3bddf: MOV Reg RDI, Address (SizeDir 64 (FromReg RAX)) 3
3bde2: MOV Address (SizeDir 64 (FromReg RAX)), Immediate 0 7
3bde9: CALL free (external)
3bdee: CMP Address (SizeDir 32 (FromReg R12)), Reg EBX 4
3bdf2: JG 3bdd0 (resolved immediate)
  |
  `- 3bdd0,3bdf4
3bdf4: MOV Reg RDI, Address (SizeDir 64 (AddrPlus (FromReg R12) (AddrImm 8))) 5
3bdf9: CALL free (external)
3bdfe: MOV Address (SizeDir 64 (AddrPlus (FromReg R12) (AddrImm 8))), Immediate 0 9
3be07: MOV Address (SizeDir 32 (FromReg R12)), Immediate 0 8
3be0f: POP Reg RBX 1
3be10: POP Reg RBP 1
3be11: POP Reg R12 2
3be13: RET  1
  |
  `- 
3be14: LEA Reg RCX, Address (AddrPlus (FromReg RIP) (AddrImm 387253)) 7
3be1b: LEA Reg RSI, Address (AddrPlus (FromReg RIP) (AddrImm 386238)) 7
3be22: LEA Reg RDI, Address (AddrPlus (FromReg RIP) (AddrImm 386248)) 7
3be29: MOV Reg EDX, Immediate 80 5
3be2e: CALL __assert_fail (external)
  |
  `- 
3be40: PUSH Reg R15 2
3be42: PUSH Reg R14 2
3be44: MOV Reg R15, Reg RDI 3
3be47: PUSH Reg R13 2
3be49: PUSH Reg R12 2
3be4b: MOV Reg R12, Reg RCX 3
3be4e: PUSH Reg RBP 1
3be4f: PUSH Reg RBX 1
3be50: MOV Reg EBP, Reg R8D 3
3be53: MOV Reg RBX, Reg R9 3
3be56: SUB Reg RSP, Immediate 584 7
3be5d: MOV Address (SizeDir 32 (AddrPlus (FromReg RSP) (AddrImm 4))), Reg ESI 4
3be61: MOV Address (SizeDir 32 (AddrPlus (FromReg RSP) (AddrImm 8))), Reg EDX 4
3be65: MOV Reg RAX, Address (SizeDir 64 (AddrPlus (FromReg FS) (AddrImm 40))) 9
3be6e: MOV Address (SizeDir 64 (AddrPlus (FromReg RSP) (AddrImm 568))), Reg RAX 8
3be76: XOR Reg EAX, Reg EAX 2
3be78: MOV Address (SizeDir 64 (AddrPlus (FromReg RSP) (AddrImm 40))), Immediate 0 9
3be81: CALL __errno_location (external)
3be86: MOV Reg RCX, Address (SizeDir 64 (AddrPlus (FromReg RSP) (AddrImm 656))) 8
3be8e: MOV Reg RDX, Address (SizeDir 64 (AddrPlus (FromReg RSP) (AddrImm 648))) 8
3be96: LEA Reg RDI, Address (AddrPlus (FromReg RSP) (AddrImm 40)) 5
3be9b: MOV Reg ESI, Immediate 1 5
3bea0: MOV Reg R13, Reg RAX 3
3bea3: MOV Reg R14D, Address (SizeDir 32 (FromReg RAX)) 3
3bea6: CALL __vasprintf_chk (external)
3beab: TEST Reg RBX, Reg RBX 3
3beae: SETNZ Address (SizeDir 8 (AddrPlus (FromReg RSP) (AddrImm 15))) 5
3beb3: TEST Reg EAX, Reg EAX 2
3beb5: JS 3c0a0 (resolved immediate)
  |
  `- 3bebb,3c0a0
3bebb: TEST Reg R12, Reg R12 3
3bebe: MOV Address (SizeDir 8 (AddrPlus (FromReg RSP) (AddrImm 48))), Immediate 0 5
3bec3: JZ 3bf50 (resolved immediate)
  |
  `- 3bec9,3bf50
3bec9: LEA Reg R10, Address (AddrPlus (FromReg RSP) (AddrImm 48)) 5
3bece: SUB Reg RSP, Immediate 8 4
3bed2: LEA Reg R8, Address (AddrPlus (FromReg RIP) (AddrImm 362554)) 7
3bed9: PUSH Reg RBP 1
3beda: MOV Reg EDX, Immediate 1 5
3bedf: XOR Reg EAX, Reg EAX 2
3bee1: MOV Reg RDI, Reg R10 3
3bee4: MOV Reg R9, Reg R12 3
3bee7: MOV Reg ECX, Immediate 256 5
3beec: MOV Reg ESI, Immediate 256 5
3bef1: MOV Address (SizeDir 64 (AddrPlus (FromReg RSP) (AddrImm 32))), Reg R10 5
3bef6: CALL __snprintf_chk (external)
3befb: MOV Address (SizeDir 8 (AddrPlus (FromReg RSP) (AddrImm 319))), Immediate 0 8
3bf03: MOV Address (SizeDir 8 (AddrPlus (FromReg RSP) (AddrImm 320))), Immediate 0 8
3bf0b: POP Reg RAX 1
3bf0c: POP Reg RDX 1
3bf0d: CMP Address (SizeDir 32 (AddrPlus (FromReg RSP) (AddrImm 640))), Immediate 4294967295 8
3bf15: MOV Reg R10, Address (SizeDir 64 (AddrPlus (FromReg RSP) (AddrImm 16))) 5
3bf1a: JNZ 3bfc0 (resolved immediate)
  |
  `- 3bf20,3bfc0
3bf20: TEST Reg RBX, Reg RBX 3
3bf23: MOV Reg RCX, Address (SizeDir 64 (AddrPlus (FromReg RSP) (AddrImm 40))) 5
3bf28: JZ 3c0c6 (resolved immediate)
  |
  `- 3bf2e,3c0c6
3bf2e: LEA Reg RDX, Address (AddrPlus (FromReg RIP) (AddrImm 386002)) 7
3bf35: LEA Reg RAX, Address (AddrPlus (FromReg RIP) (AddrImm 408678)) 7
3bf3c: LEA Reg RBP, Address (AddrPlus (FromReg RIP) (AddrImm 386109)) 7
3bf43: LEA Reg R11, Address (AddrPlus (FromReg RSP) (AddrImm 304)) 8
3bf4b: JMP 3c031 (resolved immediate)
  |
  `- 3c031
3bf50: CMP Address (SizeDir 32 (AddrPlus (FromReg RSP) (AddrImm 640))), Immediate 4294967295 8
3bf58: MOV Address (SizeDir 8 (AddrPlus (FromReg RSP) (AddrImm 303))), Immediate 0 8
3bf60: LEA Reg R10, Address (AddrPlus (FromReg RSP) (AddrImm 48)) 5
3bf65: MOV Address (SizeDir 8 (AddrPlus (FromReg RSP) (AddrImm 304))), Immediate 0 8
3bf6d: JNZ 3bfc0 (resolved immediate)
  |
  `- 3bf6f,3bfc0
3bf6f: TEST Reg R12, Reg R12 3
3bf72: MOV Reg RCX, Address (SizeDir 64 (AddrPlus (FromReg RSP) (AddrImm 40))) 5
3bf77: LEA Reg RBP, Address (AddrPlus (FromReg RIP) (AddrImm 386050)) 7
3bf7e: LEA Reg R10, Address (AddrPlus (FromReg RSP) (AddrImm 48)) 5
3bf83: LEA Reg R11, Address (AddrPlus (FromReg RSP) (AddrImm 304)) 8
3bf8b: JZ 3c019 (resolved immediate)
  |
  `- 3c019
3bf98: TEST Reg RBX, Reg RBX 3
3bf9b: JZ 3c0eb (resolved immediate)
  |
  `- 3bfa1,3c0eb
3bfa1: LEA Reg RAX, Address (AddrPlus (FromReg RIP) (AddrImm 396536)) 7
3bfa8: LEA Reg RSI, Address (AddrPlus (FromReg RIP) (AddrImm 408563)) 7
3bfaf: TEST Reg R12, Reg R12 3
3bfb2: LEA Reg RDX, Address (AddrPlus (FromReg RIP) (AddrImm 385870)) 7
3bfb9: CMOVNZ Reg RAX, Reg RSI 4
3bfbd: JMP 3c031 (resolved immediate)
  |
  `- 3c031
3bfc0: LEA Reg R11, Address (AddrPlus (FromReg RSP) (AddrImm 304)) 8
3bfc8: MOV Reg R9D, Address (SizeDir 32 (AddrPlus (FromReg RSP) (AddrImm 640))) 8
3bfd0: LEA Reg R8, Address (AddrPlus (FromReg RIP) (AddrImm 385843)) 7
3bfd7: MOV Reg ECX, Immediate 256 5
3bfdc: MOV Reg EDX, Immediate 1 5
3bfe1: MOV Reg ESI, Immediate 256 5
3bfe6: MOV Reg RDI, Reg R11 3
3bfe9: XOR Reg EAX, Reg EAX 2
3bfeb: MOV Address (SizeDir 64 (AddrPlus (FromReg RSP) (AddrImm 24))), Reg R10 5
3bff0: MOV Address (SizeDir 64 (AddrPlus (FromReg RSP) (AddrImm 16))), Reg R11 5
3bff5: LEA Reg RBP, Address (AddrPlus (FromReg RIP) (AddrImm 385924)) 7
3bffc: CALL __snprintf_chk (external)
3c001: MOV Reg RCX, Address (SizeDir 64 (AddrPlus (FromReg RSP) (AddrImm 40))) 5
3c006: MOV Reg R11, Address (SizeDir 64 (AddrPlus (FromReg RSP) (AddrImm 16))) 5
3c00b: MOV Reg R10, Address (SizeDir 64 (AddrPlus (FromReg RSP) (AddrImm 24))) 5
3c010: TEST Reg R12, Reg R12 3
3c013: JNZ 3bf98 (resolved immediate)
  |
  `- 3bf98,3c019
3c019: CMP Address (SizeDir 8 (AddrPlus (FromReg RSP) (AddrImm 15))), Immediate 0 5
3c01e: JNZ 3bf98 (resolved immediate)
  |
  `- 3bf98,3c024
3c024: LEA Reg RBX, Address (AddrPlus (FromReg RIP) (AddrImm 396405)) 7
3c02b: MOV Reg RDX, Reg RBX 3
3c02e: MOV Reg RAX, Reg RBX 3
3c031: SUB Reg RSP, Immediate 8 4
3c035: MOV Reg RDI, Address (SizeDir 64 (FromReg R15)) 3
3c038: LEA Reg R8, Address (AddrPlus (FromReg RIP) (AddrImm 385750)) 7
3c03f: PUSH Reg RCX 1
3c040: PUSH Reg R11 2
3c042: LEA Reg RCX, Address (AddrPlus (FromReg RIP) (AddrImm 358278)) 7
3c049: PUSH Reg RDX 1
3c04a: PUSH Reg RBX 1
3c04b: MOV Reg R9, Reg R10 3
3c04e: PUSH Reg RAX 1
3c04f: MOV Reg EDX, Address (SizeDir 32 (AddrPlus (FromReg RSP) (AddrImm 56))) 4
3c053: XOR Reg EAX, Reg EAX 2
3c055: MOV Reg ESI, Address (SizeDir 32 (AddrPlus (FromReg RSP) (AddrImm 52))) 4
3c059: CALL xtl_log (external)
3c05e: MOV Reg RDI, Address (SizeDir 64 (AddrPlus (FromReg RSP) (AddrImm 88))) 5
3c063: ADD Reg RSP, Immediate 48 4
3c067: CMP Reg RDI, Reg RBP 3
3c06a: JZ 3c071 (resolved immediate)
  |
  `- 3c06c,3c071
3c06c: CALL free (external)
3c071: MOV Reg RAX, Address (SizeDir 64 (AddrPlus (FromReg RSP) (AddrImm 568))) 8
3c079: XOR Reg RAX, Address (SizeDir 64 (AddrPlus (FromReg FS) (AddrImm 40))) 9
3c082: MOV Address (SizeDir 32 (AddrPlus (FromReg R13) (AddrImm 0))), Reg R14D 4
3c086: JNZ 3c0c1 (resolved immediate)
  |
  `- 3c088,3c0c1
3c088: ADD Reg RSP, Immediate 584 7
3c08f: POP Reg RBX 1
3c090: POP Reg RBP 1
3c091: POP Reg R12 2
3c093: POP Reg R13 2
3c095: POP Reg R14 2
3c097: POP Reg R15 2
3c099: RET  1
  |
  `- 
3c0a0: LEA Reg RBP, Address (AddrPlus (FromReg RIP) (AddrImm 385753)) 7
3c0a7: LEA Reg R10, Address (AddrPlus (FromReg RSP) (AddrImm 48)) 5
3c0ac: LEA Reg R11, Address (AddrPlus (FromReg RSP) (AddrImm 304)) 8
3c0b4: MOV Address (SizeDir 64 (AddrPlus (FromReg RSP) (AddrImm 40))), Reg RBP 5
3c0b9: MOV Reg RCX, Reg RBP 3
3c0bc: JMP 3c010 (resolved immediate)
  |
  `- 3c010
3c0c1: CALL __stack_chk_fail (external)
  |
  `- 
3c0c6: LEA Reg RBX, Address (AddrPlus (FromReg RIP) (AddrImm 396243)) 7
3c0cd: LEA Reg RDX, Address (AddrPlus (FromReg RIP) (AddrImm 385587)) 7
3c0d4: LEA Reg RBP, Address (AddrPlus (FromReg RIP) (AddrImm 385701)) 7
3c0db: LEA Reg R11, Address (AddrPlus (FromReg RSP) (AddrImm 304)) 8
3c0e3: MOV Reg RAX, Reg RBX 3
3c0e6: JMP 3c031 (resolved immediate)
  |
  `- 3c031
3c0eb: LEA Reg RBX, Address (AddrPlus (FromReg RIP) (AddrImm 396206)) 7
3c0f2: LEA Reg RDX, Address (AddrPlus (FromReg RIP) (AddrImm 385550)) 7
3c0f9: MOV Reg RAX, Reg RBX 3
3c0fc: JMP 3c031 (resolved immediate)
  |
  `- 3c031
3c110: SUB Reg RSP, Immediate 216 7
3c117: TEST Reg AL, Reg AL 2
3c119: MOV Reg R10, Address (SizeDir 64 (AddrPlus (FromReg RSP) (AddrImm 232))) 8
3c121: JZ 3c15a (resolved immediate)
  |
  `- 3c123,3c15a
3c123: MOVAPS Address (SizeDir 128 (AddrPlus (FromReg RSP) (AddrImm 80))), Reg XMM0 5
3c128: MOVAPS Address (SizeDir 128 (AddrPlus (FromReg RSP) (AddrImm 96))), Reg XMM1 5
3c12d: MOVAPS Address (SizeDir 128 (AddrPlus (FromReg RSP) (AddrImm 112))), Reg XMM2 5
3c132: MOVAPS Address (SizeDir 128 (AddrPlus (FromReg RSP) (AddrImm 128))), Reg XMM3 8
3c13a: MOVAPS Address (SizeDir 128 (AddrPlus (FromReg RSP) (AddrImm 144))), Reg XMM4 8
3c142: MOVAPS Address (SizeDir 128 (AddrPlus (FromReg RSP) (AddrImm 160))), Reg XMM5 8
3c14a: MOVAPS Address (SizeDir 128 (AddrPlus (FromReg RSP) (AddrImm 176))), Reg XMM6 8
3c152: MOVAPS Address (SizeDir 128 (AddrPlus (FromReg RSP) (AddrImm 192))), Reg XMM7 8
3c15a: MOV Reg RAX, Address (SizeDir 64 (AddrPlus (FromReg FS) (AddrImm 40))) 9
3c163: MOV Address (SizeDir 64 (AddrPlus (FromReg RSP) (AddrImm 24))), Reg RAX 5
3c168: XOR Reg EAX, Reg EAX 2
3c16a: LEA Reg RAX, Address (AddrPlus (FromReg RSP) (AddrImm 240)) 8
3c172: MOV Address (SizeDir 64 (AddrPlus (FromReg RSP) (AddrImm 8))), Reg RAX 5
3c177: LEA Reg RAX, Address (AddrPlus (FromReg RSP) (AddrImm 32)) 5
3c17c: MOV Address (SizeDir 32 (FromReg RSP)), Immediate 48 7
3c183: MOV Address (SizeDir 32 (AddrPlus (FromReg RSP) (AddrImm 4))), Immediate 48 8
3c18b: SUB Reg RSP, Immediate 8 4
3c18f: MOV Address (SizeDir 64 (AddrPlus (FromReg RSP) (AddrImm 24))), Reg RAX 5
3c194: LEA Reg RAX, Address (AddrPlus (FromReg RSP) (AddrImm 8)) 5
3c199: PUSH Reg RAX 1
3c19a: PUSH Reg R10 2
3c19c: MOV Reg EAX, Address (SizeDir 32 (AddrPlus (FromReg RSP) (AddrImm 248))) 7
3c1a3: PUSH Reg RAX 1
3c1a4: CALL libxl__logv (internal)
  |
  `- 3be40
3c1a9: ADD Reg RSP, Immediate 32 4
3c1ad: MOV Reg RAX, Address (SizeDir 64 (AddrPlus (FromReg RSP) (AddrImm 24))) 5
3c1b2: XOR Reg RAX, Address (SizeDir 64 (AddrPlus (FromReg FS) (AddrImm 40))) 9
3c1bb: JNZ 3c1c5 (resolved immediate)
  |
  `- 3c1bd,3c1c5
3c1bd: ADD Reg RSP, Immediate 216 7
3c1c4: RET  1
  |
  `- 
3c1c5: CALL __stack_chk_fail (external)
  |
  `- 
635d0: SUB Reg RSP, Immediate 8 4
635d4: TEST Reg ESI, Reg ESI 2
635d6: JLE 63649 (resolved immediate)
  |
  `- 635d8,63649
635d8: TEST Reg EDX, Reg EDX 2
635da: JLE 63627 (resolved immediate)
  |
  `- 635dc,63627
635dc: CMP Reg ESI, Reg EDX 2
635de: JL 635e7 (resolved immediate)
  |
  `- 635e0,635e7
635e0: XOR Reg EAX, Reg EAX 2
635e2: ADD Reg RSP, Immediate 8 4
635e6: RET  1
  |
  `- 
635e7: LEA Reg RAX, Address (AddrPlus (FromReg RIP) (AddrImm 259778)) 7
635ee: MOV Reg RDI, Address (SizeDir 64 (AddrPlus (FromReg RDI) (AddrImm 16))) 4
635f2: LEA Reg R9, Address (AddrPlus (FromReg RIP) (AddrImm 261415)) 7
635f9: PUSH Reg RSI 1
635fa: PUSH Reg RDX 1
635fb: MOV Reg R8D, Immediate 490 6
63601: PUSH Reg RAX 1
63602: PUSH Immediate 18446744073709551615 2
63604: LEA Reg RCX, Address (AddrPlus (FromReg RIP) (AddrImm 259180)) 7
6360b: XOR Reg EAX, Reg EAX 2
6360d: MOV Reg EDX, Immediate 4294967295 5
63612: MOV Reg ESI, Immediate 8 5
63617: CALL libxl__log (internal)
  |
  `- 
6361c: ADD Reg RSP, Immediate 32 4
63620: MOV Reg EAX, Immediate 4294967290 5
63625: JMP 635e2 (resolved immediate)
  |
  `- 635e2
63627: LEA Reg RAX, Address (AddrPlus (FromReg RIP) (AddrImm 259666)) 7
6362e: SUB Reg RSP, Immediate 8 4
63632: MOV Reg RDI, Address (SizeDir 64 (AddrPlus (FromReg RDI) (AddrImm 16))) 4
63636: LEA Reg R9, Address (AddrPlus (FromReg RIP) (AddrImm 261347)) 7
6363d: PUSH Reg RDX 1
6363e: MOV Reg R8D, Immediate 483 6
63644: PUSH Reg RAX 1
63645: PUSH Immediate 18446744073709551615 2
63647: JMP 63604 (resolved immediate)
  |
  `- 63604
63649: LEA Reg RAX, Address (AddrPlus (FromReg RIP) (AddrImm 259584)) 7
63650: SUB Reg RSP, Immediate 8 4
63654: MOV Reg RDI, Address (SizeDir 64 (AddrPlus (FromReg RDI) (AddrImm 16))) 4
63658: LEA Reg R9, Address (AddrPlus (FromReg RIP) (AddrImm 261313)) 7
6365f: PUSH Reg RSI 1
63660: MOV Reg R8D, Immediate 477 6
63666: PUSH Reg RAX 1
63667: PUSH Immediate 18446744073709551615 2
63669: JMP 63604 (resolved immediate)
  |
  `- 63604
64230: PUSH Reg R14 2
64232: PUSH Reg R13 2
64234: PUSH Reg R12 2
64236: PUSH Reg RBP 1
64237: MOV Reg R12, Reg RDX 3
6423a: PUSH Reg RBX 1
6423b: MOV Reg EBX, Reg ESI 2
6423d: SUB Reg RSP, Immediate 160 7
64244: MOV Reg RAX, Address (SizeDir 64 (AddrPlus (FromReg FS) (AddrImm 40))) 9
6424d: MOV Address (SizeDir 64 (AddrPlus (FromReg RSP) (AddrImm 152))), Reg RAX 8
64255: XOR Reg EAX, Reg EAX 2
64257: MOV Reg EAX, Address (SizeDir 32 (FromReg RDX)) 2
64259: MOV Address (SizeDir 32 (AddrPlus (FromReg RSP) (AddrImm 16))), Immediate 0 8
64261: LEA Reg RBP, Address (AddrPlus (FromReg RSP) (AddrImm 16)) 5
64266: MOV Address (SizeDir 64 (AddrPlus (FromReg RSP) (AddrImm 24))), Immediate 0 9
6426f: MOV Address (SizeDir 64 (AddrPlus (FromReg RSP) (AddrImm 32))), Reg RDI 5
64274: TEST Reg EAX, Reg EAX 2
64276: JZ 642d0 (resolved immediate)
  |
  `- 64278,642d0
64278: SUB Reg EAX, Immediate 4 3
6427b: CMP Reg EAX, Immediate 5 3
6427e: JA 642e0 (resolved immediate)
  |
  `- 64280,642e0
64280: LEA Reg RDX, Address (AddrPlus (FromReg RIP) (AddrImm 257657)) 7
64287: MOVSXD Reg RAX, Address (SizeDir 32 (AddrPlus (FromReg RDX) (AddrTimes (AddrImm 4) (FromReg RAX)))) 4
6428b: ADD Reg RAX, Reg RDX 3
6428e: JMP Reg RAX 2
  |
  `- 64518,644d0,64400,64320,64290
64290: XOR Reg R13D, Reg R13D 3
64293: NOP  5
64298: MOV Reg RDI, Reg RBP 3
6429b: CALL libxl__free_all (internal)
  |
  `- 642a0,3bdb0
642a0: MOV Reg RCX, Address (SizeDir 64 (AddrPlus (FromReg RSP) (AddrImm 152))) 8
642a8: XOR Reg RCX, Address (SizeDir 64 (AddrPlus (FromReg FS) (AddrImm 40))) 9
642b1: MOV Reg EAX, Reg R13D 3
642b4: JNZ 64777 (resolved immediate)
  |
  `- 642ba,64777
642ba: ADD Reg RSP, Immediate 160 7
642c1: POP Reg RBX 1
642c2: POP Reg RBP 1
642c3: POP Reg R12 2
642c5: POP Reg R13 2
642c7: POP Reg R14 2
642c9: RET  1
  |
  `- 
642d0: MOV Reg RDI, Reg RBP 3
642d3: CALL libxl__domain_scheduler (internal)
  |
  `- 327b0
642d8: SUB Reg EAX, Immediate 4 3
642db: CMP Reg EAX, Immediate 5 3
642de: JBE 64280 (resolved immediate)
  |
  `- 64280,642e0
642e0: LEA Reg RAX, Address (AddrPlus (FromReg RIP) (AddrImm 256238)) 7
642e7: LEA Reg R9, Address (AddrPlus (FromReg RIP) (AddrImm 258226)) 7
642ee: LEA Reg RCX, Address (AddrPlus (FromReg RIP) (AddrImm 255874)) 7
642f5: MOV Reg EDX, Immediate 4294967295 5
642fa: MOV Reg R8D, Immediate 798 6
64300: MOV Reg ESI, Immediate 8 5
64305: PUSH Reg RAX 1
64306: PUSH Reg RBX 1
64307: XOR Reg EAX, Reg EAX 2
64309: MOV Reg RDI, Address (SizeDir 64 (AddrPlus (FromReg RSP) (AddrImm 48))) 5
6430e: CALL libxl__log (internal)
  |
  `- 3c110
64313: POP Reg RAX 1
64314: POP Reg RDX 1
64315: MOV Reg R13D, Immediate 4294967290 6
6431b: JMP 64298 (resolved immediate)
  |
  `- 64298
64320: MOV Reg RAX, Address (SizeDir 64 (AddrPlus (FromReg RSP) (AddrImm 32))) 5
64325: LEA Reg RCX, Address (AddrPlus (FromReg RSP) (AddrImm 48)) 5
6432a: MOV Reg EDX, Immediate 1 5
6432f: MOV Reg ESI, Reg EBX 2
64331: MOV Reg RDI, Address (SizeDir 64 (AddrPlus (FromReg RAX) (AddrImm 8))) 4
64335: CALL xc_domain_getinfolist (external)
6433a: TEST Reg EAX, Reg EAX 2
6433c: JS 64757 (resolved immediate)
  |
  `- 64342,64757
64342: CMP Reg EAX, Immediate 1 3
64345: JNZ 64315 (resolved immediate)
  |
  `- 64315,64347
64347: MOVZX Reg EAX, Address (SizeDir 16 (AddrPlus (FromReg RSP) (AddrImm 48))) 5
6434c: MOV Reg R13D, Immediate 4294967290 6
64352: CMP Reg EBX, Reg EAX 2
64354: JNZ 64298 (resolved immediate)
  |
  `- 64298,6435a
6435a: MOV Reg RAX, Address (SizeDir 64 (AddrPlus (FromReg RSP) (AddrImm 32))) 5
6435f: LEA Reg R14, Address (AddrPlus (FromReg RSP) (AddrImm 4)) 5
64364: MOV Reg ESI, Reg EBX 2
64366: MOV Reg RDX, Reg R14 3
64369: MOV Reg RDI, Address (SizeDir 64 (AddrPlus (FromReg RAX) (AddrImm 8))) 4
6436d: CALL xc_sched_credit2_domain_get (external)
64372: TEST Reg EAX, Reg EAX 2
64374: MOV Reg R13D, Reg EAX 3
64377: JNZ 646a2 (resolved immediate)
  |
  `- 6437d,646a2
6437d: MOV Reg EAX, Address (SizeDir 32 (AddrPlus (FromReg R12) (AddrImm 4))) 5
64382: MOV Reg RDI, Address (SizeDir 64 (AddrPlus (FromReg RSP) (AddrImm 32))) 5
64387: CMP Reg EAX, Immediate 4294967295 3
6438a: JZ 643a0 (resolved immediate)
  |
  `- 6438c,643a0
6438c: LEA Reg EDX, Address (AddrMinus (FromReg RAX) (AddrImm 1)) 3
6438f: CMP Reg EDX, Immediate 65534 6
64395: JA 646e2 (resolved immediate)
  |
  `- 6439b,646e2
6439b: MOV Address (SizeDir 16 (AddrPlus (FromReg RSP) (AddrImm 4))), Reg AX 5
643a0: MOV Reg EDX, Address (SizeDir 32 (AddrPlus (FromReg R12) (AddrImm 8))) 5
643a5: CMP Reg EDX, Immediate 4294967295 3
643a8: JZ 643c9 (resolved immediate)
  |
  `- 643aa,643c9
643aa: MOV Reg EAX, Address (SizeDir 32 (AddrPlus (FromReg RSP) (AddrImm 116))) 4
643ae: ADD Reg EAX, Immediate 1 3
643b1: IMUL Reg EAX, Reg EAX, Immediate 100 3
643b4: TEST Reg EDX, Reg EDX 2
643b6: JS 64629 (resolved immediate)
  |
  `- 643bc,64629
643bc: CMP Reg EAX, Reg EDX 2
643be: JB 64629 (resolved immediate)
  |
  `- 643c4,64629
643c4: MOV Address (SizeDir 16 (AddrPlus (FromReg RSP) (AddrImm 6))), Reg DX 5
643c9: MOV Reg RDI, Address (SizeDir 64 (AddrPlus (FromReg RDI) (AddrImm 8))) 4
643cd: MOV Reg RDX, Reg R14 3
643d0: MOV Reg ESI, Reg EBX 2
643d2: CALL xc_sched_credit2_domain_set (external)
643d7: TEST Reg EAX, Reg EAX 2
643d9: JNS 64298 (resolved immediate)
  |
  `- 64298,643df
643df: CALL __errno_location (external)
643e4: LEA Reg RCX, Address (AddrPlus (FromReg RIP) (AddrImm 255897)) 7
643eb: LEA Reg R9, Address (AddrPlus (FromReg RIP) (AddrImm 257902)) 7
643f2: MOV Reg R8D, Immediate 465 6
643f8: PUSH Reg RCX 1
643f9: PUSH Reg RBX 1
643fa: JMP 644a5 (resolved immediate)
  |
  `- 644a5
64400: MOV Reg RAX, Address (SizeDir 64 (AddrPlus (FromReg RSP) (AddrImm 32))) 5
64405: LEA Reg R14, Address (AddrPlus (FromReg RSP) (AddrImm 4)) 5
6440a: MOV Reg ESI, Reg EBX 2
6440c: MOV Reg RDX, Reg R14 3
6440f: MOV Reg RDI, Address (SizeDir 64 (AddrPlus (FromReg RAX) (AddrImm 8))) 4
64413: CALL xc_sched_rtds_domain_get (external)
64418: TEST Reg EAX, Reg EAX 2
6441a: JNZ 64682 (resolved immediate)
  |
  `- 64420,64682
64420: MOV Reg ESI, Address (SizeDir 32 (AddrPlus (FromReg R12) (AddrImm 12))) 5
64425: CMP Reg ESI, Immediate 4294967295 3
64428: JZ 64620 (resolved immediate)
  |
  `- 6442e,64620
6442e: MOV Address (SizeDir 32 (AddrPlus (FromReg RSP) (AddrImm 4))), Reg ESI 4
64432: MOV Reg EDX, Address (SizeDir 32 (AddrPlus (FromReg R12) (AddrImm 16))) 5
64437: CMP Reg EDX, Immediate 4294967295 3
6443a: JZ 64610 (resolved immediate)
  |
  `- 64440,64610
64440: MOV Address (SizeDir 32 (AddrPlus (FromReg RSP) (AddrImm 8))), Reg EDX 4
64444: MOV Reg EDI, Address (SizeDir 32 (AddrPlus (FromReg R12) (AddrImm 20))) 5
64449: MOV Reg EAX, Address (SizeDir 32 (AddrPlus (FromReg RSP) (AddrImm 12))) 4
6444d: TEST Reg EDI, Reg EDI 2
6444f: JZ 64600 (resolved immediate)
  |
  `- 64455,64600
64455: OR Reg EAX, Immediate 1 3
64458: MOV Address (SizeDir 32 (AddrPlus (FromReg RSP) (AddrImm 12))), Reg EAX 4
6445c: MOV Reg RDI, Reg RBP 3
6445f: CALL sched_rtds_validate_params (internal)
  |
  `- 635d0
64464: TEST Reg EAX, Reg EAX 2
64466: MOV Reg R13D, Reg EAX 3
64469: JNZ 64315 (resolved immediate)
  |
  `- 64315,6446f
6446f: MOV Reg RAX, Address (SizeDir 64 (AddrPlus (FromReg RSP) (AddrImm 32))) 5
64474: MOV Reg RDX, Reg R14 3
64477: MOV Reg ESI, Reg EBX 2
64479: MOV Reg RDI, Address (SizeDir 64 (AddrPlus (FromReg RAX) (AddrImm 8))) 4
6447d: CALL xc_sched_rtds_domain_set (external)
64482: TEST Reg EAX, Reg EAX 2
64484: JNS 64298 (resolved immediate)
  |
  `- 64298,6448a
6448a: CALL __errno_location (external)
6448f: LEA Reg RCX, Address (AddrPlus (FromReg RIP) (AddrImm 255781)) 7
64496: LEA Reg R9, Address (AddrPlus (FromReg RIP) (AddrImm 257699)) 7
6449d: MOV Reg R8D, Immediate 760 6
644a3: PUSH Reg RCX 1
644a4: PUSH Reg RBX 1
644a5: MOV Reg RDI, Address (SizeDir 64 (AddrPlus (FromReg RSP) (AddrImm 48))) 5
644aa: MOV Reg EDX, Address (SizeDir 32 (FromReg RAX)) 2
644ac: LEA Reg RCX, Address (AddrPlus (FromReg RIP) (AddrImm 255428)) 7
644b3: MOV Reg ESI, Immediate 8 5
644b8: XOR Reg EAX, Reg EAX 2
644ba: MOV Reg R13D, Immediate 4294967293 6
644c0: CALL libxl__log (internal)
  |
  `- 
644c5: POP Reg RCX 1
644c6: POP Reg RSI 1
644c7: JMP 64298 (resolved immediate)
  |
  `- 64298
644d0: LEA Reg RAX, Address (AddrPlus (FromReg RIP) (AddrImm 256569)) 7
644d7: LEA Reg R9, Address (AddrPlus (FromReg RIP) (AddrImm 257730)) 7
644de: LEA Reg RCX, Address (AddrPlus (FromReg RIP) (AddrImm 255378)) 7
644e5: MOV Reg R8D, Immediate 779 6
644eb: MOV Reg EDX, Immediate 4294967295 5
644f0: MOV Reg ESI, Immediate 8 5
644f5: PUSH Reg RAX 1
644f6: PUSH Reg RBX 1
644f7: XOR Reg EAX, Reg EAX 2
644f9: MOV Reg RDI, Address (SizeDir 64 (AddrPlus (FromReg RSP) (AddrImm 48))) 5
644fe: MOV Reg R13D, Immediate 4294967271 6
64504: CALL libxl__log (internal)
  |
  `- 
64509: POP Reg R10 2
6450b: POP Reg R11 2
6450d: JMP 64298 (resolved immediate)
  |
  `- 64298
64518: MOV Reg RAX, Address (SizeDir 64 (AddrPlus (FromReg RSP) (AddrImm 32))) 5
6451d: LEA Reg RCX, Address (AddrPlus (FromReg RSP) (AddrImm 48)) 5
64522: MOV Reg EDX, Immediate 1 5
64527: MOV Reg ESI, Reg EBX 2
64529: MOV Reg RDI, Address (SizeDir 64 (AddrPlus (FromReg RAX) (AddrImm 8))) 4
6452d: CALL xc_domain_getinfolist (external)
64532: TEST Reg EAX, Reg EAX 2
64534: JS 64737 (resolved immediate)
  |
  `- 6453a,64737
6453a: CMP Reg EAX, Immediate 1 3
6453d: JNZ 64315 (resolved immediate)
  |
  `- 64315,64543
64543: MOVZX Reg EAX, Address (SizeDir 16 (AddrPlus (FromReg RSP) (AddrImm 48))) 5
64548: MOV Reg R13D, Immediate 4294967290 6
6454e: CMP Reg EBX, Reg EAX 2
64550: JNZ 64298 (resolved immediate)
  |
  `- 64298,64556
64556: MOV Reg RAX, Address (SizeDir 64 (AddrPlus (FromReg RSP) (AddrImm 32))) 5
6455b: LEA Reg R14, Address (AddrPlus (FromReg RSP) (AddrImm 4)) 5
64560: MOV Reg ESI, Reg EBX 2
64562: MOV Reg RDX, Reg R14 3
64565: MOV Reg RDI, Address (SizeDir 64 (AddrPlus (FromReg RAX) (AddrImm 8))) 4
64569: CALL xc_sched_credit_domain_get (external)
6456e: TEST Reg EAX, Reg EAX 2
64570: MOV Reg R13D, Reg EAX 3
64573: JNZ 646c2 (resolved immediate)
  |
  `- 64579,646c2
64579: MOV Reg EAX, Address (SizeDir 32 (AddrPlus (FromReg R12) (AddrImm 4))) 5
6457e: MOV Reg RDI, Address (SizeDir 64 (AddrPlus (FromReg RSP) (AddrImm 32))) 5
64583: CMP Reg EAX, Immediate 4294967295 3
64586: JZ 6459c (resolved immediate)
  |
  `- 64588,6459c
64588: LEA Reg EDX, Address (AddrMinus (FromReg RAX) (AddrImm 1)) 3
6458b: CMP Reg EDX, Immediate 65534 6
64591: JA 6471f (resolved immediate)
  |
  `- 64597,6471f
64597: MOV Address (SizeDir 16 (AddrPlus (FromReg RSP) (AddrImm 4))), Reg AX 5
6459c: MOV Reg EDX, Address (SizeDir 32 (AddrPlus (FromReg R12) (AddrImm 8))) 5
645a1: CMP Reg EDX, Immediate 4294967295 3
645a4: JZ 645c5 (resolved immediate)
  |
  `- 645a6,645c5
645a6: MOV Reg EAX, Address (SizeDir 32 (AddrPlus (FromReg RSP) (AddrImm 116))) 4
645aa: ADD Reg EAX, Immediate 1 3
645ad: IMUL Reg EAX, Reg EAX, Immediate 100 3
645b0: TEST Reg EDX, Reg EDX 2
645b2: JS 64665 (resolved immediate)
  |
  `- 645b8,64665
645b8: CMP Reg EDX, Reg EAX 2
645ba: JA 64665 (resolved immediate)
  |
  `- 645c0,64665
645c0: MOV Address (SizeDir 16 (AddrPlus (FromReg RSP) (AddrImm 6))), Reg DX 5
645c5: MOV Reg RDI, Address (SizeDir 64 (AddrPlus (FromReg RDI) (AddrImm 8))) 4
645c9: MOV Reg RDX, Reg R14 3
645cc: MOV Reg ESI, Reg EBX 2
645ce: CALL xc_sched_credit_domain_set (external)
645d3: TEST Reg EAX, Reg EAX 2
645d5: JNS 64298 (resolved immediate)
  |
  `- 64298,645db
645db: CALL __errno_location (external)
645e0: LEA Reg RCX, Address (AddrPlus (FromReg RIP) (AddrImm 255312)) 7
645e7: LEA Reg R9, Address (AddrPlus (FromReg RIP) (AddrImm 257426)) 7
645ee: MOV Reg R8D, Immediate 258 6
645f4: PUSH Reg RCX 1
645f5: PUSH Reg RBX 1
645f6: JMP 644a5 (resolved immediate)
  |
  `- 644a5
64600: AND Reg EAX, Immediate 4294967294 3
64603: MOV Address (SizeDir 32 (AddrPlus (FromReg RSP) (AddrImm 12))), Reg EAX 4
64607: JMP 6445c (resolved immediate)
  |
  `- 6445c
64610: MOV Reg EDX, Address (SizeDir 32 (AddrPlus (FromReg RSP) (AddrImm 8))) 4
64614: JMP 64444 (resolved immediate)
  |
  `- 64444
64620: MOV Reg ESI, Address (SizeDir 32 (AddrPlus (FromReg RSP) (AddrImm 4))) 4
64624: JMP 64432 (resolved immediate)
  |
  `- 64432
64629: SUB Reg RSP, Immediate 8 4
6462d: LEA Reg R9, Address (AddrPlus (FromReg RIP) (AddrImm 257324)) 7
64634: MOV Reg R8D, Immediate 457 6
6463a: PUSH Reg RAX 1
6463b: LEA Reg RAX, Address (AddrPlus (FromReg RIP) (AddrImm 256318)) 7
64642: PUSH Reg RAX 1
64643: PUSH Reg RBX 1
64644: LEA Reg RCX, Address (AddrPlus (FromReg RIP) (AddrImm 255020)) 7
6464b: MOV Reg EDX, Immediate 4294967295 5
64650: MOV Reg ESI, Immediate 8 5
64655: XOR Reg EAX, Reg EAX 2
64657: CALL libxl__log (internal)
  |
  `- 
6465c: ADD Reg RSP, Immediate 32 4
64660: JMP 64315 (resolved immediate)
  |
  `- 64315
64665: SUB Reg RSP, Immediate 8 4
64669: LEA Reg R9, Address (AddrPlus (FromReg RIP) (AddrImm 257296)) 7
64670: MOV Reg R8D, Immediate 250 6
64676: PUSH Reg RAX 1
64677: LEA Reg RAX, Address (AddrPlus (FromReg RIP) (AddrImm 256258)) 7
6467e: PUSH Reg RAX 1
6467f: PUSH Reg RBX 1
64680: JMP 64644 (resolved immediate)
  |
  `- 64644
64682: CALL __errno_location (external)
64687: LEA Reg RCX, Address (AddrPlus (FromReg RIP) (AddrImm 255251)) 7
6468e: LEA Reg R9, Address (AddrPlus (FromReg RIP) (AddrImm 257195)) 7
64695: MOV Reg R8D, Immediate 743 6
6469b: PUSH Reg RCX 1
6469c: PUSH Reg RBX 1
6469d: JMP 644a5 (resolved immediate)
  |
  `- 644a5
646a2: CALL __errno_location (external)
646a7: LEA Reg RCX, Address (AddrPlus (FromReg RIP) (AddrImm 255161)) 7
646ae: LEA Reg R9, Address (AddrPlus (FromReg RIP) (AddrImm 257195)) 7
646b5: MOV Reg R8D, Immediate 439 6
646bb: PUSH Reg RCX 1
646bc: PUSH Reg RBX 1
646bd: JMP 644a5 (resolved immediate)
  |
  `- 644a5
646c2: CALL __errno_location (external)
646c7: LEA Reg RCX, Address (AddrPlus (FromReg RIP) (AddrImm 255053)) 7
646ce: LEA Reg R9, Address (AddrPlus (FromReg RIP) (AddrImm 257195)) 7
646d5: MOV Reg R8D, Immediate 232 6
646db: PUSH Reg RCX 1
646dc: PUSH Reg RBX 1
646dd: JMP 644a5 (resolved immediate)
  |
  `- 644a5
646e2: LEA Reg RAX, Address (AddrPlus (FromReg RIP) (AddrImm 256079)) 7
646e9: LEA Reg R9, Address (AddrPlus (FromReg RIP) (AddrImm 257136)) 7
646f0: MOV Reg R8D, Immediate 446 6
646f6: PUSH Reg RAX 1
646f7: PUSH Reg RBX 1
646f8: LEA Reg RCX, Address (AddrPlus (FromReg RIP) (AddrImm 254840)) 7
646ff: MOV Reg EDX, Immediate 4294967295 5
64704: MOV Reg ESI, Immediate 8 5
64709: XOR Reg EAX, Reg EAX 2
6470b: MOV Reg R13D, Immediate 4294967290 6
64711: CALL libxl__log (internal)
  |
  `- 
64716: POP Reg R8 2
64718: POP Reg R9 2
6471a: JMP 64298 (resolved immediate)
  |
  `- 64298
6471f: LEA Reg RAX, Address (AddrPlus (FromReg RIP) (AddrImm 256018)) 7
64726: LEA Reg R9, Address (AddrPlus (FromReg RIP) (AddrImm 257107)) 7
6472d: MOV Reg R8D, Immediate 239 6
64733: PUSH Reg RAX 1
64734: PUSH Reg RBX 1
64735: JMP 646f8 (resolved immediate)
  |
  `- 646f8
64737: CALL __errno_location (external)
6473c: LEA Reg RCX, Address (AddrPlus (FromReg RIP) (AddrImm 254911)) 7
64743: LEA Reg R9, Address (AddrPlus (FromReg RIP) (AddrImm 257078)) 7
6474a: MOV Reg R8D, Immediate 224 6
64750: PUSH Reg RCX 1
64751: PUSH Reg RBX 1
64752: JMP 644a5 (resolved immediate)
  |
  `- 644a5
64757: CALL __errno_location (external)
6475c: LEA Reg RCX, Address (AddrPlus (FromReg RIP) (AddrImm 254960)) 7
64763: LEA Reg R9, Address (AddrPlus (FromReg RIP) (AddrImm 257014)) 7
6476a: MOV Reg R8D, Immediate 431 6
64770: PUSH Reg RCX 1
64771: PUSH Reg RBX 1
64772: JMP 644a5 (resolved immediate)
  |
  `- 644a5
64777: CALL __stack_chk_fail (external)
  |
  `- 
