Number of assembly instructions     = 19
Number of indirect branches         = 0
Number of unresolved indirect jumps = 0: 
Number of unresolved indirect calls = 0: 
Number of symbolic states (representative of non-determinism): 19
Number of edges: 18

21270 (False): 0

21270: PUSH Reg RBP 1
21271: PUSH Reg RBX 1
21272: MOV Reg RBX, Reg RDI 3
21275: MOV Reg EBP, Reg ESI 2
21277: SUB Reg RSP, Immediate 8 4
2127b: MOV Reg EDI, Address (SizeDir 32 (FromReg RDI)) 2
2127d: CALL libxl_defbool_is_default (external)
21282: TEST Reg AL, Reg AL 2
21284: JNE 21290 (resolved immediate)
  |
  `- 21286,21290
21286: ADD Reg RSP, Immediate 8 4
2128a: POP Reg RBX 1
2128b: POP Reg RBP 1
2128c: RET  1
  |
  `- 
21290: ADD Reg RSP, Immediate 8 4
21294: MOVZX Reg ESI, Reg BPL 4
21298: MOV Reg RDI, Reg RBX 3
2129b: POP Reg RBX 1
2129c: POP Reg RBP 1
2129d: JMP libxl_defbool_set (jmp to external function)
  |
  `- 
