Number of assembly instructions     = 76
Number of indirect branches         = 0
Number of unresolved indirect jumps = 0: 
Number of unresolved indirect calls = 0: 
Number of symbolic states (representative of non-determinism): 76
Number of edges: 76

3bdb0 (True): 814e4
81460 (False): 0

3bdb0: PUSH Reg R12 2
3bdb2: PUSH Reg RBP 1
3bdb3: PUSH Reg RBX 1
3bdb4: MOV Reg EAX, Address (SizeDir 32 (FromReg RDI)) 2
3bdb6: TEST Reg EAX, Reg EAX 2
3bdb8: JS 3be14 (resolved immediate)
  |
  `- 3bdba,3be14
3bdba: MOV Reg R12, Reg RDI 3
3bdbd: MOV Reg EBP, Immediate 0 5
3bdc2: MOV Reg EBX, Immediate 0 5
3bdc7: JZ 3bdf4 (resolved immediate)
  |
  `- 3bdc9,3bdf4
3bdc9: NOP  7
3bdd0: MOV Reg RAX, Address (SizeDir 64 (AddrPlus (FromReg R12) (AddrImm 8))) 5
3bdd5: ADD Reg EBX, Immediate 1 3
3bdd8: ADD Reg RAX, Reg RBP 3
3bddb: ADD Reg RBP, Immediate 8 4
3bddf: MOV Reg RDI, Address (SizeDir 64 (FromReg RAX)) 3
3bde2: MOV Address (SizeDir 64 (FromReg RAX)), Immediate 0 7
3bde9: CALL free (external)
3bdee: CMP Address (SizeDir 32 (FromReg R12)), Reg EBX 4
3bdf2: JG 3bdd0 (resolved immediate)
  |
  `- 3bdd0,3bdf4
3bdf4: MOV Reg RDI, Address (SizeDir 64 (AddrPlus (FromReg R12) (AddrImm 8))) 5
3bdf9: CALL free (external)
3bdfe: MOV Address (SizeDir 64 (AddrPlus (FromReg R12) (AddrImm 8))), Immediate 0 9
3be07: MOV Address (SizeDir 32 (FromReg R12)), Immediate 0 8
3be0f: POP Reg RBX 1
3be10: POP Reg RBP 1
3be11: POP Reg R12 2
3be13: RET  1
  |
  `- 
3be14: LEA Reg RCX, Address (AddrPlus (FromReg RIP) (AddrImm 387253)) 7
3be1b: LEA Reg RSI, Address (AddrPlus (FromReg RIP) (AddrImm 386238)) 7
3be22: LEA Reg RDI, Address (AddrPlus (FromReg RIP) (AddrImm 386248)) 7
3be29: MOV Reg EDX, Immediate 80 5
3be2e: CALL __assert_fail (external)
  |
  `- 
81460: PUSH Reg R12 2
81462: PUSH Reg RBP 1
81463: MOV Reg RBP, Reg RDX 3
81466: PUSH Reg RBX 1
81467: ADD Reg RDX, Immediate 24 4
8146b: MOV Reg RBX, Reg RSI 3
8146e: ADD Reg RSI, Immediate 24 4
81472: MOV Reg R12, Reg RDI 3
81475: SUB Reg RSP, Immediate 32 4
81479: MOV Reg RAX, Address (SizeDir 64 (AddrPlus (FromReg FS) (AddrImm 40))) 9
81482: MOV Address (SizeDir 64 (AddrPlus (FromReg RSP) (AddrImm 24))), Reg RAX 5
81487: XOR Reg EAX, Reg EAX 2
81489: MOV Reg EAX, Address (SizeDir 32 (AddrMinus (FromReg RDX) (AddrImm 24))) 3
8148c: MOV Address (SizeDir 64 (AddrPlus (FromReg RSP) (AddrImm 16))), Reg RDI 5
81491: MOV Address (SizeDir 32 (FromReg RSP)), Immediate 0 7
81498: MOV Address (SizeDir 64 (AddrPlus (FromReg RSP) (AddrImm 8))), Immediate 0 9
814a1: MOV Address (SizeDir 32 (AddrMinus (FromReg RSI) (AddrImm 24))), Reg EAX 3
814a4: MOV Reg EAX, Address (SizeDir 32 (AddrMinus (FromReg RDX) (AddrImm 20))) 3
814a7: MOV Address (SizeDir 32 (AddrMinus (FromReg RSI) (AddrImm 20))), Reg EAX 3
814aa: MOVZX Reg EAX, Address (SizeDir 8 (AddrMinus (FromReg RDX) (AddrImm 16))) 4
814ae: MOV Address (SizeDir 8 (AddrMinus (FromReg RSI) (AddrImm 16))), Reg AL 3
814b1: MOVZX Reg EAX, Address (SizeDir 8 (AddrMinus (FromReg RDX) (AddrImm 15))) 4
814b5: MOV Address (SizeDir 8 (AddrMinus (FromReg RSI) (AddrImm 15))), Reg AL 3
814b8: MOVZX Reg EAX, Address (SizeDir 8 (AddrMinus (FromReg RDX) (AddrImm 14))) 4
814bc: MOV Address (SizeDir 8 (AddrMinus (FromReg RSI) (AddrImm 14))), Reg AL 3
814bf: MOV Reg RAX, Address (SizeDir 64 (AddrMinus (FromReg RDX) (AddrImm 8))) 4
814c3: MOV Address (SizeDir 64 (AddrMinus (FromReg RSI) (AddrImm 8))), Reg RAX 4
814c7: CALL libxl_bitmap_copy_alloc (external)
814cc: LEA Reg RDX, Address (AddrPlus (FromReg RBP) (AddrImm 40)) 4
814d0: LEA Reg RSI, Address (AddrPlus (FromReg RBX) (AddrImm 40)) 4
814d4: MOV Reg RDI, Reg R12 3
814d7: CALL libxl_bitmap_copy_alloc (external)
814dc: MOV Reg RDI, Reg RSP 3
814df: CALL libxl__free_all (internal)
  |
  `- 3bdb0
814e4: MOV Reg RAX, Address (SizeDir 64 (AddrPlus (FromReg RSP) (AddrImm 24))) 5
814e9: XOR Reg RAX, Address (SizeDir 64 (AddrPlus (FromReg FS) (AddrImm 40))) 9
814f2: JNZ 814fd (resolved immediate)
  |
  `- 814f4,814fd
814f4: ADD Reg RSP, Immediate 32 4
814f8: POP Reg RBX 1
814f9: POP Reg RBP 1
814fa: POP Reg R12 2
814fc: RET  1
  |
  `- 
814fd: CALL __stack_chk_fail (external)
  |
  `- 
