Number of assembly instructions     = 70
Number of indirect branches         = 0
Number of unresolved indirect jumps = 0: 
Number of unresolved indirect calls = 0: 
Number of symbolic states (representative of non-determinism): 70
Number of edges: 70

3bdb0 (True): 7e5ed
7e580 (False): 0

3bdb0: PUSH Reg R12 2
3bdb2: PUSH Reg RBP 1
3bdb3: PUSH Reg RBX 1
3bdb4: MOV Reg EAX, Address (SizeDir 32 (FromReg RDI)) 2
3bdb6: TEST Reg EAX, Reg EAX 2
3bdb8: JS 3be14 (resolved immediate)
  |
  `- 3bdba,3be14
3bdba: MOV Reg R12, Reg RDI 3
3bdbd: MOV Reg EBP, Immediate 0 5
3bdc2: MOV Reg EBX, Immediate 0 5
3bdc7: JZ 3bdf4 (resolved immediate)
  |
  `- 3bdc9,3bdf4
3bdc9: NOP  7
3bdd0: MOV Reg RAX, Address (SizeDir 64 (AddrPlus (FromReg R12) (AddrImm 8))) 5
3bdd5: ADD Reg EBX, Immediate 1 3
3bdd8: ADD Reg RAX, Reg RBP 3
3bddb: ADD Reg RBP, Immediate 8 4
3bddf: MOV Reg RDI, Address (SizeDir 64 (FromReg RAX)) 3
3bde2: MOV Address (SizeDir 64 (FromReg RAX)), Immediate 0 7
3bde9: CALL free (external)
3bdee: CMP Address (SizeDir 32 (FromReg R12)), Reg EBX 4
3bdf2: JG 3bdd0 (resolved immediate)
  |
  `- 3bdd0,3bdf4
3bdf4: MOV Reg RDI, Address (SizeDir 64 (AddrPlus (FromReg R12) (AddrImm 8))) 5
3bdf9: CALL free (external)
3bdfe: MOV Address (SizeDir 64 (AddrPlus (FromReg R12) (AddrImm 8))), Immediate 0 9
3be07: MOV Address (SizeDir 32 (FromReg R12)), Immediate 0 8
3be0f: POP Reg RBX 1
3be10: POP Reg RBP 1
3be11: POP Reg R12 2
3be13: RET  1
  |
  `- 
3be14: LEA Reg RCX, Address (AddrPlus (FromReg RIP) (AddrImm 387253)) 7
3be1b: LEA Reg RSI, Address (AddrPlus (FromReg RIP) (AddrImm 386238)) 7
3be22: LEA Reg RDI, Address (AddrPlus (FromReg RIP) (AddrImm 386248)) 7
3be29: MOV Reg EDX, Immediate 80 5
3be2e: CALL __assert_fail (external)
  |
  `- 
7e580: PUSH Reg R12 2
7e582: PUSH Reg RBP 1
7e583: MOV Reg RBP, Reg RDX 3
7e586: PUSH Reg RBX 1
7e587: ADD Reg RDX, Immediate 8 4
7e58b: MOV Reg RBX, Reg RSI 3
7e58e: ADD Reg RSI, Immediate 8 4
7e592: MOV Reg R12, Reg RDI 3
7e595: SUB Reg RSP, Immediate 32 4
7e599: MOV Reg RAX, Address (SizeDir 64 (AddrPlus (FromReg FS) (AddrImm 40))) 9
7e5a2: MOV Address (SizeDir 64 (AddrPlus (FromReg RSP) (AddrImm 24))), Reg RAX 5
7e5a7: XOR Reg EAX, Reg EAX 2
7e5a9: MOV Reg EAX, Address (SizeDir 32 (AddrMinus (FromReg RDX) (AddrImm 8))) 3
7e5ac: MOV Address (SizeDir 64 (AddrPlus (FromReg RSP) (AddrImm 16))), Reg RDI 5
7e5b1: MOV Address (SizeDir 32 (FromReg RSP)), Immediate 0 7
7e5b8: MOV Address (SizeDir 64 (AddrPlus (FromReg RSP) (AddrImm 8))), Immediate 0 9
7e5c1: MOV Address (SizeDir 32 (AddrMinus (FromReg RSI) (AddrImm 8))), Reg EAX 3
7e5c4: CALL libxl_string_copy (external)
7e5c9: LEA Reg RDX, Address (AddrPlus (FromReg RBP) (AddrImm 16)) 4
7e5cd: LEA Reg RSI, Address (AddrPlus (FromReg RBX) (AddrImm 16)) 4
7e5d1: MOV Reg RDI, Reg R12 3
7e5d4: CALL libxl_string_copy (external)
7e5d9: MOV Reg EAX, Address (SizeDir 32 (AddrPlus (FromReg RBP) (AddrImm 24))) 3
7e5dc: MOV Reg RDI, Reg RSP 3
7e5df: MOV Address (SizeDir 32 (AddrPlus (FromReg RBX) (AddrImm 24))), Reg EAX 3
7e5e2: MOV Reg EAX, Address (SizeDir 32 (AddrPlus (FromReg RBP) (AddrImm 28))) 3
7e5e5: MOV Address (SizeDir 32 (AddrPlus (FromReg RBX) (AddrImm 28))), Reg EAX 3
7e5e8: CALL libxl__free_all (internal)
  |
  `- 3bdb0
7e5ed: MOV Reg RAX, Address (SizeDir 64 (AddrPlus (FromReg RSP) (AddrImm 24))) 5
7e5f2: XOR Reg RAX, Address (SizeDir 64 (AddrPlus (FromReg FS) (AddrImm 40))) 9
7e5fb: JNZ 7e606 (resolved immediate)
  |
  `- 7e5fd,7e606
7e5fd: ADD Reg RSP, Immediate 32 4
7e601: POP Reg RBX 1
7e602: POP Reg RBP 1
7e603: POP Reg R12 2
7e605: RET  1
  |
  `- 
7e606: CALL __stack_chk_fail (external)
  |
  `- 
