Number of assembly instructions     = 40
Number of indirect branches         = 0
Number of unresolved indirect jumps = 0: 
Number of unresolved indirect calls = 0: 
Number of symbolic states (representative of non-determinism): 40
Number of edges: 40

826e0 (False): 0

826e0: PUSH Reg RBP 1
826e1: PUSH Reg RBX 1
826e2: SUB Reg RSP, Immediate 8 4
826e6: CMP Address (SizeDir 32 (AddrPlus (FromReg RDI) (AddrImm 416))), Immediate 4294967295 7
826ed: JNZ 82782 (resolved immediate)
  |
  `- 826f3,82782
826f3: CMP Reg ESI, Immediate 1 3
826f6: MOV Reg RBX, Reg RDI 3
826f9: MOV Address (SizeDir 32 (AddrPlus (FromReg RDI) (AddrImm 416))), Reg ESI 6
826ff: JZ 82720 (resolved immediate)
  |
  `- 82701,82720
82701: CMP Reg ESI, Immediate 2 3
82704: JNZ 82711 (resolved immediate)
  |
  `- 82706,82711
82706: MOV Address (SizeDir 64 (AddrPlus (FromReg RDI) (AddrImm 432))), Immediate 18446744073709551615 11
82711: ADD Reg RSP, Immediate 8 4
82715: POP Reg RBX 1
82716: POP Reg RBP 1
82717: RET  1
  |
  `- 
82720: MOV Reg RBP, Immediate 18446744073709551615 7
82727: MOV Address (SizeDir 32 (AddrPlus (FromReg RDI) (AddrImm 568))), Immediate 1 10
82731: LEA Reg RDI, Address (AddrPlus (FromReg RDI) (AddrImm 576)) 7
82738: MOV Address (SizeDir 64 (AddrMinus (FromReg RDI) (AddrImm 56))), Reg RBP 4
8273c: MOV Address (SizeDir 32 (AddrMinus (FromReg RDI) (AddrImm 48))), Reg EBP 3
8273f: CALL libxl_vga_interface_info_init (external)
82744: LEA Reg RDI, Address (AddrPlus (FromReg RBX) (AddrImm 584)) 7
8274b: CALL libxl_vnc_info_init (external)
82750: LEA Reg RDI, Address (AddrPlus (FromReg RBX) (AddrImm 624)) 7
82757: CALL libxl_sdl_info_init (external)
8275c: LEA Reg RDI, Address (AddrPlus (FromReg RBX) (AddrImm 648)) 7
82763: CALL libxl_spice_info_init (external)
82768: LEA Reg RDI, Address (AddrPlus (FromReg RBX) (AddrImm 816)) 7
8276f: CALL libxl_rdm_reserve_init (external)
82774: MOV Address (SizeDir 64 (AddrPlus (FromReg RBX) (AddrImm 824))), Reg RBP 7
8277b: ADD Reg RSP, Immediate 8 4
8277f: POP Reg RBX 1
82780: POP Reg RBP 1
82781: RET  1
  |
  `- 
82782: LEA Reg RCX, Address (AddrPlus (FromReg RIP) (AddrImm 154615)) 7
82789: LEA Reg RSI, Address (AddrPlus (FromReg RIP) (AddrImm 148925)) 7
82790: LEA Reg RDI, Address (AddrPlus (FromReg RIP) (AddrImm 153681)) 7
82797: MOV Reg EDX, Immediate 2154 5
8279c: CALL __assert_fail (external)
  |
  `- 
