Number of assembly instructions     = 248
Number of indirect branches         = 0
Number of unresolved indirect jumps = 0: 
Number of unresolved indirect calls = 0: 
Number of symbolic states (representative of non-determinism): 248
Number of edges: 277

7dbe0 (False): 0

7dbe0: TEST Reg RDI, Reg RDI 3
7dbe3: JE 7dff0 (resolved immediate)
  |
  `- 7dbe9,7dff0
7dbe9: PUSH Reg R12 2
7dbeb: PUSH Reg RBP 1
7dbec: PUSH Reg RBX 1
7dbed: MOV Reg RBX, Reg RDI 3
7dbf0: CALL libxl_domain_create_info_dispose (external)
7dbf5: LEA Reg RDI, Address (SizeDir 64 (AddrPlus (FromReg RBX) (AddrImm 88))) 4
7dbf9: CALL libxl_domain_build_info_dispose (external)
7dbfe: MOV Reg EAX, Address (SizeDir 32 (AddrPlus (FromReg RBX) (AddrImm 944))) 6
7dc04: TEST Reg EAX, Reg EAX 2
7dc06: JLE 7dc2e (resolved immediate)
  |
  `- 7dc08,7dc2e
7dc08: XOR Reg R12D, Reg R12D 3
7dc0b: XOR Reg EBP, Reg EBP 2
7dc0d: NOP  3
7dc10: MOV Reg RDI, Address (SizeDir 64 (AddrPlus (FromReg RBX) (AddrImm 952))) 7
7dc17: ADD Reg EBP, Immediate 1 3
7dc1a: ADD Reg RDI, Reg R12 3
7dc1d: ADD Reg R12, Immediate 120 4
7dc21: CALL libxl_device_disk_dispose (external)
7dc26: CMP Address (SizeDir 32 (AddrPlus (FromReg RBX) (AddrImm 944))), Reg EBP 6
7dc2c: JG 7dc10 (resolved immediate)
  |
  `- 7dc10,7dc2e
7dc2e: MOV Reg RDI, Address (SizeDir 64 (AddrPlus (FromReg RBX) (AddrImm 952))) 7
7dc35: CALL free (external)
7dc3a: MOV Reg EAX, Address (SizeDir 32 (AddrPlus (FromReg RBX) (AddrImm 960))) 6
7dc40: TEST Reg EAX, Reg EAX 2
7dc42: JLE 7dc71 (resolved immediate)
  |
  `- 7dc44,7dc71
7dc44: XOR Reg R12D, Reg R12D 3
7dc47: XOR Reg EBP, Reg EBP 2
7dc49: NOP  7
7dc50: MOV Reg RDI, Address (SizeDir 64 (AddrPlus (FromReg RBX) (AddrImm 968))) 7
7dc57: ADD Reg EBP, Immediate 1 3
7dc5a: ADD Reg RDI, Reg R12 3
7dc5d: ADD Reg R12, Immediate 496 7
7dc64: CALL libxl_device_nic_dispose (external)
7dc69: CMP Address (SizeDir 32 (AddrPlus (FromReg RBX) (AddrImm 960))), Reg EBP 6
7dc6f: JG 7dc50 (resolved immediate)
  |
  `- 7dc50,7dc71
7dc71: MOV Reg RDI, Address (SizeDir 64 (AddrPlus (FromReg RBX) (AddrImm 968))) 7
7dc78: CALL free (external)
7dc7d: MOV Reg EAX, Address (SizeDir 32 (AddrPlus (FromReg RBX) (AddrImm 976))) 6
7dc83: TEST Reg EAX, Reg EAX 2
7dc85: JLE 7dcae (resolved immediate)
  |
  `- 7dc87,7dcae
7dc87: XOR Reg R12D, Reg R12D 3
7dc8a: XOR Reg EBP, Reg EBP 2
7dc8c: NOP  4
7dc90: MOV Reg RDI, Address (SizeDir 64 (AddrPlus (FromReg RBX) (AddrImm 984))) 7
7dc97: ADD Reg EBP, Immediate 1 3
7dc9a: ADD Reg RDI, Reg R12 3
7dc9d: ADD Reg R12, Immediate 24 4
7dca1: CALL libxl_device_pci_dispose (external)
7dca6: CMP Address (SizeDir 32 (AddrPlus (FromReg RBX) (AddrImm 976))), Reg EBP 6
7dcac: JG 7dc90 (resolved immediate)
  |
  `- 7dc90,7dcae
7dcae: MOV Reg RDI, Address (SizeDir 64 (AddrPlus (FromReg RBX) (AddrImm 984))) 7
7dcb5: CALL free (external)
7dcba: MOV Reg EAX, Address (SizeDir 32 (AddrPlus (FromReg RBX) (AddrImm 992))) 6
7dcc0: TEST Reg EAX, Reg EAX 2
7dcc2: JLE 7dcee (resolved immediate)
  |
  `- 7dcc4,7dcee
7dcc4: XOR Reg R12D, Reg R12D 3
7dcc7: XOR Reg EBP, Reg EBP 2
7dcc9: NOP  7
7dcd0: MOV Reg RDI, Address (SizeDir 64 (AddrPlus (FromReg RBX) (AddrImm 1000))) 7
7dcd7: ADD Reg EBP, Immediate 1 3
7dcda: ADD Reg RDI, Reg R12 3
7dcdd: ADD Reg R12, Immediate 24 4
7dce1: CALL libxl_device_rdm_dispose (external)
7dce6: CMP Address (SizeDir 32 (AddrPlus (FromReg RBX) (AddrImm 992))), Reg EBP 6
7dcec: JG 7dcd0 (resolved immediate)
  |
  `- 7dcd0,7dcee
7dcee: MOV Reg RDI, Address (SizeDir 64 (AddrPlus (FromReg RBX) (AddrImm 1000))) 7
7dcf5: CALL free (external)
7dcfa: MOV Reg R12D, Address (SizeDir 32 (AddrPlus (FromReg RBX) (AddrImm 1008))) 7
7dd01: TEST Reg R12D, Reg R12D 3
7dd04: JLE 7dd2e (resolved immediate)
  |
  `- 7dd06,7dd2e
7dd06: XOR Reg R12D, Reg R12D 3
7dd09: XOR Reg EBP, Reg EBP 2
7dd0b: NOP  5
7dd10: MOV Reg RDI, Address (SizeDir 64 (AddrPlus (FromReg RBX) (AddrImm 1016))) 7
7dd17: ADD Reg EBP, Immediate 1 3
7dd1a: ADD Reg RDI, Reg R12 3
7dd1d: ADD Reg R12, Immediate 8 4
7dd21: CALL libxl_device_dtdev_dispose (external)
7dd26: CMP Address (SizeDir 32 (AddrPlus (FromReg RBX) (AddrImm 1008))), Reg EBP 6
7dd2c: JG 7dd10 (resolved immediate)
  |
  `- 7dd10,7dd2e
7dd2e: MOV Reg RDI, Address (SizeDir 64 (AddrPlus (FromReg RBX) (AddrImm 1016))) 7
7dd35: CALL free (external)
7dd3a: MOV Reg EBP, Address (SizeDir 32 (AddrPlus (FromReg RBX) (AddrImm 1024))) 6
7dd40: TEST Reg EBP, Reg EBP 2
7dd42: JLE 7dd6e (resolved immediate)
  |
  `- 7dd44,7dd6e
7dd44: XOR Reg R12D, Reg R12D 3
7dd47: XOR Reg EBP, Reg EBP 2
7dd49: NOP  7
7dd50: MOV Reg RDI, Address (SizeDir 64 (AddrPlus (FromReg RBX) (AddrImm 1032))) 7
7dd57: ADD Reg EBP, Immediate 1 3
7dd5a: ADD Reg RDI, Reg R12 3
7dd5d: ADD Reg R12, Immediate 88 4
7dd61: CALL libxl_device_vfb_dispose (external)
7dd66: CMP Address (SizeDir 32 (AddrPlus (FromReg RBX) (AddrImm 1024))), Reg EBP 6
7dd6c: JG 7dd50 (resolved immediate)
  |
  `- 7dd50,7dd6e
7dd6e: MOV Reg RDI, Address (SizeDir 64 (AddrPlus (FromReg RBX) (AddrImm 1032))) 7
7dd75: CALL free (external)
7dd7a: MOV Reg R11D, Address (SizeDir 32 (AddrPlus (FromReg RBX) (AddrImm 1040))) 7
7dd81: TEST Reg R11D, Reg R11D 3
7dd84: JLE 7ddae (resolved immediate)
  |
  `- 7dd86,7ddae
7dd86: XOR Reg R12D, Reg R12D 3
7dd89: XOR Reg EBP, Reg EBP 2
7dd8b: NOP  5
7dd90: MOV Reg RDI, Address (SizeDir 64 (AddrPlus (FromReg RBX) (AddrImm 1048))) 7
7dd97: ADD Reg EBP, Immediate 1 3
7dd9a: ADD Reg RDI, Reg R12 3
7dd9d: ADD Reg R12, Immediate 64 4
7dda1: CALL libxl_device_vkb_dispose (external)
7dda6: CMP Address (SizeDir 32 (AddrPlus (FromReg RBX) (AddrImm 1040))), Reg EBP 6
7ddac: JG 7dd90 (resolved immediate)
  |
  `- 7dd90,7ddae
7ddae: MOV Reg RDI, Address (SizeDir 64 (AddrPlus (FromReg RBX) (AddrImm 1048))) 7
7ddb5: CALL free (external)
7ddba: MOV Reg R10D, Address (SizeDir 32 (AddrPlus (FromReg RBX) (AddrImm 1056))) 7
7ddc1: TEST Reg R10D, Reg R10D 3
7ddc4: JLE 7ddee (resolved immediate)
  |
  `- 7ddc6,7ddee
7ddc6: XOR Reg R12D, Reg R12D 3
7ddc9: XOR Reg EBP, Reg EBP 2
7ddcb: NOP  5
7ddd0: MOV Reg RDI, Address (SizeDir 64 (AddrPlus (FromReg RBX) (AddrImm 1064))) 7
7ddd7: ADD Reg EBP, Immediate 1 3
7ddda: ADD Reg RDI, Reg R12 3
7dddd: ADD Reg R12, Immediate 40 4
7dde1: CALL libxl_device_vtpm_dispose (external)
7dde6: CMP Address (SizeDir 32 (AddrPlus (FromReg RBX) (AddrImm 1056))), Reg EBP 6
7ddec: JG 7ddd0 (resolved immediate)
  |
  `- 7ddd0,7ddee
7ddee: MOV Reg RDI, Address (SizeDir 64 (AddrPlus (FromReg RBX) (AddrImm 1064))) 7
7ddf5: CALL free (external)
7ddfa: MOV Reg R9D, Address (SizeDir 32 (AddrPlus (FromReg RBX) (AddrImm 1072))) 7
7de01: TEST Reg R9D, Reg R9D 3
7de04: JLE 7de2e (resolved immediate)
  |
  `- 7de06,7de2e
7de06: XOR Reg R12D, Reg R12D 3
7de09: XOR Reg EBP, Reg EBP 2
7de0b: NOP  5
7de10: MOV Reg RDI, Address (SizeDir 64 (AddrPlus (FromReg RBX) (AddrImm 1080))) 7
7de17: ADD Reg EBP, Immediate 1 3
7de1a: ADD Reg RDI, Reg R12 3
7de1d: ADD Reg R12, Immediate 48 4
7de21: CALL libxl_device_p9_dispose (external)
7de26: CMP Address (SizeDir 32 (AddrPlus (FromReg RBX) (AddrImm 1072))), Reg EBP 6
7de2c: JG 7de10 (resolved immediate)
  |
  `- 7de10,7de2e
7de2e: MOV Reg RDI, Address (SizeDir 64 (AddrPlus (FromReg RBX) (AddrImm 1080))) 7
7de35: CALL free (external)
7de3a: MOV Reg R8D, Address (SizeDir 32 (AddrPlus (FromReg RBX) (AddrImm 1088))) 7
7de41: TEST Reg R8D, Reg R8D 3
7de44: JLE 7de6e (resolved immediate)
  |
  `- 7de46,7de6e
7de46: XOR Reg R12D, Reg R12D 3
7de49: XOR Reg EBP, Reg EBP 2
7de4b: NOP  5
7de50: MOV Reg RDI, Address (SizeDir 64 (AddrPlus (FromReg RBX) (AddrImm 1096))) 7
7de57: ADD Reg EBP, Immediate 1 3
7de5a: ADD Reg RDI, Reg R12 3
7de5d: ADD Reg R12, Immediate 24 4
7de61: CALL libxl_device_pvcallsif_dispose (external)
7de66: CMP Address (SizeDir 32 (AddrPlus (FromReg RBX) (AddrImm 1088))), Reg EBP 6
7de6c: JG 7de50 (resolved immediate)
  |
  `- 7de50,7de6e
7de6e: MOV Reg RDI, Address (SizeDir 64 (AddrPlus (FromReg RBX) (AddrImm 1096))) 7
7de75: CALL free (external)
7de7a: MOV Reg EDI, Address (SizeDir 32 (AddrPlus (FromReg RBX) (AddrImm 1104))) 6
7de80: TEST Reg EDI, Reg EDI 2
7de82: JLE 7deae (resolved immediate)
  |
  `- 7de84,7deae
7de84: XOR Reg R12D, Reg R12D 3
7de87: XOR Reg EBP, Reg EBP 2
7de89: NOP  7
7de90: MOV Reg RDI, Address (SizeDir 64 (AddrPlus (FromReg RBX) (AddrImm 1112))) 7
7de97: ADD Reg EBP, Immediate 1 3
7de9a: ADD Reg RDI, Reg R12 3
7de9d: ADD Reg R12, Immediate 40 4
7dea1: CALL libxl_device_vdispl_dispose (external)
7dea6: CMP Address (SizeDir 32 (AddrPlus (FromReg RBX) (AddrImm 1104))), Reg EBP 6
7deac: JG 7de90 (resolved immediate)
  |
  `- 7de90,7deae
7deae: MOV Reg RDI, Address (SizeDir 64 (AddrPlus (FromReg RBX) (AddrImm 1112))) 7
7deb5: CALL free (external)
7deba: MOV Reg ESI, Address (SizeDir 32 (AddrPlus (FromReg RBX) (AddrImm 1120))) 6
7dec0: TEST Reg ESI, Reg ESI 2
7dec2: JLE 7deee (resolved immediate)
  |
  `- 7dec4,7deee
7dec4: XOR Reg R12D, Reg R12D 3
7dec7: XOR Reg EBP, Reg EBP 2
7dec9: NOP  7
7ded0: MOV Reg RDI, Address (SizeDir 64 (AddrPlus (FromReg RBX) (AddrImm 1128))) 7
7ded7: ADD Reg EBP, Immediate 1 3
7deda: ADD Reg RDI, Reg R12 3
7dedd: ADD Reg R12, Immediate 104 4
7dee1: CALL libxl_device_vsnd_dispose (external)
7dee6: CMP Address (SizeDir 32 (AddrPlus (FromReg RBX) (AddrImm 1120))), Reg EBP 6
7deec: JG 7ded0 (resolved immediate)
  |
  `- 7ded0,7deee
7deee: MOV Reg RDI, Address (SizeDir 64 (AddrPlus (FromReg RBX) (AddrImm 1128))) 7
7def5: CALL free (external)
7defa: MOV Reg ECX, Address (SizeDir 32 (AddrPlus (FromReg RBX) (AddrImm 1136))) 6
7df00: TEST Reg ECX, Reg ECX 2
7df02: JLE 7df2e (resolved immediate)
  |
  `- 7df04,7df2e
7df04: XOR Reg R12D, Reg R12D 3
7df07: XOR Reg EBP, Reg EBP 2
7df09: NOP  7
7df10: MOV Reg RDI, Address (SizeDir 64 (AddrPlus (FromReg RBX) (AddrImm 1144))) 7
7df17: ADD Reg EBP, Immediate 1 3
7df1a: ADD Reg RDI, Reg R12 3
7df1d: ADD Reg R12, Immediate 48 4
7df21: CALL libxl_device_channel_dispose (external)
7df26: CMP Address (SizeDir 32 (AddrPlus (FromReg RBX) (AddrImm 1136))), Reg EBP 6
7df2c: JG 7df10 (resolved immediate)
  |
  `- 7df10,7df2e
7df2e: MOV Reg RDI, Address (SizeDir 64 (AddrPlus (FromReg RBX) (AddrImm 1144))) 7
7df35: CALL free (external)
7df3a: MOV Reg EDX, Address (SizeDir 32 (AddrPlus (FromReg RBX) (AddrImm 1152))) 6
7df40: TEST Reg EDX, Reg EDX 2
7df42: JLE 7df6e (resolved immediate)
  |
  `- 7df44,7df6e
7df44: XOR Reg R12D, Reg R12D 3
7df47: XOR Reg EBP, Reg EBP 2
7df49: NOP  7
7df50: MOV Reg RDI, Address (SizeDir 64 (AddrPlus (FromReg RBX) (AddrImm 1160))) 7
7df57: ADD Reg EBP, Immediate 1 3
7df5a: ADD Reg RDI, Reg R12 3
7df5d: ADD Reg R12, Immediate 32 4
7df61: CALL libxl_device_usbctrl_dispose (external)
7df66: CMP Address (SizeDir 32 (AddrPlus (FromReg RBX) (AddrImm 1152))), Reg EBP 6
7df6c: JG 7df50 (resolved immediate)
  |
  `- 7df50,7df6e
7df6e: MOV Reg RDI, Address (SizeDir 64 (AddrPlus (FromReg RBX) (AddrImm 1160))) 7
7df75: CALL free (external)
7df7a: MOV Reg EAX, Address (SizeDir 32 (AddrPlus (FromReg RBX) (AddrImm 1168))) 6
7df80: TEST Reg EAX, Reg EAX 2
7df82: JLE 7dfae (resolved immediate)
  |
  `- 7df84,7dfae
7df84: XOR Reg R12D, Reg R12D 3
7df87: XOR Reg EBP, Reg EBP 2
7df89: NOP  7
7df90: MOV Reg RDI, Address (SizeDir 64 (AddrPlus (FromReg RBX) (AddrImm 1176))) 7
7df97: ADD Reg EBP, Immediate 1 3
7df9a: ADD Reg RDI, Reg R12 3
7df9d: ADD Reg R12, Immediate 16 4
7dfa1: CALL libxl_device_usbdev_dispose (external)
7dfa6: CMP Address (SizeDir 32 (AddrPlus (FromReg RBX) (AddrImm 1168))), Reg EBP 6
7dfac: JG 7df90 (resolved immediate)
  |
  `- 7df90,7dfae
7dfae: MOV Reg RDI, Address (SizeDir 64 (AddrPlus (FromReg RBX) (AddrImm 1176))) 7
7dfb5: CALL free (external)
7dfba: LEA Reg RDI, Address (SizeDir 64 (AddrPlus (FromReg RBX) (AddrImm 8))) 4
7dfbe: MOV Address (SizeDir 64 (FromReg RBX)), Immediate 0 7
7dfc5: MOV Address (SizeDir 64 (AddrPlus (FromReg RBX) (AddrImm 1200))), Immediate 0 11
7dfd0: XOR Reg EAX, Reg EAX 2
7dfd2: AND Reg RDI, Immediate 18446744073709551608 4
7dfd6: SUB Reg RBX, Reg RDI 3
7dfd9: LEA Reg ECX, Address (SizeDir 32 (AddrPlus (FromReg RBX) (AddrImm 1208))) 6
7dfdf: SHR Reg ECX, Immediate 3 3
7dfe2: REP STOSQ Address (SizeDir 64 (FromReg RDI)), Reg RAX 3
7dfe5: POP Reg RBX 1
7dfe6: POP Reg RBP 1
7dfe7: POP Reg R12 2
7dfe9: RET  1
  |
  `- 
7dff0: RET  2
  |
  `- 
