Number of assembly instructions     = 9
Number of indirect branches         = 0
Number of unresolved indirect jumps = 0: 
Number of unresolved indirect calls = 0: 
Number of symbolic states (representative of non-determinism): 9
Number of edges: 9

845e0 (False): 0

845e0: TEST Reg RSI, Reg RSI 3
845e3: JZ 845ea (resolved immediate)
  |
  `- 845e5,845ea
845e5: CMP Address (SizeDir 32 (FromReg RSI)), Immediate 32 3
845e8: JZ 845f0 (resolved immediate)
  |
  `- 845ea,845f0
845ea: MOV Reg EAX, Immediate 4294967295 5
845ef: RET  1
  |
  `- 
845f0: MOV Reg RDI, Address (SizeDir 64 (AddrPlus (FromReg RSI) (AddrImm 8))) 4
845f4: MOV Reg RSI, Reg RDX 3
845f7: JMP libxl_console_type_from_string (jmp to external function)
  |
  `- 
