Number of assembly instructions     = 9
Number of indirect branches         = 0
Number of unresolved indirect jumps = 0: 
Number of unresolved indirect calls = 0: 
Number of symbolic states (representative of non-determinism): 9
Number of edges: 9

864f0 (False): 0

864f0: TEST Reg RSI, Reg RSI 3
864f3: JZ 864fa (resolved immediate)
  |
  `- 864f5,864fa
864f5: CMP Address (SizeDir 32 (FromReg RSI)), Immediate 32 3
864f8: JZ 86500 (resolved immediate)
  |
  `- 864fa,86500
864fa: MOV Reg EAX, Immediate 4294967295 5
864ff: RET  1
  |
  `- 
86500: MOV Reg RDI, Address (SizeDir 64 (AddrPlus (FromReg RSI) (AddrImm 8))) 4
86504: MOV Reg RSI, Reg RDX 3
86507: JMP libxl_nic_type_from_string (jmp to external function)
  |
  `- 
