Number of assembly instructions     = 21
Number of indirect branches         = 1
Number of unresolved indirect jumps = 0: 
Number of unresolved indirect calls = 0: 
Number of symbolic states (representative of non-determinism): 31
Number of edges: 90

8ff80 (False): 0

8ff80: CMP Reg EDI, Immediate 5 3
8ff83: JA 90000 (resolved immediate)
  |
  `- 8ff85,90000
8ff85: LEA Reg RDX, Address (AddrPlus (FromReg RIP) (AddrImm 99108)) 7
8ff8c: MOV Reg EDI, Reg EDI 2
8ff8e: MOVSXD Reg RAX, Address (SizeDir 32 (AddrPlus (FromReg RDX) (AddrTimes (AddrImm 4) (FromReg RDI)))) 4
8ff92: ADD Reg RAX, Reg RDX 3
8ff95: JMP Reg RAX 2
  |
  `- 8fff0,8ffe0,8ffd0,8ffc0,8ffb0,8ffa0
8ffa0: LEA Reg RAX, Address (AddrPlus (FromReg RIP) (AddrImm 93530)) 7
8ffa7: RET  1
  |
  `- 
8ffb0: LEA Reg RAX, Address (AddrPlus (FromReg RIP) (AddrImm 96496)) 7
8ffb7: RET  1
  |
  `- 
8ffc0: LEA Reg RAX, Address (AddrPlus (FromReg RIP) (AddrImm 96487)) 7
8ffc7: RET  1
  |
  `- 
8ffd0: LEA Reg RAX, Address (AddrPlus (FromReg RIP) (AddrImm 96483)) 7
8ffd7: RET  1
  |
  `- 
8ffe0: LEA Reg RAX, Address (AddrPlus (FromReg RIP) (AddrImm 96479)) 7
8ffe7: RET  1
  |
  `- 
8fff0: LEA Reg RAX, Address (AddrPlus (FromReg RIP) (AddrImm 96470)) 7
8fff7: RET  1
  |
  `- 
90000: XOR Reg EAX, Reg EAX 2
90002: RET  1
  |
  `- 
