Number of assembly instructions     = 31
Number of indirect branches         = 0
Number of unresolved indirect jumps = 0: 
Number of unresolved indirect calls = 0: 
Number of symbolic states (representative of non-determinism): 31
Number of edges: 30

82640 (False): 0

82640: PUSH Reg RBP 1
82641: PUSH Reg RBX 1
82642: MOV Reg RBX, Reg RDI 3
82645: LEA Reg RDI, Address (AddrPlus (FromReg RDI) (AddrImm 8)) 4
82649: MOV Reg RCX, Reg RBX 3
8264c: XOR Reg EAX, Reg EAX 2
8264e: SUB Reg RSP, Immediate 8 4
82652: MOV Address (SizeDir 64 (AddrMinus (FromReg RDI) (AddrImm 8))), Immediate 0 8
8265a: MOV Address (SizeDir 64 (AddrPlus (FromReg RDI) (AddrImm 840))), Immediate 0 11
82665: AND Reg RDI, Immediate 18446744073709551608 4
82669: MOV Reg RBP, Immediate 18446744073709551615 7
82670: SUB Reg RCX, Reg RDI 3
82673: ADD Reg ECX, Immediate 856 6
82679: SHR Reg ECX, Immediate 3 3
8267c: REP STOSQ  3
8267f: MOV Reg RAX, Immediate 4398046511136 10
82689: LEA Reg RDI, Address (AddrPlus (FromReg RBX) (AddrImm 256)) 7
82690: MOV Address (SizeDir 64 (AddrPlus (FromReg RBX) (AddrImm 96))), Reg RBP 4
82694: MOV Address (SizeDir 64 (AddrPlus (FromReg RBX) (AddrImm 104))), Reg RBP 4
82698: MOV Address (SizeDir 64 (AddrPlus (FromReg RBX) (AddrImm 112))), Reg RBP 4
8269c: MOV Address (SizeDir 64 (AddrPlus (FromReg RBX) (AddrImm 120))), Reg RBP 4
826a0: MOV Address (SizeDir 64 (AddrPlus (FromReg RBX) (AddrImm 184))), Reg RAX 7
826a7: CALL libxl_domain_sched_params_init (external)
826ac: MOV Address (SizeDir 32 (AddrPlus (FromReg RBX) (AddrImm 400))), Reg EBP 6
826b2: MOV Address (SizeDir 32 (AddrPlus (FromReg RBX) (AddrImm 416))), Reg EBP 6
826b8: MOV Address (SizeDir 32 (AddrPlus (FromReg RBX) (AddrImm 840))), Immediate 0 10
826c2: MOV Address (SizeDir 32 (AddrPlus (FromReg RBX) (AddrImm 848))), Immediate 0 10
826cc: ADD Reg RSP, Immediate 8 4
826d0: POP Reg RBX 1
826d1: POP Reg RBP 1
826d2: RET  1
  |
  `- 
