Number of assembly instructions     = 110
Number of indirect branches         = 0
Number of unresolved indirect jumps = 0: 
Number of unresolved indirect calls = 0: 
Number of symbolic states (representative of non-determinism): 110
Number of edges: 110

3bdb0 (True): 7fb8e
7fa90 (False): 0

3bdb0: PUSH Reg R12 2
3bdb2: PUSH Reg RBP 1
3bdb3: PUSH Reg RBX 1
3bdb4: MOV Reg EAX, Address (SizeDir 32 (FromReg RDI)) 2
3bdb6: TEST Reg EAX, Reg EAX 2
3bdb8: JS 3be14 (resolved immediate)
  |
  `- 3bdba,3be14
3bdba: MOV Reg R12, Reg RDI 3
3bdbd: MOV Reg EBP, Immediate 0 5
3bdc2: MOV Reg EBX, Immediate 0 5
3bdc7: JE 3bdf4 (resolved immediate)
  |
  `- 3bdc9,3bdf4
3bdc9: NOP  7
3bdd0: MOV Reg RAX, Address (SizeDir 64 (AddrPlus (FromReg R12) (AddrImm 8))) 5
3bdd5: ADD Reg EBX, Immediate 1 3
3bdd8: ADD Reg RAX, Reg RBP 3
3bddb: ADD Reg RBP, Immediate 8 4
3bddf: MOV Reg RDI, Address (SizeDir 64 (FromReg RAX)) 3
3bde2: MOV Address (SizeDir 64 (FromReg RAX)), Immediate 0 7
3bde9: CALL free (external)
3bdee: CMP Address (SizeDir 32 (FromReg R12)), Reg EBX 4
3bdf2: JG 3bdd0 (resolved immediate)
  |
  `- 3bdd0,3bdf4
3bdf4: MOV Reg RDI, Address (SizeDir 64 (AddrPlus (FromReg R12) (AddrImm 8))) 5
3bdf9: CALL free (external)
3bdfe: MOV Address (SizeDir 64 (AddrPlus (FromReg R12) (AddrImm 8))), Immediate 0 9
3be07: MOV Address (SizeDir 32 (FromReg R12)), Immediate 0 8
3be0f: POP Reg RBX 1
3be10: POP Reg RBP 1
3be11: POP Reg R12 2
3be13: RET  1
  |
  `- 
3be14: LEA Reg RCX, Address (SizeDir 64 (AddrPlus (FromReg RIP) (AddrImm 387253))) 7
3be1b: LEA Reg RSI, Address (SizeDir 64 (AddrPlus (FromReg RIP) (AddrImm 386238))) 7
3be22: LEA Reg RDI, Address (SizeDir 64 (AddrPlus (FromReg RIP) (AddrImm 386248))) 7
3be29: MOV Reg EDX, Immediate 80 5
3be2e: CALL __assert_fail (external)
  |
  `- 
7fa90: PUSH Reg R12 2
7fa92: PUSH Reg RBP 1
7fa93: MOV Reg RBP, Reg RDX 3
7fa96: PUSH Reg RBX 1
7fa97: ADD Reg RDX, Immediate 8 4
7fa9b: MOV Reg RBX, Reg RSI 3
7fa9e: ADD Reg RSI, Immediate 8 4
7faa2: MOV Reg R12, Reg RDI 3
7faa5: SUB Reg RSP, Immediate 32 4
7faa9: MOV Reg RAX, Address (SizeDir 64 (AddrPlus (FromReg FS) (AddrImm 40))) 9
7fab2: MOV Address (SizeDir 64 (AddrPlus (FromReg RSP) (AddrImm 24))), Reg RAX 5
7fab7: XOR Reg EAX, Reg EAX 2
7fab9: MOV Reg EAX, Address (SizeDir 32 (AddrMinus (FromReg RDX) (AddrImm 8))) 3
7fabc: MOV Address (SizeDir 64 (AddrPlus (FromReg RSP) (AddrImm 16))), Reg RDI 5
7fac1: MOV Address (SizeDir 32 (FromReg RSP)), Immediate 0 7
7fac8: MOV Address (SizeDir 64 (AddrPlus (FromReg RSP) (AddrImm 8))), Immediate 0 9
7fad1: MOV Address (SizeDir 32 (AddrMinus (FromReg RSI) (AddrImm 8))), Reg EAX 3
7fad4: CALL libxl_string_copy (external)
7fad9: LEA Reg RDX, Address (SizeDir 64 (AddrPlus (FromReg RBP) (AddrImm 16))) 4
7fadd: LEA Reg RSI, Address (SizeDir 64 (AddrPlus (FromReg RBX) (AddrImm 16))) 4
7fae1: MOV Reg RDI, Reg R12 3
7fae4: CALL libxl_string_copy (external)
7fae9: LEA Reg RDX, Address (SizeDir 64 (AddrPlus (FromReg RBP) (AddrImm 24))) 4
7faed: LEA Reg RSI, Address (SizeDir 64 (AddrPlus (FromReg RBX) (AddrImm 24))) 4
7faf1: MOV Reg RDI, Reg R12 3
7faf4: CALL libxl_string_copy (external)
7faf9: MOV Reg EAX, Address (SizeDir 32 (AddrPlus (FromReg RBP) (AddrImm 32))) 3
7fafc: LEA Reg RDX, Address (SizeDir 64 (AddrPlus (FromReg RBP) (AddrImm 40))) 4
7fb00: LEA Reg RSI, Address (SizeDir 64 (AddrPlus (FromReg RBX) (AddrImm 40))) 4
7fb04: MOV Reg RDI, Reg R12 3
7fb07: MOV Address (SizeDir 32 (AddrPlus (FromReg RBX) (AddrImm 32))), Reg EAX 3
7fb0a: MOV Reg EAX, Address (SizeDir 32 (AddrPlus (FromReg RBP) (AddrImm 36))) 3
7fb0d: MOV Address (SizeDir 32 (AddrPlus (FromReg RBX) (AddrImm 36))), Reg EAX 3
7fb10: CALL libxl_string_copy (external)
7fb15: MOV Reg EAX, Address (SizeDir 32 (AddrPlus (FromReg RBP) (AddrImm 48))) 3
7fb18: LEA Reg RDX, Address (SizeDir 64 (AddrPlus (FromReg RBP) (AddrImm 80))) 4
7fb1c: LEA Reg RSI, Address (SizeDir 64 (AddrPlus (FromReg RBX) (AddrImm 80))) 4
7fb20: MOV Reg RDI, Reg R12 3
7fb23: MOV Address (SizeDir 32 (AddrPlus (FromReg RBX) (AddrImm 48))), Reg EAX 3
7fb26: MOV Reg EAX, Address (SizeDir 32 (AddrPlus (FromReg RBP) (AddrImm 52))) 3
7fb29: MOV Address (SizeDir 32 (AddrPlus (FromReg RBX) (AddrImm 52))), Reg EAX 3
7fb2c: MOV Reg EAX, Address (SizeDir 32 (AddrPlus (FromReg RBP) (AddrImm 56))) 3
7fb2f: MOV Address (SizeDir 32 (AddrPlus (FromReg RBX) (AddrImm 56))), Reg EAX 3
7fb32: MOVZX Reg EAX, Address (SizeDir 8 (AddrPlus (FromReg RBP) (AddrImm 60))) 4
7fb36: MOV Address (SizeDir 8 (AddrPlus (FromReg RBX) (AddrImm 60))), Reg AL 3
7fb39: MOV Reg EAX, Address (SizeDir 32 (AddrPlus (FromReg RBP) (AddrImm 64))) 3
7fb3c: MOV Address (SizeDir 32 (AddrPlus (FromReg RBX) (AddrImm 64))), Reg EAX 3
7fb3f: MOV Reg EAX, Address (SizeDir 32 (AddrPlus (FromReg RBP) (AddrImm 68))) 3
7fb42: MOV Address (SizeDir 32 (AddrPlus (FromReg RBX) (AddrImm 68))), Reg EAX 3
7fb45: MOV Reg EAX, Address (SizeDir 32 (AddrPlus (FromReg RBP) (AddrImm 72))) 3
7fb48: MOV Address (SizeDir 32 (AddrPlus (FromReg RBX) (AddrImm 72))), Reg EAX 3
7fb4b: CALL libxl_string_copy (external)
7fb50: MOV Reg EAX, Address (SizeDir 32 (AddrPlus (FromReg RBP) (AddrImm 88))) 3
7fb53: LEA Reg RDX, Address (SizeDir 64 (AddrPlus (FromReg RBP) (AddrImm 96))) 4
7fb57: LEA Reg RSI, Address (SizeDir 64 (AddrPlus (FromReg RBX) (AddrImm 96))) 4
7fb5b: MOV Reg RDI, Reg R12 3
7fb5e: MOV Address (SizeDir 32 (AddrPlus (FromReg RBX) (AddrImm 88))), Reg EAX 3
7fb61: CALL libxl_string_copy (external)
7fb66: LEA Reg RDX, Address (SizeDir 64 (AddrPlus (FromReg RBP) (AddrImm 104))) 4
7fb6a: LEA Reg RSI, Address (SizeDir 64 (AddrPlus (FromReg RBX) (AddrImm 104))) 4
7fb6e: MOV Reg RDI, Reg R12 3
7fb71: CALL libxl_string_copy (external)
7fb76: LEA Reg RDX, Address (SizeDir 64 (AddrPlus (FromReg RBP) (AddrImm 112))) 4
7fb7a: LEA Reg RSI, Address (SizeDir 64 (AddrPlus (FromReg RBX) (AddrImm 112))) 4
7fb7e: MOV Reg RDI, Reg R12 3
7fb81: CALL libxl_string_copy (external)
7fb86: MOV Reg RDI, Reg RSP 3
7fb89: CALL libxl__free_all (internal)
  |
  `- 3bdb0
7fb8e: MOV Reg RAX, Address (SizeDir 64 (AddrPlus (FromReg RSP) (AddrImm 24))) 5
7fb93: XOR Reg RAX, Address (SizeDir 64 (AddrPlus (FromReg FS) (AddrImm 40))) 9
7fb9c: JNE 7fba7 (resolved immediate)
  |
  `- 7fb9e,7fba7
7fb9e: ADD Reg RSP, Immediate 32 4
7fba2: POP Reg RBX 1
7fba3: POP Reg RBP 1
7fba4: POP Reg R12 2
7fba6: RET  1
  |
  `- 
7fba7: CALL __stack_chk_fail (external)
  |
  `- 
