Number of assembly instructions     = 16
Number of indirect branches         = 0
Number of unresolved indirect jumps = 0: 
Number of unresolved indirect calls = 0: 
Number of symbolic states (representative of non-determinism): 16
Number of edges: 15

7e0c0 (False): 0

7e0c0: TEST Reg RDI, Reg RDI 3
7e0c3: JZ 7e0f0 (resolved immediate)
  |
  `- 7e0c5,7e0f0
7e0c5: PUSH Reg RBX 1
7e0c6: MOV Reg RBX, Reg RDI 3
7e0c9: MOV Reg RDI, Address (SizeDir 64 (AddrPlus (FromReg RDI) (AddrImm 16))) 4
7e0cd: CALL free (external)
7e0d2: MOV Reg RDI, Address (SizeDir 64 (AddrPlus (FromReg RBX) (AddrImm 32))) 4
7e0d6: CALL free (external)
7e0db: PXOR Reg XMM0, Reg XMM0 4
7e0df: MOVUPS Address (SizeDir 128 (FromReg RBX)), Reg XMM0 3
7e0e2: MOVUPS Address (SizeDir 128 (AddrPlus (FromReg RBX) (AddrImm 16))), Reg XMM0 4
7e0e6: MOVUPS Address (SizeDir 128 (AddrPlus (FromReg RBX) (AddrImm 32))), Reg XMM0 4
7e0ea: MOVUPS Address (SizeDir 128 (AddrPlus (FromReg RBX) (AddrImm 48))), Reg XMM0 4
7e0ee: POP Reg RBX 1
7e0ef: RET  1
  |
  `- 
7e0f0: REPZ RET  2
  |
  `- 
