Number of assembly instructions     = 1160
Number of indirect branches         = 2
Number of unresolved indirect jumps = 0: 
Number of unresolved indirect calls = 2: 4ce4b, 4d09a
Number of symbolic states (representative of non-determinism): 1160
Number of edges: 1204

20027 (False): 68da5, 68f5f
2004a (False): 68daa, 68f5a
3bdb0 (True): 68eab
3be40 (True): 3c1a9
3c110 (True): 3c211, 3c274, 4d318, 4d37c, 4d5cd, 4d693, 4d6d8
3c1d0 (False): 3c39c, 3c45b, 3c707
3c2a0 (True): 3c43a, 3c6e0
3c410 (True): 3c4c9, 4cf13
3c460 (True): 3c5d4
3c540 (True): 4d2da, 4d58e
3c660 (True): 4d49d
4cc40 (False): 4cf2a, 4d10a, 4d550, 4d6e6
4cc70 (False): 4cf25, 4d10f, 4d419, 4d6eb
4cdb0 (True): 4d44b
4d110 (True): 4d3a9, 4d62a
4d230 (True): 68f22
4d550 (True): 68d81
68ce0 (True): 68f39
68db0 (False): 0

20027: LEA Reg RCX, Address (AddrPlus (FromReg RIP) (AddrImm 541698)) 7
2002e: LEA Reg RSI, Address (AddrPlus (FromReg RIP) (AddrImm 470567)) 7
20035: LEA Reg RDI, Address (AddrPlus (FromReg RIP) (AddrImm 470577)) 7
2003c: SUB Reg RSP, Immediate 8 4
20040: MOV Reg EDX, Immediate 4217 5
20045: CALL __assert_fail (external)
  |
  `- 
2004a: LEA Reg RCX, Address (AddrPlus (FromReg RIP) (AddrImm 541631)) 7
20051: LEA Reg RSI, Address (AddrPlus (FromReg RIP) (AddrImm 470532)) 7
20058: LEA Reg RDI, Address (AddrPlus (FromReg RIP) (AddrImm 470542)) 7
2005f: SUB Reg RSP, Immediate 8 4
20063: MOV Reg EDX, Immediate 4222 5
20068: CALL __assert_fail (external)
  |
  `- 
3bdb0: PUSH Reg R12 2
3bdb2: PUSH Reg RBP 1
3bdb3: PUSH Reg RBX 1
3bdb4: MOV Reg EAX, Address (SizeDir 32 (FromReg RDI)) 2
3bdb6: TEST Reg EAX, Reg EAX 2
3bdb8: JS 3be14 (resolved immediate)
  |
  `- 3bdba,3be14
3bdba: MOV Reg R12, Reg RDI 3
3bdbd: MOV Reg EBP, Immediate 0 5
3bdc2: MOV Reg EBX, Immediate 0 5
3bdc7: JZ 3bdf4 (resolved immediate)
  |
  `- 3bdc9,3bdf4
3bdc9: NOP  7
3bdd0: MOV Reg RAX, Address (SizeDir 64 (AddrPlus (FromReg R12) (AddrImm 8))) 5
3bdd5: ADD Reg EBX, Immediate 1 3
3bdd8: ADD Reg RAX, Reg RBP 3
3bddb: ADD Reg RBP, Immediate 8 4
3bddf: MOV Reg RDI, Address (SizeDir 64 (FromReg RAX)) 3
3bde2: MOV Address (SizeDir 64 (FromReg RAX)), Immediate 0 7
3bde9: CALL free (external)
3bdee: CMP Address (SizeDir 32 (FromReg R12)), Reg EBX 4
3bdf2: JG 3bdd0 (resolved immediate)
  |
  `- 3bdd0,3bdf4
3bdf4: MOV Reg RDI, Address (SizeDir 64 (AddrPlus (FromReg R12) (AddrImm 8))) 5
3bdf9: CALL free (external)
3bdfe: MOV Address (SizeDir 64 (AddrPlus (FromReg R12) (AddrImm 8))), Immediate 0 9
3be07: MOV Address (SizeDir 32 (FromReg R12)), Immediate 0 8
3be0f: POP Reg RBX 1
3be10: POP Reg RBP 1
3be11: POP Reg R12 2
3be13: RET  1
  |
  `- 
3be14: LEA Reg RCX, Address (AddrPlus (FromReg RIP) (AddrImm 387253)) 7
3be1b: LEA Reg RSI, Address (AddrPlus (FromReg RIP) (AddrImm 386238)) 7
3be22: LEA Reg RDI, Address (AddrPlus (FromReg RIP) (AddrImm 386248)) 7
3be29: MOV Reg EDX, Immediate 80 5
3be2e: CALL __assert_fail (external)
  |
  `- 
3be40: PUSH Reg R15 2
3be42: PUSH Reg R14 2
3be44: MOV Reg R15, Reg RDI 3
3be47: PUSH Reg R13 2
3be49: PUSH Reg R12 2
3be4b: MOV Reg R12, Reg RCX 3
3be4e: PUSH Reg RBP 1
3be4f: PUSH Reg RBX 1
3be50: MOV Reg EBP, Reg R8D 3
3be53: MOV Reg RBX, Reg R9 3
3be56: SUB Reg RSP, Immediate 584 7
3be5d: MOV Address (SizeDir 32 (AddrPlus (FromReg RSP) (AddrImm 4))), Reg ESI 4
3be61: MOV Address (SizeDir 32 (AddrPlus (FromReg RSP) (AddrImm 8))), Reg EDX 4
3be65: MOV Reg RAX, Address (SizeDir 64 (AddrPlus (FromReg FS) (AddrImm 40))) 9
3be6e: MOV Address (SizeDir 64 (AddrPlus (FromReg RSP) (AddrImm 568))), Reg RAX 8
3be76: XOR Reg EAX, Reg EAX 2
3be78: MOV Address (SizeDir 64 (AddrPlus (FromReg RSP) (AddrImm 40))), Immediate 0 9
3be81: CALL __errno_location (external)
3be86: MOV Reg RCX, Address (SizeDir 64 (AddrPlus (FromReg RSP) (AddrImm 656))) 8
3be8e: MOV Reg RDX, Address (SizeDir 64 (AddrPlus (FromReg RSP) (AddrImm 648))) 8
3be96: LEA Reg RDI, Address (AddrPlus (FromReg RSP) (AddrImm 40)) 5
3be9b: MOV Reg ESI, Immediate 1 5
3bea0: MOV Reg R13, Reg RAX 3
3bea3: MOV Reg R14D, Address (SizeDir 32 (FromReg RAX)) 3
3bea6: CALL __vasprintf_chk (external)
3beab: TEST Reg RBX, Reg RBX 3
3beae: SETNZ Address (SizeDir 8 (AddrPlus (FromReg RSP) (AddrImm 15))) 5
3beb3: TEST Reg EAX, Reg EAX 2
3beb5: JS 3c0a0 (resolved immediate)
  |
  `- 3bebb,3c0a0
3bebb: TEST Reg R12, Reg R12 3
3bebe: MOV Address (SizeDir 8 (AddrPlus (FromReg RSP) (AddrImm 48))), Immediate 0 5
3bec3: JZ 3bf50 (resolved immediate)
  |
  `- 3bec9,3bf50
3bec9: LEA Reg R10, Address (AddrPlus (FromReg RSP) (AddrImm 48)) 5
3bece: SUB Reg RSP, Immediate 8 4
3bed2: LEA Reg R8, Address (AddrPlus (FromReg RIP) (AddrImm 362554)) 7
3bed9: PUSH Reg RBP 1
3beda: MOV Reg EDX, Immediate 1 5
3bedf: XOR Reg EAX, Reg EAX 2
3bee1: MOV Reg RDI, Reg R10 3
3bee4: MOV Reg R9, Reg R12 3
3bee7: MOV Reg ECX, Immediate 256 5
3beec: MOV Reg ESI, Immediate 256 5
3bef1: MOV Address (SizeDir 64 (AddrPlus (FromReg RSP) (AddrImm 32))), Reg R10 5
3bef6: CALL __snprintf_chk (external)
3befb: MOV Address (SizeDir 8 (AddrPlus (FromReg RSP) (AddrImm 319))), Immediate 0 8
3bf03: MOV Address (SizeDir 8 (AddrPlus (FromReg RSP) (AddrImm 320))), Immediate 0 8
3bf0b: POP Reg RAX 1
3bf0c: POP Reg RDX 1
3bf0d: CMP Address (SizeDir 32 (AddrPlus (FromReg RSP) (AddrImm 640))), Immediate 4294967295 8
3bf15: MOV Reg R10, Address (SizeDir 64 (AddrPlus (FromReg RSP) (AddrImm 16))) 5
3bf1a: JNZ 3bfc0 (resolved immediate)
  |
  `- 3bf20,3bfc0
3bf20: TEST Reg RBX, Reg RBX 3
3bf23: MOV Reg RCX, Address (SizeDir 64 (AddrPlus (FromReg RSP) (AddrImm 40))) 5
3bf28: JZ 3c0c6 (resolved immediate)
  |
  `- 3bf2e,3c0c6
3bf2e: LEA Reg RDX, Address (AddrPlus (FromReg RIP) (AddrImm 386002)) 7
3bf35: LEA Reg RAX, Address (AddrPlus (FromReg RIP) (AddrImm 408678)) 7
3bf3c: LEA Reg RBP, Address (AddrPlus (FromReg RIP) (AddrImm 386109)) 7
3bf43: LEA Reg R11, Address (AddrPlus (FromReg RSP) (AddrImm 304)) 8
3bf4b: JMP 3c031 (resolved immediate)
  |
  `- 3c031
3bf50: CMP Address (SizeDir 32 (AddrPlus (FromReg RSP) (AddrImm 640))), Immediate 4294967295 8
3bf58: MOV Address (SizeDir 8 (AddrPlus (FromReg RSP) (AddrImm 303))), Immediate 0 8
3bf60: LEA Reg R10, Address (AddrPlus (FromReg RSP) (AddrImm 48)) 5
3bf65: MOV Address (SizeDir 8 (AddrPlus (FromReg RSP) (AddrImm 304))), Immediate 0 8
3bf6d: JNZ 3bfc0 (resolved immediate)
  |
  `- 3bf6f,3bfc0
3bf6f: TEST Reg R12, Reg R12 3
3bf72: MOV Reg RCX, Address (SizeDir 64 (AddrPlus (FromReg RSP) (AddrImm 40))) 5
3bf77: LEA Reg RBP, Address (AddrPlus (FromReg RIP) (AddrImm 386050)) 7
3bf7e: LEA Reg R10, Address (AddrPlus (FromReg RSP) (AddrImm 48)) 5
3bf83: LEA Reg R11, Address (AddrPlus (FromReg RSP) (AddrImm 304)) 8
3bf8b: JZ 3c019 (resolved immediate)
  |
  `- 3c019
3bf98: TEST Reg RBX, Reg RBX 3
3bf9b: JZ 3c0eb (resolved immediate)
  |
  `- 3bfa1,3c0eb
3bfa1: LEA Reg RAX, Address (AddrPlus (FromReg RIP) (AddrImm 396536)) 7
3bfa8: LEA Reg RSI, Address (AddrPlus (FromReg RIP) (AddrImm 408563)) 7
3bfaf: TEST Reg R12, Reg R12 3
3bfb2: LEA Reg RDX, Address (AddrPlus (FromReg RIP) (AddrImm 385870)) 7
3bfb9: CMOVNZ Reg RAX, Reg RSI 4
3bfbd: JMP 3c031 (resolved immediate)
  |
  `- 3c031
3bfc0: LEA Reg R11, Address (AddrPlus (FromReg RSP) (AddrImm 304)) 8
3bfc8: MOV Reg R9D, Address (SizeDir 32 (AddrPlus (FromReg RSP) (AddrImm 640))) 8
3bfd0: LEA Reg R8, Address (AddrPlus (FromReg RIP) (AddrImm 385843)) 7
3bfd7: MOV Reg ECX, Immediate 256 5
3bfdc: MOV Reg EDX, Immediate 1 5
3bfe1: MOV Reg ESI, Immediate 256 5
3bfe6: MOV Reg RDI, Reg R11 3
3bfe9: XOR Reg EAX, Reg EAX 2
3bfeb: MOV Address (SizeDir 64 (AddrPlus (FromReg RSP) (AddrImm 24))), Reg R10 5
3bff0: MOV Address (SizeDir 64 (AddrPlus (FromReg RSP) (AddrImm 16))), Reg R11 5
3bff5: LEA Reg RBP, Address (AddrPlus (FromReg RIP) (AddrImm 385924)) 7
3bffc: CALL __snprintf_chk (external)
3c001: MOV Reg RCX, Address (SizeDir 64 (AddrPlus (FromReg RSP) (AddrImm 40))) 5
3c006: MOV Reg R11, Address (SizeDir 64 (AddrPlus (FromReg RSP) (AddrImm 16))) 5
3c00b: MOV Reg R10, Address (SizeDir 64 (AddrPlus (FromReg RSP) (AddrImm 24))) 5
3c010: TEST Reg R12, Reg R12 3
3c013: JNZ 3bf98 (resolved immediate)
  |
  `- 3bf98,3c019
3c019: CMP Address (SizeDir 8 (AddrPlus (FromReg RSP) (AddrImm 15))), Immediate 0 5
3c01e: JNZ 3bf98 (resolved immediate)
  |
  `- 3bf98,3c024
3c024: LEA Reg RBX, Address (AddrPlus (FromReg RIP) (AddrImm 396405)) 7
3c02b: MOV Reg RDX, Reg RBX 3
3c02e: MOV Reg RAX, Reg RBX 3
3c031: SUB Reg RSP, Immediate 8 4
3c035: MOV Reg RDI, Address (SizeDir 64 (FromReg R15)) 3
3c038: LEA Reg R8, Address (AddrPlus (FromReg RIP) (AddrImm 385750)) 7
3c03f: PUSH Reg RCX 1
3c040: PUSH Reg R11 2
3c042: LEA Reg RCX, Address (AddrPlus (FromReg RIP) (AddrImm 358278)) 7
3c049: PUSH Reg RDX 1
3c04a: PUSH Reg RBX 1
3c04b: MOV Reg R9, Reg R10 3
3c04e: PUSH Reg RAX 1
3c04f: MOV Reg EDX, Address (SizeDir 32 (AddrPlus (FromReg RSP) (AddrImm 56))) 4
3c053: XOR Reg EAX, Reg EAX 2
3c055: MOV Reg ESI, Address (SizeDir 32 (AddrPlus (FromReg RSP) (AddrImm 52))) 4
3c059: CALL xtl_log (external)
3c05e: MOV Reg RDI, Address (SizeDir 64 (AddrPlus (FromReg RSP) (AddrImm 88))) 5
3c063: ADD Reg RSP, Immediate 48 4
3c067: CMP Reg RDI, Reg RBP 3
3c06a: JZ 3c071 (resolved immediate)
  |
  `- 3c06c,3c071
3c06c: CALL free (external)
3c071: MOV Reg RAX, Address (SizeDir 64 (AddrPlus (FromReg RSP) (AddrImm 568))) 8
3c079: XOR Reg RAX, Address (SizeDir 64 (AddrPlus (FromReg FS) (AddrImm 40))) 9
3c082: MOV Address (SizeDir 32 (AddrPlus (FromReg R13) (AddrImm 0))), Reg R14D 4
3c086: JNZ 3c0c1 (resolved immediate)
  |
  `- 3c088,3c0c1
3c088: ADD Reg RSP, Immediate 584 7
3c08f: POP Reg RBX 1
3c090: POP Reg RBP 1
3c091: POP Reg R12 2
3c093: POP Reg R13 2
3c095: POP Reg R14 2
3c097: POP Reg R15 2
3c099: RET  1
  |
  `- 
3c0a0: LEA Reg RBP, Address (AddrPlus (FromReg RIP) (AddrImm 385753)) 7
3c0a7: LEA Reg R10, Address (AddrPlus (FromReg RSP) (AddrImm 48)) 5
3c0ac: LEA Reg R11, Address (AddrPlus (FromReg RSP) (AddrImm 304)) 8
3c0b4: MOV Address (SizeDir 64 (AddrPlus (FromReg RSP) (AddrImm 40))), Reg RBP 5
3c0b9: MOV Reg RCX, Reg RBP 3
3c0bc: JMP 3c010 (resolved immediate)
  |
  `- 3c010
3c0c1: CALL __stack_chk_fail (external)
  |
  `- 
3c0c6: LEA Reg RBX, Address (AddrPlus (FromReg RIP) (AddrImm 396243)) 7
3c0cd: LEA Reg RDX, Address (AddrPlus (FromReg RIP) (AddrImm 385587)) 7
3c0d4: LEA Reg RBP, Address (AddrPlus (FromReg RIP) (AddrImm 385701)) 7
3c0db: LEA Reg R11, Address (AddrPlus (FromReg RSP) (AddrImm 304)) 8
3c0e3: MOV Reg RAX, Reg RBX 3
3c0e6: JMP 3c031 (resolved immediate)
  |
  `- 3c031
3c0eb: LEA Reg RBX, Address (AddrPlus (FromReg RIP) (AddrImm 396206)) 7
3c0f2: LEA Reg RDX, Address (AddrPlus (FromReg RIP) (AddrImm 385550)) 7
3c0f9: MOV Reg RAX, Reg RBX 3
3c0fc: JMP 3c031 (resolved immediate)
  |
  `- 3c031
3c110: SUB Reg RSP, Immediate 216 7
3c117: TEST Reg AL, Reg AL 2
3c119: MOV Reg R10, Address (SizeDir 64 (AddrPlus (FromReg RSP) (AddrImm 232))) 8
3c121: JZ 3c15a (resolved immediate)
  |
  `- 3c123,3c15a
3c123: MOVAPS Address (SizeDir 128 (AddrPlus (FromReg RSP) (AddrImm 80))), Reg XMM0 5
3c128: MOVAPS Address (SizeDir 128 (AddrPlus (FromReg RSP) (AddrImm 96))), Reg XMM1 5
3c12d: MOVAPS Address (SizeDir 128 (AddrPlus (FromReg RSP) (AddrImm 112))), Reg XMM2 5
3c132: MOVAPS Address (SizeDir 128 (AddrPlus (FromReg RSP) (AddrImm 128))), Reg XMM3 8
3c13a: MOVAPS Address (SizeDir 128 (AddrPlus (FromReg RSP) (AddrImm 144))), Reg XMM4 8
3c142: MOVAPS Address (SizeDir 128 (AddrPlus (FromReg RSP) (AddrImm 160))), Reg XMM5 8
3c14a: MOVAPS Address (SizeDir 128 (AddrPlus (FromReg RSP) (AddrImm 176))), Reg XMM6 8
3c152: MOVAPS Address (SizeDir 128 (AddrPlus (FromReg RSP) (AddrImm 192))), Reg XMM7 8
3c15a: MOV Reg RAX, Address (SizeDir 64 (AddrPlus (FromReg FS) (AddrImm 40))) 9
3c163: MOV Address (SizeDir 64 (AddrPlus (FromReg RSP) (AddrImm 24))), Reg RAX 5
3c168: XOR Reg EAX, Reg EAX 2
3c16a: LEA Reg RAX, Address (AddrPlus (FromReg RSP) (AddrImm 240)) 8
3c172: MOV Address (SizeDir 64 (AddrPlus (FromReg RSP) (AddrImm 8))), Reg RAX 5
3c177: LEA Reg RAX, Address (AddrPlus (FromReg RSP) (AddrImm 32)) 5
3c17c: MOV Address (SizeDir 32 (FromReg RSP)), Immediate 48 7
3c183: MOV Address (SizeDir 32 (AddrPlus (FromReg RSP) (AddrImm 4))), Immediate 48 8
3c18b: SUB Reg RSP, Immediate 8 4
3c18f: MOV Address (SizeDir 64 (AddrPlus (FromReg RSP) (AddrImm 24))), Reg RAX 5
3c194: LEA Reg RAX, Address (AddrPlus (FromReg RSP) (AddrImm 8)) 5
3c199: PUSH Reg RAX 1
3c19a: PUSH Reg R10 2
3c19c: MOV Reg EAX, Address (SizeDir 32 (AddrPlus (FromReg RSP) (AddrImm 248))) 7
3c1a3: PUSH Reg RAX 1
3c1a4: CALL libxl__logv (internal)
  |
  `- 3be40
3c1a9: ADD Reg RSP, Immediate 32 4
3c1ad: MOV Reg RAX, Address (SizeDir 64 (AddrPlus (FromReg RSP) (AddrImm 24))) 5
3c1b2: XOR Reg RAX, Address (SizeDir 64 (AddrPlus (FromReg FS) (AddrImm 40))) 9
3c1bb: JNZ 3c1c5 (resolved immediate)
  |
  `- 3c1bd,3c1c5
3c1bd: ADD Reg RSP, Immediate 216 7
3c1c4: RET  1
  |
  `- 
3c1c5: CALL __stack_chk_fail (external)
  |
  `- 
3c1d0: TEST Reg RCX, Reg RCX 3
3c1d3: PUSH Reg R14 2
3c1d5: PUSH Reg R13 2
3c1d7: PUSH Reg R12 2
3c1d9: PUSH Reg RBP 1
3c1da: PUSH Reg RBX 1
3c1db: MOV Reg RBX, Reg RSI 3
3c1de: JZ 3c24b (resolved immediate)
  |
  `- 3c1e0,3c24b
3c1e0: LEA Reg R14, Address (AddrPlus (FromReg RIP) (AddrImm 385473)) 7
3c1e7: SUB Reg RSP, Immediate 8 4
3c1eb: MOV Reg R9, Reg RSI 3
3c1ee: PUSH Reg RCX 1
3c1ef: PUSH Reg RDX 1
3c1f0: MOV Reg R13, Reg RDX 3
3c1f3: PUSH Reg RSI 1
3c1f4: PUSH Reg R14 2
3c1f6: MOV Reg R12, Reg RCX 3
3c1f9: PUSH Immediate 18446744073709551615 2
3c1fb: XOR Reg R8D, Reg R8D 3
3c1fe: XOR Reg ECX, Reg ECX 2
3c200: MOV Reg EDX, Immediate 12 5
3c205: MOV Reg ESI, Immediate 9 5
3c20a: XOR Reg EAX, Reg EAX 2
3c20c: CALL libxl__log (internal)
  |
  `- 
3c211: MOV Reg RBP, Address (SizeDir 64 (AddrPlus (FromReg RIP) (AddrImm 2665928))) 7
3c218: ADD Reg RSP, Immediate 48 4
3c21c: MOV Reg R9, Reg R12 3
3c21f: MOV Reg R8, Reg R13 3
3c222: MOV Reg RCX, Reg RBX 3
3c225: MOV Reg RDX, Reg R14 3
3c228: MOV Reg ESI, Immediate 1 5
3c22d: XOR Reg EAX, Reg EAX 2
3c22f: MOV Reg RDI, Address (SizeDir 64 (AddrPlus (FromReg RBP) (AddrImm 0))) 4
3c233: CALL __fprintf_chk (external)
3c238: MOV Reg RDI, Address (SizeDir 64 (AddrPlus (FromReg RBP) (AddrImm 0))) 4
3c23c: CALL fflush (external)
3c241: MOV Reg EDI, Immediate 4294967295 5
3c246: CALL _exit (external)
  |
  `- 
3c24b: LEA Reg R12, Address (AddrPlus (FromReg RIP) (AddrImm 385430)) 7
3c252: SUB Reg RSP, Immediate 8 4
3c256: MOV Reg R9, Reg RSI 3
3c259: PUSH Reg RSI 1
3c25a: XOR Reg ECX, Reg ECX 2
3c25c: XOR Reg EAX, Reg EAX 2
3c25e: PUSH Reg R12 2
3c260: PUSH Immediate 18446744073709551615 2
3c262: XOR Reg R8D, Reg R8D 3
3c265: MOV Reg EDX, Immediate 12 5
3c26a: MOV Reg ESI, Immediate 9 5
3c26f: CALL libxl__log (internal)
  |
  `- 3c110
3c274: MOV Reg RBP, Address (SizeDir 64 (AddrPlus (FromReg RIP) (AddrImm 2665829))) 7
3c27b: ADD Reg RSP, Immediate 32 4
3c27f: MOV Reg RCX, Reg RBX 3
3c282: MOV Reg RDX, Reg R12 3
3c285: MOV Reg ESI, Immediate 1 5
3c28a: XOR Reg EAX, Reg EAX 2
3c28c: MOV Reg RDI, Address (SizeDir 64 (AddrPlus (FromReg RBP) (AddrImm 0))) 4
3c290: CALL __fprintf_chk (external)
3c295: JMP 3c238 (resolved immediate)
  |
  `- 3c238
3c2a0: MOV Reg R8D, Address (SizeDir 32 (FromReg RDI)) 3
3c2a3: TEST Reg R8D, Reg R8D 3
3c2a6: JS 3c378 (resolved immediate)
  |
  `- 3c2ac,3c378
3c2ac: TEST Reg RSI, Reg RSI 3
3c2af: JZ 3c378 (resolved immediate)
  |
  `- 3c2b5,3c378
3c2b5: TEST Reg R8D, Reg R8D 3
3c2b8: JZ 3c2f7 (resolved immediate)
  |
  `- 3c2ba,3c2f7
3c2ba: MOV Reg RDX, Address (SizeDir 64 (AddrPlus (FromReg RDI) (AddrImm 8))) 4
3c2be: CMP Address (SizeDir 64 (FromReg RDX)), Immediate 0 4
3c2c2: JZ 3c380 (resolved immediate)
  |
  `- 3c2c8,3c380
3c2c8: LEA Reg RAX, Address (AddrPlus (FromReg RDX) (AddrImm 8)) 4
3c2cc: LEA Reg EDX, Address (AddrMinus (FromReg R8) (AddrImm 1)) 4
3c2d0: LEA Reg RCX, Address (AddrPlus (FromReg RAX) (AddrTimes (AddrImm 8) (FromReg RDX))) 4
3c2d4: JMP 3c2f2 (resolved immediate)
  |
  `- 3c2f2
3c2e0: MOV Reg RDX, Reg RAX 3
3c2e3: ADD Reg RAX, Immediate 8 4
3c2e7: CMP Address (SizeDir 64 (AddrMinus (FromReg RAX) (AddrImm 8))), Immediate 0 5
3c2ec: JZ 3c380 (resolved immediate)
  |
  `- 3c2f2,3c380
3c2f2: CMP Reg RAX, Reg RCX 3
3c2f5: JNZ 3c2e0 (resolved immediate)
  |
  `- 3c2e0,3c2f7
3c2f7: PUSH Reg R13 2
3c2f9: PUSH Reg R12 2
3c2fb: MOV Reg R12, Reg RSI 3
3c2fe: PUSH Reg RBP 1
3c2ff: LEA Reg EBP, Address (AddrPlus (AddrPlus (FromReg R8) (FromReg R8)) (AddrImm 25)) 5
3c304: PUSH Reg RBX 1
3c305: MOV Reg RBX, Reg RDI 3
3c308: SUB Reg RSP, Immediate 8 4
3c30c: CMP Reg EBP, Immediate 134217726 6
3c312: JG 3c39c (resolved immediate)
  |
  `- 3c318,3c39c
3c318: MOVSXD Reg R13, Reg EBP 3
3c31b: MOV Reg RDI, Address (SizeDir 64 (AddrPlus (FromReg RDI) (AddrImm 8))) 4
3c31f: LEA Reg RSI, Address (AddrPlus (AddrTimes (AddrImm 8) (FromReg R13)) (AddrImm 0)) 8
3c327: CALL realloc (external)
3c32c: TEST Reg RAX, Reg RAX 3
3c32f: MOV Address (SizeDir 64 (AddrPlus (FromReg RBX) (AddrImm 8))), Reg RAX 4
3c333: JZ 3c384 (resolved immediate)
  |
  `- 3c335,3c384
3c335: MOVSXD Reg RDX, Address (SizeDir 32 (FromReg RBX)) 3
3c338: LEA Reg ECX, Address (AddrPlus (FromReg RDX) (AddrImm 1)) 3
3c33b: MOV Address (SizeDir 32 (FromReg RBX)), Reg ECX 2
3c33d: MOV Address (SizeDir 64 (AddrPlus (FromReg RAX) (AddrTimes (AddrImm 8) (FromReg RDX)))), Reg R12 4
3c341: MOVSXD Reg RAX, Address (SizeDir 32 (FromReg RBX)) 3
3c344: CMP Reg EBP, Reg EAX 2
3c346: JLE 3c368 (resolved immediate)
  |
  `- 3c348,3c368
3c348: NOP  8
3c350: MOV Reg RDX, Address (SizeDir 64 (AddrPlus (FromReg RBX) (AddrImm 8))) 4
3c354: LEA Reg ECX, Address (AddrPlus (FromReg RAX) (AddrImm 1)) 3
3c357: MOV Address (SizeDir 32 (FromReg RBX)), Reg ECX 2
3c359: MOV Address (SizeDir 64 (AddrPlus (FromReg RDX) (AddrTimes (AddrImm 8) (FromReg RAX)))), Immediate 0 8
3c361: MOVSXD Reg RAX, Address (SizeDir 32 (FromReg RBX)) 3
3c364: CMP Reg EAX, Reg EBP 2
3c366: JL 3c350 (resolved immediate)
  |
  `- 3c350,3c368
3c368: ADD Reg RSP, Immediate 8 4
3c36c: POP Reg RBX 1
3c36d: POP Reg RBP 1
3c36e: POP Reg R12 2
3c370: POP Reg R13 2
3c372: RET  1
  |
  `- 
3c378: REPZ RET  2
  |
  `- 
3c380: MOV Address (SizeDir 64 (FromReg RDX)), Reg RSI 3
3c383: RET  1
  |
  `- 
3c384: MOV Reg RDI, Address (SizeDir 64 (AddrPlus (FromReg RBX) (AddrImm 16))) 4
3c388: LEA Reg RSI, Address (AddrPlus (FromReg RIP) (AddrImm 385873)) 7
3c38f: MOV Reg ECX, Immediate 8 5
3c394: MOV Reg RDX, Reg R13 3
3c397: CALL libxl__alloc_failed (internal)
  |
  `- 
3c39c: LEA Reg RCX, Address (AddrPlus (FromReg RIP) (AddrImm 385869)) 7
3c3a3: LEA Reg RSI, Address (AddrPlus (FromReg RIP) (AddrImm 384822)) 7
3c3aa: LEA Reg RDI, Address (AddrPlus (FromReg RIP) (AddrImm 385135)) 7
3c3b1: MOV Reg EDX, Immediate 62 5
3c3b6: CALL __assert_fail (external)
  |
  `- 
3c410: PUSH Reg R12 2
3c412: PUSH Reg RBP 1
3c413: MOV Reg RBP, Reg RSI 3
3c416: PUSH Reg RBX 1
3c417: MOV Reg R12, Reg RDI 3
3c41a: MOV Reg ESI, Immediate 1 5
3c41f: MOV Reg RDI, Reg RBP 3
3c422: CALL calloc (external)
3c427: TEST Reg RAX, Reg RAX 3
3c42a: JZ 3c442 (resolved immediate)
  |
  `- 3c42c,3c442
3c42c: MOV Reg RBX, Reg RAX 3
3c42f: MOV Reg RSI, Reg RAX 3
3c432: MOV Reg RDI, Reg R12 3
3c435: CALL libxl__ptr_add (internal)
3c43a: MOV Reg RAX, Reg RBX 3
3c43d: POP Reg RBX 1
3c43e: POP Reg RBP 1
3c43f: POP Reg R12 2
3c441: RET  1
  |
  `- 
3c442: MOV Reg RDI, Address (SizeDir 64 (AddrPlus (FromReg R12) (AddrImm 16))) 5
3c447: LEA Reg RSI, Address (AddrPlus (FromReg RIP) (AddrImm 385634)) 7
3c44e: MOV Reg ECX, Immediate 1 5
3c453: MOV Reg RDX, Reg RBP 3
3c456: CALL libxl__alloc_failed (internal)
  |
  `- 
3c460: PUSH Reg R14 2
3c462: PUSH Reg R13 2
3c464: MOV Reg R8, Reg RSI 3
3c467: PUSH Reg R12 2
3c469: PUSH Reg RBP 1
3c46a: MOV Reg R13, Reg RDI 3
3c46d: PUSH Reg RBX 1
3c46e: XOR Reg EDI, Reg EDI 2
3c470: MOV Reg RBP, Reg RSI 3
3c473: MOV Reg R14, Reg RDX 3
3c476: XOR Reg ESI, Reg ESI 2
3c478: MOV Reg RCX, Immediate 18446744073709551615 7
3c47f: SUB Reg RSP, Immediate 32 4
3c483: MOV Reg RAX, Address (SizeDir 64 (AddrPlus (FromReg FS) (AddrImm 40))) 9
3c48c: MOV Address (SizeDir 64 (AddrPlus (FromReg RSP) (AddrImm 24))), Reg RAX 5
3c491: XOR Reg EAX, Reg EAX 2
3c493: MOV Reg R12, Reg RSP 3
3c496: MOVDQU Reg XMM0, Address (SizeDir 128 (FromReg RDX)) 4
3c49a: MOV Reg R9, Reg R12 3
3c49d: MOVUPS Address (SizeDir 128 (FromReg RSP)), Reg XMM0 4
3c4a1: MOV Reg RAX, Address (SizeDir 64 (AddrPlus (FromReg RDX) (AddrImm 16))) 4
3c4a5: MOV Reg EDX, Immediate 1 5
3c4aa: MOV Address (SizeDir 64 (AddrPlus (FromReg RSP) (AddrImm 16))), Reg RAX 5
3c4af: CALL __vsnprintf_chk (external)
3c4b4: TEST Reg EAX, Reg EAX 2
3c4b6: JS 3c51b (resolved immediate)
  |
  `- 3c4b8,3c51b
3c4b8: ADD Reg EAX, Immediate 1 3
3c4bb: MOV Reg RDI, Reg R13 3
3c4be: MOVSXD Reg RBX, Reg EAX 3
3c4c1: MOV Reg RSI, Reg RBX 3
3c4c4: CALL libxl__zalloc (internal)
3c4c9: MOV Reg R13, Reg RAX 3
3c4cc: MOV Reg RAX, Address (SizeDir 64 (AddrPlus (FromReg R14) (AddrImm 16))) 4
3c4d0: MOV Reg RCX, Immediate 18446744073709551615 7
3c4d7: MOVDQU Reg XMM0, Address (SizeDir 128 (FromReg R14)) 5
3c4dc: MOV Reg R9, Reg R12 3
3c4df: MOV Reg R8, Reg RBP 3
3c4e2: MOV Reg EDX, Immediate 1 5
3c4e7: MOV Reg RSI, Reg RBX 3
3c4ea: MOV Reg RDI, Reg R13 3
3c4ed: MOV Address (SizeDir 64 (AddrPlus (FromReg RSP) (AddrImm 16))), Reg RAX 5
3c4f2: MOVUPS Address (SizeDir 128 (FromReg RSP)), Reg XMM0 4
3c4f6: CALL __vsnprintf_chk (external)
3c4fb: MOV Reg RCX, Address (SizeDir 64 (AddrPlus (FromReg RSP) (AddrImm 24))) 5
3c500: XOR Reg RCX, Address (SizeDir 64 (AddrPlus (FromReg FS) (AddrImm 40))) 9
3c509: MOV Reg RAX, Reg R13 3
3c50c: JNZ 3c53a (resolved immediate)
  |
  `- 3c50e,3c53a
3c50e: ADD Reg RSP, Immediate 32 4
3c512: POP Reg RBX 1
3c513: POP Reg RBP 1
3c514: POP Reg R12 2
3c516: POP Reg R13 2
3c518: POP Reg R14 2
3c51a: RET  1
  |
  `- 
3c51b: LEA Reg RCX, Address (AddrPlus (FromReg RIP) (AddrImm 385358)) 7
3c522: LEA Reg RSI, Address (AddrPlus (FromReg RIP) (AddrImm 384439)) 7
3c529: LEA Reg RDI, Address (AddrPlus (FromReg RIP) (AddrImm 384498)) 7
3c530: MOV Reg EDX, Immediate 152 5
3c535: CALL __assert_fail (external)
  |
  `- 
3c53a: CALL __stack_chk_fail (external)
  |
  `- 
3c540: SUB Reg RSP, Immediate 216 7
3c547: TEST Reg AL, Reg AL 2
3c549: MOV Address (SizeDir 64 (AddrPlus (FromReg RSP) (AddrImm 48))), Reg RDX 5
3c54e: MOV Address (SizeDir 64 (AddrPlus (FromReg RSP) (AddrImm 56))), Reg RCX 5
3c553: MOV Address (SizeDir 64 (AddrPlus (FromReg RSP) (AddrImm 64))), Reg R8 5
3c558: MOV Address (SizeDir 64 (AddrPlus (FromReg RSP) (AddrImm 72))), Reg R9 5
3c55d: JZ 3c596 (resolved immediate)
  |
  `- 3c55f,3c596
3c55f: MOVAPS Address (SizeDir 128 (AddrPlus (FromReg RSP) (AddrImm 80))), Reg XMM0 5
3c564: MOVAPS Address (SizeDir 128 (AddrPlus (FromReg RSP) (AddrImm 96))), Reg XMM1 5
3c569: MOVAPS Address (SizeDir 128 (AddrPlus (FromReg RSP) (AddrImm 112))), Reg XMM2 5
3c56e: MOVAPS Address (SizeDir 128 (AddrPlus (FromReg RSP) (AddrImm 128))), Reg XMM3 8
3c576: MOVAPS Address (SizeDir 128 (AddrPlus (FromReg RSP) (AddrImm 144))), Reg XMM4 8
3c57e: MOVAPS Address (SizeDir 128 (AddrPlus (FromReg RSP) (AddrImm 160))), Reg XMM5 8
3c586: MOVAPS Address (SizeDir 128 (AddrPlus (FromReg RSP) (AddrImm 176))), Reg XMM6 8
3c58e: MOVAPS Address (SizeDir 128 (AddrPlus (FromReg RSP) (AddrImm 192))), Reg XMM7 8
3c596: MOV Reg RAX, Address (SizeDir 64 (AddrPlus (FromReg FS) (AddrImm 40))) 9
3c59f: MOV Address (SizeDir 64 (AddrPlus (FromReg RSP) (AddrImm 24))), Reg RAX 5
3c5a4: XOR Reg EAX, Reg EAX 2
3c5a6: LEA Reg RAX, Address (AddrPlus (FromReg RSP) (AddrImm 224)) 8
3c5ae: MOV Reg RDX, Reg RSP 3
3c5b1: MOV Address (SizeDir 64 (AddrPlus (FromReg RSP) (AddrImm 8))), Reg RAX 5
3c5b6: LEA Reg RAX, Address (AddrPlus (FromReg RSP) (AddrImm 32)) 5
3c5bb: MOV Address (SizeDir 32 (FromReg RSP)), Immediate 16 7
3c5c2: MOV Address (SizeDir 32 (AddrPlus (FromReg RSP) (AddrImm 4))), Immediate 48 8
3c5ca: MOV Address (SizeDir 64 (AddrPlus (FromReg RSP) (AddrImm 16))), Reg RAX 5
3c5cf: CALL libxl__vsprintf (internal)
  |
  `- 3c460
3c5d4: MOV Reg RCX, Address (SizeDir 64 (AddrPlus (FromReg RSP) (AddrImm 24))) 5
3c5d9: XOR Reg RCX, Address (SizeDir 64 (AddrPlus (FromReg FS) (AddrImm 40))) 9
3c5e2: JNZ 3c5ec (resolved immediate)
  |
  `- 3c5e4,3c5ec
3c5e4: ADD Reg RSP, Immediate 216 7
3c5eb: RET  1
  |
  `- 
3c5ec: CALL __stack_chk_fail (external)
  |
  `- 
3c660: PUSH Reg R12 2
3c662: PUSH Reg RBP 1
3c663: MOV Reg R12, Reg RDI 3
3c666: PUSH Reg RBX 1
3c667: MOV Reg RBX, Reg RSI 3
3c66a: MOV Reg RSI, Reg RDX 3
3c66d: MOV Reg RDI, Reg RBX 3
3c670: MOV Reg RBP, Reg RDX 3
3c673: SUB Reg RSP, Immediate 16 4
3c677: CALL realloc (external)
3c67c: TEST Reg RAX, Reg RAX 3
3c67f: JNZ 3c686 (resolved immediate)
  |
  `- 3c681,3c686
3c681: TEST Reg RBP, Reg RBP 3
3c684: JNZ 3c6ee (resolved immediate)
  |
  `- 3c686,3c6ee
3c686: TEST Reg RBX, Reg RBX 3
3c689: JZ 3c6d0 (resolved immediate)
  |
  `- 3c68b,3c6d0
3c68b: CMP Reg RBX, Reg RAX 3
3c68e: JZ 3c6c5 (resolved immediate)
  |
  `- 3c690,3c6c5
3c690: MOV Reg ESI, Address (SizeDir 32 (FromReg R12)) 4
3c694: TEST Reg ESI, Reg ESI 2
3c696: JS 3c6c5 (resolved immediate)
  |
  `- 3c698,3c6c5
3c698: JZ 3c707 (resolved immediate)
  |
  `- 3c69a,3c707
3c69a: MOV Reg RCX, Address (SizeDir 64 (AddrPlus (FromReg R12) (AddrImm 8))) 5
3c69f: CMP Reg RBX, Address (SizeDir 64 (FromReg RCX)) 3
3c6a2: JZ 3c6c2 (resolved immediate)
  |
  `- 3c6a4,3c6c2
3c6a4: LEA Reg RDX, Address (AddrPlus (FromReg RCX) (AddrImm 8)) 4
3c6a8: LEA Reg ECX, Address (AddrMinus (FromReg RSI) (AddrImm 1)) 3
3c6ab: LEA Reg RSI, Address (AddrPlus (FromReg RDX) (AddrTimes (AddrImm 8) (FromReg RCX))) 4
3c6af: NOP  1
3c6b0: CMP Reg RDX, Reg RSI 3
3c6b3: JZ 3c707 (resolved immediate)
  |
  `- 3c6b5,3c707
3c6b5: MOV Reg RCX, Reg RDX 3
3c6b8: ADD Reg RDX, Immediate 8 4
3c6bc: CMP Address (SizeDir 64 (AddrMinus (FromReg RDX) (AddrImm 8))), Reg RBX 4
3c6c0: JNZ 3c6b0 (resolved immediate)
  |
  `- 3c6b0,3c6c2
3c6c2: MOV Address (SizeDir 64 (FromReg RCX)), Reg RAX 3
3c6c5: ADD Reg RSP, Immediate 16 4
3c6c9: POP Reg RBX 1
3c6ca: POP Reg RBP 1
3c6cb: POP Reg R12 2
3c6cd: RET  1
  |
  `- 
3c6d0: MOV Reg RSI, Reg RAX 3
3c6d3: MOV Reg RDI, Reg R12 3
3c6d6: MOV Address (SizeDir 64 (AddrPlus (FromReg RSP) (AddrImm 8))), Reg RAX 5
3c6db: CALL libxl__ptr_add (internal)
  |
  `- 3c2a0
3c6e0: MOV Reg RAX, Address (SizeDir 64 (AddrPlus (FromReg RSP) (AddrImm 8))) 5
3c6e5: ADD Reg RSP, Immediate 16 4
3c6e9: POP Reg RBX 1
3c6ea: POP Reg RBP 1
3c6eb: POP Reg R12 2
3c6ed: RET  1
  |
  `- 
3c6ee: MOV Reg RDI, Address (SizeDir 64 (AddrPlus (FromReg R12) (AddrImm 16))) 5
3c6f3: LEA Reg RSI, Address (AddrPlus (FromReg RIP) (AddrImm 384918)) 7
3c6fa: MOV Reg ECX, Immediate 1 5
3c6ff: MOV Reg RDX, Reg RBP 3
3c702: CALL libxl__alloc_failed (internal)
  |
  `- 3c1d0
3c707: LEA Reg RCX, Address (AddrPlus (FromReg RIP) (AddrImm 384882)) 7
3c70e: LEA Reg RSI, Address (AddrPlus (FromReg RIP) (AddrImm 383947)) 7
3c715: LEA Reg RDI, Address (AddrPlus (FromReg RIP) (AddrImm 384015)) 7
3c71c: MOV Reg EDX, Immediate 131 5
3c721: CALL __assert_fail (external)
  |
  `- 
4cc40: LEA Reg RCX, Address (AddrPlus (FromReg RIP) (AddrImm 335369)) 7
4cc47: LEA Reg RSI, Address (AddrPlus (FromReg RIP) (AddrImm 287246)) 7
4cc4e: LEA Reg RDI, Address (AddrPlus (FromReg RIP) (AddrImm 287256)) 7
4cc55: SUB Reg RSP, Immediate 8 4
4cc59: MOV Reg EDX, Immediate 4217 5
4cc5e: CALL __assert_fail (external)
  |
  `- 
4cc70: LEA Reg RCX, Address (AddrPlus (FromReg RIP) (AddrImm 335289)) 7
4cc77: LEA Reg RSI, Address (AddrPlus (FromReg RIP) (AddrImm 287198)) 7
4cc7e: LEA Reg RDI, Address (AddrPlus (FromReg RIP) (AddrImm 287208)) 7
4cc85: SUB Reg RSP, Immediate 8 4
4cc89: MOV Reg EDX, Immediate 4222 5
4cc8e: CALL __assert_fail (external)
  |
  `- 
4cdb0: PUSH Reg R15 2
4cdb2: PUSH Reg R14 2
4cdb4: PUSH Reg R13 2
4cdb6: PUSH Reg R12 2
4cdb8: PUSH Reg RBP 1
4cdb9: PUSH Reg RBX 1
4cdba: SUB Reg RSP, Immediate 24 4
4cdbe: TEST Reg ECX, Reg ECX 2
4cdc0: JS 4cf2a (resolved immediate)
  |
  `- 4cdc6,4cf2a
4cdc6: MOV Reg RAX, Address (SizeDir 64 (AddrPlus (FromReg RDI) (AddrImm 16))) 4
4cdca: MOV Reg RBX, Reg RDI 3
4cdcd: MOV Reg RBP, Reg RSI 3
4cdd0: MOV Reg R15, Reg RDX 3
4cdd3: MOV Reg R12D, Reg ECX 3
4cdd6: MOV Reg R14D, Reg R8D 3
4cdd9: LEA Reg RDI, Address (AddrPlus (FromReg RAX) (AddrImm 64)) 4
4cddd: CALL pthread_mutex_lock (external)
4cde2: TEST Reg EAX, Reg EAX 2
4cde4: MOV Reg R13D, Reg EAX 3
4cde7: JNZ 4cf25 (resolved immediate)
  |
  `- 4cded,4cf25
4cded: MOV Reg RAX, Address (SizeDir 64 (AddrPlus (FromReg RBX) (AddrImm 16))) 4
4cdf1: CMP Address (SizeDir 64 (AddrPlus (FromReg RAX) (AddrImm 128))), Immediate 0 8
4cdf9: JZ 4ce88 (resolved immediate)
  |
  `- 4cdff,4ce88
4cdff: ADD Address (SizeDir 32 (AddrPlus (FromReg RAX) (AddrImm 120))), Immediate 1 4
4ce03: MOV Reg R9, Address (SizeDir 64 (AddrPlus (FromReg RBX) (AddrImm 16))) 4
4ce07: MOV Reg R8, Address (SizeDir 64 (AddrPlus (FromReg R9) (AddrImm 176))) 7
4ce0e: TEST Reg R8, Reg R8 3
4ce11: JZ 4cf00 (resolved immediate)
  |
  `- 4ce17,4cf00
4ce17: MOV Reg RAX, Address (SizeDir 64 (AddrPlus (FromReg R8) (AddrImm 16))) 4
4ce1b: MOV Address (SizeDir 64 (AddrPlus (FromReg R9) (AddrImm 176))), Reg RAX 7
4ce22: MOV Address (SizeDir 64 (FromReg R8)), Reg RBP 3
4ce25: MOV Address (SizeDir 64 (AddrPlus (FromReg RBP) (AddrImm 32))), Reg R8 4
4ce29: MOVSX Reg ECX, Reg R14W 4
4ce2d: MOV Reg RAX, Address (SizeDir 64 (AddrPlus (FromReg RBX) (AddrImm 16))) 4
4ce31: MOV Address (SizeDir 64 (AddrPlus (FromReg RSP) (AddrImm 8))), Reg R9 5
4ce36: LEA Reg RDX, Address (AddrPlus (FromReg R8) (AddrImm 8)) 4
4ce3a: MOV Reg ESI, Reg R12D 3
4ce3d: MOV Reg RDI, Address (SizeDir 64 (AddrPlus (FromReg RAX) (AddrImm 136))) 7
4ce44: MOV Reg RAX, Address (SizeDir 64 (AddrPlus (FromReg RAX) (AddrImm 128))) 7
4ce4b: CALL Address (SizeDir 64 (FromReg RAX)) 2
4ce4d: TEST Reg EAX, Reg EAX 2
4ce4f: JZ 4ce80 (resolved immediate)
  |
  `- 4ce51,4ce80
4ce51: MOV Reg RDX, Address (SizeDir 64 (AddrPlus (FromReg RBP) (AddrImm 32))) 4
4ce55: MOV Reg R9, Address (SizeDir 64 (AddrPlus (FromReg RSP) (AddrImm 8))) 5
4ce5a: MOV Reg R13D, Reg EAX 3
4ce5d: MOV Address (SizeDir 64 (FromReg RDX)), Immediate 0 7
4ce64: MOV Reg RCX, Address (SizeDir 64 (AddrPlus (FromReg R9) (AddrImm 176))) 7
4ce6b: MOV Address (SizeDir 64 (AddrPlus (FromReg RDX) (AddrImm 16))), Reg RCX 4
4ce6f: MOV Address (SizeDir 64 (AddrPlus (FromReg R9) (AddrImm 176))), Reg RDX 7
4ce76: MOV Reg RDX, Address (SizeDir 64 (AddrPlus (FromReg RBX) (AddrImm 16))) 4
4ce7a: SUB Address (SizeDir 32 (AddrPlus (FromReg RDX) (AddrImm 120))), Immediate 1 4
4ce7e: JMP 4ced5 (resolved immediate)
  |
  `- 4ced5
4ce80: MOV Reg RAX, Address (SizeDir 64 (AddrPlus (FromReg RBX) (AddrImm 16))) 4
4ce84: SUB Address (SizeDir 32 (AddrPlus (FromReg RAX) (AddrImm 120))), Immediate 1 4
4ce88: MOV Address (SizeDir 32 (AddrPlus (FromReg RBP) (AddrImm 0))), Reg R12D 4
4ce8c: MOV Address (SizeDir 16 (AddrPlus (FromReg RBP) (AddrImm 4))), Reg R14W 5
4ce91: MOV Address (SizeDir 64 (AddrPlus (FromReg RBP) (AddrImm 8))), Reg R15 4
4ce95: MOV Reg RAX, Address (SizeDir 64 (AddrPlus (FromReg RBX) (AddrImm 16))) 4
4ce99: MOV Reg RAX, Address (SizeDir 64 (AddrPlus (FromReg RAX) (AddrImm 192))) 7
4cea0: TEST Reg RAX, Reg RAX 3
4cea3: MOV Address (SizeDir 64 (AddrPlus (FromReg RBP) (AddrImm 16))), Reg RAX 4
4cea7: JZ 4cebc (resolved immediate)
  |
  `- 4cea9,4cebc
4cea9: MOV Reg RAX, Address (SizeDir 64 (AddrPlus (FromReg RBX) (AddrImm 16))) 4
4cead: LEA Reg RDX, Address (AddrPlus (FromReg RBP) (AddrImm 16)) 4
4ceb1: MOV Reg RAX, Address (SizeDir 64 (AddrPlus (FromReg RAX) (AddrImm 192))) 7
4ceb8: MOV Address (SizeDir 64 (AddrPlus (FromReg RAX) (AddrImm 24))), Reg RDX 4
4cebc: MOV Reg RAX, Address (SizeDir 64 (AddrPlus (FromReg RBX) (AddrImm 16))) 4
4cec0: MOV Address (SizeDir 64 (AddrPlus (FromReg RAX) (AddrImm 192))), Reg RBP 7
4cec7: MOV Reg RAX, Address (SizeDir 64 (AddrPlus (FromReg RBX) (AddrImm 16))) 4
4cecb: ADD Reg RAX, Immediate 192 6
4ced1: MOV Address (SizeDir 64 (AddrPlus (FromReg RBP) (AddrImm 24))), Reg RAX 4
4ced5: MOV Reg RDI, Address (SizeDir 64 (AddrPlus (FromReg RBX) (AddrImm 16))) 4
4ced9: ADD Reg RDI, Immediate 64 4
4cedd: CALL pthread_mutex_unlock (external)
4cee2: TEST Reg EAX, Reg EAX 2
4cee4: JNZ 4cf20 (resolved immediate)
  |
  `- 4cee6,4cf20
4cee6: ADD Reg RSP, Immediate 24 4
4ceea: MOV Reg EAX, Reg R13D 3
4ceed: POP Reg RBX 1
4ceee: POP Reg RBP 1
4ceef: POP Reg R12 2
4cef1: POP Reg R13 2
4cef3: POP Reg R14 2
4cef5: POP Reg R15 2
4cef7: RET  1
  |
  `- 
4cf00: LEA Reg RDI, Address (AddrPlus (FromReg R9) (AddrImm 24)) 4
4cf04: MOV Reg ESI, Immediate 24 5
4cf09: MOV Address (SizeDir 64 (AddrPlus (FromReg RSP) (AddrImm 8))), Reg R9 5
4cf0e: CALL libxl__zalloc (internal)
  |
  `- 3c410
4cf13: MOV Reg R9, Address (SizeDir 64 (AddrPlus (FromReg RSP) (AddrImm 8))) 5
4cf18: MOV Reg R8, Reg RAX 3
4cf1b: JMP 4ce22 (resolved immediate)
  |
  `- 4ce22
4cf20: CALL libxl__ctx_unlock.part.17 (internal)
  |
  `- 
4cf25: CALL libxl__ctx_lock.part.16 (internal)
  |
  `- 
4cf2a: LEA Reg RCX, Address (AddrPlus (FromReg RIP) (AddrImm 334639)) 7
4cf31: LEA Reg RSI, Address (AddrPlus (FromReg RIP) (AddrImm 330110)) 7
4cf38: LEA Reg RDI, Address (AddrPlus (FromReg RIP) (AddrImm 330229)) 7
4cf3f: MOV Reg EDX, Immediate 182 5
4cf44: CALL __assert_fail (external)
  |
  `- 
4d020: PUSH Reg RBP 1
4d021: PUSH Reg RBX 1
4d022: MOV Reg RBP, Reg RDI 3
4d025: MOV Reg RBX, Reg RSI 3
4d028: SUB Reg RSP, Immediate 8 4
4d02c: MOV Reg RAX, Address (SizeDir 64 (AddrPlus (FromReg RDI) (AddrImm 16))) 4
4d030: LEA Reg RDI, Address (AddrPlus (FromReg RAX) (AddrImm 64)) 4
4d034: CALL pthread_mutex_lock (external)
4d039: TEST Reg EAX, Reg EAX 2
4d03b: JNZ 4d105 (resolved immediate)
  |
  `- 4d041,4d105
4d041: MOV Reg EAX, Address (SizeDir 32 (FromReg RBX)) 2
4d043: MOV Reg RDI, Address (SizeDir 64 (AddrPlus (FromReg RBP) (AddrImm 16))) 4
4d047: TEST Reg EAX, Reg EAX 2
4d049: JS 4d0f1 (resolved immediate)
  |
  `- 4d04f,4d0f1
4d04f: CMP Address (SizeDir 64 (AddrPlus (FromReg RDI) (AddrImm 128))), Immediate 0 8
4d057: JZ 4d0a5 (resolved immediate)
  |
  `- 4d059,4d0a5
4d059: ADD Address (SizeDir 32 (AddrPlus (FromReg RDI) (AddrImm 120))), Immediate 1 4
4d05d: MOV Reg RDX, Address (SizeDir 64 (AddrPlus (FromReg RBP) (AddrImm 16))) 4
4d061: MOV Reg RAX, Address (SizeDir 64 (AddrPlus (FromReg RBX) (AddrImm 32))) 4
4d065: MOV Address (SizeDir 64 (FromReg RAX)), Immediate 0 7
4d06c: MOV Reg RCX, Address (SizeDir 64 (AddrPlus (FromReg RDX) (AddrImm 176))) 7
4d073: MOV Address (SizeDir 64 (AddrPlus (FromReg RAX) (AddrImm 16))), Reg RCX 4
4d077: MOV Address (SizeDir 64 (AddrPlus (FromReg RDX) (AddrImm 176))), Reg RAX 7
4d07e: MOV Reg RAX, Address (SizeDir 64 (AddrPlus (FromReg RBP) (AddrImm 16))) 4
4d082: MOV Reg RDX, Address (SizeDir 64 (AddrPlus (FromReg RBX) (AddrImm 32))) 4
4d086: MOV Reg ESI, Address (SizeDir 32 (FromReg RBX)) 2
4d088: MOV Reg RDI, Address (SizeDir 64 (AddrPlus (FromReg RAX) (AddrImm 136))) 7
4d08f: MOV Reg RAX, Address (SizeDir 64 (AddrPlus (FromReg RAX) (AddrImm 128))) 7
4d096: MOV Reg RDX, Address (SizeDir 64 (AddrPlus (FromReg RDX) (AddrImm 8))) 4
4d09a: CALL Address (SizeDir 64 (AddrPlus (FromReg RAX) (AddrImm 16))) 3
4d09d: MOV Reg RAX, Address (SizeDir 64 (AddrPlus (FromReg RBP) (AddrImm 16))) 4
4d0a1: SUB Address (SizeDir 32 (AddrPlus (FromReg RAX) (AddrImm 120))), Immediate 1 4
4d0a5: MOV Reg RAX, Address (SizeDir 64 (AddrPlus (FromReg RBX) (AddrImm 16))) 4
4d0a9: MOV Reg RDX, Address (SizeDir 64 (AddrPlus (FromReg RBX) (AddrImm 24))) 4
4d0ad: TEST Reg RAX, Reg RAX 3
4d0b0: JZ 4d0be (resolved immediate)
  |
  `- 4d0b2,4d0be
4d0b2: MOV Address (SizeDir 64 (AddrPlus (FromReg RAX) (AddrImm 24))), Reg RDX 4
4d0b6: MOV Reg RDX, Address (SizeDir 64 (AddrPlus (FromReg RBX) (AddrImm 24))) 4
4d0ba: MOV Reg RAX, Address (SizeDir 64 (AddrPlus (FromReg RBX) (AddrImm 16))) 4
4d0be: MOV Address (SizeDir 64 (FromReg RDX)), Reg RAX 3
4d0c1: MOV Address (SizeDir 32 (FromReg RBX)), Immediate 4294967295 6
4d0c7: MOV Reg RDI, Address (SizeDir 64 (AddrPlus (FromReg RBP) (AddrImm 16))) 4
4d0cb: MOV Reg RAX, Address (SizeDir 64 (AddrPlus (FromReg RDI) (AddrImm 168))) 7
4d0d2: TEST Reg RAX, Reg RAX 3
4d0d5: JZ 4d0f1 (resolved immediate)
  |
  `- 4d0d7,4d0f1
4d0d7: NOP  9
4d0e0: MOV Address (SizeDir 8 (AddrPlus (FromReg RAX) (AddrImm 64))), Immediate 1 4
4d0e4: MOV Reg RAX, Address (SizeDir 64 (AddrPlus (FromReg RAX) (AddrImm 48))) 4
4d0e8: TEST Reg RAX, Reg RAX 3
4d0eb: JNZ 4d0e0 (resolved immediate)
  |
  `- 4d0e0,4d0ed
4d0ed: MOV Reg RDI, Address (SizeDir 64 (AddrPlus (FromReg RBP) (AddrImm 16))) 4
4d0f1: ADD Reg RDI, Immediate 64 4
4d0f5: CALL pthread_mutex_unlock (external)
4d0fa: TEST Reg EAX, Reg EAX 2
4d0fc: JNZ 4d10a (resolved immediate)
  |
  `- 4d0fe,4d10a
4d0fe: ADD Reg RSP, Immediate 8 4
4d102: POP Reg RBX 1
4d103: POP Reg RBP 1
4d104: RET  1
  |
  `- 
4d105: CALL libxl__ctx_lock.part.16 (internal)
  |
  `- 
4d10a: CALL libxl__ctx_unlock.part.17 (internal)
  |
  `- 
4d110: MOV Reg RSI, Address (SizeDir 64 (AddrPlus (FromReg RDI) (AddrImm 16))) 4
4d114: MOV Reg EAX, Address (SizeDir 32 (AddrPlus (FromReg RSI) (AddrImm 228))) 6
4d11a: TEST Reg EAX, Reg EAX 2
4d11c: JS 4d134 (resolved immediate)
  |
  `- 4d11e,4d134
4d11e: JZ 4d128 (resolved immediate)
  |
  `- 4d120,4d128
4d120: REPZ RET  2
  |
  `- 
4d128: ADD Reg RSI, Immediate 248 7
4d12f: JMP 4d020 (resolved immediate)
  |
  `- 4d020
4d134: LEA Reg RCX, Address (AddrPlus (FromReg RIP) (AddrImm 333813)) 7
4d13b: LEA Reg RSI, Address (AddrPlus (FromReg RIP) (AddrImm 329588)) 7
4d142: LEA Reg RDI, Address (AddrPlus (FromReg RIP) (AddrImm 329745)) 7
4d149: SUB Reg RSP, Immediate 8 4
4d14d: MOV Reg EDX, Immediate 591 5
4d152: CALL __assert_fail (external)
  |
  `- 
4d230: PUSH Reg R15 2
4d232: PUSH Reg R14 2
4d234: PUSH Reg R13 2
4d236: PUSH Reg R12 2
4d238: MOV Reg R12, Reg RSI 3
4d23b: PUSH Reg RBP 1
4d23c: PUSH Reg RBX 1
4d23d: MOV Reg RBX, Reg RDI 3
4d240: MOV Reg RBP, Reg RCX 3
4d243: SUB Reg RSP, Immediate 24 4
4d247: MOV Reg RAX, Address (SizeDir 64 (AddrPlus (FromReg RDI) (AddrImm 16))) 4
4d24b: MOV Address (SizeDir 64 (FromReg RSP)), Reg RDX 4
4d24f: LEA Reg RDI, Address (AddrPlus (FromReg RAX) (AddrImm 64)) 4
4d253: CALL pthread_mutex_lock (external)
4d258: TEST Reg EAX, Reg EAX 2
4d25a: JNZ 4d54b (resolved immediate)
  |
  `- 4d260,4d54b
4d260: MOV Reg RDI, Address (SizeDir 64 (AddrPlus (FromReg RBX) (AddrImm 16))) 4
4d264: MOV Reg EAX, Address (SizeDir 32 (AddrPlus (FromReg RDI) (AddrImm 248))) 6
4d26a: TEST Reg EAX, Reg EAX 2
4d26c: JS 4d420 (resolved immediate)
  |
  `- 4d272,4d420
4d272: MOV Reg R14, Address (SizeDir 64 (AddrPlus (FromReg RDI) (AddrImm 232))) 7
4d279: TEST Reg R14, Reg R14 3
4d27c: JZ 4d478 (resolved immediate)
  |
  `- 4d282,4d478
4d282: MOV Reg RAX, Address (SizeDir 64 (FromReg R14)) 3
4d285: MOV Address (SizeDir 64 (AddrPlus (FromReg RDI) (AddrImm 232))), Reg RAX 7
4d28c: MOV Reg RDI, Reg RBP 3
4d28f: CALL strdup (external)
4d294: TEST Reg RAX, Reg RAX 3
4d297: MOV Reg R13, Reg RAX 3
4d29a: JZ 4d3d0 (resolved immediate)
  |
  `- 4d2a0,4d3d0
4d2a0: MOV Reg RAX, Address (SizeDir 64 (AddrPlus (FromReg RBX) (AddrImm 16))) 4
4d2a4: MOV Reg R15, Reg R14 3
4d2a7: LEA Reg RSI, Address (AddrPlus (FromReg RIP) (AddrImm 329425)) 7
4d2ae: MOV Reg RDI, Reg RBX 3
4d2b1: MOV Reg ECX, Address (SizeDir 32 (AddrPlus (FromReg RAX) (AddrImm 240))) 6
4d2b7: SUB Reg R15, Address (SizeDir 64 (AddrPlus (FromReg RAX) (AddrImm 216))) 7
4d2be: LEA Reg EDX, Address (AddrPlus (FromReg RCX) (AddrImm 1)) 3
4d2c1: SAR Reg R15, Immediate 3 4
4d2c5: MOV Address (SizeDir 32 (AddrPlus (FromReg RAX) (AddrImm 240))), Reg EDX 6
4d2cb: MOV Address (SizeDir 32 (AddrPlus (FromReg R12) (AddrImm 20))), Reg ECX 5
4d2d0: MOV Reg EDX, Reg R15D 3
4d2d3: XOR Reg EAX, Reg EAX 2
4d2d5: CALL libxl__sprintf (internal)
  |
  `- 3c540
4d2da: PUSH Reg R15 2
4d2dc: PUSH Reg RAX 1
4d2dd: LEA Reg R9, Address (AddrPlus (FromReg RIP) (AddrImm 333452)) 7
4d2e4: MOV Reg RDI, Address (SizeDir 64 (AddrPlus (FromReg RBX) (AddrImm 16))) 4
4d2e8: LEA Reg RCX, Address (AddrPlus (FromReg RIP) (AddrImm 329159)) 7
4d2ef: MOV Reg R8D, Immediate 639 6
4d2f5: MOV Address (SizeDir 64 (AddrPlus (FromReg RSP) (AddrImm 24))), Reg RAX 5
4d2fa: LEA Reg RAX, Address (AddrPlus (FromReg RIP) (AddrImm 330295)) 7
4d301: PUSH Reg RBP 1
4d302: PUSH Reg R12 2
4d304: MOV Reg EDX, Immediate 4294967295 5
4d309: MOV Reg ESI, Immediate 1 5
4d30e: PUSH Reg RAX 1
4d30f: PUSH Immediate 18446744073709551615 2
4d311: XOR Reg EAX, Reg EAX 2
4d313: CALL libxl__log (internal)
  |
  `- 
4d318: MOV Reg RAX, Address (SizeDir 64 (AddrPlus (FromReg RBX) (AddrImm 16))) 4
4d31c: ADD Reg RSP, Immediate 48 4
4d320: MOV Reg R11, Address (SizeDir 64 (AddrPlus (FromReg RSP) (AddrImm 8))) 5
4d325: MOV Reg RSI, Reg RBP 3
4d328: MOV Reg RDI, Address (SizeDir 64 (AddrPlus (FromReg RAX) (AddrImm 16))) 4
4d32c: MOV Reg RDX, Reg R11 3
4d32f: CALL xs_watch (external)
4d334: TEST Reg AL, Reg AL 2
4d336: JNZ 4d3e0 (resolved immediate)
  |
  `- 4d33c,4d3e0
4d33c: CALL __errno_location (external)
4d341: LEA Reg RSI, Address (AddrPlus (FromReg RIP) (AddrImm 329277)) 7
4d348: SUB Reg RSP, Immediate 8 4
4d34c: MOV Reg RDI, Address (SizeDir 64 (AddrPlus (FromReg RBX) (AddrImm 16))) 4
4d350: PUSH Reg RBP 1
4d351: LEA Reg R9, Address (AddrPlus (FromReg RIP) (AddrImm 333336)) 7
4d358: LEA Reg RCX, Address (AddrPlus (FromReg RIP) (AddrImm 329047)) 7
4d35f: PUSH Reg RSI 1
4d360: PUSH Immediate 18446744073709551615 2
4d362: MOV Reg R8D, Immediate 642 6
4d368: MOV Reg EDX, Address (SizeDir 32 (FromReg RAX)) 2
4d36a: MOV Reg ESI, Immediate 8 5
4d36f: XOR Reg EAX, Reg EAX 2
4d371: MOV Reg R15D, Immediate 4294967293 6
4d377: CALL libxl__log (internal)
4d37c: ADD Reg RSP, Immediate 32 4
4d380: MOV Reg RAX, Address (SizeDir 64 (AddrPlus (FromReg RBX) (AddrImm 16))) 4
4d384: MOV Reg RAX, Address (SizeDir 64 (AddrPlus (FromReg RAX) (AddrImm 232))) 7
4d38b: MOV Address (SizeDir 64 (FromReg R14)), Reg RAX 3
4d38e: MOV Reg RAX, Address (SizeDir 64 (AddrPlus (FromReg RBX) (AddrImm 16))) 4
4d392: MOV Address (SizeDir 64 (AddrPlus (FromReg RAX) (AddrImm 232))), Reg R14 7
4d399: MOV Reg RDI, Reg R13 3
4d39c: CALL free (external)
4d3a1: MOV Reg RDI, Reg RBX 3
4d3a4: CALL watches_check_fd_deregister (internal)
  |
  `- 4d3a9,4d110
4d3a9: MOV Reg RDI, Address (SizeDir 64 (AddrPlus (FromReg RBX) (AddrImm 16))) 4
4d3ad: ADD Reg RDI, Immediate 64 4
4d3b1: CALL pthread_mutex_unlock (external)
4d3b6: TEST Reg EAX, Reg EAX 2
4d3b8: JNZ 4d414 (resolved immediate)
  |
  `- 4d3ba,4d414
4d3ba: ADD Reg RSP, Immediate 24 4
4d3be: MOV Reg EAX, Reg R15D 3
4d3c1: POP Reg RBX 1
4d3c2: POP Reg RBP 1
4d3c3: POP Reg R12 2
4d3c5: POP Reg R13 2
4d3c7: POP Reg R14 2
4d3c9: POP Reg R15 2
4d3cb: RET  1
  |
  `- 
4d3d0: MOV Reg R15D, Immediate 4294967291 6
4d3d6: JMP 4d380 (resolved immediate)
  |
  `- 4d380
4d3e0: MOV Reg RAX, Address (SizeDir 64 (FromReg RSP)) 4
4d3e4: MOV Address (SizeDir 32 (AddrPlus (FromReg R12) (AddrImm 16))), Reg R15D 5
4d3e9: MOV Address (SizeDir 64 (FromReg R12)), Reg R13 4
4d3ed: MOV Address (SizeDir 64 (AddrPlus (FromReg R12) (AddrImm 8))), Reg RAX 5
4d3f2: MOV Reg RAX, Address (SizeDir 64 (AddrPlus (FromReg RBX) (AddrImm 16))) 4
4d3f6: ADD Address (SizeDir 32 (AddrPlus (FromReg RAX) (AddrImm 228))), Immediate 1 7
4d3fd: MOV Address (SizeDir 64 (FromReg R14)), Reg R12 3
4d400: MOV Reg RDI, Address (SizeDir 64 (AddrPlus (FromReg RBX) (AddrImm 16))) 4
4d404: ADD Reg RDI, Immediate 64 4
4d408: CALL pthread_mutex_unlock (external)
4d40d: TEST Reg EAX, Reg EAX 2
4d40f: MOV Reg R15D, Reg EAX 3
4d412: JZ 4d3ba (resolved immediate)
  |
  `- 4d3ba,4d414
4d414: CALL libxl__ctx_unlock.part.17 (internal)
  |
  `- 4cc70
4d420: MOV Reg RDI, Address (SizeDir 64 (AddrPlus (FromReg RDI) (AddrImm 16))) 4
4d424: CALL xs_fileno (external)
4d429: MOV Reg RSI, Address (SizeDir 64 (AddrPlus (FromReg RBX) (AddrImm 16))) 4
4d42d: LEA Reg RDX, Address (AddrPlus (FromReg RIP) (AddrImm 2476)) 7
4d434: MOV Reg R8D, Immediate 1 6
4d43a: MOV Reg ECX, Reg EAX 2
4d43c: MOV Reg RDI, Reg RBX 3
4d43f: ADD Reg RSI, Immediate 248 7
4d446: CALL libxl__ev_fd_register (internal)
  |
  `- 4cdb0
4d44b: TEST Reg EAX, Reg EAX 2
4d44d: MOV Reg R15D, Reg EAX 3
4d450: JZ 4d460 (resolved immediate)
  |
  `- 4d452,4d460
4d452: XOR Reg R13D, Reg R13D 3
4d455: JMP 4d399 (resolved immediate)
  |
  `- 4d399
4d460: MOV Reg RDI, Address (SizeDir 64 (AddrPlus (FromReg RBX) (AddrImm 16))) 4
4d464: MOV Reg R14, Address (SizeDir 64 (AddrPlus (FromReg RDI) (AddrImm 232))) 7
4d46b: TEST Reg R14, Reg R14 3
4d46e: JNZ 4d282 (resolved immediate)
  |
  `- 4d282,4d474
4d474: NOP  4
4d478: MOV Reg EAX, Address (SizeDir 32 (AddrPlus (FromReg RDI) (AddrImm 224))) 6
4d47e: MOV Reg RSI, Address (SizeDir 64 (AddrPlus (FromReg RDI) (AddrImm 216))) 7
4d485: ADD Reg RDI, Immediate 24 4
4d489: LEA Reg R14D, Address (AddrPlus (AddrTimes (AddrImm 4) (FromReg RAX)) (AddrImm 4)) 8
4d491: MOVSXD Reg RDX, Reg R14D 3
4d494: SHL Reg RDX, Immediate 3 4
4d498: CALL libxl__realloc (internal)
  |
  `- 4d49d,3c660
4d49d: TEST Reg RAX, Reg RAX 3
4d4a0: JZ 4d540 (resolved immediate)
  |
  `- 4d4a6,4d540
4d4a6: MOV Reg RCX, Address (SizeDir 64 (AddrPlus (FromReg RBX) (AddrImm 16))) 4
4d4aa: MOV Reg ESI, Address (SizeDir 32 (AddrPlus (FromReg RCX) (AddrImm 224))) 6
4d4b0: CMP Reg R14D, Reg ESI 3
4d4b3: JLE 4d4f2 (resolved immediate)
  |
  `- 4d4b5,4d4f2
4d4b5: MOVSXD Reg RDI, Reg ESI 3
4d4b8: NOT Reg ESI 2
4d4ba: ADD Reg ESI, Reg R14D 3
4d4bd: LEA Reg RDX, Address (AddrPlus (FromReg RAX) (AddrTimes (AddrImm 8) (FromReg RDI))) 4
4d4c1: ADD Reg RSI, Reg RDI 3
4d4c4: LEA Reg RSI, Address (AddrPlus (AddrPlus (FromReg RAX) (AddrTimes (AddrImm 8) (FromReg RSI))) (AddrImm 8)) 5
4d4c9: NOP  7
4d4d0: MOV Reg RCX, Address (SizeDir 64 (AddrPlus (FromReg RCX) (AddrImm 232))) 7
4d4d7: MOV Address (SizeDir 64 (FromReg RDX)), Reg RCX 3
4d4da: MOV Reg RCX, Address (SizeDir 64 (AddrPlus (FromReg RBX) (AddrImm 16))) 4
4d4de: MOV Address (SizeDir 64 (AddrPlus (FromReg RCX) (AddrImm 232))), Reg RDX 7
4d4e5: ADD Reg RDX, Immediate 8 4
4d4e9: MOV Reg RCX, Address (SizeDir 64 (AddrPlus (FromReg RBX) (AddrImm 16))) 4
4d4ed: CMP Reg RSI, Reg RDX 3
4d4f0: JNZ 4d4d0 (resolved immediate)
  |
  `- 4d4d0,4d4f2
4d4f2: MOV Address (SizeDir 64 (AddrPlus (FromReg RCX) (AddrImm 216))), Reg RAX 7
4d4f9: MOV Reg RAX, Address (SizeDir 64 (AddrPlus (FromReg RBX) (AddrImm 16))) 4
4d4fd: MOV Address (SizeDir 32 (AddrPlus (FromReg RAX) (AddrImm 224))), Reg R14D 7
4d504: MOV Reg RDI, Address (SizeDir 64 (AddrPlus (FromReg RBX) (AddrImm 16))) 4
4d508: MOV Reg R14, Address (SizeDir 64 (AddrPlus (FromReg RDI) (AddrImm 232))) 7
4d50f: TEST Reg R14, Reg R14 3
4d512: JNZ 4d282 (resolved immediate)
  |
  `- 4d282,4d518
4d518: LEA Reg RCX, Address (AddrPlus (FromReg RIP) (AddrImm 332913)) 7
4d51f: LEA Reg RSI, Address (AddrPlus (FromReg RIP) (AddrImm 328592)) 7
4d526: LEA Reg RDI, Address (AddrPlus (FromReg RIP) (AddrImm 319340)) 7
4d52d: MOV Reg EDX, Immediate 628 5
4d532: CALL __assert_fail (external)
  |
  `- 
4d540: MOV Reg R15D, Immediate 4294967291 6
4d546: JMP 4d452 (resolved immediate)
  |
  `- 4d452
4d54b: CALL libxl__ctx_lock.part.16 (internal)
  |
  `- 4cc40
4d550: PUSH Reg R12 2
4d552: PUSH Reg RBP 1
4d553: MOV Reg RBP, Reg RDI 3
4d556: PUSH Reg RBX 1
4d557: MOV Reg RAX, Address (SizeDir 64 (AddrPlus (FromReg RDI) (AddrImm 16))) 4
4d55b: MOV Reg RBX, Reg RSI 3
4d55e: LEA Reg RDI, Address (AddrPlus (FromReg RAX) (AddrImm 64)) 4
4d562: CALL pthread_mutex_lock (external)
4d567: TEST Reg EAX, Reg EAX 2
4d569: JNZ 4d6e1 (resolved immediate)
  |
  `- 4d56f,4d6e1
4d56f: MOV Reg EDX, Address (SizeDir 32 (AddrPlus (FromReg RBX) (AddrImm 16))) 3
4d572: TEST Reg EDX, Reg EDX 2
4d574: JS 4d6a0 (resolved immediate)
  |
  `- 4d57a,4d6a0
4d57a: MOV Reg ECX, Address (SizeDir 32 (AddrPlus (FromReg RBX) (AddrImm 20))) 3
4d57d: LEA Reg RSI, Address (AddrPlus (FromReg RIP) (AddrImm 328699)) 7
4d584: MOV Reg RDI, Reg RBP 3
4d587: XOR Reg EAX, Reg EAX 2
4d589: CALL libxl__sprintf (internal)
  |
  `- 
4d58e: MOV Reg R12, Reg RAX 3
4d591: MOV Reg EAX, Address (SizeDir 32 (AddrPlus (FromReg RBX) (AddrImm 16))) 3
4d594: MOV Reg RDI, Address (SizeDir 64 (AddrPlus (FromReg RBP) (AddrImm 16))) 4
4d598: LEA Reg R9, Address (AddrPlus (FromReg RIP) (AddrImm 332657)) 7
4d59f: LEA Reg RCX, Address (AddrPlus (FromReg RIP) (AddrImm 328464)) 7
4d5a6: MOV Reg R8D, Immediate 676 6
4d5ac: MOV Reg EDX, Immediate 4294967295 5
4d5b1: MOV Reg ESI, Immediate 1 5
4d5b6: PUSH Reg RAX 1
4d5b7: LEA Reg RAX, Address (AddrPlus (FromReg RIP) (AddrImm 329650)) 7
4d5be: PUSH Reg R12 2
4d5c0: PUSH Address (SizeDir 64 (FromReg RBX)) 2
4d5c2: PUSH Reg RBX 1
4d5c3: PUSH Reg RAX 1
4d5c4: PUSH Immediate 18446744073709551615 2
4d5c6: XOR Reg EAX, Reg EAX 2
4d5c8: CALL libxl__log (internal)
  |
  `- 
4d5cd: MOV Reg RAX, Address (SizeDir 64 (AddrPlus (FromReg RBP) (AddrImm 16))) 4
4d5d1: MOV Reg RSI, Address (SizeDir 64 (FromReg RBX)) 3
4d5d4: ADD Reg RSP, Immediate 48 4
4d5d8: MOV Reg RDX, Reg R12 3
4d5db: MOV Reg RDI, Address (SizeDir 64 (AddrPlus (FromReg RAX) (AddrImm 16))) 4
4d5df: CALL xs_unwatch (external)
4d5e4: TEST Reg AL, Reg AL 2
4d5e6: JZ 4d658 (resolved immediate)
  |
  `- 4d5e8,4d658
4d5e8: MOV Reg RDX, Address (SizeDir 64 (AddrPlus (FromReg RBP) (AddrImm 16))) 4
4d5ec: MOVSXD Reg RCX, Address (SizeDir 32 (AddrPlus (FromReg RBX) (AddrImm 16))) 4
4d5f0: MOV Reg RDI, Reg RBP 3
4d5f3: MOV Reg RAX, Address (SizeDir 64 (AddrPlus (FromReg RDX) (AddrImm 216))) 7
4d5fa: MOV Reg RDX, Address (SizeDir 64 (AddrPlus (FromReg RDX) (AddrImm 232))) 7
4d601: LEA Reg RAX, Address (AddrPlus (FromReg RAX) (AddrTimes (AddrImm 8) (FromReg RCX))) 4
4d605: MOV Address (SizeDir 64 (FromReg RAX)), Reg RDX 3
4d608: MOV Reg RDX, Address (SizeDir 64 (AddrPlus (FromReg RBP) (AddrImm 16))) 4
4d60c: MOV Address (SizeDir 64 (AddrPlus (FromReg RDX) (AddrImm 232))), Reg RAX 7
4d613: MOV Address (SizeDir 32 (AddrPlus (FromReg RBX) (AddrImm 16))), Immediate 4294967295 7
4d61a: MOV Reg RAX, Address (SizeDir 64 (AddrPlus (FromReg RBP) (AddrImm 16))) 4
4d61e: SUB Address (SizeDir 32 (AddrPlus (FromReg RAX) (AddrImm 228))), Immediate 1 7
4d625: CALL watches_check_fd_deregister (internal)
4d62a: MOV Reg RDI, Address (SizeDir 64 (FromReg RBX)) 3
4d62d: CALL free (external)
4d632: MOV Address (SizeDir 64 (FromReg RBX)), Immediate 0 7
4d639: MOV Reg RDI, Address (SizeDir 64 (AddrPlus (FromReg RBP) (AddrImm 16))) 4
4d63d: ADD Reg RDI, Immediate 64 4
4d641: CALL pthread_mutex_unlock (external)
4d646: TEST Reg EAX, Reg EAX 2
4d648: JNZ 4d6e6 (resolved immediate)
  |
  `- 4d64e,4d6e6
4d64e: POP Reg RBX 1
4d64f: POP Reg RBP 1
4d650: POP Reg R12 2
4d652: RET  1
  |
  `- 
4d658: CALL __errno_location (external)
4d65d: LEA Reg RSI, Address (AddrPlus (FromReg RIP) (AddrImm 328506)) 7
4d664: SUB Reg RSP, Immediate 8 4
4d668: MOV Reg RDI, Address (SizeDir 64 (AddrPlus (FromReg RBP) (AddrImm 16))) 4
4d66c: PUSH Address (SizeDir 64 (FromReg RBX)) 2
4d66e: LEA Reg R9, Address (AddrPlus (FromReg RIP) (AddrImm 332443)) 7
4d675: LEA Reg RCX, Address (AddrPlus (FromReg RIP) (AddrImm 328250)) 7
4d67c: PUSH Reg RSI 1
4d67d: PUSH Immediate 18446744073709551615 2
4d67f: MOV Reg R8D, Immediate 681 6
4d685: MOV Reg EDX, Address (SizeDir 32 (FromReg RAX)) 2
4d687: MOV Reg ESI, Immediate 8 5
4d68c: XOR Reg EAX, Reg EAX 2
4d68e: CALL libxl__log (internal)
4d693: ADD Reg RSP, Immediate 32 4
4d697: JMP 4d5e8 (resolved immediate)
  |
  `- 4d5e8
4d6a0: LEA Reg RAX, Address (AddrPlus (FromReg RIP) (AddrImm 329473)) 7
4d6a7: SUB Reg RSP, Immediate 8 4
4d6ab: MOV Reg RDI, Address (SizeDir 64 (AddrPlus (FromReg RBP) (AddrImm 16))) 4
4d6af: LEA Reg R9, Address (AddrPlus (FromReg RIP) (AddrImm 332378)) 7
4d6b6: PUSH Reg RBX 1
4d6b7: LEA Reg RCX, Address (AddrPlus (FromReg RIP) (AddrImm 328184)) 7
4d6be: PUSH Reg RAX 1
4d6bf: PUSH Immediate 18446744073709551615 2
4d6c1: MOV Reg R8D, Immediate 689 6
4d6c7: MOV Reg EDX, Immediate 4294967295 5
4d6cc: MOV Reg ESI, Immediate 1 5
4d6d1: XOR Reg EAX, Reg EAX 2
4d6d3: CALL libxl__log (internal)
  |
  `- 
4d6d8: ADD Reg RSP, Immediate 32 4
4d6dc: JMP 4d62a (resolved immediate)
  |
  `- 4d62a
4d6e1: CALL libxl__ctx_lock.part.16 (internal)
  |
  `- 
4d6e6: CALL libxl__ctx_unlock.part.17 (internal)
  |
  `- 
68ce0: PUSH Reg RBP 1
68ce1: PUSH Reg RBX 1
68ce2: MOV Reg RBP, Reg RDI 3
68ce5: MOV Reg RBX, Reg RSI 3
68ce8: SUB Reg RSP, Immediate 8 4
68cec: MOV Reg RAX, Address (SizeDir 64 (AddrPlus (FromReg RDI) (AddrImm 16))) 4
68cf0: LEA Reg RDI, Address (AddrPlus (FromReg RAX) (AddrImm 64)) 4
68cf4: CALL pthread_mutex_lock (external)
68cf9: TEST Reg EAX, Reg EAX 2
68cfb: JNZ 68da0 (resolved immediate)
  |
  `- 68d01,68da0
68d01: TEST Address (SizeDir 8 (AddrPlus (FromReg RBX) (AddrImm 4))), Immediate 2 4
68d05: MOV Reg RAX, Address (SizeDir 64 (AddrPlus (FromReg RBX) (AddrImm 8))) 4
68d09: MOV Reg RDX, Address (SizeDir 64 (AddrPlus (FromReg RBX) (AddrImm 16))) 4
68d0d: JZ 68d50 (resolved immediate)
  |
  `- 68d0f,68d50
68d0f: TEST Reg RAX, Reg RAX 3
68d12: JZ 68d90 (resolved immediate)
  |
  `- 68d14,68d90
68d14: MOV Address (SizeDir 64 (AddrPlus (FromReg RAX) (AddrImm 16))), Reg RDX 4
68d18: MOV Reg RAX, Address (SizeDir 64 (AddrPlus (FromReg RBX) (AddrImm 16))) 4
68d1c: MOV Reg RDX, Address (SizeDir 64 (AddrPlus (FromReg RBX) (AddrImm 8))) 4
68d20: MOV Reg RDI, Reg RBX 3
68d23: MOV Address (SizeDir 64 (FromReg RAX)), Reg RDX 3
68d26: CALL free (external)
68d2b: MOV Reg RDI, Address (SizeDir 64 (AddrPlus (FromReg RBP) (AddrImm 16))) 4
68d2f: CMP Address (SizeDir 64 (AddrPlus (FromReg RDI) (AddrImm 352))), Immediate 0 8
68d37: JZ 68d68 (resolved immediate)
  |
  `- 68d39,68d68
68d39: ADD Reg RDI, Immediate 64 4
68d3d: CALL pthread_mutex_unlock (external)
68d42: TEST Reg EAX, Reg EAX 2
68d44: JNZ 68da5 (resolved immediate)
  |
  `- 68d46,68da5
68d46: ADD Reg RSP, Immediate 8 4
68d4a: POP Reg RBX 1
68d4b: POP Reg RBP 1
68d4c: RET  1
  |
  `- 
68d50: TEST Reg RAX, Reg RAX 3
68d53: JNZ 68d14 (resolved immediate)
  |
  `- 68d14,68d55
68d55: MOV Reg RAX, Address (SizeDir 64 (AddrPlus (FromReg RBP) (AddrImm 16))) 4
68d59: MOV Address (SizeDir 64 (AddrPlus (FromReg RAX) (AddrImm 360))), Reg RDX 7
68d60: JMP 68d18 (resolved immediate)
  |
  `- 68d18
68d68: MOV Reg EAX, Address (SizeDir 32 (AddrPlus (FromReg RDI) (AddrImm 400))) 6
68d6e: TEST Reg EAX, Reg EAX 2
68d70: JS 68d39 (resolved immediate)
  |
  `- 68d39,68d72
68d72: LEA Reg RSI, Address (AddrPlus (FromReg RDI) (AddrImm 384)) 7
68d79: MOV Reg RDI, Reg RBP 3
68d7c: CALL libxl__ev_xswatch_deregister (internal)
  |
  `- 4d550
68d81: MOV Reg RDI, Address (SizeDir 64 (AddrPlus (FromReg RBP) (AddrImm 16))) 4
68d85: JMP 68d39 (resolved immediate)
  |
  `- 68d39
68d90: MOV Reg RAX, Address (SizeDir 64 (AddrPlus (FromReg RBP) (AddrImm 16))) 4
68d94: MOV Address (SizeDir 64 (AddrPlus (FromReg RAX) (AddrImm 376))), Reg RDX 7
68d9b: JMP 68d18 (resolved immediate)
  |
  `- 68d18
68da0: CALL libxl__ctx_lock.part.8 (internal)
  |
  `- 
68da5: CALL libxl__ctx_unlock.part.9 (internal)
  |
  `- 
68db0: PUSH Reg R15 2
68db2: PUSH Reg R14 2
68db4: MOV Reg R15, Reg RDX 3
68db7: PUSH Reg R13 2
68db9: PUSH Reg R12 2
68dbb: MOV Reg R12, Reg RDI 3
68dbe: PUSH Reg RBP 1
68dbf: PUSH Reg RBX 1
68dc0: MOV Reg EBP, Reg ESI 2
68dc2: MOV Reg R14, Reg RCX 3
68dc5: SUB Reg RSP, Immediate 56 4
68dc9: MOV Address (SizeDir 64 (AddrPlus (FromReg RSP) (AddrImm 32))), Reg RDI 5
68dce: ADD Reg RDI, Immediate 64 4
68dd2: MOV Address (SizeDir 32 (AddrPlus (FromReg RSP) (AddrImm 16))), Immediate 0 8
68dda: MOV Reg RAX, Address (SizeDir 64 (AddrPlus (FromReg FS) (AddrImm 40))) 9
68de3: MOV Address (SizeDir 64 (AddrPlus (FromReg RSP) (AddrImm 40))), Reg RAX 5
68de8: XOR Reg EAX, Reg EAX 2
68dea: MOV Address (SizeDir 64 (AddrPlus (FromReg RSP) (AddrImm 24))), Immediate 0 9
68df3: CALL pthread_mutex_lock (external)
68df8: TEST Reg EAX, Reg EAX 2
68dfa: JNZ 68f5a (resolved immediate)
  |
  `- 68e00,68f5a
68e00: MOV Reg EDI, Immediate 32 5
68e05: MOV Reg R13D, Reg EAX 3
68e08: CALL malloc (external)
68e0d: TEST Reg RAX, Reg RAX 3
68e10: MOV Reg RBX, Reg RAX 3
68e13: JZ 68f45 (resolved immediate)
  |
  `- 68e19,68f45
68e19: PXOR Reg XMM0, Reg XMM0 4
68e1d: MOV Address (SizeDir 32 (AddrPlus (FromReg RAX) (AddrImm 20))), Immediate 0 7
68e24: MOV Address (SizeDir 32 (FromReg RAX)), Reg EBP 2
68e26: MOV Address (SizeDir 64 (AddrPlus (FromReg RAX) (AddrImm 24))), Reg R15 4
68e2a: MOVUPS Address (SizeDir 128 (AddrPlus (FromReg RAX) (AddrImm 4))), Reg XMM0 4
68e2e: MOV Reg RAX, Address (SizeDir 64 (AddrPlus (FromReg R12) (AddrImm 352))) 8
68e36: TEST Reg RAX, Reg RAX 3
68e39: JZ 68e59 (resolved immediate)
  |
  `- 68e3b,68e59
68e3b: CMP Reg EBP, Address (SizeDir 32 (FromReg RAX)) 2
68e3d: JA 68e50 (resolved immediate)
  |
  `- 68e3f,68e50
68e3f: JMP 68ed8 (resolved immediate)
  |
  `- 68ed8
68e48: CMP Address (SizeDir 32 (FromReg RAX)), Reg EBP 2
68e4a: JAE 68ed8 (resolved immediate)
  |
  `- 68e50,68ed8
68e50: MOV Reg RAX, Address (SizeDir 64 (AddrPlus (FromReg RAX) (AddrImm 8))) 4
68e54: TEST Reg RAX, Reg RAX 3
68e57: JNZ 68e48 (resolved immediate)
  |
  `- 68e48,68e59
68e59: MOV Reg RAX, Address (SizeDir 64 (AddrPlus (FromReg R12) (AddrImm 360))) 8
68e61: MOV Address (SizeDir 64 (AddrPlus (FromReg RBX) (AddrImm 8))), Immediate 0 8
68e69: MOV Address (SizeDir 64 (AddrPlus (FromReg RBX) (AddrImm 16))), Reg RAX 4
68e6d: MOV Address (SizeDir 64 (FromReg RAX)), Reg RBX 3
68e70: LEA Reg RAX, Address (AddrPlus (FromReg RBX) (AddrImm 8)) 4
68e74: MOV Address (SizeDir 64 (AddrPlus (FromReg R12) (AddrImm 360))), Reg RAX 8
68e7c: MOV Reg EAX, Address (SizeDir 32 (AddrPlus (FromReg R12) (AddrImm 400))) 8
68e84: TEST Reg EAX, Reg EAX 2
68e86: JS 68eff (resolved immediate)
  |
  `- 68e88,68eff
68e88: MOV Address (SizeDir 64 (FromReg R14)), Reg RBX 3
68e8b: MOV Reg RAX, Address (SizeDir 64 (AddrPlus (FromReg RSP) (AddrImm 32))) 5
68e90: LEA Reg RDI, Address (AddrPlus (FromReg RAX) (AddrImm 64)) 4
68e94: CALL pthread_mutex_unlock (external)
68e99: TEST Reg EAX, Reg EAX 2
68e9b: JNZ 68f55 (resolved immediate)
  |
  `- 68ea1,68f55
68ea1: LEA Reg RDI, Address (AddrPlus (FromReg RSP) (AddrImm 16)) 5
68ea6: CALL libxl__free_all (internal)
  |
  `- 68eab,3bdb0
68eab: MOV Reg RCX, Address (SizeDir 64 (AddrPlus (FromReg RSP) (AddrImm 40))) 5
68eb0: XOR Reg RCX, Address (SizeDir 64 (AddrPlus (FromReg FS) (AddrImm 40))) 9
68eb9: MOV Reg EAX, Reg R13D 3
68ebc: JNZ 68f50 (resolved immediate)
  |
  `- 68ec2,68f50
68ec2: ADD Reg RSP, Immediate 56 4
68ec6: POP Reg RBX 1
68ec7: POP Reg RBP 1
68ec8: POP Reg R12 2
68eca: POP Reg R13 2
68ecc: POP Reg R14 2
68ece: POP Reg R15 2
68ed0: RET  1
  |
  `- 
68ed8: MOV Reg RDX, Address (SizeDir 64 (AddrPlus (FromReg RAX) (AddrImm 16))) 4
68edc: MOV Address (SizeDir 64 (AddrPlus (FromReg RBX) (AddrImm 8))), Reg RAX 4
68ee0: MOV Address (SizeDir 64 (AddrPlus (FromReg RBX) (AddrImm 16))), Reg RDX 4
68ee4: MOV Reg RDX, Address (SizeDir 64 (AddrPlus (FromReg RAX) (AddrImm 16))) 4
68ee8: MOV Address (SizeDir 64 (FromReg RDX)), Reg RBX 3
68eeb: LEA Reg RDX, Address (AddrPlus (FromReg RBX) (AddrImm 8)) 4
68eef: MOV Address (SizeDir 64 (AddrPlus (FromReg RAX) (AddrImm 16))), Reg RDX 4
68ef3: MOV Reg EAX, Address (SizeDir 32 (AddrPlus (FromReg R12) (AddrImm 400))) 8
68efb: TEST Reg EAX, Reg EAX 2
68efd: JNS 68e88 (resolved immediate)
  |
  `- 68e88,68eff
68eff: LEA Reg RBP, Address (AddrPlus (FromReg RSP) (AddrImm 16)) 5
68f04: LEA Reg RSI, Address (AddrPlus (FromReg R12) (AddrImm 384)) 8
68f0c: LEA Reg RCX, Address (AddrPlus (FromReg RIP) (AddrImm 221559)) 7
68f13: LEA Reg RDX, Address (AddrMinus (FromReg RIP) (AddrImm 9626)) 7
68f1a: MOV Reg RDI, Reg RBP 3
68f1d: CALL libxl__ev_xswatch_register (internal)
  |
  `- 4d230
68f22: TEST Reg EAX, Reg EAX 2
68f24: JZ 68e88 (resolved immediate)
  |
  `- 68e88,68f2a
68f2a: MOV Reg RSI, Reg RBX 3
68f2d: MOV Reg RDI, Reg RBP 3
68f30: MOV Address (SizeDir 32 (AddrPlus (FromReg RSP) (AddrImm 12))), Reg EAX 4
68f34: CALL libxl__evdisable_domain_death (internal)
  |
  `- 68ce0
68f39: MOV Reg EAX, Address (SizeDir 32 (AddrPlus (FromReg RSP) (AddrImm 12))) 4
68f3d: MOV Reg R13D, Reg EAX 3
68f40: JMP 68e8b (resolved immediate)
  |
  `- 68e8b
68f45: MOV Reg R13D, Immediate 4294967291 6
68f4b: JMP 68e8b (resolved immediate)
  |
  `- 68e8b
68f50: CALL __stack_chk_fail (external)
  |
  `- 
68f55: CALL libxl__ctx_unlock.part.9 (internal)
  |
  `- 2004a
68f5a: CALL libxl__ctx_lock.part.8 (internal)
  |
  `- 20027
