Number of assembly instructions     = 99
Number of indirect branches         = 0
Number of unresolved indirect jumps = 0: 
Number of unresolved indirect calls = 0: 
Number of symbolic states (representative of non-determinism): 99
Number of edges: 104

20500 (True): 41528
41490 (True): 770de, 77109, 77135
770c0 (False): 0

20500: CMP Address (SizeDir 32 (FromReg RDI)), Reg ESI 2
20502: MOV Reg EAX, Immediate 1 5
20507: JLE 20519 (resolved immediate)
  |
  `- 20509,20519
20509: MOV Reg RAX, Address (SizeDir 64 (AddrPlus (FromReg RDI) (AddrImm 16))) 4
2050d: MOVSXD Reg RSI, Reg ESI 3
20510: MOV Reg RAX, Address (SizeDir 64 (AddrPlus (FromReg RAX) (AddrTimes (AddrImm 8) (FromReg RSI)))) 4
20514: MOV Address (SizeDir 64 (FromReg RDX)), Reg RAX 3
20517: XOR Reg EAX, Reg EAX 2
20519: RET  2
  |
  `- 
41490: PUSH Reg R15 2
41492: PUSH Reg R14 2
41494: PUSH Reg R13 2
41496: PUSH Reg R12 2
41498: PUSH Reg RBP 1
41499: PUSH Reg RBX 1
4149a: SUB Reg RSP, Immediate 24 4
4149e: MOV Reg RAX, Address (SizeDir 64 (AddrPlus (FromReg FS) (AddrImm 40))) 9
414a7: MOV Address (SizeDir 64 (AddrPlus (FromReg RSP) (AddrImm 8))), Reg RAX 5
414ac: XOR Reg EAX, Reg EAX 2
414ae: TEST Reg RSI, Reg RSI 3
414b1: JE 414b8 (resolved immediate)
  |
  `- 414b3,414b8
414b3: CMP Address (SizeDir 32 (FromReg RSI)), Immediate 64 3
414b6: JE 414e0 (resolved immediate)
  |
  `- 414b8,414e0
414b8: MOV Reg RCX, Address (SizeDir 64 (AddrPlus (FromReg RSP) (AddrImm 8))) 5
414bd: XOR Reg RCX, Address (SizeDir 64 (AddrPlus (FromReg FS) (AddrImm 40))) 9
414c6: JNE 4155b (resolved immediate)
  |
  `- 414cc,4155b
414cc: ADD Reg RSP, Immediate 24 4
414d0: POP Reg RBX 1
414d1: POP Reg RBP 1
414d2: POP Reg R12 2
414d4: POP Reg R13 2
414d6: POP Reg R14 2
414d8: POP Reg R15 2
414da: RET  1
  |
  `- 
414e0: MOV Reg RBP, Address (SizeDir 64 (AddrPlus (FromReg RSI) (AddrImm 8))) 4
414e4: XOR Reg EBX, Reg EBX 2
414e6: MOV Reg R13, Reg RDI 3
414e9: MOV Reg R14D, Reg EDX 3
414ec: MOV Address (SizeDir 64 (FromReg RSP)), Immediate 0 8
414f4: MOV Reg R12, Reg RSP 3
414f7: MOV Reg EAX, Address (SizeDir 32 (AddrPlus (FromReg RBP) (AddrImm 8))) 3
414fa: TEST Reg EAX, Reg EAX 2
414fc: JNE 4151b (resolved immediate)
  |
  `- 414fe,4151b
414fe: JMP 4152c (resolved immediate)
  |
  `- 4152c
4151b: MOV Reg RDX, Reg R12 3
4151e: MOV Reg ESI, Reg EBX 2
41520: MOV Reg RDI, Reg RBP 3
41523: CALL flexarray_get (internal)
  |
  `- 20500
41528: TEST Reg EAX, Reg EAX 2
4152a: JE 41500 (resolved immediate)
4152c: XOR Reg EAX, Reg EAX 2
4152e: JMP 414b8 (resolved immediate)
  |
  `- 414b8
4155b: CALL __stack_chk_fail (external)
  |
  `- 
770c0: PUSH Reg R12 2
770c2: MOV Reg R12, Reg RDI 3
770c5: PUSH Reg RBP 1
770c6: LEA Reg RDI, Address (SizeDir 64 (AddrPlus (FromReg RIP) (AddrImm 195051))) 7
770cd: PUSH Reg RBX 1
770ce: MOV Reg RBP, Reg RDX 3
770d1: MOV Reg EDX, Immediate 4 5
770d6: MOV Reg RBX, Reg RSI 3
770d9: CALL libxl__json_map_get (internal)
  |
  `- 41490
770de: TEST Reg RAX, Reg RAX 3
770e1: JE 770f5 (resolved immediate)
  |
  `- 770e3,770f5
770e3: MOV Reg RDX, Reg RBP 3
770e6: MOV Reg RSI, Reg RAX 3
770e9: MOV Reg RDI, Reg R12 3
770ec: CALL libxl__uint32_parse_json (external)
770f1: TEST Reg EAX, Reg EAX 2
770f3: JNE 77150 (resolved immediate)
  |
  `- 770f5,77150
770f5: LEA Reg RDI, Address (SizeDir 64 (AddrPlus (FromReg RIP) (AddrImm 195018))) 7
770fc: MOV Reg EDX, Immediate 33 5
77101: MOV Reg RSI, Reg RBX 3
77104: CALL libxl__json_map_get (internal)
77109: TEST Reg RAX, Reg RAX 3
7710c: JE 77121 (resolved immediate)
  |
  `- 7710e,77121
7710e: LEA Reg RDX, Address (SizeDir 64 (AddrPlus (FromReg RBP) (AddrImm 8))) 4
77112: MOV Reg RSI, Reg RAX 3
77115: MOV Reg RDI, Reg R12 3
77118: CALL libxl__string_parse_json (external)
7711d: TEST Reg EAX, Reg EAX 2
7711f: JNE 77150 (resolved immediate)
  |
  `- 77121,77150
77121: LEA Reg RDI, Address (SizeDir 64 (AddrPlus (FromReg RIP) (AddrImm 194990))) 7
77128: MOV Reg EDX, Immediate 4 5
7712d: MOV Reg RSI, Reg RBX 3
77130: CALL libxl__json_map_get (internal)
77135: TEST Reg RAX, Reg RAX 3
77138: JE 77150 (resolved immediate)
  |
  `- 7713a,77150
7713a: POP Reg RBX 1
7713b: LEA Reg RDX, Address (SizeDir 64 (AddrPlus (FromReg RBP) (AddrImm 16))) 4
7713f: MOV Reg RDI, Reg R12 3
77142: MOV Reg RSI, Reg RAX 3
77145: POP Reg RBP 1
77146: POP Reg R12 2
77148: JMP libxl__int_parse_json (jmp to external function)
  |
  `- 
77150: POP Reg RBX 1
77151: POP Reg RBP 1
77152: POP Reg R12 2
77154: RET  1
  |
  `- 
