Number of assembly instructions     = 9
Number of indirect branches         = 0
Number of unresolved indirect jumps = 0: 
Number of unresolved indirect calls = 0: 
Number of symbolic states (representative of non-determinism): 9
Number of edges: 9

8ed50 (False): 0

8ed50: TEST Reg RSI, Reg RSI 3
8ed53: JZ 8ed5a (resolved immediate)
  |
  `- 8ed55,8ed5a
8ed55: CMP Address (SizeDir 32 (FromReg RSI)), Immediate 32 3
8ed58: JZ 8ed60 (resolved immediate)
  |
  `- 8ed5a,8ed60
8ed5a: MOV Reg EAX, Immediate 4294967295 5
8ed5f: RET  1
  |
  `- 
8ed60: MOV Reg RDI, Address (SizeDir 64 (AddrPlus (FromReg RSI) (AddrImm 8))) 4
8ed64: MOV Reg RSI, Reg RDX 3
8ed67: JMP libxl_vsnd_stream_type_from_string (jmp to external function)
  |
  `- 
