Number of assembly instructions     = 775
Number of indirect branches         = 2
Number of unresolved indirect jumps = 0: 
Number of unresolved indirect calls = 2: 4ce4b, 4cfae
Number of symbolic states (representative of non-determinism): 775
Number of edges: 799

3be40 (True): 3c1a9
3c110 (True): 3c211, 3c274
3c1d0 (False): 3c39c, 3c45b
3c2a0 (True): 3c43a
3c410 (True): 4cf13
4cc40 (False): 4cf2a, 4cfef
4cc70 (False): 4cf25, 4cff4
4cdb0 (True): 51913
4cf50 (True): 518e0
4e310 (True): 4e367
4e340 (True): 5193c
50d60 (True): 51955
50dd0 (True): 519af
50e40 (True): 50efb, 5110b, 519da
50ee0 (True): 51963
510e0 (True): 519aa
518b0 (False): 0

3be40: PUSH Reg R15 2
3be42: PUSH Reg R14 2
3be44: MOV Reg R15, Reg RDI 3
3be47: PUSH Reg R13 2
3be49: PUSH Reg R12 2
3be4b: MOV Reg R12, Reg RCX 3
3be4e: PUSH Reg RBP 1
3be4f: PUSH Reg RBX 1
3be50: MOV Reg EBP, Reg R8D 3
3be53: MOV Reg RBX, Reg R9 3
3be56: SUB Reg RSP, Immediate 584 7
3be5d: MOV Address (SizeDir 32 (AddrPlus (FromReg RSP) (AddrImm 4))), Reg ESI 4
3be61: MOV Address (SizeDir 32 (AddrPlus (FromReg RSP) (AddrImm 8))), Reg EDX 4
3be65: MOV Reg RAX, Address (SizeDir 64 (AddrPlus (FromReg FS) (AddrImm 40))) 9
3be6e: MOV Address (SizeDir 64 (AddrPlus (FromReg RSP) (AddrImm 568))), Reg RAX 8
3be76: XOR Reg EAX, Reg EAX 2
3be78: MOV Address (SizeDir 64 (AddrPlus (FromReg RSP) (AddrImm 40))), Immediate 0 9
3be81: CALL __errno_location (external)
3be86: MOV Reg RCX, Address (SizeDir 64 (AddrPlus (FromReg RSP) (AddrImm 656))) 8
3be8e: MOV Reg RDX, Address (SizeDir 64 (AddrPlus (FromReg RSP) (AddrImm 648))) 8
3be96: LEA Reg RDI, Address (AddrPlus (FromReg RSP) (AddrImm 40)) 5
3be9b: MOV Reg ESI, Immediate 1 5
3bea0: MOV Reg R13, Reg RAX 3
3bea3: MOV Reg R14D, Address (SizeDir 32 (FromReg RAX)) 3
3bea6: CALL __vasprintf_chk (external)
3beab: TEST Reg RBX, Reg RBX 3
3beae: SETNZ Address (SizeDir 8 (AddrPlus (FromReg RSP) (AddrImm 15))) 5
3beb3: TEST Reg EAX, Reg EAX 2
3beb5: JS 3c0a0 (resolved immediate)
  |
  `- 3bebb,3c0a0
3bebb: TEST Reg R12, Reg R12 3
3bebe: MOV Address (SizeDir 8 (AddrPlus (FromReg RSP) (AddrImm 48))), Immediate 0 5
3bec3: JZ 3bf50 (resolved immediate)
  |
  `- 3bec9,3bf50
3bec9: LEA Reg R10, Address (AddrPlus (FromReg RSP) (AddrImm 48)) 5
3bece: SUB Reg RSP, Immediate 8 4
3bed2: LEA Reg R8, Address (AddrPlus (FromReg RIP) (AddrImm 362554)) 7
3bed9: PUSH Reg RBP 1
3beda: MOV Reg EDX, Immediate 1 5
3bedf: XOR Reg EAX, Reg EAX 2
3bee1: MOV Reg RDI, Reg R10 3
3bee4: MOV Reg R9, Reg R12 3
3bee7: MOV Reg ECX, Immediate 256 5
3beec: MOV Reg ESI, Immediate 256 5
3bef1: MOV Address (SizeDir 64 (AddrPlus (FromReg RSP) (AddrImm 32))), Reg R10 5
3bef6: CALL __snprintf_chk (external)
3befb: MOV Address (SizeDir 8 (AddrPlus (FromReg RSP) (AddrImm 319))), Immediate 0 8
3bf03: MOV Address (SizeDir 8 (AddrPlus (FromReg RSP) (AddrImm 320))), Immediate 0 8
3bf0b: POP Reg RAX 1
3bf0c: POP Reg RDX 1
3bf0d: CMP Address (SizeDir 32 (AddrPlus (FromReg RSP) (AddrImm 640))), Immediate 4294967295 8
3bf15: MOV Reg R10, Address (SizeDir 64 (AddrPlus (FromReg RSP) (AddrImm 16))) 5
3bf1a: JNZ 3bfc0 (resolved immediate)
  |
  `- 3bf20,3bfc0
3bf20: TEST Reg RBX, Reg RBX 3
3bf23: MOV Reg RCX, Address (SizeDir 64 (AddrPlus (FromReg RSP) (AddrImm 40))) 5
3bf28: JZ 3c0c6 (resolved immediate)
  |
  `- 3bf2e,3c0c6
3bf2e: LEA Reg RDX, Address (AddrPlus (FromReg RIP) (AddrImm 386002)) 7
3bf35: LEA Reg RAX, Address (AddrPlus (FromReg RIP) (AddrImm 408678)) 7
3bf3c: LEA Reg RBP, Address (AddrPlus (FromReg RIP) (AddrImm 386109)) 7
3bf43: LEA Reg R11, Address (AddrPlus (FromReg RSP) (AddrImm 304)) 8
3bf4b: JMP 3c031 (resolved immediate)
  |
  `- 3c031
3bf50: CMP Address (SizeDir 32 (AddrPlus (FromReg RSP) (AddrImm 640))), Immediate 4294967295 8
3bf58: MOV Address (SizeDir 8 (AddrPlus (FromReg RSP) (AddrImm 303))), Immediate 0 8
3bf60: LEA Reg R10, Address (AddrPlus (FromReg RSP) (AddrImm 48)) 5
3bf65: MOV Address (SizeDir 8 (AddrPlus (FromReg RSP) (AddrImm 304))), Immediate 0 8
3bf6d: JNZ 3bfc0 (resolved immediate)
  |
  `- 3bf6f,3bfc0
3bf6f: TEST Reg R12, Reg R12 3
3bf72: MOV Reg RCX, Address (SizeDir 64 (AddrPlus (FromReg RSP) (AddrImm 40))) 5
3bf77: LEA Reg RBP, Address (AddrPlus (FromReg RIP) (AddrImm 386050)) 7
3bf7e: LEA Reg R10, Address (AddrPlus (FromReg RSP) (AddrImm 48)) 5
3bf83: LEA Reg R11, Address (AddrPlus (FromReg RSP) (AddrImm 304)) 8
3bf8b: JZ 3c019 (resolved immediate)
  |
  `- 3c019
3bf98: TEST Reg RBX, Reg RBX 3
3bf9b: JZ 3c0eb (resolved immediate)
  |
  `- 3bfa1,3c0eb
3bfa1: LEA Reg RAX, Address (AddrPlus (FromReg RIP) (AddrImm 396536)) 7
3bfa8: LEA Reg RSI, Address (AddrPlus (FromReg RIP) (AddrImm 408563)) 7
3bfaf: TEST Reg R12, Reg R12 3
3bfb2: LEA Reg RDX, Address (AddrPlus (FromReg RIP) (AddrImm 385870)) 7
3bfb9: CMOVNZ Reg RAX, Reg RSI 4
3bfbd: JMP 3c031 (resolved immediate)
  |
  `- 3c031
3bfc0: LEA Reg R11, Address (AddrPlus (FromReg RSP) (AddrImm 304)) 8
3bfc8: MOV Reg R9D, Address (SizeDir 32 (AddrPlus (FromReg RSP) (AddrImm 640))) 8
3bfd0: LEA Reg R8, Address (AddrPlus (FromReg RIP) (AddrImm 385843)) 7
3bfd7: MOV Reg ECX, Immediate 256 5
3bfdc: MOV Reg EDX, Immediate 1 5
3bfe1: MOV Reg ESI, Immediate 256 5
3bfe6: MOV Reg RDI, Reg R11 3
3bfe9: XOR Reg EAX, Reg EAX 2
3bfeb: MOV Address (SizeDir 64 (AddrPlus (FromReg RSP) (AddrImm 24))), Reg R10 5
3bff0: MOV Address (SizeDir 64 (AddrPlus (FromReg RSP) (AddrImm 16))), Reg R11 5
3bff5: LEA Reg RBP, Address (AddrPlus (FromReg RIP) (AddrImm 385924)) 7
3bffc: CALL __snprintf_chk (external)
3c001: MOV Reg RCX, Address (SizeDir 64 (AddrPlus (FromReg RSP) (AddrImm 40))) 5
3c006: MOV Reg R11, Address (SizeDir 64 (AddrPlus (FromReg RSP) (AddrImm 16))) 5
3c00b: MOV Reg R10, Address (SizeDir 64 (AddrPlus (FromReg RSP) (AddrImm 24))) 5
3c010: TEST Reg R12, Reg R12 3
3c013: JNZ 3bf98 (resolved immediate)
  |
  `- 3bf98,3c019
3c019: CMP Address (SizeDir 8 (AddrPlus (FromReg RSP) (AddrImm 15))), Immediate 0 5
3c01e: JNZ 3bf98 (resolved immediate)
  |
  `- 3bf98,3c024
3c024: LEA Reg RBX, Address (AddrPlus (FromReg RIP) (AddrImm 396405)) 7
3c02b: MOV Reg RDX, Reg RBX 3
3c02e: MOV Reg RAX, Reg RBX 3
3c031: SUB Reg RSP, Immediate 8 4
3c035: MOV Reg RDI, Address (SizeDir 64 (FromReg R15)) 3
3c038: LEA Reg R8, Address (AddrPlus (FromReg RIP) (AddrImm 385750)) 7
3c03f: PUSH Reg RCX 1
3c040: PUSH Reg R11 2
3c042: LEA Reg RCX, Address (AddrPlus (FromReg RIP) (AddrImm 358278)) 7
3c049: PUSH Reg RDX 1
3c04a: PUSH Reg RBX 1
3c04b: MOV Reg R9, Reg R10 3
3c04e: PUSH Reg RAX 1
3c04f: MOV Reg EDX, Address (SizeDir 32 (AddrPlus (FromReg RSP) (AddrImm 56))) 4
3c053: XOR Reg EAX, Reg EAX 2
3c055: MOV Reg ESI, Address (SizeDir 32 (AddrPlus (FromReg RSP) (AddrImm 52))) 4
3c059: CALL xtl_log (external)
3c05e: MOV Reg RDI, Address (SizeDir 64 (AddrPlus (FromReg RSP) (AddrImm 88))) 5
3c063: ADD Reg RSP, Immediate 48 4
3c067: CMP Reg RDI, Reg RBP 3
3c06a: JZ 3c071 (resolved immediate)
  |
  `- 3c06c,3c071
3c06c: CALL free (external)
3c071: MOV Reg RAX, Address (SizeDir 64 (AddrPlus (FromReg RSP) (AddrImm 568))) 8
3c079: XOR Reg RAX, Address (SizeDir 64 (AddrPlus (FromReg FS) (AddrImm 40))) 9
3c082: MOV Address (SizeDir 32 (AddrPlus (FromReg R13) (AddrImm 0))), Reg R14D 4
3c086: JNZ 3c0c1 (resolved immediate)
  |
  `- 3c088,3c0c1
3c088: ADD Reg RSP, Immediate 584 7
3c08f: POP Reg RBX 1
3c090: POP Reg RBP 1
3c091: POP Reg R12 2
3c093: POP Reg R13 2
3c095: POP Reg R14 2
3c097: POP Reg R15 2
3c099: RET  1
  |
  `- 
3c0a0: LEA Reg RBP, Address (AddrPlus (FromReg RIP) (AddrImm 385753)) 7
3c0a7: LEA Reg R10, Address (AddrPlus (FromReg RSP) (AddrImm 48)) 5
3c0ac: LEA Reg R11, Address (AddrPlus (FromReg RSP) (AddrImm 304)) 8
3c0b4: MOV Address (SizeDir 64 (AddrPlus (FromReg RSP) (AddrImm 40))), Reg RBP 5
3c0b9: MOV Reg RCX, Reg RBP 3
3c0bc: JMP 3c010 (resolved immediate)
  |
  `- 3c010
3c0c1: CALL __stack_chk_fail (external)
  |
  `- 
3c0c6: LEA Reg RBX, Address (AddrPlus (FromReg RIP) (AddrImm 396243)) 7
3c0cd: LEA Reg RDX, Address (AddrPlus (FromReg RIP) (AddrImm 385587)) 7
3c0d4: LEA Reg RBP, Address (AddrPlus (FromReg RIP) (AddrImm 385701)) 7
3c0db: LEA Reg R11, Address (AddrPlus (FromReg RSP) (AddrImm 304)) 8
3c0e3: MOV Reg RAX, Reg RBX 3
3c0e6: JMP 3c031 (resolved immediate)
  |
  `- 3c031
3c0eb: LEA Reg RBX, Address (AddrPlus (FromReg RIP) (AddrImm 396206)) 7
3c0f2: LEA Reg RDX, Address (AddrPlus (FromReg RIP) (AddrImm 385550)) 7
3c0f9: MOV Reg RAX, Reg RBX 3
3c0fc: JMP 3c031 (resolved immediate)
  |
  `- 3c031
3c110: SUB Reg RSP, Immediate 216 7
3c117: TEST Reg AL, Reg AL 2
3c119: MOV Reg R10, Address (SizeDir 64 (AddrPlus (FromReg RSP) (AddrImm 232))) 8
3c121: JZ 3c15a (resolved immediate)
  |
  `- 3c123,3c15a
3c123: MOVAPS Address (SizeDir 128 (AddrPlus (FromReg RSP) (AddrImm 80))), Reg XMM0 5
3c128: MOVAPS Address (SizeDir 128 (AddrPlus (FromReg RSP) (AddrImm 96))), Reg XMM1 5
3c12d: MOVAPS Address (SizeDir 128 (AddrPlus (FromReg RSP) (AddrImm 112))), Reg XMM2 5
3c132: MOVAPS Address (SizeDir 128 (AddrPlus (FromReg RSP) (AddrImm 128))), Reg XMM3 8
3c13a: MOVAPS Address (SizeDir 128 (AddrPlus (FromReg RSP) (AddrImm 144))), Reg XMM4 8
3c142: MOVAPS Address (SizeDir 128 (AddrPlus (FromReg RSP) (AddrImm 160))), Reg XMM5 8
3c14a: MOVAPS Address (SizeDir 128 (AddrPlus (FromReg RSP) (AddrImm 176))), Reg XMM6 8
3c152: MOVAPS Address (SizeDir 128 (AddrPlus (FromReg RSP) (AddrImm 192))), Reg XMM7 8
3c15a: MOV Reg RAX, Address (SizeDir 64 (AddrPlus (FromReg FS) (AddrImm 40))) 9
3c163: MOV Address (SizeDir 64 (AddrPlus (FromReg RSP) (AddrImm 24))), Reg RAX 5
3c168: XOR Reg EAX, Reg EAX 2
3c16a: LEA Reg RAX, Address (AddrPlus (FromReg RSP) (AddrImm 240)) 8
3c172: MOV Address (SizeDir 64 (AddrPlus (FromReg RSP) (AddrImm 8))), Reg RAX 5
3c177: LEA Reg RAX, Address (AddrPlus (FromReg RSP) (AddrImm 32)) 5
3c17c: MOV Address (SizeDir 32 (FromReg RSP)), Immediate 48 7
3c183: MOV Address (SizeDir 32 (AddrPlus (FromReg RSP) (AddrImm 4))), Immediate 48 8
3c18b: SUB Reg RSP, Immediate 8 4
3c18f: MOV Address (SizeDir 64 (AddrPlus (FromReg RSP) (AddrImm 24))), Reg RAX 5
3c194: LEA Reg RAX, Address (AddrPlus (FromReg RSP) (AddrImm 8)) 5
3c199: PUSH Reg RAX 1
3c19a: PUSH Reg R10 2
3c19c: MOV Reg EAX, Address (SizeDir 32 (AddrPlus (FromReg RSP) (AddrImm 248))) 7
3c1a3: PUSH Reg RAX 1
3c1a4: CALL libxl__logv (internal)
  |
  `- 3be40
3c1a9: ADD Reg RSP, Immediate 32 4
3c1ad: MOV Reg RAX, Address (SizeDir 64 (AddrPlus (FromReg RSP) (AddrImm 24))) 5
3c1b2: XOR Reg RAX, Address (SizeDir 64 (AddrPlus (FromReg FS) (AddrImm 40))) 9
3c1bb: JNZ 3c1c5 (resolved immediate)
  |
  `- 3c1bd,3c1c5
3c1bd: ADD Reg RSP, Immediate 216 7
3c1c4: RET  1
  |
  `- 
3c1c5: CALL __stack_chk_fail (external)
  |
  `- 
3c1d0: TEST Reg RCX, Reg RCX 3
3c1d3: PUSH Reg R14 2
3c1d5: PUSH Reg R13 2
3c1d7: PUSH Reg R12 2
3c1d9: PUSH Reg RBP 1
3c1da: PUSH Reg RBX 1
3c1db: MOV Reg RBX, Reg RSI 3
3c1de: JZ 3c24b (resolved immediate)
  |
  `- 3c1e0,3c24b
3c1e0: LEA Reg R14, Address (AddrPlus (FromReg RIP) (AddrImm 385473)) 7
3c1e7: SUB Reg RSP, Immediate 8 4
3c1eb: MOV Reg R9, Reg RSI 3
3c1ee: PUSH Reg RCX 1
3c1ef: PUSH Reg RDX 1
3c1f0: MOV Reg R13, Reg RDX 3
3c1f3: PUSH Reg RSI 1
3c1f4: PUSH Reg R14 2
3c1f6: MOV Reg R12, Reg RCX 3
3c1f9: PUSH Immediate 18446744073709551615 2
3c1fb: XOR Reg R8D, Reg R8D 3
3c1fe: XOR Reg ECX, Reg ECX 2
3c200: MOV Reg EDX, Immediate 12 5
3c205: MOV Reg ESI, Immediate 9 5
3c20a: XOR Reg EAX, Reg EAX 2
3c20c: CALL libxl__log (internal)
  |
  `- 
3c211: MOV Reg RBP, Address (SizeDir 64 (AddrPlus (FromReg RIP) (AddrImm 2665928))) 7
3c218: ADD Reg RSP, Immediate 48 4
3c21c: MOV Reg R9, Reg R12 3
3c21f: MOV Reg R8, Reg R13 3
3c222: MOV Reg RCX, Reg RBX 3
3c225: MOV Reg RDX, Reg R14 3
3c228: MOV Reg ESI, Immediate 1 5
3c22d: XOR Reg EAX, Reg EAX 2
3c22f: MOV Reg RDI, Address (SizeDir 64 (AddrPlus (FromReg RBP) (AddrImm 0))) 4
3c233: CALL __fprintf_chk (external)
3c238: MOV Reg RDI, Address (SizeDir 64 (AddrPlus (FromReg RBP) (AddrImm 0))) 4
3c23c: CALL fflush (external)
3c241: MOV Reg EDI, Immediate 4294967295 5
3c246: CALL _exit (external)
  |
  `- 
3c24b: LEA Reg R12, Address (AddrPlus (FromReg RIP) (AddrImm 385430)) 7
3c252: SUB Reg RSP, Immediate 8 4
3c256: MOV Reg R9, Reg RSI 3
3c259: PUSH Reg RSI 1
3c25a: XOR Reg ECX, Reg ECX 2
3c25c: XOR Reg EAX, Reg EAX 2
3c25e: PUSH Reg R12 2
3c260: PUSH Immediate 18446744073709551615 2
3c262: XOR Reg R8D, Reg R8D 3
3c265: MOV Reg EDX, Immediate 12 5
3c26a: MOV Reg ESI, Immediate 9 5
3c26f: CALL libxl__log (internal)
  |
  `- 3c110
3c274: MOV Reg RBP, Address (SizeDir 64 (AddrPlus (FromReg RIP) (AddrImm 2665829))) 7
3c27b: ADD Reg RSP, Immediate 32 4
3c27f: MOV Reg RCX, Reg RBX 3
3c282: MOV Reg RDX, Reg R12 3
3c285: MOV Reg ESI, Immediate 1 5
3c28a: XOR Reg EAX, Reg EAX 2
3c28c: MOV Reg RDI, Address (SizeDir 64 (AddrPlus (FromReg RBP) (AddrImm 0))) 4
3c290: CALL __fprintf_chk (external)
3c295: JMP 3c238 (resolved immediate)
  |
  `- 3c238
3c2a0: MOV Reg R8D, Address (SizeDir 32 (FromReg RDI)) 3
3c2a3: TEST Reg R8D, Reg R8D 3
3c2a6: JS 3c378 (resolved immediate)
  |
  `- 3c2ac,3c378
3c2ac: TEST Reg RSI, Reg RSI 3
3c2af: JZ 3c378 (resolved immediate)
  |
  `- 3c2b5,3c378
3c2b5: TEST Reg R8D, Reg R8D 3
3c2b8: JZ 3c2f7 (resolved immediate)
  |
  `- 3c2ba,3c2f7
3c2ba: MOV Reg RDX, Address (SizeDir 64 (AddrPlus (FromReg RDI) (AddrImm 8))) 4
3c2be: CMP Address (SizeDir 64 (FromReg RDX)), Immediate 0 4
3c2c2: JZ 3c380 (resolved immediate)
  |
  `- 3c2c8,3c380
3c2c8: LEA Reg RAX, Address (AddrPlus (FromReg RDX) (AddrImm 8)) 4
3c2cc: LEA Reg EDX, Address (AddrMinus (FromReg R8) (AddrImm 1)) 4
3c2d0: LEA Reg RCX, Address (AddrPlus (FromReg RAX) (AddrTimes (AddrImm 8) (FromReg RDX))) 4
3c2d4: JMP 3c2f2 (resolved immediate)
  |
  `- 3c2f2
3c2e0: MOV Reg RDX, Reg RAX 3
3c2e3: ADD Reg RAX, Immediate 8 4
3c2e7: CMP Address (SizeDir 64 (AddrMinus (FromReg RAX) (AddrImm 8))), Immediate 0 5
3c2ec: JZ 3c380 (resolved immediate)
  |
  `- 3c2f2,3c380
3c2f2: CMP Reg RAX, Reg RCX 3
3c2f5: JNZ 3c2e0 (resolved immediate)
  |
  `- 3c2e0,3c2f7
3c2f7: PUSH Reg R13 2
3c2f9: PUSH Reg R12 2
3c2fb: MOV Reg R12, Reg RSI 3
3c2fe: PUSH Reg RBP 1
3c2ff: LEA Reg EBP, Address (AddrPlus (AddrPlus (FromReg R8) (FromReg R8)) (AddrImm 25)) 5
3c304: PUSH Reg RBX 1
3c305: MOV Reg RBX, Reg RDI 3
3c308: SUB Reg RSP, Immediate 8 4
3c30c: CMP Reg EBP, Immediate 134217726 6
3c312: JG 3c39c (resolved immediate)
  |
  `- 3c318,3c39c
3c318: MOVSXD Reg R13, Reg EBP 3
3c31b: MOV Reg RDI, Address (SizeDir 64 (AddrPlus (FromReg RDI) (AddrImm 8))) 4
3c31f: LEA Reg RSI, Address (AddrPlus (AddrTimes (AddrImm 8) (FromReg R13)) (AddrImm 0)) 8
3c327: CALL realloc (external)
3c32c: TEST Reg RAX, Reg RAX 3
3c32f: MOV Address (SizeDir 64 (AddrPlus (FromReg RBX) (AddrImm 8))), Reg RAX 4
3c333: JZ 3c384 (resolved immediate)
  |
  `- 3c335,3c384
3c335: MOVSXD Reg RDX, Address (SizeDir 32 (FromReg RBX)) 3
3c338: LEA Reg ECX, Address (AddrPlus (FromReg RDX) (AddrImm 1)) 3
3c33b: MOV Address (SizeDir 32 (FromReg RBX)), Reg ECX 2
3c33d: MOV Address (SizeDir 64 (AddrPlus (FromReg RAX) (AddrTimes (AddrImm 8) (FromReg RDX)))), Reg R12 4
3c341: MOVSXD Reg RAX, Address (SizeDir 32 (FromReg RBX)) 3
3c344: CMP Reg EBP, Reg EAX 2
3c346: JLE 3c368 (resolved immediate)
  |
  `- 3c348,3c368
3c348: NOP  8
3c350: MOV Reg RDX, Address (SizeDir 64 (AddrPlus (FromReg RBX) (AddrImm 8))) 4
3c354: LEA Reg ECX, Address (AddrPlus (FromReg RAX) (AddrImm 1)) 3
3c357: MOV Address (SizeDir 32 (FromReg RBX)), Reg ECX 2
3c359: MOV Address (SizeDir 64 (AddrPlus (FromReg RDX) (AddrTimes (AddrImm 8) (FromReg RAX)))), Immediate 0 8
3c361: MOVSXD Reg RAX, Address (SizeDir 32 (FromReg RBX)) 3
3c364: CMP Reg EAX, Reg EBP 2
3c366: JL 3c350 (resolved immediate)
  |
  `- 3c350,3c368
3c368: ADD Reg RSP, Immediate 8 4
3c36c: POP Reg RBX 1
3c36d: POP Reg RBP 1
3c36e: POP Reg R12 2
3c370: POP Reg R13 2
3c372: RET  1
  |
  `- 
3c378: REPZ RET  2
  |
  `- 
3c380: MOV Address (SizeDir 64 (FromReg RDX)), Reg RSI 3
3c383: RET  1
  |
  `- 
3c384: MOV Reg RDI, Address (SizeDir 64 (AddrPlus (FromReg RBX) (AddrImm 16))) 4
3c388: LEA Reg RSI, Address (AddrPlus (FromReg RIP) (AddrImm 385873)) 7
3c38f: MOV Reg ECX, Immediate 8 5
3c394: MOV Reg RDX, Reg R13 3
3c397: CALL libxl__alloc_failed (internal)
  |
  `- 
3c39c: LEA Reg RCX, Address (AddrPlus (FromReg RIP) (AddrImm 385869)) 7
3c3a3: LEA Reg RSI, Address (AddrPlus (FromReg RIP) (AddrImm 384822)) 7
3c3aa: LEA Reg RDI, Address (AddrPlus (FromReg RIP) (AddrImm 385135)) 7
3c3b1: MOV Reg EDX, Immediate 62 5
3c3b6: CALL __assert_fail (external)
  |
  `- 
3c410: PUSH Reg R12 2
3c412: PUSH Reg RBP 1
3c413: MOV Reg RBP, Reg RSI 3
3c416: PUSH Reg RBX 1
3c417: MOV Reg R12, Reg RDI 3
3c41a: MOV Reg ESI, Immediate 1 5
3c41f: MOV Reg RDI, Reg RBP 3
3c422: CALL calloc (external)
3c427: TEST Reg RAX, Reg RAX 3
3c42a: JZ 3c442 (resolved immediate)
  |
  `- 3c42c,3c442
3c42c: MOV Reg RBX, Reg RAX 3
3c42f: MOV Reg RSI, Reg RAX 3
3c432: MOV Reg RDI, Reg R12 3
3c435: CALL libxl__ptr_add (internal)
  |
  `- 3c2a0
3c43a: MOV Reg RAX, Reg RBX 3
3c43d: POP Reg RBX 1
3c43e: POP Reg RBP 1
3c43f: POP Reg R12 2
3c441: RET  1
  |
  `- 
3c442: MOV Reg RDI, Address (SizeDir 64 (AddrPlus (FromReg R12) (AddrImm 16))) 5
3c447: LEA Reg RSI, Address (AddrPlus (FromReg RIP) (AddrImm 385634)) 7
3c44e: MOV Reg ECX, Immediate 1 5
3c453: MOV Reg RDX, Reg RBP 3
3c456: CALL libxl__alloc_failed (internal)
  |
  `- 3c1d0
4cc40: LEA Reg RCX, Address (AddrPlus (FromReg RIP) (AddrImm 335369)) 7
4cc47: LEA Reg RSI, Address (AddrPlus (FromReg RIP) (AddrImm 287246)) 7
4cc4e: LEA Reg RDI, Address (AddrPlus (FromReg RIP) (AddrImm 287256)) 7
4cc55: SUB Reg RSP, Immediate 8 4
4cc59: MOV Reg EDX, Immediate 4217 5
4cc5e: CALL __assert_fail (external)
  |
  `- 
4cc70: LEA Reg RCX, Address (AddrPlus (FromReg RIP) (AddrImm 335289)) 7
4cc77: LEA Reg RSI, Address (AddrPlus (FromReg RIP) (AddrImm 287198)) 7
4cc7e: LEA Reg RDI, Address (AddrPlus (FromReg RIP) (AddrImm 287208)) 7
4cc85: SUB Reg RSP, Immediate 8 4
4cc89: MOV Reg EDX, Immediate 4222 5
4cc8e: CALL __assert_fail (external)
  |
  `- 
4cdb0: PUSH Reg R15 2
4cdb2: PUSH Reg R14 2
4cdb4: PUSH Reg R13 2
4cdb6: PUSH Reg R12 2
4cdb8: PUSH Reg RBP 1
4cdb9: PUSH Reg RBX 1
4cdba: SUB Reg RSP, Immediate 24 4
4cdbe: TEST Reg ECX, Reg ECX 2
4cdc0: JS 4cf2a (resolved immediate)
  |
  `- 4cdc6,4cf2a
4cdc6: MOV Reg RAX, Address (SizeDir 64 (AddrPlus (FromReg RDI) (AddrImm 16))) 4
4cdca: MOV Reg RBX, Reg RDI 3
4cdcd: MOV Reg RBP, Reg RSI 3
4cdd0: MOV Reg R15, Reg RDX 3
4cdd3: MOV Reg R12D, Reg ECX 3
4cdd6: MOV Reg R14D, Reg R8D 3
4cdd9: LEA Reg RDI, Address (AddrPlus (FromReg RAX) (AddrImm 64)) 4
4cddd: CALL pthread_mutex_lock (external)
4cde2: TEST Reg EAX, Reg EAX 2
4cde4: MOV Reg R13D, Reg EAX 3
4cde7: JNZ 4cf25 (resolved immediate)
  |
  `- 4cded,4cf25
4cded: MOV Reg RAX, Address (SizeDir 64 (AddrPlus (FromReg RBX) (AddrImm 16))) 4
4cdf1: CMP Address (SizeDir 64 (AddrPlus (FromReg RAX) (AddrImm 128))), Immediate 0 8
4cdf9: JZ 4ce88 (resolved immediate)
  |
  `- 4cdff,4ce88
4cdff: ADD Address (SizeDir 32 (AddrPlus (FromReg RAX) (AddrImm 120))), Immediate 1 4
4ce03: MOV Reg R9, Address (SizeDir 64 (AddrPlus (FromReg RBX) (AddrImm 16))) 4
4ce07: MOV Reg R8, Address (SizeDir 64 (AddrPlus (FromReg R9) (AddrImm 176))) 7
4ce0e: TEST Reg R8, Reg R8 3
4ce11: JZ 4cf00 (resolved immediate)
  |
  `- 4ce17,4cf00
4ce17: MOV Reg RAX, Address (SizeDir 64 (AddrPlus (FromReg R8) (AddrImm 16))) 4
4ce1b: MOV Address (SizeDir 64 (AddrPlus (FromReg R9) (AddrImm 176))), Reg RAX 7
4ce22: MOV Address (SizeDir 64 (FromReg R8)), Reg RBP 3
4ce25: MOV Address (SizeDir 64 (AddrPlus (FromReg RBP) (AddrImm 32))), Reg R8 4
4ce29: MOVSX Reg ECX, Reg R14W 4
4ce2d: MOV Reg RAX, Address (SizeDir 64 (AddrPlus (FromReg RBX) (AddrImm 16))) 4
4ce31: MOV Address (SizeDir 64 (AddrPlus (FromReg RSP) (AddrImm 8))), Reg R9 5
4ce36: LEA Reg RDX, Address (AddrPlus (FromReg R8) (AddrImm 8)) 4
4ce3a: MOV Reg ESI, Reg R12D 3
4ce3d: MOV Reg RDI, Address (SizeDir 64 (AddrPlus (FromReg RAX) (AddrImm 136))) 7
4ce44: MOV Reg RAX, Address (SizeDir 64 (AddrPlus (FromReg RAX) (AddrImm 128))) 7
4ce4b: CALL Address (SizeDir 64 (FromReg RAX)) 2
4ce4d: TEST Reg EAX, Reg EAX 2
4ce4f: JZ 4ce80 (resolved immediate)
  |
  `- 4ce51,4ce80
4ce51: MOV Reg RDX, Address (SizeDir 64 (AddrPlus (FromReg RBP) (AddrImm 32))) 4
4ce55: MOV Reg R9, Address (SizeDir 64 (AddrPlus (FromReg RSP) (AddrImm 8))) 5
4ce5a: MOV Reg R13D, Reg EAX 3
4ce5d: MOV Address (SizeDir 64 (FromReg RDX)), Immediate 0 7
4ce64: MOV Reg RCX, Address (SizeDir 64 (AddrPlus (FromReg R9) (AddrImm 176))) 7
4ce6b: MOV Address (SizeDir 64 (AddrPlus (FromReg RDX) (AddrImm 16))), Reg RCX 4
4ce6f: MOV Address (SizeDir 64 (AddrPlus (FromReg R9) (AddrImm 176))), Reg RDX 7
4ce76: MOV Reg RDX, Address (SizeDir 64 (AddrPlus (FromReg RBX) (AddrImm 16))) 4
4ce7a: SUB Address (SizeDir 32 (AddrPlus (FromReg RDX) (AddrImm 120))), Immediate 1 4
4ce7e: JMP 4ced5 (resolved immediate)
  |
  `- 4ced5
4ce80: MOV Reg RAX, Address (SizeDir 64 (AddrPlus (FromReg RBX) (AddrImm 16))) 4
4ce84: SUB Address (SizeDir 32 (AddrPlus (FromReg RAX) (AddrImm 120))), Immediate 1 4
4ce88: MOV Address (SizeDir 32 (AddrPlus (FromReg RBP) (AddrImm 0))), Reg R12D 4
4ce8c: MOV Address (SizeDir 16 (AddrPlus (FromReg RBP) (AddrImm 4))), Reg R14W 5
4ce91: MOV Address (SizeDir 64 (AddrPlus (FromReg RBP) (AddrImm 8))), Reg R15 4
4ce95: MOV Reg RAX, Address (SizeDir 64 (AddrPlus (FromReg RBX) (AddrImm 16))) 4
4ce99: MOV Reg RAX, Address (SizeDir 64 (AddrPlus (FromReg RAX) (AddrImm 192))) 7
4cea0: TEST Reg RAX, Reg RAX 3
4cea3: MOV Address (SizeDir 64 (AddrPlus (FromReg RBP) (AddrImm 16))), Reg RAX 4
4cea7: JZ 4cebc (resolved immediate)
  |
  `- 4cea9,4cebc
4cea9: MOV Reg RAX, Address (SizeDir 64 (AddrPlus (FromReg RBX) (AddrImm 16))) 4
4cead: LEA Reg RDX, Address (AddrPlus (FromReg RBP) (AddrImm 16)) 4
4ceb1: MOV Reg RAX, Address (SizeDir 64 (AddrPlus (FromReg RAX) (AddrImm 192))) 7
4ceb8: MOV Address (SizeDir 64 (AddrPlus (FromReg RAX) (AddrImm 24))), Reg RDX 4
4cebc: MOV Reg RAX, Address (SizeDir 64 (AddrPlus (FromReg RBX) (AddrImm 16))) 4
4cec0: MOV Address (SizeDir 64 (AddrPlus (FromReg RAX) (AddrImm 192))), Reg RBP 7
4cec7: MOV Reg RAX, Address (SizeDir 64 (AddrPlus (FromReg RBX) (AddrImm 16))) 4
4cecb: ADD Reg RAX, Immediate 192 6
4ced1: MOV Address (SizeDir 64 (AddrPlus (FromReg RBP) (AddrImm 24))), Reg RAX 4
4ced5: MOV Reg RDI, Address (SizeDir 64 (AddrPlus (FromReg RBX) (AddrImm 16))) 4
4ced9: ADD Reg RDI, Immediate 64 4
4cedd: CALL pthread_mutex_unlock (external)
4cee2: TEST Reg EAX, Reg EAX 2
4cee4: JNZ 4cf20 (resolved immediate)
  |
  `- 4cee6,4cf20
4cee6: ADD Reg RSP, Immediate 24 4
4ceea: MOV Reg EAX, Reg R13D 3
4ceed: POP Reg RBX 1
4ceee: POP Reg RBP 1
4ceef: POP Reg R12 2
4cef1: POP Reg R13 2
4cef3: POP Reg R14 2
4cef5: POP Reg R15 2
4cef7: RET  1
  |
  `- 
4cf00: LEA Reg RDI, Address (AddrPlus (FromReg R9) (AddrImm 24)) 4
4cf04: MOV Reg ESI, Immediate 24 5
4cf09: MOV Address (SizeDir 64 (AddrPlus (FromReg RSP) (AddrImm 8))), Reg R9 5
4cf0e: CALL libxl__zalloc (internal)
  |
  `- 3c410
4cf13: MOV Reg R9, Address (SizeDir 64 (AddrPlus (FromReg RSP) (AddrImm 8))) 5
4cf18: MOV Reg R8, Reg RAX 3
4cf1b: JMP 4ce22 (resolved immediate)
  |
  `- 4ce22
4cf20: CALL libxl__ctx_unlock.part.17 (internal)
  |
  `- 
4cf25: CALL libxl__ctx_lock.part.16 (internal)
  |
  `- 
4cf2a: LEA Reg RCX, Address (AddrPlus (FromReg RIP) (AddrImm 334639)) 7
4cf31: LEA Reg RSI, Address (AddrPlus (FromReg RIP) (AddrImm 330110)) 7
4cf38: LEA Reg RDI, Address (AddrPlus (FromReg RIP) (AddrImm 330229)) 7
4cf3f: MOV Reg EDX, Immediate 182 5
4cf44: CALL __assert_fail (external)
  |
  `- 
4cf50: PUSH Reg R13 2
4cf52: PUSH Reg R12 2
4cf54: MOV Reg R12D, Reg EDX 3
4cf57: PUSH Reg RBP 1
4cf58: PUSH Reg RBX 1
4cf59: MOV Reg RBX, Reg RDI 3
4cf5c: MOV Reg RBP, Reg RSI 3
4cf5f: SUB Reg RSP, Immediate 8 4
4cf63: MOV Reg RAX, Address (SizeDir 64 (AddrPlus (FromReg RDI) (AddrImm 16))) 4
4cf67: LEA Reg RDI, Address (AddrPlus (FromReg RAX) (AddrImm 64)) 4
4cf6b: CALL pthread_mutex_lock (external)
4cf70: TEST Reg EAX, Reg EAX 2
4cf72: JNZ 4cfea (resolved immediate)
  |
  `- 4cf74,4cfea
4cf74: MOV Reg EAX, Address (SizeDir 32 (AddrPlus (FromReg RBP) (AddrImm 0))) 3
4cf77: TEST Reg EAX, Reg EAX 2
4cf79: JS 4cff4 (resolved immediate)
  |
  `- 4cf7b,4cff4
4cf7b: MOV Reg RAX, Address (SizeDir 64 (AddrPlus (FromReg RBX) (AddrImm 16))) 4
4cf7f: CMP Address (SizeDir 64 (AddrPlus (FromReg RAX) (AddrImm 128))), Immediate 0 8
4cf87: JZ 4cfe0 (resolved immediate)
  |
  `- 4cf89,4cfe0
4cf89: ADD Address (SizeDir 32 (AddrPlus (FromReg RAX) (AddrImm 120))), Immediate 1 4
4cf8d: MOVSX Reg ECX, Reg R12W 4
4cf91: MOV Reg RAX, Address (SizeDir 64 (AddrPlus (FromReg RBX) (AddrImm 16))) 4
4cf95: MOV Reg RSI, Address (SizeDir 64 (AddrPlus (FromReg RBP) (AddrImm 32))) 4
4cf99: MOV Reg RDI, Address (SizeDir 64 (AddrPlus (FromReg RAX) (AddrImm 136))) 7
4cfa0: LEA Reg RDX, Address (AddrPlus (FromReg RSI) (AddrImm 8)) 4
4cfa4: MOV Reg RAX, Address (SizeDir 64 (AddrPlus (FromReg RAX) (AddrImm 128))) 7
4cfab: MOV Reg ESI, Address (SizeDir 32 (AddrPlus (FromReg RBP) (AddrImm 0))) 3
4cfae: CALL Address (SizeDir 64 (AddrPlus (FromReg RAX) (AddrImm 8))) 3
4cfb1: MOV Reg R13D, Reg EAX 3
4cfb4: MOV Reg RAX, Address (SizeDir 64 (AddrPlus (FromReg RBX) (AddrImm 16))) 4
4cfb8: SUB Address (SizeDir 32 (AddrPlus (FromReg RAX) (AddrImm 120))), Immediate 1 4
4cfbc: TEST Reg R13D, Reg R13D 3
4cfbf: JZ 4cfe0 (resolved immediate)
  |
  `- 4cfc1,4cfe0
4cfc1: MOV Reg RDI, Address (SizeDir 64 (AddrPlus (FromReg RBX) (AddrImm 16))) 4
4cfc5: ADD Reg RDI, Immediate 64 4
4cfc9: CALL pthread_mutex_unlock (external)
4cfce: TEST Reg EAX, Reg EAX 2
4cfd0: JNZ 4cfef (resolved immediate)
  |
  `- 4cfd2,4cfef
4cfd2: ADD Reg RSP, Immediate 8 4
4cfd6: MOV Reg EAX, Reg R13D 3
4cfd9: POP Reg RBX 1
4cfda: POP Reg RBP 1
4cfdb: POP Reg R12 2
4cfdd: POP Reg R13 2
4cfdf: RET  1
  |
  `- 
4cfe0: MOV Address (SizeDir 16 (AddrPlus (FromReg RBP) (AddrImm 4))), Reg R12W 5
4cfe5: XOR Reg R13D, Reg R13D 3
4cfe8: JMP 4cfc1 (resolved immediate)
  |
  `- 4cfc1
4cfea: CALL libxl__ctx_lock.part.16 (internal)
  |
  `- 4cc40
4cfef: CALL libxl__ctx_unlock.part.17 (internal)
  |
  `- 4cc70
4cff4: LEA Reg RCX, Address (AddrPlus (FromReg RIP) (AddrImm 334357)) 7
4cffb: LEA Reg RSI, Address (AddrPlus (FromReg RIP) (AddrImm 329908)) 7
4d002: LEA Reg RDI, Address (AddrPlus (FromReg RIP) (AddrImm 330035)) 7
4d009: MOV Reg EDX, Immediate 210 5
4d00e: CALL __assert_fail (external)
  |
  `- 
4e310: PUSH Reg RBX 1
4e311: MOV Reg RBX, Reg RDI 3
4e314: MOV Reg EDI, Address (SizeDir 32 (FromReg RDI)) 2
4e316: TEST Reg EDI, Reg EDI 2
4e318: JS 4e31f (resolved immediate)
  |
  `- 4e31a,4e31f
4e31a: CALL close (external)
4e31f: MOV Reg EDI, Address (SizeDir 32 (AddrPlus (FromReg RBX) (AddrImm 4))) 3
4e322: TEST Reg EDI, Reg EDI 2
4e324: JS 4e32b (resolved immediate)
  |
  `- 4e326,4e32b
4e326: CALL close (external)
4e32b: MOV Address (SizeDir 64 (FromReg RBX)), Immediate 18446744073709551615 7
4e332: POP Reg RBX 1
4e333: RET  1
  |
  `- 
4e340: PUSH Reg R12 2
4e342: PUSH Reg RBP 1
4e343: MOV Reg R12, Reg RDI 3
4e346: PUSH Reg RBX 1
4e347: MOV Reg RBX, Reg RSI 3
4e34a: CALL libxl_pipe (external)
4e34f: TEST Reg EAX, Reg EAX 2
4e351: JZ 4e370 (resolved immediate)
  |
  `- 4e353,4e370
4e353: MOV Address (SizeDir 64 (FromReg RBX)), Immediate 18446744073709551615 7
4e35a: MOV Reg EBP, Immediate 4294967293 5
4e35f: MOV Reg RDI, Reg RBX 3
4e362: CALL libxl__pipe_close (internal)
  |
  `- 4e310
4e367: MOV Reg EAX, Reg EBP 2
4e369: POP Reg RBX 1
4e36a: POP Reg RBP 1
4e36b: POP Reg R12 2
4e36d: RET  1
  |
  `- 
4e370: MOV Reg ESI, Address (SizeDir 32 (FromReg RBX)) 2
4e372: MOV Reg EDX, Immediate 1 5
4e377: MOV Reg RDI, Reg R12 3
4e37a: CALL libxl_fd_set_nonblock (external)
4e37f: TEST Reg EAX, Reg EAX 2
4e381: MOV Reg EBP, Reg EAX 2
4e383: JNZ 4e35f (resolved immediate)
  |
  `- 4e35f,4e385
4e385: MOV Reg ESI, Address (SizeDir 32 (AddrPlus (FromReg RBX) (AddrImm 4))) 3
4e388: MOV Reg EDX, Immediate 1 5
4e38d: MOV Reg RDI, Reg R12 3
4e390: CALL libxl_fd_set_nonblock (external)
4e395: TEST Reg EAX, Reg EAX 2
4e397: MOV Reg EBP, Reg EAX 2
4e399: JNZ 4e35f (resolved immediate)
  |
  `- 4e35f,4e39b
4e39b: JMP 4e367 (resolved immediate)
  |
  `- 4e367
50d60: LEA Reg RDI, Address (AddrPlus (FromReg RIP) (AddrImm 2622265)) 7
50d67: SUB Reg RSP, Immediate 8 4
50d6b: CALL pthread_mutex_lock (external)
50d70: TEST Reg EAX, Reg EAX 2
50d72: JNZ 50d79 (resolved immediate)
  |
  `- 50d74,50d79
50d74: ADD Reg RSP, Immediate 8 4
50d78: RET  1
  |
  `- 
50d79: LEA Reg RCX, Address (AddrPlus (FromReg RIP) (AddrImm 320112)) 7
50d80: LEA Reg RSI, Address (AddrPlus (FromReg RIP) (AddrImm 318703)) 7
50d87: LEA Reg RDI, Address (AddrPlus (FromReg RIP) (AddrImm 270559)) 7
50d8e: MOV Reg EDX, Immediate 69 5
50d93: CALL __assert_fail (external)
  |
  `- 
50dd0: LEA Reg RDI, Address (AddrPlus (FromReg RIP) (AddrImm 2622153)) 7
50dd7: SUB Reg RSP, Immediate 8 4
50ddb: CALL pthread_mutex_unlock (external)
50de0: TEST Reg EAX, Reg EAX 2
50de2: JNZ 50de9 (resolved immediate)
  |
  `- 50de4,50de9
50de4: ADD Reg RSP, Immediate 8 4
50de8: RET  1
  |
  `- 
50de9: LEA Reg RCX, Address (AddrPlus (FromReg RIP) (AddrImm 319984)) 7
50df0: LEA Reg RSI, Address (AddrPlus (FromReg RIP) (AddrImm 318591)) 7
50df7: LEA Reg RDI, Address (AddrPlus (FromReg RIP) (AddrImm 270447)) 7
50dfe: MOV Reg EDX, Immediate 75 5
50e03: CALL __assert_fail (external)
  |
  `- 
50e40: PUSH Reg RBP 1
50e41: PUSH Reg RBX 1
50e42: MOV Reg RDX, Reg RDI 3
50e45: MOV Reg ECX, Immediate 18 5
50e4a: MOV Reg RBP, Reg RSI 3
50e4d: SUB Reg RSP, Immediate 168 7
50e54: MOV Reg RBX, Reg RSP 3
50e57: MOV Address (SizeDir 64 (FromReg RSP)), Reg RDX 4
50e5b: LEA Reg R8, Address (AddrPlus (FromReg RBX) (AddrImm 8)) 4
50e5f: MOV Reg RAX, Address (SizeDir 64 (AddrPlus (FromReg FS) (AddrImm 40))) 9
50e68: MOV Address (SizeDir 64 (AddrPlus (FromReg RSP) (AddrImm 152))), Reg RAX 8
50e70: XOR Reg EAX, Reg EAX 2
50e72: MOV Reg RDI, Reg R8 3
50e75: REP STOSQ  3
50e78: MOV Reg RDI, Reg R8 3
50e7b: CALL sigemptyset (external)
50e80: MOV Reg RDX, Reg RBP 3
50e83: MOV Reg RSI, Reg RBX 3
50e86: MOV Reg EDI, Immediate 17 5
50e8b: MOV Address (SizeDir 32 (AddrPlus (FromReg RSP) (AddrImm 136))), Immediate 268435457 11
50e96: CALL sigaction (external)
50e9b: TEST Reg EAX, Reg EAX 2
50e9d: JNZ 50ebc (resolved immediate)
  |
  `- 50e9f,50ebc
50e9f: MOV Reg RAX, Address (SizeDir 64 (AddrPlus (FromReg RSP) (AddrImm 152))) 8
50ea7: XOR Reg RAX, Address (SizeDir 64 (AddrPlus (FromReg FS) (AddrImm 40))) 9
50eb0: JNZ 50edb (resolved immediate)
  |
  `- 50eb2,50edb
50eb2: ADD Reg RSP, Immediate 168 7
50eb9: POP Reg RBX 1
50eba: POP Reg RBP 1
50ebb: RET  1
  |
  `- 
50ebc: LEA Reg RCX, Address (AddrPlus (FromReg RIP) (AddrImm 319693)) 7
50ec3: LEA Reg RSI, Address (AddrPlus (FromReg RIP) (AddrImm 318380)) 7
50eca: LEA Reg RDI, Address (AddrPlus (FromReg RIP) (AddrImm 270236)) 7
50ed1: MOV Reg EDX, Immediate 261 5
50ed6: CALL __assert_fail (external)
  |
  `- 
50edb: CALL __stack_chk_fail (external)
  |
  `- 
50ee0: SUB Reg RSP, Immediate 8 4
50ee4: CMP Address (SizeDir 8 (AddrPlus (FromReg RIP) (AddrImm 2621853))), Immediate 0 7
50eeb: JZ 50f10 (resolved immediate)
  |
  `- 50eed,50f10
50eed: LEA Reg RDI, Address (AddrMinus (FromReg RIP) (AddrImm 820)) 7
50ef4: XOR Reg ESI, Reg ESI 2
50ef6: CALL sigchld_sethandler_raw (internal)
  |
  `- 
50efb: LEA Reg RDI, Address (AddrPlus (FromReg RIP) (AddrImm 2621790)) 7
50f02: CALL pthread_mutex_lock (external)
50f07: TEST Reg EAX, Reg EAX 2
50f09: JNZ 50f2f (resolved immediate)
  |
  `- 50f0b,50f2f
50f0b: ADD Reg RSP, Immediate 8 4
50f0f: RET  1
  |
  `- 
50f10: LEA Reg RCX, Address (AddrPlus (FromReg RIP) (AddrImm 319633)) 7
50f17: LEA Reg RSI, Address (AddrPlus (FromReg RIP) (AddrImm 318296)) 7
50f1e: LEA Reg RDI, Address (AddrPlus (FromReg RIP) (AddrImm 318319)) 7
50f25: MOV Reg EDX, Immediate 291 5
50f2a: CALL __assert_fail (external)
  |
  `- 
50f2f: LEA Reg RCX, Address (AddrPlus (FromReg RIP) (AddrImm 319602)) 7
50f36: LEA Reg RSI, Address (AddrPlus (FromReg RIP) (AddrImm 318265)) 7
50f3d: LEA Reg RDI, Address (AddrPlus (FromReg RIP) (AddrImm 270121)) 7
50f44: MOV Reg EDX, Immediate 301 5
50f49: CALL __assert_fail (external)
  |
  `- 
51030: PUSH Reg R12 2
51032: PUSH Reg RBP 1
51033: PUSH Reg RBX 1
51034: CALL __errno_location (external)
51039: LEA Reg RDI, Address (AddrPlus (FromReg RIP) (AddrImm 2621472)) 7
51040: MOV Reg RBP, Reg RAX 3
51043: MOV Reg R12D, Address (SizeDir 32 (FromReg RAX)) 3
51046: CALL pthread_mutex_lock (external)
5104b: TEST Reg EAX, Reg EAX 2
5104d: JNZ 51099 (resolved immediate)
  |
  `- 5104f,51099
5104f: MOV Reg RBX, Address (SizeDir 64 (AddrPlus (FromReg RIP) (AddrImm 2621442))) 7
51056: TEST Reg RBX, Reg RBX 3
51059: JZ 5107b (resolved immediate)
  |
  `- 5105b,5107b
5105b: NOP  5
51060: MOV Reg EDI, Address (SizeDir 32 (AddrPlus (FromReg RBX) (AddrImm 436))) 6
51066: CALL libxl__self_pipe_wakeup (external)
5106b: TEST Reg EAX, Reg EAX 2
5106d: JNZ 51094 (resolved immediate)
  |
  `- 5106f,51094
5106f: MOV Reg RBX, Address (SizeDir 64 (AddrPlus (FromReg RBX) (AddrImm 496))) 7
51076: TEST Reg RBX, Reg RBX 3
51079: JNZ 51060 (resolved immediate)
  |
  `- 51060,5107b
5107b: LEA Reg RDI, Address (AddrPlus (FromReg RIP) (AddrImm 2621406)) 7
51082: CALL pthread_mutex_unlock (external)
51087: TEST Reg EAX, Reg EAX 2
51089: JNZ 510b8 (resolved immediate)
  |
  `- 5108b,510b8
5108b: MOV Address (SizeDir 32 (AddrPlus (FromReg RBP) (AddrImm 0))), Reg R12D 4
5108f: POP Reg RBX 1
51090: POP Reg RBP 1
51091: POP Reg R12 2
51093: RET  1
  |
  `- 
51094: CALL abort (external)
  |
  `- 
51099: LEA Reg RCX, Address (AddrPlus (FromReg RIP) (AddrImm 319184)) 7
510a0: LEA Reg RSI, Address (AddrPlus (FromReg RIP) (AddrImm 317903)) 7
510a7: LEA Reg RDI, Address (AddrPlus (FromReg RIP) (AddrImm 269759)) 7
510ae: MOV Reg EDX, Immediate 238 5
510b3: CALL __assert_fail (external)
  |
  `- 
510b8: LEA Reg RCX, Address (AddrPlus (FromReg RIP) (AddrImm 319153)) 7
510bf: LEA Reg RSI, Address (AddrPlus (FromReg RIP) (AddrImm 317872)) 7
510c6: LEA Reg RDI, Address (AddrPlus (FromReg RIP) (AddrImm 269728)) 7
510cd: MOV Reg EDX, Immediate 246 5
510d2: CALL __assert_fail (external)
  |
  `- 
510e0: SUB Reg RSP, Immediate 8 4
510e4: CMP Address (SizeDir 8 (AddrPlus (FromReg RIP) (AddrImm 2621341))), Immediate 0 7
510eb: JZ 51157 (resolved immediate)
  |
  `- 510ed,51157
510ed: LEA Reg RDI, Address (AddrPlus (FromReg RIP) (AddrImm 2621292)) 7
510f4: CALL pthread_mutex_unlock (external)
510f9: TEST Reg EAX, Reg EAX 2
510fb: JNZ 51138 (resolved immediate)
  |
  `- 510fd,51138
510fd: LEA Reg RDI, Address (AddrMinus (FromReg RIP) (AddrImm 212)) 7
51104: XOR Reg ESI, Reg ESI 2
51106: CALL sigchld_sethandler_raw (internal)
5110b: MOV Reg EAX, Address (SizeDir 32 (AddrPlus (FromReg RIP) (AddrImm 2621071))) 6
51111: TEST Reg EAX, Reg EAX 2
51113: JNZ 51120 (resolved immediate)
  |
  `- 51115,51120
51115: ADD Reg RSP, Immediate 8 4
51119: RET  1
  |
  `- 
51120: MOV Address (SizeDir 32 (AddrPlus (FromReg RIP) (AddrImm 2621046))), Immediate 0 10
5112a: MOV Reg EDI, Immediate 17 5
5112f: ADD Reg RSP, Immediate 8 4
51133: JMP 51030 (resolved immediate)
  |
  `- 51030
51138: LEA Reg RCX, Address (AddrPlus (FromReg RIP) (AddrImm 319041)) 7
5113f: LEA Reg RSI, Address (AddrPlus (FromReg RIP) (AddrImm 317744)) 7
51146: LEA Reg RDI, Address (AddrPlus (FromReg RIP) (AddrImm 269600)) 7
5114d: MOV Reg EDX, Immediate 309 5
51152: CALL __assert_fail (external)
  |
  `- 
51157: LEA Reg RCX, Address (AddrPlus (FromReg RIP) (AddrImm 319010)) 7
5115e: LEA Reg RSI, Address (AddrPlus (FromReg RIP) (AddrImm 317713)) 7
51165: LEA Reg RDI, Address (AddrPlus (FromReg RIP) (AddrImm 317736)) 7
5116c: MOV Reg EDX, Immediate 306 5
51171: CALL __assert_fail (external)
  |
  `- 
518b0: PUSH Reg RBX 1
518b1: MOV Reg RBX, Reg RDI 3
518b4: MOV Reg RDI, Address (SizeDir 64 (AddrPlus (FromReg RDI) (AddrImm 16))) 4
518b8: MOV Reg EDX, Address (SizeDir 32 (AddrPlus (FromReg RDI) (AddrImm 432))) 6
518be: TEST Reg EDX, Reg EDX 2
518c0: JS 51930 (resolved immediate)
  |
  `- 518c2,51930
518c2: MOV Reg EAX, Address (SizeDir 32 (AddrPlus (FromReg RDI) (AddrImm 440))) 6
518c8: LEA Reg RSI, Address (AddrPlus (FromReg RDI) (AddrImm 440)) 7
518cf: TEST Reg EAX, Reg EAX 2
518d1: JS 518f8 (resolved immediate)
  |
  `- 518d3,518f8
518d3: MOV Reg EDX, Immediate 1 5
518d8: MOV Reg RDI, Reg RBX 3
518db: CALL libxl__ev_fd_modify (internal)
  |
  `- 4cf50
518e0: TEST Reg EAX, Reg EAX 2
518e2: JNZ 518f3 (resolved immediate)
  |
  `- 518e4,518f3
518e4: MOV Reg RDX, Address (SizeDir 64 (AddrPlus (FromReg RBX) (AddrImm 16))) 4
518e8: XOR Reg EAX, Reg EAX 2
518ea: CMP Address (SizeDir 8 (AddrPlus (FromReg RDX) (AddrImm 488))), Immediate 0 7
518f1: JZ 51950 (resolved immediate)
  |
  `- 518f3,51950
518f3: POP Reg RBX 1
518f4: RET  1
  |
  `- 
518f8: MOV Reg ECX, Address (SizeDir 32 (AddrPlus (FromReg RDI) (AddrImm 432))) 6
518fe: LEA Reg RDX, Address (AddrMinus (FromReg RIP) (AddrImm 789)) 7
51905: MOV Reg R8D, Immediate 1 6
5190b: MOV Reg RDI, Reg RBX 3
5190e: CALL libxl__ev_fd_register (internal)
  |
  `- 4cdb0
51913: TEST Reg EAX, Reg EAX 2
51915: JNZ 518f3 (resolved immediate)
  |
  `- 518f3,51917
51917: MOV Reg RDX, Address (SizeDir 64 (AddrPlus (FromReg RBX) (AddrImm 16))) 4
5191b: XOR Reg EAX, Reg EAX 2
5191d: CMP Address (SizeDir 8 (AddrPlus (FromReg RDX) (AddrImm 488))), Immediate 0 7
51924: JNZ 518f3 (resolved immediate)
  |
  `- 518f3,51926
51926: JMP 51950 (resolved immediate)
  |
  `- 51950
51930: LEA Reg RSI, Address (AddrPlus (FromReg RDI) (AddrImm 432)) 7
51937: CALL libxl__pipe_nonblock (internal)
  |
  `- 4e340
5193c: TEST Reg EAX, Reg EAX 2
5193e: JNZ 518f3 (resolved immediate)
  |
  `- 518f3,51940
51940: MOV Reg RDI, Address (SizeDir 64 (AddrPlus (FromReg RBX) (AddrImm 16))) 4
51944: JMP 518c2 (resolved immediate)
  |
  `- 518c2
51950: CALL atfork_lock (internal)
  |
  `- 51955,50d60
51955: CMP Address (SizeDir 8 (AddrPlus (FromReg RIP) (AddrImm 2619180))), Immediate 0 7
5195c: JZ 519c0 (resolved immediate)
  |
  `- 5195e,519c0
5195e: CALL defer_sigchld (internal)
  |
  `- 50ee0
51963: MOV Reg RAX, Address (SizeDir 64 (AddrPlus (FromReg RIP) (AddrImm 2619118))) 7
5196a: MOV Reg RDX, Address (SizeDir 64 (AddrPlus (FromReg RBX) (AddrImm 16))) 4
5196e: TEST Reg RAX, Reg RAX 3
51971: MOV Address (SizeDir 64 (AddrPlus (FromReg RDX) (AddrImm 496))), Reg RAX 7
51978: JZ 5198c (resolved immediate)
  |
  `- 5197a,5198c
5197a: MOV Reg RCX, Address (SizeDir 64 (AddrPlus (FromReg RBX) (AddrImm 16))) 4
5197e: LEA Reg RDX, Address (AddrPlus (FromReg RCX) (AddrImm 496)) 7
51985: MOV Address (SizeDir 64 (AddrPlus (FromReg RAX) (AddrImm 504))), Reg RDX 7
5198c: MOV Reg RAX, Address (SizeDir 64 (AddrPlus (FromReg RBX) (AddrImm 16))) 4
51990: LEA Reg RCX, Address (AddrPlus (FromReg RIP) (AddrImm 2619073)) 7
51997: MOV Address (SizeDir 64 (AddrPlus (FromReg RAX) (AddrImm 504))), Reg RCX 7
5199e: MOV Address (SizeDir 64 (AddrPlus (FromReg RIP) (AddrImm 2619059))), Reg RAX 7
519a5: CALL release_sigchld (internal)
  |
  `- 510e0
519aa: CALL atfork_unlock (internal)
  |
  `- 50dd0
519af: MOV Reg RAX, Address (SizeDir 64 (AddrPlus (FromReg RBX) (AddrImm 16))) 4
519b3: MOV Address (SizeDir 8 (AddrPlus (FromReg RAX) (AddrImm 488))), Immediate 1 7
519ba: XOR Reg EAX, Reg EAX 2
519bc: POP Reg RBX 1
519bd: RET  1
  |
  `- 
519c0: LEA Reg RSI, Address (AddrPlus (FromReg RIP) (AddrImm 2618873)) 7
519c7: LEA Reg RDI, Address (AddrMinus (FromReg RIP) (AddrImm 2462)) 7
519ce: MOV Address (SizeDir 8 (AddrPlus (FromReg RIP) (AddrImm 2619059))), Immediate 1 7
519d5: CALL sigchld_sethandler_raw (internal)
  |
  `- 50e40
519da: TEST Address (SizeDir 8 (AddrPlus (FromReg RIP) (AddrImm 2618983))), Immediate 4 7
519e1: JNZ 519f1 (resolved immediate)
  |
  `- 519e3,519f1
519e3: CMP Address (SizeDir 64 (AddrPlus (FromReg RIP) (AddrImm 2618837))), Immediate 1 8
519eb: JBE 5195e (resolved immediate)
  |
  `- 5195e,519f1
519f1: LEA Reg RCX, Address (AddrPlus (FromReg RIP) (AddrImm 316568)) 7
519f8: LEA Reg RSI, Address (AddrPlus (FromReg RIP) (AddrImm 315511)) 7
519ff: LEA Reg RDI, Address (AddrPlus (FromReg RIP) (AddrImm 316010)) 7
51a06: MOV Reg EDX, Immediate 353 5
51a0b: CALL __assert_fail (external)
  |
  `- 
