Number of assembly instructions     = 24
Number of indirect branches         = 0
Number of unresolved indirect jumps = 0: 
Number of unresolved indirect calls = 0: 
Number of symbolic states (representative of non-determinism): 24
Number of edges: 23

7d3e0 (False): 0

7d3e0: TEST Reg RDI, Reg RDI 3
7d3e3: JE 7d438 (resolved immediate)
  |
  `- 7d3e5,7d438
7d3e5: PUSH Reg RBX 1
7d3e6: MOV Reg RBX, Reg RDI 3
7d3e9: MOV Reg RDI, Address (SizeDir 64 (AddrPlus (FromReg RDI) (AddrImm 8))) 4
7d3ed: CALL free (external)
7d3f2: LEA Reg RDI, Address (SizeDir 64 (AddrPlus (FromReg RBX) (AddrImm 24))) 4
7d3f6: CALL libxl_vnc_info_dispose (external)
7d3fb: LEA Reg RDI, Address (SizeDir 64 (AddrPlus (FromReg RBX) (AddrImm 56))) 4
7d3ff: CALL libxl_sdl_info_dispose (external)
7d404: MOV Reg RDI, Address (SizeDir 64 (AddrPlus (FromReg RBX) (AddrImm 80))) 4
7d408: CALL free (external)
7d40d: LEA Reg RDI, Address (SizeDir 64 (AddrPlus (FromReg RBX) (AddrImm 8))) 4
7d411: MOV Address (SizeDir 64 (FromReg RBX)), Immediate 0 7
7d418: MOV Address (SizeDir 64 (AddrPlus (FromReg RBX) (AddrImm 80))), Immediate 0 8
7d420: XOR Reg EAX, Reg EAX 2
7d422: AND Reg RDI, Immediate 18446744073709551608 4
7d426: SUB Reg RBX, Reg RDI 3
7d429: LEA Reg ECX, Address (SizeDir 32 (AddrPlus (FromReg RBX) (AddrImm 88))) 3
7d42c: SHR Reg ECX, Immediate 3 3
7d42f: REP STOSQ Address (SizeDir 64 (FromReg RDI)), Reg RAX 3
7d432: POP Reg RBX 1
7d433: RET  1
  |
  `- 
7d438: RET  2
  |
  `- 
