Number of assembly instructions     = 8
Number of indirect branches         = 0
Number of unresolved indirect jumps = 0: 
Number of unresolved indirect calls = 0: 
Number of symbolic states (representative of non-determinism): 8
Number of edges: 7

87530 (False): 0

3f360: TEST Reg RDI, Reg RDI 3
3f363: JE 3f3ba (resolved immediate)
  |
  `- 3f3ba
3f3ba: MOV Reg EAX, Immediate 4294967290 5
3f3bf: RET  1
  |
  `- 
87530: MOV Reg RDX, Reg RSI 3
87533: MOV Reg RSI, Reg RDI 3
87536: MOV Reg RDI, Address (SizeDir 64 (AddrPlus (FromReg RIP) (AddrImm 2356299))) 7
8753d: JMP 3f360 (resolved immediate)
  |
  `- 3f360
