Number of assembly instructions     = 9
Number of indirect branches         = 0
Number of unresolved indirect jumps = 0: 
Number of unresolved indirect calls = 0: 
Number of symbolic states (representative of non-determinism): 9
Number of edges: 9

88590 (False): 0

88590: TEST Reg RSI, Reg RSI 3
88593: JE 8859a (resolved immediate)
  |
  `- 88595,8859a
88595: CMP Address (SizeDir 32 (FromReg RSI)), Immediate 32 3
88598: JE 885a0 (resolved immediate)
  |
  `- 8859a,885a0
8859a: MOV Reg EAX, Immediate 4294967295 5
8859f: RET  1
  |
  `- 
885a0: MOV Reg RDI, Address (SizeDir 64 (AddrPlus (FromReg RSI) (AddrImm 8))) 4
885a4: MOV Reg RSI, Reg RDX 3
885a7: JMP libxl_shutdown_reason_from_string (jmp to external function)
  |
  `- 
