Number of assembly instructions     = 9
Number of indirect branches         = 0
Number of unresolved indirect jumps = 0: 
Number of unresolved indirect calls = 0: 
Number of symbolic states (representative of non-determinism): 9
Number of edges: 9

87ba0 (False): 0

87ba0: TEST Reg RSI, Reg RSI 3
87ba3: JE 87baa (resolved immediate)
  |
  `- 87ba5,87baa
87ba5: CMP Address (SizeDir 32 (FromReg RSI)), Immediate 32 3
87ba8: JE 87bb0 (resolved immediate)
  |
  `- 87baa,87bb0
87baa: MOV Reg EAX, Immediate 4294967295 5
87baf: RET  1
  |
  `- 
87bb0: MOV Reg RDI, Address (SizeDir 64 (AddrPlus (FromReg RSI) (AddrImm 8))) 4
87bb4: MOV Reg RSI, Reg RDX 3
87bb7: JMP libxl_scheduler_from_string (jmp to external function)
  |
  `- 
