Number of assembly instructions     = 13
Number of indirect branches         = 0
Number of unresolved indirect jumps = 0: 
Number of unresolved indirect calls = 0: 
Number of symbolic states (representative of non-determinism): 13
Number of edges: 15

8cee0 (False): 0

8cee0: CMP Reg EDI, Immediate 1 3
8cee3: LEA Reg RAX, Address (SizeDir 64 (AddrPlus (FromReg RIP) (AddrImm 26317))) 7
8ceea: JE 8cf14 (resolved immediate)
  |
  `- 8ceec,8cf14
8ceec: LEA Reg RAX, Address (SizeDir 64 (AddrPlus (FromReg RIP) (AddrImm 108466))) 7
8cef3: JB 8cf14 (resolved immediate)
  |
  `- 8cef5,8cf14
8cef5: CMP Reg EDI, Immediate 2 3
8cef8: LEA Reg RAX, Address (SizeDir 64 (AddrPlus (FromReg RIP) (AddrImm 108459))) 7
8ceff: JE 8cf14 (resolved immediate)
  |
  `- 8cf01,8cf14
8cf01: LEA Reg RAX, Address (SizeDir 64 (AddrPlus (FromReg RIP) (AddrImm 76777))) 7
8cf08: CMP Reg EDI, Immediate 3 3
8cf0b: MOV Reg EDX, Immediate 0 5
8cf10: CMOVNE Reg RAX, Reg RDX 4
8cf14: RET  2
  |
  `- 
