Number of assembly instructions     = 347
Number of indirect branches         = 0
Number of unresolved indirect jumps = 0: 
Number of unresolved indirect calls = 0: 
Number of symbolic states (representative of non-determinism): 347
Number of edges: 360

21310 (False): 0
3bdb0 (True): 21438, 214b9
3be40 (True): 3c1a9
3c110 (True): 214af

21310: PUSH Reg R14 2
21312: PUSH Reg R13 2
21314: MOV Reg ECX, Immediate 13 5
21319: PUSH Reg R12 2
2131b: PUSH Reg RBP 1
2131c: MOV Reg RBP, Reg RDI 3
2131f: PUSH Reg RBX 1
21320: MOV Reg RBX, Reg RSI 3
21323: SUB Reg RSP, Immediate 144 7
2132a: MOV Reg RAX, Address (SizeDir 64 (AddrPlus (FromReg FS) (AddrImm 40))) 9
21333: MOV Address (SizeDir 64 (AddrPlus (FromReg RSP) (AddrImm 136))), Reg RAX 8
2133b: XOR Reg EAX, Reg EAX 2
2133d: LEA Reg RDI, Address (SizeDir 64 (AddrPlus (FromReg RSP) (AddrImm 32))) 5
21342: LEA Reg R14, Address (SizeDir 64 (AddrPlus (FromReg RSP) (AddrImm 32))) 5
21347: MOV Address (SizeDir 32 (FromReg RSP)), Immediate 0 7
2134e: MOV Address (SizeDir 64 (AddrPlus (FromReg RSP) (AddrImm 8))), Immediate 0 9
21357: MOV Address (SizeDir 64 (AddrPlus (FromReg RSP) (AddrImm 16))), Reg RBP 5
2135c: REP STOSQ Address (SizeDir 64 (FromReg RDI)), Reg RAX 3
2135f: MOV Reg RDI, Address (SizeDir 64 (AddrPlus (FromReg RBP) (AddrImm 8))) 4
21363: MOV Reg RSI, Reg R14 3
21366: CALL xc_physinfo (external)
2136b: TEST Reg EAX, Reg EAX 2
2136d: JNE 21510 (resolved immediate)
  |
  `- 21373,21510
21373: MOV Reg R12D, Reg EAX 3
21376: MOV Reg EAX, Address (SizeDir 32 (AddrPlus (FromReg RSP) (AddrImm 32))) 4
2137a: MOV Address (SizeDir 32 (FromReg RBX)), Reg EAX 2
2137c: MOV Reg EAX, Address (SizeDir 32 (AddrPlus (FromReg RSP) (AddrImm 36))) 4
21380: MOV Address (SizeDir 32 (AddrPlus (FromReg RBX) (AddrImm 4))), Reg EAX 3
21383: MOV Reg EAX, Address (SizeDir 32 (AddrPlus (FromReg RSP) (AddrImm 44))) 4
21387: MOV Address (SizeDir 32 (AddrPlus (FromReg RBX) (AddrImm 8))), Reg EAX 3
2138a: MOV Reg EAX, Address (SizeDir 32 (AddrPlus (FromReg RSP) (AddrImm 40))) 4
2138e: MOV Address (SizeDir 32 (AddrPlus (FromReg RBX) (AddrImm 12))), Reg EAX 3
21391: MOV Reg EAX, Address (SizeDir 32 (AddrPlus (FromReg RSP) (AddrImm 56))) 4
21395: MOV Address (SizeDir 32 (AddrPlus (FromReg RBX) (AddrImm 16))), Reg EAX 3
21398: MOV Reg RAX, Address (SizeDir 64 (AddrPlus (FromReg RSP) (AddrImm 64))) 5
2139d: MOV Address (SizeDir 64 (AddrPlus (FromReg RBX) (AddrImm 24))), Reg RAX 4
213a1: MOV Reg RAX, Address (SizeDir 64 (AddrPlus (FromReg RSP) (AddrImm 72))) 5
213a6: MOV Address (SizeDir 64 (AddrPlus (FromReg RBX) (AddrImm 32))), Reg RAX 4
213aa: MOV Reg RAX, Address (SizeDir 64 (AddrPlus (FromReg RSP) (AddrImm 80))) 5
213af: MOV Address (SizeDir 64 (AddrPlus (FromReg RBX) (AddrImm 40))), Reg RAX 4
213b3: MOV Reg RAX, Address (SizeDir 64 (AddrPlus (FromReg RSP) (AddrImm 88))) 5
213b8: MOV Address (SizeDir 64 (AddrPlus (FromReg RBX) (AddrImm 48))), Reg RAX 4
213bc: MOV Reg RAX, Address (SizeDir 64 (AddrPlus (FromReg RSP) (AddrImm 96))) 5
213c1: MOV Address (SizeDir 64 (AddrPlus (FromReg RBX) (AddrImm 72))), Reg RAX 4
213c5: MOV Reg RDI, Address (SizeDir 64 (AddrPlus (FromReg RBP) (AddrImm 8))) 4
213c9: CALL xc_sharing_freed_pages (external)
213ce: TEST Reg RAX, Reg RAX 3
213d1: MOV Reg R13, Reg RAX 3
213d4: JS 21468 (resolved immediate)
  |
  `- 213da,21468
213da: MOV Address (SizeDir 64 (AddrPlus (FromReg RBX) (AddrImm 56))), Reg R13 4
213de: MOV Reg RDI, Address (SizeDir 64 (AddrPlus (FromReg RBP) (AddrImm 8))) 4
213e2: CALL xc_sharing_used_frames (external)
213e7: TEST Reg RAX, Reg RAX 3
213ea: MOV Reg RBP, Reg RAX 3
213ed: JS 214c0 (resolved immediate)
  |
  `- 213f3,214c0
213f3: MOV Reg EAX, Address (SizeDir 32 (AddrPlus (FromReg RSP) (AddrImm 48))) 4
213f7: MOV Address (SizeDir 64 (AddrPlus (FromReg RBX) (AddrImm 64))), Reg RBP 4
213fb: MOV Reg RDI, Reg RSP 3
213fe: MOVDQU Reg XMM0, Address (SizeDir 128 (AddrPlus (FromReg RSP) (AddrImm 104))) 6
21404: MOV Address (SizeDir 32 (AddrPlus (FromReg RBX) (AddrImm 80))), Reg EAX 3
21407: MOV Reg EAX, Address (SizeDir 32 (AddrPlus (FromReg RSP) (AddrImm 60))) 4
2140b: MOVUPS Address (SizeDir 128 (AddrPlus (FromReg RBX) (AddrImm 84))), Reg XMM0 4
2140f: MOV Reg EDX, Reg EAX 2
21411: SHR Reg EDX, Immediate 1 2
21413: MOVDQU Reg XMM0, Address (SizeDir 128 (AddrPlus (FromReg R14) (AddrImm 88))) 6
21419: AND Reg EDX, Immediate 1 3
2141c: MOV Address (SizeDir 8 (AddrPlus (FromReg RBX) (AddrImm 116))), Reg AL 3
2141f: AND Address (SizeDir 8 (AddrPlus (FromReg RBX) (AddrImm 116))), Immediate 1 4
21423: SHR Reg EAX, Immediate 2 3
21426: AND Reg EAX, Immediate 1 3
21429: MOV Address (SizeDir 8 (AddrPlus (FromReg RBX) (AddrImm 117))), Reg DL 3
2142c: MOV Address (SizeDir 8 (AddrPlus (FromReg RBX) (AddrImm 118))), Reg AL 3
2142f: MOVUPS Address (SizeDir 128 (AddrPlus (FromReg RBX) (AddrImm 100))), Reg XMM0 4
21433: CALL libxl__free_all (internal)
  |
  `- 3bdb0
21438: MOV Reg RCX, Address (SizeDir 64 (AddrPlus (FromReg RSP) (AddrImm 136))) 8
21440: XOR Reg RCX, Address (SizeDir 64 (AddrPlus (FromReg FS) (AddrImm 40))) 9
21449: MOV Reg EAX, Reg R12D 3
2144c: JNE 2153a (resolved immediate)
  |
  `- 21452,2153a
21452: ADD Reg RSP, Immediate 144 7
21459: POP Reg RBX 1
2145a: POP Reg RBP 1
2145b: POP Reg R12 2
2145d: POP Reg R13 2
2145f: POP Reg R14 2
21461: RET  1
  |
  `- 
21468: CALL __errno_location (external)
2146d: CMP Address (SizeDir 32 (FromReg RAX)), Immediate 38 3
21470: JE 214f0 (resolved immediate)
  |
  `- 21472,214f0
21472: LEA Reg RAX, Address (SizeDir 64 (AddrPlus (FromReg RIP) (AddrImm 465597))) 7
21479: LEA Reg R9, Address (SizeDir 64 (AddrPlus (FromReg RIP) (AddrImm 466880))) 7
21480: LEA Reg RCX, Address (SizeDir 64 (AddrPlus (FromReg RIP) (AddrImm 465304))) 7
21487: MOV Reg R8D, Immediate 381 6
2148d: MOV Reg EDX, Reg R13D 3
21490: PUSH Reg RAX 1
21491: PUSH Immediate 18446744073709551615 2
21493: NOP  5
21498: MOV Reg RDI, Address (SizeDir 64 (AddrPlus (FromReg RSP) (AddrImm 32))) 5
2149d: XOR Reg EAX, Reg EAX 2
2149f: MOV Reg ESI, Immediate 8 5
214a4: MOV Reg R12D, Immediate 4294967293 6
214aa: CALL libxl__log (internal)
  |
  `- 3c110
214af: LEA Reg RDI, Address (SizeDir 64 (AddrPlus (FromReg RSP) (AddrImm 16))) 5
214b4: CALL libxl__free_all (internal)
214b9: POP Reg RAX 1
214ba: POP Reg RDX 1
214bb: JMP 21438 (resolved immediate)
  |
  `- 21438
214c0: CALL __errno_location (external)
214c5: CMP Address (SizeDir 32 (FromReg RAX)), Immediate 38 3
214c8: JE 21500 (resolved immediate)
  |
  `- 214ca,21500
214ca: LEA Reg RAX, Address (SizeDir 64 (AddrPlus (FromReg RIP) (AddrImm 465537))) 7
214d1: LEA Reg R9, Address (SizeDir 64 (AddrPlus (FromReg RIP) (AddrImm 466792))) 7
214d8: MOV Reg R8D, Immediate 390 6
214de: LEA Reg RCX, Address (SizeDir 64 (AddrPlus (FromReg RIP) (AddrImm 465210))) 7
214e5: MOV Reg EDX, Reg EBP 2
214e7: PUSH Reg RAX 1
214e8: PUSH Immediate 18446744073709551615 2
214ea: JMP 21498 (resolved immediate)
  |
  `- 21498
214f0: XOR Reg R13D, Reg R13D 3
214f3: JMP 213da (resolved immediate)
  |
  `- 213da
21500: XOR Reg EBP, Reg EBP 2
21502: JMP 213f3 (resolved immediate)
  |
  `- 213f3
21510: CALL __errno_location (external)
21515: LEA Reg RSI, Address (SizeDir 64 (AddrPlus (FromReg RIP) (AddrImm 465417))) 7
2151c: LEA Reg R9, Address (SizeDir 64 (AddrPlus (FromReg RIP) (AddrImm 466717))) 7
21523: MOV Reg R8D, Immediate 363 6
21529: LEA Reg RCX, Address (SizeDir 64 (AddrPlus (FromReg RIP) (AddrImm 465135))) 7
21530: PUSH Reg RSI 1
21531: PUSH Immediate 18446744073709551615 2
21533: MOV Reg EDX, Address (SizeDir 32 (FromReg RAX)) 2
21535: JMP 21498 (resolved immediate)
  |
  `- 21498
2153a: CALL __stack_chk_fail (external)
  |
  `- 
3bdb0: PUSH Reg R12 2
3bdb2: PUSH Reg RBP 1
3bdb3: PUSH Reg RBX 1
3bdb4: MOV Reg EAX, Address (SizeDir 32 (FromReg RDI)) 2
3bdb6: TEST Reg EAX, Reg EAX 2
3bdb8: JS 3be14 (resolved immediate)
  |
  `- 3bdba,3be14
3bdba: MOV Reg R12, Reg RDI 3
3bdbd: MOV Reg EBP, Immediate 0 5
3bdc2: MOV Reg EBX, Immediate 0 5
3bdc7: JE 3bdf4 (resolved immediate)
  |
  `- 3bdc9,3bdf4
3bdc9: NOP  7
3bdd0: MOV Reg RAX, Address (SizeDir 64 (AddrPlus (FromReg R12) (AddrImm 8))) 5
3bdd5: ADD Reg EBX, Immediate 1 3
3bdd8: ADD Reg RAX, Reg RBP 3
3bddb: ADD Reg RBP, Immediate 8 4
3bddf: MOV Reg RDI, Address (SizeDir 64 (FromReg RAX)) 3
3bde2: MOV Address (SizeDir 64 (FromReg RAX)), Immediate 0 7
3bde9: CALL free (external)
3bdee: CMP Address (SizeDir 32 (FromReg R12)), Reg EBX 4
3bdf2: JG 3bdd0 (resolved immediate)
  |
  `- 3bdd0,3bdf4
3bdf4: MOV Reg RDI, Address (SizeDir 64 (AddrPlus (FromReg R12) (AddrImm 8))) 5
3bdf9: CALL free (external)
3bdfe: MOV Address (SizeDir 64 (AddrPlus (FromReg R12) (AddrImm 8))), Immediate 0 9
3be07: MOV Address (SizeDir 32 (FromReg R12)), Immediate 0 8
3be0f: POP Reg RBX 1
3be10: POP Reg RBP 1
3be11: POP Reg R12 2
3be13: RET  1
  |
  `- 
3be14: LEA Reg RCX, Address (SizeDir 64 (AddrPlus (FromReg RIP) (AddrImm 387253))) 7
3be1b: LEA Reg RSI, Address (SizeDir 64 (AddrPlus (FromReg RIP) (AddrImm 386238))) 7
3be22: LEA Reg RDI, Address (SizeDir 64 (AddrPlus (FromReg RIP) (AddrImm 386248))) 7
3be29: MOV Reg EDX, Immediate 80 5
3be2e: CALL __assert_fail (external)
  |
  `- 
3be40: PUSH Reg R15 2
3be42: PUSH Reg R14 2
3be44: MOV Reg R15, Reg RDI 3
3be47: PUSH Reg R13 2
3be49: PUSH Reg R12 2
3be4b: MOV Reg R12, Reg RCX 3
3be4e: PUSH Reg RBP 1
3be4f: PUSH Reg RBX 1
3be50: MOV Reg EBP, Reg R8D 3
3be53: MOV Reg RBX, Reg R9 3
3be56: SUB Reg RSP, Immediate 584 7
3be5d: MOV Address (SizeDir 32 (AddrPlus (FromReg RSP) (AddrImm 4))), Reg ESI 4
3be61: MOV Address (SizeDir 32 (AddrPlus (FromReg RSP) (AddrImm 8))), Reg EDX 4
3be65: MOV Reg RAX, Address (SizeDir 64 (AddrPlus (FromReg FS) (AddrImm 40))) 9
3be6e: MOV Address (SizeDir 64 (AddrPlus (FromReg RSP) (AddrImm 568))), Reg RAX 8
3be76: XOR Reg EAX, Reg EAX 2
3be78: MOV Address (SizeDir 64 (AddrPlus (FromReg RSP) (AddrImm 40))), Immediate 0 9
3be81: CALL __errno_location (external)
3be86: MOV Reg RCX, Address (SizeDir 64 (AddrPlus (FromReg RSP) (AddrImm 656))) 8
3be8e: MOV Reg RDX, Address (SizeDir 64 (AddrPlus (FromReg RSP) (AddrImm 648))) 8
3be96: LEA Reg RDI, Address (SizeDir 64 (AddrPlus (FromReg RSP) (AddrImm 40))) 5
3be9b: MOV Reg ESI, Immediate 1 5
3bea0: MOV Reg R13, Reg RAX 3
3bea3: MOV Reg R14D, Address (SizeDir 32 (FromReg RAX)) 3
3bea6: CALL __vasprintf_chk (external)
3beab: TEST Reg RBX, Reg RBX 3
3beae: SETNE Address (SizeDir 8 (AddrPlus (FromReg RSP) (AddrImm 15))) 5
3beb3: TEST Reg EAX, Reg EAX 2
3beb5: JS 3c0a0 (resolved immediate)
  |
  `- 3bebb,3c0a0
3bebb: TEST Reg R12, Reg R12 3
3bebe: MOV Address (SizeDir 8 (AddrPlus (FromReg RSP) (AddrImm 48))), Immediate 0 5
3bec3: JE 3bf50 (resolved immediate)
  |
  `- 3bec9,3bf50
3bec9: LEA Reg R10, Address (SizeDir 64 (AddrPlus (FromReg RSP) (AddrImm 48))) 5
3bece: SUB Reg RSP, Immediate 8 4
3bed2: LEA Reg R8, Address (SizeDir 64 (AddrPlus (FromReg RIP) (AddrImm 362554))) 7
3bed9: PUSH Reg RBP 1
3beda: MOV Reg EDX, Immediate 1 5
3bedf: XOR Reg EAX, Reg EAX 2
3bee1: MOV Reg RDI, Reg R10 3
3bee4: MOV Reg R9, Reg R12 3
3bee7: MOV Reg ECX, Immediate 256 5
3beec: MOV Reg ESI, Immediate 256 5
3bef1: MOV Address (SizeDir 64 (AddrPlus (FromReg RSP) (AddrImm 32))), Reg R10 5
3bef6: CALL __snprintf_chk (external)
3befb: MOV Address (SizeDir 8 (AddrPlus (FromReg RSP) (AddrImm 319))), Immediate 0 8
3bf03: MOV Address (SizeDir 8 (AddrPlus (FromReg RSP) (AddrImm 320))), Immediate 0 8
3bf0b: POP Reg RAX 1
3bf0c: POP Reg RDX 1
3bf0d: CMP Address (SizeDir 32 (AddrPlus (FromReg RSP) (AddrImm 640))), Immediate 18446744073709551615 8
3bf15: MOV Reg R10, Address (SizeDir 64 (AddrPlus (FromReg RSP) (AddrImm 16))) 5
3bf1a: JNE 3bfc0 (resolved immediate)
  |
  `- 3bf20,3bfc0
3bf20: TEST Reg RBX, Reg RBX 3
3bf23: MOV Reg RCX, Address (SizeDir 64 (AddrPlus (FromReg RSP) (AddrImm 40))) 5
3bf28: JE 3c0c6 (resolved immediate)
  |
  `- 3bf2e,3c0c6
3bf2e: LEA Reg RDX, Address (SizeDir 64 (AddrPlus (FromReg RIP) (AddrImm 386002))) 7
3bf35: LEA Reg RAX, Address (SizeDir 64 (AddrPlus (FromReg RIP) (AddrImm 408678))) 7
3bf3c: LEA Reg RBP, Address (SizeDir 64 (AddrPlus (FromReg RIP) (AddrImm 386109))) 7
3bf43: LEA Reg R11, Address (SizeDir 64 (AddrPlus (FromReg RSP) (AddrImm 304))) 8
3bf4b: JMP 3c031 (resolved immediate)
  |
  `- 3c031
3bf50: CMP Address (SizeDir 32 (AddrPlus (FromReg RSP) (AddrImm 640))), Immediate 18446744073709551615 8
3bf58: MOV Address (SizeDir 8 (AddrPlus (FromReg RSP) (AddrImm 303))), Immediate 0 8
3bf60: LEA Reg R10, Address (SizeDir 64 (AddrPlus (FromReg RSP) (AddrImm 48))) 5
3bf65: MOV Address (SizeDir 8 (AddrPlus (FromReg RSP) (AddrImm 304))), Immediate 0 8
3bf6d: JNE 3bfc0 (resolved immediate)
  |
  `- 3bf6f,3bfc0
3bf6f: TEST Reg R12, Reg R12 3
3bf72: MOV Reg RCX, Address (SizeDir 64 (AddrPlus (FromReg RSP) (AddrImm 40))) 5
3bf77: LEA Reg RBP, Address (SizeDir 64 (AddrPlus (FromReg RIP) (AddrImm 386050))) 7
3bf7e: LEA Reg R10, Address (SizeDir 64 (AddrPlus (FromReg RSP) (AddrImm 48))) 5
3bf83: LEA Reg R11, Address (SizeDir 64 (AddrPlus (FromReg RSP) (AddrImm 304))) 8
3bf8b: JE 3c019 (resolved immediate)
  |
  `- 3c019
3bf98: TEST Reg RBX, Reg RBX 3
3bf9b: JE 3c0eb (resolved immediate)
  |
  `- 3bfa1,3c0eb
3bfa1: LEA Reg RAX, Address (SizeDir 64 (AddrPlus (FromReg RIP) (AddrImm 396536))) 7
3bfa8: LEA Reg RSI, Address (SizeDir 64 (AddrPlus (FromReg RIP) (AddrImm 408563))) 7
3bfaf: TEST Reg R12, Reg R12 3
3bfb2: LEA Reg RDX, Address (SizeDir 64 (AddrPlus (FromReg RIP) (AddrImm 385870))) 7
3bfb9: CMOVNE Reg RAX, Reg RSI 4
3bfbd: JMP 3c031 (resolved immediate)
  |
  `- 3c031
3bfc0: LEA Reg R11, Address (SizeDir 64 (AddrPlus (FromReg RSP) (AddrImm 304))) 8
3bfc8: MOV Reg R9D, Address (SizeDir 32 (AddrPlus (FromReg RSP) (AddrImm 640))) 8
3bfd0: LEA Reg R8, Address (SizeDir 64 (AddrPlus (FromReg RIP) (AddrImm 385843))) 7
3bfd7: MOV Reg ECX, Immediate 256 5
3bfdc: MOV Reg EDX, Immediate 1 5
3bfe1: MOV Reg ESI, Immediate 256 5
3bfe6: MOV Reg RDI, Reg R11 3
3bfe9: XOR Reg EAX, Reg EAX 2
3bfeb: MOV Address (SizeDir 64 (AddrPlus (FromReg RSP) (AddrImm 24))), Reg R10 5
3bff0: MOV Address (SizeDir 64 (AddrPlus (FromReg RSP) (AddrImm 16))), Reg R11 5
3bff5: LEA Reg RBP, Address (SizeDir 64 (AddrPlus (FromReg RIP) (AddrImm 385924))) 7
3bffc: CALL __snprintf_chk (external)
3c001: MOV Reg RCX, Address (SizeDir 64 (AddrPlus (FromReg RSP) (AddrImm 40))) 5
3c006: MOV Reg R11, Address (SizeDir 64 (AddrPlus (FromReg RSP) (AddrImm 16))) 5
3c00b: MOV Reg R10, Address (SizeDir 64 (AddrPlus (FromReg RSP) (AddrImm 24))) 5
3c010: TEST Reg R12, Reg R12 3
3c013: JNE 3bf98 (resolved immediate)
  |
  `- 3bf98,3c019
3c019: CMP Address (SizeDir 8 (AddrPlus (FromReg RSP) (AddrImm 15))), Immediate 0 5
3c01e: JNE 3bf98 (resolved immediate)
  |
  `- 3bf98,3c024
3c024: LEA Reg RBX, Address (SizeDir 64 (AddrPlus (FromReg RIP) (AddrImm 396405))) 7
3c02b: MOV Reg RDX, Reg RBX 3
3c02e: MOV Reg RAX, Reg RBX 3
3c031: SUB Reg RSP, Immediate 8 4
3c035: MOV Reg RDI, Address (SizeDir 64 (FromReg R15)) 3
3c038: LEA Reg R8, Address (SizeDir 64 (AddrPlus (FromReg RIP) (AddrImm 385750))) 7
3c03f: PUSH Reg RCX 1
3c040: PUSH Reg R11 2
3c042: LEA Reg RCX, Address (SizeDir 64 (AddrPlus (FromReg RIP) (AddrImm 358278))) 7
3c049: PUSH Reg RDX 1
3c04a: PUSH Reg RBX 1
3c04b: MOV Reg R9, Reg R10 3
3c04e: PUSH Reg RAX 1
3c04f: MOV Reg EDX, Address (SizeDir 32 (AddrPlus (FromReg RSP) (AddrImm 56))) 4
3c053: XOR Reg EAX, Reg EAX 2
3c055: MOV Reg ESI, Address (SizeDir 32 (AddrPlus (FromReg RSP) (AddrImm 52))) 4
3c059: CALL xtl_log (external)
3c05e: MOV Reg RDI, Address (SizeDir 64 (AddrPlus (FromReg RSP) (AddrImm 88))) 5
3c063: ADD Reg RSP, Immediate 48 4
3c067: CMP Reg RDI, Reg RBP 3
3c06a: JE 3c071 (resolved immediate)
  |
  `- 3c06c,3c071
3c06c: CALL free (external)
3c071: MOV Reg RAX, Address (SizeDir 64 (AddrPlus (FromReg RSP) (AddrImm 568))) 8
3c079: XOR Reg RAX, Address (SizeDir 64 (AddrPlus (FromReg FS) (AddrImm 40))) 9
3c082: MOV Address (SizeDir 32 (FromReg R13)), Reg R14D 4
3c086: JNE 3c0c1 (resolved immediate)
  |
  `- 3c088,3c0c1
3c088: ADD Reg RSP, Immediate 584 7
3c08f: POP Reg RBX 1
3c090: POP Reg RBP 1
3c091: POP Reg R12 2
3c093: POP Reg R13 2
3c095: POP Reg R14 2
3c097: POP Reg R15 2
3c099: RET  1
  |
  `- 
3c0a0: LEA Reg RBP, Address (SizeDir 64 (AddrPlus (FromReg RIP) (AddrImm 385753))) 7
3c0a7: LEA Reg R10, Address (SizeDir 64 (AddrPlus (FromReg RSP) (AddrImm 48))) 5
3c0ac: LEA Reg R11, Address (SizeDir 64 (AddrPlus (FromReg RSP) (AddrImm 304))) 8
3c0b4: MOV Address (SizeDir 64 (AddrPlus (FromReg RSP) (AddrImm 40))), Reg RBP 5
3c0b9: MOV Reg RCX, Reg RBP 3
3c0bc: JMP 3c010 (resolved immediate)
  |
  `- 3c010
3c0c1: CALL __stack_chk_fail (external)
  |
  `- 
3c0c6: LEA Reg RBX, Address (SizeDir 64 (AddrPlus (FromReg RIP) (AddrImm 396243))) 7
3c0cd: LEA Reg RDX, Address (SizeDir 64 (AddrPlus (FromReg RIP) (AddrImm 385587))) 7
3c0d4: LEA Reg RBP, Address (SizeDir 64 (AddrPlus (FromReg RIP) (AddrImm 385701))) 7
3c0db: LEA Reg R11, Address (SizeDir 64 (AddrPlus (FromReg RSP) (AddrImm 304))) 8
3c0e3: MOV Reg RAX, Reg RBX 3
3c0e6: JMP 3c031 (resolved immediate)
  |
  `- 3c031
3c0eb: LEA Reg RBX, Address (SizeDir 64 (AddrPlus (FromReg RIP) (AddrImm 396206))) 7
3c0f2: LEA Reg RDX, Address (SizeDir 64 (AddrPlus (FromReg RIP) (AddrImm 385550))) 7
3c0f9: MOV Reg RAX, Reg RBX 3
3c0fc: JMP 3c031 (resolved immediate)
  |
  `- 3c031
3c110: SUB Reg RSP, Immediate 216 7
3c117: TEST Reg AL, Reg AL 2
3c119: MOV Reg R10, Address (SizeDir 64 (AddrPlus (FromReg RSP) (AddrImm 232))) 8
3c121: JE 3c15a (resolved immediate)
  |
  `- 3c123,3c15a
3c123: MOVAPS Address (SizeDir 128 (AddrPlus (FromReg RSP) (AddrImm 80))), Reg XMM0 5
3c128: MOVAPS Address (SizeDir 128 (AddrPlus (FromReg RSP) (AddrImm 96))), Reg XMM1 5
3c12d: MOVAPS Address (SizeDir 128 (AddrPlus (FromReg RSP) (AddrImm 112))), Reg XMM2 5
3c132: MOVAPS Address (SizeDir 128 (AddrPlus (FromReg RSP) (AddrImm 128))), Reg XMM3 8
3c13a: MOVAPS Address (SizeDir 128 (AddrPlus (FromReg RSP) (AddrImm 144))), Reg XMM4 8
3c142: MOVAPS Address (SizeDir 128 (AddrPlus (FromReg RSP) (AddrImm 160))), Reg XMM5 8
3c14a: MOVAPS Address (SizeDir 128 (AddrPlus (FromReg RSP) (AddrImm 176))), Reg XMM6 8
3c152: MOVAPS Address (SizeDir 128 (AddrPlus (FromReg RSP) (AddrImm 192))), Reg XMM7 8
3c15a: MOV Reg RAX, Address (SizeDir 64 (AddrPlus (FromReg FS) (AddrImm 40))) 9
3c163: MOV Address (SizeDir 64 (AddrPlus (FromReg RSP) (AddrImm 24))), Reg RAX 5
3c168: XOR Reg EAX, Reg EAX 2
3c16a: LEA Reg RAX, Address (SizeDir 64 (AddrPlus (FromReg RSP) (AddrImm 240))) 8
3c172: MOV Address (SizeDir 64 (AddrPlus (FromReg RSP) (AddrImm 8))), Reg RAX 5
3c177: LEA Reg RAX, Address (SizeDir 64 (AddrPlus (FromReg RSP) (AddrImm 32))) 5
3c17c: MOV Address (SizeDir 32 (FromReg RSP)), Immediate 48 7
3c183: MOV Address (SizeDir 32 (AddrPlus (FromReg RSP) (AddrImm 4))), Immediate 48 8
3c18b: SUB Reg RSP, Immediate 8 4
3c18f: MOV Address (SizeDir 64 (AddrPlus (FromReg RSP) (AddrImm 24))), Reg RAX 5
3c194: LEA Reg RAX, Address (SizeDir 64 (AddrPlus (FromReg RSP) (AddrImm 8))) 5
3c199: PUSH Reg RAX 1
3c19a: PUSH Reg R10 2
3c19c: MOV Reg EAX, Address (SizeDir 32 (AddrPlus (FromReg RSP) (AddrImm 248))) 7
3c1a3: PUSH Reg RAX 1
3c1a4: CALL libxl__logv (internal)
  |
  `- 3be40
3c1a9: ADD Reg RSP, Immediate 32 4
3c1ad: MOV Reg RAX, Address (SizeDir 64 (AddrPlus (FromReg RSP) (AddrImm 24))) 5
3c1b2: XOR Reg RAX, Address (SizeDir 64 (AddrPlus (FromReg FS) (AddrImm 40))) 9
3c1bb: JNE 3c1c5 (resolved immediate)
  |
  `- 3c1bd,3c1c5
3c1bd: ADD Reg RSP, Immediate 216 7
3c1c4: RET  1
  |
  `- 
3c1c5: CALL __stack_chk_fail (external)
  |
  `- 
