Number of assembly instructions     = 105
Number of indirect branches         = 0
Number of unresolved indirect jumps = 0: 
Number of unresolved indirect calls = 0: 
Number of symbolic states (representative of non-determinism): 105
Number of edges: 108

40c90 (True): 7a3fc, 7a42b, 7a45b, 7a497
7a3a0 (False): 0

40c90: TEST Reg RSI, Reg RSI 3
40c93: JE 40cc0 (resolved immediate)
  |
  `- 40c95,40cc0
40c95: PUSH Reg RBP 1
40c96: PUSH Reg RBX 1
40c97: MOV Reg RBP, Reg RDI 3
40c9a: MOV Reg RDI, Reg RSI 3
40c9d: MOV Reg RBX, Reg RSI 3
40ca0: SUB Reg RSP, Immediate 8 4
40ca4: CALL strlen (external)
40ca9: ADD Reg RSP, Immediate 8 4
40cad: MOV Reg RSI, Reg RBX 3
40cb0: MOV Reg RDI, Reg RBP 3
40cb3: POP Reg RBX 1
40cb4: POP Reg RBP 1
40cb5: MOV Reg RDX, Reg RAX 3
40cb8: JMP yajl_gen_string (jmp to external function)
  |
  `- 
40cc0: JMP yajl_gen_null (jmp to external function)
  |
  `- 
7a3a0: PUSH Reg RBP 1
7a3a1: PUSH Reg RBX 1
7a3a2: MOV Reg RBP, Reg RSI 3
7a3a5: MOV Reg RBX, Reg RDI 3
7a3a8: SUB Reg RSP, Immediate 8 4
7a3ac: CALL yajl_gen_map_open (external)
7a3b1: TEST Reg EAX, Reg EAX 2
7a3b3: JNE 7a3df (resolved immediate)
  |
  `- 7a3b5,7a3df
7a3b5: MOV Reg EAX, Address (SizeDir 32 (FromReg RBP)) 3
7a3b8: TEST Reg EAX, Reg EAX 2
7a3ba: JNE 7a4e8 (resolved immediate)
7a3c0: CMP Address (SizeDir 64 (AddrPlus (FromReg RBP) (AddrImm 8))), Immediate 0 5
7a3c5: JE 7a400 (resolved immediate)
  |
  `- 7a3c7,7a400
7a3c7: LEA Reg RSI, Address (SizeDir 64 (AddrPlus (FromReg RIP) (AddrImm 182008))) 7
7a3ce: MOV Reg EDX, Immediate 15 5
7a3d3: MOV Reg RDI, Reg RBX 3
7a3d6: CALL yajl_gen_string (external)
7a3db: TEST Reg EAX, Reg EAX 2
7a3dd: JE 7a3f0 (resolved immediate)
  |
  `- 7a3f0
7a3df: ADD Reg RSP, Immediate 8 4
7a3e3: POP Reg RBX 1
7a3e4: POP Reg RBP 1
7a3e5: RET  1
  |
  `- 
7a3f0: MOV Reg RSI, Address (SizeDir 64 (AddrPlus (FromReg RBP) (AddrImm 8))) 4
7a3f4: MOV Reg RDI, Reg RBX 3
7a3f7: CALL libxl__string_gen_json (internal)
  |
  `- 40c90
7a3fc: TEST Reg EAX, Reg EAX 2
7a3fe: JNE 7a3df (resolved immediate)
7a400: CMP Address (SizeDir 64 (AddrPlus (FromReg RBP) (AddrImm 16))), Immediate 0 5
7a405: JE 7a430 (resolved immediate)
  |
  `- 7a407,7a430
7a407: LEA Reg RSI, Address (SizeDir 64 (AddrPlus (FromReg RIP) (AddrImm 168593))) 7
7a40e: MOV Reg EDX, Immediate 3 5
7a413: MOV Reg RDI, Reg RBX 3
7a416: CALL yajl_gen_string (external)
7a41b: TEST Reg EAX, Reg EAX 2
7a41d: JNE 7a3df (resolved immediate)
7a41f: MOV Reg RSI, Address (SizeDir 64 (AddrPlus (FromReg RBP) (AddrImm 16))) 4
7a423: MOV Reg RDI, Reg RBX 3
7a426: CALL libxl__string_gen_json (internal)
7a42b: TEST Reg EAX, Reg EAX 2
7a42d: JNE 7a3df (resolved immediate)
7a42f: NOP  1
7a430: CMP Address (SizeDir 64 (AddrPlus (FromReg RBP) (AddrImm 24))), Immediate 0 5
7a435: JE 7a468 (resolved immediate)
  |
  `- 7a437,7a468
7a437: LEA Reg RSI, Address (SizeDir 64 (AddrPlus (FromReg RIP) (AddrImm 127282))) 7
7a43e: MOV Reg EDX, Immediate 4 5
7a443: MOV Reg RDI, Reg RBX 3
7a446: CALL yajl_gen_string (external)
7a44b: TEST Reg EAX, Reg EAX 2
7a44d: JNE 7a3df (resolved immediate)
7a44f: MOV Reg RSI, Address (SizeDir 64 (AddrPlus (FromReg RBP) (AddrImm 24))) 4
7a453: MOV Reg RDI, Reg RBX 3
7a456: CALL libxl__string_gen_json (internal)
7a45b: TEST Reg EAX, Reg EAX 2
7a45d: JNE 7a3df (resolved immediate)
7a463: NOP  5
7a468: CMP Address (SizeDir 64 (AddrPlus (FromReg RBP) (AddrImm 32))), Immediate 0 5
7a46d: JE 7a4a0 (resolved immediate)
  |
  `- 7a46f,7a4a0
7a46f: LEA Reg RSI, Address (SizeDir 64 (AddrPlus (FromReg RIP) (AddrImm 168474))) 7
7a476: MOV Reg EDX, Immediate 14 5
7a47b: MOV Reg RDI, Reg RBX 3
7a47e: CALL yajl_gen_string (external)
7a483: TEST Reg EAX, Reg EAX 2
7a485: JNE 7a3df (resolved immediate)
7a48b: MOV Reg RSI, Address (SizeDir 64 (AddrPlus (FromReg RBP) (AddrImm 32))) 4
7a48f: MOV Reg RDI, Reg RBX 3
7a492: CALL libxl__string_gen_json (internal)
7a497: TEST Reg EAX, Reg EAX 2
7a499: JNE 7a3df (resolved immediate)
7a49f: NOP  1
7a4a0: CMP Address (SizeDir 32 (AddrPlus (FromReg RBP) (AddrImm 40))), Immediate 18446744073709551615 4
7a4a4: JE 7a4d6 (resolved immediate)
  |
  `- 7a4a6,7a4d6
7a4a6: LEA Reg RSI, Address (SizeDir 64 (AddrPlus (FromReg RIP) (AddrImm 181801))) 7
7a4ad: MOV Reg EDX, Immediate 5 5
7a4b2: MOV Reg RDI, Reg RBX 3
7a4b5: CALL yajl_gen_string (external)
7a4ba: TEST Reg EAX, Reg EAX 2
7a4bc: JNE 7a3df (resolved immediate)
7a4c2: MOVSXD Reg RSI, Address (SizeDir 32 (AddrPlus (FromReg RBP) (AddrImm 40))) 4
7a4c6: MOV Reg RDI, Reg RBX 3
7a4c9: CALL yajl_gen_integer (external)
7a4ce: TEST Reg EAX, Reg EAX 2
7a4d0: JNE 7a3df (resolved immediate)
7a4d6: ADD Reg RSP, Immediate 8 4
7a4da: MOV Reg RDI, Reg RBX 3
7a4dd: POP Reg RBX 1
7a4de: POP Reg RBP 1
7a4df: JMP yajl_gen_map_close (jmp to external function)
  |
  `- 
