Number of assembly instructions     = 1138
Number of indirect branches         = 3
Number of unresolved indirect jumps = 0: 
Number of unresolved indirect calls = 3: 4c5de, 4ce4b, 4d09a
Number of symbolic states (representative of non-determinism): 1138
Number of edges: 1177

3be40 (True): 3c1a9
3c110 (True): 3c211, 3c274, 4d1d9, 4d318, 4d37c
3c1d0 (False): 3c39c, 3c45b, 3c707
3c2a0 (True): 3c43a, 3c6e0
3c410 (True): 3c4c9, 4c6ef, 4cf13
3c460 (True): 3c5d4
3c540 (True): 4d2da
3c660 (True): 4d49d
42300 (False): 0
4c570 (True): 5065b
4cc10 (False): 4f92f, 4f974
4cc40 (False): 4cf2a, 4d550, 50672
4cdb0 (True): 4d44b
4d110 (True): 4d3a9
4d190 (True): 505fe
4d230 (True): 42340
4f8d0 (True): 5057a
4f930 (True): 505e0
50520 (True): 42322

3be40: PUSH Reg R15 2
3be42: PUSH Reg R14 2
3be44: MOV Reg R15, Reg RDI 3
3be47: PUSH Reg R13 2
3be49: PUSH Reg R12 2
3be4b: MOV Reg R12, Reg RCX 3
3be4e: PUSH Reg RBP 1
3be4f: PUSH Reg RBX 1
3be50: MOV Reg EBP, Reg R8D 3
3be53: MOV Reg RBX, Reg R9 3
3be56: SUB Reg RSP, Immediate 584 7
3be5d: MOV Address (SizeDir 32 (AddrPlus (FromReg RSP) (AddrImm 4))), Reg ESI 4
3be61: MOV Address (SizeDir 32 (AddrPlus (FromReg RSP) (AddrImm 8))), Reg EDX 4
3be65: MOV Reg RAX, Address (SizeDir 64 (AddrPlus (FromReg FS) (AddrImm 40))) 9
3be6e: MOV Address (SizeDir 64 (AddrPlus (FromReg RSP) (AddrImm 568))), Reg RAX 8
3be76: XOR Reg EAX, Reg EAX 2
3be78: MOV Address (SizeDir 64 (AddrPlus (FromReg RSP) (AddrImm 40))), Immediate 0 9
3be81: CALL __errno_location (external)
3be86: MOV Reg RCX, Address (SizeDir 64 (AddrPlus (FromReg RSP) (AddrImm 656))) 8
3be8e: MOV Reg RDX, Address (SizeDir 64 (AddrPlus (FromReg RSP) (AddrImm 648))) 8
3be96: LEA Reg RDI, Address (SizeDir 64 (AddrPlus (FromReg RSP) (AddrImm 40))) 5
3be9b: MOV Reg ESI, Immediate 1 5
3bea0: MOV Reg R13, Reg RAX 3
3bea3: MOV Reg R14D, Address (SizeDir 32 (FromReg RAX)) 3
3bea6: CALL __vasprintf_chk (external)
3beab: TEST Reg RBX, Reg RBX 3
3beae: SETNE Address (SizeDir 8 (AddrPlus (FromReg RSP) (AddrImm 15))) 5
3beb3: TEST Reg EAX, Reg EAX 2
3beb5: JS 3c0a0 (resolved immediate)
  |
  `- 3bebb,3c0a0
3bebb: TEST Reg R12, Reg R12 3
3bebe: MOV Address (SizeDir 8 (AddrPlus (FromReg RSP) (AddrImm 48))), Immediate 0 5
3bec3: JE 3bf50 (resolved immediate)
  |
  `- 3bec9,3bf50
3bec9: LEA Reg R10, Address (SizeDir 64 (AddrPlus (FromReg RSP) (AddrImm 48))) 5
3bece: SUB Reg RSP, Immediate 8 4
3bed2: LEA Reg R8, Address (SizeDir 64 (AddrPlus (FromReg RIP) (AddrImm 362554))) 7
3bed9: PUSH Reg RBP 1
3beda: MOV Reg EDX, Immediate 1 5
3bedf: XOR Reg EAX, Reg EAX 2
3bee1: MOV Reg RDI, Reg R10 3
3bee4: MOV Reg R9, Reg R12 3
3bee7: MOV Reg ECX, Immediate 256 5
3beec: MOV Reg ESI, Immediate 256 5
3bef1: MOV Address (SizeDir 64 (AddrPlus (FromReg RSP) (AddrImm 32))), Reg R10 5
3bef6: CALL __snprintf_chk (external)
3befb: MOV Address (SizeDir 8 (AddrPlus (FromReg RSP) (AddrImm 319))), Immediate 0 8
3bf03: MOV Address (SizeDir 8 (AddrPlus (FromReg RSP) (AddrImm 320))), Immediate 0 8
3bf0b: POP Reg RAX 1
3bf0c: POP Reg RDX 1
3bf0d: CMP Address (SizeDir 32 (AddrPlus (FromReg RSP) (AddrImm 640))), Immediate 18446744073709551615 8
3bf15: MOV Reg R10, Address (SizeDir 64 (AddrPlus (FromReg RSP) (AddrImm 16))) 5
3bf1a: JNE 3bfc0 (resolved immediate)
  |
  `- 3bf20,3bfc0
3bf20: TEST Reg RBX, Reg RBX 3
3bf23: MOV Reg RCX, Address (SizeDir 64 (AddrPlus (FromReg RSP) (AddrImm 40))) 5
3bf28: JE 3c0c6 (resolved immediate)
  |
  `- 3bf2e,3c0c6
3bf2e: LEA Reg RDX, Address (SizeDir 64 (AddrPlus (FromReg RIP) (AddrImm 386002))) 7
3bf35: LEA Reg RAX, Address (SizeDir 64 (AddrPlus (FromReg RIP) (AddrImm 408678))) 7
3bf3c: LEA Reg RBP, Address (SizeDir 64 (AddrPlus (FromReg RIP) (AddrImm 386109))) 7
3bf43: LEA Reg R11, Address (SizeDir 64 (AddrPlus (FromReg RSP) (AddrImm 304))) 8
3bf4b: JMP 3c031 (resolved immediate)
  |
  `- 3c031
3bf50: CMP Address (SizeDir 32 (AddrPlus (FromReg RSP) (AddrImm 640))), Immediate 18446744073709551615 8
3bf58: MOV Address (SizeDir 8 (AddrPlus (FromReg RSP) (AddrImm 303))), Immediate 0 8
3bf60: LEA Reg R10, Address (SizeDir 64 (AddrPlus (FromReg RSP) (AddrImm 48))) 5
3bf65: MOV Address (SizeDir 8 (AddrPlus (FromReg RSP) (AddrImm 304))), Immediate 0 8
3bf6d: JNE 3bfc0 (resolved immediate)
  |
  `- 3bf6f,3bfc0
3bf6f: TEST Reg R12, Reg R12 3
3bf72: MOV Reg RCX, Address (SizeDir 64 (AddrPlus (FromReg RSP) (AddrImm 40))) 5
3bf77: LEA Reg RBP, Address (SizeDir 64 (AddrPlus (FromReg RIP) (AddrImm 386050))) 7
3bf7e: LEA Reg R10, Address (SizeDir 64 (AddrPlus (FromReg RSP) (AddrImm 48))) 5
3bf83: LEA Reg R11, Address (SizeDir 64 (AddrPlus (FromReg RSP) (AddrImm 304))) 8
3bf8b: JE 3c019 (resolved immediate)
  |
  `- 3c019
3bf98: TEST Reg RBX, Reg RBX 3
3bf9b: JE 3c0eb (resolved immediate)
  |
  `- 3bfa1,3c0eb
3bfa1: LEA Reg RAX, Address (SizeDir 64 (AddrPlus (FromReg RIP) (AddrImm 396536))) 7
3bfa8: LEA Reg RSI, Address (SizeDir 64 (AddrPlus (FromReg RIP) (AddrImm 408563))) 7
3bfaf: TEST Reg R12, Reg R12 3
3bfb2: LEA Reg RDX, Address (SizeDir 64 (AddrPlus (FromReg RIP) (AddrImm 385870))) 7
3bfb9: CMOVNE Reg RAX, Reg RSI 4
3bfbd: JMP 3c031 (resolved immediate)
  |
  `- 3c031
3bfc0: LEA Reg R11, Address (SizeDir 64 (AddrPlus (FromReg RSP) (AddrImm 304))) 8
3bfc8: MOV Reg R9D, Address (SizeDir 32 (AddrPlus (FromReg RSP) (AddrImm 640))) 8
3bfd0: LEA Reg R8, Address (SizeDir 64 (AddrPlus (FromReg RIP) (AddrImm 385843))) 7
3bfd7: MOV Reg ECX, Immediate 256 5
3bfdc: MOV Reg EDX, Immediate 1 5
3bfe1: MOV Reg ESI, Immediate 256 5
3bfe6: MOV Reg RDI, Reg R11 3
3bfe9: XOR Reg EAX, Reg EAX 2
3bfeb: MOV Address (SizeDir 64 (AddrPlus (FromReg RSP) (AddrImm 24))), Reg R10 5
3bff0: MOV Address (SizeDir 64 (AddrPlus (FromReg RSP) (AddrImm 16))), Reg R11 5
3bff5: LEA Reg RBP, Address (SizeDir 64 (AddrPlus (FromReg RIP) (AddrImm 385924))) 7
3bffc: CALL __snprintf_chk (external)
3c001: MOV Reg RCX, Address (SizeDir 64 (AddrPlus (FromReg RSP) (AddrImm 40))) 5
3c006: MOV Reg R11, Address (SizeDir 64 (AddrPlus (FromReg RSP) (AddrImm 16))) 5
3c00b: MOV Reg R10, Address (SizeDir 64 (AddrPlus (FromReg RSP) (AddrImm 24))) 5
3c010: TEST Reg R12, Reg R12 3
3c013: JNE 3bf98 (resolved immediate)
  |
  `- 3bf98,3c019
3c019: CMP Address (SizeDir 8 (AddrPlus (FromReg RSP) (AddrImm 15))), Immediate 0 5
3c01e: JNE 3bf98 (resolved immediate)
  |
  `- 3bf98,3c024
3c024: LEA Reg RBX, Address (SizeDir 64 (AddrPlus (FromReg RIP) (AddrImm 396405))) 7
3c02b: MOV Reg RDX, Reg RBX 3
3c02e: MOV Reg RAX, Reg RBX 3
3c031: SUB Reg RSP, Immediate 8 4
3c035: MOV Reg RDI, Address (SizeDir 64 (FromReg R15)) 3
3c038: LEA Reg R8, Address (SizeDir 64 (AddrPlus (FromReg RIP) (AddrImm 385750))) 7
3c03f: PUSH Reg RCX 1
3c040: PUSH Reg R11 2
3c042: LEA Reg RCX, Address (SizeDir 64 (AddrPlus (FromReg RIP) (AddrImm 358278))) 7
3c049: PUSH Reg RDX 1
3c04a: PUSH Reg RBX 1
3c04b: MOV Reg R9, Reg R10 3
3c04e: PUSH Reg RAX 1
3c04f: MOV Reg EDX, Address (SizeDir 32 (AddrPlus (FromReg RSP) (AddrImm 56))) 4
3c053: XOR Reg EAX, Reg EAX 2
3c055: MOV Reg ESI, Address (SizeDir 32 (AddrPlus (FromReg RSP) (AddrImm 52))) 4
3c059: CALL xtl_log (external)
3c05e: MOV Reg RDI, Address (SizeDir 64 (AddrPlus (FromReg RSP) (AddrImm 88))) 5
3c063: ADD Reg RSP, Immediate 48 4
3c067: CMP Reg RDI, Reg RBP 3
3c06a: JE 3c071 (resolved immediate)
  |
  `- 3c06c,3c071
3c06c: CALL free (external)
3c071: MOV Reg RAX, Address (SizeDir 64 (AddrPlus (FromReg RSP) (AddrImm 568))) 8
3c079: XOR Reg RAX, Address (SizeDir 64 (AddrPlus (FromReg FS) (AddrImm 40))) 9
3c082: MOV Address (SizeDir 32 (FromReg R13)), Reg R14D 4
3c086: JNE 3c0c1 (resolved immediate)
  |
  `- 3c088,3c0c1
3c088: ADD Reg RSP, Immediate 584 7
3c08f: POP Reg RBX 1
3c090: POP Reg RBP 1
3c091: POP Reg R12 2
3c093: POP Reg R13 2
3c095: POP Reg R14 2
3c097: POP Reg R15 2
3c099: RET  1
  |
  `- 
3c0a0: LEA Reg RBP, Address (SizeDir 64 (AddrPlus (FromReg RIP) (AddrImm 385753))) 7
3c0a7: LEA Reg R10, Address (SizeDir 64 (AddrPlus (FromReg RSP) (AddrImm 48))) 5
3c0ac: LEA Reg R11, Address (SizeDir 64 (AddrPlus (FromReg RSP) (AddrImm 304))) 8
3c0b4: MOV Address (SizeDir 64 (AddrPlus (FromReg RSP) (AddrImm 40))), Reg RBP 5
3c0b9: MOV Reg RCX, Reg RBP 3
3c0bc: JMP 3c010 (resolved immediate)
  |
  `- 3c010
3c0c1: CALL __stack_chk_fail (external)
  |
  `- 
3c0c6: LEA Reg RBX, Address (SizeDir 64 (AddrPlus (FromReg RIP) (AddrImm 396243))) 7
3c0cd: LEA Reg RDX, Address (SizeDir 64 (AddrPlus (FromReg RIP) (AddrImm 385587))) 7
3c0d4: LEA Reg RBP, Address (SizeDir 64 (AddrPlus (FromReg RIP) (AddrImm 385701))) 7
3c0db: LEA Reg R11, Address (SizeDir 64 (AddrPlus (FromReg RSP) (AddrImm 304))) 8
3c0e3: MOV Reg RAX, Reg RBX 3
3c0e6: JMP 3c031 (resolved immediate)
  |
  `- 3c031
3c0eb: LEA Reg RBX, Address (SizeDir 64 (AddrPlus (FromReg RIP) (AddrImm 396206))) 7
3c0f2: LEA Reg RDX, Address (SizeDir 64 (AddrPlus (FromReg RIP) (AddrImm 385550))) 7
3c0f9: MOV Reg RAX, Reg RBX 3
3c0fc: JMP 3c031 (resolved immediate)
  |
  `- 3c031
3c110: SUB Reg RSP, Immediate 216 7
3c117: TEST Reg AL, Reg AL 2
3c119: MOV Reg R10, Address (SizeDir 64 (AddrPlus (FromReg RSP) (AddrImm 232))) 8
3c121: JE 3c15a (resolved immediate)
  |
  `- 3c123,3c15a
3c123: MOVAPS Address (SizeDir 128 (AddrPlus (FromReg RSP) (AddrImm 80))), Reg XMM0 5
3c128: MOVAPS Address (SizeDir 128 (AddrPlus (FromReg RSP) (AddrImm 96))), Reg XMM1 5
3c12d: MOVAPS Address (SizeDir 128 (AddrPlus (FromReg RSP) (AddrImm 112))), Reg XMM2 5
3c132: MOVAPS Address (SizeDir 128 (AddrPlus (FromReg RSP) (AddrImm 128))), Reg XMM3 8
3c13a: MOVAPS Address (SizeDir 128 (AddrPlus (FromReg RSP) (AddrImm 144))), Reg XMM4 8
3c142: MOVAPS Address (SizeDir 128 (AddrPlus (FromReg RSP) (AddrImm 160))), Reg XMM5 8
3c14a: MOVAPS Address (SizeDir 128 (AddrPlus (FromReg RSP) (AddrImm 176))), Reg XMM6 8
3c152: MOVAPS Address (SizeDir 128 (AddrPlus (FromReg RSP) (AddrImm 192))), Reg XMM7 8
3c15a: MOV Reg RAX, Address (SizeDir 64 (AddrPlus (FromReg FS) (AddrImm 40))) 9
3c163: MOV Address (SizeDir 64 (AddrPlus (FromReg RSP) (AddrImm 24))), Reg RAX 5
3c168: XOR Reg EAX, Reg EAX 2
3c16a: LEA Reg RAX, Address (SizeDir 64 (AddrPlus (FromReg RSP) (AddrImm 240))) 8
3c172: MOV Address (SizeDir 64 (AddrPlus (FromReg RSP) (AddrImm 8))), Reg RAX 5
3c177: LEA Reg RAX, Address (SizeDir 64 (AddrPlus (FromReg RSP) (AddrImm 32))) 5
3c17c: MOV Address (SizeDir 32 (FromReg RSP)), Immediate 48 7
3c183: MOV Address (SizeDir 32 (AddrPlus (FromReg RSP) (AddrImm 4))), Immediate 48 8
3c18b: SUB Reg RSP, Immediate 8 4
3c18f: MOV Address (SizeDir 64 (AddrPlus (FromReg RSP) (AddrImm 24))), Reg RAX 5
3c194: LEA Reg RAX, Address (SizeDir 64 (AddrPlus (FromReg RSP) (AddrImm 8))) 5
3c199: PUSH Reg RAX 1
3c19a: PUSH Reg R10 2
3c19c: MOV Reg EAX, Address (SizeDir 32 (AddrPlus (FromReg RSP) (AddrImm 248))) 7
3c1a3: PUSH Reg RAX 1
3c1a4: CALL libxl__logv (internal)
  |
  `- 3be40
3c1a9: ADD Reg RSP, Immediate 32 4
3c1ad: MOV Reg RAX, Address (SizeDir 64 (AddrPlus (FromReg RSP) (AddrImm 24))) 5
3c1b2: XOR Reg RAX, Address (SizeDir 64 (AddrPlus (FromReg FS) (AddrImm 40))) 9
3c1bb: JNE 3c1c5 (resolved immediate)
  |
  `- 3c1bd,3c1c5
3c1bd: ADD Reg RSP, Immediate 216 7
3c1c4: RET  1
  |
  `- 
3c1c5: CALL __stack_chk_fail (external)
  |
  `- 
3c1d0: TEST Reg RCX, Reg RCX 3
3c1d3: PUSH Reg R14 2
3c1d5: PUSH Reg R13 2
3c1d7: PUSH Reg R12 2
3c1d9: PUSH Reg RBP 1
3c1da: PUSH Reg RBX 1
3c1db: MOV Reg RBX, Reg RSI 3
3c1de: JE 3c24b (resolved immediate)
  |
  `- 3c1e0,3c24b
3c1e0: LEA Reg R14, Address (SizeDir 64 (AddrPlus (FromReg RIP) (AddrImm 385473))) 7
3c1e7: SUB Reg RSP, Immediate 8 4
3c1eb: MOV Reg R9, Reg RSI 3
3c1ee: PUSH Reg RCX 1
3c1ef: PUSH Reg RDX 1
3c1f0: MOV Reg R13, Reg RDX 3
3c1f3: PUSH Reg RSI 1
3c1f4: PUSH Reg R14 2
3c1f6: MOV Reg R12, Reg RCX 3
3c1f9: PUSH Immediate 18446744073709551615 2
3c1fb: XOR Reg R8D, Reg R8D 3
3c1fe: XOR Reg ECX, Reg ECX 2
3c200: MOV Reg EDX, Immediate 12 5
3c205: MOV Reg ESI, Immediate 9 5
3c20a: XOR Reg EAX, Reg EAX 2
3c20c: CALL libxl__log (internal)
  |
  `- 
3c211: MOV Reg RBP, Address (SizeDir 64 (AddrPlus (FromReg RIP) (AddrImm 2665928))) 7
3c218: ADD Reg RSP, Immediate 48 4
3c21c: MOV Reg R9, Reg R12 3
3c21f: MOV Reg R8, Reg R13 3
3c222: MOV Reg RCX, Reg RBX 3
3c225: MOV Reg RDX, Reg R14 3
3c228: MOV Reg ESI, Immediate 1 5
3c22d: XOR Reg EAX, Reg EAX 2
3c22f: MOV Reg RDI, Address (SizeDir 64 (FromReg RBP)) 4
3c233: CALL __fprintf_chk (external)
3c238: MOV Reg RDI, Address (SizeDir 64 (FromReg RBP)) 4
3c23c: CALL fflush (external)
3c241: MOV Reg EDI, Immediate 4294967295 5
3c246: CALL _exit (external)
  |
  `- 
3c24b: LEA Reg R12, Address (SizeDir 64 (AddrPlus (FromReg RIP) (AddrImm 385430))) 7
3c252: SUB Reg RSP, Immediate 8 4
3c256: MOV Reg R9, Reg RSI 3
3c259: PUSH Reg RSI 1
3c25a: XOR Reg ECX, Reg ECX 2
3c25c: XOR Reg EAX, Reg EAX 2
3c25e: PUSH Reg R12 2
3c260: PUSH Immediate 18446744073709551615 2
3c262: XOR Reg R8D, Reg R8D 3
3c265: MOV Reg EDX, Immediate 12 5
3c26a: MOV Reg ESI, Immediate 9 5
3c26f: CALL libxl__log (internal)
  |
  `- 
3c274: MOV Reg RBP, Address (SizeDir 64 (AddrPlus (FromReg RIP) (AddrImm 2665829))) 7
3c27b: ADD Reg RSP, Immediate 32 4
3c27f: MOV Reg RCX, Reg RBX 3
3c282: MOV Reg RDX, Reg R12 3
3c285: MOV Reg ESI, Immediate 1 5
3c28a: XOR Reg EAX, Reg EAX 2
3c28c: MOV Reg RDI, Address (SizeDir 64 (FromReg RBP)) 4
3c290: CALL __fprintf_chk (external)
3c295: JMP 3c238 (resolved immediate)
  |
  `- 3c238
3c2a0: MOV Reg R8D, Address (SizeDir 32 (FromReg RDI)) 3
3c2a3: TEST Reg R8D, Reg R8D 3
3c2a6: JS 3c378 (resolved immediate)
  |
  `- 3c2ac,3c378
3c2ac: TEST Reg RSI, Reg RSI 3
3c2af: JE 3c378 (resolved immediate)
  |
  `- 3c2b5,3c378
3c2b5: TEST Reg R8D, Reg R8D 3
3c2b8: JE 3c2f7 (resolved immediate)
  |
  `- 3c2ba,3c2f7
3c2ba: MOV Reg RDX, Address (SizeDir 64 (AddrPlus (FromReg RDI) (AddrImm 8))) 4
3c2be: CMP Address (SizeDir 64 (FromReg RDX)), Immediate 0 4
3c2c2: JE 3c380 (resolved immediate)
  |
  `- 3c2c8,3c380
3c2c8: LEA Reg RAX, Address (SizeDir 64 (AddrPlus (FromReg RDX) (AddrImm 8))) 4
3c2cc: LEA Reg EDX, Address (SizeDir 32 (AddrMinus (FromReg R8) (AddrImm 1))) 4
3c2d0: LEA Reg RCX, Address (SizeDir 64 (AddrPlus (FromReg RAX) (AddrTimes (AddrImm 8) (FromReg RDX)))) 4
3c2d4: JMP 3c2f2 (resolved immediate)
  |
  `- 3c2f2
3c2e0: MOV Reg RDX, Reg RAX 3
3c2e3: ADD Reg RAX, Immediate 8 4
3c2e7: CMP Address (SizeDir 64 (AddrMinus (FromReg RAX) (AddrImm 8))), Immediate 0 5
3c2ec: JE 3c380 (resolved immediate)
  |
  `- 3c2f2,3c380
3c2f2: CMP Reg RAX, Reg RCX 3
3c2f5: JNE 3c2e0 (resolved immediate)
  |
  `- 3c2e0,3c2f7
3c2f7: PUSH Reg R13 2
3c2f9: PUSH Reg R12 2
3c2fb: MOV Reg R12, Reg RSI 3
3c2fe: PUSH Reg RBP 1
3c2ff: LEA Reg EBP, Address (SizeDir 32 (AddrPlus (AddrPlus (FromReg R8) (AddrTimes (AddrImm 1) (FromReg R8))) (AddrImm 25))) 5
3c304: PUSH Reg RBX 1
3c305: MOV Reg RBX, Reg RDI 3
3c308: SUB Reg RSP, Immediate 8 4
3c30c: CMP Reg EBP, Immediate 134217726 6
3c312: JG 3c39c (resolved immediate)
  |
  `- 3c318,3c39c
3c318: MOVSXD Reg R13, Reg EBP 3
3c31b: MOV Reg RDI, Address (SizeDir 64 (AddrPlus (FromReg RDI) (AddrImm 8))) 4
3c31f: LEA Reg RSI, Address (SizeDir 64 (AddrTimes (AddrImm 8) (FromReg R13))) 8
3c327: CALL realloc (external)
3c32c: TEST Reg RAX, Reg RAX 3
3c32f: MOV Address (SizeDir 64 (AddrPlus (FromReg RBX) (AddrImm 8))), Reg RAX 4
3c333: JE 3c384 (resolved immediate)
  |
  `- 3c335,3c384
3c335: MOVSXD Reg RDX, Address (SizeDir 32 (FromReg RBX)) 3
3c338: LEA Reg ECX, Address (SizeDir 32 (AddrPlus (FromReg RDX) (AddrImm 1))) 3
3c33b: MOV Address (SizeDir 32 (FromReg RBX)), Reg ECX 2
3c33d: MOV Address (SizeDir 64 (AddrPlus (FromReg RAX) (AddrTimes (AddrImm 8) (FromReg RDX)))), Reg R12 4
3c341: MOVSXD Reg RAX, Address (SizeDir 32 (FromReg RBX)) 3
3c344: CMP Reg EBP, Reg EAX 2
3c346: JLE 3c368 (resolved immediate)
  |
  `- 3c348,3c368
3c348: NOP  8
3c350: MOV Reg RDX, Address (SizeDir 64 (AddrPlus (FromReg RBX) (AddrImm 8))) 4
3c354: LEA Reg ECX, Address (SizeDir 32 (AddrPlus (FromReg RAX) (AddrImm 1))) 3
3c357: MOV Address (SizeDir 32 (FromReg RBX)), Reg ECX 2
3c359: MOV Address (SizeDir 64 (AddrPlus (FromReg RDX) (AddrTimes (AddrImm 8) (FromReg RAX)))), Immediate 0 8
3c361: MOVSXD Reg RAX, Address (SizeDir 32 (FromReg RBX)) 3
3c364: CMP Reg EAX, Reg EBP 2
3c366: JL 3c350 (resolved immediate)
  |
  `- 3c350,3c368
3c368: ADD Reg RSP, Immediate 8 4
3c36c: POP Reg RBX 1
3c36d: POP Reg RBP 1
3c36e: POP Reg R12 2
3c370: POP Reg R13 2
3c372: RET  1
  |
  `- 
3c378: RET  2
  |
  `- 
3c380: MOV Address (SizeDir 64 (FromReg RDX)), Reg RSI 3
3c383: RET  1
  |
  `- 
3c384: MOV Reg RDI, Address (SizeDir 64 (AddrPlus (FromReg RBX) (AddrImm 16))) 4
3c388: LEA Reg RSI, Address (SizeDir 64 (AddrPlus (FromReg RIP) (AddrImm 385873))) 7
3c38f: MOV Reg ECX, Immediate 8 5
3c394: MOV Reg RDX, Reg R13 3
3c397: CALL libxl__alloc_failed (internal)
  |
  `- 
3c39c: LEA Reg RCX, Address (SizeDir 64 (AddrPlus (FromReg RIP) (AddrImm 385869))) 7
3c3a3: LEA Reg RSI, Address (SizeDir 64 (AddrPlus (FromReg RIP) (AddrImm 384822))) 7
3c3aa: LEA Reg RDI, Address (SizeDir 64 (AddrPlus (FromReg RIP) (AddrImm 385135))) 7
3c3b1: MOV Reg EDX, Immediate 62 5
3c3b6: CALL __assert_fail (external)
  |
  `- 
3c410: PUSH Reg R12 2
3c412: PUSH Reg RBP 1
3c413: MOV Reg RBP, Reg RSI 3
3c416: PUSH Reg RBX 1
3c417: MOV Reg R12, Reg RDI 3
3c41a: MOV Reg ESI, Immediate 1 5
3c41f: MOV Reg RDI, Reg RBP 3
3c422: CALL calloc (external)
3c427: TEST Reg RAX, Reg RAX 3
3c42a: JE 3c442 (resolved immediate)
  |
  `- 3c42c,3c442
3c42c: MOV Reg RBX, Reg RAX 3
3c42f: MOV Reg RSI, Reg RAX 3
3c432: MOV Reg RDI, Reg R12 3
3c435: CALL libxl__ptr_add (internal)
  |
  `- 3c2a0
3c43a: MOV Reg RAX, Reg RBX 3
3c43d: POP Reg RBX 1
3c43e: POP Reg RBP 1
3c43f: POP Reg R12 2
3c441: RET  1
  |
  `- 
3c442: MOV Reg RDI, Address (SizeDir 64 (AddrPlus (FromReg R12) (AddrImm 16))) 5
3c447: LEA Reg RSI, Address (SizeDir 64 (AddrPlus (FromReg RIP) (AddrImm 385634))) 7
3c44e: MOV Reg ECX, Immediate 1 5
3c453: MOV Reg RDX, Reg RBP 3
3c456: CALL libxl__alloc_failed (internal)
  |
  `- 3c1d0
3c460: PUSH Reg R14 2
3c462: PUSH Reg R13 2
3c464: MOV Reg R8, Reg RSI 3
3c467: PUSH Reg R12 2
3c469: PUSH Reg RBP 1
3c46a: MOV Reg R13, Reg RDI 3
3c46d: PUSH Reg RBX 1
3c46e: XOR Reg EDI, Reg EDI 2
3c470: MOV Reg RBP, Reg RSI 3
3c473: MOV Reg R14, Reg RDX 3
3c476: XOR Reg ESI, Reg ESI 2
3c478: MOV Reg RCX, Immediate 18446744073709551615 7
3c47f: SUB Reg RSP, Immediate 32 4
3c483: MOV Reg RAX, Address (SizeDir 64 (AddrPlus (FromReg FS) (AddrImm 40))) 9
3c48c: MOV Address (SizeDir 64 (AddrPlus (FromReg RSP) (AddrImm 24))), Reg RAX 5
3c491: XOR Reg EAX, Reg EAX 2
3c493: MOV Reg R12, Reg RSP 3
3c496: MOVDQU Reg XMM0, Address (SizeDir 128 (FromReg RDX)) 4
3c49a: MOV Reg R9, Reg R12 3
3c49d: MOVUPS Address (SizeDir 128 (FromReg RSP)), Reg XMM0 4
3c4a1: MOV Reg RAX, Address (SizeDir 64 (AddrPlus (FromReg RDX) (AddrImm 16))) 4
3c4a5: MOV Reg EDX, Immediate 1 5
3c4aa: MOV Address (SizeDir 64 (AddrPlus (FromReg RSP) (AddrImm 16))), Reg RAX 5
3c4af: CALL __vsnprintf_chk (external)
3c4b4: TEST Reg EAX, Reg EAX 2
3c4b6: JS 3c51b (resolved immediate)
  |
  `- 3c4b8,3c51b
3c4b8: ADD Reg EAX, Immediate 1 3
3c4bb: MOV Reg RDI, Reg R13 3
3c4be: MOVSXD Reg RBX, Reg EAX 3
3c4c1: MOV Reg RSI, Reg RBX 3
3c4c4: CALL libxl__zalloc (internal)
3c4c9: MOV Reg R13, Reg RAX 3
3c4cc: MOV Reg RAX, Address (SizeDir 64 (AddrPlus (FromReg R14) (AddrImm 16))) 4
3c4d0: MOV Reg RCX, Immediate 18446744073709551615 7
3c4d7: MOVDQU Reg XMM0, Address (SizeDir 128 (FromReg R14)) 5
3c4dc: MOV Reg R9, Reg R12 3
3c4df: MOV Reg R8, Reg RBP 3
3c4e2: MOV Reg EDX, Immediate 1 5
3c4e7: MOV Reg RSI, Reg RBX 3
3c4ea: MOV Reg RDI, Reg R13 3
3c4ed: MOV Address (SizeDir 64 (AddrPlus (FromReg RSP) (AddrImm 16))), Reg RAX 5
3c4f2: MOVUPS Address (SizeDir 128 (FromReg RSP)), Reg XMM0 4
3c4f6: CALL __vsnprintf_chk (external)
3c4fb: MOV Reg RCX, Address (SizeDir 64 (AddrPlus (FromReg RSP) (AddrImm 24))) 5
3c500: XOR Reg RCX, Address (SizeDir 64 (AddrPlus (FromReg FS) (AddrImm 40))) 9
3c509: MOV Reg RAX, Reg R13 3
3c50c: JNE 3c53a (resolved immediate)
  |
  `- 3c50e,3c53a
3c50e: ADD Reg RSP, Immediate 32 4
3c512: POP Reg RBX 1
3c513: POP Reg RBP 1
3c514: POP Reg R12 2
3c516: POP Reg R13 2
3c518: POP Reg R14 2
3c51a: RET  1
  |
  `- 
3c51b: LEA Reg RCX, Address (SizeDir 64 (AddrPlus (FromReg RIP) (AddrImm 385358))) 7
3c522: LEA Reg RSI, Address (SizeDir 64 (AddrPlus (FromReg RIP) (AddrImm 384439))) 7
3c529: LEA Reg RDI, Address (SizeDir 64 (AddrPlus (FromReg RIP) (AddrImm 384498))) 7
3c530: MOV Reg EDX, Immediate 152 5
3c535: CALL __assert_fail (external)
  |
  `- 
3c53a: CALL __stack_chk_fail (external)
  |
  `- 
3c540: SUB Reg RSP, Immediate 216 7
3c547: TEST Reg AL, Reg AL 2
3c549: MOV Address (SizeDir 64 (AddrPlus (FromReg RSP) (AddrImm 48))), Reg RDX 5
3c54e: MOV Address (SizeDir 64 (AddrPlus (FromReg RSP) (AddrImm 56))), Reg RCX 5
3c553: MOV Address (SizeDir 64 (AddrPlus (FromReg RSP) (AddrImm 64))), Reg R8 5
3c558: MOV Address (SizeDir 64 (AddrPlus (FromReg RSP) (AddrImm 72))), Reg R9 5
3c55d: JE 3c596 (resolved immediate)
  |
  `- 3c55f,3c596
3c55f: MOVAPS Address (SizeDir 128 (AddrPlus (FromReg RSP) (AddrImm 80))), Reg XMM0 5
3c564: MOVAPS Address (SizeDir 128 (AddrPlus (FromReg RSP) (AddrImm 96))), Reg XMM1 5
3c569: MOVAPS Address (SizeDir 128 (AddrPlus (FromReg RSP) (AddrImm 112))), Reg XMM2 5
3c56e: MOVAPS Address (SizeDir 128 (AddrPlus (FromReg RSP) (AddrImm 128))), Reg XMM3 8
3c576: MOVAPS Address (SizeDir 128 (AddrPlus (FromReg RSP) (AddrImm 144))), Reg XMM4 8
3c57e: MOVAPS Address (SizeDir 128 (AddrPlus (FromReg RSP) (AddrImm 160))), Reg XMM5 8
3c586: MOVAPS Address (SizeDir 128 (AddrPlus (FromReg RSP) (AddrImm 176))), Reg XMM6 8
3c58e: MOVAPS Address (SizeDir 128 (AddrPlus (FromReg RSP) (AddrImm 192))), Reg XMM7 8
3c596: MOV Reg RAX, Address (SizeDir 64 (AddrPlus (FromReg FS) (AddrImm 40))) 9
3c59f: MOV Address (SizeDir 64 (AddrPlus (FromReg RSP) (AddrImm 24))), Reg RAX 5
3c5a4: XOR Reg EAX, Reg EAX 2
3c5a6: LEA Reg RAX, Address (SizeDir 64 (AddrPlus (FromReg RSP) (AddrImm 224))) 8
3c5ae: MOV Reg RDX, Reg RSP 3
3c5b1: MOV Address (SizeDir 64 (AddrPlus (FromReg RSP) (AddrImm 8))), Reg RAX 5
3c5b6: LEA Reg RAX, Address (SizeDir 64 (AddrPlus (FromReg RSP) (AddrImm 32))) 5
3c5bb: MOV Address (SizeDir 32 (FromReg RSP)), Immediate 16 7
3c5c2: MOV Address (SizeDir 32 (AddrPlus (FromReg RSP) (AddrImm 4))), Immediate 48 8
3c5ca: MOV Address (SizeDir 64 (AddrPlus (FromReg RSP) (AddrImm 16))), Reg RAX 5
3c5cf: CALL libxl__vsprintf (internal)
  |
  `- 3c460
3c5d4: MOV Reg RCX, Address (SizeDir 64 (AddrPlus (FromReg RSP) (AddrImm 24))) 5
3c5d9: XOR Reg RCX, Address (SizeDir 64 (AddrPlus (FromReg FS) (AddrImm 40))) 9
3c5e2: JNE 3c5ec (resolved immediate)
  |
  `- 3c5e4,3c5ec
3c5e4: ADD Reg RSP, Immediate 216 7
3c5eb: RET  1
  |
  `- 
3c5ec: CALL __stack_chk_fail (external)
  |
  `- 
3c660: PUSH Reg R12 2
3c662: PUSH Reg RBP 1
3c663: MOV Reg R12, Reg RDI 3
3c666: PUSH Reg RBX 1
3c667: MOV Reg RBX, Reg RSI 3
3c66a: MOV Reg RSI, Reg RDX 3
3c66d: MOV Reg RDI, Reg RBX 3
3c670: MOV Reg RBP, Reg RDX 3
3c673: SUB Reg RSP, Immediate 16 4
3c677: CALL realloc (external)
3c67c: TEST Reg RAX, Reg RAX 3
3c67f: JNE 3c686 (resolved immediate)
  |
  `- 3c681,3c686
3c681: TEST Reg RBP, Reg RBP 3
3c684: JNE 3c6ee (resolved immediate)
  |
  `- 3c686,3c6ee
3c686: TEST Reg RBX, Reg RBX 3
3c689: JE 3c6d0 (resolved immediate)
  |
  `- 3c68b,3c6d0
3c68b: CMP Reg RBX, Reg RAX 3
3c68e: JE 3c6c5 (resolved immediate)
  |
  `- 3c690,3c6c5
3c690: MOV Reg ESI, Address (SizeDir 32 (FromReg R12)) 4
3c694: TEST Reg ESI, Reg ESI 2
3c696: JS 3c6c5 (resolved immediate)
  |
  `- 3c698,3c6c5
3c698: JE 3c707 (resolved immediate)
  |
  `- 3c69a,3c707
3c69a: MOV Reg RCX, Address (SizeDir 64 (AddrPlus (FromReg R12) (AddrImm 8))) 5
3c69f: CMP Reg RBX, Address (SizeDir 64 (FromReg RCX)) 3
3c6a2: JE 3c6c2 (resolved immediate)
  |
  `- 3c6a4,3c6c2
3c6a4: LEA Reg RDX, Address (SizeDir 64 (AddrPlus (FromReg RCX) (AddrImm 8))) 4
3c6a8: LEA Reg ECX, Address (SizeDir 32 (AddrMinus (FromReg RSI) (AddrImm 1))) 3
3c6ab: LEA Reg RSI, Address (SizeDir 64 (AddrPlus (FromReg RDX) (AddrTimes (AddrImm 8) (FromReg RCX)))) 4
3c6af: NOP  1
3c6b0: CMP Reg RDX, Reg RSI 3
3c6b3: JE 3c707 (resolved immediate)
  |
  `- 3c6b5,3c707
3c6b5: MOV Reg RCX, Reg RDX 3
3c6b8: ADD Reg RDX, Immediate 8 4
3c6bc: CMP Address (SizeDir 64 (AddrMinus (FromReg RDX) (AddrImm 8))), Reg RBX 4
3c6c0: JNE 3c6b0 (resolved immediate)
  |
  `- 3c6b0,3c6c2
3c6c2: MOV Address (SizeDir 64 (FromReg RCX)), Reg RAX 3
3c6c5: ADD Reg RSP, Immediate 16 4
3c6c9: POP Reg RBX 1
3c6ca: POP Reg RBP 1
3c6cb: POP Reg R12 2
3c6cd: RET  1
  |
  `- 
3c6d0: MOV Reg RSI, Reg RAX 3
3c6d3: MOV Reg RDI, Reg R12 3
3c6d6: MOV Address (SizeDir 64 (AddrPlus (FromReg RSP) (AddrImm 8))), Reg RAX 5
3c6db: CALL libxl__ptr_add (internal)
3c6e0: MOV Reg RAX, Address (SizeDir 64 (AddrPlus (FromReg RSP) (AddrImm 8))) 5
3c6e5: ADD Reg RSP, Immediate 16 4
3c6e9: POP Reg RBX 1
3c6ea: POP Reg RBP 1
3c6eb: POP Reg R12 2
3c6ed: RET  1
  |
  `- 
3c6ee: MOV Reg RDI, Address (SizeDir 64 (AddrPlus (FromReg R12) (AddrImm 16))) 5
3c6f3: LEA Reg RSI, Address (SizeDir 64 (AddrPlus (FromReg RIP) (AddrImm 384918))) 7
3c6fa: MOV Reg ECX, Immediate 1 5
3c6ff: MOV Reg RDX, Reg RBP 3
3c702: CALL libxl__alloc_failed (internal)
  |
  `- 
3c707: LEA Reg RCX, Address (SizeDir 64 (AddrPlus (FromReg RIP) (AddrImm 384882))) 7
3c70e: LEA Reg RSI, Address (SizeDir 64 (AddrPlus (FromReg RIP) (AddrImm 383947))) 7
3c715: LEA Reg RDI, Address (SizeDir 64 (AddrPlus (FromReg RIP) (AddrImm 384015))) 7
3c71c: MOV Reg EDX, Immediate 131 5
3c721: CALL __assert_fail (external)
  |
  `- 
42300: PUSH Reg RBP 1
42301: PUSH Reg RBX 1
42302: MOV Reg RBX, Reg RSI 3
42305: MOV Reg RBP, Reg RDI 3
42308: LEA Reg RDX, Address (SizeDir 64 (AddrMinus (FromReg RIP) (AddrImm 207))) 7
4230f: ADD Reg RSI, Immediate 40 4
42313: SUB Reg RSP, Immediate 24 4
42317: MOV Reg ECX, Address (SizeDir 32 (AddrMinus (FromReg RSI) (AddrImm 16))) 3
4231a: MOV Reg RDI, Address (SizeDir 64 (FromReg RBX)) 3
4231d: CALL libxl__ev_time_register_rel (internal)
  |
  `- 50520
42322: TEST Reg EAX, Reg EAX 2
42324: JNE 42344 (resolved immediate)
  |
  `- 42326,42344
42326: MOV Reg RCX, Address (SizeDir 64 (AddrPlus (FromReg RBX) (AddrImm 16))) 4
4232a: LEA Reg RSI, Address (SizeDir 64 (AddrPlus (FromReg RBX) (AddrImm 136))) 7
42331: LEA Reg RDX, Address (SizeDir 64 (AddrMinus (FromReg RIP) (AddrImm 408))) 7
42338: MOV Reg RDI, Reg RBP 3
4233b: CALL libxl__ev_xswatch_register (internal)
  |
  `- 4d230
42340: TEST Reg EAX, Reg EAX 2
42342: JE 42357 (resolved immediate)
  |
  `- 42357
42344: MOV Reg RSI, Reg RBX 3
42347: MOV Reg RDI, Reg RBP 3
4234a: MOV Address (SizeDir 32 (AddrPlus (FromReg RSP) (AddrImm 12))), Reg EAX 4
4234e: CALL libxl__xswait_stop (external)
42353: MOV Reg EAX, Address (SizeDir 32 (AddrPlus (FromReg RSP) (AddrImm 12))) 4
42357: ADD Reg RSP, Immediate 24 4
4235b: POP Reg RBX 1
4235c: POP Reg RBP 1
4235d: RET  1
  |
  `- 
4c570: PUSH Reg R14 2
4c572: PUSH Reg R13 2
4c574: MOV Reg R14, Reg RCX 3
4c577: PUSH Reg R12 2
4c579: PUSH Reg RBP 1
4c57a: MOV Reg R13, Reg RDX 3
4c57d: PUSH Reg RBX 1
4c57e: MOV Reg RAX, Address (SizeDir 64 (AddrPlus (FromReg RDI) (AddrImm 16))) 4
4c582: MOV Reg RBP, Reg RDI 3
4c585: MOV Reg RBX, Reg RSI 3
4c588: CMP Address (SizeDir 64 (AddrPlus (FromReg RAX) (AddrImm 128))), Immediate 0 8
4c590: JE 4c620 (resolved immediate)
  |
  `- 4c596,4c620
4c596: ADD Address (SizeDir 32 (AddrPlus (FromReg RAX) (AddrImm 120))), Immediate 1 4
4c59a: MOV Reg R12, Address (SizeDir 64 (AddrPlus (FromReg RDI) (AddrImm 16))) 4
4c59e: MOV Reg R8, Address (SizeDir 64 (AddrPlus (FromReg R12) (AddrImm 184))) 8
4c5a6: TEST Reg R8, Reg R8 3
4c5a9: JE 4c6e0 (resolved immediate)
  |
  `- 4c5af,4c6e0
4c5af: MOV Reg RAX, Address (SizeDir 64 (AddrPlus (FromReg R8) (AddrImm 16))) 4
4c5b3: MOV Address (SizeDir 64 (AddrPlus (FromReg R12) (AddrImm 184))), Reg RAX 8
4c5bb: MOV Address (SizeDir 64 (FromReg R8)), Reg RBX 3
4c5be: MOV Address (SizeDir 64 (AddrPlus (FromReg RBX) (AddrImm 48))), Reg R8 4
4c5c2: LEA Reg RSI, Address (SizeDir 64 (AddrPlus (FromReg R8) (AddrImm 8))) 4
4c5c6: MOV Reg RAX, Address (SizeDir 64 (AddrPlus (FromReg RBP) (AddrImm 16))) 4
4c5ca: MOV Reg RDX, Reg R13 3
4c5cd: MOV Reg RCX, Reg R14 3
4c5d0: MOV Reg RDI, Address (SizeDir 64 (AddrPlus (FromReg RAX) (AddrImm 136))) 7
4c5d7: MOV Reg RAX, Address (SizeDir 64 (AddrPlus (FromReg RAX) (AddrImm 128))) 7
4c5de: CALL Address (SizeDir 64 (AddrPlus (FromReg RAX) (AddrImm 24))) 3
4c5e1: TEST Reg EAX, Reg EAX 2
4c5e3: JE 4c618 (resolved immediate)
  |
  `- 4c5e5,4c618
4c5e5: MOV Reg RDX, Address (SizeDir 64 (AddrPlus (FromReg RBX) (AddrImm 48))) 4
4c5e9: MOV Address (SizeDir 64 (FromReg RDX)), Immediate 0 7
4c5f0: MOV Reg RCX, Address (SizeDir 64 (AddrPlus (FromReg R12) (AddrImm 184))) 8
4c5f8: MOV Address (SizeDir 64 (AddrPlus (FromReg RDX) (AddrImm 16))), Reg RCX 4
4c5fc: MOV Address (SizeDir 64 (AddrPlus (FromReg R12) (AddrImm 184))), Reg RDX 8
4c604: MOV Reg RDX, Address (SizeDir 64 (AddrPlus (FromReg RBP) (AddrImm 16))) 4
4c608: SUB Address (SizeDir 32 (AddrPlus (FromReg RDX) (AddrImm 120))), Immediate 1 4
4c60c: POP Reg RBX 1
4c60d: POP Reg RBP 1
4c60e: POP Reg R12 2
4c610: POP Reg R13 2
4c612: POP Reg R14 2
4c614: RET  1
  |
  `- 
4c618: MOV Reg RAX, Address (SizeDir 64 (AddrPlus (FromReg RBP) (AddrImm 16))) 4
4c61c: SUB Address (SizeDir 32 (AddrPlus (FromReg RAX) (AddrImm 120))), Immediate 1 4
4c620: MOV Address (SizeDir 32 (AddrPlus (FromReg RBX) (AddrImm 8))), Immediate 0 7
4c627: MOV Address (SizeDir 64 (AddrPlus (FromReg RBX) (AddrImm 32))), Reg R13 4
4c62b: MOV Address (SizeDir 64 (AddrPlus (FromReg RBX) (AddrImm 40))), Reg R14 4
4c62f: MOV Reg RAX, Address (SizeDir 64 (AddrPlus (FromReg RBP) (AddrImm 16))) 4
4c633: MOV Reg RAX, Address (SizeDir 64 (AddrPlus (FromReg RAX) (AddrImm 200))) 7
4c63a: TEST Reg RAX, Reg RAX 3
4c63d: JE 4c698 (resolved immediate)
  |
  `- 4c63f,4c698
4c63f: MOV Reg RSI, Address (SizeDir 64 (AddrPlus (FromReg RBX) (AddrImm 32))) 4
4c643: JMP 4c651 (resolved immediate)
  |
  `- 4c651
4c648: MOV Reg RAX, Address (SizeDir 64 (AddrPlus (FromReg RAX) (AddrImm 16))) 4
4c64c: TEST Reg RAX, Reg RAX 3
4c64f: JE 4c698 (resolved immediate)
  |
  `- 4c651,4c698
4c651: MOV Reg RDX, Address (SizeDir 64 (AddrPlus (FromReg RAX) (AddrImm 32))) 4
4c655: CMP Reg RSI, Reg RDX 3
4c658: SETLE Reg CL 3
4c65b: CMP Reg RSI, Reg RDX 3
4c65e: JNE 4c66b (resolved immediate)
  |
  `- 4c660,4c66b
4c660: MOV Reg RDI, Address (SizeDir 64 (AddrPlus (FromReg RAX) (AddrImm 40))) 4
4c664: CMP Address (SizeDir 64 (AddrPlus (FromReg RBX) (AddrImm 40))), Reg RDI 4
4c668: SETLE Reg CL 3
4c66b: TEST Reg CL, Reg CL 2
4c66d: JE 4c648 (resolved immediate)
  |
  `- 4c648,4c66f
4c66f: MOV Reg RDX, Address (SizeDir 64 (AddrPlus (FromReg RAX) (AddrImm 24))) 4
4c673: MOV Address (SizeDir 64 (AddrPlus (FromReg RBX) (AddrImm 16))), Reg RAX 4
4c677: MOV Address (SizeDir 64 (AddrPlus (FromReg RBX) (AddrImm 24))), Reg RDX 4
4c67b: MOV Reg RDX, Address (SizeDir 64 (AddrPlus (FromReg RAX) (AddrImm 24))) 4
4c67f: MOV Address (SizeDir 64 (FromReg RDX)), Reg RBX 3
4c682: ADD Reg RBX, Immediate 16 4
4c686: MOV Address (SizeDir 64 (AddrPlus (FromReg RAX) (AddrImm 24))), Reg RBX 4
4c68a: XOR Reg EAX, Reg EAX 2
4c68c: POP Reg RBX 1
4c68d: POP Reg RBP 1
4c68e: POP Reg R12 2
4c690: POP Reg R13 2
4c692: POP Reg R14 2
4c694: RET  1
  |
  `- 
4c698: MOV Address (SizeDir 64 (AddrPlus (FromReg RBX) (AddrImm 16))), Immediate 0 8
4c6a0: MOV Reg RAX, Address (SizeDir 64 (AddrPlus (FromReg RBP) (AddrImm 16))) 4
4c6a4: MOV Reg RAX, Address (SizeDir 64 (AddrPlus (FromReg RAX) (AddrImm 208))) 7
4c6ab: MOV Address (SizeDir 64 (AddrPlus (FromReg RBX) (AddrImm 24))), Reg RAX 4
4c6af: MOV Reg RAX, Address (SizeDir 64 (AddrPlus (FromReg RBP) (AddrImm 16))) 4
4c6b3: MOV Reg RAX, Address (SizeDir 64 (AddrPlus (FromReg RAX) (AddrImm 208))) 7
4c6ba: MOV Address (SizeDir 64 (FromReg RAX)), Reg RBX 3
4c6bd: MOV Reg RAX, Address (SizeDir 64 (AddrPlus (FromReg RBP) (AddrImm 16))) 4
4c6c1: ADD Reg RBX, Immediate 16 4
4c6c5: MOV Address (SizeDir 64 (AddrPlus (FromReg RAX) (AddrImm 208))), Reg RBX 7
4c6cc: XOR Reg EAX, Reg EAX 2
4c6ce: POP Reg RBX 1
4c6cf: POP Reg RBP 1
4c6d0: POP Reg R12 2
4c6d2: POP Reg R13 2
4c6d4: POP Reg R14 2
4c6d6: RET  1
  |
  `- 
4c6e0: LEA Reg RDI, Address (SizeDir 64 (AddrPlus (FromReg R12) (AddrImm 24))) 5
4c6e5: MOV Reg ESI, Immediate 24 5
4c6ea: CALL libxl__zalloc (internal)
  |
  `- 3c410
4c6ef: MOV Reg R8, Reg RAX 3
4c6f2: JMP 4c5bb (resolved immediate)
  |
  `- 4c5bb
4cc10: LEA Reg RCX, Address (SizeDir 64 (AddrPlus (FromReg RIP) (AddrImm 333897))) 7
4cc17: LEA Reg RSI, Address (SizeDir 64 (AddrPlus (FromReg RIP) (AddrImm 330904))) 7
4cc1e: LEA Reg RDI, Address (SizeDir 64 (AddrPlus (FromReg RIP) (AddrImm 330968))) 7
4cc25: SUB Reg RSP, Immediate 8 4
4cc29: MOV Reg EDX, Immediate 2213 5
4cc2e: CALL __assert_fail (external)
  |
  `- 
4cc40: LEA Reg RCX, Address (SizeDir 64 (AddrPlus (FromReg RIP) (AddrImm 335369))) 7
4cc47: LEA Reg RSI, Address (SizeDir 64 (AddrPlus (FromReg RIP) (AddrImm 287246))) 7
4cc4e: LEA Reg RDI, Address (SizeDir 64 (AddrPlus (FromReg RIP) (AddrImm 287256))) 7
4cc55: SUB Reg RSP, Immediate 8 4
4cc59: MOV Reg EDX, Immediate 4217 5
4cc5e: CALL __assert_fail (external)
  |
  `- 
4cdb0: PUSH Reg R15 2
4cdb2: PUSH Reg R14 2
4cdb4: PUSH Reg R13 2
4cdb6: PUSH Reg R12 2
4cdb8: PUSH Reg RBP 1
4cdb9: PUSH Reg RBX 1
4cdba: SUB Reg RSP, Immediate 24 4
4cdbe: TEST Reg ECX, Reg ECX 2
4cdc0: JS 4cf2a (resolved immediate)
  |
  `- 4cdc6,4cf2a
4cdc6: MOV Reg RAX, Address (SizeDir 64 (AddrPlus (FromReg RDI) (AddrImm 16))) 4
4cdca: MOV Reg RBX, Reg RDI 3
4cdcd: MOV Reg RBP, Reg RSI 3
4cdd0: MOV Reg R15, Reg RDX 3
4cdd3: MOV Reg R12D, Reg ECX 3
4cdd6: MOV Reg R14D, Reg R8D 3
4cdd9: LEA Reg RDI, Address (SizeDir 64 (AddrPlus (FromReg RAX) (AddrImm 64))) 4
4cddd: CALL pthread_mutex_lock (external)
4cde2: TEST Reg EAX, Reg EAX 2
4cde4: MOV Reg R13D, Reg EAX 3
4cde7: JNE 4cf25 (resolved immediate)
  |
  `- 4cded,4cf25
4cded: MOV Reg RAX, Address (SizeDir 64 (AddrPlus (FromReg RBX) (AddrImm 16))) 4
4cdf1: CMP Address (SizeDir 64 (AddrPlus (FromReg RAX) (AddrImm 128))), Immediate 0 8
4cdf9: JE 4ce88 (resolved immediate)
  |
  `- 4cdff,4ce88
4cdff: ADD Address (SizeDir 32 (AddrPlus (FromReg RAX) (AddrImm 120))), Immediate 1 4
4ce03: MOV Reg R9, Address (SizeDir 64 (AddrPlus (FromReg RBX) (AddrImm 16))) 4
4ce07: MOV Reg R8, Address (SizeDir 64 (AddrPlus (FromReg R9) (AddrImm 176))) 7
4ce0e: TEST Reg R8, Reg R8 3
4ce11: JE 4cf00 (resolved immediate)
  |
  `- 4ce17,4cf00
4ce17: MOV Reg RAX, Address (SizeDir 64 (AddrPlus (FromReg R8) (AddrImm 16))) 4
4ce1b: MOV Address (SizeDir 64 (AddrPlus (FromReg R9) (AddrImm 176))), Reg RAX 7
4ce22: MOV Address (SizeDir 64 (FromReg R8)), Reg RBP 3
4ce25: MOV Address (SizeDir 64 (AddrPlus (FromReg RBP) (AddrImm 32))), Reg R8 4
4ce29: MOVSX Reg ECX, Reg R14W 4
4ce2d: MOV Reg RAX, Address (SizeDir 64 (AddrPlus (FromReg RBX) (AddrImm 16))) 4
4ce31: MOV Address (SizeDir 64 (AddrPlus (FromReg RSP) (AddrImm 8))), Reg R9 5
4ce36: LEA Reg RDX, Address (SizeDir 64 (AddrPlus (FromReg R8) (AddrImm 8))) 4
4ce3a: MOV Reg ESI, Reg R12D 3
4ce3d: MOV Reg RDI, Address (SizeDir 64 (AddrPlus (FromReg RAX) (AddrImm 136))) 7
4ce44: MOV Reg RAX, Address (SizeDir 64 (AddrPlus (FromReg RAX) (AddrImm 128))) 7
4ce4b: CALL Address (SizeDir 64 (FromReg RAX)) 2
4ce4d: TEST Reg EAX, Reg EAX 2
4ce4f: JE 4ce80 (resolved immediate)
  |
  `- 4ce80
4ce80: MOV Reg RAX, Address (SizeDir 64 (AddrPlus (FromReg RBX) (AddrImm 16))) 4
4ce84: SUB Address (SizeDir 32 (AddrPlus (FromReg RAX) (AddrImm 120))), Immediate 1 4
4ce88: MOV Address (SizeDir 32 (FromReg RBP)), Reg R12D 4
4ce8c: MOV Address (SizeDir 16 (AddrPlus (FromReg RBP) (AddrImm 4))), Reg R14W 5
4ce91: MOV Address (SizeDir 64 (AddrPlus (FromReg RBP) (AddrImm 8))), Reg R15 4
4ce95: MOV Reg RAX, Address (SizeDir 64 (AddrPlus (FromReg RBX) (AddrImm 16))) 4
4ce99: MOV Reg RAX, Address (SizeDir 64 (AddrPlus (FromReg RAX) (AddrImm 192))) 7
4cea0: TEST Reg RAX, Reg RAX 3
4cea3: MOV Address (SizeDir 64 (AddrPlus (FromReg RBP) (AddrImm 16))), Reg RAX 4
4cea7: JE 4cebc (resolved immediate)
  |
  `- 4cea9,4cebc
4cea9: MOV Reg RAX, Address (SizeDir 64 (AddrPlus (FromReg RBX) (AddrImm 16))) 4
4cead: LEA Reg RDX, Address (SizeDir 64 (AddrPlus (FromReg RBP) (AddrImm 16))) 4
4ceb1: MOV Reg RAX, Address (SizeDir 64 (AddrPlus (FromReg RAX) (AddrImm 192))) 7
4ceb8: MOV Address (SizeDir 64 (AddrPlus (FromReg RAX) (AddrImm 24))), Reg RDX 4
4cebc: MOV Reg RAX, Address (SizeDir 64 (AddrPlus (FromReg RBX) (AddrImm 16))) 4
4cec0: MOV Address (SizeDir 64 (AddrPlus (FromReg RAX) (AddrImm 192))), Reg RBP 7
4cec7: MOV Reg RAX, Address (SizeDir 64 (AddrPlus (FromReg RBX) (AddrImm 16))) 4
4cecb: ADD Reg RAX, Immediate 192 6
4ced1: MOV Address (SizeDir 64 (AddrPlus (FromReg RBP) (AddrImm 24))), Reg RAX 4
4ced5: MOV Reg RDI, Address (SizeDir 64 (AddrPlus (FromReg RBX) (AddrImm 16))) 4
4ced9: ADD Reg RDI, Immediate 64 4
4cedd: CALL pthread_mutex_unlock (external)
4cee2: TEST Reg EAX, Reg EAX 2
4cee4: JNE 4cf20 (resolved immediate)
4cee6: ADD Reg RSP, Immediate 24 4
4ceea: MOV Reg EAX, Reg R13D 3
4ceed: POP Reg RBX 1
4ceee: POP Reg RBP 1
4ceef: POP Reg R12 2
4cef1: POP Reg R13 2
4cef3: POP Reg R14 2
4cef5: POP Reg R15 2
4cef7: RET  1
  |
  `- 
4cf00: LEA Reg RDI, Address (SizeDir 64 (AddrPlus (FromReg R9) (AddrImm 24))) 4
4cf04: MOV Reg ESI, Immediate 24 5
4cf09: MOV Address (SizeDir 64 (AddrPlus (FromReg RSP) (AddrImm 8))), Reg R9 5
4cf0e: CALL libxl__zalloc (internal)
4cf13: MOV Reg R9, Address (SizeDir 64 (AddrPlus (FromReg RSP) (AddrImm 8))) 5
4cf18: MOV Reg R8, Reg RAX 3
4cf1b: JMP 4ce22 (resolved immediate)
  |
  `- 4ce22
4cf25: CALL libxl__ctx_lock.part.16 (internal)
  |
  `- 
4cf2a: LEA Reg RCX, Address (SizeDir 64 (AddrPlus (FromReg RIP) (AddrImm 334639))) 7
4cf31: LEA Reg RSI, Address (SizeDir 64 (AddrPlus (FromReg RIP) (AddrImm 330110))) 7
4cf38: LEA Reg RDI, Address (SizeDir 64 (AddrPlus (FromReg RIP) (AddrImm 330229))) 7
4cf3f: MOV Reg EDX, Immediate 182 5
4cf44: CALL __assert_fail (external)
  |
  `- 
4d020: PUSH Reg RBP 1
4d021: PUSH Reg RBX 1
4d022: MOV Reg RBP, Reg RDI 3
4d025: MOV Reg RBX, Reg RSI 3
4d028: SUB Reg RSP, Immediate 8 4
4d02c: MOV Reg RAX, Address (SizeDir 64 (AddrPlus (FromReg RDI) (AddrImm 16))) 4
4d030: LEA Reg RDI, Address (SizeDir 64 (AddrPlus (FromReg RAX) (AddrImm 64))) 4
4d034: CALL pthread_mutex_lock (external)
4d039: TEST Reg EAX, Reg EAX 2
4d03b: JNE 4d105 (resolved immediate)
4d041: MOV Reg EAX, Address (SizeDir 32 (FromReg RBX)) 2
4d043: MOV Reg RDI, Address (SizeDir 64 (AddrPlus (FromReg RBP) (AddrImm 16))) 4
4d047: TEST Reg EAX, Reg EAX 2
4d049: JS 4d0f1 (resolved immediate)
  |
  `- 4d04f,4d0f1
4d04f: CMP Address (SizeDir 64 (AddrPlus (FromReg RDI) (AddrImm 128))), Immediate 0 8
4d057: JE 4d0a5 (resolved immediate)
  |
  `- 4d059,4d0a5
4d059: ADD Address (SizeDir 32 (AddrPlus (FromReg RDI) (AddrImm 120))), Immediate 1 4
4d05d: MOV Reg RDX, Address (SizeDir 64 (AddrPlus (FromReg RBP) (AddrImm 16))) 4
4d061: MOV Reg RAX, Address (SizeDir 64 (AddrPlus (FromReg RBX) (AddrImm 32))) 4
4d065: MOV Address (SizeDir 64 (FromReg RAX)), Immediate 0 7
4d06c: MOV Reg RCX, Address (SizeDir 64 (AddrPlus (FromReg RDX) (AddrImm 176))) 7
4d073: MOV Address (SizeDir 64 (AddrPlus (FromReg RAX) (AddrImm 16))), Reg RCX 4
4d077: MOV Address (SizeDir 64 (AddrPlus (FromReg RDX) (AddrImm 176))), Reg RAX 7
4d07e: MOV Reg RAX, Address (SizeDir 64 (AddrPlus (FromReg RBP) (AddrImm 16))) 4
4d082: MOV Reg RDX, Address (SizeDir 64 (AddrPlus (FromReg RBX) (AddrImm 32))) 4
4d086: MOV Reg ESI, Address (SizeDir 32 (FromReg RBX)) 2
4d088: MOV Reg RDI, Address (SizeDir 64 (AddrPlus (FromReg RAX) (AddrImm 136))) 7
4d08f: MOV Reg RAX, Address (SizeDir 64 (AddrPlus (FromReg RAX) (AddrImm 128))) 7
4d096: MOV Reg RDX, Address (SizeDir 64 (AddrPlus (FromReg RDX) (AddrImm 8))) 4
4d09a: CALL Address (SizeDir 64 (AddrPlus (FromReg RAX) (AddrImm 16))) 3
4d09d: MOV Reg RAX, Address (SizeDir 64 (AddrPlus (FromReg RBP) (AddrImm 16))) 4
4d0a1: SUB Address (SizeDir 32 (AddrPlus (FromReg RAX) (AddrImm 120))), Immediate 1 4
4d0a5: MOV Reg RAX, Address (SizeDir 64 (AddrPlus (FromReg RBX) (AddrImm 16))) 4
4d0a9: MOV Reg RDX, Address (SizeDir 64 (AddrPlus (FromReg RBX) (AddrImm 24))) 4
4d0ad: TEST Reg RAX, Reg RAX 3
4d0b0: JE 4d0be (resolved immediate)
  |
  `- 4d0b2,4d0be
4d0b2: MOV Address (SizeDir 64 (AddrPlus (FromReg RAX) (AddrImm 24))), Reg RDX 4
4d0b6: MOV Reg RDX, Address (SizeDir 64 (AddrPlus (FromReg RBX) (AddrImm 24))) 4
4d0ba: MOV Reg RAX, Address (SizeDir 64 (AddrPlus (FromReg RBX) (AddrImm 16))) 4
4d0be: MOV Address (SizeDir 64 (FromReg RDX)), Reg RAX 3
4d0c1: MOV Address (SizeDir 32 (FromReg RBX)), Immediate 4294967295 6
4d0c7: MOV Reg RDI, Address (SizeDir 64 (AddrPlus (FromReg RBP) (AddrImm 16))) 4
4d0cb: MOV Reg RAX, Address (SizeDir 64 (AddrPlus (FromReg RDI) (AddrImm 168))) 7
4d0d2: TEST Reg RAX, Reg RAX 3
4d0d5: JE 4d0f1 (resolved immediate)
  |
  `- 4d0d7,4d0f1
4d0d7: NOP  9
4d0e0: MOV Address (SizeDir 8 (AddrPlus (FromReg RAX) (AddrImm 64))), Immediate 1 4
4d0e4: MOV Reg RAX, Address (SizeDir 64 (AddrPlus (FromReg RAX) (AddrImm 48))) 4
4d0e8: TEST Reg RAX, Reg RAX 3
4d0eb: JNE 4d0e0 (resolved immediate)
  |
  `- 4d0e0,4d0ed
4d0ed: MOV Reg RDI, Address (SizeDir 64 (AddrPlus (FromReg RBP) (AddrImm 16))) 4
4d0f1: ADD Reg RDI, Immediate 64 4
4d0f5: CALL pthread_mutex_unlock (external)
4d0fa: TEST Reg EAX, Reg EAX 2
4d0fc: JNE 4d10a (resolved immediate)
4d0fe: ADD Reg RSP, Immediate 8 4
4d102: POP Reg RBX 1
4d103: POP Reg RBP 1
4d104: RET  1
  |
  `- 
4d110: MOV Reg RSI, Address (SizeDir 64 (AddrPlus (FromReg RDI) (AddrImm 16))) 4
4d114: MOV Reg EAX, Address (SizeDir 32 (AddrPlus (FromReg RSI) (AddrImm 228))) 6
4d11a: TEST Reg EAX, Reg EAX 2
4d11c: JS 4d134 (resolved immediate)
  |
  `- 4d11e,4d134
4d11e: JE 4d128 (resolved immediate)
  |
  `- 4d120,4d128
4d120: RET  2
  |
  `- 
4d128: ADD Reg RSI, Immediate 248 7
4d12f: JMP 4d020 (resolved immediate)
  |
  `- 4d020
4d134: LEA Reg RCX, Address (SizeDir 64 (AddrPlus (FromReg RIP) (AddrImm 333813))) 7
4d13b: LEA Reg RSI, Address (SizeDir 64 (AddrPlus (FromReg RIP) (AddrImm 329588))) 7
4d142: LEA Reg RDI, Address (SizeDir 64 (AddrPlus (FromReg RIP) (AddrImm 329745))) 7
4d149: SUB Reg RSP, Immediate 8 4
4d14d: MOV Reg EDX, Immediate 591 5
4d152: CALL __assert_fail (external)
  |
  `- 
4d190: PUSH Reg RBX 1
4d191: MOV Reg RBX, Reg RDI 3
4d194: MOV Reg RDI, Reg RSI 3
4d197: XOR Reg ESI, Reg ESI 2
4d199: CALL gettimeofday (external)
4d19e: TEST Reg EAX, Reg EAX 2
4d1a0: JNE 4d1a4 (resolved immediate)
  |
  `- 4d1a2,4d1a4
4d1a2: POP Reg RBX 1
4d1a3: RET  1
  |
  `- 
4d1a4: CALL __errno_location (external)
4d1a9: LEA Reg RDX, Address (SizeDir 64 (AddrPlus (FromReg RIP) (AddrImm 329659))) 7
4d1b0: MOV Reg RDI, Address (SizeDir 64 (AddrPlus (FromReg RBX) (AddrImm 16))) 4
4d1b4: LEA Reg R9, Address (SizeDir 64 (AddrPlus (FromReg RIP) (AddrImm 333813))) 7
4d1bb: LEA Reg RCX, Address (SizeDir 64 (AddrPlus (FromReg RIP) (AddrImm 329460))) 7
4d1c2: MOV Reg R8D, Immediate 281 6
4d1c8: MOV Reg ESI, Immediate 8 5
4d1cd: PUSH Reg RDX 1
4d1ce: PUSH Immediate 18446744073709551615 2
4d1d0: MOV Reg EDX, Address (SizeDir 32 (FromReg RAX)) 2
4d1d2: XOR Reg EAX, Reg EAX 2
4d1d4: CALL libxl__log (internal)
  |
  `- 3c110
4d1d9: POP Reg RAX 1
4d1da: MOV Reg EAX, Immediate 4294967293 5
4d1df: POP Reg RDX 1
4d1e0: POP Reg RBX 1
4d1e1: RET  1
  |
  `- 
4d230: PUSH Reg R15 2
4d232: PUSH Reg R14 2
4d234: PUSH Reg R13 2
4d236: PUSH Reg R12 2
4d238: MOV Reg R12, Reg RSI 3
4d23b: PUSH Reg RBP 1
4d23c: PUSH Reg RBX 1
4d23d: MOV Reg RBX, Reg RDI 3
4d240: MOV Reg RBP, Reg RCX 3
4d243: SUB Reg RSP, Immediate 24 4
4d247: MOV Reg RAX, Address (SizeDir 64 (AddrPlus (FromReg RDI) (AddrImm 16))) 4
4d24b: MOV Address (SizeDir 64 (FromReg RSP)), Reg RDX 4
4d24f: LEA Reg RDI, Address (SizeDir 64 (AddrPlus (FromReg RAX) (AddrImm 64))) 4
4d253: CALL pthread_mutex_lock (external)
4d258: TEST Reg EAX, Reg EAX 2
4d25a: JNE 4d54b (resolved immediate)
  |
  `- 4d260,4d54b
4d260: MOV Reg RDI, Address (SizeDir 64 (AddrPlus (FromReg RBX) (AddrImm 16))) 4
4d264: MOV Reg EAX, Address (SizeDir 32 (AddrPlus (FromReg RDI) (AddrImm 248))) 6
4d26a: TEST Reg EAX, Reg EAX 2
4d26c: JS 4d420 (resolved immediate)
  |
  `- 4d272,4d420
4d272: MOV Reg R14, Address (SizeDir 64 (AddrPlus (FromReg RDI) (AddrImm 232))) 7
4d279: TEST Reg R14, Reg R14 3
4d27c: JE 4d478 (resolved immediate)
  |
  `- 4d282,4d478
4d282: MOV Reg RAX, Address (SizeDir 64 (FromReg R14)) 3
4d285: MOV Address (SizeDir 64 (AddrPlus (FromReg RDI) (AddrImm 232))), Reg RAX 7
4d28c: MOV Reg RDI, Reg RBP 3
4d28f: CALL strdup (external)
4d294: TEST Reg RAX, Reg RAX 3
4d297: MOV Reg R13, Reg RAX 3
4d29a: JE 4d3d0 (resolved immediate)
  |
  `- 4d2a0,4d3d0
4d2a0: MOV Reg RAX, Address (SizeDir 64 (AddrPlus (FromReg RBX) (AddrImm 16))) 4
4d2a4: MOV Reg R15, Reg R14 3
4d2a7: LEA Reg RSI, Address (SizeDir 64 (AddrPlus (FromReg RIP) (AddrImm 329425))) 7
4d2ae: MOV Reg RDI, Reg RBX 3
4d2b1: MOV Reg ECX, Address (SizeDir 32 (AddrPlus (FromReg RAX) (AddrImm 240))) 6
4d2b7: SUB Reg R15, Address (SizeDir 64 (AddrPlus (FromReg RAX) (AddrImm 216))) 7
4d2be: LEA Reg EDX, Address (SizeDir 32 (AddrPlus (FromReg RCX) (AddrImm 1))) 3
4d2c1: SAR Reg R15, Immediate 3 4
4d2c5: MOV Address (SizeDir 32 (AddrPlus (FromReg RAX) (AddrImm 240))), Reg EDX 6
4d2cb: MOV Address (SizeDir 32 (AddrPlus (FromReg R12) (AddrImm 20))), Reg ECX 5
4d2d0: MOV Reg EDX, Reg R15D 3
4d2d3: XOR Reg EAX, Reg EAX 2
4d2d5: CALL libxl__sprintf (internal)
  |
  `- 3c540
4d2da: PUSH Reg R15 2
4d2dc: PUSH Reg RAX 1
4d2dd: LEA Reg R9, Address (SizeDir 64 (AddrPlus (FromReg RIP) (AddrImm 333452))) 7
4d2e4: MOV Reg RDI, Address (SizeDir 64 (AddrPlus (FromReg RBX) (AddrImm 16))) 4
4d2e8: LEA Reg RCX, Address (SizeDir 64 (AddrPlus (FromReg RIP) (AddrImm 329159))) 7
4d2ef: MOV Reg R8D, Immediate 639 6
4d2f5: MOV Address (SizeDir 64 (AddrPlus (FromReg RSP) (AddrImm 24))), Reg RAX 5
4d2fa: LEA Reg RAX, Address (SizeDir 64 (AddrPlus (FromReg RIP) (AddrImm 330295))) 7
4d301: PUSH Reg RBP 1
4d302: PUSH Reg R12 2
4d304: MOV Reg EDX, Immediate 4294967295 5
4d309: MOV Reg ESI, Immediate 1 5
4d30e: PUSH Reg RAX 1
4d30f: PUSH Immediate 18446744073709551615 2
4d311: XOR Reg EAX, Reg EAX 2
4d313: CALL libxl__log (internal)
4d318: MOV Reg RAX, Address (SizeDir 64 (AddrPlus (FromReg RBX) (AddrImm 16))) 4
4d31c: ADD Reg RSP, Immediate 48 4
4d320: MOV Reg R11, Address (SizeDir 64 (AddrPlus (FromReg RSP) (AddrImm 8))) 5
4d325: MOV Reg RSI, Reg RBP 3
4d328: MOV Reg RDI, Address (SizeDir 64 (AddrPlus (FromReg RAX) (AddrImm 16))) 4
4d32c: MOV Reg RDX, Reg R11 3
4d32f: CALL xs_watch (external)
4d334: TEST Reg AL, Reg AL 2
4d336: JNE 4d3e0 (resolved immediate)
  |
  `- 4d33c,4d3e0
4d33c: CALL __errno_location (external)
4d341: LEA Reg RSI, Address (SizeDir 64 (AddrPlus (FromReg RIP) (AddrImm 329277))) 7
4d348: SUB Reg RSP, Immediate 8 4
4d34c: MOV Reg RDI, Address (SizeDir 64 (AddrPlus (FromReg RBX) (AddrImm 16))) 4
4d350: PUSH Reg RBP 1
4d351: LEA Reg R9, Address (SizeDir 64 (AddrPlus (FromReg RIP) (AddrImm 333336))) 7
4d358: LEA Reg RCX, Address (SizeDir 64 (AddrPlus (FromReg RIP) (AddrImm 329047))) 7
4d35f: PUSH Reg RSI 1
4d360: PUSH Immediate 18446744073709551615 2
4d362: MOV Reg R8D, Immediate 642 6
4d368: MOV Reg EDX, Address (SizeDir 32 (FromReg RAX)) 2
4d36a: MOV Reg ESI, Immediate 8 5
4d36f: XOR Reg EAX, Reg EAX 2
4d371: MOV Reg R15D, Immediate 4294967293 6
4d377: CALL libxl__log (internal)
4d37c: ADD Reg RSP, Immediate 32 4
4d380: MOV Reg RAX, Address (SizeDir 64 (AddrPlus (FromReg RBX) (AddrImm 16))) 4
4d384: MOV Reg RAX, Address (SizeDir 64 (AddrPlus (FromReg RAX) (AddrImm 232))) 7
4d38b: MOV Address (SizeDir 64 (FromReg R14)), Reg RAX 3
4d38e: MOV Reg RAX, Address (SizeDir 64 (AddrPlus (FromReg RBX) (AddrImm 16))) 4
4d392: MOV Address (SizeDir 64 (AddrPlus (FromReg RAX) (AddrImm 232))), Reg R14 7
4d399: MOV Reg RDI, Reg R13 3
4d39c: CALL free (external)
4d3a1: MOV Reg RDI, Reg RBX 3
4d3a4: CALL watches_check_fd_deregister (internal)
  |
  `- 4d3a9,4d110
4d3a9: MOV Reg RDI, Address (SizeDir 64 (AddrPlus (FromReg RBX) (AddrImm 16))) 4
4d3ad: ADD Reg RDI, Immediate 64 4
4d3b1: CALL pthread_mutex_unlock (external)
4d3b6: TEST Reg EAX, Reg EAX 2
4d3b8: JNE 4d414 (resolved immediate)
4d3ba: ADD Reg RSP, Immediate 24 4
4d3be: MOV Reg EAX, Reg R15D 3
4d3c1: POP Reg RBX 1
4d3c2: POP Reg RBP 1
4d3c3: POP Reg R12 2
4d3c5: POP Reg R13 2
4d3c7: POP Reg R14 2
4d3c9: POP Reg R15 2
4d3cb: RET  1
  |
  `- 
4d3d0: MOV Reg R15D, Immediate 4294967291 6
4d3d6: JMP 4d380 (resolved immediate)
  |
  `- 4d380
4d3e0: MOV Reg RAX, Address (SizeDir 64 (FromReg RSP)) 4
4d3e4: MOV Address (SizeDir 32 (AddrPlus (FromReg R12) (AddrImm 16))), Reg R15D 5
4d3e9: MOV Address (SizeDir 64 (FromReg R12)), Reg R13 4
4d3ed: MOV Address (SizeDir 64 (AddrPlus (FromReg R12) (AddrImm 8))), Reg RAX 5
4d3f2: MOV Reg RAX, Address (SizeDir 64 (AddrPlus (FromReg RBX) (AddrImm 16))) 4
4d3f6: ADD Address (SizeDir 32 (AddrPlus (FromReg RAX) (AddrImm 228))), Immediate 1 7
4d3fd: MOV Address (SizeDir 64 (FromReg R14)), Reg R12 3
4d400: MOV Reg RDI, Address (SizeDir 64 (AddrPlus (FromReg RBX) (AddrImm 16))) 4
4d404: ADD Reg RDI, Immediate 64 4
4d408: CALL pthread_mutex_unlock (external)
4d40d: TEST Reg EAX, Reg EAX 2
4d40f: MOV Reg R15D, Reg EAX 3
4d412: JE 4d3ba (resolved immediate)
  |
  `- 4d3ba
4d420: MOV Reg RDI, Address (SizeDir 64 (AddrPlus (FromReg RDI) (AddrImm 16))) 4
4d424: CALL xs_fileno (external)
4d429: MOV Reg RSI, Address (SizeDir 64 (AddrPlus (FromReg RBX) (AddrImm 16))) 4
4d42d: LEA Reg RDX, Address (SizeDir 64 (AddrPlus (FromReg RIP) (AddrImm 2476))) 7
4d434: MOV Reg R8D, Immediate 1 6
4d43a: MOV Reg ECX, Reg EAX 2
4d43c: MOV Reg RDI, Reg RBX 3
4d43f: ADD Reg RSI, Immediate 248 7
4d446: CALL libxl__ev_fd_register (internal)
  |
  `- 4cdb0
4d44b: TEST Reg EAX, Reg EAX 2
4d44d: MOV Reg R15D, Reg EAX 3
4d450: JE 4d460 (resolved immediate)
  |
  `- 4d460
4d452: XOR Reg R13D, Reg R13D 3
4d455: JMP 4d399 (resolved immediate)
  |
  `- 4d399
4d460: MOV Reg RDI, Address (SizeDir 64 (AddrPlus (FromReg RBX) (AddrImm 16))) 4
4d464: MOV Reg R14, Address (SizeDir 64 (AddrPlus (FromReg RDI) (AddrImm 232))) 7
4d46b: TEST Reg R14, Reg R14 3
4d46e: JNE 4d282 (resolved immediate)
  |
  `- 4d282,4d474
4d474: NOP  4
4d478: MOV Reg EAX, Address (SizeDir 32 (AddrPlus (FromReg RDI) (AddrImm 224))) 6
4d47e: MOV Reg RSI, Address (SizeDir 64 (AddrPlus (FromReg RDI) (AddrImm 216))) 7
4d485: ADD Reg RDI, Immediate 24 4
4d489: LEA Reg R14D, Address (SizeDir 32 (AddrPlus (AddrTimes (AddrImm 4) (FromReg RAX)) (AddrImm 4))) 8
4d491: MOVSXD Reg RDX, Reg R14D 3
4d494: SHL Reg RDX, Immediate 3 4
4d498: CALL libxl__realloc (internal)
  |
  `- 4d49d,3c660
4d49d: TEST Reg RAX, Reg RAX 3
4d4a0: JE 4d540 (resolved immediate)
  |
  `- 4d4a6,4d540
4d4a6: MOV Reg RCX, Address (SizeDir 64 (AddrPlus (FromReg RBX) (AddrImm 16))) 4
4d4aa: MOV Reg ESI, Address (SizeDir 32 (AddrPlus (FromReg RCX) (AddrImm 224))) 6
4d4b0: CMP Reg R14D, Reg ESI 3
4d4b3: JLE 4d4f2 (resolved immediate)
  |
  `- 4d4b5,4d4f2
4d4b5: MOVSXD Reg RDI, Reg ESI 3
4d4b8: NOT Reg ESI 2
4d4ba: ADD Reg ESI, Reg R14D 3
4d4bd: LEA Reg RDX, Address (SizeDir 64 (AddrPlus (FromReg RAX) (AddrTimes (AddrImm 8) (FromReg RDI)))) 4
4d4c1: ADD Reg RSI, Reg RDI 3
4d4c4: LEA Reg RSI, Address (SizeDir 64 (AddrPlus (AddrPlus (FromReg RAX) (AddrTimes (AddrImm 8) (FromReg RSI))) (AddrImm 8))) 5
4d4c9: NOP  7
4d4d0: MOV Reg RCX, Address (SizeDir 64 (AddrPlus (FromReg RCX) (AddrImm 232))) 7
4d4d7: MOV Address (SizeDir 64 (FromReg RDX)), Reg RCX 3
4d4da: MOV Reg RCX, Address (SizeDir 64 (AddrPlus (FromReg RBX) (AddrImm 16))) 4
4d4de: MOV Address (SizeDir 64 (AddrPlus (FromReg RCX) (AddrImm 232))), Reg RDX 7
4d4e5: ADD Reg RDX, Immediate 8 4
4d4e9: MOV Reg RCX, Address (SizeDir 64 (AddrPlus (FromReg RBX) (AddrImm 16))) 4
4d4ed: CMP Reg RSI, Reg RDX 3
4d4f0: JNE 4d4d0 (resolved immediate)
  |
  `- 4d4d0,4d4f2
4d4f2: MOV Address (SizeDir 64 (AddrPlus (FromReg RCX) (AddrImm 216))), Reg RAX 7
4d4f9: MOV Reg RAX, Address (SizeDir 64 (AddrPlus (FromReg RBX) (AddrImm 16))) 4
4d4fd: MOV Address (SizeDir 32 (AddrPlus (FromReg RAX) (AddrImm 224))), Reg R14D 7
4d504: MOV Reg RDI, Address (SizeDir 64 (AddrPlus (FromReg RBX) (AddrImm 16))) 4
4d508: MOV Reg R14, Address (SizeDir 64 (AddrPlus (FromReg RDI) (AddrImm 232))) 7
4d50f: TEST Reg R14, Reg R14 3
4d512: JNE 4d282 (resolved immediate)
  |
  `- 4d282,4d518
4d518: LEA Reg RCX, Address (SizeDir 64 (AddrPlus (FromReg RIP) (AddrImm 332913))) 7
4d51f: LEA Reg RSI, Address (SizeDir 64 (AddrPlus (FromReg RIP) (AddrImm 328592))) 7
4d526: LEA Reg RDI, Address (SizeDir 64 (AddrPlus (FromReg RIP) (AddrImm 319340))) 7
4d52d: MOV Reg EDX, Immediate 628 5
4d532: CALL __assert_fail (external)
  |
  `- 
4d540: MOV Reg R15D, Immediate 4294967291 6
4d546: JMP 4d452 (resolved immediate)
  |
  `- 4d452
4d54b: CALL libxl__ctx_lock.part.16 (internal)
  |
  `- 
4f8d0: MOV Reg RDX, Address (SizeDir 64 (FromReg RDI)) 3
4f8d3: MOV Reg RAX, Address (SizeDir 64 (AddrPlus (FromReg RDX) (AddrImm 16))) 4
4f8d7: TEST Reg RAX, Reg RAX 3
4f8da: JE 4f918 (resolved immediate)
  |
  `- 4f8dc,4f918
4f8dc: CMP Address (SizeDir 64 (AddrPlus (FromReg RAX) (AddrImm 16))), Immediate 0 5
4f8e1: JNE 4f926 (resolved immediate)
  |
  `- 4f8e3,4f926
4f8e3: TEST Address (SizeDir 8 (AddrPlus (FromReg RAX) (AddrImm 4))), Immediate 16 4
4f8e7: JNE 4f920 (resolved immediate)
  |
  `- 4f8e9,4f920
4f8e9: MOV Reg RDX, Address (SizeDir 64 (AddrPlus (FromReg RAX) (AddrImm 40))) 4
4f8ed: TEST Reg RDX, Reg RDX 3
4f8f0: MOV Address (SizeDir 64 (AddrPlus (FromReg RDI) (AddrImm 24))), Reg RDX 4
4f8f4: JE 4f902 (resolved immediate)
  |
  `- 4f8f6,4f902
4f8f6: MOV Reg RDX, Address (SizeDir 64 (AddrPlus (FromReg RAX) (AddrImm 40))) 4
4f8fa: LEA Reg RCX, Address (SizeDir 64 (AddrPlus (FromReg RDI) (AddrImm 24))) 4
4f8fe: MOV Address (SizeDir 64 (AddrPlus (FromReg RDX) (AddrImm 32))), Reg RCX 4
4f902: MOV Address (SizeDir 64 (AddrPlus (FromReg RAX) (AddrImm 40))), Reg RDI 4
4f906: ADD Reg RAX, Immediate 40 4
4f90a: MOV Address (SizeDir 8 (AddrPlus (FromReg RDI) (AddrImm 16))), Immediate 1 4
4f90e: MOV Address (SizeDir 64 (AddrPlus (FromReg RDI) (AddrImm 32))), Reg RAX 4
4f912: XOR Reg EAX, Reg EAX 2
4f914: RET  1
  |
  `- 
4f918: MOV Reg RAX, Reg RDX 3
4f91b: JMP 4f8e3 (resolved immediate)
  |
  `- 4f8e3
4f920: MOV Reg EAX, Immediate 4294967274 5
4f925: RET  1
  |
  `- 
4f926: SUB Reg RSP, Immediate 8 4
4f92a: CALL ao_nested_root.part.15 (internal)
  |
  `- 4cc10
4f930: CMP Address (SizeDir 8 (AddrPlus (FromReg RDI) (AddrImm 16))), Immediate 0 4
4f934: JE 4f969 (resolved immediate)
  |
  `- 4f936,4f969
4f936: MOV Reg RAX, Address (SizeDir 64 (FromReg RDI)) 3
4f939: MOV Reg RAX, Address (SizeDir 64 (AddrPlus (FromReg RAX) (AddrImm 16))) 4
4f93d: TEST Reg RAX, Reg RAX 3
4f940: JE 4f949 (resolved immediate)
  |
  `- 4f942,4f949
4f942: CMP Address (SizeDir 64 (AddrPlus (FromReg RAX) (AddrImm 16))), Immediate 0 5
4f947: JNE 4f96b (resolved immediate)
  |
  `- 4f949,4f96b
4f949: MOV Reg RAX, Address (SizeDir 64 (AddrPlus (FromReg RDI) (AddrImm 24))) 4
4f94d: MOV Reg RDX, Address (SizeDir 64 (AddrPlus (FromReg RDI) (AddrImm 32))) 4
4f951: TEST Reg RAX, Reg RAX 3
4f954: JE 4f962 (resolved immediate)
  |
  `- 4f956,4f962
4f956: MOV Address (SizeDir 64 (AddrPlus (FromReg RAX) (AddrImm 32))), Reg RDX 4
4f95a: MOV Reg RDX, Address (SizeDir 64 (AddrPlus (FromReg RDI) (AddrImm 32))) 4
4f95e: MOV Reg RAX, Address (SizeDir 64 (AddrPlus (FromReg RDI) (AddrImm 24))) 4
4f962: MOV Address (SizeDir 64 (FromReg RDX)), Reg RAX 3
4f965: MOV Address (SizeDir 8 (AddrPlus (FromReg RDI) (AddrImm 16))), Immediate 0 4
4f969: RET  2
  |
  `- 
4f96b: SUB Reg RSP, Immediate 8 4
4f96f: CALL ao_nested_root.part.15 (internal)
  |
  `- 
50520: PUSH Reg R15 2
50522: PUSH Reg R14 2
50524: MOV Reg R15, Reg RDI 3
50527: PUSH Reg R13 2
50529: PUSH Reg R12 2
5052b: MOV Reg R13, Reg RDX 3
5052e: PUSH Reg RBP 1
5052f: PUSH Reg RBX 1
50530: MOV Reg R12D, Reg ECX 3
50533: MOV Reg RBX, Reg RSI 3
50536: SUB Reg RSP, Immediate 56 4
5053a: MOV Reg RAX, Address (SizeDir 64 (AddrPlus (FromReg FS) (AddrImm 40))) 9
50543: MOV Address (SizeDir 64 (AddrPlus (FromReg RSP) (AddrImm 40))), Reg RAX 5
50548: XOR Reg EAX, Reg EAX 2
5054a: MOV Reg RAX, Address (SizeDir 64 (AddrPlus (FromReg RDI) (AddrImm 80))) 4
5054e: LEA Reg RDI, Address (SizeDir 64 (AddrPlus (FromReg RAX) (AddrImm 64))) 4
50552: CALL pthread_mutex_lock (external)
50557: TEST Reg EAX, Reg EAX 2
50559: JNE 5066d (resolved immediate)
  |
  `- 5055f,5066d
5055f: LEA Reg RAX, Address (SizeDir 64 (AddrMinus (FromReg RIP) (AddrImm 2710))) 7
50566: LEA Reg R14, Address (SizeDir 64 (AddrPlus (FromReg RBX) (AddrImm 56))) 4
5056a: MOV Address (SizeDir 64 (AddrPlus (FromReg RBX) (AddrImm 56))), Reg R15 4
5056e: MOV Address (SizeDir 64 (AddrPlus (FromReg RBX) (AddrImm 64))), Reg RAX 4
50572: MOV Reg RDI, Reg R14 3
50575: CALL libxl__ao_abortable_register (internal)
  |
  `- 4f8d0
5057a: TEST Reg EAX, Reg EAX 2
5057c: MOV Reg EBP, Reg EAX 2
5057e: JNE 505d0 (resolved immediate)
50580: TEST Reg R12D, Reg R12D 3
50583: JNS 505e8 (resolved immediate)
  |
  `- 50585,505e8
50585: MOV Address (SizeDir 32 (AddrPlus (FromReg RBX) (AddrImm 8))), Immediate 1 7
5058c: MOV Address (SizeDir 64 (FromReg RBX)), Reg R13 3
5058f: TEST Reg R13, Reg R13 3
50592: JE 505d8 (resolved immediate)
  |
  `- 50594,505d8
50594: MOV Reg RDI, Address (SizeDir 64 (AddrPlus (FromReg R15) (AddrImm 80))) 4
50598: ADD Reg RDI, Immediate 64 4
5059c: CALL pthread_mutex_unlock (external)
505a1: TEST Reg EAX, Reg EAX 2
505a3: JNE 50672 (resolved immediate)
505a9: MOV Reg RSI, Address (SizeDir 64 (AddrPlus (FromReg RSP) (AddrImm 40))) 5
505ae: XOR Reg RSI, Address (SizeDir 64 (AddrPlus (FromReg FS) (AddrImm 40))) 9
505b7: MOV Reg EAX, Reg EBP 2
505b9: JNE 50677 (resolved immediate)
  |
  `- 505bf,50677
505bf: ADD Reg RSP, Immediate 56 4
505c3: POP Reg RBX 1
505c4: POP Reg RBP 1
505c5: POP Reg R12 2
505c7: POP Reg R13 2
505c9: POP Reg R14 2
505cb: POP Reg R15 2
505cd: RET  1
  |
  `- 
505d8: MOV Reg RDI, Reg R14 3
505db: CALL libxl__ao_abortable_deregister (internal)
  |
  `- 505e0,4f930
505e0: JMP 50594 (resolved immediate)
  |
  `- 50594
505e8: LEA Reg RAX, Address (SizeDir 64 (AddrPlus (FromReg R15) (AddrImm 64))) 4
505ec: LEA Reg RSI, Address (SizeDir 64 (AddrPlus (FromReg RSP) (AddrImm 16))) 5
505f1: MOV Reg RDI, Reg RAX 3
505f4: MOV Address (SizeDir 64 (AddrPlus (FromReg RSP) (AddrImm 8))), Reg RAX 5
505f9: CALL libxl__gettimeofday (internal)
  |
  `- 4d190
505fe: TEST Reg EAX, Reg EAX 2
50600: JNE 50663 (resolved immediate)
50602: MOV Reg EAX, Reg R12D 3
50605: MOV Reg EDX, Immediate 274877907 5
5060a: IMUL Reg EDX 2
5060c: MOV Reg EAX, Reg R12D 3
5060f: SAR Reg EAX, Immediate 31 3
50612: SAR Reg EDX, Immediate 6 3
50615: SUB Reg EDX, Reg EAX 2
50617: MOVSXD Reg RDX, Reg EDX 3
5061a: MOV Reg RAX, Reg RDX 3
5061d: ADD Reg RDX, Address (SizeDir 64 (AddrPlus (FromReg RSP) (AddrImm 16))) 5
50622: IMUL Reg EAX, Reg EAX, Immediate 1000 6
50628: SUB Reg R12D, Reg EAX 3
5062b: IMUL Reg ECX, Reg R12D, Immediate 1000 7
50632: MOVSXD Reg RCX, Reg ECX 3
50635: ADD Reg RCX, Address (SizeDir 64 (AddrPlus (FromReg RSP) (AddrImm 24))) 5
5063a: CMP Reg RCX, Immediate 999999 7
50641: JLE 5064e (resolved immediate)
  |
  `- 50643,5064e
50643: ADD Reg RDX, Immediate 1 4
50647: SUB Reg RCX, Immediate 1000000 7
5064e: MOV Reg RDI, Address (SizeDir 64 (AddrPlus (FromReg RSP) (AddrImm 8))) 5
50653: MOV Reg RSI, Reg RBX 3
50656: CALL time_register_finite (internal)
  |
  `- 4c570
5065b: TEST Reg EAX, Reg EAX 2
5065d: JE 5058c (resolved immediate)
  |
  `- 5058c
5066d: CALL libxl__ctx_lock.part.16 (internal)
  |
  `- 4cc40
50677: CALL __stack_chk_fail (external)
  |
  `- 
