Number of assembly instructions     = 757
Number of indirect branches         = 0
Number of unresolved indirect jumps = 0: 
Number of unresolved indirect calls = 0: 
Number of symbolic states (representative of non-determinism): 774
Number of edges: 832

20bd0 (False): 0
3bdb0 (True): 20dad, 3cb5c
3be40 (True): 3c1a9
3c110 (True): 20ded, 20ed5, 3c211, 3c274, 3cbbb
3c1d0 (False): 3c39c, 3c45b
3c2a0 (True): 3c43a
3c410 (True): 4e5de
3cae0 (True): 20d77
4e310 (True): 4e367, 4e4ed
4e340 (True): 4e529
4e4e0 (True): 4e539
4e500 (True): 4e5ec
4e550 (True): 20e50
50d60 (True): 511d9
50dd0 (True): 51237
511d0 (True): 20d9b
92d70 (True): 511f9

20bd0: PUSH Reg R15 2
20bd2: PUSH Reg R14 2
20bd4: PUSH Reg R13 2
20bd6: PUSH Reg R12 2
20bd8: MOV Reg R12, Reg RDI 3
20bdb: PUSH Reg RBP 1
20bdc: PUSH Reg RBX 1
20bdd: XOR Reg EBX, Reg EBX 2
20bdf: MOV Reg EBP, Immediate 4294967294 5
20be4: SUB Reg RSP, Immediate 40 4
20be8: MOV Reg RAX, Address (SizeDir 64 (AddrPlus (FromReg FS) (AddrImm 40))) 9
20bf1: MOV Address (SizeDir 64 (AddrPlus (FromReg RSP) (AddrImm 24))), Reg RAX 5
20bf6: XOR Reg EAX, Reg EAX 2
20bf8: TEST Reg ESI, Reg ESI 2
20bfa: JE 20c38 (resolved immediate)
  |
  `- 20bfc,20c38
20bfc: MOV Reg RDI, Reg RBX 3
20bff: CALL libxl_ctx_free (external)
20c04: MOV Address (SizeDir 64 (FromReg R12)), Immediate 0 8
20c0c: MOV Reg RDX, Address (SizeDir 64 (AddrPlus (FromReg RSP) (AddrImm 24))) 5
20c11: XOR Reg RDX, Address (SizeDir 64 (AddrPlus (FromReg FS) (AddrImm 40))) 9
20c1a: MOV Reg EAX, Reg EBP 2
20c1c: JNE 20f08 (resolved immediate)
  |
  `- 20c22,20f08
20c22: ADD Reg RSP, Immediate 40 4
20c26: POP Reg RBX 1
20c27: POP Reg RBP 1
20c28: POP Reg R12 2
20c2a: POP Reg R13 2
20c2c: POP Reg R14 2
20c2e: POP Reg R15 2
20c30: RET  1
  |
  `- 
20c38: MOV Reg ESI, Immediate 1 5
20c3d: MOV Reg EDI, Immediate 608 5
20c42: MOV Reg R13, Reg RCX 3
20c45: CALL calloc (external)
20c4a: TEST Reg RAX, Reg RAX 3
20c4d: MOV Reg RBX, Reg RAX 3
20c50: JE 20e00 (resolved immediate)
  |
  `- 20c56,20e00
20c56: MOV Address (SizeDir 64 (FromReg RAX)), Reg R13 3
20c59: MOV Address (SizeDir 32 (AddrPlus (FromReg RAX) (AddrImm 24))), Immediate 4294967295 7
20c60: MOV Reg R14, Immediate 18446744073709551615 7
20c67: MOV Address (SizeDir 64 (AddrPlus (FromReg RBX) (AddrImm 40))), Reg RAX 4
20c6b: MOV Address (SizeDir 64 (AddrPlus (FromReg RAX) (AddrImm 104))), Immediate 0 8
20c73: LEA Reg RAX, Address (SizeDir 64 (AddrPlus (FromReg RAX) (AddrImm 104))) 4
20c77: LEA Reg RSI, Address (SizeDir 64 (AddrPlus (FromReg RBX) (AddrImm 64))) 4
20c7b: MOV Address (SizeDir 64 (AddrPlus (FromReg RBX) (AddrImm 128))), Immediate 0 11
20c86: MOV Address (SizeDir 64 (AddrPlus (FromReg RBX) (AddrImm 144))), Immediate 0 11
20c91: MOV Address (SizeDir 64 (AddrPlus (FromReg RBX) (AddrImm 112))), Reg RAX 4
20c95: LEA Reg RAX, Address (SizeDir 64 (AddrPlus (FromReg RBX) (AddrImm 200))) 7
20c9c: MOV Address (SizeDir 64 (AddrPlus (FromReg RBX) (AddrImm 152))), Immediate 0 11
20ca7: MOV Address (SizeDir 64 (AddrPlus (FromReg RBX) (AddrImm 160))), Immediate 0 11
20cb2: MOV Address (SizeDir 64 (AddrPlus (FromReg RBX) (AddrImm 168))), Immediate 0 11
20cbd: MOV Reg RDI, Reg RBX 3
20cc0: MOV Address (SizeDir 64 (AddrPlus (FromReg RBX) (AddrImm 208))), Reg RAX 7
20cc7: LEA Reg RAX, Address (SizeDir 64 (AddrPlus (FromReg RBX) (AddrImm 352))) 7
20cce: MOV Address (SizeDir 64 (AddrPlus (FromReg RBX) (AddrImm 192))), Immediate 0 11
20cd9: MOV Address (SizeDir 64 (AddrPlus (FromReg RBX) (AddrImm 200))), Immediate 0 11
20ce4: MOV Address (SizeDir 64 (AddrPlus (FromReg RBX) (AddrImm 216))), Immediate 0 11
20cef: MOV Address (SizeDir 64 (AddrPlus (FromReg RBX) (AddrImm 360))), Reg RAX 7
20cf6: MOV Reg RAX, Address (SizeDir 64 (AddrPlus (FromReg RIP) (AddrImm 2776451))) 7
20cfd: MOV Address (SizeDir 64 (AddrPlus (FromReg RBX) (AddrImm 232))), Immediate 0 11
20d08: MOV Address (SizeDir 32 (AddrPlus (FromReg RBX) (AddrImm 248))), Immediate 4294967295 10
20d12: MOV Address (SizeDir 64 (AddrPlus (FromReg RBX) (AddrImm 288))), Immediate 0 11
20d1d: MOV Address (SizeDir 64 (AddrPlus (FromReg RBX) (AddrImm 296))), Immediate 0 11
20d28: MOV Address (SizeDir 32 (AddrPlus (FromReg RBX) (AddrImm 304))), Immediate 4294967295 10
20d32: MOV Address (SizeDir 64 (AddrPlus (FromReg RBX) (AddrImm 344))), Immediate 0 11
20d3d: MOV Address (SizeDir 64 (AddrPlus (FromReg RBX) (AddrImm 352))), Immediate 0 11
20d48: MOV Address (SizeDir 32 (AddrPlus (FromReg RBX) (AddrImm 400))), Immediate 4294967295 10
20d52: MOV Address (SizeDir 64 (AddrPlus (FromReg RBX) (AddrImm 416))), Reg RAX 7
20d59: MOV Address (SizeDir 64 (AddrPlus (FromReg RBX) (AddrImm 424))), Immediate 0 11
20d64: MOV Address (SizeDir 64 (AddrPlus (FromReg RBX) (AddrImm 432))), Reg R14 7
20d6b: MOV Address (SizeDir 32 (AddrPlus (FromReg RBX) (AddrImm 440))), Reg R14D 7
20d72: CALL libxl__init_recursive_mutex (internal)
  |
  `- 3cae0
20d77: TEST Reg EAX, Reg EAX 2
20d79: JS 20db8 (resolved immediate)
  |
  `- 20d7b,20db8
20d7b: MOV Reg RDI, Reg RBX 3
20d7e: MOV Address (SizeDir 32 (FromReg RSP)), Immediate 0 7
20d85: MOV Address (SizeDir 64 (AddrPlus (FromReg RSP) (AddrImm 8))), Immediate 0 9
20d8e: MOV Address (SizeDir 64 (AddrPlus (FromReg RSP) (AddrImm 16))), Reg RBX 5
20d93: MOV Reg R15, Reg RSP 3
20d96: CALL libxl__atfork_init (internal)
  |
  `- 511d0
20d9b: TEST Reg EAX, Reg EAX 2
20d9d: MOV Reg EBP, Reg EAX 2
20d9f: JE 20e48 (resolved immediate)
  |
  `- 20da5,20e48
20da5: MOV Reg RDI, Reg R15 3
20da8: CALL libxl__free_all (internal)
20dad: JMP 20bfc (resolved immediate)
  |
  `- 20bfc
20db8: LEA Reg RAX, Address (SizeDir 64 (AddrPlus (FromReg RIP) (AddrImm 467172))) 7
20dbf: LEA Reg RCX, Address (SizeDir 64 (AddrPlus (FromReg RIP) (AddrImm 467033))) 7
20dc6: LEA Reg R9, Address (SizeDir 64 (AddrPlus (FromReg RIP) (AddrImm 468723))) 7
20dcd: MOV Reg ESI, Immediate 8 5
20dd2: MOV Reg RDI, Reg RBX 3
20dd5: MOV Reg R8D, Immediate 79 6
20ddb: PUSH Reg RAX 1
20ddc: PUSH Reg R14 2
20dde: MOV Reg EDX, Reg R14D 3
20de1: XOR Reg EAX, Reg EAX 2
20de3: MOV Reg EBP, Immediate 4294967293 5
20de8: CALL libxl__log (internal)
  |
  `- 
20ded: MOV Reg RDI, Reg RBX 3
20df0: XOR Reg EBX, Reg EBX 2
20df2: CALL free (external)
20df7: POP Reg RCX 1
20df8: POP Reg RSI 1
20df9: JMP 20bfc (resolved immediate)
  |
  `- 20bfc
20e00: CALL __errno_location (external)
20e05: LEA Reg RCX, Address (SizeDir 64 (AddrPlus (FromReg RIP) (AddrImm 468660))) 7
20e0c: LEA Reg R8, Address (SizeDir 64 (AddrPlus (FromReg RIP) (AddrImm 467781))) 7
20e13: LEA Reg R9, Address (SizeDir 64 (AddrPlus (FromReg RIP) (AddrImm 466949))) 7
20e1a: MOV Reg RDI, Reg R13 3
20e1d: MOV Reg ESI, Immediate 8 5
20e22: MOV Reg EBP, Immediate 4294967291 5
20e27: PUSH Reg RCX 1
20e28: PUSH Immediate 32 2
20e2a: LEA Reg RCX, Address (SizeDir 64 (AddrPlus (FromReg RIP) (AddrImm 469406))) 7
20e31: MOV Reg EDX, Address (SizeDir 32 (FromReg RAX)) 2
20e33: XOR Reg EAX, Reg EAX 2
20e35: CALL xtl_log (external)
20e3a: POP Reg RDI 1
20e3b: POP Reg R8 2
20e3d: JMP 20bfc (resolved immediate)
  |
  `- 20bfc
20e48: MOV Reg RDI, Reg R15 3
20e4b: CALL libxl__poller_get (internal)
  |
  `- 4e550
20e50: TEST Reg RAX, Reg RAX 3
20e53: MOV Address (SizeDir 64 (AddrPlus (FromReg RBX) (AddrImm 144))), Reg RAX 7
20e5a: JE 20e90 (resolved immediate)
  |
  `- 20e5c,20e90
20e5c: XOR Reg EDX, Reg EDX 2
20e5e: MOV Reg RSI, Reg R13 3
20e61: MOV Reg RDI, Reg R13 3
20e64: CALL xc_interface_open (external)
20e69: TEST Reg RAX, Reg RAX 3
20e6c: MOV Address (SizeDir 64 (AddrPlus (FromReg RBX) (AddrImm 8))), Reg RAX 4
20e70: JE 20e9a (resolved immediate)
  |
  `- 20e72,20e9a
20e72: CALL xs_daemon_open (external)
20e77: TEST Reg RAX, Reg RAX 3
20e7a: MOV Address (SizeDir 64 (AddrPlus (FromReg RBX) (AddrImm 16))), Reg RAX 4
20e7e: JE 20edc (resolved immediate)
  |
  `- 20e80,20edc
20e80: MOV Address (SizeDir 64 (FromReg R12)), Reg RBX 4
20e84: JMP 20c0c (resolved immediate)
  |
  `- 20c0c
20e90: MOV Reg EBP, Immediate 4294967293 5
20e95: JMP 20da5 (resolved immediate)
  |
  `- 20da5
20e9a: CALL __errno_location (external)
20e9f: LEA Reg RDX, Address (SizeDir 64 (AddrPlus (FromReg RIP) (AddrImm 466968))) 7
20ea6: LEA Reg R9, Address (SizeDir 64 (AddrPlus (FromReg RIP) (AddrImm 468499))) 7
20ead: MOV Reg R8D, Immediate 102 6
20eb3: PUSH Reg RDX 1
20eb4: PUSH Reg R14 2
20eb6: MOV Reg EDX, Address (SizeDir 32 (FromReg RAX)) 2
20eb8: MOV Reg RDI, Address (SizeDir 64 (AddrPlus (FromReg RSP) (AddrImm 32))) 5
20ebd: LEA Reg RCX, Address (SizeDir 64 (AddrPlus (FromReg RIP) (AddrImm 466779))) 7
20ec4: XOR Reg EAX, Reg EAX 2
20ec6: MOV Reg ESI, Immediate 8 5
20ecb: MOV Reg EBP, Immediate 4294967293 5
20ed0: CALL libxl__log (internal)
20ed5: POP Reg RAX 1
20ed6: POP Reg RDX 1
20ed7: JMP 20da5 (resolved immediate)
  |
  `- 20da5
20edc: CALL xs_domain_open (external)
20ee1: TEST Reg RAX, Reg RAX 3
20ee4: MOV Address (SizeDir 64 (AddrPlus (FromReg RBX) (AddrImm 16))), Reg RAX 4
20ee8: JNE 20e80 (resolved immediate)
  |
  `- 20e80,20eea
20eea: CALL __errno_location (external)
20eef: LEA Reg RDX, Address (SizeDir 64 (AddrPlus (FromReg RIP) (AddrImm 466913))) 7
20ef6: LEA Reg R9, Address (SizeDir 64 (AddrPlus (FromReg RIP) (AddrImm 468419))) 7
20efd: MOV Reg R8D, Immediate 110 6
20f03: PUSH Reg RDX 1
20f04: PUSH Reg R14 2
20f06: JMP 20eb6 (resolved immediate)
  |
  `- 20eb6
20f08: CALL __stack_chk_fail (external)
  |
  `- 
3bdb0: PUSH Reg R12 2
3bdb2: PUSH Reg RBP 1
3bdb3: PUSH Reg RBX 1
3bdb4: MOV Reg EAX, Address (SizeDir 32 (FromReg RDI)) 2
3bdb6: TEST Reg EAX, Reg EAX 2
3bdb8: JS 3be14 (resolved immediate)
  |
  `- 3bdba,3be14
3bdba: MOV Reg R12, Reg RDI 3
3bdbd: MOV Reg EBP, Immediate 0 5
3bdc2: MOV Reg EBX, Immediate 0 5
3bdc7: JE 3bdf4 (resolved immediate)
  |
  `- 3bdc9,3bdf4
3bdc9: NOP  7
3bdd0: MOV Reg RAX, Address (SizeDir 64 (AddrPlus (FromReg R12) (AddrImm 8))) 5
3bdd5: ADD Reg EBX, Immediate 1 3
3bdd8: ADD Reg RAX, Reg RBP 3
3bddb: ADD Reg RBP, Immediate 8 4
3bddf: MOV Reg RDI, Address (SizeDir 64 (FromReg RAX)) 3
3bde2: MOV Address (SizeDir 64 (FromReg RAX)), Immediate 0 7
3bde9: CALL free (external)
3bdee: CMP Address (SizeDir 32 (FromReg R12)), Reg EBX 4
3bdf2: JG 3bdd0 (resolved immediate)
  |
  `- 3bdd0,3bdf4
3bdf4: MOV Reg RDI, Address (SizeDir 64 (AddrPlus (FromReg R12) (AddrImm 8))) 5
3bdf9: CALL free (external)
3bdfe: MOV Address (SizeDir 64 (AddrPlus (FromReg R12) (AddrImm 8))), Immediate 0 9
3be07: MOV Address (SizeDir 32 (FromReg R12)), Immediate 0 8
3be0f: POP Reg RBX 1
3be10: POP Reg RBP 1
3be11: POP Reg R12 2
3be13: RET  1
  |
  `- 
3be14: LEA Reg RCX, Address (SizeDir 64 (AddrPlus (FromReg RIP) (AddrImm 387253))) 7
3be1b: LEA Reg RSI, Address (SizeDir 64 (AddrPlus (FromReg RIP) (AddrImm 386238))) 7
3be22: LEA Reg RDI, Address (SizeDir 64 (AddrPlus (FromReg RIP) (AddrImm 386248))) 7
3be29: MOV Reg EDX, Immediate 80 5
3be2e: CALL __assert_fail (external)
  |
  `- 
3be40: PUSH Reg R15 2
3be42: PUSH Reg R14 2
3be44: MOV Reg R15, Reg RDI 3
3be47: PUSH Reg R13 2
3be49: PUSH Reg R12 2
3be4b: MOV Reg R12, Reg RCX 3
3be4e: PUSH Reg RBP 1
3be4f: PUSH Reg RBX 1
3be50: MOV Reg EBP, Reg R8D 3
3be53: MOV Reg RBX, Reg R9 3
3be56: SUB Reg RSP, Immediate 584 7
3be5d: MOV Address (SizeDir 32 (AddrPlus (FromReg RSP) (AddrImm 4))), Reg ESI 4
3be61: MOV Address (SizeDir 32 (AddrPlus (FromReg RSP) (AddrImm 8))), Reg EDX 4
3be65: MOV Reg RAX, Address (SizeDir 64 (AddrPlus (FromReg FS) (AddrImm 40))) 9
3be6e: MOV Address (SizeDir 64 (AddrPlus (FromReg RSP) (AddrImm 568))), Reg RAX 8
3be76: XOR Reg EAX, Reg EAX 2
3be78: MOV Address (SizeDir 64 (AddrPlus (FromReg RSP) (AddrImm 40))), Immediate 0 9
3be81: CALL __errno_location (external)
3be86: MOV Reg RCX, Address (SizeDir 64 (AddrPlus (FromReg RSP) (AddrImm 656))) 8
3be8e: MOV Reg RDX, Address (SizeDir 64 (AddrPlus (FromReg RSP) (AddrImm 648))) 8
3be96: LEA Reg RDI, Address (SizeDir 64 (AddrPlus (FromReg RSP) (AddrImm 40))) 5
3be9b: MOV Reg ESI, Immediate 1 5
3bea0: MOV Reg R13, Reg RAX 3
3bea3: MOV Reg R14D, Address (SizeDir 32 (FromReg RAX)) 3
3bea6: CALL __vasprintf_chk (external)
3beab: TEST Reg RBX, Reg RBX 3
3beae: SETNE Address (SizeDir 8 (AddrPlus (FromReg RSP) (AddrImm 15))) 5
3beb3: TEST Reg EAX, Reg EAX 2
3beb5: JS 3c0a0 (resolved immediate)
  |
  `- 3bebb,3c0a0
3bebb: TEST Reg R12, Reg R12 3
3bebe: MOV Address (SizeDir 8 (AddrPlus (FromReg RSP) (AddrImm 48))), Immediate 0 5
3bec3: JE 3bf50 (resolved immediate)
  |
  `- 3bec9,3bf50
3bec9: LEA Reg R10, Address (SizeDir 64 (AddrPlus (FromReg RSP) (AddrImm 48))) 5
3bece: SUB Reg RSP, Immediate 8 4
3bed2: LEA Reg R8, Address (SizeDir 64 (AddrPlus (FromReg RIP) (AddrImm 362554))) 7
3bed9: PUSH Reg RBP 1
3beda: MOV Reg EDX, Immediate 1 5
3bedf: XOR Reg EAX, Reg EAX 2
3bee1: MOV Reg RDI, Reg R10 3
3bee4: MOV Reg R9, Reg R12 3
3bee7: MOV Reg ECX, Immediate 256 5
3beec: MOV Reg ESI, Immediate 256 5
3bef1: MOV Address (SizeDir 64 (AddrPlus (FromReg RSP) (AddrImm 32))), Reg R10 5
3bef6: CALL __snprintf_chk (external)
3befb: MOV Address (SizeDir 8 (AddrPlus (FromReg RSP) (AddrImm 319))), Immediate 0 8
3bf03: MOV Address (SizeDir 8 (AddrPlus (FromReg RSP) (AddrImm 320))), Immediate 0 8
3bf0b: POP Reg RAX 1
3bf0c: POP Reg RDX 1
3bf0d: CMP Address (SizeDir 32 (AddrPlus (FromReg RSP) (AddrImm 640))), Immediate 18446744073709551615 8
3bf15: MOV Reg R10, Address (SizeDir 64 (AddrPlus (FromReg RSP) (AddrImm 16))) 5
3bf1a: JNE 3bfc0 (resolved immediate)
  |
  `- 3bf20,3bfc0
3bf20: TEST Reg RBX, Reg RBX 3
3bf23: MOV Reg RCX, Address (SizeDir 64 (AddrPlus (FromReg RSP) (AddrImm 40))) 5
3bf28: JE 3c0c6 (resolved immediate)
  |
  `- 3bf2e,3c0c6
3bf2e: LEA Reg RDX, Address (SizeDir 64 (AddrPlus (FromReg RIP) (AddrImm 386002))) 7
3bf35: LEA Reg RAX, Address (SizeDir 64 (AddrPlus (FromReg RIP) (AddrImm 408678))) 7
3bf3c: LEA Reg RBP, Address (SizeDir 64 (AddrPlus (FromReg RIP) (AddrImm 386109))) 7
3bf43: LEA Reg R11, Address (SizeDir 64 (AddrPlus (FromReg RSP) (AddrImm 304))) 8
3bf4b: JMP 3c031 (resolved immediate)
  |
  `- 3c031
3bf50: CMP Address (SizeDir 32 (AddrPlus (FromReg RSP) (AddrImm 640))), Immediate 18446744073709551615 8
3bf58: MOV Address (SizeDir 8 (AddrPlus (FromReg RSP) (AddrImm 303))), Immediate 0 8
3bf60: LEA Reg R10, Address (SizeDir 64 (AddrPlus (FromReg RSP) (AddrImm 48))) 5
3bf65: MOV Address (SizeDir 8 (AddrPlus (FromReg RSP) (AddrImm 304))), Immediate 0 8
3bf6d: JNE 3bfc0 (resolved immediate)
  |
  `- 3bf6f,3bfc0
3bf6f: TEST Reg R12, Reg R12 3
3bf72: MOV Reg RCX, Address (SizeDir 64 (AddrPlus (FromReg RSP) (AddrImm 40))) 5
3bf77: LEA Reg RBP, Address (SizeDir 64 (AddrPlus (FromReg RIP) (AddrImm 386050))) 7
3bf7e: LEA Reg R10, Address (SizeDir 64 (AddrPlus (FromReg RSP) (AddrImm 48))) 5
3bf83: LEA Reg R11, Address (SizeDir 64 (AddrPlus (FromReg RSP) (AddrImm 304))) 8
3bf8b: JE 3c019 (resolved immediate)
  |
  `- 3c019
3bf98: TEST Reg RBX, Reg RBX 3
3bf9b: JE 3c0eb (resolved immediate)
  |
  `- 3bfa1,3c0eb
3bfa1: LEA Reg RAX, Address (SizeDir 64 (AddrPlus (FromReg RIP) (AddrImm 396536))) 7
3bfa8: LEA Reg RSI, Address (SizeDir 64 (AddrPlus (FromReg RIP) (AddrImm 408563))) 7
3bfaf: TEST Reg R12, Reg R12 3
3bfb2: LEA Reg RDX, Address (SizeDir 64 (AddrPlus (FromReg RIP) (AddrImm 385870))) 7
3bfb9: CMOVNE Reg RAX, Reg RSI 4
3bfbd: JMP 3c031 (resolved immediate)
  |
  `- 3c031
3bfc0: LEA Reg R11, Address (SizeDir 64 (AddrPlus (FromReg RSP) (AddrImm 304))) 8
3bfc8: MOV Reg R9D, Address (SizeDir 32 (AddrPlus (FromReg RSP) (AddrImm 640))) 8
3bfd0: LEA Reg R8, Address (SizeDir 64 (AddrPlus (FromReg RIP) (AddrImm 385843))) 7
3bfd7: MOV Reg ECX, Immediate 256 5
3bfdc: MOV Reg EDX, Immediate 1 5
3bfe1: MOV Reg ESI, Immediate 256 5
3bfe6: MOV Reg RDI, Reg R11 3
3bfe9: XOR Reg EAX, Reg EAX 2
3bfeb: MOV Address (SizeDir 64 (AddrPlus (FromReg RSP) (AddrImm 24))), Reg R10 5
3bff0: MOV Address (SizeDir 64 (AddrPlus (FromReg RSP) (AddrImm 16))), Reg R11 5
3bff5: LEA Reg RBP, Address (SizeDir 64 (AddrPlus (FromReg RIP) (AddrImm 385924))) 7
3bffc: CALL __snprintf_chk (external)
3c001: MOV Reg RCX, Address (SizeDir 64 (AddrPlus (FromReg RSP) (AddrImm 40))) 5
3c006: MOV Reg R11, Address (SizeDir 64 (AddrPlus (FromReg RSP) (AddrImm 16))) 5
3c00b: MOV Reg R10, Address (SizeDir 64 (AddrPlus (FromReg RSP) (AddrImm 24))) 5
3c010: TEST Reg R12, Reg R12 3
3c013: JNE 3bf98 (resolved immediate)
  |
  `- 3bf98,3c019
3c019: CMP Address (SizeDir 8 (AddrPlus (FromReg RSP) (AddrImm 15))), Immediate 0 5
3c01e: JNE 3bf98 (resolved immediate)
  |
  `- 3bf98,3c024
3c024: LEA Reg RBX, Address (SizeDir 64 (AddrPlus (FromReg RIP) (AddrImm 396405))) 7
3c02b: MOV Reg RDX, Reg RBX 3
3c02e: MOV Reg RAX, Reg RBX 3
3c031: SUB Reg RSP, Immediate 8 4
3c035: MOV Reg RDI, Address (SizeDir 64 (FromReg R15)) 3
3c038: LEA Reg R8, Address (SizeDir 64 (AddrPlus (FromReg RIP) (AddrImm 385750))) 7
3c03f: PUSH Reg RCX 1
3c040: PUSH Reg R11 2
3c042: LEA Reg RCX, Address (SizeDir 64 (AddrPlus (FromReg RIP) (AddrImm 358278))) 7
3c049: PUSH Reg RDX 1
3c04a: PUSH Reg RBX 1
3c04b: MOV Reg R9, Reg R10 3
3c04e: PUSH Reg RAX 1
3c04f: MOV Reg EDX, Address (SizeDir 32 (AddrPlus (FromReg RSP) (AddrImm 56))) 4
3c053: XOR Reg EAX, Reg EAX 2
3c055: MOV Reg ESI, Address (SizeDir 32 (AddrPlus (FromReg RSP) (AddrImm 52))) 4
3c059: CALL xtl_log (external)
3c05e: MOV Reg RDI, Address (SizeDir 64 (AddrPlus (FromReg RSP) (AddrImm 88))) 5
3c063: ADD Reg RSP, Immediate 48 4
3c067: CMP Reg RDI, Reg RBP 3
3c06a: JE 3c071 (resolved immediate)
  |
  `- 3c06c,3c071
3c06c: CALL free (external)
3c071: MOV Reg RAX, Address (SizeDir 64 (AddrPlus (FromReg RSP) (AddrImm 568))) 8
3c079: XOR Reg RAX, Address (SizeDir 64 (AddrPlus (FromReg FS) (AddrImm 40))) 9
3c082: MOV Address (SizeDir 32 (FromReg R13)), Reg R14D 4
3c086: JNE 3c0c1 (resolved immediate)
  |
  `- 3c088,3c0c1
3c088: ADD Reg RSP, Immediate 584 7
3c08f: POP Reg RBX 1
3c090: POP Reg RBP 1
3c091: POP Reg R12 2
3c093: POP Reg R13 2
3c095: POP Reg R14 2
3c097: POP Reg R15 2
3c099: RET  1
  |
  `- 
3c0a0: LEA Reg RBP, Address (SizeDir 64 (AddrPlus (FromReg RIP) (AddrImm 385753))) 7
3c0a7: LEA Reg R10, Address (SizeDir 64 (AddrPlus (FromReg RSP) (AddrImm 48))) 5
3c0ac: LEA Reg R11, Address (SizeDir 64 (AddrPlus (FromReg RSP) (AddrImm 304))) 8
3c0b4: MOV Address (SizeDir 64 (AddrPlus (FromReg RSP) (AddrImm 40))), Reg RBP 5
3c0b9: MOV Reg RCX, Reg RBP 3
3c0bc: JMP 3c010 (resolved immediate)
  |
  `- 3c010
3c0c1: CALL __stack_chk_fail (external)
  |
  `- 
3c0c6: LEA Reg RBX, Address (SizeDir 64 (AddrPlus (FromReg RIP) (AddrImm 396243))) 7
3c0cd: LEA Reg RDX, Address (SizeDir 64 (AddrPlus (FromReg RIP) (AddrImm 385587))) 7
3c0d4: LEA Reg RBP, Address (SizeDir 64 (AddrPlus (FromReg RIP) (AddrImm 385701))) 7
3c0db: LEA Reg R11, Address (SizeDir 64 (AddrPlus (FromReg RSP) (AddrImm 304))) 8
3c0e3: MOV Reg RAX, Reg RBX 3
3c0e6: JMP 3c031 (resolved immediate)
  |
  `- 3c031
3c0eb: LEA Reg RBX, Address (SizeDir 64 (AddrPlus (FromReg RIP) (AddrImm 396206))) 7
3c0f2: LEA Reg RDX, Address (SizeDir 64 (AddrPlus (FromReg RIP) (AddrImm 385550))) 7
3c0f9: MOV Reg RAX, Reg RBX 3
3c0fc: JMP 3c031 (resolved immediate)
  |
  `- 3c031
3c110: SUB Reg RSP, Immediate 216 7
3c117: TEST Reg AL, Reg AL 2
3c119: MOV Reg R10, Address (SizeDir 64 (AddrPlus (FromReg RSP) (AddrImm 232))) 8
3c121: JE 3c15a (resolved immediate)
  |
  `- 3c123,3c15a
3c123: MOVAPS Address (SizeDir 128 (AddrPlus (FromReg RSP) (AddrImm 80))), Reg XMM0 5
3c128: MOVAPS Address (SizeDir 128 (AddrPlus (FromReg RSP) (AddrImm 96))), Reg XMM1 5
3c12d: MOVAPS Address (SizeDir 128 (AddrPlus (FromReg RSP) (AddrImm 112))), Reg XMM2 5
3c132: MOVAPS Address (SizeDir 128 (AddrPlus (FromReg RSP) (AddrImm 128))), Reg XMM3 8
3c13a: MOVAPS Address (SizeDir 128 (AddrPlus (FromReg RSP) (AddrImm 144))), Reg XMM4 8
3c142: MOVAPS Address (SizeDir 128 (AddrPlus (FromReg RSP) (AddrImm 160))), Reg XMM5 8
3c14a: MOVAPS Address (SizeDir 128 (AddrPlus (FromReg RSP) (AddrImm 176))), Reg XMM6 8
3c152: MOVAPS Address (SizeDir 128 (AddrPlus (FromReg RSP) (AddrImm 192))), Reg XMM7 8
3c15a: MOV Reg RAX, Address (SizeDir 64 (AddrPlus (FromReg FS) (AddrImm 40))) 9
3c163: MOV Address (SizeDir 64 (AddrPlus (FromReg RSP) (AddrImm 24))), Reg RAX 5
3c168: XOR Reg EAX, Reg EAX 2
3c16a: LEA Reg RAX, Address (SizeDir 64 (AddrPlus (FromReg RSP) (AddrImm 240))) 8
3c172: MOV Address (SizeDir 64 (AddrPlus (FromReg RSP) (AddrImm 8))), Reg RAX 5
3c177: LEA Reg RAX, Address (SizeDir 64 (AddrPlus (FromReg RSP) (AddrImm 32))) 5
3c17c: MOV Address (SizeDir 32 (FromReg RSP)), Immediate 48 7
3c183: MOV Address (SizeDir 32 (AddrPlus (FromReg RSP) (AddrImm 4))), Immediate 48 8
3c18b: SUB Reg RSP, Immediate 8 4
3c18f: MOV Address (SizeDir 64 (AddrPlus (FromReg RSP) (AddrImm 24))), Reg RAX 5
3c194: LEA Reg RAX, Address (SizeDir 64 (AddrPlus (FromReg RSP) (AddrImm 8))) 5
3c199: PUSH Reg RAX 1
3c19a: PUSH Reg R10 2
3c19c: MOV Reg EAX, Address (SizeDir 32 (AddrPlus (FromReg RSP) (AddrImm 248))) 7
3c1a3: PUSH Reg RAX 1
3c1a4: CALL libxl__logv (internal)
  |
  `- 3be40
3c1a9: ADD Reg RSP, Immediate 32 4
3c1ad: MOV Reg RAX, Address (SizeDir 64 (AddrPlus (FromReg RSP) (AddrImm 24))) 5
3c1b2: XOR Reg RAX, Address (SizeDir 64 (AddrPlus (FromReg FS) (AddrImm 40))) 9
3c1bb: JNE 3c1c5 (resolved immediate)
  |
  `- 3c1bd,3c1c5
3c1bd: ADD Reg RSP, Immediate 216 7
3c1c4: RET  1
  |
  `- 
3c1c5: CALL __stack_chk_fail (external)
  |
  `- 
3c1d0: TEST Reg RCX, Reg RCX 3
3c1d3: PUSH Reg R14 2
3c1d5: PUSH Reg R13 2
3c1d7: PUSH Reg R12 2
3c1d9: PUSH Reg RBP 1
3c1da: PUSH Reg RBX 1
3c1db: MOV Reg RBX, Reg RSI 3
3c1de: JE 3c24b (resolved immediate)
  |
  `- 3c1e0,3c24b
3c1e0: LEA Reg R14, Address (SizeDir 64 (AddrPlus (FromReg RIP) (AddrImm 385473))) 7
3c1e7: SUB Reg RSP, Immediate 8 4
3c1eb: MOV Reg R9, Reg RSI 3
3c1ee: PUSH Reg RCX 1
3c1ef: PUSH Reg RDX 1
3c1f0: MOV Reg R13, Reg RDX 3
3c1f3: PUSH Reg RSI 1
3c1f4: PUSH Reg R14 2
3c1f6: MOV Reg R12, Reg RCX 3
3c1f9: PUSH Immediate 18446744073709551615 2
3c1fb: XOR Reg R8D, Reg R8D 3
3c1fe: XOR Reg ECX, Reg ECX 2
3c200: MOV Reg EDX, Immediate 12 5
3c205: MOV Reg ESI, Immediate 9 5
3c20a: XOR Reg EAX, Reg EAX 2
3c20c: CALL libxl__log (internal)
3c211: MOV Reg RBP, Address (SizeDir 64 (AddrPlus (FromReg RIP) (AddrImm 2665928))) 7
3c218: ADD Reg RSP, Immediate 48 4
3c21c: MOV Reg R9, Reg R12 3
3c21f: MOV Reg R8, Reg R13 3
3c222: MOV Reg RCX, Reg RBX 3
3c225: MOV Reg RDX, Reg R14 3
3c228: MOV Reg ESI, Immediate 1 5
3c22d: XOR Reg EAX, Reg EAX 2
3c22f: MOV Reg RDI, Address (SizeDir 64 (FromReg RBP)) 4
3c233: CALL __fprintf_chk (external)
3c238: MOV Reg RDI, Address (SizeDir 64 (FromReg RBP)) 4
3c23c: CALL fflush (external)
3c241: MOV Reg EDI, Immediate 4294967295 5
3c246: CALL _exit (external)
  |
  `- 
3c24b: LEA Reg R12, Address (SizeDir 64 (AddrPlus (FromReg RIP) (AddrImm 385430))) 7
3c252: SUB Reg RSP, Immediate 8 4
3c256: MOV Reg R9, Reg RSI 3
3c259: PUSH Reg RSI 1
3c25a: XOR Reg ECX, Reg ECX 2
3c25c: XOR Reg EAX, Reg EAX 2
3c25e: PUSH Reg R12 2
3c260: PUSH Immediate 18446744073709551615 2
3c262: XOR Reg R8D, Reg R8D 3
3c265: MOV Reg EDX, Immediate 12 5
3c26a: MOV Reg ESI, Immediate 9 5
3c26f: CALL libxl__log (internal)
3c274: MOV Reg RBP, Address (SizeDir 64 (AddrPlus (FromReg RIP) (AddrImm 2665829))) 7
3c27b: ADD Reg RSP, Immediate 32 4
3c27f: MOV Reg RCX, Reg RBX 3
3c282: MOV Reg RDX, Reg R12 3
3c285: MOV Reg ESI, Immediate 1 5
3c28a: XOR Reg EAX, Reg EAX 2
3c28c: MOV Reg RDI, Address (SizeDir 64 (FromReg RBP)) 4
3c290: CALL __fprintf_chk (external)
3c295: JMP 3c238 (resolved immediate)
  |
  `- 3c238
3c2a0: MOV Reg R8D, Address (SizeDir 32 (FromReg RDI)) 3
3c2a3: TEST Reg R8D, Reg R8D 3
3c2a6: JS 3c378 (resolved immediate)
  |
  `- 3c2ac,3c378
3c2ac: TEST Reg RSI, Reg RSI 3
3c2af: JE 3c378 (resolved immediate)
  |
  `- 3c2b5,3c378
3c2b5: TEST Reg R8D, Reg R8D 3
3c2b8: JE 3c2f7 (resolved immediate)
  |
  `- 3c2ba,3c2f7
3c2ba: MOV Reg RDX, Address (SizeDir 64 (AddrPlus (FromReg RDI) (AddrImm 8))) 4
3c2be: CMP Address (SizeDir 64 (FromReg RDX)), Immediate 0 4
3c2c2: JE 3c380 (resolved immediate)
  |
  `- 3c2c8,3c380
3c2c8: LEA Reg RAX, Address (SizeDir 64 (AddrPlus (FromReg RDX) (AddrImm 8))) 4
3c2cc: LEA Reg EDX, Address (SizeDir 32 (AddrMinus (FromReg R8) (AddrImm 1))) 4
3c2d0: LEA Reg RCX, Address (SizeDir 64 (AddrPlus (FromReg RAX) (AddrTimes (AddrImm 8) (FromReg RDX)))) 4
3c2d4: JMP 3c2f2 (resolved immediate)
  |
  `- 3c2f2
3c2e0: MOV Reg RDX, Reg RAX 3
3c2e3: ADD Reg RAX, Immediate 8 4
3c2e7: CMP Address (SizeDir 64 (AddrMinus (FromReg RAX) (AddrImm 8))), Immediate 0 5
3c2ec: JE 3c380 (resolved immediate)
  |
  `- 3c2f2,3c380
3c2f2: CMP Reg RAX, Reg RCX 3
3c2f5: JNE 3c2e0 (resolved immediate)
  |
  `- 3c2e0,3c2f7
3c2f7: PUSH Reg R13 2
3c2f9: PUSH Reg R12 2
3c2fb: MOV Reg R12, Reg RSI 3
3c2fe: PUSH Reg RBP 1
3c2ff: LEA Reg EBP, Address (SizeDir 32 (AddrPlus (AddrPlus (FromReg R8) (AddrTimes (AddrImm 1) (FromReg R8))) (AddrImm 25))) 5
3c304: PUSH Reg RBX 1
3c305: MOV Reg RBX, Reg RDI 3
3c308: SUB Reg RSP, Immediate 8 4
3c30c: CMP Reg EBP, Immediate 134217726 6
3c312: JG 3c39c (resolved immediate)
  |
  `- 3c318,3c39c
3c318: MOVSXD Reg R13, Reg EBP 3
3c31b: MOV Reg RDI, Address (SizeDir 64 (AddrPlus (FromReg RDI) (AddrImm 8))) 4
3c31f: LEA Reg RSI, Address (SizeDir 64 (AddrTimes (AddrImm 8) (FromReg R13))) 8
3c327: CALL realloc (external)
3c32c: TEST Reg RAX, Reg RAX 3
3c32f: MOV Address (SizeDir 64 (AddrPlus (FromReg RBX) (AddrImm 8))), Reg RAX 4
3c333: JE 3c384 (resolved immediate)
  |
  `- 3c335,3c384
3c335: MOVSXD Reg RDX, Address (SizeDir 32 (FromReg RBX)) 3
3c338: LEA Reg ECX, Address (SizeDir 32 (AddrPlus (FromReg RDX) (AddrImm 1))) 3
3c33b: MOV Address (SizeDir 32 (FromReg RBX)), Reg ECX 2
3c33d: MOV Address (SizeDir 64 (AddrPlus (FromReg RAX) (AddrTimes (AddrImm 8) (FromReg RDX)))), Reg R12 4
3c341: MOVSXD Reg RAX, Address (SizeDir 32 (FromReg RBX)) 3
3c344: CMP Reg EBP, Reg EAX 2
3c346: JLE 3c368 (resolved immediate)
  |
  `- 3c348,3c368
3c348: NOP  8
3c350: MOV Reg RDX, Address (SizeDir 64 (AddrPlus (FromReg RBX) (AddrImm 8))) 4
3c354: LEA Reg ECX, Address (SizeDir 32 (AddrPlus (FromReg RAX) (AddrImm 1))) 3
3c357: MOV Address (SizeDir 32 (FromReg RBX)), Reg ECX 2
3c359: MOV Address (SizeDir 64 (AddrPlus (FromReg RDX) (AddrTimes (AddrImm 8) (FromReg RAX)))), Immediate 0 8
3c361: MOVSXD Reg RAX, Address (SizeDir 32 (FromReg RBX)) 3
3c364: CMP Reg EAX, Reg EBP 2
3c366: JL 3c350 (resolved immediate)
  |
  `- 3c350,3c368
3c368: ADD Reg RSP, Immediate 8 4
3c36c: POP Reg RBX 1
3c36d: POP Reg RBP 1
3c36e: POP Reg R12 2
3c370: POP Reg R13 2
3c372: RET  1
  |
  `- 
3c378: RET  2
  |
  `- 
3c380: MOV Address (SizeDir 64 (FromReg RDX)), Reg RSI 3
3c383: RET  1
  |
  `- 
3c384: MOV Reg RDI, Address (SizeDir 64 (AddrPlus (FromReg RBX) (AddrImm 16))) 4
3c388: LEA Reg RSI, Address (SizeDir 64 (AddrPlus (FromReg RIP) (AddrImm 385873))) 7
3c38f: MOV Reg ECX, Immediate 8 5
3c394: MOV Reg RDX, Reg R13 3
3c397: CALL libxl__alloc_failed (internal)
  |
  `- 
3c39c: LEA Reg RCX, Address (SizeDir 64 (AddrPlus (FromReg RIP) (AddrImm 385869))) 7
3c3a3: LEA Reg RSI, Address (SizeDir 64 (AddrPlus (FromReg RIP) (AddrImm 384822))) 7
3c3aa: LEA Reg RDI, Address (SizeDir 64 (AddrPlus (FromReg RIP) (AddrImm 385135))) 7
3c3b1: MOV Reg EDX, Immediate 62 5
3c3b6: CALL __assert_fail (external)
  |
  `- 
3c410: PUSH Reg R12 2
3c412: PUSH Reg RBP 1
3c413: MOV Reg RBP, Reg RSI 3
3c416: PUSH Reg RBX 1
3c417: MOV Reg R12, Reg RDI 3
3c41a: MOV Reg ESI, Immediate 1 5
3c41f: MOV Reg RDI, Reg RBP 3
3c422: CALL calloc (external)
3c427: TEST Reg RAX, Reg RAX 3
3c42a: JE 3c442 (resolved immediate)
  |
  `- 3c42c,3c442
3c42c: MOV Reg RBX, Reg RAX 3
3c42f: MOV Reg RSI, Reg RAX 3
3c432: MOV Reg RDI, Reg R12 3
3c435: CALL libxl__ptr_add (internal)
  |
  `- 3c2a0
3c43a: MOV Reg RAX, Reg RBX 3
3c43d: POP Reg RBX 1
3c43e: POP Reg RBP 1
3c43f: POP Reg R12 2
3c441: RET  1
  |
  `- 
3c442: MOV Reg RDI, Address (SizeDir 64 (AddrPlus (FromReg R12) (AddrImm 16))) 5
3c447: LEA Reg RSI, Address (SizeDir 64 (AddrPlus (FromReg RIP) (AddrImm 385634))) 7
3c44e: MOV Reg ECX, Immediate 1 5
3c453: MOV Reg RDX, Reg RBP 3
3c456: CALL libxl__alloc_failed (internal)
  |
  `- 3c1d0
3cae0: PUSH Reg RBP 1
3cae1: PUSH Reg RBX 1
3cae2: MOV Reg RBP, Reg RSI 3
3cae5: SUB Reg RSP, Immediate 56 4
3cae9: LEA Reg RBX, Address (SizeDir 64 (AddrPlus (FromReg RSP) (AddrImm 12))) 5
3caee: MOV Address (SizeDir 64 (AddrPlus (FromReg RSP) (AddrImm 32))), Reg RDI 5
3caf3: MOV Address (SizeDir 32 (AddrPlus (FromReg RSP) (AddrImm 16))), Immediate 0 8
3cafb: MOV Reg RAX, Address (SizeDir 64 (AddrPlus (FromReg FS) (AddrImm 40))) 9
3cb04: MOV Address (SizeDir 64 (AddrPlus (FromReg RSP) (AddrImm 40))), Reg RAX 5
3cb09: XOR Reg EAX, Reg EAX 2
3cb0b: MOV Reg RDI, Reg RBX 3
3cb0e: MOV Address (SizeDir 64 (AddrPlus (FromReg RSP) (AddrImm 24))), Immediate 0 9
3cb17: CALL pthread_mutexattr_init (external)
3cb1c: TEST Reg EAX, Reg EAX 2
3cb1e: JNE 3cb80 (resolved immediate)
  |
  `- 3cb20,3cb80
3cb20: MOV Reg ESI, Immediate 1 5
3cb25: MOV Reg RDI, Reg RBX 3
3cb28: CALL pthread_mutexattr_settype (external)
3cb2d: TEST Reg EAX, Reg EAX 2
3cb2f: JNE 3cbc0 (resolved immediate)
3cb35: MOV Reg RDI, Reg RBP 3
3cb38: MOV Reg RSI, Reg RBX 3
3cb3b: CALL pthread_mutex_init (external)
3cb40: TEST Reg EAX, Reg EAX 2
3cb42: MOV Reg EBP, Reg EAX 2
3cb44: JNE 3cbde (resolved immediate)
3cb4a: MOV Reg RDI, Reg RBX 3
3cb4d: CALL pthread_mutexattr_destroy (external)
3cb52: LEA Reg RDI, Address (SizeDir 64 (AddrPlus (FromReg RSP) (AddrImm 16))) 5
3cb57: CALL libxl__free_all (internal)
  |
  `- 3cb5c,3bdb0
3cb5c: MOV Reg RDX, Address (SizeDir 64 (AddrPlus (FromReg RSP) (AddrImm 40))) 5
3cb61: XOR Reg RDX, Address (SizeDir 64 (AddrPlus (FromReg FS) (AddrImm 40))) 9
3cb6a: MOV Reg EAX, Reg EBP 2
3cb6c: JNE 3cbfc (resolved immediate)
  |
  `- 3cb72,3cbfc
3cb72: ADD Reg RSP, Immediate 56 4
3cb76: POP Reg RBX 1
3cb77: POP Reg RBP 1
3cb78: RET  1
  |
  `- 
3cb80: CALL __errno_location (external)
3cb85: LEA Reg RCX, Address (SizeDir 64 (AddrPlus (FromReg RIP) (AddrImm 383172))) 7
3cb8c: LEA Reg R9, Address (SizeDir 64 (AddrPlus (FromReg RIP) (AddrImm 383645))) 7
3cb93: MOV Reg R8D, Immediate 360 6
3cb99: PUSH Reg RCX 1
3cb9a: PUSH Immediate 18446744073709551615 2
3cb9c: MOV Reg EDX, Address (SizeDir 32 (FromReg RAX)) 2
3cb9e: MOV Reg RDI, Address (SizeDir 64 (AddrPlus (FromReg RSP) (AddrImm 48))) 5
3cba3: LEA Reg RCX, Address (SizeDir 64 (AddrPlus (FromReg RIP) (AddrImm 382774))) 7
3cbaa: XOR Reg EAX, Reg EAX 2
3cbac: MOV Reg ESI, Immediate 8 5
3cbb1: MOV Reg EBP, Immediate 4294967293 5
3cbb6: CALL libxl__log (internal)
  |
  `- 3c110
3cbbb: POP Reg RAX 1
3cbbc: POP Reg RDX 1
3cbbd: JMP 3cb4a (resolved immediate)
  |
  `- 3cb4a
3cbfc: CALL __stack_chk_fail (external)
  |
  `- 
4e310: PUSH Reg RBX 1
4e311: MOV Reg RBX, Reg RDI 3
4e314: MOV Reg EDI, Address (SizeDir 32 (FromReg RDI)) 2
4e316: TEST Reg EDI, Reg EDI 2
4e318: JS 4e31f (resolved immediate)
  |
  `- 4e31a,4e31f
4e31a: CALL close (external)
4e31f: MOV Reg EDI, Address (SizeDir 32 (AddrPlus (FromReg RBX) (AddrImm 4))) 3
4e322: TEST Reg EDI, Reg EDI 2
4e324: JS 4e32b (resolved immediate)
  |
  `- 4e326,4e32b
4e326: CALL close (external)
4e32b: MOV Address (SizeDir 64 (FromReg RBX)), Immediate 18446744073709551615 7
4e332: POP Reg RBX 1
4e333: RET  1
  |
  `- 
4e340: PUSH Reg R12 2
4e342: PUSH Reg RBP 1
4e343: MOV Reg R12, Reg RDI 3
4e346: PUSH Reg RBX 1
4e347: MOV Reg RBX, Reg RSI 3
4e34a: CALL libxl_pipe (external)
4e34f: TEST Reg EAX, Reg EAX 2
4e351: JE 4e370 (resolved immediate)
  |
  `- 4e353,4e370
4e353: MOV Address (SizeDir 64 (FromReg RBX)), Immediate 18446744073709551615 7
4e35a: MOV Reg EBP, Immediate 4294967293 5
4e35f: MOV Reg RDI, Reg RBX 3
4e362: CALL libxl__pipe_close (internal)
  |
  `- 4e310
4e367: MOV Reg EAX, Reg EBP 2
4e369: POP Reg RBX 1
4e36a: POP Reg RBP 1
4e36b: POP Reg R12 2
4e36d: RET  1
  |
  `- 
4e370: MOV Reg ESI, Address (SizeDir 32 (FromReg RBX)) 2
4e372: MOV Reg EDX, Immediate 1 5
4e377: MOV Reg RDI, Reg R12 3
4e37a: CALL libxl_fd_set_nonblock (external)
4e37f: TEST Reg EAX, Reg EAX 2
4e381: MOV Reg EBP, Reg EAX 2
4e383: JNE 4e35f (resolved immediate)
4e385: MOV Reg ESI, Address (SizeDir 32 (AddrPlus (FromReg RBX) (AddrImm 4))) 3
4e388: MOV Reg EDX, Immediate 1 5
4e38d: MOV Reg RDI, Reg R12 3
4e390: CALL libxl_fd_set_nonblock (external)
4e395: TEST Reg EAX, Reg EAX 2
4e397: MOV Reg EBP, Reg EAX 2
4e399: JNE 4e35f (resolved immediate)
4e39b: JMP 4e367 (resolved immediate)
  |
  `- 4e367
4e4e0: PUSH Reg RBX 1
4e4e1: MOV Reg RBX, Reg RDI 3
4e4e4: LEA Reg RDI, Address (SizeDir 64 (AddrPlus (FromReg RDI) (AddrImm 40))) 4
4e4e8: CALL libxl__pipe_close (internal)
4e4ed: MOV Reg RDI, Address (SizeDir 64 (AddrPlus (FromReg RBX) (AddrImm 16))) 4
4e4f1: CALL free (external)
4e4f6: MOV Reg RDI, Address (SizeDir 64 (AddrPlus (FromReg RBX) (AddrImm 32))) 4
4e4fa: POP Reg RBX 1
4e4fb: JMP free (jmp to external function)
  |
  `- 
4e500: PUSH Reg RBX 1
4e501: MOV Reg RBX, Reg RSI 3
4e504: ADD Reg RSI, Immediate 40 4
4e508: SUB Reg RSP, Immediate 16 4
4e50c: MOV Address (SizeDir 64 (AddrMinus (FromReg RSI) (AddrImm 24))), Immediate 0 8
4e514: MOV Address (SizeDir 64 (AddrMinus (FromReg RSI) (AddrImm 8))), Immediate 0 8
4e51c: MOV Address (SizeDir 8 (AddrPlus (FromReg RSI) (AddrImm 24))), Immediate 0 4
4e520: MOV Reg RDI, Address (SizeDir 64 (AddrPlus (FromReg RDI) (AddrImm 16))) 4
4e524: CALL libxl__pipe_nonblock (internal)
  |
  `- 4e340
4e529: TEST Reg EAX, Reg EAX 2
4e52b: JE 4e53d (resolved immediate)
  |
  `- 4e52d,4e53d
4e52d: MOV Reg RDI, Reg RBX 3
4e530: MOV Address (SizeDir 32 (AddrPlus (FromReg RSP) (AddrImm 12))), Reg EAX 4
4e534: CALL libxl__poller_dispose (internal)
  |
  `- 4e4e0
4e539: MOV Reg EAX, Address (SizeDir 32 (AddrPlus (FromReg RSP) (AddrImm 12))) 4
4e53d: ADD Reg RSP, Immediate 16 4
4e541: POP Reg RBX 1
4e542: RET  1
  |
  `- 
4e550: PUSH Reg R12 2
4e552: PUSH Reg RBP 1
4e553: MOV Reg RBP, Reg RDI 3
4e556: PUSH Reg RBX 1
4e557: MOV Reg RDI, Address (SizeDir 64 (AddrPlus (FromReg RDI) (AddrImm 16))) 4
4e55b: MOV Reg RBX, Address (SizeDir 64 (AddrPlus (FromReg RDI) (AddrImm 160))) 7
4e562: TEST Reg RBX, Reg RBX 3
4e565: JE 4e5d0 (resolved immediate)
  |
  `- 4e567,4e5d0
4e567: MOV Reg RAX, Address (SizeDir 64 (FromReg RBX)) 3
4e56a: MOV Reg RDX, Address (SizeDir 64 (AddrPlus (FromReg RBX) (AddrImm 8))) 4
4e56e: TEST Reg RAX, Reg RAX 3
4e571: JE 4e57e (resolved immediate)
  |
  `- 4e573,4e57e
4e573: MOV Address (SizeDir 64 (AddrPlus (FromReg RAX) (AddrImm 8))), Reg RDX 4
4e577: MOV Reg RDX, Address (SizeDir 64 (AddrPlus (FromReg RBX) (AddrImm 8))) 4
4e57b: MOV Reg RAX, Address (SizeDir 64 (FromReg RBX)) 3
4e57e: MOV Address (SizeDir 64 (FromReg RDX)), Reg RAX 3
4e581: MOV Reg RAX, Address (SizeDir 64 (AddrPlus (FromReg RBP) (AddrImm 16))) 4
4e585: MOV Reg RAX, Address (SizeDir 64 (AddrPlus (FromReg RAX) (AddrImm 168))) 7
4e58c: TEST Reg RAX, Reg RAX 3
4e58f: MOV Address (SizeDir 64 (AddrPlus (FromReg RBX) (AddrImm 48))), Reg RAX 4
4e593: JE 4e5a8 (resolved immediate)
  |
  `- 4e595,4e5a8
4e595: MOV Reg RAX, Address (SizeDir 64 (AddrPlus (FromReg RBP) (AddrImm 16))) 4
4e599: LEA Reg RDX, Address (SizeDir 64 (AddrPlus (FromReg RBX) (AddrImm 48))) 4
4e59d: MOV Reg RAX, Address (SizeDir 64 (AddrPlus (FromReg RAX) (AddrImm 168))) 7
4e5a4: MOV Address (SizeDir 64 (AddrPlus (FromReg RAX) (AddrImm 56))), Reg RDX 4
4e5a8: MOV Reg RAX, Address (SizeDir 64 (AddrPlus (FromReg RBP) (AddrImm 16))) 4
4e5ac: MOV Address (SizeDir 64 (AddrPlus (FromReg RAX) (AddrImm 168))), Reg RBX 7
4e5b3: MOV Reg RAX, Address (SizeDir 64 (AddrPlus (FromReg RBP) (AddrImm 16))) 4
4e5b7: ADD Reg RAX, Immediate 168 6
4e5bd: MOV Address (SizeDir 64 (AddrPlus (FromReg RBX) (AddrImm 56))), Reg RAX 4
4e5c1: MOV Reg RAX, Reg RBX 3
4e5c4: POP Reg RBX 1
4e5c5: POP Reg RBP 1
4e5c6: POP Reg R12 2
4e5c8: RET  1
  |
  `- 
4e5d0: ADD Reg RDI, Immediate 24 4
4e5d4: MOV Reg ESI, Immediate 72 5
4e5d9: CALL libxl__zalloc (internal)
  |
  `- 3c410
4e5de: MOV Reg RDI, Reg RBP 3
4e5e1: MOV Reg RSI, Reg RAX 3
4e5e4: MOV Reg R12, Reg RAX 3
4e5e7: CALL libxl__poller_init (internal)
  |
  `- 4e500
4e5ec: TEST Reg EAX, Reg EAX 2
4e5ee: JNE 4e5f5 (resolved immediate)
  |
  `- 4e5f0,4e5f5
4e5f0: MOV Reg RBX, Reg R12 3
4e5f3: JMP 4e581 (resolved immediate)
  |
  `- 4e581
4e5f5: MOV Reg RDI, Reg R12 3
4e5f8: CALL free (external)
4e5fd: JMP 4e5c1 (resolved immediate)
  |
  `- 4e5c1
50d60: LEA Reg RDI, Address (SizeDir 64 (AddrPlus (FromReg RIP) (AddrImm 2622265))) 7
50d67: SUB Reg RSP, Immediate 8 4
50d6b: CALL pthread_mutex_lock (external)
50d70: TEST Reg EAX, Reg EAX 2
50d72: JNE 50d79 (resolved immediate)
  |
  `- 50d74,50d79
50d74: ADD Reg RSP, Immediate 8 4
50d78: RET  1
  |
  `- 
50d79: LEA Reg RCX, Address (SizeDir 64 (AddrPlus (FromReg RIP) (AddrImm 320112))) 7
50d80: LEA Reg RSI, Address (SizeDir 64 (AddrPlus (FromReg RIP) (AddrImm 318703))) 7
50d87: LEA Reg RDI, Address (SizeDir 64 (AddrPlus (FromReg RIP) (AddrImm 270559))) 7
50d8e: MOV Reg EDX, Immediate 69 5
50d93: CALL __assert_fail (external)
  |
  `- 
50dd0: LEA Reg RDI, Address (SizeDir 64 (AddrPlus (FromReg RIP) (AddrImm 2622153))) 7
50dd7: SUB Reg RSP, Immediate 8 4
50ddb: CALL pthread_mutex_unlock (external)
50de0: TEST Reg EAX, Reg EAX 2
50de2: JNE 50de9 (resolved immediate)
  |
  `- 50de4,50de9
50de4: ADD Reg RSP, Immediate 8 4
50de8: RET  1
  |
  `- 
50de9: LEA Reg RCX, Address (SizeDir 64 (AddrPlus (FromReg RIP) (AddrImm 319984))) 7
50df0: LEA Reg RSI, Address (SizeDir 64 (AddrPlus (FromReg RIP) (AddrImm 318591))) 7
50df7: LEA Reg RDI, Address (SizeDir 64 (AddrPlus (FromReg RIP) (AddrImm 270447))) 7
50dfe: MOV Reg EDX, Immediate 75 5
50e03: CALL __assert_fail (external)
  |
  `- 
511d0: PUSH Reg RBX 1
511d1: MOV Reg RBX, Reg RDI 3
511d4: CALL atfork_lock (internal)
  |
  `- 50d60
511d9: MOV Reg EAX, Address (SizeDir 32 (AddrPlus (FromReg RIP) (AddrImm 2621113))) 6
511df: TEST Reg EAX, Reg EAX 2
511e1: JNE 51232 (resolved immediate)
  |
  `- 511e3,51232
511e3: LEA Reg RDX, Address (SizeDir 64 (AddrMinus (FromReg RIP) (AddrImm 1050))) 7
511ea: LEA Reg RDI, Address (SizeDir 64 (AddrMinus (FromReg RIP) (AddrImm 1169))) 7
511f1: MOV Reg RSI, Reg RDX 3
511f4: CALL pthread_atfork (internal)
  |
  `- 92d70
511f9: TEST Reg EAX, Reg EAX 2
511fb: JE 51228 (resolved immediate)
  |
  `- 51228
51228: MOV Address (SizeDir 32 (AddrPlus (FromReg RIP) (AddrImm 2621030))), Immediate 1 10
51232: CALL atfork_unlock (internal)
  |
  `- 51237,50dd0
51237: XOR Reg EAX, Reg EAX 2
51239: POP Reg RBX 1
5123a: RET  1
  |
  `- 
92d70: MOV Reg RCX, Address (SizeDir 64 (AddrPlus (FromReg RIP) (AddrImm 2316809))) 7
92d77: JMP __register_atfork (jmp to external function)
  |
  `- 
