Number of assembly instructions     = 159
Number of indirect branches         = 0
Number of unresolved indirect jumps = 0: 
Number of unresolved indirect calls = 0: 
Number of symbolic states (representative of non-determinism): 159
Number of edges: 174

20500 (True): 41528
41490 (True): 7769e, 776cd, 776fd, 7772d, 7775d, 7778d, 777b9, 777e5
77680 (False): 0

20500: CMP Address (SizeDir 32 (FromReg RDI)), Reg ESI 2
20502: MOV Reg EAX, Immediate 1 5
20507: JLE 20519 (resolved immediate)
  |
  `- 20509,20519
20509: MOV Reg RAX, Address (SizeDir 64 (AddrPlus (FromReg RDI) (AddrImm 16))) 4
2050d: MOVSXD Reg RSI, Reg ESI 3
20510: MOV Reg RAX, Address (SizeDir 64 (AddrPlus (FromReg RAX) (AddrTimes (AddrImm 8) (FromReg RSI)))) 4
20514: MOV Address (SizeDir 64 (FromReg RDX)), Reg RAX 3
20517: XOR Reg EAX, Reg EAX 2
20519: RET  2
  |
  `- 
41490: PUSH Reg R15 2
41492: PUSH Reg R14 2
41494: PUSH Reg R13 2
41496: PUSH Reg R12 2
41498: PUSH Reg RBP 1
41499: PUSH Reg RBX 1
4149a: SUB Reg RSP, Immediate 24 4
4149e: MOV Reg RAX, Address (SizeDir 64 (AddrPlus (FromReg FS) (AddrImm 40))) 9
414a7: MOV Address (SizeDir 64 (AddrPlus (FromReg RSP) (AddrImm 8))), Reg RAX 5
414ac: XOR Reg EAX, Reg EAX 2
414ae: TEST Reg RSI, Reg RSI 3
414b1: JE 414b8 (resolved immediate)
  |
  `- 414b3,414b8
414b3: CMP Address (SizeDir 32 (FromReg RSI)), Immediate 64 3
414b6: JE 414e0 (resolved immediate)
  |
  `- 414b8,414e0
414b8: MOV Reg RCX, Address (SizeDir 64 (AddrPlus (FromReg RSP) (AddrImm 8))) 5
414bd: XOR Reg RCX, Address (SizeDir 64 (AddrPlus (FromReg FS) (AddrImm 40))) 9
414c6: JNE 4155b (resolved immediate)
  |
  `- 414cc,4155b
414cc: ADD Reg RSP, Immediate 24 4
414d0: POP Reg RBX 1
414d1: POP Reg RBP 1
414d2: POP Reg R12 2
414d4: POP Reg R13 2
414d6: POP Reg R14 2
414d8: POP Reg R15 2
414da: RET  1
  |
  `- 
414e0: MOV Reg RBP, Address (SizeDir 64 (AddrPlus (FromReg RSI) (AddrImm 8))) 4
414e4: XOR Reg EBX, Reg EBX 2
414e6: MOV Reg R13, Reg RDI 3
414e9: MOV Reg R14D, Reg EDX 3
414ec: MOV Address (SizeDir 64 (FromReg RSP)), Immediate 0 8
414f4: MOV Reg R12, Reg RSP 3
414f7: MOV Reg EAX, Address (SizeDir 32 (AddrPlus (FromReg RBP) (AddrImm 8))) 3
414fa: TEST Reg EAX, Reg EAX 2
414fc: JNE 4151b (resolved immediate)
  |
  `- 414fe,4151b
414fe: JMP 4152c (resolved immediate)
  |
  `- 4152c
4151b: MOV Reg RDX, Reg R12 3
4151e: MOV Reg ESI, Reg EBX 2
41520: MOV Reg RDI, Reg RBP 3
41523: CALL flexarray_get (internal)
  |
  `- 20500
41528: TEST Reg EAX, Reg EAX 2
4152a: JE 41500 (resolved immediate)
4152c: XOR Reg EAX, Reg EAX 2
4152e: JMP 414b8 (resolved immediate)
  |
  `- 414b8
4155b: CALL __stack_chk_fail (external)
  |
  `- 
77680: PUSH Reg R12 2
77682: MOV Reg R12, Reg RDI 3
77685: PUSH Reg RBP 1
77686: LEA Reg RDI, Address (SizeDir 64 (AddrPlus (FromReg RIP) (AddrImm 127843))) 7
7768d: PUSH Reg RBX 1
7768e: MOV Reg RBP, Reg RDX 3
77691: MOV Reg EDX, Immediate 33 5
77696: MOV Reg RBX, Reg RSI 3
77699: CALL libxl__json_map_get (internal)
  |
  `- 41490
7769e: TEST Reg RAX, Reg RAX 3
776a1: JE 776b9 (resolved immediate)
  |
  `- 776a3,776b9
776a3: MOV Reg RDX, Reg RBP 3
776a6: MOV Reg RSI, Reg RAX 3
776a9: MOV Reg RDI, Reg R12 3
776ac: CALL libxl__string_parse_json (external)
776b1: TEST Reg EAX, Reg EAX 2
776b3: JNE 77800 (resolved immediate)
  |
  `- 776b9,77800
776b9: LEA Reg RDI, Address (SizeDir 64 (AddrPlus (FromReg RIP) (AddrImm 193571))) 7
776c0: MOV Reg EDX, Immediate 4 5
776c5: MOV Reg RSI, Reg RBX 3
776c8: CALL libxl__json_map_get (internal)
776cd: TEST Reg RAX, Reg RAX 3
776d0: JE 776e9 (resolved immediate)
  |
  `- 776d2,776e9
776d2: LEA Reg RDX, Address (SizeDir 64 (AddrPlus (FromReg RBP) (AddrImm 8))) 4
776d6: MOV Reg RSI, Reg RAX 3
776d9: MOV Reg RDI, Reg R12 3
776dc: CALL libxl__uint32_parse_json (external)
776e1: TEST Reg EAX, Reg EAX 2
776e3: JNE 77800 (resolved immediate)
  |
  `- 776e9,77800
776e9: LEA Reg RDI, Address (SizeDir 64 (AddrPlus (FromReg RIP) (AddrImm 138661))) 7
776f0: MOV Reg EDX, Immediate 33 5
776f5: MOV Reg RSI, Reg RBX 3
776f8: CALL libxl__json_map_get (internal)
776fd: TEST Reg RAX, Reg RAX 3
77700: JE 77719 (resolved immediate)
  |
  `- 77702,77719
77702: LEA Reg RDX, Address (SizeDir 64 (AddrPlus (FromReg RBP) (AddrImm 16))) 4
77706: MOV Reg RSI, Reg RAX 3
77709: MOV Reg RDI, Reg R12 3
7770c: CALL libxl__string_parse_json (external)
77711: TEST Reg EAX, Reg EAX 2
77713: JNE 77800 (resolved immediate)
  |
  `- 77719,77800
77719: LEA Reg RDI, Address (SizeDir 64 (AddrPlus (FromReg RIP) (AddrImm 193486))) 7
77720: MOV Reg EDX, Immediate 4 5
77725: MOV Reg RSI, Reg RBX 3
77728: CALL libxl__json_map_get (internal)
7772d: TEST Reg RAX, Reg RAX 3
77730: JE 77749 (resolved immediate)
  |
  `- 77732,77749
77732: LEA Reg RDX, Address (SizeDir 64 (AddrPlus (FromReg RBP) (AddrImm 24))) 4
77736: MOV Reg RSI, Reg RAX 3
77739: MOV Reg RDI, Reg R12 3
7773c: CALL libxl__uint32_parse_json (external)
77741: TEST Reg EAX, Reg EAX 2
77743: JNE 77800 (resolved immediate)
  |
  `- 77749,77800
77749: LEA Reg RDI, Address (SizeDir 64 (AddrPlus (FromReg RIP) (AddrImm 193414))) 7
77750: MOV Reg EDX, Immediate 4 5
77755: MOV Reg RSI, Reg RBX 3
77758: CALL libxl__json_map_get (internal)
7775d: TEST Reg RAX, Reg RAX 3
77760: JE 77779 (resolved immediate)
  |
  `- 77762,77779
77762: LEA Reg RDX, Address (SizeDir 64 (AddrPlus (FromReg RBP) (AddrImm 28))) 4
77766: MOV Reg RSI, Reg RAX 3
77769: MOV Reg RDI, Reg R12 3
7776c: CALL libxl__int_parse_json (external)
77771: TEST Reg EAX, Reg EAX 2
77773: JNE 77800 (resolved immediate)
  |
  `- 77779,77800
77779: LEA Reg RDI, Address (SizeDir 64 (AddrPlus (FromReg RIP) (AddrImm 145490))) 7
77780: MOV Reg EDX, Immediate 4 5
77785: MOV Reg RSI, Reg RBX 3
77788: CALL libxl__json_map_get (internal)
7778d: TEST Reg RAX, Reg RAX 3
77790: JE 777a5 (resolved immediate)
  |
  `- 77792,777a5
77792: LEA Reg RDX, Address (SizeDir 64 (AddrPlus (FromReg RBP) (AddrImm 32))) 4
77796: MOV Reg RSI, Reg RAX 3
77799: MOV Reg RDI, Reg R12 3
7779c: CALL libxl__int_parse_json (external)
777a1: TEST Reg EAX, Reg EAX 2
777a3: JNE 77800 (resolved immediate)
  |
  `- 777a5,77800
777a5: LEA Reg RDI, Address (SizeDir 64 (AddrPlus (FromReg RIP) (AddrImm 193378))) 7
777ac: MOV Reg EDX, Immediate 4 5
777b1: MOV Reg RSI, Reg RBX 3
777b4: CALL libxl__json_map_get (internal)
777b9: TEST Reg RAX, Reg RAX 3
777bc: JE 777d1 (resolved immediate)
  |
  `- 777be,777d1
777be: LEA Reg RDX, Address (SizeDir 64 (AddrPlus (FromReg RBP) (AddrImm 36))) 4
777c2: MOV Reg RSI, Reg RAX 3
777c5: MOV Reg RDI, Reg R12 3
777c8: CALL libxl__int_parse_json (external)
777cd: TEST Reg EAX, Reg EAX 2
777cf: JNE 77800 (resolved immediate)
  |
  `- 777d1,77800
777d1: LEA Reg RDI, Address (SizeDir 64 (AddrPlus (FromReg RIP) (AddrImm 193344))) 7
777d8: MOV Reg EDX, Immediate 4 5
777dd: MOV Reg RSI, Reg RBX 3
777e0: CALL libxl__json_map_get (internal)
777e5: TEST Reg RAX, Reg RAX 3
777e8: JE 77800 (resolved immediate)
  |
  `- 777ea,77800
777ea: POP Reg RBX 1
777eb: LEA Reg RDX, Address (SizeDir 64 (AddrPlus (FromReg RBP) (AddrImm 40))) 4
777ef: MOV Reg RDI, Reg R12 3
777f2: MOV Reg RSI, Reg RAX 3
777f5: POP Reg RBP 1
777f6: POP Reg R12 2
777f8: JMP libxl__int_parse_json (jmp to external function)
  |
  `- 
77800: POP Reg RBX 1
77801: POP Reg RBP 1
77802: POP Reg R12 2
77804: RET  1
  |
  `- 
