Number of assembly instructions     = 16
Number of indirect branches         = 0
Number of unresolved indirect jumps = 0: 
Number of unresolved indirect calls = 0: 
Number of symbolic states (representative of non-determinism): 16
Number of edges: 19

834c0 (False): 0

834c0: CMP Reg EDI, Immediate 1 3
834c3: LEA Reg RAX, Address (AddrPlus (FromReg RIP) (AddrImm 147594)) 7
834ca: JZ 834e6 (resolved immediate)
  |
  `- 834cc,834e6
834cc: JLE 834f0 (resolved immediate)
  |
  `- 834ce,834f0
834ce: CMP Reg EDI, Immediate 2 3
834d1: LEA Reg RAX, Address (AddrPlus (FromReg RIP) (AddrImm 65759)) 7
834d8: JZ 834e6 (resolved immediate)
  |
  `- 834da,834e6
834da: CMP Reg EDI, Immediate 3 3
834dd: LEA Reg RAX, Address (AddrPlus (FromReg RIP) (AddrImm 147585)) 7
834e4: JNZ 834fc (resolved immediate)
  |
  `- 834e6,834fc
834e6: REPZ RET  2
  |
  `- 
834f0: CMP Reg EDI, Immediate 4294967295 3
834f3: LEA Reg RAX, Address (AddrPlus (FromReg RIP) (AddrImm 123034)) 7
834fa: JZ 834e6 (resolved immediate)
  |
  `- 834e6,834fc
834fc: XOR Reg EAX, Reg EAX 2
834fe: RET  1
  |
  `- 
