Number of assembly instructions     = 11
Number of indirect branches         = 0
Number of unresolved indirect jumps = 0: 
Number of unresolved indirect calls = 0: 
Number of symbolic states (representative of non-determinism): 11
Number of edges: 10

3e9e0 (False): 0

3e9e0: TEST Reg RDI, Reg RDI 3
3e9e3: JZ 3ea08 (resolved immediate)
  |
  `- 3e9e5,3ea08
3e9e5: PUSH Reg RBX 1
3e9e6: MOV Reg RBX, Reg RDI 3
3e9e9: MOV Reg RDI, Address (SizeDir 64 (AddrPlus (FromReg RDI) (AddrImm 8))) 4
3e9ed: CALL free (external)
3e9f2: MOV Address (SizeDir 64 (AddrPlus (FromReg RBX) (AddrImm 8))), Immediate 0 8
3e9fa: MOV Address (SizeDir 32 (FromReg RBX)), Immediate 0 6
3ea00: POP Reg RBX 1
3ea01: RET  1
  |
  `- 
3ea08: REPZ RET  2
  |
  `- 
