Number of assembly instructions     = 96
Number of indirect branches         = 0
Number of unresolved indirect jumps = 0: 
Number of unresolved indirect calls = 0: 
Number of symbolic states (representative of non-determinism): 96
Number of edges: 96

3bdb0 (True): 4da9f
4cc40 (False): 4dabd
4cc70 (False): 4dac7
4da20 (False): 0

3bdb0: PUSH Reg R12 2
3bdb2: PUSH Reg RBP 1
3bdb3: PUSH Reg RBX 1
3bdb4: MOV Reg EAX, Address (SizeDir 32 (FromReg RDI)) 2
3bdb6: TEST Reg EAX, Reg EAX 2
3bdb8: JS 3be14 (resolved immediate)
  |
  `- 3bdba,3be14
3bdba: MOV Reg R12, Reg RDI 3
3bdbd: MOV Reg EBP, Immediate 0 5
3bdc2: MOV Reg EBX, Immediate 0 5
3bdc7: JZ 3bdf4 (resolved immediate)
  |
  `- 3bdc9,3bdf4
3bdc9: NOP  7
3bdd0: MOV Reg RAX, Address (SizeDir 64 (AddrPlus (FromReg R12) (AddrImm 8))) 5
3bdd5: ADD Reg EBX, Immediate 1 3
3bdd8: ADD Reg RAX, Reg RBP 3
3bddb: ADD Reg RBP, Immediate 8 4
3bddf: MOV Reg RDI, Address (SizeDir 64 (FromReg RAX)) 3
3bde2: MOV Address (SizeDir 64 (FromReg RAX)), Immediate 0 7
3bde9: CALL free (external)
3bdee: CMP Address (SizeDir 32 (FromReg R12)), Reg EBX 4
3bdf2: JG 3bdd0 (resolved immediate)
  |
  `- 3bdd0,3bdf4
3bdf4: MOV Reg RDI, Address (SizeDir 64 (AddrPlus (FromReg R12) (AddrImm 8))) 5
3bdf9: CALL free (external)
3bdfe: MOV Address (SizeDir 64 (AddrPlus (FromReg R12) (AddrImm 8))), Immediate 0 9
3be07: MOV Address (SizeDir 32 (FromReg R12)), Immediate 0 8
3be0f: POP Reg RBX 1
3be10: POP Reg RBP 1
3be11: POP Reg R12 2
3be13: RET  1
  |
  `- 
3be14: LEA Reg RCX, Address (AddrPlus (FromReg RIP) (AddrImm 387253)) 7
3be1b: LEA Reg RSI, Address (AddrPlus (FromReg RIP) (AddrImm 386238)) 7
3be22: LEA Reg RDI, Address (AddrPlus (FromReg RIP) (AddrImm 386248)) 7
3be29: MOV Reg EDX, Immediate 80 5
3be2e: CALL __assert_fail (external)
  |
  `- 
4cc40: LEA Reg RCX, Address (AddrPlus (FromReg RIP) (AddrImm 335369)) 7
4cc47: LEA Reg RSI, Address (AddrPlus (FromReg RIP) (AddrImm 287246)) 7
4cc4e: LEA Reg RDI, Address (AddrPlus (FromReg RIP) (AddrImm 287256)) 7
4cc55: SUB Reg RSP, Immediate 8 4
4cc59: MOV Reg EDX, Immediate 4217 5
4cc5e: CALL __assert_fail (external)
  |
  `- 
4cc70: LEA Reg RCX, Address (AddrPlus (FromReg RIP) (AddrImm 335289)) 7
4cc77: LEA Reg RSI, Address (AddrPlus (FromReg RIP) (AddrImm 287198)) 7
4cc7e: LEA Reg RDI, Address (AddrPlus (FromReg RIP) (AddrImm 287208)) 7
4cc85: SUB Reg RSP, Immediate 8 4
4cc89: MOV Reg EDX, Immediate 4222 5
4cc8e: CALL __assert_fail (external)
  |
  `- 
4da20: PUSH Reg R12 2
4da22: PUSH Reg RBP 1
4da23: MOV Reg R12, Reg RSI 3
4da26: PUSH Reg RBX 1
4da27: MOV Reg RBX, Reg RDI 3
4da2a: MOV Reg RBP, Reg RDX 3
4da2d: SUB Reg RSP, Immediate 32 4
4da31: MOV Address (SizeDir 64 (AddrPlus (FromReg RSP) (AddrImm 16))), Reg RDI 5
4da36: ADD Reg RDI, Immediate 64 4
4da3a: MOV Address (SizeDir 32 (FromReg RSP)), Immediate 0 7
4da41: MOV Reg RAX, Address (SizeDir 64 (AddrPlus (FromReg FS) (AddrImm 40))) 9
4da4a: MOV Address (SizeDir 64 (AddrPlus (FromReg RSP) (AddrImm 24))), Reg RAX 5
4da4f: XOR Reg EAX, Reg EAX 2
4da51: MOV Address (SizeDir 64 (AddrPlus (FromReg RSP) (AddrImm 8))), Immediate 0 9
4da5a: CALL pthread_mutex_lock (external)
4da5f: TEST Reg EAX, Reg EAX 2
4da61: JNZ 4dab8 (resolved immediate)
  |
  `- 4da63,4dab8
4da63: CMP Address (SizeDir 64 (AddrPlus (FromReg RBX) (AddrImm 192))), Immediate 0 8
4da6b: JNZ 4dae6 (resolved immediate)
  |
  `- 4da6d,4dae6
4da6d: CMP Address (SizeDir 64 (AddrPlus (FromReg RBX) (AddrImm 200))), Immediate 0 8
4da75: JNZ 4dac7 (resolved immediate)
  |
  `- 4da77,4dac7
4da77: MOV Reg RAX, Address (SizeDir 64 (AddrPlus (FromReg RSP) (AddrImm 16))) 5
4da7c: MOV Address (SizeDir 64 (AddrPlus (FromReg RBX) (AddrImm 128))), Reg R12 7
4da83: MOV Address (SizeDir 64 (AddrPlus (FromReg RBX) (AddrImm 136))), Reg RBP 7
4da8a: LEA Reg RDI, Address (AddrPlus (FromReg RAX) (AddrImm 64)) 4
4da8e: CALL pthread_mutex_unlock (external)
4da93: TEST Reg EAX, Reg EAX 2
4da95: JNZ 4dac2 (resolved immediate)
  |
  `- 4da97,4dac2
4da97: MOV Reg RDI, Reg RSP 3
4da9a: CALL libxl__free_all (internal)
  |
  `- 3bdb0
4da9f: MOV Reg RAX, Address (SizeDir 64 (AddrPlus (FromReg RSP) (AddrImm 24))) 5
4daa4: XOR Reg RAX, Address (SizeDir 64 (AddrPlus (FromReg FS) (AddrImm 40))) 9
4daad: JNZ 4dabd (resolved immediate)
  |
  `- 4daaf,4dabd
4daaf: ADD Reg RSP, Immediate 32 4
4dab3: POP Reg RBX 1
4dab4: POP Reg RBP 1
4dab5: POP Reg R12 2
4dab7: RET  1
  |
  `- 
4dab8: CALL libxl__ctx_lock.part.16 (internal)
  |
  `- 4cc40
4dabd: CALL __stack_chk_fail (external)
  |
  `- 
4dac2: CALL libxl__ctx_unlock.part.17 (internal)
  |
  `- 4cc70
4dac7: LEA Reg RCX, Address (AddrPlus (FromReg RIP) (AddrImm 330914)) 7
4dace: LEA Reg RSI, Address (AddrPlus (FromReg RIP) (AddrImm 327137)) 7
4dad5: LEA Reg RDI, Address (AddrPlus (FromReg RIP) (AddrImm 284084)) 7
4dadc: MOV Reg EDX, Immediate 1314 5
4dae1: CALL __assert_fail (external)
  |
  `- 
4dae6: LEA Reg RCX, Address (AddrPlus (FromReg RIP) (AddrImm 330883)) 7
4daed: LEA Reg RSI, Address (AddrPlus (FromReg RIP) (AddrImm 327106)) 7
4daf4: LEA Reg RDI, Address (AddrPlus (FromReg RIP) (AddrImm 283531)) 7
4dafb: MOV Reg EDX, Immediate 1313 5
4db00: CALL __assert_fail (external)
  |
  `- 
