Number of assembly instructions     = 571
Number of indirect branches         = 0
Number of unresolved indirect jumps = 0: 
Number of unresolved indirect calls = 0: 
Number of symbolic states (representative of non-determinism): 571
Number of edges: 613

20500 (True): 411b6, 41528
3be40 (True): 3c1a9
3c110 (True): 3c211, 3c274
3c1d0 (False): 3c39c, 3c655
3c2a0 (True): 3c631
3c600 (True): 7874e
41160 (True): 78788
41490 (True): 785f2, 78621, 78651, 78681, 786b1, 786dd, 78709
785d0 (False): 0

20500: CMP Address (SizeDir 32 (FromReg RDI)), Reg ESI 2
20502: MOV Reg EAX, Immediate 1 5
20507: JLE 20519 (resolved immediate)
  |
  `- 20509,20519
20509: MOV Reg RAX, Address (SizeDir 64 (AddrPlus (FromReg RDI) (AddrImm 16))) 4
2050d: MOVSXD Reg RSI, Reg ESI 3
20510: MOV Reg RAX, Address (SizeDir 64 (AddrPlus (FromReg RAX) (AddrTimes (AddrImm 8) (FromReg RSI)))) 4
20514: MOV Address (SizeDir 64 (FromReg RDX)), Reg RAX 3
20517: XOR Reg EAX, Reg EAX 2
20519: REPZ RET  2
  |
  `- 
3be40: PUSH Reg R15 2
3be42: PUSH Reg R14 2
3be44: MOV Reg R15, Reg RDI 3
3be47: PUSH Reg R13 2
3be49: PUSH Reg R12 2
3be4b: MOV Reg R12, Reg RCX 3
3be4e: PUSH Reg RBP 1
3be4f: PUSH Reg RBX 1
3be50: MOV Reg EBP, Reg R8D 3
3be53: MOV Reg RBX, Reg R9 3
3be56: SUB Reg RSP, Immediate 584 7
3be5d: MOV Address (SizeDir 32 (AddrPlus (FromReg RSP) (AddrImm 4))), Reg ESI 4
3be61: MOV Address (SizeDir 32 (AddrPlus (FromReg RSP) (AddrImm 8))), Reg EDX 4
3be65: MOV Reg RAX, Address (SizeDir 64 (AddrPlus (FromReg FS) (AddrImm 40))) 9
3be6e: MOV Address (SizeDir 64 (AddrPlus (FromReg RSP) (AddrImm 568))), Reg RAX 8
3be76: XOR Reg EAX, Reg EAX 2
3be78: MOV Address (SizeDir 64 (AddrPlus (FromReg RSP) (AddrImm 40))), Immediate 0 9
3be81: CALL __errno_location (external)
3be86: MOV Reg RCX, Address (SizeDir 64 (AddrPlus (FromReg RSP) (AddrImm 656))) 8
3be8e: MOV Reg RDX, Address (SizeDir 64 (AddrPlus (FromReg RSP) (AddrImm 648))) 8
3be96: LEA Reg RDI, Address (AddrPlus (FromReg RSP) (AddrImm 40)) 5
3be9b: MOV Reg ESI, Immediate 1 5
3bea0: MOV Reg R13, Reg RAX 3
3bea3: MOV Reg R14D, Address (SizeDir 32 (FromReg RAX)) 3
3bea6: CALL __vasprintf_chk (external)
3beab: TEST Reg RBX, Reg RBX 3
3beae: SETNZ Address (SizeDir 8 (AddrPlus (FromReg RSP) (AddrImm 15))) 5
3beb3: TEST Reg EAX, Reg EAX 2
3beb5: JS 3c0a0 (resolved immediate)
  |
  `- 3bebb,3c0a0
3bebb: TEST Reg R12, Reg R12 3
3bebe: MOV Address (SizeDir 8 (AddrPlus (FromReg RSP) (AddrImm 48))), Immediate 0 5
3bec3: JZ 3bf50 (resolved immediate)
  |
  `- 3bec9,3bf50
3bec9: LEA Reg R10, Address (AddrPlus (FromReg RSP) (AddrImm 48)) 5
3bece: SUB Reg RSP, Immediate 8 4
3bed2: LEA Reg R8, Address (AddrPlus (FromReg RIP) (AddrImm 362554)) 7
3bed9: PUSH Reg RBP 1
3beda: MOV Reg EDX, Immediate 1 5
3bedf: XOR Reg EAX, Reg EAX 2
3bee1: MOV Reg RDI, Reg R10 3
3bee4: MOV Reg R9, Reg R12 3
3bee7: MOV Reg ECX, Immediate 256 5
3beec: MOV Reg ESI, Immediate 256 5
3bef1: MOV Address (SizeDir 64 (AddrPlus (FromReg RSP) (AddrImm 32))), Reg R10 5
3bef6: CALL __snprintf_chk (external)
3befb: MOV Address (SizeDir 8 (AddrPlus (FromReg RSP) (AddrImm 319))), Immediate 0 8
3bf03: MOV Address (SizeDir 8 (AddrPlus (FromReg RSP) (AddrImm 320))), Immediate 0 8
3bf0b: POP Reg RAX 1
3bf0c: POP Reg RDX 1
3bf0d: CMP Address (SizeDir 32 (AddrPlus (FromReg RSP) (AddrImm 640))), Immediate 4294967295 8
3bf15: MOV Reg R10, Address (SizeDir 64 (AddrPlus (FromReg RSP) (AddrImm 16))) 5
3bf1a: JNZ 3bfc0 (resolved immediate)
  |
  `- 3bf20,3bfc0
3bf20: TEST Reg RBX, Reg RBX 3
3bf23: MOV Reg RCX, Address (SizeDir 64 (AddrPlus (FromReg RSP) (AddrImm 40))) 5
3bf28: JZ 3c0c6 (resolved immediate)
  |
  `- 3bf2e,3c0c6
3bf2e: LEA Reg RDX, Address (AddrPlus (FromReg RIP) (AddrImm 386002)) 7
3bf35: LEA Reg RAX, Address (AddrPlus (FromReg RIP) (AddrImm 408678)) 7
3bf3c: LEA Reg RBP, Address (AddrPlus (FromReg RIP) (AddrImm 386109)) 7
3bf43: LEA Reg R11, Address (AddrPlus (FromReg RSP) (AddrImm 304)) 8
3bf4b: JMP 3c031 (resolved immediate)
  |
  `- 3c031
3bf50: CMP Address (SizeDir 32 (AddrPlus (FromReg RSP) (AddrImm 640))), Immediate 4294967295 8
3bf58: MOV Address (SizeDir 8 (AddrPlus (FromReg RSP) (AddrImm 303))), Immediate 0 8
3bf60: LEA Reg R10, Address (AddrPlus (FromReg RSP) (AddrImm 48)) 5
3bf65: MOV Address (SizeDir 8 (AddrPlus (FromReg RSP) (AddrImm 304))), Immediate 0 8
3bf6d: JNZ 3bfc0 (resolved immediate)
  |
  `- 3bf6f,3bfc0
3bf6f: TEST Reg R12, Reg R12 3
3bf72: MOV Reg RCX, Address (SizeDir 64 (AddrPlus (FromReg RSP) (AddrImm 40))) 5
3bf77: LEA Reg RBP, Address (AddrPlus (FromReg RIP) (AddrImm 386050)) 7
3bf7e: LEA Reg R10, Address (AddrPlus (FromReg RSP) (AddrImm 48)) 5
3bf83: LEA Reg R11, Address (AddrPlus (FromReg RSP) (AddrImm 304)) 8
3bf8b: JZ 3c019 (resolved immediate)
  |
  `- 3c019
3bf98: TEST Reg RBX, Reg RBX 3
3bf9b: JZ 3c0eb (resolved immediate)
  |
  `- 3bfa1,3c0eb
3bfa1: LEA Reg RAX, Address (AddrPlus (FromReg RIP) (AddrImm 396536)) 7
3bfa8: LEA Reg RSI, Address (AddrPlus (FromReg RIP) (AddrImm 408563)) 7
3bfaf: TEST Reg R12, Reg R12 3
3bfb2: LEA Reg RDX, Address (AddrPlus (FromReg RIP) (AddrImm 385870)) 7
3bfb9: CMOVNZ Reg RAX, Reg RSI 4
3bfbd: JMP 3c031 (resolved immediate)
  |
  `- 3c031
3bfc0: LEA Reg R11, Address (AddrPlus (FromReg RSP) (AddrImm 304)) 8
3bfc8: MOV Reg R9D, Address (SizeDir 32 (AddrPlus (FromReg RSP) (AddrImm 640))) 8
3bfd0: LEA Reg R8, Address (AddrPlus (FromReg RIP) (AddrImm 385843)) 7
3bfd7: MOV Reg ECX, Immediate 256 5
3bfdc: MOV Reg EDX, Immediate 1 5
3bfe1: MOV Reg ESI, Immediate 256 5
3bfe6: MOV Reg RDI, Reg R11 3
3bfe9: XOR Reg EAX, Reg EAX 2
3bfeb: MOV Address (SizeDir 64 (AddrPlus (FromReg RSP) (AddrImm 24))), Reg R10 5
3bff0: MOV Address (SizeDir 64 (AddrPlus (FromReg RSP) (AddrImm 16))), Reg R11 5
3bff5: LEA Reg RBP, Address (AddrPlus (FromReg RIP) (AddrImm 385924)) 7
3bffc: CALL __snprintf_chk (external)
3c001: MOV Reg RCX, Address (SizeDir 64 (AddrPlus (FromReg RSP) (AddrImm 40))) 5
3c006: MOV Reg R11, Address (SizeDir 64 (AddrPlus (FromReg RSP) (AddrImm 16))) 5
3c00b: MOV Reg R10, Address (SizeDir 64 (AddrPlus (FromReg RSP) (AddrImm 24))) 5
3c010: TEST Reg R12, Reg R12 3
3c013: JNZ 3bf98 (resolved immediate)
  |
  `- 3bf98,3c019
3c019: CMP Address (SizeDir 8 (AddrPlus (FromReg RSP) (AddrImm 15))), Immediate 0 5
3c01e: JNZ 3bf98 (resolved immediate)
  |
  `- 3bf98,3c024
3c024: LEA Reg RBX, Address (AddrPlus (FromReg RIP) (AddrImm 396405)) 7
3c02b: MOV Reg RDX, Reg RBX 3
3c02e: MOV Reg RAX, Reg RBX 3
3c031: SUB Reg RSP, Immediate 8 4
3c035: MOV Reg RDI, Address (SizeDir 64 (FromReg R15)) 3
3c038: LEA Reg R8, Address (AddrPlus (FromReg RIP) (AddrImm 385750)) 7
3c03f: PUSH Reg RCX 1
3c040: PUSH Reg R11 2
3c042: LEA Reg RCX, Address (AddrPlus (FromReg RIP) (AddrImm 358278)) 7
3c049: PUSH Reg RDX 1
3c04a: PUSH Reg RBX 1
3c04b: MOV Reg R9, Reg R10 3
3c04e: PUSH Reg RAX 1
3c04f: MOV Reg EDX, Address (SizeDir 32 (AddrPlus (FromReg RSP) (AddrImm 56))) 4
3c053: XOR Reg EAX, Reg EAX 2
3c055: MOV Reg ESI, Address (SizeDir 32 (AddrPlus (FromReg RSP) (AddrImm 52))) 4
3c059: CALL xtl_log (external)
3c05e: MOV Reg RDI, Address (SizeDir 64 (AddrPlus (FromReg RSP) (AddrImm 88))) 5
3c063: ADD Reg RSP, Immediate 48 4
3c067: CMP Reg RDI, Reg RBP 3
3c06a: JZ 3c071 (resolved immediate)
  |
  `- 3c06c,3c071
3c06c: CALL free (external)
3c071: MOV Reg RAX, Address (SizeDir 64 (AddrPlus (FromReg RSP) (AddrImm 568))) 8
3c079: XOR Reg RAX, Address (SizeDir 64 (AddrPlus (FromReg FS) (AddrImm 40))) 9
3c082: MOV Address (SizeDir 32 (AddrPlus (FromReg R13) (AddrImm 0))), Reg R14D 4
3c086: JNZ 3c0c1 (resolved immediate)
  |
  `- 3c088,3c0c1
3c088: ADD Reg RSP, Immediate 584 7
3c08f: POP Reg RBX 1
3c090: POP Reg RBP 1
3c091: POP Reg R12 2
3c093: POP Reg R13 2
3c095: POP Reg R14 2
3c097: POP Reg R15 2
3c099: RET  1
  |
  `- 
3c0a0: LEA Reg RBP, Address (AddrPlus (FromReg RIP) (AddrImm 385753)) 7
3c0a7: LEA Reg R10, Address (AddrPlus (FromReg RSP) (AddrImm 48)) 5
3c0ac: LEA Reg R11, Address (AddrPlus (FromReg RSP) (AddrImm 304)) 8
3c0b4: MOV Address (SizeDir 64 (AddrPlus (FromReg RSP) (AddrImm 40))), Reg RBP 5
3c0b9: MOV Reg RCX, Reg RBP 3
3c0bc: JMP 3c010 (resolved immediate)
  |
  `- 3c010
3c0c1: CALL __stack_chk_fail (external)
  |
  `- 
3c0c6: LEA Reg RBX, Address (AddrPlus (FromReg RIP) (AddrImm 396243)) 7
3c0cd: LEA Reg RDX, Address (AddrPlus (FromReg RIP) (AddrImm 385587)) 7
3c0d4: LEA Reg RBP, Address (AddrPlus (FromReg RIP) (AddrImm 385701)) 7
3c0db: LEA Reg R11, Address (AddrPlus (FromReg RSP) (AddrImm 304)) 8
3c0e3: MOV Reg RAX, Reg RBX 3
3c0e6: JMP 3c031 (resolved immediate)
  |
  `- 3c031
3c0eb: LEA Reg RBX, Address (AddrPlus (FromReg RIP) (AddrImm 396206)) 7
3c0f2: LEA Reg RDX, Address (AddrPlus (FromReg RIP) (AddrImm 385550)) 7
3c0f9: MOV Reg RAX, Reg RBX 3
3c0fc: JMP 3c031 (resolved immediate)
  |
  `- 3c031
3c110: SUB Reg RSP, Immediate 216 7
3c117: TEST Reg AL, Reg AL 2
3c119: MOV Reg R10, Address (SizeDir 64 (AddrPlus (FromReg RSP) (AddrImm 232))) 8
3c121: JZ 3c15a (resolved immediate)
  |
  `- 3c123,3c15a
3c123: MOVAPS Address (SizeDir 128 (AddrPlus (FromReg RSP) (AddrImm 80))), Reg XMM0 5
3c128: MOVAPS Address (SizeDir 128 (AddrPlus (FromReg RSP) (AddrImm 96))), Reg XMM1 5
3c12d: MOVAPS Address (SizeDir 128 (AddrPlus (FromReg RSP) (AddrImm 112))), Reg XMM2 5
3c132: MOVAPS Address (SizeDir 128 (AddrPlus (FromReg RSP) (AddrImm 128))), Reg XMM3 8
3c13a: MOVAPS Address (SizeDir 128 (AddrPlus (FromReg RSP) (AddrImm 144))), Reg XMM4 8
3c142: MOVAPS Address (SizeDir 128 (AddrPlus (FromReg RSP) (AddrImm 160))), Reg XMM5 8
3c14a: MOVAPS Address (SizeDir 128 (AddrPlus (FromReg RSP) (AddrImm 176))), Reg XMM6 8
3c152: MOVAPS Address (SizeDir 128 (AddrPlus (FromReg RSP) (AddrImm 192))), Reg XMM7 8
3c15a: MOV Reg RAX, Address (SizeDir 64 (AddrPlus (FromReg FS) (AddrImm 40))) 9
3c163: MOV Address (SizeDir 64 (AddrPlus (FromReg RSP) (AddrImm 24))), Reg RAX 5
3c168: XOR Reg EAX, Reg EAX 2
3c16a: LEA Reg RAX, Address (AddrPlus (FromReg RSP) (AddrImm 240)) 8
3c172: MOV Address (SizeDir 64 (AddrPlus (FromReg RSP) (AddrImm 8))), Reg RAX 5
3c177: LEA Reg RAX, Address (AddrPlus (FromReg RSP) (AddrImm 32)) 5
3c17c: MOV Address (SizeDir 32 (FromReg RSP)), Immediate 48 7
3c183: MOV Address (SizeDir 32 (AddrPlus (FromReg RSP) (AddrImm 4))), Immediate 48 8
3c18b: SUB Reg RSP, Immediate 8 4
3c18f: MOV Address (SizeDir 64 (AddrPlus (FromReg RSP) (AddrImm 24))), Reg RAX 5
3c194: LEA Reg RAX, Address (AddrPlus (FromReg RSP) (AddrImm 8)) 5
3c199: PUSH Reg RAX 1
3c19a: PUSH Reg R10 2
3c19c: MOV Reg EAX, Address (SizeDir 32 (AddrPlus (FromReg RSP) (AddrImm 248))) 7
3c1a3: PUSH Reg RAX 1
3c1a4: CALL libxl__logv (internal)
  |
  `- 3be40
3c1a9: ADD Reg RSP, Immediate 32 4
3c1ad: MOV Reg RAX, Address (SizeDir 64 (AddrPlus (FromReg RSP) (AddrImm 24))) 5
3c1b2: XOR Reg RAX, Address (SizeDir 64 (AddrPlus (FromReg FS) (AddrImm 40))) 9
3c1bb: JNZ 3c1c5 (resolved immediate)
  |
  `- 3c1bd,3c1c5
3c1bd: ADD Reg RSP, Immediate 216 7
3c1c4: RET  1
  |
  `- 
3c1c5: CALL __stack_chk_fail (external)
  |
  `- 
3c1d0: TEST Reg RCX, Reg RCX 3
3c1d3: PUSH Reg R14 2
3c1d5: PUSH Reg R13 2
3c1d7: PUSH Reg R12 2
3c1d9: PUSH Reg RBP 1
3c1da: PUSH Reg RBX 1
3c1db: MOV Reg RBX, Reg RSI 3
3c1de: JZ 3c24b (resolved immediate)
  |
  `- 3c1e0,3c24b
3c1e0: LEA Reg R14, Address (AddrPlus (FromReg RIP) (AddrImm 385473)) 7
3c1e7: SUB Reg RSP, Immediate 8 4
3c1eb: MOV Reg R9, Reg RSI 3
3c1ee: PUSH Reg RCX 1
3c1ef: PUSH Reg RDX 1
3c1f0: MOV Reg R13, Reg RDX 3
3c1f3: PUSH Reg RSI 1
3c1f4: PUSH Reg R14 2
3c1f6: MOV Reg R12, Reg RCX 3
3c1f9: PUSH Immediate 18446744073709551615 2
3c1fb: XOR Reg R8D, Reg R8D 3
3c1fe: XOR Reg ECX, Reg ECX 2
3c200: MOV Reg EDX, Immediate 12 5
3c205: MOV Reg ESI, Immediate 9 5
3c20a: XOR Reg EAX, Reg EAX 2
3c20c: CALL libxl__log (internal)
  |
  `- 
3c211: MOV Reg RBP, Address (SizeDir 64 (AddrPlus (FromReg RIP) (AddrImm 2665928))) 7
3c218: ADD Reg RSP, Immediate 48 4
3c21c: MOV Reg R9, Reg R12 3
3c21f: MOV Reg R8, Reg R13 3
3c222: MOV Reg RCX, Reg RBX 3
3c225: MOV Reg RDX, Reg R14 3
3c228: MOV Reg ESI, Immediate 1 5
3c22d: XOR Reg EAX, Reg EAX 2
3c22f: MOV Reg RDI, Address (SizeDir 64 (AddrPlus (FromReg RBP) (AddrImm 0))) 4
3c233: CALL __fprintf_chk (external)
3c238: MOV Reg RDI, Address (SizeDir 64 (AddrPlus (FromReg RBP) (AddrImm 0))) 4
3c23c: CALL fflush (external)
3c241: MOV Reg EDI, Immediate 4294967295 5
3c246: CALL _exit (external)
  |
  `- 
3c24b: LEA Reg R12, Address (AddrPlus (FromReg RIP) (AddrImm 385430)) 7
3c252: SUB Reg RSP, Immediate 8 4
3c256: MOV Reg R9, Reg RSI 3
3c259: PUSH Reg RSI 1
3c25a: XOR Reg ECX, Reg ECX 2
3c25c: XOR Reg EAX, Reg EAX 2
3c25e: PUSH Reg R12 2
3c260: PUSH Immediate 18446744073709551615 2
3c262: XOR Reg R8D, Reg R8D 3
3c265: MOV Reg EDX, Immediate 12 5
3c26a: MOV Reg ESI, Immediate 9 5
3c26f: CALL libxl__log (internal)
  |
  `- 3c110
3c274: MOV Reg RBP, Address (SizeDir 64 (AddrPlus (FromReg RIP) (AddrImm 2665829))) 7
3c27b: ADD Reg RSP, Immediate 32 4
3c27f: MOV Reg RCX, Reg RBX 3
3c282: MOV Reg RDX, Reg R12 3
3c285: MOV Reg ESI, Immediate 1 5
3c28a: XOR Reg EAX, Reg EAX 2
3c28c: MOV Reg RDI, Address (SizeDir 64 (AddrPlus (FromReg RBP) (AddrImm 0))) 4
3c290: CALL __fprintf_chk (external)
3c295: JMP 3c238 (resolved immediate)
  |
  `- 3c238
3c2a0: MOV Reg R8D, Address (SizeDir 32 (FromReg RDI)) 3
3c2a3: TEST Reg R8D, Reg R8D 3
3c2a6: JS 3c378 (resolved immediate)
  |
  `- 3c2ac,3c378
3c2ac: TEST Reg RSI, Reg RSI 3
3c2af: JZ 3c378 (resolved immediate)
  |
  `- 3c2b5,3c378
3c2b5: TEST Reg R8D, Reg R8D 3
3c2b8: JZ 3c2f7 (resolved immediate)
  |
  `- 3c2ba,3c2f7
3c2ba: MOV Reg RDX, Address (SizeDir 64 (AddrPlus (FromReg RDI) (AddrImm 8))) 4
3c2be: CMP Address (SizeDir 64 (FromReg RDX)), Immediate 0 4
3c2c2: JZ 3c380 (resolved immediate)
  |
  `- 3c2c8,3c380
3c2c8: LEA Reg RAX, Address (AddrPlus (FromReg RDX) (AddrImm 8)) 4
3c2cc: LEA Reg EDX, Address (AddrMinus (FromReg R8) (AddrImm 1)) 4
3c2d0: LEA Reg RCX, Address (AddrPlus (FromReg RAX) (AddrTimes (AddrImm 8) (FromReg RDX))) 4
3c2d4: JMP 3c2f2 (resolved immediate)
  |
  `- 3c2f2
3c2e0: MOV Reg RDX, Reg RAX 3
3c2e3: ADD Reg RAX, Immediate 8 4
3c2e7: CMP Address (SizeDir 64 (AddrMinus (FromReg RAX) (AddrImm 8))), Immediate 0 5
3c2ec: JZ 3c380 (resolved immediate)
  |
  `- 3c2f2,3c380
3c2f2: CMP Reg RAX, Reg RCX 3
3c2f5: JNZ 3c2e0 (resolved immediate)
  |
  `- 3c2e0,3c2f7
3c2f7: PUSH Reg R13 2
3c2f9: PUSH Reg R12 2
3c2fb: MOV Reg R12, Reg RSI 3
3c2fe: PUSH Reg RBP 1
3c2ff: LEA Reg EBP, Address (AddrPlus (AddrPlus (FromReg R8) (FromReg R8)) (AddrImm 25)) 5
3c304: PUSH Reg RBX 1
3c305: MOV Reg RBX, Reg RDI 3
3c308: SUB Reg RSP, Immediate 8 4
3c30c: CMP Reg EBP, Immediate 134217726 6
3c312: JG 3c39c (resolved immediate)
  |
  `- 3c318,3c39c
3c318: MOVSXD Reg R13, Reg EBP 3
3c31b: MOV Reg RDI, Address (SizeDir 64 (AddrPlus (FromReg RDI) (AddrImm 8))) 4
3c31f: LEA Reg RSI, Address (AddrPlus (AddrTimes (AddrImm 8) (FromReg R13)) (AddrImm 0)) 8
3c327: CALL realloc (external)
3c32c: TEST Reg RAX, Reg RAX 3
3c32f: MOV Address (SizeDir 64 (AddrPlus (FromReg RBX) (AddrImm 8))), Reg RAX 4
3c333: JZ 3c384 (resolved immediate)
  |
  `- 3c335,3c384
3c335: MOVSXD Reg RDX, Address (SizeDir 32 (FromReg RBX)) 3
3c338: LEA Reg ECX, Address (AddrPlus (FromReg RDX) (AddrImm 1)) 3
3c33b: MOV Address (SizeDir 32 (FromReg RBX)), Reg ECX 2
3c33d: MOV Address (SizeDir 64 (AddrPlus (FromReg RAX) (AddrTimes (AddrImm 8) (FromReg RDX)))), Reg R12 4
3c341: MOVSXD Reg RAX, Address (SizeDir 32 (FromReg RBX)) 3
3c344: CMP Reg EBP, Reg EAX 2
3c346: JLE 3c368 (resolved immediate)
  |
  `- 3c348,3c368
3c348: NOP  8
3c350: MOV Reg RDX, Address (SizeDir 64 (AddrPlus (FromReg RBX) (AddrImm 8))) 4
3c354: LEA Reg ECX, Address (AddrPlus (FromReg RAX) (AddrImm 1)) 3
3c357: MOV Address (SizeDir 32 (FromReg RBX)), Reg ECX 2
3c359: MOV Address (SizeDir 64 (AddrPlus (FromReg RDX) (AddrTimes (AddrImm 8) (FromReg RAX)))), Immediate 0 8
3c361: MOVSXD Reg RAX, Address (SizeDir 32 (FromReg RBX)) 3
3c364: CMP Reg EAX, Reg EBP 2
3c366: JL 3c350 (resolved immediate)
  |
  `- 3c350,3c368
3c368: ADD Reg RSP, Immediate 8 4
3c36c: POP Reg RBX 1
3c36d: POP Reg RBP 1
3c36e: POP Reg R12 2
3c370: POP Reg R13 2
3c372: RET  1
  |
  `- 
3c378: REPZ RET  2
  |
  `- 
3c380: MOV Address (SizeDir 64 (FromReg RDX)), Reg RSI 3
3c383: RET  1
  |
  `- 
3c384: MOV Reg RDI, Address (SizeDir 64 (AddrPlus (FromReg RBX) (AddrImm 16))) 4
3c388: LEA Reg RSI, Address (AddrPlus (FromReg RIP) (AddrImm 385873)) 7
3c38f: MOV Reg ECX, Immediate 8 5
3c394: MOV Reg RDX, Reg R13 3
3c397: CALL libxl__alloc_failed (internal)
  |
  `- 
3c39c: LEA Reg RCX, Address (AddrPlus (FromReg RIP) (AddrImm 385869)) 7
3c3a3: LEA Reg RSI, Address (AddrPlus (FromReg RIP) (AddrImm 384822)) 7
3c3aa: LEA Reg RDI, Address (AddrPlus (FromReg RIP) (AddrImm 385135)) 7
3c3b1: MOV Reg EDX, Immediate 62 5
3c3b6: CALL __assert_fail (external)
  |
  `- 
3c600: PUSH Reg R13 2
3c602: PUSH Reg R12 2
3c604: MOV Reg R13, Reg RDI 3
3c607: PUSH Reg RBP 1
3c608: PUSH Reg RBX 1
3c609: MOV Reg RBP, Reg RSI 3
3c60c: MOV Reg RDI, Reg RBP 3
3c60f: MOV Reg RSI, Reg RDX 3
3c612: MOV Reg R12, Reg RDX 3
3c615: SUB Reg RSP, Immediate 8 4
3c619: CALL calloc (external)
3c61e: TEST Reg RAX, Reg RAX 3
3c621: JZ 3c63f (resolved immediate)
  |
  `- 3c623,3c63f
3c623: MOV Reg RSI, Reg RAX 3
3c626: MOV Reg RDI, Reg R13 3
3c629: MOV Reg RBX, Reg RAX 3
3c62c: CALL libxl__ptr_add (internal)
  |
  `- 3c2a0
3c631: ADD Reg RSP, Immediate 8 4
3c635: MOV Reg RAX, Reg RBX 3
3c638: POP Reg RBX 1
3c639: POP Reg RBP 1
3c63a: POP Reg R12 2
3c63c: POP Reg R13 2
3c63e: RET  1
  |
  `- 
3c63f: MOV Reg RDI, Address (SizeDir 64 (AddrPlus (FromReg R13) (AddrImm 16))) 4
3c643: LEA Reg RSI, Address (AddrPlus (FromReg RIP) (AddrImm 385110)) 7
3c64a: MOV Reg RCX, Reg R12 3
3c64d: MOV Reg RDX, Reg RBP 3
3c650: CALL libxl__alloc_failed (internal)
  |
  `- 3c1d0
41160: SUB Reg RSP, Immediate 24 4
41164: MOV Reg RAX, Address (SizeDir 64 (AddrPlus (FromReg FS) (AddrImm 40))) 9
4116d: MOV Address (SizeDir 64 (AddrPlus (FromReg RSP) (AddrImm 8))), Reg RAX 5
41172: XOR Reg EAX, Reg EAX 2
41174: TEST Reg RDI, Reg RDI 3
41177: MOV Address (SizeDir 64 (FromReg RSP)), Immediate 0 8
4117f: JZ 41189 (resolved immediate)
  |
  `- 41181,41189
41181: CMP Address (SizeDir 32 (FromReg RDI)), Immediate 128 6
41187: JZ 411a0 (resolved immediate)
  |
  `- 41189,411a0
41189: XOR Reg EAX, Reg EAX 2
4118b: MOV Reg RCX, Address (SizeDir 64 (AddrPlus (FromReg RSP) (AddrImm 8))) 5
41190: XOR Reg RCX, Address (SizeDir 64 (AddrPlus (FromReg FS) (AddrImm 40))) 9
41199: JNZ 411c0 (resolved immediate)
  |
  `- 4119b,411c0
4119b: ADD Reg RSP, Immediate 24 4
4119f: RET  1
  |
  `- 
411a0: MOV Reg RDI, Address (SizeDir 64 (AddrPlus (FromReg RDI) (AddrImm 8))) 4
411a4: TEST Reg RDI, Reg RDI 3
411a7: JZ 41189 (resolved immediate)
  |
  `- 41189,411a9
411a9: CMP Address (SizeDir 32 (AddrPlus (FromReg RDI) (AddrImm 8))), Reg ESI 3
411ac: JBE 41189 (resolved immediate)
  |
  `- 41189,411ae
411ae: MOV Reg RDX, Reg RSP 3
411b1: CALL flexarray_get (internal)
411b6: TEST Reg EAX, Reg EAX 2
411b8: JNZ 41189 (resolved immediate)
  |
  `- 41189,411ba
411ba: MOV Reg RAX, Address (SizeDir 64 (FromReg RSP)) 4
411be: JMP 4118b (resolved immediate)
  |
  `- 4118b
411c0: CALL __stack_chk_fail (external)
  |
  `- 
41490: PUSH Reg R15 2
41492: PUSH Reg R14 2
41494: PUSH Reg R13 2
41496: PUSH Reg R12 2
41498: PUSH Reg RBP 1
41499: PUSH Reg RBX 1
4149a: SUB Reg RSP, Immediate 24 4
4149e: MOV Reg RAX, Address (SizeDir 64 (AddrPlus (FromReg FS) (AddrImm 40))) 9
414a7: MOV Address (SizeDir 64 (AddrPlus (FromReg RSP) (AddrImm 8))), Reg RAX 5
414ac: XOR Reg EAX, Reg EAX 2
414ae: TEST Reg RSI, Reg RSI 3
414b1: JZ 414b8 (resolved immediate)
  |
  `- 414b3,414b8
414b3: CMP Address (SizeDir 32 (FromReg RSI)), Immediate 64 3
414b6: JZ 414e0 (resolved immediate)
  |
  `- 414b8,414e0
414b8: MOV Reg RCX, Address (SizeDir 64 (AddrPlus (FromReg RSP) (AddrImm 8))) 5
414bd: XOR Reg RCX, Address (SizeDir 64 (AddrPlus (FromReg FS) (AddrImm 40))) 9
414c6: JNZ 4155b (resolved immediate)
  |
  `- 414cc,4155b
414cc: ADD Reg RSP, Immediate 24 4
414d0: POP Reg RBX 1
414d1: POP Reg RBP 1
414d2: POP Reg R12 2
414d4: POP Reg R13 2
414d6: POP Reg R14 2
414d8: POP Reg R15 2
414da: RET  1
  |
  `- 
414e0: MOV Reg RBP, Address (SizeDir 64 (AddrPlus (FromReg RSI) (AddrImm 8))) 4
414e4: XOR Reg EBX, Reg EBX 2
414e6: MOV Reg R13, Reg RDI 3
414e9: MOV Reg R14D, Reg EDX 3
414ec: MOV Address (SizeDir 64 (FromReg RSP)), Immediate 0 8
414f4: MOV Reg R12, Reg RSP 3
414f7: MOV Reg EAX, Address (SizeDir 32 (AddrPlus (FromReg RBP) (AddrImm 8))) 3
414fa: TEST Reg EAX, Reg EAX 2
414fc: JNZ 4151b (resolved immediate)
  |
  `- 414fe,4151b
414fe: JMP 4152c (resolved immediate)
  |
  `- 4152c
41500: MOV Reg R15, Address (SizeDir 64 (FromReg RSP)) 4
41504: MOV Reg RDI, Reg R13 3
41507: MOV Reg RSI, Address (SizeDir 64 (FromReg R15)) 3
4150a: CALL strcmp (external)
4150f: TEST Reg EAX, Reg EAX 2
41511: JZ 41530 (resolved immediate)
  |
  `- 41513,41530
41513: ADD Reg EBX, Immediate 1 3
41516: CMP Address (SizeDir 32 (AddrPlus (FromReg RBP) (AddrImm 8))), Reg EBX 3
41519: JBE 4152c (resolved immediate)
  |
  `- 4151b,4152c
4151b: MOV Reg RDX, Reg R12 3
4151e: MOV Reg ESI, Reg EBX 2
41520: MOV Reg RDI, Reg RBP 3
41523: CALL flexarray_get (internal)
  |
  `- 41528,20500
41528: TEST Reg EAX, Reg EAX 2
4152a: JZ 41500 (resolved immediate)
  |
  `- 41500,4152c
4152c: XOR Reg EAX, Reg EAX 2
4152e: JMP 414b8 (resolved immediate)
  |
  `- 414b8
41530: CMP Reg R14D, Immediate 255 7
41537: MOV Reg RAX, Address (SizeDir 64 (AddrPlus (FromReg R15) (AddrImm 8))) 4
4153b: JZ 414b8 (resolved immediate)
  |
  `- 414b8,41541
41541: TEST Reg RAX, Reg RAX 3
41544: JZ 414b8 (resolved immediate)
  |
  `- 414b8,4154a
4154a: TEST Address (SizeDir 32 (FromReg RAX)), Reg R14D 3
4154d: MOV Reg EDX, Immediate 0 5
41552: CMOVZ Reg RAX, Reg RDX 4
41556: JMP 414b8 (resolved immediate)
  |
  `- 414b8
4155b: CALL __stack_chk_fail (external)
  |
  `- 
785d0: PUSH Reg R14 2
785d2: PUSH Reg R13 2
785d4: PUSH Reg R12 2
785d6: MOV Reg R12, Reg RDI 3
785d9: PUSH Reg RBP 1
785da: LEA Reg RDI, Address (AddrPlus (FromReg RIP) (AddrImm 123919)) 7
785e1: PUSH Reg RBX 1
785e2: MOV Reg RBP, Reg RDX 3
785e5: MOV Reg EDX, Immediate 33 5
785ea: MOV Reg RBX, Reg RSI 3
785ed: CALL libxl__json_map_get (internal)
  |
  `- 41490
785f2: TEST Reg RAX, Reg RAX 3
785f5: JZ 7860d (resolved immediate)
  |
  `- 785f7,7860d
785f7: MOV Reg RDX, Reg RBP 3
785fa: MOV Reg RSI, Reg RAX 3
785fd: MOV Reg RDI, Reg R12 3
78600: CALL libxl__string_parse_json (external)
78605: TEST Reg EAX, Reg EAX 2
78607: JNZ 78722 (resolved immediate)
  |
  `- 7860d,78722
7860d: LEA Reg RDI, Address (AddrPlus (FromReg RIP) (AddrImm 189647)) 7
78614: MOV Reg EDX, Immediate 4 5
78619: MOV Reg RSI, Reg RBX 3
7861c: CALL libxl__json_map_get (internal)
78621: TEST Reg RAX, Reg RAX 3
78624: JZ 7863d (resolved immediate)
  |
  `- 78626,7863d
78626: LEA Reg RDX, Address (AddrPlus (FromReg RBP) (AddrImm 8)) 4
7862a: MOV Reg RSI, Reg RAX 3
7862d: MOV Reg RDI, Reg R12 3
78630: CALL libxl__uint32_parse_json (external)
78635: TEST Reg EAX, Reg EAX 2
78637: JNZ 78722 (resolved immediate)
  |
  `- 7863d,78722
7863d: LEA Reg RDI, Address (AddrPlus (FromReg RIP) (AddrImm 134737)) 7
78644: MOV Reg EDX, Immediate 33 5
78649: MOV Reg RSI, Reg RBX 3
7864c: CALL libxl__json_map_get (internal)
78651: TEST Reg RAX, Reg RAX 3
78654: JZ 7866d (resolved immediate)
  |
  `- 78656,7866d
78656: LEA Reg RDX, Address (AddrPlus (FromReg RBP) (AddrImm 16)) 4
7865a: MOV Reg RSI, Reg RAX 3
7865d: MOV Reg RDI, Reg R12 3
78660: CALL libxl__string_parse_json (external)
78665: TEST Reg EAX, Reg EAX 2
78667: JNZ 78722 (resolved immediate)
  |
  `- 7866d,78722
7866d: LEA Reg RDI, Address (AddrPlus (FromReg RIP) (AddrImm 189562)) 7
78674: MOV Reg EDX, Immediate 4 5
78679: MOV Reg RSI, Reg RBX 3
7867c: CALL libxl__json_map_get (internal)
78681: TEST Reg RAX, Reg RAX 3
78684: JZ 7869d (resolved immediate)
  |
  `- 78686,7869d
78686: LEA Reg RDX, Address (AddrPlus (FromReg RBP) (AddrImm 24)) 4
7868a: MOV Reg RSI, Reg RAX 3
7868d: MOV Reg RDI, Reg R12 3
78690: CALL libxl__uint32_parse_json (external)
78695: TEST Reg EAX, Reg EAX 2
78697: JNZ 78722 (resolved immediate)
  |
  `- 7869d,78722
7869d: LEA Reg RDI, Address (AddrPlus (FromReg RIP) (AddrImm 189490)) 7
786a4: MOV Reg EDX, Immediate 4 5
786a9: MOV Reg RSI, Reg RBX 3
786ac: CALL libxl__json_map_get (internal)
786b1: TEST Reg RAX, Reg RAX 3
786b4: JZ 786c9 (resolved immediate)
  |
  `- 786b6,786c9
786b6: LEA Reg RDX, Address (AddrPlus (FromReg RBP) (AddrImm 28)) 4
786ba: MOV Reg RSI, Reg RAX 3
786bd: MOV Reg RDI, Reg R12 3
786c0: CALL libxl__int_parse_json (external)
786c5: TEST Reg EAX, Reg EAX 2
786c7: JNZ 78722 (resolved immediate)
  |
  `- 786c9,78722
786c9: LEA Reg RDI, Address (AddrPlus (FromReg RIP) (AddrImm 141570)) 7
786d0: MOV Reg EDX, Immediate 4 5
786d5: MOV Reg RSI, Reg RBX 3
786d8: CALL libxl__json_map_get (internal)
786dd: TEST Reg RAX, Reg RAX 3
786e0: JZ 786f5 (resolved immediate)
  |
  `- 786e2,786f5
786e2: LEA Reg RDX, Address (AddrPlus (FromReg RBP) (AddrImm 32)) 4
786e6: MOV Reg RSI, Reg RAX 3
786e9: MOV Reg RDI, Reg R12 3
786ec: CALL libxl__int_parse_json (external)
786f1: TEST Reg EAX, Reg EAX 2
786f3: JNZ 78722 (resolved immediate)
  |
  `- 786f5,78722
786f5: LEA Reg RDI, Address (AddrPlus (FromReg RIP) (AddrImm 189694)) 7
786fc: MOV Reg EDX, Immediate 128 5
78701: MOV Reg RSI, Reg RBX 3
78704: CALL libxl__json_map_get (internal)
78709: MOV Reg R13, Reg RAX 3
7870c: XOR Reg EAX, Reg EAX 2
7870e: TEST Reg R13, Reg R13 3
78711: JZ 78722 (resolved immediate)
  |
  `- 78713,78722
78713: CMP Address (SizeDir 32 (AddrPlus (FromReg R13) (AddrImm 0))), Immediate 128 8
7871b: JZ 78730 (resolved immediate)
  |
  `- 7871d,78730
7871d: MOV Reg EAX, Immediate 4294967295 5
78722: POP Reg RBX 1
78723: POP Reg RBP 1
78724: POP Reg R12 2
78726: POP Reg R13 2
78728: POP Reg R14 2
7872a: RET  1
  |
  `- 
78730: MOV Reg RAX, Address (SizeDir 64 (AddrPlus (FromReg R13) (AddrImm 8))) 4
78734: MOV Reg EDX, Immediate 16 5
78739: MOVSXD Reg RSI, Address (SizeDir 32 (AddrPlus (FromReg RAX) (AddrImm 8))) 4
7873d: MOV Address (SizeDir 32 (AddrPlus (FromReg RBP) (AddrImm 36))), Reg ESI 3
78740: MOV Reg RAX, Address (SizeDir 64 (AddrPlus (FromReg R12) (AddrImm 16))) 5
78745: LEA Reg RDI, Address (AddrPlus (FromReg RAX) (AddrImm 24)) 4
78749: CALL libxl__calloc (internal)
  |
  `- 3c600
7874e: TEST Reg RAX, Reg RAX 3
78751: MOV Address (SizeDir 64 (AddrPlus (FromReg RBP) (AddrImm 40))), Reg RAX 4
78755: JZ 787a0 (resolved immediate)
  |
  `- 78757,787a0
78757: XOR Reg EBX, Reg EBX 2
78759: JMP 7877e (resolved immediate)
  |
  `- 7877e
78760: MOV Reg RDX, Reg RBX 3
78763: MOV Reg RSI, Reg RAX 3
78766: MOV Reg RDI, Reg R12 3
78769: SHL Reg RDX, Immediate 4 4
7876d: ADD Reg RDX, Address (SizeDir 64 (AddrPlus (FromReg RBP) (AddrImm 40))) 4
78771: ADD Reg RBX, Immediate 1 4
78775: CALL libxl__pcminfo_parse_json (external)
7877a: TEST Reg EAX, Reg EAX 2
7877c: JNZ 78722 (resolved immediate)
  |
  `- 78722,7877e
7877e: MOV Reg ESI, Reg EBX 2
78780: MOV Reg RDI, Reg R13 3
78783: CALL libxl__json_array_get (internal)
  |
  `- 78788,41160
78788: TEST Reg RAX, Reg RAX 3
7878b: JNZ 78760 (resolved immediate)
  |
  `- 78760,7878d
7878d: XOR Reg EAX, Reg EAX 2
7878f: CMP Address (SizeDir 32 (AddrPlus (FromReg RBP) (AddrImm 36))), Reg EBX 3
78792: SETNZ Reg AL 3
78795: NEG Reg EAX 2
78797: JMP 78722 (resolved immediate)
  |
  `- 78722
787a0: MOV Reg EAX, Address (SizeDir 32 (AddrPlus (FromReg RBP) (AddrImm 36))) 3
787a3: TEST Reg EAX, Reg EAX 2
787a5: JZ 78757 (resolved immediate)
  |
  `- 78757,787a7
787a7: JMP 7871d (resolved immediate)
  |
  `- 7871d
