Number of assembly instructions     = 1275
Number of indirect branches         = 0
Number of unresolved indirect jumps = 0: 
Number of unresolved indirect calls = 0: 
Number of symbolic states (representative of non-determinism): 1332
Number of edges: 1534

22690 (True): 63167
27630 (True): 2272b
3bdb0 (True): 631a0
3be40 (True): 3c1a9
3c110 (True): 228ba, 22933, 22a78, 22c0c, 22cae, 22f66, 2304a, 276c8, 3c211, 3c274
3c1d0 (False): 3c39c, 3c45b, 3c655, 3c797
3c2a0 (True): 3c43a, 3c631, 3c75a
3c410 (True): 3c4c9
3c460 (True): 3c5d4
3c540 (True): 22fe1
3c600 (True): 22b70
3c730 (True): 2299c, 23001, 23103, 23193
63100 (False): 0
6e1d0 (True): 276dd
6e1e0 (True): 22fc1
741c0 (True): 22848
75da0 (True): 22f81

22690: PUSH Reg R15 2
22692: PUSH Reg R14 2
22694: PUSH Reg R13 2
22696: PUSH Reg R12 2
22698: PUSH Reg RBP 1
22699: PUSH Reg RBX 1
2269a: MOV Reg RBP, Reg RDI 3
2269d: SUB Reg RSP, Immediate 8 4
226a1: MOV Reg EAX, Address (SizeDir 32 (AddrPlus (FromReg RSI) (AddrImm 416))) 6
226a7: MOV Reg RDI, Address (SizeDir 64 (AddrPlus (FromReg RDI) (AddrImm 16))) 4
226ab: SUB Reg EAX, Immediate 1 3
226ae: CMP Reg EAX, Immediate 2 3
226b1: JA 23163 (resolved immediate)
  |
  `- 226b7,23163
226b7: MOV Reg RBX, Reg RSI 3
226ba: CALL libxl__domain_build_info_copy_deprecated (external)
226bf: TEST Reg EAX, Reg EAX 2
226c1: MOV Reg R12D, Reg EAX 3
226c4: JNZ 22900 (resolved immediate)
  |
  `- 226ca,22900
226ca: LEA Reg RDI, Address (AddrPlus (FromReg RBX) (AddrImm 196)) 7
226d1: XOR Reg ESI, Reg ESI 2
226d3: CALL libxl_defbool_setdefault (external)
226d8: MOV Reg EDI, Address (SizeDir 32 (AddrPlus (FromReg RBX) (AddrImm 196))) 6
226de: CALL libxl_defbool_val (external)
226e3: TEST Reg AL, Reg AL 2
226e5: JZ 226fd (resolved immediate)
  |
  `- 226e7,226fd
226e7: MOV Reg R11D, Address (SizeDir 32 (AddrPlus (FromReg RBX) (AddrImm 208))) 7
226ee: TEST Reg R11D, Reg R11D 3
226f1: JNZ 226fd (resolved immediate)
  |
  `- 226f3,226fd
226f3: MOV Address (SizeDir 32 (AddrPlus (FromReg RBX) (AddrImm 208))), Immediate 12 10
226fd: MOV Reg R10D, Address (SizeDir 32 (AddrPlus (FromReg RBX) (AddrImm 192))) 7
22704: TEST Reg R10D, Reg R10D 3
22707: JNZ 22740 (resolved immediate)
  |
  `- 22709,22740
22709: CMP Address (SizeDir 32 (AddrPlus (FromReg RBX) (AddrImm 416))), Immediate 1 7
22710: JZ 22ec0 (resolved immediate)
  |
  `- 22716,22ec0
22716: MOV Address (SizeDir 32 (AddrPlus (FromReg RBX) (AddrImm 192))), Immediate 2 10
22720: MOV Reg RSI, Reg RBX 3
22723: MOV Reg RDI, Reg RBP 3
22726: CALL libxl__domain_device_model (internal)
  |
  `- 27630
2272b: MOV Reg ESI, Immediate 1 5
22730: MOV Reg RDI, Reg RAX 3
22733: CALL access (external)
22738: TEST Reg EAX, Reg EAX 2
2273a: JS 22f28 (resolved immediate)
  |
  `- 22740,22f28
22740: CMP Address (SizeDir 64 (AddrPlus (FromReg RBX) (AddrImm 160))), Immediate 0 8
22748: JZ 22988 (resolved immediate)
  |
  `- 2274e,22988
2274e: CMP Address (SizeDir 32 (AddrPlus (FromReg RBX) (AddrImm 416))), Immediate 1 7
22755: JZ 22950 (resolved immediate)
  |
  `- 2275b,22950
2275b: MOV Reg ECX, Address (SizeDir 32 (FromReg RBX)) 2
2275d: TEST Reg ECX, Reg ECX 2
2275f: JZ 228c0 (resolved immediate)
  |
  `- 22765,228c0
22765: MOV Reg EAX, Address (SizeDir 32 (AddrPlus (FromReg RBX) (AddrImm 8))) 3
22768: TEST Reg EAX, Reg EAX 2
2276a: JZ 228d1 (resolved immediate)
  |
  `- 228d1
2277b: MOV Reg R15D, Address (SizeDir 32 (AddrPlus (FromReg RBX) (AddrImm 24))) 4
2277f: TEST Reg R15D, Reg R15D 3
22782: JZ 22791 (resolved immediate)
  |
  `- 22784,22791
22784: MOV Reg R14D, Address (SizeDir 32 (AddrPlus (FromReg RBX) (AddrImm 56))) 4
22788: TEST Reg R14D, Reg R14D 3
2278b: JZ 22b60 (resolved immediate)
  |
  `- 22791,22b60
22791: LEA Reg RDI, Address (AddrPlus (FromReg RBX) (AddrImm 88)) 4
22795: MOV Reg ESI, Immediate 1 5
2279a: CALL libxl_defbool_setdefault (external)
2279f: CMP Address (SizeDir 64 (AddrPlus (FromReg RBX) (AddrImm 96))), Immediate 18446744073709551615 5
227a4: JNZ 227ae (resolved immediate)
  |
  `- 227a6,227ae
227a6: MOV Address (SizeDir 64 (AddrPlus (FromReg RBX) (AddrImm 96))), Immediate 32768 8
227ae: CMP Address (SizeDir 64 (AddrPlus (FromReg RBX) (AddrImm 104))), Immediate 18446744073709551615 5
227b3: JNZ 227bd (resolved immediate)
  |
  `- 227b5,227bd
227b5: MOV Reg RAX, Address (SizeDir 64 (AddrPlus (FromReg RBX) (AddrImm 96))) 4
227b9: MOV Address (SizeDir 64 (AddrPlus (FromReg RBX) (AddrImm 104))), Reg RAX 4
227bd: LEA Reg RDI, Address (AddrPlus (FromReg RBX) (AddrImm 336)) 7
227c4: XOR Reg ESI, Reg ESI 2
227c6: CALL libxl_defbool_setdefault (external)
227cb: LEA Reg RDI, Address (AddrPlus (FromReg RBX) (AddrImm 144)) 7
227d2: XOR Reg ESI, Reg ESI 2
227d4: CALL libxl_defbool_setdefault (external)
227d9: LEA Reg RDI, Address (AddrPlus (FromReg RBX) (AddrImm 148)) 7
227e0: XOR Reg ESI, Reg ESI 2
227e2: CALL libxl_defbool_setdefault (external)
227e7: MOV Reg R13D, Address (SizeDir 32 (AddrPlus (FromReg RBX) (AddrImm 320))) 7
227ee: TEST Reg R13D, Reg R13D 3
227f1: JLE 22827 (resolved immediate)
  |
  `- 227f3,22827
227f3: XOR Reg EDX, Reg EDX 2
227f5: XOR Reg EAX, Reg EAX 2
227f7: NOP  9
22800: MOV Reg RCX, Address (SizeDir 64 (AddrPlus (FromReg RBX) (AddrImm 328))) 7
22807: ADD Reg RCX, Reg RAX 3
2280a: CMP Address (SizeDir 64 (AddrPlus (FromReg RCX) (AddrImm 16))), Immediate 18446744073709551615 5
2280f: JNZ 22818 (resolved immediate)
  |
  `- 22811,22818
22811: MOV Reg RSI, Address (SizeDir 64 (FromReg RCX)) 3
22814: MOV Address (SizeDir 64 (AddrPlus (FromReg RCX) (AddrImm 16))), Reg RSI 4
22818: ADD Reg EDX, Immediate 1 3
2281b: ADD Reg RAX, Immediate 24 4
2281f: CMP Reg EDX, Address (SizeDir 32 (AddrPlus (FromReg RBX) (AddrImm 320))) 6
22825: JL 22800 (resolved immediate)
  |
  `- 22800,22827
22827: MOV Reg R11D, Address (SizeDir 32 (AddrPlus (FromReg RBX) (AddrImm 340))) 7
2282e: TEST Reg R11D, Reg R11D 3
22831: JNZ 2283d (resolved immediate)
  |
  `- 22833,2283d
22833: MOV Address (SizeDir 32 (AddrPlus (FromReg RBX) (AddrImm 340))), Immediate 1023 10
2283d: MOV Reg RSI, Reg RBX 3
22840: MOV Reg RDI, Reg RBP 3
22843: CALL libxl__arch_domain_build_info_setdefault (internal)
  |
  `- 22848,741c0
22848: LEA Reg RDI, Address (AddrPlus (FromReg RBX) (AddrImm 412)) 7
2284f: XOR Reg ESI, Reg ESI 2
22851: CALL libxl_defbool_setdefault (external)
22856: MOV Reg EDI, Address (SizeDir 32 (AddrPlus (FromReg RBX) (AddrImm 416))) 6
2285c: CMP Reg EDI, Immediate 2 3
2285f: JZ 22b10 (resolved immediate)
  |
  `- 22865,22b10
22865: CMP Reg EDI, Immediate 3 3
22868: JZ 22a88 (resolved immediate)
  |
  `- 2286e,22a88
2286e: CMP Reg EDI, Immediate 1 3
22871: JZ 229b0 (resolved immediate)
  |
  `- 22877,229b0
22877: CALL libxl_domain_type_to_string (external)
2287c: SUB Reg RSP, Immediate 8 4
22880: MOV Reg RDI, Address (SizeDir 64 (AddrPlus (FromReg RBP) (AddrImm 16))) 4
22884: LEA Reg R9, Address (AddrPlus (FromReg RIP) (AddrImm 466069)) 7
2288b: PUSH Reg RAX 1
2288c: LEA Reg RAX, Address (AddrPlus (FromReg RIP) (AddrImm 464189)) 7
22893: LEA Reg RCX, Address (AddrPlus (FromReg RIP) (AddrImm 461878)) 7
2289a: MOV Reg R8D, Immediate 390 6
228a0: MOV Reg EDX, Immediate 4294967295 5
228a5: MOV Reg ESI, Immediate 8 5
228aa: PUSH Reg RAX 1
228ab: PUSH Immediate 18446744073709551615 2
228ad: XOR Reg EAX, Reg EAX 2
228af: MOV Reg R12D, Immediate 4294967290 6
228b5: CALL libxl__log (internal)
228ba: ADD Reg RSP, Immediate 32 4
228be: JMP 22935 (resolved immediate)
  |
  `- 22935
228c0: MOV Reg EAX, Address (SizeDir 32 (AddrPlus (FromReg RBX) (AddrImm 8))) 3
228c3: MOV Address (SizeDir 32 (FromReg RBX)), Immediate 1 6
228c9: TEST Reg EAX, Reg EAX 2
228cb: JNZ 22770 (resolved immediate)
228d1: LEA Reg R13, Address (AddrPlus (FromReg RBX) (AddrImm 8)) 4
228d5: MOV Reg RDI, Address (SizeDir 64 (AddrPlus (FromReg RBP) (AddrImm 16))) 4
228d9: MOV Reg EDX, Immediate 1 5
228de: MOV Reg RSI, Reg R13 3
228e1: CALL libxl_cpu_bitmap_alloc (external)
228e6: TEST Reg EAX, Reg EAX 2
228e8: JNZ 232cc (resolved immediate)
228ee: XOR Reg ESI, Reg ESI 2
228f0: MOV Reg RDI, Reg R13 3
228f3: CALL libxl_bitmap_set (external)
228f8: JMP 2277b (resolved immediate)
  |
  `- 2277b
22900: LEA Reg RAX, Address (AddrPlus (FromReg RIP) (AddrImm 463145)) 7
22907: MOV Reg RDI, Address (SizeDir 64 (AddrPlus (FromReg RBP) (AddrImm 16))) 4
2290b: LEA Reg R9, Address (AddrPlus (FromReg RIP) (AddrImm 465934)) 7
22912: LEA Reg RCX, Address (AddrPlus (FromReg RIP) (AddrImm 461751)) 7
22919: MOV Reg R8D, Immediate 79 6
2291f: MOV Reg EDX, Immediate 4294967295 5
22924: PUSH Reg RAX 1
22925: PUSH Immediate 18446744073709551615 2
22927: MOV Reg ESI, Immediate 8 5
2292c: XOR Reg EAX, Reg EAX 2
2292e: CALL libxl__log (internal)
  |
  `- 
22933: POP Reg RBX 1
22934: POP Reg RBP 1
22935: ADD Reg RSP, Immediate 8 4
22939: MOV Reg EAX, Reg R12D 3
2293c: POP Reg RBX 1
2293d: POP Reg RBP 1
2293e: POP Reg R12 2
22940: POP Reg R13 2
22942: POP Reg R14 2
22944: POP Reg R15 2
22946: RET  1
  |
  `- 
22950: MOV Reg EDX, Address (SizeDir 32 (AddrPlus (FromReg RBX) (AddrImm 432))) 6
22956: MOV Reg EAX, Address (SizeDir 32 (AddrPlus (FromReg RBX) (AddrImm 192))) 6
2295c: TEST Reg EDX, Reg EDX 2
2295e: JNZ 22c18 (resolved immediate)
  |
  `- 22964,22c18
22964: CMP Reg EAX, Immediate 1 3
22967: JZ 230b8 (resolved immediate)
  |
  `- 2296d,230b8
2296d: CMP Reg EAX, Immediate 2 3
22970: JNZ 22f08 (resolved immediate)
  |
  `- 22976,22f08
22976: MOV Address (SizeDir 32 (AddrPlus (FromReg RBX) (AddrImm 432))), Immediate 2 10
22980: JMP 22c33 (resolved immediate)
  |
  `- 22c33
22988: MOV Reg RAX, Address (SizeDir 64 (AddrPlus (FromReg RBP) (AddrImm 16))) 4
2298c: LEA Reg RSI, Address (AddrPlus (FromReg RIP) (AddrImm 461783)) 7
22993: LEA Reg RDI, Address (AddrPlus (FromReg RAX) (AddrImm 24)) 4
22997: CALL libxl__strdup (internal)
  |
  `- 3c730
2299c: MOV Address (SizeDir 64 (AddrPlus (FromReg RBX) (AddrImm 160))), Reg RAX 7
229a3: JMP 2274e (resolved immediate)
  |
  `- 2274e
229b0: CMP Address (SizeDir 64 (AddrPlus (FromReg RBX) (AddrImm 120))), Immediate 18446744073709551615 5
229b5: JNZ 229bf (resolved immediate)
  |
  `- 229b7,229bf
229b7: MOV Address (SizeDir 64 (AddrPlus (FromReg RBX) (AddrImm 120))), Immediate 0 8
229bf: CMP Address (SizeDir 64 (AddrPlus (FromReg RBX) (AddrImm 520))), Immediate 18446744073709551615 8
229c7: JNZ 229d4 (resolved immediate)
  |
  `- 229c9,229d4
229c9: MOV Address (SizeDir 64 (AddrPlus (FromReg RBX) (AddrImm 520))), Immediate 0 11
229d4: MOV Reg EAX, Address (SizeDir 32 (AddrPlus (FromReg RBX) (AddrImm 576))) 6
229da: TEST Reg EAX, Reg EAX 2
229dc: JNZ 229ed (resolved immediate)
229de: MOV Address (SizeDir 32 (AddrPlus (FromReg RBX) (AddrImm 576))), Immediate 1 10
229e8: MOV Reg EAX, Immediate 1 5
229ed: MOV Reg R10D, Address (SizeDir 32 (AddrPlus (FromReg RBX) (AddrImm 568))) 7
229f4: TEST Reg R10D, Reg R10D 3
229f7: JNZ 22a03 (resolved immediate)
  |
  `- 229f9,22a03
229f9: MOV Address (SizeDir 32 (AddrPlus (FromReg RBX) (AddrImm 568))), Immediate 1 10
22a03: CMP Address (SizeDir 32 (AddrPlus (FromReg RBX) (AddrImm 192))), Immediate 1 7
22a0a: JNZ 22cc0 (resolved immediate)
  |
  `- 22a10,22cc0
22a10: CMP Reg EAX, Immediate 3 3
22a13: JZ 22faf (resolved immediate)
22a19: CMP Reg EAX, Immediate 4 3
22a1c: JZ 231e0 (resolved immediate)
22a22: CMP Reg EAX, Immediate 2 3
22a25: JZ 2319f (resolved immediate)
22a2b: MOV Reg RAX, Address (SizeDir 64 (AddrPlus (FromReg RBX) (AddrImm 112))) 4
22a2f: CMP Reg RAX, Immediate 18446744073709551615 4
22a33: JZ 23292 (resolved immediate)
  |
  `- 22a39,23292
22a39: CMP Reg RAX, Immediate 4096 6
22a3f: JZ 22d00 (resolved immediate)
  |
  `- 22a45,22d00
22a45: LEA Reg RAX, Address (AddrPlus (FromReg RIP) (AddrImm 463372)) 7
22a4c: MOV Reg RDI, Address (SizeDir 64 (AddrPlus (FromReg RBP) (AddrImm 16))) 4
22a50: LEA Reg R9, Address (AddrPlus (FromReg RIP) (AddrImm 465609)) 7
22a57: LEA Reg RCX, Address (AddrPlus (FromReg RIP) (AddrImm 461426)) 7
22a5e: MOV Reg R8D, Immediate 261 6
22a64: MOV Reg EDX, Immediate 4294967295 5
22a69: PUSH Reg RAX 1
22a6a: PUSH Immediate 18446744073709551615 2
22a6c: MOV Reg ESI, Immediate 7 5
22a71: XOR Reg EAX, Reg EAX 2
22a73: CALL libxl__log (internal)
22a78: POP Reg R8 2
22a7a: POP Reg R9 2
22a7c: JMP 22d00 (resolved immediate)
  |
  `- 22d00
22a88: LEA Reg RDI, Address (AddrPlus (FromReg RBX) (AddrImm 424)) 7
22a8f: XOR Reg ESI, Reg ESI 2
22a91: CALL libxl_defbool_setdefault (external)
22a96: MOV Reg EDI, Address (SizeDir 32 (AddrPlus (FromReg RBX) (AddrImm 424))) 6
22a9c: CALL libxl_defbool_val (external)
22aa1: TEST Reg AL, Reg AL 2
22aa3: JZ 22ac8 (resolved immediate)
  |
  `- 22aa5,22ac8
22aa5: CMP Address (SizeDir 64 (AddrPlus (FromReg RBX) (AddrImm 432))), Immediate 0 8
22aad: JZ 22fbc (resolved immediate)
  |
  `- 22ab3,22fbc
22ab3: CMP Address (SizeDir 64 (AddrPlus (FromReg RBX) (AddrImm 440))), Immediate 0 8
22abb: JZ 22fed (resolved immediate)
  |
  `- 22ac1,22fed
22ac1: NOP  7
22ac8: CMP Address (SizeDir 32 (AddrPlus (FromReg RBX) (AddrImm 416))), Immediate 2 7
22acf: JZ 22935 (resolved immediate)
  |
  `- 22935,22ad5
22ad5: CMP Address (SizeDir 32 (AddrPlus (FromReg RBX) (AddrImm 400))), Immediate 4294967295 7
22adc: JNZ 22ae8 (resolved immediate)
  |
  `- 22ade,22ae8
22ade: MOV Address (SizeDir 32 (AddrPlus (FromReg RBX) (AddrImm 400))), Immediate 1 10
22ae8: LEA Reg RDI, Address (AddrPlus (FromReg RBX) (AddrImm 408)) 7
22aef: MOV Reg ESI, Immediate 1 5
22af4: CALL libxl_defbool_setdefault (external)
22af9: LEA Reg RDI, Address (AddrPlus (FromReg RBX) (AddrImm 404)) 7
22b00: XOR Reg ESI, Reg ESI 2
22b02: CALL libxl_defbool_setdefault (external)
22b07: JMP 22935 (resolved immediate)
  |
  `- 22935
22b10: LEA Reg RDI, Address (AddrPlus (FromReg RBX) (AddrImm 480)) 7
22b17: XOR Reg ESI, Reg ESI 2
22b19: CALL libxl_defbool_setdefault (external)
22b1e: CMP Address (SizeDir 64 (AddrPlus (FromReg RBX) (AddrImm 112))), Immediate 18446744073709551615 5
22b23: JNZ 22b2d (resolved immediate)
  |
  `- 22b25,22b2d
22b25: MOV Address (SizeDir 64 (AddrPlus (FromReg RBX) (AddrImm 112))), Immediate 0 8
22b2d: CMP Address (SizeDir 64 (AddrPlus (FromReg RBX) (AddrImm 120))), Immediate 18446744073709551615 5
22b32: JNZ 22b3c (resolved immediate)
  |
  `- 22b34,22b3c
22b34: MOV Address (SizeDir 64 (AddrPlus (FromReg RBX) (AddrImm 120))), Immediate 0 8
22b3c: CMP Address (SizeDir 64 (AddrPlus (FromReg RBX) (AddrImm 432))), Immediate 18446744073709551615 8
22b44: JNZ 22ac8 (resolved immediate)
  |
  `- 22ac8,22b46
22b46: MOV Address (SizeDir 64 (AddrPlus (FromReg RBX) (AddrImm 432))), Immediate 0 11
22b51: JMP 22ac8 (resolved immediate)
  |
  `- 22ac8
22b60: MOVSXD Reg RSI, Address (SizeDir 32 (FromReg RBX)) 3
22b63: MOV Reg EDX, Immediate 16 5
22b68: MOV Reg RDI, Reg RBP 3
22b6b: CALL libxl__calloc (internal)
  |
  `- 3c600
22b70: MOV Reg EDX, Address (SizeDir 32 (FromReg RBX)) 2
22b72: MOV Address (SizeDir 64 (AddrPlus (FromReg RBX) (AddrImm 64))), Reg RAX 4
22b76: TEST Reg EDX, Reg EDX 2
22b78: JLE 22cb8 (resolved immediate)
  |
  `- 22b7e,22cb8
22b7e: XOR Reg R14D, Reg R14D 3
22b81: LEA Reg R15, Address (AddrPlus (FromReg RBX) (AddrImm 24)) 4
22b85: JMP 22bb9 (resolved immediate)
  |
  `- 22bb9
22b90: MOV Reg RSI, Address (SizeDir 64 (AddrPlus (FromReg RBX) (AddrImm 64))) 4
22b94: MOV Reg RDI, Address (SizeDir 64 (AddrPlus (FromReg RBP) (AddrImm 16))) 4
22b98: MOV Reg RDX, Reg R15 3
22b9b: ADD Reg RSI, Reg R13 3
22b9e: CALL libxl_bitmap_copy (external)
22ba3: MOV Reg EDX, Address (SizeDir 32 (FromReg RBX)) 2
22ba5: LEA Reg EAX, Address (AddrPlus (FromReg R14) (AddrImm 1)) 4
22ba9: ADD Reg R14, Immediate 1 4
22bad: CMP Reg EDX, Reg EAX 2
22baf: JLE 22cb8 (resolved immediate)
  |
  `- 22bb5,22cb8
22bb5: MOV Reg RAX, Address (SizeDir 64 (AddrPlus (FromReg RBX) (AddrImm 64))) 4
22bb9: MOV Reg R13, Reg R14 3
22bbc: MOV Reg RDI, Address (SizeDir 64 (AddrPlus (FromReg RBP) (AddrImm 16))) 4
22bc0: XOR Reg EDX, Reg EDX 2
22bc2: SHL Reg R13, Immediate 4 4
22bc6: LEA Reg RSI, Address (AddrPlus (FromReg RAX) (FromReg R13)) 4
22bca: CALL libxl_cpu_bitmap_alloc (external)
22bcf: TEST Reg EAX, Reg EAX 2
22bd1: JZ 22b90 (resolved immediate)
  |
  `- 22b90
22bfa: XOR Reg EAX, Reg EAX 2
22bfc: MOV Reg ESI, Immediate 8 5
22c01: MOV Reg R12D, Immediate 4294967293 6
22c07: CALL libxl__log (internal)
  |
  `- 
22c0c: POP Reg RAX 1
22c0d: POP Reg RDX 1
22c0e: JMP 22935 (resolved immediate)
  |
  `- 22935
22c18: CMP Reg EAX, Immediate 1 3
22c1b: JZ 22ee8 (resolved immediate)
  |
  `- 22c21,22ee8
22c21: CMP Reg EAX, Immediate 2 3
22c24: JNZ 2338f (resolved immediate)
  |
  `- 22c2a,2338f
22c2a: CMP Reg EDX, Immediate 1 3
22c2d: JZ 2334f (resolved immediate)
  |
  `- 22c33,2334f
22c33: CMP Address (SizeDir 64 (AddrPlus (FromReg RBX) (AddrImm 344))), Immediate 0 8
22c3b: JNZ 22c62 (resolved immediate)
  |
  `- 22c3d,22c62
22c3d: CMP Address (SizeDir 64 (AddrPlus (FromReg RBX) (AddrImm 360))), Immediate 0 8
22c45: JNZ 232ec (resolved immediate)
  |
  `- 22c4b,232ec
22c4b: CMP Address (SizeDir 64 (AddrPlus (FromReg RBX) (AddrImm 352))), Immediate 0 8
22c53: JNZ 232ec (resolved immediate)
  |
  `- 22c59,232ec
22c59: CMP Reg EAX, Immediate 1 3
22c5c: JZ 2275b (resolved immediate)
  |
  `- 2275b,22c62
22c62: MOV Reg EDI, Address (SizeDir 32 (AddrPlus (FromReg RBX) (AddrImm 196))) 6
22c68: CALL libxl_defbool_val (external)
22c6d: TEST Reg AL, Reg AL 2
22c6f: JZ 2275b (resolved immediate)
  |
  `- 2275b,22c75
22c75: LEA Reg RAX, Address (AddrPlus (FromReg RIP) (AddrImm 462508)) 7
22c7c: MOV Reg RDI, Address (SizeDir 64 (AddrPlus (FromReg RBP) (AddrImm 16))) 4
22c80: LEA Reg R9, Address (AddrPlus (FromReg RIP) (AddrImm 465049)) 7
22c87: MOV Reg R8D, Immediate 168 6
22c8d: PUSH Reg RAX 1
22c8e: PUSH Immediate 18446744073709551615 2
22c90: LEA Reg RCX, Address (AddrPlus (FromReg RIP) (AddrImm 460857)) 7
22c97: MOV Reg ESI, Immediate 8 5
22c9c: MOV Reg EDX, Immediate 4294967295 5
22ca1: XOR Reg EAX, Reg EAX 2
22ca3: MOV Reg R12D, Immediate 4294967290 6
22ca9: CALL libxl__log (internal)
  |
  `- 22cae,3c110
22cae: POP Reg RSI 1
22caf: POP Reg RDI 1
22cb0: JMP 22935 (resolved immediate)
  |
  `- 22935
22cb8: MOV Address (SizeDir 32 (AddrPlus (FromReg RBX) (AddrImm 56))), Reg EDX 3
22cbb: JMP 22791 (resolved immediate)
  |
  `- 22791
22cc0: CMP Reg EAX, Immediate 3 3
22cc3: MOV Reg RDX, Address (SizeDir 64 (AddrPlus (FromReg RBX) (AddrImm 112))) 4
22cc7: JZ 22f98 (resolved immediate)
22ccd: CMP Reg EAX, Immediate 4 3
22cd0: JZ 23240 (resolved immediate)
22cd6: CMP Reg EAX, Immediate 2 3
22cd9: JZ 23200 (resolved immediate)
22cdf: CMP Reg RDX, Immediate 18446744073709551615 4
22ce3: JZ 23278 (resolved immediate)
  |
  `- 22ce9,23278
22ce9: CMP Reg RDX, Immediate 8191 7
22cf0: JBE 2336f (resolved immediate)
  |
  `- 22cf6,2336f
22cf6: NOP  10
22d00: LEA Reg RDI, Address (AddrPlus (FromReg RBX) (AddrImm 436)) 7
22d07: MOV Reg ESI, Immediate 1 5
22d0c: CALL libxl_defbool_setdefault (external)
22d11: LEA Reg RDI, Address (AddrPlus (FromReg RBX) (AddrImm 444)) 7
22d18: MOV Reg ESI, Immediate 1 5
22d1d: CALL libxl_defbool_setdefault (external)
22d22: LEA Reg RDI, Address (AddrPlus (FromReg RBX) (AddrImm 448)) 7
22d29: MOV Reg ESI, Immediate 1 5
22d2e: CALL libxl_defbool_setdefault (external)
22d33: LEA Reg RDI, Address (AddrPlus (FromReg RBX) (AddrImm 452)) 7
22d3a: MOV Reg ESI, Immediate 1 5
22d3f: CALL libxl_defbool_setdefault (external)
22d44: LEA Reg RDI, Address (AddrPlus (FromReg RBX) (AddrImm 456)) 7
22d4b: XOR Reg ESI, Reg ESI 2
22d4d: CALL libxl_defbool_setdefault (external)
22d52: LEA Reg RDI, Address (AddrPlus (FromReg RBX) (AddrImm 460)) 7
22d59: MOV Reg ESI, Immediate 1 5
22d5e: CALL libxl_defbool_setdefault (external)
22d63: LEA Reg RDI, Address (AddrPlus (FromReg RBX) (AddrImm 464)) 7
22d6a: XOR Reg ESI, Reg ESI 2
22d6c: CALL libxl_defbool_setdefault (external)
22d71: LEA Reg RDI, Address (AddrPlus (FromReg RBX) (AddrImm 512)) 7
22d78: MOV Reg ESI, Immediate 1 5
22d7d: CALL libxl_defbool_setdefault (external)
22d82: LEA Reg RDI, Address (AddrPlus (FromReg RBX) (AddrImm 516)) 7
22d89: MOV Reg ESI, Immediate 1 5
22d8e: CALL libxl_defbool_setdefault (external)
22d93: LEA Reg RDI, Address (AddrPlus (FromReg RBX) (AddrImm 536)) 7
22d9a: XOR Reg ESI, Reg ESI 2
22d9c: CALL libxl_defbool_setdefault (external)
22da1: LEA Reg RDI, Address (AddrPlus (FromReg RBX) (AddrImm 744)) 7
22da8: XOR Reg ESI, Reg ESI 2
22daa: CALL libxl_defbool_setdefault (external)
22daf: LEA Reg RDI, Address (AddrPlus (FromReg RBX) (AddrImm 768)) 7
22db6: MOV Reg ESI, Immediate 1 5
22dbb: CALL libxl_defbool_setdefault (external)
22dc0: LEA Reg RDI, Address (AddrPlus (FromReg RBX) (AddrImm 648)) 7
22dc7: XOR Reg ESI, Reg ESI 2
22dc9: CALL libxl_defbool_setdefault (external)
22dce: MOV Reg EDI, Address (SizeDir 32 (AddrPlus (FromReg RBX) (AddrImm 648))) 6
22dd4: CALL libxl_defbool_val (external)
22dd9: TEST Reg AL, Reg AL 2
22ddb: JNZ 2304c (resolved immediate)
  |
  `- 22de1,2304c
22de1: MOV Reg EDI, Address (SizeDir 32 (AddrPlus (FromReg RBX) (AddrImm 700))) 6
22de7: TEST Reg EDI, Reg EDI 2
22de9: JG 2300d (resolved immediate)
  |
  `- 22def,2300d
22def: MOV Reg EAX, Address (SizeDir 32 (AddrPlus (FromReg RBX) (AddrImm 748))) 6
22df5: TEST Reg EAX, Reg EAX 2
22df7: JNZ 2306e (resolved immediate)
22dfd: MOV Reg EAX, Address (SizeDir 32 (AddrPlus (FromReg RBX) (AddrImm 700))) 6
22e03: TEST Reg EAX, Reg EAX 2
22e05: JNZ 2306e (resolved immediate)
  |
  `- 22e0b,2306e
22e0b: CMP Address (SizeDir 64 (AddrPlus (FromReg RBX) (AddrImm 736))), Immediate 0 8
22e13: JZ 2317f (resolved immediate)
  |
  `- 22e19,2317f
22e19: LEA Reg RDI, Address (AddrPlus (FromReg RBX) (AddrImm 584)) 7
22e20: MOV Reg ESI, Immediate 1 5
22e25: CALL libxl_defbool_setdefault (external)
22e2a: MOV Reg EDI, Address (SizeDir 32 (AddrPlus (FromReg RBX) (AddrImm 584))) 6
22e30: CALL libxl_defbool_val (external)
22e35: TEST Reg AL, Reg AL 2
22e37: JNZ 230d0 (resolved immediate)
  |
  `- 22e3d,230d0
22e3d: LEA Reg RDI, Address (AddrPlus (FromReg RBX) (AddrImm 624)) 7
22e44: XOR Reg ESI, Reg ESI 2
22e46: CALL libxl_defbool_setdefault (external)
22e4b: MOV Reg EDI, Address (SizeDir 32 (AddrPlus (FromReg RBX) (AddrImm 624))) 6
22e51: CALL libxl_defbool_val (external)
22e56: TEST Reg AL, Reg AL 2
22e58: JNZ 23150 (resolved immediate)
  |
  `- 22e5e,23150
22e5e: MOV Reg EDI, Address (SizeDir 32 (AddrPlus (FromReg RBX) (AddrImm 648))) 6
22e64: CALL libxl_defbool_val (external)
22e69: TEST Reg AL, Reg AL 2
22e6b: JNZ 23110 (resolved immediate)
  |
  `- 22e71,23110
22e71: LEA Reg RDI, Address (AddrPlus (FromReg RBX) (AddrImm 572)) 7
22e78: XOR Reg ESI, Reg ESI 2
22e7a: CALL libxl_defbool_setdefault (external)
22e7f: LEA Reg RDI, Address (AddrPlus (FromReg RBX) (AddrImm 720)) 7
22e86: XOR Reg ESI, Reg ESI 2
22e88: CALL libxl_defbool_setdefault (external)
22e8d: CMP Address (SizeDir 32 (AddrPlus (FromReg RBX) (AddrImm 820))), Immediate 4294967295 7
22e94: JNZ 22ea0 (resolved immediate)
  |
  `- 22e96,22ea0
22e96: MOV Address (SizeDir 32 (AddrPlus (FromReg RBX) (AddrImm 820))), Immediate 1 10
22ea0: CMP Address (SizeDir 64 (AddrPlus (FromReg RBX) (AddrImm 824))), Immediate 18446744073709551615 8
22ea8: JNZ 22ac8 (resolved immediate)
  |
  `- 22ac8,22eae
22eae: MOV Address (SizeDir 64 (AddrPlus (FromReg RBX) (AddrImm 824))), Immediate 2097152 11
22eb9: JMP 22ac8 (resolved immediate)
  |
  `- 22ac8
22ec0: MOV Reg EDI, Address (SizeDir 32 (AddrPlus (FromReg RBX) (AddrImm 196))) 6
22ec6: CALL libxl_defbool_val (external)
22ecb: TEST Reg AL, Reg AL 2
22ecd: JZ 22f79 (resolved immediate)
  |
  `- 22ed3,22f79
22ed3: MOV Address (SizeDir 32 (AddrPlus (FromReg RBX) (AddrImm 192))), Immediate 1 10
22edd: JMP 22740 (resolved immediate)
  |
  `- 22740
22ee8: CMP Reg EDX, Immediate 1 3
22eeb: JNZ 2330c (resolved immediate)
  |
  `- 22ef1,2330c
22ef1: CMP Address (SizeDir 64 (AddrPlus (FromReg RBX) (AddrImm 344))), Immediate 0 8
22ef9: JNZ 2275b (resolved immediate)
  |
  `- 2275b,22eff
22eff: JMP 22c3d (resolved immediate)
  |
  `- 22c3d
22f08: LEA Reg RAX, Address (AddrPlus (FromReg RIP) (AddrImm 460384)) 7
22f0f: MOV Reg RDI, Address (SizeDir 64 (AddrPlus (FromReg RBP) (AddrImm 16))) 4
22f13: LEA Reg R9, Address (AddrPlus (FromReg RIP) (AddrImm 464390)) 7
22f1a: MOV Reg R8D, Immediate 133 6
22f20: PUSH Reg RAX 1
22f21: PUSH Immediate 18446744073709551615 2
22f23: JMP 22c90 (resolved immediate)
  |
  `- 22c90
22f28: CALL __errno_location (external)
22f2d: MOV Reg EDX, Address (SizeDir 32 (FromReg RAX)) 2
22f2f: MOV Reg RDI, Address (SizeDir 64 (AddrPlus (FromReg RBP) (AddrImm 16))) 4
22f33: CMP Reg EDX, Immediate 2 3
22f36: JNZ 2332c (resolved immediate)
  |
  `- 22f3c,2332c
22f3c: LEA Reg RAX, Address (AddrPlus (FromReg RIP) (AddrImm 461589)) 7
22f43: LEA Reg R9, Address (AddrPlus (FromReg RIP) (AddrImm 464342)) 7
22f4a: LEA Reg RCX, Address (AddrPlus (FromReg RIP) (AddrImm 460159)) 7
22f51: MOV Reg R8D, Immediate 111 6
22f57: MOV Reg ESI, Immediate 5 5
22f5c: PUSH Reg RAX 1
22f5d: PUSH Immediate 18446744073709551615 2
22f5f: XOR Reg EAX, Reg EAX 2
22f61: CALL libxl__log (internal)
  |
  `- 
22f66: MOV Address (SizeDir 32 (AddrPlus (FromReg RBX) (AddrImm 192))), Immediate 1 10
22f70: POP Reg R8 2
22f72: POP Reg R9 2
22f74: JMP 22740 (resolved immediate)
  |
  `- 22740
22f79: MOV Reg RDI, Reg RBP 3
22f7c: CALL libxl__default_device_model (internal)
  |
  `- 22f81,75da0
22f81: CMP Reg EAX, Immediate 2 3
22f84: MOV Address (SizeDir 32 (AddrPlus (FromReg RBX) (AddrImm 192))), Reg EAX 6
22f8a: JNZ 22740 (resolved immediate)
  |
  `- 22740,22f90
22f90: JMP 22720 (resolved immediate)
  |
  `- 22720
22fbc: CALL libxl__xenfirmwaredir_path (internal)
  |
  `- 22fc1,6e1e0
22fc1: MOV Reg RDX, Address (SizeDir 64 (AddrPlus (FromReg RBP) (AddrImm 16))) 4
22fc5: LEA Reg RCX, Address (AddrPlus (FromReg RIP) (AddrImm 460238)) 7
22fcc: LEA Reg RSI, Address (AddrPlus (FromReg RIP) (AddrImm 509518)) 7
22fd3: LEA Reg RDI, Address (AddrPlus (FromReg RDX) (AddrImm 24)) 4
22fd7: MOV Reg RDX, Reg RAX 3
22fda: XOR Reg EAX, Reg EAX 2
22fdc: CALL libxl__sprintf (internal)
  |
  `- 22fe1,3c540
22fe1: MOV Address (SizeDir 64 (AddrPlus (FromReg RBX) (AddrImm 432))), Reg RAX 7
22fe8: JMP 22ab3 (resolved immediate)
  |
  `- 22ab3
22fed: MOV Reg RDI, Address (SizeDir 64 (AddrPlus (FromReg RBP) (AddrImm 16))) 4
22ff1: LEA Reg RSI, Address (AddrPlus (FromReg RIP) (AddrImm 460203)) 7
22ff8: ADD Reg RDI, Immediate 24 4
22ffc: CALL libxl__strdup (internal)
23001: MOV Address (SizeDir 64 (AddrPlus (FromReg RBX) (AddrImm 440))), Reg RAX 7
23008: JMP 22ac8 (resolved immediate)
  |
  `- 22ac8
2300d: LEA Reg RAX, Address (AddrPlus (FromReg RIP) (AddrImm 462124)) 7
23014: MOV Address (SizeDir 32 (AddrPlus (FromReg RBX) (AddrImm 700))), Immediate 0 10
2301e: MOV Reg RDI, Address (SizeDir 64 (AddrPlus (FromReg RBP) (AddrImm 16))) 4
23022: LEA Reg RCX, Address (AddrPlus (FromReg RIP) (AddrImm 459943)) 7
23029: LEA Reg R9, Address (AddrPlus (FromReg RIP) (AddrImm 464112)) 7
23030: MOV Reg ESI, Immediate 7 5
23035: PUSH Reg RAX 1
23036: PUSH Immediate 18446744073709551615 2
23038: MOV Reg R8D, Immediate 319 6
2303e: MOV Reg EDX, Immediate 4294967295 5
23043: XOR Reg EAX, Reg EAX 2
23045: CALL libxl__log (internal)
2304a: POP Reg RCX 1
2304b: POP Reg RSI 1
2304c: MOV Reg EDX, Address (SizeDir 32 (AddrPlus (FromReg RBX) (AddrImm 748))) 6
23052: TEST Reg EDX, Reg EDX 2
23054: JNZ 2306e (resolved immediate)
  |
  `- 23056,2306e
23056: MOV Reg EAX, Address (SizeDir 32 (AddrPlus (FromReg RBX) (AddrImm 700))) 6
2305c: TEST Reg EAX, Reg EAX 2
2305e: JLE 22e03 (resolved immediate)
  |
  `- 22e03,23064
23064: MOV Address (SizeDir 32 (AddrPlus (FromReg RBX) (AddrImm 748))), Immediate 2 10
2306e: MOV Reg EDI, Address (SizeDir 32 (AddrPlus (FromReg RBX) (AddrImm 744))) 6
23074: CALL libxl_defbool_val (external)
23079: TEST Reg AL, Reg AL 2
2307b: JNZ 23095 (resolved immediate)
  |
  `- 2307d,23095
2307d: CMP Address (SizeDir 64 (AddrPlus (FromReg RBX) (AddrImm 776))), Immediate 0 8
23085: JNZ 23095 (resolved immediate)
  |
  `- 23087,23095
23087: CMP Address (SizeDir 64 (AddrPlus (FromReg RBX) (AddrImm 752))), Immediate 0 8
2308f: JZ 22e0b (resolved immediate)
  |
  `- 22e0b,23095
23095: LEA Reg RAX, Address (AddrPlus (FromReg RIP) (AddrImm 462036)) 7
2309c: MOV Reg RDI, Address (SizeDir 64 (AddrPlus (FromReg RBP) (AddrImm 16))) 4
230a0: LEA Reg R9, Address (AddrPlus (FromReg RIP) (AddrImm 463993)) 7
230a7: MOV Reg R8D, Immediate 331 6
230ad: PUSH Reg RAX 1
230ae: PUSH Immediate 18446744073709551615 2
230b0: JMP 22c90 (resolved immediate)
  |
  `- 22c90
230b8: MOV Address (SizeDir 32 (AddrPlus (FromReg RBX) (AddrImm 432))), Immediate 1 10
230c2: JMP 22ef1 (resolved immediate)
  |
  `- 22ef1
230d0: LEA Reg RDI, Address (AddrPlus (FromReg RBX) (AddrImm 612)) 7
230d7: MOV Reg ESI, Immediate 1 5
230dc: CALL libxl_defbool_setdefault (external)
230e1: CMP Address (SizeDir 64 (AddrPlus (FromReg RBX) (AddrImm 592))), Immediate 0 8
230e9: JNZ 22e3d (resolved immediate)
  |
  `- 22e3d,230ef
230ef: MOV Reg RDI, Address (SizeDir 64 (AddrPlus (FromReg RBP) (AddrImm 16))) 4
230f3: LEA Reg RSI, Address (AddrPlus (FromReg RIP) (AddrImm 459926)) 7
230fa: ADD Reg RDI, Immediate 24 4
230fe: CALL libxl__strdup (internal)
23103: MOV Address (SizeDir 64 (AddrPlus (FromReg RBX) (AddrImm 592))), Reg RAX 7
2310a: JMP 22e3d (resolved immediate)
  |
  `- 22e3d
23110: LEA Reg RDI, Address (AddrPlus (FromReg RBX) (AddrImm 672)) 7
23117: XOR Reg ESI, Reg ESI 2
23119: CALL libxl_defbool_setdefault (external)
2311e: LEA Reg RDI, Address (AddrPlus (FromReg RBX) (AddrImm 688)) 7
23125: MOV Reg ESI, Immediate 1 5
2312a: CALL libxl_defbool_setdefault (external)
2312f: LEA Reg RDI, Address (AddrPlus (FromReg RBX) (AddrImm 692)) 7
23136: XOR Reg ESI, Reg ESI 2
23138: CALL libxl_defbool_setdefault (external)
2313d: LEA Reg RDI, Address (AddrPlus (FromReg RBX) (AddrImm 696)) 7
23144: XOR Reg ESI, Reg ESI 2
23146: CALL libxl_defbool_setdefault (external)
2314b: JMP 22e71 (resolved immediate)
  |
  `- 22e71
23150: LEA Reg RDI, Address (AddrPlus (FromReg RBX) (AddrImm 628)) 7
23157: XOR Reg ESI, Reg ESI 2
23159: CALL libxl_defbool_setdefault (external)
2315e: JMP 22e5e (resolved immediate)
  |
  `- 22e5e
23163: LEA Reg RAX, Address (AddrPlus (FromReg RIP) (AddrImm 459734)) 7
2316a: LEA Reg R9, Address (AddrPlus (FromReg RIP) (AddrImm 463791)) 7
23171: MOV Reg R8D, Immediate 72 6
23177: PUSH Reg RAX 1
23178: PUSH Immediate 18446744073709551615 2
2317a: JMP 22c90 (resolved immediate)
  |
  `- 22c90
2317f: MOV Reg RAX, Address (SizeDir 64 (AddrPlus (FromReg RBP) (AddrImm 16))) 4
23183: LEA Reg RSI, Address (AddrPlus (FromReg RIP) (AddrImm 459778)) 7
2318a: LEA Reg RDI, Address (AddrPlus (FromReg RAX) (AddrImm 24)) 4
2318e: CALL libxl__strdup (internal)
23193: MOV Address (SizeDir 64 (AddrPlus (FromReg RBX) (AddrImm 736))), Reg RAX 7
2319a: JMP 22e19 (resolved immediate)
  |
  `- 22e19
23278: MOV Address (SizeDir 64 (AddrPlus (FromReg RBX) (AddrImm 112))), Immediate 8192 8
23280: JMP 22d00 (resolved immediate)
  |
  `- 22d00
23292: MOV Address (SizeDir 64 (AddrPlus (FromReg RBX) (AddrImm 112))), Immediate 4096 8
2329a: JMP 22d00 (resolved immediate)
  |
  `- 22d00
232ec: LEA Reg RAX, Address (AddrPlus (FromReg RIP) (AddrImm 460797)) 7
232f3: MOV Reg RDI, Address (SizeDir 64 (AddrPlus (FromReg RBP) (AddrImm 16))) 4
232f7: LEA Reg R9, Address (AddrPlus (FromReg RIP) (AddrImm 463394)) 7
232fe: MOV Reg R8D, Immediate 158 6
23304: PUSH Reg RAX 1
23305: PUSH Immediate 18446744073709551615 2
23307: JMP 22c90 (resolved immediate)
  |
  `- 22c90
2330c: LEA Reg RAX, Address (AddrPlus (FromReg RIP) (AddrImm 460677)) 7
23313: MOV Reg RDI, Address (SizeDir 64 (AddrPlus (FromReg RBP) (AddrImm 16))) 4
23317: LEA Reg R9, Address (AddrPlus (FromReg RIP) (AddrImm 463362)) 7
2331e: MOV Reg R8D, Immediate 141 6
23324: PUSH Reg RAX 1
23325: PUSH Immediate 18446744073709551615 2
23327: JMP 22c90 (resolved immediate)
  |
  `- 22c90
2332c: LEA Reg RAX, Address (AddrPlus (FromReg RIP) (AddrImm 459297)) 7
23333: LEA Reg R9, Address (AddrPlus (FromReg RIP) (AddrImm 463334)) 7
2333a: MOV Reg R8D, Immediate 115 6
23340: LEA Reg RCX, Address (AddrPlus (FromReg RIP) (AddrImm 459145)) 7
23347: PUSH Reg RAX 1
23348: PUSH Immediate 18446744073709551615 2
2334a: JMP 22bfa (resolved immediate)
  |
  `- 22bfa
2334f: LEA Reg RAX, Address (AddrPlus (FromReg RIP) (AddrImm 460658)) 7
23356: MOV Reg RDI, Address (SizeDir 64 (AddrPlus (FromReg RBP) (AddrImm 16))) 4
2335a: LEA Reg R9, Address (AddrPlus (FromReg RIP) (AddrImm 463295)) 7
23361: MOV Reg R8D, Immediate 147 6
23367: PUSH Reg RAX 1
23368: PUSH Immediate 18446744073709551615 2
2336a: JMP 22c90 (resolved immediate)
  |
  `- 22c90
2336f: LEA Reg RAX, Address (AddrPlus (FromReg RIP) (AddrImm 461202)) 7
23376: MOV Reg RDI, Address (SizeDir 64 (AddrPlus (FromReg RBP) (AddrImm 16))) 4
2337a: LEA Reg R9, Address (AddrPlus (FromReg RIP) (AddrImm 463263)) 7
23381: MOV Reg R8D, Immediate 294 6
23387: PUSH Reg RAX 1
23388: PUSH Immediate 18446744073709551615 2
2338a: JMP 22c90 (resolved immediate)
  |
  `- 22c90
2338f: CALL abort (external)
  |
  `- 
27630: PUSH Reg RBP 1
27631: PUSH Reg RBX 1
27632: MOV Reg RBP, Reg RDI 3
27635: MOV Reg RBX, Reg RSI 3
27638: SUB Reg RSP, Immediate 8 4
2763c: MOV Reg EDI, Address (SizeDir 32 (AddrPlus (FromReg RSI) (AddrImm 196))) 6
27642: CALL libxl_defbool_val (external)
27647: TEST Reg AL, Reg AL 2
27649: JNZ 276f8 (resolved immediate)
  |
  `- 2764f,276f8
2764f: MOV Reg RSI, Address (SizeDir 64 (AddrPlus (FromReg RBX) (AddrImm 200))) 7
27656: TEST Reg RSI, Reg RSI 3
27659: JNZ 27680 (resolved immediate)
  |
  `- 2765b,27680
2765b: MOV Reg EDX, Address (SizeDir 32 (AddrPlus (FromReg RBX) (AddrImm 192))) 6
27661: CMP Reg EDX, Immediate 1 3
27664: JZ 276d8 (resolved immediate)
  |
  `- 27666,276d8
27666: CMP Reg EDX, Immediate 2 3
27669: LEA Reg RAX, Address (AddrPlus (FromReg RIP) (AddrImm 448952)) 7
27670: JNZ 27690 (resolved immediate)
  |
  `- 27672,27690
27672: ADD Reg RSP, Immediate 8 4
27676: POP Reg RBX 1
27677: POP Reg RBP 1
27678: RET  1
  |
  `- 
27680: ADD Reg RSP, Immediate 8 4
27684: MOV Reg RDI, Reg RBP 3
27687: POP Reg RBX 1
27688: POP Reg RBP 1
27689: JMP 3c730 (resolved immediate)
  |
  `- 3c730
27690: LEA Reg RAX, Address (AddrPlus (FromReg RIP) (AddrImm 448953)) 7
27697: MOV Reg RDI, Address (SizeDir 64 (AddrPlus (FromReg RBP) (AddrImm 16))) 4
2769b: SUB Reg RSP, Immediate 8 4
2769f: PUSH Reg RDX 1
276a0: LEA Reg R9, Address (AddrPlus (FromReg RIP) (AddrImm 455049)) 7
276a7: LEA Reg RCX, Address (AddrPlus (FromReg RIP) (AddrImm 446167)) 7
276ae: PUSH Reg RAX 1
276af: PUSH Immediate 18446744073709551615 2
276b1: XOR Reg EAX, Reg EAX 2
276b3: MOV Reg R8D, Immediate 326 6
276b9: MOV Reg EDX, Immediate 4294967295 5
276be: MOV Reg ESI, Immediate 8 5
276c3: CALL libxl__log (internal)
  |
  `- 
276c8: ADD Reg RSP, Immediate 32 4
276cc: XOR Reg EAX, Reg EAX 2
276ce: ADD Reg RSP, Immediate 8 4
276d2: POP Reg RBX 1
276d3: POP Reg RBP 1
276d4: RET  1
  |
  `- 
276d8: CALL libxl__private_bindir_path (internal)
  |
  `- 6e1d0
276dd: ADD Reg RSP, Immediate 8 4
276e1: MOV Reg RDI, Reg RBP 3
276e4: LEA Reg RSI, Address (AddrPlus (FromReg RIP) (AddrImm 446415)) 7
276eb: POP Reg RBX 1
276ec: POP Reg RBP 1
276ed: MOV Reg RDX, Reg RAX 3
276f0: JMP 3c850 (resolved immediate)
  |
  `- 3c850
276f8: XOR Reg EAX, Reg EAX 2
276fa: JMP 27672 (resolved immediate)
  |
  `- 27672
3bdb0: PUSH Reg R12 2
3bdb2: PUSH Reg RBP 1
3bdb3: PUSH Reg RBX 1
3bdb4: MOV Reg EAX, Address (SizeDir 32 (FromReg RDI)) 2
3bdb6: TEST Reg EAX, Reg EAX 2
3bdb8: JS 3be14 (resolved immediate)
  |
  `- 3bdba,3be14
3bdba: MOV Reg R12, Reg RDI 3
3bdbd: MOV Reg EBP, Immediate 0 5
3bdc2: MOV Reg EBX, Immediate 0 5
3bdc7: JZ 3bdf4 (resolved immediate)
  |
  `- 3bdc9,3bdf4
3bdc9: NOP  7
3bdd0: MOV Reg RAX, Address (SizeDir 64 (AddrPlus (FromReg R12) (AddrImm 8))) 5
3bdd5: ADD Reg EBX, Immediate 1 3
3bdd8: ADD Reg RAX, Reg RBP 3
3bddb: ADD Reg RBP, Immediate 8 4
3bddf: MOV Reg RDI, Address (SizeDir 64 (FromReg RAX)) 3
3bde2: MOV Address (SizeDir 64 (FromReg RAX)), Immediate 0 7
3bde9: CALL free (external)
3bdee: CMP Address (SizeDir 32 (FromReg R12)), Reg EBX 4
3bdf2: JG 3bdd0 (resolved immediate)
  |
  `- 3bdd0,3bdf4
3bdf4: MOV Reg RDI, Address (SizeDir 64 (AddrPlus (FromReg R12) (AddrImm 8))) 5
3bdf9: CALL free (external)
3bdfe: MOV Address (SizeDir 64 (AddrPlus (FromReg R12) (AddrImm 8))), Immediate 0 9
3be07: MOV Address (SizeDir 32 (FromReg R12)), Immediate 0 8
3be0f: POP Reg RBX 1
3be10: POP Reg RBP 1
3be11: POP Reg R12 2
3be13: RET  1
  |
  `- 
3be14: LEA Reg RCX, Address (AddrPlus (FromReg RIP) (AddrImm 387253)) 7
3be1b: LEA Reg RSI, Address (AddrPlus (FromReg RIP) (AddrImm 386238)) 7
3be22: LEA Reg RDI, Address (AddrPlus (FromReg RIP) (AddrImm 386248)) 7
3be29: MOV Reg EDX, Immediate 80 5
3be2e: CALL __assert_fail (external)
  |
  `- 
3be40: PUSH Reg R15 2
3be42: PUSH Reg R14 2
3be44: MOV Reg R15, Reg RDI 3
3be47: PUSH Reg R13 2
3be49: PUSH Reg R12 2
3be4b: MOV Reg R12, Reg RCX 3
3be4e: PUSH Reg RBP 1
3be4f: PUSH Reg RBX 1
3be50: MOV Reg EBP, Reg R8D 3
3be53: MOV Reg RBX, Reg R9 3
3be56: SUB Reg RSP, Immediate 584 7
3be5d: MOV Address (SizeDir 32 (AddrPlus (FromReg RSP) (AddrImm 4))), Reg ESI 4
3be61: MOV Address (SizeDir 32 (AddrPlus (FromReg RSP) (AddrImm 8))), Reg EDX 4
3be65: MOV Reg RAX, Address (SizeDir 64 (AddrPlus (FromReg FS) (AddrImm 40))) 9
3be6e: MOV Address (SizeDir 64 (AddrPlus (FromReg RSP) (AddrImm 568))), Reg RAX 8
3be76: XOR Reg EAX, Reg EAX 2
3be78: MOV Address (SizeDir 64 (AddrPlus (FromReg RSP) (AddrImm 40))), Immediate 0 9
3be81: CALL __errno_location (external)
3be86: MOV Reg RCX, Address (SizeDir 64 (AddrPlus (FromReg RSP) (AddrImm 656))) 8
3be8e: MOV Reg RDX, Address (SizeDir 64 (AddrPlus (FromReg RSP) (AddrImm 648))) 8
3be96: LEA Reg RDI, Address (AddrPlus (FromReg RSP) (AddrImm 40)) 5
3be9b: MOV Reg ESI, Immediate 1 5
3bea0: MOV Reg R13, Reg RAX 3
3bea3: MOV Reg R14D, Address (SizeDir 32 (FromReg RAX)) 3
3bea6: CALL __vasprintf_chk (external)
3beab: TEST Reg RBX, Reg RBX 3
3beae: SETNZ Address (SizeDir 8 (AddrPlus (FromReg RSP) (AddrImm 15))) 5
3beb3: TEST Reg EAX, Reg EAX 2
3beb5: JS 3c0a0 (resolved immediate)
  |
  `- 3bebb,3c0a0
3bebb: TEST Reg R12, Reg R12 3
3bebe: MOV Address (SizeDir 8 (AddrPlus (FromReg RSP) (AddrImm 48))), Immediate 0 5
3bec3: JZ 3bf50 (resolved immediate)
  |
  `- 3bec9,3bf50
3bec9: LEA Reg R10, Address (AddrPlus (FromReg RSP) (AddrImm 48)) 5
3bece: SUB Reg RSP, Immediate 8 4
3bed2: LEA Reg R8, Address (AddrPlus (FromReg RIP) (AddrImm 362554)) 7
3bed9: PUSH Reg RBP 1
3beda: MOV Reg EDX, Immediate 1 5
3bedf: XOR Reg EAX, Reg EAX 2
3bee1: MOV Reg RDI, Reg R10 3
3bee4: MOV Reg R9, Reg R12 3
3bee7: MOV Reg ECX, Immediate 256 5
3beec: MOV Reg ESI, Immediate 256 5
3bef1: MOV Address (SizeDir 64 (AddrPlus (FromReg RSP) (AddrImm 32))), Reg R10 5
3bef6: CALL __snprintf_chk (external)
3befb: MOV Address (SizeDir 8 (AddrPlus (FromReg RSP) (AddrImm 319))), Immediate 0 8
3bf03: MOV Address (SizeDir 8 (AddrPlus (FromReg RSP) (AddrImm 320))), Immediate 0 8
3bf0b: POP Reg RAX 1
3bf0c: POP Reg RDX 1
3bf0d: CMP Address (SizeDir 32 (AddrPlus (FromReg RSP) (AddrImm 640))), Immediate 4294967295 8
3bf15: MOV Reg R10, Address (SizeDir 64 (AddrPlus (FromReg RSP) (AddrImm 16))) 5
3bf1a: JNZ 3bfc0 (resolved immediate)
  |
  `- 3bf20,3bfc0
3bf20: TEST Reg RBX, Reg RBX 3
3bf23: MOV Reg RCX, Address (SizeDir 64 (AddrPlus (FromReg RSP) (AddrImm 40))) 5
3bf28: JZ 3c0c6 (resolved immediate)
  |
  `- 3bf2e,3c0c6
3bf2e: LEA Reg RDX, Address (AddrPlus (FromReg RIP) (AddrImm 386002)) 7
3bf35: LEA Reg RAX, Address (AddrPlus (FromReg RIP) (AddrImm 408678)) 7
3bf3c: LEA Reg RBP, Address (AddrPlus (FromReg RIP) (AddrImm 386109)) 7
3bf43: LEA Reg R11, Address (AddrPlus (FromReg RSP) (AddrImm 304)) 8
3bf4b: JMP 3c031 (resolved immediate)
  |
  `- 3c031
3bf50: CMP Address (SizeDir 32 (AddrPlus (FromReg RSP) (AddrImm 640))), Immediate 4294967295 8
3bf58: MOV Address (SizeDir 8 (AddrPlus (FromReg RSP) (AddrImm 303))), Immediate 0 8
3bf60: LEA Reg R10, Address (AddrPlus (FromReg RSP) (AddrImm 48)) 5
3bf65: MOV Address (SizeDir 8 (AddrPlus (FromReg RSP) (AddrImm 304))), Immediate 0 8
3bf6d: JNZ 3bfc0 (resolved immediate)
  |
  `- 3bf6f,3bfc0
3bf6f: TEST Reg R12, Reg R12 3
3bf72: MOV Reg RCX, Address (SizeDir 64 (AddrPlus (FromReg RSP) (AddrImm 40))) 5
3bf77: LEA Reg RBP, Address (AddrPlus (FromReg RIP) (AddrImm 386050)) 7
3bf7e: LEA Reg R10, Address (AddrPlus (FromReg RSP) (AddrImm 48)) 5
3bf83: LEA Reg R11, Address (AddrPlus (FromReg RSP) (AddrImm 304)) 8
3bf8b: JZ 3c019 (resolved immediate)
  |
  `- 3c019
3bf98: TEST Reg RBX, Reg RBX 3
3bf9b: JZ 3c0eb (resolved immediate)
  |
  `- 3bfa1,3c0eb
3bfa1: LEA Reg RAX, Address (AddrPlus (FromReg RIP) (AddrImm 396536)) 7
3bfa8: LEA Reg RSI, Address (AddrPlus (FromReg RIP) (AddrImm 408563)) 7
3bfaf: TEST Reg R12, Reg R12 3
3bfb2: LEA Reg RDX, Address (AddrPlus (FromReg RIP) (AddrImm 385870)) 7
3bfb9: CMOVNZ Reg RAX, Reg RSI 4
3bfbd: JMP 3c031 (resolved immediate)
  |
  `- 3c031
3bfc0: LEA Reg R11, Address (AddrPlus (FromReg RSP) (AddrImm 304)) 8
3bfc8: MOV Reg R9D, Address (SizeDir 32 (AddrPlus (FromReg RSP) (AddrImm 640))) 8
3bfd0: LEA Reg R8, Address (AddrPlus (FromReg RIP) (AddrImm 385843)) 7
3bfd7: MOV Reg ECX, Immediate 256 5
3bfdc: MOV Reg EDX, Immediate 1 5
3bfe1: MOV Reg ESI, Immediate 256 5
3bfe6: MOV Reg RDI, Reg R11 3
3bfe9: XOR Reg EAX, Reg EAX 2
3bfeb: MOV Address (SizeDir 64 (AddrPlus (FromReg RSP) (AddrImm 24))), Reg R10 5
3bff0: MOV Address (SizeDir 64 (AddrPlus (FromReg RSP) (AddrImm 16))), Reg R11 5
3bff5: LEA Reg RBP, Address (AddrPlus (FromReg RIP) (AddrImm 385924)) 7
3bffc: CALL __snprintf_chk (external)
3c001: MOV Reg RCX, Address (SizeDir 64 (AddrPlus (FromReg RSP) (AddrImm 40))) 5
3c006: MOV Reg R11, Address (SizeDir 64 (AddrPlus (FromReg RSP) (AddrImm 16))) 5
3c00b: MOV Reg R10, Address (SizeDir 64 (AddrPlus (FromReg RSP) (AddrImm 24))) 5
3c010: TEST Reg R12, Reg R12 3
3c013: JNZ 3bf98 (resolved immediate)
  |
  `- 3bf98,3c019
3c019: CMP Address (SizeDir 8 (AddrPlus (FromReg RSP) (AddrImm 15))), Immediate 0 5
3c01e: JNZ 3bf98 (resolved immediate)
  |
  `- 3bf98,3c024
3c024: LEA Reg RBX, Address (AddrPlus (FromReg RIP) (AddrImm 396405)) 7
3c02b: MOV Reg RDX, Reg RBX 3
3c02e: MOV Reg RAX, Reg RBX 3
3c031: SUB Reg RSP, Immediate 8 4
3c035: MOV Reg RDI, Address (SizeDir 64 (FromReg R15)) 3
3c038: LEA Reg R8, Address (AddrPlus (FromReg RIP) (AddrImm 385750)) 7
3c03f: PUSH Reg RCX 1
3c040: PUSH Reg R11 2
3c042: LEA Reg RCX, Address (AddrPlus (FromReg RIP) (AddrImm 358278)) 7
3c049: PUSH Reg RDX 1
3c04a: PUSH Reg RBX 1
3c04b: MOV Reg R9, Reg R10 3
3c04e: PUSH Reg RAX 1
3c04f: MOV Reg EDX, Address (SizeDir 32 (AddrPlus (FromReg RSP) (AddrImm 56))) 4
3c053: XOR Reg EAX, Reg EAX 2
3c055: MOV Reg ESI, Address (SizeDir 32 (AddrPlus (FromReg RSP) (AddrImm 52))) 4
3c059: CALL xtl_log (external)
3c05e: MOV Reg RDI, Address (SizeDir 64 (AddrPlus (FromReg RSP) (AddrImm 88))) 5
3c063: ADD Reg RSP, Immediate 48 4
3c067: CMP Reg RDI, Reg RBP 3
3c06a: JZ 3c071 (resolved immediate)
  |
  `- 3c06c,3c071
3c06c: CALL free (external)
3c071: MOV Reg RAX, Address (SizeDir 64 (AddrPlus (FromReg RSP) (AddrImm 568))) 8
3c079: XOR Reg RAX, Address (SizeDir 64 (AddrPlus (FromReg FS) (AddrImm 40))) 9
3c082: MOV Address (SizeDir 32 (AddrPlus (FromReg R13) (AddrImm 0))), Reg R14D 4
3c086: JNZ 3c0c1 (resolved immediate)
  |
  `- 3c088,3c0c1
3c088: ADD Reg RSP, Immediate 584 7
3c08f: POP Reg RBX 1
3c090: POP Reg RBP 1
3c091: POP Reg R12 2
3c093: POP Reg R13 2
3c095: POP Reg R14 2
3c097: POP Reg R15 2
3c099: RET  1
  |
  `- 
3c0a0: LEA Reg RBP, Address (AddrPlus (FromReg RIP) (AddrImm 385753)) 7
3c0a7: LEA Reg R10, Address (AddrPlus (FromReg RSP) (AddrImm 48)) 5
3c0ac: LEA Reg R11, Address (AddrPlus (FromReg RSP) (AddrImm 304)) 8
3c0b4: MOV Address (SizeDir 64 (AddrPlus (FromReg RSP) (AddrImm 40))), Reg RBP 5
3c0b9: MOV Reg RCX, Reg RBP 3
3c0bc: JMP 3c010 (resolved immediate)
  |
  `- 3c010
3c0c1: CALL __stack_chk_fail (external)
  |
  `- 
3c0c6: LEA Reg RBX, Address (AddrPlus (FromReg RIP) (AddrImm 396243)) 7
3c0cd: LEA Reg RDX, Address (AddrPlus (FromReg RIP) (AddrImm 385587)) 7
3c0d4: LEA Reg RBP, Address (AddrPlus (FromReg RIP) (AddrImm 385701)) 7
3c0db: LEA Reg R11, Address (AddrPlus (FromReg RSP) (AddrImm 304)) 8
3c0e3: MOV Reg RAX, Reg RBX 3
3c0e6: JMP 3c031 (resolved immediate)
  |
  `- 3c031
3c0eb: LEA Reg RBX, Address (AddrPlus (FromReg RIP) (AddrImm 396206)) 7
3c0f2: LEA Reg RDX, Address (AddrPlus (FromReg RIP) (AddrImm 385550)) 7
3c0f9: MOV Reg RAX, Reg RBX 3
3c0fc: JMP 3c031 (resolved immediate)
  |
  `- 3c031
3c110: SUB Reg RSP, Immediate 216 7
3c117: TEST Reg AL, Reg AL 2
3c119: MOV Reg R10, Address (SizeDir 64 (AddrPlus (FromReg RSP) (AddrImm 232))) 8
3c121: JZ 3c15a (resolved immediate)
  |
  `- 3c123,3c15a
3c123: MOVAPS Address (SizeDir 128 (AddrPlus (FromReg RSP) (AddrImm 80))), Reg XMM0 5
3c128: MOVAPS Address (SizeDir 128 (AddrPlus (FromReg RSP) (AddrImm 96))), Reg XMM1 5
3c12d: MOVAPS Address (SizeDir 128 (AddrPlus (FromReg RSP) (AddrImm 112))), Reg XMM2 5
3c132: MOVAPS Address (SizeDir 128 (AddrPlus (FromReg RSP) (AddrImm 128))), Reg XMM3 8
3c13a: MOVAPS Address (SizeDir 128 (AddrPlus (FromReg RSP) (AddrImm 144))), Reg XMM4 8
3c142: MOVAPS Address (SizeDir 128 (AddrPlus (FromReg RSP) (AddrImm 160))), Reg XMM5 8
3c14a: MOVAPS Address (SizeDir 128 (AddrPlus (FromReg RSP) (AddrImm 176))), Reg XMM6 8
3c152: MOVAPS Address (SizeDir 128 (AddrPlus (FromReg RSP) (AddrImm 192))), Reg XMM7 8
3c15a: MOV Reg RAX, Address (SizeDir 64 (AddrPlus (FromReg FS) (AddrImm 40))) 9
3c163: MOV Address (SizeDir 64 (AddrPlus (FromReg RSP) (AddrImm 24))), Reg RAX 5
3c168: XOR Reg EAX, Reg EAX 2
3c16a: LEA Reg RAX, Address (AddrPlus (FromReg RSP) (AddrImm 240)) 8
3c172: MOV Address (SizeDir 64 (AddrPlus (FromReg RSP) (AddrImm 8))), Reg RAX 5
3c177: LEA Reg RAX, Address (AddrPlus (FromReg RSP) (AddrImm 32)) 5
3c17c: MOV Address (SizeDir 32 (FromReg RSP)), Immediate 48 7
3c183: MOV Address (SizeDir 32 (AddrPlus (FromReg RSP) (AddrImm 4))), Immediate 48 8
3c18b: SUB Reg RSP, Immediate 8 4
3c18f: MOV Address (SizeDir 64 (AddrPlus (FromReg RSP) (AddrImm 24))), Reg RAX 5
3c194: LEA Reg RAX, Address (AddrPlus (FromReg RSP) (AddrImm 8)) 5
3c199: PUSH Reg RAX 1
3c19a: PUSH Reg R10 2
3c19c: MOV Reg EAX, Address (SizeDir 32 (AddrPlus (FromReg RSP) (AddrImm 248))) 7
3c1a3: PUSH Reg RAX 1
3c1a4: CALL libxl__logv (internal)
  |
  `- 3be40
3c1a9: ADD Reg RSP, Immediate 32 4
3c1ad: MOV Reg RAX, Address (SizeDir 64 (AddrPlus (FromReg RSP) (AddrImm 24))) 5
3c1b2: XOR Reg RAX, Address (SizeDir 64 (AddrPlus (FromReg FS) (AddrImm 40))) 9
3c1bb: JNZ 3c1c5 (resolved immediate)
  |
  `- 3c1bd,3c1c5
3c1bd: ADD Reg RSP, Immediate 216 7
3c1c4: RET  1
  |
  `- 
3c1c5: CALL __stack_chk_fail (external)
  |
  `- 
3c1d0: TEST Reg RCX, Reg RCX 3
3c1d3: PUSH Reg R14 2
3c1d5: PUSH Reg R13 2
3c1d7: PUSH Reg R12 2
3c1d9: PUSH Reg RBP 1
3c1da: PUSH Reg RBX 1
3c1db: MOV Reg RBX, Reg RSI 3
3c1de: JZ 3c24b (resolved immediate)
  |
  `- 3c1e0,3c24b
3c1e0: LEA Reg R14, Address (AddrPlus (FromReg RIP) (AddrImm 385473)) 7
3c1e7: SUB Reg RSP, Immediate 8 4
3c1eb: MOV Reg R9, Reg RSI 3
3c1ee: PUSH Reg RCX 1
3c1ef: PUSH Reg RDX 1
3c1f0: MOV Reg R13, Reg RDX 3
3c1f3: PUSH Reg RSI 1
3c1f4: PUSH Reg R14 2
3c1f6: MOV Reg R12, Reg RCX 3
3c1f9: PUSH Immediate 18446744073709551615 2
3c1fb: XOR Reg R8D, Reg R8D 3
3c1fe: XOR Reg ECX, Reg ECX 2
3c200: MOV Reg EDX, Immediate 12 5
3c205: MOV Reg ESI, Immediate 9 5
3c20a: XOR Reg EAX, Reg EAX 2
3c20c: CALL libxl__log (internal)
  |
  `- 
3c211: MOV Reg RBP, Address (SizeDir 64 (AddrPlus (FromReg RIP) (AddrImm 2665928))) 7
3c218: ADD Reg RSP, Immediate 48 4
3c21c: MOV Reg R9, Reg R12 3
3c21f: MOV Reg R8, Reg R13 3
3c222: MOV Reg RCX, Reg RBX 3
3c225: MOV Reg RDX, Reg R14 3
3c228: MOV Reg ESI, Immediate 1 5
3c22d: XOR Reg EAX, Reg EAX 2
3c22f: MOV Reg RDI, Address (SizeDir 64 (AddrPlus (FromReg RBP) (AddrImm 0))) 4
3c233: CALL __fprintf_chk (external)
3c238: MOV Reg RDI, Address (SizeDir 64 (AddrPlus (FromReg RBP) (AddrImm 0))) 4
3c23c: CALL fflush (external)
3c241: MOV Reg EDI, Immediate 4294967295 5
3c246: CALL _exit (external)
  |
  `- 
3c24b: LEA Reg R12, Address (AddrPlus (FromReg RIP) (AddrImm 385430)) 7
3c252: SUB Reg RSP, Immediate 8 4
3c256: MOV Reg R9, Reg RSI 3
3c259: PUSH Reg RSI 1
3c25a: XOR Reg ECX, Reg ECX 2
3c25c: XOR Reg EAX, Reg EAX 2
3c25e: PUSH Reg R12 2
3c260: PUSH Immediate 18446744073709551615 2
3c262: XOR Reg R8D, Reg R8D 3
3c265: MOV Reg EDX, Immediate 12 5
3c26a: MOV Reg ESI, Immediate 9 5
3c26f: CALL libxl__log (internal)
  |
  `- 
3c274: MOV Reg RBP, Address (SizeDir 64 (AddrPlus (FromReg RIP) (AddrImm 2665829))) 7
3c27b: ADD Reg RSP, Immediate 32 4
3c27f: MOV Reg RCX, Reg RBX 3
3c282: MOV Reg RDX, Reg R12 3
3c285: MOV Reg ESI, Immediate 1 5
3c28a: XOR Reg EAX, Reg EAX 2
3c28c: MOV Reg RDI, Address (SizeDir 64 (AddrPlus (FromReg RBP) (AddrImm 0))) 4
3c290: CALL __fprintf_chk (external)
3c295: JMP 3c238 (resolved immediate)
  |
  `- 3c238
3c2a0: MOV Reg R8D, Address (SizeDir 32 (FromReg RDI)) 3
3c2a3: TEST Reg R8D, Reg R8D 3
3c2a6: JS 3c378 (resolved immediate)
  |
  `- 3c2ac,3c378
3c2ac: TEST Reg RSI, Reg RSI 3
3c2af: JZ 3c378 (resolved immediate)
  |
  `- 3c2b5,3c378
3c2b5: TEST Reg R8D, Reg R8D 3
3c2b8: JZ 3c2f7 (resolved immediate)
  |
  `- 3c2ba,3c2f7
3c2ba: MOV Reg RDX, Address (SizeDir 64 (AddrPlus (FromReg RDI) (AddrImm 8))) 4
3c2be: CMP Address (SizeDir 64 (FromReg RDX)), Immediate 0 4
3c2c2: JZ 3c380 (resolved immediate)
  |
  `- 3c2c8,3c380
3c2c8: LEA Reg RAX, Address (AddrPlus (FromReg RDX) (AddrImm 8)) 4
3c2cc: LEA Reg EDX, Address (AddrMinus (FromReg R8) (AddrImm 1)) 4
3c2d0: LEA Reg RCX, Address (AddrPlus (FromReg RAX) (AddrTimes (AddrImm 8) (FromReg RDX))) 4
3c2d4: JMP 3c2f2 (resolved immediate)
  |
  `- 3c2f2
3c2e0: MOV Reg RDX, Reg RAX 3
3c2e3: ADD Reg RAX, Immediate 8 4
3c2e7: CMP Address (SizeDir 64 (AddrMinus (FromReg RAX) (AddrImm 8))), Immediate 0 5
3c2ec: JZ 3c380 (resolved immediate)
  |
  `- 3c2f2,3c380
3c2f2: CMP Reg RAX, Reg RCX 3
3c2f5: JNZ 3c2e0 (resolved immediate)
  |
  `- 3c2e0,3c2f7
3c2f7: PUSH Reg R13 2
3c2f9: PUSH Reg R12 2
3c2fb: MOV Reg R12, Reg RSI 3
3c2fe: PUSH Reg RBP 1
3c2ff: LEA Reg EBP, Address (AddrPlus (AddrPlus (FromReg R8) (FromReg R8)) (AddrImm 25)) 5
3c304: PUSH Reg RBX 1
3c305: MOV Reg RBX, Reg RDI 3
3c308: SUB Reg RSP, Immediate 8 4
3c30c: CMP Reg EBP, Immediate 134217726 6
3c312: JG 3c39c (resolved immediate)
  |
  `- 3c318,3c39c
3c318: MOVSXD Reg R13, Reg EBP 3
3c31b: MOV Reg RDI, Address (SizeDir 64 (AddrPlus (FromReg RDI) (AddrImm 8))) 4
3c31f: LEA Reg RSI, Address (AddrPlus (AddrTimes (AddrImm 8) (FromReg R13)) (AddrImm 0)) 8
3c327: CALL realloc (external)
3c32c: TEST Reg RAX, Reg RAX 3
3c32f: MOV Address (SizeDir 64 (AddrPlus (FromReg RBX) (AddrImm 8))), Reg RAX 4
3c333: JZ 3c384 (resolved immediate)
  |
  `- 3c335,3c384
3c335: MOVSXD Reg RDX, Address (SizeDir 32 (FromReg RBX)) 3
3c338: LEA Reg ECX, Address (AddrPlus (FromReg RDX) (AddrImm 1)) 3
3c33b: MOV Address (SizeDir 32 (FromReg RBX)), Reg ECX 2
3c33d: MOV Address (SizeDir 64 (AddrPlus (FromReg RAX) (AddrTimes (AddrImm 8) (FromReg RDX)))), Reg R12 4
3c341: MOVSXD Reg RAX, Address (SizeDir 32 (FromReg RBX)) 3
3c344: CMP Reg EBP, Reg EAX 2
3c346: JLE 3c368 (resolved immediate)
  |
  `- 3c348,3c368
3c348: NOP  8
3c350: MOV Reg RDX, Address (SizeDir 64 (AddrPlus (FromReg RBX) (AddrImm 8))) 4
3c354: LEA Reg ECX, Address (AddrPlus (FromReg RAX) (AddrImm 1)) 3
3c357: MOV Address (SizeDir 32 (FromReg RBX)), Reg ECX 2
3c359: MOV Address (SizeDir 64 (AddrPlus (FromReg RDX) (AddrTimes (AddrImm 8) (FromReg RAX)))), Immediate 0 8
3c361: MOVSXD Reg RAX, Address (SizeDir 32 (FromReg RBX)) 3
3c364: CMP Reg EAX, Reg EBP 2
3c366: JL 3c350 (resolved immediate)
  |
  `- 3c350,3c368
3c368: ADD Reg RSP, Immediate 8 4
3c36c: POP Reg RBX 1
3c36d: POP Reg RBP 1
3c36e: POP Reg R12 2
3c370: POP Reg R13 2
3c372: RET  1
  |
  `- 
3c378: REPZ RET  2
  |
  `- 
3c380: MOV Address (SizeDir 64 (FromReg RDX)), Reg RSI 3
3c383: RET  1
  |
  `- 
3c384: MOV Reg RDI, Address (SizeDir 64 (AddrPlus (FromReg RBX) (AddrImm 16))) 4
3c388: LEA Reg RSI, Address (AddrPlus (FromReg RIP) (AddrImm 385873)) 7
3c38f: MOV Reg ECX, Immediate 8 5
3c394: MOV Reg RDX, Reg R13 3
3c397: CALL libxl__alloc_failed (internal)
  |
  `- 
3c39c: LEA Reg RCX, Address (AddrPlus (FromReg RIP) (AddrImm 385869)) 7
3c3a3: LEA Reg RSI, Address (AddrPlus (FromReg RIP) (AddrImm 384822)) 7
3c3aa: LEA Reg RDI, Address (AddrPlus (FromReg RIP) (AddrImm 385135)) 7
3c3b1: MOV Reg EDX, Immediate 62 5
3c3b6: CALL __assert_fail (external)
  |
  `- 
3c410: PUSH Reg R12 2
3c412: PUSH Reg RBP 1
3c413: MOV Reg RBP, Reg RSI 3
3c416: PUSH Reg RBX 1
3c417: MOV Reg R12, Reg RDI 3
3c41a: MOV Reg ESI, Immediate 1 5
3c41f: MOV Reg RDI, Reg RBP 3
3c422: CALL calloc (external)
3c427: TEST Reg RAX, Reg RAX 3
3c42a: JZ 3c442 (resolved immediate)
  |
  `- 3c42c,3c442
3c42c: MOV Reg RBX, Reg RAX 3
3c42f: MOV Reg RSI, Reg RAX 3
3c432: MOV Reg RDI, Reg R12 3
3c435: CALL libxl__ptr_add (internal)
3c43a: MOV Reg RAX, Reg RBX 3
3c43d: POP Reg RBX 1
3c43e: POP Reg RBP 1
3c43f: POP Reg R12 2
3c441: RET  1
  |
  `- 
3c442: MOV Reg RDI, Address (SizeDir 64 (AddrPlus (FromReg R12) (AddrImm 16))) 5
3c447: LEA Reg RSI, Address (AddrPlus (FromReg RIP) (AddrImm 385634)) 7
3c44e: MOV Reg ECX, Immediate 1 5
3c453: MOV Reg RDX, Reg RBP 3
3c456: CALL libxl__alloc_failed (internal)
  |
  `- 
3c460: PUSH Reg R14 2
3c462: PUSH Reg R13 2
3c464: MOV Reg R8, Reg RSI 3
3c467: PUSH Reg R12 2
3c469: PUSH Reg RBP 1
3c46a: MOV Reg R13, Reg RDI 3
3c46d: PUSH Reg RBX 1
3c46e: XOR Reg EDI, Reg EDI 2
3c470: MOV Reg RBP, Reg RSI 3
3c473: MOV Reg R14, Reg RDX 3
3c476: XOR Reg ESI, Reg ESI 2
3c478: MOV Reg RCX, Immediate 18446744073709551615 7
3c47f: SUB Reg RSP, Immediate 32 4
3c483: MOV Reg RAX, Address (SizeDir 64 (AddrPlus (FromReg FS) (AddrImm 40))) 9
3c48c: MOV Address (SizeDir 64 (AddrPlus (FromReg RSP) (AddrImm 24))), Reg RAX 5
3c491: XOR Reg EAX, Reg EAX 2
3c493: MOV Reg R12, Reg RSP 3
3c496: MOVDQU Reg XMM0, Address (SizeDir 128 (FromReg RDX)) 4
3c49a: MOV Reg R9, Reg R12 3
3c49d: MOVUPS Address (SizeDir 128 (FromReg RSP)), Reg XMM0 4
3c4a1: MOV Reg RAX, Address (SizeDir 64 (AddrPlus (FromReg RDX) (AddrImm 16))) 4
3c4a5: MOV Reg EDX, Immediate 1 5
3c4aa: MOV Address (SizeDir 64 (AddrPlus (FromReg RSP) (AddrImm 16))), Reg RAX 5
3c4af: CALL __vsnprintf_chk (external)
3c4b4: TEST Reg EAX, Reg EAX 2
3c4b6: JS 3c51b (resolved immediate)
  |
  `- 3c4b8,3c51b
3c4b8: ADD Reg EAX, Immediate 1 3
3c4bb: MOV Reg RDI, Reg R13 3
3c4be: MOVSXD Reg RBX, Reg EAX 3
3c4c1: MOV Reg RSI, Reg RBX 3
3c4c4: CALL libxl__zalloc (internal)
  |
  `- 3c410
3c4c9: MOV Reg R13, Reg RAX 3
3c4cc: MOV Reg RAX, Address (SizeDir 64 (AddrPlus (FromReg R14) (AddrImm 16))) 4
3c4d0: MOV Reg RCX, Immediate 18446744073709551615 7
3c4d7: MOVDQU Reg XMM0, Address (SizeDir 128 (FromReg R14)) 5
3c4dc: MOV Reg R9, Reg R12 3
3c4df: MOV Reg R8, Reg RBP 3
3c4e2: MOV Reg EDX, Immediate 1 5
3c4e7: MOV Reg RSI, Reg RBX 3
3c4ea: MOV Reg RDI, Reg R13 3
3c4ed: MOV Address (SizeDir 64 (AddrPlus (FromReg RSP) (AddrImm 16))), Reg RAX 5
3c4f2: MOVUPS Address (SizeDir 128 (FromReg RSP)), Reg XMM0 4
3c4f6: CALL __vsnprintf_chk (external)
3c4fb: MOV Reg RCX, Address (SizeDir 64 (AddrPlus (FromReg RSP) (AddrImm 24))) 5
3c500: XOR Reg RCX, Address (SizeDir 64 (AddrPlus (FromReg FS) (AddrImm 40))) 9
3c509: MOV Reg RAX, Reg R13 3
3c50c: JNZ 3c53a (resolved immediate)
  |
  `- 3c50e,3c53a
3c50e: ADD Reg RSP, Immediate 32 4
3c512: POP Reg RBX 1
3c513: POP Reg RBP 1
3c514: POP Reg R12 2
3c516: POP Reg R13 2
3c518: POP Reg R14 2
3c51a: RET  1
  |
  `- 
3c51b: LEA Reg RCX, Address (AddrPlus (FromReg RIP) (AddrImm 385358)) 7
3c522: LEA Reg RSI, Address (AddrPlus (FromReg RIP) (AddrImm 384439)) 7
3c529: LEA Reg RDI, Address (AddrPlus (FromReg RIP) (AddrImm 384498)) 7
3c530: MOV Reg EDX, Immediate 152 5
3c535: CALL __assert_fail (external)
  |
  `- 
3c53a: CALL __stack_chk_fail (external)
  |
  `- 
3c540: SUB Reg RSP, Immediate 216 7
3c547: TEST Reg AL, Reg AL 2
3c549: MOV Address (SizeDir 64 (AddrPlus (FromReg RSP) (AddrImm 48))), Reg RDX 5
3c54e: MOV Address (SizeDir 64 (AddrPlus (FromReg RSP) (AddrImm 56))), Reg RCX 5
3c553: MOV Address (SizeDir 64 (AddrPlus (FromReg RSP) (AddrImm 64))), Reg R8 5
3c558: MOV Address (SizeDir 64 (AddrPlus (FromReg RSP) (AddrImm 72))), Reg R9 5
3c55d: JZ 3c596 (resolved immediate)
  |
  `- 3c55f,3c596
3c55f: MOVAPS Address (SizeDir 128 (AddrPlus (FromReg RSP) (AddrImm 80))), Reg XMM0 5
3c564: MOVAPS Address (SizeDir 128 (AddrPlus (FromReg RSP) (AddrImm 96))), Reg XMM1 5
3c569: MOVAPS Address (SizeDir 128 (AddrPlus (FromReg RSP) (AddrImm 112))), Reg XMM2 5
3c56e: MOVAPS Address (SizeDir 128 (AddrPlus (FromReg RSP) (AddrImm 128))), Reg XMM3 8
3c576: MOVAPS Address (SizeDir 128 (AddrPlus (FromReg RSP) (AddrImm 144))), Reg XMM4 8
3c57e: MOVAPS Address (SizeDir 128 (AddrPlus (FromReg RSP) (AddrImm 160))), Reg XMM5 8
3c586: MOVAPS Address (SizeDir 128 (AddrPlus (FromReg RSP) (AddrImm 176))), Reg XMM6 8
3c58e: MOVAPS Address (SizeDir 128 (AddrPlus (FromReg RSP) (AddrImm 192))), Reg XMM7 8
3c596: MOV Reg RAX, Address (SizeDir 64 (AddrPlus (FromReg FS) (AddrImm 40))) 9
3c59f: MOV Address (SizeDir 64 (AddrPlus (FromReg RSP) (AddrImm 24))), Reg RAX 5
3c5a4: XOR Reg EAX, Reg EAX 2
3c5a6: LEA Reg RAX, Address (AddrPlus (FromReg RSP) (AddrImm 224)) 8
3c5ae: MOV Reg RDX, Reg RSP 3
3c5b1: MOV Address (SizeDir 64 (AddrPlus (FromReg RSP) (AddrImm 8))), Reg RAX 5
3c5b6: LEA Reg RAX, Address (AddrPlus (FromReg RSP) (AddrImm 32)) 5
3c5bb: MOV Address (SizeDir 32 (FromReg RSP)), Immediate 16 7
3c5c2: MOV Address (SizeDir 32 (AddrPlus (FromReg RSP) (AddrImm 4))), Immediate 48 8
3c5ca: MOV Address (SizeDir 64 (AddrPlus (FromReg RSP) (AddrImm 16))), Reg RAX 5
3c5cf: CALL libxl__vsprintf (internal)
  |
  `- 3c460
3c5d4: MOV Reg RCX, Address (SizeDir 64 (AddrPlus (FromReg RSP) (AddrImm 24))) 5
3c5d9: XOR Reg RCX, Address (SizeDir 64 (AddrPlus (FromReg FS) (AddrImm 40))) 9
3c5e2: JNZ 3c5ec (resolved immediate)
  |
  `- 3c5e4,3c5ec
3c5e4: ADD Reg RSP, Immediate 216 7
3c5eb: RET  1
  |
  `- 
3c5ec: CALL __stack_chk_fail (external)
  |
  `- 
3c600: PUSH Reg R13 2
3c602: PUSH Reg R12 2
3c604: MOV Reg R13, Reg RDI 3
3c607: PUSH Reg RBP 1
3c608: PUSH Reg RBX 1
3c609: MOV Reg RBP, Reg RSI 3
3c60c: MOV Reg RDI, Reg RBP 3
3c60f: MOV Reg RSI, Reg RDX 3
3c612: MOV Reg R12, Reg RDX 3
3c615: SUB Reg RSP, Immediate 8 4
3c619: CALL calloc (external)
3c61e: TEST Reg RAX, Reg RAX 3
3c621: JZ 3c63f (resolved immediate)
  |
  `- 3c623,3c63f
3c623: MOV Reg RSI, Reg RAX 3
3c626: MOV Reg RDI, Reg R13 3
3c629: MOV Reg RBX, Reg RAX 3
3c62c: CALL libxl__ptr_add (internal)
3c631: ADD Reg RSP, Immediate 8 4
3c635: MOV Reg RAX, Reg RBX 3
3c638: POP Reg RBX 1
3c639: POP Reg RBP 1
3c63a: POP Reg R12 2
3c63c: POP Reg R13 2
3c63e: RET  1
  |
  `- 
3c63f: MOV Reg RDI, Address (SizeDir 64 (AddrPlus (FromReg R13) (AddrImm 16))) 4
3c643: LEA Reg RSI, Address (AddrPlus (FromReg RIP) (AddrImm 385110)) 7
3c64a: MOV Reg RCX, Reg R12 3
3c64d: MOV Reg RDX, Reg RBP 3
3c650: CALL libxl__alloc_failed (internal)
  |
  `- 
3c730: TEST Reg RSI, Reg RSI 3
3c733: PUSH Reg R12 2
3c735: PUSH Reg RBP 1
3c736: PUSH Reg RBX 1
3c737: JZ 3c768 (resolved immediate)
  |
  `- 3c739,3c768
3c739: MOV Reg R12, Reg RDI 3
3c73c: MOV Reg RDI, Reg RSI 3
3c73f: MOV Reg RBX, Reg RSI 3
3c742: CALL strdup (external)
3c747: TEST Reg RAX, Reg RAX 3
3c74a: MOV Reg RBP, Reg RAX 3
3c74d: JZ 3c76c (resolved immediate)
  |
  `- 3c74f,3c76c
3c74f: MOV Reg RSI, Reg RAX 3
3c752: MOV Reg RDI, Reg R12 3
3c755: CALL libxl__ptr_add (internal)
  |
  `- 3c75a,3c2a0
3c75a: MOV Reg RAX, Reg RBP 3
3c75d: POP Reg RBX 1
3c75e: POP Reg RBP 1
3c75f: POP Reg R12 2
3c761: RET  1
  |
  `- 
3c768: XOR Reg EBP, Reg EBP 2
3c76a: JMP 3c75a (resolved immediate)
  |
  `- 3c75a
3c76c: XOR Reg EAX, Reg EAX 2
3c76e: MOV Reg RDI, Reg RBX 3
3c771: OR Reg RCX, Immediate 18446744073709551615 4
3c775: REPNZ SCASB  2
3c777: MOV Reg RDI, Address (SizeDir 64 (AddrPlus (FromReg R12) (AddrImm 16))) 5
3c77c: LEA Reg RSI, Address (AddrPlus (FromReg RIP) (AddrImm 384733)) 7
3c783: MOV Reg RAX, Reg RCX 3
3c786: MOV Reg ECX, Immediate 1 5
3c78b: NOT Reg RAX 3
3c78e: LEA Reg RDX, Address (AddrMinus (FromReg RAX) (AddrImm 1)) 4
3c792: CALL libxl__alloc_failed (internal)
  |
  `- 3c1d0
3c850: CMP Address (SizeDir 8 (FromReg RSI)), Immediate 47 3
3c853: JZ 3c870 (resolved immediate)
  |
  `- 3c855,3c870
3c855: MOV Reg RCX, Reg RSI 3
3c858: LEA Reg RSI, Address (AddrPlus (FromReg RIP) (AddrImm 404930)) 7
3c85f: XOR Reg EAX, Reg EAX 2
3c861: JMP 3c540 (resolved immediate)
  |
  `- 3c540
3c870: JMP 3c730 (resolved immediate)
  |
  `- 3c730
63100: PUSH Reg R13 2
63102: PUSH Reg R12 2
63104: MOV Reg R13, Reg RSI 3
63107: PUSH Reg RBP 1
63108: PUSH Reg RBX 1
63109: MOV Reg RBP, Reg RDI 3
6310c: MOV Reg R12, Reg RDX 3
6310f: SUB Reg RSP, Immediate 904 7
63116: LEA Reg RBX, Address (AddrPlus (FromReg RSP) (AddrImm 32)) 5
6311b: MOV Address (SizeDir 64 (AddrPlus (FromReg RSP) (AddrImm 16))), Reg RDI 5
63120: MOV Address (SizeDir 32 (FromReg RSP)), Immediate 0 7
63127: MOV Reg RAX, Address (SizeDir 64 (AddrPlus (FromReg FS) (AddrImm 40))) 9
63130: MOV Address (SizeDir 64 (AddrPlus (FromReg RSP) (AddrImm 888))), Reg RAX 8
63138: XOR Reg EAX, Reg EAX 2
6313a: MOV Reg RDI, Reg RBX 3
6313d: MOV Address (SizeDir 64 (AddrPlus (FromReg RSP) (AddrImm 8))), Immediate 0 9
63146: CALL libxl_domain_build_info_init (external)
6314b: MOV Reg RDX, Reg R13 3
6314e: MOV Reg RDI, Reg RBP 3
63151: MOV Reg RSI, Reg RBX 3
63154: MOV Reg R13, Reg RSP 3
63157: CALL libxl_domain_build_info_copy (external)
6315c: MOV Reg RSI, Reg RBX 3
6315f: MOV Reg RDI, Reg R13 3
63162: CALL libxl__domain_build_info_setdefault (internal)
  |
  `- 22690
63167: TEST Reg EAX, Reg EAX 2
63169: MOV Reg EBP, Reg EAX 2
6316b: JNZ 63198 (resolved immediate)
  |
  `- 6316d,63198
6316d: MOV Reg EDX, Address (SizeDir 32 (AddrPlus (FromReg RSP) (AddrImm 448))) 7
63174: MOV Reg RAX, Address (SizeDir 64 (AddrPlus (FromReg RSP) (AddrImm 136))) 8
6317c: CMP Reg EDX, Immediate 2 3
6317f: MOV Address (SizeDir 64 (FromReg R12)), Reg RAX 4
63183: JZ 631d0 (resolved immediate)
  |
  `- 63185,631d0
63185: CMP Reg EDX, Immediate 3 3
63188: JZ 63200 (resolved immediate)
  |
  `- 6318a,63200
6318a: CMP Reg EDX, Immediate 1 3
6318d: JZ 63200 (resolved immediate)
  |
  `- 6318f,63200
6318f: MOV Reg EBP, Immediate 4294967290 5
63194: NOP  4
63198: MOV Reg RDI, Reg R13 3
6319b: CALL libxl__free_all (internal)
  |
  `- 3bdb0
631a0: MOV Reg RDI, Reg RBX 3
631a3: CALL libxl_domain_build_info_dispose (external)
631a8: MOV Reg RCX, Address (SizeDir 64 (AddrPlus (FromReg RSP) (AddrImm 888))) 8
631b0: XOR Reg RCX, Address (SizeDir 64 (AddrPlus (FromReg FS) (AddrImm 40))) 9
631b9: MOV Reg EAX, Reg EBP 2
631bb: JNZ 63232 (resolved immediate)
  |
  `- 631bd,63232
631bd: ADD Reg RSP, Immediate 904 7
631c4: POP Reg RBX 1
631c5: POP Reg RBP 1
631c6: POP Reg R12 2
631c8: POP Reg R13 2
631ca: RET  1
  |
  `- 
631d0: ADD Reg RAX, Address (SizeDir 64 (AddrPlus (FromReg RSP) (AddrImm 152))) 8
631d8: ADD Reg RAX, Immediate 1024 6
631de: MOV Address (SizeDir 64 (FromReg R12)), Reg RAX 4
631e2: TEST Reg EAX, Immediate 2047 5
631e7: JZ 63198 (resolved immediate)
  |
  `- 63198,631e9
631e9: AND Reg RAX, Immediate 18446744073709549568 6
631ef: ADD Reg RAX, Immediate 2048 6
631f5: MOV Address (SizeDir 64 (FromReg R12)), Reg RAX 4
631f9: JMP 63198 (resolved immediate)
  |
  `- 63198
63200: ADD Reg RAX, Address (SizeDir 64 (AddrPlus (FromReg RSP) (AddrImm 152))) 8
63208: MOV Reg EDI, Address (SizeDir 32 (AddrPlus (FromReg RSP) (AddrImm 228))) 7
6320f: ADD Reg RAX, Immediate 2048 6
63215: MOV Address (SizeDir 64 (FromReg R12)), Reg RAX 4
63219: CALL libxl_defbool_val (external)
6321e: TEST Reg AL, Reg AL 2
63220: MOV Reg RAX, Address (SizeDir 64 (FromReg R12)) 4
63224: JZ 631e2 (resolved immediate)
  |
  `- 631e2,63226
63226: ADD Reg RAX, Immediate 32768 6
6322c: MOV Address (SizeDir 64 (FromReg R12)), Reg RAX 4
63230: JMP 631e2 (resolved immediate)
  |
  `- 631e2
63232: CALL __stack_chk_fail (external)
  |
  `- 
6e1d0: LEA Reg RAX, Address (AddrPlus (FromReg RIP) (AddrImm 223134)) 7
6e1d7: RET  1
  |
  `- 
6e1e0: LEA Reg RAX, Address (AddrPlus (FromReg RIP) (AddrImm 223141)) 7
6e1e7: RET  1
  |
  `- 
741c0: LEA Reg RDI, Address (AddrPlus (FromReg RSI) (AddrImm 376)) 7
741c7: MOV Reg ESI, Immediate 1 5
741cc: JMP libxl_defbool_setdefault (jmp to external function)
  |
  `- 
75da0: MOV Reg EAX, Immediate 2 5
75da5: RET  1
  |
  `- 
