Number of assembly instructions     = 21
Number of indirect branches         = 0
Number of unresolved indirect jumps = 0: 
Number of unresolved indirect calls = 0: 
Number of symbolic states (representative of non-determinism): 21
Number of edges: 22

74ad0 (False): 0

74ad0: TEST Reg ESI, Reg ESI 2
74ad2: PUSH Reg R12 2
74ad4: MOV Reg R12, Reg RDI 3
74ad7: PUSH Reg RBP 1
74ad8: PUSH Reg RBX 1
74ad9: JLE 74b01 (resolved immediate)
  |
  `- 74adb,74b01
74adb: LEA Reg EAX, Address (AddrMinus (FromReg RSI) (AddrImm 1)) 3
74ade: MOV Reg RBX, Reg RDI 3
74ae1: SHL Reg RAX, Immediate 4 4
74ae5: LEA Reg RBP, Address (AddrPlus (AddrPlus (FromReg RDI) (FromReg RAX)) (AddrImm 16)) 5
74aea: NOP  6
74af0: MOV Reg RDI, Reg RBX 3
74af3: ADD Reg RBX, Immediate 16 4
74af7: CALL libxl_psr_cat_info_dispose (external)
74afc: CMP Reg RBX, Reg RBP 3
74aff: JNZ 74af0 (resolved immediate)
  |
  `- 74af0,74b01
74b01: POP Reg RBX 1
74b02: MOV Reg RDI, Reg R12 3
74b05: POP Reg RBP 1
74b06: POP Reg R12 2
74b08: JMP free (jmp to external function)
  |
  `- 
