Number of assembly instructions     = 15
Number of indirect branches         = 0
Number of unresolved indirect jumps = 0: 
Number of unresolved indirect calls = 0: 
Number of symbolic states (representative of non-determinism): 15
Number of edges: 14

7e000 (False): 0

7e000: TEST Reg RDI, Reg RDI 3
7e003: JE 7e030 (resolved immediate)
  |
  `- 7e005,7e030
7e005: PUSH Reg RBX 1
7e006: MOV Reg RBX, Reg RDI 3
7e009: MOV Reg RDI, Address (SizeDir 64 (FromReg RDI)) 3
7e00c: CALL free (external)
7e011: MOV Reg RDI, Address (SizeDir 64 (AddrPlus (FromReg RBX) (AddrImm 16))) 4
7e015: CALL free (external)
7e01a: PXOR Reg XMM0, Reg XMM0 4
7e01e: MOVUPS Address (SizeDir 128 (FromReg RBX)), Reg XMM0 3
7e021: MOVUPS Address (SizeDir 128 (AddrPlus (FromReg RBX) (AddrImm 16))), Reg XMM0 4
7e025: MOVUPS Address (SizeDir 128 (AddrPlus (FromReg RBX) (AddrImm 32))), Reg XMM0 4
7e029: POP Reg RBX 1
7e02a: RET  1
  |
  `- 
7e030: RET  2
  |
  `- 
