Number of assembly instructions     = 1051
Number of indirect branches         = 1
Number of unresolved indirect jumps = 0: 
Number of unresolved indirect calls = 1: 4d09a
Number of symbolic states (representative of non-determinism): 1051
Number of edges: 1093

1ff0f (False): 5d3a2
1ff32 (False): 5d3a7
20027 (False): 68da5
2004a (False): 68daa
20770 (False): 0
3bdb0 (True): 20a0f
3be40 (True): 3c1a9
3c110 (True): 3c211, 3c274, 4d5cd, 4d693, 4d6d8
3c1d0 (False): 3c39c, 3c45b
3c2a0 (True): 3c43a
3c410 (True): 3c4c9
3c460 (True): 3c5d4
3c540 (True): 4d58e
4cc40 (False): 4d10a, 4d6e6
4cc70 (False): 4d10f, 4d6eb
4d110 (True): 4d62a
4d1f0 (True): 20892
4d550 (True): 5d36b, 68d81
4e310 (True): 209e9, 4e4ed
4e4e0 (True): 20993
4e600 (True): 20950
5d320 (True): 20858
68ce0 (True): 207f8, 20828

1ff0f: LEA Reg RCX, Address (AddrPlus (FromReg RIP) (AddrImm 532282)) 7
1ff16: LEA Reg RSI, Address (AddrPlus (FromReg RIP) (AddrImm 470847)) 7
1ff1d: LEA Reg RDI, Address (AddrPlus (FromReg RIP) (AddrImm 470857)) 7
1ff24: SUB Reg RSP, Immediate 8 4
1ff28: MOV Reg EDX, Immediate 4217 5
1ff2d: CALL __assert_fail (external)
  |
  `- 
1ff32: LEA Reg RCX, Address (AddrPlus (FromReg RIP) (AddrImm 532215)) 7
1ff39: LEA Reg RSI, Address (AddrPlus (FromReg RIP) (AddrImm 470812)) 7
1ff40: LEA Reg RDI, Address (AddrPlus (FromReg RIP) (AddrImm 470822)) 7
1ff47: SUB Reg RSP, Immediate 8 4
1ff4b: MOV Reg EDX, Immediate 4222 5
1ff50: CALL __assert_fail (external)
  |
  `- 
20027: LEA Reg RCX, Address (AddrPlus (FromReg RIP) (AddrImm 541698)) 7
2002e: LEA Reg RSI, Address (AddrPlus (FromReg RIP) (AddrImm 470567)) 7
20035: LEA Reg RDI, Address (AddrPlus (FromReg RIP) (AddrImm 470577)) 7
2003c: SUB Reg RSP, Immediate 8 4
20040: MOV Reg EDX, Immediate 4217 5
20045: CALL __assert_fail (external)
  |
  `- 
2004a: LEA Reg RCX, Address (AddrPlus (FromReg RIP) (AddrImm 541631)) 7
20051: LEA Reg RSI, Address (AddrPlus (FromReg RIP) (AddrImm 470532)) 7
20058: LEA Reg RDI, Address (AddrPlus (FromReg RIP) (AddrImm 470542)) 7
2005f: SUB Reg RSP, Immediate 8 4
20063: MOV Reg EDX, Immediate 4222 5
20068: CALL __assert_fail (external)
  |
  `- 
20770: PUSH Reg R14 2
20772: PUSH Reg R13 2
20774: PUSH Reg R12 2
20776: PUSH Reg RBP 1
20777: PUSH Reg RBX 1
20778: SUB Reg RSP, Immediate 32 4
2077c: MOV Reg RAX, Address (SizeDir 64 (AddrPlus (FromReg FS) (AddrImm 40))) 9
20785: MOV Address (SizeDir 64 (AddrPlus (FromReg RSP) (AddrImm 24))), Reg RAX 5
2078a: XOR Reg EAX, Reg EAX 2
2078c: TEST Reg RDI, Reg RDI 3
2078f: JZ 20a17 (resolved immediate)
  |
  `- 20795,20a17
20795: LEA Reg R14, Address (AddrPlus (FromReg RDI) (AddrImm 64)) 4
20799: MOV Address (SizeDir 64 (AddrPlus (FromReg RSP) (AddrImm 16))), Reg RDI 5
2079e: MOV Reg RBP, Reg RDI 3
207a1: MOV Address (SizeDir 32 (FromReg RSP)), Immediate 0 7
207a8: MOV Address (SizeDir 64 (AddrPlus (FromReg RSP) (AddrImm 8))), Immediate 0 9
207b1: MOV Reg RDI, Reg R14 3
207b4: CALL pthread_mutex_lock (external)
207b9: TEST Reg EAX, Reg EAX 2
207bb: JNZ 20ab7 (resolved immediate)
  |
  `- 207c1,20ab7
207c1: MOV Reg EBX, Address (SizeDir 32 (AddrPlus (FromReg RBP) (AddrImm 120))) 3
207c4: TEST Reg EBX, Reg EBX 2
207c6: JNZ 20a5a (resolved immediate)
  |
  `- 207cc,20a5a
207cc: MOV Reg R13, Address (SizeDir 64 (AddrPlus (FromReg RSP) (AddrImm 16))) 5
207d1: MOV Reg RSI, Address (SizeDir 64 (AddrPlus (FromReg R13) (AddrImm 352))) 7
207d8: ADD Address (SizeDir 32 (AddrPlus (FromReg R13) (AddrImm 120))), Immediate 1000 8
207e0: TEST Reg RSI, Reg RSI 3
207e3: JZ 20809 (resolved immediate)
  |
  `- 207e5,20809
207e5: MOV Reg R12, Reg RSP 3
207e8: NOP  8
207f0: MOV Reg RDI, Reg R12 3
207f3: CALL libxl__evdisable_domain_death (internal)
  |
  `- 207f8,68ce0
207f8: MOV Reg RSI, Address (SizeDir 64 (AddrPlus (FromReg R13) (AddrImm 352))) 7
207ff: TEST Reg RSI, Reg RSI 3
20802: JNZ 207f0 (resolved immediate)
  |
  `- 207f0
20809: MOV Reg RSI, Address (SizeDir 64 (AddrPlus (FromReg R13) (AddrImm 368))) 7
20810: TEST Reg RSI, Reg RSI 3
20813: JZ 20839 (resolved immediate)
  |
  `- 20815,20839
20815: MOV Reg R12, Reg RSP 3
20818: NOP  8
20820: MOV Reg RDI, Reg R12 3
20823: CALL libxl__evdisable_domain_death (internal)
20828: MOV Reg RSI, Address (SizeDir 64 (AddrPlus (FromReg R13) (AddrImm 368))) 7
2082f: TEST Reg RSI, Reg RSI 3
20832: JNZ 20820 (resolved immediate)
  |
  `- 20820
20839: MOV Reg RSI, Address (SizeDir 64 (AddrPlus (FromReg R13) (AddrImm 408))) 7
20840: TEST Reg RSI, Reg RSI 3
20843: JZ 20869 (resolved immediate)
  |
  `- 20845,20869
20845: MOV Reg R12, Reg RSP 3
20848: NOP  8
20850: MOV Reg RDI, Reg R12 3
20853: CALL libxl__evdisable_disk_eject (internal)
  |
  `- 20858,5d320
20858: MOV Reg R13, Address (SizeDir 64 (AddrPlus (FromReg RSP) (AddrImm 16))) 5
2085d: MOV Reg RSI, Address (SizeDir 64 (AddrPlus (FromReg R13) (AddrImm 408))) 7
20864: TEST Reg RSI, Reg RSI 3
20867: JNZ 20850 (resolved immediate)
  |
  `- 20850
20869: XOR Reg ESI, Reg ESI 2
2086b: XOR Reg EDX, Reg EDX 2
2086d: MOV Reg RDI, Reg R13 3
20870: CALL libxl_childproc_setmode (external)
20875: MOV Reg ESI, Address (SizeDir 32 (AddrPlus (FromReg RBP) (AddrImm 224))) 6
2087b: TEST Reg ESI, Reg ESI 2
2087d: JLE 208a6 (resolved immediate)
  |
  `- 2087f,208a6
2087f: MOV Reg R12, Reg RSP 3
20882: NOP  6
20888: MOV Reg ESI, Reg EBX 2
2088a: MOV Reg RDI, Reg R12 3
2088d: CALL libxl__watch_slot_contents (internal)
  |
  `- 20892,4d1f0
20892: TEST Reg RAX, Reg RAX 3
20895: JNZ 20a36 (resolved immediate)
  |
  `- 2089b,20a36
2089b: ADD Reg EBX, Immediate 1 3
2089e: CMP Reg EBX, Address (SizeDir 32 (AddrPlus (FromReg RBP) (AddrImm 224))) 6
208a4: JL 20888 (resolved immediate)
  |
  `- 20888,208a6
208a6: MOV Reg ECX, Address (SizeDir 32 (AddrPlus (FromReg RBP) (AddrImm 248))) 6
208ac: TEST Reg ECX, Reg ECX 2
208ae: JNS 20b71 (resolved immediate)
  |
  `- 208b4,20b71
208b4: MOV Reg EDX, Address (SizeDir 32 (AddrPlus (FromReg RBP) (AddrImm 304))) 6
208ba: TEST Reg EDX, Reg EDX 2
208bc: JNS 20baf (resolved immediate)
  |
  `- 208c2,20baf
208c2: MOV Reg EAX, Address (SizeDir 32 (AddrPlus (FromReg RBP) (AddrImm 440))) 6
208c8: TEST Reg EAX, Reg EAX 2
208ca: JNS 20a98 (resolved immediate)
  |
  `- 208d0,20a98
208d0: CMP Address (SizeDir 64 (AddrPlus (FromReg RBP) (AddrImm 192))), Immediate 0 8
208d8: JNZ 20b90 (resolved immediate)
  |
  `- 208de,20b90
208de: CMP Address (SizeDir 64 (AddrPlus (FromReg RBP) (AddrImm 200))), Immediate 0 8
208e6: JNZ 20af5 (resolved immediate)
  |
  `- 208ec,20af5
208ec: CMP Address (SizeDir 64 (AddrPlus (FromReg RBP) (AddrImm 296))), Immediate 0 8
208f4: JNZ 20b33 (resolved immediate)
  |
  `- 208fa,20b33
208fa: CMP Address (SizeDir 64 (AddrPlus (FromReg RBP) (AddrImm 344))), Immediate 0 8
20902: JNZ 20b14 (resolved immediate)
  |
  `- 20908,20b14
20908: MOV Reg RDI, Address (SizeDir 64 (AddrPlus (FromReg RBP) (AddrImm 8))) 4
2090c: TEST Reg RDI, Reg RDI 3
2090f: JZ 20916 (resolved immediate)
  |
  `- 20911,20916
20911: CALL xc_interface_close (external)
20916: LEA Reg RDI, Address (AddrPlus (FromReg RBP) (AddrImm 512)) 7
2091d: CALL libxl_version_info_dispose (external)
20922: MOV Reg RDI, Address (SizeDir 64 (AddrPlus (FromReg RBP) (AddrImm 16))) 4
20926: TEST Reg RDI, Reg RDI 3
20929: JZ 20930 (resolved immediate)
  |
  `- 2092b,20930
2092b: CALL xs_daemon_close (external)
20930: MOV Reg RDI, Address (SizeDir 64 (AddrPlus (FromReg RBP) (AddrImm 288))) 7
20937: TEST Reg RDI, Reg RDI 3
2093a: JZ 20941 (resolved immediate)
  |
  `- 2093c,20941
2093c: CALL xenevtchn_close (external)
20941: MOV Reg RSI, Address (SizeDir 64 (AddrPlus (FromReg RBP) (AddrImm 144))) 7
20948: MOV Reg RDI, Reg RBP 3
2094b: CALL libxl__poller_put (internal)
  |
  `- 20950,4e600
20950: CMP Address (SizeDir 64 (AddrPlus (FromReg RBP) (AddrImm 152))), Immediate 0 8
20958: MOV Address (SizeDir 64 (AddrPlus (FromReg RBP) (AddrImm 144))), Immediate 0 11
20963: JNZ 20a79 (resolved immediate)
  |
  `- 20969,20a79
20969: CMP Address (SizeDir 64 (AddrPlus (FromReg RBP) (AddrImm 168))), Immediate 0 8
20971: JNZ 20ad6 (resolved immediate)
  |
  `- 20977,20ad6
20977: MOV Reg RBX, Address (SizeDir 64 (AddrPlus (FromReg RBP) (AddrImm 160))) 7
2097e: TEST Reg RBX, Reg RBX 3
20981: JZ 209a3 (resolved immediate)
  |
  `- 20983,209a3
20983: NOP  5
20988: MOV Reg R12, Address (SizeDir 64 (FromReg RBX)) 3
2098b: MOV Reg RDI, Reg RBX 3
2098e: CALL libxl__poller_dispose (internal)
  |
  `- 20993,4e4e0
20993: MOV Reg RDI, Reg RBX 3
20996: CALL free (external)
2099b: TEST Reg R12, Reg R12 3
2099e: MOV Reg RBX, Reg R12 3
209a1: JNZ 20988 (resolved immediate)
  |
  `- 20988,209a3
209a3: MOV Reg RDI, Address (SizeDir 64 (AddrPlus (FromReg RBP) (AddrImm 216))) 7
209aa: CALL free (external)
209af: MOV Reg RSI, Address (SizeDir 64 (AddrPlus (FromReg RBP) (AddrImm 104))) 4
209b3: TEST Reg RSI, Reg RSI 3
209b6: JZ 209d2 (resolved immediate)
  |
  `- 209b8,209d2
209b8: NOP  8
209c0: MOV Reg RBX, Address (SizeDir 64 (FromReg RSI)) 3
209c3: XOR Reg EDI, Reg EDI 2
209c5: CALL libxl_event_free (external)
209ca: TEST Reg RBX, Reg RBX 3
209cd: MOV Reg RSI, Reg RBX 3
209d0: JNZ 209c0 (resolved immediate)
  |
  `- 209c0,209d2
209d2: MOV Reg RBX, Reg RSP 3
209d5: MOV Reg RDI, Reg RBX 3
209d8: CALL libxl__sigchld_notneeded (external)
209dd: LEA Reg RDI, Address (AddrPlus (FromReg RBP) (AddrImm 432)) 7
209e4: CALL libxl__pipe_close (internal)
209e9: MOV Reg RAX, Address (SizeDir 64 (AddrPlus (FromReg RSP) (AddrImm 16))) 5
209ee: LEA Reg RDI, Address (AddrPlus (FromReg RAX) (AddrImm 64)) 4
209f2: CALL pthread_mutex_unlock (external)
209f7: TEST Reg EAX, Reg EAX 2
209f9: JNZ 20b52 (resolved immediate)
  |
  `- 209ff,20b52
209ff: MOV Reg RDI, Reg R14 3
20a02: CALL pthread_mutex_destroy (external)
20a07: MOV Reg RDI, Reg RBX 3
20a0a: CALL libxl__free_all (internal)
  |
  `- 20a0f,3bdb0
20a0f: MOV Reg RDI, Reg RBP 3
20a12: CALL free (external)
20a17: XOR Reg EAX, Reg EAX 2
20a19: MOV Reg RCX, Address (SizeDir 64 (AddrPlus (FromReg RSP) (AddrImm 24))) 5
20a1e: XOR Reg RCX, Address (SizeDir 64 (AddrPlus (FromReg FS) (AddrImm 40))) 9
20a27: JNZ 20a55 (resolved immediate)
  |
  `- 20a29,20a55
20a29: ADD Reg RSP, Immediate 32 4
20a2d: POP Reg RBX 1
20a2e: POP Reg RBP 1
20a2f: POP Reg R12 2
20a31: POP Reg R13 2
20a33: POP Reg R14 2
20a35: RET  1
  |
  `- 
20a36: LEA Reg RCX, Address (AddrPlus (FromReg RIP) (AddrImm 469619)) 7
20a3d: LEA Reg RSI, Address (AddrPlus (FromReg RIP) (AddrImm 467931)) 7
20a44: LEA Reg RDI, Address (AddrPlus (FromReg RIP) (AddrImm 468357)) 7
20a4b: MOV Reg EDX, Immediate 160 5
20a50: CALL __assert_fail (external)
  |
  `- 
20a55: CALL __stack_chk_fail (external)
  |
  `- 
20a5a: LEA Reg RCX, Address (AddrPlus (FromReg RIP) (AddrImm 469583)) 7
20a61: LEA Reg RSI, Address (AddrPlus (FromReg RIP) (AddrImm 467895)) 7
20a68: LEA Reg RDI, Address (AddrPlus (FromReg RIP) (AddrImm 467969)) 7
20a6f: MOV Reg EDX, Immediate 146 5
20a74: CALL __assert_fail (external)
  |
  `- 
20a79: LEA Reg RCX, Address (AddrPlus (FromReg RIP) (AddrImm 469552)) 7
20a80: LEA Reg RSI, Address (AddrPlus (FromReg RIP) (AddrImm 467864)) 7
20a87: LEA Reg RDI, Address (AddrPlus (FromReg RIP) (AddrImm 468594)) 7
20a8e: MOV Reg EDX, Immediate 179 5
20a93: CALL __assert_fail (external)
  |
  `- 
20a98: LEA Reg RCX, Address (AddrPlus (FromReg RIP) (AddrImm 469521)) 7
20a9f: LEA Reg RSI, Address (AddrPlus (FromReg RIP) (AddrImm 467833)) 7
20aa6: LEA Reg RDI, Address (AddrPlus (FromReg RIP) (AddrImm 468395)) 7
20aad: MOV Reg EDX, Immediate 163 5
20ab2: CALL __assert_fail (external)
  |
  `- 
20ab7: LEA Reg RCX, Address (AddrPlus (FromReg RIP) (AddrImm 469474)) 7
20abe: LEA Reg RSI, Address (AddrPlus (FromReg RIP) (AddrImm 467863)) 7
20ac5: LEA Reg RDI, Address (AddrPlus (FromReg RIP) (AddrImm 467873)) 7
20acc: MOV Reg EDX, Immediate 4217 5
20ad1: CALL __assert_fail (external)
  |
  `- 
20ad6: LEA Reg RCX, Address (AddrPlus (FromReg RIP) (AddrImm 469459)) 7
20add: LEA Reg RSI, Address (AddrPlus (FromReg RIP) (AddrImm 467771)) 7
20ae4: LEA Reg RDI, Address (AddrPlus (FromReg RIP) (AddrImm 468541)) 7
20aeb: MOV Reg EDX, Immediate 180 5
20af0: CALL __assert_fail (external)
  |
  `- 
20af5: LEA Reg RCX, Address (AddrPlus (FromReg RIP) (AddrImm 469428)) 7
20afc: LEA Reg RSI, Address (AddrPlus (FromReg RIP) (AddrImm 467740)) 7
20b03: LEA Reg RDI, Address (AddrPlus (FromReg RIP) (AddrImm 468358)) 7
20b0a: MOV Reg EDX, Immediate 168 5
20b0f: CALL __assert_fail (external)
  |
  `- 
20b14: LEA Reg RCX, Address (AddrPlus (FromReg RIP) (AddrImm 469397)) 7
20b1b: LEA Reg RSI, Address (AddrPlus (FromReg RIP) (AddrImm 467709)) 7
20b22: LEA Reg RDI, Address (AddrPlus (FromReg RIP) (AddrImm 468399)) 7
20b29: MOV Reg EDX, Immediate 170 5
20b2e: CALL __assert_fail (external)
  |
  `- 
20b33: LEA Reg RCX, Address (AddrPlus (FromReg RIP) (AddrImm 469366)) 7
20b3a: LEA Reg RSI, Address (AddrPlus (FromReg RIP) (AddrImm 467678)) 7
20b41: LEA Reg RDI, Address (AddrPlus (FromReg RIP) (AddrImm 468328)) 7
20b48: MOV Reg EDX, Immediate 169 5
20b4d: CALL __assert_fail (external)
  |
  `- 
20b52: LEA Reg RCX, Address (AddrPlus (FromReg RIP) (AddrImm 469287)) 7
20b59: LEA Reg RSI, Address (AddrPlus (FromReg RIP) (AddrImm 467708)) 7
20b60: LEA Reg RDI, Address (AddrPlus (FromReg RIP) (AddrImm 467718)) 7
20b67: MOV Reg EDX, Immediate 4222 5
20b6c: CALL __assert_fail (external)
  |
  `- 
20b71: LEA Reg RCX, Address (AddrPlus (FromReg RIP) (AddrImm 469304)) 7
20b78: LEA Reg RSI, Address (AddrPlus (FromReg RIP) (AddrImm 467616)) 7
20b7f: LEA Reg RDI, Address (AddrPlus (FromReg RIP) (AddrImm 468082)) 7
20b86: MOV Reg EDX, Immediate 161 5
20b8b: CALL __assert_fail (external)
  |
  `- 
20b90: LEA Reg RCX, Address (AddrPlus (FromReg RIP) (AddrImm 469273)) 7
20b97: LEA Reg RSI, Address (AddrPlus (FromReg RIP) (AddrImm 467585)) 7
20b9e: LEA Reg RDI, Address (AddrPlus (FromReg RIP) (AddrImm 467681)) 7
20ba5: MOV Reg EDX, Immediate 167 5
20baa: CALL __assert_fail (external)
  |
  `- 
20baf: LEA Reg RCX, Address (AddrPlus (FromReg RIP) (AddrImm 469242)) 7
20bb6: LEA Reg RSI, Address (AddrPlus (FromReg RIP) (AddrImm 467554)) 7
20bbd: LEA Reg RDI, Address (AddrPlus (FromReg RIP) (AddrImm 468068)) 7
20bc4: MOV Reg EDX, Immediate 162 5
20bc9: CALL __assert_fail (external)
  |
  `- 
3bdb0: PUSH Reg R12 2
3bdb2: PUSH Reg RBP 1
3bdb3: PUSH Reg RBX 1
3bdb4: MOV Reg EAX, Address (SizeDir 32 (FromReg RDI)) 2
3bdb6: TEST Reg EAX, Reg EAX 2
3bdb8: JS 3be14 (resolved immediate)
  |
  `- 3bdba,3be14
3bdba: MOV Reg R12, Reg RDI 3
3bdbd: MOV Reg EBP, Immediate 0 5
3bdc2: MOV Reg EBX, Immediate 0 5
3bdc7: JZ 3bdf4 (resolved immediate)
  |
  `- 3bdc9,3bdf4
3bdc9: NOP  7
3bdd0: MOV Reg RAX, Address (SizeDir 64 (AddrPlus (FromReg R12) (AddrImm 8))) 5
3bdd5: ADD Reg EBX, Immediate 1 3
3bdd8: ADD Reg RAX, Reg RBP 3
3bddb: ADD Reg RBP, Immediate 8 4
3bddf: MOV Reg RDI, Address (SizeDir 64 (FromReg RAX)) 3
3bde2: MOV Address (SizeDir 64 (FromReg RAX)), Immediate 0 7
3bde9: CALL free (external)
3bdee: CMP Address (SizeDir 32 (FromReg R12)), Reg EBX 4
3bdf2: JG 3bdd0 (resolved immediate)
  |
  `- 3bdd0,3bdf4
3bdf4: MOV Reg RDI, Address (SizeDir 64 (AddrPlus (FromReg R12) (AddrImm 8))) 5
3bdf9: CALL free (external)
3bdfe: MOV Address (SizeDir 64 (AddrPlus (FromReg R12) (AddrImm 8))), Immediate 0 9
3be07: MOV Address (SizeDir 32 (FromReg R12)), Immediate 0 8
3be0f: POP Reg RBX 1
3be10: POP Reg RBP 1
3be11: POP Reg R12 2
3be13: RET  1
  |
  `- 
3be14: LEA Reg RCX, Address (AddrPlus (FromReg RIP) (AddrImm 387253)) 7
3be1b: LEA Reg RSI, Address (AddrPlus (FromReg RIP) (AddrImm 386238)) 7
3be22: LEA Reg RDI, Address (AddrPlus (FromReg RIP) (AddrImm 386248)) 7
3be29: MOV Reg EDX, Immediate 80 5
3be2e: CALL __assert_fail (external)
  |
  `- 
3be40: PUSH Reg R15 2
3be42: PUSH Reg R14 2
3be44: MOV Reg R15, Reg RDI 3
3be47: PUSH Reg R13 2
3be49: PUSH Reg R12 2
3be4b: MOV Reg R12, Reg RCX 3
3be4e: PUSH Reg RBP 1
3be4f: PUSH Reg RBX 1
3be50: MOV Reg EBP, Reg R8D 3
3be53: MOV Reg RBX, Reg R9 3
3be56: SUB Reg RSP, Immediate 584 7
3be5d: MOV Address (SizeDir 32 (AddrPlus (FromReg RSP) (AddrImm 4))), Reg ESI 4
3be61: MOV Address (SizeDir 32 (AddrPlus (FromReg RSP) (AddrImm 8))), Reg EDX 4
3be65: MOV Reg RAX, Address (SizeDir 64 (AddrPlus (FromReg FS) (AddrImm 40))) 9
3be6e: MOV Address (SizeDir 64 (AddrPlus (FromReg RSP) (AddrImm 568))), Reg RAX 8
3be76: XOR Reg EAX, Reg EAX 2
3be78: MOV Address (SizeDir 64 (AddrPlus (FromReg RSP) (AddrImm 40))), Immediate 0 9
3be81: CALL __errno_location (external)
3be86: MOV Reg RCX, Address (SizeDir 64 (AddrPlus (FromReg RSP) (AddrImm 656))) 8
3be8e: MOV Reg RDX, Address (SizeDir 64 (AddrPlus (FromReg RSP) (AddrImm 648))) 8
3be96: LEA Reg RDI, Address (AddrPlus (FromReg RSP) (AddrImm 40)) 5
3be9b: MOV Reg ESI, Immediate 1 5
3bea0: MOV Reg R13, Reg RAX 3
3bea3: MOV Reg R14D, Address (SizeDir 32 (FromReg RAX)) 3
3bea6: CALL __vasprintf_chk (external)
3beab: TEST Reg RBX, Reg RBX 3
3beae: SETNZ Address (SizeDir 8 (AddrPlus (FromReg RSP) (AddrImm 15))) 5
3beb3: TEST Reg EAX, Reg EAX 2
3beb5: JS 3c0a0 (resolved immediate)
  |
  `- 3bebb,3c0a0
3bebb: TEST Reg R12, Reg R12 3
3bebe: MOV Address (SizeDir 8 (AddrPlus (FromReg RSP) (AddrImm 48))), Immediate 0 5
3bec3: JZ 3bf50 (resolved immediate)
  |
  `- 3bec9,3bf50
3bec9: LEA Reg R10, Address (AddrPlus (FromReg RSP) (AddrImm 48)) 5
3bece: SUB Reg RSP, Immediate 8 4
3bed2: LEA Reg R8, Address (AddrPlus (FromReg RIP) (AddrImm 362554)) 7
3bed9: PUSH Reg RBP 1
3beda: MOV Reg EDX, Immediate 1 5
3bedf: XOR Reg EAX, Reg EAX 2
3bee1: MOV Reg RDI, Reg R10 3
3bee4: MOV Reg R9, Reg R12 3
3bee7: MOV Reg ECX, Immediate 256 5
3beec: MOV Reg ESI, Immediate 256 5
3bef1: MOV Address (SizeDir 64 (AddrPlus (FromReg RSP) (AddrImm 32))), Reg R10 5
3bef6: CALL __snprintf_chk (external)
3befb: MOV Address (SizeDir 8 (AddrPlus (FromReg RSP) (AddrImm 319))), Immediate 0 8
3bf03: MOV Address (SizeDir 8 (AddrPlus (FromReg RSP) (AddrImm 320))), Immediate 0 8
3bf0b: POP Reg RAX 1
3bf0c: POP Reg RDX 1
3bf0d: CMP Address (SizeDir 32 (AddrPlus (FromReg RSP) (AddrImm 640))), Immediate 4294967295 8
3bf15: MOV Reg R10, Address (SizeDir 64 (AddrPlus (FromReg RSP) (AddrImm 16))) 5
3bf1a: JNZ 3bfc0 (resolved immediate)
  |
  `- 3bf20,3bfc0
3bf20: TEST Reg RBX, Reg RBX 3
3bf23: MOV Reg RCX, Address (SizeDir 64 (AddrPlus (FromReg RSP) (AddrImm 40))) 5
3bf28: JZ 3c0c6 (resolved immediate)
  |
  `- 3bf2e,3c0c6
3bf2e: LEA Reg RDX, Address (AddrPlus (FromReg RIP) (AddrImm 386002)) 7
3bf35: LEA Reg RAX, Address (AddrPlus (FromReg RIP) (AddrImm 408678)) 7
3bf3c: LEA Reg RBP, Address (AddrPlus (FromReg RIP) (AddrImm 386109)) 7
3bf43: LEA Reg R11, Address (AddrPlus (FromReg RSP) (AddrImm 304)) 8
3bf4b: JMP 3c031 (resolved immediate)
  |
  `- 3c031
3bf50: CMP Address (SizeDir 32 (AddrPlus (FromReg RSP) (AddrImm 640))), Immediate 4294967295 8
3bf58: MOV Address (SizeDir 8 (AddrPlus (FromReg RSP) (AddrImm 303))), Immediate 0 8
3bf60: LEA Reg R10, Address (AddrPlus (FromReg RSP) (AddrImm 48)) 5
3bf65: MOV Address (SizeDir 8 (AddrPlus (FromReg RSP) (AddrImm 304))), Immediate 0 8
3bf6d: JNZ 3bfc0 (resolved immediate)
  |
  `- 3bf6f,3bfc0
3bf6f: TEST Reg R12, Reg R12 3
3bf72: MOV Reg RCX, Address (SizeDir 64 (AddrPlus (FromReg RSP) (AddrImm 40))) 5
3bf77: LEA Reg RBP, Address (AddrPlus (FromReg RIP) (AddrImm 386050)) 7
3bf7e: LEA Reg R10, Address (AddrPlus (FromReg RSP) (AddrImm 48)) 5
3bf83: LEA Reg R11, Address (AddrPlus (FromReg RSP) (AddrImm 304)) 8
3bf8b: JZ 3c019 (resolved immediate)
  |
  `- 3c019
3bf98: TEST Reg RBX, Reg RBX 3
3bf9b: JZ 3c0eb (resolved immediate)
  |
  `- 3bfa1,3c0eb
3bfa1: LEA Reg RAX, Address (AddrPlus (FromReg RIP) (AddrImm 396536)) 7
3bfa8: LEA Reg RSI, Address (AddrPlus (FromReg RIP) (AddrImm 408563)) 7
3bfaf: TEST Reg R12, Reg R12 3
3bfb2: LEA Reg RDX, Address (AddrPlus (FromReg RIP) (AddrImm 385870)) 7
3bfb9: CMOVNZ Reg RAX, Reg RSI 4
3bfbd: JMP 3c031 (resolved immediate)
  |
  `- 3c031
3bfc0: LEA Reg R11, Address (AddrPlus (FromReg RSP) (AddrImm 304)) 8
3bfc8: MOV Reg R9D, Address (SizeDir 32 (AddrPlus (FromReg RSP) (AddrImm 640))) 8
3bfd0: LEA Reg R8, Address (AddrPlus (FromReg RIP) (AddrImm 385843)) 7
3bfd7: MOV Reg ECX, Immediate 256 5
3bfdc: MOV Reg EDX, Immediate 1 5
3bfe1: MOV Reg ESI, Immediate 256 5
3bfe6: MOV Reg RDI, Reg R11 3
3bfe9: XOR Reg EAX, Reg EAX 2
3bfeb: MOV Address (SizeDir 64 (AddrPlus (FromReg RSP) (AddrImm 24))), Reg R10 5
3bff0: MOV Address (SizeDir 64 (AddrPlus (FromReg RSP) (AddrImm 16))), Reg R11 5
3bff5: LEA Reg RBP, Address (AddrPlus (FromReg RIP) (AddrImm 385924)) 7
3bffc: CALL __snprintf_chk (external)
3c001: MOV Reg RCX, Address (SizeDir 64 (AddrPlus (FromReg RSP) (AddrImm 40))) 5
3c006: MOV Reg R11, Address (SizeDir 64 (AddrPlus (FromReg RSP) (AddrImm 16))) 5
3c00b: MOV Reg R10, Address (SizeDir 64 (AddrPlus (FromReg RSP) (AddrImm 24))) 5
3c010: TEST Reg R12, Reg R12 3
3c013: JNZ 3bf98 (resolved immediate)
  |
  `- 3bf98,3c019
3c019: CMP Address (SizeDir 8 (AddrPlus (FromReg RSP) (AddrImm 15))), Immediate 0 5
3c01e: JNZ 3bf98 (resolved immediate)
  |
  `- 3bf98,3c024
3c024: LEA Reg RBX, Address (AddrPlus (FromReg RIP) (AddrImm 396405)) 7
3c02b: MOV Reg RDX, Reg RBX 3
3c02e: MOV Reg RAX, Reg RBX 3
3c031: SUB Reg RSP, Immediate 8 4
3c035: MOV Reg RDI, Address (SizeDir 64 (FromReg R15)) 3
3c038: LEA Reg R8, Address (AddrPlus (FromReg RIP) (AddrImm 385750)) 7
3c03f: PUSH Reg RCX 1
3c040: PUSH Reg R11 2
3c042: LEA Reg RCX, Address (AddrPlus (FromReg RIP) (AddrImm 358278)) 7
3c049: PUSH Reg RDX 1
3c04a: PUSH Reg RBX 1
3c04b: MOV Reg R9, Reg R10 3
3c04e: PUSH Reg RAX 1
3c04f: MOV Reg EDX, Address (SizeDir 32 (AddrPlus (FromReg RSP) (AddrImm 56))) 4
3c053: XOR Reg EAX, Reg EAX 2
3c055: MOV Reg ESI, Address (SizeDir 32 (AddrPlus (FromReg RSP) (AddrImm 52))) 4
3c059: CALL xtl_log (external)
3c05e: MOV Reg RDI, Address (SizeDir 64 (AddrPlus (FromReg RSP) (AddrImm 88))) 5
3c063: ADD Reg RSP, Immediate 48 4
3c067: CMP Reg RDI, Reg RBP 3
3c06a: JZ 3c071 (resolved immediate)
  |
  `- 3c06c,3c071
3c06c: CALL free (external)
3c071: MOV Reg RAX, Address (SizeDir 64 (AddrPlus (FromReg RSP) (AddrImm 568))) 8
3c079: XOR Reg RAX, Address (SizeDir 64 (AddrPlus (FromReg FS) (AddrImm 40))) 9
3c082: MOV Address (SizeDir 32 (AddrPlus (FromReg R13) (AddrImm 0))), Reg R14D 4
3c086: JNZ 3c0c1 (resolved immediate)
  |
  `- 3c088,3c0c1
3c088: ADD Reg RSP, Immediate 584 7
3c08f: POP Reg RBX 1
3c090: POP Reg RBP 1
3c091: POP Reg R12 2
3c093: POP Reg R13 2
3c095: POP Reg R14 2
3c097: POP Reg R15 2
3c099: RET  1
  |
  `- 
3c0a0: LEA Reg RBP, Address (AddrPlus (FromReg RIP) (AddrImm 385753)) 7
3c0a7: LEA Reg R10, Address (AddrPlus (FromReg RSP) (AddrImm 48)) 5
3c0ac: LEA Reg R11, Address (AddrPlus (FromReg RSP) (AddrImm 304)) 8
3c0b4: MOV Address (SizeDir 64 (AddrPlus (FromReg RSP) (AddrImm 40))), Reg RBP 5
3c0b9: MOV Reg RCX, Reg RBP 3
3c0bc: JMP 3c010 (resolved immediate)
  |
  `- 3c010
3c0c1: CALL __stack_chk_fail (external)
  |
  `- 
3c0c6: LEA Reg RBX, Address (AddrPlus (FromReg RIP) (AddrImm 396243)) 7
3c0cd: LEA Reg RDX, Address (AddrPlus (FromReg RIP) (AddrImm 385587)) 7
3c0d4: LEA Reg RBP, Address (AddrPlus (FromReg RIP) (AddrImm 385701)) 7
3c0db: LEA Reg R11, Address (AddrPlus (FromReg RSP) (AddrImm 304)) 8
3c0e3: MOV Reg RAX, Reg RBX 3
3c0e6: JMP 3c031 (resolved immediate)
  |
  `- 3c031
3c0eb: LEA Reg RBX, Address (AddrPlus (FromReg RIP) (AddrImm 396206)) 7
3c0f2: LEA Reg RDX, Address (AddrPlus (FromReg RIP) (AddrImm 385550)) 7
3c0f9: MOV Reg RAX, Reg RBX 3
3c0fc: JMP 3c031 (resolved immediate)
  |
  `- 3c031
3c110: SUB Reg RSP, Immediate 216 7
3c117: TEST Reg AL, Reg AL 2
3c119: MOV Reg R10, Address (SizeDir 64 (AddrPlus (FromReg RSP) (AddrImm 232))) 8
3c121: JZ 3c15a (resolved immediate)
  |
  `- 3c123,3c15a
3c123: MOVAPS Address (SizeDir 128 (AddrPlus (FromReg RSP) (AddrImm 80))), Reg XMM0 5
3c128: MOVAPS Address (SizeDir 128 (AddrPlus (FromReg RSP) (AddrImm 96))), Reg XMM1 5
3c12d: MOVAPS Address (SizeDir 128 (AddrPlus (FromReg RSP) (AddrImm 112))), Reg XMM2 5
3c132: MOVAPS Address (SizeDir 128 (AddrPlus (FromReg RSP) (AddrImm 128))), Reg XMM3 8
3c13a: MOVAPS Address (SizeDir 128 (AddrPlus (FromReg RSP) (AddrImm 144))), Reg XMM4 8
3c142: MOVAPS Address (SizeDir 128 (AddrPlus (FromReg RSP) (AddrImm 160))), Reg XMM5 8
3c14a: MOVAPS Address (SizeDir 128 (AddrPlus (FromReg RSP) (AddrImm 176))), Reg XMM6 8
3c152: MOVAPS Address (SizeDir 128 (AddrPlus (FromReg RSP) (AddrImm 192))), Reg XMM7 8
3c15a: MOV Reg RAX, Address (SizeDir 64 (AddrPlus (FromReg FS) (AddrImm 40))) 9
3c163: MOV Address (SizeDir 64 (AddrPlus (FromReg RSP) (AddrImm 24))), Reg RAX 5
3c168: XOR Reg EAX, Reg EAX 2
3c16a: LEA Reg RAX, Address (AddrPlus (FromReg RSP) (AddrImm 240)) 8
3c172: MOV Address (SizeDir 64 (AddrPlus (FromReg RSP) (AddrImm 8))), Reg RAX 5
3c177: LEA Reg RAX, Address (AddrPlus (FromReg RSP) (AddrImm 32)) 5
3c17c: MOV Address (SizeDir 32 (FromReg RSP)), Immediate 48 7
3c183: MOV Address (SizeDir 32 (AddrPlus (FromReg RSP) (AddrImm 4))), Immediate 48 8
3c18b: SUB Reg RSP, Immediate 8 4
3c18f: MOV Address (SizeDir 64 (AddrPlus (FromReg RSP) (AddrImm 24))), Reg RAX 5
3c194: LEA Reg RAX, Address (AddrPlus (FromReg RSP) (AddrImm 8)) 5
3c199: PUSH Reg RAX 1
3c19a: PUSH Reg R10 2
3c19c: MOV Reg EAX, Address (SizeDir 32 (AddrPlus (FromReg RSP) (AddrImm 248))) 7
3c1a3: PUSH Reg RAX 1
3c1a4: CALL libxl__logv (internal)
  |
  `- 3be40
3c1a9: ADD Reg RSP, Immediate 32 4
3c1ad: MOV Reg RAX, Address (SizeDir 64 (AddrPlus (FromReg RSP) (AddrImm 24))) 5
3c1b2: XOR Reg RAX, Address (SizeDir 64 (AddrPlus (FromReg FS) (AddrImm 40))) 9
3c1bb: JNZ 3c1c5 (resolved immediate)
  |
  `- 3c1bd,3c1c5
3c1bd: ADD Reg RSP, Immediate 216 7
3c1c4: RET  1
  |
  `- 
3c1c5: CALL __stack_chk_fail (external)
  |
  `- 
3c1d0: TEST Reg RCX, Reg RCX 3
3c1d3: PUSH Reg R14 2
3c1d5: PUSH Reg R13 2
3c1d7: PUSH Reg R12 2
3c1d9: PUSH Reg RBP 1
3c1da: PUSH Reg RBX 1
3c1db: MOV Reg RBX, Reg RSI 3
3c1de: JZ 3c24b (resolved immediate)
  |
  `- 3c1e0,3c24b
3c1e0: LEA Reg R14, Address (AddrPlus (FromReg RIP) (AddrImm 385473)) 7
3c1e7: SUB Reg RSP, Immediate 8 4
3c1eb: MOV Reg R9, Reg RSI 3
3c1ee: PUSH Reg RCX 1
3c1ef: PUSH Reg RDX 1
3c1f0: MOV Reg R13, Reg RDX 3
3c1f3: PUSH Reg RSI 1
3c1f4: PUSH Reg R14 2
3c1f6: MOV Reg R12, Reg RCX 3
3c1f9: PUSH Immediate 18446744073709551615 2
3c1fb: XOR Reg R8D, Reg R8D 3
3c1fe: XOR Reg ECX, Reg ECX 2
3c200: MOV Reg EDX, Immediate 12 5
3c205: MOV Reg ESI, Immediate 9 5
3c20a: XOR Reg EAX, Reg EAX 2
3c20c: CALL libxl__log (internal)
  |
  `- 
3c211: MOV Reg RBP, Address (SizeDir 64 (AddrPlus (FromReg RIP) (AddrImm 2665928))) 7
3c218: ADD Reg RSP, Immediate 48 4
3c21c: MOV Reg R9, Reg R12 3
3c21f: MOV Reg R8, Reg R13 3
3c222: MOV Reg RCX, Reg RBX 3
3c225: MOV Reg RDX, Reg R14 3
3c228: MOV Reg ESI, Immediate 1 5
3c22d: XOR Reg EAX, Reg EAX 2
3c22f: MOV Reg RDI, Address (SizeDir 64 (AddrPlus (FromReg RBP) (AddrImm 0))) 4
3c233: CALL __fprintf_chk (external)
3c238: MOV Reg RDI, Address (SizeDir 64 (AddrPlus (FromReg RBP) (AddrImm 0))) 4
3c23c: CALL fflush (external)
3c241: MOV Reg EDI, Immediate 4294967295 5
3c246: CALL _exit (external)
  |
  `- 
3c24b: LEA Reg R12, Address (AddrPlus (FromReg RIP) (AddrImm 385430)) 7
3c252: SUB Reg RSP, Immediate 8 4
3c256: MOV Reg R9, Reg RSI 3
3c259: PUSH Reg RSI 1
3c25a: XOR Reg ECX, Reg ECX 2
3c25c: XOR Reg EAX, Reg EAX 2
3c25e: PUSH Reg R12 2
3c260: PUSH Immediate 18446744073709551615 2
3c262: XOR Reg R8D, Reg R8D 3
3c265: MOV Reg EDX, Immediate 12 5
3c26a: MOV Reg ESI, Immediate 9 5
3c26f: CALL libxl__log (internal)
  |
  `- 
3c274: MOV Reg RBP, Address (SizeDir 64 (AddrPlus (FromReg RIP) (AddrImm 2665829))) 7
3c27b: ADD Reg RSP, Immediate 32 4
3c27f: MOV Reg RCX, Reg RBX 3
3c282: MOV Reg RDX, Reg R12 3
3c285: MOV Reg ESI, Immediate 1 5
3c28a: XOR Reg EAX, Reg EAX 2
3c28c: MOV Reg RDI, Address (SizeDir 64 (AddrPlus (FromReg RBP) (AddrImm 0))) 4
3c290: CALL __fprintf_chk (external)
3c295: JMP 3c238 (resolved immediate)
  |
  `- 3c238
3c2a0: MOV Reg R8D, Address (SizeDir 32 (FromReg RDI)) 3
3c2a3: TEST Reg R8D, Reg R8D 3
3c2a6: JS 3c378 (resolved immediate)
  |
  `- 3c2ac,3c378
3c2ac: TEST Reg RSI, Reg RSI 3
3c2af: JZ 3c378 (resolved immediate)
  |
  `- 3c2b5,3c378
3c2b5: TEST Reg R8D, Reg R8D 3
3c2b8: JZ 3c2f7 (resolved immediate)
  |
  `- 3c2ba,3c2f7
3c2ba: MOV Reg RDX, Address (SizeDir 64 (AddrPlus (FromReg RDI) (AddrImm 8))) 4
3c2be: CMP Address (SizeDir 64 (FromReg RDX)), Immediate 0 4
3c2c2: JZ 3c380 (resolved immediate)
  |
  `- 3c2c8,3c380
3c2c8: LEA Reg RAX, Address (AddrPlus (FromReg RDX) (AddrImm 8)) 4
3c2cc: LEA Reg EDX, Address (AddrMinus (FromReg R8) (AddrImm 1)) 4
3c2d0: LEA Reg RCX, Address (AddrPlus (FromReg RAX) (AddrTimes (AddrImm 8) (FromReg RDX))) 4
3c2d4: JMP 3c2f2 (resolved immediate)
  |
  `- 3c2f2
3c2e0: MOV Reg RDX, Reg RAX 3
3c2e3: ADD Reg RAX, Immediate 8 4
3c2e7: CMP Address (SizeDir 64 (AddrMinus (FromReg RAX) (AddrImm 8))), Immediate 0 5
3c2ec: JZ 3c380 (resolved immediate)
  |
  `- 3c2f2,3c380
3c2f2: CMP Reg RAX, Reg RCX 3
3c2f5: JNZ 3c2e0 (resolved immediate)
  |
  `- 3c2e0,3c2f7
3c2f7: PUSH Reg R13 2
3c2f9: PUSH Reg R12 2
3c2fb: MOV Reg R12, Reg RSI 3
3c2fe: PUSH Reg RBP 1
3c2ff: LEA Reg EBP, Address (AddrPlus (AddrPlus (FromReg R8) (FromReg R8)) (AddrImm 25)) 5
3c304: PUSH Reg RBX 1
3c305: MOV Reg RBX, Reg RDI 3
3c308: SUB Reg RSP, Immediate 8 4
3c30c: CMP Reg EBP, Immediate 134217726 6
3c312: JG 3c39c (resolved immediate)
  |
  `- 3c318,3c39c
3c318: MOVSXD Reg R13, Reg EBP 3
3c31b: MOV Reg RDI, Address (SizeDir 64 (AddrPlus (FromReg RDI) (AddrImm 8))) 4
3c31f: LEA Reg RSI, Address (AddrPlus (AddrTimes (AddrImm 8) (FromReg R13)) (AddrImm 0)) 8
3c327: CALL realloc (external)
3c32c: TEST Reg RAX, Reg RAX 3
3c32f: MOV Address (SizeDir 64 (AddrPlus (FromReg RBX) (AddrImm 8))), Reg RAX 4
3c333: JZ 3c384 (resolved immediate)
  |
  `- 3c335,3c384
3c335: MOVSXD Reg RDX, Address (SizeDir 32 (FromReg RBX)) 3
3c338: LEA Reg ECX, Address (AddrPlus (FromReg RDX) (AddrImm 1)) 3
3c33b: MOV Address (SizeDir 32 (FromReg RBX)), Reg ECX 2
3c33d: MOV Address (SizeDir 64 (AddrPlus (FromReg RAX) (AddrTimes (AddrImm 8) (FromReg RDX)))), Reg R12 4
3c341: MOVSXD Reg RAX, Address (SizeDir 32 (FromReg RBX)) 3
3c344: CMP Reg EBP, Reg EAX 2
3c346: JLE 3c368 (resolved immediate)
  |
  `- 3c348,3c368
3c348: NOP  8
3c350: MOV Reg RDX, Address (SizeDir 64 (AddrPlus (FromReg RBX) (AddrImm 8))) 4
3c354: LEA Reg ECX, Address (AddrPlus (FromReg RAX) (AddrImm 1)) 3
3c357: MOV Address (SizeDir 32 (FromReg RBX)), Reg ECX 2
3c359: MOV Address (SizeDir 64 (AddrPlus (FromReg RDX) (AddrTimes (AddrImm 8) (FromReg RAX)))), Immediate 0 8
3c361: MOVSXD Reg RAX, Address (SizeDir 32 (FromReg RBX)) 3
3c364: CMP Reg EAX, Reg EBP 2
3c366: JL 3c350 (resolved immediate)
  |
  `- 3c350,3c368
3c368: ADD Reg RSP, Immediate 8 4
3c36c: POP Reg RBX 1
3c36d: POP Reg RBP 1
3c36e: POP Reg R12 2
3c370: POP Reg R13 2
3c372: RET  1
  |
  `- 
3c378: REPZ RET  2
  |
  `- 
3c380: MOV Address (SizeDir 64 (FromReg RDX)), Reg RSI 3
3c383: RET  1
  |
  `- 
3c384: MOV Reg RDI, Address (SizeDir 64 (AddrPlus (FromReg RBX) (AddrImm 16))) 4
3c388: LEA Reg RSI, Address (AddrPlus (FromReg RIP) (AddrImm 385873)) 7
3c38f: MOV Reg ECX, Immediate 8 5
3c394: MOV Reg RDX, Reg R13 3
3c397: CALL libxl__alloc_failed (internal)
  |
  `- 
3c39c: LEA Reg RCX, Address (AddrPlus (FromReg RIP) (AddrImm 385869)) 7
3c3a3: LEA Reg RSI, Address (AddrPlus (FromReg RIP) (AddrImm 384822)) 7
3c3aa: LEA Reg RDI, Address (AddrPlus (FromReg RIP) (AddrImm 385135)) 7
3c3b1: MOV Reg EDX, Immediate 62 5
3c3b6: CALL __assert_fail (external)
  |
  `- 
3c410: PUSH Reg R12 2
3c412: PUSH Reg RBP 1
3c413: MOV Reg RBP, Reg RSI 3
3c416: PUSH Reg RBX 1
3c417: MOV Reg R12, Reg RDI 3
3c41a: MOV Reg ESI, Immediate 1 5
3c41f: MOV Reg RDI, Reg RBP 3
3c422: CALL calloc (external)
3c427: TEST Reg RAX, Reg RAX 3
3c42a: JZ 3c442 (resolved immediate)
  |
  `- 3c42c,3c442
3c42c: MOV Reg RBX, Reg RAX 3
3c42f: MOV Reg RSI, Reg RAX 3
3c432: MOV Reg RDI, Reg R12 3
3c435: CALL libxl__ptr_add (internal)
  |
  `- 3c2a0
3c43a: MOV Reg RAX, Reg RBX 3
3c43d: POP Reg RBX 1
3c43e: POP Reg RBP 1
3c43f: POP Reg R12 2
3c441: RET  1
  |
  `- 
3c442: MOV Reg RDI, Address (SizeDir 64 (AddrPlus (FromReg R12) (AddrImm 16))) 5
3c447: LEA Reg RSI, Address (AddrPlus (FromReg RIP) (AddrImm 385634)) 7
3c44e: MOV Reg ECX, Immediate 1 5
3c453: MOV Reg RDX, Reg RBP 3
3c456: CALL libxl__alloc_failed (internal)
  |
  `- 3c1d0
3c460: PUSH Reg R14 2
3c462: PUSH Reg R13 2
3c464: MOV Reg R8, Reg RSI 3
3c467: PUSH Reg R12 2
3c469: PUSH Reg RBP 1
3c46a: MOV Reg R13, Reg RDI 3
3c46d: PUSH Reg RBX 1
3c46e: XOR Reg EDI, Reg EDI 2
3c470: MOV Reg RBP, Reg RSI 3
3c473: MOV Reg R14, Reg RDX 3
3c476: XOR Reg ESI, Reg ESI 2
3c478: MOV Reg RCX, Immediate 18446744073709551615 7
3c47f: SUB Reg RSP, Immediate 32 4
3c483: MOV Reg RAX, Address (SizeDir 64 (AddrPlus (FromReg FS) (AddrImm 40))) 9
3c48c: MOV Address (SizeDir 64 (AddrPlus (FromReg RSP) (AddrImm 24))), Reg RAX 5
3c491: XOR Reg EAX, Reg EAX 2
3c493: MOV Reg R12, Reg RSP 3
3c496: MOVDQU Reg XMM0, Address (SizeDir 128 (FromReg RDX)) 4
3c49a: MOV Reg R9, Reg R12 3
3c49d: MOVUPS Address (SizeDir 128 (FromReg RSP)), Reg XMM0 4
3c4a1: MOV Reg RAX, Address (SizeDir 64 (AddrPlus (FromReg RDX) (AddrImm 16))) 4
3c4a5: MOV Reg EDX, Immediate 1 5
3c4aa: MOV Address (SizeDir 64 (AddrPlus (FromReg RSP) (AddrImm 16))), Reg RAX 5
3c4af: CALL __vsnprintf_chk (external)
3c4b4: TEST Reg EAX, Reg EAX 2
3c4b6: JS 3c51b (resolved immediate)
  |
  `- 3c4b8,3c51b
3c4b8: ADD Reg EAX, Immediate 1 3
3c4bb: MOV Reg RDI, Reg R13 3
3c4be: MOVSXD Reg RBX, Reg EAX 3
3c4c1: MOV Reg RSI, Reg RBX 3
3c4c4: CALL libxl__zalloc (internal)
  |
  `- 3c410
3c4c9: MOV Reg R13, Reg RAX 3
3c4cc: MOV Reg RAX, Address (SizeDir 64 (AddrPlus (FromReg R14) (AddrImm 16))) 4
3c4d0: MOV Reg RCX, Immediate 18446744073709551615 7
3c4d7: MOVDQU Reg XMM0, Address (SizeDir 128 (FromReg R14)) 5
3c4dc: MOV Reg R9, Reg R12 3
3c4df: MOV Reg R8, Reg RBP 3
3c4e2: MOV Reg EDX, Immediate 1 5
3c4e7: MOV Reg RSI, Reg RBX 3
3c4ea: MOV Reg RDI, Reg R13 3
3c4ed: MOV Address (SizeDir 64 (AddrPlus (FromReg RSP) (AddrImm 16))), Reg RAX 5
3c4f2: MOVUPS Address (SizeDir 128 (FromReg RSP)), Reg XMM0 4
3c4f6: CALL __vsnprintf_chk (external)
3c4fb: MOV Reg RCX, Address (SizeDir 64 (AddrPlus (FromReg RSP) (AddrImm 24))) 5
3c500: XOR Reg RCX, Address (SizeDir 64 (AddrPlus (FromReg FS) (AddrImm 40))) 9
3c509: MOV Reg RAX, Reg R13 3
3c50c: JNZ 3c53a (resolved immediate)
  |
  `- 3c50e,3c53a
3c50e: ADD Reg RSP, Immediate 32 4
3c512: POP Reg RBX 1
3c513: POP Reg RBP 1
3c514: POP Reg R12 2
3c516: POP Reg R13 2
3c518: POP Reg R14 2
3c51a: RET  1
  |
  `- 
3c51b: LEA Reg RCX, Address (AddrPlus (FromReg RIP) (AddrImm 385358)) 7
3c522: LEA Reg RSI, Address (AddrPlus (FromReg RIP) (AddrImm 384439)) 7
3c529: LEA Reg RDI, Address (AddrPlus (FromReg RIP) (AddrImm 384498)) 7
3c530: MOV Reg EDX, Immediate 152 5
3c535: CALL __assert_fail (external)
  |
  `- 
3c53a: CALL __stack_chk_fail (external)
  |
  `- 
3c540: SUB Reg RSP, Immediate 216 7
3c547: TEST Reg AL, Reg AL 2
3c549: MOV Address (SizeDir 64 (AddrPlus (FromReg RSP) (AddrImm 48))), Reg RDX 5
3c54e: MOV Address (SizeDir 64 (AddrPlus (FromReg RSP) (AddrImm 56))), Reg RCX 5
3c553: MOV Address (SizeDir 64 (AddrPlus (FromReg RSP) (AddrImm 64))), Reg R8 5
3c558: MOV Address (SizeDir 64 (AddrPlus (FromReg RSP) (AddrImm 72))), Reg R9 5
3c55d: JZ 3c596 (resolved immediate)
  |
  `- 3c55f,3c596
3c55f: MOVAPS Address (SizeDir 128 (AddrPlus (FromReg RSP) (AddrImm 80))), Reg XMM0 5
3c564: MOVAPS Address (SizeDir 128 (AddrPlus (FromReg RSP) (AddrImm 96))), Reg XMM1 5
3c569: MOVAPS Address (SizeDir 128 (AddrPlus (FromReg RSP) (AddrImm 112))), Reg XMM2 5
3c56e: MOVAPS Address (SizeDir 128 (AddrPlus (FromReg RSP) (AddrImm 128))), Reg XMM3 8
3c576: MOVAPS Address (SizeDir 128 (AddrPlus (FromReg RSP) (AddrImm 144))), Reg XMM4 8
3c57e: MOVAPS Address (SizeDir 128 (AddrPlus (FromReg RSP) (AddrImm 160))), Reg XMM5 8
3c586: MOVAPS Address (SizeDir 128 (AddrPlus (FromReg RSP) (AddrImm 176))), Reg XMM6 8
3c58e: MOVAPS Address (SizeDir 128 (AddrPlus (FromReg RSP) (AddrImm 192))), Reg XMM7 8
3c596: MOV Reg RAX, Address (SizeDir 64 (AddrPlus (FromReg FS) (AddrImm 40))) 9
3c59f: MOV Address (SizeDir 64 (AddrPlus (FromReg RSP) (AddrImm 24))), Reg RAX 5
3c5a4: XOR Reg EAX, Reg EAX 2
3c5a6: LEA Reg RAX, Address (AddrPlus (FromReg RSP) (AddrImm 224)) 8
3c5ae: MOV Reg RDX, Reg RSP 3
3c5b1: MOV Address (SizeDir 64 (AddrPlus (FromReg RSP) (AddrImm 8))), Reg RAX 5
3c5b6: LEA Reg RAX, Address (AddrPlus (FromReg RSP) (AddrImm 32)) 5
3c5bb: MOV Address (SizeDir 32 (FromReg RSP)), Immediate 16 7
3c5c2: MOV Address (SizeDir 32 (AddrPlus (FromReg RSP) (AddrImm 4))), Immediate 48 8
3c5ca: MOV Address (SizeDir 64 (AddrPlus (FromReg RSP) (AddrImm 16))), Reg RAX 5
3c5cf: CALL libxl__vsprintf (internal)
  |
  `- 3c460
3c5d4: MOV Reg RCX, Address (SizeDir 64 (AddrPlus (FromReg RSP) (AddrImm 24))) 5
3c5d9: XOR Reg RCX, Address (SizeDir 64 (AddrPlus (FromReg FS) (AddrImm 40))) 9
3c5e2: JNZ 3c5ec (resolved immediate)
  |
  `- 3c5e4,3c5ec
3c5e4: ADD Reg RSP, Immediate 216 7
3c5eb: RET  1
  |
  `- 
3c5ec: CALL __stack_chk_fail (external)
  |
  `- 
4cc40: LEA Reg RCX, Address (AddrPlus (FromReg RIP) (AddrImm 335369)) 7
4cc47: LEA Reg RSI, Address (AddrPlus (FromReg RIP) (AddrImm 287246)) 7
4cc4e: LEA Reg RDI, Address (AddrPlus (FromReg RIP) (AddrImm 287256)) 7
4cc55: SUB Reg RSP, Immediate 8 4
4cc59: MOV Reg EDX, Immediate 4217 5
4cc5e: CALL __assert_fail (external)
  |
  `- 
4cc70: LEA Reg RCX, Address (AddrPlus (FromReg RIP) (AddrImm 335289)) 7
4cc77: LEA Reg RSI, Address (AddrPlus (FromReg RIP) (AddrImm 287198)) 7
4cc7e: LEA Reg RDI, Address (AddrPlus (FromReg RIP) (AddrImm 287208)) 7
4cc85: SUB Reg RSP, Immediate 8 4
4cc89: MOV Reg EDX, Immediate 4222 5
4cc8e: CALL __assert_fail (external)
  |
  `- 
4d020: PUSH Reg RBP 1
4d021: PUSH Reg RBX 1
4d022: MOV Reg RBP, Reg RDI 3
4d025: MOV Reg RBX, Reg RSI 3
4d028: SUB Reg RSP, Immediate 8 4
4d02c: MOV Reg RAX, Address (SizeDir 64 (AddrPlus (FromReg RDI) (AddrImm 16))) 4
4d030: LEA Reg RDI, Address (AddrPlus (FromReg RAX) (AddrImm 64)) 4
4d034: CALL pthread_mutex_lock (external)
4d039: TEST Reg EAX, Reg EAX 2
4d03b: JNZ 4d105 (resolved immediate)
  |
  `- 4d041,4d105
4d041: MOV Reg EAX, Address (SizeDir 32 (FromReg RBX)) 2
4d043: MOV Reg RDI, Address (SizeDir 64 (AddrPlus (FromReg RBP) (AddrImm 16))) 4
4d047: TEST Reg EAX, Reg EAX 2
4d049: JS 4d0f1 (resolved immediate)
  |
  `- 4d04f,4d0f1
4d04f: CMP Address (SizeDir 64 (AddrPlus (FromReg RDI) (AddrImm 128))), Immediate 0 8
4d057: JZ 4d0a5 (resolved immediate)
  |
  `- 4d059,4d0a5
4d059: ADD Address (SizeDir 32 (AddrPlus (FromReg RDI) (AddrImm 120))), Immediate 1 4
4d05d: MOV Reg RDX, Address (SizeDir 64 (AddrPlus (FromReg RBP) (AddrImm 16))) 4
4d061: MOV Reg RAX, Address (SizeDir 64 (AddrPlus (FromReg RBX) (AddrImm 32))) 4
4d065: MOV Address (SizeDir 64 (FromReg RAX)), Immediate 0 7
4d06c: MOV Reg RCX, Address (SizeDir 64 (AddrPlus (FromReg RDX) (AddrImm 176))) 7
4d073: MOV Address (SizeDir 64 (AddrPlus (FromReg RAX) (AddrImm 16))), Reg RCX 4
4d077: MOV Address (SizeDir 64 (AddrPlus (FromReg RDX) (AddrImm 176))), Reg RAX 7
4d07e: MOV Reg RAX, Address (SizeDir 64 (AddrPlus (FromReg RBP) (AddrImm 16))) 4
4d082: MOV Reg RDX, Address (SizeDir 64 (AddrPlus (FromReg RBX) (AddrImm 32))) 4
4d086: MOV Reg ESI, Address (SizeDir 32 (FromReg RBX)) 2
4d088: MOV Reg RDI, Address (SizeDir 64 (AddrPlus (FromReg RAX) (AddrImm 136))) 7
4d08f: MOV Reg RAX, Address (SizeDir 64 (AddrPlus (FromReg RAX) (AddrImm 128))) 7
4d096: MOV Reg RDX, Address (SizeDir 64 (AddrPlus (FromReg RDX) (AddrImm 8))) 4
4d09a: CALL Address (SizeDir 64 (AddrPlus (FromReg RAX) (AddrImm 16))) 3
4d09d: MOV Reg RAX, Address (SizeDir 64 (AddrPlus (FromReg RBP) (AddrImm 16))) 4
4d0a1: SUB Address (SizeDir 32 (AddrPlus (FromReg RAX) (AddrImm 120))), Immediate 1 4
4d0a5: MOV Reg RAX, Address (SizeDir 64 (AddrPlus (FromReg RBX) (AddrImm 16))) 4
4d0a9: MOV Reg RDX, Address (SizeDir 64 (AddrPlus (FromReg RBX) (AddrImm 24))) 4
4d0ad: TEST Reg RAX, Reg RAX 3
4d0b0: JZ 4d0be (resolved immediate)
  |
  `- 4d0b2,4d0be
4d0b2: MOV Address (SizeDir 64 (AddrPlus (FromReg RAX) (AddrImm 24))), Reg RDX 4
4d0b6: MOV Reg RDX, Address (SizeDir 64 (AddrPlus (FromReg RBX) (AddrImm 24))) 4
4d0ba: MOV Reg RAX, Address (SizeDir 64 (AddrPlus (FromReg RBX) (AddrImm 16))) 4
4d0be: MOV Address (SizeDir 64 (FromReg RDX)), Reg RAX 3
4d0c1: MOV Address (SizeDir 32 (FromReg RBX)), Immediate 4294967295 6
4d0c7: MOV Reg RDI, Address (SizeDir 64 (AddrPlus (FromReg RBP) (AddrImm 16))) 4
4d0cb: MOV Reg RAX, Address (SizeDir 64 (AddrPlus (FromReg RDI) (AddrImm 168))) 7
4d0d2: TEST Reg RAX, Reg RAX 3
4d0d5: JZ 4d0f1 (resolved immediate)
  |
  `- 4d0d7,4d0f1
4d0d7: NOP  9
4d0e0: MOV Address (SizeDir 8 (AddrPlus (FromReg RAX) (AddrImm 64))), Immediate 1 4
4d0e4: MOV Reg RAX, Address (SizeDir 64 (AddrPlus (FromReg RAX) (AddrImm 48))) 4
4d0e8: TEST Reg RAX, Reg RAX 3
4d0eb: JNZ 4d0e0 (resolved immediate)
  |
  `- 4d0e0,4d0ed
4d0ed: MOV Reg RDI, Address (SizeDir 64 (AddrPlus (FromReg RBP) (AddrImm 16))) 4
4d0f1: ADD Reg RDI, Immediate 64 4
4d0f5: CALL pthread_mutex_unlock (external)
4d0fa: TEST Reg EAX, Reg EAX 2
4d0fc: JNZ 4d10a (resolved immediate)
  |
  `- 4d0fe,4d10a
4d0fe: ADD Reg RSP, Immediate 8 4
4d102: POP Reg RBX 1
4d103: POP Reg RBP 1
4d104: RET  1
  |
  `- 
4d105: CALL libxl__ctx_lock.part.16 (internal)
  |
  `- 
4d10a: CALL libxl__ctx_unlock.part.17 (internal)
  |
  `- 
4d110: MOV Reg RSI, Address (SizeDir 64 (AddrPlus (FromReg RDI) (AddrImm 16))) 4
4d114: MOV Reg EAX, Address (SizeDir 32 (AddrPlus (FromReg RSI) (AddrImm 228))) 6
4d11a: TEST Reg EAX, Reg EAX 2
4d11c: JS 4d134 (resolved immediate)
  |
  `- 4d11e,4d134
4d11e: JZ 4d128 (resolved immediate)
  |
  `- 4d120,4d128
4d120: REPZ RET  2
  |
  `- 
4d128: ADD Reg RSI, Immediate 248 7
4d12f: JMP 4d020 (resolved immediate)
  |
  `- 4d020
4d134: LEA Reg RCX, Address (AddrPlus (FromReg RIP) (AddrImm 333813)) 7
4d13b: LEA Reg RSI, Address (AddrPlus (FromReg RIP) (AddrImm 329588)) 7
4d142: LEA Reg RDI, Address (AddrPlus (FromReg RIP) (AddrImm 329745)) 7
4d149: SUB Reg RSP, Immediate 8 4
4d14d: MOV Reg EDX, Immediate 591 5
4d152: CALL __assert_fail (external)
  |
  `- 
4d1f0: MOV Reg RCX, Address (SizeDir 64 (AddrPlus (FromReg RDI) (AddrImm 16))) 4
4d1f4: MOVSXD Reg RSI, Reg ESI 3
4d1f7: MOV Reg RDX, Address (SizeDir 64 (AddrPlus (FromReg RCX) (AddrImm 216))) 7
4d1fe: MOV Reg RAX, Address (SizeDir 64 (AddrPlus (FromReg RDX) (AddrTimes (AddrImm 8) (FromReg RSI)))) 4
4d202: TEST Reg RAX, Reg RAX 3
4d205: JZ 4d223 (resolved immediate)
  |
  `- 4d207,4d223
4d207: CMP Reg RDX, Reg RAX 3
4d20a: JA 4d223 (resolved immediate)
  |
  `- 4d20c,4d223
4d20c: MOVSXD Reg RCX, Address (SizeDir 32 (AddrPlus (FromReg RCX) (AddrImm 224))) 7
4d213: LEA Reg RDX, Address (AddrPlus (FromReg RDX) (AddrTimes (AddrImm 8) (FromReg RCX))) 4
4d217: CMP Reg RAX, Reg RDX 3
4d21a: MOV Reg EDX, Immediate 0 5
4d21f: CMOVB Reg RAX, Reg RDX 4
4d223: REPZ RET  2
  |
  `- 
4d550: PUSH Reg R12 2
4d552: PUSH Reg RBP 1
4d553: MOV Reg RBP, Reg RDI 3
4d556: PUSH Reg RBX 1
4d557: MOV Reg RAX, Address (SizeDir 64 (AddrPlus (FromReg RDI) (AddrImm 16))) 4
4d55b: MOV Reg RBX, Reg RSI 3
4d55e: LEA Reg RDI, Address (AddrPlus (FromReg RAX) (AddrImm 64)) 4
4d562: CALL pthread_mutex_lock (external)
4d567: TEST Reg EAX, Reg EAX 2
4d569: JNZ 4d6e1 (resolved immediate)
  |
  `- 4d56f,4d6e1
4d56f: MOV Reg EDX, Address (SizeDir 32 (AddrPlus (FromReg RBX) (AddrImm 16))) 3
4d572: TEST Reg EDX, Reg EDX 2
4d574: JS 4d6a0 (resolved immediate)
  |
  `- 4d57a,4d6a0
4d57a: MOV Reg ECX, Address (SizeDir 32 (AddrPlus (FromReg RBX) (AddrImm 20))) 3
4d57d: LEA Reg RSI, Address (AddrPlus (FromReg RIP) (AddrImm 328699)) 7
4d584: MOV Reg RDI, Reg RBP 3
4d587: XOR Reg EAX, Reg EAX 2
4d589: CALL libxl__sprintf (internal)
  |
  `- 3c540
4d58e: MOV Reg R12, Reg RAX 3
4d591: MOV Reg EAX, Address (SizeDir 32 (AddrPlus (FromReg RBX) (AddrImm 16))) 3
4d594: MOV Reg RDI, Address (SizeDir 64 (AddrPlus (FromReg RBP) (AddrImm 16))) 4
4d598: LEA Reg R9, Address (AddrPlus (FromReg RIP) (AddrImm 332657)) 7
4d59f: LEA Reg RCX, Address (AddrPlus (FromReg RIP) (AddrImm 328464)) 7
4d5a6: MOV Reg R8D, Immediate 676 6
4d5ac: MOV Reg EDX, Immediate 4294967295 5
4d5b1: MOV Reg ESI, Immediate 1 5
4d5b6: PUSH Reg RAX 1
4d5b7: LEA Reg RAX, Address (AddrPlus (FromReg RIP) (AddrImm 329650)) 7
4d5be: PUSH Reg R12 2
4d5c0: PUSH Address (SizeDir 64 (FromReg RBX)) 2
4d5c2: PUSH Reg RBX 1
4d5c3: PUSH Reg RAX 1
4d5c4: PUSH Immediate 18446744073709551615 2
4d5c6: XOR Reg EAX, Reg EAX 2
4d5c8: CALL libxl__log (internal)
4d5cd: MOV Reg RAX, Address (SizeDir 64 (AddrPlus (FromReg RBP) (AddrImm 16))) 4
4d5d1: MOV Reg RSI, Address (SizeDir 64 (FromReg RBX)) 3
4d5d4: ADD Reg RSP, Immediate 48 4
4d5d8: MOV Reg RDX, Reg R12 3
4d5db: MOV Reg RDI, Address (SizeDir 64 (AddrPlus (FromReg RAX) (AddrImm 16))) 4
4d5df: CALL xs_unwatch (external)
4d5e4: TEST Reg AL, Reg AL 2
4d5e6: JZ 4d658 (resolved immediate)
  |
  `- 4d5e8,4d658
4d5e8: MOV Reg RDX, Address (SizeDir 64 (AddrPlus (FromReg RBP) (AddrImm 16))) 4
4d5ec: MOVSXD Reg RCX, Address (SizeDir 32 (AddrPlus (FromReg RBX) (AddrImm 16))) 4
4d5f0: MOV Reg RDI, Reg RBP 3
4d5f3: MOV Reg RAX, Address (SizeDir 64 (AddrPlus (FromReg RDX) (AddrImm 216))) 7
4d5fa: MOV Reg RDX, Address (SizeDir 64 (AddrPlus (FromReg RDX) (AddrImm 232))) 7
4d601: LEA Reg RAX, Address (AddrPlus (FromReg RAX) (AddrTimes (AddrImm 8) (FromReg RCX))) 4
4d605: MOV Address (SizeDir 64 (FromReg RAX)), Reg RDX 3
4d608: MOV Reg RDX, Address (SizeDir 64 (AddrPlus (FromReg RBP) (AddrImm 16))) 4
4d60c: MOV Address (SizeDir 64 (AddrPlus (FromReg RDX) (AddrImm 232))), Reg RAX 7
4d613: MOV Address (SizeDir 32 (AddrPlus (FromReg RBX) (AddrImm 16))), Immediate 4294967295 7
4d61a: MOV Reg RAX, Address (SizeDir 64 (AddrPlus (FromReg RBP) (AddrImm 16))) 4
4d61e: SUB Address (SizeDir 32 (AddrPlus (FromReg RAX) (AddrImm 228))), Immediate 1 7
4d625: CALL watches_check_fd_deregister (internal)
  |
  `- 4d62a,4d110
4d62a: MOV Reg RDI, Address (SizeDir 64 (FromReg RBX)) 3
4d62d: CALL free (external)
4d632: MOV Address (SizeDir 64 (FromReg RBX)), Immediate 0 7
4d639: MOV Reg RDI, Address (SizeDir 64 (AddrPlus (FromReg RBP) (AddrImm 16))) 4
4d63d: ADD Reg RDI, Immediate 64 4
4d641: CALL pthread_mutex_unlock (external)
4d646: TEST Reg EAX, Reg EAX 2
4d648: JNZ 4d6e6 (resolved immediate)
  |
  `- 4d64e,4d6e6
4d64e: POP Reg RBX 1
4d64f: POP Reg RBP 1
4d650: POP Reg R12 2
4d652: RET  1
  |
  `- 
4d658: CALL __errno_location (external)
4d65d: LEA Reg RSI, Address (AddrPlus (FromReg RIP) (AddrImm 328506)) 7
4d664: SUB Reg RSP, Immediate 8 4
4d668: MOV Reg RDI, Address (SizeDir 64 (AddrPlus (FromReg RBP) (AddrImm 16))) 4
4d66c: PUSH Address (SizeDir 64 (FromReg RBX)) 2
4d66e: LEA Reg R9, Address (AddrPlus (FromReg RIP) (AddrImm 332443)) 7
4d675: LEA Reg RCX, Address (AddrPlus (FromReg RIP) (AddrImm 328250)) 7
4d67c: PUSH Reg RSI 1
4d67d: PUSH Immediate 18446744073709551615 2
4d67f: MOV Reg R8D, Immediate 681 6
4d685: MOV Reg EDX, Address (SizeDir 32 (FromReg RAX)) 2
4d687: MOV Reg ESI, Immediate 8 5
4d68c: XOR Reg EAX, Reg EAX 2
4d68e: CALL libxl__log (internal)
4d693: ADD Reg RSP, Immediate 32 4
4d697: JMP 4d5e8 (resolved immediate)
  |
  `- 4d5e8
4d6a0: LEA Reg RAX, Address (AddrPlus (FromReg RIP) (AddrImm 329473)) 7
4d6a7: SUB Reg RSP, Immediate 8 4
4d6ab: MOV Reg RDI, Address (SizeDir 64 (AddrPlus (FromReg RBP) (AddrImm 16))) 4
4d6af: LEA Reg R9, Address (AddrPlus (FromReg RIP) (AddrImm 332378)) 7
4d6b6: PUSH Reg RBX 1
4d6b7: LEA Reg RCX, Address (AddrPlus (FromReg RIP) (AddrImm 328184)) 7
4d6be: PUSH Reg RAX 1
4d6bf: PUSH Immediate 18446744073709551615 2
4d6c1: MOV Reg R8D, Immediate 689 6
4d6c7: MOV Reg EDX, Immediate 4294967295 5
4d6cc: MOV Reg ESI, Immediate 1 5
4d6d1: XOR Reg EAX, Reg EAX 2
4d6d3: CALL libxl__log (internal)
  |
  `- 3c110
4d6d8: ADD Reg RSP, Immediate 32 4
4d6dc: JMP 4d62a (resolved immediate)
  |
  `- 4d62a
4d6e1: CALL libxl__ctx_lock.part.16 (internal)
  |
  `- 4cc40
4d6e6: CALL libxl__ctx_unlock.part.17 (internal)
  |
  `- 4cc70
4e310: PUSH Reg RBX 1
4e311: MOV Reg RBX, Reg RDI 3
4e314: MOV Reg EDI, Address (SizeDir 32 (FromReg RDI)) 2
4e316: TEST Reg EDI, Reg EDI 2
4e318: JS 4e31f (resolved immediate)
  |
  `- 4e31a,4e31f
4e31a: CALL close (external)
4e31f: MOV Reg EDI, Address (SizeDir 32 (AddrPlus (FromReg RBX) (AddrImm 4))) 3
4e322: TEST Reg EDI, Reg EDI 2
4e324: JS 4e32b (resolved immediate)
  |
  `- 4e326,4e32b
4e326: CALL close (external)
4e32b: MOV Address (SizeDir 64 (FromReg RBX)), Immediate 18446744073709551615 7
4e332: POP Reg RBX 1
4e333: RET  1
  |
  `- 
4e4e0: PUSH Reg RBX 1
4e4e1: MOV Reg RBX, Reg RDI 3
4e4e4: LEA Reg RDI, Address (AddrPlus (FromReg RDI) (AddrImm 40)) 4
4e4e8: CALL libxl__pipe_close (internal)
  |
  `- 4e310
4e4ed: MOV Reg RDI, Address (SizeDir 64 (AddrPlus (FromReg RBX) (AddrImm 16))) 4
4e4f1: CALL free (external)
4e4f6: MOV Reg RDI, Address (SizeDir 64 (AddrPlus (FromReg RBX) (AddrImm 32))) 4
4e4fa: POP Reg RBX 1
4e4fb: JMP free (jmp to external function)
  |
  `- 
4e600: TEST Reg RSI, Reg RSI 3
4e603: JZ 4e64d (resolved immediate)
  |
  `- 4e605,4e64d
4e605: MOV Reg RAX, Address (SizeDir 64 (AddrPlus (FromReg RSI) (AddrImm 48))) 4
4e609: MOV Reg RDX, Address (SizeDir 64 (AddrPlus (FromReg RSI) (AddrImm 56))) 4
4e60d: TEST Reg RAX, Reg RAX 3
4e610: JZ 4e61e (resolved immediate)
  |
  `- 4e612,4e61e
4e612: MOV Address (SizeDir 64 (AddrPlus (FromReg RAX) (AddrImm 56))), Reg RDX 4
4e616: MOV Reg RDX, Address (SizeDir 64 (AddrPlus (FromReg RSI) (AddrImm 56))) 4
4e61a: MOV Reg RAX, Address (SizeDir 64 (AddrPlus (FromReg RSI) (AddrImm 48))) 4
4e61e: MOV Address (SizeDir 64 (FromReg RDX)), Reg RAX 3
4e621: MOV Reg RAX, Address (SizeDir 64 (AddrPlus (FromReg RDI) (AddrImm 160))) 7
4e628: TEST Reg RAX, Reg RAX 3
4e62b: MOV Address (SizeDir 64 (FromReg RSI)), Reg RAX 3
4e62e: JZ 4e63b (resolved immediate)
  |
  `- 4e630,4e63b
4e630: MOV Reg RAX, Address (SizeDir 64 (AddrPlus (FromReg RDI) (AddrImm 160))) 7
4e637: MOV Address (SizeDir 64 (AddrPlus (FromReg RAX) (AddrImm 8))), Reg RSI 4
4e63b: MOV Address (SizeDir 64 (AddrPlus (FromReg RDI) (AddrImm 160))), Reg RSI 7
4e642: ADD Reg RDI, Immediate 160 7
4e649: MOV Address (SizeDir 64 (AddrPlus (FromReg RSI) (AddrImm 8))), Reg RDI 4
4e64d: REPZ RET  2
  |
  `- 
5d320: PUSH Reg RBP 1
5d321: PUSH Reg RBX 1
5d322: MOV Reg RBP, Reg RDI 3
5d325: MOV Reg RBX, Reg RSI 3
5d328: SUB Reg RSP, Immediate 8 4
5d32c: MOV Reg RAX, Address (SizeDir 64 (AddrPlus (FromReg RDI) (AddrImm 16))) 4
5d330: LEA Reg RDI, Address (AddrPlus (FromReg RAX) (AddrImm 64)) 4
5d334: CALL pthread_mutex_lock (external)
5d339: TEST Reg EAX, Reg EAX 2
5d33b: JNZ 5d39d (resolved immediate)
  |
  `- 5d33d,5d39d
5d33d: MOV Reg RAX, Address (SizeDir 64 (AddrPlus (FromReg RBX) (AddrImm 32))) 4
5d341: MOV Reg RDX, Address (SizeDir 64 (AddrPlus (FromReg RBX) (AddrImm 40))) 4
5d345: TEST Reg RAX, Reg RAX 3
5d348: JZ 5d356 (resolved immediate)
  |
  `- 5d34a,5d356
5d34a: MOV Address (SizeDir 64 (AddrPlus (FromReg RAX) (AddrImm 40))), Reg RDX 4
5d34e: MOV Reg RDX, Address (SizeDir 64 (AddrPlus (FromReg RBX) (AddrImm 40))) 4
5d352: MOV Reg RAX, Address (SizeDir 64 (AddrPlus (FromReg RBX) (AddrImm 32))) 4
5d356: MOV Address (SizeDir 64 (FromReg RDX)), Reg RAX 3
5d359: MOV Reg EAX, Address (SizeDir 32 (AddrPlus (FromReg RBX) (AddrImm 16))) 3
5d35c: TEST Reg EAX, Reg EAX 2
5d35e: JS 5d36b (resolved immediate)
  |
  `- 5d360,5d36b
5d360: MOV Reg RSI, Reg RBX 3
5d363: MOV Reg RDI, Reg RBP 3
5d366: CALL libxl__ev_xswatch_deregister (internal)
  |
  `- 4d550
5d36b: MOV Reg RDI, Address (SizeDir 64 (AddrPlus (FromReg RBX) (AddrImm 56))) 4
5d36f: CALL free (external)
5d374: MOV Reg RDI, Address (SizeDir 64 (AddrPlus (FromReg RBX) (AddrImm 64))) 4
5d378: CALL free (external)
5d37d: MOV Reg RDI, Reg RBX 3
5d380: CALL free (external)
5d385: MOV Reg RDI, Address (SizeDir 64 (AddrPlus (FromReg RBP) (AddrImm 16))) 4
5d389: ADD Reg RDI, Immediate 64 4
5d38d: CALL pthread_mutex_unlock (external)
5d392: TEST Reg EAX, Reg EAX 2
5d394: JNZ 5d3a2 (resolved immediate)
  |
  `- 5d396,5d3a2
5d396: ADD Reg RSP, Immediate 8 4
5d39a: POP Reg RBX 1
5d39b: POP Reg RBP 1
5d39c: RET  1
  |
  `- 
5d39d: CALL libxl__ctx_lock.part.2 (internal)
  |
  `- 1ff0f
5d3a2: CALL libxl__ctx_unlock.part.3 (internal)
  |
  `- 1ff32
68ce0: PUSH Reg RBP 1
68ce1: PUSH Reg RBX 1
68ce2: MOV Reg RBP, Reg RDI 3
68ce5: MOV Reg RBX, Reg RSI 3
68ce8: SUB Reg RSP, Immediate 8 4
68cec: MOV Reg RAX, Address (SizeDir 64 (AddrPlus (FromReg RDI) (AddrImm 16))) 4
68cf0: LEA Reg RDI, Address (AddrPlus (FromReg RAX) (AddrImm 64)) 4
68cf4: CALL pthread_mutex_lock (external)
68cf9: TEST Reg EAX, Reg EAX 2
68cfb: JNZ 68da0 (resolved immediate)
  |
  `- 68d01,68da0
68d01: TEST Address (SizeDir 8 (AddrPlus (FromReg RBX) (AddrImm 4))), Immediate 2 4
68d05: MOV Reg RAX, Address (SizeDir 64 (AddrPlus (FromReg RBX) (AddrImm 8))) 4
68d09: MOV Reg RDX, Address (SizeDir 64 (AddrPlus (FromReg RBX) (AddrImm 16))) 4
68d0d: JZ 68d50 (resolved immediate)
  |
  `- 68d0f,68d50
68d0f: TEST Reg RAX, Reg RAX 3
68d12: JZ 68d90 (resolved immediate)
  |
  `- 68d14,68d90
68d14: MOV Address (SizeDir 64 (AddrPlus (FromReg RAX) (AddrImm 16))), Reg RDX 4
68d18: MOV Reg RAX, Address (SizeDir 64 (AddrPlus (FromReg RBX) (AddrImm 16))) 4
68d1c: MOV Reg RDX, Address (SizeDir 64 (AddrPlus (FromReg RBX) (AddrImm 8))) 4
68d20: MOV Reg RDI, Reg RBX 3
68d23: MOV Address (SizeDir 64 (FromReg RAX)), Reg RDX 3
68d26: CALL free (external)
68d2b: MOV Reg RDI, Address (SizeDir 64 (AddrPlus (FromReg RBP) (AddrImm 16))) 4
68d2f: CMP Address (SizeDir 64 (AddrPlus (FromReg RDI) (AddrImm 352))), Immediate 0 8
68d37: JZ 68d68 (resolved immediate)
  |
  `- 68d39,68d68
68d39: ADD Reg RDI, Immediate 64 4
68d3d: CALL pthread_mutex_unlock (external)
68d42: TEST Reg EAX, Reg EAX 2
68d44: JNZ 68da5 (resolved immediate)
  |
  `- 68d46,68da5
68d46: ADD Reg RSP, Immediate 8 4
68d4a: POP Reg RBX 1
68d4b: POP Reg RBP 1
68d4c: RET  1
  |
  `- 
68d50: TEST Reg RAX, Reg RAX 3
68d53: JNZ 68d14 (resolved immediate)
  |
  `- 68d14,68d55
68d55: MOV Reg RAX, Address (SizeDir 64 (AddrPlus (FromReg RBP) (AddrImm 16))) 4
68d59: MOV Address (SizeDir 64 (AddrPlus (FromReg RAX) (AddrImm 360))), Reg RDX 7
68d60: JMP 68d18 (resolved immediate)
  |
  `- 68d18
68d68: MOV Reg EAX, Address (SizeDir 32 (AddrPlus (FromReg RDI) (AddrImm 400))) 6
68d6e: TEST Reg EAX, Reg EAX 2
68d70: JS 68d39 (resolved immediate)
  |
  `- 68d39,68d72
68d72: LEA Reg RSI, Address (AddrPlus (FromReg RDI) (AddrImm 384)) 7
68d79: MOV Reg RDI, Reg RBP 3
68d7c: CALL libxl__ev_xswatch_deregister (internal)
  |
  `- 
68d81: MOV Reg RDI, Address (SizeDir 64 (AddrPlus (FromReg RBP) (AddrImm 16))) 4
68d85: JMP 68d39 (resolved immediate)
  |
  `- 68d39
68d90: MOV Reg RAX, Address (SizeDir 64 (AddrPlus (FromReg RBP) (AddrImm 16))) 4
68d94: MOV Address (SizeDir 64 (AddrPlus (FromReg RAX) (AddrImm 376))), Reg RDX 7
68d9b: JMP 68d18 (resolved immediate)
  |
  `- 68d18
68da0: CALL libxl__ctx_lock.part.8 (internal)
  |
  `- 20027
68da5: CALL libxl__ctx_unlock.part.9 (internal)
  |
  `- 2004a
