Number of assembly instructions     = 26
Number of indirect branches         = 0
Number of unresolved indirect jumps = 0: 
Number of unresolved indirect calls = 0: 
Number of symbolic states (representative of non-determinism): 26
Number of edges: 25

88d00 (False): 0

40c90: TEST Reg RSI, Reg RSI 3
40c93: JE 40cc0 (resolved immediate)
  |
  `- 40c95,40cc0
40c95: PUSH Reg RBP 1
40c96: PUSH Reg RBX 1
40c97: MOV Reg RBP, Reg RDI 3
40c9a: MOV Reg RDI, Reg RSI 3
40c9d: MOV Reg RBX, Reg RSI 3
40ca0: SUB Reg RSP, Immediate 8 4
40ca4: CALL strlen (external)
40ca9: ADD Reg RSP, Immediate 8 4
40cad: MOV Reg RSI, Reg RBX 3
40cb0: MOV Reg RDI, Reg RBP 3
40cb3: POP Reg RBX 1
40cb4: POP Reg RBP 1
40cb5: MOV Reg RDX, Reg RAX 3
40cb8: JMP yajl_gen_string (jmp to external function)
  |
  `- 
40cc0: JMP yajl_gen_null (jmp to external function)
  |
  `- 
40cd0: JMP 40c90 (resolved immediate)
  |
  `- 40c90
88d00: PUSH Reg RBX 1
88d01: MOV Reg RBX, Reg RDI 3
88d04: MOV Reg EDI, Address (SizeDir 32 (FromReg RSI)) 2
88d06: CALL libxl_hdtype_to_string (external)
88d0b: MOV Reg RDI, Reg RBX 3
88d0e: MOV Reg RSI, Reg RAX 3
88d11: POP Reg RBX 1
88d12: JMP 40cd0 (resolved immediate)
  |
  `- 40cd0
