Number of assembly instructions     = 9
Number of indirect branches         = 0
Number of unresolved indirect jumps = 0: 
Number of unresolved indirect calls = 0: 
Number of symbolic states (representative of non-determinism): 9
Number of edges: 9

84540 (False): 0

84540: TEST Reg RSI, Reg RSI 3
84543: JE 8454a (resolved immediate)
  |
  `- 84545,8454a
84545: CMP Address (SizeDir 32 (FromReg RSI)), Immediate 32 3
84548: JE 84550 (resolved immediate)
  |
  `- 8454a,84550
8454a: MOV Reg EAX, Immediate 4294967295 5
8454f: RET  1
  |
  `- 
84550: MOV Reg RDI, Address (SizeDir 64 (AddrPlus (FromReg RSI) (AddrImm 8))) 4
84554: MOV Reg RSI, Reg RDX 3
84557: JMP libxl_device_model_version_from_string (jmp to external function)
  |
  `- 
