Number of assembly instructions     = 9
Number of indirect branches         = 0
Number of unresolved indirect jumps = 0: 
Number of unresolved indirect calls = 0: 
Number of symbolic states (representative of non-determinism): 9
Number of edges: 9

8d850 (False): 0

8d850: TEST Reg RSI, Reg RSI 3
8d853: JE 8d85a (resolved immediate)
  |
  `- 8d855,8d85a
8d855: CMP Address (SizeDir 32 (FromReg RSI)), Immediate 32 3
8d858: JE 8d860 (resolved immediate)
  |
  `- 8d85a,8d860
8d85a: MOV Reg EAX, Immediate 4294967295 5
8d85f: RET  1
  |
  `- 
8d860: MOV Reg RDI, Address (SizeDir 64 (AddrPlus (FromReg RSI) (AddrImm 8))) 4
8d864: MOV Reg RSI, Reg RDX 3
8d867: JMP libxl_usbdev_type_from_string (jmp to external function)
  |
  `- 
