Number of assembly instructions     = 835
Number of indirect branches         = 1
Number of unresolved indirect jumps = 1: 929e9
Number of unresolved indirect calls = 0: 
Number of symbolic states (representative of non-determinism): 883
Number of edges: 1046

36c60 (True): 60821, 60879, 608b8, 60909
36c90 (True): 37c98
36e20 (True): 37e78
37c80 (True): 60768
37e60 (True): 60781
38530 (True): 607c1
3bdb0 (True): 607d0, 60936
3be40 (True): 3c1a9
3c110 (True): 36cfd, 36e83, 385d9, 3c211, 3c274
3c1d0 (False): 3c39c, 3c45b, 3c797
3c2a0 (True): 36c86, 36cba, 3c43a, 3c75a
3c410 (True): 3c4c9
3c460 (True): 3c5d4
3c540 (True): 36e39, 60795, 60814, 6086c, 608ab, 608fc
3c730 (True): 60850
60710 (False): 0
929d0 (True): 37ca3, 37e83

36c60: PUSH Reg RBP 1
36c61: PUSH Reg RBX 1
36c62: MOV Reg RBP, Reg RDI 3
36c65: XOR Reg ECX, Reg ECX 2
36c67: SUB Reg RSP, Immediate 8 4
36c6b: MOV Reg RAX, Address (SizeDir 64 (AddrPlus (FromReg RDI) (AddrImm 16))) 4
36c6f: MOV Reg RDI, Address (SizeDir 64 (AddrPlus (FromReg RAX) (AddrImm 16))) 4
36c73: CALL xs_read (external)
36c78: MOV Reg RDI, Reg RBP 3
36c7b: MOV Reg RSI, Reg RAX 3
36c7e: MOV Reg RBX, Reg RAX 3
36c81: CALL libxl__ptr_add (internal)
36c86: ADD Reg RSP, Immediate 8 4
36c8a: MOV Reg RAX, Reg RBX 3
36c8d: POP Reg RBX 1
36c8e: POP Reg RBP 1
36c8f: RET  1
  |
  `- 
36c90: PUSH Reg R12 2
36c92: PUSH Reg RBP 1
36c93: MOV Reg RBP, Reg RDI 3
36c96: PUSH Reg RBX 1
36c97: MOV Reg RAX, Address (SizeDir 64 (AddrPlus (FromReg RDI) (AddrImm 16))) 4
36c9b: MOV Reg R12D, Reg ESI 3
36c9e: MOV Reg RDI, Address (SizeDir 64 (AddrPlus (FromReg RAX) (AddrImm 16))) 4
36ca2: CALL xs_get_domain_path (external)
36ca7: TEST Reg RAX, Reg RAX 3
36caa: MOV Reg RBX, Reg RAX 3
36cad: JE 36cc8 (resolved immediate)
  |
  `- 36caf,36cc8
36caf: MOV Reg RSI, Reg RAX 3
36cb2: MOV Reg RDI, Reg RBP 3
36cb5: CALL libxl__ptr_add (internal)
  |
  `- 3c2a0
36cba: MOV Reg RAX, Reg RBX 3
36cbd: POP Reg RBX 1
36cbe: POP Reg RBP 1
36cbf: POP Reg R12 2
36cc1: RET  1
  |
  `- 
36cc8: CALL __errno_location (external)
36ccd: LEA Reg RDX, Address (SizeDir 64 (AddrPlus (FromReg RIP) (AddrImm 402423))) 7
36cd4: MOV Reg RDI, Address (SizeDir 64 (AddrPlus (FromReg RBP) (AddrImm 16))) 4
36cd8: LEA Reg R9, Address (SizeDir 64 (AddrPlus (FromReg RIP) (AddrImm 403185))) 7
36cdf: LEA Reg RCX, Address (SizeDir 64 (AddrPlus (FromReg RIP) (AddrImm 402390))) 7
36ce6: MOV Reg R8D, Immediate 149 6
36cec: MOV Reg ESI, Immediate 8 5
36cf1: PUSH Reg RDX 1
36cf2: PUSH Reg R12 2
36cf4: MOV Reg EDX, Address (SizeDir 32 (FromReg RAX)) 2
36cf6: XOR Reg EAX, Reg EAX 2
36cf8: CALL libxl__log (internal)
  |
  `- 3c110
36cfd: POP Reg RAX 1
36cfe: POP Reg RDX 1
36cff: JMP 36cba (resolved immediate)
  |
  `- 36cba
36e20: PUSH Reg R12 2
36e22: MOV Reg EDX, Reg ESI 2
36e24: PUSH Reg RBP 1
36e25: MOV Reg EBP, Reg ESI 2
36e27: PUSH Reg RBX 1
36e28: LEA Reg RSI, Address (SizeDir 64 (AddrPlus (FromReg RIP) (AddrImm 402098))) 7
36e2f: XOR Reg EAX, Reg EAX 2
36e31: MOV Reg R12, Reg RDI 3
36e34: CALL libxl__sprintf (internal)
  |
  `- 3c540
36e39: TEST Reg RAX, Reg RAX 3
36e3c: MOV Reg RBX, Reg RAX 3
36e3f: JE 36e50 (resolved immediate)
  |
  `- 36e41,36e50
36e41: MOV Reg RAX, Reg RBX 3
36e44: POP Reg RBX 1
36e45: POP Reg RBP 1
36e46: POP Reg R12 2
36e48: RET  1
  |
  `- 
36e50: LEA Reg RAX, Address (SizeDir 64 (AddrPlus (FromReg RIP) (AddrImm 378994))) 7
36e57: MOV Reg RDI, Address (SizeDir 64 (AddrPlus (FromReg R12) (AddrImm 16))) 5
36e5c: LEA Reg R9, Address (SizeDir 64 (AddrPlus (FromReg RIP) (AddrImm 402749))) 7
36e63: LEA Reg RCX, Address (SizeDir 64 (AddrPlus (FromReg RIP) (AddrImm 402002))) 7
36e6a: MOV Reg EDX, Immediate 4294967295 5
36e6f: MOV Reg R8D, Immediate 192 6
36e75: PUSH Reg RAX 1
36e76: PUSH Reg RBP 1
36e77: XOR Reg EAX, Reg EAX 2
36e79: MOV Reg ESI, Immediate 8 5
36e7e: CALL libxl__log (internal)
36e83: POP Reg RAX 1
36e84: MOV Reg RAX, Reg RBX 3
36e87: POP Reg RDX 1
36e88: POP Reg RBX 1
36e89: POP Reg RBP 1
36e8a: POP Reg R12 2
36e8c: RET  1
  |
  `- 
37c80: PUSH Reg R13 2
37c82: PUSH Reg R12 2
37c84: MOV Reg R13D, Reg ECX 3
37c87: PUSH Reg RBP 1
37c88: PUSH Reg RBX 1
37c89: MOV Reg R12D, Reg EDX 3
37c8c: MOV Reg RBX, Reg RDI 3
37c8f: SUB Reg RSP, Immediate 8 4
37c93: CALL libxl__xs_get_dompath (internal)
  |
  `- 36c90
37c98: MOV Reg EDI, Reg R13D 3
37c9b: MOV Reg RBP, Reg RAX 3
37c9e: CALL libxl__device_kind_to_string (internal)
  |
  `- 929d0
37ca3: ADD Reg RSP, Immediate 8 4
37ca7: MOV Reg R8D, Reg R12D 3
37caa: MOV Reg RDX, Reg RBP 3
37cad: MOV Reg RDI, Reg RBX 3
37cb0: LEA Reg RSI, Address (SizeDir 64 (AddrPlus (FromReg RIP) (AddrImm 399188))) 7
37cb7: MOV Reg RCX, Reg RAX 3
37cba: POP Reg RBX 1
37cbb: POP Reg RBP 1
37cbc: POP Reg R12 2
37cbe: POP Reg R13 2
37cc0: XOR Reg EAX, Reg EAX 2
37cc2: JMP 3c540 (resolved immediate)
  |
  `- 3c540
37e60: PUSH Reg R13 2
37e62: PUSH Reg R12 2
37e64: MOV Reg R13D, Reg ECX 3
37e67: PUSH Reg RBP 1
37e68: PUSH Reg RBX 1
37e69: MOV Reg R12D, Reg EDX 3
37e6c: MOV Reg RBX, Reg RDI 3
37e6f: SUB Reg RSP, Immediate 8 4
37e73: CALL libxl__xs_libxl_path (internal)
  |
  `- 36e20
37e78: MOV Reg EDI, Reg R13D 3
37e7b: MOV Reg RBP, Reg RAX 3
37e7e: CALL libxl__device_kind_to_string (internal)
37e83: ADD Reg RSP, Immediate 8 4
37e87: MOV Reg R8D, Reg R12D 3
37e8a: MOV Reg RDX, Reg RBP 3
37e8d: MOV Reg RDI, Reg RBX 3
37e90: LEA Reg RSI, Address (SizeDir 64 (AddrPlus (FromReg RIP) (AddrImm 398708))) 7
37e97: MOV Reg RCX, Reg RAX 3
37e9a: POP Reg RBX 1
37e9b: POP Reg RBP 1
37e9c: POP Reg R12 2
37e9e: POP Reg R13 2
37ea0: XOR Reg EAX, Reg EAX 2
37ea2: JMP 3c540 (resolved immediate)
  |
  `- 3c540
38530: PUSH Reg R12 2
38532: PUSH Reg RBP 1
38533: MOV Reg RBP, Reg RDX 3
38536: PUSH Reg RBX 1
38537: MOV Reg RBX, Reg RSI 3
3853a: LEA Reg RSI, Address (SizeDir 64 (AddrPlus (FromReg RIP) (AddrImm 397182))) 7
38541: MOV Reg R12, Reg RDI 3
38544: MOV Reg RDI, Reg RBX 3
38547: SUB Reg RSP, Immediate 16 4
3854b: MOV Reg RAX, Address (SizeDir 64 (AddrPlus (FromReg FS) (AddrImm 40))) 9
38554: MOV Address (SizeDir 64 (AddrPlus (FromReg RSP) (AddrImm 8))), Reg RAX 5
38559: XOR Reg EAX, Reg EAX 2
3855b: LEA Reg RCX, Address (SizeDir 64 (AddrPlus (FromReg RSP) (AddrImm 3))) 5
38560: LEA Reg RDX, Address (SizeDir 64 (AddrPlus (FromReg RSP) (AddrImm 4))) 5
38565: CALL sscanf (external)
3856a: CMP Reg EAX, Immediate 2 3
3856d: JNE 385a0 (resolved immediate)
  |
  `- 3856f,385a0
3856f: CMP Address (SizeDir 8 (AddrPlus (FromReg RSP) (AddrImm 3))), Immediate 47 5
38574: JNE 385a0 (resolved immediate)
  |
  `- 38576,385a0
38576: MOV Reg EAX, Address (SizeDir 32 (AddrPlus (FromReg RSP) (AddrImm 4))) 4
3857a: MOV Address (SizeDir 32 (FromReg RBP)), Reg EAX 3
3857d: XOR Reg EAX, Reg EAX 2
3857f: MOV Reg RSI, Address (SizeDir 64 (AddrPlus (FromReg RSP) (AddrImm 8))) 5
38584: XOR Reg RSI, Address (SizeDir 64 (AddrPlus (FromReg FS) (AddrImm 40))) 9
3858d: JNE 385e4 (resolved immediate)
  |
  `- 3858f,385e4
3858f: ADD Reg RSP, Immediate 16 4
38593: POP Reg RBX 1
38594: POP Reg RBP 1
38595: POP Reg R12 2
38597: RET  1
  |
  `- 
385a0: LEA Reg RAX, Address (SizeDir 64 (AddrPlus (FromReg RIP) (AddrImm 398417))) 7
385a7: SUB Reg RSP, Immediate 8 4
385ab: MOV Reg RDI, Address (SizeDir 64 (AddrPlus (FromReg R12) (AddrImm 16))) 5
385b0: PUSH Reg RBX 1
385b1: LEA Reg R9, Address (SizeDir 64 (AddrPlus (FromReg RIP) (AddrImm 400568))) 7
385b8: LEA Reg RCX, Address (SizeDir 64 (AddrPlus (FromReg RIP) (AddrImm 396892))) 7
385bf: PUSH Reg RAX 1
385c0: PUSH Immediate 18446744073709551615 2
385c2: XOR Reg EAX, Reg EAX 2
385c4: MOV Reg R8D, Immediate 382 6
385ca: MOV Reg EDX, Immediate 4294967295 5
385cf: MOV Reg ESI, Immediate 8 5
385d4: CALL libxl__log (internal)
385d9: ADD Reg RSP, Immediate 32 4
385dd: MOV Reg EAX, Immediate 4294967293 5
385e2: JMP 3857f (resolved immediate)
  |
  `- 3857f
385e4: CALL __stack_chk_fail (external)
  |
  `- 
3bdb0: PUSH Reg R12 2
3bdb2: PUSH Reg RBP 1
3bdb3: PUSH Reg RBX 1
3bdb4: MOV Reg EAX, Address (SizeDir 32 (FromReg RDI)) 2
3bdb6: TEST Reg EAX, Reg EAX 2
3bdb8: JS 3be14 (resolved immediate)
  |
  `- 3bdba,3be14
3bdba: MOV Reg R12, Reg RDI 3
3bdbd: MOV Reg EBP, Immediate 0 5
3bdc2: MOV Reg EBX, Immediate 0 5
3bdc7: JE 3bdf4 (resolved immediate)
  |
  `- 3bdc9,3bdf4
3bdc9: NOP  7
3bdd0: MOV Reg RAX, Address (SizeDir 64 (AddrPlus (FromReg R12) (AddrImm 8))) 5
3bdd5: ADD Reg EBX, Immediate 1 3
3bdd8: ADD Reg RAX, Reg RBP 3
3bddb: ADD Reg RBP, Immediate 8 4
3bddf: MOV Reg RDI, Address (SizeDir 64 (FromReg RAX)) 3
3bde2: MOV Address (SizeDir 64 (FromReg RAX)), Immediate 0 7
3bde9: CALL free (external)
3bdee: CMP Address (SizeDir 32 (FromReg R12)), Reg EBX 4
3bdf2: JG 3bdd0 (resolved immediate)
  |
  `- 3bdd0,3bdf4
3bdf4: MOV Reg RDI, Address (SizeDir 64 (AddrPlus (FromReg R12) (AddrImm 8))) 5
3bdf9: CALL free (external)
3bdfe: MOV Address (SizeDir 64 (AddrPlus (FromReg R12) (AddrImm 8))), Immediate 0 9
3be07: MOV Address (SizeDir 32 (FromReg R12)), Immediate 0 8
3be0f: POP Reg RBX 1
3be10: POP Reg RBP 1
3be11: POP Reg R12 2
3be13: RET  1
  |
  `- 
3be14: LEA Reg RCX, Address (SizeDir 64 (AddrPlus (FromReg RIP) (AddrImm 387253))) 7
3be1b: LEA Reg RSI, Address (SizeDir 64 (AddrPlus (FromReg RIP) (AddrImm 386238))) 7
3be22: LEA Reg RDI, Address (SizeDir 64 (AddrPlus (FromReg RIP) (AddrImm 386248))) 7
3be29: MOV Reg EDX, Immediate 80 5
3be2e: CALL __assert_fail (external)
  |
  `- 
3be40: PUSH Reg R15 2
3be42: PUSH Reg R14 2
3be44: MOV Reg R15, Reg RDI 3
3be47: PUSH Reg R13 2
3be49: PUSH Reg R12 2
3be4b: MOV Reg R12, Reg RCX 3
3be4e: PUSH Reg RBP 1
3be4f: PUSH Reg RBX 1
3be50: MOV Reg EBP, Reg R8D 3
3be53: MOV Reg RBX, Reg R9 3
3be56: SUB Reg RSP, Immediate 584 7
3be5d: MOV Address (SizeDir 32 (AddrPlus (FromReg RSP) (AddrImm 4))), Reg ESI 4
3be61: MOV Address (SizeDir 32 (AddrPlus (FromReg RSP) (AddrImm 8))), Reg EDX 4
3be65: MOV Reg RAX, Address (SizeDir 64 (AddrPlus (FromReg FS) (AddrImm 40))) 9
3be6e: MOV Address (SizeDir 64 (AddrPlus (FromReg RSP) (AddrImm 568))), Reg RAX 8
3be76: XOR Reg EAX, Reg EAX 2
3be78: MOV Address (SizeDir 64 (AddrPlus (FromReg RSP) (AddrImm 40))), Immediate 0 9
3be81: CALL __errno_location (external)
3be86: MOV Reg RCX, Address (SizeDir 64 (AddrPlus (FromReg RSP) (AddrImm 656))) 8
3be8e: MOV Reg RDX, Address (SizeDir 64 (AddrPlus (FromReg RSP) (AddrImm 648))) 8
3be96: LEA Reg RDI, Address (SizeDir 64 (AddrPlus (FromReg RSP) (AddrImm 40))) 5
3be9b: MOV Reg ESI, Immediate 1 5
3bea0: MOV Reg R13, Reg RAX 3
3bea3: MOV Reg R14D, Address (SizeDir 32 (FromReg RAX)) 3
3bea6: CALL __vasprintf_chk (external)
3beab: TEST Reg RBX, Reg RBX 3
3beae: SETNE Address (SizeDir 8 (AddrPlus (FromReg RSP) (AddrImm 15))) 5
3beb3: TEST Reg EAX, Reg EAX 2
3beb5: JS 3c0a0 (resolved immediate)
  |
  `- 3bebb,3c0a0
3bebb: TEST Reg R12, Reg R12 3
3bebe: MOV Address (SizeDir 8 (AddrPlus (FromReg RSP) (AddrImm 48))), Immediate 0 5
3bec3: JE 3bf50 (resolved immediate)
  |
  `- 3bec9,3bf50
3bec9: LEA Reg R10, Address (SizeDir 64 (AddrPlus (FromReg RSP) (AddrImm 48))) 5
3bece: SUB Reg RSP, Immediate 8 4
3bed2: LEA Reg R8, Address (SizeDir 64 (AddrPlus (FromReg RIP) (AddrImm 362554))) 7
3bed9: PUSH Reg RBP 1
3beda: MOV Reg EDX, Immediate 1 5
3bedf: XOR Reg EAX, Reg EAX 2
3bee1: MOV Reg RDI, Reg R10 3
3bee4: MOV Reg R9, Reg R12 3
3bee7: MOV Reg ECX, Immediate 256 5
3beec: MOV Reg ESI, Immediate 256 5
3bef1: MOV Address (SizeDir 64 (AddrPlus (FromReg RSP) (AddrImm 32))), Reg R10 5
3bef6: CALL __snprintf_chk (external)
3befb: MOV Address (SizeDir 8 (AddrPlus (FromReg RSP) (AddrImm 319))), Immediate 0 8
3bf03: MOV Address (SizeDir 8 (AddrPlus (FromReg RSP) (AddrImm 320))), Immediate 0 8
3bf0b: POP Reg RAX 1
3bf0c: POP Reg RDX 1
3bf0d: CMP Address (SizeDir 32 (AddrPlus (FromReg RSP) (AddrImm 640))), Immediate 18446744073709551615 8
3bf15: MOV Reg R10, Address (SizeDir 64 (AddrPlus (FromReg RSP) (AddrImm 16))) 5
3bf1a: JNE 3bfc0 (resolved immediate)
  |
  `- 3bf20,3bfc0
3bf20: TEST Reg RBX, Reg RBX 3
3bf23: MOV Reg RCX, Address (SizeDir 64 (AddrPlus (FromReg RSP) (AddrImm 40))) 5
3bf28: JE 3c0c6 (resolved immediate)
  |
  `- 3bf2e,3c0c6
3bf2e: LEA Reg RDX, Address (SizeDir 64 (AddrPlus (FromReg RIP) (AddrImm 386002))) 7
3bf35: LEA Reg RAX, Address (SizeDir 64 (AddrPlus (FromReg RIP) (AddrImm 408678))) 7
3bf3c: LEA Reg RBP, Address (SizeDir 64 (AddrPlus (FromReg RIP) (AddrImm 386109))) 7
3bf43: LEA Reg R11, Address (SizeDir 64 (AddrPlus (FromReg RSP) (AddrImm 304))) 8
3bf4b: JMP 3c031 (resolved immediate)
  |
  `- 3c031
3bf50: CMP Address (SizeDir 32 (AddrPlus (FromReg RSP) (AddrImm 640))), Immediate 18446744073709551615 8
3bf58: MOV Address (SizeDir 8 (AddrPlus (FromReg RSP) (AddrImm 303))), Immediate 0 8
3bf60: LEA Reg R10, Address (SizeDir 64 (AddrPlus (FromReg RSP) (AddrImm 48))) 5
3bf65: MOV Address (SizeDir 8 (AddrPlus (FromReg RSP) (AddrImm 304))), Immediate 0 8
3bf6d: JNE 3bfc0 (resolved immediate)
  |
  `- 3bf6f,3bfc0
3bf6f: TEST Reg R12, Reg R12 3
3bf72: MOV Reg RCX, Address (SizeDir 64 (AddrPlus (FromReg RSP) (AddrImm 40))) 5
3bf77: LEA Reg RBP, Address (SizeDir 64 (AddrPlus (FromReg RIP) (AddrImm 386050))) 7
3bf7e: LEA Reg R10, Address (SizeDir 64 (AddrPlus (FromReg RSP) (AddrImm 48))) 5
3bf83: LEA Reg R11, Address (SizeDir 64 (AddrPlus (FromReg RSP) (AddrImm 304))) 8
3bf8b: JE 3c019 (resolved immediate)
  |
  `- 3c019
3bf98: TEST Reg RBX, Reg RBX 3
3bf9b: JE 3c0eb (resolved immediate)
  |
  `- 3bfa1,3c0eb
3bfa1: LEA Reg RAX, Address (SizeDir 64 (AddrPlus (FromReg RIP) (AddrImm 396536))) 7
3bfa8: LEA Reg RSI, Address (SizeDir 64 (AddrPlus (FromReg RIP) (AddrImm 408563))) 7
3bfaf: TEST Reg R12, Reg R12 3
3bfb2: LEA Reg RDX, Address (SizeDir 64 (AddrPlus (FromReg RIP) (AddrImm 385870))) 7
3bfb9: CMOVNE Reg RAX, Reg RSI 4
3bfbd: JMP 3c031 (resolved immediate)
  |
  `- 3c031
3bfc0: LEA Reg R11, Address (SizeDir 64 (AddrPlus (FromReg RSP) (AddrImm 304))) 8
3bfc8: MOV Reg R9D, Address (SizeDir 32 (AddrPlus (FromReg RSP) (AddrImm 640))) 8
3bfd0: LEA Reg R8, Address (SizeDir 64 (AddrPlus (FromReg RIP) (AddrImm 385843))) 7
3bfd7: MOV Reg ECX, Immediate 256 5
3bfdc: MOV Reg EDX, Immediate 1 5
3bfe1: MOV Reg ESI, Immediate 256 5
3bfe6: MOV Reg RDI, Reg R11 3
3bfe9: XOR Reg EAX, Reg EAX 2
3bfeb: MOV Address (SizeDir 64 (AddrPlus (FromReg RSP) (AddrImm 24))), Reg R10 5
3bff0: MOV Address (SizeDir 64 (AddrPlus (FromReg RSP) (AddrImm 16))), Reg R11 5
3bff5: LEA Reg RBP, Address (SizeDir 64 (AddrPlus (FromReg RIP) (AddrImm 385924))) 7
3bffc: CALL __snprintf_chk (external)
3c001: MOV Reg RCX, Address (SizeDir 64 (AddrPlus (FromReg RSP) (AddrImm 40))) 5
3c006: MOV Reg R11, Address (SizeDir 64 (AddrPlus (FromReg RSP) (AddrImm 16))) 5
3c00b: MOV Reg R10, Address (SizeDir 64 (AddrPlus (FromReg RSP) (AddrImm 24))) 5
3c010: TEST Reg R12, Reg R12 3
3c013: JNE 3bf98 (resolved immediate)
  |
  `- 3bf98,3c019
3c019: CMP Address (SizeDir 8 (AddrPlus (FromReg RSP) (AddrImm 15))), Immediate 0 5
3c01e: JNE 3bf98 (resolved immediate)
  |
  `- 3bf98,3c024
3c024: LEA Reg RBX, Address (SizeDir 64 (AddrPlus (FromReg RIP) (AddrImm 396405))) 7
3c02b: MOV Reg RDX, Reg RBX 3
3c02e: MOV Reg RAX, Reg RBX 3
3c031: SUB Reg RSP, Immediate 8 4
3c035: MOV Reg RDI, Address (SizeDir 64 (FromReg R15)) 3
3c038: LEA Reg R8, Address (SizeDir 64 (AddrPlus (FromReg RIP) (AddrImm 385750))) 7
3c03f: PUSH Reg RCX 1
3c040: PUSH Reg R11 2
3c042: LEA Reg RCX, Address (SizeDir 64 (AddrPlus (FromReg RIP) (AddrImm 358278))) 7
3c049: PUSH Reg RDX 1
3c04a: PUSH Reg RBX 1
3c04b: MOV Reg R9, Reg R10 3
3c04e: PUSH Reg RAX 1
3c04f: MOV Reg EDX, Address (SizeDir 32 (AddrPlus (FromReg RSP) (AddrImm 56))) 4
3c053: XOR Reg EAX, Reg EAX 2
3c055: MOV Reg ESI, Address (SizeDir 32 (AddrPlus (FromReg RSP) (AddrImm 52))) 4
3c059: CALL xtl_log (external)
3c05e: MOV Reg RDI, Address (SizeDir 64 (AddrPlus (FromReg RSP) (AddrImm 88))) 5
3c063: ADD Reg RSP, Immediate 48 4
3c067: CMP Reg RDI, Reg RBP 3
3c06a: JE 3c071 (resolved immediate)
  |
  `- 3c06c,3c071
3c06c: CALL free (external)
3c071: MOV Reg RAX, Address (SizeDir 64 (AddrPlus (FromReg RSP) (AddrImm 568))) 8
3c079: XOR Reg RAX, Address (SizeDir 64 (AddrPlus (FromReg FS) (AddrImm 40))) 9
3c082: MOV Address (SizeDir 32 (FromReg R13)), Reg R14D 4
3c086: JNE 3c0c1 (resolved immediate)
  |
  `- 3c088,3c0c1
3c088: ADD Reg RSP, Immediate 584 7
3c08f: POP Reg RBX 1
3c090: POP Reg RBP 1
3c091: POP Reg R12 2
3c093: POP Reg R13 2
3c095: POP Reg R14 2
3c097: POP Reg R15 2
3c099: RET  1
  |
  `- 
3c0a0: LEA Reg RBP, Address (SizeDir 64 (AddrPlus (FromReg RIP) (AddrImm 385753))) 7
3c0a7: LEA Reg R10, Address (SizeDir 64 (AddrPlus (FromReg RSP) (AddrImm 48))) 5
3c0ac: LEA Reg R11, Address (SizeDir 64 (AddrPlus (FromReg RSP) (AddrImm 304))) 8
3c0b4: MOV Address (SizeDir 64 (AddrPlus (FromReg RSP) (AddrImm 40))), Reg RBP 5
3c0b9: MOV Reg RCX, Reg RBP 3
3c0bc: JMP 3c010 (resolved immediate)
  |
  `- 3c010
3c0c1: CALL __stack_chk_fail (external)
  |
  `- 
3c0c6: LEA Reg RBX, Address (SizeDir 64 (AddrPlus (FromReg RIP) (AddrImm 396243))) 7
3c0cd: LEA Reg RDX, Address (SizeDir 64 (AddrPlus (FromReg RIP) (AddrImm 385587))) 7
3c0d4: LEA Reg RBP, Address (SizeDir 64 (AddrPlus (FromReg RIP) (AddrImm 385701))) 7
3c0db: LEA Reg R11, Address (SizeDir 64 (AddrPlus (FromReg RSP) (AddrImm 304))) 8
3c0e3: MOV Reg RAX, Reg RBX 3
3c0e6: JMP 3c031 (resolved immediate)
  |
  `- 3c031
3c0eb: LEA Reg RBX, Address (SizeDir 64 (AddrPlus (FromReg RIP) (AddrImm 396206))) 7
3c0f2: LEA Reg RDX, Address (SizeDir 64 (AddrPlus (FromReg RIP) (AddrImm 385550))) 7
3c0f9: MOV Reg RAX, Reg RBX 3
3c0fc: JMP 3c031 (resolved immediate)
  |
  `- 3c031
3c110: SUB Reg RSP, Immediate 216 7
3c117: TEST Reg AL, Reg AL 2
3c119: MOV Reg R10, Address (SizeDir 64 (AddrPlus (FromReg RSP) (AddrImm 232))) 8
3c121: JE 3c15a (resolved immediate)
  |
  `- 3c123,3c15a
3c123: MOVAPS Address (SizeDir 128 (AddrPlus (FromReg RSP) (AddrImm 80))), Reg XMM0 5
3c128: MOVAPS Address (SizeDir 128 (AddrPlus (FromReg RSP) (AddrImm 96))), Reg XMM1 5
3c12d: MOVAPS Address (SizeDir 128 (AddrPlus (FromReg RSP) (AddrImm 112))), Reg XMM2 5
3c132: MOVAPS Address (SizeDir 128 (AddrPlus (FromReg RSP) (AddrImm 128))), Reg XMM3 8
3c13a: MOVAPS Address (SizeDir 128 (AddrPlus (FromReg RSP) (AddrImm 144))), Reg XMM4 8
3c142: MOVAPS Address (SizeDir 128 (AddrPlus (FromReg RSP) (AddrImm 160))), Reg XMM5 8
3c14a: MOVAPS Address (SizeDir 128 (AddrPlus (FromReg RSP) (AddrImm 176))), Reg XMM6 8
3c152: MOVAPS Address (SizeDir 128 (AddrPlus (FromReg RSP) (AddrImm 192))), Reg XMM7 8
3c15a: MOV Reg RAX, Address (SizeDir 64 (AddrPlus (FromReg FS) (AddrImm 40))) 9
3c163: MOV Address (SizeDir 64 (AddrPlus (FromReg RSP) (AddrImm 24))), Reg RAX 5
3c168: XOR Reg EAX, Reg EAX 2
3c16a: LEA Reg RAX, Address (SizeDir 64 (AddrPlus (FromReg RSP) (AddrImm 240))) 8
3c172: MOV Address (SizeDir 64 (AddrPlus (FromReg RSP) (AddrImm 8))), Reg RAX 5
3c177: LEA Reg RAX, Address (SizeDir 64 (AddrPlus (FromReg RSP) (AddrImm 32))) 5
3c17c: MOV Address (SizeDir 32 (FromReg RSP)), Immediate 48 7
3c183: MOV Address (SizeDir 32 (AddrPlus (FromReg RSP) (AddrImm 4))), Immediate 48 8
3c18b: SUB Reg RSP, Immediate 8 4
3c18f: MOV Address (SizeDir 64 (AddrPlus (FromReg RSP) (AddrImm 24))), Reg RAX 5
3c194: LEA Reg RAX, Address (SizeDir 64 (AddrPlus (FromReg RSP) (AddrImm 8))) 5
3c199: PUSH Reg RAX 1
3c19a: PUSH Reg R10 2
3c19c: MOV Reg EAX, Address (SizeDir 32 (AddrPlus (FromReg RSP) (AddrImm 248))) 7
3c1a3: PUSH Reg RAX 1
3c1a4: CALL libxl__logv (internal)
  |
  `- 3be40
3c1a9: ADD Reg RSP, Immediate 32 4
3c1ad: MOV Reg RAX, Address (SizeDir 64 (AddrPlus (FromReg RSP) (AddrImm 24))) 5
3c1b2: XOR Reg RAX, Address (SizeDir 64 (AddrPlus (FromReg FS) (AddrImm 40))) 9
3c1bb: JNE 3c1c5 (resolved immediate)
  |
  `- 3c1bd,3c1c5
3c1bd: ADD Reg RSP, Immediate 216 7
3c1c4: RET  1
  |
  `- 
3c1c5: CALL __stack_chk_fail (external)
  |
  `- 
3c1d0: TEST Reg RCX, Reg RCX 3
3c1d3: PUSH Reg R14 2
3c1d5: PUSH Reg R13 2
3c1d7: PUSH Reg R12 2
3c1d9: PUSH Reg RBP 1
3c1da: PUSH Reg RBX 1
3c1db: MOV Reg RBX, Reg RSI 3
3c1de: JE 3c24b (resolved immediate)
  |
  `- 3c1e0,3c24b
3c1e0: LEA Reg R14, Address (SizeDir 64 (AddrPlus (FromReg RIP) (AddrImm 385473))) 7
3c1e7: SUB Reg RSP, Immediate 8 4
3c1eb: MOV Reg R9, Reg RSI 3
3c1ee: PUSH Reg RCX 1
3c1ef: PUSH Reg RDX 1
3c1f0: MOV Reg R13, Reg RDX 3
3c1f3: PUSH Reg RSI 1
3c1f4: PUSH Reg R14 2
3c1f6: MOV Reg R12, Reg RCX 3
3c1f9: PUSH Immediate 18446744073709551615 2
3c1fb: XOR Reg R8D, Reg R8D 3
3c1fe: XOR Reg ECX, Reg ECX 2
3c200: MOV Reg EDX, Immediate 12 5
3c205: MOV Reg ESI, Immediate 9 5
3c20a: XOR Reg EAX, Reg EAX 2
3c20c: CALL libxl__log (internal)
  |
  `- 
3c211: MOV Reg RBP, Address (SizeDir 64 (AddrPlus (FromReg RIP) (AddrImm 2665928))) 7
3c218: ADD Reg RSP, Immediate 48 4
3c21c: MOV Reg R9, Reg R12 3
3c21f: MOV Reg R8, Reg R13 3
3c222: MOV Reg RCX, Reg RBX 3
3c225: MOV Reg RDX, Reg R14 3
3c228: MOV Reg ESI, Immediate 1 5
3c22d: XOR Reg EAX, Reg EAX 2
3c22f: MOV Reg RDI, Address (SizeDir 64 (FromReg RBP)) 4
3c233: CALL __fprintf_chk (external)
3c238: MOV Reg RDI, Address (SizeDir 64 (FromReg RBP)) 4
3c23c: CALL fflush (external)
3c241: MOV Reg EDI, Immediate 4294967295 5
3c246: CALL _exit (external)
  |
  `- 
3c24b: LEA Reg R12, Address (SizeDir 64 (AddrPlus (FromReg RIP) (AddrImm 385430))) 7
3c252: SUB Reg RSP, Immediate 8 4
3c256: MOV Reg R9, Reg RSI 3
3c259: PUSH Reg RSI 1
3c25a: XOR Reg ECX, Reg ECX 2
3c25c: XOR Reg EAX, Reg EAX 2
3c25e: PUSH Reg R12 2
3c260: PUSH Immediate 18446744073709551615 2
3c262: XOR Reg R8D, Reg R8D 3
3c265: MOV Reg EDX, Immediate 12 5
3c26a: MOV Reg ESI, Immediate 9 5
3c26f: CALL libxl__log (internal)
  |
  `- 
3c274: MOV Reg RBP, Address (SizeDir 64 (AddrPlus (FromReg RIP) (AddrImm 2665829))) 7
3c27b: ADD Reg RSP, Immediate 32 4
3c27f: MOV Reg RCX, Reg RBX 3
3c282: MOV Reg RDX, Reg R12 3
3c285: MOV Reg ESI, Immediate 1 5
3c28a: XOR Reg EAX, Reg EAX 2
3c28c: MOV Reg RDI, Address (SizeDir 64 (FromReg RBP)) 4
3c290: CALL __fprintf_chk (external)
3c295: JMP 3c238 (resolved immediate)
  |
  `- 3c238
3c2a0: MOV Reg R8D, Address (SizeDir 32 (FromReg RDI)) 3
3c2a3: TEST Reg R8D, Reg R8D 3
3c2a6: JS 3c378 (resolved immediate)
  |
  `- 3c2ac,3c378
3c2ac: TEST Reg RSI, Reg RSI 3
3c2af: JE 3c378 (resolved immediate)
  |
  `- 3c2b5,3c378
3c2b5: TEST Reg R8D, Reg R8D 3
3c2b8: JE 3c2f7 (resolved immediate)
  |
  `- 3c2ba,3c2f7
3c2ba: MOV Reg RDX, Address (SizeDir 64 (AddrPlus (FromReg RDI) (AddrImm 8))) 4
3c2be: CMP Address (SizeDir 64 (FromReg RDX)), Immediate 0 4
3c2c2: JE 3c380 (resolved immediate)
  |
  `- 3c2c8,3c380
3c2c8: LEA Reg RAX, Address (SizeDir 64 (AddrPlus (FromReg RDX) (AddrImm 8))) 4
3c2cc: LEA Reg EDX, Address (SizeDir 32 (AddrMinus (FromReg R8) (AddrImm 1))) 4
3c2d0: LEA Reg RCX, Address (SizeDir 64 (AddrPlus (FromReg RAX) (AddrTimes (AddrImm 8) (FromReg RDX)))) 4
3c2d4: JMP 3c2f2 (resolved immediate)
  |
  `- 3c2f2
3c2e0: MOV Reg RDX, Reg RAX 3
3c2e3: ADD Reg RAX, Immediate 8 4
3c2e7: CMP Address (SizeDir 64 (AddrMinus (FromReg RAX) (AddrImm 8))), Immediate 0 5
3c2ec: JE 3c380 (resolved immediate)
  |
  `- 3c2f2,3c380
3c2f2: CMP Reg RAX, Reg RCX 3
3c2f5: JNE 3c2e0 (resolved immediate)
  |
  `- 3c2e0,3c2f7
3c2f7: PUSH Reg R13 2
3c2f9: PUSH Reg R12 2
3c2fb: MOV Reg R12, Reg RSI 3
3c2fe: PUSH Reg RBP 1
3c2ff: LEA Reg EBP, Address (SizeDir 32 (AddrPlus (AddrPlus (FromReg R8) (AddrTimes (AddrImm 1) (FromReg R8))) (AddrImm 25))) 5
3c304: PUSH Reg RBX 1
3c305: MOV Reg RBX, Reg RDI 3
3c308: SUB Reg RSP, Immediate 8 4
3c30c: CMP Reg EBP, Immediate 134217726 6
3c312: JG 3c39c (resolved immediate)
  |
  `- 3c318,3c39c
3c318: MOVSXD Reg R13, Reg EBP 3
3c31b: MOV Reg RDI, Address (SizeDir 64 (AddrPlus (FromReg RDI) (AddrImm 8))) 4
3c31f: LEA Reg RSI, Address (SizeDir 64 (AddrTimes (AddrImm 8) (FromReg R13))) 8
3c327: CALL realloc (external)
3c32c: TEST Reg RAX, Reg RAX 3
3c32f: MOV Address (SizeDir 64 (AddrPlus (FromReg RBX) (AddrImm 8))), Reg RAX 4
3c333: JE 3c384 (resolved immediate)
  |
  `- 3c335,3c384
3c335: MOVSXD Reg RDX, Address (SizeDir 32 (FromReg RBX)) 3
3c338: LEA Reg ECX, Address (SizeDir 32 (AddrPlus (FromReg RDX) (AddrImm 1))) 3
3c33b: MOV Address (SizeDir 32 (FromReg RBX)), Reg ECX 2
3c33d: MOV Address (SizeDir 64 (AddrPlus (FromReg RAX) (AddrTimes (AddrImm 8) (FromReg RDX)))), Reg R12 4
3c341: MOVSXD Reg RAX, Address (SizeDir 32 (FromReg RBX)) 3
3c344: CMP Reg EBP, Reg EAX 2
3c346: JLE 3c368 (resolved immediate)
  |
  `- 3c348,3c368
3c348: NOP  8
3c350: MOV Reg RDX, Address (SizeDir 64 (AddrPlus (FromReg RBX) (AddrImm 8))) 4
3c354: LEA Reg ECX, Address (SizeDir 32 (AddrPlus (FromReg RAX) (AddrImm 1))) 3
3c357: MOV Address (SizeDir 32 (FromReg RBX)), Reg ECX 2
3c359: MOV Address (SizeDir 64 (AddrPlus (FromReg RDX) (AddrTimes (AddrImm 8) (FromReg RAX)))), Immediate 0 8
3c361: MOVSXD Reg RAX, Address (SizeDir 32 (FromReg RBX)) 3
3c364: CMP Reg EAX, Reg EBP 2
3c366: JL 3c350 (resolved immediate)
  |
  `- 3c350,3c368
3c368: ADD Reg RSP, Immediate 8 4
3c36c: POP Reg RBX 1
3c36d: POP Reg RBP 1
3c36e: POP Reg R12 2
3c370: POP Reg R13 2
3c372: RET  1
  |
  `- 
3c378: RET  2
  |
  `- 
3c380: MOV Address (SizeDir 64 (FromReg RDX)), Reg RSI 3
3c383: RET  1
  |
  `- 
3c384: MOV Reg RDI, Address (SizeDir 64 (AddrPlus (FromReg RBX) (AddrImm 16))) 4
3c388: LEA Reg RSI, Address (SizeDir 64 (AddrPlus (FromReg RIP) (AddrImm 385873))) 7
3c38f: MOV Reg ECX, Immediate 8 5
3c394: MOV Reg RDX, Reg R13 3
3c397: CALL libxl__alloc_failed (internal)
  |
  `- 3c1d0
3c39c: LEA Reg RCX, Address (SizeDir 64 (AddrPlus (FromReg RIP) (AddrImm 385869))) 7
3c3a3: LEA Reg RSI, Address (SizeDir 64 (AddrPlus (FromReg RIP) (AddrImm 384822))) 7
3c3aa: LEA Reg RDI, Address (SizeDir 64 (AddrPlus (FromReg RIP) (AddrImm 385135))) 7
3c3b1: MOV Reg EDX, Immediate 62 5
3c3b6: CALL __assert_fail (external)
  |
  `- 
3c410: PUSH Reg R12 2
3c412: PUSH Reg RBP 1
3c413: MOV Reg RBP, Reg RSI 3
3c416: PUSH Reg RBX 1
3c417: MOV Reg R12, Reg RDI 3
3c41a: MOV Reg ESI, Immediate 1 5
3c41f: MOV Reg RDI, Reg RBP 3
3c422: CALL calloc (external)
3c427: TEST Reg RAX, Reg RAX 3
3c42a: JE 3c442 (resolved immediate)
  |
  `- 3c42c,3c442
3c42c: MOV Reg RBX, Reg RAX 3
3c42f: MOV Reg RSI, Reg RAX 3
3c432: MOV Reg RDI, Reg R12 3
3c435: CALL libxl__ptr_add (internal)
3c43a: MOV Reg RAX, Reg RBX 3
3c43d: POP Reg RBX 1
3c43e: POP Reg RBP 1
3c43f: POP Reg R12 2
3c441: RET  1
  |
  `- 
3c442: MOV Reg RDI, Address (SizeDir 64 (AddrPlus (FromReg R12) (AddrImm 16))) 5
3c447: LEA Reg RSI, Address (SizeDir 64 (AddrPlus (FromReg RIP) (AddrImm 385634))) 7
3c44e: MOV Reg ECX, Immediate 1 5
3c453: MOV Reg RDX, Reg RBP 3
3c456: CALL libxl__alloc_failed (internal)
  |
  `- 
3c460: PUSH Reg R14 2
3c462: PUSH Reg R13 2
3c464: MOV Reg R8, Reg RSI 3
3c467: PUSH Reg R12 2
3c469: PUSH Reg RBP 1
3c46a: MOV Reg R13, Reg RDI 3
3c46d: PUSH Reg RBX 1
3c46e: XOR Reg EDI, Reg EDI 2
3c470: MOV Reg RBP, Reg RSI 3
3c473: MOV Reg R14, Reg RDX 3
3c476: XOR Reg ESI, Reg ESI 2
3c478: MOV Reg RCX, Immediate 18446744073709551615 7
3c47f: SUB Reg RSP, Immediate 32 4
3c483: MOV Reg RAX, Address (SizeDir 64 (AddrPlus (FromReg FS) (AddrImm 40))) 9
3c48c: MOV Address (SizeDir 64 (AddrPlus (FromReg RSP) (AddrImm 24))), Reg RAX 5
3c491: XOR Reg EAX, Reg EAX 2
3c493: MOV Reg R12, Reg RSP 3
3c496: MOVDQU Reg XMM0, Address (SizeDir 128 (FromReg RDX)) 4
3c49a: MOV Reg R9, Reg R12 3
3c49d: MOVUPS Address (SizeDir 128 (FromReg RSP)), Reg XMM0 4
3c4a1: MOV Reg RAX, Address (SizeDir 64 (AddrPlus (FromReg RDX) (AddrImm 16))) 4
3c4a5: MOV Reg EDX, Immediate 1 5
3c4aa: MOV Address (SizeDir 64 (AddrPlus (FromReg RSP) (AddrImm 16))), Reg RAX 5
3c4af: CALL __vsnprintf_chk (external)
3c4b4: TEST Reg EAX, Reg EAX 2
3c4b6: JS 3c51b (resolved immediate)
  |
  `- 3c4b8,3c51b
3c4b8: ADD Reg EAX, Immediate 1 3
3c4bb: MOV Reg RDI, Reg R13 3
3c4be: MOVSXD Reg RBX, Reg EAX 3
3c4c1: MOV Reg RSI, Reg RBX 3
3c4c4: CALL libxl__zalloc (internal)
  |
  `- 3c410
3c4c9: MOV Reg R13, Reg RAX 3
3c4cc: MOV Reg RAX, Address (SizeDir 64 (AddrPlus (FromReg R14) (AddrImm 16))) 4
3c4d0: MOV Reg RCX, Immediate 18446744073709551615 7
3c4d7: MOVDQU Reg XMM0, Address (SizeDir 128 (FromReg R14)) 5
3c4dc: MOV Reg R9, Reg R12 3
3c4df: MOV Reg R8, Reg RBP 3
3c4e2: MOV Reg EDX, Immediate 1 5
3c4e7: MOV Reg RSI, Reg RBX 3
3c4ea: MOV Reg RDI, Reg R13 3
3c4ed: MOV Address (SizeDir 64 (AddrPlus (FromReg RSP) (AddrImm 16))), Reg RAX 5
3c4f2: MOVUPS Address (SizeDir 128 (FromReg RSP)), Reg XMM0 4
3c4f6: CALL __vsnprintf_chk (external)
3c4fb: MOV Reg RCX, Address (SizeDir 64 (AddrPlus (FromReg RSP) (AddrImm 24))) 5
3c500: XOR Reg RCX, Address (SizeDir 64 (AddrPlus (FromReg FS) (AddrImm 40))) 9
3c509: MOV Reg RAX, Reg R13 3
3c50c: JNE 3c53a (resolved immediate)
  |
  `- 3c50e,3c53a
3c50e: ADD Reg RSP, Immediate 32 4
3c512: POP Reg RBX 1
3c513: POP Reg RBP 1
3c514: POP Reg R12 2
3c516: POP Reg R13 2
3c518: POP Reg R14 2
3c51a: RET  1
  |
  `- 
3c51b: LEA Reg RCX, Address (SizeDir 64 (AddrPlus (FromReg RIP) (AddrImm 385358))) 7
3c522: LEA Reg RSI, Address (SizeDir 64 (AddrPlus (FromReg RIP) (AddrImm 384439))) 7
3c529: LEA Reg RDI, Address (SizeDir 64 (AddrPlus (FromReg RIP) (AddrImm 384498))) 7
3c530: MOV Reg EDX, Immediate 152 5
3c535: CALL __assert_fail (external)
  |
  `- 
3c53a: CALL __stack_chk_fail (external)
  |
  `- 
3c540: SUB Reg RSP, Immediate 216 7
3c547: TEST Reg AL, Reg AL 2
3c549: MOV Address (SizeDir 64 (AddrPlus (FromReg RSP) (AddrImm 48))), Reg RDX 5
3c54e: MOV Address (SizeDir 64 (AddrPlus (FromReg RSP) (AddrImm 56))), Reg RCX 5
3c553: MOV Address (SizeDir 64 (AddrPlus (FromReg RSP) (AddrImm 64))), Reg R8 5
3c558: MOV Address (SizeDir 64 (AddrPlus (FromReg RSP) (AddrImm 72))), Reg R9 5
3c55d: JE 3c596 (resolved immediate)
  |
  `- 3c596,3c55f
3c55f: MOVAPS Address (SizeDir 128 (AddrPlus (FromReg RSP) (AddrImm 80))), Reg XMM0 5
3c564: MOVAPS Address (SizeDir 128 (AddrPlus (FromReg RSP) (AddrImm 96))), Reg XMM1 5
3c569: MOVAPS Address (SizeDir 128 (AddrPlus (FromReg RSP) (AddrImm 112))), Reg XMM2 5
3c56e: MOVAPS Address (SizeDir 128 (AddrPlus (FromReg RSP) (AddrImm 128))), Reg XMM3 8
3c576: MOVAPS Address (SizeDir 128 (AddrPlus (FromReg RSP) (AddrImm 144))), Reg XMM4 8
3c57e: MOVAPS Address (SizeDir 128 (AddrPlus (FromReg RSP) (AddrImm 160))), Reg XMM5 8
3c586: MOVAPS Address (SizeDir 128 (AddrPlus (FromReg RSP) (AddrImm 176))), Reg XMM6 8
3c58e: MOVAPS Address (SizeDir 128 (AddrPlus (FromReg RSP) (AddrImm 192))), Reg XMM7 8
3c596: MOV Reg RAX, Address (SizeDir 64 (AddrPlus (FromReg FS) (AddrImm 40))) 9
3c59f: MOV Address (SizeDir 64 (AddrPlus (FromReg RSP) (AddrImm 24))), Reg RAX 5
3c5a4: XOR Reg EAX, Reg EAX 2
3c5a6: LEA Reg RAX, Address (SizeDir 64 (AddrPlus (FromReg RSP) (AddrImm 224))) 8
3c5ae: MOV Reg RDX, Reg RSP 3
3c5b1: MOV Address (SizeDir 64 (AddrPlus (FromReg RSP) (AddrImm 8))), Reg RAX 5
3c5b6: LEA Reg RAX, Address (SizeDir 64 (AddrPlus (FromReg RSP) (AddrImm 32))) 5
3c5bb: MOV Address (SizeDir 32 (FromReg RSP)), Immediate 16 7
3c5c2: MOV Address (SizeDir 32 (AddrPlus (FromReg RSP) (AddrImm 4))), Immediate 48 8
3c5ca: MOV Address (SizeDir 64 (AddrPlus (FromReg RSP) (AddrImm 16))), Reg RAX 5
3c5cf: CALL libxl__vsprintf (internal)
  |
  `- 3c5d4,3c460
3c5d4: MOV Reg RCX, Address (SizeDir 64 (AddrPlus (FromReg RSP) (AddrImm 24))) 5
3c5d9: XOR Reg RCX, Address (SizeDir 64 (AddrPlus (FromReg FS) (AddrImm 40))) 9
3c5e2: JNE 3c5ec (resolved immediate)
  |
  `- 3c5e4,3c5ec
3c5e4: ADD Reg RSP, Immediate 216 7
3c5eb: RET  1
  |
  `- 
3c5ec: CALL __stack_chk_fail (external)
  |
  `- 
3c730: TEST Reg RSI, Reg RSI 3
3c733: PUSH Reg R12 2
3c735: PUSH Reg RBP 1
3c736: PUSH Reg RBX 1
3c737: JE 3c768 (resolved immediate)
  |
  `- 3c739,3c768
3c739: MOV Reg R12, Reg RDI 3
3c73c: MOV Reg RDI, Reg RSI 3
3c73f: MOV Reg RBX, Reg RSI 3
3c742: CALL strdup (external)
3c747: TEST Reg RAX, Reg RAX 3
3c74a: MOV Reg RBP, Reg RAX 3
3c74d: JE 3c76c (resolved immediate)
  |
  `- 3c74f,3c76c
3c74f: MOV Reg RSI, Reg RAX 3
3c752: MOV Reg RDI, Reg R12 3
3c755: CALL libxl__ptr_add (internal)
3c75a: MOV Reg RAX, Reg RBP 3
3c75d: POP Reg RBX 1
3c75e: POP Reg RBP 1
3c75f: POP Reg R12 2
3c761: RET  1
  |
  `- 
3c768: XOR Reg EBP, Reg EBP 2
3c76a: JMP 3c75a (resolved immediate)
  |
  `- 3c75a
3c76c: XOR Reg EAX, Reg EAX 2
3c76e: MOV Reg RDI, Reg RBX 3
3c771: OR Reg RCX, Immediate 18446744073709551615 4
3c775: REPNZ SCASB Reg AL, Address (SizeDir 8 (FromReg RDI)) 2
3c777: MOV Reg RDI, Address (SizeDir 64 (AddrPlus (FromReg R12) (AddrImm 16))) 5
3c77c: LEA Reg RSI, Address (SizeDir 64 (AddrPlus (FromReg RIP) (AddrImm 384733))) 7
3c783: MOV Reg RAX, Reg RCX 3
3c786: MOV Reg ECX, Immediate 1 5
3c78b: NOT Reg RAX 3
3c78e: LEA Reg RDX, Address (SizeDir 64 (AddrMinus (FromReg RAX) (AddrImm 1))) 4
3c792: CALL libxl__alloc_failed (internal)
  |
  `- 
60710: PUSH Reg R15 2
60712: PUSH Reg R14 2
60714: MOV Reg R15, Reg RDI 3
60717: PUSH Reg R13 2
60719: PUSH Reg R12 2
6071b: MOV Reg R13, Reg RDX 3
6071e: PUSH Reg RBP 1
6071f: PUSH Reg RBX 1
60720: MOV Reg RBP, Reg RCX 3
60723: MOV Reg R12D, Reg ESI 3
60726: SUB Reg RSP, Immediate 40 4
6072a: MOV Reg EDX, Address (SizeDir 32 (AddrPlus (FromReg RDX) (AddrImm 16))) 3
6072d: MOV Reg RBX, Reg RSP 3
60730: MOV Address (SizeDir 64 (AddrPlus (FromReg RSP) (AddrImm 16))), Reg RDI 5
60735: MOV Address (SizeDir 32 (FromReg RSP)), Immediate 0 7
6073c: MOV Reg RDI, Reg RBX 3
6073f: MOV Address (SizeDir 64 (AddrPlus (FromReg RSP) (AddrImm 8))), Immediate 0 9
60748: MOV Address (SizeDir 32 (AddrPlus (FromReg RCX) (AddrImm 28))), Reg EDX 3
6074b: ADD Reg EDX, Immediate 1 3
6074e: MOV Reg ECX, Immediate 7 5
60753: MOV Reg RAX, Address (SizeDir 64 (AddrPlus (FromReg FS) (AddrImm 40))) 9
6075c: MOV Address (SizeDir 64 (AddrPlus (FromReg RSP) (AddrImm 24))), Reg RAX 5
60761: XOR Reg EAX, Reg EAX 2
60763: CALL libxl__domain_device_frontend_path (internal)
  |
  `- 37c80
60768: MOV Reg R14, Reg RAX 3
6076b: MOV Reg EAX, Address (SizeDir 32 (AddrPlus (FromReg RBP) (AddrImm 28))) 3
6076e: MOV Reg ECX, Immediate 7 5
60773: MOV Reg ESI, Reg R12D 3
60776: MOV Reg RDI, Reg RBX 3
60779: LEA Reg EDX, Address (SizeDir 32 (AddrPlus (FromReg RAX) (AddrImm 1))) 3
6077c: CALL libxl__domain_device_libxl_path (internal)
  |
  `- 37e60
60781: LEA Reg RSI, Address (SizeDir 64 (AddrPlus (FromReg RIP) (AddrImm 232726))) 7
60788: MOV Reg RDX, Reg RAX 3
6078b: MOV Reg RDI, Reg RBX 3
6078e: XOR Reg EAX, Reg EAX 2
60790: CALL libxl__sprintf (internal)
60795: MOV Reg RDI, Address (SizeDir 64 (AddrPlus (FromReg R15) (AddrImm 16))) 4
60799: XOR Reg ECX, Reg ECX 2
6079b: XOR Reg ESI, Reg ESI 2
6079d: MOV Reg RDX, Reg RAX 3
607a0: CALL xs_read (external)
607a5: TEST Reg RAX, Reg RAX 3
607a8: MOV Address (SizeDir 64 (FromReg RBP)), Reg RAX 4
607ac: JE 60928 (resolved immediate)
  |
  `- 607b2,60928
607b2: LEA Reg RDX, Address (SizeDir 64 (AddrPlus (FromReg RBP) (AddrImm 8))) 4
607b6: MOV Reg RSI, Reg RAX 3
607b9: MOV Reg RDI, Reg RBX 3
607bc: CALL libxl__backendpath_parse_domid (internal)
  |
  `- 38530
607c1: TEST Reg EAX, Reg EAX 2
607c3: MOV Reg R15D, Reg EAX 3
607c6: JE 60800 (resolved immediate)
  |
  `- 607c8,60800
607c8: MOV Reg RDI, Reg RBX 3
607cb: CALL libxl__free_all (internal)
607d0: MOV Reg RCX, Address (SizeDir 64 (AddrPlus (FromReg RSP) (AddrImm 24))) 5
607d5: XOR Reg RCX, Address (SizeDir 64 (AddrPlus (FromReg FS) (AddrImm 40))) 9
607de: MOV Reg EAX, Reg R15D 3
607e1: JNE 6093b (resolved immediate)
  |
  `- 607e7,6093b
607e7: ADD Reg RSP, Immediate 40 4
607eb: POP Reg RBX 1
607ec: POP Reg RBP 1
607ed: POP Reg R12 2
607ef: POP Reg R13 2
607f1: POP Reg R14 2
607f3: POP Reg R15 2
607f5: RET  1
  |
  `- 
60800: LEA Reg RSI, Address (SizeDir 64 (AddrPlus (FromReg RIP) (AddrImm 233231))) 7
60807: MOV Reg RDX, Reg R14 3
6080a: MOV Reg RDI, Reg RBX 3
6080d: XOR Reg EAX, Reg EAX 2
6080f: CALL libxl__sprintf (internal)
60814: XOR Reg ESI, Reg ESI 2
60816: MOV Reg RDX, Reg RAX 3
60819: MOV Reg RDI, Reg RBX 3
6081c: CALL libxl__xs_read (internal)
  |
  `- 36c60
60821: TEST Reg RAX, Reg RAX 3
60824: MOV Reg EDX, Immediate 4294967295 5
60829: JE 6083c (resolved immediate)
  |
  `- 6082b,6083c
6082b: MOV Reg EDX, Immediate 10 5
60830: XOR Reg ESI, Reg ESI 2
60832: MOV Reg RDI, Reg RAX 3
60835: CALL strtoul (external)
6083a: MOV Reg EDX, Reg EAX 2
6083c: MOV Reg RAX, Address (SizeDir 64 (AddrPlus (FromReg RSP) (AddrImm 16))) 5
60841: MOV Address (SizeDir 32 (AddrPlus (FromReg RBP) (AddrImm 32))), Reg EDX 3
60844: MOV Reg RSI, Reg R14 3
60847: LEA Reg RDI, Address (SizeDir 64 (AddrPlus (FromReg RAX) (AddrImm 24))) 4
6084b: CALL libxl__strdup (internal)
  |
  `- 3c730
60850: LEA Reg RSI, Address (SizeDir 64 (AddrPlus (FromReg RIP) (AddrImm 261919))) 7
60857: MOV Address (SizeDir 64 (AddrPlus (FromReg RBP) (AddrImm 16))), Reg RAX 4
6085b: MOV Reg RDX, Reg R14 3
6085e: MOV Reg RDI, Reg RBX 3
60861: XOR Reg EAX, Reg EAX 2
60863: MOV Address (SizeDir 32 (AddrPlus (FromReg RBP) (AddrImm 24))), Reg R12D 4
60867: CALL libxl__sprintf (internal)
6086c: XOR Reg ESI, Reg ESI 2
6086e: MOV Reg RDX, Reg RAX 3
60871: MOV Reg RDI, Reg RBX 3
60874: CALL libxl__xs_read (internal)
60879: TEST Reg RAX, Reg RAX 3
6087c: MOV Reg EDX, Immediate 4294967295 5
60881: JE 60894 (resolved immediate)
  |
  `- 60883,60894
60883: MOV Reg EDX, Immediate 10 5
60888: XOR Reg ESI, Reg ESI 2
6088a: MOV Reg RDI, Reg RAX 3
6088d: CALL strtoul (external)
60892: MOV Reg EDX, Reg EAX 2
60894: LEA Reg RSI, Address (SizeDir 64 (AddrPlus (FromReg RIP) (AddrImm 268165))) 7
6089b: MOV Address (SizeDir 32 (AddrPlus (FromReg RBP) (AddrImm 40))), Reg EDX 3
6089e: MOV Reg RDI, Reg RBX 3
608a1: MOV Reg RDX, Reg R14 3
608a4: XOR Reg EAX, Reg EAX 2
608a6: CALL libxl__sprintf (internal)
608ab: XOR Reg ESI, Reg ESI 2
608ad: MOV Reg RDX, Reg RAX 3
608b0: MOV Reg RDI, Reg RBX 3
608b3: CALL libxl__xs_read (internal)
608b8: TEST Reg RAX, Reg RAX 3
608bb: MOV Reg EDX, Immediate 4294967295 5
608c0: JE 608d3 (resolved immediate)
  |
  `- 608c2,608d3
608c2: MOV Reg EDX, Immediate 10 5
608c7: XOR Reg ESI, Reg ESI 2
608c9: MOV Reg RDI, Reg RAX 3
608cc: CALL strtoul (external)
608d1: MOV Reg EDX, Reg EAX 2
608d3: MOV Address (SizeDir 32 (AddrPlus (FromReg RBP) (AddrImm 36))), Reg EDX 3
608d6: MOV Reg EAX, Address (SizeDir 32 (AddrPlus (FromReg R13) (AddrImm 32))) 4
608da: MOV Address (SizeDir 32 (AddrPlus (FromReg RBP) (AddrImm 44))), Reg EAX 3
608dd: CMP Address (SizeDir 32 (AddrPlus (FromReg R13) (AddrImm 32))), Immediate 1 5
608e2: JNE 607c8 (resolved immediate)
  |
  `- 607c8,608e8
608e8: LEA Reg RSI, Address (SizeDir 64 (AddrPlus (FromReg RIP) (AddrImm 267744))) 7
608ef: MOV Reg RDX, Reg R14 3
608f2: MOV Reg RDI, Reg RBX 3
608f5: XOR Reg EAX, Reg EAX 2
608f7: CALL libxl__sprintf (internal)
608fc: XOR Reg ESI, Reg ESI 2
608fe: MOV Reg RDX, Reg RAX 3
60901: MOV Reg RDI, Reg RBX 3
60904: CALL libxl__xs_read (internal)
60909: LEA Reg RDX, Address (SizeDir 64 (AddrPlus (FromReg RIP) (AddrImm 268034))) 7
60910: TEST Reg RAX, Reg RAX 3
60913: CMOVE Reg RAX, Reg RDX 4
60917: MOV Reg RDI, Reg RAX 3
6091a: CALL strdup (external)
6091f: MOV Address (SizeDir 64 (AddrPlus (FromReg RBP) (AddrImm 48))), Reg RAX 4
60923: JMP 607c8 (resolved immediate)
  |
  `- 607c8
60928: MOV Reg RDI, Reg RBX 3
6092b: MOV Reg R15D, Immediate 4294967293 6
60931: CALL libxl__free_all (internal)
  |
  `- 3bdb0
60936: JMP 607d0 (resolved immediate)
  |
  `- 607d0
6093b: CALL __stack_chk_fail (external)
  |
  `- 
929d0: CMP Reg EDI, Immediate 15 3
929d3: JA 92af0 (resolved immediate)
  |
  `- 929d9,92af0
929d9: LEA Reg RDX, Address (SizeDir 64 (AddrPlus (FromReg RIP) (AddrImm 88772))) 7
929e0: MOV Reg EDI, Reg EDI 2
929e2: MOVSXD Reg RAX, Address (SizeDir 32 (AddrPlus (FromReg RDX) (AddrTimes (AddrImm 4) (FromReg RDI)))) 4
929e6: ADD Reg RAX, Reg RDX 3
929e9: JMP Reg RAX 2
  |
  `- 
92af0: XOR Reg EAX, Reg EAX 2
92af2: RET  1
  |
  `- 
