Number of assembly instructions     = 568
Number of indirect branches         = 0
Number of unresolved indirect jumps = 0: 
Number of unresolved indirect calls = 0: 
Number of symbolic states (representative of non-determinism): 568
Number of edges: 591

2d490 (True): 2f7c9
2f770 (False): 0
36d10 (True): 2d4e1
3bdb0 (True): 2f952
3be40 (True): 3c1a9
3c110 (True): 2f9c7, 2f9ff, 3c211, 3c274
3c1d0 (False): 3c39c
3c2a0 (True): 2d680, 36d34

2d490: PUSH Reg R15 2
2d492: PUSH Reg R14 2
2d494: MOV Reg R14, Reg RDX 3
2d497: PUSH Reg R13 2
2d499: PUSH Reg R12 2
2d49b: PUSH Reg RBP 1
2d49c: PUSH Reg RBX 1
2d49d: MOV Reg RBP, Reg RDI 3
2d4a0: SUB Reg RSP, Immediate 104 4
2d4a4: MOV Address (SizeDir 64 (FromReg RSI)), Immediate 0 7
2d4ab: MOV Address (SizeDir 32 (FromReg RDX)), Immediate 0 6
2d4b1: MOV Reg RCX, Address (SizeDir 64 (AddrPlus (FromReg FS) (AddrImm 40))) 9
2d4ba: MOV Address (SizeDir 64 (AddrPlus (FromReg RSP) (AddrImm 88))), Reg RCX 5
2d4bf: XOR Reg ECX, Reg ECX 2
2d4c1: LEA Reg RDX, Address (AddrPlus (FromReg RIP) (AddrImm 430979)) 7
2d4c8: LEA Reg RCX, Address (AddrPlus (FromReg RSP) (AddrImm 68)) 5
2d4cd: MOV Address (SizeDir 64 (AddrPlus (FromReg RSP) (AddrImm 56))), Reg RSI 5
2d4d2: XOR Reg ESI, Reg ESI 2
2d4d4: MOV Address (SizeDir 32 (AddrPlus (FromReg RSP) (AddrImm 68))), Immediate 0 8
2d4dc: CALL libxl__xs_directory (internal)
  |
  `- 36d10
2d4e1: MOV Address (SizeDir 64 (AddrPlus (FromReg RSP) (AddrImm 48))), Reg RAX 5
2d4e6: MOV Reg EAX, Address (SizeDir 32 (AddrPlus (FromReg RSP) (AddrImm 68))) 4
2d4ea: TEST Reg EAX, Reg EAX 2
2d4ec: JZ 2d670 (resolved immediate)
  |
  `- 2d670
2d670: MOV Reg RAX, Address (SizeDir 64 (AddrPlus (FromReg RSP) (AddrImm 56))) 5
2d675: MOV Reg RDI, Reg RBP 3
2d678: MOV Reg RSI, Address (SizeDir 64 (FromReg RAX)) 3
2d67b: CALL libxl__ptr_add (internal)
2d680: XOR Reg EAX, Reg EAX 2
2d682: MOV Reg RCX, Address (SizeDir 64 (AddrPlus (FromReg RSP) (AddrImm 88))) 5
2d687: XOR Reg RCX, Address (SizeDir 64 (AddrPlus (FromReg FS) (AddrImm 40))) 9
2d690: JNZ 2d6af (resolved immediate)
  |
  `- 2d692,2d6af
2d692: ADD Reg RSP, Immediate 104 4
2d696: POP Reg RBX 1
2d697: POP Reg RBP 1
2d698: POP Reg R12 2
2d69a: POP Reg R13 2
2d69c: POP Reg R14 2
2d69e: POP Reg R15 2
2d6a0: RET  1
  |
  `- 
2d6af: CALL __stack_chk_fail (external)
  |
  `- 
2f770: PUSH Reg R15 2
2f772: PUSH Reg R14 2
2f774: MOV Reg R15, Reg RSI 3
2f777: PUSH Reg R13 2
2f779: PUSH Reg R12 2
2f77b: PUSH Reg RBP 1
2f77c: PUSH Reg RBX 1
2f77d: SUB Reg RSP, Immediate 104 4
2f781: MOV Address (SizeDir 32 (FromReg RSI)), Immediate 0 6
2f787: MOV Reg RAX, Address (SizeDir 64 (AddrPlus (FromReg FS) (AddrImm 40))) 9
2f790: MOV Address (SizeDir 64 (AddrPlus (FromReg RSP) (AddrImm 88))), Reg RAX 5
2f795: XOR Reg EAX, Reg EAX 2
2f797: LEA Reg RAX, Address (AddrPlus (FromReg RSP) (AddrImm 64)) 5
2f79c: LEA Reg RDX, Address (AddrPlus (FromReg RSP) (AddrImm 36)) 5
2f7a1: LEA Reg RSI, Address (AddrPlus (FromReg RSP) (AddrImm 56)) 5
2f7a6: MOV Address (SizeDir 64 (AddrPlus (FromReg RSP) (AddrImm 80))), Reg RDI 5
2f7ab: MOV Address (SizeDir 32 (AddrPlus (FromReg RSP) (AddrImm 64))), Immediate 0 8
2f7b3: MOV Reg RDI, Reg RAX 3
2f7b6: MOV Address (SizeDir 64 (AddrPlus (FromReg RSP) (AddrImm 72))), Immediate 0 9
2f7bf: MOV Address (SizeDir 64 (AddrPlus (FromReg RSP) (AddrImm 8))), Reg RAX 5
2f7c4: CALL get_all_assigned_devices (internal)
  |
  `- 2d490
2f7c9: TEST Reg EAX, Reg EAX 2
2f7cb: JNZ 2fa10 (resolved immediate)
  |
  `- 2f7d1,2fa10
2f7d1: LEA Reg RDI, Address (AddrPlus (FromReg RIP) (AddrImm 422074)) 7
2f7d8: CALL opendir (external)
2f7dd: TEST Reg RAX, Reg RAX 3
2f7e0: MOV Reg RBX, Reg RAX 3
2f7e3: MOV Address (SizeDir 64 (FromReg RSP)), Immediate 0 8
2f7eb: JZ 2f980 (resolved immediate)
  |
  `- 2f7f1,2f980
2f7f1: LEA Reg R14, Address (AddrPlus (FromReg RSP) (AddrImm 52)) 5
2f7f6: LEA Reg R13, Address (AddrPlus (FromReg RSP) (AddrImm 48)) 5
2f7fb: LEA Reg R12, Address (AddrPlus (FromReg RSP) (AddrImm 44)) 5
2f800: LEA Reg RBP, Address (AddrPlus (FromReg RSP) (AddrImm 40)) 5
2f805: NOP  3
2f808: MOV Reg RDI, Reg RBX 3
2f80b: CALL readdir (external)
2f810: TEST Reg RAX, Reg RAX 3
2f813: JZ 2f940 (resolved immediate)
  |
  `- 2f819,2f940
2f819: LEA Reg RDI, Address (AddrPlus (FromReg RAX) (AddrImm 19)) 4
2f81d: LEA Reg RSI, Address (AddrPlus (FromReg RIP) (AddrImm 422030)) 7
2f824: XOR Reg EAX, Reg EAX 2
2f826: MOV Reg R9, Reg R14 3
2f829: MOV Reg R8, Reg R13 3
2f82c: MOV Reg RCX, Reg R12 3
2f82f: MOV Reg RDX, Reg RBP 3
2f832: CALL sscanf (external)
2f837: CMP Reg EAX, Immediate 4 3
2f83a: JNZ 2f808 (resolved immediate)
  |
  `- 2f808,2f83c
2f83c: MOV Reg ECX, Address (SizeDir 32 (AddrPlus (FromReg RSP) (AddrImm 36))) 4
2f840: MOV Reg R10D, Address (SizeDir 32 (AddrPlus (FromReg RSP) (AddrImm 52))) 5
2f845: MOV Reg R9D, Address (SizeDir 32 (AddrPlus (FromReg RSP) (AddrImm 48))) 5
2f84a: MOV Reg R8D, Address (SizeDir 32 (AddrPlus (FromReg RSP) (AddrImm 44))) 5
2f84f: MOV Reg EDX, Address (SizeDir 32 (AddrPlus (FromReg RSP) (AddrImm 40))) 4
2f853: MOV Reg RAX, Address (SizeDir 64 (AddrPlus (FromReg RSP) (AddrImm 56))) 5
2f858: TEST Reg ECX, Reg ECX 2
2f85a: JLE 2f8a1 (resolved immediate)
  |
  `- 2f85c,2f8a1
2f85c: SUB Reg ECX, Immediate 1 3
2f85f: LEA Reg RCX, Address (AddrPlus (FromReg RCX) (AddrTimes (AddrImm 2) (FromReg RCX))) 4
2f863: LEA Reg RCX, Address (AddrPlus (AddrPlus (FromReg RAX) (AddrTimes (AddrImm 8) (FromReg RCX))) (AddrImm 24)) 5
2f868: NOP  8
2f870: CMP Reg EDX, Address (SizeDir 32 (AddrPlus (FromReg RAX) (AddrImm 4))) 3
2f873: JNZ 2f898 (resolved immediate)
  |
  `- 2f875,2f898
2f875: MOVZX Reg ESI, Address (SizeDir 8 (AddrPlus (FromReg RAX) (AddrImm 2))) 4
2f879: CMP Reg R8D, Reg ESI 3
2f87c: JNZ 2f898 (resolved immediate)
  |
  `- 2f87e,2f898
2f87e: MOVZX Reg ESI, Address (SizeDir 8 (AddrPlus (FromReg RAX) (AddrImm 1))) 4
2f882: CMP Reg R9D, Reg ESI 3
2f885: JNZ 2f898 (resolved immediate)
  |
  `- 2f887,2f898
2f887: MOVZX Reg ESI, Address (SizeDir 8 (FromReg RAX)) 3
2f88a: CMP Reg R10D, Reg ESI 3
2f88d: JZ 2f808 (resolved immediate)
  |
  `- 2f808,2f893
2f893: NOP  5
2f898: ADD Reg RAX, Immediate 24 4
2f89c: CMP Reg RAX, Reg RCX 3
2f89f: JNZ 2f870 (resolved immediate)
  |
  `- 2f870,2f8a1
2f8a1: MOV Reg EAX, Address (SizeDir 32 (FromReg R15)) 3
2f8a4: MOV Reg RDI, Address (SizeDir 64 (FromReg RSP)) 4
2f8a8: MOV Address (SizeDir 32 (AddrPlus (FromReg RSP) (AddrImm 28))), Reg EDX 4
2f8ac: MOV Address (SizeDir 32 (AddrPlus (FromReg RSP) (AddrImm 24))), Reg R8D 5
2f8b1: MOV Address (SizeDir 32 (AddrPlus (FromReg RSP) (AddrImm 20))), Reg R9D 5
2f8b6: MOV Address (SizeDir 32 (AddrPlus (FromReg RSP) (AddrImm 16))), Reg R10D 5
2f8bb: ADD Reg EAX, Immediate 1 3
2f8be: CDQE  2
2f8c0: LEA Reg RSI, Address (AddrPlus (FromReg RAX) (AddrTimes (AddrImm 2) (FromReg RAX))) 4
2f8c4: SHL Reg RSI, Immediate 3 4
2f8c8: CALL realloc (external)
2f8cd: TEST Reg RAX, Reg RAX 3
2f8d0: MOV Reg R10D, Address (SizeDir 32 (AddrPlus (FromReg RSP) (AddrImm 16))) 5
2f8d5: MOV Reg R9D, Address (SizeDir 32 (AddrPlus (FromReg RSP) (AddrImm 20))) 5
2f8da: MOV Reg R8D, Address (SizeDir 32 (AddrPlus (FromReg RSP) (AddrImm 24))) 5
2f8df: MOV Reg EDX, Address (SizeDir 32 (AddrPlus (FromReg RSP) (AddrImm 28))) 4
2f8e3: JZ 2f808 (resolved immediate)
  |
  `- 2f808,2f8e9
2f8e9: MOVSXD Reg RCX, Address (SizeDir 32 (FromReg R15)) 3
2f8ec: PXOR Reg XMM0, Reg XMM0 4
2f8f0: XOR Reg EDI, Reg EDI 2
2f8f2: MOV Address (SizeDir 64 (FromReg RSP)), Reg RAX 4
2f8f6: MOV Reg RSI, Reg RCX 3
2f8f9: LEA Reg RCX, Address (AddrPlus (FromReg RCX) (AddrTimes (AddrImm 2) (FromReg RCX))) 4
2f8fd: ADD Reg ESI, Immediate 1 3
2f900: LEA Reg RCX, Address (AddrPlus (FromReg RAX) (AddrTimes (AddrImm 8) (FromReg RCX))) 4
2f904: MOV Address (SizeDir 32 (FromReg R15)), Reg ESI 3
2f907: MOVUPS Address (SizeDir 128 (AddrPlus (FromReg RCX) (AddrImm 2))), Reg XMM0 4
2f90b: MOV Address (SizeDir 16 (AddrPlus (FromReg RCX) (AddrImm 22))), Reg DI 4
2f90f: MOV Address (SizeDir 32 (AddrPlus (FromReg RCX) (AddrImm 18))), Immediate 0 7
2f916: MOV Reg RDI, Reg RBX 3
2f919: MOV Address (SizeDir 32 (AddrPlus (FromReg RCX) (AddrImm 4))), Reg EDX 3
2f91c: MOV Address (SizeDir 8 (AddrPlus (FromReg RCX) (AddrImm 2))), Reg R8B 4
2f920: MOV Address (SizeDir 8 (AddrPlus (FromReg RCX) (AddrImm 1))), Reg R9B 4
2f924: MOV Address (SizeDir 8 (FromReg RCX)), Reg R10B 3
2f927: MOV Address (SizeDir 32 (AddrPlus (FromReg RCX) (AddrImm 8))), Immediate 0 7
2f92e: CALL readdir (external)
2f933: TEST Reg RAX, Reg RAX 3
2f936: JNZ 2f819 (resolved immediate)
  |
  `- 2f819,2f93c
2f93c: NOP  4
2f940: MOV Reg RDI, Reg RBX 3
2f943: CALL closedir (external)
2f948: MOV Reg RDI, Address (SizeDir 64 (AddrPlus (FromReg RSP) (AddrImm 8))) 5
2f94d: CALL libxl__free_all (internal)
  |
  `- 2f952,3bdb0
2f952: MOV Reg RBX, Address (SizeDir 64 (AddrPlus (FromReg RSP) (AddrImm 88))) 5
2f957: XOR Reg RBX, Address (SizeDir 64 (AddrPlus (FromReg FS) (AddrImm 40))) 9
2f960: MOV Reg RAX, Address (SizeDir 64 (FromReg RSP)) 4
2f964: JNZ 2fa1d (resolved immediate)
  |
  `- 2f96a,2fa1d
2f96a: ADD Reg RSP, Immediate 104 4
2f96e: POP Reg RBX 1
2f96f: POP Reg RBP 1
2f970: POP Reg R12 2
2f972: POP Reg R13 2
2f974: POP Reg R14 2
2f976: POP Reg R15 2
2f978: RET  1
  |
  `- 
2f980: CALL __errno_location (external)
2f985: MOV Reg EDX, Address (SizeDir 32 (FromReg RAX)) 2
2f987: MOV Reg RDI, Address (SizeDir 64 (AddrPlus (FromReg RSP) (AddrImm 80))) 5
2f98c: CMP Reg EDX, Immediate 2 3
2f98f: JZ 2f9d0 (resolved immediate)
  |
  `- 2f991,2f9d0
2f991: LEA Reg RAX, Address (AddrPlus (FromReg RIP) (AddrImm 421626)) 7
2f998: SUB Reg RSP, Immediate 8 4
2f99c: LEA Reg R9, Address (AddrPlus (FromReg RIP) (AddrImm 426621)) 7
2f9a3: LEA Reg RCX, Address (AddrPlus (FromReg RIP) (AddrImm 421551)) 7
2f9aa: MOV Reg R8D, Immediate 417 6
2f9b0: MOV Reg ESI, Immediate 8 5
2f9b5: PUSH Reg RAX 1
2f9b6: LEA Reg RAX, Address (AddrPlus (FromReg RIP) (AddrImm 421572)) 7
2f9bd: PUSH Reg RAX 1
2f9be: PUSH Immediate 18446744073709551615 2
2f9c0: XOR Reg EAX, Reg EAX 2
2f9c2: CALL libxl__log (internal)
  |
  `- 
2f9c7: ADD Reg RSP, Immediate 32 4
2f9cb: JMP 2f948 (resolved immediate)
  |
  `- 2f948
2f9d0: LEA Reg RAX, Address (AddrPlus (FromReg RIP) (AddrImm 424305)) 7
2f9d7: LEA Reg R9, Address (AddrPlus (FromReg RIP) (AddrImm 426562)) 7
2f9de: LEA Reg RCX, Address (AddrPlus (FromReg RIP) (AddrImm 421492)) 7
2f9e5: MOV Reg R8D, Immediate 415 6
2f9eb: MOV Reg EDX, Immediate 4294967295 5
2f9f0: MOV Reg ESI, Immediate 8 5
2f9f5: PUSH Reg RAX 1
2f9f6: PUSH Immediate 18446744073709551615 2
2f9f8: XOR Reg EAX, Reg EAX 2
2f9fa: CALL libxl__log (internal)
  |
  `- 
2f9ff: POP Reg R8 2
2fa01: POP Reg R9 2
2fa03: JMP 2f948 (resolved immediate)
  |
  `- 2f948
2fa10: MOV Address (SizeDir 64 (FromReg RSP)), Immediate 0 8
2fa18: JMP 2f948 (resolved immediate)
  |
  `- 2f948
2fa1d: CALL __stack_chk_fail (external)
  |
  `- 
36d10: PUSH Reg RBP 1
36d11: PUSH Reg RBX 1
36d12: MOV Reg RBP, Reg RDI 3
36d15: SUB Reg RSP, Immediate 8 4
36d19: MOV Reg RAX, Address (SizeDir 64 (AddrPlus (FromReg RDI) (AddrImm 16))) 4
36d1d: MOV Reg RDI, Address (SizeDir 64 (AddrPlus (FromReg RAX) (AddrImm 16))) 4
36d21: CALL xs_directory (external)
36d26: MOV Reg RDI, Reg RBP 3
36d29: MOV Reg RSI, Reg RAX 3
36d2c: MOV Reg RBX, Reg RAX 3
36d2f: CALL libxl__ptr_add (internal)
  |
  `- 3c2a0
36d34: ADD Reg RSP, Immediate 8 4
36d38: MOV Reg RAX, Reg RBX 3
36d3b: POP Reg RBX 1
36d3c: POP Reg RBP 1
36d3d: RET  1
  |
  `- 
3bdb0: PUSH Reg R12 2
3bdb2: PUSH Reg RBP 1
3bdb3: PUSH Reg RBX 1
3bdb4: MOV Reg EAX, Address (SizeDir 32 (FromReg RDI)) 2
3bdb6: TEST Reg EAX, Reg EAX 2
3bdb8: JS 3be14 (resolved immediate)
  |
  `- 3bdba,3be14
3bdba: MOV Reg R12, Reg RDI 3
3bdbd: MOV Reg EBP, Immediate 0 5
3bdc2: MOV Reg EBX, Immediate 0 5
3bdc7: JZ 3bdf4 (resolved immediate)
  |
  `- 3bdc9,3bdf4
3bdc9: NOP  7
3bdd0: MOV Reg RAX, Address (SizeDir 64 (AddrPlus (FromReg R12) (AddrImm 8))) 5
3bdd5: ADD Reg EBX, Immediate 1 3
3bdd8: ADD Reg RAX, Reg RBP 3
3bddb: ADD Reg RBP, Immediate 8 4
3bddf: MOV Reg RDI, Address (SizeDir 64 (FromReg RAX)) 3
3bde2: MOV Address (SizeDir 64 (FromReg RAX)), Immediate 0 7
3bde9: CALL free (external)
3bdee: CMP Address (SizeDir 32 (FromReg R12)), Reg EBX 4
3bdf2: JG 3bdd0 (resolved immediate)
  |
  `- 3bdd0,3bdf4
3bdf4: MOV Reg RDI, Address (SizeDir 64 (AddrPlus (FromReg R12) (AddrImm 8))) 5
3bdf9: CALL free (external)
3bdfe: MOV Address (SizeDir 64 (AddrPlus (FromReg R12) (AddrImm 8))), Immediate 0 9
3be07: MOV Address (SizeDir 32 (FromReg R12)), Immediate 0 8
3be0f: POP Reg RBX 1
3be10: POP Reg RBP 1
3be11: POP Reg R12 2
3be13: RET  1
  |
  `- 
3be14: LEA Reg RCX, Address (AddrPlus (FromReg RIP) (AddrImm 387253)) 7
3be1b: LEA Reg RSI, Address (AddrPlus (FromReg RIP) (AddrImm 386238)) 7
3be22: LEA Reg RDI, Address (AddrPlus (FromReg RIP) (AddrImm 386248)) 7
3be29: MOV Reg EDX, Immediate 80 5
3be2e: CALL __assert_fail (external)
  |
  `- 
3be40: PUSH Reg R15 2
3be42: PUSH Reg R14 2
3be44: MOV Reg R15, Reg RDI 3
3be47: PUSH Reg R13 2
3be49: PUSH Reg R12 2
3be4b: MOV Reg R12, Reg RCX 3
3be4e: PUSH Reg RBP 1
3be4f: PUSH Reg RBX 1
3be50: MOV Reg EBP, Reg R8D 3
3be53: MOV Reg RBX, Reg R9 3
3be56: SUB Reg RSP, Immediate 584 7
3be5d: MOV Address (SizeDir 32 (AddrPlus (FromReg RSP) (AddrImm 4))), Reg ESI 4
3be61: MOV Address (SizeDir 32 (AddrPlus (FromReg RSP) (AddrImm 8))), Reg EDX 4
3be65: MOV Reg RAX, Address (SizeDir 64 (AddrPlus (FromReg FS) (AddrImm 40))) 9
3be6e: MOV Address (SizeDir 64 (AddrPlus (FromReg RSP) (AddrImm 568))), Reg RAX 8
3be76: XOR Reg EAX, Reg EAX 2
3be78: MOV Address (SizeDir 64 (AddrPlus (FromReg RSP) (AddrImm 40))), Immediate 0 9
3be81: CALL __errno_location (external)
3be86: MOV Reg RCX, Address (SizeDir 64 (AddrPlus (FromReg RSP) (AddrImm 656))) 8
3be8e: MOV Reg RDX, Address (SizeDir 64 (AddrPlus (FromReg RSP) (AddrImm 648))) 8
3be96: LEA Reg RDI, Address (AddrPlus (FromReg RSP) (AddrImm 40)) 5
3be9b: MOV Reg ESI, Immediate 1 5
3bea0: MOV Reg R13, Reg RAX 3
3bea3: MOV Reg R14D, Address (SizeDir 32 (FromReg RAX)) 3
3bea6: CALL __vasprintf_chk (external)
3beab: TEST Reg RBX, Reg RBX 3
3beae: SETNZ Address (SizeDir 8 (AddrPlus (FromReg RSP) (AddrImm 15))) 5
3beb3: TEST Reg EAX, Reg EAX 2
3beb5: JS 3c0a0 (resolved immediate)
  |
  `- 3bebb,3c0a0
3bebb: TEST Reg R12, Reg R12 3
3bebe: MOV Address (SizeDir 8 (AddrPlus (FromReg RSP) (AddrImm 48))), Immediate 0 5
3bec3: JZ 3bf50 (resolved immediate)
  |
  `- 3bec9,3bf50
3bec9: LEA Reg R10, Address (AddrPlus (FromReg RSP) (AddrImm 48)) 5
3bece: SUB Reg RSP, Immediate 8 4
3bed2: LEA Reg R8, Address (AddrPlus (FromReg RIP) (AddrImm 362554)) 7
3bed9: PUSH Reg RBP 1
3beda: MOV Reg EDX, Immediate 1 5
3bedf: XOR Reg EAX, Reg EAX 2
3bee1: MOV Reg RDI, Reg R10 3
3bee4: MOV Reg R9, Reg R12 3
3bee7: MOV Reg ECX, Immediate 256 5
3beec: MOV Reg ESI, Immediate 256 5
3bef1: MOV Address (SizeDir 64 (AddrPlus (FromReg RSP) (AddrImm 32))), Reg R10 5
3bef6: CALL __snprintf_chk (external)
3befb: MOV Address (SizeDir 8 (AddrPlus (FromReg RSP) (AddrImm 319))), Immediate 0 8
3bf03: MOV Address (SizeDir 8 (AddrPlus (FromReg RSP) (AddrImm 320))), Immediate 0 8
3bf0b: POP Reg RAX 1
3bf0c: POP Reg RDX 1
3bf0d: CMP Address (SizeDir 32 (AddrPlus (FromReg RSP) (AddrImm 640))), Immediate 4294967295 8
3bf15: MOV Reg R10, Address (SizeDir 64 (AddrPlus (FromReg RSP) (AddrImm 16))) 5
3bf1a: JNZ 3bfc0 (resolved immediate)
  |
  `- 3bf20,3bfc0
3bf20: TEST Reg RBX, Reg RBX 3
3bf23: MOV Reg RCX, Address (SizeDir 64 (AddrPlus (FromReg RSP) (AddrImm 40))) 5
3bf28: JZ 3c0c6 (resolved immediate)
  |
  `- 3bf2e,3c0c6
3bf2e: LEA Reg RDX, Address (AddrPlus (FromReg RIP) (AddrImm 386002)) 7
3bf35: LEA Reg RAX, Address (AddrPlus (FromReg RIP) (AddrImm 408678)) 7
3bf3c: LEA Reg RBP, Address (AddrPlus (FromReg RIP) (AddrImm 386109)) 7
3bf43: LEA Reg R11, Address (AddrPlus (FromReg RSP) (AddrImm 304)) 8
3bf4b: JMP 3c031 (resolved immediate)
  |
  `- 3c031
3bf50: CMP Address (SizeDir 32 (AddrPlus (FromReg RSP) (AddrImm 640))), Immediate 4294967295 8
3bf58: MOV Address (SizeDir 8 (AddrPlus (FromReg RSP) (AddrImm 303))), Immediate 0 8
3bf60: LEA Reg R10, Address (AddrPlus (FromReg RSP) (AddrImm 48)) 5
3bf65: MOV Address (SizeDir 8 (AddrPlus (FromReg RSP) (AddrImm 304))), Immediate 0 8
3bf6d: JNZ 3bfc0 (resolved immediate)
  |
  `- 3bf6f,3bfc0
3bf6f: TEST Reg R12, Reg R12 3
3bf72: MOV Reg RCX, Address (SizeDir 64 (AddrPlus (FromReg RSP) (AddrImm 40))) 5
3bf77: LEA Reg RBP, Address (AddrPlus (FromReg RIP) (AddrImm 386050)) 7
3bf7e: LEA Reg R10, Address (AddrPlus (FromReg RSP) (AddrImm 48)) 5
3bf83: LEA Reg R11, Address (AddrPlus (FromReg RSP) (AddrImm 304)) 8
3bf8b: JZ 3c019 (resolved immediate)
  |
  `- 3c019
3bf98: TEST Reg RBX, Reg RBX 3
3bf9b: JZ 3c0eb (resolved immediate)
  |
  `- 3bfa1,3c0eb
3bfa1: LEA Reg RAX, Address (AddrPlus (FromReg RIP) (AddrImm 396536)) 7
3bfa8: LEA Reg RSI, Address (AddrPlus (FromReg RIP) (AddrImm 408563)) 7
3bfaf: TEST Reg R12, Reg R12 3
3bfb2: LEA Reg RDX, Address (AddrPlus (FromReg RIP) (AddrImm 385870)) 7
3bfb9: CMOVNZ Reg RAX, Reg RSI 4
3bfbd: JMP 3c031 (resolved immediate)
  |
  `- 3c031
3bfc0: LEA Reg R11, Address (AddrPlus (FromReg RSP) (AddrImm 304)) 8
3bfc8: MOV Reg R9D, Address (SizeDir 32 (AddrPlus (FromReg RSP) (AddrImm 640))) 8
3bfd0: LEA Reg R8, Address (AddrPlus (FromReg RIP) (AddrImm 385843)) 7
3bfd7: MOV Reg ECX, Immediate 256 5
3bfdc: MOV Reg EDX, Immediate 1 5
3bfe1: MOV Reg ESI, Immediate 256 5
3bfe6: MOV Reg RDI, Reg R11 3
3bfe9: XOR Reg EAX, Reg EAX 2
3bfeb: MOV Address (SizeDir 64 (AddrPlus (FromReg RSP) (AddrImm 24))), Reg R10 5
3bff0: MOV Address (SizeDir 64 (AddrPlus (FromReg RSP) (AddrImm 16))), Reg R11 5
3bff5: LEA Reg RBP, Address (AddrPlus (FromReg RIP) (AddrImm 385924)) 7
3bffc: CALL __snprintf_chk (external)
3c001: MOV Reg RCX, Address (SizeDir 64 (AddrPlus (FromReg RSP) (AddrImm 40))) 5
3c006: MOV Reg R11, Address (SizeDir 64 (AddrPlus (FromReg RSP) (AddrImm 16))) 5
3c00b: MOV Reg R10, Address (SizeDir 64 (AddrPlus (FromReg RSP) (AddrImm 24))) 5
3c010: TEST Reg R12, Reg R12 3
3c013: JNZ 3bf98 (resolved immediate)
  |
  `- 3bf98,3c019
3c019: CMP Address (SizeDir 8 (AddrPlus (FromReg RSP) (AddrImm 15))), Immediate 0 5
3c01e: JNZ 3bf98 (resolved immediate)
  |
  `- 3bf98,3c024
3c024: LEA Reg RBX, Address (AddrPlus (FromReg RIP) (AddrImm 396405)) 7
3c02b: MOV Reg RDX, Reg RBX 3
3c02e: MOV Reg RAX, Reg RBX 3
3c031: SUB Reg RSP, Immediate 8 4
3c035: MOV Reg RDI, Address (SizeDir 64 (FromReg R15)) 3
3c038: LEA Reg R8, Address (AddrPlus (FromReg RIP) (AddrImm 385750)) 7
3c03f: PUSH Reg RCX 1
3c040: PUSH Reg R11 2
3c042: LEA Reg RCX, Address (AddrPlus (FromReg RIP) (AddrImm 358278)) 7
3c049: PUSH Reg RDX 1
3c04a: PUSH Reg RBX 1
3c04b: MOV Reg R9, Reg R10 3
3c04e: PUSH Reg RAX 1
3c04f: MOV Reg EDX, Address (SizeDir 32 (AddrPlus (FromReg RSP) (AddrImm 56))) 4
3c053: XOR Reg EAX, Reg EAX 2
3c055: MOV Reg ESI, Address (SizeDir 32 (AddrPlus (FromReg RSP) (AddrImm 52))) 4
3c059: CALL xtl_log (external)
3c05e: MOV Reg RDI, Address (SizeDir 64 (AddrPlus (FromReg RSP) (AddrImm 88))) 5
3c063: ADD Reg RSP, Immediate 48 4
3c067: CMP Reg RDI, Reg RBP 3
3c06a: JZ 3c071 (resolved immediate)
  |
  `- 3c06c,3c071
3c06c: CALL free (external)
3c071: MOV Reg RAX, Address (SizeDir 64 (AddrPlus (FromReg RSP) (AddrImm 568))) 8
3c079: XOR Reg RAX, Address (SizeDir 64 (AddrPlus (FromReg FS) (AddrImm 40))) 9
3c082: MOV Address (SizeDir 32 (AddrPlus (FromReg R13) (AddrImm 0))), Reg R14D 4
3c086: JNZ 3c0c1 (resolved immediate)
  |
  `- 3c088,3c0c1
3c088: ADD Reg RSP, Immediate 584 7
3c08f: POP Reg RBX 1
3c090: POP Reg RBP 1
3c091: POP Reg R12 2
3c093: POP Reg R13 2
3c095: POP Reg R14 2
3c097: POP Reg R15 2
3c099: RET  1
  |
  `- 
3c0a0: LEA Reg RBP, Address (AddrPlus (FromReg RIP) (AddrImm 385753)) 7
3c0a7: LEA Reg R10, Address (AddrPlus (FromReg RSP) (AddrImm 48)) 5
3c0ac: LEA Reg R11, Address (AddrPlus (FromReg RSP) (AddrImm 304)) 8
3c0b4: MOV Address (SizeDir 64 (AddrPlus (FromReg RSP) (AddrImm 40))), Reg RBP 5
3c0b9: MOV Reg RCX, Reg RBP 3
3c0bc: JMP 3c010 (resolved immediate)
  |
  `- 3c010
3c0c1: CALL __stack_chk_fail (external)
  |
  `- 
3c0c6: LEA Reg RBX, Address (AddrPlus (FromReg RIP) (AddrImm 396243)) 7
3c0cd: LEA Reg RDX, Address (AddrPlus (FromReg RIP) (AddrImm 385587)) 7
3c0d4: LEA Reg RBP, Address (AddrPlus (FromReg RIP) (AddrImm 385701)) 7
3c0db: LEA Reg R11, Address (AddrPlus (FromReg RSP) (AddrImm 304)) 8
3c0e3: MOV Reg RAX, Reg RBX 3
3c0e6: JMP 3c031 (resolved immediate)
  |
  `- 3c031
3c0eb: LEA Reg RBX, Address (AddrPlus (FromReg RIP) (AddrImm 396206)) 7
3c0f2: LEA Reg RDX, Address (AddrPlus (FromReg RIP) (AddrImm 385550)) 7
3c0f9: MOV Reg RAX, Reg RBX 3
3c0fc: JMP 3c031 (resolved immediate)
  |
  `- 3c031
3c110: SUB Reg RSP, Immediate 216 7
3c117: TEST Reg AL, Reg AL 2
3c119: MOV Reg R10, Address (SizeDir 64 (AddrPlus (FromReg RSP) (AddrImm 232))) 8
3c121: JZ 3c15a (resolved immediate)
  |
  `- 3c123,3c15a
3c123: MOVAPS Address (SizeDir 128 (AddrPlus (FromReg RSP) (AddrImm 80))), Reg XMM0 5
3c128: MOVAPS Address (SizeDir 128 (AddrPlus (FromReg RSP) (AddrImm 96))), Reg XMM1 5
3c12d: MOVAPS Address (SizeDir 128 (AddrPlus (FromReg RSP) (AddrImm 112))), Reg XMM2 5
3c132: MOVAPS Address (SizeDir 128 (AddrPlus (FromReg RSP) (AddrImm 128))), Reg XMM3 8
3c13a: MOVAPS Address (SizeDir 128 (AddrPlus (FromReg RSP) (AddrImm 144))), Reg XMM4 8
3c142: MOVAPS Address (SizeDir 128 (AddrPlus (FromReg RSP) (AddrImm 160))), Reg XMM5 8
3c14a: MOVAPS Address (SizeDir 128 (AddrPlus (FromReg RSP) (AddrImm 176))), Reg XMM6 8
3c152: MOVAPS Address (SizeDir 128 (AddrPlus (FromReg RSP) (AddrImm 192))), Reg XMM7 8
3c15a: MOV Reg RAX, Address (SizeDir 64 (AddrPlus (FromReg FS) (AddrImm 40))) 9
3c163: MOV Address (SizeDir 64 (AddrPlus (FromReg RSP) (AddrImm 24))), Reg RAX 5
3c168: XOR Reg EAX, Reg EAX 2
3c16a: LEA Reg RAX, Address (AddrPlus (FromReg RSP) (AddrImm 240)) 8
3c172: MOV Address (SizeDir 64 (AddrPlus (FromReg RSP) (AddrImm 8))), Reg RAX 5
3c177: LEA Reg RAX, Address (AddrPlus (FromReg RSP) (AddrImm 32)) 5
3c17c: MOV Address (SizeDir 32 (FromReg RSP)), Immediate 48 7
3c183: MOV Address (SizeDir 32 (AddrPlus (FromReg RSP) (AddrImm 4))), Immediate 48 8
3c18b: SUB Reg RSP, Immediate 8 4
3c18f: MOV Address (SizeDir 64 (AddrPlus (FromReg RSP) (AddrImm 24))), Reg RAX 5
3c194: LEA Reg RAX, Address (AddrPlus (FromReg RSP) (AddrImm 8)) 5
3c199: PUSH Reg RAX 1
3c19a: PUSH Reg R10 2
3c19c: MOV Reg EAX, Address (SizeDir 32 (AddrPlus (FromReg RSP) (AddrImm 248))) 7
3c1a3: PUSH Reg RAX 1
3c1a4: CALL libxl__logv (internal)
  |
  `- 3be40
3c1a9: ADD Reg RSP, Immediate 32 4
3c1ad: MOV Reg RAX, Address (SizeDir 64 (AddrPlus (FromReg RSP) (AddrImm 24))) 5
3c1b2: XOR Reg RAX, Address (SizeDir 64 (AddrPlus (FromReg FS) (AddrImm 40))) 9
3c1bb: JNZ 3c1c5 (resolved immediate)
  |
  `- 3c1bd,3c1c5
3c1bd: ADD Reg RSP, Immediate 216 7
3c1c4: RET  1
  |
  `- 
3c1c5: CALL __stack_chk_fail (external)
  |
  `- 
3c1d0: TEST Reg RCX, Reg RCX 3
3c1d3: PUSH Reg R14 2
3c1d5: PUSH Reg R13 2
3c1d7: PUSH Reg R12 2
3c1d9: PUSH Reg RBP 1
3c1da: PUSH Reg RBX 1
3c1db: MOV Reg RBX, Reg RSI 3
3c1de: JZ 3c24b (resolved immediate)
  |
  `- 3c1e0,3c24b
3c1e0: LEA Reg R14, Address (AddrPlus (FromReg RIP) (AddrImm 385473)) 7
3c1e7: SUB Reg RSP, Immediate 8 4
3c1eb: MOV Reg R9, Reg RSI 3
3c1ee: PUSH Reg RCX 1
3c1ef: PUSH Reg RDX 1
3c1f0: MOV Reg R13, Reg RDX 3
3c1f3: PUSH Reg RSI 1
3c1f4: PUSH Reg R14 2
3c1f6: MOV Reg R12, Reg RCX 3
3c1f9: PUSH Immediate 18446744073709551615 2
3c1fb: XOR Reg R8D, Reg R8D 3
3c1fe: XOR Reg ECX, Reg ECX 2
3c200: MOV Reg EDX, Immediate 12 5
3c205: MOV Reg ESI, Immediate 9 5
3c20a: XOR Reg EAX, Reg EAX 2
3c20c: CALL libxl__log (internal)
  |
  `- 
3c211: MOV Reg RBP, Address (SizeDir 64 (AddrPlus (FromReg RIP) (AddrImm 2665928))) 7
3c218: ADD Reg RSP, Immediate 48 4
3c21c: MOV Reg R9, Reg R12 3
3c21f: MOV Reg R8, Reg R13 3
3c222: MOV Reg RCX, Reg RBX 3
3c225: MOV Reg RDX, Reg R14 3
3c228: MOV Reg ESI, Immediate 1 5
3c22d: XOR Reg EAX, Reg EAX 2
3c22f: MOV Reg RDI, Address (SizeDir 64 (AddrPlus (FromReg RBP) (AddrImm 0))) 4
3c233: CALL __fprintf_chk (external)
3c238: MOV Reg RDI, Address (SizeDir 64 (AddrPlus (FromReg RBP) (AddrImm 0))) 4
3c23c: CALL fflush (external)
3c241: MOV Reg EDI, Immediate 4294967295 5
3c246: CALL _exit (external)
  |
  `- 
3c24b: LEA Reg R12, Address (AddrPlus (FromReg RIP) (AddrImm 385430)) 7
3c252: SUB Reg RSP, Immediate 8 4
3c256: MOV Reg R9, Reg RSI 3
3c259: PUSH Reg RSI 1
3c25a: XOR Reg ECX, Reg ECX 2
3c25c: XOR Reg EAX, Reg EAX 2
3c25e: PUSH Reg R12 2
3c260: PUSH Immediate 18446744073709551615 2
3c262: XOR Reg R8D, Reg R8D 3
3c265: MOV Reg EDX, Immediate 12 5
3c26a: MOV Reg ESI, Immediate 9 5
3c26f: CALL libxl__log (internal)
  |
  `- 3c110
3c274: MOV Reg RBP, Address (SizeDir 64 (AddrPlus (FromReg RIP) (AddrImm 2665829))) 7
3c27b: ADD Reg RSP, Immediate 32 4
3c27f: MOV Reg RCX, Reg RBX 3
3c282: MOV Reg RDX, Reg R12 3
3c285: MOV Reg ESI, Immediate 1 5
3c28a: XOR Reg EAX, Reg EAX 2
3c28c: MOV Reg RDI, Address (SizeDir 64 (AddrPlus (FromReg RBP) (AddrImm 0))) 4
3c290: CALL __fprintf_chk (external)
3c295: JMP 3c238 (resolved immediate)
  |
  `- 3c238
3c2a0: MOV Reg R8D, Address (SizeDir 32 (FromReg RDI)) 3
3c2a3: TEST Reg R8D, Reg R8D 3
3c2a6: JS 3c378 (resolved immediate)
  |
  `- 3c2ac,3c378
3c2ac: TEST Reg RSI, Reg RSI 3
3c2af: JZ 3c378 (resolved immediate)
  |
  `- 3c2b5,3c378
3c2b5: TEST Reg R8D, Reg R8D 3
3c2b8: JZ 3c2f7 (resolved immediate)
  |
  `- 3c2ba,3c2f7
3c2ba: MOV Reg RDX, Address (SizeDir 64 (AddrPlus (FromReg RDI) (AddrImm 8))) 4
3c2be: CMP Address (SizeDir 64 (FromReg RDX)), Immediate 0 4
3c2c2: JZ 3c380 (resolved immediate)
  |
  `- 3c2c8,3c380
3c2c8: LEA Reg RAX, Address (AddrPlus (FromReg RDX) (AddrImm 8)) 4
3c2cc: LEA Reg EDX, Address (AddrMinus (FromReg R8) (AddrImm 1)) 4
3c2d0: LEA Reg RCX, Address (AddrPlus (FromReg RAX) (AddrTimes (AddrImm 8) (FromReg RDX))) 4
3c2d4: JMP 3c2f2 (resolved immediate)
  |
  `- 3c2f2
3c2e0: MOV Reg RDX, Reg RAX 3
3c2e3: ADD Reg RAX, Immediate 8 4
3c2e7: CMP Address (SizeDir 64 (AddrMinus (FromReg RAX) (AddrImm 8))), Immediate 0 5
3c2ec: JZ 3c380 (resolved immediate)
  |
  `- 3c2f2,3c380
3c2f2: CMP Reg RAX, Reg RCX 3
3c2f5: JNZ 3c2e0 (resolved immediate)
  |
  `- 3c2e0,3c2f7
3c2f7: PUSH Reg R13 2
3c2f9: PUSH Reg R12 2
3c2fb: MOV Reg R12, Reg RSI 3
3c2fe: PUSH Reg RBP 1
3c2ff: LEA Reg EBP, Address (AddrPlus (AddrPlus (FromReg R8) (FromReg R8)) (AddrImm 25)) 5
3c304: PUSH Reg RBX 1
3c305: MOV Reg RBX, Reg RDI 3
3c308: SUB Reg RSP, Immediate 8 4
3c30c: CMP Reg EBP, Immediate 134217726 6
3c312: JG 3c39c (resolved immediate)
  |
  `- 3c318,3c39c
3c318: MOVSXD Reg R13, Reg EBP 3
3c31b: MOV Reg RDI, Address (SizeDir 64 (AddrPlus (FromReg RDI) (AddrImm 8))) 4
3c31f: LEA Reg RSI, Address (AddrPlus (AddrTimes (AddrImm 8) (FromReg R13)) (AddrImm 0)) 8
3c327: CALL realloc (external)
3c32c: TEST Reg RAX, Reg RAX 3
3c32f: MOV Address (SizeDir 64 (AddrPlus (FromReg RBX) (AddrImm 8))), Reg RAX 4
3c333: JZ 3c384 (resolved immediate)
  |
  `- 3c335,3c384
3c335: MOVSXD Reg RDX, Address (SizeDir 32 (FromReg RBX)) 3
3c338: LEA Reg ECX, Address (AddrPlus (FromReg RDX) (AddrImm 1)) 3
3c33b: MOV Address (SizeDir 32 (FromReg RBX)), Reg ECX 2
3c33d: MOV Address (SizeDir 64 (AddrPlus (FromReg RAX) (AddrTimes (AddrImm 8) (FromReg RDX)))), Reg R12 4
3c341: MOVSXD Reg RAX, Address (SizeDir 32 (FromReg RBX)) 3
3c344: CMP Reg EBP, Reg EAX 2
3c346: JLE 3c368 (resolved immediate)
  |
  `- 3c348,3c368
3c348: NOP  8
3c350: MOV Reg RDX, Address (SizeDir 64 (AddrPlus (FromReg RBX) (AddrImm 8))) 4
3c354: LEA Reg ECX, Address (AddrPlus (FromReg RAX) (AddrImm 1)) 3
3c357: MOV Address (SizeDir 32 (FromReg RBX)), Reg ECX 2
3c359: MOV Address (SizeDir 64 (AddrPlus (FromReg RDX) (AddrTimes (AddrImm 8) (FromReg RAX)))), Immediate 0 8
3c361: MOVSXD Reg RAX, Address (SizeDir 32 (FromReg RBX)) 3
3c364: CMP Reg EAX, Reg EBP 2
3c366: JL 3c350 (resolved immediate)
  |
  `- 3c350,3c368
3c368: ADD Reg RSP, Immediate 8 4
3c36c: POP Reg RBX 1
3c36d: POP Reg RBP 1
3c36e: POP Reg R12 2
3c370: POP Reg R13 2
3c372: RET  1
  |
  `- 
3c378: REPZ RET  2
  |
  `- 
3c380: MOV Address (SizeDir 64 (FromReg RDX)), Reg RSI 3
3c383: RET  1
  |
  `- 
3c384: MOV Reg RDI, Address (SizeDir 64 (AddrPlus (FromReg RBX) (AddrImm 16))) 4
3c388: LEA Reg RSI, Address (AddrPlus (FromReg RIP) (AddrImm 385873)) 7
3c38f: MOV Reg ECX, Immediate 8 5
3c394: MOV Reg RDX, Reg R13 3
3c397: CALL libxl__alloc_failed (internal)
  |
  `- 3c1d0
3c39c: LEA Reg RCX, Address (AddrPlus (FromReg RIP) (AddrImm 385869)) 7
3c3a3: LEA Reg RSI, Address (AddrPlus (FromReg RIP) (AddrImm 384822)) 7
3c3aa: LEA Reg RDI, Address (AddrPlus (FromReg RIP) (AddrImm 385135)) 7
3c3b1: MOV Reg EDX, Immediate 62 5
3c3b6: CALL __assert_fail (external)
  |
  `- 
