Number of assembly instructions     = 45
Number of indirect branches         = 0
Number of unresolved indirect jumps = 0: 
Number of unresolved indirect calls = 0: 
Number of symbolic states (representative of non-determinism): 45
Number of edges: 46

61ab0 (False): 0

61ab0: PUSH Reg R14 2
61ab2: PUSH Reg R13 2
61ab4: PUSH Reg R12 2
61ab6: PUSH Reg RBP 1
61ab7: MOV Reg RBP, Reg RDX 3
61aba: PUSH Reg RBX 1
61abb: MOV Reg EAX, Address (SizeDir 32 (FromReg RDX)) 2
61abd: SHL Reg EAX, Immediate 3 3
61ac0: TEST Reg EAX, Reg EAX 2
61ac2: JZ 61b38 (resolved immediate)
  |
  `- 61ac4,61b38
61ac4: MOV Reg R13, Reg RDI 3
61ac7: MOV Reg R14D, Reg ESI 3
61aca: XOR Reg R12D, Reg R12D 3
61acd: XOR Reg EBX, Reg EBX 2
61acf: JMP 61ae5 (resolved immediate)
  |
  `- 61ae5
61ae5: MOV Reg ESI, Reg EBX 2
61ae7: MOV Reg RDI, Reg RBP 3
61aea: CALL libxl_bitmap_test (external)
61aef: TEST Reg EAX, Reg EAX 2
61af1: JZ 61ad8 (resolved immediate)
61af3: MOV Reg EDX, Reg EBX 2
61af5: MOV Reg ESI, Reg R14D 3
61af8: MOV Reg RDI, Reg R13 3
61afb: CALL libxl_cpupool_cpuadd (external)
61b00: CMP Reg EAX, Immediate 1 3
61b03: MOV Reg EAX, Address (SizeDir 32 (AddrPlus (FromReg RBP) (AddrImm 0))) 3
61b06: ADC Reg R12D, Immediate 0 4
61b0a: ADD Reg EBX, Immediate 1 3
61b0d: SHL Reg EAX, Immediate 3 3
61b10: CMP Reg EAX, Reg EBX 2
61b12: JA 61ae5 (resolved immediate)
  |
  `- 61ae5,61b14
61b14: MOV Reg RDI, Reg RBP 3
61b17: CALL libxl_bitmap_count_set (external)
61b1c: CMP Reg EAX, Reg R12D 3
61b1f: SETZ Reg AL 3
61b22: MOVZX Reg EAX, Reg AL 3
61b25: POP Reg RBX 1
61b26: LEA Reg EAX, Address (AddrMinus (AddrPlus (FromReg RAX) (AddrTimes (AddrImm 2) (FromReg RAX))) (AddrImm 3)) 4
61b2a: POP Reg RBP 1
61b2b: POP Reg R12 2
61b2d: POP Reg R13 2
61b2f: POP Reg R14 2
61b31: RET  1
  |
  `- 
61b38: XOR Reg R12D, Reg R12D 3
61b3b: JMP 61b14 (resolved immediate)
  |
  `- 61b14
