Number of assembly instructions     = 128
Number of indirect branches         = 0
Number of unresolved indirect jumps = 0: 
Number of unresolved indirect calls = 0: 
Number of symbolic states (representative of non-determinism): 128
Number of edges: 127

7d510 (False): 0

7d510: TEST Reg RDI, Reg RDI 3
7d513: JZ 7d7d0 (resolved immediate)
  |
  `- 7d519,7d7d0
7d519: PUSH Reg RBX 1
7d51a: MOV Reg RBX, Reg RDI 3
7d51d: MOV Reg RDI, Address (SizeDir 64 (AddrPlus (FromReg RDI) (AddrImm 8))) 4
7d521: CALL free (external)
7d526: MOV Reg RDI, Address (SizeDir 64 (AddrPlus (FromReg RBX) (AddrImm 24))) 4
7d52a: CALL free (external)
7d52f: MOV Reg RDI, Address (SizeDir 64 (AddrPlus (FromReg RBX) (AddrImm 40))) 4
7d533: CALL free (external)
7d538: MOV Reg RDI, Address (SizeDir 64 (AddrPlus (FromReg RBX) (AddrImm 48))) 4
7d53c: CALL free (external)
7d541: MOV Reg RDI, Address (SizeDir 64 (AddrPlus (FromReg RBX) (AddrImm 56))) 4
7d545: CALL free (external)
7d54a: MOV Reg RDI, Address (SizeDir 64 (AddrPlus (FromReg RBX) (AddrImm 64))) 4
7d54e: CALL free (external)
7d553: MOV Reg RDI, Address (SizeDir 64 (AddrPlus (FromReg RBX) (AddrImm 96))) 4
7d557: CALL free (external)
7d55c: MOV Reg RDI, Address (SizeDir 64 (AddrPlus (FromReg RBX) (AddrImm 104))) 4
7d560: CALL free (external)
7d565: MOV Reg RDI, Address (SizeDir 64 (AddrPlus (FromReg RBX) (AddrImm 112))) 4
7d569: CALL free (external)
7d56e: MOV Reg RDI, Address (SizeDir 64 (AddrPlus (FromReg RBX) (AddrImm 120))) 4
7d572: CALL free (external)
7d577: MOV Reg RDI, Address (SizeDir 64 (AddrPlus (FromReg RBX) (AddrImm 128))) 7
7d57e: CALL free (external)
7d583: MOV Reg RDI, Address (SizeDir 64 (AddrPlus (FromReg RBX) (AddrImm 136))) 7
7d58a: CALL free (external)
7d58f: MOV Reg RDI, Address (SizeDir 64 (AddrPlus (FromReg RBX) (AddrImm 144))) 7
7d596: CALL free (external)
7d59b: MOV Reg RDI, Address (SizeDir 64 (AddrPlus (FromReg RBX) (AddrImm 152))) 7
7d5a2: CALL free (external)
7d5a7: MOV Reg RDI, Address (SizeDir 64 (AddrPlus (FromReg RBX) (AddrImm 160))) 7
7d5ae: CALL free (external)
7d5b3: MOV Reg RDI, Address (SizeDir 64 (AddrPlus (FromReg RBX) (AddrImm 168))) 7
7d5ba: CALL free (external)
7d5bf: MOV Reg RDI, Address (SizeDir 64 (AddrPlus (FromReg RBX) (AddrImm 176))) 7
7d5c6: CALL free (external)
7d5cb: MOV Reg RDI, Address (SizeDir 64 (AddrPlus (FromReg RBX) (AddrImm 184))) 7
7d5d2: CALL free (external)
7d5d7: MOV Reg RDI, Address (SizeDir 64 (AddrPlus (FromReg RBX) (AddrImm 192))) 7
7d5de: CALL free (external)
7d5e3: MOV Reg RDI, Address (SizeDir 64 (AddrPlus (FromReg RBX) (AddrImm 200))) 7
7d5ea: CALL free (external)
7d5ef: MOV Reg RDI, Address (SizeDir 64 (AddrPlus (FromReg RBX) (AddrImm 208))) 7
7d5f6: CALL free (external)
7d5fb: MOV Reg RDI, Address (SizeDir 64 (AddrPlus (FromReg RBX) (AddrImm 216))) 7
7d602: CALL free (external)
7d607: MOV Reg RDI, Address (SizeDir 64 (AddrPlus (FromReg RBX) (AddrImm 224))) 7
7d60e: CALL free (external)
7d613: MOV Reg RDI, Address (SizeDir 64 (AddrPlus (FromReg RBX) (AddrImm 232))) 7
7d61a: CALL free (external)
7d61f: MOV Reg RDI, Address (SizeDir 64 (AddrPlus (FromReg RBX) (AddrImm 240))) 7
7d626: CALL free (external)
7d62b: MOV Reg RDI, Address (SizeDir 64 (AddrPlus (FromReg RBX) (AddrImm 248))) 7
7d632: CALL free (external)
7d637: MOV Reg RDI, Address (SizeDir 64 (AddrPlus (FromReg RBX) (AddrImm 256))) 7
7d63e: CALL free (external)
7d643: MOV Reg RDI, Address (SizeDir 64 (AddrPlus (FromReg RBX) (AddrImm 264))) 7
7d64a: CALL free (external)
7d64f: MOV Reg RDI, Address (SizeDir 64 (AddrPlus (FromReg RBX) (AddrImm 272))) 7
7d656: CALL free (external)
7d65b: MOV Reg RDI, Address (SizeDir 64 (AddrPlus (FromReg RBX) (AddrImm 280))) 7
7d662: CALL free (external)
7d667: MOV Reg RDI, Address (SizeDir 64 (AddrPlus (FromReg RBX) (AddrImm 288))) 7
7d66e: CALL free (external)
7d673: MOV Reg RDI, Address (SizeDir 64 (AddrPlus (FromReg RBX) (AddrImm 296))) 7
7d67a: CALL free (external)
7d67f: MOV Reg RDI, Address (SizeDir 64 (AddrPlus (FromReg RBX) (AddrImm 304))) 7
7d686: CALL free (external)
7d68b: MOV Reg RDI, Address (SizeDir 64 (AddrPlus (FromReg RBX) (AddrImm 312))) 7
7d692: CALL free (external)
7d697: MOV Reg RDI, Address (SizeDir 64 (AddrPlus (FromReg RBX) (AddrImm 320))) 7
7d69e: CALL free (external)
7d6a3: MOV Reg RDI, Address (SizeDir 64 (AddrPlus (FromReg RBX) (AddrImm 328))) 7
7d6aa: CALL free (external)
7d6af: MOV Reg RDI, Address (SizeDir 64 (AddrPlus (FromReg RBX) (AddrImm 336))) 7
7d6b6: CALL free (external)
7d6bb: MOV Reg RDI, Address (SizeDir 64 (AddrPlus (FromReg RBX) (AddrImm 344))) 7
7d6c2: CALL free (external)
7d6c7: MOV Reg RDI, Address (SizeDir 64 (AddrPlus (FromReg RBX) (AddrImm 352))) 7
7d6ce: CALL free (external)
7d6d3: MOV Reg RDI, Address (SizeDir 64 (AddrPlus (FromReg RBX) (AddrImm 360))) 7
7d6da: CALL free (external)
7d6df: MOV Reg RDI, Address (SizeDir 64 (AddrPlus (FromReg RBX) (AddrImm 368))) 7
7d6e6: CALL free (external)
7d6eb: MOV Reg RDI, Address (SizeDir 64 (AddrPlus (FromReg RBX) (AddrImm 376))) 7
7d6f2: CALL free (external)
7d6f7: MOV Reg RDI, Address (SizeDir 64 (AddrPlus (FromReg RBX) (AddrImm 384))) 7
7d6fe: CALL free (external)
7d703: MOV Reg RDI, Address (SizeDir 64 (AddrPlus (FromReg RBX) (AddrImm 392))) 7
7d70a: CALL free (external)
7d70f: MOV Reg RDI, Address (SizeDir 64 (AddrPlus (FromReg RBX) (AddrImm 400))) 7
7d716: CALL free (external)
7d71b: MOV Reg RDI, Address (SizeDir 64 (AddrPlus (FromReg RBX) (AddrImm 408))) 7
7d722: CALL free (external)
7d727: MOV Reg RDI, Address (SizeDir 64 (AddrPlus (FromReg RBX) (AddrImm 416))) 7
7d72e: CALL free (external)
7d733: MOV Reg RDI, Address (SizeDir 64 (AddrPlus (FromReg RBX) (AddrImm 424))) 7
7d73a: CALL free (external)
7d73f: MOV Reg RDI, Address (SizeDir 64 (AddrPlus (FromReg RBX) (AddrImm 432))) 7
7d746: CALL free (external)
7d74b: MOV Reg RDI, Address (SizeDir 64 (AddrPlus (FromReg RBX) (AddrImm 440))) 7
7d752: CALL free (external)
7d757: MOV Reg RDI, Address (SizeDir 64 (AddrPlus (FromReg RBX) (AddrImm 448))) 7
7d75e: CALL free (external)
7d763: MOV Reg RDI, Address (SizeDir 64 (AddrPlus (FromReg RBX) (AddrImm 456))) 7
7d76a: CALL free (external)
7d76f: MOV Reg RDI, Address (SizeDir 64 (AddrPlus (FromReg RBX) (AddrImm 464))) 7
7d776: CALL free (external)
7d77b: MOV Reg RDI, Address (SizeDir 64 (AddrPlus (FromReg RBX) (AddrImm 472))) 7
7d782: CALL free (external)
7d787: MOV Reg RDI, Address (SizeDir 64 (AddrPlus (FromReg RBX) (AddrImm 480))) 7
7d78e: CALL free (external)
7d793: MOV Reg RDI, Address (SizeDir 64 (AddrPlus (FromReg RBX) (AddrImm 488))) 7
7d79a: CALL free (external)
7d79f: LEA Reg RDI, Address (AddrPlus (FromReg RBX) (AddrImm 8)) 4
7d7a3: MOV Address (SizeDir 64 (FromReg RBX)), Immediate 0 7
7d7aa: MOV Address (SizeDir 64 (AddrPlus (FromReg RBX) (AddrImm 488))), Immediate 0 11
7d7b5: XOR Reg EAX, Reg EAX 2
7d7b7: AND Reg RDI, Immediate 18446744073709551608 4
7d7bb: SUB Reg RBX, Reg RDI 3
7d7be: LEA Reg ECX, Address (AddrPlus (FromReg RBX) (AddrImm 496)) 6
7d7c4: SHR Reg ECX, Immediate 3 3
7d7c7: REP STOSQ  3
7d7ca: POP Reg RBX 1
7d7cb: RET  1
  |
  `- 
7d7d0: REPZ RET  2
  |
  `- 
