Number of assembly instructions     = 10
Number of indirect branches         = 0
Number of unresolved indirect jumps = 0: 
Number of unresolved indirect calls = 0: 
Number of symbolic states (representative of non-determinism): 10
Number of edges: 11

844d0 (False): 0

844d0: CMP Reg EDI, Immediate 1 3
844d3: LEA Reg RAX, Address (AddrPlus (FromReg RIP) (AddrImm 141962)) 7
844da: JZ 844f8 (resolved immediate)
  |
  `- 844dc,844f8
844dc: LEA Reg RAX, Address (AddrPlus (FromReg RIP) (AddrImm 141342)) 7
844e3: JB 844f8 (resolved immediate)
  |
  `- 844e5,844f8
844e5: LEA Reg RAX, Address (AddrPlus (FromReg RIP) (AddrImm 141965)) 7
844ec: CMP Reg EDI, Immediate 2 3
844ef: MOV Reg EDX, Immediate 0 5
844f4: CMOVNZ Reg RAX, Reg RDX 4
844f8: REPZ RET  2
  |
  `- 
