Number of assembly instructions     = 90
Number of indirect branches         = 0
Number of unresolved indirect jumps = 0: 
Number of unresolved indirect calls = 0: 
Number of symbolic states (representative of non-determinism): 90
Number of edges: 101

40c90 (True): 7a14c
7a0c0 (False): 0

40c90: TEST Reg RSI, Reg RSI 3
40c93: JZ 40cc0 (resolved immediate)
  |
  `- 40c95,40cc0
40c95: PUSH Reg RBP 1
40c96: PUSH Reg RBX 1
40c97: MOV Reg RBP, Reg RDI 3
40c9a: MOV Reg RDI, Reg RSI 3
40c9d: MOV Reg RBX, Reg RSI 3
40ca0: SUB Reg RSP, Immediate 8 4
40ca4: CALL strlen (external)
40ca9: ADD Reg RSP, Immediate 8 4
40cad: MOV Reg RSI, Reg RBX 3
40cb0: MOV Reg RDI, Reg RBP 3
40cb3: POP Reg RBX 1
40cb4: POP Reg RBP 1
40cb5: MOV Reg RDX, Reg RAX 3
40cb8: JMP yajl_gen_string (jmp to external function)
  |
  `- 
40cc0: JMP yajl_gen_null (jmp to external function)
  |
  `- 
7a0c0: PUSH Reg RBP 1
7a0c1: PUSH Reg RBX 1
7a0c2: MOV Reg RBP, Reg RSI 3
7a0c5: MOV Reg RBX, Reg RDI 3
7a0c8: SUB Reg RSP, Immediate 8 4
7a0cc: CALL yajl_gen_map_open (external)
7a0d1: TEST Reg EAX, Reg EAX 2
7a0d3: JNZ 7a105 (resolved immediate)
  |
  `- 7a0d5,7a105
7a0d5: MOV Reg EDX, Address (SizeDir 32 (AddrPlus (FromReg RBP) (AddrImm 0))) 3
7a0d8: TEST Reg EDX, Reg EDX 2
7a0da: JNZ 7a110 (resolved immediate)
  |
  `- 7a0dc,7a110
7a0dc: CMP Address (SizeDir 32 (AddrPlus (FromReg RBP) (AddrImm 4))), Immediate 1 4
7a0e0: JNZ 7a190 (resolved immediate)
  |
  `- 7a0e6,7a190
7a0e6: CMP Address (SizeDir 64 (AddrPlus (FromReg RBP) (AddrImm 8))), Immediate 0 5
7a0eb: JZ 7a150 (resolved immediate)
  |
  `- 7a0ed,7a150
7a0ed: LEA Reg RSI, Address (AddrPlus (FromReg RIP) (AddrImm 182654)) 7
7a0f4: MOV Reg EDX, Immediate 17 5
7a0f9: MOV Reg RDI, Reg RBX 3
7a0fc: CALL yajl_gen_string (external)
7a101: TEST Reg EAX, Reg EAX 2
7a103: JZ 7a140 (resolved immediate)
  |
  `- 7a105,7a140
7a105: ADD Reg RSP, Immediate 8 4
7a109: POP Reg RBX 1
7a10a: POP Reg RBP 1
7a10b: RET  1
  |
  `- 
7a110: LEA Reg RSI, Address (AddrPlus (FromReg RIP) (AddrImm 186751)) 7
7a117: MOV Reg EDX, Immediate 19 5
7a11c: MOV Reg RDI, Reg RBX 3
7a11f: CALL yajl_gen_string (external)
7a124: TEST Reg EAX, Reg EAX 2
7a126: JNZ 7a105 (resolved immediate)
  |
  `- 7a105,7a128
7a128: MOVSXD Reg RSI, Address (SizeDir 32 (AddrPlus (FromReg RBP) (AddrImm 0))) 4
7a12c: MOV Reg RDI, Reg RBX 3
7a12f: CALL yajl_gen_integer (external)
7a134: TEST Reg EAX, Reg EAX 2
7a136: JZ 7a0dc (resolved immediate)
  |
  `- 7a0dc,7a138
7a138: JMP 7a105 (resolved immediate)
  |
  `- 7a105
7a140: MOV Reg RSI, Address (SizeDir 64 (AddrPlus (FromReg RBP) (AddrImm 8))) 4
7a144: MOV Reg RDI, Reg RBX 3
7a147: CALL libxl__string_gen_json (internal)
  |
  `- 7a14c,40c90
7a14c: TEST Reg EAX, Reg EAX 2
7a14e: JNZ 7a105 (resolved immediate)
  |
  `- 7a105,7a150
7a150: MOV Reg EAX, Address (SizeDir 32 (AddrPlus (FromReg RBP) (AddrImm 16))) 3
7a153: TEST Reg EAX, Reg EAX 2
7a155: JZ 7a17f (resolved immediate)
  |
  `- 7a157,7a17f
7a157: LEA Reg RSI, Address (AddrPlus (FromReg RIP) (AddrImm 182566)) 7
7a15e: MOV Reg EDX, Immediate 20 5
7a163: MOV Reg RDI, Reg RBX 3
7a166: CALL yajl_gen_string (external)
7a16b: TEST Reg EAX, Reg EAX 2
7a16d: JNZ 7a105 (resolved immediate)
  |
  `- 7a105,7a16f
7a16f: LEA Reg RSI, Address (AddrPlus (FromReg RBP) (AddrImm 16)) 4
7a173: MOV Reg RDI, Reg RBX 3
7a176: CALL libxl_defbool_gen_json (external)
7a17b: TEST Reg EAX, Reg EAX 2
7a17d: JNZ 7a105 (resolved immediate)
  |
  `- 7a105,7a17f
7a17f: ADD Reg RSP, Immediate 8 4
7a183: MOV Reg RDI, Reg RBX 3
7a186: POP Reg RBX 1
7a187: POP Reg RBP 1
7a188: JMP yajl_gen_map_close (jmp to external function)
  |
  `- 
7a190: LEA Reg RSI, Address (AddrPlus (FromReg RIP) (AddrImm 182476)) 7
7a197: MOV Reg EDX, Immediate 14 5
7a19c: MOV Reg RDI, Reg RBX 3
7a19f: CALL yajl_gen_string (external)
7a1a4: TEST Reg EAX, Reg EAX 2
7a1a6: JNZ 7a105 (resolved immediate)
  |
  `- 7a105,7a1ac
7a1ac: MOV Reg ESI, Address (SizeDir 32 (AddrPlus (FromReg RBP) (AddrImm 4))) 3
7a1af: MOV Reg RDI, Reg RBX 3
7a1b2: CALL yajl_gen_integer (external)
7a1b7: TEST Reg EAX, Reg EAX 2
7a1b9: JZ 7a0e6 (resolved immediate)
  |
  `- 7a0e6,7a1bf
7a1bf: JMP 7a105 (resolved immediate)
  |
  `- 7a105
