Number of assembly instructions     = 14
Number of indirect branches         = 0
Number of unresolved indirect jumps = 0: 
Number of unresolved indirect calls = 0: 
Number of symbolic states (representative of non-determinism): 14
Number of edges: 13

82d10 (False): 0

82d10: MOV Reg RDX, Reg RDI 3
82d13: MOV Address (SizeDir 64 (FromReg RDI)), Immediate 0 7
82d1a: MOV Address (SizeDir 64 (AddrPlus (FromReg RDI) (AddrImm 96))), Immediate 0 8
82d22: LEA Reg RDI, Address (SizeDir 64 (AddrPlus (FromReg RDI) (AddrImm 8))) 4
82d26: MOV Reg RCX, Reg RDX 3
82d29: XOR Reg EAX, Reg EAX 2
82d2b: AND Reg RDI, Immediate 18446744073709551608 4
82d2f: SUB Reg RCX, Reg RDI 3
82d32: ADD Reg ECX, Immediate 104 3
82d35: SHR Reg ECX, Immediate 3 3
82d38: REP STOSQ Address (SizeDir 64 (FromReg RDI)), Reg RAX 3
82d3b: LEA Reg RDI, Address (SizeDir 64 (AddrPlus (FromReg RDX) (AddrImm 40))) 4
82d3f: MOV Address (SizeDir 32 (AddrPlus (FromReg RDX) (AddrImm 16))), Immediate 4294967295 7
82d46: JMP libxl_vsnd_params_init (jmp to external function)
  |
  `- 
