Number of assembly instructions     = 74
Number of indirect branches         = 0
Number of unresolved indirect jumps = 0: 
Number of unresolved indirect calls = 0: 
Number of symbolic states (representative of non-determinism): 74
Number of edges: 74

3bdb0 (True): 81227
811b0 (False): 0

3bdb0: PUSH Reg R12 2
3bdb2: PUSH Reg RBP 1
3bdb3: PUSH Reg RBX 1
3bdb4: MOV Reg EAX, Address (SizeDir 32 (FromReg RDI)) 2
3bdb6: TEST Reg EAX, Reg EAX 2
3bdb8: JS 3be14 (resolved immediate)
  |
  `- 3bdba,3be14
3bdba: MOV Reg R12, Reg RDI 3
3bdbd: MOV Reg EBP, Immediate 0 5
3bdc2: MOV Reg EBX, Immediate 0 5
3bdc7: JZ 3bdf4 (resolved immediate)
  |
  `- 3bdc9,3bdf4
3bdc9: NOP  7
3bdd0: MOV Reg RAX, Address (SizeDir 64 (AddrPlus (FromReg R12) (AddrImm 8))) 5
3bdd5: ADD Reg EBX, Immediate 1 3
3bdd8: ADD Reg RAX, Reg RBP 3
3bddb: ADD Reg RBP, Immediate 8 4
3bddf: MOV Reg RDI, Address (SizeDir 64 (FromReg RAX)) 3
3bde2: MOV Address (SizeDir 64 (FromReg RAX)), Immediate 0 7
3bde9: CALL free (external)
3bdee: CMP Address (SizeDir 32 (FromReg R12)), Reg EBX 4
3bdf2: JG 3bdd0 (resolved immediate)
  |
  `- 3bdd0,3bdf4
3bdf4: MOV Reg RDI, Address (SizeDir 64 (AddrPlus (FromReg R12) (AddrImm 8))) 5
3bdf9: CALL free (external)
3bdfe: MOV Address (SizeDir 64 (AddrPlus (FromReg R12) (AddrImm 8))), Immediate 0 9
3be07: MOV Address (SizeDir 32 (FromReg R12)), Immediate 0 8
3be0f: POP Reg RBX 1
3be10: POP Reg RBP 1
3be11: POP Reg R12 2
3be13: RET  1
  |
  `- 
3be14: LEA Reg RCX, Address (AddrPlus (FromReg RIP) (AddrImm 387253)) 7
3be1b: LEA Reg RSI, Address (AddrPlus (FromReg RIP) (AddrImm 386238)) 7
3be22: LEA Reg RDI, Address (AddrPlus (FromReg RIP) (AddrImm 386248)) 7
3be29: MOV Reg EDX, Immediate 80 5
3be2e: CALL __assert_fail (external)
  |
  `- 
811b0: PUSH Reg R12 2
811b2: PUSH Reg RBP 1
811b3: MOV Reg RBP, Reg RDX 3
811b6: PUSH Reg RBX 1
811b7: MOV Reg R12, Reg RDI 3
811ba: MOV Reg RBX, Reg RSI 3
811bd: SUB Reg RSP, Immediate 32 4
811c1: MOV Reg RAX, Address (SizeDir 64 (AddrPlus (FromReg FS) (AddrImm 40))) 9
811ca: MOV Address (SizeDir 64 (AddrPlus (FromReg RSP) (AddrImm 24))), Reg RAX 5
811cf: XOR Reg EAX, Reg EAX 2
811d1: MOV Address (SizeDir 64 (AddrPlus (FromReg RSP) (AddrImm 16))), Reg RDI 5
811d6: MOV Address (SizeDir 32 (FromReg RSP)), Immediate 0 7
811dd: MOV Address (SizeDir 64 (AddrPlus (FromReg RSP) (AddrImm 8))), Immediate 0 9
811e6: CALL libxl_string_copy (external)
811eb: MOV Reg EAX, Address (SizeDir 32 (AddrPlus (FromReg RBP) (AddrImm 8))) 3
811ee: LEA Reg RDX, Address (AddrPlus (FromReg RBP) (AddrImm 16)) 4
811f2: LEA Reg RSI, Address (AddrPlus (FromReg RBX) (AddrImm 16)) 4
811f6: MOV Reg RDI, Reg R12 3
811f9: MOV Address (SizeDir 32 (AddrPlus (FromReg RBX) (AddrImm 8))), Reg EAX 3
811fc: CALL libxl_string_copy (external)
81201: MOV Reg EAX, Address (SizeDir 32 (AddrPlus (FromReg RBP) (AddrImm 24))) 3
81204: MOV Reg RDI, Reg RSP 3
81207: MOV Address (SizeDir 32 (AddrPlus (FromReg RBX) (AddrImm 24))), Reg EAX 3
8120a: MOV Reg EAX, Address (SizeDir 32 (AddrPlus (FromReg RBP) (AddrImm 28))) 3
8120d: MOV Address (SizeDir 32 (AddrPlus (FromReg RBX) (AddrImm 28))), Reg EAX 3
81210: MOV Reg EAX, Address (SizeDir 32 (AddrPlus (FromReg RBP) (AddrImm 32))) 3
81213: MOV Address (SizeDir 32 (AddrPlus (FromReg RBX) (AddrImm 32))), Reg EAX 3
81216: MOV Reg EAX, Address (SizeDir 32 (AddrPlus (FromReg RBP) (AddrImm 36))) 3
81219: MOV Address (SizeDir 32 (AddrPlus (FromReg RBX) (AddrImm 36))), Reg EAX 3
8121c: MOV Reg EAX, Address (SizeDir 32 (AddrPlus (FromReg RBP) (AddrImm 40))) 3
8121f: MOV Address (SizeDir 32 (AddrPlus (FromReg RBX) (AddrImm 40))), Reg EAX 3
81222: CALL libxl__free_all (internal)
  |
  `- 3bdb0
81227: MOV Reg RAX, Address (SizeDir 64 (AddrPlus (FromReg RSP) (AddrImm 24))) 5
8122c: XOR Reg RAX, Address (SizeDir 64 (AddrPlus (FromReg FS) (AddrImm 40))) 9
81235: JNZ 81240 (resolved immediate)
  |
  `- 81237,81240
81237: ADD Reg RSP, Immediate 32 4
8123b: POP Reg RBX 1
8123c: POP Reg RBP 1
8123d: POP Reg R12 2
8123f: RET  1
  |
  `- 
81240: CALL __stack_chk_fail (external)
  |
  `- 
