Number of assembly instructions     = 23
Number of indirect branches         = 1
Number of unresolved indirect jumps = 0: 
Number of unresolved indirect calls = 0: 
Number of symbolic states (representative of non-determinism): 39
Number of edges: 161

87610 (False): 0

87610: CMP Reg EDI, Immediate 9 3
87613: JA 876a0 (resolved immediate)
  |
  `- 87619,876a0
87619: LEA Reg RDX, Address (AddrPlus (FromReg RIP) (AddrImm 134044)) 7
87620: MOV Reg EDI, Reg EDI 2
87622: MOVSXD Reg RAX, Address (SizeDir 32 (AddrPlus (FromReg RDX) (AddrTimes (AddrImm 4) (FromReg RDI)))) 4
87626: ADD Reg RAX, Reg RDX 3
87629: JMP Reg RAX 2
  |
  `- 876a0,87690,87680,87670,87660,87650,87640,87630
87630: LEA Reg RAX, Address (AddrPlus (FromReg RIP) (AddrImm 128714)) 7
87637: RET  1
  |
  `- 
87640: LEA Reg RAX, Address (AddrPlus (FromReg RIP) (AddrImm 129871)) 7
87647: RET  1
  |
  `- 
87650: LEA Reg RAX, Address (AddrPlus (FromReg RIP) (AddrImm 111833)) 7
87657: RET  1
  |
  `- 
87660: LEA Reg RAX, Address (AddrPlus (FromReg RIP) (AddrImm 111893)) 7
87667: RET  1
  |
  `- 
87670: LEA Reg RAX, Address (AddrPlus (FromReg RIP) (AddrImm 129828)) 7
87677: RET  1
  |
  `- 
87680: LEA Reg RAX, Address (AddrPlus (FromReg RIP) (AddrImm 111919)) 7
87687: RET  1
  |
  `- 
87690: LEA Reg RAX, Address (AddrPlus (FromReg RIP) (AddrImm 54811)) 7
87697: RET  1
  |
  `- 
876a0: XOR Reg EAX, Reg EAX 2
876a2: RET  1
  |
  `- 
