Number of assembly instructions     = 125
Number of indirect branches         = 0
Number of unresolved indirect jumps = 0: 
Number of unresolved indirect calls = 0: 
Number of symbolic states (representative of non-determinism): 125
Number of edges: 135

20500 (True): 41528
41490 (True): 87bde, 87c09, 87c35, 87c75, 87ca1
87bc0 (False): 0

20500: CMP Address (SizeDir 32 (FromReg RDI)), Reg ESI 2
20502: MOV Reg EAX, Immediate 1 5
20507: JLE 20519 (resolved immediate)
  |
  `- 20509,20519
20509: MOV Reg RAX, Address (SizeDir 64 (AddrPlus (FromReg RDI) (AddrImm 16))) 4
2050d: MOVSXD Reg RSI, Reg ESI 3
20510: MOV Reg RAX, Address (SizeDir 64 (AddrPlus (FromReg RAX) (AddrTimes (AddrImm 8) (FromReg RSI)))) 4
20514: MOV Address (SizeDir 64 (FromReg RDX)), Reg RAX 3
20517: XOR Reg EAX, Reg EAX 2
20519: REPZ RET  2
  |
  `- 
41490: PUSH Reg R15 2
41492: PUSH Reg R14 2
41494: PUSH Reg R13 2
41496: PUSH Reg R12 2
41498: PUSH Reg RBP 1
41499: PUSH Reg RBX 1
4149a: SUB Reg RSP, Immediate 24 4
4149e: MOV Reg RAX, Address (SizeDir 64 (AddrPlus (FromReg FS) (AddrImm 40))) 9
414a7: MOV Address (SizeDir 64 (AddrPlus (FromReg RSP) (AddrImm 8))), Reg RAX 5
414ac: XOR Reg EAX, Reg EAX 2
414ae: TEST Reg RSI, Reg RSI 3
414b1: JZ 414b8 (resolved immediate)
  |
  `- 414b3,414b8
414b3: CMP Address (SizeDir 32 (FromReg RSI)), Immediate 64 3
414b6: JZ 414e0 (resolved immediate)
  |
  `- 414b8,414e0
414b8: MOV Reg RCX, Address (SizeDir 64 (AddrPlus (FromReg RSP) (AddrImm 8))) 5
414bd: XOR Reg RCX, Address (SizeDir 64 (AddrPlus (FromReg FS) (AddrImm 40))) 9
414c6: JNZ 4155b (resolved immediate)
  |
  `- 414cc,4155b
414cc: ADD Reg RSP, Immediate 24 4
414d0: POP Reg RBX 1
414d1: POP Reg RBP 1
414d2: POP Reg R12 2
414d4: POP Reg R13 2
414d6: POP Reg R14 2
414d8: POP Reg R15 2
414da: RET  1
  |
  `- 
414e0: MOV Reg RBP, Address (SizeDir 64 (AddrPlus (FromReg RSI) (AddrImm 8))) 4
414e4: XOR Reg EBX, Reg EBX 2
414e6: MOV Reg R13, Reg RDI 3
414e9: MOV Reg R14D, Reg EDX 3
414ec: MOV Address (SizeDir 64 (FromReg RSP)), Immediate 0 8
414f4: MOV Reg R12, Reg RSP 3
414f7: MOV Reg EAX, Address (SizeDir 32 (AddrPlus (FromReg RBP) (AddrImm 8))) 3
414fa: TEST Reg EAX, Reg EAX 2
414fc: JNZ 4151b (resolved immediate)
  |
  `- 414fe,4151b
414fe: JMP 4152c (resolved immediate)
  |
  `- 4152c
4151b: MOV Reg RDX, Reg R12 3
4151e: MOV Reg ESI, Reg EBX 2
41520: MOV Reg RDI, Reg RBP 3
41523: CALL flexarray_get (internal)
  |
  `- 20500
41528: TEST Reg EAX, Reg EAX 2
4152a: JZ 41500 (resolved immediate)
4152c: XOR Reg EAX, Reg EAX 2
4152e: JMP 414b8 (resolved immediate)
  |
  `- 414b8
4155b: CALL __stack_chk_fail (external)
  |
  `- 
87bc0: PUSH Reg R12 2
87bc2: MOV Reg R12, Reg RDI 3
87bc5: PUSH Reg RBP 1
87bc6: LEA Reg RDI, Address (AddrPlus (FromReg RIP) (AddrImm 127789)) 7
87bcd: PUSH Reg RBX 1
87bce: MOV Reg RBP, Reg RDX 3
87bd1: MOV Reg EDX, Immediate 4 5
87bd6: MOV Reg RBX, Reg RSI 3
87bd9: CALL libxl__json_map_get (internal)
  |
  `- 41490
87bde: TEST Reg RAX, Reg RAX 3
87be1: JZ 87bf5 (resolved immediate)
  |
  `- 87be3,87bf5
87be3: MOV Reg RDX, Reg RBP 3
87be6: MOV Reg RSI, Reg RAX 3
87be9: MOV Reg RDI, Reg R12 3
87bec: CALL libxl__uint32_parse_json (external)
87bf1: TEST Reg EAX, Reg EAX 2
87bf3: JNZ 87c44 (resolved immediate)
  |
  `- 87bf5,87c44
87bf5: LEA Reg RDI, Address (AddrPlus (FromReg RIP) (AddrImm 127749)) 7
87bfc: MOV Reg EDX, Immediate 33 5
87c01: MOV Reg RSI, Reg RBX 3
87c04: CALL libxl__json_map_get (internal)
87c09: TEST Reg RAX, Reg RAX 3
87c0c: JZ 87c21 (resolved immediate)
  |
  `- 87c0e,87c21
87c0e: LEA Reg RDX, Address (AddrPlus (FromReg RBP) (AddrImm 8)) 4
87c12: MOV Reg RSI, Reg RAX 3
87c15: MOV Reg RDI, Reg R12 3
87c18: CALL libxl__string_parse_json (external)
87c1d: TEST Reg EAX, Reg EAX 2
87c1f: JNZ 87c44 (resolved immediate)
  |
  `- 87c21,87c44
87c21: LEA Reg RDI, Address (AddrPlus (FromReg RIP) (AddrImm 128380)) 7
87c28: MOV Reg EDX, Immediate 32 5
87c2d: MOV Reg RSI, Reg RBX 3
87c30: CALL libxl__json_map_get (internal)
87c35: TEST Reg RAX, Reg RAX 3
87c38: JZ 87c61 (resolved immediate)
  |
  `- 87c3a,87c61
87c3a: CMP Address (SizeDir 32 (FromReg RAX)), Immediate 32 3
87c3d: JZ 87c50 (resolved immediate)
  |
  `- 87c3f,87c50
87c3f: MOV Reg EAX, Immediate 4294967295 5
87c44: POP Reg RBX 1
87c45: POP Reg RBP 1
87c46: POP Reg R12 2
87c48: RET  1
  |
  `- 
87c50: MOV Reg RDI, Address (SizeDir 64 (AddrPlus (FromReg RAX) (AddrImm 8))) 4
87c54: LEA Reg RSI, Address (AddrPlus (FromReg RBP) (AddrImm 16)) 4
87c58: CALL libxl_scheduler_from_string (external)
87c5d: TEST Reg EAX, Reg EAX 2
87c5f: JNZ 87c44 (resolved immediate)
  |
  `- 87c44,87c61
87c61: LEA Reg RDI, Address (AddrPlus (FromReg RIP) (AddrImm 128322)) 7
87c68: MOV Reg EDX, Immediate 4 5
87c6d: MOV Reg RSI, Reg RBX 3
87c70: CALL libxl__json_map_get (internal)
87c75: TEST Reg RAX, Reg RAX 3
87c78: JZ 87c8d (resolved immediate)
  |
  `- 87c7a,87c8d
87c7a: LEA Reg RDX, Address (AddrPlus (FromReg RBP) (AddrImm 20)) 4
87c7e: MOV Reg RSI, Reg RAX 3
87c81: MOV Reg RDI, Reg R12 3
87c84: CALL libxl__uint32_parse_json (external)
87c89: TEST Reg EAX, Reg EAX 2
87c8b: JNZ 87c44 (resolved immediate)
  |
  `- 87c44,87c8d
87c8d: LEA Reg RDI, Address (AddrPlus (FromReg RIP) (AddrImm 126759)) 7
87c94: MOV Reg EDX, Immediate 128 5
87c99: MOV Reg RSI, Reg RBX 3
87c9c: CALL libxl__json_map_get (internal)
87ca1: TEST Reg RAX, Reg RAX 3
87ca4: JZ 87c44 (resolved immediate)
  |
  `- 87c44,87ca6
87ca6: POP Reg RBX 1
87ca7: LEA Reg RDX, Address (AddrPlus (FromReg RBP) (AddrImm 24)) 4
87cab: MOV Reg RDI, Reg R12 3
87cae: MOV Reg RSI, Reg RAX 3
87cb1: POP Reg RBP 1
87cb2: POP Reg R12 2
87cb4: JMP libxl__bitmap_parse_json (jmp to external function)
  |
  `- 
