Number of assembly instructions     = 25
Number of indirect branches         = 0
Number of unresolved indirect jumps = 0: 
Number of unresolved indirect calls = 0: 
Number of symbolic states (representative of non-determinism): 25
Number of edges: 26

613c0 (False): 0

613c0: PUSH Reg R12 2
613c2: PUSH Reg RBP 1
613c3: MOV Reg R12, Reg RSI 3
613c6: PUSH Reg RBX 1
613c7: MOV Reg RBP, Reg RDI 3
613ca: CALL libxl_get_max_cpus (external)
613cf: TEST Reg EAX, Reg EAX 2
613d1: MOV Reg EBX, Reg EAX 2
613d3: JS 613f4 (resolved immediate)
  |
  `- 613d5,613f4
613d5: MOV Reg RDI, Address (SizeDir 64 (AddrPlus (FromReg RBP) (AddrImm 8))) 4
613d9: CALL xc_cpupool_freeinfo (external)
613de: TEST Reg RAX, Reg RAX 3
613e1: MOV Address (SizeDir 64 (AddrPlus (FromReg R12) (AddrImm 8))), Reg RAX 5
613e6: JZ 613fb (resolved immediate)
  |
  `- 613e8,613fb
613e8: ADD Reg EBX, Immediate 7 3
613eb: SAR Reg EBX, Immediate 3 3
613ee: MOV Address (SizeDir 32 (FromReg R12)), Reg EBX 4
613f2: XOR Reg EBX, Reg EBX 2
613f4: MOV Reg EAX, Reg EBX 2
613f6: POP Reg RBX 1
613f7: POP Reg RBP 1
613f8: POP Reg R12 2
613fa: RET  1
  |
  `- 
613fb: MOV Reg EBX, Immediate 4294967293 5
61400: JMP 613f4 (resolved immediate)
  |
  `- 613f4
