Number of assembly instructions     = 203
Number of indirect branches         = 0
Number of unresolved indirect jumps = 0: 
Number of unresolved indirect calls = 0: 
Number of symbolic states (representative of non-determinism): 203
Number of edges: 215

7d010 (False): 0

7d010: TEST Reg RDI, Reg RDI 3
7d013: JE 7d278 (resolved immediate)
  |
  `- 7d019,7d278
7d019: PUSH Reg R13 2
7d01b: LEA Reg R13, Address (SizeDir 64 (AddrPlus (FromReg RDI) (AddrImm 8))) 4
7d01f: PUSH Reg R12 2
7d021: PUSH Reg RBP 1
7d022: PUSH Reg RBX 1
7d023: MOV Reg RBX, Reg RDI 3
7d026: MOV Reg RDI, Reg R13 3
7d029: SUB Reg RSP, Immediate 8 4
7d02d: CALL libxl_bitmap_dispose (external)
7d032: LEA Reg RDI, Address (SizeDir 64 (AddrPlus (FromReg RBX) (AddrImm 24))) 4
7d036: CALL libxl_bitmap_dispose (external)
7d03b: LEA Reg RDI, Address (SizeDir 64 (AddrPlus (FromReg RBX) (AddrImm 40))) 4
7d03f: CALL libxl_bitmap_dispose (external)
7d044: MOV Reg EDI, Address (SizeDir 32 (AddrPlus (FromReg RBX) (AddrImm 56))) 3
7d047: TEST Reg EDI, Reg EDI 2
7d049: JLE 7d068 (resolved immediate)
  |
  `- 7d04b,7d068
7d04b: XOR Reg R12D, Reg R12D 3
7d04e: XOR Reg EBP, Reg EBP 2
7d050: MOV Reg RDI, Address (SizeDir 64 (AddrPlus (FromReg RBX) (AddrImm 64))) 4
7d054: ADD Reg EBP, Immediate 1 3
7d057: ADD Reg RDI, Reg R12 3
7d05a: ADD Reg R12, Immediate 16 4
7d05e: CALL libxl_bitmap_dispose (external)
7d063: CMP Reg EBP, Address (SizeDir 32 (AddrPlus (FromReg RBX) (AddrImm 56))) 3
7d066: JL 7d050 (resolved immediate)
  |
  `- 7d050,7d068
7d068: MOV Reg RDI, Address (SizeDir 64 (AddrPlus (FromReg RBX) (AddrImm 64))) 4
7d06c: CALL free (external)
7d071: MOV Reg ESI, Address (SizeDir 32 (AddrPlus (FromReg RBX) (AddrImm 72))) 3
7d074: TEST Reg ESI, Reg ESI 2
7d076: JLE 7d098 (resolved immediate)
  |
  `- 7d078,7d098
7d078: XOR Reg R12D, Reg R12D 3
7d07b: XOR Reg EBP, Reg EBP 2
7d07d: NOP  3
7d080: MOV Reg RDI, Address (SizeDir 64 (AddrPlus (FromReg RBX) (AddrImm 80))) 4
7d084: ADD Reg EBP, Immediate 1 3
7d087: ADD Reg RDI, Reg R12 3
7d08a: ADD Reg R12, Immediate 16 4
7d08e: CALL libxl_bitmap_dispose (external)
7d093: CMP Reg EBP, Address (SizeDir 32 (AddrPlus (FromReg RBX) (AddrImm 72))) 3
7d096: JL 7d080 (resolved immediate)
  |
  `- 7d080,7d098
7d098: MOV Reg RDI, Address (SizeDir 64 (AddrPlus (FromReg RBX) (AddrImm 80))) 4
7d09c: CALL free (external)
7d0a1: MOV Reg RDI, Address (SizeDir 64 (AddrPlus (FromReg RBX) (AddrImm 136))) 7
7d0a8: CALL free (external)
7d0ad: LEA Reg RDI, Address (SizeDir 64 (AddrPlus (FromReg RBX) (AddrImm 152))) 7
7d0b4: CALL libxl_cpuid_dispose (external)
7d0b9: MOV Reg RDI, Address (SizeDir 64 (AddrPlus (FromReg RBX) (AddrImm 160))) 7
7d0c0: CALL free (external)
7d0c5: MOV Reg ECX, Address (SizeDir 32 (AddrPlus (FromReg RBX) (AddrImm 168))) 6
7d0cb: TEST Reg ECX, Reg ECX 2
7d0cd: JLE 7d0f6 (resolved immediate)
  |
  `- 7d0cf,7d0f6
7d0cf: XOR Reg R12D, Reg R12D 3
7d0d2: XOR Reg EBP, Reg EBP 2
7d0d4: NOP  4
7d0d8: MOV Reg RDI, Address (SizeDir 64 (AddrPlus (FromReg RBX) (AddrImm 176))) 7
7d0df: ADD Reg EBP, Immediate 1 3
7d0e2: ADD Reg RDI, Reg R12 3
7d0e5: ADD Reg R12, Immediate 48 4
7d0e9: CALL libxl_vnode_info_dispose (external)
7d0ee: CMP Reg EBP, Address (SizeDir 32 (AddrPlus (FromReg RBX) (AddrImm 168))) 6
7d0f4: JL 7d0d8 (resolved immediate)
  |
  `- 7d0d8,7d0f6
7d0f6: MOV Reg RDI, Address (SizeDir 64 (AddrPlus (FromReg RBX) (AddrImm 176))) 7
7d0fd: CALL free (external)
7d102: MOV Reg RDI, Address (SizeDir 64 (AddrPlus (FromReg RBX) (AddrImm 200))) 7
7d109: CALL free (external)
7d10e: MOV Reg RDI, Address (SizeDir 64 (AddrPlus (FromReg RBX) (AddrImm 216))) 7
7d115: CALL free (external)
7d11a: MOV Reg RDI, Address (SizeDir 64 (AddrPlus (FromReg RBX) (AddrImm 224))) 7
7d121: CALL free (external)
7d126: LEA Reg RDI, Address (SizeDir 64 (AddrPlus (FromReg RBX) (AddrImm 232))) 7
7d12d: CALL libxl_string_list_dispose (external)
7d132: LEA Reg RDI, Address (SizeDir 64 (AddrPlus (FromReg RBX) (AddrImm 240))) 7
7d139: CALL libxl_string_list_dispose (external)
7d13e: LEA Reg RDI, Address (SizeDir 64 (AddrPlus (FromReg RBX) (AddrImm 248))) 7
7d145: CALL libxl_string_list_dispose (external)
7d14a: LEA Reg RDI, Address (SizeDir 64 (AddrPlus (FromReg RBX) (AddrImm 256))) 7
7d151: CALL libxl_domain_sched_params_dispose (external)
7d156: MOV Reg EDX, Address (SizeDir 32 (AddrPlus (FromReg RBX) (AddrImm 288))) 6
7d15c: TEST Reg EDX, Reg EDX 2
7d15e: JLE 7d186 (resolved immediate)
  |
  `- 7d160,7d186
7d160: XOR Reg R12D, Reg R12D 3
7d163: XOR Reg EBP, Reg EBP 2
7d165: NOP  3
7d168: MOV Reg RDI, Address (SizeDir 64 (AddrPlus (FromReg RBX) (AddrImm 296))) 7
7d16f: ADD Reg EBP, Immediate 1 3
7d172: ADD Reg RDI, Reg R12 3
7d175: ADD Reg R12, Immediate 8 4
7d179: CALL libxl_ioport_range_dispose (external)
7d17e: CMP Reg EBP, Address (SizeDir 32 (AddrPlus (FromReg RBX) (AddrImm 288))) 6
7d184: JL 7d168 (resolved immediate)
  |
  `- 7d168,7d186
7d186: MOV Reg RDI, Address (SizeDir 64 (AddrPlus (FromReg RBX) (AddrImm 296))) 7
7d18d: CALL free (external)
7d192: MOV Reg RDI, Address (SizeDir 64 (AddrPlus (FromReg RBX) (AddrImm 312))) 7
7d199: CALL free (external)
7d19e: MOV Reg EAX, Address (SizeDir 32 (AddrPlus (FromReg RBX) (AddrImm 320))) 6
7d1a4: TEST Reg EAX, Reg EAX 2
7d1a6: JLE 7d1ce (resolved immediate)
  |
  `- 7d1a8,7d1ce
7d1a8: XOR Reg R12D, Reg R12D 3
7d1ab: XOR Reg EBP, Reg EBP 2
7d1ad: NOP  3
7d1b0: MOV Reg RDI, Address (SizeDir 64 (AddrPlus (FromReg RBX) (AddrImm 328))) 7
7d1b7: ADD Reg EBP, Immediate 1 3
7d1ba: ADD Reg RDI, Reg R12 3
7d1bd: ADD Reg R12, Immediate 24 4
7d1c1: CALL libxl_iomem_range_dispose (external)
7d1c6: CMP Reg EBP, Address (SizeDir 32 (AddrPlus (FromReg RBX) (AddrImm 320))) 6
7d1cc: JL 7d1b0 (resolved immediate)
  |
  `- 7d1b0,7d1ce
7d1ce: MOV Reg RDI, Address (SizeDir 64 (AddrPlus (FromReg RBX) (AddrImm 328))) 7
7d1d5: CALL free (external)
7d1da: MOV Reg RDI, Address (SizeDir 64 (AddrPlus (FromReg RBX) (AddrImm 344))) 7
7d1e1: CALL free (external)
7d1e6: MOV Reg RDI, Address (SizeDir 64 (AddrPlus (FromReg RBX) (AddrImm 352))) 7
7d1ed: CALL free (external)
7d1f2: MOV Reg RDI, Address (SizeDir 64 (AddrPlus (FromReg RBX) (AddrImm 360))) 7
7d1f9: CALL free (external)
7d1fe: MOV Reg RDI, Address (SizeDir 64 (AddrPlus (FromReg RBX) (AddrImm 368))) 7
7d205: CALL free (external)
7d20a: MOV Reg RDI, Address (SizeDir 64 (AddrPlus (FromReg RBX) (AddrImm 384))) 7
7d211: CALL free (external)
7d216: LEA Reg RDI, Address (SizeDir 64 (AddrPlus (FromReg RBX) (AddrImm 392))) 7
7d21d: CALL libxl_string_list_dispose (external)
7d222: MOV Reg EAX, Address (SizeDir 32 (AddrPlus (FromReg RBX) (AddrImm 416))) 6
7d228: CMP Reg EAX, Immediate 2 3
7d22b: JE 7d280 (resolved immediate)
  |
  `- 7d22d,7d280
7d22d: CMP Reg EAX, Immediate 3 3
7d230: JE 7d3b0 (resolved immediate)
  |
  `- 7d236,7d3b0
7d236: CMP Reg EAX, Immediate 1 3
7d239: JE 7d2c0 (resolved immediate)
  |
  `- 7d23f,7d2c0
7d23f: MOV Reg RDI, Reg R13 3
7d242: MOV Address (SizeDir 64 (FromReg RBX)), Immediate 0 7
7d249: MOV Address (SizeDir 64 (AddrPlus (FromReg RBX) (AddrImm 848))), Immediate 0 11
7d254: AND Reg RDI, Immediate 18446744073709551608 4
7d258: XOR Reg EAX, Reg EAX 2
7d25a: SUB Reg RBX, Reg RDI 3
7d25d: LEA Reg ECX, Address (SizeDir 32 (AddrPlus (FromReg RBX) (AddrImm 856))) 6
7d263: SHR Reg ECX, Immediate 3 3
7d266: REP STOSQ Address (SizeDir 64 (FromReg RDI)), Reg RAX 3
7d269: ADD Reg RSP, Immediate 8 4
7d26d: POP Reg RBX 1
7d26e: POP Reg RBP 1
7d26f: POP Reg R12 2
7d271: POP Reg R13 2
7d273: RET  1
  |
  `- 
7d278: RET  2
  |
  `- 
7d280: MOV Reg RDI, Address (SizeDir 64 (AddrPlus (FromReg RBX) (AddrImm 424))) 7
7d287: CALL free (external)
7d28c: MOV Reg RDI, Address (SizeDir 64 (AddrPlus (FromReg RBX) (AddrImm 440))) 7
7d293: CALL free (external)
7d298: LEA Reg RDI, Address (SizeDir 64 (AddrPlus (FromReg RBX) (AddrImm 448))) 7
7d29f: CALL libxl_string_list_dispose (external)
7d2a4: MOV Reg RDI, Address (SizeDir 64 (AddrPlus (FromReg RBX) (AddrImm 456))) 7
7d2ab: CALL free (external)
7d2b0: MOV Reg RDI, Address (SizeDir 64 (AddrPlus (FromReg RBX) (AddrImm 464))) 7
7d2b7: CALL free (external)
7d2bc: JMP 7d23f (resolved immediate)
  |
  `- 7d23f
7d2c0: MOV Reg RDI, Address (SizeDir 64 (AddrPlus (FromReg RBX) (AddrImm 424))) 7
7d2c7: CALL free (external)
7d2cc: LEA Reg RDI, Address (SizeDir 64 (AddrPlus (FromReg RBX) (AddrImm 472))) 7
7d2d3: CALL libxl_bitmap_dispose (external)
7d2d8: LEA Reg RDI, Address (SizeDir 64 (AddrPlus (FromReg RBX) (AddrImm 488))) 7
7d2df: CALL libxl_bitmap_dispose (external)
7d2e4: MOV Reg RDI, Address (SizeDir 64 (AddrPlus (FromReg RBX) (AddrImm 504))) 7
7d2eb: CALL free (external)
7d2f0: MOV Reg RDI, Address (SizeDir 64 (AddrPlus (FromReg RBX) (AddrImm 544))) 7
7d2f7: CALL free (external)
7d2fc: MOV Reg RDI, Address (SizeDir 64 (AddrPlus (FromReg RBX) (AddrImm 552))) 7
7d303: CALL free (external)
7d308: MOV Reg RDI, Address (SizeDir 64 (AddrPlus (FromReg RBX) (AddrImm 560))) 7
7d30f: CALL free (external)
7d314: LEA Reg RDI, Address (SizeDir 64 (AddrPlus (FromReg RBX) (AddrImm 576))) 7
7d31b: CALL libxl_vga_interface_info_dispose (external)
7d320: LEA Reg RDI, Address (SizeDir 64 (AddrPlus (FromReg RBX) (AddrImm 584))) 7
7d327: CALL libxl_vnc_info_dispose (external)
7d32c: MOV Reg RDI, Address (SizeDir 64 (AddrPlus (FromReg RBX) (AddrImm 616))) 7
7d333: CALL free (external)
7d338: LEA Reg RDI, Address (SizeDir 64 (AddrPlus (FromReg RBX) (AddrImm 624))) 7
7d33f: CALL libxl_sdl_info_dispose (external)
7d344: LEA Reg RDI, Address (SizeDir 64 (AddrPlus (FromReg RBX) (AddrImm 648))) 7
7d34b: CALL libxl_spice_info_dispose (external)
7d350: MOV Reg RDI, Address (SizeDir 64 (AddrPlus (FromReg RBX) (AddrImm 728))) 7
7d357: CALL free (external)
7d35c: MOV Reg RDI, Address (SizeDir 64 (AddrPlus (FromReg RBX) (AddrImm 736))) 7
7d363: CALL free (external)
7d368: MOV Reg RDI, Address (SizeDir 64 (AddrPlus (FromReg RBX) (AddrImm 752))) 7
7d36f: CALL free (external)
7d374: MOV Reg RDI, Address (SizeDir 64 (AddrPlus (FromReg RBX) (AddrImm 760))) 7
7d37b: CALL free (external)
7d380: LEA Reg RDI, Address (SizeDir 64 (AddrPlus (FromReg RBX) (AddrImm 776))) 7
7d387: CALL libxl_string_list_dispose (external)
7d38c: LEA Reg RDI, Address (SizeDir 64 (AddrPlus (FromReg RBX) (AddrImm 808))) 7
7d393: CALL libxl_string_list_dispose (external)
7d398: LEA Reg RDI, Address (SizeDir 64 (AddrPlus (FromReg RBX) (AddrImm 816))) 7
7d39f: CALL libxl_rdm_reserve_dispose (external)
7d3a4: JMP 7d23f (resolved immediate)
  |
  `- 7d23f
7d3b0: MOV Reg RDI, Address (SizeDir 64 (AddrPlus (FromReg RBX) (AddrImm 432))) 7
7d3b7: CALL free (external)
7d3bc: MOV Reg RDI, Address (SizeDir 64 (AddrPlus (FromReg RBX) (AddrImm 440))) 7
7d3c3: CALL free (external)
7d3c8: MOV Reg RDI, Address (SizeDir 64 (AddrPlus (FromReg RBX) (AddrImm 448))) 7
7d3cf: CALL free (external)
7d3d4: JMP 7d23f (resolved immediate)
  |
  `- 7d23f
