Number of assembly instructions     = 129
Number of indirect branches         = 0
Number of unresolved indirect jumps = 0: 
Number of unresolved indirect calls = 0: 
Number of symbolic states (representative of non-determinism): 129
Number of edges: 142

20500 (True): 41528
41490 (True): 77dde, 77e0d, 77e39, 77e65
77dc0 (False): 0

20500: CMP Address (SizeDir 32 (FromReg RDI)), Reg ESI 2
20502: MOV Reg EAX, Immediate 1 5
20507: JLE 20519 (resolved immediate)
  |
  `- 20509,20519
20509: MOV Reg RAX, Address (SizeDir 64 (AddrPlus (FromReg RDI) (AddrImm 16))) 4
2050d: MOVSXD Reg RSI, Reg ESI 3
20510: MOV Reg RAX, Address (SizeDir 64 (AddrPlus (FromReg RAX) (AddrTimes (AddrImm 8) (FromReg RSI)))) 4
20514: MOV Address (SizeDir 64 (FromReg RDX)), Reg RAX 3
20517: XOR Reg EAX, Reg EAX 2
20519: REPZ RET  2
  |
  `- 
41490: PUSH Reg R15 2
41492: PUSH Reg R14 2
41494: PUSH Reg R13 2
41496: PUSH Reg R12 2
41498: PUSH Reg RBP 1
41499: PUSH Reg RBX 1
4149a: SUB Reg RSP, Immediate 24 4
4149e: MOV Reg RAX, Address (SizeDir 64 (AddrPlus (FromReg FS) (AddrImm 40))) 9
414a7: MOV Address (SizeDir 64 (AddrPlus (FromReg RSP) (AddrImm 8))), Reg RAX 5
414ac: XOR Reg EAX, Reg EAX 2
414ae: TEST Reg RSI, Reg RSI 3
414b1: JZ 414b8 (resolved immediate)
  |
  `- 414b3,414b8
414b3: CMP Address (SizeDir 32 (FromReg RSI)), Immediate 64 3
414b6: JZ 414e0 (resolved immediate)
  |
  `- 414b8,414e0
414b8: MOV Reg RCX, Address (SizeDir 64 (AddrPlus (FromReg RSP) (AddrImm 8))) 5
414bd: XOR Reg RCX, Address (SizeDir 64 (AddrPlus (FromReg FS) (AddrImm 40))) 9
414c6: JNZ 4155b (resolved immediate)
  |
  `- 414cc,4155b
414cc: ADD Reg RSP, Immediate 24 4
414d0: POP Reg RBX 1
414d1: POP Reg RBP 1
414d2: POP Reg R12 2
414d4: POP Reg R13 2
414d6: POP Reg R14 2
414d8: POP Reg R15 2
414da: RET  1
  |
  `- 
414e0: MOV Reg RBP, Address (SizeDir 64 (AddrPlus (FromReg RSI) (AddrImm 8))) 4
414e4: XOR Reg EBX, Reg EBX 2
414e6: MOV Reg R13, Reg RDI 3
414e9: MOV Reg R14D, Reg EDX 3
414ec: MOV Address (SizeDir 64 (FromReg RSP)), Immediate 0 8
414f4: MOV Reg R12, Reg RSP 3
414f7: MOV Reg EAX, Address (SizeDir 32 (AddrPlus (FromReg RBP) (AddrImm 8))) 3
414fa: TEST Reg EAX, Reg EAX 2
414fc: JNZ 4151b (resolved immediate)
  |
  `- 414fe,4151b
414fe: JMP 4152c (resolved immediate)
  |
  `- 4152c
41500: MOV Reg R15, Address (SizeDir 64 (FromReg RSP)) 4
41504: MOV Reg RDI, Reg R13 3
41507: MOV Reg RSI, Address (SizeDir 64 (FromReg R15)) 3
4150a: CALL strcmp (external)
4150f: TEST Reg EAX, Reg EAX 2
41511: JZ 41530 (resolved immediate)
  |
  `- 41513,41530
41513: ADD Reg EBX, Immediate 1 3
41516: CMP Address (SizeDir 32 (AddrPlus (FromReg RBP) (AddrImm 8))), Reg EBX 3
41519: JBE 4152c (resolved immediate)
  |
  `- 4151b,4152c
4151b: MOV Reg RDX, Reg R12 3
4151e: MOV Reg ESI, Reg EBX 2
41520: MOV Reg RDI, Reg RBP 3
41523: CALL flexarray_get (internal)
  |
  `- 41528,20500
41528: TEST Reg EAX, Reg EAX 2
4152a: JZ 41500 (resolved immediate)
  |
  `- 41500,4152c
4152c: XOR Reg EAX, Reg EAX 2
4152e: JMP 414b8 (resolved immediate)
  |
  `- 414b8
41530: CMP Reg R14D, Immediate 255 7
41537: MOV Reg RAX, Address (SizeDir 64 (AddrPlus (FromReg R15) (AddrImm 8))) 4
4153b: JZ 414b8 (resolved immediate)
  |
  `- 414b8,41541
41541: TEST Reg RAX, Reg RAX 3
41544: JZ 414b8 (resolved immediate)
  |
  `- 414b8,4154a
4154a: TEST Address (SizeDir 32 (FromReg RAX)), Reg R14D 3
4154d: MOV Reg EDX, Immediate 0 5
41552: CMOVZ Reg RAX, Reg RDX 4
41556: JMP 414b8 (resolved immediate)
  |
  `- 414b8
4155b: CALL __stack_chk_fail (external)
  |
  `- 
77dc0: PUSH Reg R12 2
77dc2: MOV Reg R12, Reg RDI 3
77dc5: PUSH Reg RBP 1
77dc6: LEA Reg RDI, Address (AddrPlus (FromReg RIP) (AddrImm 118906)) 7
77dcd: PUSH Reg RBX 1
77dce: MOV Reg RBP, Reg RDX 3
77dd1: MOV Reg EDX, Immediate 4 5
77dd6: MOV Reg RBX, Reg RSI 3
77dd9: CALL libxl__json_map_get (internal)
  |
  `- 41490
77dde: TEST Reg RAX, Reg RAX 3
77de1: JZ 77df9 (resolved immediate)
  |
  `- 77de3,77df9
77de3: MOV Reg RDX, Reg RBP 3
77de6: MOV Reg RSI, Reg RAX 3
77de9: MOV Reg RDI, Reg R12 3
77dec: CALL libxl__uint32_parse_json (external)
77df1: TEST Reg EAX, Reg EAX 2
77df3: JNZ 77e80 (resolved immediate)
  |
  `- 77df9,77e80
77df9: LEA Reg RDI, Address (AddrPlus (FromReg RIP) (AddrImm 191885)) 7
77e00: MOV Reg EDX, Immediate 4 5
77e05: MOV Reg RSI, Reg RBX 3
77e08: CALL libxl__json_map_get (internal)
77e0d: TEST Reg RAX, Reg RAX 3
77e10: JZ 77e25 (resolved immediate)
  |
  `- 77e12,77e25
77e12: LEA Reg RDX, Address (AddrPlus (FromReg RBP) (AddrImm 4)) 4
77e16: MOV Reg RSI, Reg RAX 3
77e19: MOV Reg RDI, Reg R12 3
77e1c: CALL libxl__uint32_parse_json (external)
77e21: TEST Reg EAX, Reg EAX 2
77e23: JNZ 77e80 (resolved immediate)
  |
  `- 77e25,77e80
77e25: LEA Reg RDI, Address (AddrPlus (FromReg RIP) (AddrImm 191849)) 7
77e2c: MOV Reg EDX, Immediate 4 5
77e31: MOV Reg RSI, Reg RBX 3
77e34: CALL libxl__json_map_get (internal)
77e39: TEST Reg RAX, Reg RAX 3
77e3c: JZ 77e51 (resolved immediate)
  |
  `- 77e3e,77e51
77e3e: LEA Reg RDX, Address (AddrPlus (FromReg RBP) (AddrImm 8)) 4
77e42: MOV Reg RSI, Reg RAX 3
77e45: MOV Reg RDI, Reg R12 3
77e48: CALL libxl__uint32_parse_json (external)
77e4d: TEST Reg EAX, Reg EAX 2
77e4f: JNZ 77e80 (resolved immediate)
  |
  `- 77e51,77e80
77e51: LEA Reg RDI, Address (AddrPlus (FromReg RIP) (AddrImm 191813)) 7
77e58: MOV Reg EDX, Immediate 2 5
77e5d: MOV Reg RSI, Reg RBX 3
77e60: CALL libxl__json_map_get (internal)
77e65: TEST Reg RAX, Reg RAX 3
77e68: JZ 77e80 (resolved immediate)
  |
  `- 77e6a,77e80
77e6a: POP Reg RBX 1
77e6b: LEA Reg RDX, Address (AddrPlus (FromReg RBP) (AddrImm 12)) 4
77e6f: MOV Reg RDI, Reg R12 3
77e72: MOV Reg RSI, Reg RAX 3
77e75: POP Reg RBP 1
77e76: POP Reg R12 2
77e78: JMP libxl__bool_parse_json (jmp to external function)
  |
  `- 
77e80: POP Reg RBX 1
77e81: POP Reg RBP 1
77e82: POP Reg R12 2
77e84: RET  1
  |
  `- 
