Number of assembly instructions     = 12
Number of indirect branches         = 0
Number of unresolved indirect jumps = 0: 
Number of unresolved indirect calls = 0: 
Number of symbolic states (representative of non-determinism): 12
Number of edges: 11

7cef0 (False): 0

7cef0: TEST Reg RDI, Reg RDI 3
7cef3: JZ 7cf18 (resolved immediate)
  |
  `- 7cef5,7cf18
7cef5: PUSH Reg RBX 1
7cef6: MOV Reg RBX, Reg RDI 3
7cef9: MOV Reg RDI, Address (SizeDir 64 (AddrPlus (FromReg RDI) (AddrImm 8))) 4
7cefd: CALL free (external)
7cf02: PXOR Reg XMM0, Reg XMM0 4
7cf06: MOV Address (SizeDir 64 (AddrPlus (FromReg RBX) (AddrImm 16))), Immediate 0 8
7cf0e: MOVUPS Address (SizeDir 128 (FromReg RBX)), Reg XMM0 3
7cf11: POP Reg RBX 1
7cf12: RET  1
  |
  `- 
7cf18: REPZ RET  2
  |
  `- 
