Number of assembly instructions     = 35
Number of indirect branches         = 0
Number of unresolved indirect jumps = 0: 
Number of unresolved indirect calls = 0: 
Number of symbolic states (representative of non-determinism): 35
Number of edges: 36

7e1a0 (False): 0

7e1a0: TEST Reg RDI, Reg RDI 3
7e1a3: JE 7e210 (resolved immediate)
  |
  `- 7e1a5,7e210
7e1a5: PUSH Reg R12 2
7e1a7: PUSH Reg RBP 1
7e1a8: PUSH Reg RBX 1
7e1a9: MOV Reg RBX, Reg RDI 3
7e1ac: MOV Reg RDI, Address (SizeDir 64 (FromReg RDI)) 3
7e1af: CALL free (external)
7e1b4: MOV Reg RDI, Address (SizeDir 64 (AddrPlus (FromReg RBX) (AddrImm 16))) 4
7e1b8: CALL free (external)
7e1bd: MOV Reg EAX, Address (SizeDir 32 (AddrPlus (FromReg RBX) (AddrImm 40))) 3
7e1c0: TEST Reg EAX, Reg EAX 2
7e1c2: JLE 7e1e8 (resolved immediate)
  |
  `- 7e1c4,7e1e8
7e1c4: XOR Reg R12D, Reg R12D 3
7e1c7: XOR Reg EBP, Reg EBP 2
7e1c9: NOP  7
7e1d0: MOV Reg RDI, Address (SizeDir 64 (AddrPlus (FromReg RBX) (AddrImm 48))) 4
7e1d4: ADD Reg EBP, Immediate 1 3
7e1d7: ADD Reg RDI, Reg R12 3
7e1da: ADD Reg R12, Immediate 32 4
7e1de: CALL libxl_connectorinfo_dispose (external)
7e1e3: CMP Address (SizeDir 32 (AddrPlus (FromReg RBX) (AddrImm 40))), Reg EBP 3
7e1e6: JG 7e1d0 (resolved immediate)
  |
  `- 7e1d0,7e1e8
7e1e8: MOV Reg RDI, Address (SizeDir 64 (AddrPlus (FromReg RBX) (AddrImm 48))) 4
7e1ec: CALL free (external)
7e1f1: PXOR Reg XMM0, Reg XMM0 4
7e1f5: MOV Address (SizeDir 64 (AddrPlus (FromReg RBX) (AddrImm 48))), Immediate 0 8
7e1fd: MOVUPS Address (SizeDir 128 (FromReg RBX)), Reg XMM0 3
7e200: MOVUPS Address (SizeDir 128 (AddrPlus (FromReg RBX) (AddrImm 16))), Reg XMM0 4
7e204: MOVUPS Address (SizeDir 128 (AddrPlus (FromReg RBX) (AddrImm 32))), Reg XMM0 4
7e208: POP Reg RBX 1
7e209: POP Reg RBP 1
7e20a: POP Reg R12 2
7e20c: RET  1
  |
  `- 
7e210: RET  2
  |
  `- 
