Number of assembly instructions     = 211
Number of indirect branches         = 0
Number of unresolved indirect jumps = 0: 
Number of unresolved indirect calls = 0: 
Number of symbolic states (representative of non-determinism): 211
Number of edges: 223

40c90 (True): 79de2, 79e8c, 79ebf, 79eff, 79f3f, 79f7f, 79fbf, 7a00c, 7a043
79d90 (False): 0

40c90: TEST Reg RSI, Reg RSI 3
40c93: JE 40cc0 (resolved immediate)
  |
  `- 40c95,40cc0
40c95: PUSH Reg RBP 1
40c96: PUSH Reg RBX 1
40c97: MOV Reg RBP, Reg RDI 3
40c9a: MOV Reg RDI, Reg RSI 3
40c9d: MOV Reg RBX, Reg RSI 3
40ca0: SUB Reg RSP, Immediate 8 4
40ca4: CALL strlen (external)
40ca9: ADD Reg RSP, Immediate 8 4
40cad: MOV Reg RSI, Reg RBX 3
40cb0: MOV Reg RDI, Reg RBP 3
40cb3: POP Reg RBX 1
40cb4: POP Reg RBP 1
40cb5: MOV Reg RDX, Reg RAX 3
40cb8: JMP yajl_gen_string (jmp to external function)
  |
  `- 
40cc0: JMP yajl_gen_null (jmp to external function)
  |
  `- 
79d90: PUSH Reg RBP 1
79d91: PUSH Reg RBX 1
79d92: MOV Reg RBP, Reg RSI 3
79d95: MOV Reg RBX, Reg RDI 3
79d98: SUB Reg RSP, Immediate 8 4
79d9c: CALL yajl_gen_map_open (external)
79da1: TEST Reg EAX, Reg EAX 2
79da3: JNE 79e13 (resolved immediate)
  |
  `- 79da5,79e13
79da5: MOV Reg ESI, Address (SizeDir 32 (FromReg RBP)) 3
79da8: TEST Reg ESI, Reg ESI 2
79daa: JNE 79e20 (resolved immediate)
  |
  `- 79dac,79e20
79dac: MOV Reg ECX, Address (SizeDir 32 (AddrPlus (FromReg RBP) (AddrImm 4))) 3
79daf: TEST Reg ECX, Reg ECX 2
79db1: JNE 79e50 (resolved immediate)
  |
  `- 79db7,79e50
79db7: CMP Address (SizeDir 64 (AddrPlus (FromReg RBP) (AddrImm 8))), Immediate 0 5
79dbc: JE 79df0 (resolved immediate)
  |
  `- 79dbe,79df0
79dbe: LEA Reg RSI, Address (SizeDir 64 (AddrPlus (FromReg RIP) (AddrImm 183346))) 7
79dc5: MOV Reg EDX, Immediate 17 5
79dca: MOV Reg RDI, Reg RBX 3
79dcd: CALL yajl_gen_string (external)
79dd2: TEST Reg EAX, Reg EAX 2
79dd4: JNE 79e13 (resolved immediate)
79dd6: MOV Reg RSI, Address (SizeDir 64 (AddrPlus (FromReg RBP) (AddrImm 8))) 4
79dda: MOV Reg RDI, Reg RBX 3
79ddd: CALL libxl__string_gen_json (internal)
  |
  `- 79de2,40c90
79de2: TEST Reg EAX, Reg EAX 2
79de4: JNE 79e13 (resolved immediate)
79de6: NOP  10
79df0: CMP Address (SizeDir 64 (AddrPlus (FromReg RBP) (AddrImm 16))), Immediate 0 5
79df5: JE 79e90 (resolved immediate)
  |
  `- 79dfb,79e90
79dfb: LEA Reg RSI, Address (SizeDir 64 (AddrPlus (FromReg RIP) (AddrImm 183303))) 7
79e02: MOV Reg EDX, Immediate 8 5
79e07: MOV Reg RDI, Reg RBX 3
79e0a: CALL yajl_gen_string (external)
79e0f: TEST Reg EAX, Reg EAX 2
79e11: JE 79e80 (resolved immediate)
  |
  `- 79e80
79e13: ADD Reg RSP, Immediate 8 4
79e17: POP Reg RBX 1
79e18: POP Reg RBP 1
79e19: RET  1
  |
  `- 
79e20: LEA Reg RSI, Address (SizeDir 64 (AddrPlus (FromReg RIP) (AddrImm 183212))) 7
79e27: MOV Reg EDX, Immediate 17 5
79e2c: MOV Reg RDI, Reg RBX 3
79e2f: CALL yajl_gen_string (external)
79e34: TEST Reg EAX, Reg EAX 2
79e36: JNE 79e13 (resolved immediate)
79e38: MOVSXD Reg RSI, Address (SizeDir 32 (FromReg RBP)) 4
79e3c: MOV Reg RDI, Reg RBX 3
79e3f: CALL yajl_gen_integer (external)
79e44: TEST Reg EAX, Reg EAX 2
79e46: JE 79dac (resolved immediate)
  |
  `- 79dac
79e50: LEA Reg RSI, Address (SizeDir 64 (AddrPlus (FromReg RIP) (AddrImm 183182))) 7
79e57: MOV Reg EDX, Immediate 17 5
79e5c: MOV Reg RDI, Reg RBX 3
79e5f: CALL yajl_gen_string (external)
79e64: TEST Reg EAX, Reg EAX 2
79e66: JNE 79e13 (resolved immediate)
79e68: MOVSXD Reg RSI, Address (SizeDir 32 (AddrPlus (FromReg RBP) (AddrImm 4))) 4
79e6c: MOV Reg RDI, Reg RBX 3
79e6f: CALL yajl_gen_integer (external)
79e74: TEST Reg EAX, Reg EAX 2
79e76: JE 79db7 (resolved immediate)
  |
  `- 79db7
79e80: MOV Reg RSI, Address (SizeDir 64 (AddrPlus (FromReg RBP) (AddrImm 16))) 4
79e84: MOV Reg RDI, Reg RBX 3
79e87: CALL libxl__string_gen_json (internal)
79e8c: TEST Reg EAX, Reg EAX 2
79e8e: JNE 79e13 (resolved immediate)
79e90: CMP Address (SizeDir 64 (AddrPlus (FromReg RBP) (AddrImm 24))), Immediate 0 5
79e95: JE 79ed0 (resolved immediate)
  |
  `- 79e97,79ed0
79e97: LEA Reg RSI, Address (SizeDir 64 (AddrPlus (FromReg RIP) (AddrImm 183156))) 7
79e9e: MOV Reg EDX, Immediate 10 5
79ea3: MOV Reg RDI, Reg RBX 3
79ea6: CALL yajl_gen_string (external)
79eab: TEST Reg EAX, Reg EAX 2
79ead: JNE 79e13 (resolved immediate)
79eb3: MOV Reg RSI, Address (SizeDir 64 (AddrPlus (FromReg RBP) (AddrImm 24))) 4
79eb7: MOV Reg RDI, Reg RBX 3
79eba: CALL libxl__string_gen_json (internal)
79ebf: TEST Reg EAX, Reg EAX 2
79ec1: JNE 79e13 (resolved immediate)
79ec7: NOP  9
79ed0: CMP Address (SizeDir 64 (AddrPlus (FromReg RBP) (AddrImm 32))), Immediate 0 5
79ed5: JE 79f10 (resolved immediate)
  |
  `- 79ed7,79f10
79ed7: LEA Reg RSI, Address (SizeDir 64 (AddrPlus (FromReg RIP) (AddrImm 183103))) 7
79ede: MOV Reg EDX, Immediate 14 5
79ee3: MOV Reg RDI, Reg RBX 3
79ee6: CALL yajl_gen_string (external)
79eeb: TEST Reg EAX, Reg EAX 2
79eed: JNE 79e13 (resolved immediate)
79ef3: MOV Reg RSI, Address (SizeDir 64 (AddrPlus (FromReg RBP) (AddrImm 32))) 4
79ef7: MOV Reg RDI, Reg RBX 3
79efa: CALL libxl__string_gen_json (internal)
79eff: TEST Reg EAX, Reg EAX 2
79f01: JNE 79e13 (resolved immediate)
79f07: NOP  9
79f10: CMP Address (SizeDir 64 (AddrPlus (FromReg RBP) (AddrImm 40))), Immediate 0 5
79f15: JE 79f50 (resolved immediate)
  |
  `- 79f17,79f50
79f17: LEA Reg RSI, Address (SizeDir 64 (AddrPlus (FromReg RIP) (AddrImm 183054))) 7
79f1e: MOV Reg EDX, Immediate 12 5
79f23: MOV Reg RDI, Reg RBX 3
79f26: CALL yajl_gen_string (external)
79f2b: TEST Reg EAX, Reg EAX 2
79f2d: JNE 79e13 (resolved immediate)
79f33: MOV Reg RSI, Address (SizeDir 64 (AddrPlus (FromReg RBP) (AddrImm 40))) 4
79f37: MOV Reg RDI, Reg RBX 3
79f3a: CALL libxl__string_gen_json (internal)
79f3f: TEST Reg EAX, Reg EAX 2
79f41: JNE 79e13 (resolved immediate)
79f47: NOP  9
79f50: CMP Address (SizeDir 64 (AddrPlus (FromReg RBP) (AddrImm 48))), Immediate 0 5
79f55: JE 79f90 (resolved immediate)
  |
  `- 79f57,79f90
79f57: LEA Reg RSI, Address (SizeDir 64 (AddrPlus (FromReg RIP) (AddrImm 142813))) 7
79f5e: MOV Reg EDX, Immediate 12 5
79f63: MOV Reg RDI, Reg RBX 3
79f66: CALL yajl_gen_string (external)
79f6b: TEST Reg EAX, Reg EAX 2
79f6d: JNE 79e13 (resolved immediate)
79f73: MOV Reg RSI, Address (SizeDir 64 (AddrPlus (FromReg RBP) (AddrImm 48))) 4
79f77: MOV Reg RDI, Reg RBX 3
79f7a: CALL libxl__string_gen_json (internal)
79f7f: TEST Reg EAX, Reg EAX 2
79f81: JNE 79e13 (resolved immediate)
79f87: NOP  9
79f90: CMP Address (SizeDir 64 (AddrPlus (FromReg RBP) (AddrImm 56))), Immediate 0 5
79f95: JE 79fc7 (resolved immediate)
  |
  `- 79f97,79fc7
79f97: LEA Reg RSI, Address (SizeDir 64 (AddrPlus (FromReg RIP) (AddrImm 182939))) 7
79f9e: MOV Reg EDX, Immediate 9 5
79fa3: MOV Reg RDI, Reg RBX 3
79fa6: CALL yajl_gen_string (external)
79fab: TEST Reg EAX, Reg EAX 2
79fad: JNE 79e13 (resolved immediate)
79fb3: MOV Reg RSI, Address (SizeDir 64 (AddrPlus (FromReg RBP) (AddrImm 56))) 4
79fb7: MOV Reg RDI, Reg RBX 3
79fba: CALL libxl__string_gen_json (internal)
79fbf: TEST Reg EAX, Reg EAX 2
79fc1: JNE 79e13 (resolved immediate)
79fc7: CMP Address (SizeDir 64 (AddrPlus (FromReg RBP) (AddrImm 64))), Immediate 0 5
79fcc: JNE 7a056 (resolved immediate)
  |
  `- 79fd2,7a056
79fd2: MOV Reg EDX, Address (SizeDir 32 (AddrPlus (FromReg RBP) (AddrImm 72))) 3
79fd5: TEST Reg EDX, Reg EDX 2
79fd7: JNE 7a08b (resolved immediate)
  |
  `- 79fdd,7a08b
79fdd: CMP Address (SizeDir 64 (AddrPlus (FromReg RBP) (AddrImm 80))), Immediate 0 5
79fe2: JE 7a014 (resolved immediate)
  |
  `- 79fe4,7a014
79fe4: LEA Reg RSI, Address (SizeDir 64 (AddrPlus (FromReg RIP) (AddrImm 182892))) 7
79feb: MOV Reg EDX, Immediate 11 5
79ff0: MOV Reg RDI, Reg RBX 3
79ff3: CALL yajl_gen_string (external)
79ff8: TEST Reg EAX, Reg EAX 2
79ffa: JNE 79e13 (resolved immediate)
7a000: MOV Reg RSI, Address (SizeDir 64 (AddrPlus (FromReg RBP) (AddrImm 80))) 4
7a004: MOV Reg RDI, Reg RBX 3
7a007: CALL libxl__string_gen_json (internal)
7a00c: TEST Reg EAX, Reg EAX 2
7a00e: JNE 79e13 (resolved immediate)
7a014: CMP Address (SizeDir 64 (AddrPlus (FromReg RBP) (AddrImm 88))), Immediate 0 5
7a019: JE 7a04b (resolved immediate)
  |
  `- 7a01b,7a04b
7a01b: LEA Reg RSI, Address (SizeDir 64 (AddrPlus (FromReg RIP) (AddrImm 102245))) 7
7a022: MOV Reg EDX, Immediate 8 5
7a027: MOV Reg RDI, Reg RBX 3
7a02a: CALL yajl_gen_string (external)
7a02f: TEST Reg EAX, Reg EAX 2
7a031: JNE 79e13 (resolved immediate)
7a037: MOV Reg RSI, Address (SizeDir 64 (AddrPlus (FromReg RBP) (AddrImm 88))) 4
7a03b: MOV Reg RDI, Reg RBX 3
7a03e: CALL libxl__string_gen_json (internal)
7a043: TEST Reg EAX, Reg EAX 2
7a045: JNE 79e13 (resolved immediate)
7a04b: POP Reg RAX 1
7a04c: MOV Reg RDI, Reg RBX 3
7a04f: POP Reg RBX 1
7a050: POP Reg RBP 1
7a051: JMP yajl_gen_map_close (jmp to external function)
  |
  `- 
7a056: LEA Reg RSI, Address (SizeDir 64 (AddrPlus (FromReg RIP) (AddrImm 182758))) 7
7a05d: MOV Reg EDX, Immediate 10 5
7a062: MOV Reg RDI, Reg RBX 3
7a065: CALL yajl_gen_string (external)
7a06a: TEST Reg EAX, Reg EAX 2
7a06c: JNE 79e13 (resolved immediate)
7a072: MOV Reg RSI, Address (SizeDir 64 (AddrPlus (FromReg RBP) (AddrImm 64))) 4
7a076: MOV Reg RDI, Reg RBX 3
7a079: CALL libxl__uint64_gen_json (external)
7a07e: TEST Reg EAX, Reg EAX 2
7a080: JE 79fd2 (resolved immediate)
  |
  `- 79fd2
7a08b: LEA Reg RSI, Address (SizeDir 64 (AddrPlus (FromReg RIP) (AddrImm 182716))) 7
7a092: MOV Reg EDX, Immediate 8 5
7a097: MOV Reg RDI, Reg RBX 3
7a09a: CALL yajl_gen_string (external)
7a09f: TEST Reg EAX, Reg EAX 2
7a0a1: JNE 79e13 (resolved immediate)
7a0a7: MOVSXD Reg RSI, Address (SizeDir 32 (AddrPlus (FromReg RBP) (AddrImm 72))) 4
7a0ab: MOV Reg RDI, Reg RBX 3
7a0ae: CALL yajl_gen_integer (external)
7a0b3: TEST Reg EAX, Reg EAX 2
7a0b5: JE 79fdd (resolved immediate)
  |
  `- 79fdd
