Number of assembly instructions     = 71
Number of indirect branches         = 0
Number of unresolved indirect jumps = 0: 
Number of unresolved indirect calls = 0: 
Number of symbolic states (representative of non-determinism): 71
Number of edges: 78

20500 (True): 411b6
41160 (True): 41372
41340 (False): 0

20500: CMP Address (SizeDir 32 (FromReg RDI)), Reg ESI 2
20502: MOV Reg EAX, Immediate 1 5
20507: JLE 20519 (resolved immediate)
  |
  `- 20509,20519
20509: MOV Reg RAX, Address (SizeDir 64 (AddrPlus (FromReg RDI) (AddrImm 16))) 4
2050d: MOVSXD Reg RSI, Reg ESI 3
20510: MOV Reg RAX, Address (SizeDir 64 (AddrPlus (FromReg RAX) (AddrTimes (AddrImm 8) (FromReg RSI)))) 4
20514: MOV Address (SizeDir 64 (FromReg RDX)), Reg RAX 3
20517: XOR Reg EAX, Reg EAX 2
20519: REPZ RET  2
  |
  `- 
41160: SUB Reg RSP, Immediate 24 4
41164: MOV Reg RAX, Address (SizeDir 64 (AddrPlus (FromReg FS) (AddrImm 40))) 9
4116d: MOV Address (SizeDir 64 (AddrPlus (FromReg RSP) (AddrImm 8))), Reg RAX 5
41172: XOR Reg EAX, Reg EAX 2
41174: TEST Reg RDI, Reg RDI 3
41177: MOV Address (SizeDir 64 (FromReg RSP)), Immediate 0 8
4117f: JZ 41189 (resolved immediate)
  |
  `- 41181,41189
41181: CMP Address (SizeDir 32 (FromReg RDI)), Immediate 128 6
41187: JZ 411a0 (resolved immediate)
  |
  `- 41189,411a0
41189: XOR Reg EAX, Reg EAX 2
4118b: MOV Reg RCX, Address (SizeDir 64 (AddrPlus (FromReg RSP) (AddrImm 8))) 5
41190: XOR Reg RCX, Address (SizeDir 64 (AddrPlus (FromReg FS) (AddrImm 40))) 9
41199: JNZ 411c0 (resolved immediate)
  |
  `- 4119b,411c0
4119b: ADD Reg RSP, Immediate 24 4
4119f: RET  1
  |
  `- 
411a0: MOV Reg RDI, Address (SizeDir 64 (AddrPlus (FromReg RDI) (AddrImm 8))) 4
411a4: TEST Reg RDI, Reg RDI 3
411a7: JZ 41189 (resolved immediate)
  |
  `- 41189,411a9
411a9: CMP Address (SizeDir 32 (AddrPlus (FromReg RDI) (AddrImm 8))), Reg ESI 3
411ac: JBE 41189 (resolved immediate)
  |
  `- 41189,411ae
411ae: MOV Reg RDX, Reg RSP 3
411b1: CALL flexarray_get (internal)
  |
  `- 20500
411b6: TEST Reg EAX, Reg EAX 2
411b8: JNZ 41189 (resolved immediate)
  |
  `- 41189,411ba
411ba: MOV Reg RAX, Address (SizeDir 64 (FromReg RSP)) 4
411be: JMP 4118b (resolved immediate)
  |
  `- 4118b
411c0: CALL __stack_chk_fail (external)
  |
  `- 
41340: TEST Reg RSI, Reg RSI 3
41343: JZ 4134d (resolved immediate)
  |
  `- 41345,4134d
41345: CMP Address (SizeDir 32 (FromReg RSI)), Immediate 128 6
4134b: JZ 41358 (resolved immediate)
  |
  `- 4134d,41358
4134d: MOV Reg EAX, Immediate 4294967293 5
41352: RET  1
  |
  `- 
41358: PUSH Reg R12 2
4135a: MOV Reg R12, Reg RDX 3
4135d: PUSH Reg RBP 1
4135e: MOV Reg RBP, Reg RSI 3
41361: PUSH Reg RBX 1
41362: XOR Reg EBX, Reg EBX 2
41364: NOP  4
41368: MOV Reg ESI, Reg EBX 2
4136a: MOV Reg RDI, Reg RBP 3
4136d: CALL libxl__json_array_get (internal)
  |
  `- 41372,41160
41372: TEST Reg RAX, Reg RAX 3
41375: JZ 4137c (resolved immediate)
  |
  `- 41377,4137c
41377: CMP Address (SizeDir 32 (FromReg RAX)), Immediate 4 3
4137a: JZ 41390 (resolved immediate)
  |
  `- 4137c,41390
4137c: POP Reg RBX 1
4137d: MOV Reg EAX, Immediate 4294967293 5
41382: POP Reg RBP 1
41383: POP Reg R12 2
41385: RET  1
  |
  `- 
41390: MOV Reg RAX, Address (SizeDir 64 (AddrPlus (FromReg RAX) (AddrImm 8))) 4
41394: MOV Address (SizeDir 32 (AddrPlus (FromReg R12) (AddrTimes (AddrImm 4) (FromReg RBX)))), Reg EAX 4
41398: ADD Reg RBX, Immediate 1 4
4139c: CMP Reg RBX, Immediate 4 4
413a0: JNZ 41368 (resolved immediate)
  |
  `- 41368,413a2
413a2: POP Reg RBX 1
413a3: XOR Reg EAX, Reg EAX 2
413a5: POP Reg RBP 1
413a6: POP Reg R12 2
413a8: RET  1
  |
  `- 
