Number of assembly instructions     = 10
Number of indirect branches         = 0
Number of unresolved indirect jumps = 0: 
Number of unresolved indirect calls = 0: 
Number of symbolic states (representative of non-determinism): 10
Number of edges: 9

7d860 (False): 0

7d860: TEST Reg RDI, Reg RDI 3
7d863: JZ 7d880 (resolved immediate)
  |
  `- 7d865,7d880
7d865: PUSH Reg RBX 1
7d866: MOV Reg RBX, Reg RDI 3
7d869: MOV Reg RDI, Address (SizeDir 64 (FromReg RDI)) 3
7d86c: CALL free (external)
7d871: MOV Address (SizeDir 64 (FromReg RBX)), Immediate 0 7
7d878: POP Reg RBX 1
7d879: RET  1
  |
  `- 
7d880: REPZ RET  2
  |
  `- 
