Number of assembly instructions     = 245
Number of indirect branches         = 1
Number of unresolved indirect jumps = 0: 
Number of unresolved indirect calls = 1: 4d09a
Number of symbolic states (representative of non-determinism): 245
Number of edges: 248

4cc40 (False): 4d10a
50d60 (True): 514d5
50dd0 (True): 51519
50e40 (True): 50efb, 5110b
50ee0 (True): 514da
50f50 (True): 51535
510e0 (True): 5150a
514a0 (False): 0

4cc40: LEA Reg RCX, Address (SizeDir 64 (AddrPlus (FromReg RIP) (AddrImm 335369))) 7
4cc47: LEA Reg RSI, Address (SizeDir 64 (AddrPlus (FromReg RIP) (AddrImm 287246))) 7
4cc4e: LEA Reg RDI, Address (SizeDir 64 (AddrPlus (FromReg RIP) (AddrImm 287256))) 7
4cc55: SUB Reg RSP, Immediate 8 4
4cc59: MOV Reg EDX, Immediate 4217 5
4cc5e: CALL __assert_fail (external)
  |
  `- 
4d020: PUSH Reg RBP 1
4d021: PUSH Reg RBX 1
4d022: MOV Reg RBP, Reg RDI 3
4d025: MOV Reg RBX, Reg RSI 3
4d028: SUB Reg RSP, Immediate 8 4
4d02c: MOV Reg RAX, Address (SizeDir 64 (AddrPlus (FromReg RDI) (AddrImm 16))) 4
4d030: LEA Reg RDI, Address (SizeDir 64 (AddrPlus (FromReg RAX) (AddrImm 64))) 4
4d034: CALL pthread_mutex_lock (external)
4d039: TEST Reg EAX, Reg EAX 2
4d03b: JNE 4d105 (resolved immediate)
  |
  `- 4d041,4d105
4d041: MOV Reg EAX, Address (SizeDir 32 (FromReg RBX)) 2
4d043: MOV Reg RDI, Address (SizeDir 64 (AddrPlus (FromReg RBP) (AddrImm 16))) 4
4d047: TEST Reg EAX, Reg EAX 2
4d049: JS 4d0f1 (resolved immediate)
  |
  `- 4d04f,4d0f1
4d04f: CMP Address (SizeDir 64 (AddrPlus (FromReg RDI) (AddrImm 128))), Immediate 0 8
4d057: JE 4d0a5 (resolved immediate)
  |
  `- 4d059,4d0a5
4d059: ADD Address (SizeDir 32 (AddrPlus (FromReg RDI) (AddrImm 120))), Immediate 1 4
4d05d: MOV Reg RDX, Address (SizeDir 64 (AddrPlus (FromReg RBP) (AddrImm 16))) 4
4d061: MOV Reg RAX, Address (SizeDir 64 (AddrPlus (FromReg RBX) (AddrImm 32))) 4
4d065: MOV Address (SizeDir 64 (FromReg RAX)), Immediate 0 7
4d06c: MOV Reg RCX, Address (SizeDir 64 (AddrPlus (FromReg RDX) (AddrImm 176))) 7
4d073: MOV Address (SizeDir 64 (AddrPlus (FromReg RAX) (AddrImm 16))), Reg RCX 4
4d077: MOV Address (SizeDir 64 (AddrPlus (FromReg RDX) (AddrImm 176))), Reg RAX 7
4d07e: MOV Reg RAX, Address (SizeDir 64 (AddrPlus (FromReg RBP) (AddrImm 16))) 4
4d082: MOV Reg RDX, Address (SizeDir 64 (AddrPlus (FromReg RBX) (AddrImm 32))) 4
4d086: MOV Reg ESI, Address (SizeDir 32 (FromReg RBX)) 2
4d088: MOV Reg RDI, Address (SizeDir 64 (AddrPlus (FromReg RAX) (AddrImm 136))) 7
4d08f: MOV Reg RAX, Address (SizeDir 64 (AddrPlus (FromReg RAX) (AddrImm 128))) 7
4d096: MOV Reg RDX, Address (SizeDir 64 (AddrPlus (FromReg RDX) (AddrImm 8))) 4
4d09a: CALL Address (SizeDir 64 (AddrPlus (FromReg RAX) (AddrImm 16))) 3
4d09d: MOV Reg RAX, Address (SizeDir 64 (AddrPlus (FromReg RBP) (AddrImm 16))) 4
4d0a1: SUB Address (SizeDir 32 (AddrPlus (FromReg RAX) (AddrImm 120))), Immediate 1 4
4d0a5: MOV Reg RAX, Address (SizeDir 64 (AddrPlus (FromReg RBX) (AddrImm 16))) 4
4d0a9: MOV Reg RDX, Address (SizeDir 64 (AddrPlus (FromReg RBX) (AddrImm 24))) 4
4d0ad: TEST Reg RAX, Reg RAX 3
4d0b0: JE 4d0be (resolved immediate)
  |
  `- 4d0b2,4d0be
4d0b2: MOV Address (SizeDir 64 (AddrPlus (FromReg RAX) (AddrImm 24))), Reg RDX 4
4d0b6: MOV Reg RDX, Address (SizeDir 64 (AddrPlus (FromReg RBX) (AddrImm 24))) 4
4d0ba: MOV Reg RAX, Address (SizeDir 64 (AddrPlus (FromReg RBX) (AddrImm 16))) 4
4d0be: MOV Address (SizeDir 64 (FromReg RDX)), Reg RAX 3
4d0c1: MOV Address (SizeDir 32 (FromReg RBX)), Immediate 4294967295 6
4d0c7: MOV Reg RDI, Address (SizeDir 64 (AddrPlus (FromReg RBP) (AddrImm 16))) 4
4d0cb: MOV Reg RAX, Address (SizeDir 64 (AddrPlus (FromReg RDI) (AddrImm 168))) 7
4d0d2: TEST Reg RAX, Reg RAX 3
4d0d5: JE 4d0f1 (resolved immediate)
  |
  `- 4d0d7,4d0f1
4d0d7: NOP  9
4d0e0: MOV Address (SizeDir 8 (AddrPlus (FromReg RAX) (AddrImm 64))), Immediate 1 4
4d0e4: MOV Reg RAX, Address (SizeDir 64 (AddrPlus (FromReg RAX) (AddrImm 48))) 4
4d0e8: TEST Reg RAX, Reg RAX 3
4d0eb: JNE 4d0e0 (resolved immediate)
  |
  `- 4d0e0,4d0ed
4d0ed: MOV Reg RDI, Address (SizeDir 64 (AddrPlus (FromReg RBP) (AddrImm 16))) 4
4d0f1: ADD Reg RDI, Immediate 64 4
4d0f5: CALL pthread_mutex_unlock (external)
4d0fa: TEST Reg EAX, Reg EAX 2
4d0fc: JNE 4d10a (resolved immediate)
4d0fe: ADD Reg RSP, Immediate 8 4
4d102: POP Reg RBX 1
4d103: POP Reg RBP 1
4d104: RET  1
  |
  `- 
4d105: CALL libxl__ctx_lock.part.16 (internal)
  |
  `- 4cc40
50d60: LEA Reg RDI, Address (SizeDir 64 (AddrPlus (FromReg RIP) (AddrImm 2622265))) 7
50d67: SUB Reg RSP, Immediate 8 4
50d6b: CALL pthread_mutex_lock (external)
50d70: TEST Reg EAX, Reg EAX 2
50d72: JNE 50d79 (resolved immediate)
  |
  `- 50d74,50d79
50d74: ADD Reg RSP, Immediate 8 4
50d78: RET  1
  |
  `- 
50d79: LEA Reg RCX, Address (SizeDir 64 (AddrPlus (FromReg RIP) (AddrImm 320112))) 7
50d80: LEA Reg RSI, Address (SizeDir 64 (AddrPlus (FromReg RIP) (AddrImm 318703))) 7
50d87: LEA Reg RDI, Address (SizeDir 64 (AddrPlus (FromReg RIP) (AddrImm 270559))) 7
50d8e: MOV Reg EDX, Immediate 69 5
50d93: CALL __assert_fail (external)
  |
  `- 
50dd0: LEA Reg RDI, Address (SizeDir 64 (AddrPlus (FromReg RIP) (AddrImm 2622153))) 7
50dd7: SUB Reg RSP, Immediate 8 4
50ddb: CALL pthread_mutex_unlock (external)
50de0: TEST Reg EAX, Reg EAX 2
50de2: JNE 50de9 (resolved immediate)
  |
  `- 50de4,50de9
50de4: ADD Reg RSP, Immediate 8 4
50de8: RET  1
  |
  `- 
50de9: LEA Reg RCX, Address (SizeDir 64 (AddrPlus (FromReg RIP) (AddrImm 319984))) 7
50df0: LEA Reg RSI, Address (SizeDir 64 (AddrPlus (FromReg RIP) (AddrImm 318591))) 7
50df7: LEA Reg RDI, Address (SizeDir 64 (AddrPlus (FromReg RIP) (AddrImm 270447))) 7
50dfe: MOV Reg EDX, Immediate 75 5
50e03: CALL __assert_fail (external)
  |
  `- 
50e40: PUSH Reg RBP 1
50e41: PUSH Reg RBX 1
50e42: MOV Reg RDX, Reg RDI 3
50e45: MOV Reg ECX, Immediate 18 5
50e4a: MOV Reg RBP, Reg RSI 3
50e4d: SUB Reg RSP, Immediate 168 7
50e54: MOV Reg RBX, Reg RSP 3
50e57: MOV Address (SizeDir 64 (FromReg RSP)), Reg RDX 4
50e5b: LEA Reg R8, Address (SizeDir 64 (AddrPlus (FromReg RBX) (AddrImm 8))) 4
50e5f: MOV Reg RAX, Address (SizeDir 64 (AddrPlus (FromReg FS) (AddrImm 40))) 9
50e68: MOV Address (SizeDir 64 (AddrPlus (FromReg RSP) (AddrImm 152))), Reg RAX 8
50e70: XOR Reg EAX, Reg EAX 2
50e72: MOV Reg RDI, Reg R8 3
50e75: REP STOSQ Address (SizeDir 64 (FromReg RDI)), Reg RAX 3
50e78: MOV Reg RDI, Reg R8 3
50e7b: CALL sigemptyset (external)
50e80: MOV Reg RDX, Reg RBP 3
50e83: MOV Reg RSI, Reg RBX 3
50e86: MOV Reg EDI, Immediate 17 5
50e8b: MOV Address (SizeDir 32 (AddrPlus (FromReg RSP) (AddrImm 136))), Immediate 268435457 11
50e96: CALL sigaction (external)
50e9b: TEST Reg EAX, Reg EAX 2
50e9d: JNE 50ebc (resolved immediate)
  |
  `- 50e9f,50ebc
50e9f: MOV Reg RAX, Address (SizeDir 64 (AddrPlus (FromReg RSP) (AddrImm 152))) 8
50ea7: XOR Reg RAX, Address (SizeDir 64 (AddrPlus (FromReg FS) (AddrImm 40))) 9
50eb0: JNE 50edb (resolved immediate)
  |
  `- 50eb2,50edb
50eb2: ADD Reg RSP, Immediate 168 7
50eb9: POP Reg RBX 1
50eba: POP Reg RBP 1
50ebb: RET  1
  |
  `- 
50ebc: LEA Reg RCX, Address (SizeDir 64 (AddrPlus (FromReg RIP) (AddrImm 319693))) 7
50ec3: LEA Reg RSI, Address (SizeDir 64 (AddrPlus (FromReg RIP) (AddrImm 318380))) 7
50eca: LEA Reg RDI, Address (SizeDir 64 (AddrPlus (FromReg RIP) (AddrImm 270236))) 7
50ed1: MOV Reg EDX, Immediate 261 5
50ed6: CALL __assert_fail (external)
  |
  `- 
50edb: CALL __stack_chk_fail (external)
  |
  `- 
50ee0: SUB Reg RSP, Immediate 8 4
50ee4: CMP Address (SizeDir 8 (AddrPlus (FromReg RIP) (AddrImm 2621853))), Immediate 0 7
50eeb: JE 50f10 (resolved immediate)
  |
  `- 50eed,50f10
50eed: LEA Reg RDI, Address (SizeDir 64 (AddrMinus (FromReg RIP) (AddrImm 820))) 7
50ef4: XOR Reg ESI, Reg ESI 2
50ef6: CALL sigchld_sethandler_raw (internal)
  |
  `- 50e40
50efb: LEA Reg RDI, Address (SizeDir 64 (AddrPlus (FromReg RIP) (AddrImm 2621790))) 7
50f02: CALL pthread_mutex_lock (external)
50f07: TEST Reg EAX, Reg EAX 2
50f09: JNE 50f2f (resolved immediate)
  |
  `- 50f0b,50f2f
50f0b: ADD Reg RSP, Immediate 8 4
50f0f: RET  1
  |
  `- 
50f10: LEA Reg RCX, Address (SizeDir 64 (AddrPlus (FromReg RIP) (AddrImm 319633))) 7
50f17: LEA Reg RSI, Address (SizeDir 64 (AddrPlus (FromReg RIP) (AddrImm 318296))) 7
50f1e: LEA Reg RDI, Address (SizeDir 64 (AddrPlus (FromReg RIP) (AddrImm 318319))) 7
50f25: MOV Reg EDX, Immediate 291 5
50f2a: CALL __assert_fail (external)
  |
  `- 
50f2f: LEA Reg RCX, Address (SizeDir 64 (AddrPlus (FromReg RIP) (AddrImm 319602))) 7
50f36: LEA Reg RSI, Address (SizeDir 64 (AddrPlus (FromReg RIP) (AddrImm 318265))) 7
50f3d: LEA Reg RDI, Address (SizeDir 64 (AddrPlus (FromReg RIP) (AddrImm 270121))) 7
50f44: MOV Reg EDX, Immediate 301 5
50f49: CALL __assert_fail (external)
  |
  `- 
50f50: SUB Reg RSP, Immediate 168 7
50f57: MOV Reg RAX, Address (SizeDir 64 (AddrPlus (FromReg FS) (AddrImm 40))) 9
50f60: MOV Address (SizeDir 64 (AddrPlus (FromReg RSP) (AddrImm 152))), Reg RAX 8
50f68: XOR Reg EAX, Reg EAX 2
50f6a: CMP Address (SizeDir 8 (AddrPlus (FromReg RIP) (AddrImm 2621719))), Immediate 0 7
50f71: JNE 50f90 (resolved immediate)
  |
  `- 50f73,50f90
50f73: MOV Reg RAX, Address (SizeDir 64 (AddrPlus (FromReg RSP) (AddrImm 152))) 8
50f7b: XOR Reg RAX, Address (SizeDir 64 (AddrPlus (FromReg FS) (AddrImm 40))) 9
50f84: JNE 50fc8 (resolved immediate)
  |
  `- 50f86,50fc8
50f86: ADD Reg RSP, Immediate 168 7
50f8d: RET  1
  |
  `- 
50f90: LEA Reg RSI, Address (SizeDir 64 (AddrPlus (FromReg RIP) (AddrImm 2621481))) 7
50f97: MOV Reg RDX, Reg RSP 3
50f9a: MOV Reg EDI, Immediate 17 5
50f9f: CALL sigaction (external)
50fa4: TEST Reg EAX, Reg EAX 2
50fa6: JNE 50fcd (resolved immediate)
  |
  `- 50fa8,50fcd
50fa8: TEST Address (SizeDir 8 (AddrPlus (FromReg RSP) (AddrImm 136))), Immediate 4 8
50fb0: JNE 50fec (resolved immediate)
  |
  `- 50fb2,50fec
50fb2: LEA Reg RAX, Address (SizeDir 64 (AddrPlus (FromReg RIP) (AddrImm 119))) 7
50fb9: CMP Address (SizeDir 64 (FromReg RSP)), Reg RAX 4
50fbd: JNE 5100b (resolved immediate)
  |
  `- 50fbf,5100b
50fbf: MOV Address (SizeDir 8 (AddrPlus (FromReg RIP) (AddrImm 2621634))), Immediate 0 7
50fc6: JMP 50f73 (resolved immediate)
  |
  `- 50f73
50fc8: CALL __stack_chk_fail (external)
  |
  `- 
50fcd: LEA Reg RCX, Address (SizeDir 64 (AddrPlus (FromReg RIP) (AddrImm 319356))) 7
50fd4: LEA Reg RSI, Address (SizeDir 64 (AddrPlus (FromReg RIP) (AddrImm 318107))) 7
50fdb: LEA Reg RDI, Address (SizeDir 64 (AddrPlus (FromReg RIP) (AddrImm 269963))) 7
50fe2: MOV Reg EDX, Immediate 334 5
50fe7: CALL __assert_fail (external)
  |
  `- 
50fec: LEA Reg RCX, Address (SizeDir 64 (AddrPlus (FromReg RIP) (AddrImm 319325))) 7
50ff3: LEA Reg RSI, Address (SizeDir 64 (AddrPlus (FromReg RIP) (AddrImm 318076))) 7
50ffa: LEA Reg RDI, Address (SizeDir 64 (AddrPlus (FromReg RIP) (AddrImm 318117))) 7
51001: MOV Reg EDX, Immediate 335 5
51006: CALL __assert_fail (external)
  |
  `- 
5100b: LEA Reg RCX, Address (SizeDir 64 (AddrPlus (FromReg RIP) (AddrImm 319294))) 7
51012: LEA Reg RSI, Address (SizeDir 64 (AddrPlus (FromReg RIP) (AddrImm 318045))) 7
51019: LEA Reg RDI, Address (SizeDir 64 (AddrPlus (FromReg RIP) (AddrImm 318256))) 7
51020: MOV Reg EDX, Immediate 336 5
51025: CALL __assert_fail (external)
  |
  `- 
510e0: SUB Reg RSP, Immediate 8 4
510e4: CMP Address (SizeDir 8 (AddrPlus (FromReg RIP) (AddrImm 2621341))), Immediate 0 7
510eb: JE 51157 (resolved immediate)
  |
  `- 510ed,51157
510ed: LEA Reg RDI, Address (SizeDir 64 (AddrPlus (FromReg RIP) (AddrImm 2621292))) 7
510f4: CALL pthread_mutex_unlock (external)
510f9: TEST Reg EAX, Reg EAX 2
510fb: JNE 51138 (resolved immediate)
  |
  `- 510fd,51138
510fd: LEA Reg RDI, Address (SizeDir 64 (AddrMinus (FromReg RIP) (AddrImm 212))) 7
51104: XOR Reg ESI, Reg ESI 2
51106: CALL sigchld_sethandler_raw (internal)
5110b: MOV Reg EAX, Address (SizeDir 32 (AddrPlus (FromReg RIP) (AddrImm 2621071))) 6
51111: TEST Reg EAX, Reg EAX 2
51113: JNE 51120 (resolved immediate)
51115: ADD Reg RSP, Immediate 8 4
51119: RET  1
  |
  `- 
51138: LEA Reg RCX, Address (SizeDir 64 (AddrPlus (FromReg RIP) (AddrImm 319041))) 7
5113f: LEA Reg RSI, Address (SizeDir 64 (AddrPlus (FromReg RIP) (AddrImm 317744))) 7
51146: LEA Reg RDI, Address (SizeDir 64 (AddrPlus (FromReg RIP) (AddrImm 269600))) 7
5114d: MOV Reg EDX, Immediate 309 5
51152: CALL __assert_fail (external)
  |
  `- 
51157: LEA Reg RCX, Address (SizeDir 64 (AddrPlus (FromReg RIP) (AddrImm 319010))) 7
5115e: LEA Reg RSI, Address (SizeDir 64 (AddrPlus (FromReg RIP) (AddrImm 317713))) 7
51165: LEA Reg RDI, Address (SizeDir 64 (AddrPlus (FromReg RIP) (AddrImm 317736))) 7
5116c: MOV Reg EDX, Immediate 306 5
51171: CALL __assert_fail (external)
  |
  `- 
514a0: PUSH Reg RBP 1
514a1: PUSH Reg RBX 1
514a2: MOV Reg RBP, Reg RDI 3
514a5: SUB Reg RSP, Immediate 8 4
514a9: MOV Reg RBX, Address (SizeDir 64 (AddrPlus (FromReg RDI) (AddrImm 16))) 4
514ad: CMP Address (SizeDir 8 (AddrPlus (FromReg RBX) (AddrImm 488))), Immediate 0 7
514b4: JNE 514d0 (resolved immediate)
  |
  `- 514b6,514d0
514b6: ADD Reg RSP, Immediate 8 4
514ba: LEA Reg RSI, Address (SizeDir 64 (AddrPlus (FromReg RBX) (AddrImm 440))) 7
514c1: MOV Reg RDI, Reg RBP 3
514c4: POP Reg RBX 1
514c5: POP Reg RBP 1
514c6: JMP 4d020 (resolved immediate)
  |
  `- 4d020
514d0: CALL atfork_lock (internal)
  |
  `- 50d60
514d5: CALL defer_sigchld (internal)
  |
  `- 50ee0
514da: MOV Reg RAX, Address (SizeDir 64 (AddrPlus (FromReg RBX) (AddrImm 496))) 7
514e1: TEST Reg RAX, Reg RAX 3
514e4: JE 514fb (resolved immediate)
  |
  `- 514e6,514fb
514e6: MOV Reg RDX, Address (SizeDir 64 (AddrPlus (FromReg RBX) (AddrImm 504))) 7
514ed: MOV Address (SizeDir 64 (AddrPlus (FromReg RAX) (AddrImm 504))), Reg RDX 7
514f4: MOV Reg RAX, Address (SizeDir 64 (AddrPlus (FromReg RBX) (AddrImm 496))) 7
514fb: MOV Reg RDX, Address (SizeDir 64 (AddrPlus (FromReg RBX) (AddrImm 504))) 7
51502: MOV Address (SizeDir 64 (FromReg RDX)), Reg RAX 3
51505: CALL release_sigchld (internal)
  |
  `- 510e0
5150a: CMP Address (SizeDir 64 (AddrPlus (FromReg RIP) (AddrImm 2620230))), Immediate 0 8
51512: JE 51530 (resolved immediate)
  |
  `- 51514,51530
51514: CALL atfork_unlock (internal)
  |
  `- 51519,50dd0
51519: MOV Address (SizeDir 8 (AddrPlus (FromReg RBX) (AddrImm 488))), Immediate 0 7
51520: MOV Reg RBX, Address (SizeDir 64 (AddrPlus (FromReg RBP) (AddrImm 16))) 4
51524: JMP 514b6 (resolved immediate)
  |
  `- 514b6
51530: CALL sigchld_removehandler_core (internal)
  |
  `- 50f50
51535: JMP 51514 (resolved immediate)
  |
  `- 51514
