Number of assembly instructions     = 9
Number of indirect branches         = 0
Number of unresolved indirect jumps = 0: 
Number of unresolved indirect calls = 0: 
Number of symbolic states (representative of non-determinism): 9
Number of edges: 9

840c0 (False): 0

840c0: TEST Reg RSI, Reg RSI 3
840c3: JZ 840ca (resolved immediate)
  |
  `- 840c5,840ca
840c5: CMP Address (SizeDir 32 (FromReg RSI)), Immediate 32 3
840c8: JZ 840d0 (resolved immediate)
  |
  `- 840ca,840d0
840ca: MOV Reg EAX, Immediate 4294967295 5
840cf: RET  1
  |
  `- 
840d0: MOV Reg RDI, Address (SizeDir 64 (AddrPlus (FromReg RSI) (AddrImm 8))) 4
840d4: MOV Reg RSI, Reg RDX 3
840d7: JMP libxl_rdm_reserve_policy_from_string (jmp to external function)
  |
  `- 
