Number of assembly instructions     = 219
Number of indirect branches         = 0
Number of unresolved indirect jumps = 0: 
Number of unresolved indirect calls = 0: 
Number of symbolic states (representative of non-determinism): 219
Number of edges: 244

20500 (True): 41528
41490 (True): 769fe, 76a2d, 76a5d, 76a8d, 76abd, 76aed, 76b1d, 76b4d, 76b7d, 76bad, 76bdd, 76c09, 76c35
769e0 (False): 0

20500: CMP Address (SizeDir 32 (FromReg RDI)), Reg ESI 2
20502: MOV Reg EAX, Immediate 1 5
20507: JLE 20519 (resolved immediate)
  |
  `- 20509,20519
20509: MOV Reg RAX, Address (SizeDir 64 (AddrPlus (FromReg RDI) (AddrImm 16))) 4
2050d: MOVSXD Reg RSI, Reg ESI 3
20510: MOV Reg RAX, Address (SizeDir 64 (AddrPlus (FromReg RAX) (AddrTimes (AddrImm 8) (FromReg RSI)))) 4
20514: MOV Address (SizeDir 64 (FromReg RDX)), Reg RAX 3
20517: XOR Reg EAX, Reg EAX 2
20519: RET  2
  |
  `- 
41490: PUSH Reg R15 2
41492: PUSH Reg R14 2
41494: PUSH Reg R13 2
41496: PUSH Reg R12 2
41498: PUSH Reg RBP 1
41499: PUSH Reg RBX 1
4149a: SUB Reg RSP, Immediate 24 4
4149e: MOV Reg RAX, Address (SizeDir 64 (AddrPlus (FromReg FS) (AddrImm 40))) 9
414a7: MOV Address (SizeDir 64 (AddrPlus (FromReg RSP) (AddrImm 8))), Reg RAX 5
414ac: XOR Reg EAX, Reg EAX 2
414ae: TEST Reg RSI, Reg RSI 3
414b1: JE 414b8 (resolved immediate)
  |
  `- 414b3,414b8
414b3: CMP Address (SizeDir 32 (FromReg RSI)), Immediate 64 3
414b6: JE 414e0 (resolved immediate)
  |
  `- 414b8,414e0
414b8: MOV Reg RCX, Address (SizeDir 64 (AddrPlus (FromReg RSP) (AddrImm 8))) 5
414bd: XOR Reg RCX, Address (SizeDir 64 (AddrPlus (FromReg FS) (AddrImm 40))) 9
414c6: JNE 4155b (resolved immediate)
  |
  `- 414cc,4155b
414cc: ADD Reg RSP, Immediate 24 4
414d0: POP Reg RBX 1
414d1: POP Reg RBP 1
414d2: POP Reg R12 2
414d4: POP Reg R13 2
414d6: POP Reg R14 2
414d8: POP Reg R15 2
414da: RET  1
  |
  `- 
414e0: MOV Reg RBP, Address (SizeDir 64 (AddrPlus (FromReg RSI) (AddrImm 8))) 4
414e4: XOR Reg EBX, Reg EBX 2
414e6: MOV Reg R13, Reg RDI 3
414e9: MOV Reg R14D, Reg EDX 3
414ec: MOV Address (SizeDir 64 (FromReg RSP)), Immediate 0 8
414f4: MOV Reg R12, Reg RSP 3
414f7: MOV Reg EAX, Address (SizeDir 32 (AddrPlus (FromReg RBP) (AddrImm 8))) 3
414fa: TEST Reg EAX, Reg EAX 2
414fc: JNE 4151b (resolved immediate)
  |
  `- 414fe,4151b
414fe: JMP 4152c (resolved immediate)
  |
  `- 4152c
4151b: MOV Reg RDX, Reg R12 3
4151e: MOV Reg ESI, Reg EBX 2
41520: MOV Reg RDI, Reg RBP 3
41523: CALL flexarray_get (internal)
  |
  `- 20500
41528: TEST Reg EAX, Reg EAX 2
4152a: JE 41500 (resolved immediate)
4152c: XOR Reg EAX, Reg EAX 2
4152e: JMP 414b8 (resolved immediate)
  |
  `- 414b8
4155b: CALL __stack_chk_fail (external)
  |
  `- 
769e0: PUSH Reg R12 2
769e2: MOV Reg R12, Reg RDI 3
769e5: PUSH Reg RBP 1
769e6: LEA Reg RDI, Address (SizeDir 64 (AddrPlus (FromReg RIP) (AddrImm 196582))) 7
769ed: PUSH Reg RBX 1
769ee: MOV Reg RBP, Reg RDX 3
769f1: MOV Reg EDX, Immediate 4 5
769f6: MOV Reg RBX, Reg RSI 3
769f9: CALL libxl__json_map_get (internal)
  |
  `- 41490
769fe: TEST Reg RAX, Reg RAX 3
76a01: JE 76a19 (resolved immediate)
  |
  `- 76a03,76a19
76a03: MOV Reg RDX, Reg RBP 3
76a06: MOV Reg RSI, Reg RAX 3
76a09: MOV Reg RDI, Reg R12 3
76a0c: CALL libxl__int_parse_json (external)
76a11: TEST Reg EAX, Reg EAX 2
76a13: JNE 76c50 (resolved immediate)
  |
  `- 76a19,76c50
76a19: LEA Reg RDI, Address (SizeDir 64 (AddrPlus (FromReg RIP) (AddrImm 196549))) 7
76a20: MOV Reg EDX, Immediate 4 5
76a25: MOV Reg RSI, Reg RBX 3
76a28: CALL libxl__json_map_get (internal)
76a2d: TEST Reg RAX, Reg RAX 3
76a30: JE 76a49 (resolved immediate)
  |
  `- 76a32,76a49
76a32: LEA Reg RDX, Address (SizeDir 64 (AddrPlus (FromReg RBP) (AddrImm 4))) 4
76a36: MOV Reg RSI, Reg RAX 3
76a39: MOV Reg RDI, Reg R12 3
76a3c: CALL libxl__int_parse_json (external)
76a41: TEST Reg EAX, Reg EAX 2
76a43: JNE 76c50 (resolved immediate)
  |
  `- 76a49,76c50
76a49: LEA Reg RDI, Address (SizeDir 64 (AddrPlus (FromReg RIP) (AddrImm 196519))) 7
76a50: MOV Reg EDX, Immediate 33 5
76a55: MOV Reg RSI, Reg RBX 3
76a58: CALL libxl__json_map_get (internal)
76a5d: TEST Reg RAX, Reg RAX 3
76a60: JE 76a79 (resolved immediate)
  |
  `- 76a62,76a79
76a62: LEA Reg RDX, Address (SizeDir 64 (AddrPlus (FromReg RBP) (AddrImm 8))) 4
76a66: MOV Reg RSI, Reg RAX 3
76a69: MOV Reg RDI, Reg R12 3
76a6c: CALL libxl__string_parse_json (external)
76a71: TEST Reg EAX, Reg EAX 2
76a73: JNE 76c50 (resolved immediate)
  |
  `- 76a79,76c50
76a79: LEA Reg RDI, Address (SizeDir 64 (AddrPlus (FromReg RIP) (AddrImm 196489))) 7
76a80: MOV Reg EDX, Immediate 33 5
76a85: MOV Reg RSI, Reg RBX 3
76a88: CALL libxl__json_map_get (internal)
76a8d: TEST Reg RAX, Reg RAX 3
76a90: JE 76aa9 (resolved immediate)
  |
  `- 76a92,76aa9
76a92: LEA Reg RDX, Address (SizeDir 64 (AddrPlus (FromReg RBP) (AddrImm 16))) 4
76a96: MOV Reg RSI, Reg RAX 3
76a99: MOV Reg RDI, Reg R12 3
76a9c: CALL libxl__string_parse_json (external)
76aa1: TEST Reg EAX, Reg EAX 2
76aa3: JNE 76c50 (resolved immediate)
  |
  `- 76aa9,76c50
76aa9: LEA Reg RDI, Address (SizeDir 64 (AddrPlus (FromReg RIP) (AddrImm 196450))) 7
76ab0: MOV Reg EDX, Immediate 33 5
76ab5: MOV Reg RSI, Reg RBX 3
76ab8: CALL libxl__json_map_get (internal)
76abd: TEST Reg RAX, Reg RAX 3
76ac0: JE 76ad9 (resolved immediate)
  |
  `- 76ac2,76ad9
76ac2: LEA Reg RDX, Address (SizeDir 64 (AddrPlus (FromReg RBP) (AddrImm 24))) 4
76ac6: MOV Reg RSI, Reg RAX 3
76ac9: MOV Reg RDI, Reg R12 3
76acc: CALL libxl__string_parse_json (external)
76ad1: TEST Reg EAX, Reg EAX 2
76ad3: JNE 76c50 (resolved immediate)
  |
  `- 76ad9,76c50
76ad9: LEA Reg RDI, Address (SizeDir 64 (AddrPlus (FromReg RIP) (AddrImm 196413))) 7
76ae0: MOV Reg EDX, Immediate 33 5
76ae5: MOV Reg RSI, Reg RBX 3
76ae8: CALL libxl__json_map_get (internal)
76aed: TEST Reg RAX, Reg RAX 3
76af0: JE 76b09 (resolved immediate)
  |
  `- 76af2,76b09
76af2: LEA Reg RDX, Address (SizeDir 64 (AddrPlus (FromReg RBP) (AddrImm 32))) 4
76af6: MOV Reg RSI, Reg RAX 3
76af9: MOV Reg RDI, Reg R12 3
76afc: CALL libxl__string_parse_json (external)
76b01: TEST Reg EAX, Reg EAX 2
76b03: JNE 76c50 (resolved immediate)
  |
  `- 76b09,76c50
76b09: LEA Reg RDI, Address (SizeDir 64 (AddrPlus (FromReg RIP) (AddrImm 196380))) 7
76b10: MOV Reg EDX, Immediate 33 5
76b15: MOV Reg RSI, Reg RBX 3
76b18: CALL libxl__json_map_get (internal)
76b1d: TEST Reg RAX, Reg RAX 3
76b20: JE 76b39 (resolved immediate)
  |
  `- 76b22,76b39
76b22: LEA Reg RDX, Address (SizeDir 64 (AddrPlus (FromReg RBP) (AddrImm 40))) 4
76b26: MOV Reg RSI, Reg RAX 3
76b29: MOV Reg RDI, Reg R12 3
76b2c: CALL libxl__string_parse_json (external)
76b31: TEST Reg EAX, Reg EAX 2
76b33: JNE 76c50 (resolved immediate)
  |
  `- 76b39,76c50
76b39: LEA Reg RDI, Address (SizeDir 64 (AddrPlus (FromReg RIP) (AddrImm 156155))) 7
76b40: MOV Reg EDX, Immediate 33 5
76b45: MOV Reg RSI, Reg RBX 3
76b48: CALL libxl__json_map_get (internal)
76b4d: TEST Reg RAX, Reg RAX 3
76b50: JE 76b69 (resolved immediate)
  |
  `- 76b52,76b69
76b52: LEA Reg RDX, Address (SizeDir 64 (AddrPlus (FromReg RBP) (AddrImm 48))) 4
76b56: MOV Reg RSI, Reg RAX 3
76b59: MOV Reg RDI, Reg R12 3
76b5c: CALL libxl__string_parse_json (external)
76b61: TEST Reg EAX, Reg EAX 2
76b63: JNE 76c50 (resolved immediate)
  |
  `- 76b69,76c50
76b69: LEA Reg RDI, Address (SizeDir 64 (AddrPlus (FromReg RIP) (AddrImm 196297))) 7
76b70: MOV Reg EDX, Immediate 33 5
76b75: MOV Reg RSI, Reg RBX 3
76b78: CALL libxl__json_map_get (internal)
76b7d: TEST Reg RAX, Reg RAX 3
76b80: JE 76b99 (resolved immediate)
  |
  `- 76b82,76b99
76b82: LEA Reg RDX, Address (SizeDir 64 (AddrPlus (FromReg RBP) (AddrImm 56))) 4
76b86: MOV Reg RSI, Reg RAX 3
76b89: MOV Reg RDI, Reg R12 3
76b8c: CALL libxl__string_parse_json (external)
76b91: TEST Reg EAX, Reg EAX 2
76b93: JNE 76c50 (resolved immediate)
  |
  `- 76b99,76c50
76b99: LEA Reg RDI, Address (SizeDir 64 (AddrPlus (FromReg RIP) (AddrImm 196259))) 7
76ba0: MOV Reg EDX, Immediate 4 5
76ba5: MOV Reg RSI, Reg RBX 3
76ba8: CALL libxl__json_map_get (internal)
76bad: TEST Reg RAX, Reg RAX 3
76bb0: JE 76bc9 (resolved immediate)
  |
  `- 76bb2,76bc9
76bb2: LEA Reg RDX, Address (SizeDir 64 (AddrPlus (FromReg RBP) (AddrImm 64))) 4
76bb6: MOV Reg RSI, Reg RAX 3
76bb9: MOV Reg RDI, Reg R12 3
76bbc: CALL libxl__uint64_parse_json (external)
76bc1: TEST Reg EAX, Reg EAX 2
76bc3: JNE 76c50 (resolved immediate)
  |
  `- 76bc9,76c50
76bc9: LEA Reg RDI, Address (SizeDir 64 (AddrPlus (FromReg RIP) (AddrImm 196222))) 7
76bd0: MOV Reg EDX, Immediate 4 5
76bd5: MOV Reg RSI, Reg RBX 3
76bd8: CALL libxl__json_map_get (internal)
76bdd: TEST Reg RAX, Reg RAX 3
76be0: JE 76bf5 (resolved immediate)
  |
  `- 76be2,76bf5
76be2: LEA Reg RDX, Address (SizeDir 64 (AddrPlus (FromReg RBP) (AddrImm 72))) 4
76be6: MOV Reg RSI, Reg RAX 3
76be9: MOV Reg RDI, Reg R12 3
76bec: CALL libxl__int_parse_json (external)
76bf1: TEST Reg EAX, Reg EAX 2
76bf3: JNE 76c50 (resolved immediate)
  |
  `- 76bf5,76c50
76bf5: LEA Reg RDI, Address (SizeDir 64 (AddrPlus (FromReg RIP) (AddrImm 196187))) 7
76bfc: MOV Reg EDX, Immediate 33 5
76c01: MOV Reg RSI, Reg RBX 3
76c04: CALL libxl__json_map_get (internal)
76c09: TEST Reg RAX, Reg RAX 3
76c0c: JE 76c21 (resolved immediate)
  |
  `- 76c0e,76c21
76c0e: LEA Reg RDX, Address (SizeDir 64 (AddrPlus (FromReg RBP) (AddrImm 80))) 4
76c12: MOV Reg RSI, Reg RAX 3
76c15: MOV Reg RDI, Reg R12 3
76c18: CALL libxl__string_parse_json (external)
76c1d: TEST Reg EAX, Reg EAX 2
76c1f: JNE 76c50 (resolved immediate)
  |
  `- 76c21,76c50
76c21: LEA Reg RDI, Address (SizeDir 64 (AddrPlus (FromReg RIP) (AddrImm 115551))) 7
76c28: MOV Reg EDX, Immediate 33 5
76c2d: MOV Reg RSI, Reg RBX 3
76c30: CALL libxl__json_map_get (internal)
76c35: TEST Reg RAX, Reg RAX 3
76c38: JE 76c50 (resolved immediate)
  |
  `- 76c3a,76c50
76c3a: POP Reg RBX 1
76c3b: LEA Reg RDX, Address (SizeDir 64 (AddrPlus (FromReg RBP) (AddrImm 88))) 4
76c3f: MOV Reg RDI, Reg R12 3
76c42: MOV Reg RSI, Reg RAX 3
76c45: POP Reg RBP 1
76c46: POP Reg R12 2
76c48: JMP libxl__string_parse_json (jmp to external function)
  |
  `- 
76c50: POP Reg RBX 1
76c51: POP Reg RBP 1
76c52: POP Reg R12 2
76c54: RET  1
  |
  `- 
