Number of assembly instructions     = 1007
Number of indirect branches         = 0
Number of unresolved indirect jumps = 0: 
Number of unresolved indirect calls = 0: 
Number of symbolic states (representative of non-determinism): 1007
Number of edges: 1039

2da30 (True): 2dc7a, 2feb2, 2ffaf
2db60 (True): 2fe85
2e290 (True): 2fe98
2e3c0 (True): 2fdc0
2fd80 (False): 0
36c60 (True): 2fe32
3bdb0 (True): 2fe4f
3be40 (True): 3c1a9
3c110 (True): 2dae8, 2db43, 2dc54, 2dcb7, 2e3b2, 2e434, 2e4e5, 2fe02, 2fef0, 2ff40, 2ff89, 30065, 3c211, 3c274
3c1d0 (False): 3c39c, 3c45b
3c2a0 (True): 36c86, 3c43a
3c410 (True): 2dc05, 3c4c9
3c460 (True): 3c5d4
3c540 (True): 2da7d, 2dbaa, 2dc6c, 2e481, 2fe25, 2ffa1, 2ffd9

2da30: PUSH Reg R13 2
2da32: PUSH Reg R12 2
2da34: MOV Reg R12, Reg RSI 3
2da37: PUSH Reg RBP 1
2da38: PUSH Reg RBX 1
2da39: XOR Reg EAX, Reg EAX 2
2da3b: MOV Reg R13, Reg RDI 3
2da3e: MOV Reg ESI, Immediate 1 5
2da43: MOV Reg RDI, Reg R12 3
2da46: SUB Reg RSP, Immediate 8 4
2da4a: MOV Reg RBX, Reg RDX 3
2da4d: CALL open (external)
2da52: TEST Reg EAX, Reg EAX 2
2da54: JS 2db08 (resolved immediate)
  |
  `- 2da5a,2db08
2da5a: MOVZX Reg ECX, Address (SizeDir 8 (AddrPlus (FromReg RBX) (AddrImm 2))) 4
2da5e: MOVZX Reg R9D, Address (SizeDir 8 (FromReg RBX)) 4
2da62: LEA Reg RSI, Address (AddrPlus (FromReg RIP) (AddrImm 429641)) 7
2da69: MOVZX Reg R8D, Address (SizeDir 8 (AddrPlus (FromReg RBX) (AddrImm 1))) 5
2da6e: MOV Reg EDX, Address (SizeDir 32 (AddrPlus (FromReg RBX) (AddrImm 4))) 3
2da71: MOV Reg EBP, Reg EAX 2
2da73: MOV Reg RDI, Reg R13 3
2da76: XOR Reg EAX, Reg EAX 2
2da78: CALL libxl__sprintf (internal)
2da7d: MOV Reg RBX, Reg RAX 3
2da80: MOV Reg RDI, Reg RAX 3
2da83: CALL strlen (external)
2da88: MOV Reg RSI, Reg RBX 3
2da8b: MOV Reg RDX, Reg RAX 3
2da8e: MOV Reg EDI, Reg EBP 2
2da90: CALL write (external)
2da95: TEST Reg EAX, Reg EAX 2
2da97: MOV Reg RBX, Reg RAX 3
2da9a: JS 2dab0 (resolved immediate)
  |
  `- 2da9c,2dab0
2da9c: MOV Reg EDI, Reg EBP 2
2da9e: CALL close (external)
2daa3: XOR Reg EAX, Reg EAX 2
2daa5: ADD Reg RSP, Immediate 8 4
2daa9: POP Reg RBX 1
2daaa: POP Reg RBP 1
2daab: POP Reg R12 2
2daad: POP Reg R13 2
2daaf: RET  1
  |
  `- 
2dab0: CALL __errno_location (external)
2dab5: LEA Reg RCX, Address (AddrPlus (FromReg RIP) (AddrImm 429596)) 7
2dabc: PUSH Reg RBX 1
2dabd: MOV Reg RDI, Address (SizeDir 64 (AddrPlus (FromReg R13) (AddrImm 16))) 4
2dac1: PUSH Reg R12 2
2dac3: LEA Reg R9, Address (AddrPlus (FromReg RIP) (AddrImm 434278)) 7
2daca: MOV Reg R8D, Immediate 390 6
2dad0: PUSH Reg RCX 1
2dad1: PUSH Immediate 18446744073709551615 2
2dad3: LEA Reg RCX, Address (AddrPlus (FromReg RIP) (AddrImm 429439)) 7
2dada: MOV Reg EDX, Address (SizeDir 32 (FromReg RAX)) 2
2dadc: MOV Reg ESI, Immediate 8 5
2dae1: XOR Reg EAX, Reg EAX 2
2dae3: CALL libxl__log (internal)
2dae8: ADD Reg RSP, Immediate 32 4
2daec: MOV Reg EDI, Reg EBP 2
2daee: CALL close (external)
2daf3: ADD Reg RSP, Immediate 8 4
2daf7: MOV Reg EAX, Immediate 4294967293 5
2dafc: POP Reg RBX 1
2dafd: POP Reg RBP 1
2dafe: POP Reg R12 2
2db00: POP Reg R13 2
2db02: RET  1
  |
  `- 
2db08: CALL __errno_location (external)
2db0d: LEA Reg RCX, Address (AddrPlus (FromReg RIP) (AddrImm 429421)) 7
2db14: SUB Reg RSP, Immediate 8 4
2db18: MOV Reg RDI, Address (SizeDir 64 (AddrPlus (FromReg R13) (AddrImm 16))) 4
2db1c: PUSH Reg R12 2
2db1e: LEA Reg R9, Address (AddrPlus (FromReg RIP) (AddrImm 434187)) 7
2db25: MOV Reg R8D, Immediate 381 6
2db2b: PUSH Reg RCX 1
2db2c: PUSH Immediate 18446744073709551615 2
2db2e: LEA Reg RCX, Address (AddrPlus (FromReg RIP) (AddrImm 429348)) 7
2db35: MOV Reg EDX, Address (SizeDir 32 (FromReg RAX)) 2
2db37: MOV Reg ESI, Immediate 8 5
2db3c: XOR Reg EAX, Reg EAX 2
2db3e: CALL libxl__log (internal)
2db43: ADD Reg RSP, Immediate 32 4
2db47: MOV Reg EAX, Immediate 4294967293 5
2db4c: JMP 2daa5 (resolved immediate)
  |
  `- 2daa5
2db60: PUSH Reg R14 2
2db62: PUSH Reg R13 2
2db64: MOV Reg R13, Reg RDX 3
2db67: PUSH Reg R12 2
2db69: PUSH Reg RBP 1
2db6a: MOV Reg RBP, Reg RDI 3
2db6d: PUSH Reg RBX 1
2db6e: MOV Reg RBX, Reg RSI 3
2db71: XOR Reg R12D, Reg R12D 3
2db74: SUB Reg RSP, Immediate 160 7
2db7b: MOVZX Reg ECX, Address (SizeDir 8 (AddrPlus (FromReg RSI) (AddrImm 2))) 4
2db7f: MOVZX Reg R9D, Address (SizeDir 8 (FromReg RSI)) 4
2db83: MOVZX Reg R8D, Address (SizeDir 8 (AddrPlus (FromReg RSI) (AddrImm 1))) 5
2db88: MOV Reg EDX, Address (SizeDir 32 (AddrPlus (FromReg RSI) (AddrImm 4))) 3
2db8b: LEA Reg RSI, Address (AddrPlus (FromReg RIP) (AddrImm 430510)) 7
2db92: MOV Reg RAX, Address (SizeDir 64 (AddrPlus (FromReg FS) (AddrImm 40))) 9
2db9b: MOV Address (SizeDir 64 (AddrPlus (FromReg RSP) (AddrImm 152))), Reg RAX 8
2dba3: XOR Reg EAX, Reg EAX 2
2dba5: CALL libxl__sprintf (internal)
2dbaa: MOV Reg RDX, Reg RSP 3
2dbad: MOV Reg RSI, Reg RAX 3
2dbb0: MOV Reg EDI, Immediate 1 5
2dbb5: MOV Reg R14, Reg RAX 3
2dbb8: CALL __lxstat (external)
2dbbd: TEST Reg EAX, Reg EAX 2
2dbbf: JZ 2dbf8 (resolved immediate)
  |
  `- 2dbc1,2dbf8
2dbc1: XOR Reg EAX, Reg EAX 2
2dbc3: TEST Reg R13, Reg R13 3
2dbc6: JZ 2dbcc (resolved immediate)
  |
  `- 2dbc8,2dbcc
2dbc8: MOV Address (SizeDir 64 (AddrPlus (FromReg R13) (AddrImm 0))), Reg R12 4
2dbcc: MOV Reg RCX, Address (SizeDir 64 (AddrPlus (FromReg RSP) (AddrImm 152))) 8
2dbd4: XOR Reg RCX, Address (SizeDir 64 (AddrPlus (FromReg FS) (AddrImm 40))) 9
2dbdd: JNZ 2dce5 (resolved immediate)
  |
  `- 2dbe3,2dce5
2dbe3: ADD Reg RSP, Immediate 160 7
2dbea: POP Reg RBX 1
2dbeb: POP Reg RBP 1
2dbec: POP Reg R12 2
2dbee: POP Reg R13 2
2dbf0: POP Reg R14 2
2dbf2: RET  1
  |
  `- 
2dbf8: MOV Reg ESI, Immediate 4096 5
2dbfd: MOV Reg RDI, Reg RBP 3
2dc00: CALL libxl__zalloc (internal)
2dc05: MOV Reg RDI, Reg R14 3
2dc08: MOV Reg RSI, Reg RAX 3
2dc0b: CALL realpath (external)
2dc10: TEST Reg RAX, Reg RAX 3
2dc13: MOV Reg R12, Reg RAX 3
2dc16: JZ 2dcc3 (resolved immediate)
  |
  `- 2dc1c,2dcc3
2dc1c: SUB Reg RSP, Immediate 8 4
2dc20: MOV Reg RDI, Address (SizeDir 64 (AddrPlus (FromReg RBP) (AddrImm 16))) 4
2dc24: LEA Reg R9, Address (AddrPlus (FromReg RIP) (AddrImm 433941)) 7
2dc2b: PUSH Reg RAX 1
2dc2c: LEA Reg RAX, Address (AddrPlus (FromReg RIP) (AddrImm 429263)) 7
2dc33: LEA Reg RCX, Address (AddrPlus (FromReg RIP) (AddrImm 429087)) 7
2dc3a: MOV Reg R8D, Immediate 470 6
2dc40: MOV Reg EDX, Immediate 4294967295 5
2dc45: MOV Reg ESI, Immediate 1 5
2dc4a: PUSH Reg RAX 1
2dc4b: PUSH Immediate 18446744073709551615 2
2dc4d: XOR Reg EAX, Reg EAX 2
2dc4f: CALL libxl__log (internal)
2dc54: LEA Reg RSI, Address (AddrPlus (FromReg RIP) (AddrImm 429247)) 7
2dc5b: ADD Reg RSP, Immediate 32 4
2dc5f: MOV Reg RDX, Reg R12 3
2dc62: MOV Reg RDI, Reg RBP 3
2dc65: XOR Reg EAX, Reg EAX 2
2dc67: CALL libxl__sprintf (internal)
2dc6c: MOV Reg RDX, Reg RBX 3
2dc6f: MOV Reg RSI, Reg RAX 3
2dc72: MOV Reg RDI, Reg RBP 3
2dc75: CALL sysfs_write_bdf (internal)
  |
  `- 2da30
2dc7a: TEST Reg EAX, Reg EAX 2
2dc7c: JNS 2dbc1 (resolved immediate)
  |
  `- 2dbc1,2dc82
2dc82: CALL __errno_location (external)
2dc87: LEA Reg RCX, Address (AddrPlus (FromReg RIP) (AddrImm 429206)) 7
2dc8e: MOV Reg RDI, Address (SizeDir 64 (AddrPlus (FromReg RBP) (AddrImm 16))) 4
2dc92: LEA Reg R9, Address (AddrPlus (FromReg RIP) (AddrImm 433831)) 7
2dc99: MOV Reg R8D, Immediate 475 6
2dc9f: PUSH Reg RCX 1
2dca0: PUSH Immediate 18446744073709551615 2
2dca2: MOV Reg EDX, Address (SizeDir 32 (FromReg RAX)) 2
2dca4: LEA Reg RCX, Address (AddrPlus (FromReg RIP) (AddrImm 428974)) 7
2dcab: XOR Reg EAX, Reg EAX 2
2dcad: MOV Reg ESI, Immediate 8 5
2dcb2: CALL libxl__log (internal)
2dcb7: POP Reg RAX 1
2dcb8: MOV Reg EAX, Immediate 4294967295 5
2dcbd: POP Reg RDX 1
2dcbe: JMP 2dbcc (resolved immediate)
  |
  `- 2dbcc
2dcc3: CALL __errno_location (external)
2dcc8: LEA Reg RCX, Address (AddrPlus (FromReg RIP) (AddrImm 429089)) 7
2dccf: MOV Reg RDI, Address (SizeDir 64 (AddrPlus (FromReg RBP) (AddrImm 16))) 4
2dcd3: LEA Reg R9, Address (AddrPlus (FromReg RIP) (AddrImm 433766)) 7
2dcda: MOV Reg R8D, Immediate 466 6
2dce0: PUSH Reg RCX 1
2dce1: PUSH Immediate 18446744073709551615 2
2dce3: JMP 2dca2 (resolved immediate)
  |
  `- 2dca2
2dce5: CALL __stack_chk_fail (external)
  |
  `- 
2e290: PUSH Reg R15 2
2e292: PUSH Reg R14 2
2e294: PUSH Reg R13 2
2e296: PUSH Reg R12 2
2e298: MOV Reg R12, Reg RDI 3
2e29b: PUSH Reg RBP 1
2e29c: PUSH Reg RBX 1
2e29d: LEA Reg RDI, Address (AddrPlus (FromReg RIP) (AddrImm 428900)) 7
2e2a4: MOV Reg RBX, Reg RSI 3
2e2a7: LEA Reg RSI, Address (AddrPlus (FromReg RIP) (AddrImm 412608)) 7
2e2ae: SUB Reg RSP, Immediate 40 4
2e2b2: MOV Reg RAX, Address (SizeDir 64 (AddrPlus (FromReg FS) (AddrImm 40))) 9
2e2bb: MOV Address (SizeDir 64 (AddrPlus (FromReg RSP) (AddrImm 24))), Reg RAX 5
2e2c0: XOR Reg EAX, Reg EAX 2
2e2c2: CALL fopen (external)
2e2c7: TEST Reg RAX, Reg RAX 3
2e2ca: JZ 2e36b (resolved immediate)
  |
  `- 2e2d0,2e36b
2e2d0: LEA Reg R15, Address (AddrPlus (FromReg RSP) (AddrImm 20)) 5
2e2d5: LEA Reg R14, Address (AddrPlus (FromReg RSP) (AddrImm 16)) 5
2e2da: LEA Reg R13, Address (AddrPlus (FromReg RSP) (AddrImm 12)) 5
2e2df: LEA Reg R12, Address (AddrPlus (FromReg RSP) (AddrImm 8)) 5
2e2e4: MOV Reg RBP, Reg RAX 3
2e2e7: NOP  9
2e2f0: LEA Reg RSI, Address (AddrPlus (FromReg RIP) (AddrImm 427730)) 7
2e2f7: XOR Reg EAX, Reg EAX 2
2e2f9: MOV Reg R9, Reg R15 3
2e2fc: MOV Reg R8, Reg R14 3
2e2ff: MOV Reg RCX, Reg R13 3
2e302: MOV Reg RDX, Reg R12 3
2e305: MOV Reg RDI, Reg RBP 3
2e308: CALL fscanf (external)
2e30d: CMP Reg EAX, Immediate 4 3
2e310: JNZ 2e340 (resolved immediate)
  |
  `- 2e312,2e340
2e312: MOV Reg EAX, Address (SizeDir 32 (AddrPlus (FromReg RSP) (AddrImm 8))) 4
2e316: CMP Address (SizeDir 32 (AddrPlus (FromReg RBX) (AddrImm 4))), Reg EAX 3
2e319: JNZ 2e2f0 (resolved immediate)
  |
  `- 2e2f0,2e31b
2e31b: MOVZX Reg EAX, Address (SizeDir 8 (AddrPlus (FromReg RBX) (AddrImm 2))) 4
2e31f: CMP Reg EAX, Address (SizeDir 32 (AddrPlus (FromReg RSP) (AddrImm 12))) 4
2e323: JNZ 2e2f0 (resolved immediate)
  |
  `- 2e2f0,2e325
2e325: MOVZX Reg EAX, Address (SizeDir 8 (AddrPlus (FromReg RBX) (AddrImm 1))) 4
2e329: CMP Reg EAX, Address (SizeDir 32 (AddrPlus (FromReg RSP) (AddrImm 16))) 4
2e32d: JNZ 2e2f0 (resolved immediate)
  |
  `- 2e2f0,2e32f
2e32f: MOVZX Reg EAX, Address (SizeDir 8 (FromReg RBX)) 3
2e332: CMP Reg EAX, Address (SizeDir 32 (AddrPlus (FromReg RSP) (AddrImm 20))) 4
2e336: JNZ 2e2f0 (resolved immediate)
  |
  `- 2e2f0,2e338
2e338: MOV Reg EBX, Immediate 1 5
2e33d: JMP 2e342 (resolved immediate)
  |
  `- 2e342
2e340: XOR Reg EBX, Reg EBX 2
2e342: MOV Reg RDI, Reg RBP 3
2e345: CALL fclose (external)
2e34a: MOV Reg RDX, Address (SizeDir 64 (AddrPlus (FromReg RSP) (AddrImm 24))) 5
2e34f: XOR Reg RDX, Address (SizeDir 64 (AddrPlus (FromReg FS) (AddrImm 40))) 9
2e358: MOV Reg EAX, Reg EBX 2
2e35a: JNZ 2e3b8 (resolved immediate)
  |
  `- 2e35c,2e3b8
2e35c: ADD Reg RSP, Immediate 40 4
2e360: POP Reg RBX 1
2e361: POP Reg RBP 1
2e362: POP Reg R12 2
2e364: POP Reg R13 2
2e366: POP Reg R14 2
2e368: POP Reg R15 2
2e36a: RET  1
  |
  `- 
2e36b: CALL __errno_location (external)
2e370: LEA Reg RCX, Address (AddrPlus (FromReg RIP) (AddrImm 428689)) 7
2e377: SUB Reg RSP, Immediate 8 4
2e37b: MOV Reg RDI, Address (SizeDir 64 (AddrPlus (FromReg R12) (AddrImm 16))) 5
2e380: LEA Reg R9, Address (AddrPlus (FromReg RIP) (AddrImm 431913)) 7
2e387: MOV Reg R8D, Immediate 622 6
2e38d: MOV Reg ESI, Immediate 8 5
2e392: PUSH Reg RCX 1
2e393: LEA Reg RCX, Address (AddrPlus (FromReg RIP) (AddrImm 427239)) 7
2e39a: MOV Reg EBX, Immediate 4294967293 5
2e39f: PUSH Reg RCX 1
2e3a0: PUSH Immediate 18446744073709551615 2
2e3a2: LEA Reg RCX, Address (AddrPlus (FromReg RIP) (AddrImm 427184)) 7
2e3a9: MOV Reg EDX, Address (SizeDir 32 (FromReg RAX)) 2
2e3ab: XOR Reg EAX, Reg EAX 2
2e3ad: CALL libxl__log (internal)
2e3b2: ADD Reg RSP, Immediate 32 4
2e3b6: JMP 2e34a (resolved immediate)
  |
  `- 2e34a
2e3b8: CALL __stack_chk_fail (external)
  |
  `- 
2e3c0: PUSH Reg R12 2
2e3c2: PUSH Reg RBP 1
2e3c3: MOV Reg RBP, Reg RDI 3
2e3c6: PUSH Reg RBX 1
2e3c7: LEA Reg RDI, Address (AddrPlus (FromReg RIP) (AddrImm 427204)) 7
2e3ce: MOV Reg RBX, Reg RSI 3
2e3d1: XOR Reg ESI, Reg ESI 2
2e3d3: SUB Reg RSP, Immediate 160 7
2e3da: MOV Reg RAX, Address (SizeDir 64 (AddrPlus (FromReg FS) (AddrImm 40))) 9
2e3e3: MOV Address (SizeDir 64 (AddrPlus (FromReg RSP) (AddrImm 152))), Reg RAX 8
2e3eb: XOR Reg EAX, Reg EAX 2
2e3ed: CALL access (external)
2e3f2: TEST Reg EAX, Reg EAX 2
2e3f4: JNS 2e460 (resolved immediate)
  |
  `- 2e3f6,2e460
2e3f6: CALL __errno_location (external)
2e3fb: MOV Reg EDX, Address (SizeDir 32 (FromReg RAX)) 2
2e3fd: MOV Reg RDI, Address (SizeDir 64 (AddrPlus (FromReg RBP) (AddrImm 16))) 4
2e401: CMP Reg EDX, Immediate 2 3
2e404: JZ 2e4f8 (resolved immediate)
  |
  `- 2e40a,2e4f8
2e40a: LEA Reg RAX, Address (AddrPlus (FromReg RIP) (AddrImm 428615)) 7
2e411: LEA Reg R9, Address (AddrPlus (FromReg RIP) (AddrImm 431944)) 7
2e418: LEA Reg RCX, Address (AddrPlus (FromReg RIP) (AddrImm 427066)) 7
2e41f: MOV Reg R8D, Immediate 650 6
2e425: PUSH Reg RAX 1
2e426: PUSH Immediate 18446744073709551615 2
2e428: XOR Reg EAX, Reg EAX 2
2e42a: MOV Reg ESI, Immediate 8 5
2e42f: CALL libxl__log (internal)
  |
  `- 3c110
2e434: POP Reg RAX 1
2e435: POP Reg RDX 1
2e436: MOV Reg EAX, Immediate 4294967295 5
2e43b: MOV Reg RCX, Address (SizeDir 64 (AddrPlus (FromReg RSP) (AddrImm 152))) 8
2e443: XOR Reg RCX, Address (SizeDir 64 (AddrPlus (FromReg FS) (AddrImm 40))) 9
2e44c: JNZ 2e520 (resolved immediate)
  |
  `- 2e452,2e520
2e452: ADD Reg RSP, Immediate 160 7
2e459: POP Reg RBX 1
2e45a: POP Reg RBP 1
2e45b: POP Reg R12 2
2e45d: RET  1
  |
  `- 
2e460: MOVZX Reg ECX, Address (SizeDir 8 (AddrPlus (FromReg RBX) (AddrImm 2))) 4
2e464: MOVZX Reg R9D, Address (SizeDir 8 (FromReg RBX)) 4
2e468: LEA Reg RSI, Address (AddrPlus (FromReg RIP) (AddrImm 428569)) 7
2e46f: MOVZX Reg R8D, Address (SizeDir 8 (AddrPlus (FromReg RBX) (AddrImm 1))) 5
2e474: MOV Reg EDX, Address (SizeDir 32 (AddrPlus (FromReg RBX) (AddrImm 4))) 3
2e477: MOV Reg RDI, Reg RBP 3
2e47a: XOR Reg EAX, Reg EAX 2
2e47c: CALL libxl__sprintf (internal)
  |
  `- 3c540
2e481: MOV Reg RDX, Reg RSP 3
2e484: MOV Reg RSI, Reg RAX 3
2e487: MOV Reg EDI, Immediate 1 5
2e48c: MOV Reg R12, Reg RAX 3
2e48f: CALL __lxstat (external)
2e494: MOV Reg EBX, Reg EAX 2
2e496: MOV Reg EAX, Immediate 1 5
2e49b: TEST Reg EBX, Reg EBX 2
2e49d: JZ 2e43b (resolved immediate)
  |
  `- 2e43b,2e49f
2e49f: CALL __errno_location (external)
2e4a4: TEST Reg EBX, Reg EBX 2
2e4a6: MOV Reg EDX, Address (SizeDir 32 (FromReg RAX)) 2
2e4a8: JNS 2e4b1 (resolved immediate)
  |
  `- 2e4aa,2e4b1
2e4aa: XOR Reg EAX, Reg EAX 2
2e4ac: CMP Reg EDX, Immediate 2 3
2e4af: JZ 2e43b (resolved immediate)
  |
  `- 2e43b,2e4b1
2e4b1: LEA Reg RAX, Address (AddrPlus (FromReg RIP) (AddrImm 427294)) 7
2e4b8: SUB Reg RSP, Immediate 8 4
2e4bc: MOV Reg RDI, Address (SizeDir 64 (AddrPlus (FromReg RBP) (AddrImm 16))) 4
2e4c0: LEA Reg R9, Address (AddrPlus (FromReg RIP) (AddrImm 431769)) 7
2e4c7: PUSH Reg R12 2
2e4c9: LEA Reg RCX, Address (AddrPlus (FromReg RIP) (AddrImm 426889)) 7
2e4d0: PUSH Reg RAX 1
2e4d1: PUSH Immediate 18446744073709551615 2
2e4d3: XOR Reg EAX, Reg EAX 2
2e4d5: MOV Reg R8D, Immediate 664 6
2e4db: MOV Reg ESI, Immediate 8 5
2e4e0: CALL libxl__log (internal)
2e4e5: ADD Reg RSP, Immediate 32 4
2e4e9: MOV Reg EAX, Immediate 4294967295 5
2e4ee: JMP 2e43b (resolved immediate)
  |
  `- 2e43b
2e4f8: LEA Reg RAX, Address (AddrPlus (FromReg RIP) (AddrImm 428337)) 7
2e4ff: LEA Reg R9, Address (AddrPlus (FromReg RIP) (AddrImm 431706)) 7
2e506: MOV Reg R8D, Immediate 648 6
2e50c: LEA Reg RCX, Address (AddrPlus (FromReg RIP) (AddrImm 426822)) 7
2e513: MOV Reg EDX, Immediate 4294967295 5
2e518: PUSH Reg RAX 1
2e519: PUSH Immediate 18446744073709551615 2
2e51b: JMP 2e428 (resolved immediate)
  |
  `- 2e428
2e520: CALL __stack_chk_fail (external)
  |
  `- 
2fd80: PUSH Reg R13 2
2fd82: PUSH Reg R12 2
2fd84: MOV Reg R12D, Reg EDX 3
2fd87: PUSH Reg RBP 1
2fd88: PUSH Reg RBX 1
2fd89: MOV Reg RBX, Reg RSI 3
2fd8c: SUB Reg RSP, Immediate 40 4
2fd90: MOV Reg RBP, Reg RSP 3
2fd93: MOV Address (SizeDir 64 (AddrPlus (FromReg RSP) (AddrImm 16))), Reg RDI 5
2fd98: MOV Address (SizeDir 32 (FromReg RSP)), Immediate 0 7
2fd9f: MOV Reg RDI, Reg RBP 3
2fda2: MOV Address (SizeDir 64 (AddrPlus (FromReg RSP) (AddrImm 8))), Immediate 0 9
2fdab: MOV Reg RAX, Address (SizeDir 64 (AddrPlus (FromReg FS) (AddrImm 40))) 9
2fdb4: MOV Address (SizeDir 64 (AddrPlus (FromReg RSP) (AddrImm 24))), Reg RAX 5
2fdb9: XOR Reg EAX, Reg EAX 2
2fdbb: CALL pciback_dev_is_assigned (internal)
  |
  `- 2e3c0
2fdc0: TEST Reg EAX, Reg EAX 2
2fdc2: JS 2fff0 (resolved immediate)
  |
  `- 2fdc8,2fff0
2fdc8: JNZ 2fe78 (resolved immediate)
  |
  `- 2fdce,2fe78
2fdce: LEA Reg RAX, Address (AddrPlus (FromReg RIP) (AddrImm 421107)) 7
2fdd5: LEA Reg RCX, Address (AddrPlus (FromReg RIP) (AddrImm 420477)) 7
2fddc: LEA Reg R9, Address (AddrPlus (FromReg RIP) (AddrImm 425117)) 7
2fde3: MOV Reg ESI, Immediate 7 5
2fde8: MOV Reg R8D, Immediate 829 6
2fdee: MOV Reg EDX, Immediate 4294967295 5
2fdf3: PUSH Reg RAX 1
2fdf4: PUSH Immediate 18446744073709551615 2
2fdf6: XOR Reg EAX, Reg EAX 2
2fdf8: MOV Reg RDI, Address (SizeDir 64 (AddrPlus (FromReg RSP) (AddrImm 32))) 5
2fdfd: CALL libxl__log (internal)
2fe02: POP Reg RCX 1
2fe03: POP Reg RSI 1
2fe04: MOVZX Reg ECX, Address (SizeDir 8 (AddrPlus (FromReg RBX) (AddrImm 2))) 4
2fe08: MOVZX Reg R9D, Address (SizeDir 8 (FromReg RBX)) 4
2fe0c: LEA Reg RSI, Address (AddrPlus (FromReg RIP) (AddrImm 422205)) 7
2fe13: MOVZX Reg R8D, Address (SizeDir 8 (AddrPlus (FromReg RBX) (AddrImm 1))) 5
2fe18: MOV Reg EDX, Address (SizeDir 32 (AddrPlus (FromReg RBX) (AddrImm 4))) 3
2fe1b: MOV Reg RDI, Reg RBP 3
2fe1e: XOR Reg EAX, Reg EAX 2
2fe20: CALL libxl__sprintf (internal)
2fe25: XOR Reg ESI, Reg ESI 2
2fe27: MOV Reg RDX, Reg RAX 3
2fe2a: MOV Reg RDI, Reg RBP 3
2fe2d: CALL libxl__xs_read (internal)
  |
  `- 2fe32,36c60
2fe32: TEST Reg RAX, Reg RAX 3
2fe35: MOV Reg R13, Reg RAX 3
2fe38: JZ 2ff00 (resolved immediate)
  |
  `- 2fe3e,2ff00
2fe3e: TEST Reg R12D, Reg R12D 3
2fe41: JNZ 2ff50 (resolved immediate)
  |
  `- 2fe47,2ff50
2fe47: MOV Reg RDI, Reg RBP 3
2fe4a: CALL libxl__free_all (internal)
  |
  `- 2fe4f,3bdb0
2fe4f: MOV Reg RCX, Address (SizeDir 64 (AddrPlus (FromReg RSP) (AddrImm 24))) 5
2fe54: XOR Reg RCX, Address (SizeDir 64 (AddrPlus (FromReg FS) (AddrImm 40))) 9
2fe5d: MOV Reg EAX, Reg R12D 3
2fe60: JNZ 3006e (resolved immediate)
  |
  `- 2fe66,3006e
2fe66: ADD Reg RSP, Immediate 40 4
2fe6a: POP Reg RBX 1
2fe6b: POP Reg RBP 1
2fe6c: POP Reg R12 2
2fe6e: POP Reg R13 2
2fe70: RET  1
  |
  `- 
2fe78: XOR Reg EDX, Reg EDX 2
2fe7a: MOV Reg RSI, Reg RBX 3
2fe7d: MOV Reg RDI, Reg RBP 3
2fe80: CALL sysfs_dev_unbind (internal)
  |
  `- 2db60
2fe85: TEST Reg EAX, Reg EAX 2
2fe87: JS 2fffb (resolved immediate)
  |
  `- 2fe8d,2fffb
2fe8d: MOV Reg RSI, Reg RBX 3
2fe90: MOV Reg RDI, Reg RBP 3
2fe93: CALL pciback_dev_has_slot (internal)
  |
  `- 2e290
2fe98: TEST Reg EAX, Reg EAX 2
2fe9a: JLE 2fe04 (resolved immediate)
  |
  `- 2fe04,2fea0
2fea0: LEA Reg RSI, Address (AddrPlus (FromReg RIP) (AddrImm 423449)) 7
2fea7: MOV Reg RDX, Reg RBX 3
2feaa: MOV Reg RDI, Reg RBP 3
2fead: CALL sysfs_write_bdf (internal)
2feb2: TEST Reg EAX, Reg EAX 2
2feb4: JNS 2fe04 (resolved immediate)
  |
  `- 2fe04,2feba
2feba: CALL __errno_location (external)
2febf: LEA Reg RCX, Address (AddrPlus (FromReg RIP) (AddrImm 420837)) 7
2fec6: LEA Reg R9, Address (AddrPlus (FromReg RIP) (AddrImm 424835)) 7
2fecd: MOV Reg R8D, Immediate 702 6
2fed3: PUSH Reg RCX 1
2fed4: PUSH Immediate 18446744073709551615 2
2fed6: LEA Reg RCX, Address (AddrPlus (FromReg RIP) (AddrImm 420220)) 7
2fedd: MOV Reg EDX, Address (SizeDir 32 (FromReg RAX)) 2
2fedf: MOV Reg RDI, Address (SizeDir 64 (AddrPlus (FromReg RSP) (AddrImm 32))) 5
2fee4: MOV Reg ESI, Immediate 8 5
2fee9: XOR Reg EAX, Reg EAX 2
2feeb: CALL libxl__log (internal)
2fef0: POP Reg RDI 1
2fef1: POP Reg R8 2
2fef3: JMP 2fe04 (resolved immediate)
  |
  `- 2fe04
2ff00: TEST Reg R12D, Reg R12D 3
2ff03: JZ 2fe47 (resolved immediate)
  |
  `- 2fe47,2ff09
2ff09: LEA Reg RAX, Address (AddrPlus (FromReg RIP) (AddrImm 423392)) 7
2ff10: LEA Reg R9, Address (AddrPlus (FromReg RIP) (AddrImm 424809)) 7
2ff17: LEA Reg RCX, Address (AddrPlus (FromReg RIP) (AddrImm 420155)) 7
2ff1e: MOV Reg EDX, Immediate 4294967295 5
2ff23: MOV Reg R8D, Immediate 851 6
2ff29: MOV Reg ESI, Immediate 7 5
2ff2e: PUSH Reg RAX 1
2ff2f: PUSH Immediate 18446744073709551615 2
2ff31: XOR Reg EAX, Reg EAX 2
2ff33: MOV Reg RDI, Address (SizeDir 64 (AddrPlus (FromReg RSP) (AddrImm 32))) 5
2ff38: XOR Reg R12D, Reg R12D 3
2ff3b: CALL libxl__log (internal)
2ff40: POP Reg RAX 1
2ff41: POP Reg RDX 1
2ff42: JMP 2fe47 (resolved immediate)
  |
  `- 2fe47
2ff50: SUB Reg RSP, Immediate 8 4
2ff54: LEA Reg R9, Address (AddrPlus (FromReg RIP) (AddrImm 424741)) 7
2ff5b: LEA Reg RCX, Address (AddrPlus (FromReg RIP) (AddrImm 420087)) 7
2ff62: PUSH Reg RAX 1
2ff63: LEA Reg RAX, Address (AddrPlus (FromReg RIP) (AddrImm 420723)) 7
2ff6a: MOV Reg R8D, Immediate 837 6
2ff70: MOV Reg EDX, Immediate 4294967295 5
2ff75: MOV Reg ESI, Immediate 5 5
2ff7a: PUSH Reg RAX 1
2ff7b: PUSH Immediate 18446744073709551615 2
2ff7d: XOR Reg EAX, Reg EAX 2
2ff7f: MOV Reg RDI, Address (SizeDir 64 (AddrPlus (FromReg RSP) (AddrImm 48))) 5
2ff84: CALL libxl__log (internal)
2ff89: LEA Reg RSI, Address (AddrPlus (FromReg RIP) (AddrImm 420711)) 7
2ff90: ADD Reg RSP, Immediate 32 4
2ff94: MOV Reg RDX, Reg R13 3
2ff97: MOV Reg RDI, Reg RBP 3
2ff9a: XOR Reg EAX, Reg EAX 2
2ff9c: CALL libxl__sprintf (internal)
2ffa1: MOV Reg RDX, Reg RBX 3
2ffa4: MOV Reg RSI, Reg RAX 3
2ffa7: MOV Reg RDI, Reg RBP 3
2ffaa: CALL sysfs_write_bdf (internal)
2ffaf: TEST Reg EAX, Reg EAX 2
2ffb1: JS 30023 (resolved immediate)
  |
  `- 2ffb3,30023
2ffb3: MOVZX Reg ECX, Address (SizeDir 8 (AddrPlus (FromReg RBX) (AddrImm 2))) 4
2ffb7: MOVZX Reg R9D, Address (SizeDir 8 (FromReg RBX)) 4
2ffbb: LEA Reg RSI, Address (AddrPlus (FromReg RIP) (AddrImm 421990)) 7
2ffc2: MOVZX Reg R8D, Address (SizeDir 8 (AddrPlus (FromReg RBX) (AddrImm 1))) 5
2ffc7: MOV Reg R12, Address (SizeDir 64 (AddrPlus (FromReg RSP) (AddrImm 16))) 5
2ffcc: MOV Reg RDI, Reg RBP 3
2ffcf: MOV Reg EDX, Address (SizeDir 32 (AddrPlus (FromReg RBX) (AddrImm 4))) 3
2ffd2: XOR Reg EAX, Reg EAX 2
2ffd4: CALL libxl__sprintf (internal)
2ffd9: MOV Reg RDI, Address (SizeDir 64 (AddrPlus (FromReg R12) (AddrImm 16))) 5
2ffde: MOV Reg RDX, Reg RAX 3
2ffe1: XOR Reg ESI, Reg ESI 2
2ffe3: XOR Reg R12D, Reg R12D 3
2ffe6: CALL xs_rm (external)
2ffeb: JMP 2fe47 (resolved immediate)
  |
  `- 2fe47
2fff0: MOV Reg R12D, Immediate 4294967293 6
2fff6: JMP 2fe47 (resolved immediate)
  |
  `- 2fe47
2fffb: LEA Reg RAX, Address (AddrPlus (FromReg RIP) (AddrImm 420497)) 7
30002: LEA Reg R9, Address (AddrPlus (FromReg RIP) (AddrImm 424519)) 7
30009: MOV Reg R8D, Immediate 694 6
3000f: LEA Reg RCX, Address (AddrPlus (FromReg RIP) (AddrImm 419907)) 7
30016: MOV Reg EDX, Immediate 4294967295 5
3001b: PUSH Reg RAX 1
3001c: PUSH Immediate 18446744073709551615 2
3001e: JMP 2fedf (resolved immediate)
  |
  `- 2fedf
30023: CALL __errno_location (external)
30028: LEA Reg RCX, Address (AddrPlus (FromReg RIP) (AddrImm 420560)) 7
3002f: SUB Reg RSP, Immediate 8 4
30033: LEA Reg R9, Address (AddrPlus (FromReg RIP) (AddrImm 424518)) 7
3003a: PUSH Reg R13 2
3003c: MOV Reg R8D, Immediate 842 6
30042: MOV Reg ESI, Immediate 8 5
30047: PUSH Reg RCX 1
30048: PUSH Immediate 18446744073709551615 2
3004a: LEA Reg RCX, Address (AddrPlus (FromReg RIP) (AddrImm 419848)) 7
30051: MOV Reg EDX, Address (SizeDir 32 (FromReg RAX)) 2
30053: MOV Reg RDI, Address (SizeDir 64 (AddrPlus (FromReg RSP) (AddrImm 48))) 5
30058: XOR Reg EAX, Reg EAX 2
3005a: MOV Reg R12D, Immediate 4294967295 6
30060: CALL libxl__log (internal)
30065: ADD Reg RSP, Immediate 32 4
30069: JMP 2fe47 (resolved immediate)
  |
  `- 2fe47
3006e: CALL __stack_chk_fail (external)
  |
  `- 
36c60: PUSH Reg RBP 1
36c61: PUSH Reg RBX 1
36c62: MOV Reg RBP, Reg RDI 3
36c65: XOR Reg ECX, Reg ECX 2
36c67: SUB Reg RSP, Immediate 8 4
36c6b: MOV Reg RAX, Address (SizeDir 64 (AddrPlus (FromReg RDI) (AddrImm 16))) 4
36c6f: MOV Reg RDI, Address (SizeDir 64 (AddrPlus (FromReg RAX) (AddrImm 16))) 4
36c73: CALL xs_read (external)
36c78: MOV Reg RDI, Reg RBP 3
36c7b: MOV Reg RSI, Reg RAX 3
36c7e: MOV Reg RBX, Reg RAX 3
36c81: CALL libxl__ptr_add (internal)
36c86: ADD Reg RSP, Immediate 8 4
36c8a: MOV Reg RAX, Reg RBX 3
36c8d: POP Reg RBX 1
36c8e: POP Reg RBP 1
36c8f: RET  1
  |
  `- 
3bdb0: PUSH Reg R12 2
3bdb2: PUSH Reg RBP 1
3bdb3: PUSH Reg RBX 1
3bdb4: MOV Reg EAX, Address (SizeDir 32 (FromReg RDI)) 2
3bdb6: TEST Reg EAX, Reg EAX 2
3bdb8: JS 3be14 (resolved immediate)
  |
  `- 3bdba,3be14
3bdba: MOV Reg R12, Reg RDI 3
3bdbd: MOV Reg EBP, Immediate 0 5
3bdc2: MOV Reg EBX, Immediate 0 5
3bdc7: JZ 3bdf4 (resolved immediate)
  |
  `- 3bdc9,3bdf4
3bdc9: NOP  7
3bdd0: MOV Reg RAX, Address (SizeDir 64 (AddrPlus (FromReg R12) (AddrImm 8))) 5
3bdd5: ADD Reg EBX, Immediate 1 3
3bdd8: ADD Reg RAX, Reg RBP 3
3bddb: ADD Reg RBP, Immediate 8 4
3bddf: MOV Reg RDI, Address (SizeDir 64 (FromReg RAX)) 3
3bde2: MOV Address (SizeDir 64 (FromReg RAX)), Immediate 0 7
3bde9: CALL free (external)
3bdee: CMP Address (SizeDir 32 (FromReg R12)), Reg EBX 4
3bdf2: JG 3bdd0 (resolved immediate)
  |
  `- 3bdd0,3bdf4
3bdf4: MOV Reg RDI, Address (SizeDir 64 (AddrPlus (FromReg R12) (AddrImm 8))) 5
3bdf9: CALL free (external)
3bdfe: MOV Address (SizeDir 64 (AddrPlus (FromReg R12) (AddrImm 8))), Immediate 0 9
3be07: MOV Address (SizeDir 32 (FromReg R12)), Immediate 0 8
3be0f: POP Reg RBX 1
3be10: POP Reg RBP 1
3be11: POP Reg R12 2
3be13: RET  1
  |
  `- 
3be14: LEA Reg RCX, Address (AddrPlus (FromReg RIP) (AddrImm 387253)) 7
3be1b: LEA Reg RSI, Address (AddrPlus (FromReg RIP) (AddrImm 386238)) 7
3be22: LEA Reg RDI, Address (AddrPlus (FromReg RIP) (AddrImm 386248)) 7
3be29: MOV Reg EDX, Immediate 80 5
3be2e: CALL __assert_fail (external)
  |
  `- 
3be40: PUSH Reg R15 2
3be42: PUSH Reg R14 2
3be44: MOV Reg R15, Reg RDI 3
3be47: PUSH Reg R13 2
3be49: PUSH Reg R12 2
3be4b: MOV Reg R12, Reg RCX 3
3be4e: PUSH Reg RBP 1
3be4f: PUSH Reg RBX 1
3be50: MOV Reg EBP, Reg R8D 3
3be53: MOV Reg RBX, Reg R9 3
3be56: SUB Reg RSP, Immediate 584 7
3be5d: MOV Address (SizeDir 32 (AddrPlus (FromReg RSP) (AddrImm 4))), Reg ESI 4
3be61: MOV Address (SizeDir 32 (AddrPlus (FromReg RSP) (AddrImm 8))), Reg EDX 4
3be65: MOV Reg RAX, Address (SizeDir 64 (AddrPlus (FromReg FS) (AddrImm 40))) 9
3be6e: MOV Address (SizeDir 64 (AddrPlus (FromReg RSP) (AddrImm 568))), Reg RAX 8
3be76: XOR Reg EAX, Reg EAX 2
3be78: MOV Address (SizeDir 64 (AddrPlus (FromReg RSP) (AddrImm 40))), Immediate 0 9
3be81: CALL __errno_location (external)
3be86: MOV Reg RCX, Address (SizeDir 64 (AddrPlus (FromReg RSP) (AddrImm 656))) 8
3be8e: MOV Reg RDX, Address (SizeDir 64 (AddrPlus (FromReg RSP) (AddrImm 648))) 8
3be96: LEA Reg RDI, Address (AddrPlus (FromReg RSP) (AddrImm 40)) 5
3be9b: MOV Reg ESI, Immediate 1 5
3bea0: MOV Reg R13, Reg RAX 3
3bea3: MOV Reg R14D, Address (SizeDir 32 (FromReg RAX)) 3
3bea6: CALL __vasprintf_chk (external)
3beab: TEST Reg RBX, Reg RBX 3
3beae: SETNZ Address (SizeDir 8 (AddrPlus (FromReg RSP) (AddrImm 15))) 5
3beb3: TEST Reg EAX, Reg EAX 2
3beb5: JS 3c0a0 (resolved immediate)
  |
  `- 3bebb,3c0a0
3bebb: TEST Reg R12, Reg R12 3
3bebe: MOV Address (SizeDir 8 (AddrPlus (FromReg RSP) (AddrImm 48))), Immediate 0 5
3bec3: JZ 3bf50 (resolved immediate)
  |
  `- 3bec9,3bf50
3bec9: LEA Reg R10, Address (AddrPlus (FromReg RSP) (AddrImm 48)) 5
3bece: SUB Reg RSP, Immediate 8 4
3bed2: LEA Reg R8, Address (AddrPlus (FromReg RIP) (AddrImm 362554)) 7
3bed9: PUSH Reg RBP 1
3beda: MOV Reg EDX, Immediate 1 5
3bedf: XOR Reg EAX, Reg EAX 2
3bee1: MOV Reg RDI, Reg R10 3
3bee4: MOV Reg R9, Reg R12 3
3bee7: MOV Reg ECX, Immediate 256 5
3beec: MOV Reg ESI, Immediate 256 5
3bef1: MOV Address (SizeDir 64 (AddrPlus (FromReg RSP) (AddrImm 32))), Reg R10 5
3bef6: CALL __snprintf_chk (external)
3befb: MOV Address (SizeDir 8 (AddrPlus (FromReg RSP) (AddrImm 319))), Immediate 0 8
3bf03: MOV Address (SizeDir 8 (AddrPlus (FromReg RSP) (AddrImm 320))), Immediate 0 8
3bf0b: POP Reg RAX 1
3bf0c: POP Reg RDX 1
3bf0d: CMP Address (SizeDir 32 (AddrPlus (FromReg RSP) (AddrImm 640))), Immediate 4294967295 8
3bf15: MOV Reg R10, Address (SizeDir 64 (AddrPlus (FromReg RSP) (AddrImm 16))) 5
3bf1a: JNZ 3bfc0 (resolved immediate)
  |
  `- 3bf20,3bfc0
3bf20: TEST Reg RBX, Reg RBX 3
3bf23: MOV Reg RCX, Address (SizeDir 64 (AddrPlus (FromReg RSP) (AddrImm 40))) 5
3bf28: JZ 3c0c6 (resolved immediate)
  |
  `- 3bf2e,3c0c6
3bf2e: LEA Reg RDX, Address (AddrPlus (FromReg RIP) (AddrImm 386002)) 7
3bf35: LEA Reg RAX, Address (AddrPlus (FromReg RIP) (AddrImm 408678)) 7
3bf3c: LEA Reg RBP, Address (AddrPlus (FromReg RIP) (AddrImm 386109)) 7
3bf43: LEA Reg R11, Address (AddrPlus (FromReg RSP) (AddrImm 304)) 8
3bf4b: JMP 3c031 (resolved immediate)
  |
  `- 3c031
3bf50: CMP Address (SizeDir 32 (AddrPlus (FromReg RSP) (AddrImm 640))), Immediate 4294967295 8
3bf58: MOV Address (SizeDir 8 (AddrPlus (FromReg RSP) (AddrImm 303))), Immediate 0 8
3bf60: LEA Reg R10, Address (AddrPlus (FromReg RSP) (AddrImm 48)) 5
3bf65: MOV Address (SizeDir 8 (AddrPlus (FromReg RSP) (AddrImm 304))), Immediate 0 8
3bf6d: JNZ 3bfc0 (resolved immediate)
  |
  `- 3bf6f,3bfc0
3bf6f: TEST Reg R12, Reg R12 3
3bf72: MOV Reg RCX, Address (SizeDir 64 (AddrPlus (FromReg RSP) (AddrImm 40))) 5
3bf77: LEA Reg RBP, Address (AddrPlus (FromReg RIP) (AddrImm 386050)) 7
3bf7e: LEA Reg R10, Address (AddrPlus (FromReg RSP) (AddrImm 48)) 5
3bf83: LEA Reg R11, Address (AddrPlus (FromReg RSP) (AddrImm 304)) 8
3bf8b: JZ 3c019 (resolved immediate)
  |
  `- 3c019
3bf98: TEST Reg RBX, Reg RBX 3
3bf9b: JZ 3c0eb (resolved immediate)
  |
  `- 3bfa1,3c0eb
3bfa1: LEA Reg RAX, Address (AddrPlus (FromReg RIP) (AddrImm 396536)) 7
3bfa8: LEA Reg RSI, Address (AddrPlus (FromReg RIP) (AddrImm 408563)) 7
3bfaf: TEST Reg R12, Reg R12 3
3bfb2: LEA Reg RDX, Address (AddrPlus (FromReg RIP) (AddrImm 385870)) 7
3bfb9: CMOVNZ Reg RAX, Reg RSI 4
3bfbd: JMP 3c031 (resolved immediate)
  |
  `- 3c031
3bfc0: LEA Reg R11, Address (AddrPlus (FromReg RSP) (AddrImm 304)) 8
3bfc8: MOV Reg R9D, Address (SizeDir 32 (AddrPlus (FromReg RSP) (AddrImm 640))) 8
3bfd0: LEA Reg R8, Address (AddrPlus (FromReg RIP) (AddrImm 385843)) 7
3bfd7: MOV Reg ECX, Immediate 256 5
3bfdc: MOV Reg EDX, Immediate 1 5
3bfe1: MOV Reg ESI, Immediate 256 5
3bfe6: MOV Reg RDI, Reg R11 3
3bfe9: XOR Reg EAX, Reg EAX 2
3bfeb: MOV Address (SizeDir 64 (AddrPlus (FromReg RSP) (AddrImm 24))), Reg R10 5
3bff0: MOV Address (SizeDir 64 (AddrPlus (FromReg RSP) (AddrImm 16))), Reg R11 5
3bff5: LEA Reg RBP, Address (AddrPlus (FromReg RIP) (AddrImm 385924)) 7
3bffc: CALL __snprintf_chk (external)
3c001: MOV Reg RCX, Address (SizeDir 64 (AddrPlus (FromReg RSP) (AddrImm 40))) 5
3c006: MOV Reg R11, Address (SizeDir 64 (AddrPlus (FromReg RSP) (AddrImm 16))) 5
3c00b: MOV Reg R10, Address (SizeDir 64 (AddrPlus (FromReg RSP) (AddrImm 24))) 5
3c010: TEST Reg R12, Reg R12 3
3c013: JNZ 3bf98 (resolved immediate)
  |
  `- 3bf98,3c019
3c019: CMP Address (SizeDir 8 (AddrPlus (FromReg RSP) (AddrImm 15))), Immediate 0 5
3c01e: JNZ 3bf98 (resolved immediate)
  |
  `- 3bf98,3c024
3c024: LEA Reg RBX, Address (AddrPlus (FromReg RIP) (AddrImm 396405)) 7
3c02b: MOV Reg RDX, Reg RBX 3
3c02e: MOV Reg RAX, Reg RBX 3
3c031: SUB Reg RSP, Immediate 8 4
3c035: MOV Reg RDI, Address (SizeDir 64 (FromReg R15)) 3
3c038: LEA Reg R8, Address (AddrPlus (FromReg RIP) (AddrImm 385750)) 7
3c03f: PUSH Reg RCX 1
3c040: PUSH Reg R11 2
3c042: LEA Reg RCX, Address (AddrPlus (FromReg RIP) (AddrImm 358278)) 7
3c049: PUSH Reg RDX 1
3c04a: PUSH Reg RBX 1
3c04b: MOV Reg R9, Reg R10 3
3c04e: PUSH Reg RAX 1
3c04f: MOV Reg EDX, Address (SizeDir 32 (AddrPlus (FromReg RSP) (AddrImm 56))) 4
3c053: XOR Reg EAX, Reg EAX 2
3c055: MOV Reg ESI, Address (SizeDir 32 (AddrPlus (FromReg RSP) (AddrImm 52))) 4
3c059: CALL xtl_log (external)
3c05e: MOV Reg RDI, Address (SizeDir 64 (AddrPlus (FromReg RSP) (AddrImm 88))) 5
3c063: ADD Reg RSP, Immediate 48 4
3c067: CMP Reg RDI, Reg RBP 3
3c06a: JZ 3c071 (resolved immediate)
  |
  `- 3c06c,3c071
3c06c: CALL free (external)
3c071: MOV Reg RAX, Address (SizeDir 64 (AddrPlus (FromReg RSP) (AddrImm 568))) 8
3c079: XOR Reg RAX, Address (SizeDir 64 (AddrPlus (FromReg FS) (AddrImm 40))) 9
3c082: MOV Address (SizeDir 32 (AddrPlus (FromReg R13) (AddrImm 0))), Reg R14D 4
3c086: JNZ 3c0c1 (resolved immediate)
  |
  `- 3c088,3c0c1
3c088: ADD Reg RSP, Immediate 584 7
3c08f: POP Reg RBX 1
3c090: POP Reg RBP 1
3c091: POP Reg R12 2
3c093: POP Reg R13 2
3c095: POP Reg R14 2
3c097: POP Reg R15 2
3c099: RET  1
  |
  `- 
3c0a0: LEA Reg RBP, Address (AddrPlus (FromReg RIP) (AddrImm 385753)) 7
3c0a7: LEA Reg R10, Address (AddrPlus (FromReg RSP) (AddrImm 48)) 5
3c0ac: LEA Reg R11, Address (AddrPlus (FromReg RSP) (AddrImm 304)) 8
3c0b4: MOV Address (SizeDir 64 (AddrPlus (FromReg RSP) (AddrImm 40))), Reg RBP 5
3c0b9: MOV Reg RCX, Reg RBP 3
3c0bc: JMP 3c010 (resolved immediate)
  |
  `- 3c010
3c0c1: CALL __stack_chk_fail (external)
  |
  `- 
3c0c6: LEA Reg RBX, Address (AddrPlus (FromReg RIP) (AddrImm 396243)) 7
3c0cd: LEA Reg RDX, Address (AddrPlus (FromReg RIP) (AddrImm 385587)) 7
3c0d4: LEA Reg RBP, Address (AddrPlus (FromReg RIP) (AddrImm 385701)) 7
3c0db: LEA Reg R11, Address (AddrPlus (FromReg RSP) (AddrImm 304)) 8
3c0e3: MOV Reg RAX, Reg RBX 3
3c0e6: JMP 3c031 (resolved immediate)
  |
  `- 3c031
3c0eb: LEA Reg RBX, Address (AddrPlus (FromReg RIP) (AddrImm 396206)) 7
3c0f2: LEA Reg RDX, Address (AddrPlus (FromReg RIP) (AddrImm 385550)) 7
3c0f9: MOV Reg RAX, Reg RBX 3
3c0fc: JMP 3c031 (resolved immediate)
  |
  `- 3c031
3c110: SUB Reg RSP, Immediate 216 7
3c117: TEST Reg AL, Reg AL 2
3c119: MOV Reg R10, Address (SizeDir 64 (AddrPlus (FromReg RSP) (AddrImm 232))) 8
3c121: JZ 3c15a (resolved immediate)
  |
  `- 3c123,3c15a
3c123: MOVAPS Address (SizeDir 128 (AddrPlus (FromReg RSP) (AddrImm 80))), Reg XMM0 5
3c128: MOVAPS Address (SizeDir 128 (AddrPlus (FromReg RSP) (AddrImm 96))), Reg XMM1 5
3c12d: MOVAPS Address (SizeDir 128 (AddrPlus (FromReg RSP) (AddrImm 112))), Reg XMM2 5
3c132: MOVAPS Address (SizeDir 128 (AddrPlus (FromReg RSP) (AddrImm 128))), Reg XMM3 8
3c13a: MOVAPS Address (SizeDir 128 (AddrPlus (FromReg RSP) (AddrImm 144))), Reg XMM4 8
3c142: MOVAPS Address (SizeDir 128 (AddrPlus (FromReg RSP) (AddrImm 160))), Reg XMM5 8
3c14a: MOVAPS Address (SizeDir 128 (AddrPlus (FromReg RSP) (AddrImm 176))), Reg XMM6 8
3c152: MOVAPS Address (SizeDir 128 (AddrPlus (FromReg RSP) (AddrImm 192))), Reg XMM7 8
3c15a: MOV Reg RAX, Address (SizeDir 64 (AddrPlus (FromReg FS) (AddrImm 40))) 9
3c163: MOV Address (SizeDir 64 (AddrPlus (FromReg RSP) (AddrImm 24))), Reg RAX 5
3c168: XOR Reg EAX, Reg EAX 2
3c16a: LEA Reg RAX, Address (AddrPlus (FromReg RSP) (AddrImm 240)) 8
3c172: MOV Address (SizeDir 64 (AddrPlus (FromReg RSP) (AddrImm 8))), Reg RAX 5
3c177: LEA Reg RAX, Address (AddrPlus (FromReg RSP) (AddrImm 32)) 5
3c17c: MOV Address (SizeDir 32 (FromReg RSP)), Immediate 48 7
3c183: MOV Address (SizeDir 32 (AddrPlus (FromReg RSP) (AddrImm 4))), Immediate 48 8
3c18b: SUB Reg RSP, Immediate 8 4
3c18f: MOV Address (SizeDir 64 (AddrPlus (FromReg RSP) (AddrImm 24))), Reg RAX 5
3c194: LEA Reg RAX, Address (AddrPlus (FromReg RSP) (AddrImm 8)) 5
3c199: PUSH Reg RAX 1
3c19a: PUSH Reg R10 2
3c19c: MOV Reg EAX, Address (SizeDir 32 (AddrPlus (FromReg RSP) (AddrImm 248))) 7
3c1a3: PUSH Reg RAX 1
3c1a4: CALL libxl__logv (internal)
  |
  `- 3be40
3c1a9: ADD Reg RSP, Immediate 32 4
3c1ad: MOV Reg RAX, Address (SizeDir 64 (AddrPlus (FromReg RSP) (AddrImm 24))) 5
3c1b2: XOR Reg RAX, Address (SizeDir 64 (AddrPlus (FromReg FS) (AddrImm 40))) 9
3c1bb: JNZ 3c1c5 (resolved immediate)
  |
  `- 3c1bd,3c1c5
3c1bd: ADD Reg RSP, Immediate 216 7
3c1c4: RET  1
  |
  `- 
3c1c5: CALL __stack_chk_fail (external)
  |
  `- 
3c1d0: TEST Reg RCX, Reg RCX 3
3c1d3: PUSH Reg R14 2
3c1d5: PUSH Reg R13 2
3c1d7: PUSH Reg R12 2
3c1d9: PUSH Reg RBP 1
3c1da: PUSH Reg RBX 1
3c1db: MOV Reg RBX, Reg RSI 3
3c1de: JZ 3c24b (resolved immediate)
  |
  `- 3c1e0,3c24b
3c1e0: LEA Reg R14, Address (AddrPlus (FromReg RIP) (AddrImm 385473)) 7
3c1e7: SUB Reg RSP, Immediate 8 4
3c1eb: MOV Reg R9, Reg RSI 3
3c1ee: PUSH Reg RCX 1
3c1ef: PUSH Reg RDX 1
3c1f0: MOV Reg R13, Reg RDX 3
3c1f3: PUSH Reg RSI 1
3c1f4: PUSH Reg R14 2
3c1f6: MOV Reg R12, Reg RCX 3
3c1f9: PUSH Immediate 18446744073709551615 2
3c1fb: XOR Reg R8D, Reg R8D 3
3c1fe: XOR Reg ECX, Reg ECX 2
3c200: MOV Reg EDX, Immediate 12 5
3c205: MOV Reg ESI, Immediate 9 5
3c20a: XOR Reg EAX, Reg EAX 2
3c20c: CALL libxl__log (internal)
  |
  `- 
3c211: MOV Reg RBP, Address (SizeDir 64 (AddrPlus (FromReg RIP) (AddrImm 2665928))) 7
3c218: ADD Reg RSP, Immediate 48 4
3c21c: MOV Reg R9, Reg R12 3
3c21f: MOV Reg R8, Reg R13 3
3c222: MOV Reg RCX, Reg RBX 3
3c225: MOV Reg RDX, Reg R14 3
3c228: MOV Reg ESI, Immediate 1 5
3c22d: XOR Reg EAX, Reg EAX 2
3c22f: MOV Reg RDI, Address (SizeDir 64 (AddrPlus (FromReg RBP) (AddrImm 0))) 4
3c233: CALL __fprintf_chk (external)
3c238: MOV Reg RDI, Address (SizeDir 64 (AddrPlus (FromReg RBP) (AddrImm 0))) 4
3c23c: CALL fflush (external)
3c241: MOV Reg EDI, Immediate 4294967295 5
3c246: CALL _exit (external)
  |
  `- 
3c24b: LEA Reg R12, Address (AddrPlus (FromReg RIP) (AddrImm 385430)) 7
3c252: SUB Reg RSP, Immediate 8 4
3c256: MOV Reg R9, Reg RSI 3
3c259: PUSH Reg RSI 1
3c25a: XOR Reg ECX, Reg ECX 2
3c25c: XOR Reg EAX, Reg EAX 2
3c25e: PUSH Reg R12 2
3c260: PUSH Immediate 18446744073709551615 2
3c262: XOR Reg R8D, Reg R8D 3
3c265: MOV Reg EDX, Immediate 12 5
3c26a: MOV Reg ESI, Immediate 9 5
3c26f: CALL libxl__log (internal)
  |
  `- 
3c274: MOV Reg RBP, Address (SizeDir 64 (AddrPlus (FromReg RIP) (AddrImm 2665829))) 7
3c27b: ADD Reg RSP, Immediate 32 4
3c27f: MOV Reg RCX, Reg RBX 3
3c282: MOV Reg RDX, Reg R12 3
3c285: MOV Reg ESI, Immediate 1 5
3c28a: XOR Reg EAX, Reg EAX 2
3c28c: MOV Reg RDI, Address (SizeDir 64 (AddrPlus (FromReg RBP) (AddrImm 0))) 4
3c290: CALL __fprintf_chk (external)
3c295: JMP 3c238 (resolved immediate)
  |
  `- 3c238
3c2a0: MOV Reg R8D, Address (SizeDir 32 (FromReg RDI)) 3
3c2a3: TEST Reg R8D, Reg R8D 3
3c2a6: JS 3c378 (resolved immediate)
  |
  `- 3c2ac,3c378
3c2ac: TEST Reg RSI, Reg RSI 3
3c2af: JZ 3c378 (resolved immediate)
  |
  `- 3c2b5,3c378
3c2b5: TEST Reg R8D, Reg R8D 3
3c2b8: JZ 3c2f7 (resolved immediate)
  |
  `- 3c2ba,3c2f7
3c2ba: MOV Reg RDX, Address (SizeDir 64 (AddrPlus (FromReg RDI) (AddrImm 8))) 4
3c2be: CMP Address (SizeDir 64 (FromReg RDX)), Immediate 0 4
3c2c2: JZ 3c380 (resolved immediate)
  |
  `- 3c2c8,3c380
3c2c8: LEA Reg RAX, Address (AddrPlus (FromReg RDX) (AddrImm 8)) 4
3c2cc: LEA Reg EDX, Address (AddrMinus (FromReg R8) (AddrImm 1)) 4
3c2d0: LEA Reg RCX, Address (AddrPlus (FromReg RAX) (AddrTimes (AddrImm 8) (FromReg RDX))) 4
3c2d4: JMP 3c2f2 (resolved immediate)
  |
  `- 3c2f2
3c2e0: MOV Reg RDX, Reg RAX 3
3c2e3: ADD Reg RAX, Immediate 8 4
3c2e7: CMP Address (SizeDir 64 (AddrMinus (FromReg RAX) (AddrImm 8))), Immediate 0 5
3c2ec: JZ 3c380 (resolved immediate)
  |
  `- 3c2f2,3c380
3c2f2: CMP Reg RAX, Reg RCX 3
3c2f5: JNZ 3c2e0 (resolved immediate)
  |
  `- 3c2e0,3c2f7
3c2f7: PUSH Reg R13 2
3c2f9: PUSH Reg R12 2
3c2fb: MOV Reg R12, Reg RSI 3
3c2fe: PUSH Reg RBP 1
3c2ff: LEA Reg EBP, Address (AddrPlus (AddrPlus (FromReg R8) (FromReg R8)) (AddrImm 25)) 5
3c304: PUSH Reg RBX 1
3c305: MOV Reg RBX, Reg RDI 3
3c308: SUB Reg RSP, Immediate 8 4
3c30c: CMP Reg EBP, Immediate 134217726 6
3c312: JG 3c39c (resolved immediate)
  |
  `- 3c318,3c39c
3c318: MOVSXD Reg R13, Reg EBP 3
3c31b: MOV Reg RDI, Address (SizeDir 64 (AddrPlus (FromReg RDI) (AddrImm 8))) 4
3c31f: LEA Reg RSI, Address (AddrPlus (AddrTimes (AddrImm 8) (FromReg R13)) (AddrImm 0)) 8
3c327: CALL realloc (external)
3c32c: TEST Reg RAX, Reg RAX 3
3c32f: MOV Address (SizeDir 64 (AddrPlus (FromReg RBX) (AddrImm 8))), Reg RAX 4
3c333: JZ 3c384 (resolved immediate)
  |
  `- 3c335,3c384
3c335: MOVSXD Reg RDX, Address (SizeDir 32 (FromReg RBX)) 3
3c338: LEA Reg ECX, Address (AddrPlus (FromReg RDX) (AddrImm 1)) 3
3c33b: MOV Address (SizeDir 32 (FromReg RBX)), Reg ECX 2
3c33d: MOV Address (SizeDir 64 (AddrPlus (FromReg RAX) (AddrTimes (AddrImm 8) (FromReg RDX)))), Reg R12 4
3c341: MOVSXD Reg RAX, Address (SizeDir 32 (FromReg RBX)) 3
3c344: CMP Reg EBP, Reg EAX 2
3c346: JLE 3c368 (resolved immediate)
  |
  `- 3c348,3c368
3c348: NOP  8
3c350: MOV Reg RDX, Address (SizeDir 64 (AddrPlus (FromReg RBX) (AddrImm 8))) 4
3c354: LEA Reg ECX, Address (AddrPlus (FromReg RAX) (AddrImm 1)) 3
3c357: MOV Address (SizeDir 32 (FromReg RBX)), Reg ECX 2
3c359: MOV Address (SizeDir 64 (AddrPlus (FromReg RDX) (AddrTimes (AddrImm 8) (FromReg RAX)))), Immediate 0 8
3c361: MOVSXD Reg RAX, Address (SizeDir 32 (FromReg RBX)) 3
3c364: CMP Reg EAX, Reg EBP 2
3c366: JL 3c350 (resolved immediate)
  |
  `- 3c350,3c368
3c368: ADD Reg RSP, Immediate 8 4
3c36c: POP Reg RBX 1
3c36d: POP Reg RBP 1
3c36e: POP Reg R12 2
3c370: POP Reg R13 2
3c372: RET  1
  |
  `- 
3c378: REPZ RET  2
  |
  `- 
3c380: MOV Address (SizeDir 64 (FromReg RDX)), Reg RSI 3
3c383: RET  1
  |
  `- 
3c384: MOV Reg RDI, Address (SizeDir 64 (AddrPlus (FromReg RBX) (AddrImm 16))) 4
3c388: LEA Reg RSI, Address (AddrPlus (FromReg RIP) (AddrImm 385873)) 7
3c38f: MOV Reg ECX, Immediate 8 5
3c394: MOV Reg RDX, Reg R13 3
3c397: CALL libxl__alloc_failed (internal)
  |
  `- 
3c39c: LEA Reg RCX, Address (AddrPlus (FromReg RIP) (AddrImm 385869)) 7
3c3a3: LEA Reg RSI, Address (AddrPlus (FromReg RIP) (AddrImm 384822)) 7
3c3aa: LEA Reg RDI, Address (AddrPlus (FromReg RIP) (AddrImm 385135)) 7
3c3b1: MOV Reg EDX, Immediate 62 5
3c3b6: CALL __assert_fail (external)
  |
  `- 
3c410: PUSH Reg R12 2
3c412: PUSH Reg RBP 1
3c413: MOV Reg RBP, Reg RSI 3
3c416: PUSH Reg RBX 1
3c417: MOV Reg R12, Reg RDI 3
3c41a: MOV Reg ESI, Immediate 1 5
3c41f: MOV Reg RDI, Reg RBP 3
3c422: CALL calloc (external)
3c427: TEST Reg RAX, Reg RAX 3
3c42a: JZ 3c442 (resolved immediate)
  |
  `- 3c42c,3c442
3c42c: MOV Reg RBX, Reg RAX 3
3c42f: MOV Reg RSI, Reg RAX 3
3c432: MOV Reg RDI, Reg R12 3
3c435: CALL libxl__ptr_add (internal)
  |
  `- 3c2a0
3c43a: MOV Reg RAX, Reg RBX 3
3c43d: POP Reg RBX 1
3c43e: POP Reg RBP 1
3c43f: POP Reg R12 2
3c441: RET  1
  |
  `- 
3c442: MOV Reg RDI, Address (SizeDir 64 (AddrPlus (FromReg R12) (AddrImm 16))) 5
3c447: LEA Reg RSI, Address (AddrPlus (FromReg RIP) (AddrImm 385634)) 7
3c44e: MOV Reg ECX, Immediate 1 5
3c453: MOV Reg RDX, Reg RBP 3
3c456: CALL libxl__alloc_failed (internal)
  |
  `- 3c1d0
3c460: PUSH Reg R14 2
3c462: PUSH Reg R13 2
3c464: MOV Reg R8, Reg RSI 3
3c467: PUSH Reg R12 2
3c469: PUSH Reg RBP 1
3c46a: MOV Reg R13, Reg RDI 3
3c46d: PUSH Reg RBX 1
3c46e: XOR Reg EDI, Reg EDI 2
3c470: MOV Reg RBP, Reg RSI 3
3c473: MOV Reg R14, Reg RDX 3
3c476: XOR Reg ESI, Reg ESI 2
3c478: MOV Reg RCX, Immediate 18446744073709551615 7
3c47f: SUB Reg RSP, Immediate 32 4
3c483: MOV Reg RAX, Address (SizeDir 64 (AddrPlus (FromReg FS) (AddrImm 40))) 9
3c48c: MOV Address (SizeDir 64 (AddrPlus (FromReg RSP) (AddrImm 24))), Reg RAX 5
3c491: XOR Reg EAX, Reg EAX 2
3c493: MOV Reg R12, Reg RSP 3
3c496: MOVDQU Reg XMM0, Address (SizeDir 128 (FromReg RDX)) 4
3c49a: MOV Reg R9, Reg R12 3
3c49d: MOVUPS Address (SizeDir 128 (FromReg RSP)), Reg XMM0 4
3c4a1: MOV Reg RAX, Address (SizeDir 64 (AddrPlus (FromReg RDX) (AddrImm 16))) 4
3c4a5: MOV Reg EDX, Immediate 1 5
3c4aa: MOV Address (SizeDir 64 (AddrPlus (FromReg RSP) (AddrImm 16))), Reg RAX 5
3c4af: CALL __vsnprintf_chk (external)
3c4b4: TEST Reg EAX, Reg EAX 2
3c4b6: JS 3c51b (resolved immediate)
  |
  `- 3c4b8,3c51b
3c4b8: ADD Reg EAX, Immediate 1 3
3c4bb: MOV Reg RDI, Reg R13 3
3c4be: MOVSXD Reg RBX, Reg EAX 3
3c4c1: MOV Reg RSI, Reg RBX 3
3c4c4: CALL libxl__zalloc (internal)
  |
  `- 3c410
3c4c9: MOV Reg R13, Reg RAX 3
3c4cc: MOV Reg RAX, Address (SizeDir 64 (AddrPlus (FromReg R14) (AddrImm 16))) 4
3c4d0: MOV Reg RCX, Immediate 18446744073709551615 7
3c4d7: MOVDQU Reg XMM0, Address (SizeDir 128 (FromReg R14)) 5
3c4dc: MOV Reg R9, Reg R12 3
3c4df: MOV Reg R8, Reg RBP 3
3c4e2: MOV Reg EDX, Immediate 1 5
3c4e7: MOV Reg RSI, Reg RBX 3
3c4ea: MOV Reg RDI, Reg R13 3
3c4ed: MOV Address (SizeDir 64 (AddrPlus (FromReg RSP) (AddrImm 16))), Reg RAX 5
3c4f2: MOVUPS Address (SizeDir 128 (FromReg RSP)), Reg XMM0 4
3c4f6: CALL __vsnprintf_chk (external)
3c4fb: MOV Reg RCX, Address (SizeDir 64 (AddrPlus (FromReg RSP) (AddrImm 24))) 5
3c500: XOR Reg RCX, Address (SizeDir 64 (AddrPlus (FromReg FS) (AddrImm 40))) 9
3c509: MOV Reg RAX, Reg R13 3
3c50c: JNZ 3c53a (resolved immediate)
  |
  `- 3c50e,3c53a
3c50e: ADD Reg RSP, Immediate 32 4
3c512: POP Reg RBX 1
3c513: POP Reg RBP 1
3c514: POP Reg R12 2
3c516: POP Reg R13 2
3c518: POP Reg R14 2
3c51a: RET  1
  |
  `- 
3c51b: LEA Reg RCX, Address (AddrPlus (FromReg RIP) (AddrImm 385358)) 7
3c522: LEA Reg RSI, Address (AddrPlus (FromReg RIP) (AddrImm 384439)) 7
3c529: LEA Reg RDI, Address (AddrPlus (FromReg RIP) (AddrImm 384498)) 7
3c530: MOV Reg EDX, Immediate 152 5
3c535: CALL __assert_fail (external)
  |
  `- 
3c53a: CALL __stack_chk_fail (external)
  |
  `- 
3c540: SUB Reg RSP, Immediate 216 7
3c547: TEST Reg AL, Reg AL 2
3c549: MOV Address (SizeDir 64 (AddrPlus (FromReg RSP) (AddrImm 48))), Reg RDX 5
3c54e: MOV Address (SizeDir 64 (AddrPlus (FromReg RSP) (AddrImm 56))), Reg RCX 5
3c553: MOV Address (SizeDir 64 (AddrPlus (FromReg RSP) (AddrImm 64))), Reg R8 5
3c558: MOV Address (SizeDir 64 (AddrPlus (FromReg RSP) (AddrImm 72))), Reg R9 5
3c55d: JZ 3c596 (resolved immediate)
  |
  `- 3c55f,3c596
3c55f: MOVAPS Address (SizeDir 128 (AddrPlus (FromReg RSP) (AddrImm 80))), Reg XMM0 5
3c564: MOVAPS Address (SizeDir 128 (AddrPlus (FromReg RSP) (AddrImm 96))), Reg XMM1 5
3c569: MOVAPS Address (SizeDir 128 (AddrPlus (FromReg RSP) (AddrImm 112))), Reg XMM2 5
3c56e: MOVAPS Address (SizeDir 128 (AddrPlus (FromReg RSP) (AddrImm 128))), Reg XMM3 8
3c576: MOVAPS Address (SizeDir 128 (AddrPlus (FromReg RSP) (AddrImm 144))), Reg XMM4 8
3c57e: MOVAPS Address (SizeDir 128 (AddrPlus (FromReg RSP) (AddrImm 160))), Reg XMM5 8
3c586: MOVAPS Address (SizeDir 128 (AddrPlus (FromReg RSP) (AddrImm 176))), Reg XMM6 8
3c58e: MOVAPS Address (SizeDir 128 (AddrPlus (FromReg RSP) (AddrImm 192))), Reg XMM7 8
3c596: MOV Reg RAX, Address (SizeDir 64 (AddrPlus (FromReg FS) (AddrImm 40))) 9
3c59f: MOV Address (SizeDir 64 (AddrPlus (FromReg RSP) (AddrImm 24))), Reg RAX 5
3c5a4: XOR Reg EAX, Reg EAX 2
3c5a6: LEA Reg RAX, Address (AddrPlus (FromReg RSP) (AddrImm 224)) 8
3c5ae: MOV Reg RDX, Reg RSP 3
3c5b1: MOV Address (SizeDir 64 (AddrPlus (FromReg RSP) (AddrImm 8))), Reg RAX 5
3c5b6: LEA Reg RAX, Address (AddrPlus (FromReg RSP) (AddrImm 32)) 5
3c5bb: MOV Address (SizeDir 32 (FromReg RSP)), Immediate 16 7
3c5c2: MOV Address (SizeDir 32 (AddrPlus (FromReg RSP) (AddrImm 4))), Immediate 48 8
3c5ca: MOV Address (SizeDir 64 (AddrPlus (FromReg RSP) (AddrImm 16))), Reg RAX 5
3c5cf: CALL libxl__vsprintf (internal)
  |
  `- 3c460
3c5d4: MOV Reg RCX, Address (SizeDir 64 (AddrPlus (FromReg RSP) (AddrImm 24))) 5
3c5d9: XOR Reg RCX, Address (SizeDir 64 (AddrPlus (FromReg FS) (AddrImm 40))) 9
3c5e2: JNZ 3c5ec (resolved immediate)
  |
  `- 3c5e4,3c5ec
3c5e4: ADD Reg RSP, Immediate 216 7
3c5eb: RET  1
  |
  `- 
3c5ec: CALL __stack_chk_fail (external)
  |
  `- 
