Number of assembly instructions     = 13
Number of indirect branches         = 0
Number of unresolved indirect jumps = 0: 
Number of unresolved indirect calls = 0: 
Number of symbolic states (representative of non-determinism): 13
Number of edges: 15

89660 (False): 0

89660: CMP Reg EDI, Immediate 1 3
89663: LEA Reg RAX, Address (SizeDir 64 (AddrPlus (FromReg RIP) (AddrImm 122114))) 7
8966a: JE 89694 (resolved immediate)
  |
  `- 8966c,89694
8966c: LEA Reg RAX, Address (SizeDir 64 (AddrPlus (FromReg RIP) (AddrImm 122096))) 7
89673: JB 89694 (resolved immediate)
  |
  `- 89675,89694
89675: CMP Reg EDI, Immediate 2 3
89678: LEA Reg RAX, Address (SizeDir 64 (AddrPlus (FromReg RIP) (AddrImm 122099))) 7
8967f: JE 89694 (resolved immediate)
  |
  `- 89681,89694
89681: LEA Reg RAX, Address (SizeDir 64 (AddrPlus (FromReg RIP) (AddrImm 122099))) 7
89688: CMP Reg EDI, Immediate 3 3
8968b: MOV Reg EDX, Immediate 0 5
89690: CMOVNE Reg RAX, Reg RDX 4
89694: RET  2
  |
  `- 
