Number of assembly instructions     = 70
Number of indirect branches         = 0
Number of unresolved indirect jumps = 0: 
Number of unresolved indirect calls = 0: 
Number of symbolic states (representative of non-determinism): 70
Number of edges: 70

3bdb0 (True): 80158
800e0 (False): 0

3bdb0: PUSH Reg R12 2
3bdb2: PUSH Reg RBP 1
3bdb3: PUSH Reg RBX 1
3bdb4: MOV Reg EAX, Address (SizeDir 32 (FromReg RDI)) 2
3bdb6: TEST Reg EAX, Reg EAX 2
3bdb8: JS 3be14 (resolved immediate)
  |
  `- 3bdba,3be14
3bdba: MOV Reg R12, Reg RDI 3
3bdbd: MOV Reg EBP, Immediate 0 5
3bdc2: MOV Reg EBX, Immediate 0 5
3bdc7: JZ 3bdf4 (resolved immediate)
  |
  `- 3bdc9,3bdf4
3bdc9: NOP  7
3bdd0: MOV Reg RAX, Address (SizeDir 64 (AddrPlus (FromReg R12) (AddrImm 8))) 5
3bdd5: ADD Reg EBX, Immediate 1 3
3bdd8: ADD Reg RAX, Reg RBP 3
3bddb: ADD Reg RBP, Immediate 8 4
3bddf: MOV Reg RDI, Address (SizeDir 64 (FromReg RAX)) 3
3bde2: MOV Address (SizeDir 64 (FromReg RAX)), Immediate 0 7
3bde9: CALL free (external)
3bdee: CMP Address (SizeDir 32 (FromReg R12)), Reg EBX 4
3bdf2: JG 3bdd0 (resolved immediate)
  |
  `- 3bdd0,3bdf4
3bdf4: MOV Reg RDI, Address (SizeDir 64 (AddrPlus (FromReg R12) (AddrImm 8))) 5
3bdf9: CALL free (external)
3bdfe: MOV Address (SizeDir 64 (AddrPlus (FromReg R12) (AddrImm 8))), Immediate 0 9
3be07: MOV Address (SizeDir 32 (FromReg R12)), Immediate 0 8
3be0f: POP Reg RBX 1
3be10: POP Reg RBP 1
3be11: POP Reg R12 2
3be13: RET  1
  |
  `- 
3be14: LEA Reg RCX, Address (AddrPlus (FromReg RIP) (AddrImm 387253)) 7
3be1b: LEA Reg RSI, Address (AddrPlus (FromReg RIP) (AddrImm 386238)) 7
3be22: LEA Reg RDI, Address (AddrPlus (FromReg RIP) (AddrImm 386248)) 7
3be29: MOV Reg EDX, Immediate 80 5
3be2e: CALL __assert_fail (external)
  |
  `- 
800e0: SUB Reg RSP, Immediate 40 4
800e4: MOV Reg RAX, Address (SizeDir 64 (AddrPlus (FromReg FS) (AddrImm 40))) 9
800ed: MOV Address (SizeDir 64 (AddrPlus (FromReg RSP) (AddrImm 24))), Reg RAX 5
800f2: XOR Reg EAX, Reg EAX 2
800f4: MOVZX Reg EAX, Address (SizeDir 8 (FromReg RDX)) 3
800f7: MOV Address (SizeDir 64 (AddrPlus (FromReg RSP) (AddrImm 16))), Reg RDI 5
800fc: MOV Reg RDI, Reg RSP 3
800ff: MOV Address (SizeDir 32 (FromReg RSP)), Immediate 0 7
80106: MOV Address (SizeDir 64 (AddrPlus (FromReg RSP) (AddrImm 8))), Immediate 0 9
8010f: MOV Address (SizeDir 8 (FromReg RSI)), Reg AL 2
80111: MOVZX Reg EAX, Address (SizeDir 8 (AddrPlus (FromReg RDX) (AddrImm 1))) 4
80115: MOV Address (SizeDir 8 (AddrPlus (FromReg RSI) (AddrImm 1))), Reg AL 3
80118: MOVZX Reg EAX, Address (SizeDir 8 (AddrPlus (FromReg RDX) (AddrImm 2))) 4
8011c: MOV Address (SizeDir 8 (AddrPlus (FromReg RSI) (AddrImm 2))), Reg AL 3
8011f: MOV Reg EAX, Address (SizeDir 32 (AddrPlus (FromReg RDX) (AddrImm 4))) 3
80122: MOV Address (SizeDir 32 (AddrPlus (FromReg RSI) (AddrImm 4))), Reg EAX 3
80125: MOV Reg EAX, Address (SizeDir 32 (AddrPlus (FromReg RDX) (AddrImm 8))) 3
80128: MOV Address (SizeDir 32 (AddrPlus (FromReg RSI) (AddrImm 8))), Reg EAX 3
8012b: MOV Reg EAX, Address (SizeDir 32 (AddrPlus (FromReg RDX) (AddrImm 12))) 3
8012e: MOV Address (SizeDir 32 (AddrPlus (FromReg RSI) (AddrImm 12))), Reg EAX 3
80131: MOVZX Reg EAX, Address (SizeDir 8 (AddrPlus (FromReg RDX) (AddrImm 16))) 4
80135: MOV Address (SizeDir 8 (AddrPlus (FromReg RSI) (AddrImm 16))), Reg AL 3
80138: MOVZX Reg EAX, Address (SizeDir 8 (AddrPlus (FromReg RDX) (AddrImm 17))) 4
8013c: MOV Address (SizeDir 8 (AddrPlus (FromReg RSI) (AddrImm 17))), Reg AL 3
8013f: MOVZX Reg EAX, Address (SizeDir 8 (AddrPlus (FromReg RDX) (AddrImm 18))) 4
80143: MOV Address (SizeDir 8 (AddrPlus (FromReg RSI) (AddrImm 18))), Reg AL 3
80146: MOVZX Reg EAX, Address (SizeDir 8 (AddrPlus (FromReg RDX) (AddrImm 19))) 4
8014a: MOV Address (SizeDir 8 (AddrPlus (FromReg RSI) (AddrImm 19))), Reg AL 3
8014d: MOV Reg EAX, Address (SizeDir 32 (AddrPlus (FromReg RDX) (AddrImm 20))) 3
80150: MOV Address (SizeDir 32 (AddrPlus (FromReg RSI) (AddrImm 20))), Reg EAX 3
80153: CALL libxl__free_all (internal)
  |
  `- 3bdb0
80158: MOV Reg RAX, Address (SizeDir 64 (AddrPlus (FromReg RSP) (AddrImm 24))) 5
8015d: XOR Reg RAX, Address (SizeDir 64 (AddrPlus (FromReg FS) (AddrImm 40))) 9
80166: JNZ 8016d (resolved immediate)
  |
  `- 80168,8016d
80168: ADD Reg RSP, Immediate 40 4
8016c: RET  1
  |
  `- 
8016d: CALL __stack_chk_fail (external)
  |
  `- 
