Number of assembly instructions     = 422
Number of indirect branches         = 0
Number of unresolved indirect jumps = 0: 
Number of unresolved indirect calls = 0: 
Number of symbolic states (representative of non-determinism): 422
Number of edges: 437

3bdb0 (True): 3db59, 3dbf1, 3dd52
3be40 (True): 3c1a9
3c110 (True): 3db4b, 3dbe3, 3dc53, 3dca4
3d9a0 (False): 0

3bdb0: PUSH Reg R12 2
3bdb2: PUSH Reg RBP 1
3bdb3: PUSH Reg RBX 1
3bdb4: MOV Reg EAX, Address (SizeDir 32 (FromReg RDI)) 2
3bdb6: TEST Reg EAX, Reg EAX 2
3bdb8: JS 3be14 (resolved immediate)
  |
  `- 3bdba,3be14
3bdba: MOV Reg R12, Reg RDI 3
3bdbd: MOV Reg EBP, Immediate 0 5
3bdc2: MOV Reg EBX, Immediate 0 5
3bdc7: JE 3bdf4 (resolved immediate)
  |
  `- 3bdc9,3bdf4
3bdc9: NOP  7
3bdd0: MOV Reg RAX, Address (SizeDir 64 (AddrPlus (FromReg R12) (AddrImm 8))) 5
3bdd5: ADD Reg EBX, Immediate 1 3
3bdd8: ADD Reg RAX, Reg RBP 3
3bddb: ADD Reg RBP, Immediate 8 4
3bddf: MOV Reg RDI, Address (SizeDir 64 (FromReg RAX)) 3
3bde2: MOV Address (SizeDir 64 (FromReg RAX)), Immediate 0 7
3bde9: CALL free (external)
3bdee: CMP Address (SizeDir 32 (FromReg R12)), Reg EBX 4
3bdf2: JG 3bdd0 (resolved immediate)
  |
  `- 3bdd0,3bdf4
3bdf4: MOV Reg RDI, Address (SizeDir 64 (AddrPlus (FromReg R12) (AddrImm 8))) 5
3bdf9: CALL free (external)
3bdfe: MOV Address (SizeDir 64 (AddrPlus (FromReg R12) (AddrImm 8))), Immediate 0 9
3be07: MOV Address (SizeDir 32 (FromReg R12)), Immediate 0 8
3be0f: POP Reg RBX 1
3be10: POP Reg RBP 1
3be11: POP Reg R12 2
3be13: RET  1
  |
  `- 
3be14: LEA Reg RCX, Address (SizeDir 64 (AddrPlus (FromReg RIP) (AddrImm 387253))) 7
3be1b: LEA Reg RSI, Address (SizeDir 64 (AddrPlus (FromReg RIP) (AddrImm 386238))) 7
3be22: LEA Reg RDI, Address (SizeDir 64 (AddrPlus (FromReg RIP) (AddrImm 386248))) 7
3be29: MOV Reg EDX, Immediate 80 5
3be2e: CALL __assert_fail (external)
  |
  `- 
3be40: PUSH Reg R15 2
3be42: PUSH Reg R14 2
3be44: MOV Reg R15, Reg RDI 3
3be47: PUSH Reg R13 2
3be49: PUSH Reg R12 2
3be4b: MOV Reg R12, Reg RCX 3
3be4e: PUSH Reg RBP 1
3be4f: PUSH Reg RBX 1
3be50: MOV Reg EBP, Reg R8D 3
3be53: MOV Reg RBX, Reg R9 3
3be56: SUB Reg RSP, Immediate 584 7
3be5d: MOV Address (SizeDir 32 (AddrPlus (FromReg RSP) (AddrImm 4))), Reg ESI 4
3be61: MOV Address (SizeDir 32 (AddrPlus (FromReg RSP) (AddrImm 8))), Reg EDX 4
3be65: MOV Reg RAX, Address (SizeDir 64 (AddrPlus (FromReg FS) (AddrImm 40))) 9
3be6e: MOV Address (SizeDir 64 (AddrPlus (FromReg RSP) (AddrImm 568))), Reg RAX 8
3be76: XOR Reg EAX, Reg EAX 2
3be78: MOV Address (SizeDir 64 (AddrPlus (FromReg RSP) (AddrImm 40))), Immediate 0 9
3be81: CALL __errno_location (external)
3be86: MOV Reg RCX, Address (SizeDir 64 (AddrPlus (FromReg RSP) (AddrImm 656))) 8
3be8e: MOV Reg RDX, Address (SizeDir 64 (AddrPlus (FromReg RSP) (AddrImm 648))) 8
3be96: LEA Reg RDI, Address (SizeDir 64 (AddrPlus (FromReg RSP) (AddrImm 40))) 5
3be9b: MOV Reg ESI, Immediate 1 5
3bea0: MOV Reg R13, Reg RAX 3
3bea3: MOV Reg R14D, Address (SizeDir 32 (FromReg RAX)) 3
3bea6: CALL __vasprintf_chk (external)
3beab: TEST Reg RBX, Reg RBX 3
3beae: SETNE Address (SizeDir 8 (AddrPlus (FromReg RSP) (AddrImm 15))) 5
3beb3: TEST Reg EAX, Reg EAX 2
3beb5: JS 3c0a0 (resolved immediate)
  |
  `- 3bebb,3c0a0
3bebb: TEST Reg R12, Reg R12 3
3bebe: MOV Address (SizeDir 8 (AddrPlus (FromReg RSP) (AddrImm 48))), Immediate 0 5
3bec3: JE 3bf50 (resolved immediate)
  |
  `- 3bec9,3bf50
3bec9: LEA Reg R10, Address (SizeDir 64 (AddrPlus (FromReg RSP) (AddrImm 48))) 5
3bece: SUB Reg RSP, Immediate 8 4
3bed2: LEA Reg R8, Address (SizeDir 64 (AddrPlus (FromReg RIP) (AddrImm 362554))) 7
3bed9: PUSH Reg RBP 1
3beda: MOV Reg EDX, Immediate 1 5
3bedf: XOR Reg EAX, Reg EAX 2
3bee1: MOV Reg RDI, Reg R10 3
3bee4: MOV Reg R9, Reg R12 3
3bee7: MOV Reg ECX, Immediate 256 5
3beec: MOV Reg ESI, Immediate 256 5
3bef1: MOV Address (SizeDir 64 (AddrPlus (FromReg RSP) (AddrImm 32))), Reg R10 5
3bef6: CALL __snprintf_chk (external)
3befb: MOV Address (SizeDir 8 (AddrPlus (FromReg RSP) (AddrImm 319))), Immediate 0 8
3bf03: MOV Address (SizeDir 8 (AddrPlus (FromReg RSP) (AddrImm 320))), Immediate 0 8
3bf0b: POP Reg RAX 1
3bf0c: POP Reg RDX 1
3bf0d: CMP Address (SizeDir 32 (AddrPlus (FromReg RSP) (AddrImm 640))), Immediate 18446744073709551615 8
3bf15: MOV Reg R10, Address (SizeDir 64 (AddrPlus (FromReg RSP) (AddrImm 16))) 5
3bf1a: JNE 3bfc0 (resolved immediate)
  |
  `- 3bf20,3bfc0
3bf20: TEST Reg RBX, Reg RBX 3
3bf23: MOV Reg RCX, Address (SizeDir 64 (AddrPlus (FromReg RSP) (AddrImm 40))) 5
3bf28: JE 3c0c6 (resolved immediate)
  |
  `- 3bf2e,3c0c6
3bf2e: LEA Reg RDX, Address (SizeDir 64 (AddrPlus (FromReg RIP) (AddrImm 386002))) 7
3bf35: LEA Reg RAX, Address (SizeDir 64 (AddrPlus (FromReg RIP) (AddrImm 408678))) 7
3bf3c: LEA Reg RBP, Address (SizeDir 64 (AddrPlus (FromReg RIP) (AddrImm 386109))) 7
3bf43: LEA Reg R11, Address (SizeDir 64 (AddrPlus (FromReg RSP) (AddrImm 304))) 8
3bf4b: JMP 3c031 (resolved immediate)
  |
  `- 3c031
3bf50: CMP Address (SizeDir 32 (AddrPlus (FromReg RSP) (AddrImm 640))), Immediate 18446744073709551615 8
3bf58: MOV Address (SizeDir 8 (AddrPlus (FromReg RSP) (AddrImm 303))), Immediate 0 8
3bf60: LEA Reg R10, Address (SizeDir 64 (AddrPlus (FromReg RSP) (AddrImm 48))) 5
3bf65: MOV Address (SizeDir 8 (AddrPlus (FromReg RSP) (AddrImm 304))), Immediate 0 8
3bf6d: JNE 3bfc0 (resolved immediate)
  |
  `- 3bf6f,3bfc0
3bf6f: TEST Reg R12, Reg R12 3
3bf72: MOV Reg RCX, Address (SizeDir 64 (AddrPlus (FromReg RSP) (AddrImm 40))) 5
3bf77: LEA Reg RBP, Address (SizeDir 64 (AddrPlus (FromReg RIP) (AddrImm 386050))) 7
3bf7e: LEA Reg R10, Address (SizeDir 64 (AddrPlus (FromReg RSP) (AddrImm 48))) 5
3bf83: LEA Reg R11, Address (SizeDir 64 (AddrPlus (FromReg RSP) (AddrImm 304))) 8
3bf8b: JE 3c019 (resolved immediate)
  |
  `- 3c019
3bf98: TEST Reg RBX, Reg RBX 3
3bf9b: JE 3c0eb (resolved immediate)
  |
  `- 3bfa1,3c0eb
3bfa1: LEA Reg RAX, Address (SizeDir 64 (AddrPlus (FromReg RIP) (AddrImm 396536))) 7
3bfa8: LEA Reg RSI, Address (SizeDir 64 (AddrPlus (FromReg RIP) (AddrImm 408563))) 7
3bfaf: TEST Reg R12, Reg R12 3
3bfb2: LEA Reg RDX, Address (SizeDir 64 (AddrPlus (FromReg RIP) (AddrImm 385870))) 7
3bfb9: CMOVNE Reg RAX, Reg RSI 4
3bfbd: JMP 3c031 (resolved immediate)
  |
  `- 3c031
3bfc0: LEA Reg R11, Address (SizeDir 64 (AddrPlus (FromReg RSP) (AddrImm 304))) 8
3bfc8: MOV Reg R9D, Address (SizeDir 32 (AddrPlus (FromReg RSP) (AddrImm 640))) 8
3bfd0: LEA Reg R8, Address (SizeDir 64 (AddrPlus (FromReg RIP) (AddrImm 385843))) 7
3bfd7: MOV Reg ECX, Immediate 256 5
3bfdc: MOV Reg EDX, Immediate 1 5
3bfe1: MOV Reg ESI, Immediate 256 5
3bfe6: MOV Reg RDI, Reg R11 3
3bfe9: XOR Reg EAX, Reg EAX 2
3bfeb: MOV Address (SizeDir 64 (AddrPlus (FromReg RSP) (AddrImm 24))), Reg R10 5
3bff0: MOV Address (SizeDir 64 (AddrPlus (FromReg RSP) (AddrImm 16))), Reg R11 5
3bff5: LEA Reg RBP, Address (SizeDir 64 (AddrPlus (FromReg RIP) (AddrImm 385924))) 7
3bffc: CALL __snprintf_chk (external)
3c001: MOV Reg RCX, Address (SizeDir 64 (AddrPlus (FromReg RSP) (AddrImm 40))) 5
3c006: MOV Reg R11, Address (SizeDir 64 (AddrPlus (FromReg RSP) (AddrImm 16))) 5
3c00b: MOV Reg R10, Address (SizeDir 64 (AddrPlus (FromReg RSP) (AddrImm 24))) 5
3c010: TEST Reg R12, Reg R12 3
3c013: JNE 3bf98 (resolved immediate)
  |
  `- 3bf98,3c019
3c019: CMP Address (SizeDir 8 (AddrPlus (FromReg RSP) (AddrImm 15))), Immediate 0 5
3c01e: JNE 3bf98 (resolved immediate)
  |
  `- 3bf98,3c024
3c024: LEA Reg RBX, Address (SizeDir 64 (AddrPlus (FromReg RIP) (AddrImm 396405))) 7
3c02b: MOV Reg RDX, Reg RBX 3
3c02e: MOV Reg RAX, Reg RBX 3
3c031: SUB Reg RSP, Immediate 8 4
3c035: MOV Reg RDI, Address (SizeDir 64 (FromReg R15)) 3
3c038: LEA Reg R8, Address (SizeDir 64 (AddrPlus (FromReg RIP) (AddrImm 385750))) 7
3c03f: PUSH Reg RCX 1
3c040: PUSH Reg R11 2
3c042: LEA Reg RCX, Address (SizeDir 64 (AddrPlus (FromReg RIP) (AddrImm 358278))) 7
3c049: PUSH Reg RDX 1
3c04a: PUSH Reg RBX 1
3c04b: MOV Reg R9, Reg R10 3
3c04e: PUSH Reg RAX 1
3c04f: MOV Reg EDX, Address (SizeDir 32 (AddrPlus (FromReg RSP) (AddrImm 56))) 4
3c053: XOR Reg EAX, Reg EAX 2
3c055: MOV Reg ESI, Address (SizeDir 32 (AddrPlus (FromReg RSP) (AddrImm 52))) 4
3c059: CALL xtl_log (external)
3c05e: MOV Reg RDI, Address (SizeDir 64 (AddrPlus (FromReg RSP) (AddrImm 88))) 5
3c063: ADD Reg RSP, Immediate 48 4
3c067: CMP Reg RDI, Reg RBP 3
3c06a: JE 3c071 (resolved immediate)
  |
  `- 3c06c,3c071
3c06c: CALL free (external)
3c071: MOV Reg RAX, Address (SizeDir 64 (AddrPlus (FromReg RSP) (AddrImm 568))) 8
3c079: XOR Reg RAX, Address (SizeDir 64 (AddrPlus (FromReg FS) (AddrImm 40))) 9
3c082: MOV Address (SizeDir 32 (FromReg R13)), Reg R14D 4
3c086: JNE 3c0c1 (resolved immediate)
  |
  `- 3c088,3c0c1
3c088: ADD Reg RSP, Immediate 584 7
3c08f: POP Reg RBX 1
3c090: POP Reg RBP 1
3c091: POP Reg R12 2
3c093: POP Reg R13 2
3c095: POP Reg R14 2
3c097: POP Reg R15 2
3c099: RET  1
  |
  `- 
3c0a0: LEA Reg RBP, Address (SizeDir 64 (AddrPlus (FromReg RIP) (AddrImm 385753))) 7
3c0a7: LEA Reg R10, Address (SizeDir 64 (AddrPlus (FromReg RSP) (AddrImm 48))) 5
3c0ac: LEA Reg R11, Address (SizeDir 64 (AddrPlus (FromReg RSP) (AddrImm 304))) 8
3c0b4: MOV Address (SizeDir 64 (AddrPlus (FromReg RSP) (AddrImm 40))), Reg RBP 5
3c0b9: MOV Reg RCX, Reg RBP 3
3c0bc: JMP 3c010 (resolved immediate)
  |
  `- 3c010
3c0c1: CALL __stack_chk_fail (external)
  |
  `- 
3c0c6: LEA Reg RBX, Address (SizeDir 64 (AddrPlus (FromReg RIP) (AddrImm 396243))) 7
3c0cd: LEA Reg RDX, Address (SizeDir 64 (AddrPlus (FromReg RIP) (AddrImm 385587))) 7
3c0d4: LEA Reg RBP, Address (SizeDir 64 (AddrPlus (FromReg RIP) (AddrImm 385701))) 7
3c0db: LEA Reg R11, Address (SizeDir 64 (AddrPlus (FromReg RSP) (AddrImm 304))) 8
3c0e3: MOV Reg RAX, Reg RBX 3
3c0e6: JMP 3c031 (resolved immediate)
  |
  `- 3c031
3c0eb: LEA Reg RBX, Address (SizeDir 64 (AddrPlus (FromReg RIP) (AddrImm 396206))) 7
3c0f2: LEA Reg RDX, Address (SizeDir 64 (AddrPlus (FromReg RIP) (AddrImm 385550))) 7
3c0f9: MOV Reg RAX, Reg RBX 3
3c0fc: JMP 3c031 (resolved immediate)
  |
  `- 3c031
3c110: SUB Reg RSP, Immediate 216 7
3c117: TEST Reg AL, Reg AL 2
3c119: MOV Reg R10, Address (SizeDir 64 (AddrPlus (FromReg RSP) (AddrImm 232))) 8
3c121: JE 3c15a (resolved immediate)
  |
  `- 3c123,3c15a
3c123: MOVAPS Address (SizeDir 128 (AddrPlus (FromReg RSP) (AddrImm 80))), Reg XMM0 5
3c128: MOVAPS Address (SizeDir 128 (AddrPlus (FromReg RSP) (AddrImm 96))), Reg XMM1 5
3c12d: MOVAPS Address (SizeDir 128 (AddrPlus (FromReg RSP) (AddrImm 112))), Reg XMM2 5
3c132: MOVAPS Address (SizeDir 128 (AddrPlus (FromReg RSP) (AddrImm 128))), Reg XMM3 8
3c13a: MOVAPS Address (SizeDir 128 (AddrPlus (FromReg RSP) (AddrImm 144))), Reg XMM4 8
3c142: MOVAPS Address (SizeDir 128 (AddrPlus (FromReg RSP) (AddrImm 160))), Reg XMM5 8
3c14a: MOVAPS Address (SizeDir 128 (AddrPlus (FromReg RSP) (AddrImm 176))), Reg XMM6 8
3c152: MOVAPS Address (SizeDir 128 (AddrPlus (FromReg RSP) (AddrImm 192))), Reg XMM7 8
3c15a: MOV Reg RAX, Address (SizeDir 64 (AddrPlus (FromReg FS) (AddrImm 40))) 9
3c163: MOV Address (SizeDir 64 (AddrPlus (FromReg RSP) (AddrImm 24))), Reg RAX 5
3c168: XOR Reg EAX, Reg EAX 2
3c16a: LEA Reg RAX, Address (SizeDir 64 (AddrPlus (FromReg RSP) (AddrImm 240))) 8
3c172: MOV Address (SizeDir 64 (AddrPlus (FromReg RSP) (AddrImm 8))), Reg RAX 5
3c177: LEA Reg RAX, Address (SizeDir 64 (AddrPlus (FromReg RSP) (AddrImm 32))) 5
3c17c: MOV Address (SizeDir 32 (FromReg RSP)), Immediate 48 7
3c183: MOV Address (SizeDir 32 (AddrPlus (FromReg RSP) (AddrImm 4))), Immediate 48 8
3c18b: SUB Reg RSP, Immediate 8 4
3c18f: MOV Address (SizeDir 64 (AddrPlus (FromReg RSP) (AddrImm 24))), Reg RAX 5
3c194: LEA Reg RAX, Address (SizeDir 64 (AddrPlus (FromReg RSP) (AddrImm 8))) 5
3c199: PUSH Reg RAX 1
3c19a: PUSH Reg R10 2
3c19c: MOV Reg EAX, Address (SizeDir 32 (AddrPlus (FromReg RSP) (AddrImm 248))) 7
3c1a3: PUSH Reg RAX 1
3c1a4: CALL libxl__logv (internal)
  |
  `- 3be40
3c1a9: ADD Reg RSP, Immediate 32 4
3c1ad: MOV Reg RAX, Address (SizeDir 64 (AddrPlus (FromReg RSP) (AddrImm 24))) 5
3c1b2: XOR Reg RAX, Address (SizeDir 64 (AddrPlus (FromReg FS) (AddrImm 40))) 9
3c1bb: JNE 3c1c5 (resolved immediate)
  |
  `- 3c1bd,3c1c5
3c1bd: ADD Reg RSP, Immediate 216 7
3c1c4: RET  1
  |
  `- 
3c1c5: CALL __stack_chk_fail (external)
  |
  `- 
3d9a0: PUSH Reg R15 2
3d9a2: PUSH Reg R14 2
3d9a4: MOV Reg R14, Reg RCX 3
3d9a7: PUSH Reg R13 2
3d9a9: PUSH Reg R12 2
3d9ab: MOV Reg R13, Reg RDX 3
3d9ae: PUSH Reg RBP 1
3d9af: PUSH Reg RBX 1
3d9b0: MOV Reg RBP, Reg RSI 3
3d9b3: LEA Reg RSI, Address (SizeDir 64 (AddrPlus (FromReg RIP) (AddrImm 349364))) 7
3d9ba: SUB Reg RSP, Immediate 216 7
3d9c1: MOV Address (SizeDir 64 (AddrPlus (FromReg RSP) (AddrImm 32))), Reg RDI 5
3d9c6: MOV Reg RDI, Reg RBP 3
3d9c9: MOV Address (SizeDir 32 (AddrPlus (FromReg RSP) (AddrImm 16))), Immediate 0 8
3d9d1: MOV Reg RAX, Address (SizeDir 64 (AddrPlus (FromReg FS) (AddrImm 40))) 9
3d9da: MOV Address (SizeDir 64 (AddrPlus (FromReg RSP) (AddrImm 200))), Reg RAX 8
3d9e2: XOR Reg EAX, Reg EAX 2
3d9e4: MOV Address (SizeDir 64 (AddrPlus (FromReg RSP) (AddrImm 24))), Immediate 0 9
3d9ed: CALL fopen (external)
3d9f2: TEST Reg RAX, Reg RAX 3
3d9f5: JE 3db00 (resolved immediate)
  |
  `- 3d9fb,3db00
3d9fb: MOV Reg RDI, Reg RAX 3
3d9fe: MOV Reg RBX, Reg RAX 3
3da01: CALL fileno (external)
3da06: LEA Reg RDX, Address (SizeDir 64 (AddrPlus (FromReg RSP) (AddrImm 48))) 5
3da0b: MOV Reg ESI, Reg EAX 2
3da0d: MOV Reg EDI, Immediate 1 5
3da12: CALL __fxstat (external)
3da17: TEST Reg EAX, Reg EAX 2
3da19: MOV Reg R15D, Reg EAX 3
3da1c: JNE 3dba0 (resolved immediate)
  |
  `- 3da22,3dba0
3da22: MOV Reg EAX, Address (SizeDir 32 (AddrPlus (FromReg RSP) (AddrImm 72))) 4
3da26: AND Reg EAX, Immediate 61440 5
3da2b: CMP Reg EAX, Immediate 32768 5
3da30: JNE 3dc10 (resolved immediate)
  |
  `- 3da36,3dc10
3da36: MOV Reg R8, Address (SizeDir 64 (AddrPlus (FromReg RSP) (AddrImm 96))) 5
3da3b: CMP Reg R8, Immediate 2147483647 7
3da42: JG 3dc68 (resolved immediate)
  |
  `- 3da48,3dc68
3da48: TEST Reg R8, Reg R8 3
3da4b: JE 3dd20 (resolved immediate)
  |
  `- 3da51,3dd20
3da51: TEST Reg R13, Reg R13 3
3da54: JE 3dcc0 (resolved immediate)
  |
  `- 3da5a,3dcc0
3da5a: MOVSXD Reg RAX, Reg R8D 3
3da5d: MOV Address (SizeDir 64 (AddrPlus (FromReg RSP) (AddrImm 8))), Reg R8 5
3da62: MOV Reg RDI, Reg RAX 3
3da65: MOV Address (SizeDir 64 (FromReg RSP)), Reg RAX 4
3da69: CALL malloc (external)
3da6e: TEST Reg RAX, Reg RAX 3
3da71: MOV Reg R12, Reg RAX 3
3da74: JE 3dda0 (resolved immediate)
  |
  `- 3da7a,3dda0
3da7a: MOV Reg RDX, Address (SizeDir 64 (FromReg RSP)) 4
3da7e: MOV Reg RCX, Reg RBX 3
3da81: MOV Reg ESI, Immediate 1 5
3da86: MOV Reg RDI, Reg RAX 3
3da89: CALL fread (external)
3da8e: CMP Address (SizeDir 64 (FromReg RSP)), Reg RAX 4
3da92: MOV Reg R8, Address (SizeDir 64 (AddrPlus (FromReg RSP) (AddrImm 8))) 5
3da97: JE 3dd80 (resolved immediate)
  |
  `- 3da9d,3dd80
3da9d: MOV Reg RDI, Reg RBX 3
3daa0: CALL ferror (external)
3daa5: TEST Reg EAX, Reg EAX 2
3daa7: JE 3ddad (resolved immediate)
  |
  `- 3ddad
3db00: CALL __errno_location (external)
3db05: MOV Reg R15D, Address (SizeDir 32 (FromReg RAX)) 3
3db08: MOV Reg RBX, Reg RAX 3
3db0b: CMP Reg R15D, Immediate 2 4
3db0f: JE 3db6e (resolved immediate)
  |
  `- 3db11,3db6e
3db11: LEA Reg RAX, Address (SizeDir 64 (AddrPlus (FromReg RIP) (AddrImm 380030))) 7
3db18: SUB Reg RSP, Immediate 8 4
3db1c: LEA Reg R9, Address (SizeDir 64 (AddrPlus (FromReg RIP) (AddrImm 381981))) 7
3db23: PUSH Reg RBP 1
3db24: LEA Reg RCX, Address (SizeDir 64 (AddrPlus (FromReg RIP) (AddrImm 379860))) 7
3db2b: MOV Reg R8D, Immediate 341 6
3db31: PUSH Reg RAX 1
3db32: PUSH Immediate 18446744073709551615 2
3db34: MOV Reg EDX, Reg R15D 3
3db37: MOV Reg RDI, Address (SizeDir 64 (AddrPlus (FromReg RSP) (AddrImm 64))) 5
3db3c: MOV Reg ESI, Immediate 8 5
3db41: XOR Reg EAX, Reg EAX 2
3db43: XOR Reg R12D, Reg R12D 3
3db46: CALL libxl__log (internal)
  |
  `- 3c110
3db4b: ADD Reg RSP, Immediate 32 4
3db4f: LEA Reg RDI, Address (SizeDir 64 (AddrPlus (FromReg RSP) (AddrImm 16))) 5
3db54: CALL libxl__free_all (internal)
3db59: MOV Reg R15D, Address (SizeDir 32 (FromReg RBX)) 3
3db5c: CMP Reg R15D, Immediate 2 4
3db60: JE 3dd60 (resolved immediate)
3db66: MOV Reg RDI, Reg R12 3
3db69: CALL free (external)
3db6e: MOV Reg RCX, Address (SizeDir 64 (AddrPlus (FromReg RSP) (AddrImm 200))) 8
3db76: XOR Reg RCX, Address (SizeDir 64 (AddrPlus (FromReg FS) (AddrImm 40))) 9
3db7f: MOV Reg EAX, Reg R15D 3
3db82: JNE 3de03 (resolved immediate)
  |
  `- 3db88,3de03
3db88: ADD Reg RSP, Immediate 216 7
3db8f: POP Reg RBX 1
3db90: POP Reg RBP 1
3db91: POP Reg R12 2
3db93: POP Reg R13 2
3db95: POP Reg R14 2
3db97: POP Reg R15 2
3db99: RET  1
  |
  `- 
3dba0: CALL __errno_location (external)
3dba5: MOV Reg R13, Reg RAX 3
3dba8: LEA Reg RAX, Address (SizeDir 64 (AddrPlus (FromReg RIP) (AddrImm 379897))) 7
3dbaf: SUB Reg RSP, Immediate 8 4
3dbb3: PUSH Reg RBP 1
3dbb4: LEA Reg R9, Address (SizeDir 64 (AddrPlus (FromReg RIP) (AddrImm 381829))) 7
3dbbb: LEA Reg RCX, Address (SizeDir 64 (AddrPlus (FromReg RIP) (AddrImm 379709))) 7
3dbc2: PUSH Reg RAX 1
3dbc3: PUSH Immediate 18446744073709551615 2
3dbc5: MOV Reg R8D, Immediate 346 6
3dbcb: MOV Reg RDI, Address (SizeDir 64 (AddrPlus (FromReg RSP) (AddrImm 64))) 5
3dbd0: MOV Reg EDX, Address (SizeDir 32 (FromReg R13)) 4
3dbd4: MOV Reg ESI, Immediate 8 5
3dbd9: XOR Reg EAX, Reg EAX 2
3dbdb: XOR Reg R12D, Reg R12D 3
3dbde: CALL libxl__log (internal)
  |
  `- 
3dbe3: ADD Reg RSP, Immediate 32 4
3dbe7: LEA Reg RDI, Address (SizeDir 64 (AddrPlus (FromReg RSP) (AddrImm 16))) 5
3dbec: CALL libxl__free_all (internal)
  |
  `- 3dbf1,3bdb0
3dbf1: MOV Reg R15D, Address (SizeDir 32 (FromReg R13)) 4
3dbf5: CMP Reg R15D, Immediate 2 4
3dbf9: JE 3dd60 (resolved immediate)
  |
  `- 3dbff,3dd60
3dbff: MOV Reg RDI, Reg RBX 3
3dc02: CALL fclose (external)
3dc07: JMP 3db66 (resolved immediate)
  |
  `- 3db66
3dc10: CALL __errno_location (external)
3dc15: MOV Reg R13, Reg RAX 3
3dc18: LEA Reg RAX, Address (SizeDir 64 (AddrPlus (FromReg RIP) (AddrImm 379804))) 7
3dc1f: SUB Reg RSP, Immediate 8 4
3dc23: PUSH Reg RBP 1
3dc24: LEA Reg R9, Address (SizeDir 64 (AddrPlus (FromReg RIP) (AddrImm 381717))) 7
3dc2b: LEA Reg RCX, Address (SizeDir 64 (AddrPlus (FromReg RIP) (AddrImm 379597))) 7
3dc32: PUSH Reg RAX 1
3dc33: PUSH Immediate 18446744073709551615 2
3dc35: MOV Reg R8D, Immediate 351 6
3dc3b: MOV Reg RDI, Address (SizeDir 64 (AddrPlus (FromReg RSP) (AddrImm 64))) 5
3dc40: MOV Reg EDX, Address (SizeDir 32 (FromReg R13)) 4
3dc44: MOV Reg ESI, Immediate 8 5
3dc49: XOR Reg EAX, Reg EAX 2
3dc4b: XOR Reg R12D, Reg R12D 3
3dc4e: CALL libxl__log (internal)
  |
  `- 
3dc53: MOV Address (SizeDir 32 (FromReg R13)), Immediate 25 8
3dc5b: ADD Reg RSP, Immediate 32 4
3dc5f: JMP 3dbe7 (resolved immediate)
  |
  `- 3dbe7
3dc68: LEA Reg RAX, Address (SizeDir 64 (AddrPlus (FromReg RIP) (AddrImm 379747))) 7
3dc6f: SUB Reg RSP, Immediate 8 4
3dc73: LEA Reg R9, Address (SizeDir 64 (AddrPlus (FromReg RIP) (AddrImm 381638))) 7
3dc7a: PUSH Reg RBP 1
3dc7b: LEA Reg RCX, Address (SizeDir 64 (AddrPlus (FromReg RIP) (AddrImm 379517))) 7
3dc82: MOV Reg R8D, Immediate 357 6
3dc88: PUSH Reg RAX 1
3dc89: PUSH Immediate 18446744073709551615 2
3dc8b: MOV Reg EDX, Immediate 4294967295 5
3dc90: MOV Reg RDI, Address (SizeDir 64 (AddrPlus (FromReg RSP) (AddrImm 64))) 5
3dc95: MOV Reg ESI, Immediate 8 5
3dc9a: XOR Reg EAX, Reg EAX 2
3dc9c: XOR Reg R12D, Reg R12D 3
3dc9f: CALL libxl__log (internal)
  |
  `- 
3dca4: ADD Reg RSP, Immediate 32 4
3dca8: CALL __errno_location (external)
3dcad: MOV Reg R13, Reg RAX 3
3dcb0: MOV Address (SizeDir 32 (FromReg RAX)), Immediate 27 6
3dcb6: JMP 3dbe7 (resolved immediate)
  |
  `- 3dbe7
3dcc0: MOV Reg RDI, Reg RBX 3
3dcc3: MOV Address (SizeDir 64 (FromReg RSP)), Reg R8 4
3dcc7: CALL fclose (external)
3dccc: TEST Reg EAX, Reg EAX 2
3dcce: MOV Reg R8, Address (SizeDir 64 (FromReg RSP)) 4
3dcd2: JE 3dd40 (resolved immediate)
  |
  `- 3dd40
3dd20: MOV Reg RDI, Reg RBX 3
3dd23: MOV Address (SizeDir 64 (FromReg RSP)), Reg R8 4
3dd27: CALL fclose (external)
3dd2c: TEST Reg EAX, Reg EAX 2
3dd2e: MOV Reg R8, Address (SizeDir 64 (FromReg RSP)) 4
3dd32: JNE 3dcd4 (resolved immediate)
3dd34: TEST Reg R13, Reg R13 3
3dd37: JE 3dd40 (resolved immediate)
  |
  `- 3dd39,3dd40
3dd39: XOR Reg R12D, Reg R12D 3
3dd3c: MOV Address (SizeDir 64 (FromReg R13)), Reg R12 4
3dd40: TEST Reg R14, Reg R14 3
3dd43: JE 3dd48 (resolved immediate)
  |
  `- 3dd45,3dd48
3dd45: MOV Address (SizeDir 32 (FromReg R14)), Reg R8D 3
3dd48: LEA Reg RDI, Address (SizeDir 64 (AddrPlus (FromReg RSP) (AddrImm 16))) 5
3dd4d: CALL libxl__free_all (internal)
  |
  `- 
3dd52: JMP 3db6e (resolved immediate)
  |
  `- 3db6e
3dd60: LEA Reg RCX, Address (SizeDir 64 (AddrPlus (FromReg RIP) (AddrImm 381369))) 7
3dd67: LEA Reg RSI, Address (SizeDir 64 (AddrPlus (FromReg RIP) (AddrImm 379281))) 7
3dd6e: LEA Reg RDI, Address (SizeDir 64 (AddrPlus (FromReg RIP) (AddrImm 379547))) 7
3dd75: MOV Reg EDX, Immediate 396 5
3dd7a: CALL __assert_fail (external)
  |
  `- 
3dd80: MOV Reg RDI, Reg RBX 3
3dd83: MOV Address (SizeDir 64 (FromReg RSP)), Reg R8 4
3dd87: CALL fclose (external)
3dd8c: TEST Reg EAX, Reg EAX 2
3dd8e: MOV Reg R8, Address (SizeDir 64 (FromReg RSP)) 4
3dd92: JE 3dd3c (resolved immediate)
  |
  `- 3dd3c
3dda0: CALL __errno_location (external)
3dda5: MOV Reg R13, Reg RAX 3
3dda8: JMP 3dbe7 (resolved immediate)
  |
  `- 3dbe7
3ddad: MOV Reg RDI, Reg RBX 3
3ddb0: CALL feof (external)
3ddb5: TEST Reg EAX, Reg EAX 2
3ddb7: JE 3de08 (resolved immediate)
  |
  `- 3de08
3de03: CALL __stack_chk_fail (external)
  |
  `- 
3de08: CALL abort (external)
  |
  `- 
