Number of assembly instructions     = 515
Number of indirect branches         = 2
Number of unresolved indirect jumps = 0: 
Number of unresolved indirect calls = 2: 472fd, 4d09a
Number of symbolic states (representative of non-determinism): 515
Number of edges: 528

3be40 (True): 3c1a9
3c110 (True): 437cf
47480 (True): 47e59
47df0 (False): 0
4cc10 (False): 4f974
4cc40 (False): 4d10a
4d020 (True): 472ad, 474b8
4e890 (True): 47292, 4749b, 47e10
4f930 (True): 4729e
50d60 (True): 51429
50dd0 (True): 5145a
51410 (True): 472b9, 472d0
51490 (True): 47e26

3be40: PUSH Reg R15 2
3be42: PUSH Reg R14 2
3be44: MOV Reg R15, Reg RDI 3
3be47: PUSH Reg R13 2
3be49: PUSH Reg R12 2
3be4b: MOV Reg R12, Reg RCX 3
3be4e: PUSH Reg RBP 1
3be4f: PUSH Reg RBX 1
3be50: MOV Reg EBP, Reg R8D 3
3be53: MOV Reg RBX, Reg R9 3
3be56: SUB Reg RSP, Immediate 584 7
3be5d: MOV Address (SizeDir 32 (AddrPlus (FromReg RSP) (AddrImm 4))), Reg ESI 4
3be61: MOV Address (SizeDir 32 (AddrPlus (FromReg RSP) (AddrImm 8))), Reg EDX 4
3be65: MOV Reg RAX, Address (SizeDir 64 (AddrPlus (FromReg FS) (AddrImm 40))) 9
3be6e: MOV Address (SizeDir 64 (AddrPlus (FromReg RSP) (AddrImm 568))), Reg RAX 8
3be76: XOR Reg EAX, Reg EAX 2
3be78: MOV Address (SizeDir 64 (AddrPlus (FromReg RSP) (AddrImm 40))), Immediate 0 9
3be81: CALL __errno_location (external)
3be86: MOV Reg RCX, Address (SizeDir 64 (AddrPlus (FromReg RSP) (AddrImm 656))) 8
3be8e: MOV Reg RDX, Address (SizeDir 64 (AddrPlus (FromReg RSP) (AddrImm 648))) 8
3be96: LEA Reg RDI, Address (AddrPlus (FromReg RSP) (AddrImm 40)) 5
3be9b: MOV Reg ESI, Immediate 1 5
3bea0: MOV Reg R13, Reg RAX 3
3bea3: MOV Reg R14D, Address (SizeDir 32 (FromReg RAX)) 3
3bea6: CALL __vasprintf_chk (external)
3beab: TEST Reg RBX, Reg RBX 3
3beae: SETNZ Address (SizeDir 8 (AddrPlus (FromReg RSP) (AddrImm 15))) 5
3beb3: TEST Reg EAX, Reg EAX 2
3beb5: JS 3c0a0 (resolved immediate)
  |
  `- 3bebb,3c0a0
3bebb: TEST Reg R12, Reg R12 3
3bebe: MOV Address (SizeDir 8 (AddrPlus (FromReg RSP) (AddrImm 48))), Immediate 0 5
3bec3: JZ 3bf50 (resolved immediate)
  |
  `- 3bec9,3bf50
3bec9: LEA Reg R10, Address (AddrPlus (FromReg RSP) (AddrImm 48)) 5
3bece: SUB Reg RSP, Immediate 8 4
3bed2: LEA Reg R8, Address (AddrPlus (FromReg RIP) (AddrImm 362554)) 7
3bed9: PUSH Reg RBP 1
3beda: MOV Reg EDX, Immediate 1 5
3bedf: XOR Reg EAX, Reg EAX 2
3bee1: MOV Reg RDI, Reg R10 3
3bee4: MOV Reg R9, Reg R12 3
3bee7: MOV Reg ECX, Immediate 256 5
3beec: MOV Reg ESI, Immediate 256 5
3bef1: MOV Address (SizeDir 64 (AddrPlus (FromReg RSP) (AddrImm 32))), Reg R10 5
3bef6: CALL __snprintf_chk (external)
3befb: MOV Address (SizeDir 8 (AddrPlus (FromReg RSP) (AddrImm 319))), Immediate 0 8
3bf03: MOV Address (SizeDir 8 (AddrPlus (FromReg RSP) (AddrImm 320))), Immediate 0 8
3bf0b: POP Reg RAX 1
3bf0c: POP Reg RDX 1
3bf0d: CMP Address (SizeDir 32 (AddrPlus (FromReg RSP) (AddrImm 640))), Immediate 4294967295 8
3bf15: MOV Reg R10, Address (SizeDir 64 (AddrPlus (FromReg RSP) (AddrImm 16))) 5
3bf1a: JNZ 3bfc0 (resolved immediate)
  |
  `- 3bf20,3bfc0
3bf20: TEST Reg RBX, Reg RBX 3
3bf23: MOV Reg RCX, Address (SizeDir 64 (AddrPlus (FromReg RSP) (AddrImm 40))) 5
3bf28: JZ 3c0c6 (resolved immediate)
  |
  `- 3bf2e,3c0c6
3bf2e: LEA Reg RDX, Address (AddrPlus (FromReg RIP) (AddrImm 386002)) 7
3bf35: LEA Reg RAX, Address (AddrPlus (FromReg RIP) (AddrImm 408678)) 7
3bf3c: LEA Reg RBP, Address (AddrPlus (FromReg RIP) (AddrImm 386109)) 7
3bf43: LEA Reg R11, Address (AddrPlus (FromReg RSP) (AddrImm 304)) 8
3bf4b: JMP 3c031 (resolved immediate)
  |
  `- 3c031
3bf50: CMP Address (SizeDir 32 (AddrPlus (FromReg RSP) (AddrImm 640))), Immediate 4294967295 8
3bf58: MOV Address (SizeDir 8 (AddrPlus (FromReg RSP) (AddrImm 303))), Immediate 0 8
3bf60: LEA Reg R10, Address (AddrPlus (FromReg RSP) (AddrImm 48)) 5
3bf65: MOV Address (SizeDir 8 (AddrPlus (FromReg RSP) (AddrImm 304))), Immediate 0 8
3bf6d: JNZ 3bfc0 (resolved immediate)
  |
  `- 3bf6f,3bfc0
3bf6f: TEST Reg R12, Reg R12 3
3bf72: MOV Reg RCX, Address (SizeDir 64 (AddrPlus (FromReg RSP) (AddrImm 40))) 5
3bf77: LEA Reg RBP, Address (AddrPlus (FromReg RIP) (AddrImm 386050)) 7
3bf7e: LEA Reg R10, Address (AddrPlus (FromReg RSP) (AddrImm 48)) 5
3bf83: LEA Reg R11, Address (AddrPlus (FromReg RSP) (AddrImm 304)) 8
3bf8b: JZ 3c019 (resolved immediate)
  |
  `- 3c019
3bf98: TEST Reg RBX, Reg RBX 3
3bf9b: JZ 3c0eb (resolved immediate)
  |
  `- 3bfa1,3c0eb
3bfa1: LEA Reg RAX, Address (AddrPlus (FromReg RIP) (AddrImm 396536)) 7
3bfa8: LEA Reg RSI, Address (AddrPlus (FromReg RIP) (AddrImm 408563)) 7
3bfaf: TEST Reg R12, Reg R12 3
3bfb2: LEA Reg RDX, Address (AddrPlus (FromReg RIP) (AddrImm 385870)) 7
3bfb9: CMOVNZ Reg RAX, Reg RSI 4
3bfbd: JMP 3c031 (resolved immediate)
  |
  `- 3c031
3bfc0: LEA Reg R11, Address (AddrPlus (FromReg RSP) (AddrImm 304)) 8
3bfc8: MOV Reg R9D, Address (SizeDir 32 (AddrPlus (FromReg RSP) (AddrImm 640))) 8
3bfd0: LEA Reg R8, Address (AddrPlus (FromReg RIP) (AddrImm 385843)) 7
3bfd7: MOV Reg ECX, Immediate 256 5
3bfdc: MOV Reg EDX, Immediate 1 5
3bfe1: MOV Reg ESI, Immediate 256 5
3bfe6: MOV Reg RDI, Reg R11 3
3bfe9: XOR Reg EAX, Reg EAX 2
3bfeb: MOV Address (SizeDir 64 (AddrPlus (FromReg RSP) (AddrImm 24))), Reg R10 5
3bff0: MOV Address (SizeDir 64 (AddrPlus (FromReg RSP) (AddrImm 16))), Reg R11 5
3bff5: LEA Reg RBP, Address (AddrPlus (FromReg RIP) (AddrImm 385924)) 7
3bffc: CALL __snprintf_chk (external)
3c001: MOV Reg RCX, Address (SizeDir 64 (AddrPlus (FromReg RSP) (AddrImm 40))) 5
3c006: MOV Reg R11, Address (SizeDir 64 (AddrPlus (FromReg RSP) (AddrImm 16))) 5
3c00b: MOV Reg R10, Address (SizeDir 64 (AddrPlus (FromReg RSP) (AddrImm 24))) 5
3c010: TEST Reg R12, Reg R12 3
3c013: JNZ 3bf98 (resolved immediate)
  |
  `- 3bf98,3c019
3c019: CMP Address (SizeDir 8 (AddrPlus (FromReg RSP) (AddrImm 15))), Immediate 0 5
3c01e: JNZ 3bf98 (resolved immediate)
  |
  `- 3bf98,3c024
3c024: LEA Reg RBX, Address (AddrPlus (FromReg RIP) (AddrImm 396405)) 7
3c02b: MOV Reg RDX, Reg RBX 3
3c02e: MOV Reg RAX, Reg RBX 3
3c031: SUB Reg RSP, Immediate 8 4
3c035: MOV Reg RDI, Address (SizeDir 64 (FromReg R15)) 3
3c038: LEA Reg R8, Address (AddrPlus (FromReg RIP) (AddrImm 385750)) 7
3c03f: PUSH Reg RCX 1
3c040: PUSH Reg R11 2
3c042: LEA Reg RCX, Address (AddrPlus (FromReg RIP) (AddrImm 358278)) 7
3c049: PUSH Reg RDX 1
3c04a: PUSH Reg RBX 1
3c04b: MOV Reg R9, Reg R10 3
3c04e: PUSH Reg RAX 1
3c04f: MOV Reg EDX, Address (SizeDir 32 (AddrPlus (FromReg RSP) (AddrImm 56))) 4
3c053: XOR Reg EAX, Reg EAX 2
3c055: MOV Reg ESI, Address (SizeDir 32 (AddrPlus (FromReg RSP) (AddrImm 52))) 4
3c059: CALL xtl_log (external)
3c05e: MOV Reg RDI, Address (SizeDir 64 (AddrPlus (FromReg RSP) (AddrImm 88))) 5
3c063: ADD Reg RSP, Immediate 48 4
3c067: CMP Reg RDI, Reg RBP 3
3c06a: JZ 3c071 (resolved immediate)
  |
  `- 3c06c,3c071
3c06c: CALL free (external)
3c071: MOV Reg RAX, Address (SizeDir 64 (AddrPlus (FromReg RSP) (AddrImm 568))) 8
3c079: XOR Reg RAX, Address (SizeDir 64 (AddrPlus (FromReg FS) (AddrImm 40))) 9
3c082: MOV Address (SizeDir 32 (AddrPlus (FromReg R13) (AddrImm 0))), Reg R14D 4
3c086: JNZ 3c0c1 (resolved immediate)
  |
  `- 3c088,3c0c1
3c088: ADD Reg RSP, Immediate 584 7
3c08f: POP Reg RBX 1
3c090: POP Reg RBP 1
3c091: POP Reg R12 2
3c093: POP Reg R13 2
3c095: POP Reg R14 2
3c097: POP Reg R15 2
3c099: RET  1
  |
  `- 
3c0a0: LEA Reg RBP, Address (AddrPlus (FromReg RIP) (AddrImm 385753)) 7
3c0a7: LEA Reg R10, Address (AddrPlus (FromReg RSP) (AddrImm 48)) 5
3c0ac: LEA Reg R11, Address (AddrPlus (FromReg RSP) (AddrImm 304)) 8
3c0b4: MOV Address (SizeDir 64 (AddrPlus (FromReg RSP) (AddrImm 40))), Reg RBP 5
3c0b9: MOV Reg RCX, Reg RBP 3
3c0bc: JMP 3c010 (resolved immediate)
  |
  `- 3c010
3c0c1: CALL __stack_chk_fail (external)
  |
  `- 
3c0c6: LEA Reg RBX, Address (AddrPlus (FromReg RIP) (AddrImm 396243)) 7
3c0cd: LEA Reg RDX, Address (AddrPlus (FromReg RIP) (AddrImm 385587)) 7
3c0d4: LEA Reg RBP, Address (AddrPlus (FromReg RIP) (AddrImm 385701)) 7
3c0db: LEA Reg R11, Address (AddrPlus (FromReg RSP) (AddrImm 304)) 8
3c0e3: MOV Reg RAX, Reg RBX 3
3c0e6: JMP 3c031 (resolved immediate)
  |
  `- 3c031
3c0eb: LEA Reg RBX, Address (AddrPlus (FromReg RIP) (AddrImm 396206)) 7
3c0f2: LEA Reg RDX, Address (AddrPlus (FromReg RIP) (AddrImm 385550)) 7
3c0f9: MOV Reg RAX, Reg RBX 3
3c0fc: JMP 3c031 (resolved immediate)
  |
  `- 3c031
3c110: SUB Reg RSP, Immediate 216 7
3c117: TEST Reg AL, Reg AL 2
3c119: MOV Reg R10, Address (SizeDir 64 (AddrPlus (FromReg RSP) (AddrImm 232))) 8
3c121: JZ 3c15a (resolved immediate)
  |
  `- 3c123,3c15a
3c123: MOVAPS Address (SizeDir 128 (AddrPlus (FromReg RSP) (AddrImm 80))), Reg XMM0 5
3c128: MOVAPS Address (SizeDir 128 (AddrPlus (FromReg RSP) (AddrImm 96))), Reg XMM1 5
3c12d: MOVAPS Address (SizeDir 128 (AddrPlus (FromReg RSP) (AddrImm 112))), Reg XMM2 5
3c132: MOVAPS Address (SizeDir 128 (AddrPlus (FromReg RSP) (AddrImm 128))), Reg XMM3 8
3c13a: MOVAPS Address (SizeDir 128 (AddrPlus (FromReg RSP) (AddrImm 144))), Reg XMM4 8
3c142: MOVAPS Address (SizeDir 128 (AddrPlus (FromReg RSP) (AddrImm 160))), Reg XMM5 8
3c14a: MOVAPS Address (SizeDir 128 (AddrPlus (FromReg RSP) (AddrImm 176))), Reg XMM6 8
3c152: MOVAPS Address (SizeDir 128 (AddrPlus (FromReg RSP) (AddrImm 192))), Reg XMM7 8
3c15a: MOV Reg RAX, Address (SizeDir 64 (AddrPlus (FromReg FS) (AddrImm 40))) 9
3c163: MOV Address (SizeDir 64 (AddrPlus (FromReg RSP) (AddrImm 24))), Reg RAX 5
3c168: XOR Reg EAX, Reg EAX 2
3c16a: LEA Reg RAX, Address (AddrPlus (FromReg RSP) (AddrImm 240)) 8
3c172: MOV Address (SizeDir 64 (AddrPlus (FromReg RSP) (AddrImm 8))), Reg RAX 5
3c177: LEA Reg RAX, Address (AddrPlus (FromReg RSP) (AddrImm 32)) 5
3c17c: MOV Address (SizeDir 32 (FromReg RSP)), Immediate 48 7
3c183: MOV Address (SizeDir 32 (AddrPlus (FromReg RSP) (AddrImm 4))), Immediate 48 8
3c18b: SUB Reg RSP, Immediate 8 4
3c18f: MOV Address (SizeDir 64 (AddrPlus (FromReg RSP) (AddrImm 24))), Reg RAX 5
3c194: LEA Reg RAX, Address (AddrPlus (FromReg RSP) (AddrImm 8)) 5
3c199: PUSH Reg RAX 1
3c19a: PUSH Reg R10 2
3c19c: MOV Reg EAX, Address (SizeDir 32 (AddrPlus (FromReg RSP) (AddrImm 248))) 7
3c1a3: PUSH Reg RAX 1
3c1a4: CALL libxl__logv (internal)
  |
  `- 3be40
3c1a9: ADD Reg RSP, Immediate 32 4
3c1ad: MOV Reg RAX, Address (SizeDir 64 (AddrPlus (FromReg RSP) (AddrImm 24))) 5
3c1b2: XOR Reg RAX, Address (SizeDir 64 (AddrPlus (FromReg FS) (AddrImm 40))) 9
3c1bb: JNZ 3c1c5 (resolved immediate)
  |
  `- 3c1bd,3c1c5
3c1bd: ADD Reg RSP, Immediate 216 7
3c1c4: RET  1
  |
  `- 
3c1c5: CALL __stack_chk_fail (external)
  |
  `- 
43770: PUSH Reg R13 2
43772: PUSH Reg R12 2
43774: MOV Reg R13, Reg RDI 3
43777: PUSH Reg RBP 1
43778: PUSH Reg RBX 1
43779: MOVSXD Reg RBX, Reg ESI 3
4377c: MOV Reg EDI, Reg EBX 2
4377e: MOV Reg ESI, Reg EDX 2
43780: MOV Reg EBP, Reg EDX 2
43782: SUB Reg RSP, Immediate 8 4
43786: MOV Reg R12, Reg RCX 3
43789: CALL kill (external)
4378e: TEST Reg EAX, Reg EAX 2
43790: JZ 437d3 (resolved immediate)
  |
  `- 43792,437d3
43792: CALL __errno_location (external)
43797: LEA Reg RDX, Address (AddrPlus (FromReg RIP) (AddrImm 360418)) 7
4379e: SUB Reg RSP, Immediate 8 4
437a2: MOV Reg RDI, Address (SizeDir 64 (AddrPlus (FromReg R13) (AddrImm 16))) 4
437a6: PUSH Reg RBP 1
437a7: PUSH Reg RBX 1
437a8: LEA Reg R9, Address (AddrPlus (FromReg RIP) (AddrImm 360449)) 7
437af: PUSH Reg R12 2
437b1: PUSH Reg RDX 1
437b2: LEA Reg RCX, Address (AddrPlus (FromReg RIP) (AddrImm 359207)) 7
437b9: PUSH Immediate 18446744073709551615 2
437bb: MOV Reg EDX, Address (SizeDir 32 (FromReg RAX)) 2
437bd: MOV Reg R8D, Immediate 626 6
437c3: MOV Reg ESI, Immediate 7 5
437c8: XOR Reg EAX, Reg EAX 2
437ca: CALL libxl__log (internal)
  |
  `- 3c110
437cf: ADD Reg RSP, Immediate 48 4
437d3: ADD Reg RSP, Immediate 8 4
437d7: POP Reg RBX 1
437d8: POP Reg RBP 1
437d9: POP Reg R12 2
437db: POP Reg R13 2
437dd: RET  1
  |
  `- 
47280: PUSH Reg R12 2
47282: PUSH Reg RBP 1
47283: MOV Reg RBP, Reg RDI 3
47286: PUSH Reg RBX 1
47287: MOV Reg RDI, Address (SizeDir 64 (FromReg RSI)) 3
4728a: MOV Reg RBX, Reg RSI 3
4728d: CALL libxl__ao_inprogress_gc (internal)
47292: LEA Reg RDI, Address (AddrPlus (FromReg RBX) (AddrImm 104)) 4
47296: MOV Reg R12, Reg RAX 3
47299: CALL libxl__ao_abortable_deregister (internal)
  |
  `- 4f930
4729e: LEA Reg RSI, Address (AddrPlus (FromReg RBX) (AddrImm 160)) 7
472a5: MOV Reg RDI, Reg R12 3
472a8: CALL libxl__ev_fd_deregister (internal)
472ad: MOV Reg RDI, Address (SizeDir 64 (AddrPlus (FromReg RBX) (AddrImm 144))) 7
472b4: CALL libxl__carefd_close (internal)
  |
  `- 51410
472b9: MOV Reg RDI, Address (SizeDir 64 (AddrPlus (FromReg RBX) (AddrImm 152))) 7
472c0: MOV Address (SizeDir 64 (AddrPlus (FromReg RBX) (AddrImm 144))), Immediate 0 11
472cb: CALL libxl__carefd_close (internal)
472d0: MOV Reg EAX, Address (SizeDir 32 (AddrPlus (FromReg RBX) (AddrImm 200))) 6
472d6: MOV Address (SizeDir 64 (AddrPlus (FromReg RBX) (AddrImm 152))), Immediate 0 11
472e1: TEST Reg EAX, Reg EAX 2
472e3: JNS 47310 (resolved immediate)
  |
  `- 472e5,47310
472e5: MOV Address (SizeDir 64 (AddrPlus (FromReg RBX) (AddrImm 248))), Reg RBP 7
472ec: MOV Reg ECX, Address (SizeDir 32 (AddrPlus (FromReg RBX) (AddrImm 92))) 3
472ef: MOV Reg RDI, Reg RBP 3
472f2: MOV Reg EDX, Address (SizeDir 32 (AddrPlus (FromReg RBX) (AddrImm 84))) 3
472f5: MOV Reg RSI, Address (SizeDir 64 (AddrPlus (FromReg RBX) (AddrImm 72))) 4
472f9: MOV Reg R8D, Address (SizeDir 32 (AddrPlus (FromReg RBX) (AddrImm 96))) 4
472fd: CALL Address (SizeDir 64 (AddrPlus (FromReg RBX) (AddrImm 64))) 3
47300: MOV Address (SizeDir 64 (AddrPlus (FromReg RBX) (AddrImm 248))), Immediate 0 11
4730b: POP Reg RBX 1
4730c: POP Reg RBP 1
4730d: POP Reg R12 2
4730f: RET  1
  |
  `- 
47310: LEA Reg RCX, Address (AddrPlus (FromReg RIP) (AddrImm 350217)) 7
47317: LEA Reg RSI, Address (AddrPlus (FromReg RIP) (AddrImm 349659)) 7
4731e: LEA Reg RDI, Address (AddrPlus (FromReg RIP) (AddrImm 349859)) 7
47325: MOV Reg EDX, Immediate 366 5
4732a: CALL __assert_fail (external)
  |
  `- 
47480: PUSH Reg R13 2
47482: PUSH Reg R12 2
47484: MOV Reg R13, Reg RDI 3
47487: PUSH Reg RBP 1
47488: PUSH Reg RBX 1
47489: MOV Reg RBX, Reg RSI 3
4748c: MOV Reg R12D, Reg EDX 3
4748f: SUB Reg RSP, Immediate 8 4
47493: MOV Reg RDI, Address (SizeDir 64 (FromReg RSI)) 3
47496: CALL libxl__ao_inprogress_gc (internal)
4749b: MOV Reg RBP, Reg RAX 3
4749e: MOV Reg EAX, Address (SizeDir 32 (AddrPlus (FromReg RBX) (AddrImm 84))) 3
474a1: TEST Reg EAX, Reg EAX 2
474a3: JNZ 474a9 (resolved immediate)
  |
  `- 474a5,474a9
474a5: MOV Address (SizeDir 32 (AddrPlus (FromReg RBX) (AddrImm 84))), Reg R12D 4
474a9: LEA Reg RSI, Address (AddrPlus (FromReg RBX) (AddrImm 160)) 7
474b0: MOV Reg RDI, Reg RBP 3
474b3: CALL libxl__ev_fd_deregister (internal)
  |
  `- 4d020
474b8: MOV Reg ESI, Address (SizeDir 32 (AddrPlus (FromReg RBX) (AddrImm 200))) 6
474be: TEST Reg ESI, Reg ESI 2
474c0: JS 474e0 (resolved immediate)
  |
  `- 474c2,474e0
474c2: ADD Reg RSP, Immediate 8 4
474c6: MOV Reg RDI, Reg RBP 3
474c9: LEA Reg RCX, Address (AddrPlus (FromReg RIP) (AddrImm 349256)) 7
474d0: POP Reg RBX 1
474d1: POP Reg RBP 1
474d2: POP Reg R12 2
474d4: POP Reg R13 2
474d6: MOV Reg EDX, Immediate 9 5
474db: JMP 43770 (resolved immediate)
  |
  `- 43770
474e0: ADD Reg RSP, Immediate 8 4
474e4: MOV Reg RSI, Reg RBX 3
474e7: MOV Reg RDI, Reg R13 3
474ea: POP Reg RBX 1
474eb: POP Reg RBP 1
474ec: POP Reg R12 2
474ee: POP Reg R13 2
474f0: JMP 47280 (resolved immediate)
  |
  `- 47280
47df0: PUSH Reg R13 2
47df2: PUSH Reg R12 2
47df4: PUSH Reg RBP 1
47df5: PUSH Reg RBX 1
47df6: MOV Reg RBX, Reg RSI 3
47df9: SUB Reg RSP, Immediate 24 4
47dfd: MOV Reg RBP, Address (SizeDir 64 (AddrPlus (FromReg RSI) (AddrImm 248))) 7
47e04: MOV Address (SizeDir 32 (AddrPlus (FromReg RSP) (AddrImm 12))), Reg EDI 4
47e08: MOV Reg RDI, Address (SizeDir 64 (FromReg RSI)) 3
47e0b: CALL libxl__ao_inprogress_gc (internal)
  |
  `- 4e890
47e10: MOV Reg RDI, Address (SizeDir 64 (AddrPlus (FromReg RBX) (AddrImm 144))) 7
47e17: MOV Reg R13, Reg RAX 3
47e1a: MOV Reg R12, Address (SizeDir 64 (AddrPlus (FromReg RBX) (AddrImm 232))) 7
47e21: CALL libxl__carefd_fd (internal)
  |
  `- 51490
47e26: MOV Reg RDI, Address (SizeDir 64 (AddrPlus (FromReg R13) (AddrImm 16))) 4
47e2a: LEA Reg RDX, Address (AddrPlus (FromReg RSP) (AddrImm 12)) 5
47e2f: LEA Reg R9, Address (AddrPlus (FromReg RIP) (AddrImm 347000)) 7
47e36: MOV Reg R8, Reg R12 3
47e39: MOV Reg ECX, Immediate 4 5
47e3e: MOV Reg ESI, Reg EAX 2
47e40: CALL libxl_write_exactly (external)
47e45: TEST Reg EAX, Reg EAX 2
47e47: JZ 47e59 (resolved immediate)
  |
  `- 47e49,47e59
47e49: MOV Reg EDX, Immediate 4294967293 5
47e4e: MOV Reg RSI, Reg RBX 3
47e51: MOV Reg RDI, Reg RBP 3
47e54: CALL helper_failed (internal)
  |
  `- 47480
47e59: ADD Reg RSP, Immediate 24 4
47e5d: POP Reg RBX 1
47e5e: POP Reg RBP 1
47e5f: POP Reg R12 2
47e61: POP Reg R13 2
47e63: RET  1
  |
  `- 
4cc10: LEA Reg RCX, Address (AddrPlus (FromReg RIP) (AddrImm 333897)) 7
4cc17: LEA Reg RSI, Address (AddrPlus (FromReg RIP) (AddrImm 330904)) 7
4cc1e: LEA Reg RDI, Address (AddrPlus (FromReg RIP) (AddrImm 330968)) 7
4cc25: SUB Reg RSP, Immediate 8 4
4cc29: MOV Reg EDX, Immediate 2213 5
4cc2e: CALL __assert_fail (external)
  |
  `- 
4cc40: LEA Reg RCX, Address (AddrPlus (FromReg RIP) (AddrImm 335369)) 7
4cc47: LEA Reg RSI, Address (AddrPlus (FromReg RIP) (AddrImm 287246)) 7
4cc4e: LEA Reg RDI, Address (AddrPlus (FromReg RIP) (AddrImm 287256)) 7
4cc55: SUB Reg RSP, Immediate 8 4
4cc59: MOV Reg EDX, Immediate 4217 5
4cc5e: CALL __assert_fail (external)
  |
  `- 
4d020: PUSH Reg RBP 1
4d021: PUSH Reg RBX 1
4d022: MOV Reg RBP, Reg RDI 3
4d025: MOV Reg RBX, Reg RSI 3
4d028: SUB Reg RSP, Immediate 8 4
4d02c: MOV Reg RAX, Address (SizeDir 64 (AddrPlus (FromReg RDI) (AddrImm 16))) 4
4d030: LEA Reg RDI, Address (AddrPlus (FromReg RAX) (AddrImm 64)) 4
4d034: CALL pthread_mutex_lock (external)
4d039: TEST Reg EAX, Reg EAX 2
4d03b: JNZ 4d105 (resolved immediate)
  |
  `- 4d041,4d105
4d041: MOV Reg EAX, Address (SizeDir 32 (FromReg RBX)) 2
4d043: MOV Reg RDI, Address (SizeDir 64 (AddrPlus (FromReg RBP) (AddrImm 16))) 4
4d047: TEST Reg EAX, Reg EAX 2
4d049: JS 4d0f1 (resolved immediate)
  |
  `- 4d04f,4d0f1
4d04f: CMP Address (SizeDir 64 (AddrPlus (FromReg RDI) (AddrImm 128))), Immediate 0 8
4d057: JZ 4d0a5 (resolved immediate)
  |
  `- 4d059,4d0a5
4d059: ADD Address (SizeDir 32 (AddrPlus (FromReg RDI) (AddrImm 120))), Immediate 1 4
4d05d: MOV Reg RDX, Address (SizeDir 64 (AddrPlus (FromReg RBP) (AddrImm 16))) 4
4d061: MOV Reg RAX, Address (SizeDir 64 (AddrPlus (FromReg RBX) (AddrImm 32))) 4
4d065: MOV Address (SizeDir 64 (FromReg RAX)), Immediate 0 7
4d06c: MOV Reg RCX, Address (SizeDir 64 (AddrPlus (FromReg RDX) (AddrImm 176))) 7
4d073: MOV Address (SizeDir 64 (AddrPlus (FromReg RAX) (AddrImm 16))), Reg RCX 4
4d077: MOV Address (SizeDir 64 (AddrPlus (FromReg RDX) (AddrImm 176))), Reg RAX 7
4d07e: MOV Reg RAX, Address (SizeDir 64 (AddrPlus (FromReg RBP) (AddrImm 16))) 4
4d082: MOV Reg RDX, Address (SizeDir 64 (AddrPlus (FromReg RBX) (AddrImm 32))) 4
4d086: MOV Reg ESI, Address (SizeDir 32 (FromReg RBX)) 2
4d088: MOV Reg RDI, Address (SizeDir 64 (AddrPlus (FromReg RAX) (AddrImm 136))) 7
4d08f: MOV Reg RAX, Address (SizeDir 64 (AddrPlus (FromReg RAX) (AddrImm 128))) 7
4d096: MOV Reg RDX, Address (SizeDir 64 (AddrPlus (FromReg RDX) (AddrImm 8))) 4
4d09a: CALL Address (SizeDir 64 (AddrPlus (FromReg RAX) (AddrImm 16))) 3
4d09d: MOV Reg RAX, Address (SizeDir 64 (AddrPlus (FromReg RBP) (AddrImm 16))) 4
4d0a1: SUB Address (SizeDir 32 (AddrPlus (FromReg RAX) (AddrImm 120))), Immediate 1 4
4d0a5: MOV Reg RAX, Address (SizeDir 64 (AddrPlus (FromReg RBX) (AddrImm 16))) 4
4d0a9: MOV Reg RDX, Address (SizeDir 64 (AddrPlus (FromReg RBX) (AddrImm 24))) 4
4d0ad: TEST Reg RAX, Reg RAX 3
4d0b0: JZ 4d0be (resolved immediate)
  |
  `- 4d0b2,4d0be
4d0b2: MOV Address (SizeDir 64 (AddrPlus (FromReg RAX) (AddrImm 24))), Reg RDX 4
4d0b6: MOV Reg RDX, Address (SizeDir 64 (AddrPlus (FromReg RBX) (AddrImm 24))) 4
4d0ba: MOV Reg RAX, Address (SizeDir 64 (AddrPlus (FromReg RBX) (AddrImm 16))) 4
4d0be: MOV Address (SizeDir 64 (FromReg RDX)), Reg RAX 3
4d0c1: MOV Address (SizeDir 32 (FromReg RBX)), Immediate 4294967295 6
4d0c7: MOV Reg RDI, Address (SizeDir 64 (AddrPlus (FromReg RBP) (AddrImm 16))) 4
4d0cb: MOV Reg RAX, Address (SizeDir 64 (AddrPlus (FromReg RDI) (AddrImm 168))) 7
4d0d2: TEST Reg RAX, Reg RAX 3
4d0d5: JZ 4d0f1 (resolved immediate)
  |
  `- 4d0d7,4d0f1
4d0d7: NOP  9
4d0e0: MOV Address (SizeDir 8 (AddrPlus (FromReg RAX) (AddrImm 64))), Immediate 1 4
4d0e4: MOV Reg RAX, Address (SizeDir 64 (AddrPlus (FromReg RAX) (AddrImm 48))) 4
4d0e8: TEST Reg RAX, Reg RAX 3
4d0eb: JNZ 4d0e0 (resolved immediate)
  |
  `- 4d0e0,4d0ed
4d0ed: MOV Reg RDI, Address (SizeDir 64 (AddrPlus (FromReg RBP) (AddrImm 16))) 4
4d0f1: ADD Reg RDI, Immediate 64 4
4d0f5: CALL pthread_mutex_unlock (external)
4d0fa: TEST Reg EAX, Reg EAX 2
4d0fc: JNZ 4d10a (resolved immediate)
4d0fe: ADD Reg RSP, Immediate 8 4
4d102: POP Reg RBX 1
4d103: POP Reg RBP 1
4d104: RET  1
  |
  `- 
4d105: CALL libxl__ctx_lock.part.16 (internal)
  |
  `- 4cc40
4e890: SUB Reg RSP, Immediate 8 4
4e894: TEST Reg RDI, Reg RDI 3
4e897: JZ 4e8b0 (resolved immediate)
  |
  `- 4e899,4e8b0
4e899: CMP Address (SizeDir 32 (FromReg RDI)), Immediate 2700791296 6
4e89f: JNZ 4e8ee (resolved immediate)
  |
  `- 4e8a1,4e8ee
4e8a1: TEST Address (SizeDir 8 (AddrPlus (FromReg RDI) (AddrImm 4))), Immediate 4 4
4e8a5: JNZ 4e8cf (resolved immediate)
  |
  `- 4e8a7,4e8cf
4e8a7: LEA Reg RAX, Address (AddrPlus (FromReg RDI) (AddrImm 64)) 4
4e8ab: ADD Reg RSP, Immediate 8 4
4e8af: RET  1
  |
  `- 
4e8b0: LEA Reg RCX, Address (AddrPlus (FromReg RIP) (AddrImm 326905)) 7
4e8b7: LEA Reg RSI, Address (AddrPlus (FromReg RIP) (AddrImm 323576)) 7
4e8be: LEA Reg RDI, Address (AddrPlus (FromReg RIP) (AddrImm 313941)) 7
4e8c5: MOV Reg EDX, Immediate 1864 5
4e8ca: CALL __assert_fail (external)
  |
  `- 
4e8cf: LEA Reg RCX, Address (AddrPlus (FromReg RIP) (AddrImm 326874)) 7
4e8d6: LEA Reg RSI, Address (AddrPlus (FromReg RIP) (AddrImm 323545)) 7
4e8dd: LEA Reg RDI, Address (AddrPlus (FromReg RIP) (AddrImm 324020)) 7
4e8e4: MOV Reg EDX, Immediate 1866 5
4e8e9: CALL __assert_fail (external)
  |
  `- 
4e8ee: LEA Reg RCX, Address (AddrPlus (FromReg RIP) (AddrImm 326843)) 7
4e8f5: LEA Reg RSI, Address (AddrPlus (FromReg RIP) (AddrImm 323514)) 7
4e8fc: LEA Reg RDI, Address (AddrPlus (FromReg RIP) (AddrImm 323943)) 7
4e903: MOV Reg EDX, Immediate 1865 5
4e908: CALL __assert_fail (external)
  |
  `- 
4f930: CMP Address (SizeDir 8 (AddrPlus (FromReg RDI) (AddrImm 16))), Immediate 0 4
4f934: JZ 4f969 (resolved immediate)
  |
  `- 4f936,4f969
4f936: MOV Reg RAX, Address (SizeDir 64 (FromReg RDI)) 3
4f939: MOV Reg RAX, Address (SizeDir 64 (AddrPlus (FromReg RAX) (AddrImm 16))) 4
4f93d: TEST Reg RAX, Reg RAX 3
4f940: JZ 4f949 (resolved immediate)
  |
  `- 4f942,4f949
4f942: CMP Address (SizeDir 64 (AddrPlus (FromReg RAX) (AddrImm 16))), Immediate 0 5
4f947: JNZ 4f96b (resolved immediate)
  |
  `- 4f949,4f96b
4f949: MOV Reg RAX, Address (SizeDir 64 (AddrPlus (FromReg RDI) (AddrImm 24))) 4
4f94d: MOV Reg RDX, Address (SizeDir 64 (AddrPlus (FromReg RDI) (AddrImm 32))) 4
4f951: TEST Reg RAX, Reg RAX 3
4f954: JZ 4f962 (resolved immediate)
  |
  `- 4f956,4f962
4f956: MOV Address (SizeDir 64 (AddrPlus (FromReg RAX) (AddrImm 32))), Reg RDX 4
4f95a: MOV Reg RDX, Address (SizeDir 64 (AddrPlus (FromReg RDI) (AddrImm 32))) 4
4f95e: MOV Reg RAX, Address (SizeDir 64 (AddrPlus (FromReg RDI) (AddrImm 24))) 4
4f962: MOV Address (SizeDir 64 (FromReg RDX)), Reg RAX 3
4f965: MOV Address (SizeDir 8 (AddrPlus (FromReg RDI) (AddrImm 16))), Immediate 0 4
4f969: REPZ RET  2
  |
  `- 
4f96b: SUB Reg RSP, Immediate 8 4
4f96f: CALL ao_nested_root.part.15 (internal)
  |
  `- 4cc10
50d60: LEA Reg RDI, Address (AddrPlus (FromReg RIP) (AddrImm 2622265)) 7
50d67: SUB Reg RSP, Immediate 8 4
50d6b: CALL pthread_mutex_lock (external)
50d70: TEST Reg EAX, Reg EAX 2
50d72: JNZ 50d79 (resolved immediate)
  |
  `- 50d74,50d79
50d74: ADD Reg RSP, Immediate 8 4
50d78: RET  1
  |
  `- 
50d79: LEA Reg RCX, Address (AddrPlus (FromReg RIP) (AddrImm 320112)) 7
50d80: LEA Reg RSI, Address (AddrPlus (FromReg RIP) (AddrImm 318703)) 7
50d87: LEA Reg RDI, Address (AddrPlus (FromReg RIP) (AddrImm 270559)) 7
50d8e: MOV Reg EDX, Immediate 69 5
50d93: CALL __assert_fail (external)
  |
  `- 
50dd0: LEA Reg RDI, Address (AddrPlus (FromReg RIP) (AddrImm 2622153)) 7
50dd7: SUB Reg RSP, Immediate 8 4
50ddb: CALL pthread_mutex_unlock (external)
50de0: TEST Reg EAX, Reg EAX 2
50de2: JNZ 50de9 (resolved immediate)
  |
  `- 50de4,50de9
50de4: ADD Reg RSP, Immediate 8 4
50de8: RET  1
  |
  `- 
50de9: LEA Reg RCX, Address (AddrPlus (FromReg RIP) (AddrImm 319984)) 7
50df0: LEA Reg RSI, Address (AddrPlus (FromReg RIP) (AddrImm 318591)) 7
50df7: LEA Reg RDI, Address (AddrPlus (FromReg RIP) (AddrImm 270447)) 7
50dfe: MOV Reg EDX, Immediate 75 5
50e03: CALL __assert_fail (external)
  |
  `- 
51410: PUSH Reg R13 2
51412: PUSH Reg R12 2
51414: PUSH Reg RBP 1
51415: PUSH Reg RBX 1
51416: XOR Reg EBP, Reg EBP 2
51418: SUB Reg RSP, Immediate 8 4
5141c: TEST Reg RDI, Reg RDI 3
5141f: JZ 51466 (resolved immediate)
  |
  `- 51421,51466
51421: MOV Reg RBX, Reg RDI 3
51424: CALL atfork_lock (internal)
  |
  `- 50d60
51429: MOV Reg EDI, Address (SizeDir 32 (AddrPlus (FromReg RBX) (AddrImm 16))) 3
5142c: TEST Reg EDI, Reg EDI 2
5142e: JNS 51478 (resolved immediate)
  |
  `- 51430,51478
51430: CALL __errno_location (external)
51435: MOV Reg RDX, Address (SizeDir 64 (FromReg RBX)) 3
51438: MOV Reg R12, Reg RAX 3
5143b: MOV Reg R13D, Address (SizeDir 32 (FromReg RAX)) 3
5143e: MOV Reg RCX, Address (SizeDir 64 (AddrPlus (FromReg RBX) (AddrImm 8))) 4
51442: TEST Reg RDX, Reg RDX 3
51445: JZ 51452 (resolved immediate)
  |
  `- 51447,51452
51447: MOV Address (SizeDir 64 (AddrPlus (FromReg RDX) (AddrImm 8))), Reg RCX 4
5144b: MOV Reg RCX, Address (SizeDir 64 (AddrPlus (FromReg RBX) (AddrImm 8))) 4
5144f: MOV Reg RDX, Address (SizeDir 64 (FromReg RBX)) 3
51452: MOV Address (SizeDir 64 (FromReg RCX)), Reg RDX 3
51455: CALL atfork_unlock (internal)
  |
  `- 50dd0
5145a: MOV Reg RDI, Reg RBX 3
5145d: CALL free (external)
51462: MOV Address (SizeDir 32 (FromReg R12)), Reg R13D 4
51466: ADD Reg RSP, Immediate 8 4
5146a: MOV Reg EAX, Reg EBP 2
5146c: POP Reg RBX 1
5146d: POP Reg RBP 1
5146e: POP Reg R12 2
51470: POP Reg R13 2
51472: RET  1
  |
  `- 
51478: CALL close (external)
5147d: MOV Reg EBP, Reg EAX 2
5147f: JMP 51430 (resolved immediate)
  |
  `- 51430
51490: TEST Reg RDI, Reg RDI 3
51493: JZ 51499 (resolved immediate)
  |
  `- 51495,51499
51495: MOV Reg EAX, Address (SizeDir 32 (AddrPlus (FromReg RDI) (AddrImm 16))) 3
51498: RET  1
  |
  `- 
51499: MOV Reg EAX, Immediate 4294967295 5
5149e: RET  1
  |
  `- 
