Number of assembly instructions     = 11
Number of indirect branches         = 0
Number of unresolved indirect jumps = 0: 
Number of unresolved indirect calls = 0: 
Number of symbolic states (representative of non-determinism): 11
Number of edges: 10

822b0 (False): 0

822b0: MOV Reg EAX, Address (SizeDir 32 (AddrPlus (FromReg RDI) (AddrImm 44))) 3
822b3: TEST Reg EAX, Reg EAX 2
822b5: JNZ 822bb (resolved immediate)
  |
  `- 822b7,822bb
822b7: MOV Address (SizeDir 32 (AddrPlus (FromReg RDI) (AddrImm 44))), Reg ESI 3
822ba: RET  1
  |
  `- 
822bb: LEA Reg RCX, Address (AddrPlus (FromReg RIP) (AddrImm 155902)) 7
822c2: LEA Reg RSI, Address (AddrPlus (FromReg RIP) (AddrImm 150148)) 7
822c9: LEA Reg RDI, Address (AddrPlus (FromReg RIP) (AddrImm 150156)) 7
822d0: SUB Reg RSP, Immediate 8 4
822d4: MOV Reg EDX, Immediate 2062 5
822d9: CALL __assert_fail (external)
  |
  `- 
