Number of assembly instructions     = 13
Number of indirect branches         = 0
Number of unresolved indirect jumps = 0: 
Number of unresolved indirect calls = 0: 
Number of symbolic states (representative of non-determinism): 13
Number of edges: 15

21070 (False): 0

21070: MOV Reg RDX, Address (SizeDir 64 (FromReg RDI)) 3
21073: XOR Reg EAX, Reg EAX 2
21075: TEST Reg RDX, Reg RDX 3
21078: JZ 21096 (resolved immediate)
  |
  `- 2107a,21096
2107a: CMP Address (SizeDir 64 (FromReg RDX)), Immediate 0 4
2107e: JZ 21096 (resolved immediate)
  |
  `- 21080,21096
21080: ADD Reg RDX, Immediate 16 4
21084: NOP  4
21088: ADD Reg RDX, Immediate 16 4
2108c: ADD Reg EAX, Immediate 1 3
2108f: CMP Address (SizeDir 64 (AddrMinus (FromReg RDX) (AddrImm 16))), Immediate 0 5
21094: JNZ 21088 (resolved immediate)
  |
  `- 21088,21096
21096: REPZ RET  2
  |
  `- 
