Number of assembly instructions     = 33
Number of indirect branches         = 1
Number of unresolved indirect jumps = 1: 48390
Number of unresolved indirect calls = 0: 
Number of symbolic states (representative of non-determinism): 33
Number of edges: 33

48340 (False): 0

48340: PUSH Reg R12 2
48342: PUSH Reg RBP 1
48343: PUSH Reg RBX 1
48344: SUB Reg RSP, Immediate 48 4
48348: MOV Reg RAX, Address (SizeDir 64 (AddrPlus (FromReg FS) (AddrImm 40))) 9
48351: MOV Address (SizeDir 64 (AddrPlus (FromReg RSP) (AddrImm 40))), Reg RAX 5
48356: XOR Reg EAX, Reg EAX 2
48358: CMP Reg ESI, Immediate 1 3
4835b: MOV Address (SizeDir 64 (AddrPlus (FromReg RSP) (AddrImm 8))), Reg RDI 5
48360: JBE 483a8 (resolved immediate)
  |
  `- 48362,483a8
48362: MOV Reg RBX, Reg RDX 3
48365: MOV Reg RDX, Address (SizeDir 64 (AddrPlus (FromReg RSP) (AddrImm 8))) 5
4836a: MOV Reg EAX, Reg ESI 2
4836c: LEA Reg R10, Address (SizeDir 64 (AddrPlus (FromReg RDX) (AddrTimes (AddrImm 1) (FromReg RAX)))) 4
48370: MOVZX Reg EAX, Address (SizeDir 16 (FromReg RDX)) 3
48373: LEA Reg RDI, Address (SizeDir 64 (AddrPlus (FromReg RDX) (AddrImm 2))) 4
48377: MOV Address (SizeDir 64 (AddrPlus (FromReg RSP) (AddrImm 8))), Reg RDI 5
4837c: CMP Reg AX, Immediate 9 4
48380: JA 483a8 (resolved immediate)
  |
  `- 48382,483a8
48382: LEA Reg RCX, Address (SizeDir 64 (AddrPlus (FromReg RIP) (AddrImm 346115))) 7
48389: MOVSXD Reg RAX, Address (SizeDir 32 (AddrPlus (FromReg RCX) (AddrTimes (AddrImm 4) (FromReg RAX)))) 4
4838d: ADD Reg RAX, Reg RCX 3
48390: JMP Reg RAX 2
  |
  `- 
483a8: XOR Reg EAX, Reg EAX 2
483aa: MOV Reg RBX, Address (SizeDir 64 (AddrPlus (FromReg RSP) (AddrImm 40))) 5
483af: XOR Reg RBX, Address (SizeDir 64 (AddrPlus (FromReg FS) (AddrImm 40))) 9
483b8: JNE 48637 (resolved immediate)
  |
  `- 483be,48637
483be: ADD Reg RSP, Immediate 48 4
483c2: POP Reg RBX 1
483c3: POP Reg RBP 1
483c4: POP Reg R12 2
483c6: RET  1
  |
  `- 
48637: CALL __stack_chk_fail (external)
  |
  `- 
