Number of assembly instructions     = 62
Number of indirect branches         = 0
Number of unresolved indirect jumps = 0: 
Number of unresolved indirect calls = 0: 
Number of symbolic states (representative of non-determinism): 62
Number of edges: 70

40bd0 (False): 0

3c9c0: PUSH Reg R13 2
3c9c2: PUSH Reg R12 2
3c9c4: PUSH Reg RBP 1
3c9c5: PUSH Reg RBX 1
3c9c6: SUB Reg RSP, Immediate 24 4
3c9ca: MOV Reg RAX, Address (SizeDir 64 (AddrPlus (FromReg FS) (AddrImm 40))) 9
3c9d3: MOV Address (SizeDir 64 (AddrPlus (FromReg RSP) (AddrImm 8))), Reg RAX 5
3c9d8: XOR Reg EAX, Reg EAX 2
3c9da: CMP Address (SizeDir 8 (FromReg RDI)), Immediate 0 3
3c9dd: JE 3ca68 (resolved immediate)
  |
  `- 3c9e3,3ca68
3c9e3: MOV Reg RBP, Reg RDI 3
3c9e6: MOV Reg R13, Reg RSI 3
3c9e9: MOV Reg EBX, Immediate 1 5
3c9ee: MOV Reg R12, Reg RSP 3
3c9f1: MOV Reg EDX, Immediate 16 5
3c9f6: MOV Reg RSI, Reg R12 3
3c9f9: MOV Reg RDI, Reg RBP 3
3c9fc: CALL strtol (external)
3ca01: MOV Address (SizeDir 8 (AddrMinus (AddrPlus (FromReg R13) (AddrTimes (AddrImm 1) (FromReg RBX))) (AddrImm 1))), Reg AL 5
3ca06: LEA Reg RAX, Address (SizeDir 64 (AddrPlus (FromReg RBP) (AddrImm 2))) 4
3ca0a: CMP Reg RAX, Address (SizeDir 64 (FromReg RSP)) 4
3ca0e: JNE 3ca68 (resolved immediate)
  |
  `- 3ca10,3ca68
3ca10: MOVZX Reg EDX, Address (SizeDir 8 (AddrPlus (FromReg RBP) (AddrImm 2))) 4
3ca14: TEST Reg DL, Reg DL 2
3ca16: JE 3ca1d (resolved immediate)
  |
  `- 3ca18,3ca1d
3ca18: CMP Reg DL, Immediate 58 3
3ca1b: JNE 3ca68 (resolved immediate)
  |
  `- 3ca1d,3ca68
3ca1d: CMP Reg DL, Immediate 58 3
3ca20: JNE 3ca2a (resolved immediate)
  |
  `- 3ca22,3ca2a
3ca22: LEA Reg RAX, Address (SizeDir 64 (AddrPlus (FromReg RBP) (AddrImm 3))) 4
3ca26: MOV Address (SizeDir 64 (FromReg RSP)), Reg RAX 4
3ca2a: CMP Address (SizeDir 8 (FromReg RAX)), Immediate 0 3
3ca2d: JE 3ca60 (resolved immediate)
  |
  `- 3ca2f,3ca60
3ca2f: ADD Reg RBX, Immediate 1 4
3ca33: MOV Reg RBP, Reg RAX 3
3ca36: CMP Reg RBX, Immediate 7 4
3ca3a: JNE 3c9f1 (resolved immediate)
  |
  `- 3c9f1,3ca3c
3ca3c: XOR Reg EAX, Reg EAX 2
3ca3e: MOV Reg RCX, Address (SizeDir 64 (AddrPlus (FromReg RSP) (AddrImm 8))) 5
3ca43: XOR Reg RCX, Address (SizeDir 64 (AddrPlus (FromReg FS) (AddrImm 40))) 9
3ca4c: JNE 3ca6f (resolved immediate)
  |
  `- 3ca4e,3ca6f
3ca4e: ADD Reg RSP, Immediate 24 4
3ca52: POP Reg RBX 1
3ca53: POP Reg RBP 1
3ca54: POP Reg R12 2
3ca56: POP Reg R13 2
3ca58: RET  1
  |
  `- 
3ca60: CMP Reg EBX, Immediate 6 3
3ca63: JE 3ca3c (resolved immediate)
  |
  `- 3ca3c,3ca65
3ca65: NOP  3
3ca68: MOV Reg EAX, Immediate 4294967290 5
3ca6d: JMP 3ca3e (resolved immediate)
  |
  `- 3ca3e
3ca6f: CALL __stack_chk_fail (external)
  |
  `- 
40bd0: TEST Reg RSI, Reg RSI 3
40bd3: JE 40bda (resolved immediate)
  |
  `- 40bd5,40bda
40bd5: CMP Address (SizeDir 32 (FromReg RSI)), Immediate 32 3
40bd8: JE 40be0 (resolved immediate)
  |
  `- 40bda,40be0
40bda: MOV Reg EAX, Immediate 4294967293 5
40bdf: RET  1
  |
  `- 
40be0: MOV Reg RDI, Address (SizeDir 64 (AddrPlus (FromReg RSI) (AddrImm 8))) 4
40be4: MOV Reg RSI, Reg RDX 3
40be7: JMP 3c9c0 (resolved immediate)
  |
  `- 3c9c0
