Number of assembly instructions     = 67
Number of indirect branches         = 0
Number of unresolved indirect jumps = 0: 
Number of unresolved indirect calls = 0: 
Number of symbolic states (representative of non-determinism): 67
Number of edges: 71

3f640 (False): 0

3f640: PUSH Reg R14 2
3f642: PUSH Reg R13 2
3f644: MOV Reg R13, Reg RDX 3
3f647: PUSH Reg R12 2
3f649: PUSH Reg RBP 1
3f64a: MOV Reg R12, Reg RSI 3
3f64d: PUSH Reg RBX 1
3f64e: SUB Reg RSP, Immediate 16 4
3f652: LEA Reg RSI, Address (AddrPlus (FromReg RSP) (AddrImm 4)) 5
3f657: MOV Address (SizeDir 32 (AddrPlus (FromReg RSP) (AddrImm 4))), Immediate 0 8
3f65f: MOV Reg RAX, Address (SizeDir 64 (AddrPlus (FromReg FS) (AddrImm 40))) 9
3f668: MOV Address (SizeDir 64 (AddrPlus (FromReg RSP) (AddrImm 8))), Reg RAX 5
3f66d: XOR Reg EAX, Reg EAX 2
3f66f: CALL libxl_get_cpu_topology (external)
3f674: TEST Reg RAX, Reg RAX 3
3f677: MOV Reg R14, Reg RAX 3
3f67a: JZ 3f714 (resolved immediate)
  |
  `- 3f680,3f714
3f680: MOV Reg EDX, Address (SizeDir 32 (AddrPlus (FromReg R13) (AddrImm 0))) 4
3f684: MOV Reg RDI, Address (SizeDir 64 (AddrPlus (FromReg R13) (AddrImm 8))) 4
3f688: XOR Reg ESI, Reg ESI 2
3f68a: XOR Reg EBX, Reg EBX 2
3f68c: LEA Reg RBP, Address (AddrPlus (FromReg R14) (AddrImm 8)) 4
3f690: CALL memset (external)
3f695: MOV Reg EAX, Address (SizeDir 32 (FromReg R12)) 4
3f699: MOV Reg ESI, Address (SizeDir 32 (AddrPlus (FromReg RSP) (AddrImm 4))) 4
3f69d: SHL Reg EAX, Immediate 3 3
3f6a0: TEST Reg EAX, Reg EAX 2
3f6a2: JZ 3f6e1 (resolved immediate)
  |
  `- 3f6a4,3f6e1
3f6a4: NOP  4
3f6a8: MOV Reg ESI, Reg EBX 2
3f6aa: MOV Reg RDI, Reg R12 3
3f6ad: CALL libxl_bitmap_test (external)
3f6b2: TEST Reg EAX, Reg EAX 2
3f6b4: JZ 3f6c9 (resolved immediate)
  |
  `- 3f6b6,3f6c9
3f6b6: MOV Reg ESI, Address (SizeDir 32 (AddrPlus (FromReg RSP) (AddrImm 4))) 4
3f6ba: CMP Reg ESI, Reg EBX 2
3f6bc: JLE 3f710 (resolved immediate)
  |
  `- 3f6be,3f710
3f6be: MOV Reg ESI, Address (SizeDir 32 (AddrPlus (FromReg RBP) (AddrImm 0))) 3
3f6c1: MOV Reg RDI, Reg R13 3
3f6c4: CALL libxl_bitmap_set (external)
3f6c9: MOV Reg EAX, Address (SizeDir 32 (FromReg R12)) 4
3f6cd: ADD Reg EBX, Immediate 1 3
3f6d0: ADD Reg RBP, Immediate 12 4
3f6d4: SHL Reg EAX, Immediate 3 3
3f6d7: CMP Reg EAX, Reg EBX 2
3f6d9: JA 3f6a8 (resolved immediate)
  |
  `- 3f6a8,3f6db
3f6db: MOV Reg ESI, Address (SizeDir 32 (AddrPlus (FromReg RSP) (AddrImm 4))) 4
3f6df: XOR Reg EBX, Reg EBX 2
3f6e1: MOV Reg RDI, Reg R14 3
3f6e4: CALL libxl_cputopology_list_free (external)
3f6e9: MOV Reg RCX, Address (SizeDir 64 (AddrPlus (FromReg RSP) (AddrImm 8))) 5
3f6ee: XOR Reg RCX, Address (SizeDir 64 (AddrPlus (FromReg FS) (AddrImm 40))) 9
3f6f7: MOV Reg EAX, Reg EBX 2
3f6f9: JNZ 3f71f (resolved immediate)
  |
  `- 3f6fb,3f71f
3f6fb: ADD Reg RSP, Immediate 16 4
3f6ff: POP Reg RBX 1
3f700: POP Reg RBP 1
3f701: POP Reg R12 2
3f703: POP Reg R13 2
3f705: POP Reg R14 2
3f707: RET  1
  |
  `- 
3f710: XOR Reg EBX, Reg EBX 2
3f712: JMP 3f6e1 (resolved immediate)
  |
  `- 3f6e1
3f714: MOV Reg ESI, Address (SizeDir 32 (AddrPlus (FromReg RSP) (AddrImm 4))) 4
3f718: MOV Reg EBX, Immediate 4294967293 5
3f71d: JMP 3f6e1 (resolved immediate)
  |
  `- 3f6e1
3f71f: CALL __stack_chk_fail (external)
  |
  `- 
