Number of assembly instructions     = 9
Number of indirect branches         = 0
Number of unresolved indirect jumps = 0: 
Number of unresolved indirect calls = 0: 
Number of symbolic states (representative of non-determinism): 9
Number of edges: 9

88ae0 (False): 0

88ae0: TEST Reg RSI, Reg RSI 3
88ae3: JZ 88aea (resolved immediate)
  |
  `- 88ae5,88aea
88ae5: CMP Address (SizeDir 32 (FromReg RSI)), Immediate 32 3
88ae8: JZ 88af0 (resolved immediate)
  |
  `- 88aea,88af0
88aea: MOV Reg EAX, Immediate 4294967295 5
88aef: RET  1
  |
  `- 
88af0: MOV Reg RDI, Address (SizeDir 64 (AddrPlus (FromReg RSI) (AddrImm 8))) 4
88af4: MOV Reg RSI, Reg RDX 3
88af7: JMP libxl_vga_interface_type_from_string (jmp to external function)
  |
  `- 
