Number of assembly instructions     = 36
Number of indirect branches         = 0
Number of unresolved indirect jumps = 0: 
Number of unresolved indirect calls = 0: 
Number of symbolic states (representative of non-determinism): 36
Number of edges: 36

3ef00 (False): 0

3ef00: PUSH Reg R12 2
3ef02: PUSH Reg RBP 1
3ef03: MOV Reg RBP, Reg RDI 3
3ef06: PUSH Reg RBX 1
3ef07: MOV Reg R12, Reg RSI 3
3ef0a: ADD Reg RSP, Immediate 18446744073709551488 4
3ef0e: MOV Reg RBX, Reg RSP 3
3ef11: MOV Reg RDI, Reg RBX 3
3ef14: MOV Reg RAX, Address (SizeDir 64 (AddrPlus (FromReg FS) (AddrImm 40))) 9
3ef1d: MOV Address (SizeDir 64 (AddrPlus (FromReg RSP) (AddrImm 120))), Reg RAX 5
3ef22: XOR Reg EAX, Reg EAX 2
3ef24: CALL libxl_physinfo_init (external)
3ef29: MOV Reg RDI, Address (SizeDir 64 (AddrPlus (FromReg RBP) (AddrImm 16))) 4
3ef2d: MOV Reg RSI, Reg RBX 3
3ef30: CALL libxl_get_physinfo (external)
3ef35: TEST Reg EAX, Reg EAX 2
3ef37: MOV Reg EBP, Reg EAX 2
3ef39: JNZ 3ef56 (resolved immediate)
  |
  `- 3ef3b,3ef56
3ef3b: MOV Reg EAX, Address (SizeDir 32 (AddrPlus (FromReg RSP) (AddrImm 12))) 4
3ef3f: XOR Reg EDX, Reg EDX 2
3ef41: MOV Reg RDI, Reg RBX 3
3ef44: DIV Address (SizeDir 32 (FromReg RSP)) 3
3ef47: XOR Reg EDX, Reg EDX 2
3ef49: DIV Address (SizeDir 32 (AddrPlus (FromReg RSP) (AddrImm 4))) 4
3ef4d: MOV Address (SizeDir 32 (FromReg R12)), Reg EAX 4
3ef51: CALL libxl_physinfo_dispose (external)
3ef56: MOV Reg RCX, Address (SizeDir 64 (AddrPlus (FromReg RSP) (AddrImm 120))) 5
3ef5b: XOR Reg RCX, Address (SizeDir 64 (AddrPlus (FromReg FS) (AddrImm 40))) 9
3ef64: MOV Reg EAX, Reg EBP 2
3ef66: JNZ 3ef71 (resolved immediate)
  |
  `- 3ef68,3ef71
3ef68: SUB Reg RSP, Immediate 18446744073709551488 4
3ef6c: POP Reg RBX 1
3ef6d: POP Reg RBP 1
3ef6e: POP Reg R12 2
3ef70: RET  1
  |
  `- 
3ef71: CALL __stack_chk_fail (external)
  |
  `- 
