Number of assembly instructions     = 64
Number of indirect branches         = 0
Number of unresolved indirect jumps = 0: 
Number of unresolved indirect calls = 0: 
Number of symbolic states (representative of non-determinism): 64
Number of edges: 64

40c90 (True): 7a87c
7a830 (False): 0

40c90: TEST Reg RSI, Reg RSI 3
40c93: JZ 40cc0 (resolved immediate)
  |
  `- 40c95,40cc0
40c95: PUSH Reg RBP 1
40c96: PUSH Reg RBX 1
40c97: MOV Reg RBP, Reg RDI 3
40c9a: MOV Reg RDI, Reg RSI 3
40c9d: MOV Reg RBX, Reg RSI 3
40ca0: SUB Reg RSP, Immediate 8 4
40ca4: CALL strlen (external)
40ca9: ADD Reg RSP, Immediate 8 4
40cad: MOV Reg RSI, Reg RBX 3
40cb0: MOV Reg RDI, Reg RBP 3
40cb3: POP Reg RBX 1
40cb4: POP Reg RBP 1
40cb5: MOV Reg RDX, Reg RAX 3
40cb8: JMP yajl_gen_string (jmp to external function)
  |
  `- 
40cc0: JMP yajl_gen_null (jmp to external function)
  |
  `- 
7a830: PUSH Reg RBP 1
7a831: PUSH Reg RBX 1
7a832: MOV Reg RBP, Reg RSI 3
7a835: MOV Reg RBX, Reg RDI 3
7a838: SUB Reg RSP, Immediate 8 4
7a83c: CALL yajl_gen_map_open (external)
7a841: TEST Reg EAX, Reg EAX 2
7a843: JNZ 7a864 (resolved immediate)
  |
  `- 7a845,7a864
7a845: CMP Address (SizeDir 64 (AddrPlus (FromReg RBP) (AddrImm 0))), Immediate 0 5
7a84a: JZ 7a880 (resolved immediate)
  |
  `- 7a84c,7a880
7a84c: LEA Reg RSI, Address (AddrPlus (FromReg RIP) (AddrImm 180473)) 7
7a853: MOV Reg EDX, Immediate 9 5
7a858: MOV Reg RDI, Reg RBX 3
7a85b: CALL yajl_gen_string (external)
7a860: TEST Reg EAX, Reg EAX 2
7a862: JZ 7a870 (resolved immediate)
  |
  `- 7a870
7a864: ADD Reg RSP, Immediate 8 4
7a868: POP Reg RBX 1
7a869: POP Reg RBP 1
7a86a: RET  1
  |
  `- 
7a870: MOV Reg RSI, Address (SizeDir 64 (AddrPlus (FromReg RBP) (AddrImm 0))) 4
7a874: MOV Reg RDI, Reg RBX 3
7a877: CALL libxl__string_gen_json (internal)
  |
  `- 40c90
7a87c: TEST Reg EAX, Reg EAX 2
7a87e: JNZ 7a864 (resolved immediate)
7a880: MOV Reg EDX, Address (SizeDir 32 (AddrPlus (FromReg RBP) (AddrImm 8))) 3
7a883: TEST Reg EDX, Reg EDX 2
7a885: JNZ 7a8c8 (resolved immediate)
  |
  `- 7a887,7a8c8
7a887: MOV Reg EAX, Address (SizeDir 32 (AddrPlus (FromReg RBP) (AddrImm 12))) 3
7a88a: TEST Reg EAX, Reg EAX 2
7a88c: JZ 7a8b5 (resolved immediate)
  |
  `- 7a8b5
7a8b5: ADD Reg RSP, Immediate 8 4
7a8b9: MOV Reg RDI, Reg RBX 3
7a8bc: POP Reg RBX 1
7a8bd: POP Reg RBP 1
7a8be: JMP yajl_gen_map_close (jmp to external function)
  |
  `- 
7a8c8: LEA Reg RSI, Address (AddrPlus (FromReg RIP) (AddrImm 174300)) 7
7a8cf: MOV Reg EDX, Immediate 5 5
7a8d4: MOV Reg RDI, Reg RBX 3
7a8d7: CALL yajl_gen_string (external)
7a8dc: TEST Reg EAX, Reg EAX 2
7a8de: JNZ 7a864 (resolved immediate)
7a8e0: MOV Reg ESI, Address (SizeDir 32 (AddrPlus (FromReg RBP) (AddrImm 8))) 3
7a8e3: MOV Reg RDI, Reg RBX 3
7a8e6: CALL yajl_gen_integer (external)
7a8eb: TEST Reg EAX, Reg EAX 2
7a8ed: JZ 7a887 (resolved immediate)
  |
  `- 7a887
