Number of assembly instructions     = 10
Number of indirect branches         = 0
Number of unresolved indirect jumps = 0: 
Number of unresolved indirect calls = 0: 
Number of symbolic states (representative of non-determinism): 10
Number of edges: 11

88e70 (False): 0

88e70: CMP Reg EDI, Immediate 1 3
88e73: LEA Reg RAX, Address (AddrPlus (FromReg RIP) (AddrImm 81563)) 7
88e7a: JZ 88e98 (resolved immediate)
  |
  `- 88e7c,88e98
88e7c: LEA Reg RAX, Address (AddrPlus (FromReg RIP) (AddrImm 122494)) 7
88e83: JB 88e98 (resolved immediate)
  |
  `- 88e85,88e98
88e85: LEA Reg RAX, Address (AddrPlus (FromReg RIP) (AddrImm 42941)) 7
88e8c: CMP Reg EDI, Immediate 2 3
88e8f: MOV Reg EDX, Immediate 0 5
88e94: CMOVNZ Reg RAX, Reg RDX 4
88e98: REPZ RET  2
  |
  `- 
