Number of assembly instructions     = 27
Number of indirect branches         = 0
Number of unresolved indirect jumps = 0: 
Number of unresolved indirect calls = 0: 
Number of symbolic states (representative of non-determinism): 27
Number of edges: 27

40c40 (False): 0

40c40: PUSH Reg R12 2
40c42: PUSH Reg RBP 1
40c43: MOV Reg RBP, Reg RDI 3
40c46: PUSH Reg RBX 1
40c47: MOV Reg RBX, Reg RSI 3
40c4a: CALL yajl_gen_array_open (external)
40c4f: TEST Reg EAX, Reg EAX 2
40c51: JNE 40c78 (resolved immediate)
  |
  `- 40c53,40c78
40c53: LEA Reg R12, Address (SizeDir 64 (AddrPlus (FromReg RBX) (AddrImm 16))) 4
40c57: JMP 40c69 (resolved immediate)
  |
  `- 40c69
40c60: ADD Reg RBX, Immediate 1 4
40c64: CMP Reg RBX, Reg R12 3
40c67: JE 40c80 (resolved immediate)
  |
  `- 40c69,40c80
40c69: MOVZX Reg ESI, Address (SizeDir 8 (FromReg RBX)) 3
40c6c: MOV Reg RDI, Reg RBP 3
40c6f: CALL yajl_gen_integer (external)
40c74: TEST Reg EAX, Reg EAX 2
40c76: JE 40c60 (resolved immediate)
  |
  `- 40c60
40c78: POP Reg RBX 1
40c79: POP Reg RBP 1
40c7a: POP Reg R12 2
40c7c: RET  1
  |
  `- 
40c80: POP Reg RBX 1
40c81: MOV Reg RDI, Reg RBP 3
40c84: POP Reg RBP 1
40c85: POP Reg R12 2
40c87: JMP yajl_gen_array_close (jmp to external function)
  |
  `- 
