Number of assembly instructions     = 204
Number of indirect branches         = 6
Number of unresolved indirect jumps = 0: 
Number of unresolved indirect calls = 5: 4821c, 48244, 4826c, 482cb, 482eb
Number of symbolic states (representative of non-determinism): 244
Number of edges: 874

47f60 (True): 48124, 48139, 48185, 4819a
48000 (False): 0

47f60: MOV Reg RAX, Address (SizeDir 64 (FromReg RDI)) 3
47f63: MOV Reg RCX, Reg RSI 3
47f66: SUB Reg RCX, Reg RAX 3
47f69: CMP Reg RCX, Immediate 3 4
47f6d: JG 47f78 (resolved immediate)
  |
  `- 47f6f,47f78
47f6f: XOR Reg EAX, Reg EAX 2
47f71: RET  1
  |
  `- 
47f78: MOV Reg ECX, Address (SizeDir 32 (FromReg RAX)) 2
47f7a: LEA Reg R8, Address (AddrPlus (FromReg RAX) (AddrImm 4)) 4
47f7e: SUB Reg RSI, Reg R8 3
47f81: CMP Reg RSI, Reg RCX 3
47f84: MOV Reg R9, Reg RCX 3
47f87: JL 47fb0 (resolved immediate)
  |
  `- 47f89,47fb0
47f89: ADD Reg RCX, Reg R8 3
47f8c: TEST Reg R9D, Reg R9D 3
47f8f: MOV Address (SizeDir 64 (FromReg RDI)), Reg RCX 3
47f92: JZ 47f6f (resolved immediate)
  |
  `- 47f6f,47f94
47f94: LEA Reg ECX, Address (AddrMinus (FromReg R9) (AddrImm 1)) 4
47f98: CMP Address (SizeDir 8 (AddrPlus (AddrPlus (FromReg RAX) (FromReg RCX)) (AddrImm 4))), Immediate 0 5
47f9d: JNZ 47f6f (resolved immediate)
  |
  `- 47f6f,47f9f
47f9f: MOV Address (SizeDir 64 (FromReg RDX)), Reg R8 3
47fa2: MOV Reg EAX, Immediate 1 5
47fa7: RET  1
  |
  `- 
47fb0: MOV Address (SizeDir 64 (FromReg RDI)), Reg R8 3
47fb3: XOR Reg EAX, Reg EAX 2
47fb5: RET  1
  |
  `- 
48000: PUSH Reg R12 2
48002: PUSH Reg RBP 1
48003: PUSH Reg RBX 1
48004: SUB Reg RSP, Immediate 48 4
48008: MOV Reg RAX, Address (SizeDir 64 (AddrPlus (FromReg FS) (AddrImm 40))) 9
48011: MOV Address (SizeDir 64 (AddrPlus (FromReg RSP) (AddrImm 40))), Reg RAX 5
48016: XOR Reg EAX, Reg EAX 2
48018: CMP Reg ESI, Immediate 1 3
4801b: MOV Address (SizeDir 64 (AddrPlus (FromReg RSP) (AddrImm 8))), Reg RDI 5
48020: JBE 48068 (resolved immediate)
  |
  `- 48022,48068
48022: MOV Reg RBX, Reg RDX 3
48025: MOV Reg RDX, Address (SizeDir 64 (AddrPlus (FromReg RSP) (AddrImm 8))) 5
4802a: MOV Reg EAX, Reg ESI 2
4802c: LEA Reg R10, Address (AddrPlus (FromReg RDX) (FromReg RAX)) 4
48030: MOVZX Reg EAX, Address (SizeDir 16 (FromReg RDX)) 3
48033: LEA Reg RDI, Address (AddrPlus (FromReg RDX) (AddrImm 2)) 4
48037: MOV Address (SizeDir 64 (AddrPlus (FromReg RSP) (AddrImm 8))), Reg RDI 5
4803c: CMP Reg AX, Immediate 9 4
48040: JA 48068 (resolved immediate)
  |
  `- 48042,48068
48042: LEA Reg RCX, Address (AddrPlus (FromReg RIP) (AddrImm 346907)) 7
48049: MOVSXD Reg RAX, Address (SizeDir 32 (AddrPlus (FromReg RCX) (AddrTimes (AddrImm 4) (FromReg RAX)))) 4
4804d: ADD Reg RAX, Reg RCX 3
48050: JMP Reg RAX 2
  |
  `- 48280,48258,48230,48208,48170,480e0,48090,48068,48058
48058: CMP Reg R10, Reg RDI 3
4805b: JZ 482e0 (resolved immediate)
  |
  `- 48061,482e0
48061: NOP  7
48068: XOR Reg EAX, Reg EAX 2
4806a: MOV Reg RBX, Address (SizeDir 64 (AddrPlus (FromReg RSP) (AddrImm 40))) 5
4806f: XOR Reg RBX, Address (SizeDir 64 (AddrPlus (FromReg FS) (AddrImm 40))) 9
48078: JNZ 482f7 (resolved immediate)
  |
  `- 4807e,482f7
4807e: ADD Reg RSP, Immediate 48 4
48082: POP Reg RBX 1
48083: POP Reg RBP 1
48084: POP Reg R12 2
48086: RET  1
  |
  `- 
48090: CMP Reg ESI, Immediate 5 3
48093: JBE 48068 (resolved immediate)
  |
  `- 48068,48095
48095: LEA Reg RAX, Address (AddrPlus (FromReg RDX) (AddrImm 6)) 4
48099: MOV Reg RCX, Reg R10 3
4809c: MOV Reg EDI, Address (SizeDir 32 (AddrPlus (FromReg RDX) (AddrImm 2))) 3
4809f: SUB Reg RCX, Reg RAX 3
480a2: MOV Address (SizeDir 64 (AddrPlus (FromReg RSP) (AddrImm 8))), Reg RAX 5
480a7: CMP Reg RCX, Immediate 3 4
480ab: JLE 48068 (resolved immediate)
  |
  `- 48068,480ad
480ad: MOV Reg ESI, Address (SizeDir 32 (AddrPlus (FromReg RDX) (AddrImm 6))) 3
480b0: ADD Reg RDX, Immediate 10 4
480b4: CMP Reg R10, Reg RDX 3
480b7: MOV Address (SizeDir 64 (AddrPlus (FromReg RSP) (AddrImm 8))), Reg RDX 5
480bc: JNZ 48068 (resolved immediate)
  |
  `- 48068,480be
480be: MOV Reg RDX, Reg RBX 3
480c1: CALL libxl__srm_callout_callback_complete (external)
480c6: MOV Reg RSI, Reg RBX 3
480c9: MOV Reg EDI, Reg EAX 2
480cb: CALL libxl__srm_callout_sendreply (external)
480d0: MOV Reg EAX, Immediate 1 5
480d5: JMP 4806a (resolved immediate)
  |
  `- 4806a
480e0: CMP Reg ESI, Immediate 5 3
480e3: JBE 48068 (resolved immediate)
  |
  `- 48068,480e5
480e5: LEA Reg RAX, Address (AddrPlus (FromReg RDX) (AddrImm 6)) 4
480e9: MOV Reg RCX, Reg R10 3
480ec: MOV Reg R11D, Address (SizeDir 32 (AddrPlus (FromReg RDX) (AddrImm 2))) 4
480f0: SUB Reg RCX, Reg RAX 3
480f3: MOV Address (SizeDir 64 (AddrPlus (FromReg RSP) (AddrImm 8))), Reg RAX 5
480f8: CMP Reg RCX, Immediate 3 4
480fc: JLE 48068 (resolved immediate)
  |
  `- 48068,48102
48102: MOV Reg R12D, Address (SizeDir 32 (AddrPlus (FromReg RDX) (AddrImm 6))) 4
48106: LEA Reg RBP, Address (AddrPlus (FromReg RSP) (AddrImm 8)) 5
4810b: ADD Reg RDX, Immediate 10 4
4810f: MOV Address (SizeDir 64 (AddrPlus (FromReg RSP) (AddrImm 8))), Reg RDX 5
48114: LEA Reg RDX, Address (AddrPlus (FromReg RSP) (AddrImm 24)) 5
48119: MOV Reg RSI, Reg R10 3
4811c: MOV Reg RDI, Reg RBP 3
4811f: CALL STRING_get (internal)
48124: TEST Reg EAX, Reg EAX 2
48126: JZ 48068 (resolved immediate)
  |
  `- 48068,4812c
4812c: LEA Reg RDX, Address (AddrPlus (FromReg RSP) (AddrImm 32)) 5
48131: MOV Reg RSI, Reg R10 3
48134: CALL STRING_get (internal)
48139: TEST Reg EAX, Reg EAX 2
4813b: JZ 48068 (resolved immediate)
  |
  `- 48068,48141
48141: CMP Address (SizeDir 64 (AddrPlus (FromReg RSP) (AddrImm 8))), Reg R10 5
48146: JNZ 48068 (resolved immediate)
  |
  `- 48068,4814c
4814c: MOV Reg RCX, Address (SizeDir 64 (AddrPlus (FromReg RSP) (AddrImm 32))) 5
48151: MOV Reg RDX, Address (SizeDir 64 (AddrPlus (FromReg RSP) (AddrImm 24))) 5
48156: MOV Reg R8, Reg RBX 3
48159: MOV Reg ESI, Reg R12D 3
4815c: MOV Reg EDI, Reg R11D 3
4815f: CALL libxl__srm_callout_callback_log (external)
48164: MOV Reg EAX, Immediate 1 5
48169: JMP 4806a (resolved immediate)
  |
  `- 4806a
48170: LEA Reg R11, Address (AddrPlus (FromReg RSP) (AddrImm 8)) 5
48175: LEA Reg RDX, Address (AddrPlus (FromReg RSP) (AddrImm 24)) 5
4817a: MOV Reg RSI, Reg R10 3
4817d: MOV Reg RDI, Reg R11 3
48180: CALL STRING_get (internal)
  |
  `- 47f60
48185: TEST Reg EAX, Reg EAX 2
48187: JZ 48068 (resolved immediate)
  |
  `- 48068,4818d
4818d: LEA Reg RDX, Address (AddrPlus (FromReg RSP) (AddrImm 32)) 5
48192: MOV Reg RSI, Reg R10 3
48195: CALL STRING_get (internal)
4819a: TEST Reg EAX, Reg EAX 2
4819c: JZ 48068 (resolved immediate)
  |
  `- 48068,481a2
481a2: MOV Reg RAX, Address (SizeDir 64 (AddrPlus (FromReg RSP) (AddrImm 8))) 5
481a7: MOV Reg RDX, Reg R10 3
481aa: SUB Reg RDX, Reg RAX 3
481ad: CMP Reg RDX, Immediate 7 4
481b1: JLE 48068 (resolved immediate)
  |
  `- 48068,481b7
481b7: LEA Reg RCX, Address (AddrPlus (FromReg RAX) (AddrImm 8)) 4
481bb: MOV Reg RDI, Reg R10 3
481be: MOV Reg RDX, Address (SizeDir 64 (FromReg RAX)) 3
481c1: SUB Reg RDI, Reg RCX 3
481c4: MOV Address (SizeDir 64 (AddrPlus (FromReg RSP) (AddrImm 8))), Reg RCX 5
481c9: CMP Reg RDI, Immediate 7 4
481cd: JLE 48068 (resolved immediate)
  |
  `- 48068,481d3
481d3: MOV Reg RCX, Address (SizeDir 64 (AddrPlus (FromReg RAX) (AddrImm 8))) 4
481d7: ADD Reg RAX, Immediate 16 4
481db: CMP Reg R10, Reg RAX 3
481de: MOV Address (SizeDir 64 (AddrPlus (FromReg RSP) (AddrImm 8))), Reg RAX 5
481e3: JNZ 48068 (resolved immediate)
  |
  `- 48068,481e9
481e9: MOV Reg RSI, Address (SizeDir 64 (AddrPlus (FromReg RSP) (AddrImm 32))) 5
481ee: MOV Reg RDI, Address (SizeDir 64 (AddrPlus (FromReg RSP) (AddrImm 24))) 5
481f3: MOV Reg R8, Reg RBX 3
481f6: CALL libxl__srm_callout_callback_progress (external)
481fb: MOV Reg EAX, Immediate 1 5
48200: JMP 4806a (resolved immediate)
  |
  `- 4806a
48208: CMP Reg R10, Reg RDI 3
4820b: JNZ 48068 (resolved immediate)
  |
  `- 48068,48211
48211: MOV Reg RDI, Reg RBX 3
48214: CALL libxl__srm_callout_get_callbacks_save (external)
48219: MOV Reg RDI, Reg RBX 3
4821c: CALL Address (SizeDir 64 (AddrPlus (FromReg RAX) (AddrImm 8))) 3
4821f: MOV Reg EAX, Immediate 1 5
48224: JMP 4806a (resolved immediate)
  |
  `- 4806a
48230: CMP Reg R10, Reg RDI 3
48233: JNZ 48068 (resolved immediate)
  |
  `- 48068,48239
48239: MOV Reg RDI, Reg RBX 3
4823c: CALL libxl__srm_callout_get_callbacks_save (external)
48241: MOV Reg RDI, Reg RBX 3
48244: CALL Address (SizeDir 64 (AddrPlus (FromReg RAX) (AddrImm 16))) 3
48247: MOV Reg EAX, Immediate 1 5
4824c: JMP 4806a (resolved immediate)
  |
  `- 4806a
48258: CMP Reg R10, Reg RDI 3
4825b: JNZ 48068 (resolved immediate)
  |
  `- 48068,48261
48261: MOV Reg RDI, Reg RBX 3
48264: CALL libxl__srm_callout_get_callbacks_save (external)
48269: MOV Reg RDI, Reg RBX 3
4826c: CALL Address (SizeDir 64 (AddrPlus (FromReg RAX) (AddrImm 24))) 3
4826f: MOV Reg EAX, Immediate 1 5
48274: JMP 4806a (resolved immediate)
  |
  `- 4806a
48280: CMP Reg ESI, Immediate 5 3
48283: JBE 48068 (resolved immediate)
  |
  `- 48068,48289
48289: LEA Reg RAX, Address (AddrPlus (FromReg RDX) (AddrImm 6)) 4
4828d: MOV Reg RCX, Reg R10 3
48290: MOV Reg EBP, Address (SizeDir 32 (AddrPlus (FromReg RDX) (AddrImm 2))) 3
48293: SUB Reg RCX, Reg RAX 3
48296: MOV Address (SizeDir 64 (AddrPlus (FromReg RSP) (AddrImm 8))), Reg RAX 5
4829b: CMP Reg RCX, Immediate 3 4
4829f: JLE 48068 (resolved immediate)
  |
  `- 48068,482a5
482a5: MOV Reg R12D, Address (SizeDir 32 (AddrPlus (FromReg RDX) (AddrImm 6))) 4
482a9: ADD Reg RDX, Immediate 10 4
482ad: CMP Reg R10, Reg RDX 3
482b0: MOV Address (SizeDir 64 (AddrPlus (FromReg RSP) (AddrImm 8))), Reg RDX 5
482b5: JNZ 48068 (resolved immediate)
  |
  `- 48068,482bb
482bb: MOV Reg RDI, Reg RBX 3
482be: CALL libxl__srm_callout_get_callbacks_save (external)
482c3: MOV Reg RDX, Reg RBX 3
482c6: MOV Reg ESI, Reg R12D 3
482c9: MOV Reg EDI, Reg EBP 2
482cb: CALL Address (SizeDir 64 (AddrPlus (FromReg RAX) (AddrImm 32))) 3
482ce: MOV Reg EAX, Immediate 1 5
482d3: JMP 4806a (resolved immediate)
  |
  `- 4806a
482e0: MOV Reg RDI, Reg RBX 3
482e3: CALL libxl__srm_callout_get_callbacks_save (external)
482e8: MOV Reg RDI, Reg RBX 3
482eb: CALL Address (SizeDir 64 (FromReg RAX)) 2
482ed: MOV Reg EAX, Immediate 1 5
482f2: JMP 4806a (resolved immediate)
  |
  `- 4806a
482f7: CALL __stack_chk_fail (external)
  |
  `- 
