Number of assembly instructions     = 31
Number of indirect branches         = 0
Number of unresolved indirect jumps = 0: 
Number of unresolved indirect calls = 0: 
Number of symbolic states (representative of non-determinism): 31
Number of edges: 33

793c0 (False): 0

793c0: PUSH Reg RBP 1
793c1: PUSH Reg RBX 1
793c2: MOV Reg RBP, Reg RSI 3
793c5: MOV Reg RBX, Reg RDI 3
793c8: SUB Reg RSP, Immediate 8 4
793cc: CALL yajl_gen_map_open (external)
793d1: TEST Reg EAX, Reg EAX 2
793d3: JNZ 793f4 (resolved immediate)
  |
  `- 793d5,793f4
793d5: MOV Reg EAX, Address (SizeDir 32 (AddrPlus (FromReg RBP) (AddrImm 0))) 3
793d8: TEST Reg EAX, Reg EAX 2
793da: JZ 79410 (resolved immediate)
  |
  `- 793dc,79410
793dc: LEA Reg RSI, Address (AddrPlus (FromReg RIP) (AddrImm 186199)) 7
793e3: MOV Reg EDX, Immediate 12 5
793e8: MOV Reg RDI, Reg RBX 3
793eb: CALL yajl_gen_string (external)
793f0: TEST Reg EAX, Reg EAX 2
793f2: JZ 79400 (resolved immediate)
  |
  `- 793f4,79400
793f4: ADD Reg RSP, Immediate 8 4
793f8: POP Reg RBX 1
793f9: POP Reg RBP 1
793fa: RET  1
  |
  `- 
79400: MOVSXD Reg RSI, Address (SizeDir 32 (AddrPlus (FromReg RBP) (AddrImm 0))) 4
79404: MOV Reg RDI, Reg RBX 3
79407: CALL yajl_gen_integer (external)
7940c: TEST Reg EAX, Reg EAX 2
7940e: JNZ 793f4 (resolved immediate)
  |
  `- 793f4,79410
79410: ADD Reg RSP, Immediate 8 4
79414: MOV Reg RDI, Reg RBX 3
79417: POP Reg RBX 1
79418: POP Reg RBP 1
79419: JMP yajl_gen_map_close (jmp to external function)
  |
  `- 
