Number of assembly instructions     = 12
Number of indirect branches         = 0
Number of unresolved indirect jumps = 0: 
Number of unresolved indirect calls = 0: 
Number of symbolic states (representative of non-determinism): 12
Number of edges: 11

7d820 (False): 0

7d820: TEST Reg RDI, Reg RDI 3
7d823: JE 7d840 (resolved immediate)
  |
  `- 7d825,7d840
7d825: PUSH Reg RBX 1
7d826: MOV Reg RBX, Reg RDI 3
7d829: MOV Reg RDI, Address (SizeDir 64 (AddrPlus (FromReg RDI) (AddrImm 24))) 4
7d82d: CALL free (external)
7d832: PXOR Reg XMM0, Reg XMM0 4
7d836: MOVUPS Address (SizeDir 128 (FromReg RBX)), Reg XMM0 3
7d839: MOVUPS Address (SizeDir 128 (AddrPlus (FromReg RBX) (AddrImm 16))), Reg XMM0 4
7d83d: POP Reg RBX 1
7d83e: RET  1
  |
  `- 
7d840: RET  2
  |
  `- 
