Number of assembly instructions     = 193
Number of indirect branches         = 0
Number of unresolved indirect jumps = 0: 
Number of unresolved indirect calls = 0: 
Number of symbolic states (representative of non-determinism): 193
Number of edges: 214

20500 (True): 41528
41490 (True): 83084, 830b3, 830e0, 83110, 83140, 83174, 831a1, 831cd, 831f9
83060 (False): 0

20500: CMP Address (SizeDir 32 (FromReg RDI)), Reg ESI 2
20502: MOV Reg EAX, Immediate 1 5
20507: JLE 20519 (resolved immediate)
  |
  `- 20509,20519
20509: MOV Reg RAX, Address (SizeDir 64 (AddrPlus (FromReg RDI) (AddrImm 16))) 4
2050d: MOVSXD Reg RSI, Reg ESI 3
20510: MOV Reg RAX, Address (SizeDir 64 (AddrPlus (FromReg RAX) (AddrTimes (AddrImm 8) (FromReg RSI)))) 4
20514: MOV Address (SizeDir 64 (FromReg RDX)), Reg RAX 3
20517: XOR Reg EAX, Reg EAX 2
20519: REPZ RET  2
  |
  `- 
41490: PUSH Reg R15 2
41492: PUSH Reg R14 2
41494: PUSH Reg R13 2
41496: PUSH Reg R12 2
41498: PUSH Reg RBP 1
41499: PUSH Reg RBX 1
4149a: SUB Reg RSP, Immediate 24 4
4149e: MOV Reg RAX, Address (SizeDir 64 (AddrPlus (FromReg FS) (AddrImm 40))) 9
414a7: MOV Address (SizeDir 64 (AddrPlus (FromReg RSP) (AddrImm 8))), Reg RAX 5
414ac: XOR Reg EAX, Reg EAX 2
414ae: TEST Reg RSI, Reg RSI 3
414b1: JZ 414b8 (resolved immediate)
  |
  `- 414b3,414b8
414b3: CMP Address (SizeDir 32 (FromReg RSI)), Immediate 64 3
414b6: JZ 414e0 (resolved immediate)
  |
  `- 414b8,414e0
414b8: MOV Reg RCX, Address (SizeDir 64 (AddrPlus (FromReg RSP) (AddrImm 8))) 5
414bd: XOR Reg RCX, Address (SizeDir 64 (AddrPlus (FromReg FS) (AddrImm 40))) 9
414c6: JNZ 4155b (resolved immediate)
  |
  `- 414cc,4155b
414cc: ADD Reg RSP, Immediate 24 4
414d0: POP Reg RBX 1
414d1: POP Reg RBP 1
414d2: POP Reg R12 2
414d4: POP Reg R13 2
414d6: POP Reg R14 2
414d8: POP Reg R15 2
414da: RET  1
  |
  `- 
414e0: MOV Reg RBP, Address (SizeDir 64 (AddrPlus (FromReg RSI) (AddrImm 8))) 4
414e4: XOR Reg EBX, Reg EBX 2
414e6: MOV Reg R13, Reg RDI 3
414e9: MOV Reg R14D, Reg EDX 3
414ec: MOV Address (SizeDir 64 (FromReg RSP)), Immediate 0 8
414f4: MOV Reg R12, Reg RSP 3
414f7: MOV Reg EAX, Address (SizeDir 32 (AddrPlus (FromReg RBP) (AddrImm 8))) 3
414fa: TEST Reg EAX, Reg EAX 2
414fc: JNZ 4151b (resolved immediate)
  |
  `- 414fe,4151b
414fe: JMP 4152c (resolved immediate)
  |
  `- 4152c
41500: MOV Reg R15, Address (SizeDir 64 (FromReg RSP)) 4
41504: MOV Reg RDI, Reg R13 3
41507: MOV Reg RSI, Address (SizeDir 64 (FromReg R15)) 3
4150a: CALL strcmp (external)
4150f: TEST Reg EAX, Reg EAX 2
41511: JZ 41530 (resolved immediate)
  |
  `- 41513,41530
41513: ADD Reg EBX, Immediate 1 3
41516: CMP Address (SizeDir 32 (AddrPlus (FromReg RBP) (AddrImm 8))), Reg EBX 3
41519: JBE 4152c (resolved immediate)
  |
  `- 4151b,4152c
4151b: MOV Reg RDX, Reg R12 3
4151e: MOV Reg ESI, Reg EBX 2
41520: MOV Reg RDI, Reg RBP 3
41523: CALL flexarray_get (internal)
  |
  `- 41528,20500
41528: TEST Reg EAX, Reg EAX 2
4152a: JZ 41500 (resolved immediate)
  |
  `- 41500,4152c
4152c: XOR Reg EAX, Reg EAX 2
4152e: JMP 414b8 (resolved immediate)
  |
  `- 414b8
41530: CMP Reg R14D, Immediate 255 7
41537: MOV Reg RAX, Address (SizeDir 64 (AddrPlus (FromReg R15) (AddrImm 8))) 4
4153b: JZ 414b8 (resolved immediate)
  |
  `- 414b8,41541
41541: TEST Reg RAX, Reg RAX 3
41544: JZ 414b8 (resolved immediate)
  |
  `- 414b8,4154a
4154a: TEST Address (SizeDir 32 (FromReg RAX)), Reg R14D 3
4154d: MOV Reg EDX, Immediate 0 5
41552: CMOVZ Reg RAX, Reg RDX 4
41556: JMP 414b8 (resolved immediate)
  |
  `- 414b8
4155b: CALL __stack_chk_fail (external)
  |
  `- 
83060: PUSH Reg R13 2
83062: PUSH Reg R12 2
83064: MOV Reg R12, Reg RDI 3
83067: PUSH Reg RBP 1
83068: PUSH Reg RBX 1
83069: LEA Reg RDI, Address (AddrPlus (FromReg RIP) (AddrImm 73175)) 7
83070: MOV Reg RBX, Reg RDX 3
83073: MOV Reg EDX, Immediate 4 5
83078: MOV Reg RBP, Reg RSI 3
8307b: SUB Reg RSP, Immediate 8 4
8307f: CALL libxl__json_map_get (internal)
  |
  `- 41490
83084: TEST Reg RAX, Reg RAX 3
83087: JZ 8309f (resolved immediate)
  |
  `- 83089,8309f
83089: MOV Reg RDX, Reg RBX 3
8308c: MOV Reg RSI, Reg RAX 3
8308f: MOV Reg RDI, Reg R12 3
83092: CALL libxl__uint32_parse_json (external)
83097: TEST Reg EAX, Reg EAX 2
83099: JNZ 83222 (resolved immediate)
  |
  `- 8309f,83222
8309f: LEA Reg RDI, Address (AddrPlus (FromReg RIP) (AddrImm 146564)) 7
830a6: MOV Reg EDX, Immediate 64 5
830ab: MOV Reg RSI, Reg RBP 3
830ae: CALL libxl__json_map_get (internal)
830b3: TEST Reg RAX, Reg RAX 3
830b6: MOV Reg R13, Reg RAX 3
830b9: JZ 83160 (resolved immediate)
  |
  `- 830bf,83160
830bf: MOV Reg ESI, Immediate 1 5
830c4: MOV Reg RDI, Reg RBX 3
830c7: CALL libxl_psr_hw_info_init_type (external)
830cc: LEA Reg RDI, Address (AddrPlus (FromReg RIP) (AddrImm 146106)) 7
830d3: MOV Reg EDX, Immediate 4 5
830d8: MOV Reg RSI, Reg R13 3
830db: CALL libxl__json_map_get (internal)
830e0: TEST Reg RAX, Reg RAX 3
830e3: JZ 830fc (resolved immediate)
  |
  `- 830e5,830fc
830e5: LEA Reg RDX, Address (AddrPlus (FromReg RBX) (AddrImm 8)) 4
830e9: MOV Reg RSI, Reg RAX 3
830ec: MOV Reg RDI, Reg R12 3
830ef: CALL libxl__uint32_parse_json (external)
830f4: TEST Reg EAX, Reg EAX 2
830f6: JNZ 83222 (resolved immediate)
  |
  `- 830fc,83222
830fc: LEA Reg RDI, Address (AddrPlus (FromReg RIP) (AddrImm 146066)) 7
83103: MOV Reg EDX, Immediate 4 5
83108: MOV Reg RSI, Reg R13 3
8310b: CALL libxl__json_map_get (internal)
83110: TEST Reg RAX, Reg RAX 3
83113: JZ 8312c (resolved immediate)
  |
  `- 83115,8312c
83115: LEA Reg RDX, Address (AddrPlus (FromReg RBX) (AddrImm 12)) 4
83119: MOV Reg RSI, Reg RAX 3
8311c: MOV Reg RDI, Reg R12 3
8311f: CALL libxl__uint32_parse_json (external)
83124: TEST Reg EAX, Reg EAX 2
83126: JNZ 83222 (resolved immediate)
  |
  `- 8312c,83222
8312c: LEA Reg RDI, Address (AddrPlus (FromReg RIP) (AddrImm 146026)) 7
83133: MOV Reg EDX, Immediate 2 5
83138: MOV Reg RSI, Reg R13 3
8313b: CALL libxl__json_map_get (internal)
83140: TEST Reg RAX, Reg RAX 3
83143: JZ 83160 (resolved immediate)
  |
  `- 83145,83160
83145: LEA Reg RDX, Address (AddrPlus (FromReg RBX) (AddrImm 16)) 4
83149: MOV Reg RSI, Reg RAX 3
8314c: MOV Reg RDI, Reg R12 3
8314f: CALL libxl__bool_parse_json (external)
83154: TEST Reg EAX, Reg EAX 2
83156: JNZ 83222 (resolved immediate)
  |
  `- 8315c,83222
8315c: NOP  4
83160: LEA Reg RDI, Address (AddrPlus (FromReg RIP) (AddrImm 146380)) 7
83167: MOV Reg RSI, Reg RBP 3
8316a: MOV Reg EDX, Immediate 64 5
8316f: CALL libxl__json_map_get (internal)
83174: TEST Reg RAX, Reg RAX 3
83177: MOV Reg RBP, Reg RAX 3
8317a: JZ 83220 (resolved immediate)
  |
  `- 83180,83220
83180: MOV Reg ESI, Immediate 2 5
83185: MOV Reg RDI, Reg RBX 3
83188: CALL libxl_psr_hw_info_init_type (external)
8318d: LEA Reg RDI, Address (AddrPlus (FromReg RIP) (AddrImm 145913)) 7
83194: MOV Reg EDX, Immediate 4 5
83199: MOV Reg RSI, Reg RBP 3
8319c: CALL libxl__json_map_get (internal)
831a1: TEST Reg RAX, Reg RAX 3
831a4: JZ 831b9 (resolved immediate)
  |
  `- 831a6,831b9
831a6: LEA Reg RDX, Address (AddrPlus (FromReg RBX) (AddrImm 8)) 4
831aa: MOV Reg RSI, Reg RAX 3
831ad: MOV Reg RDI, Reg R12 3
831b0: CALL libxl__uint32_parse_json (external)
831b5: TEST Reg EAX, Reg EAX 2
831b7: JNZ 83222 (resolved immediate)
  |
  `- 831b9,83222
831b9: LEA Reg RDI, Address (AddrPlus (FromReg RIP) (AddrImm 146300)) 7
831c0: MOV Reg EDX, Immediate 4 5
831c5: MOV Reg RSI, Reg RBP 3
831c8: CALL libxl__json_map_get (internal)
831cd: TEST Reg RAX, Reg RAX 3
831d0: JZ 831e5 (resolved immediate)
  |
  `- 831d2,831e5
831d2: LEA Reg RDX, Address (AddrPlus (FromReg RBX) (AddrImm 12)) 4
831d6: MOV Reg RSI, Reg RAX 3
831d9: MOV Reg RDI, Reg R12 3
831dc: CALL libxl__uint32_parse_json (external)
831e1: TEST Reg EAX, Reg EAX 2
831e3: JNZ 83222 (resolved immediate)
  |
  `- 831e5,83222
831e5: LEA Reg RDI, Address (AddrPlus (FromReg RIP) (AddrImm 146266)) 7
831ec: MOV Reg EDX, Immediate 2 5
831f1: MOV Reg RSI, Reg RBP 3
831f4: CALL libxl__json_map_get (internal)
831f9: TEST Reg RAX, Reg RAX 3
831fc: JZ 83220 (resolved immediate)
  |
  `- 831fe,83220
831fe: ADD Reg RSP, Immediate 8 4
83202: LEA Reg RDX, Address (AddrPlus (FromReg RBX) (AddrImm 16)) 4
83206: MOV Reg RDI, Reg R12 3
83209: POP Reg RBX 1
8320a: POP Reg RBP 1
8320b: POP Reg R12 2
8320d: POP Reg R13 2
8320f: MOV Reg RSI, Reg RAX 3
83212: JMP libxl__bool_parse_json (jmp to external function)
  |
  `- 
83220: XOR Reg EAX, Reg EAX 2
83222: ADD Reg RSP, Immediate 8 4
83226: POP Reg RBX 1
83227: POP Reg RBP 1
83228: POP Reg R12 2
8322a: POP Reg R13 2
8322c: RET  1
  |
  `- 
