Number of assembly instructions     = 9
Number of indirect branches         = 0
Number of unresolved indirect jumps = 0: 
Number of unresolved indirect calls = 0: 
Number of symbolic states (representative of non-determinism): 9
Number of edges: 9

83ba0 (False): 0

83ba0: TEST Reg RSI, Reg RSI 3
83ba3: JZ 83baa (resolved immediate)
  |
  `- 83ba5,83baa
83ba5: CMP Address (SizeDir 32 (FromReg RSI)), Immediate 32 3
83ba8: JZ 83bb0 (resolved immediate)
  |
  `- 83baa,83bb0
83baa: MOV Reg EAX, Immediate 4294967295 5
83baf: RET  1
  |
  `- 
83bb0: MOV Reg RDI, Address (SizeDir 64 (AddrPlus (FromReg RSI) (AddrImm 8))) 4
83bb4: MOV Reg RSI, Reg RDX 3
83bb7: JMP libxl_rdm_reserve_strategy_from_string (jmp to external function)
  |
  `- 
