Number of assembly instructions     = 45
Number of indirect branches         = 0
Number of unresolved indirect jumps = 0: 
Number of unresolved indirect calls = 0: 
Number of symbolic states (representative of non-determinism): 45
Number of edges: 43

22240 (False): 0
4e890 (True): 2225f

22240: PUSH Reg R13 2
22242: PUSH Reg R12 2
22244: MOV Reg R13, Reg RDI 3
22247: PUSH Reg RBP 1
22248: PUSH Reg RBX 1
22249: MOV Reg R12, Reg RSI 3
2224c: MOV Reg RBP, Reg RDX 3
2224f: SUB Reg RSP, Immediate 8 4
22253: MOV Reg RBX, Address (SizeDir 64 (AddrPlus (FromReg RDX) (AddrImm 72))) 4
22257: MOV Reg RDI, Address (SizeDir 64 (FromReg RBX)) 3
2225a: CALL libxl__ao_inprogress_gc (internal)
  |
  `- 4e890
2225f: MOV Address (SizeDir 64 (AddrPlus (FromReg RBX) (AddrImm 1328))), Reg R13 7
22266: MOV Address (SizeDir 64 (AddrPlus (FromReg RBX) (AddrImm 1344))), Reg R12 7
2226d: MOV Address (SizeDir 32 (AddrPlus (FromReg RBP) (AddrImm 80))), Immediate 0 7
22274: ADD Reg RSP, Immediate 8 4
22278: POP Reg RBX 1
22279: POP Reg RBP 1
2227a: POP Reg R12 2
2227c: POP Reg R13 2
2227e: RET  1
  |
  `- 
4e890: SUB Reg RSP, Immediate 8 4
4e894: TEST Reg RDI, Reg RDI 3
4e897: JE 4e8b0 (resolved immediate)
  |
  `- 4e899,4e8b0
4e899: CMP Address (SizeDir 32 (FromReg RDI)), Immediate 2700791296 6
4e89f: JNE 4e8ee (resolved immediate)
  |
  `- 4e8a1,4e8ee
4e8a1: TEST Address (SizeDir 8 (AddrPlus (FromReg RDI) (AddrImm 4))), Immediate 4 4
4e8a5: JNE 4e8cf (resolved immediate)
  |
  `- 4e8a7,4e8cf
4e8a7: LEA Reg RAX, Address (SizeDir 64 (AddrPlus (FromReg RDI) (AddrImm 64))) 4
4e8ab: ADD Reg RSP, Immediate 8 4
4e8af: RET  1
  |
  `- 
4e8b0: LEA Reg RCX, Address (SizeDir 64 (AddrPlus (FromReg RIP) (AddrImm 326905))) 7
4e8b7: LEA Reg RSI, Address (SizeDir 64 (AddrPlus (FromReg RIP) (AddrImm 323576))) 7
4e8be: LEA Reg RDI, Address (SizeDir 64 (AddrPlus (FromReg RIP) (AddrImm 313941))) 7
4e8c5: MOV Reg EDX, Immediate 1864 5
4e8ca: CALL __assert_fail (external)
  |
  `- 
4e8cf: LEA Reg RCX, Address (SizeDir 64 (AddrPlus (FromReg RIP) (AddrImm 326874))) 7
4e8d6: LEA Reg RSI, Address (SizeDir 64 (AddrPlus (FromReg RIP) (AddrImm 323545))) 7
4e8dd: LEA Reg RDI, Address (SizeDir 64 (AddrPlus (FromReg RIP) (AddrImm 324020))) 7
4e8e4: MOV Reg EDX, Immediate 1866 5
4e8e9: CALL __assert_fail (external)
  |
  `- 
4e8ee: LEA Reg RCX, Address (SizeDir 64 (AddrPlus (FromReg RIP) (AddrImm 326843))) 7
4e8f5: LEA Reg RSI, Address (SizeDir 64 (AddrPlus (FromReg RIP) (AddrImm 323514))) 7
4e8fc: LEA Reg RDI, Address (SizeDir 64 (AddrPlus (FromReg RIP) (AddrImm 323943))) 7
4e903: MOV Reg EDX, Immediate 1865 5
4e908: CALL __assert_fail (external)
  |
  `- 
