Number of assembly instructions     = 34
Number of indirect branches         = 0
Number of unresolved indirect jumps = 0: 
Number of unresolved indirect calls = 0: 
Number of symbolic states (representative of non-determinism): 34
Number of edges: 34

79070 (False): 0

79070: PUSH Reg RBP 1
79071: PUSH Reg RBX 1
79072: MOV Reg RBP, Reg RSI 3
79075: MOV Reg RBX, Reg RDI 3
79078: SUB Reg RSP, Immediate 8 4
7907c: CALL yajl_gen_map_open (external)
79081: TEST Reg EAX, Reg EAX 2
79083: JNZ 790f8 (resolved immediate)
  |
  `- 79085,790f8
79085: MOV Reg EDX, Address (SizeDir 32 (AddrPlus (FromReg RBP) (AddrImm 0))) 3
79088: TEST Reg EDX, Reg EDX 2
7908a: JNZ 790d0 (resolved immediate)
  |
  `- 7908c,790d0
7908c: MOV Reg EAX, Address (SizeDir 32 (AddrPlus (FromReg RBP) (AddrImm 4))) 3
7908f: TEST Reg EAX, Reg EAX 2
79091: JZ 790bb (resolved immediate)
  |
  `- 790bb
790bb: ADD Reg RSP, Immediate 8 4
790bf: MOV Reg RDI, Reg RBX 3
790c2: POP Reg RBX 1
790c3: POP Reg RBP 1
790c4: JMP yajl_gen_map_close (jmp to external function)
  |
  `- 
790d0: LEA Reg RSI, Address (AddrPlus (FromReg RIP) (AddrImm 186931)) 7
790d7: MOV Reg EDX, Immediate 9 5
790dc: MOV Reg RDI, Reg RBX 3
790df: CALL yajl_gen_string (external)
790e4: TEST Reg EAX, Reg EAX 2
790e6: JNZ 790f8 (resolved immediate)
790e8: MOVSXD Reg RSI, Address (SizeDir 32 (AddrPlus (FromReg RBP) (AddrImm 0))) 4
790ec: MOV Reg RDI, Reg RBX 3
790ef: CALL yajl_gen_integer (external)
790f4: TEST Reg EAX, Reg EAX 2
790f6: JZ 7908c (resolved immediate)
  |
  `- 7908c
790f8: ADD Reg RSP, Immediate 8 4
790fc: POP Reg RBX 1
790fd: POP Reg RBP 1
790fe: RET  1
  |
  `- 
