Number of assembly instructions     = 280
Number of indirect branches         = 0
Number of unresolved indirect jumps = 0: 
Number of unresolved indirect calls = 0: 
Number of symbolic states (representative of non-determinism): 280
Number of edges: 289

35e70 (False): 0
3be40 (True): 3c1a9
3c110 (True): 35f3a, 35f7c

35e70: PUSH Reg R12 2
35e72: PUSH Reg RBP 1
35e73: MOV Reg R12D, Reg R8D 3
35e76: PUSH Reg RBX 1
35e77: MOV Reg RBP, Reg RDI 3
35e7a: MOVSXD Reg RBX, Reg ECX 3
35e7d: SUB Reg RSP, Immediate 16 4
35e81: AND Reg R12D, Immediate 127 4
35e85: JNZ 35eb8 (resolved immediate)
  |
  `- 35e87,35eb8
35e87: MOV Reg EAX, Reg R8D 3
35e8a: MOVZX Reg EAX, Reg AH 3
35e8d: TEST Reg EAX, Reg EAX 2
35e8f: JZ 35f50 (resolved immediate)
  |
  `- 35e95,35f50
35e95: SUB Reg RSP, Immediate 8 4
35e99: LEA Reg R9, Address (AddrPlus (FromReg RIP) (AddrImm 406000)) 7
35ea0: MOV Reg R8D, Immediate 118 6
35ea6: PUSH Reg RAX 1
35ea7: LEA Reg RAX, Address (AddrPlus (FromReg RIP) (AddrImm 404898)) 7
35eae: PUSH Reg RBX 1
35eaf: PUSH Reg RDX 1
35eb0: PUSH Reg RAX 1
35eb1: PUSH Immediate 18446744073709551615 2
35eb3: JMP 35f24 (resolved immediate)
  |
  `- 35f24
35eb8: LEA Reg EAX, Address (AddrPlus (FromReg R12) (AddrImm 1)) 5
35ebd: CMP Reg AL, Immediate 1 2
35ebf: JLE 35f90 (resolved immediate)
  |
  `- 35ec5,35f90
35ec5: MOV Reg EDI, Reg R12D 3
35ec8: MOV Address (SizeDir 32 (AddrPlus (FromReg RSP) (AddrImm 12))), Reg R8D 5
35ecd: MOV Address (SizeDir 64 (FromReg RSP)), Reg RDX 4
35ed1: MOV Address (SizeDir 32 (AddrPlus (FromReg RSP) (AddrImm 8))), Reg ESI 4
35ed5: CALL strsignal (external)
35eda: MOV Reg R8D, Address (SizeDir 32 (AddrPlus (FromReg RSP) (AddrImm 12))) 5
35edf: LEA Reg RCX, Address (AddrPlus (FromReg RIP) (AddrImm 421306)) 7
35ee6: LEA Reg RDI, Address (AddrPlus (FromReg RIP) (AddrImm 404446)) 7
35eed: MOV Reg ESI, Address (SizeDir 32 (AddrPlus (FromReg RSP) (AddrImm 8))) 4
35ef1: MOV Reg RDX, Address (SizeDir 64 (FromReg RSP)) 4
35ef5: AND Reg R8D, Immediate 128 7
35efc: CMOVNZ Reg RCX, Reg RDI 4
35f00: TEST Reg RAX, Reg RAX 3
35f03: JZ 35fb8 (resolved immediate)
  |
  `- 35f09,35fb8
35f09: PUSH Reg RCX 1
35f0a: PUSH Reg RAX 1
35f0b: LEA Reg RAX, Address (AddrPlus (FromReg RIP) (AddrImm 404886)) 7
35f12: PUSH Reg RBX 1
35f13: LEA Reg R9, Address (AddrPlus (FromReg RIP) (AddrImm 405878)) 7
35f1a: PUSH Reg RDX 1
35f1b: PUSH Reg RAX 1
35f1c: PUSH Immediate 18446744073709551615 2
35f1e: MOV Reg R8D, Immediate 129 6
35f24: LEA Reg RCX, Address (AddrPlus (FromReg RIP) (AddrImm 404269)) 7
35f2b: MOV Reg RDI, Reg RBP 3
35f2e: MOV Reg EDX, Immediate 4294967295 5
35f33: XOR Reg EAX, Reg EAX 2
35f35: CALL libxl__log (internal)
  |
  `- 
35f3a: ADD Reg RSP, Immediate 48 4
35f3e: ADD Reg RSP, Immediate 16 4
35f42: POP Reg RBX 1
35f43: POP Reg RBP 1
35f44: POP Reg R12 2
35f46: RET  1
  |
  `- 
35f50: LEA Reg RAX, Address (AddrPlus (FromReg RIP) (AddrImm 404769)) 7
35f57: PUSH Reg RBX 1
35f58: LEA Reg R9, Address (AddrPlus (FromReg RIP) (AddrImm 405809)) 7
35f5f: PUSH Reg RDX 1
35f60: LEA Reg RCX, Address (AddrPlus (FromReg RIP) (AddrImm 404209)) 7
35f67: MOV Reg R8D, Immediate 121 6
35f6d: PUSH Reg RAX 1
35f6e: PUSH Immediate 18446744073709551615 2
35f70: MOV Reg EDX, Immediate 4294967295 5
35f75: XOR Reg EAX, Reg EAX 2
35f77: CALL libxl__log (internal)
  |
  `- 3c110
35f7c: ADD Reg RSP, Immediate 32 4
35f80: ADD Reg RSP, Immediate 16 4
35f84: POP Reg RBX 1
35f85: POP Reg RBP 1
35f86: POP Reg R12 2
35f88: RET  1
  |
  `- 
35f90: LEA Reg RAX, Address (AddrPlus (FromReg RIP) (AddrImm 404849)) 7
35f97: SUB Reg RSP, Immediate 8 4
35f9b: LEA Reg R9, Address (AddrPlus (FromReg RIP) (AddrImm 405742)) 7
35fa2: PUSH Reg R8 2
35fa4: MOV Reg R8D, Immediate 136 6
35faa: PUSH Reg RBX 1
35fab: PUSH Reg RDX 1
35fac: PUSH Reg RAX 1
35fad: PUSH Immediate 18446744073709551615 2
35faf: JMP 35f24 (resolved immediate)
  |
  `- 35f24
35fb8: LEA Reg RAX, Address (AddrPlus (FromReg RIP) (AddrImm 404753)) 7
35fbf: PUSH Reg RCX 1
35fc0: LEA Reg R9, Address (AddrPlus (FromReg RIP) (AddrImm 405705)) 7
35fc7: PUSH Reg R12 2
35fc9: MOV Reg R8D, Immediate 133 6
35fcf: PUSH Reg RBX 1
35fd0: PUSH Reg RDX 1
35fd1: PUSH Reg RAX 1
35fd2: PUSH Immediate 18446744073709551615 2
35fd4: JMP 35f24 (resolved immediate)
  |
  `- 35f24
3be40: PUSH Reg R15 2
3be42: PUSH Reg R14 2
3be44: MOV Reg R15, Reg RDI 3
3be47: PUSH Reg R13 2
3be49: PUSH Reg R12 2
3be4b: MOV Reg R12, Reg RCX 3
3be4e: PUSH Reg RBP 1
3be4f: PUSH Reg RBX 1
3be50: MOV Reg EBP, Reg R8D 3
3be53: MOV Reg RBX, Reg R9 3
3be56: SUB Reg RSP, Immediate 584 7
3be5d: MOV Address (SizeDir 32 (AddrPlus (FromReg RSP) (AddrImm 4))), Reg ESI 4
3be61: MOV Address (SizeDir 32 (AddrPlus (FromReg RSP) (AddrImm 8))), Reg EDX 4
3be65: MOV Reg RAX, Address (SizeDir 64 (AddrPlus (FromReg FS) (AddrImm 40))) 9
3be6e: MOV Address (SizeDir 64 (AddrPlus (FromReg RSP) (AddrImm 568))), Reg RAX 8
3be76: XOR Reg EAX, Reg EAX 2
3be78: MOV Address (SizeDir 64 (AddrPlus (FromReg RSP) (AddrImm 40))), Immediate 0 9
3be81: CALL __errno_location (external)
3be86: MOV Reg RCX, Address (SizeDir 64 (AddrPlus (FromReg RSP) (AddrImm 656))) 8
3be8e: MOV Reg RDX, Address (SizeDir 64 (AddrPlus (FromReg RSP) (AddrImm 648))) 8
3be96: LEA Reg RDI, Address (AddrPlus (FromReg RSP) (AddrImm 40)) 5
3be9b: MOV Reg ESI, Immediate 1 5
3bea0: MOV Reg R13, Reg RAX 3
3bea3: MOV Reg R14D, Address (SizeDir 32 (FromReg RAX)) 3
3bea6: CALL __vasprintf_chk (external)
3beab: TEST Reg RBX, Reg RBX 3
3beae: SETNZ Address (SizeDir 8 (AddrPlus (FromReg RSP) (AddrImm 15))) 5
3beb3: TEST Reg EAX, Reg EAX 2
3beb5: JS 3c0a0 (resolved immediate)
  |
  `- 3bebb,3c0a0
3bebb: TEST Reg R12, Reg R12 3
3bebe: MOV Address (SizeDir 8 (AddrPlus (FromReg RSP) (AddrImm 48))), Immediate 0 5
3bec3: JZ 3bf50 (resolved immediate)
  |
  `- 3bec9,3bf50
3bec9: LEA Reg R10, Address (AddrPlus (FromReg RSP) (AddrImm 48)) 5
3bece: SUB Reg RSP, Immediate 8 4
3bed2: LEA Reg R8, Address (AddrPlus (FromReg RIP) (AddrImm 362554)) 7
3bed9: PUSH Reg RBP 1
3beda: MOV Reg EDX, Immediate 1 5
3bedf: XOR Reg EAX, Reg EAX 2
3bee1: MOV Reg RDI, Reg R10 3
3bee4: MOV Reg R9, Reg R12 3
3bee7: MOV Reg ECX, Immediate 256 5
3beec: MOV Reg ESI, Immediate 256 5
3bef1: MOV Address (SizeDir 64 (AddrPlus (FromReg RSP) (AddrImm 32))), Reg R10 5
3bef6: CALL __snprintf_chk (external)
3befb: MOV Address (SizeDir 8 (AddrPlus (FromReg RSP) (AddrImm 319))), Immediate 0 8
3bf03: MOV Address (SizeDir 8 (AddrPlus (FromReg RSP) (AddrImm 320))), Immediate 0 8
3bf0b: POP Reg RAX 1
3bf0c: POP Reg RDX 1
3bf0d: CMP Address (SizeDir 32 (AddrPlus (FromReg RSP) (AddrImm 640))), Immediate 4294967295 8
3bf15: MOV Reg R10, Address (SizeDir 64 (AddrPlus (FromReg RSP) (AddrImm 16))) 5
3bf1a: JNZ 3bfc0 (resolved immediate)
  |
  `- 3bf20,3bfc0
3bf20: TEST Reg RBX, Reg RBX 3
3bf23: MOV Reg RCX, Address (SizeDir 64 (AddrPlus (FromReg RSP) (AddrImm 40))) 5
3bf28: JZ 3c0c6 (resolved immediate)
  |
  `- 3bf2e,3c0c6
3bf2e: LEA Reg RDX, Address (AddrPlus (FromReg RIP) (AddrImm 386002)) 7
3bf35: LEA Reg RAX, Address (AddrPlus (FromReg RIP) (AddrImm 408678)) 7
3bf3c: LEA Reg RBP, Address (AddrPlus (FromReg RIP) (AddrImm 386109)) 7
3bf43: LEA Reg R11, Address (AddrPlus (FromReg RSP) (AddrImm 304)) 8
3bf4b: JMP 3c031 (resolved immediate)
  |
  `- 3c031
3bf50: CMP Address (SizeDir 32 (AddrPlus (FromReg RSP) (AddrImm 640))), Immediate 4294967295 8
3bf58: MOV Address (SizeDir 8 (AddrPlus (FromReg RSP) (AddrImm 303))), Immediate 0 8
3bf60: LEA Reg R10, Address (AddrPlus (FromReg RSP) (AddrImm 48)) 5
3bf65: MOV Address (SizeDir 8 (AddrPlus (FromReg RSP) (AddrImm 304))), Immediate 0 8
3bf6d: JNZ 3bfc0 (resolved immediate)
  |
  `- 3bf6f,3bfc0
3bf6f: TEST Reg R12, Reg R12 3
3bf72: MOV Reg RCX, Address (SizeDir 64 (AddrPlus (FromReg RSP) (AddrImm 40))) 5
3bf77: LEA Reg RBP, Address (AddrPlus (FromReg RIP) (AddrImm 386050)) 7
3bf7e: LEA Reg R10, Address (AddrPlus (FromReg RSP) (AddrImm 48)) 5
3bf83: LEA Reg R11, Address (AddrPlus (FromReg RSP) (AddrImm 304)) 8
3bf8b: JZ 3c019 (resolved immediate)
  |
  `- 3c019
3bf98: TEST Reg RBX, Reg RBX 3
3bf9b: JZ 3c0eb (resolved immediate)
  |
  `- 3bfa1,3c0eb
3bfa1: LEA Reg RAX, Address (AddrPlus (FromReg RIP) (AddrImm 396536)) 7
3bfa8: LEA Reg RSI, Address (AddrPlus (FromReg RIP) (AddrImm 408563)) 7
3bfaf: TEST Reg R12, Reg R12 3
3bfb2: LEA Reg RDX, Address (AddrPlus (FromReg RIP) (AddrImm 385870)) 7
3bfb9: CMOVNZ Reg RAX, Reg RSI 4
3bfbd: JMP 3c031 (resolved immediate)
  |
  `- 3c031
3bfc0: LEA Reg R11, Address (AddrPlus (FromReg RSP) (AddrImm 304)) 8
3bfc8: MOV Reg R9D, Address (SizeDir 32 (AddrPlus (FromReg RSP) (AddrImm 640))) 8
3bfd0: LEA Reg R8, Address (AddrPlus (FromReg RIP) (AddrImm 385843)) 7
3bfd7: MOV Reg ECX, Immediate 256 5
3bfdc: MOV Reg EDX, Immediate 1 5
3bfe1: MOV Reg ESI, Immediate 256 5
3bfe6: MOV Reg RDI, Reg R11 3
3bfe9: XOR Reg EAX, Reg EAX 2
3bfeb: MOV Address (SizeDir 64 (AddrPlus (FromReg RSP) (AddrImm 24))), Reg R10 5
3bff0: MOV Address (SizeDir 64 (AddrPlus (FromReg RSP) (AddrImm 16))), Reg R11 5
3bff5: LEA Reg RBP, Address (AddrPlus (FromReg RIP) (AddrImm 385924)) 7
3bffc: CALL __snprintf_chk (external)
3c001: MOV Reg RCX, Address (SizeDir 64 (AddrPlus (FromReg RSP) (AddrImm 40))) 5
3c006: MOV Reg R11, Address (SizeDir 64 (AddrPlus (FromReg RSP) (AddrImm 16))) 5
3c00b: MOV Reg R10, Address (SizeDir 64 (AddrPlus (FromReg RSP) (AddrImm 24))) 5
3c010: TEST Reg R12, Reg R12 3
3c013: JNZ 3bf98 (resolved immediate)
  |
  `- 3bf98,3c019
3c019: CMP Address (SizeDir 8 (AddrPlus (FromReg RSP) (AddrImm 15))), Immediate 0 5
3c01e: JNZ 3bf98 (resolved immediate)
  |
  `- 3bf98,3c024
3c024: LEA Reg RBX, Address (AddrPlus (FromReg RIP) (AddrImm 396405)) 7
3c02b: MOV Reg RDX, Reg RBX 3
3c02e: MOV Reg RAX, Reg RBX 3
3c031: SUB Reg RSP, Immediate 8 4
3c035: MOV Reg RDI, Address (SizeDir 64 (FromReg R15)) 3
3c038: LEA Reg R8, Address (AddrPlus (FromReg RIP) (AddrImm 385750)) 7
3c03f: PUSH Reg RCX 1
3c040: PUSH Reg R11 2
3c042: LEA Reg RCX, Address (AddrPlus (FromReg RIP) (AddrImm 358278)) 7
3c049: PUSH Reg RDX 1
3c04a: PUSH Reg RBX 1
3c04b: MOV Reg R9, Reg R10 3
3c04e: PUSH Reg RAX 1
3c04f: MOV Reg EDX, Address (SizeDir 32 (AddrPlus (FromReg RSP) (AddrImm 56))) 4
3c053: XOR Reg EAX, Reg EAX 2
3c055: MOV Reg ESI, Address (SizeDir 32 (AddrPlus (FromReg RSP) (AddrImm 52))) 4
3c059: CALL xtl_log (external)
3c05e: MOV Reg RDI, Address (SizeDir 64 (AddrPlus (FromReg RSP) (AddrImm 88))) 5
3c063: ADD Reg RSP, Immediate 48 4
3c067: CMP Reg RDI, Reg RBP 3
3c06a: JZ 3c071 (resolved immediate)
  |
  `- 3c06c,3c071
3c06c: CALL free (external)
3c071: MOV Reg RAX, Address (SizeDir 64 (AddrPlus (FromReg RSP) (AddrImm 568))) 8
3c079: XOR Reg RAX, Address (SizeDir 64 (AddrPlus (FromReg FS) (AddrImm 40))) 9
3c082: MOV Address (SizeDir 32 (AddrPlus (FromReg R13) (AddrImm 0))), Reg R14D 4
3c086: JNZ 3c0c1 (resolved immediate)
  |
  `- 3c088,3c0c1
3c088: ADD Reg RSP, Immediate 584 7
3c08f: POP Reg RBX 1
3c090: POP Reg RBP 1
3c091: POP Reg R12 2
3c093: POP Reg R13 2
3c095: POP Reg R14 2
3c097: POP Reg R15 2
3c099: RET  1
  |
  `- 
3c0a0: LEA Reg RBP, Address (AddrPlus (FromReg RIP) (AddrImm 385753)) 7
3c0a7: LEA Reg R10, Address (AddrPlus (FromReg RSP) (AddrImm 48)) 5
3c0ac: LEA Reg R11, Address (AddrPlus (FromReg RSP) (AddrImm 304)) 8
3c0b4: MOV Address (SizeDir 64 (AddrPlus (FromReg RSP) (AddrImm 40))), Reg RBP 5
3c0b9: MOV Reg RCX, Reg RBP 3
3c0bc: JMP 3c010 (resolved immediate)
  |
  `- 3c010
3c0c1: CALL __stack_chk_fail (external)
  |
  `- 
3c0c6: LEA Reg RBX, Address (AddrPlus (FromReg RIP) (AddrImm 396243)) 7
3c0cd: LEA Reg RDX, Address (AddrPlus (FromReg RIP) (AddrImm 385587)) 7
3c0d4: LEA Reg RBP, Address (AddrPlus (FromReg RIP) (AddrImm 385701)) 7
3c0db: LEA Reg R11, Address (AddrPlus (FromReg RSP) (AddrImm 304)) 8
3c0e3: MOV Reg RAX, Reg RBX 3
3c0e6: JMP 3c031 (resolved immediate)
  |
  `- 3c031
3c0eb: LEA Reg RBX, Address (AddrPlus (FromReg RIP) (AddrImm 396206)) 7
3c0f2: LEA Reg RDX, Address (AddrPlus (FromReg RIP) (AddrImm 385550)) 7
3c0f9: MOV Reg RAX, Reg RBX 3
3c0fc: JMP 3c031 (resolved immediate)
  |
  `- 3c031
3c110: SUB Reg RSP, Immediate 216 7
3c117: TEST Reg AL, Reg AL 2
3c119: MOV Reg R10, Address (SizeDir 64 (AddrPlus (FromReg RSP) (AddrImm 232))) 8
3c121: JZ 3c15a (resolved immediate)
  |
  `- 3c123,3c15a
3c123: MOVAPS Address (SizeDir 128 (AddrPlus (FromReg RSP) (AddrImm 80))), Reg XMM0 5
3c128: MOVAPS Address (SizeDir 128 (AddrPlus (FromReg RSP) (AddrImm 96))), Reg XMM1 5
3c12d: MOVAPS Address (SizeDir 128 (AddrPlus (FromReg RSP) (AddrImm 112))), Reg XMM2 5
3c132: MOVAPS Address (SizeDir 128 (AddrPlus (FromReg RSP) (AddrImm 128))), Reg XMM3 8
3c13a: MOVAPS Address (SizeDir 128 (AddrPlus (FromReg RSP) (AddrImm 144))), Reg XMM4 8
3c142: MOVAPS Address (SizeDir 128 (AddrPlus (FromReg RSP) (AddrImm 160))), Reg XMM5 8
3c14a: MOVAPS Address (SizeDir 128 (AddrPlus (FromReg RSP) (AddrImm 176))), Reg XMM6 8
3c152: MOVAPS Address (SizeDir 128 (AddrPlus (FromReg RSP) (AddrImm 192))), Reg XMM7 8
3c15a: MOV Reg RAX, Address (SizeDir 64 (AddrPlus (FromReg FS) (AddrImm 40))) 9
3c163: MOV Address (SizeDir 64 (AddrPlus (FromReg RSP) (AddrImm 24))), Reg RAX 5
3c168: XOR Reg EAX, Reg EAX 2
3c16a: LEA Reg RAX, Address (AddrPlus (FromReg RSP) (AddrImm 240)) 8
3c172: MOV Address (SizeDir 64 (AddrPlus (FromReg RSP) (AddrImm 8))), Reg RAX 5
3c177: LEA Reg RAX, Address (AddrPlus (FromReg RSP) (AddrImm 32)) 5
3c17c: MOV Address (SizeDir 32 (FromReg RSP)), Immediate 48 7
3c183: MOV Address (SizeDir 32 (AddrPlus (FromReg RSP) (AddrImm 4))), Immediate 48 8
3c18b: SUB Reg RSP, Immediate 8 4
3c18f: MOV Address (SizeDir 64 (AddrPlus (FromReg RSP) (AddrImm 24))), Reg RAX 5
3c194: LEA Reg RAX, Address (AddrPlus (FromReg RSP) (AddrImm 8)) 5
3c199: PUSH Reg RAX 1
3c19a: PUSH Reg R10 2
3c19c: MOV Reg EAX, Address (SizeDir 32 (AddrPlus (FromReg RSP) (AddrImm 248))) 7
3c1a3: PUSH Reg RAX 1
3c1a4: CALL libxl__logv (internal)
  |
  `- 3be40
3c1a9: ADD Reg RSP, Immediate 32 4
3c1ad: MOV Reg RAX, Address (SizeDir 64 (AddrPlus (FromReg RSP) (AddrImm 24))) 5
3c1b2: XOR Reg RAX, Address (SizeDir 64 (AddrPlus (FromReg FS) (AddrImm 40))) 9
3c1bb: JNZ 3c1c5 (resolved immediate)
  |
  `- 3c1bd,3c1c5
3c1bd: ADD Reg RSP, Immediate 216 7
3c1c4: RET  1
  |
  `- 
3c1c5: CALL __stack_chk_fail (external)
  |
  `- 
