Number of assembly instructions     = 132
Number of indirect branches         = 0
Number of unresolved indirect jumps = 0: 
Number of unresolved indirect calls = 0: 
Number of symbolic states (representative of non-determinism): 132
Number of edges: 141

7b930 (False): 0

7b930: PUSH Reg RBP 1
7b931: PUSH Reg RBX 1
7b932: MOV Reg RBP, Reg RSI 3
7b935: MOV Reg RBX, Reg RDI 3
7b938: SUB Reg RSP, Immediate 8 4
7b93c: CALL yajl_gen_map_open (external)
7b941: TEST Reg EAX, Reg EAX 2
7b943: JNE 7b9da (resolved immediate)
  |
  `- 7b949,7b9da
7b949: MOV Reg EDI, Address (SizeDir 32 (FromReg RBP)) 3
7b94c: TEST Reg EDI, Reg EDI 2
7b94e: JNE 7b9e8 (resolved immediate)
  |
  `- 7b954,7b9e8
7b954: MOV Reg EAX, Address (SizeDir 32 (AddrPlus (FromReg RBP) (AddrImm 4))) 3
7b957: CMP Reg EAX, Immediate 1 3
7b95a: JE 7ba90 (resolved immediate)
  |
  `- 7b960,7ba90
7b960: CMP Reg EAX, Immediate 2 3
7b963: JNE 7ba80 (resolved immediate)
  |
  `- 7b969,7ba80
7b969: LEA Reg RSI, Address (SizeDir 64 (AddrPlus (FromReg RIP) (AddrImm 177091))) 7
7b970: MOV Reg EDX, Immediate 8 5
7b975: MOV Reg RDI, Reg RBX 3
7b978: CALL yajl_gen_string (external)
7b97d: TEST Reg EAX, Reg EAX 2
7b97f: JNE 7b9da (resolved immediate)
7b981: MOV Reg EAX, Address (SizeDir 32 (AddrPlus (FromReg RBP) (AddrImm 4))) 3
7b984: CMP Reg EAX, Immediate 1 3
7b987: JE 7ba18 (resolved immediate)
  |
  `- 7b98d,7ba18
7b98d: CMP Reg EAX, Immediate 2 3
7b990: JNE 7ba80 (resolved immediate)
  |
  `- 7b996,7ba80
7b996: MOV Reg RDI, Reg RBX 3
7b999: CALL yajl_gen_map_open (external)
7b99e: TEST Reg EAX, Reg EAX 2
7b9a0: JNE 7b9da (resolved immediate)
7b9a2: MOV Reg EDX, Address (SizeDir 32 (AddrPlus (FromReg RBP) (AddrImm 8))) 3
7b9a5: TEST Reg EDX, Reg EDX 2
7b9a7: JNE 7baf0 (resolved immediate)
  |
  `- 7b9ad,7baf0
7b9ad: MOV Reg EAX, Address (SizeDir 32 (AddrPlus (FromReg RBP) (AddrImm 12))) 3
7b9b0: TEST Reg EAX, Reg EAX 2
7b9b2: JNE 7bb60 (resolved immediate)
7b9b8: CMP Address (SizeDir 8 (AddrPlus (FromReg RBP) (AddrImm 16))), Immediate 0 4
7b9bc: JE 7ba70 (resolved immediate)
  |
  `- 7b9c2,7ba70
7b9c2: LEA Reg RSI, Address (SizeDir 64 (AddrPlus (FromReg RIP) (AddrImm 177021))) 7
7b9c9: MOV Reg EDX, Immediate 6 5
7b9ce: MOV Reg RDI, Reg RBX 3
7b9d1: CALL yajl_gen_string (external)
7b9d6: TEST Reg EAX, Reg EAX 2
7b9d8: JE 7ba58 (resolved immediate)
  |
  `- 7ba58
7b9da: ADD Reg RSP, Immediate 8 4
7b9de: POP Reg RBX 1
7b9df: POP Reg RBP 1
7b9e0: RET  1
  |
  `- 
7b9e8: LEA Reg RSI, Address (SizeDir 64 (AddrPlus (FromReg RIP) (AddrImm 103512))) 7
7b9ef: MOV Reg EDX, Immediate 2 5
7b9f4: MOV Reg RDI, Reg RBX 3
7b9f7: CALL yajl_gen_string (external)
7b9fc: TEST Reg EAX, Reg EAX 2
7b9fe: JNE 7b9da (resolved immediate)
7ba00: MOV Reg ESI, Address (SizeDir 32 (FromReg RBP)) 3
7ba03: MOV Reg RDI, Reg RBX 3
7ba06: CALL yajl_gen_integer (external)
7ba0b: TEST Reg EAX, Reg EAX 2
7ba0d: JE 7b954 (resolved immediate)
  |
  `- 7b954
7ba18: MOV Reg RDI, Reg RBX 3
7ba1b: CALL yajl_gen_map_open (external)
7ba20: TEST Reg EAX, Reg EAX 2
7ba22: JNE 7b9da (resolved immediate)
7ba24: MOV Reg ESI, Address (SizeDir 32 (AddrPlus (FromReg RBP) (AddrImm 8))) 3
7ba27: TEST Reg ESI, Reg ESI 2
7ba29: JNE 7bab8 (resolved immediate)
  |
  `- 7ba2f,7bab8
7ba2f: MOV Reg ECX, Address (SizeDir 32 (AddrPlus (FromReg RBP) (AddrImm 12))) 3
7ba32: TEST Reg ECX, Reg ECX 2
7ba34: JNE 7bb28 (resolved immediate)
  |
  `- 7ba3a,7bb28
7ba3a: CMP Address (SizeDir 8 (AddrPlus (FromReg RBP) (AddrImm 16))), Immediate 0 4
7ba3e: JE 7ba70 (resolved immediate)
  |
  `- 7ba40,7ba70
7ba40: LEA Reg RSI, Address (SizeDir 64 (AddrPlus (FromReg RIP) (AddrImm 176470))) 7
7ba47: MOV Reg EDX, Immediate 11 5
7ba4c: MOV Reg RDI, Reg RBX 3
7ba4f: CALL yajl_gen_string (external)
7ba54: TEST Reg EAX, Reg EAX 2
7ba56: JNE 7b9da (resolved immediate)
7ba58: MOVZX Reg ESI, Address (SizeDir 8 (AddrPlus (FromReg RBP) (AddrImm 16))) 4
7ba5c: MOV Reg RDI, Reg RBX 3
7ba5f: CALL yajl_gen_bool (external)
7ba64: TEST Reg EAX, Reg EAX 2
7ba66: JNE 7b9da (resolved immediate)
7ba6c: NOP  4
7ba70: MOV Reg RDI, Reg RBX 3
7ba73: CALL yajl_gen_map_close (external)
7ba78: TEST Reg EAX, Reg EAX 2
7ba7a: JNE 7b9da (resolved immediate)
7ba80: ADD Reg RSP, Immediate 8 4
7ba84: MOV Reg RDI, Reg RBX 3
7ba87: POP Reg RBX 1
7ba88: POP Reg RBP 1
7ba89: JMP yajl_gen_map_close (jmp to external function)
  |
  `- 
7ba90: LEA Reg RSI, Address (SizeDir 64 (AddrPlus (FromReg RIP) (AddrImm 176787))) 7
7ba97: MOV Reg EDX, Immediate 8 5
7ba9c: MOV Reg RDI, Reg RBX 3
7ba9f: CALL yajl_gen_string (external)
7baa4: TEST Reg EAX, Reg EAX 2
7baa6: JE 7b981 (resolved immediate)
  |
  `- 7b981
7bab8: LEA Reg RSI, Address (SizeDir 64 (AddrPlus (FromReg RIP) (AddrImm 176334))) 7
7babf: MOV Reg EDX, Immediate 7 5
7bac4: MOV Reg RDI, Reg RBX 3
7bac7: CALL yajl_gen_string (external)
7bacc: TEST Reg EAX, Reg EAX 2
7bace: JNE 7b9da (resolved immediate)
7bad4: MOV Reg ESI, Address (SizeDir 32 (AddrPlus (FromReg RBP) (AddrImm 8))) 3
7bad7: MOV Reg RDI, Reg RBX 3
7bada: CALL yajl_gen_integer (external)
7badf: TEST Reg EAX, Reg EAX 2
7bae1: JE 7ba2f (resolved immediate)
  |
  `- 7ba2f
7baf0: LEA Reg RSI, Address (SizeDir 64 (AddrPlus (FromReg RIP) (AddrImm 176278))) 7
7baf7: MOV Reg EDX, Immediate 7 5
7bafc: MOV Reg RDI, Reg RBX 3
7baff: CALL yajl_gen_string (external)
7bb04: TEST Reg EAX, Reg EAX 2
7bb06: JNE 7b9da (resolved immediate)
7bb0c: MOV Reg ESI, Address (SizeDir 32 (AddrPlus (FromReg RBP) (AddrImm 8))) 3
7bb0f: MOV Reg RDI, Reg RBX 3
7bb12: CALL yajl_gen_integer (external)
7bb17: TEST Reg EAX, Reg EAX 2
7bb19: JE 7b9ad (resolved immediate)
  |
  `- 7b9ad
7bb28: LEA Reg RSI, Address (SizeDir 64 (AddrPlus (FromReg RIP) (AddrImm 176230))) 7
7bb2f: MOV Reg EDX, Immediate 7 5
7bb34: MOV Reg RDI, Reg RBX 3
7bb37: CALL yajl_gen_string (external)
7bb3c: TEST Reg EAX, Reg EAX 2
7bb3e: JNE 7b9da (resolved immediate)
7bb44: MOV Reg ESI, Address (SizeDir 32 (AddrPlus (FromReg RBP) (AddrImm 12))) 3
7bb47: MOV Reg RDI, Reg RBX 3
7bb4a: CALL yajl_gen_integer (external)
7bb4f: TEST Reg EAX, Reg EAX 2
7bb51: JE 7ba3a (resolved immediate)
  |
  `- 7ba3a
