Number of assembly instructions     = 17
Number of indirect branches         = 0
Number of unresolved indirect jumps = 0: 
Number of unresolved indirect calls = 0: 
Number of symbolic states (representative of non-determinism): 17
Number of edges: 20

48300 (False): 0

48300: XOR Reg EAX, Reg EAX 2
48302: CMP Address (SizeDir 64 (FromReg RDI)), Immediate 0 4
48306: SETNZ Reg AL 3
48309: SHL Reg EAX, Immediate 3 3
4830c: CMP Address (SizeDir 64 (AddrPlus (FromReg RDI) (AddrImm 8))), Immediate 0 5
48311: JZ 48316 (resolved immediate)
  |
  `- 48313,48316
48313: OR Reg EAX, Immediate 16 3
48316: CMP Address (SizeDir 64 (AddrPlus (FromReg RDI) (AddrImm 16))), Immediate 0 5
4831b: JZ 48320 (resolved immediate)
  |
  `- 4831d,48320
4831d: OR Reg EAX, Immediate 32 3
48320: CMP Address (SizeDir 64 (AddrPlus (FromReg RDI) (AddrImm 24))), Immediate 0 5
48325: JZ 4832a (resolved immediate)
  |
  `- 48327,4832a
48327: OR Reg EAX, Immediate 64 3
4832a: CMP Address (SizeDir 64 (AddrPlus (FromReg RDI) (AddrImm 32))), Immediate 0 5
4832f: JZ 48334 (resolved immediate)
  |
  `- 48331,48334
48331: OR Reg AH, Immediate 1 3
48334: REPZ RET  2
  |
  `- 
