Number of assembly instructions     = 60
Number of indirect branches         = 0
Number of unresolved indirect jumps = 0: 
Number of unresolved indirect calls = 0: 
Number of symbolic states (representative of non-determinism): 60
Number of edges: 60

3bdb0 (True): 6d13d
6d0f0 (False): 0

3bdb0: PUSH Reg R12 2
3bdb2: PUSH Reg RBP 1
3bdb3: PUSH Reg RBX 1
3bdb4: MOV Reg EAX, Address (SizeDir 32 (FromReg RDI)) 2
3bdb6: TEST Reg EAX, Reg EAX 2
3bdb8: JS 3be14 (resolved immediate)
  |
  `- 3bdba,3be14
3bdba: MOV Reg R12, Reg RDI 3
3bdbd: MOV Reg EBP, Immediate 0 5
3bdc2: MOV Reg EBX, Immediate 0 5
3bdc7: JZ 3bdf4 (resolved immediate)
  |
  `- 3bdc9,3bdf4
3bdc9: NOP  7
3bdd0: MOV Reg RAX, Address (SizeDir 64 (AddrPlus (FromReg R12) (AddrImm 8))) 5
3bdd5: ADD Reg EBX, Immediate 1 3
3bdd8: ADD Reg RAX, Reg RBP 3
3bddb: ADD Reg RBP, Immediate 8 4
3bddf: MOV Reg RDI, Address (SizeDir 64 (FromReg RAX)) 3
3bde2: MOV Address (SizeDir 64 (FromReg RAX)), Immediate 0 7
3bde9: CALL free (external)
3bdee: CMP Address (SizeDir 32 (FromReg R12)), Reg EBX 4
3bdf2: JG 3bdd0 (resolved immediate)
  |
  `- 3bdd0,3bdf4
3bdf4: MOV Reg RDI, Address (SizeDir 64 (AddrPlus (FromReg R12) (AddrImm 8))) 5
3bdf9: CALL free (external)
3bdfe: MOV Address (SizeDir 64 (AddrPlus (FromReg R12) (AddrImm 8))), Immediate 0 9
3be07: MOV Address (SizeDir 32 (FromReg R12)), Immediate 0 8
3be0f: POP Reg RBX 1
3be10: POP Reg RBP 1
3be11: POP Reg R12 2
3be13: RET  1
  |
  `- 
3be14: LEA Reg RCX, Address (AddrPlus (FromReg RIP) (AddrImm 387253)) 7
3be1b: LEA Reg RSI, Address (AddrPlus (FromReg RIP) (AddrImm 386238)) 7
3be22: LEA Reg RDI, Address (AddrPlus (FromReg RIP) (AddrImm 386248)) 7
3be29: MOV Reg EDX, Immediate 80 5
3be2e: CALL __assert_fail (external)
  |
  `- 
6d0f0: PUSH Reg RBP 1
6d0f1: PUSH Reg RBX 1
6d0f2: MOV Reg RCX, Reg RDX 3
6d0f5: MOV Reg EDX, Reg ESI 2
6d0f7: SUB Reg RSP, Immediate 40 4
6d0fb: MOV Reg RSI, Address (SizeDir 64 (AddrPlus (FromReg RIP) (AddrImm 2464462))) 7
6d102: MOV Reg RBX, Reg RSP 3
6d105: MOV Address (SizeDir 64 (AddrPlus (FromReg RSP) (AddrImm 16))), Reg RDI 5
6d10a: MOV Address (SizeDir 32 (FromReg RSP)), Immediate 0 7
6d111: MOV Reg RDI, Reg RBX 3
6d114: MOV Address (SizeDir 64 (AddrPlus (FromReg RSP) (AddrImm 8))), Immediate 0 9
6d11d: MOV Reg RAX, Address (SizeDir 64 (AddrPlus (FromReg FS) (AddrImm 40))) 9
6d126: MOV Address (SizeDir 64 (AddrPlus (FromReg RSP) (AddrImm 24))), Reg RAX 5
6d12b: XOR Reg EAX, Reg EAX 2
6d12d: CALL libxl__device_list (external)
6d132: MOV Reg RDI, Reg RBX 3
6d135: MOV Reg RBP, Reg RAX 3
6d138: CALL libxl__free_all (internal)
  |
  `- 3bdb0
6d13d: MOV Reg RCX, Address (SizeDir 64 (AddrPlus (FromReg RSP) (AddrImm 24))) 5
6d142: XOR Reg RCX, Address (SizeDir 64 (AddrPlus (FromReg FS) (AddrImm 40))) 9
6d14b: JNZ 6d157 (resolved immediate)
  |
  `- 6d14d,6d157
6d14d: ADD Reg RSP, Immediate 40 4
6d151: MOV Reg RAX, Reg RBP 3
6d154: POP Reg RBX 1
6d155: POP Reg RBP 1
6d156: RET  1
  |
  `- 
6d157: CALL __stack_chk_fail (external)
  |
  `- 
