Number of assembly instructions     = 79
Number of indirect branches         = 0
Number of unresolved indirect jumps = 0: 
Number of unresolved indirect calls = 0: 
Number of symbolic states (representative of non-determinism): 79
Number of edges: 79

40c90 (True): 7b4ec
7b490 (False): 0

40c90: TEST Reg RSI, Reg RSI 3
40c93: JE 40cc0 (resolved immediate)
  |
  `- 40c95,40cc0
40c95: PUSH Reg RBP 1
40c96: PUSH Reg RBX 1
40c97: MOV Reg RBP, Reg RDI 3
40c9a: MOV Reg RDI, Reg RSI 3
40c9d: MOV Reg RBX, Reg RSI 3
40ca0: SUB Reg RSP, Immediate 8 4
40ca4: CALL strlen (external)
40ca9: ADD Reg RSP, Immediate 8 4
40cad: MOV Reg RSI, Reg RBX 3
40cb0: MOV Reg RDI, Reg RBP 3
40cb3: POP Reg RBX 1
40cb4: POP Reg RBP 1
40cb5: MOV Reg RDX, Reg RAX 3
40cb8: JMP yajl_gen_string (jmp to external function)
  |
  `- 
40cc0: JMP yajl_gen_null (jmp to external function)
  |
  `- 
7b490: PUSH Reg RBP 1
7b491: PUSH Reg RBX 1
7b492: MOV Reg RBP, Reg RSI 3
7b495: MOV Reg RBX, Reg RDI 3
7b498: SUB Reg RSP, Immediate 8 4
7b49c: CALL yajl_gen_map_open (external)
7b4a1: TEST Reg EAX, Reg EAX 2
7b4a3: JNE 7b4cf (resolved immediate)
  |
  `- 7b4a5,7b4cf
7b4a5: MOV Reg EAX, Address (SizeDir 32 (FromReg RBP)) 3
7b4a8: TEST Reg EAX, Reg EAX 2
7b4aa: JNE 7b570 (resolved immediate)
7b4b0: CMP Address (SizeDir 64 (AddrPlus (FromReg RBP) (AddrImm 8))), Immediate 0 5
7b4b5: JE 7b4f0 (resolved immediate)
  |
  `- 7b4b7,7b4f0
7b4b7: LEA Reg RSI, Address (SizeDir 64 (AddrPlus (FromReg RIP) (AddrImm 177672))) 7
7b4be: MOV Reg EDX, Immediate 15 5
7b4c3: MOV Reg RDI, Reg RBX 3
7b4c6: CALL yajl_gen_string (external)
7b4cb: TEST Reg EAX, Reg EAX 2
7b4cd: JE 7b4e0 (resolved immediate)
  |
  `- 7b4e0
7b4cf: ADD Reg RSP, Immediate 8 4
7b4d3: POP Reg RBX 1
7b4d4: POP Reg RBP 1
7b4d5: RET  1
  |
  `- 
7b4e0: MOV Reg RSI, Address (SizeDir 64 (AddrPlus (FromReg RBP) (AddrImm 8))) 4
7b4e4: MOV Reg RDI, Reg RBX 3
7b4e7: CALL libxl__string_gen_json (internal)
  |
  `- 40c90
7b4ec: TEST Reg EAX, Reg EAX 2
7b4ee: JNE 7b4cf (resolved immediate)
7b4f0: CMP Address (SizeDir 32 (AddrPlus (FromReg RBP) (AddrImm 16))), Immediate 18446744073709551615 4
7b4f4: JE 7b51e (resolved immediate)
  |
  `- 7b4f6,7b51e
7b4f6: LEA Reg RSI, Address (SizeDir 64 (AddrPlus (FromReg RIP) (AddrImm 177625))) 7
7b4fd: MOV Reg EDX, Immediate 5 5
7b502: MOV Reg RDI, Reg RBX 3
7b505: CALL yajl_gen_string (external)
7b50a: TEST Reg EAX, Reg EAX 2
7b50c: JNE 7b4cf (resolved immediate)
7b50e: MOVSXD Reg RSI, Address (SizeDir 32 (AddrPlus (FromReg RBP) (AddrImm 16))) 4
7b512: MOV Reg RDI, Reg RBX 3
7b515: CALL yajl_gen_integer (external)
7b51a: TEST Reg EAX, Reg EAX 2
7b51c: JNE 7b4cf (resolved immediate)
7b51e: ADD Reg RBP, Immediate 20 4
7b522: MOV Reg RDI, Reg RBP 3
7b525: CALL libxl_uuid_is_nil (external)
7b52a: TEST Reg EAX, Reg EAX 2
7b52c: JNE 7b559 (resolved immediate)
7b52e: LEA Reg RSI, Address (SizeDir 64 (AddrPlus (FromReg RIP) (AddrImm 159368))) 7
7b535: MOV Reg EDX, Immediate 4 5
7b53a: MOV Reg RDI, Reg RBX 3
7b53d: CALL yajl_gen_string (external)
7b542: TEST Reg EAX, Reg EAX 2
7b544: JNE 7b4cf (resolved immediate)
7b546: MOV Reg RSI, Reg RBP 3
7b549: MOV Reg RDI, Reg RBX 3
7b54c: CALL libxl_uuid_gen_json (external)
7b551: TEST Reg EAX, Reg EAX 2
7b553: JNE 7b4cf (resolved immediate)
7b559: ADD Reg RSP, Immediate 8 4
7b55d: MOV Reg RDI, Reg RBX 3
7b560: POP Reg RBX 1
7b561: POP Reg RBP 1
7b562: JMP yajl_gen_map_close (jmp to external function)
  |
  `- 
