Number of assembly instructions     = 345
Number of indirect branches         = 0
Number of unresolved indirect jumps = 0: 
Number of unresolved indirect calls = 0: 
Number of symbolic states (representative of non-determinism): 345
Number of edges: 356

3bdb0 (True): 65918
3be40 (True): 3c1a9
3c110 (True): 6598b, 659d1, 65a19
65820 (False): 0

3bdb0: PUSH Reg R12 2
3bdb2: PUSH Reg RBP 1
3bdb3: PUSH Reg RBX 1
3bdb4: MOV Reg EAX, Address (SizeDir 32 (FromReg RDI)) 2
3bdb6: TEST Reg EAX, Reg EAX 2
3bdb8: JS 3be14 (resolved immediate)
  |
  `- 3bdba,3be14
3bdba: MOV Reg R12, Reg RDI 3
3bdbd: MOV Reg EBP, Immediate 0 5
3bdc2: MOV Reg EBX, Immediate 0 5
3bdc7: JZ 3bdf4 (resolved immediate)
  |
  `- 3bdc9,3bdf4
3bdc9: NOP  7
3bdd0: MOV Reg RAX, Address (SizeDir 64 (AddrPlus (FromReg R12) (AddrImm 8))) 5
3bdd5: ADD Reg EBX, Immediate 1 3
3bdd8: ADD Reg RAX, Reg RBP 3
3bddb: ADD Reg RBP, Immediate 8 4
3bddf: MOV Reg RDI, Address (SizeDir 64 (FromReg RAX)) 3
3bde2: MOV Address (SizeDir 64 (FromReg RAX)), Immediate 0 7
3bde9: CALL free (external)
3bdee: CMP Address (SizeDir 32 (FromReg R12)), Reg EBX 4
3bdf2: JG 3bdd0 (resolved immediate)
  |
  `- 3bdd0,3bdf4
3bdf4: MOV Reg RDI, Address (SizeDir 64 (AddrPlus (FromReg R12) (AddrImm 8))) 5
3bdf9: CALL free (external)
3bdfe: MOV Address (SizeDir 64 (AddrPlus (FromReg R12) (AddrImm 8))), Immediate 0 9
3be07: MOV Address (SizeDir 32 (FromReg R12)), Immediate 0 8
3be0f: POP Reg RBX 1
3be10: POP Reg RBP 1
3be11: POP Reg R12 2
3be13: RET  1
  |
  `- 
3be14: LEA Reg RCX, Address (AddrPlus (FromReg RIP) (AddrImm 387253)) 7
3be1b: LEA Reg RSI, Address (AddrPlus (FromReg RIP) (AddrImm 386238)) 7
3be22: LEA Reg RDI, Address (AddrPlus (FromReg RIP) (AddrImm 386248)) 7
3be29: MOV Reg EDX, Immediate 80 5
3be2e: CALL __assert_fail (external)
  |
  `- 
3be40: PUSH Reg R15 2
3be42: PUSH Reg R14 2
3be44: MOV Reg R15, Reg RDI 3
3be47: PUSH Reg R13 2
3be49: PUSH Reg R12 2
3be4b: MOV Reg R12, Reg RCX 3
3be4e: PUSH Reg RBP 1
3be4f: PUSH Reg RBX 1
3be50: MOV Reg EBP, Reg R8D 3
3be53: MOV Reg RBX, Reg R9 3
3be56: SUB Reg RSP, Immediate 584 7
3be5d: MOV Address (SizeDir 32 (AddrPlus (FromReg RSP) (AddrImm 4))), Reg ESI 4
3be61: MOV Address (SizeDir 32 (AddrPlus (FromReg RSP) (AddrImm 8))), Reg EDX 4
3be65: MOV Reg RAX, Address (SizeDir 64 (AddrPlus (FromReg FS) (AddrImm 40))) 9
3be6e: MOV Address (SizeDir 64 (AddrPlus (FromReg RSP) (AddrImm 568))), Reg RAX 8
3be76: XOR Reg EAX, Reg EAX 2
3be78: MOV Address (SizeDir 64 (AddrPlus (FromReg RSP) (AddrImm 40))), Immediate 0 9
3be81: CALL __errno_location (external)
3be86: MOV Reg RCX, Address (SizeDir 64 (AddrPlus (FromReg RSP) (AddrImm 656))) 8
3be8e: MOV Reg RDX, Address (SizeDir 64 (AddrPlus (FromReg RSP) (AddrImm 648))) 8
3be96: LEA Reg RDI, Address (AddrPlus (FromReg RSP) (AddrImm 40)) 5
3be9b: MOV Reg ESI, Immediate 1 5
3bea0: MOV Reg R13, Reg RAX 3
3bea3: MOV Reg R14D, Address (SizeDir 32 (FromReg RAX)) 3
3bea6: CALL __vasprintf_chk (external)
3beab: TEST Reg RBX, Reg RBX 3
3beae: SETNZ Address (SizeDir 8 (AddrPlus (FromReg RSP) (AddrImm 15))) 5
3beb3: TEST Reg EAX, Reg EAX 2
3beb5: JS 3c0a0 (resolved immediate)
  |
  `- 3bebb,3c0a0
3bebb: TEST Reg R12, Reg R12 3
3bebe: MOV Address (SizeDir 8 (AddrPlus (FromReg RSP) (AddrImm 48))), Immediate 0 5
3bec3: JZ 3bf50 (resolved immediate)
  |
  `- 3bec9,3bf50
3bec9: LEA Reg R10, Address (AddrPlus (FromReg RSP) (AddrImm 48)) 5
3bece: SUB Reg RSP, Immediate 8 4
3bed2: LEA Reg R8, Address (AddrPlus (FromReg RIP) (AddrImm 362554)) 7
3bed9: PUSH Reg RBP 1
3beda: MOV Reg EDX, Immediate 1 5
3bedf: XOR Reg EAX, Reg EAX 2
3bee1: MOV Reg RDI, Reg R10 3
3bee4: MOV Reg R9, Reg R12 3
3bee7: MOV Reg ECX, Immediate 256 5
3beec: MOV Reg ESI, Immediate 256 5
3bef1: MOV Address (SizeDir 64 (AddrPlus (FromReg RSP) (AddrImm 32))), Reg R10 5
3bef6: CALL __snprintf_chk (external)
3befb: MOV Address (SizeDir 8 (AddrPlus (FromReg RSP) (AddrImm 319))), Immediate 0 8
3bf03: MOV Address (SizeDir 8 (AddrPlus (FromReg RSP) (AddrImm 320))), Immediate 0 8
3bf0b: POP Reg RAX 1
3bf0c: POP Reg RDX 1
3bf0d: CMP Address (SizeDir 32 (AddrPlus (FromReg RSP) (AddrImm 640))), Immediate 4294967295 8
3bf15: MOV Reg R10, Address (SizeDir 64 (AddrPlus (FromReg RSP) (AddrImm 16))) 5
3bf1a: JNZ 3bfc0 (resolved immediate)
  |
  `- 3bf20,3bfc0
3bf20: TEST Reg RBX, Reg RBX 3
3bf23: MOV Reg RCX, Address (SizeDir 64 (AddrPlus (FromReg RSP) (AddrImm 40))) 5
3bf28: JZ 3c0c6 (resolved immediate)
  |
  `- 3bf2e,3c0c6
3bf2e: LEA Reg RDX, Address (AddrPlus (FromReg RIP) (AddrImm 386002)) 7
3bf35: LEA Reg RAX, Address (AddrPlus (FromReg RIP) (AddrImm 408678)) 7
3bf3c: LEA Reg RBP, Address (AddrPlus (FromReg RIP) (AddrImm 386109)) 7
3bf43: LEA Reg R11, Address (AddrPlus (FromReg RSP) (AddrImm 304)) 8
3bf4b: JMP 3c031 (resolved immediate)
  |
  `- 3c031
3bf50: CMP Address (SizeDir 32 (AddrPlus (FromReg RSP) (AddrImm 640))), Immediate 4294967295 8
3bf58: MOV Address (SizeDir 8 (AddrPlus (FromReg RSP) (AddrImm 303))), Immediate 0 8
3bf60: LEA Reg R10, Address (AddrPlus (FromReg RSP) (AddrImm 48)) 5
3bf65: MOV Address (SizeDir 8 (AddrPlus (FromReg RSP) (AddrImm 304))), Immediate 0 8
3bf6d: JNZ 3bfc0 (resolved immediate)
  |
  `- 3bf6f,3bfc0
3bf6f: TEST Reg R12, Reg R12 3
3bf72: MOV Reg RCX, Address (SizeDir 64 (AddrPlus (FromReg RSP) (AddrImm 40))) 5
3bf77: LEA Reg RBP, Address (AddrPlus (FromReg RIP) (AddrImm 386050)) 7
3bf7e: LEA Reg R10, Address (AddrPlus (FromReg RSP) (AddrImm 48)) 5
3bf83: LEA Reg R11, Address (AddrPlus (FromReg RSP) (AddrImm 304)) 8
3bf8b: JZ 3c019 (resolved immediate)
  |
  `- 3c019
3bf98: TEST Reg RBX, Reg RBX 3
3bf9b: JZ 3c0eb (resolved immediate)
  |
  `- 3bfa1,3c0eb
3bfa1: LEA Reg RAX, Address (AddrPlus (FromReg RIP) (AddrImm 396536)) 7
3bfa8: LEA Reg RSI, Address (AddrPlus (FromReg RIP) (AddrImm 408563)) 7
3bfaf: TEST Reg R12, Reg R12 3
3bfb2: LEA Reg RDX, Address (AddrPlus (FromReg RIP) (AddrImm 385870)) 7
3bfb9: CMOVNZ Reg RAX, Reg RSI 4
3bfbd: JMP 3c031 (resolved immediate)
  |
  `- 3c031
3bfc0: LEA Reg R11, Address (AddrPlus (FromReg RSP) (AddrImm 304)) 8
3bfc8: MOV Reg R9D, Address (SizeDir 32 (AddrPlus (FromReg RSP) (AddrImm 640))) 8
3bfd0: LEA Reg R8, Address (AddrPlus (FromReg RIP) (AddrImm 385843)) 7
3bfd7: MOV Reg ECX, Immediate 256 5
3bfdc: MOV Reg EDX, Immediate 1 5
3bfe1: MOV Reg ESI, Immediate 256 5
3bfe6: MOV Reg RDI, Reg R11 3
3bfe9: XOR Reg EAX, Reg EAX 2
3bfeb: MOV Address (SizeDir 64 (AddrPlus (FromReg RSP) (AddrImm 24))), Reg R10 5
3bff0: MOV Address (SizeDir 64 (AddrPlus (FromReg RSP) (AddrImm 16))), Reg R11 5
3bff5: LEA Reg RBP, Address (AddrPlus (FromReg RIP) (AddrImm 385924)) 7
3bffc: CALL __snprintf_chk (external)
3c001: MOV Reg RCX, Address (SizeDir 64 (AddrPlus (FromReg RSP) (AddrImm 40))) 5
3c006: MOV Reg R11, Address (SizeDir 64 (AddrPlus (FromReg RSP) (AddrImm 16))) 5
3c00b: MOV Reg R10, Address (SizeDir 64 (AddrPlus (FromReg RSP) (AddrImm 24))) 5
3c010: TEST Reg R12, Reg R12 3
3c013: JNZ 3bf98 (resolved immediate)
  |
  `- 3bf98,3c019
3c019: CMP Address (SizeDir 8 (AddrPlus (FromReg RSP) (AddrImm 15))), Immediate 0 5
3c01e: JNZ 3bf98 (resolved immediate)
  |
  `- 3bf98,3c024
3c024: LEA Reg RBX, Address (AddrPlus (FromReg RIP) (AddrImm 396405)) 7
3c02b: MOV Reg RDX, Reg RBX 3
3c02e: MOV Reg RAX, Reg RBX 3
3c031: SUB Reg RSP, Immediate 8 4
3c035: MOV Reg RDI, Address (SizeDir 64 (FromReg R15)) 3
3c038: LEA Reg R8, Address (AddrPlus (FromReg RIP) (AddrImm 385750)) 7
3c03f: PUSH Reg RCX 1
3c040: PUSH Reg R11 2
3c042: LEA Reg RCX, Address (AddrPlus (FromReg RIP) (AddrImm 358278)) 7
3c049: PUSH Reg RDX 1
3c04a: PUSH Reg RBX 1
3c04b: MOV Reg R9, Reg R10 3
3c04e: PUSH Reg RAX 1
3c04f: MOV Reg EDX, Address (SizeDir 32 (AddrPlus (FromReg RSP) (AddrImm 56))) 4
3c053: XOR Reg EAX, Reg EAX 2
3c055: MOV Reg ESI, Address (SizeDir 32 (AddrPlus (FromReg RSP) (AddrImm 52))) 4
3c059: CALL xtl_log (external)
3c05e: MOV Reg RDI, Address (SizeDir 64 (AddrPlus (FromReg RSP) (AddrImm 88))) 5
3c063: ADD Reg RSP, Immediate 48 4
3c067: CMP Reg RDI, Reg RBP 3
3c06a: JZ 3c071 (resolved immediate)
  |
  `- 3c06c,3c071
3c06c: CALL free (external)
3c071: MOV Reg RAX, Address (SizeDir 64 (AddrPlus (FromReg RSP) (AddrImm 568))) 8
3c079: XOR Reg RAX, Address (SizeDir 64 (AddrPlus (FromReg FS) (AddrImm 40))) 9
3c082: MOV Address (SizeDir 32 (AddrPlus (FromReg R13) (AddrImm 0))), Reg R14D 4
3c086: JNZ 3c0c1 (resolved immediate)
  |
  `- 3c088,3c0c1
3c088: ADD Reg RSP, Immediate 584 7
3c08f: POP Reg RBX 1
3c090: POP Reg RBP 1
3c091: POP Reg R12 2
3c093: POP Reg R13 2
3c095: POP Reg R14 2
3c097: POP Reg R15 2
3c099: RET  1
  |
  `- 
3c0a0: LEA Reg RBP, Address (AddrPlus (FromReg RIP) (AddrImm 385753)) 7
3c0a7: LEA Reg R10, Address (AddrPlus (FromReg RSP) (AddrImm 48)) 5
3c0ac: LEA Reg R11, Address (AddrPlus (FromReg RSP) (AddrImm 304)) 8
3c0b4: MOV Address (SizeDir 64 (AddrPlus (FromReg RSP) (AddrImm 40))), Reg RBP 5
3c0b9: MOV Reg RCX, Reg RBP 3
3c0bc: JMP 3c010 (resolved immediate)
  |
  `- 3c010
3c0c1: CALL __stack_chk_fail (external)
  |
  `- 
3c0c6: LEA Reg RBX, Address (AddrPlus (FromReg RIP) (AddrImm 396243)) 7
3c0cd: LEA Reg RDX, Address (AddrPlus (FromReg RIP) (AddrImm 385587)) 7
3c0d4: LEA Reg RBP, Address (AddrPlus (FromReg RIP) (AddrImm 385701)) 7
3c0db: LEA Reg R11, Address (AddrPlus (FromReg RSP) (AddrImm 304)) 8
3c0e3: MOV Reg RAX, Reg RBX 3
3c0e6: JMP 3c031 (resolved immediate)
  |
  `- 3c031
3c0eb: LEA Reg RBX, Address (AddrPlus (FromReg RIP) (AddrImm 396206)) 7
3c0f2: LEA Reg RDX, Address (AddrPlus (FromReg RIP) (AddrImm 385550)) 7
3c0f9: MOV Reg RAX, Reg RBX 3
3c0fc: JMP 3c031 (resolved immediate)
  |
  `- 3c031
3c110: SUB Reg RSP, Immediate 216 7
3c117: TEST Reg AL, Reg AL 2
3c119: MOV Reg R10, Address (SizeDir 64 (AddrPlus (FromReg RSP) (AddrImm 232))) 8
3c121: JZ 3c15a (resolved immediate)
  |
  `- 3c123,3c15a
3c123: MOVAPS Address (SizeDir 128 (AddrPlus (FromReg RSP) (AddrImm 80))), Reg XMM0 5
3c128: MOVAPS Address (SizeDir 128 (AddrPlus (FromReg RSP) (AddrImm 96))), Reg XMM1 5
3c12d: MOVAPS Address (SizeDir 128 (AddrPlus (FromReg RSP) (AddrImm 112))), Reg XMM2 5
3c132: MOVAPS Address (SizeDir 128 (AddrPlus (FromReg RSP) (AddrImm 128))), Reg XMM3 8
3c13a: MOVAPS Address (SizeDir 128 (AddrPlus (FromReg RSP) (AddrImm 144))), Reg XMM4 8
3c142: MOVAPS Address (SizeDir 128 (AddrPlus (FromReg RSP) (AddrImm 160))), Reg XMM5 8
3c14a: MOVAPS Address (SizeDir 128 (AddrPlus (FromReg RSP) (AddrImm 176))), Reg XMM6 8
3c152: MOVAPS Address (SizeDir 128 (AddrPlus (FromReg RSP) (AddrImm 192))), Reg XMM7 8
3c15a: MOV Reg RAX, Address (SizeDir 64 (AddrPlus (FromReg FS) (AddrImm 40))) 9
3c163: MOV Address (SizeDir 64 (AddrPlus (FromReg RSP) (AddrImm 24))), Reg RAX 5
3c168: XOR Reg EAX, Reg EAX 2
3c16a: LEA Reg RAX, Address (AddrPlus (FromReg RSP) (AddrImm 240)) 8
3c172: MOV Address (SizeDir 64 (AddrPlus (FromReg RSP) (AddrImm 8))), Reg RAX 5
3c177: LEA Reg RAX, Address (AddrPlus (FromReg RSP) (AddrImm 32)) 5
3c17c: MOV Address (SizeDir 32 (FromReg RSP)), Immediate 48 7
3c183: MOV Address (SizeDir 32 (AddrPlus (FromReg RSP) (AddrImm 4))), Immediate 48 8
3c18b: SUB Reg RSP, Immediate 8 4
3c18f: MOV Address (SizeDir 64 (AddrPlus (FromReg RSP) (AddrImm 24))), Reg RAX 5
3c194: LEA Reg RAX, Address (AddrPlus (FromReg RSP) (AddrImm 8)) 5
3c199: PUSH Reg RAX 1
3c19a: PUSH Reg R10 2
3c19c: MOV Reg EAX, Address (SizeDir 32 (AddrPlus (FromReg RSP) (AddrImm 248))) 7
3c1a3: PUSH Reg RAX 1
3c1a4: CALL libxl__logv (internal)
  |
  `- 3be40
3c1a9: ADD Reg RSP, Immediate 32 4
3c1ad: MOV Reg RAX, Address (SizeDir 64 (AddrPlus (FromReg RSP) (AddrImm 24))) 5
3c1b2: XOR Reg RAX, Address (SizeDir 64 (AddrPlus (FromReg FS) (AddrImm 40))) 9
3c1bb: JNZ 3c1c5 (resolved immediate)
  |
  `- 3c1bd,3c1c5
3c1bd: ADD Reg RSP, Immediate 216 7
3c1c4: RET  1
  |
  `- 
3c1c5: CALL __stack_chk_fail (external)
  |
  `- 
65820: PUSH Reg R14 2
65822: PUSH Reg R13 2
65824: XOR Reg R9D, Reg R9D 3
65827: PUSH Reg R12 2
65829: PUSH Reg RBP 1
6582a: MOV Reg RBP, Reg RDI 3
6582d: PUSH Reg RBX 1
6582e: MOV Reg R12D, Reg ESI 3
65831: MOV Reg R13, Reg RDX 3
65834: MOV Reg EBX, Reg ECX 2
65836: MOV Reg R8D, Immediate 20 6
6583c: MOV Reg ECX, Reg ESI 2
6583e: SUB Reg RSP, Immediate 72 4
65842: MOV Reg EDX, Immediate 5 5
65847: MOV Reg ESI, Immediate 4294967295 5
6584c: LEA Reg R14, Address (AddrPlus (FromReg RSP) (AddrImm 8)) 5
65851: MOV Address (SizeDir 64 (AddrPlus (FromReg RSP) (AddrImm 56))), Reg RDI 5
65856: MOV Reg RDI, Address (SizeDir 64 (AddrPlus (FromReg RDI) (AddrImm 8))) 4
6585a: MOV Reg RAX, Address (SizeDir 64 (AddrPlus (FromReg FS) (AddrImm 40))) 9
65863: MOV Address (SizeDir 64 (AddrPlus (FromReg RSP) (AddrImm 64))), Reg RAX 5
65868: XOR Reg EAX, Reg EAX 2
6586a: MOV Address (SizeDir 32 (AddrPlus (FromReg RSP) (AddrImm 40))), Immediate 0 8
65872: MOV Address (SizeDir 64 (AddrPlus (FromReg RSP) (AddrImm 48))), Immediate 0 9
6587b: PUSH Reg R14 2
6587d: CALL xc_tmem_control (external)
65882: TEST Reg EAX, Reg EAX 2
65884: POP Reg R10 2
65886: POP Reg R11 2
65888: JS 65950 (resolved immediate)
  |
  `- 6588e,65950
6588e: LEA Reg RDI, Address (AddrPlus (FromReg RIP) (AddrImm 253135)) 7
65895: MOV Reg ECX, Immediate 7 5
6589a: MOV Reg RSI, Reg R13 3
6589d: REPZ CMPSB  2
6589f: SETA Reg AL 3
658a2: SBB Reg AL, Immediate 0 2
658a4: TEST Reg AL, Reg AL 2
658a6: JZ 65940 (resolved immediate)
  |
  `- 658ac,65940
658ac: LEA Reg RDI, Address (AddrPlus (FromReg RIP) (AddrImm 253112)) 7
658b3: MOV Reg ECX, Immediate 9 5
658b8: MOV Reg RSI, Reg R13 3
658bb: REPZ CMPSB  2
658bd: SETA Reg AL 3
658c0: SBB Reg AL, Immediate 0 2
658c2: TEST Reg AL, Reg AL 2
658c4: JNZ 65998 (resolved immediate)
  |
  `- 658ca,65998
658ca: MOVZX Reg EAX, Address (SizeDir 8 (AddrPlus (FromReg RSP) (AddrImm 12))) 5
658cf: AND Reg EBX, Immediate 1 3
658d2: ADD Reg EBX, Reg EBX 2
658d4: AND Reg EAX, Immediate 4294967293 3
658d7: OR Reg EBX, Reg EAX 2
658d9: MOV Address (SizeDir 8 (AddrPlus (FromReg RSP) (AddrImm 12))), Reg BL 4
658dd: SUB Reg RSP, Immediate 8 4
658e1: MOV Reg RDI, Address (SizeDir 64 (AddrPlus (FromReg RBP) (AddrImm 8))) 4
658e5: XOR Reg R9D, Reg R9D 3
658e8: PUSH Reg R14 2
658ea: MOV Reg ECX, Reg R12D 3
658ed: MOV Reg EDX, Immediate 6 5
658f2: MOV Reg R8D, Immediate 20 6
658f8: MOV Reg ESI, Immediate 4294967295 5
658fd: CALL xc_tmem_control (external)
65902: TEST Reg EAX, Reg EAX 2
65904: POP Reg RDX 1
65905: POP Reg RCX 1
65906: JS 659d8 (resolved immediate)
  |
  `- 6590c,659d8
6590c: XOR Reg EBX, Reg EBX 2
6590e: LEA Reg RDI, Address (AddrPlus (FromReg RSP) (AddrImm 32)) 5
65913: CALL libxl__free_all (internal)
  |
  `- 65918,3bdb0
65918: MOV Reg RDX, Address (SizeDir 64 (AddrPlus (FromReg RSP) (AddrImm 56))) 5
6591d: XOR Reg RDX, Address (SizeDir 64 (AddrPlus (FromReg FS) (AddrImm 40))) 9
65926: MOV Reg EAX, Reg EBX 2
65928: JNZ 65a22 (resolved immediate)
  |
  `- 6592e,65a22
6592e: ADD Reg RSP, Immediate 64 4
65932: POP Reg RBX 1
65933: POP Reg RBP 1
65934: POP Reg R12 2
65936: POP Reg R13 2
65938: POP Reg R14 2
6593a: RET  1
  |
  `- 
65940: MOV Address (SizeDir 32 (AddrPlus (FromReg RSP) (AddrImm 16))), Reg EBX 4
65944: JMP 658dd (resolved immediate)
  |
  `- 658dd
65950: CALL __errno_location (external)
65955: LEA Reg RDX, Address (AddrPlus (FromReg RIP) (AddrImm 252913)) 7
6595c: LEA Reg R9, Address (AddrPlus (FromReg RIP) (AddrImm 253141)) 7
65963: LEA Reg RCX, Address (AddrPlus (FromReg RIP) (AddrImm 252814)) 7
6596a: MOV Reg R8D, Immediate 98 6
65970: MOV Reg ESI, Immediate 8 5
65975: MOV Reg EBX, Immediate 4294967293 5
6597a: PUSH Reg RDX 1
6597b: PUSH Reg R12 2
6597d: MOV Reg RDI, Address (SizeDir 64 (AddrPlus (FromReg RSP) (AddrImm 64))) 5
65982: MOV Reg EDX, Address (SizeDir 32 (FromReg RAX)) 2
65984: XOR Reg EAX, Reg EAX 2
65986: CALL libxl__log (internal)
  |
  `- 3c110
6598b: POP Reg R8 2
6598d: POP Reg R9 2
6598f: JMP 6590e (resolved immediate)
  |
  `- 6590e
65998: LEA Reg RAX, Address (AddrPlus (FromReg RIP) (AddrImm 252937)) 7
6599f: LEA Reg R9, Address (AddrPlus (FromReg RIP) (AddrImm 253074)) 7
659a6: LEA Reg RCX, Address (AddrPlus (FromReg RIP) (AddrImm 252747)) 7
659ad: MOV Reg ESI, Immediate 8 5
659b2: MOV Reg R8D, Immediate 104 6
659b8: MOV Reg EDX, Immediate 4294967295 5
659bd: PUSH Reg RAX 1
659be: PUSH Reg R12 2
659c0: XOR Reg EAX, Reg EAX 2
659c2: MOV Reg RDI, Address (SizeDir 64 (AddrPlus (FromReg RSP) (AddrImm 64))) 5
659c7: MOV Reg EBX, Immediate 4294967290 5
659cc: CALL libxl__log (internal)
  |
  `- 
659d1: POP Reg RSI 1
659d2: POP Reg RDI 1
659d3: JMP 6590e (resolved immediate)
  |
  `- 6590e
659d8: CALL __errno_location (external)
659dd: LEA Reg RDX, Address (AddrPlus (FromReg RIP) (AddrImm 252816)) 7
659e4: SUB Reg RSP, Immediate 8 4
659e8: LEA Reg R9, Address (AddrPlus (FromReg RIP) (AddrImm 253001)) 7
659ef: PUSH Reg R13 2
659f1: LEA Reg RCX, Address (AddrPlus (FromReg RIP) (AddrImm 252672)) 7
659f8: MOV Reg R8D, Immediate 112 6
659fe: PUSH Reg RDX 1
659ff: PUSH Reg R12 2
65a01: MOV Reg ESI, Immediate 8 5
65a06: MOV Reg EDX, Address (SizeDir 32 (FromReg RAX)) 2
65a08: MOV Reg RDI, Address (SizeDir 64 (AddrPlus (FromReg RSP) (AddrImm 80))) 5
65a0d: XOR Reg EAX, Reg EAX 2
65a0f: MOV Reg EBX, Immediate 4294967293 5
65a14: CALL libxl__log (internal)
  |
  `- 
65a19: ADD Reg RSP, Immediate 32 4
65a1d: JMP 6590e (resolved immediate)
  |
  `- 6590e
65a22: CALL __stack_chk_fail (external)
  |
  `- 
