Number of assembly instructions     = 388
Number of indirect branches         = 0
Number of unresolved indirect jumps = 0: 
Number of unresolved indirect calls = 0: 
Number of symbolic states (representative of non-determinism): 388
Number of edges: 397

3be40 (True): 3c1a9
3c110 (True): 513b9
50d60 (True): 51349
50e40 (True): 50efb, 5110b
50ee0 (True): 513e9
50f50 (True): 513fe
510e0 (True): 513f9
51330 (False): 0

3be40: PUSH Reg R15 2
3be42: PUSH Reg R14 2
3be44: MOV Reg R15, Reg RDI 3
3be47: PUSH Reg R13 2
3be49: PUSH Reg R12 2
3be4b: MOV Reg R12, Reg RCX 3
3be4e: PUSH Reg RBP 1
3be4f: PUSH Reg RBX 1
3be50: MOV Reg EBP, Reg R8D 3
3be53: MOV Reg RBX, Reg R9 3
3be56: SUB Reg RSP, Immediate 584 7
3be5d: MOV Address (SizeDir 32 (AddrPlus (FromReg RSP) (AddrImm 4))), Reg ESI 4
3be61: MOV Address (SizeDir 32 (AddrPlus (FromReg RSP) (AddrImm 8))), Reg EDX 4
3be65: MOV Reg RAX, Address (SizeDir 64 (AddrPlus (FromReg FS) (AddrImm 40))) 9
3be6e: MOV Address (SizeDir 64 (AddrPlus (FromReg RSP) (AddrImm 568))), Reg RAX 8
3be76: XOR Reg EAX, Reg EAX 2
3be78: MOV Address (SizeDir 64 (AddrPlus (FromReg RSP) (AddrImm 40))), Immediate 0 9
3be81: CALL __errno_location (external)
3be86: MOV Reg RCX, Address (SizeDir 64 (AddrPlus (FromReg RSP) (AddrImm 656))) 8
3be8e: MOV Reg RDX, Address (SizeDir 64 (AddrPlus (FromReg RSP) (AddrImm 648))) 8
3be96: LEA Reg RDI, Address (SizeDir 64 (AddrPlus (FromReg RSP) (AddrImm 40))) 5
3be9b: MOV Reg ESI, Immediate 1 5
3bea0: MOV Reg R13, Reg RAX 3
3bea3: MOV Reg R14D, Address (SizeDir 32 (FromReg RAX)) 3
3bea6: CALL __vasprintf_chk (external)
3beab: TEST Reg RBX, Reg RBX 3
3beae: SETNE Address (SizeDir 8 (AddrPlus (FromReg RSP) (AddrImm 15))) 5
3beb3: TEST Reg EAX, Reg EAX 2
3beb5: JS 3c0a0 (resolved immediate)
  |
  `- 3bebb,3c0a0
3bebb: TEST Reg R12, Reg R12 3
3bebe: MOV Address (SizeDir 8 (AddrPlus (FromReg RSP) (AddrImm 48))), Immediate 0 5
3bec3: JE 3bf50 (resolved immediate)
  |
  `- 3bec9,3bf50
3bec9: LEA Reg R10, Address (SizeDir 64 (AddrPlus (FromReg RSP) (AddrImm 48))) 5
3bece: SUB Reg RSP, Immediate 8 4
3bed2: LEA Reg R8, Address (SizeDir 64 (AddrPlus (FromReg RIP) (AddrImm 362554))) 7
3bed9: PUSH Reg RBP 1
3beda: MOV Reg EDX, Immediate 1 5
3bedf: XOR Reg EAX, Reg EAX 2
3bee1: MOV Reg RDI, Reg R10 3
3bee4: MOV Reg R9, Reg R12 3
3bee7: MOV Reg ECX, Immediate 256 5
3beec: MOV Reg ESI, Immediate 256 5
3bef1: MOV Address (SizeDir 64 (AddrPlus (FromReg RSP) (AddrImm 32))), Reg R10 5
3bef6: CALL __snprintf_chk (external)
3befb: MOV Address (SizeDir 8 (AddrPlus (FromReg RSP) (AddrImm 319))), Immediate 0 8
3bf03: MOV Address (SizeDir 8 (AddrPlus (FromReg RSP) (AddrImm 320))), Immediate 0 8
3bf0b: POP Reg RAX 1
3bf0c: POP Reg RDX 1
3bf0d: CMP Address (SizeDir 32 (AddrPlus (FromReg RSP) (AddrImm 640))), Immediate 18446744073709551615 8
3bf15: MOV Reg R10, Address (SizeDir 64 (AddrPlus (FromReg RSP) (AddrImm 16))) 5
3bf1a: JNE 3bfc0 (resolved immediate)
  |
  `- 3bf20,3bfc0
3bf20: TEST Reg RBX, Reg RBX 3
3bf23: MOV Reg RCX, Address (SizeDir 64 (AddrPlus (FromReg RSP) (AddrImm 40))) 5
3bf28: JE 3c0c6 (resolved immediate)
  |
  `- 3bf2e,3c0c6
3bf2e: LEA Reg RDX, Address (SizeDir 64 (AddrPlus (FromReg RIP) (AddrImm 386002))) 7
3bf35: LEA Reg RAX, Address (SizeDir 64 (AddrPlus (FromReg RIP) (AddrImm 408678))) 7
3bf3c: LEA Reg RBP, Address (SizeDir 64 (AddrPlus (FromReg RIP) (AddrImm 386109))) 7
3bf43: LEA Reg R11, Address (SizeDir 64 (AddrPlus (FromReg RSP) (AddrImm 304))) 8
3bf4b: JMP 3c031 (resolved immediate)
  |
  `- 3c031
3bf50: CMP Address (SizeDir 32 (AddrPlus (FromReg RSP) (AddrImm 640))), Immediate 18446744073709551615 8
3bf58: MOV Address (SizeDir 8 (AddrPlus (FromReg RSP) (AddrImm 303))), Immediate 0 8
3bf60: LEA Reg R10, Address (SizeDir 64 (AddrPlus (FromReg RSP) (AddrImm 48))) 5
3bf65: MOV Address (SizeDir 8 (AddrPlus (FromReg RSP) (AddrImm 304))), Immediate 0 8
3bf6d: JNE 3bfc0 (resolved immediate)
  |
  `- 3bf6f,3bfc0
3bf6f: TEST Reg R12, Reg R12 3
3bf72: MOV Reg RCX, Address (SizeDir 64 (AddrPlus (FromReg RSP) (AddrImm 40))) 5
3bf77: LEA Reg RBP, Address (SizeDir 64 (AddrPlus (FromReg RIP) (AddrImm 386050))) 7
3bf7e: LEA Reg R10, Address (SizeDir 64 (AddrPlus (FromReg RSP) (AddrImm 48))) 5
3bf83: LEA Reg R11, Address (SizeDir 64 (AddrPlus (FromReg RSP) (AddrImm 304))) 8
3bf8b: JE 3c019 (resolved immediate)
  |
  `- 3c019
3bf98: TEST Reg RBX, Reg RBX 3
3bf9b: JE 3c0eb (resolved immediate)
  |
  `- 3bfa1,3c0eb
3bfa1: LEA Reg RAX, Address (SizeDir 64 (AddrPlus (FromReg RIP) (AddrImm 396536))) 7
3bfa8: LEA Reg RSI, Address (SizeDir 64 (AddrPlus (FromReg RIP) (AddrImm 408563))) 7
3bfaf: TEST Reg R12, Reg R12 3
3bfb2: LEA Reg RDX, Address (SizeDir 64 (AddrPlus (FromReg RIP) (AddrImm 385870))) 7
3bfb9: CMOVNE Reg RAX, Reg RSI 4
3bfbd: JMP 3c031 (resolved immediate)
  |
  `- 3c031
3bfc0: LEA Reg R11, Address (SizeDir 64 (AddrPlus (FromReg RSP) (AddrImm 304))) 8
3bfc8: MOV Reg R9D, Address (SizeDir 32 (AddrPlus (FromReg RSP) (AddrImm 640))) 8
3bfd0: LEA Reg R8, Address (SizeDir 64 (AddrPlus (FromReg RIP) (AddrImm 385843))) 7
3bfd7: MOV Reg ECX, Immediate 256 5
3bfdc: MOV Reg EDX, Immediate 1 5
3bfe1: MOV Reg ESI, Immediate 256 5
3bfe6: MOV Reg RDI, Reg R11 3
3bfe9: XOR Reg EAX, Reg EAX 2
3bfeb: MOV Address (SizeDir 64 (AddrPlus (FromReg RSP) (AddrImm 24))), Reg R10 5
3bff0: MOV Address (SizeDir 64 (AddrPlus (FromReg RSP) (AddrImm 16))), Reg R11 5
3bff5: LEA Reg RBP, Address (SizeDir 64 (AddrPlus (FromReg RIP) (AddrImm 385924))) 7
3bffc: CALL __snprintf_chk (external)
3c001: MOV Reg RCX, Address (SizeDir 64 (AddrPlus (FromReg RSP) (AddrImm 40))) 5
3c006: MOV Reg R11, Address (SizeDir 64 (AddrPlus (FromReg RSP) (AddrImm 16))) 5
3c00b: MOV Reg R10, Address (SizeDir 64 (AddrPlus (FromReg RSP) (AddrImm 24))) 5
3c010: TEST Reg R12, Reg R12 3
3c013: JNE 3bf98 (resolved immediate)
  |
  `- 3bf98,3c019
3c019: CMP Address (SizeDir 8 (AddrPlus (FromReg RSP) (AddrImm 15))), Immediate 0 5
3c01e: JNE 3bf98 (resolved immediate)
  |
  `- 3bf98,3c024
3c024: LEA Reg RBX, Address (SizeDir 64 (AddrPlus (FromReg RIP) (AddrImm 396405))) 7
3c02b: MOV Reg RDX, Reg RBX 3
3c02e: MOV Reg RAX, Reg RBX 3
3c031: SUB Reg RSP, Immediate 8 4
3c035: MOV Reg RDI, Address (SizeDir 64 (FromReg R15)) 3
3c038: LEA Reg R8, Address (SizeDir 64 (AddrPlus (FromReg RIP) (AddrImm 385750))) 7
3c03f: PUSH Reg RCX 1
3c040: PUSH Reg R11 2
3c042: LEA Reg RCX, Address (SizeDir 64 (AddrPlus (FromReg RIP) (AddrImm 358278))) 7
3c049: PUSH Reg RDX 1
3c04a: PUSH Reg RBX 1
3c04b: MOV Reg R9, Reg R10 3
3c04e: PUSH Reg RAX 1
3c04f: MOV Reg EDX, Address (SizeDir 32 (AddrPlus (FromReg RSP) (AddrImm 56))) 4
3c053: XOR Reg EAX, Reg EAX 2
3c055: MOV Reg ESI, Address (SizeDir 32 (AddrPlus (FromReg RSP) (AddrImm 52))) 4
3c059: CALL xtl_log (external)
3c05e: MOV Reg RDI, Address (SizeDir 64 (AddrPlus (FromReg RSP) (AddrImm 88))) 5
3c063: ADD Reg RSP, Immediate 48 4
3c067: CMP Reg RDI, Reg RBP 3
3c06a: JE 3c071 (resolved immediate)
  |
  `- 3c06c,3c071
3c06c: CALL free (external)
3c071: MOV Reg RAX, Address (SizeDir 64 (AddrPlus (FromReg RSP) (AddrImm 568))) 8
3c079: XOR Reg RAX, Address (SizeDir 64 (AddrPlus (FromReg FS) (AddrImm 40))) 9
3c082: MOV Address (SizeDir 32 (FromReg R13)), Reg R14D 4
3c086: JNE 3c0c1 (resolved immediate)
  |
  `- 3c088,3c0c1
3c088: ADD Reg RSP, Immediate 584 7
3c08f: POP Reg RBX 1
3c090: POP Reg RBP 1
3c091: POP Reg R12 2
3c093: POP Reg R13 2
3c095: POP Reg R14 2
3c097: POP Reg R15 2
3c099: RET  1
  |
  `- 
3c0a0: LEA Reg RBP, Address (SizeDir 64 (AddrPlus (FromReg RIP) (AddrImm 385753))) 7
3c0a7: LEA Reg R10, Address (SizeDir 64 (AddrPlus (FromReg RSP) (AddrImm 48))) 5
3c0ac: LEA Reg R11, Address (SizeDir 64 (AddrPlus (FromReg RSP) (AddrImm 304))) 8
3c0b4: MOV Address (SizeDir 64 (AddrPlus (FromReg RSP) (AddrImm 40))), Reg RBP 5
3c0b9: MOV Reg RCX, Reg RBP 3
3c0bc: JMP 3c010 (resolved immediate)
  |
  `- 3c010
3c0c1: CALL __stack_chk_fail (external)
  |
  `- 
3c0c6: LEA Reg RBX, Address (SizeDir 64 (AddrPlus (FromReg RIP) (AddrImm 396243))) 7
3c0cd: LEA Reg RDX, Address (SizeDir 64 (AddrPlus (FromReg RIP) (AddrImm 385587))) 7
3c0d4: LEA Reg RBP, Address (SizeDir 64 (AddrPlus (FromReg RIP) (AddrImm 385701))) 7
3c0db: LEA Reg R11, Address (SizeDir 64 (AddrPlus (FromReg RSP) (AddrImm 304))) 8
3c0e3: MOV Reg RAX, Reg RBX 3
3c0e6: JMP 3c031 (resolved immediate)
  |
  `- 3c031
3c0eb: LEA Reg RBX, Address (SizeDir 64 (AddrPlus (FromReg RIP) (AddrImm 396206))) 7
3c0f2: LEA Reg RDX, Address (SizeDir 64 (AddrPlus (FromReg RIP) (AddrImm 385550))) 7
3c0f9: MOV Reg RAX, Reg RBX 3
3c0fc: JMP 3c031 (resolved immediate)
  |
  `- 3c031
3c110: SUB Reg RSP, Immediate 216 7
3c117: TEST Reg AL, Reg AL 2
3c119: MOV Reg R10, Address (SizeDir 64 (AddrPlus (FromReg RSP) (AddrImm 232))) 8
3c121: JE 3c15a (resolved immediate)
  |
  `- 3c123,3c15a
3c123: MOVAPS Address (SizeDir 128 (AddrPlus (FromReg RSP) (AddrImm 80))), Reg XMM0 5
3c128: MOVAPS Address (SizeDir 128 (AddrPlus (FromReg RSP) (AddrImm 96))), Reg XMM1 5
3c12d: MOVAPS Address (SizeDir 128 (AddrPlus (FromReg RSP) (AddrImm 112))), Reg XMM2 5
3c132: MOVAPS Address (SizeDir 128 (AddrPlus (FromReg RSP) (AddrImm 128))), Reg XMM3 8
3c13a: MOVAPS Address (SizeDir 128 (AddrPlus (FromReg RSP) (AddrImm 144))), Reg XMM4 8
3c142: MOVAPS Address (SizeDir 128 (AddrPlus (FromReg RSP) (AddrImm 160))), Reg XMM5 8
3c14a: MOVAPS Address (SizeDir 128 (AddrPlus (FromReg RSP) (AddrImm 176))), Reg XMM6 8
3c152: MOVAPS Address (SizeDir 128 (AddrPlus (FromReg RSP) (AddrImm 192))), Reg XMM7 8
3c15a: MOV Reg RAX, Address (SizeDir 64 (AddrPlus (FromReg FS) (AddrImm 40))) 9
3c163: MOV Address (SizeDir 64 (AddrPlus (FromReg RSP) (AddrImm 24))), Reg RAX 5
3c168: XOR Reg EAX, Reg EAX 2
3c16a: LEA Reg RAX, Address (SizeDir 64 (AddrPlus (FromReg RSP) (AddrImm 240))) 8
3c172: MOV Address (SizeDir 64 (AddrPlus (FromReg RSP) (AddrImm 8))), Reg RAX 5
3c177: LEA Reg RAX, Address (SizeDir 64 (AddrPlus (FromReg RSP) (AddrImm 32))) 5
3c17c: MOV Address (SizeDir 32 (FromReg RSP)), Immediate 48 7
3c183: MOV Address (SizeDir 32 (AddrPlus (FromReg RSP) (AddrImm 4))), Immediate 48 8
3c18b: SUB Reg RSP, Immediate 8 4
3c18f: MOV Address (SizeDir 64 (AddrPlus (FromReg RSP) (AddrImm 24))), Reg RAX 5
3c194: LEA Reg RAX, Address (SizeDir 64 (AddrPlus (FromReg RSP) (AddrImm 8))) 5
3c199: PUSH Reg RAX 1
3c19a: PUSH Reg R10 2
3c19c: MOV Reg EAX, Address (SizeDir 32 (AddrPlus (FromReg RSP) (AddrImm 248))) 7
3c1a3: PUSH Reg RAX 1
3c1a4: CALL libxl__logv (internal)
  |
  `- 3be40
3c1a9: ADD Reg RSP, Immediate 32 4
3c1ad: MOV Reg RAX, Address (SizeDir 64 (AddrPlus (FromReg RSP) (AddrImm 24))) 5
3c1b2: XOR Reg RAX, Address (SizeDir 64 (AddrPlus (FromReg FS) (AddrImm 40))) 9
3c1bb: JNE 3c1c5 (resolved immediate)
  |
  `- 3c1bd,3c1c5
3c1bd: ADD Reg RSP, Immediate 216 7
3c1c4: RET  1
  |
  `- 
3c1c5: CALL __stack_chk_fail (external)
  |
  `- 
50d60: LEA Reg RDI, Address (SizeDir 64 (AddrPlus (FromReg RIP) (AddrImm 2622265))) 7
50d67: SUB Reg RSP, Immediate 8 4
50d6b: CALL pthread_mutex_lock (external)
50d70: TEST Reg EAX, Reg EAX 2
50d72: JNE 50d79 (resolved immediate)
  |
  `- 50d74,50d79
50d74: ADD Reg RSP, Immediate 8 4
50d78: RET  1
  |
  `- 
50d79: LEA Reg RCX, Address (SizeDir 64 (AddrPlus (FromReg RIP) (AddrImm 320112))) 7
50d80: LEA Reg RSI, Address (SizeDir 64 (AddrPlus (FromReg RIP) (AddrImm 318703))) 7
50d87: LEA Reg RDI, Address (SizeDir 64 (AddrPlus (FromReg RIP) (AddrImm 270559))) 7
50d8e: MOV Reg EDX, Immediate 69 5
50d93: CALL __assert_fail (external)
  |
  `- 
50dd0: LEA Reg RDI, Address (SizeDir 64 (AddrPlus (FromReg RIP) (AddrImm 2622153))) 7
50dd7: SUB Reg RSP, Immediate 8 4
50ddb: CALL pthread_mutex_unlock (external)
50de0: TEST Reg EAX, Reg EAX 2
50de2: JNE 50de9 (resolved immediate)
  |
  `- 50de4,50de9
50de4: ADD Reg RSP, Immediate 8 4
50de8: RET  1
  |
  `- 
50de9: LEA Reg RCX, Address (SizeDir 64 (AddrPlus (FromReg RIP) (AddrImm 319984))) 7
50df0: LEA Reg RSI, Address (SizeDir 64 (AddrPlus (FromReg RIP) (AddrImm 318591))) 7
50df7: LEA Reg RDI, Address (SizeDir 64 (AddrPlus (FromReg RIP) (AddrImm 270447))) 7
50dfe: MOV Reg EDX, Immediate 75 5
50e03: CALL __assert_fail (external)
  |
  `- 
50e40: PUSH Reg RBP 1
50e41: PUSH Reg RBX 1
50e42: MOV Reg RDX, Reg RDI 3
50e45: MOV Reg ECX, Immediate 18 5
50e4a: MOV Reg RBP, Reg RSI 3
50e4d: SUB Reg RSP, Immediate 168 7
50e54: MOV Reg RBX, Reg RSP 3
50e57: MOV Address (SizeDir 64 (FromReg RSP)), Reg RDX 4
50e5b: LEA Reg R8, Address (SizeDir 64 (AddrPlus (FromReg RBX) (AddrImm 8))) 4
50e5f: MOV Reg RAX, Address (SizeDir 64 (AddrPlus (FromReg FS) (AddrImm 40))) 9
50e68: MOV Address (SizeDir 64 (AddrPlus (FromReg RSP) (AddrImm 152))), Reg RAX 8
50e70: XOR Reg EAX, Reg EAX 2
50e72: MOV Reg RDI, Reg R8 3
50e75: REP STOSQ Address (SizeDir 64 (FromReg RDI)), Reg RAX 3
50e78: MOV Reg RDI, Reg R8 3
50e7b: CALL sigemptyset (external)
50e80: MOV Reg RDX, Reg RBP 3
50e83: MOV Reg RSI, Reg RBX 3
50e86: MOV Reg EDI, Immediate 17 5
50e8b: MOV Address (SizeDir 32 (AddrPlus (FromReg RSP) (AddrImm 136))), Immediate 268435457 11
50e96: CALL sigaction (external)
50e9b: TEST Reg EAX, Reg EAX 2
50e9d: JNE 50ebc (resolved immediate)
  |
  `- 50e9f,50ebc
50e9f: MOV Reg RAX, Address (SizeDir 64 (AddrPlus (FromReg RSP) (AddrImm 152))) 8
50ea7: XOR Reg RAX, Address (SizeDir 64 (AddrPlus (FromReg FS) (AddrImm 40))) 9
50eb0: JNE 50edb (resolved immediate)
  |
  `- 50eb2,50edb
50eb2: ADD Reg RSP, Immediate 168 7
50eb9: POP Reg RBX 1
50eba: POP Reg RBP 1
50ebb: RET  1
  |
  `- 
50ebc: LEA Reg RCX, Address (SizeDir 64 (AddrPlus (FromReg RIP) (AddrImm 319693))) 7
50ec3: LEA Reg RSI, Address (SizeDir 64 (AddrPlus (FromReg RIP) (AddrImm 318380))) 7
50eca: LEA Reg RDI, Address (SizeDir 64 (AddrPlus (FromReg RIP) (AddrImm 270236))) 7
50ed1: MOV Reg EDX, Immediate 261 5
50ed6: CALL __assert_fail (external)
  |
  `- 
50edb: CALL __stack_chk_fail (external)
  |
  `- 
50ee0: SUB Reg RSP, Immediate 8 4
50ee4: CMP Address (SizeDir 8 (AddrPlus (FromReg RIP) (AddrImm 2621853))), Immediate 0 7
50eeb: JE 50f10 (resolved immediate)
  |
  `- 50eed,50f10
50eed: LEA Reg RDI, Address (SizeDir 64 (AddrMinus (FromReg RIP) (AddrImm 820))) 7
50ef4: XOR Reg ESI, Reg ESI 2
50ef6: CALL sigchld_sethandler_raw (internal)
  |
  `- 50e40
50efb: LEA Reg RDI, Address (SizeDir 64 (AddrPlus (FromReg RIP) (AddrImm 2621790))) 7
50f02: CALL pthread_mutex_lock (external)
50f07: TEST Reg EAX, Reg EAX 2
50f09: JNE 50f2f (resolved immediate)
  |
  `- 50f0b,50f2f
50f0b: ADD Reg RSP, Immediate 8 4
50f0f: RET  1
  |
  `- 
50f10: LEA Reg RCX, Address (SizeDir 64 (AddrPlus (FromReg RIP) (AddrImm 319633))) 7
50f17: LEA Reg RSI, Address (SizeDir 64 (AddrPlus (FromReg RIP) (AddrImm 318296))) 7
50f1e: LEA Reg RDI, Address (SizeDir 64 (AddrPlus (FromReg RIP) (AddrImm 318319))) 7
50f25: MOV Reg EDX, Immediate 291 5
50f2a: CALL __assert_fail (external)
  |
  `- 
50f2f: LEA Reg RCX, Address (SizeDir 64 (AddrPlus (FromReg RIP) (AddrImm 319602))) 7
50f36: LEA Reg RSI, Address (SizeDir 64 (AddrPlus (FromReg RIP) (AddrImm 318265))) 7
50f3d: LEA Reg RDI, Address (SizeDir 64 (AddrPlus (FromReg RIP) (AddrImm 270121))) 7
50f44: MOV Reg EDX, Immediate 301 5
50f49: CALL __assert_fail (external)
  |
  `- 
50f50: SUB Reg RSP, Immediate 168 7
50f57: MOV Reg RAX, Address (SizeDir 64 (AddrPlus (FromReg FS) (AddrImm 40))) 9
50f60: MOV Address (SizeDir 64 (AddrPlus (FromReg RSP) (AddrImm 152))), Reg RAX 8
50f68: XOR Reg EAX, Reg EAX 2
50f6a: CMP Address (SizeDir 8 (AddrPlus (FromReg RIP) (AddrImm 2621719))), Immediate 0 7
50f71: JNE 50f90 (resolved immediate)
  |
  `- 50f73,50f90
50f73: MOV Reg RAX, Address (SizeDir 64 (AddrPlus (FromReg RSP) (AddrImm 152))) 8
50f7b: XOR Reg RAX, Address (SizeDir 64 (AddrPlus (FromReg FS) (AddrImm 40))) 9
50f84: JNE 50fc8 (resolved immediate)
  |
  `- 50f86,50fc8
50f86: ADD Reg RSP, Immediate 168 7
50f8d: RET  1
  |
  `- 
50f90: LEA Reg RSI, Address (SizeDir 64 (AddrPlus (FromReg RIP) (AddrImm 2621481))) 7
50f97: MOV Reg RDX, Reg RSP 3
50f9a: MOV Reg EDI, Immediate 17 5
50f9f: CALL sigaction (external)
50fa4: TEST Reg EAX, Reg EAX 2
50fa6: JNE 50fcd (resolved immediate)
  |
  `- 50fa8,50fcd
50fa8: TEST Address (SizeDir 8 (AddrPlus (FromReg RSP) (AddrImm 136))), Immediate 4 8
50fb0: JNE 50fec (resolved immediate)
  |
  `- 50fb2,50fec
50fb2: LEA Reg RAX, Address (SizeDir 64 (AddrPlus (FromReg RIP) (AddrImm 119))) 7
50fb9: CMP Address (SizeDir 64 (FromReg RSP)), Reg RAX 4
50fbd: JNE 5100b (resolved immediate)
  |
  `- 50fbf,5100b
50fbf: MOV Address (SizeDir 8 (AddrPlus (FromReg RIP) (AddrImm 2621634))), Immediate 0 7
50fc6: JMP 50f73 (resolved immediate)
  |
  `- 50f73
50fc8: CALL __stack_chk_fail (external)
  |
  `- 
50fcd: LEA Reg RCX, Address (SizeDir 64 (AddrPlus (FromReg RIP) (AddrImm 319356))) 7
50fd4: LEA Reg RSI, Address (SizeDir 64 (AddrPlus (FromReg RIP) (AddrImm 318107))) 7
50fdb: LEA Reg RDI, Address (SizeDir 64 (AddrPlus (FromReg RIP) (AddrImm 269963))) 7
50fe2: MOV Reg EDX, Immediate 334 5
50fe7: CALL __assert_fail (external)
  |
  `- 
50fec: LEA Reg RCX, Address (SizeDir 64 (AddrPlus (FromReg RIP) (AddrImm 319325))) 7
50ff3: LEA Reg RSI, Address (SizeDir 64 (AddrPlus (FromReg RIP) (AddrImm 318076))) 7
50ffa: LEA Reg RDI, Address (SizeDir 64 (AddrPlus (FromReg RIP) (AddrImm 318117))) 7
51001: MOV Reg EDX, Immediate 335 5
51006: CALL __assert_fail (external)
  |
  `- 
5100b: LEA Reg RCX, Address (SizeDir 64 (AddrPlus (FromReg RIP) (AddrImm 319294))) 7
51012: LEA Reg RSI, Address (SizeDir 64 (AddrPlus (FromReg RIP) (AddrImm 318045))) 7
51019: LEA Reg RDI, Address (SizeDir 64 (AddrPlus (FromReg RIP) (AddrImm 318256))) 7
51020: MOV Reg EDX, Immediate 336 5
51025: CALL __assert_fail (external)
  |
  `- 
510e0: SUB Reg RSP, Immediate 8 4
510e4: CMP Address (SizeDir 8 (AddrPlus (FromReg RIP) (AddrImm 2621341))), Immediate 0 7
510eb: JE 51157 (resolved immediate)
  |
  `- 510ed,51157
510ed: LEA Reg RDI, Address (SizeDir 64 (AddrPlus (FromReg RIP) (AddrImm 2621292))) 7
510f4: CALL pthread_mutex_unlock (external)
510f9: TEST Reg EAX, Reg EAX 2
510fb: JNE 51138 (resolved immediate)
  |
  `- 510fd,51138
510fd: LEA Reg RDI, Address (SizeDir 64 (AddrMinus (FromReg RIP) (AddrImm 212))) 7
51104: XOR Reg ESI, Reg ESI 2
51106: CALL sigchld_sethandler_raw (internal)
5110b: MOV Reg EAX, Address (SizeDir 32 (AddrPlus (FromReg RIP) (AddrImm 2621071))) 6
51111: TEST Reg EAX, Reg EAX 2
51113: JNE 51120 (resolved immediate)
51115: ADD Reg RSP, Immediate 8 4
51119: RET  1
  |
  `- 
51138: LEA Reg RCX, Address (SizeDir 64 (AddrPlus (FromReg RIP) (AddrImm 319041))) 7
5113f: LEA Reg RSI, Address (SizeDir 64 (AddrPlus (FromReg RIP) (AddrImm 317744))) 7
51146: LEA Reg RDI, Address (SizeDir 64 (AddrPlus (FromReg RIP) (AddrImm 269600))) 7
5114d: MOV Reg EDX, Immediate 309 5
51152: CALL __assert_fail (external)
  |
  `- 
51157: LEA Reg RCX, Address (SizeDir 64 (AddrPlus (FromReg RIP) (AddrImm 319010))) 7
5115e: LEA Reg RSI, Address (SizeDir 64 (AddrPlus (FromReg RIP) (AddrImm 317713))) 7
51165: LEA Reg RDI, Address (SizeDir 64 (AddrPlus (FromReg RIP) (AddrImm 317736))) 7
5116c: MOV Reg EDX, Immediate 306 5
51171: CALL __assert_fail (external)
  |
  `- 
51330: PUSH Reg R13 2
51332: PUSH Reg R12 2
51334: MOV Reg R13, Reg RDI 3
51337: PUSH Reg RBP 1
51338: PUSH Reg RBX 1
51339: LEA Reg R12, Address (SizeDir 64 (AddrPlus (FromReg RIP) (AddrImm 317496))) 7
51340: SUB Reg RSP, Immediate 8 4
51344: CALL atfork_lock (internal)
  |
  `- 50d60
51349: MOV Reg RBX, Address (SizeDir 64 (AddrPlus (FromReg RIP) (AddrImm 2620736))) 7
51350: TEST Reg RBX, Reg RBX 3
51353: JNE 51370 (resolved immediate)
  |
  `- 51355,51370
51355: JMP 513d0 (resolved immediate)
  |
  `- 513d0
51360: MOV Reg RDI, Reg RBX 3
51363: MOV Reg RBX, Reg RBP 3
51366: CALL free (external)
5136b: TEST Reg RBP, Reg RBP 3
5136e: JE 513d0 (resolved immediate)
  |
  `- 51370,513d0
51370: MOV Reg EDI, Address (SizeDir 32 (AddrPlus (FromReg RBX) (AddrImm 16))) 3
51373: MOV Reg RBP, Address (SizeDir 64 (FromReg RBX)) 3
51376: TEST Reg EDI, Reg EDI 2
51378: JS 51360 (resolved immediate)
  |
  `- 51360,5137a
5137a: CALL close (external)
5137f: TEST Reg EAX, Reg EAX 2
51381: JE 51360 (resolved immediate)
  |
  `- 51360,51383
51383: CALL __errno_location (external)
51388: MOV Reg EDX, Address (SizeDir 32 (AddrPlus (FromReg RBX) (AddrImm 16))) 3
5138b: SUB Reg RSP, Immediate 8 4
5138f: LEA Reg R9, Address (SizeDir 64 (AddrPlus (FromReg RIP) (AddrImm 318506))) 7
51396: LEA Reg RCX, Address (SizeDir 64 (AddrPlus (FromReg RIP) (AddrImm 317145))) 7
5139d: MOV Reg R8D, Immediate 150 6
513a3: MOV Reg ESI, Immediate 7 5
513a8: MOV Reg RDI, Reg R13 3
513ab: PUSH Reg RDX 1
513ac: PUSH Reg R12 2
513ae: PUSH Immediate 18446744073709551615 2
513b0: MOV Reg EDX, Address (SizeDir 32 (FromReg RAX)) 2
513b2: XOR Reg EAX, Reg EAX 2
513b4: CALL libxl__log (internal)
  |
  `- 3c110
513b9: ADD Reg RSP, Immediate 32 4
513bd: MOV Reg RDI, Reg RBX 3
513c0: MOV Reg RBX, Reg RBP 3
513c3: CALL free (external)
513c8: TEST Reg RBP, Reg RBP 3
513cb: JNE 51370 (resolved immediate)
  |
  `- 51370,513cd
513cd: NOP  3
513d0: CMP Address (SizeDir 8 (AddrPlus (FromReg RIP) (AddrImm 2620593))), Immediate 0 7
513d7: MOV Address (SizeDir 64 (AddrPlus (FromReg RIP) (AddrImm 2620590))), Immediate 0 11
513e2: JE 513fe (resolved immediate)
  |
  `- 513e4,513fe
513e4: CALL defer_sigchld (internal)
  |
  `- 50ee0
513e9: MOV Address (SizeDir 64 (AddrPlus (FromReg RIP) (AddrImm 2620516))), Immediate 0 11
513f4: CALL release_sigchld (internal)
  |
  `- 510e0
513f9: CALL sigchld_removehandler_core (internal)
  |
  `- 50f50
513fe: ADD Reg RSP, Immediate 8 4
51402: POP Reg RBX 1
51403: POP Reg RBP 1
51404: POP Reg R12 2
51406: POP Reg R13 2
51408: JMP 50dd0 (resolved immediate)
  |
  `- 50dd0
