Number of assembly instructions     = 19
Number of indirect branches         = 1
Number of unresolved indirect jumps = 0: 
Number of unresolved indirect calls = 0: 
Number of symbolic states (representative of non-determinism): 27
Number of edges: 66

889b0 (False): 0

889b0: CMP Reg EDI, Immediate 4 3
889b3: JA 88a20 (resolved immediate)
  |
  `- 889b5,88a20
889b5: LEA Reg RDX, Address (AddrPlus (FromReg RIP) (AddrImm 129092)) 7
889bc: MOV Reg EDI, Reg EDI 2
889be: MOVSXD Reg RAX, Address (SizeDir 32 (AddrPlus (FromReg RDX) (AddrTimes (AddrImm 4) (FromReg RDI)))) 4
889c2: ADD Reg RAX, Reg RDX 3
889c5: JMP Reg RAX 2
  |
  `- 88a10,88a00,889f0,889e0,889d0
889d0: LEA Reg RAX, Address (AddrPlus (FromReg RIP) (AddrImm 123690)) 7
889d7: RET  1
  |
  `- 
889e0: LEA Reg RAX, Address (AddrPlus (FromReg RIP) (AddrImm 125000)) 7
889e7: RET  1
  |
  `- 
889f0: LEA Reg RAX, Address (AddrPlus (FromReg RIP) (AddrImm 124973)) 7
889f7: RET  1
  |
  `- 
88a00: LEA Reg RAX, Address (AddrPlus (FromReg RIP) (AddrImm 124964)) 7
88a07: RET  1
  |
  `- 
88a10: LEA Reg RAX, Address (AddrPlus (FromReg RIP) (AddrImm 48422)) 7
88a17: RET  1
  |
  `- 
88a20: XOR Reg EAX, Reg EAX 2
88a22: RET  1
  |
  `- 
