Number of assembly instructions     = 82
Number of indirect branches         = 0
Number of unresolved indirect jumps = 0: 
Number of unresolved indirect calls = 0: 
Number of symbolic states (representative of non-determinism): 82
Number of edges: 83

3bdb0 (True): 7e993
7e900 (False): 0

3bdb0: PUSH Reg R12 2
3bdb2: PUSH Reg RBP 1
3bdb3: PUSH Reg RBX 1
3bdb4: MOV Reg EAX, Address (SizeDir 32 (FromReg RDI)) 2
3bdb6: TEST Reg EAX, Reg EAX 2
3bdb8: JS 3be14 (resolved immediate)
  |
  `- 3bdba,3be14
3bdba: MOV Reg R12, Reg RDI 3
3bdbd: MOV Reg EBP, Immediate 0 5
3bdc2: MOV Reg EBX, Immediate 0 5
3bdc7: JE 3bdf4 (resolved immediate)
  |
  `- 3bdc9,3bdf4
3bdc9: NOP  7
3bdd0: MOV Reg RAX, Address (SizeDir 64 (AddrPlus (FromReg R12) (AddrImm 8))) 5
3bdd5: ADD Reg EBX, Immediate 1 3
3bdd8: ADD Reg RAX, Reg RBP 3
3bddb: ADD Reg RBP, Immediate 8 4
3bddf: MOV Reg RDI, Address (SizeDir 64 (FromReg RAX)) 3
3bde2: MOV Address (SizeDir 64 (FromReg RAX)), Immediate 0 7
3bde9: CALL free (external)
3bdee: CMP Address (SizeDir 32 (FromReg R12)), Reg EBX 4
3bdf2: JG 3bdd0 (resolved immediate)
  |
  `- 3bdd0,3bdf4
3bdf4: MOV Reg RDI, Address (SizeDir 64 (AddrPlus (FromReg R12) (AddrImm 8))) 5
3bdf9: CALL free (external)
3bdfe: MOV Address (SizeDir 64 (AddrPlus (FromReg R12) (AddrImm 8))), Immediate 0 9
3be07: MOV Address (SizeDir 32 (FromReg R12)), Immediate 0 8
3be0f: POP Reg RBX 1
3be10: POP Reg RBP 1
3be11: POP Reg R12 2
3be13: RET  1
  |
  `- 
3be14: LEA Reg RCX, Address (SizeDir 64 (AddrPlus (FromReg RIP) (AddrImm 387253))) 7
3be1b: LEA Reg RSI, Address (SizeDir 64 (AddrPlus (FromReg RIP) (AddrImm 386238))) 7
3be22: LEA Reg RDI, Address (SizeDir 64 (AddrPlus (FromReg RIP) (AddrImm 386248))) 7
3be29: MOV Reg EDX, Immediate 80 5
3be2e: CALL __assert_fail (external)
  |
  `- 
7e900: PUSH Reg R12 2
7e902: PUSH Reg RBP 1
7e903: MOV Reg R12, Reg RDI 3
7e906: PUSH Reg RBX 1
7e907: MOV Reg RBX, Reg RDX 3
7e90a: MOV Reg RBP, Reg RSI 3
7e90d: SUB Reg RSP, Immediate 32 4
7e911: MOV Reg RAX, Address (SizeDir 64 (AddrPlus (FromReg FS) (AddrImm 40))) 9
7e91a: MOV Address (SizeDir 64 (AddrPlus (FromReg RSP) (AddrImm 24))), Reg RAX 5
7e91f: XOR Reg EAX, Reg EAX 2
7e921: MOV Address (SizeDir 64 (AddrPlus (FromReg RSP) (AddrImm 16))), Reg RDI 5
7e926: MOV Address (SizeDir 32 (FromReg RSP)), Immediate 0 7
7e92d: MOV Address (SizeDir 64 (AddrPlus (FromReg RSP) (AddrImm 8))), Immediate 0 9
7e936: CALL libxl_string_copy (external)
7e93b: MOV Reg EAX, Address (SizeDir 32 (AddrPlus (FromReg RBX) (AddrImm 8))) 3
7e93e: LEA Reg RDX, Address (SizeDir 64 (AddrPlus (FromReg RBX) (AddrImm 16))) 4
7e942: LEA Reg RSI, Address (SizeDir 64 (AddrPlus (FromReg RBP) (AddrImm 16))) 4
7e946: MOV Reg RDI, Reg R12 3
7e949: MOV Address (SizeDir 32 (AddrPlus (FromReg RBP) (AddrImm 8))), Reg EAX 3
7e94c: CALL libxl_string_copy (external)
7e951: MOV Reg EAX, Address (SizeDir 32 (AddrPlus (FromReg RBX) (AddrImm 24))) 3
7e954: MOV Address (SizeDir 32 (AddrPlus (FromReg RBP) (AddrImm 24))), Reg EAX 3
7e957: MOV Reg EAX, Address (SizeDir 32 (AddrPlus (FromReg RBX) (AddrImm 28))) 3
7e95a: MOV Address (SizeDir 32 (AddrPlus (FromReg RBP) (AddrImm 28))), Reg EAX 3
7e95d: MOV Reg EAX, Address (SizeDir 32 (AddrPlus (FromReg RBX) (AddrImm 32))) 3
7e960: MOV Address (SizeDir 32 (AddrPlus (FromReg RBP) (AddrImm 32))), Reg EAX 3
7e963: MOV Reg EAX, Address (SizeDir 32 (AddrPlus (FromReg RBX) (AddrImm 36))) 3
7e966: MOV Address (SizeDir 32 (AddrPlus (FromReg RBP) (AddrImm 36))), Reg EAX 3
7e969: MOV Reg EAX, Address (SizeDir 32 (AddrPlus (FromReg RBX) (AddrImm 40))) 3
7e96c: MOV Address (SizeDir 32 (AddrPlus (FromReg RBP) (AddrImm 40))), Reg EAX 3
7e96f: MOV Reg EAX, Address (SizeDir 32 (AddrPlus (FromReg RBX) (AddrImm 44))) 3
7e972: MOV Address (SizeDir 32 (AddrPlus (FromReg RBP) (AddrImm 44))), Reg EAX 3
7e975: CMP Address (SizeDir 32 (AddrPlus (FromReg RBX) (AddrImm 44))), Immediate 1 4
7e979: JNE 7e98b (resolved immediate)
  |
  `- 7e97b,7e98b
7e97b: LEA Reg RDX, Address (SizeDir 64 (AddrPlus (FromReg RBX) (AddrImm 48))) 4
7e97f: LEA Reg RSI, Address (SizeDir 64 (AddrPlus (FromReg RBP) (AddrImm 48))) 4
7e983: MOV Reg RDI, Reg R12 3
7e986: CALL libxl_string_copy (external)
7e98b: MOV Reg RDI, Reg RSP 3
7e98e: CALL libxl__free_all (internal)
  |
  `- 3bdb0
7e993: MOV Reg RAX, Address (SizeDir 64 (AddrPlus (FromReg RSP) (AddrImm 24))) 5
7e998: XOR Reg RAX, Address (SizeDir 64 (AddrPlus (FromReg FS) (AddrImm 40))) 9
7e9a1: JNE 7e9ac (resolved immediate)
  |
  `- 7e9a3,7e9ac
7e9a3: ADD Reg RSP, Immediate 32 4
7e9a7: POP Reg RBX 1
7e9a8: POP Reg RBP 1
7e9a9: POP Reg R12 2
7e9ab: RET  1
  |
  `- 
7e9ac: CALL __stack_chk_fail (external)
  |
  `- 
