Number of assembly instructions     = 9
Number of indirect branches         = 0
Number of unresolved indirect jumps = 0: 
Number of unresolved indirect calls = 0: 
Number of symbolic states (representative of non-determinism): 9
Number of edges: 9

88e50 (False): 0

88e50: TEST Reg RSI, Reg RSI 3
88e53: JZ 88e5a (resolved immediate)
  |
  `- 88e55,88e5a
88e55: CMP Address (SizeDir 32 (FromReg RSI)), Immediate 32 3
88e58: JZ 88e60 (resolved immediate)
  |
  `- 88e5a,88e60
88e5a: MOV Reg EAX, Immediate 4294967295 5
88e5f: RET  1
  |
  `- 
88e60: MOV Reg RDI, Address (SizeDir 64 (AddrPlus (FromReg RSI) (AddrImm 8))) 4
88e64: MOV Reg RSI, Reg RDX 3
88e67: JMP libxl_vuart_type_from_string (jmp to external function)
  |
  `- 
