Number of assembly instructions     = 1069
Number of indirect branches         = 6
Number of unresolved indirect jumps = 1: 4ddc6
Number of unresolved indirect calls = 5: 4dba1, 4eb1a, 4eb81, 4ebf8, 4ece3
Number of symbolic states (representative of non-determinism): 1131
Number of edges: 1305

3bdb0 (True): 4cd44, 4ef92
3be40 (True): 3c1a9
3c110 (True): 3c211, 3c274, 4cce0, 4db7b, 4dc37, 4e9b2, 4eb04, 4eb6e, 4ebe4, 4ecd4
3c1d0 (False): 3c39c, 3c45b
3c2a0 (True): 3c43a
3c410 (True): 4e2d5
4cc40 (False): 4efe8
4cc70 (False): 4efc4
4cd60 (True): 4ed07
4db10 (True): 4dd42, 4e694
4dc70 (True): 4dda7
4dd90 (True): 4efb8
4e2b0 (True): 4ea24
4e650 (True): 4e70b, 4e9f8
4e6a0 (True): 4ea3a
4e910 (True): 4ec2f
4ea90 (True): 4ef8a
4eee0 (False): 0

3bdb0: PUSH Reg R12 2
3bdb2: PUSH Reg RBP 1
3bdb3: PUSH Reg RBX 1
3bdb4: MOV Reg EAX, Address (SizeDir 32 (FromReg RDI)) 2
3bdb6: TEST Reg EAX, Reg EAX 2
3bdb8: JS 3be14 (resolved immediate)
  |
  `- 3bdba,3be14
3bdba: MOV Reg R12, Reg RDI 3
3bdbd: MOV Reg EBP, Immediate 0 5
3bdc2: MOV Reg EBX, Immediate 0 5
3bdc7: JZ 3bdf4 (resolved immediate)
  |
  `- 3bdc9,3bdf4
3bdc9: NOP  7
3bdd0: MOV Reg RAX, Address (SizeDir 64 (AddrPlus (FromReg R12) (AddrImm 8))) 5
3bdd5: ADD Reg EBX, Immediate 1 3
3bdd8: ADD Reg RAX, Reg RBP 3
3bddb: ADD Reg RBP, Immediate 8 4
3bddf: MOV Reg RDI, Address (SizeDir 64 (FromReg RAX)) 3
3bde2: MOV Address (SizeDir 64 (FromReg RAX)), Immediate 0 7
3bde9: CALL free (external)
3bdee: CMP Address (SizeDir 32 (FromReg R12)), Reg EBX 4
3bdf2: JG 3bdd0 (resolved immediate)
  |
  `- 3bdd0,3bdf4
3bdf4: MOV Reg RDI, Address (SizeDir 64 (AddrPlus (FromReg R12) (AddrImm 8))) 5
3bdf9: CALL free (external)
3bdfe: MOV Address (SizeDir 64 (AddrPlus (FromReg R12) (AddrImm 8))), Immediate 0 9
3be07: MOV Address (SizeDir 32 (FromReg R12)), Immediate 0 8
3be0f: POP Reg RBX 1
3be10: POP Reg RBP 1
3be11: POP Reg R12 2
3be13: RET  1
  |
  `- 
3be14: LEA Reg RCX, Address (AddrPlus (FromReg RIP) (AddrImm 387253)) 7
3be1b: LEA Reg RSI, Address (AddrPlus (FromReg RIP) (AddrImm 386238)) 7
3be22: LEA Reg RDI, Address (AddrPlus (FromReg RIP) (AddrImm 386248)) 7
3be29: MOV Reg EDX, Immediate 80 5
3be2e: CALL __assert_fail (external)
  |
  `- 
3be40: PUSH Reg R15 2
3be42: PUSH Reg R14 2
3be44: MOV Reg R15, Reg RDI 3
3be47: PUSH Reg R13 2
3be49: PUSH Reg R12 2
3be4b: MOV Reg R12, Reg RCX 3
3be4e: PUSH Reg RBP 1
3be4f: PUSH Reg RBX 1
3be50: MOV Reg EBP, Reg R8D 3
3be53: MOV Reg RBX, Reg R9 3
3be56: SUB Reg RSP, Immediate 584 7
3be5d: MOV Address (SizeDir 32 (AddrPlus (FromReg RSP) (AddrImm 4))), Reg ESI 4
3be61: MOV Address (SizeDir 32 (AddrPlus (FromReg RSP) (AddrImm 8))), Reg EDX 4
3be65: MOV Reg RAX, Address (SizeDir 64 (AddrPlus (FromReg FS) (AddrImm 40))) 9
3be6e: MOV Address (SizeDir 64 (AddrPlus (FromReg RSP) (AddrImm 568))), Reg RAX 8
3be76: XOR Reg EAX, Reg EAX 2
3be78: MOV Address (SizeDir 64 (AddrPlus (FromReg RSP) (AddrImm 40))), Immediate 0 9
3be81: CALL __errno_location (external)
3be86: MOV Reg RCX, Address (SizeDir 64 (AddrPlus (FromReg RSP) (AddrImm 656))) 8
3be8e: MOV Reg RDX, Address (SizeDir 64 (AddrPlus (FromReg RSP) (AddrImm 648))) 8
3be96: LEA Reg RDI, Address (AddrPlus (FromReg RSP) (AddrImm 40)) 5
3be9b: MOV Reg ESI, Immediate 1 5
3bea0: MOV Reg R13, Reg RAX 3
3bea3: MOV Reg R14D, Address (SizeDir 32 (FromReg RAX)) 3
3bea6: CALL __vasprintf_chk (external)
3beab: TEST Reg RBX, Reg RBX 3
3beae: SETNZ Address (SizeDir 8 (AddrPlus (FromReg RSP) (AddrImm 15))) 5
3beb3: TEST Reg EAX, Reg EAX 2
3beb5: JS 3c0a0 (resolved immediate)
  |
  `- 3bebb,3c0a0
3bebb: TEST Reg R12, Reg R12 3
3bebe: MOV Address (SizeDir 8 (AddrPlus (FromReg RSP) (AddrImm 48))), Immediate 0 5
3bec3: JZ 3bf50 (resolved immediate)
  |
  `- 3bec9,3bf50
3bec9: LEA Reg R10, Address (AddrPlus (FromReg RSP) (AddrImm 48)) 5
3bece: SUB Reg RSP, Immediate 8 4
3bed2: LEA Reg R8, Address (AddrPlus (FromReg RIP) (AddrImm 362554)) 7
3bed9: PUSH Reg RBP 1
3beda: MOV Reg EDX, Immediate 1 5
3bedf: XOR Reg EAX, Reg EAX 2
3bee1: MOV Reg RDI, Reg R10 3
3bee4: MOV Reg R9, Reg R12 3
3bee7: MOV Reg ECX, Immediate 256 5
3beec: MOV Reg ESI, Immediate 256 5
3bef1: MOV Address (SizeDir 64 (AddrPlus (FromReg RSP) (AddrImm 32))), Reg R10 5
3bef6: CALL __snprintf_chk (external)
3befb: MOV Address (SizeDir 8 (AddrPlus (FromReg RSP) (AddrImm 319))), Immediate 0 8
3bf03: MOV Address (SizeDir 8 (AddrPlus (FromReg RSP) (AddrImm 320))), Immediate 0 8
3bf0b: POP Reg RAX 1
3bf0c: POP Reg RDX 1
3bf0d: CMP Address (SizeDir 32 (AddrPlus (FromReg RSP) (AddrImm 640))), Immediate 4294967295 8
3bf15: MOV Reg R10, Address (SizeDir 64 (AddrPlus (FromReg RSP) (AddrImm 16))) 5
3bf1a: JNZ 3bfc0 (resolved immediate)
  |
  `- 3bf20,3bfc0
3bf20: TEST Reg RBX, Reg RBX 3
3bf23: MOV Reg RCX, Address (SizeDir 64 (AddrPlus (FromReg RSP) (AddrImm 40))) 5
3bf28: JZ 3c0c6 (resolved immediate)
  |
  `- 3bf2e,3c0c6
3bf2e: LEA Reg RDX, Address (AddrPlus (FromReg RIP) (AddrImm 386002)) 7
3bf35: LEA Reg RAX, Address (AddrPlus (FromReg RIP) (AddrImm 408678)) 7
3bf3c: LEA Reg RBP, Address (AddrPlus (FromReg RIP) (AddrImm 386109)) 7
3bf43: LEA Reg R11, Address (AddrPlus (FromReg RSP) (AddrImm 304)) 8
3bf4b: JMP 3c031 (resolved immediate)
  |
  `- 3c031
3bf50: CMP Address (SizeDir 32 (AddrPlus (FromReg RSP) (AddrImm 640))), Immediate 4294967295 8
3bf58: MOV Address (SizeDir 8 (AddrPlus (FromReg RSP) (AddrImm 303))), Immediate 0 8
3bf60: LEA Reg R10, Address (AddrPlus (FromReg RSP) (AddrImm 48)) 5
3bf65: MOV Address (SizeDir 8 (AddrPlus (FromReg RSP) (AddrImm 304))), Immediate 0 8
3bf6d: JNZ 3bfc0 (resolved immediate)
  |
  `- 3bf6f,3bfc0
3bf6f: TEST Reg R12, Reg R12 3
3bf72: MOV Reg RCX, Address (SizeDir 64 (AddrPlus (FromReg RSP) (AddrImm 40))) 5
3bf77: LEA Reg RBP, Address (AddrPlus (FromReg RIP) (AddrImm 386050)) 7
3bf7e: LEA Reg R10, Address (AddrPlus (FromReg RSP) (AddrImm 48)) 5
3bf83: LEA Reg R11, Address (AddrPlus (FromReg RSP) (AddrImm 304)) 8
3bf8b: JZ 3c019 (resolved immediate)
  |
  `- 3c019
3bf98: TEST Reg RBX, Reg RBX 3
3bf9b: JZ 3c0eb (resolved immediate)
  |
  `- 3bfa1,3c0eb
3bfa1: LEA Reg RAX, Address (AddrPlus (FromReg RIP) (AddrImm 396536)) 7
3bfa8: LEA Reg RSI, Address (AddrPlus (FromReg RIP) (AddrImm 408563)) 7
3bfaf: TEST Reg R12, Reg R12 3
3bfb2: LEA Reg RDX, Address (AddrPlus (FromReg RIP) (AddrImm 385870)) 7
3bfb9: CMOVNZ Reg RAX, Reg RSI 4
3bfbd: JMP 3c031 (resolved immediate)
  |
  `- 3c031
3bfc0: LEA Reg R11, Address (AddrPlus (FromReg RSP) (AddrImm 304)) 8
3bfc8: MOV Reg R9D, Address (SizeDir 32 (AddrPlus (FromReg RSP) (AddrImm 640))) 8
3bfd0: LEA Reg R8, Address (AddrPlus (FromReg RIP) (AddrImm 385843)) 7
3bfd7: MOV Reg ECX, Immediate 256 5
3bfdc: MOV Reg EDX, Immediate 1 5
3bfe1: MOV Reg ESI, Immediate 256 5
3bfe6: MOV Reg RDI, Reg R11 3
3bfe9: XOR Reg EAX, Reg EAX 2
3bfeb: MOV Address (SizeDir 64 (AddrPlus (FromReg RSP) (AddrImm 24))), Reg R10 5
3bff0: MOV Address (SizeDir 64 (AddrPlus (FromReg RSP) (AddrImm 16))), Reg R11 5
3bff5: LEA Reg RBP, Address (AddrPlus (FromReg RIP) (AddrImm 385924)) 7
3bffc: CALL __snprintf_chk (external)
3c001: MOV Reg RCX, Address (SizeDir 64 (AddrPlus (FromReg RSP) (AddrImm 40))) 5
3c006: MOV Reg R11, Address (SizeDir 64 (AddrPlus (FromReg RSP) (AddrImm 16))) 5
3c00b: MOV Reg R10, Address (SizeDir 64 (AddrPlus (FromReg RSP) (AddrImm 24))) 5
3c010: TEST Reg R12, Reg R12 3
3c013: JNZ 3bf98 (resolved immediate)
  |
  `- 3bf98,3c019
3c019: CMP Address (SizeDir 8 (AddrPlus (FromReg RSP) (AddrImm 15))), Immediate 0 5
3c01e: JNZ 3bf98 (resolved immediate)
  |
  `- 3bf98,3c024
3c024: LEA Reg RBX, Address (AddrPlus (FromReg RIP) (AddrImm 396405)) 7
3c02b: MOV Reg RDX, Reg RBX 3
3c02e: MOV Reg RAX, Reg RBX 3
3c031: SUB Reg RSP, Immediate 8 4
3c035: MOV Reg RDI, Address (SizeDir 64 (FromReg R15)) 3
3c038: LEA Reg R8, Address (AddrPlus (FromReg RIP) (AddrImm 385750)) 7
3c03f: PUSH Reg RCX 1
3c040: PUSH Reg R11 2
3c042: LEA Reg RCX, Address (AddrPlus (FromReg RIP) (AddrImm 358278)) 7
3c049: PUSH Reg RDX 1
3c04a: PUSH Reg RBX 1
3c04b: MOV Reg R9, Reg R10 3
3c04e: PUSH Reg RAX 1
3c04f: MOV Reg EDX, Address (SizeDir 32 (AddrPlus (FromReg RSP) (AddrImm 56))) 4
3c053: XOR Reg EAX, Reg EAX 2
3c055: MOV Reg ESI, Address (SizeDir 32 (AddrPlus (FromReg RSP) (AddrImm 52))) 4
3c059: CALL xtl_log (external)
3c05e: MOV Reg RDI, Address (SizeDir 64 (AddrPlus (FromReg RSP) (AddrImm 88))) 5
3c063: ADD Reg RSP, Immediate 48 4
3c067: CMP Reg RDI, Reg RBP 3
3c06a: JZ 3c071 (resolved immediate)
  |
  `- 3c06c,3c071
3c06c: CALL free (external)
3c071: MOV Reg RAX, Address (SizeDir 64 (AddrPlus (FromReg RSP) (AddrImm 568))) 8
3c079: XOR Reg RAX, Address (SizeDir 64 (AddrPlus (FromReg FS) (AddrImm 40))) 9
3c082: MOV Address (SizeDir 32 (AddrPlus (FromReg R13) (AddrImm 0))), Reg R14D 4
3c086: JNZ 3c0c1 (resolved immediate)
  |
  `- 3c088,3c0c1
3c088: ADD Reg RSP, Immediate 584 7
3c08f: POP Reg RBX 1
3c090: POP Reg RBP 1
3c091: POP Reg R12 2
3c093: POP Reg R13 2
3c095: POP Reg R14 2
3c097: POP Reg R15 2
3c099: RET  1
  |
  `- 
3c0a0: LEA Reg RBP, Address (AddrPlus (FromReg RIP) (AddrImm 385753)) 7
3c0a7: LEA Reg R10, Address (AddrPlus (FromReg RSP) (AddrImm 48)) 5
3c0ac: LEA Reg R11, Address (AddrPlus (FromReg RSP) (AddrImm 304)) 8
3c0b4: MOV Address (SizeDir 64 (AddrPlus (FromReg RSP) (AddrImm 40))), Reg RBP 5
3c0b9: MOV Reg RCX, Reg RBP 3
3c0bc: JMP 3c010 (resolved immediate)
  |
  `- 3c010
3c0c1: CALL __stack_chk_fail (external)
  |
  `- 
3c0c6: LEA Reg RBX, Address (AddrPlus (FromReg RIP) (AddrImm 396243)) 7
3c0cd: LEA Reg RDX, Address (AddrPlus (FromReg RIP) (AddrImm 385587)) 7
3c0d4: LEA Reg RBP, Address (AddrPlus (FromReg RIP) (AddrImm 385701)) 7
3c0db: LEA Reg R11, Address (AddrPlus (FromReg RSP) (AddrImm 304)) 8
3c0e3: MOV Reg RAX, Reg RBX 3
3c0e6: JMP 3c031 (resolved immediate)
  |
  `- 3c031
3c0eb: LEA Reg RBX, Address (AddrPlus (FromReg RIP) (AddrImm 396206)) 7
3c0f2: LEA Reg RDX, Address (AddrPlus (FromReg RIP) (AddrImm 385550)) 7
3c0f9: MOV Reg RAX, Reg RBX 3
3c0fc: JMP 3c031 (resolved immediate)
  |
  `- 3c031
3c110: SUB Reg RSP, Immediate 216 7
3c117: TEST Reg AL, Reg AL 2
3c119: MOV Reg R10, Address (SizeDir 64 (AddrPlus (FromReg RSP) (AddrImm 232))) 8
3c121: JZ 3c15a (resolved immediate)
  |
  `- 3c123,3c15a
3c123: MOVAPS Address (SizeDir 128 (AddrPlus (FromReg RSP) (AddrImm 80))), Reg XMM0 5
3c128: MOVAPS Address (SizeDir 128 (AddrPlus (FromReg RSP) (AddrImm 96))), Reg XMM1 5
3c12d: MOVAPS Address (SizeDir 128 (AddrPlus (FromReg RSP) (AddrImm 112))), Reg XMM2 5
3c132: MOVAPS Address (SizeDir 128 (AddrPlus (FromReg RSP) (AddrImm 128))), Reg XMM3 8
3c13a: MOVAPS Address (SizeDir 128 (AddrPlus (FromReg RSP) (AddrImm 144))), Reg XMM4 8
3c142: MOVAPS Address (SizeDir 128 (AddrPlus (FromReg RSP) (AddrImm 160))), Reg XMM5 8
3c14a: MOVAPS Address (SizeDir 128 (AddrPlus (FromReg RSP) (AddrImm 176))), Reg XMM6 8
3c152: MOVAPS Address (SizeDir 128 (AddrPlus (FromReg RSP) (AddrImm 192))), Reg XMM7 8
3c15a: MOV Reg RAX, Address (SizeDir 64 (AddrPlus (FromReg FS) (AddrImm 40))) 9
3c163: MOV Address (SizeDir 64 (AddrPlus (FromReg RSP) (AddrImm 24))), Reg RAX 5
3c168: XOR Reg EAX, Reg EAX 2
3c16a: LEA Reg RAX, Address (AddrPlus (FromReg RSP) (AddrImm 240)) 8
3c172: MOV Address (SizeDir 64 (AddrPlus (FromReg RSP) (AddrImm 8))), Reg RAX 5
3c177: LEA Reg RAX, Address (AddrPlus (FromReg RSP) (AddrImm 32)) 5
3c17c: MOV Address (SizeDir 32 (FromReg RSP)), Immediate 48 7
3c183: MOV Address (SizeDir 32 (AddrPlus (FromReg RSP) (AddrImm 4))), Immediate 48 8
3c18b: SUB Reg RSP, Immediate 8 4
3c18f: MOV Address (SizeDir 64 (AddrPlus (FromReg RSP) (AddrImm 24))), Reg RAX 5
3c194: LEA Reg RAX, Address (AddrPlus (FromReg RSP) (AddrImm 8)) 5
3c199: PUSH Reg RAX 1
3c19a: PUSH Reg R10 2
3c19c: MOV Reg EAX, Address (SizeDir 32 (AddrPlus (FromReg RSP) (AddrImm 248))) 7
3c1a3: PUSH Reg RAX 1
3c1a4: CALL libxl__logv (internal)
  |
  `- 3be40
3c1a9: ADD Reg RSP, Immediate 32 4
3c1ad: MOV Reg RAX, Address (SizeDir 64 (AddrPlus (FromReg RSP) (AddrImm 24))) 5
3c1b2: XOR Reg RAX, Address (SizeDir 64 (AddrPlus (FromReg FS) (AddrImm 40))) 9
3c1bb: JNZ 3c1c5 (resolved immediate)
  |
  `- 3c1bd,3c1c5
3c1bd: ADD Reg RSP, Immediate 216 7
3c1c4: RET  1
  |
  `- 
3c1c5: CALL __stack_chk_fail (external)
  |
  `- 
3c1d0: TEST Reg RCX, Reg RCX 3
3c1d3: PUSH Reg R14 2
3c1d5: PUSH Reg R13 2
3c1d7: PUSH Reg R12 2
3c1d9: PUSH Reg RBP 1
3c1da: PUSH Reg RBX 1
3c1db: MOV Reg RBX, Reg RSI 3
3c1de: JZ 3c24b (resolved immediate)
  |
  `- 3c1e0,3c24b
3c1e0: LEA Reg R14, Address (AddrPlus (FromReg RIP) (AddrImm 385473)) 7
3c1e7: SUB Reg RSP, Immediate 8 4
3c1eb: MOV Reg R9, Reg RSI 3
3c1ee: PUSH Reg RCX 1
3c1ef: PUSH Reg RDX 1
3c1f0: MOV Reg R13, Reg RDX 3
3c1f3: PUSH Reg RSI 1
3c1f4: PUSH Reg R14 2
3c1f6: MOV Reg R12, Reg RCX 3
3c1f9: PUSH Immediate 18446744073709551615 2
3c1fb: XOR Reg R8D, Reg R8D 3
3c1fe: XOR Reg ECX, Reg ECX 2
3c200: MOV Reg EDX, Immediate 12 5
3c205: MOV Reg ESI, Immediate 9 5
3c20a: XOR Reg EAX, Reg EAX 2
3c20c: CALL libxl__log (internal)
3c211: MOV Reg RBP, Address (SizeDir 64 (AddrPlus (FromReg RIP) (AddrImm 2665928))) 7
3c218: ADD Reg RSP, Immediate 48 4
3c21c: MOV Reg R9, Reg R12 3
3c21f: MOV Reg R8, Reg R13 3
3c222: MOV Reg RCX, Reg RBX 3
3c225: MOV Reg RDX, Reg R14 3
3c228: MOV Reg ESI, Immediate 1 5
3c22d: XOR Reg EAX, Reg EAX 2
3c22f: MOV Reg RDI, Address (SizeDir 64 (AddrPlus (FromReg RBP) (AddrImm 0))) 4
3c233: CALL __fprintf_chk (external)
3c238: MOV Reg RDI, Address (SizeDir 64 (AddrPlus (FromReg RBP) (AddrImm 0))) 4
3c23c: CALL fflush (external)
3c241: MOV Reg EDI, Immediate 4294967295 5
3c246: CALL _exit (external)
  |
  `- 
3c24b: LEA Reg R12, Address (AddrPlus (FromReg RIP) (AddrImm 385430)) 7
3c252: SUB Reg RSP, Immediate 8 4
3c256: MOV Reg R9, Reg RSI 3
3c259: PUSH Reg RSI 1
3c25a: XOR Reg ECX, Reg ECX 2
3c25c: XOR Reg EAX, Reg EAX 2
3c25e: PUSH Reg R12 2
3c260: PUSH Immediate 18446744073709551615 2
3c262: XOR Reg R8D, Reg R8D 3
3c265: MOV Reg EDX, Immediate 12 5
3c26a: MOV Reg ESI, Immediate 9 5
3c26f: CALL libxl__log (internal)
3c274: MOV Reg RBP, Address (SizeDir 64 (AddrPlus (FromReg RIP) (AddrImm 2665829))) 7
3c27b: ADD Reg RSP, Immediate 32 4
3c27f: MOV Reg RCX, Reg RBX 3
3c282: MOV Reg RDX, Reg R12 3
3c285: MOV Reg ESI, Immediate 1 5
3c28a: XOR Reg EAX, Reg EAX 2
3c28c: MOV Reg RDI, Address (SizeDir 64 (AddrPlus (FromReg RBP) (AddrImm 0))) 4
3c290: CALL __fprintf_chk (external)
3c295: JMP 3c238 (resolved immediate)
  |
  `- 3c238
3c2a0: MOV Reg R8D, Address (SizeDir 32 (FromReg RDI)) 3
3c2a3: TEST Reg R8D, Reg R8D 3
3c2a6: JS 3c378 (resolved immediate)
  |
  `- 3c2ac,3c378
3c2ac: TEST Reg RSI, Reg RSI 3
3c2af: JZ 3c378 (resolved immediate)
  |
  `- 3c2b5,3c378
3c2b5: TEST Reg R8D, Reg R8D 3
3c2b8: JZ 3c2f7 (resolved immediate)
  |
  `- 3c2ba,3c2f7
3c2ba: MOV Reg RDX, Address (SizeDir 64 (AddrPlus (FromReg RDI) (AddrImm 8))) 4
3c2be: CMP Address (SizeDir 64 (FromReg RDX)), Immediate 0 4
3c2c2: JZ 3c380 (resolved immediate)
  |
  `- 3c2c8,3c380
3c2c8: LEA Reg RAX, Address (AddrPlus (FromReg RDX) (AddrImm 8)) 4
3c2cc: LEA Reg EDX, Address (AddrMinus (FromReg R8) (AddrImm 1)) 4
3c2d0: LEA Reg RCX, Address (AddrPlus (FromReg RAX) (AddrTimes (AddrImm 8) (FromReg RDX))) 4
3c2d4: JMP 3c2f2 (resolved immediate)
  |
  `- 3c2f2
3c2e0: MOV Reg RDX, Reg RAX 3
3c2e3: ADD Reg RAX, Immediate 8 4
3c2e7: CMP Address (SizeDir 64 (AddrMinus (FromReg RAX) (AddrImm 8))), Immediate 0 5
3c2ec: JZ 3c380 (resolved immediate)
  |
  `- 3c2f2,3c380
3c2f2: CMP Reg RAX, Reg RCX 3
3c2f5: JNZ 3c2e0 (resolved immediate)
  |
  `- 3c2e0,3c2f7
3c2f7: PUSH Reg R13 2
3c2f9: PUSH Reg R12 2
3c2fb: MOV Reg R12, Reg RSI 3
3c2fe: PUSH Reg RBP 1
3c2ff: LEA Reg EBP, Address (AddrPlus (AddrPlus (FromReg R8) (FromReg R8)) (AddrImm 25)) 5
3c304: PUSH Reg RBX 1
3c305: MOV Reg RBX, Reg RDI 3
3c308: SUB Reg RSP, Immediate 8 4
3c30c: CMP Reg EBP, Immediate 134217726 6
3c312: JG 3c39c (resolved immediate)
  |
  `- 3c318,3c39c
3c318: MOVSXD Reg R13, Reg EBP 3
3c31b: MOV Reg RDI, Address (SizeDir 64 (AddrPlus (FromReg RDI) (AddrImm 8))) 4
3c31f: LEA Reg RSI, Address (AddrPlus (AddrTimes (AddrImm 8) (FromReg R13)) (AddrImm 0)) 8
3c327: CALL realloc (external)
3c32c: TEST Reg RAX, Reg RAX 3
3c32f: MOV Address (SizeDir 64 (AddrPlus (FromReg RBX) (AddrImm 8))), Reg RAX 4
3c333: JZ 3c384 (resolved immediate)
  |
  `- 3c335,3c384
3c335: MOVSXD Reg RDX, Address (SizeDir 32 (FromReg RBX)) 3
3c338: LEA Reg ECX, Address (AddrPlus (FromReg RDX) (AddrImm 1)) 3
3c33b: MOV Address (SizeDir 32 (FromReg RBX)), Reg ECX 2
3c33d: MOV Address (SizeDir 64 (AddrPlus (FromReg RAX) (AddrTimes (AddrImm 8) (FromReg RDX)))), Reg R12 4
3c341: MOVSXD Reg RAX, Address (SizeDir 32 (FromReg RBX)) 3
3c344: CMP Reg EBP, Reg EAX 2
3c346: JLE 3c368 (resolved immediate)
  |
  `- 3c348,3c368
3c348: NOP  8
3c350: MOV Reg RDX, Address (SizeDir 64 (AddrPlus (FromReg RBX) (AddrImm 8))) 4
3c354: LEA Reg ECX, Address (AddrPlus (FromReg RAX) (AddrImm 1)) 3
3c357: MOV Address (SizeDir 32 (FromReg RBX)), Reg ECX 2
3c359: MOV Address (SizeDir 64 (AddrPlus (FromReg RDX) (AddrTimes (AddrImm 8) (FromReg RAX)))), Immediate 0 8
3c361: MOVSXD Reg RAX, Address (SizeDir 32 (FromReg RBX)) 3
3c364: CMP Reg EAX, Reg EBP 2
3c366: JL 3c350 (resolved immediate)
  |
  `- 3c350,3c368
3c368: ADD Reg RSP, Immediate 8 4
3c36c: POP Reg RBX 1
3c36d: POP Reg RBP 1
3c36e: POP Reg R12 2
3c370: POP Reg R13 2
3c372: RET  1
  |
  `- 
3c378: REPZ RET  2
  |
  `- 
3c380: MOV Address (SizeDir 64 (FromReg RDX)), Reg RSI 3
3c383: RET  1
  |
  `- 
3c384: MOV Reg RDI, Address (SizeDir 64 (AddrPlus (FromReg RBX) (AddrImm 16))) 4
3c388: LEA Reg RSI, Address (AddrPlus (FromReg RIP) (AddrImm 385873)) 7
3c38f: MOV Reg ECX, Immediate 8 5
3c394: MOV Reg RDX, Reg R13 3
3c397: CALL libxl__alloc_failed (internal)
  |
  `- 
3c39c: LEA Reg RCX, Address (AddrPlus (FromReg RIP) (AddrImm 385869)) 7
3c3a3: LEA Reg RSI, Address (AddrPlus (FromReg RIP) (AddrImm 384822)) 7
3c3aa: LEA Reg RDI, Address (AddrPlus (FromReg RIP) (AddrImm 385135)) 7
3c3b1: MOV Reg EDX, Immediate 62 5
3c3b6: CALL __assert_fail (external)
  |
  `- 
3c410: PUSH Reg R12 2
3c412: PUSH Reg RBP 1
3c413: MOV Reg RBP, Reg RSI 3
3c416: PUSH Reg RBX 1
3c417: MOV Reg R12, Reg RDI 3
3c41a: MOV Reg ESI, Immediate 1 5
3c41f: MOV Reg RDI, Reg RBP 3
3c422: CALL calloc (external)
3c427: TEST Reg RAX, Reg RAX 3
3c42a: JZ 3c442 (resolved immediate)
  |
  `- 3c42c,3c442
3c42c: MOV Reg RBX, Reg RAX 3
3c42f: MOV Reg RSI, Reg RAX 3
3c432: MOV Reg RDI, Reg R12 3
3c435: CALL libxl__ptr_add (internal)
  |
  `- 3c2a0
3c43a: MOV Reg RAX, Reg RBX 3
3c43d: POP Reg RBX 1
3c43e: POP Reg RBP 1
3c43f: POP Reg R12 2
3c441: RET  1
  |
  `- 
3c442: MOV Reg RDI, Address (SizeDir 64 (AddrPlus (FromReg R12) (AddrImm 16))) 5
3c447: LEA Reg RSI, Address (AddrPlus (FromReg RIP) (AddrImm 385634)) 7
3c44e: MOV Reg ECX, Immediate 1 5
3c453: MOV Reg RDX, Reg RBP 3
3c456: CALL libxl__alloc_failed (internal)
  |
  `- 3c1d0
4cc40: LEA Reg RCX, Address (AddrPlus (FromReg RIP) (AddrImm 335369)) 7
4cc47: LEA Reg RSI, Address (AddrPlus (FromReg RIP) (AddrImm 287246)) 7
4cc4e: LEA Reg RDI, Address (AddrPlus (FromReg RIP) (AddrImm 287256)) 7
4cc55: SUB Reg RSP, Immediate 8 4
4cc59: MOV Reg EDX, Immediate 4217 5
4cc5e: CALL __assert_fail (external)
  |
  `- 
4cc70: LEA Reg RCX, Address (AddrPlus (FromReg RIP) (AddrImm 335289)) 7
4cc77: LEA Reg RSI, Address (AddrPlus (FromReg RIP) (AddrImm 287198)) 7
4cc7e: LEA Reg RDI, Address (AddrPlus (FromReg RIP) (AddrImm 287208)) 7
4cc85: SUB Reg RSP, Immediate 8 4
4cc89: MOV Reg EDX, Immediate 4222 5
4cc8e: CALL __assert_fail (external)
  |
  `- 
4cca0: PUSH Reg RBP 1
4cca1: PUSH Reg RBX 1
4cca2: LEA Reg RAX, Address (AddrPlus (FromReg RIP) (AddrImm 330855)) 7
4cca9: MOV Reg RBP, Reg RDI 3
4ccac: LEA Reg R9, Address (AddrPlus (FromReg RIP) (AddrImm 334173)) 7
4ccb3: LEA Reg RCX, Address (AddrPlus (FromReg RIP) (AddrImm 330748)) 7
4ccba: SUB Reg RSP, Immediate 16 4
4ccbe: MOV Reg RDI, Address (SizeDir 64 (AddrPlus (FromReg RSI) (AddrImm 80))) 4
4ccc2: MOV Reg RBX, Reg RSI 3
4ccc5: PUSH Reg RSI 1
4ccc6: PUSH Reg RAX 1
4ccc7: MOV Reg R8D, Immediate 1842 6
4cccd: PUSH Immediate 18446744073709551615 2
4cccf: XOR Reg EAX, Reg EAX 2
4ccd1: MOV Reg EDX, Immediate 4294967295 5
4ccd6: MOV Reg ESI, Immediate 1 5
4ccdb: CALL libxl__log (internal)
4cce0: MOV Reg RAX, Address (SizeDir 64 (AddrPlus (FromReg RBX) (AddrImm 104))) 4
4cce4: ADD Reg RSP, Immediate 32 4
4cce8: TEST Reg RAX, Reg RAX 3
4cceb: JZ 4cd35 (resolved immediate)
  |
  `- 4cced,4cd35
4cced: MOV Reg RDX, Address (SizeDir 64 (AddrPlus (FromReg RAX) (AddrImm 48))) 4
4ccf1: MOV Reg RCX, Address (SizeDir 64 (AddrPlus (FromReg RAX) (AddrImm 56))) 4
4ccf5: TEST Reg RDX, Reg RDX 3
4ccf8: JZ 4cd06 (resolved immediate)
  |
  `- 4ccfa,4cd06
4ccfa: MOV Address (SizeDir 64 (AddrPlus (FromReg RDX) (AddrImm 56))), Reg RCX 4
4ccfe: MOV Reg RCX, Address (SizeDir 64 (AddrPlus (FromReg RAX) (AddrImm 56))) 4
4cd02: MOV Reg RDX, Address (SizeDir 64 (AddrPlus (FromReg RAX) (AddrImm 48))) 4
4cd06: MOV Address (SizeDir 64 (FromReg RCX)), Reg RDX 3
4cd09: MOV Reg RDX, Address (SizeDir 64 (AddrPlus (FromReg RBP) (AddrImm 160))) 7
4cd10: TEST Reg RDX, Reg RDX 3
4cd13: MOV Address (SizeDir 64 (FromReg RAX)), Reg RDX 3
4cd16: JZ 4cd23 (resolved immediate)
  |
  `- 4cd18,4cd23
4cd18: MOV Reg RDX, Address (SizeDir 64 (AddrPlus (FromReg RBP) (AddrImm 160))) 7
4cd1f: MOV Address (SizeDir 64 (AddrPlus (FromReg RDX) (AddrImm 8))), Reg RAX 4
4cd23: MOV Address (SizeDir 64 (AddrPlus (FromReg RBP) (AddrImm 160))), Reg RAX 7
4cd2a: ADD Reg RBP, Immediate 160 7
4cd31: MOV Address (SizeDir 64 (AddrPlus (FromReg RAX) (AddrImm 8))), Reg RBP 4
4cd35: LEA Reg RDI, Address (AddrPlus (FromReg RBX) (AddrImm 64)) 4
4cd39: MOV Address (SizeDir 32 (FromReg RBX)), Immediate 2698947840 6
4cd3f: CALL libxl__free_all (internal)
4cd44: ADD Reg RSP, Immediate 8 4
4cd48: MOV Reg RDI, Reg RBX 3
4cd4b: POP Reg RBX 1
4cd4c: POP Reg RBP 1
4cd4d: JMP free (jmp to external function)
  |
  `- 
4cd60: MOV Reg EAX, Address (SizeDir 32 (AddrPlus (FromReg RSI) (AddrImm 8))) 3
4cd63: TEST Reg EAX, Reg EAX 2
4cd65: JNZ 4cd80 (resolved immediate)
  |
  `- 4cd67,4cd80
4cd67: MOVZX Reg EAX, Address (SizeDir 8 (AddrPlus (FromReg RSI) (AddrImm 4))) 4
4cd6b: TEST Reg AL, Immediate 8 2
4cd6d: JZ 4cd80 (resolved immediate)
  |
  `- 4cd6f,4cd80
4cd6f: TEST Reg AL, Immediate 4 2
4cd71: JZ 4cd82 (resolved immediate)
  |
  `- 4cd73,4cd82
4cd73: JMP 4cca0 (resolved immediate)
  |
  `- 4cca0
4cd80: REPZ RET  2
  |
  `- 
4cd82: LEA Reg RCX, Address (AddrPlus (FromReg RIP) (AddrImm 334119)) 7
4cd89: LEA Reg RSI, Address (AddrPlus (FromReg RIP) (AddrImm 330534)) 7
4cd90: LEA Reg RDI, Address (AddrPlus (FromReg RIP) (AddrImm 331010)) 7
4cd97: SUB Reg RSP, Immediate 8 4
4cd9b: MOV Reg EDX, Immediate 1833 5
4cda0: CALL __assert_fail (external)
  |
  `- 
4db10: PUSH Reg R14 2
4db12: PUSH Reg R13 2
4db14: MOV Reg R14, Reg R8 3
4db17: PUSH Reg R12 2
4db19: PUSH Reg RBP 1
4db1a: MOV Reg R8D, Reg R9D 3
4db1d: PUSH Reg RBX 1
4db1e: MOV Reg RBP, Reg RDI 3
4db21: MOV Reg R12, Reg RSI 3
4db24: MOV Reg R13D, Reg EDX 3
4db27: MOV Reg EBX, Reg ECX 2
4db29: SUB Reg RSP, Immediate 80 4
4db2d: MOV Reg RAX, Address (SizeDir 64 (AddrPlus (FromReg FS) (AddrImm 40))) 9
4db36: MOV Address (SizeDir 64 (AddrPlus (FromReg RSP) (AddrImm 72))), Reg RAX 5
4db3b: XOR Reg EAX, Reg EAX 2
4db3d: TEST Reg ECX, Reg ECX 2
4db3f: MOV Reg R9, Address (SizeDir 64 (AddrPlus (FromReg RSP) (AddrImm 128))) 8
4db47: JNZ 4dbc8 (resolved immediate)
  |
  `- 4db49,4dbc8
4db49: LEA Reg RAX, Address (AddrPlus (FromReg RIP) (AddrImm 323920)) 7
4db50: MOV Reg RSI, Reg RAX 3
4db53: MOV Reg RDX, Reg RAX 3
4db56: MOV Reg RDI, Address (SizeDir 64 (AddrPlus (FromReg RBP) (AddrImm 16))) 4
4db5a: PUSH Reg RSI 1
4db5b: MOV Reg RCX, Reg R14 3
4db5e: PUSH Reg RAX 1
4db5f: LEA Reg RAX, Address (AddrPlus (FromReg RIP) (AddrImm 328410)) 7
4db66: PUSH Reg RDX 1
4db67: PUSH Reg R12 2
4db69: MOV Reg EDX, Reg R13D 3
4db6c: MOV Reg ESI, Immediate 9 5
4db71: PUSH Reg RAX 1
4db72: PUSH Immediate 18446744073709551615 2
4db74: XOR Reg EAX, Reg EAX 2
4db76: CALL libxl__log (internal)
  |
  `- 
4db7b: MOV Reg RAX, Address (SizeDir 64 (AddrPlus (FromReg RBP) (AddrImm 16))) 4
4db7f: ADD Reg RSP, Immediate 48 4
4db83: MOV Reg RDX, Address (SizeDir 64 (AddrPlus (FromReg RAX) (AddrImm 48))) 4
4db87: TEST Reg RDX, Reg RDX 3
4db8a: JZ 4dbf6 (resolved immediate)
  |
  `- 4db8c,4dbf6
4db8c: MOV Reg R8, Address (SizeDir 64 (AddrPlus (FromReg RDX) (AddrImm 16))) 4
4db90: TEST Reg R8, Reg R8 3
4db93: JZ 4dbf6 (resolved immediate)
  |
  `- 4db95,4dbf6
4db95: MOV Reg RDI, Address (SizeDir 64 (AddrPlus (FromReg RAX) (AddrImm 56))) 4
4db99: MOV Reg ECX, Reg R13D 3
4db9c: MOV Reg RDX, Reg R12 3
4db9f: MOV Reg ESI, Reg EBX 2
4dba1: CALL Reg R8 3
4dba4: MOV Reg RAX, Address (SizeDir 64 (AddrPlus (FromReg RSP) (AddrImm 72))) 5
4dba9: XOR Reg RAX, Address (SizeDir 64 (AddrPlus (FromReg FS) (AddrImm 40))) 9
4dbb2: JNZ 4dc5f (resolved immediate)
  |
  `- 4dbb8,4dc5f
4dbb8: ADD Reg RSP, Immediate 80 4
4dbbc: POP Reg RBX 1
4dbbd: POP Reg RBP 1
4dbbe: POP Reg R12 2
4dbc0: POP Reg R13 2
4dbc2: POP Reg R14 2
4dbc4: RET  1
  |
  `- 
4dbc8: MOV Reg EDI, Reg ECX 2
4dbca: MOV Address (SizeDir 64 (AddrPlus (FromReg RSP) (AddrImm 8))), Reg R9 5
4dbcf: MOV Address (SizeDir 32 (AddrPlus (FromReg RSP) (AddrImm 4))), Reg R8D 5
4dbd4: CALL libxl_event_type_to_string (external)
4dbd9: LEA Reg RSI, Address (AddrPlus (FromReg RIP) (AddrImm 291408)) 7
4dbe0: LEA Reg RDX, Address (AddrPlus (FromReg RIP) (AddrImm 327120)) 7
4dbe7: MOV Reg R8D, Address (SizeDir 32 (AddrPlus (FromReg RSP) (AddrImm 4))) 5
4dbec: MOV Reg R9, Address (SizeDir 64 (AddrPlus (FromReg RSP) (AddrImm 8))) 5
4dbf1: JMP 4db56 (resolved immediate)
  |
  `- 4db56
4dbf6: LEA Reg RBX, Address (AddrPlus (FromReg RSP) (AddrImm 16)) 5
4dbfb: LEA Reg RDI, Address (AddrPlus (FromReg RSP) (AddrImm 16)) 5
4dc00: LEA Reg R9, Address (AddrPlus (FromReg RIP) (AddrImm 330505)) 7
4dc07: LEA Reg RSI, Address (AddrPlus (FromReg RIP) (AddrImm 328330)) 7
4dc0e: MOV Reg ECX, Immediate 14 5
4dc13: MOV Reg R8D, Immediate 1383 6
4dc19: REP MOVSD  2
4dc1b: PUSH Reg RBX 1
4dc1c: LEA Reg RCX, Address (AddrPlus (FromReg RIP) (AddrImm 326803)) 7
4dc23: PUSH Immediate 18446744073709551615 2
4dc25: MOV Reg RDI, Reg RAX 3
4dc28: OR Reg EDX, Immediate 4294967295 3
4dc2b: MOV Reg ESI, Immediate 9 5
4dc30: XOR Reg EAX, Reg EAX 2
4dc32: CALL libxl__log (internal)
4dc37: MOV Reg RAX, Address (SizeDir 64 (AddrPlus (FromReg RIP) (AddrImm 2593698))) 7
4dc3e: LEA Reg RDX, Address (AddrPlus (FromReg RIP) (AddrImm 328227)) 7
4dc45: MOV Reg RCX, Reg RBX 3
4dc48: MOV Reg ESI, Immediate 1 5
4dc4d: MOV Reg RDI, Address (SizeDir 64 (FromReg RAX)) 3
4dc50: XOR Reg EAX, Reg EAX 2
4dc52: CALL __fprintf_chk (external)
4dc57: OR Reg EDI, Immediate 4294967295 3
4dc5a: CALL exit (external)
  |
  `- 
4dc5f: CALL __stack_chk_fail (external)
  |
  `- 
4dc70: PUSH Reg R13 2
4dc72: PUSH Reg R12 2
4dc74: MOV Reg R13, Reg RDI 3
4dc77: PUSH Reg RBP 1
4dc78: PUSH Reg RBX 1
4dc79: MOV Reg R12D, Reg ESI 3
4dc7c: MOV Reg EBX, Reg EDX 2
4dc7e: SUB Reg RSP, Immediate 24 4
4dc82: MOV Reg RAX, Address (SizeDir 64 (AddrPlus (FromReg FS) (AddrImm 40))) 9
4dc8b: MOV Address (SizeDir 64 (AddrPlus (FromReg RSP) (AddrImm 8))), Reg RAX 5
4dc90: XOR Reg EAX, Reg EAX 2
4dc92: MOV Reg RBP, Reg RSP 3
4dc95: JMP 4dcb9 (resolved immediate)
  |
  `- 4dcb9
4dca0: CMP Reg EAX, Immediate 1 3
4dca3: JZ 4dd10 (resolved immediate)
  |
  `- 4dca5,4dd10
4dca5: TEST Reg EAX, Reg EAX 2
4dca7: JNS 4dd48 (resolved immediate)
  |
  `- 4dcad,4dd48
4dcad: CALL __errno_location (external)
4dcb2: MOV Reg EDX, Address (SizeDir 32 (FromReg RAX)) 2
4dcb4: CMP Reg EDX, Immediate 4 3
4dcb7: JNZ 4dd18 (resolved immediate)
  |
  `- 4dcb9,4dd18
4dcb9: XOR Reg EDX, Reg EDX 2
4dcbb: MOV Reg ESI, Immediate 1 5
4dcc0: MOV Reg RDI, Reg RBP 3
4dcc3: MOV Address (SizeDir 32 (FromReg RSP)), Reg R12D 4
4dcc7: MOV Address (SizeDir 16 (AddrPlus (FromReg RSP) (AddrImm 4))), Reg BX 5
4dccc: CALL poll (external)
4dcd1: TEST Reg EAX, Reg EAX 2
4dcd3: JNZ 4dca0 (resolved immediate)
  |
  `- 4dca0,4dcd5
4dcd5: MOV Reg ECX, Immediate 1 5
4dcda: MOVZX Reg EAX, Address (SizeDir 16 (AddrPlus (FromReg RSP) (AddrImm 6))) 5
4dcdf: TEST Reg AX, Reg AX 3
4dce2: SETNZ Reg DL 3
4dce5: CMP Reg CL, Reg DL 2
4dce7: JZ 4dd67 (resolved immediate)
  |
  `- 4dce9,4dd67
4dce9: MOV Reg RCX, Address (SizeDir 64 (AddrPlus (FromReg RSP) (AddrImm 8))) 5
4dcee: XOR Reg RCX, Address (SizeDir 64 (AddrPlus (FromReg FS) (AddrImm 40))) 9
4dcf7: JNZ 4dd86 (resolved immediate)
  |
  `- 4dcfd,4dd86
4dcfd: ADD Reg RSP, Immediate 24 4
4dd01: POP Reg RBX 1
4dd02: POP Reg RBP 1
4dd03: POP Reg R12 2
4dd05: POP Reg R13 2
4dd07: RET  1
  |
  `- 
4dd10: XOR Reg ECX, Reg ECX 2
4dd12: JMP 4dcda (resolved immediate)
  |
  `- 4dcda
4dd18: LEA Reg RAX, Address (AddrPlus (FromReg RIP) (AddrImm 330929)) 7
4dd1f: SUB Reg RSP, Immediate 8 4
4dd23: LEA Reg R8, Address (AddrPlus (FromReg RIP) (AddrImm 326540)) 7
4dd2a: LEA Reg RSI, Address (AddrPlus (FromReg RIP) (AddrImm 326819)) 7
4dd31: MOV Reg R9D, Immediate 264 6
4dd37: XOR Reg ECX, Reg ECX 2
4dd39: PUSH Reg RAX 1
4dd3a: MOV Reg RDI, Reg R13 3
4dd3d: CALL libxl__event_disaster (internal)
  |
  `- 4db10
4dd42: POP Reg RAX 1
4dd43: XOR Reg EAX, Reg EAX 2
4dd45: POP Reg RDX 1
4dd46: JMP 4dce9 (resolved immediate)
  |
  `- 4dce9
4dd48: LEA Reg RCX, Address (AddrPlus (FromReg RIP) (AddrImm 330913)) 7
4dd4f: LEA Reg RSI, Address (AddrPlus (FromReg RIP) (AddrImm 326496)) 7
4dd56: LEA Reg RDI, Address (AddrPlus (FromReg RIP) (AddrImm 326771)) 7
4dd5d: MOV Reg EDX, Immediate 262 5
4dd62: CALL __assert_fail (external)
  |
  `- 
4dd67: LEA Reg RCX, Address (AddrPlus (FromReg RIP) (AddrImm 330882)) 7
4dd6e: LEA Reg RSI, Address (AddrPlus (FromReg RIP) (AddrImm 326465)) 7
4dd75: LEA Reg RDI, Address (AddrPlus (FromReg RIP) (AddrImm 326772)) 7
4dd7c: MOV Reg EDX, Immediate 268 5
4dd81: CALL __assert_fail (external)
  |
  `- 
4dd86: CALL __stack_chk_fail (external)
  |
  `- 
4dd90: PUSH Reg RBP 1
4dd91: PUSH Reg RBX 1
4dd92: MOV Reg RBX, Reg RSI 3
4dd95: MOV Reg RBP, Reg RDI 3
4dd98: SUB Reg RSP, Immediate 8 4
4dd9c: MOVSX Reg EDX, Address (SizeDir 16 (AddrPlus (FromReg RSI) (AddrImm 4))) 4
4dda0: MOV Reg ESI, Address (SizeDir 32 (FromReg RSI)) 2
4dda2: CALL libxl__fd_poll_recheck (internal)
  |
  `- 4dc70
4dda7: TEST Reg AX, Reg AX 3
4ddaa: JZ 4ddd0 (resolved immediate)
  |
  `- 4ddac,4ddd0
4ddac: MOVSX Reg ECX, Address (SizeDir 16 (AddrPlus (FromReg RBX) (AddrImm 4))) 4
4ddb0: MOV Reg R9, Address (SizeDir 64 (AddrPlus (FromReg RBX) (AddrImm 8))) 4
4ddb4: MOV Reg RSI, Reg RBX 3
4ddb7: MOV Reg EDX, Address (SizeDir 32 (FromReg RBX)) 2
4ddb9: ADD Reg RSP, Immediate 8 4
4ddbd: MOV Reg RDI, Reg RBP 3
4ddc0: POP Reg RBX 1
4ddc1: POP Reg RBP 1
4ddc2: MOVSX Reg R8D, Reg AX 4
4ddc6: JMP Reg R9 3
  |
  `- 
4ddd0: ADD Reg RSP, Immediate 8 4
4ddd4: POP Reg RBX 1
4ddd5: POP Reg RBP 1
4ddd6: RET  1
  |
  `- 
4e2b0: PUSH Reg R13 2
4e2b2: PUSH Reg R12 2
4e2b4: MOV Reg R13D, Reg ESI 3
4e2b7: PUSH Reg RBP 1
4e2b8: PUSH Reg RBX 1
4e2b9: MOV Reg ESI, Immediate 184 5
4e2be: MOV Reg R12D, Reg EDX 3
4e2c1: MOV Reg RBP, Reg RCX 3
4e2c4: SUB Reg RSP, Immediate 8 4
4e2c8: MOV Reg RDI, Address (SizeDir 64 (AddrPlus (FromReg RDI) (AddrImm 16))) 4
4e2cc: ADD Reg RDI, Immediate 24 4
4e2d0: CALL libxl__zalloc (internal)
  |
  `- 3c410
4e2d5: MOV Reg RBX, Reg RAX 3
4e2d8: MOV Reg RDI, Reg RAX 3
4e2db: CALL libxl_event_init (external)
4e2e0: MOV Reg ESI, Reg R13D 3
4e2e3: MOV Reg RDI, Reg RBX 3
4e2e6: CALL libxl_event_init_type (external)
4e2eb: MOV Address (SizeDir 32 (AddrPlus (FromReg RBX) (AddrImm 16))), Reg R12D 4
4e2ef: MOV Address (SizeDir 64 (AddrPlus (FromReg RBX) (AddrImm 40))), Reg RBP 4
4e2f3: ADD Reg RSP, Immediate 8 4
4e2f7: MOV Reg RAX, Reg RBX 3
4e2fa: POP Reg RBX 1
4e2fb: POP Reg RBP 1
4e2fc: POP Reg R12 2
4e2fe: POP Reg R13 2
4e300: RET  1
  |
  `- 
4e650: PUSH Reg RBX 1
4e651: MOV Reg RBX, Reg RDI 3
4e654: MOV Reg EDI, Address (SizeDir 32 (AddrPlus (FromReg RSI) (AddrImm 44))) 3
4e657: CALL libxl__self_pipe_wakeup (external)
4e65c: TEST Reg EAX, Reg EAX 2
4e65e: JNZ 4e668 (resolved immediate)
  |
  `- 4e660,4e668
4e660: POP Reg RBX 1
4e661: RET  1
  |
  `- 
4e668: LEA Reg RDX, Address (AddrPlus (FromReg RIP) (AddrImm 327649)) 7
4e66f: SUB Reg RSP, Immediate 8 4
4e673: LEA Reg R8, Address (AddrPlus (FromReg RIP) (AddrImm 324156)) 7
4e67a: LEA Reg RSI, Address (AddrPlus (FromReg RIP) (AddrImm 324543)) 7
4e681: MOV Reg RDI, Reg RBX 3
4e684: MOV Reg R9D, Immediate 1661 6
4e68a: PUSH Reg RDX 1
4e68b: XOR Reg ECX, Reg ECX 2
4e68d: MOV Reg EDX, Reg EAX 2
4e68f: CALL libxl__event_disaster (internal)
4e694: POP Reg RAX 1
4e695: POP Reg RDX 1
4e696: POP Reg RBX 1
4e697: RET  1
  |
  `- 
4e6a0: MOV Reg RAX, Address (SizeDir 64 (AddrPlus (FromReg RDI) (AddrImm 16))) 4
4e6a4: MOV Reg RAX, Address (SizeDir 64 (AddrPlus (FromReg RAX) (AddrImm 48))) 4
4e6a8: TEST Reg RAX, Reg RAX 3
4e6ab: JZ 4e6b9 (resolved immediate)
  |
  `- 4e6ad,4e6b9
4e6ad: MOV Reg EDX, Address (SizeDir 32 (AddrPlus (FromReg RSI) (AddrImm 48))) 3
4e6b0: MOV Reg RAX, Address (SizeDir 64 (FromReg RAX)) 3
4e6b3: BT Reg RAX, Reg RDX 4
4e6b7: JB 4e720 (resolved immediate)
  |
  `- 4e6b9,4e720
4e6b9: PUSH Reg RBP 1
4e6ba: PUSH Reg RBX 1
4e6bb: MOV Reg RBP, Reg RDI 3
4e6be: SUB Reg RSP, Immediate 8 4
4e6c2: MOV Address (SizeDir 64 (FromReg RSI)), Immediate 0 7
4e6c9: MOV Reg RAX, Address (SizeDir 64 (AddrPlus (FromReg RDI) (AddrImm 16))) 4
4e6cd: MOV Reg RAX, Address (SizeDir 64 (AddrPlus (FromReg RAX) (AddrImm 112))) 4
4e6d1: MOV Address (SizeDir 64 (AddrPlus (FromReg RSI) (AddrImm 8))), Reg RAX 4
4e6d5: MOV Reg RAX, Address (SizeDir 64 (AddrPlus (FromReg RDI) (AddrImm 16))) 4
4e6d9: MOV Reg RAX, Address (SizeDir 64 (AddrPlus (FromReg RAX) (AddrImm 112))) 4
4e6dd: MOV Address (SizeDir 64 (FromReg RAX)), Reg RSI 3
4e6e0: MOV Reg RAX, Address (SizeDir 64 (AddrPlus (FromReg RDI) (AddrImm 16))) 4
4e6e4: MOV Address (SizeDir 64 (AddrPlus (FromReg RAX) (AddrImm 112))), Reg RSI 4
4e6e8: MOV Reg RAX, Address (SizeDir 64 (AddrPlus (FromReg RDI) (AddrImm 16))) 4
4e6ec: MOV Reg RBX, Address (SizeDir 64 (AddrPlus (FromReg RAX) (AddrImm 152))) 7
4e6f3: TEST Reg RBX, Reg RBX 3
4e6f6: JZ 4e713 (resolved immediate)
  |
  `- 4e6f8,4e713
4e6f8: NOP  8
4e700: MOV Reg RSI, Reg RBX 3
4e703: MOV Reg RDI, Reg RBP 3
4e706: CALL libxl__poller_wakeup (internal)
4e70b: MOV Reg RBX, Address (SizeDir 64 (FromReg RBX)) 3
4e70e: TEST Reg RBX, Reg RBX 3
4e711: JNZ 4e700 (resolved immediate)
  |
  `- 4e700,4e713
4e713: ADD Reg RSP, Immediate 8 4
4e717: POP Reg RBX 1
4e718: POP Reg RBP 1
4e719: RET  1
  |
  `- 
4e720: MOV Address (SizeDir 64 (FromReg RSI)), Immediate 0 7
4e727: MOV Reg RAX, Address (SizeDir 64 (AddrPlus (FromReg RDI) (AddrImm 32))) 4
4e72b: MOV Address (SizeDir 64 (AddrPlus (FromReg RSI) (AddrImm 8))), Reg RAX 4
4e72f: MOV Reg RAX, Address (SizeDir 64 (AddrPlus (FromReg RDI) (AddrImm 32))) 4
4e733: MOV Address (SizeDir 64 (FromReg RAX)), Reg RSI 3
4e736: MOV Address (SizeDir 64 (AddrPlus (FromReg RDI) (AddrImm 32))), Reg RSI 4
4e73a: RET  1
  |
  `- 
4e910: PUSH Reg R12 2
4e912: PUSH Reg RBP 1
4e913: PUSH Reg RBX 1
4e914: MOV Reg EDX, Address (SizeDir 32 (AddrPlus (FromReg RSI) (AddrImm 28))) 3
4e917: TEST Reg EDX, Reg EDX 2
4e919: JS 4ea43 (resolved immediate)
  |
  `- 4e91f,4ea43
4e91f: MOVZX Reg EAX, Address (SizeDir 8 (AddrPlus (FromReg RSI) (AddrImm 4))) 4
4e923: MOV Reg RBX, Reg RSI 3
4e926: TEST Reg AL, Immediate 4 2
4e928: JZ 4e92e (resolved immediate)
  |
  `- 4e92a,4e92e
4e92a: TEST Reg EDX, Reg EDX 2
4e92c: JZ 4e938 (resolved immediate)
  |
  `- 4e92e,4e938
4e92e: POP Reg RBX 1
4e92f: POP Reg RBP 1
4e930: POP Reg R12 2
4e932: RET  1
  |
  `- 
4e938: MOV Reg RSI, Address (SizeDir 64 (AddrPlus (FromReg RSI) (AddrImm 104))) 4
4e93c: MOV Reg RBP, Reg RDI 3
4e93f: MOV Reg R12, Address (SizeDir 64 (AddrPlus (FromReg RDI) (AddrImm 16))) 4
4e943: TEST Reg RSI, Reg RSI 3
4e946: JZ 4e970 (resolved immediate)
  |
  `- 4e948,4e970
4e948: TEST Reg AL, Immediate 2 2
4e94a: JZ 4ea62 (resolved immediate)
  |
  `- 4e950,4ea62
4e950: TEST Reg AL, Immediate 1 2
4e952: JZ 4e9f0 (resolved immediate)
  |
  `- 4e958,4e9f0
4e958: MOV Reg RSI, Reg RBX 3
4e95b: MOV Reg RDI, Reg R12 3
4e95e: POP Reg RBX 1
4e95f: POP Reg RBP 1
4e960: POP Reg R12 2
4e962: JMP 4cd60 (resolved immediate)
  |
  `- 4cd60
4e970: CMP Address (SizeDir 64 (AddrPlus (FromReg RBX) (AddrImm 88))), Immediate 0 5
4e975: JZ 4ea10 (resolved immediate)
  |
  `- 4e97b,4ea10
4e97b: LEA Reg RAX, Address (AddrPlus (FromReg RIP) (AddrImm 323890)) 7
4e982: SUB Reg RSP, Immediate 8 4
4e986: LEA Reg R9, Address (AddrPlus (FromReg RIP) (AddrImm 326515)) 7
4e98d: PUSH Reg RBX 1
4e98e: LEA Reg RCX, Address (AddrPlus (FromReg RIP) (AddrImm 323361)) 7
4e995: MOV Reg RDI, Reg R12 3
4e998: PUSH Reg RAX 1
4e999: PUSH Immediate 18446744073709551615 2
4e99b: MOV Reg ESI, Immediate 1 5
4e9a0: XOR Reg EAX, Reg EAX 2
4e9a2: MOV Reg R8D, Immediate 1912 6
4e9a8: MOV Reg EDX, Immediate 4294967295 5
4e9ad: CALL libxl__log (internal)
4e9b2: MOV Address (SizeDir 64 (AddrPlus (FromReg RBX) (AddrImm 120))), Immediate 0 8
4e9ba: MOV Reg RAX, Address (SizeDir 64 (AddrPlus (FromReg RBP) (AddrImm 48))) 4
4e9be: ADD Reg RSP, Immediate 32 4
4e9c2: MOV Reg RSI, Reg RBX 3
4e9c5: MOV Reg RDI, Reg R12 3
4e9c8: MOV Address (SizeDir 64 (AddrPlus (FromReg RBX) (AddrImm 128))), Reg RAX 7
4e9cf: MOV Reg RAX, Address (SizeDir 64 (AddrPlus (FromReg RBP) (AddrImm 48))) 4
4e9d3: MOV Address (SizeDir 64 (FromReg RAX)), Reg RBX 3
4e9d6: LEA Reg RAX, Address (AddrPlus (FromReg RBX) (AddrImm 120)) 4
4e9da: MOV Address (SizeDir 64 (AddrPlus (FromReg RBP) (AddrImm 48))), Reg RAX 4
4e9de: POP Reg RBX 1
4e9df: POP Reg RBP 1
4e9e0: POP Reg R12 2
4e9e2: JMP 4cd60 (resolved immediate)
  |
  `- 4cd60
4e9f0: MOV Reg RDI, Reg RBP 3
4e9f3: CALL libxl__poller_wakeup (internal)
  |
  `- 4e650
4e9f8: MOV Reg RSI, Reg RBX 3
4e9fb: MOV Reg RDI, Reg R12 3
4e9fe: POP Reg RBX 1
4e9ff: POP Reg RBP 1
4ea00: POP Reg R12 2
4ea02: JMP 4cd60 (resolved immediate)
  |
  `- 4cd60
4ea10: MOV Reg RCX, Address (SizeDir 64 (AddrPlus (FromReg RBX) (AddrImm 96))) 4
4ea14: MOV Reg EDX, Address (SizeDir 32 (AddrPlus (FromReg RBX) (AddrImm 112))) 3
4ea17: MOV Reg ESI, Immediate 4 5
4ea1c: MOV Reg RDI, Reg RBP 3
4ea1f: CALL libxl__event_new (internal)
  |
  `- 4e2b0
4ea24: TEST Reg RAX, Reg RAX 3
4ea27: JZ 4ea3a (resolved immediate)
  |
  `- 4ea29,4ea3a
4ea29: MOV Reg EDX, Address (SizeDir 32 (AddrPlus (FromReg RBX) (AddrImm 32))) 3
4ea2c: MOV Reg RSI, Reg RAX 3
4ea2f: MOV Reg RDI, Reg RBP 3
4ea32: MOV Address (SizeDir 32 (AddrPlus (FromReg RAX) (AddrImm 56))), Reg EDX 3
4ea35: CALL libxl__event_occurred (internal)
  |
  `- 4e6a0
4ea3a: OR Address (SizeDir 8 (AddrPlus (FromReg RBX) (AddrImm 4))), Immediate 8 4
4ea3e: JMP 4e958 (resolved immediate)
  |
  `- 4e958
4ea43: LEA Reg RCX, Address (AddrPlus (FromReg RIP) (AddrImm 326390)) 7
4ea4a: LEA Reg RSI, Address (AddrPlus (FromReg RIP) (AddrImm 323173)) 7
4ea51: LEA Reg RDI, Address (AddrPlus (FromReg RIP) (AddrImm 325272)) 7
4ea58: MOV Reg EDX, Immediate 1901 5
4ea5d: CALL __assert_fail (external)
  |
  `- 
4ea62: LEA Reg RCX, Address (AddrPlus (FromReg RIP) (AddrImm 326359)) 7
4ea69: LEA Reg RSI, Address (AddrPlus (FromReg RIP) (AddrImm 323142)) 7
4ea70: LEA Reg RDI, Address (AddrPlus (FromReg RIP) (AddrImm 323600)) 7
4ea77: MOV Reg EDX, Immediate 1907 5
4ea7c: CALL __assert_fail (external)
  |
  `- 
4ea90: PUSH Reg R14 2
4ea92: PUSH Reg R13 2
4ea94: LEA Reg R14, Address (AddrPlus (FromReg RIP) (AddrImm 326741)) 7
4ea9b: PUSH Reg R12 2
4ea9d: PUSH Reg RBP 1
4ea9e: LEA Reg R13, Address (AddrPlus (FromReg RIP) (AddrImm 323628)) 7
4eaa5: PUSH Reg RBX 1
4eaa6: MOV Reg RBX, Address (SizeDir 64 (AddrPlus (FromReg RDI) (AddrImm 24))) 4
4eaaa: MOV Reg RBP, Reg RDI 3
4eaad: TEST Reg RBX, Reg RBX 3
4eab0: JZ 4eb84 (resolved immediate)
  |
  `- 4eab6,4eb84
4eab6: MOV Reg R12, Address (SizeDir 64 (FromReg RBX)) 3
4eab9: MOV Reg RAX, Address (SizeDir 64 (AddrPlus (FromReg RBX) (AddrImm 8))) 4
4eabd: TEST Reg R12, Reg R12 3
4eac0: JZ 4eb29 (resolved immediate)
  |
  `- 4eac2,4eb29
4eac2: MOV Address (SizeDir 64 (AddrPlus (FromReg R12) (AddrImm 8))), Reg RAX 5
4eac7: MOV Reg RDX, Address (SizeDir 64 (FromReg RBX)) 3
4eaca: MOV Reg RAX, Address (SizeDir 64 (AddrPlus (FromReg RBX) (AddrImm 8))) 4
4eace: MOV Address (SizeDir 64 (FromReg RAX)), Reg RDX 3
4ead1: MOV Reg EDI, Address (SizeDir 32 (AddrPlus (FromReg RBX) (AddrImm 48))) 3
4ead4: CALL libxl_event_type_to_string (external)
4ead9: MOV Reg RDI, Address (SizeDir 64 (AddrPlus (FromReg RBP) (AddrImm 16))) 4
4eadd: LEA Reg RCX, Address (AddrPlus (FromReg RIP) (AddrImm 323026)) 7
4eae4: PUSH Reg RAX 1
4eae5: PUSH Reg RBX 1
4eae6: PUSH Reg R13 2
4eae8: XOR Reg EAX, Reg EAX 2
4eaea: PUSH Immediate 18446744073709551615 2
4eaec: MOV Reg R9, Reg R14 3
4eaef: MOV Reg R8D, Immediate 1402 6
4eaf5: MOV Reg EDX, Immediate 4294967295 5
4eafa: MOV Reg ESI, Immediate 1 5
4eaff: CALL libxl__log (internal)
  |
  `- 4eb04,3c110
4eb04: MOV Reg RAX, Address (SizeDir 64 (AddrPlus (FromReg RBP) (AddrImm 16))) 4
4eb08: MOV Reg RSI, Reg RBX 3
4eb0b: MOV Reg RBX, Reg R12 3
4eb0e: ADD Reg RSP, Immediate 32 4
4eb12: MOV Reg RDI, Address (SizeDir 64 (AddrPlus (FromReg RAX) (AddrImm 56))) 4
4eb16: MOV Reg RAX, Address (SizeDir 64 (AddrPlus (FromReg RAX) (AddrImm 48))) 4
4eb1a: CALL Address (SizeDir 64 (AddrPlus (FromReg RAX) (AddrImm 8))) 3
4eb1d: MOV Reg R12, Address (SizeDir 64 (FromReg RBX)) 3
4eb20: MOV Reg RAX, Address (SizeDir 64 (AddrPlus (FromReg RBX) (AddrImm 8))) 4
4eb24: TEST Reg R12, Reg R12 3
4eb27: JNZ 4eac2 (resolved immediate)
  |
  `- 4eac2,4eb29
4eb29: MOV Address (SizeDir 64 (AddrPlus (FromReg RBP) (AddrImm 32))), Reg RAX 4
4eb2d: MOV Reg RDX, Address (SizeDir 64 (FromReg RBX)) 3
4eb30: MOV Reg RAX, Address (SizeDir 64 (AddrPlus (FromReg RBX) (AddrImm 8))) 4
4eb34: MOV Address (SizeDir 64 (FromReg RAX)), Reg RDX 3
4eb37: MOV Reg EDI, Address (SizeDir 32 (AddrPlus (FromReg RBX) (AddrImm 48))) 3
4eb3a: CALL libxl_event_type_to_string (external)
4eb3f: MOV Reg RDI, Address (SizeDir 64 (AddrPlus (FromReg RBP) (AddrImm 16))) 4
4eb43: LEA Reg R9, Address (AddrPlus (FromReg RIP) (AddrImm 326566)) 7
4eb4a: PUSH Reg RAX 1
4eb4b: LEA Reg RCX, Address (AddrPlus (FromReg RIP) (AddrImm 322916)) 7
4eb52: PUSH Reg RBX 1
4eb53: PUSH Reg R13 2
4eb55: PUSH Immediate 18446744073709551615 2
4eb57: MOV Reg ESI, Immediate 1 5
4eb5c: XOR Reg EAX, Reg EAX 2
4eb5e: MOV Reg R8D, Immediate 1402 6
4eb64: MOV Reg EDX, Immediate 4294967295 5
4eb69: CALL libxl__log (internal)
4eb6e: MOV Reg RAX, Address (SizeDir 64 (AddrPlus (FromReg RBP) (AddrImm 16))) 4
4eb72: ADD Reg RSP, Immediate 32 4
4eb76: MOV Reg RSI, Reg RBX 3
4eb79: MOV Reg RDI, Address (SizeDir 64 (AddrPlus (FromReg RAX) (AddrImm 56))) 4
4eb7d: MOV Reg RAX, Address (SizeDir 64 (AddrPlus (FromReg RAX) (AddrImm 48))) 4
4eb81: CALL Address (SizeDir 64 (AddrPlus (FromReg RAX) (AddrImm 8))) 3
4eb84: MOV Reg RBX, Address (SizeDir 64 (AddrPlus (FromReg RBP) (AddrImm 56))) 4
4eb88: LEA Reg R14, Address (AddrPlus (FromReg RIP) (AddrImm 325001)) 7
4eb8f: LEA Reg R13, Address (AddrPlus (FromReg RIP) (AddrImm 326490)) 7
4eb96: TEST Reg RBX, Reg RBX 3
4eb99: JNZ 4ec4c (resolved immediate)
  |
  `- 4eb9f,4ec4c
4eb9f: JMP 4ec68 (resolved immediate)
  |
  `- 4ec68
4eba8: MOV Address (SizeDir 64 (AddrPlus (FromReg R12) (AddrImm 8))), Reg RAX 5
4ebad: MOV Reg RAX, Address (SizeDir 64 (AddrPlus (FromReg RBX) (AddrImm 8))) 4
4ebb1: MOV Reg RDX, Address (SizeDir 64 (FromReg RBX)) 3
4ebb4: LEA Reg RCX, Address (AddrPlus (FromReg RIP) (AddrImm 322811)) 7
4ebbb: MOV Reg R9, Reg R13 3
4ebbe: MOV Reg R8D, Immediate 1408 6
4ebc4: MOV Reg ESI, Immediate 1 5
4ebc9: MOV Address (SizeDir 64 (FromReg RAX)), Reg RDX 3
4ebcc: MOV Reg RDI, Address (SizeDir 64 (AddrPlus (FromReg RBP) (AddrImm 16))) 4
4ebd0: XOR Reg EAX, Reg EAX 2
4ebd2: PUSH Reg RBX 1
4ebd3: PUSH Address (SizeDir 64 (AddrPlus (FromReg RBX) (AddrImm 16))) 3
4ebd6: MOV Reg EDX, Immediate 4294967295 5
4ebdb: PUSH Reg R14 2
4ebdd: PUSH Immediate 18446744073709551615 2
4ebdf: CALL libxl__log (internal)
4ebe4: MOV Reg RAX, Address (SizeDir 64 (AddrPlus (FromReg RBX) (AddrImm 32))) 4
4ebe8: ADD Reg RSP, Immediate 32 4
4ebec: MOV Reg RSI, Address (SizeDir 64 (AddrPlus (FromReg RBX) (AddrImm 24))) 4
4ebf0: MOV Reg RDI, Address (SizeDir 64 (AddrPlus (FromReg RBP) (AddrImm 16))) 4
4ebf4: MOV Reg RDX, Address (SizeDir 64 (AddrPlus (FromReg RAX) (AddrImm 16))) 4
4ebf8: CALL Address (SizeDir 64 (FromReg RAX)) 2
4ebfa: MOV Reg RAX, Address (SizeDir 64 (AddrPlus (FromReg RBP) (AddrImm 16))) 4
4ebfe: LEA Reg RDI, Address (AddrPlus (FromReg RAX) (AddrImm 64)) 4
4ec02: CALL pthread_mutex_lock (external)
4ec07: TEST Reg EAX, Reg EAX 2
4ec09: JNZ 4ed49 (resolved immediate)
  |
  `- 4ec0f,4ed49
4ec0f: MOV Reg RAX, Address (SizeDir 64 (AddrPlus (FromReg RBX) (AddrImm 16))) 4
4ec13: CMP Address (SizeDir 32 (FromReg RAX)), Immediate 2700791296 6
4ec19: JNZ 4ed87 (resolved immediate)
  |
  `- 4ec1f,4ed87
4ec1f: SUB Address (SizeDir 32 (AddrPlus (FromReg RAX) (AddrImm 28))), Immediate 1 4
4ec23: MOV Reg RDI, Reg RBP 3
4ec26: MOV Reg RSI, Address (SizeDir 64 (AddrPlus (FromReg RBX) (AddrImm 16))) 4
4ec2a: CALL libxl__ao_complete_check_progress_reports (internal)
  |
  `- 4ec2f,4e910
4ec2f: MOV Reg RAX, Address (SizeDir 64 (AddrPlus (FromReg RBP) (AddrImm 16))) 4
4ec33: LEA Reg RDI, Address (AddrPlus (FromReg RAX) (AddrImm 64)) 4
4ec37: CALL pthread_mutex_unlock (external)
4ec3c: TEST Reg EAX, Reg EAX 2
4ec3e: JNZ 4ed68 (resolved immediate)
  |
  `- 4ec44,4ed68
4ec44: TEST Reg R12, Reg R12 3
4ec47: MOV Reg RBX, Reg R12 3
4ec4a: JZ 4ec68 (resolved immediate)
  |
  `- 4ec4c,4ec68
4ec4c: MOV Reg R12, Address (SizeDir 64 (FromReg RBX)) 3
4ec4f: MOV Reg RAX, Address (SizeDir 64 (AddrPlus (FromReg RBX) (AddrImm 8))) 4
4ec53: TEST Reg R12, Reg R12 3
4ec56: JNZ 4eba8 (resolved immediate)
  |
  `- 4eba8,4ec5c
4ec5c: MOV Address (SizeDir 64 (AddrPlus (FromReg RBP) (AddrImm 64))), Reg RAX 4
4ec60: JMP 4ebad (resolved immediate)
  |
  `- 4ebad
4ec68: MOV Reg RBX, Address (SizeDir 64 (AddrPlus (FromReg RBP) (AddrImm 40))) 4
4ec6c: LEA Reg R14, Address (AddrPlus (FromReg RIP) (AddrImm 323192)) 7
4ec73: LEA Reg R13, Address (AddrPlus (FromReg RIP) (AddrImm 326262)) 7
4ec7a: TEST Reg RBX, Reg RBX 3
4ec7d: JNZ 4ed20 (resolved immediate)
  |
  `- 4ec83,4ed20
4ec83: JMP 4ed40 (resolved immediate)
  |
  `- 4ed40
4ec90: MOV Address (SizeDir 64 (AddrPlus (FromReg R12) (AddrImm 128))), Reg RAX 8
4ec98: MOV Reg RAX, Address (SizeDir 64 (AddrPlus (FromReg RBX) (AddrImm 128))) 7
4ec9f: MOV Reg RDX, Address (SizeDir 64 (AddrPlus (FromReg RBX) (AddrImm 120))) 4
4eca3: SUB Reg RSP, Immediate 8 4
4eca7: LEA Reg RCX, Address (AddrPlus (FromReg RIP) (AddrImm 322568)) 7
4ecae: MOV Reg R9, Reg R13 3
4ecb1: MOV Reg R8D, Immediate 1422 6
4ecb7: MOV Reg ESI, Immediate 1 5
4ecbc: MOV Address (SizeDir 64 (FromReg RAX)), Reg RDX 3
4ecbf: MOV Reg RDI, Address (SizeDir 64 (AddrPlus (FromReg RBP) (AddrImm 16))) 4
4ecc3: XOR Reg EAX, Reg EAX 2
4ecc5: PUSH Reg RBX 1
4ecc6: PUSH Reg R14 2
4ecc8: MOV Reg EDX, Immediate 4294967295 5
4eccd: PUSH Immediate 18446744073709551615 2
4eccf: CALL libxl__log (internal)
4ecd4: ADD Reg RSP, Immediate 32 4
4ecd8: MOV Reg RDX, Address (SizeDir 64 (AddrPlus (FromReg RBX) (AddrImm 96))) 4
4ecdc: MOV Reg ESI, Address (SizeDir 32 (AddrPlus (FromReg RBX) (AddrImm 32))) 3
4ecdf: MOV Reg RDI, Address (SizeDir 64 (AddrPlus (FromReg RBP) (AddrImm 16))) 4
4ece3: CALL Address (SizeDir 64 (AddrPlus (FromReg RBX) (AddrImm 88))) 3
4ece6: MOV Reg RAX, Address (SizeDir 64 (AddrPlus (FromReg RBP) (AddrImm 16))) 4
4ecea: LEA Reg RDI, Address (AddrPlus (FromReg RAX) (AddrImm 64)) 4
4ecee: CALL pthread_mutex_lock (external)
4ecf3: TEST Reg EAX, Reg EAX 2
4ecf5: JNZ 4ed49 (resolved immediate)
  |
  `- 4ecf7,4ed49
4ecf7: OR Address (SizeDir 8 (AddrPlus (FromReg RBX) (AddrImm 4))), Immediate 8 4
4ecfb: MOV Reg RSI, Reg RBX 3
4ecfe: MOV Reg RDI, Address (SizeDir 64 (AddrPlus (FromReg RBP) (AddrImm 16))) 4
4ed02: CALL ao__check_destroy (internal)
  |
  `- 4ed07,4cd60
4ed07: MOV Reg RAX, Address (SizeDir 64 (AddrPlus (FromReg RBP) (AddrImm 16))) 4
4ed0b: LEA Reg RDI, Address (AddrPlus (FromReg RAX) (AddrImm 64)) 4
4ed0f: CALL pthread_mutex_unlock (external)
4ed14: TEST Reg EAX, Reg EAX 2
4ed16: JNZ 4ed68 (resolved immediate)
  |
  `- 4ed18,4ed68
4ed18: TEST Reg R12, Reg R12 3
4ed1b: MOV Reg RBX, Reg R12 3
4ed1e: JZ 4ed40 (resolved immediate)
  |
  `- 4ed20,4ed40
4ed20: MOV Reg R12, Address (SizeDir 64 (AddrPlus (FromReg RBX) (AddrImm 120))) 4
4ed24: MOV Reg RAX, Address (SizeDir 64 (AddrPlus (FromReg RBX) (AddrImm 128))) 7
4ed2b: TEST Reg R12, Reg R12 3
4ed2e: JNZ 4ec90 (resolved immediate)
  |
  `- 4ec90,4ed34
4ed34: MOV Address (SizeDir 64 (AddrPlus (FromReg RBP) (AddrImm 48))), Reg RAX 4
4ed38: JMP 4ec98 (resolved immediate)
  |
  `- 4ec98
4ed40: POP Reg RBX 1
4ed41: POP Reg RBP 1
4ed42: POP Reg R12 2
4ed44: POP Reg R13 2
4ed46: POP Reg R14 2
4ed48: RET  1
  |
  `- 
4ed49: LEA Reg RCX, Address (AddrPlus (FromReg RIP) (AddrImm 326912)) 7
4ed50: LEA Reg RSI, Address (AddrPlus (FromReg RIP) (AddrImm 278789)) 7
4ed57: LEA Reg RDI, Address (AddrPlus (FromReg RIP) (AddrImm 278799)) 7
4ed5e: MOV Reg EDX, Immediate 4217 5
4ed63: CALL __assert_fail (external)
  |
  `- 
4ed68: LEA Reg RCX, Address (AddrPlus (FromReg RIP) (AddrImm 326849)) 7
4ed6f: LEA Reg RSI, Address (AddrPlus (FromReg RIP) (AddrImm 278758)) 7
4ed76: LEA Reg RDI, Address (AddrPlus (FromReg RIP) (AddrImm 278768)) 7
4ed7d: MOV Reg EDX, Immediate 4222 5
4ed82: CALL __assert_fail (external)
  |
  `- 
4ed87: LEA Reg RCX, Address (AddrPlus (FromReg RIP) (AddrImm 325954)) 7
4ed8e: LEA Reg RSI, Address (AddrPlus (FromReg RIP) (AddrImm 322337)) 7
4ed95: LEA Reg RDI, Address (AddrPlus (FromReg RIP) (AddrImm 324516)) 7
4ed9c: MOV Reg EDX, Immediate 1412 5
4eda1: CALL __assert_fail (external)
  |
  `- 
4eee0: PUSH Reg R12 2
4eee2: PUSH Reg RBP 1
4eee3: MOV Reg R12, Reg RSI 3
4eee6: PUSH Reg RBX 1
4eee7: MOV Reg EBP, Reg EDX 2
4eee9: SUB Reg RSP, Immediate 80 4
4eeed: MOV Reg RBX, Reg RSP 3
4eef0: MOV Address (SizeDir 64 (AddrPlus (FromReg RSP) (AddrImm 16))), Reg RDI 5
4eef5: ADD Reg RDI, Immediate 64 4
4eef9: MOV Reg RAX, Address (SizeDir 64 (AddrPlus (FromReg FS) (AddrImm 40))) 9
4ef02: MOV Address (SizeDir 64 (AddrPlus (FromReg RSP) (AddrImm 72))), Reg RAX 5
4ef07: XOR Reg EAX, Reg EAX 2
4ef09: LEA Reg RAX, Address (AddrPlus (FromReg RBX) (AddrImm 24)) 4
4ef0d: MOV Address (SizeDir 32 (FromReg RSP)), Immediate 0 7
4ef14: MOV Address (SizeDir 64 (AddrPlus (FromReg RSP) (AddrImm 8))), Immediate 0 9
4ef1d: MOV Address (SizeDir 64 (AddrPlus (FromReg RSP) (AddrImm 24))), Immediate 0 9
4ef26: MOV Address (SizeDir 64 (AddrPlus (FromReg RSP) (AddrImm 40))), Immediate 0 9
4ef2f: MOV Address (SizeDir 64 (AddrPlus (FromReg RSP) (AddrImm 32))), Reg RAX 5
4ef34: LEA Reg RAX, Address (AddrPlus (FromReg RBX) (AddrImm 40)) 4
4ef38: MOV Address (SizeDir 64 (AddrPlus (FromReg RSP) (AddrImm 56))), Immediate 0 9
4ef41: MOV Address (SizeDir 64 (AddrPlus (FromReg RSP) (AddrImm 48))), Reg RAX 5
4ef46: LEA Reg RAX, Address (AddrPlus (FromReg RBX) (AddrImm 56)) 4
4ef4a: MOV Address (SizeDir 64 (AddrPlus (FromReg RSP) (AddrImm 64))), Reg RAX 5
4ef4f: CALL pthread_mutex_lock (external)
4ef54: TEST Reg EAX, Reg EAX 2
4ef56: JNZ 4efe3 (resolved immediate)
  |
  `- 4ef5c,4efe3
4ef5c: MOV Reg RDI, Address (SizeDir 64 (AddrPlus (FromReg RSP) (AddrImm 16))) 5
4ef61: MOV Reg EAX, Address (SizeDir 32 (AddrPlus (FromReg RDI) (AddrImm 120))) 3
4ef64: TEST Reg EAX, Reg EAX 2
4ef66: JNZ 4efc4 (resolved immediate)
  |
  `- 4ef68,4efc4
4ef68: MOV Reg RSI, Address (SizeDir 64 (FromReg R12)) 4
4ef6c: TEST Reg RSI, Reg RSI 3
4ef6f: JZ 4ef75 (resolved immediate)
  |
  `- 4ef71,4ef75
4ef71: CMP Address (SizeDir 32 (FromReg RSI)), Reg EBP 2
4ef73: JZ 4efb0 (resolved immediate)
  |
  `- 4ef75,4efb0
4ef75: ADD Reg RDI, Immediate 64 4
4ef79: CALL pthread_mutex_unlock (external)
4ef7e: TEST Reg EAX, Reg EAX 2
4ef80: JNZ 4efbf (resolved immediate)
  |
  `- 4ef82,4efbf
4ef82: MOV Reg RDI, Reg RBX 3
4ef85: CALL egc_run_callbacks (internal)
  |
  `- 4ea90
4ef8a: MOV Reg RDI, Reg RBX 3
4ef8d: CALL libxl__free_all (internal)
  |
  `- 3bdb0
4ef92: MOV Reg RAX, Address (SizeDir 64 (AddrPlus (FromReg RSP) (AddrImm 72))) 5
4ef97: XOR Reg RAX, Address (SizeDir 64 (AddrPlus (FromReg FS) (AddrImm 40))) 9
4efa0: JNZ 4efe8 (resolved immediate)
  |
  `- 4efa2,4efe8
4efa2: ADD Reg RSP, Immediate 80 4
4efa6: POP Reg RBX 1
4efa7: POP Reg RBP 1
4efa8: POP Reg R12 2
4efaa: RET  1
  |
  `- 
4efb0: MOV Reg RDI, Reg RBX 3
4efb3: CALL fd_occurs.constprop.31 (internal)
  |
  `- 4dd90
4efb8: MOV Reg RDI, Address (SizeDir 64 (AddrPlus (FromReg RSP) (AddrImm 16))) 5
4efbd: JMP 4ef75 (resolved immediate)
  |
  `- 4ef75
4efbf: CALL libxl__ctx_unlock.part.17 (internal)
  |
  `- 4cc70
4efc4: LEA Reg RCX, Address (AddrPlus (FromReg RIP) (AddrImm 325509)) 7
4efcb: LEA Reg RSI, Address (AddrPlus (FromReg RIP) (AddrImm 321764)) 7
4efd2: LEA Reg RDI, Address (AddrPlus (FromReg RIP) (AddrImm 322349)) 7
4efd9: MOV Reg EDX, Immediate 1327 5
4efde: CALL __assert_fail (external)
  |
  `- 
4efe3: CALL libxl__ctx_lock.part.16 (internal)
  |
  `- 4cc40
4efe8: CALL __stack_chk_fail (external)
  |
  `- 
