Number of assembly instructions     = 1046
Number of indirect branches         = 1
Number of unresolved indirect jumps = 0: 
Number of unresolved indirect calls = 0: 
Number of symbolic states (representative of non-determinism): 1100
Number of edges: 1666

36e20 (True): 37e78
37e60 (True): 56f1d
3bdb0 (True): 56f9c
3be40 (True): 3c1a9
3c110 (True): 36e83, 3c211, 3c274, 3df67, 3dfe7, 3e055, 3e0a0
3c1d0 (False): 3c39c, 3c406, 3c45b, 3c707
3c2a0 (True): 3c3e5, 3c43a, 3c6e0
3c3c0 (True): 3decc
3c410 (True): 3c4c9
3c460 (True): 3c5d4
3c540 (True): 36e39, 54159, 541a1, 5422a, 54265, 56f4a
3c660 (True): 3e1b7
3de10 (True): 5423a, 54275
54110 (True): 56f2a
541f0 (True): 56f91
56ed0 (False): 0
929d0 (True): 37e83

36e20: PUSH Reg R12 2
36e22: MOV Reg EDX, Reg ESI 2
36e24: PUSH Reg RBP 1
36e25: MOV Reg EBP, Reg ESI 2
36e27: PUSH Reg RBX 1
36e28: LEA Reg RSI, Address (AddrPlus (FromReg RIP) (AddrImm 402098)) 7
36e2f: XOR Reg EAX, Reg EAX 2
36e31: MOV Reg R12, Reg RDI 3
36e34: CALL libxl__sprintf (internal)
  |
  `- 3c540
36e39: TEST Reg RAX, Reg RAX 3
36e3c: MOV Reg RBX, Reg RAX 3
36e3f: JZ 36e50 (resolved immediate)
  |
  `- 36e41,36e50
36e41: MOV Reg RAX, Reg RBX 3
36e44: POP Reg RBX 1
36e45: POP Reg RBP 1
36e46: POP Reg R12 2
36e48: RET  1
  |
  `- 
36e50: LEA Reg RAX, Address (AddrPlus (FromReg RIP) (AddrImm 378994)) 7
36e57: MOV Reg RDI, Address (SizeDir 64 (AddrPlus (FromReg R12) (AddrImm 16))) 5
36e5c: LEA Reg R9, Address (AddrPlus (FromReg RIP) (AddrImm 402749)) 7
36e63: LEA Reg RCX, Address (AddrPlus (FromReg RIP) (AddrImm 402002)) 7
36e6a: MOV Reg EDX, Immediate 4294967295 5
36e6f: MOV Reg R8D, Immediate 192 6
36e75: PUSH Reg RAX 1
36e76: PUSH Reg RBP 1
36e77: XOR Reg EAX, Reg EAX 2
36e79: MOV Reg ESI, Immediate 8 5
36e7e: CALL libxl__log (internal)
  |
  `- 
36e83: POP Reg RAX 1
36e84: MOV Reg RAX, Reg RBX 3
36e87: POP Reg RDX 1
36e88: POP Reg RBX 1
36e89: POP Reg RBP 1
36e8a: POP Reg R12 2
36e8c: RET  1
  |
  `- 
37e60: PUSH Reg R13 2
37e62: PUSH Reg R12 2
37e64: MOV Reg R13D, Reg ECX 3
37e67: PUSH Reg RBP 1
37e68: PUSH Reg RBX 1
37e69: MOV Reg R12D, Reg EDX 3
37e6c: MOV Reg RBX, Reg RDI 3
37e6f: SUB Reg RSP, Immediate 8 4
37e73: CALL libxl__xs_libxl_path (internal)
  |
  `- 36e20
37e78: MOV Reg EDI, Reg R13D 3
37e7b: MOV Reg RBP, Reg RAX 3
37e7e: CALL libxl__device_kind_to_string (internal)
  |
  `- 929d0
37e83: ADD Reg RSP, Immediate 8 4
37e87: MOV Reg R8D, Reg R12D 3
37e8a: MOV Reg RDX, Reg RBP 3
37e8d: MOV Reg RDI, Reg RBX 3
37e90: LEA Reg RSI, Address (AddrPlus (FromReg RIP) (AddrImm 398708)) 7
37e97: MOV Reg RCX, Reg RAX 3
37e9a: POP Reg RBX 1
37e9b: POP Reg RBP 1
37e9c: POP Reg R12 2
37e9e: POP Reg R13 2
37ea0: XOR Reg EAX, Reg EAX 2
37ea2: JMP 3c540 (resolved immediate)
  |
  `- 3c540
3bdb0: PUSH Reg R12 2
3bdb2: PUSH Reg RBP 1
3bdb3: PUSH Reg RBX 1
3bdb4: MOV Reg EAX, Address (SizeDir 32 (FromReg RDI)) 2
3bdb6: TEST Reg EAX, Reg EAX 2
3bdb8: JS 3be14 (resolved immediate)
  |
  `- 3bdba,3be14
3bdba: MOV Reg R12, Reg RDI 3
3bdbd: MOV Reg EBP, Immediate 0 5
3bdc2: MOV Reg EBX, Immediate 0 5
3bdc7: JZ 3bdf4 (resolved immediate)
  |
  `- 3bdc9,3bdf4
3bdc9: NOP  7
3bdd0: MOV Reg RAX, Address (SizeDir 64 (AddrPlus (FromReg R12) (AddrImm 8))) 5
3bdd5: ADD Reg EBX, Immediate 1 3
3bdd8: ADD Reg RAX, Reg RBP 3
3bddb: ADD Reg RBP, Immediate 8 4
3bddf: MOV Reg RDI, Address (SizeDir 64 (FromReg RAX)) 3
3bde2: MOV Address (SizeDir 64 (FromReg RAX)), Immediate 0 7
3bde9: CALL free (external)
3bdee: CMP Address (SizeDir 32 (FromReg R12)), Reg EBX 4
3bdf2: JG 3bdd0 (resolved immediate)
  |
  `- 3bdd0,3bdf4
3bdf4: MOV Reg RDI, Address (SizeDir 64 (AddrPlus (FromReg R12) (AddrImm 8))) 5
3bdf9: CALL free (external)
3bdfe: MOV Address (SizeDir 64 (AddrPlus (FromReg R12) (AddrImm 8))), Immediate 0 9
3be07: MOV Address (SizeDir 32 (FromReg R12)), Immediate 0 8
3be0f: POP Reg RBX 1
3be10: POP Reg RBP 1
3be11: POP Reg R12 2
3be13: RET  1
  |
  `- 
3be14: LEA Reg RCX, Address (AddrPlus (FromReg RIP) (AddrImm 387253)) 7
3be1b: LEA Reg RSI, Address (AddrPlus (FromReg RIP) (AddrImm 386238)) 7
3be22: LEA Reg RDI, Address (AddrPlus (FromReg RIP) (AddrImm 386248)) 7
3be29: MOV Reg EDX, Immediate 80 5
3be2e: CALL __assert_fail (external)
  |
  `- 
3be40: PUSH Reg R15 2
3be42: PUSH Reg R14 2
3be44: MOV Reg R15, Reg RDI 3
3be47: PUSH Reg R13 2
3be49: PUSH Reg R12 2
3be4b: MOV Reg R12, Reg RCX 3
3be4e: PUSH Reg RBP 1
3be4f: PUSH Reg RBX 1
3be50: MOV Reg EBP, Reg R8D 3
3be53: MOV Reg RBX, Reg R9 3
3be56: SUB Reg RSP, Immediate 584 7
3be5d: MOV Address (SizeDir 32 (AddrPlus (FromReg RSP) (AddrImm 4))), Reg ESI 4
3be61: MOV Address (SizeDir 32 (AddrPlus (FromReg RSP) (AddrImm 8))), Reg EDX 4
3be65: MOV Reg RAX, Address (SizeDir 64 (AddrPlus (FromReg FS) (AddrImm 40))) 9
3be6e: MOV Address (SizeDir 64 (AddrPlus (FromReg RSP) (AddrImm 568))), Reg RAX 8
3be76: XOR Reg EAX, Reg EAX 2
3be78: MOV Address (SizeDir 64 (AddrPlus (FromReg RSP) (AddrImm 40))), Immediate 0 9
3be81: CALL __errno_location (external)
3be86: MOV Reg RCX, Address (SizeDir 64 (AddrPlus (FromReg RSP) (AddrImm 656))) 8
3be8e: MOV Reg RDX, Address (SizeDir 64 (AddrPlus (FromReg RSP) (AddrImm 648))) 8
3be96: LEA Reg RDI, Address (AddrPlus (FromReg RSP) (AddrImm 40)) 5
3be9b: MOV Reg ESI, Immediate 1 5
3bea0: MOV Reg R13, Reg RAX 3
3bea3: MOV Reg R14D, Address (SizeDir 32 (FromReg RAX)) 3
3bea6: CALL __vasprintf_chk (external)
3beab: TEST Reg RBX, Reg RBX 3
3beae: SETNZ Address (SizeDir 8 (AddrPlus (FromReg RSP) (AddrImm 15))) 5
3beb3: TEST Reg EAX, Reg EAX 2
3beb5: JS 3c0a0 (resolved immediate)
  |
  `- 3bebb,3c0a0
3bebb: TEST Reg R12, Reg R12 3
3bebe: MOV Address (SizeDir 8 (AddrPlus (FromReg RSP) (AddrImm 48))), Immediate 0 5
3bec3: JZ 3bf50 (resolved immediate)
  |
  `- 3bec9,3bf50
3bec9: LEA Reg R10, Address (AddrPlus (FromReg RSP) (AddrImm 48)) 5
3bece: SUB Reg RSP, Immediate 8 4
3bed2: LEA Reg R8, Address (AddrPlus (FromReg RIP) (AddrImm 362554)) 7
3bed9: PUSH Reg RBP 1
3beda: MOV Reg EDX, Immediate 1 5
3bedf: XOR Reg EAX, Reg EAX 2
3bee1: MOV Reg RDI, Reg R10 3
3bee4: MOV Reg R9, Reg R12 3
3bee7: MOV Reg ECX, Immediate 256 5
3beec: MOV Reg ESI, Immediate 256 5
3bef1: MOV Address (SizeDir 64 (AddrPlus (FromReg RSP) (AddrImm 32))), Reg R10 5
3bef6: CALL __snprintf_chk (external)
3befb: MOV Address (SizeDir 8 (AddrPlus (FromReg RSP) (AddrImm 319))), Immediate 0 8
3bf03: MOV Address (SizeDir 8 (AddrPlus (FromReg RSP) (AddrImm 320))), Immediate 0 8
3bf0b: POP Reg RAX 1
3bf0c: POP Reg RDX 1
3bf0d: CMP Address (SizeDir 32 (AddrPlus (FromReg RSP) (AddrImm 640))), Immediate 4294967295 8
3bf15: MOV Reg R10, Address (SizeDir 64 (AddrPlus (FromReg RSP) (AddrImm 16))) 5
3bf1a: JNZ 3bfc0 (resolved immediate)
  |
  `- 3bf20,3bfc0
3bf20: TEST Reg RBX, Reg RBX 3
3bf23: MOV Reg RCX, Address (SizeDir 64 (AddrPlus (FromReg RSP) (AddrImm 40))) 5
3bf28: JZ 3c0c6 (resolved immediate)
  |
  `- 3bf2e,3c0c6
3bf2e: LEA Reg RDX, Address (AddrPlus (FromReg RIP) (AddrImm 386002)) 7
3bf35: LEA Reg RAX, Address (AddrPlus (FromReg RIP) (AddrImm 408678)) 7
3bf3c: LEA Reg RBP, Address (AddrPlus (FromReg RIP) (AddrImm 386109)) 7
3bf43: LEA Reg R11, Address (AddrPlus (FromReg RSP) (AddrImm 304)) 8
3bf4b: JMP 3c031 (resolved immediate)
  |
  `- 3c031
3bf50: CMP Address (SizeDir 32 (AddrPlus (FromReg RSP) (AddrImm 640))), Immediate 4294967295 8
3bf58: MOV Address (SizeDir 8 (AddrPlus (FromReg RSP) (AddrImm 303))), Immediate 0 8
3bf60: LEA Reg R10, Address (AddrPlus (FromReg RSP) (AddrImm 48)) 5
3bf65: MOV Address (SizeDir 8 (AddrPlus (FromReg RSP) (AddrImm 304))), Immediate 0 8
3bf6d: JNZ 3bfc0 (resolved immediate)
  |
  `- 3bf6f,3bfc0
3bf6f: TEST Reg R12, Reg R12 3
3bf72: MOV Reg RCX, Address (SizeDir 64 (AddrPlus (FromReg RSP) (AddrImm 40))) 5
3bf77: LEA Reg RBP, Address (AddrPlus (FromReg RIP) (AddrImm 386050)) 7
3bf7e: LEA Reg R10, Address (AddrPlus (FromReg RSP) (AddrImm 48)) 5
3bf83: LEA Reg R11, Address (AddrPlus (FromReg RSP) (AddrImm 304)) 8
3bf8b: JZ 3c019 (resolved immediate)
  |
  `- 3c019
3bf98: TEST Reg RBX, Reg RBX 3
3bf9b: JZ 3c0eb (resolved immediate)
  |
  `- 3bfa1,3c0eb
3bfa1: LEA Reg RAX, Address (AddrPlus (FromReg RIP) (AddrImm 396536)) 7
3bfa8: LEA Reg RSI, Address (AddrPlus (FromReg RIP) (AddrImm 408563)) 7
3bfaf: TEST Reg R12, Reg R12 3
3bfb2: LEA Reg RDX, Address (AddrPlus (FromReg RIP) (AddrImm 385870)) 7
3bfb9: CMOVNZ Reg RAX, Reg RSI 4
3bfbd: JMP 3c031 (resolved immediate)
  |
  `- 3c031
3bfc0: LEA Reg R11, Address (AddrPlus (FromReg RSP) (AddrImm 304)) 8
3bfc8: MOV Reg R9D, Address (SizeDir 32 (AddrPlus (FromReg RSP) (AddrImm 640))) 8
3bfd0: LEA Reg R8, Address (AddrPlus (FromReg RIP) (AddrImm 385843)) 7
3bfd7: MOV Reg ECX, Immediate 256 5
3bfdc: MOV Reg EDX, Immediate 1 5
3bfe1: MOV Reg ESI, Immediate 256 5
3bfe6: MOV Reg RDI, Reg R11 3
3bfe9: XOR Reg EAX, Reg EAX 2
3bfeb: MOV Address (SizeDir 64 (AddrPlus (FromReg RSP) (AddrImm 24))), Reg R10 5
3bff0: MOV Address (SizeDir 64 (AddrPlus (FromReg RSP) (AddrImm 16))), Reg R11 5
3bff5: LEA Reg RBP, Address (AddrPlus (FromReg RIP) (AddrImm 385924)) 7
3bffc: CALL __snprintf_chk (external)
3c001: MOV Reg RCX, Address (SizeDir 64 (AddrPlus (FromReg RSP) (AddrImm 40))) 5
3c006: MOV Reg R11, Address (SizeDir 64 (AddrPlus (FromReg RSP) (AddrImm 16))) 5
3c00b: MOV Reg R10, Address (SizeDir 64 (AddrPlus (FromReg RSP) (AddrImm 24))) 5
3c010: TEST Reg R12, Reg R12 3
3c013: JNZ 3bf98 (resolved immediate)
  |
  `- 3bf98,3c019
3c019: CMP Address (SizeDir 8 (AddrPlus (FromReg RSP) (AddrImm 15))), Immediate 0 5
3c01e: JNZ 3bf98 (resolved immediate)
  |
  `- 3bf98,3c024
3c024: LEA Reg RBX, Address (AddrPlus (FromReg RIP) (AddrImm 396405)) 7
3c02b: MOV Reg RDX, Reg RBX 3
3c02e: MOV Reg RAX, Reg RBX 3
3c031: SUB Reg RSP, Immediate 8 4
3c035: MOV Reg RDI, Address (SizeDir 64 (FromReg R15)) 3
3c038: LEA Reg R8, Address (AddrPlus (FromReg RIP) (AddrImm 385750)) 7
3c03f: PUSH Reg RCX 1
3c040: PUSH Reg R11 2
3c042: LEA Reg RCX, Address (AddrPlus (FromReg RIP) (AddrImm 358278)) 7
3c049: PUSH Reg RDX 1
3c04a: PUSH Reg RBX 1
3c04b: MOV Reg R9, Reg R10 3
3c04e: PUSH Reg RAX 1
3c04f: MOV Reg EDX, Address (SizeDir 32 (AddrPlus (FromReg RSP) (AddrImm 56))) 4
3c053: XOR Reg EAX, Reg EAX 2
3c055: MOV Reg ESI, Address (SizeDir 32 (AddrPlus (FromReg RSP) (AddrImm 52))) 4
3c059: CALL xtl_log (external)
3c05e: MOV Reg RDI, Address (SizeDir 64 (AddrPlus (FromReg RSP) (AddrImm 88))) 5
3c063: ADD Reg RSP, Immediate 48 4
3c067: CMP Reg RDI, Reg RBP 3
3c06a: JZ 3c071 (resolved immediate)
  |
  `- 3c06c,3c071
3c06c: CALL free (external)
3c071: MOV Reg RAX, Address (SizeDir 64 (AddrPlus (FromReg RSP) (AddrImm 568))) 8
3c079: XOR Reg RAX, Address (SizeDir 64 (AddrPlus (FromReg FS) (AddrImm 40))) 9
3c082: MOV Address (SizeDir 32 (AddrPlus (FromReg R13) (AddrImm 0))), Reg R14D 4
3c086: JNZ 3c0c1 (resolved immediate)
  |
  `- 3c088,3c0c1
3c088: ADD Reg RSP, Immediate 584 7
3c08f: POP Reg RBX 1
3c090: POP Reg RBP 1
3c091: POP Reg R12 2
3c093: POP Reg R13 2
3c095: POP Reg R14 2
3c097: POP Reg R15 2
3c099: RET  1
  |
  `- 
3c0a0: LEA Reg RBP, Address (AddrPlus (FromReg RIP) (AddrImm 385753)) 7
3c0a7: LEA Reg R10, Address (AddrPlus (FromReg RSP) (AddrImm 48)) 5
3c0ac: LEA Reg R11, Address (AddrPlus (FromReg RSP) (AddrImm 304)) 8
3c0b4: MOV Address (SizeDir 64 (AddrPlus (FromReg RSP) (AddrImm 40))), Reg RBP 5
3c0b9: MOV Reg RCX, Reg RBP 3
3c0bc: JMP 3c010 (resolved immediate)
  |
  `- 3c010
3c0c1: CALL __stack_chk_fail (external)
  |
  `- 
3c0c6: LEA Reg RBX, Address (AddrPlus (FromReg RIP) (AddrImm 396243)) 7
3c0cd: LEA Reg RDX, Address (AddrPlus (FromReg RIP) (AddrImm 385587)) 7
3c0d4: LEA Reg RBP, Address (AddrPlus (FromReg RIP) (AddrImm 385701)) 7
3c0db: LEA Reg R11, Address (AddrPlus (FromReg RSP) (AddrImm 304)) 8
3c0e3: MOV Reg RAX, Reg RBX 3
3c0e6: JMP 3c031 (resolved immediate)
  |
  `- 3c031
3c0eb: LEA Reg RBX, Address (AddrPlus (FromReg RIP) (AddrImm 396206)) 7
3c0f2: LEA Reg RDX, Address (AddrPlus (FromReg RIP) (AddrImm 385550)) 7
3c0f9: MOV Reg RAX, Reg RBX 3
3c0fc: JMP 3c031 (resolved immediate)
  |
  `- 3c031
3c110: SUB Reg RSP, Immediate 216 7
3c117: TEST Reg AL, Reg AL 2
3c119: MOV Reg R10, Address (SizeDir 64 (AddrPlus (FromReg RSP) (AddrImm 232))) 8
3c121: JZ 3c15a (resolved immediate)
  |
  `- 3c123,3c15a
3c123: MOVAPS Address (SizeDir 128 (AddrPlus (FromReg RSP) (AddrImm 80))), Reg XMM0 5
3c128: MOVAPS Address (SizeDir 128 (AddrPlus (FromReg RSP) (AddrImm 96))), Reg XMM1 5
3c12d: MOVAPS Address (SizeDir 128 (AddrPlus (FromReg RSP) (AddrImm 112))), Reg XMM2 5
3c132: MOVAPS Address (SizeDir 128 (AddrPlus (FromReg RSP) (AddrImm 128))), Reg XMM3 8
3c13a: MOVAPS Address (SizeDir 128 (AddrPlus (FromReg RSP) (AddrImm 144))), Reg XMM4 8
3c142: MOVAPS Address (SizeDir 128 (AddrPlus (FromReg RSP) (AddrImm 160))), Reg XMM5 8
3c14a: MOVAPS Address (SizeDir 128 (AddrPlus (FromReg RSP) (AddrImm 176))), Reg XMM6 8
3c152: MOVAPS Address (SizeDir 128 (AddrPlus (FromReg RSP) (AddrImm 192))), Reg XMM7 8
3c15a: MOV Reg RAX, Address (SizeDir 64 (AddrPlus (FromReg FS) (AddrImm 40))) 9
3c163: MOV Address (SizeDir 64 (AddrPlus (FromReg RSP) (AddrImm 24))), Reg RAX 5
3c168: XOR Reg EAX, Reg EAX 2
3c16a: LEA Reg RAX, Address (AddrPlus (FromReg RSP) (AddrImm 240)) 8
3c172: MOV Address (SizeDir 64 (AddrPlus (FromReg RSP) (AddrImm 8))), Reg RAX 5
3c177: LEA Reg RAX, Address (AddrPlus (FromReg RSP) (AddrImm 32)) 5
3c17c: MOV Address (SizeDir 32 (FromReg RSP)), Immediate 48 7
3c183: MOV Address (SizeDir 32 (AddrPlus (FromReg RSP) (AddrImm 4))), Immediate 48 8
3c18b: SUB Reg RSP, Immediate 8 4
3c18f: MOV Address (SizeDir 64 (AddrPlus (FromReg RSP) (AddrImm 24))), Reg RAX 5
3c194: LEA Reg RAX, Address (AddrPlus (FromReg RSP) (AddrImm 8)) 5
3c199: PUSH Reg RAX 1
3c19a: PUSH Reg R10 2
3c19c: MOV Reg EAX, Address (SizeDir 32 (AddrPlus (FromReg RSP) (AddrImm 248))) 7
3c1a3: PUSH Reg RAX 1
3c1a4: CALL libxl__logv (internal)
  |
  `- 3be40
3c1a9: ADD Reg RSP, Immediate 32 4
3c1ad: MOV Reg RAX, Address (SizeDir 64 (AddrPlus (FromReg RSP) (AddrImm 24))) 5
3c1b2: XOR Reg RAX, Address (SizeDir 64 (AddrPlus (FromReg FS) (AddrImm 40))) 9
3c1bb: JNZ 3c1c5 (resolved immediate)
  |
  `- 3c1bd,3c1c5
3c1bd: ADD Reg RSP, Immediate 216 7
3c1c4: RET  1
  |
  `- 
3c1c5: CALL __stack_chk_fail (external)
  |
  `- 
3c1d0: TEST Reg RCX, Reg RCX 3
3c1d3: PUSH Reg R14 2
3c1d5: PUSH Reg R13 2
3c1d7: PUSH Reg R12 2
3c1d9: PUSH Reg RBP 1
3c1da: PUSH Reg RBX 1
3c1db: MOV Reg RBX, Reg RSI 3
3c1de: JZ 3c24b (resolved immediate)
  |
  `- 3c1e0,3c24b
3c1e0: LEA Reg R14, Address (AddrPlus (FromReg RIP) (AddrImm 385473)) 7
3c1e7: SUB Reg RSP, Immediate 8 4
3c1eb: MOV Reg R9, Reg RSI 3
3c1ee: PUSH Reg RCX 1
3c1ef: PUSH Reg RDX 1
3c1f0: MOV Reg R13, Reg RDX 3
3c1f3: PUSH Reg RSI 1
3c1f4: PUSH Reg R14 2
3c1f6: MOV Reg R12, Reg RCX 3
3c1f9: PUSH Immediate 18446744073709551615 2
3c1fb: XOR Reg R8D, Reg R8D 3
3c1fe: XOR Reg ECX, Reg ECX 2
3c200: MOV Reg EDX, Immediate 12 5
3c205: MOV Reg ESI, Immediate 9 5
3c20a: XOR Reg EAX, Reg EAX 2
3c20c: CALL libxl__log (internal)
  |
  `- 
3c211: MOV Reg RBP, Address (SizeDir 64 (AddrPlus (FromReg RIP) (AddrImm 2665928))) 7
3c218: ADD Reg RSP, Immediate 48 4
3c21c: MOV Reg R9, Reg R12 3
3c21f: MOV Reg R8, Reg R13 3
3c222: MOV Reg RCX, Reg RBX 3
3c225: MOV Reg RDX, Reg R14 3
3c228: MOV Reg ESI, Immediate 1 5
3c22d: XOR Reg EAX, Reg EAX 2
3c22f: MOV Reg RDI, Address (SizeDir 64 (AddrPlus (FromReg RBP) (AddrImm 0))) 4
3c233: CALL __fprintf_chk (external)
3c238: MOV Reg RDI, Address (SizeDir 64 (AddrPlus (FromReg RBP) (AddrImm 0))) 4
3c23c: CALL fflush (external)
3c241: MOV Reg EDI, Immediate 4294967295 5
3c246: CALL _exit (external)
  |
  `- 
3c24b: LEA Reg R12, Address (AddrPlus (FromReg RIP) (AddrImm 385430)) 7
3c252: SUB Reg RSP, Immediate 8 4
3c256: MOV Reg R9, Reg RSI 3
3c259: PUSH Reg RSI 1
3c25a: XOR Reg ECX, Reg ECX 2
3c25c: XOR Reg EAX, Reg EAX 2
3c25e: PUSH Reg R12 2
3c260: PUSH Immediate 18446744073709551615 2
3c262: XOR Reg R8D, Reg R8D 3
3c265: MOV Reg EDX, Immediate 12 5
3c26a: MOV Reg ESI, Immediate 9 5
3c26f: CALL libxl__log (internal)
  |
  `- 3c110
3c274: MOV Reg RBP, Address (SizeDir 64 (AddrPlus (FromReg RIP) (AddrImm 2665829))) 7
3c27b: ADD Reg RSP, Immediate 32 4
3c27f: MOV Reg RCX, Reg RBX 3
3c282: MOV Reg RDX, Reg R12 3
3c285: MOV Reg ESI, Immediate 1 5
3c28a: XOR Reg EAX, Reg EAX 2
3c28c: MOV Reg RDI, Address (SizeDir 64 (AddrPlus (FromReg RBP) (AddrImm 0))) 4
3c290: CALL __fprintf_chk (external)
3c295: JMP 3c238 (resolved immediate)
  |
  `- 3c238
3c2a0: MOV Reg R8D, Address (SizeDir 32 (FromReg RDI)) 3
3c2a3: TEST Reg R8D, Reg R8D 3
3c2a6: JS 3c378 (resolved immediate)
  |
  `- 3c2ac,3c378
3c2ac: TEST Reg RSI, Reg RSI 3
3c2af: JZ 3c378 (resolved immediate)
  |
  `- 3c2b5,3c378
3c2b5: TEST Reg R8D, Reg R8D 3
3c2b8: JZ 3c2f7 (resolved immediate)
  |
  `- 3c2ba,3c2f7
3c2ba: MOV Reg RDX, Address (SizeDir 64 (AddrPlus (FromReg RDI) (AddrImm 8))) 4
3c2be: CMP Address (SizeDir 64 (FromReg RDX)), Immediate 0 4
3c2c2: JZ 3c380 (resolved immediate)
  |
  `- 3c2c8,3c380
3c2c8: LEA Reg RAX, Address (AddrPlus (FromReg RDX) (AddrImm 8)) 4
3c2cc: LEA Reg EDX, Address (AddrMinus (FromReg R8) (AddrImm 1)) 4
3c2d0: LEA Reg RCX, Address (AddrPlus (FromReg RAX) (AddrTimes (AddrImm 8) (FromReg RDX))) 4
3c2d4: JMP 3c2f2 (resolved immediate)
  |
  `- 3c2f2
3c2e0: MOV Reg RDX, Reg RAX 3
3c2e3: ADD Reg RAX, Immediate 8 4
3c2e7: CMP Address (SizeDir 64 (AddrMinus (FromReg RAX) (AddrImm 8))), Immediate 0 5
3c2ec: JZ 3c380 (resolved immediate)
  |
  `- 3c2f2,3c380
3c2f2: CMP Reg RAX, Reg RCX 3
3c2f5: JNZ 3c2e0 (resolved immediate)
  |
  `- 3c2e0,3c2f7
3c2f7: PUSH Reg R13 2
3c2f9: PUSH Reg R12 2
3c2fb: MOV Reg R12, Reg RSI 3
3c2fe: PUSH Reg RBP 1
3c2ff: LEA Reg EBP, Address (AddrPlus (AddrPlus (FromReg R8) (FromReg R8)) (AddrImm 25)) 5
3c304: PUSH Reg RBX 1
3c305: MOV Reg RBX, Reg RDI 3
3c308: SUB Reg RSP, Immediate 8 4
3c30c: CMP Reg EBP, Immediate 134217726 6
3c312: JG 3c39c (resolved immediate)
  |
  `- 3c318,3c39c
3c318: MOVSXD Reg R13, Reg EBP 3
3c31b: MOV Reg RDI, Address (SizeDir 64 (AddrPlus (FromReg RDI) (AddrImm 8))) 4
3c31f: LEA Reg RSI, Address (AddrPlus (AddrTimes (AddrImm 8) (FromReg R13)) (AddrImm 0)) 8
3c327: CALL realloc (external)
3c32c: TEST Reg RAX, Reg RAX 3
3c32f: MOV Address (SizeDir 64 (AddrPlus (FromReg RBX) (AddrImm 8))), Reg RAX 4
3c333: JZ 3c384 (resolved immediate)
  |
  `- 3c335,3c384
3c335: MOVSXD Reg RDX, Address (SizeDir 32 (FromReg RBX)) 3
3c338: LEA Reg ECX, Address (AddrPlus (FromReg RDX) (AddrImm 1)) 3
3c33b: MOV Address (SizeDir 32 (FromReg RBX)), Reg ECX 2
3c33d: MOV Address (SizeDir 64 (AddrPlus (FromReg RAX) (AddrTimes (AddrImm 8) (FromReg RDX)))), Reg R12 4
3c341: MOVSXD Reg RAX, Address (SizeDir 32 (FromReg RBX)) 3
3c344: CMP Reg EBP, Reg EAX 2
3c346: JLE 3c368 (resolved immediate)
  |
  `- 3c348,3c368
3c348: NOP  8
3c350: MOV Reg RDX, Address (SizeDir 64 (AddrPlus (FromReg RBX) (AddrImm 8))) 4
3c354: LEA Reg ECX, Address (AddrPlus (FromReg RAX) (AddrImm 1)) 3
3c357: MOV Address (SizeDir 32 (FromReg RBX)), Reg ECX 2
3c359: MOV Address (SizeDir 64 (AddrPlus (FromReg RDX) (AddrTimes (AddrImm 8) (FromReg RAX)))), Immediate 0 8
3c361: MOVSXD Reg RAX, Address (SizeDir 32 (FromReg RBX)) 3
3c364: CMP Reg EAX, Reg EBP 2
3c366: JL 3c350 (resolved immediate)
  |
  `- 3c350,3c368
3c368: ADD Reg RSP, Immediate 8 4
3c36c: POP Reg RBX 1
3c36d: POP Reg RBP 1
3c36e: POP Reg R12 2
3c370: POP Reg R13 2
3c372: RET  1
  |
  `- 
3c378: REPZ RET  2
  |
  `- 
3c380: MOV Address (SizeDir 64 (FromReg RDX)), Reg RSI 3
3c383: RET  1
  |
  `- 
3c384: MOV Reg RDI, Address (SizeDir 64 (AddrPlus (FromReg RBX) (AddrImm 16))) 4
3c388: LEA Reg RSI, Address (AddrPlus (FromReg RIP) (AddrImm 385873)) 7
3c38f: MOV Reg ECX, Immediate 8 5
3c394: MOV Reg RDX, Reg R13 3
3c397: CALL libxl__alloc_failed (internal)
  |
  `- 
3c39c: LEA Reg RCX, Address (AddrPlus (FromReg RIP) (AddrImm 385869)) 7
3c3a3: LEA Reg RSI, Address (AddrPlus (FromReg RIP) (AddrImm 384822)) 7
3c3aa: LEA Reg RDI, Address (AddrPlus (FromReg RIP) (AddrImm 385135)) 7
3c3b1: MOV Reg EDX, Immediate 62 5
3c3b6: CALL __assert_fail (external)
  |
  `- 
3c3c0: PUSH Reg R12 2
3c3c2: PUSH Reg RBP 1
3c3c3: MOV Reg R12, Reg RDI 3
3c3c6: PUSH Reg RBX 1
3c3c7: MOV Reg RDI, Reg RSI 3
3c3ca: MOV Reg RBP, Reg RSI 3
3c3cd: CALL malloc (external)
3c3d2: TEST Reg RAX, Reg RAX 3
3c3d5: JZ 3c3ed (resolved immediate)
  |
  `- 3c3d7,3c3ed
3c3d7: MOV Reg RBX, Reg RAX 3
3c3da: MOV Reg RSI, Reg RAX 3
3c3dd: MOV Reg RDI, Reg R12 3
3c3e0: CALL libxl__ptr_add (internal)
3c3e5: MOV Reg RAX, Reg RBX 3
3c3e8: POP Reg RBX 1
3c3e9: POP Reg RBP 1
3c3ea: POP Reg R12 2
3c3ec: RET  1
  |
  `- 
3c3ed: MOV Reg RDI, Address (SizeDir 64 (AddrPlus (FromReg R12) (AddrImm 16))) 5
3c3f2: LEA Reg RSI, Address (AddrPlus (FromReg RIP) (AddrImm 385735)) 7
3c3f9: MOV Reg ECX, Immediate 1 5
3c3fe: MOV Reg RDX, Reg RBP 3
3c401: CALL libxl__alloc_failed (internal)
  |
  `- 
3c410: PUSH Reg R12 2
3c412: PUSH Reg RBP 1
3c413: MOV Reg RBP, Reg RSI 3
3c416: PUSH Reg RBX 1
3c417: MOV Reg R12, Reg RDI 3
3c41a: MOV Reg ESI, Immediate 1 5
3c41f: MOV Reg RDI, Reg RBP 3
3c422: CALL calloc (external)
3c427: TEST Reg RAX, Reg RAX 3
3c42a: JZ 3c442 (resolved immediate)
  |
  `- 3c42c,3c442
3c42c: MOV Reg RBX, Reg RAX 3
3c42f: MOV Reg RSI, Reg RAX 3
3c432: MOV Reg RDI, Reg R12 3
3c435: CALL libxl__ptr_add (internal)
  |
  `- 3c2a0
3c43a: MOV Reg RAX, Reg RBX 3
3c43d: POP Reg RBX 1
3c43e: POP Reg RBP 1
3c43f: POP Reg R12 2
3c441: RET  1
  |
  `- 
3c442: MOV Reg RDI, Address (SizeDir 64 (AddrPlus (FromReg R12) (AddrImm 16))) 5
3c447: LEA Reg RSI, Address (AddrPlus (FromReg RIP) (AddrImm 385634)) 7
3c44e: MOV Reg ECX, Immediate 1 5
3c453: MOV Reg RDX, Reg RBP 3
3c456: CALL libxl__alloc_failed (internal)
  |
  `- 3c1d0
3c460: PUSH Reg R14 2
3c462: PUSH Reg R13 2
3c464: MOV Reg R8, Reg RSI 3
3c467: PUSH Reg R12 2
3c469: PUSH Reg RBP 1
3c46a: MOV Reg R13, Reg RDI 3
3c46d: PUSH Reg RBX 1
3c46e: XOR Reg EDI, Reg EDI 2
3c470: MOV Reg RBP, Reg RSI 3
3c473: MOV Reg R14, Reg RDX 3
3c476: XOR Reg ESI, Reg ESI 2
3c478: MOV Reg RCX, Immediate 18446744073709551615 7
3c47f: SUB Reg RSP, Immediate 32 4
3c483: MOV Reg RAX, Address (SizeDir 64 (AddrPlus (FromReg FS) (AddrImm 40))) 9
3c48c: MOV Address (SizeDir 64 (AddrPlus (FromReg RSP) (AddrImm 24))), Reg RAX 5
3c491: XOR Reg EAX, Reg EAX 2
3c493: MOV Reg R12, Reg RSP 3
3c496: MOVDQU Reg XMM0, Address (SizeDir 128 (FromReg RDX)) 4
3c49a: MOV Reg R9, Reg R12 3
3c49d: MOVUPS Address (SizeDir 128 (FromReg RSP)), Reg XMM0 4
3c4a1: MOV Reg RAX, Address (SizeDir 64 (AddrPlus (FromReg RDX) (AddrImm 16))) 4
3c4a5: MOV Reg EDX, Immediate 1 5
3c4aa: MOV Address (SizeDir 64 (AddrPlus (FromReg RSP) (AddrImm 16))), Reg RAX 5
3c4af: CALL __vsnprintf_chk (external)
3c4b4: TEST Reg EAX, Reg EAX 2
3c4b6: JS 3c51b (resolved immediate)
  |
  `- 3c4b8,3c51b
3c4b8: ADD Reg EAX, Immediate 1 3
3c4bb: MOV Reg RDI, Reg R13 3
3c4be: MOVSXD Reg RBX, Reg EAX 3
3c4c1: MOV Reg RSI, Reg RBX 3
3c4c4: CALL libxl__zalloc (internal)
  |
  `- 3c410
3c4c9: MOV Reg R13, Reg RAX 3
3c4cc: MOV Reg RAX, Address (SizeDir 64 (AddrPlus (FromReg R14) (AddrImm 16))) 4
3c4d0: MOV Reg RCX, Immediate 18446744073709551615 7
3c4d7: MOVDQU Reg XMM0, Address (SizeDir 128 (FromReg R14)) 5
3c4dc: MOV Reg R9, Reg R12 3
3c4df: MOV Reg R8, Reg RBP 3
3c4e2: MOV Reg EDX, Immediate 1 5
3c4e7: MOV Reg RSI, Reg RBX 3
3c4ea: MOV Reg RDI, Reg R13 3
3c4ed: MOV Address (SizeDir 64 (AddrPlus (FromReg RSP) (AddrImm 16))), Reg RAX 5
3c4f2: MOVUPS Address (SizeDir 128 (FromReg RSP)), Reg XMM0 4
3c4f6: CALL __vsnprintf_chk (external)
3c4fb: MOV Reg RCX, Address (SizeDir 64 (AddrPlus (FromReg RSP) (AddrImm 24))) 5
3c500: XOR Reg RCX, Address (SizeDir 64 (AddrPlus (FromReg FS) (AddrImm 40))) 9
3c509: MOV Reg RAX, Reg R13 3
3c50c: JNZ 3c53a (resolved immediate)
  |
  `- 3c50e,3c53a
3c50e: ADD Reg RSP, Immediate 32 4
3c512: POP Reg RBX 1
3c513: POP Reg RBP 1
3c514: POP Reg R12 2
3c516: POP Reg R13 2
3c518: POP Reg R14 2
3c51a: RET  1
  |
  `- 
3c51b: LEA Reg RCX, Address (AddrPlus (FromReg RIP) (AddrImm 385358)) 7
3c522: LEA Reg RSI, Address (AddrPlus (FromReg RIP) (AddrImm 384439)) 7
3c529: LEA Reg RDI, Address (AddrPlus (FromReg RIP) (AddrImm 384498)) 7
3c530: MOV Reg EDX, Immediate 152 5
3c535: CALL __assert_fail (external)
  |
  `- 
3c53a: CALL __stack_chk_fail (external)
  |
  `- 
3c540: SUB Reg RSP, Immediate 216 7
3c547: TEST Reg AL, Reg AL 2
3c549: MOV Address (SizeDir 64 (AddrPlus (FromReg RSP) (AddrImm 48))), Reg RDX 5
3c54e: MOV Address (SizeDir 64 (AddrPlus (FromReg RSP) (AddrImm 56))), Reg RCX 5
3c553: MOV Address (SizeDir 64 (AddrPlus (FromReg RSP) (AddrImm 64))), Reg R8 5
3c558: MOV Address (SizeDir 64 (AddrPlus (FromReg RSP) (AddrImm 72))), Reg R9 5
3c55d: JZ 3c596 (resolved immediate)
  |
  `- 3c596,3c55f
3c55f: MOVAPS Address (SizeDir 128 (AddrPlus (FromReg RSP) (AddrImm 80))), Reg XMM0 5
3c564: MOVAPS Address (SizeDir 128 (AddrPlus (FromReg RSP) (AddrImm 96))), Reg XMM1 5
3c569: MOVAPS Address (SizeDir 128 (AddrPlus (FromReg RSP) (AddrImm 112))), Reg XMM2 5
3c56e: MOVAPS Address (SizeDir 128 (AddrPlus (FromReg RSP) (AddrImm 128))), Reg XMM3 8
3c576: MOVAPS Address (SizeDir 128 (AddrPlus (FromReg RSP) (AddrImm 144))), Reg XMM4 8
3c57e: MOVAPS Address (SizeDir 128 (AddrPlus (FromReg RSP) (AddrImm 160))), Reg XMM5 8
3c586: MOVAPS Address (SizeDir 128 (AddrPlus (FromReg RSP) (AddrImm 176))), Reg XMM6 8
3c58e: MOVAPS Address (SizeDir 128 (AddrPlus (FromReg RSP) (AddrImm 192))), Reg XMM7 8
3c596: MOV Reg RAX, Address (SizeDir 64 (AddrPlus (FromReg FS) (AddrImm 40))) 9
3c59f: MOV Address (SizeDir 64 (AddrPlus (FromReg RSP) (AddrImm 24))), Reg RAX 5
3c5a4: XOR Reg EAX, Reg EAX 2
3c5a6: LEA Reg RAX, Address (AddrPlus (FromReg RSP) (AddrImm 224)) 8
3c5ae: MOV Reg RDX, Reg RSP 3
3c5b1: MOV Address (SizeDir 64 (AddrPlus (FromReg RSP) (AddrImm 8))), Reg RAX 5
3c5b6: LEA Reg RAX, Address (AddrPlus (FromReg RSP) (AddrImm 32)) 5
3c5bb: MOV Address (SizeDir 32 (FromReg RSP)), Immediate 16 7
3c5c2: MOV Address (SizeDir 32 (AddrPlus (FromReg RSP) (AddrImm 4))), Immediate 48 8
3c5ca: MOV Address (SizeDir 64 (AddrPlus (FromReg RSP) (AddrImm 16))), Reg RAX 5
3c5cf: CALL libxl__vsprintf (internal)
  |
  `- 3c5d4,3c460
3c5d4: MOV Reg RCX, Address (SizeDir 64 (AddrPlus (FromReg RSP) (AddrImm 24))) 5
3c5d9: XOR Reg RCX, Address (SizeDir 64 (AddrPlus (FromReg FS) (AddrImm 40))) 9
3c5e2: JNZ 3c5ec (resolved immediate)
  |
  `- 3c5e4,3c5ec
3c5e4: ADD Reg RSP, Immediate 216 7
3c5eb: RET  1
  |
  `- 
3c5ec: CALL __stack_chk_fail (external)
  |
  `- 
3c660: PUSH Reg R12 2
3c662: PUSH Reg RBP 1
3c663: MOV Reg R12, Reg RDI 3
3c666: PUSH Reg RBX 1
3c667: MOV Reg RBX, Reg RSI 3
3c66a: MOV Reg RSI, Reg RDX 3
3c66d: MOV Reg RDI, Reg RBX 3
3c670: MOV Reg RBP, Reg RDX 3
3c673: SUB Reg RSP, Immediate 16 4
3c677: CALL realloc (external)
3c67c: TEST Reg RAX, Reg RAX 3
3c67f: JNZ 3c686 (resolved immediate)
  |
  `- 3c681,3c686
3c681: TEST Reg RBP, Reg RBP 3
3c684: JNZ 3c6ee (resolved immediate)
  |
  `- 3c686,3c6ee
3c686: TEST Reg RBX, Reg RBX 3
3c689: JZ 3c6d0 (resolved immediate)
  |
  `- 3c68b,3c6d0
3c68b: CMP Reg RBX, Reg RAX 3
3c68e: JZ 3c6c5 (resolved immediate)
  |
  `- 3c690,3c6c5
3c690: MOV Reg ESI, Address (SizeDir 32 (FromReg R12)) 4
3c694: TEST Reg ESI, Reg ESI 2
3c696: JS 3c6c5 (resolved immediate)
  |
  `- 3c698,3c6c5
3c698: JZ 3c707 (resolved immediate)
  |
  `- 3c69a,3c707
3c69a: MOV Reg RCX, Address (SizeDir 64 (AddrPlus (FromReg R12) (AddrImm 8))) 5
3c69f: CMP Reg RBX, Address (SizeDir 64 (FromReg RCX)) 3
3c6a2: JZ 3c6c2 (resolved immediate)
  |
  `- 3c6a4,3c6c2
3c6a4: LEA Reg RDX, Address (AddrPlus (FromReg RCX) (AddrImm 8)) 4
3c6a8: LEA Reg ECX, Address (AddrMinus (FromReg RSI) (AddrImm 1)) 3
3c6ab: LEA Reg RSI, Address (AddrPlus (FromReg RDX) (AddrTimes (AddrImm 8) (FromReg RCX))) 4
3c6af: NOP  1
3c6b0: CMP Reg RDX, Reg RSI 3
3c6b3: JZ 3c707 (resolved immediate)
  |
  `- 3c6b5,3c707
3c6b5: MOV Reg RCX, Reg RDX 3
3c6b8: ADD Reg RDX, Immediate 8 4
3c6bc: CMP Address (SizeDir 64 (AddrMinus (FromReg RDX) (AddrImm 8))), Reg RBX 4
3c6c0: JNZ 3c6b0 (resolved immediate)
  |
  `- 3c6b0,3c6c2
3c6c2: MOV Address (SizeDir 64 (FromReg RCX)), Reg RAX 3
3c6c5: ADD Reg RSP, Immediate 16 4
3c6c9: POP Reg RBX 1
3c6ca: POP Reg RBP 1
3c6cb: POP Reg R12 2
3c6cd: RET  1
  |
  `- 
3c6d0: MOV Reg RSI, Reg RAX 3
3c6d3: MOV Reg RDI, Reg R12 3
3c6d6: MOV Address (SizeDir 64 (AddrPlus (FromReg RSP) (AddrImm 8))), Reg RAX 5
3c6db: CALL libxl__ptr_add (internal)
3c6e0: MOV Reg RAX, Address (SizeDir 64 (AddrPlus (FromReg RSP) (AddrImm 8))) 5
3c6e5: ADD Reg RSP, Immediate 16 4
3c6e9: POP Reg RBX 1
3c6ea: POP Reg RBP 1
3c6eb: POP Reg R12 2
3c6ed: RET  1
  |
  `- 
3c6ee: MOV Reg RDI, Address (SizeDir 64 (AddrPlus (FromReg R12) (AddrImm 16))) 5
3c6f3: LEA Reg RSI, Address (AddrPlus (FromReg RIP) (AddrImm 384918)) 7
3c6fa: MOV Reg ECX, Immediate 1 5
3c6ff: MOV Reg RDX, Reg RBP 3
3c702: CALL libxl__alloc_failed (internal)
  |
  `- 
3c707: LEA Reg RCX, Address (AddrPlus (FromReg RIP) (AddrImm 384882)) 7
3c70e: LEA Reg RSI, Address (AddrPlus (FromReg RIP) (AddrImm 383947)) 7
3c715: LEA Reg RDI, Address (AddrPlus (FromReg RIP) (AddrImm 384015)) 7
3c71c: MOV Reg EDX, Immediate 131 5
3c721: CALL __assert_fail (external)
  |
  `- 
3de10: PUSH Reg R15 2
3de12: PUSH Reg R14 2
3de14: PUSH Reg R13 2
3de16: PUSH Reg R12 2
3de18: MOV Reg R13, Reg RCX 3
3de1b: PUSH Reg RBP 1
3de1c: PUSH Reg RBX 1
3de1d: MOV Reg RBX, Reg RSI 3
3de20: LEA Reg RSI, Address (AddrPlus (FromReg RIP) (AddrImm 348231)) 7
3de27: MOV Reg RBP, Reg RDI 3
3de2a: MOV Reg RDI, Reg RBX 3
3de2d: SUB Reg RSP, Immediate 200 7
3de34: MOV Reg R12, Reg RDX 3
3de37: MOV Reg RAX, Address (SizeDir 64 (AddrPlus (FromReg FS) (AddrImm 40))) 9
3de40: MOV Address (SizeDir 64 (AddrPlus (FromReg RSP) (AddrImm 184))), Reg RAX 8
3de48: XOR Reg EAX, Reg EAX 2
3de4a: CALL fopen (external)
3de4f: TEST Reg RAX, Reg RAX 3
3de52: JZ 3df20 (resolved immediate)
  |
  `- 3de58,3df20
3de58: MOV Reg RDI, Reg RAX 3
3de5b: MOV Reg R14, Reg RAX 3
3de5e: CALL fileno (external)
3de63: LEA Reg RDX, Address (AddrPlus (FromReg RSP) (AddrImm 32)) 5
3de68: MOV Reg ESI, Reg EAX 2
3de6a: MOV Reg EDI, Immediate 1 5
3de6f: CALL __fxstat (external)
3de74: TEST Reg EAX, Reg EAX 2
3de76: MOV Reg R15D, Reg EAX 3
3de79: JNZ 3dfa8 (resolved immediate)
  |
  `- 3de7f,3dfa8
3de7f: MOV Reg EAX, Address (SizeDir 32 (AddrPlus (FromReg RSP) (AddrImm 56))) 4
3de83: AND Reg EAX, Immediate 61440 5
3de88: CMP Reg EAX, Immediate 32768 5
3de8d: JNZ 3e010 (resolved immediate)
  |
  `- 3de93,3e010
3de93: MOV Reg RAX, Address (SizeDir 64 (AddrPlus (FromReg RSP) (AddrImm 80))) 5
3de98: CMP Reg RAX, Immediate 2147483647 6
3de9e: JG 3e068 (resolved immediate)
  |
  `- 3dea4,3e068
3dea4: TEST Reg RAX, Reg RAX 3
3dea7: JZ 3e110 (resolved immediate)
  |
  `- 3dead,3e110
3dead: TEST Reg R12, Reg R12 3
3deb0: MOV Address (SizeDir 32 (AddrPlus (FromReg RSP) (AddrImm 8))), Reg EAX 4
3deb4: JZ 3e0c0 (resolved immediate)
  |
  `- 3deba,3e0c0
3deba: CDQE  2
3debc: MOV Reg RDI, Reg RBP 3
3debf: MOV Reg RSI, Reg RAX 3
3dec2: MOV Address (SizeDir 64 (AddrPlus (FromReg RSP) (AddrImm 24))), Reg RAX 5
3dec7: CALL libxl__malloc (internal)
  |
  `- 3c3c0
3decc: MOV Reg RDX, Address (SizeDir 64 (AddrPlus (FromReg RSP) (AddrImm 24))) 5
3ded1: MOV Reg RDI, Reg RAX 3
3ded4: MOV Reg RCX, Reg R14 3
3ded7: MOV Reg ESI, Immediate 1 5
3dedc: MOV Address (SizeDir 64 (AddrPlus (FromReg RSP) (AddrImm 16))), Reg RAX 5
3dee1: CALL fread (external)
3dee6: CMP Address (SizeDir 64 (AddrPlus (FromReg RSP) (AddrImm 24))), Reg RAX 5
3deeb: JG 3e160 (resolved immediate)
  |
  `- 3def1,3e160
3def1: MOV Reg RDI, Reg R14 3
3def4: CALL fclose (external)
3def9: TEST Reg EAX, Reg EAX 2
3defb: JNZ 3e0d0 (resolved immediate)
  |
  `- 3df01,3e0d0
3df01: MOV Reg RAX, Address (SizeDir 64 (AddrPlus (FromReg RSP) (AddrImm 16))) 5
3df06: MOV Address (SizeDir 64 (FromReg R12)), Reg RAX 4
3df0a: TEST Reg R13, Reg R13 3
3df0d: JZ 3df79 (resolved immediate)
  |
  `- 3df0f,3df79
3df0f: MOV Reg EAX, Address (SizeDir 32 (AddrPlus (FromReg RSP) (AddrImm 8))) 4
3df13: MOV Address (SizeDir 32 (AddrPlus (FromReg R13) (AddrImm 0))), Reg EAX 4
3df17: JMP 3df79 (resolved immediate)
  |
  `- 3df79
3df20: CALL __errno_location (external)
3df25: MOV Reg R15D, Address (SizeDir 32 (FromReg RAX)) 3
3df28: MOV Reg R12, Reg RAX 3
3df2b: CMP Reg R15D, Immediate 2 4
3df2f: JZ 3df79 (resolved immediate)
  |
  `- 3df31,3df79
3df31: LEA Reg RAX, Address (AddrPlus (FromReg RIP) (AddrImm 378974)) 7
3df38: SUB Reg RSP, Immediate 8 4
3df3c: MOV Reg RDI, Address (SizeDir 64 (AddrPlus (FromReg RBP) (AddrImm 16))) 4
3df40: LEA Reg R9, Address (AddrPlus (FromReg RIP) (AddrImm 380857)) 7
3df47: PUSH Reg RBX 1
3df48: LEA Reg RCX, Address (AddrPlus (FromReg RIP) (AddrImm 378800)) 7
3df4f: PUSH Reg RAX 1
3df50: PUSH Immediate 18446744073709551615 2
3df52: MOV Reg R8D, Immediate 415 6
3df58: MOV Reg EDX, Reg R15D 3
3df5b: XOR Reg EAX, Reg EAX 2
3df5d: MOV Reg ESI, Immediate 8 5
3df62: CALL libxl__log (internal)
3df67: MOV Reg R15D, Address (SizeDir 32 (FromReg R12)) 4
3df6b: ADD Reg RSP, Immediate 32 4
3df6f: CMP Reg R15D, Immediate 2 4
3df73: JZ 3e140 (resolved immediate)
  |
  `- 3df79,3e140
3df79: MOV Reg RCX, Address (SizeDir 64 (AddrPlus (FromReg RSP) (AddrImm 184))) 8
3df81: XOR Reg RCX, Address (SizeDir 64 (AddrPlus (FromReg FS) (AddrImm 40))) 9
3df8a: MOV Reg EAX, Reg R15D 3
3df8d: JNZ 3e1c1 (resolved immediate)
  |
  `- 3df93,3e1c1
3df93: ADD Reg RSP, Immediate 200 7
3df9a: POP Reg RBX 1
3df9b: POP Reg RBP 1
3df9c: POP Reg R12 2
3df9e: POP Reg R13 2
3dfa0: POP Reg R14 2
3dfa2: POP Reg R15 2
3dfa4: RET  1
  |
  `- 
3dfa8: CALL __errno_location (external)
3dfad: MOV Reg R12, Reg RAX 3
3dfb0: LEA Reg RAX, Address (AddrPlus (FromReg RIP) (AddrImm 378865)) 7
3dfb7: SUB Reg RSP, Immediate 8 4
3dfbb: MOV Reg RDI, Address (SizeDir 64 (AddrPlus (FromReg RBP) (AddrImm 16))) 4
3dfbf: LEA Reg R9, Address (AddrPlus (FromReg RIP) (AddrImm 380730)) 7
3dfc6: PUSH Reg RBX 1
3dfc7: PUSH Reg RAX 1
3dfc8: PUSH Immediate 18446744073709551615 2
3dfca: MOV Reg R8D, Immediate 420 6
3dfd0: MOV Reg EDX, Address (SizeDir 32 (FromReg R12)) 4
3dfd4: LEA Reg RCX, Address (AddrPlus (FromReg RIP) (AddrImm 378660)) 7
3dfdb: XOR Reg EAX, Reg EAX 2
3dfdd: MOV Reg ESI, Immediate 8 5
3dfe2: CALL libxl__log (internal)
3dfe7: MOV Reg R15D, Address (SizeDir 32 (FromReg R12)) 4
3dfeb: ADD Reg RSP, Immediate 32 4
3dfef: CMP Reg R15D, Immediate 2 4
3dff3: JZ 3e140 (resolved immediate)
  |
  `- 3dff9,3e140
3dff9: MOV Reg RDI, Reg R14 3
3dffc: CALL fclose (external)
3e001: JMP 3df79 (resolved immediate)
  |
  `- 3df79
3e010: CALL __errno_location (external)
3e015: MOV Reg R12, Reg RAX 3
3e018: LEA Reg RAX, Address (AddrPlus (FromReg RIP) (AddrImm 378780)) 7
3e01f: SUB Reg RSP, Immediate 8 4
3e023: MOV Reg RDI, Address (SizeDir 64 (AddrPlus (FromReg RBP) (AddrImm 16))) 4
3e027: PUSH Reg RBX 1
3e028: LEA Reg R9, Address (AddrPlus (FromReg RIP) (AddrImm 380625)) 7
3e02f: PUSH Reg RAX 1
3e030: PUSH Immediate 18446744073709551615 2
3e032: LEA Reg RCX, Address (AddrPlus (FromReg RIP) (AddrImm 378566)) 7
3e039: MOV Reg EDX, Address (SizeDir 32 (FromReg R12)) 4
3e03d: MOV Reg R8D, Immediate 425 6
3e043: MOV Reg ESI, Immediate 8 5
3e048: XOR Reg EAX, Reg EAX 2
3e04a: MOV Reg R15D, Immediate 25 6
3e050: CALL libxl__log (internal)
3e055: MOV Address (SizeDir 32 (FromReg R12)), Immediate 25 8
3e05d: ADD Reg RSP, Immediate 32 4
3e061: JMP 3dff9 (resolved immediate)
  |
  `- 3dff9
3e068: LEA Reg RAX, Address (AddrPlus (FromReg RIP) (AddrImm 378723)) 7
3e06f: MOV Reg RDI, Address (SizeDir 64 (AddrPlus (FromReg RBP) (AddrImm 16))) 4
3e073: SUB Reg RSP, Immediate 8 4
3e077: PUSH Reg RBX 1
3e078: LEA Reg R9, Address (AddrPlus (FromReg RIP) (AddrImm 380545)) 7
3e07f: LEA Reg RCX, Address (AddrPlus (FromReg RIP) (AddrImm 378489)) 7
3e086: PUSH Reg RAX 1
3e087: PUSH Immediate 18446744073709551615 2
3e089: MOV Reg R8D, Immediate 431 6
3e08f: MOV Reg EDX, Immediate 4294967295 5
3e094: MOV Reg ESI, Immediate 8 5
3e099: XOR Reg EAX, Reg EAX 2
3e09b: CALL libxl__log (internal)
3e0a0: ADD Reg RSP, Immediate 32 4
3e0a4: MOV Reg R15D, Immediate 27 6
3e0aa: CALL __errno_location (external)
3e0af: MOV Address (SizeDir 32 (FromReg RAX)), Immediate 27 6
3e0b5: JMP 3dff9 (resolved immediate)
  |
  `- 3dff9
3e0c0: MOV Reg RDI, Reg R14 3
3e0c3: CALL fclose (external)
3e0c8: TEST Reg EAX, Reg EAX 2
3e0ca: JZ 3df0a (resolved immediate)
  |
  `- 3df0a,3e0d0
3e0d0: CALL __errno_location (external)
3e0d5: MOV Reg R12, Reg RAX 3
3e0d8: LEA Reg RAX, Address (AddrPlus (FromReg RIP) (AddrImm 378654)) 7
3e0df: SUB Reg RSP, Immediate 8 4
3e0e3: MOV Reg RDI, Address (SizeDir 64 (AddrPlus (FromReg RBP) (AddrImm 16))) 4
3e0e7: LEA Reg R9, Address (AddrPlus (FromReg RIP) (AddrImm 380434)) 7
3e0ee: PUSH Reg RBX 1
3e0ef: MOV Reg R8D, Immediate 459 6
3e0f5: PUSH Reg RAX 1
3e0f6: LEA Reg RCX, Address (AddrPlus (FromReg RIP) (AddrImm 378370)) 7
3e0fd: PUSH Immediate 18446744073709551615 2
3e0ff: MOV Reg EDX, Address (SizeDir 32 (FromReg R12)) 4
3e103: JMP 3df5b (resolved immediate)
  |
  `- 3df5b
3e110: MOV Reg RDI, Reg R14 3
3e113: CALL fclose (external)
3e118: TEST Reg EAX, Reg EAX 2
3e11a: MOV Address (SizeDir 32 (AddrPlus (FromReg RSP) (AddrImm 8))), Reg EAX 4
3e11e: JNZ 3e0d0 (resolved immediate)
  |
  `- 3e0d0,3e120
3e120: TEST Reg R12, Reg R12 3
3e123: JZ 3df0a (resolved immediate)
  |
  `- 3df0a,3e129
3e129: MOV Address (SizeDir 64 (AddrPlus (FromReg RSP) (AddrImm 16))), Immediate 0 9
3e132: JMP 3df01 (resolved immediate)
  |
  `- 3df01
3e140: LEA Reg RCX, Address (AddrPlus (FromReg RIP) (AddrImm 380313)) 7
3e147: LEA Reg RSI, Address (AddrPlus (FromReg RIP) (AddrImm 378289)) 7
3e14e: LEA Reg RDI, Address (AddrPlus (FromReg RIP) (AddrImm 378555)) 7
3e155: MOV Reg EDX, Immediate 470 5
3e15a: CALL __assert_fail (external)
  |
  `- 
3e160: MOV Reg RDI, Reg R14 3
3e163: MOV Address (SizeDir 64 (AddrPlus (FromReg RSP) (AddrImm 8))), Reg RAX 5
3e168: CALL ferror (external)
3e16d: TEST Reg EAX, Reg EAX 2
3e16f: MOV Reg RDX, Address (SizeDir 64 (AddrPlus (FromReg RSP) (AddrImm 8))) 5
3e174: JZ 3e1a3 (resolved immediate)
  |
  `- 3e176,3e1a3
3e176: CALL __errno_location (external)
3e17b: MOV Reg R12, Reg RAX 3
3e17e: LEA Reg RAX, Address (AddrPlus (FromReg RIP) (AddrImm 378470)) 7
3e185: SUB Reg RSP, Immediate 8 4
3e189: MOV Reg RDI, Address (SizeDir 64 (AddrPlus (FromReg RBP) (AddrImm 16))) 4
3e18d: LEA Reg R9, Address (AddrPlus (FromReg RIP) (AddrImm 380268)) 7
3e194: PUSH Reg RBX 1
3e195: MOV Reg R8D, Immediate 448 6
3e19b: PUSH Reg RAX 1
3e19c: PUSH Immediate 18446744073709551615 2
3e19e: JMP 3dfd0 (resolved immediate)
  |
  `- 3dfd0
3e1a3: MOV Reg RSI, Address (SizeDir 64 (AddrPlus (FromReg RSP) (AddrImm 16))) 5
3e1a8: MOV Address (SizeDir 32 (AddrPlus (FromReg RSP) (AddrImm 8))), Reg EDX 4
3e1ac: MOV Reg RDI, Reg RBP 3
3e1af: MOVSXD Reg RDX, Reg EDX 3
3e1b2: CALL libxl__realloc (internal)
  |
  `- 3c660
3e1b7: MOV Address (SizeDir 64 (AddrPlus (FromReg RSP) (AddrImm 16))), Reg RAX 5
3e1bc: JMP 3def1 (resolved immediate)
  |
  `- 3def1
3e1c1: CALL __stack_chk_fail (external)
  |
  `- 
54110: PUSH Reg RBP 1
54111: PUSH Reg RBX 1
54112: MOV Reg RBP, Reg RDI 3
54115: MOV Reg RBX, Reg RSI 3
54118: SUB Reg RSP, Immediate 56 4
5411c: MOV Reg RCX, Address (SizeDir 64 (AddrPlus (FromReg FS) (AddrImm 40))) 9
54125: MOV Address (SizeDir 64 (AddrPlus (FromReg RSP) (AddrImm 40))), Reg RCX 5
5412a: XOR Reg ECX, Reg ECX 2
5412c: TEST Reg EDX, Reg EDX 2
5412e: MOV Address (SizeDir 32 (AddrPlus (FromReg RSP) (AddrImm 12))), Reg EDX 4
54132: MOV Address (SizeDir 64 (AddrPlus (FromReg RSP) (AddrImm 24))), Immediate 0 9
5413b: JZ 54190 (resolved immediate)
  |
  `- 5413d,54190
5413d: CMP Reg EDX, Immediate 2 3
54140: MOV Reg RAX, Reg RBX 3
54143: JZ 54173 (resolved immediate)
  |
  `- 54145,54173
54145: LEA Reg RSI, Address (AddrPlus (FromReg RIP) (AddrImm 283474)) 7
5414c: MOV Reg RDX, Reg RBX 3
5414f: MOV Reg RDI, Reg RBP 3
54152: XOR Reg EAX, Reg EAX 2
54154: CALL libxl__sprintf (internal)
54159: LEA Reg RCX, Address (AddrPlus (FromReg RSP) (AddrImm 24)) 5
5415e: MOV Reg RDX, Reg RAX 3
54161: XOR Reg ESI, Reg ESI 2
54163: MOV Reg RDI, Reg RBP 3
54166: CALL libxl__xs_read_checked (external)
5416b: MOV Reg EDX, Reg EAX 2
5416d: XOR Reg EAX, Reg EAX 2
5416f: TEST Reg EDX, Reg EDX 2
54171: JZ 541b7 (resolved immediate)
  |
  `- 54173,541b7
54173: MOV Reg RBX, Address (SizeDir 64 (AddrPlus (FromReg RSP) (AddrImm 40))) 5
54178: XOR Reg RBX, Address (SizeDir 64 (AddrPlus (FromReg FS) (AddrImm 40))) 9
54181: JNZ 541dc (resolved immediate)
  |
  `- 54183,541dc
54183: ADD Reg RSP, Immediate 56 4
54187: POP Reg RBX 1
54188: POP Reg RBP 1
54189: RET  1
  |
  `- 
54190: MOV Reg RDX, Reg RSI 3
54193: LEA Reg RSI, Address (AddrPlus (FromReg RIP) (AddrImm 316299)) 7
5419a: XOR Reg EAX, Reg EAX 2
5419c: CALL libxl__sprintf (internal)
541a1: LEA Reg RCX, Address (AddrPlus (FromReg RSP) (AddrImm 32)) 5
541a6: XOR Reg ESI, Reg ESI 2
541a8: MOV Reg RDX, Reg RAX 3
541ab: MOV Reg RDI, Reg RBP 3
541ae: CALL libxl__xs_read_checked (external)
541b3: TEST Reg EAX, Reg EAX 2
541b5: JZ 541c0 (resolved immediate)
  |
  `- 541b7,541c0
541b7: MOV Reg RAX, Address (SizeDir 64 (AddrPlus (FromReg RSP) (AddrImm 24))) 5
541bc: JMP 54173 (resolved immediate)
  |
  `- 54173
541c0: MOV Reg RDI, Address (SizeDir 64 (AddrPlus (FromReg RSP) (AddrImm 32))) 5
541c5: LEA Reg RSI, Address (AddrPlus (FromReg RSP) (AddrImm 12)) 5
541ca: CALL libxl_usbctrl_type_from_string (external)
541cf: TEST Reg EAX, Reg EAX 2
541d1: JNZ 541b7 (resolved immediate)
  |
  `- 541b7,541d3
541d3: MOV Reg EDX, Address (SizeDir 32 (AddrPlus (FromReg RSP) (AddrImm 12))) 4
541d7: JMP 5413d (resolved immediate)
  |
  `- 5413d
541dc: CALL __stack_chk_fail (external)
  |
  `- 
541f0: PUSH Reg R14 2
541f2: PUSH Reg R13 2
541f4: MOV Reg R14, Reg RDX 3
541f7: PUSH Reg R12 2
541f9: PUSH Reg RBP 1
541fa: MOV Reg RDX, Reg RSI 3
541fd: PUSH Reg RBX 1
541fe: MOV Reg R12, Reg RSI 3
54201: LEA Reg RSI, Address (AddrPlus (FromReg RIP) (AddrImm 310280)) 7
54208: MOV Reg RBX, Reg RDI 3
5420b: MOV Reg R13, Reg RCX 3
5420e: SUB Reg RSP, Immediate 16 4
54212: MOV Reg RAX, Address (SizeDir 64 (AddrPlus (FromReg FS) (AddrImm 40))) 9
5421b: MOV Address (SizeDir 64 (AddrPlus (FromReg RSP) (AddrImm 8))), Reg RAX 5
54220: XOR Reg EAX, Reg EAX 2
54222: MOV Reg RBP, Reg RSP 3
54225: CALL libxl__sprintf (internal)
5422a: XOR Reg ECX, Reg ECX 2
5422c: MOV Reg RDX, Reg RBP 3
5422f: MOV Reg RSI, Reg RAX 3
54232: MOV Reg RDI, Reg RBX 3
54235: CALL libxl__read_sysfs_file_contents (internal)
  |
  `- 3de10
5423a: TEST Reg EAX, Reg EAX 2
5423c: JNZ 542b0 (resolved immediate)
  |
  `- 5423e,542b0
5423e: MOV Reg RDI, Address (SizeDir 64 (FromReg RSP)) 4
54242: XOR Reg ESI, Reg ESI 2
54244: MOV Reg EDX, Immediate 10 5
54249: CALL strtol (external)
5424e: LEA Reg RSI, Address (AddrPlus (FromReg RIP) (AddrImm 310235)) 7
54255: MOV Reg RDI, Reg RBX 3
54258: MOV Address (SizeDir 8 (FromReg R14)), Reg AL 3
5425b: MOV Reg RDX, Reg R12 3
5425e: XOR Reg EAX, Reg EAX 2
54260: CALL libxl__sprintf (internal)
54265: XOR Reg ECX, Reg ECX 2
54267: MOV Reg RDI, Reg RBX 3
5426a: MOV Reg RDX, Reg RBP 3
5426d: MOV Reg RSI, Reg RAX 3
54270: CALL libxl__read_sysfs_file_contents (internal)
54275: TEST Reg EAX, Reg EAX 2
54277: MOV Reg EBX, Reg EAX 2
54279: JNZ 542b0 (resolved immediate)
  |
  `- 5427b,542b0
5427b: MOV Reg RDI, Address (SizeDir 64 (FromReg RSP)) 4
5427f: MOV Reg EDX, Immediate 10 5
54284: XOR Reg ESI, Reg ESI 2
54286: CALL strtol (external)
5428b: MOV Address (SizeDir 8 (AddrPlus (FromReg R13) (AddrImm 0))), Reg AL 4
5428f: MOV Reg RCX, Address (SizeDir 64 (AddrPlus (FromReg RSP) (AddrImm 8))) 5
54294: XOR Reg RCX, Address (SizeDir 64 (AddrPlus (FromReg FS) (AddrImm 40))) 9
5429d: MOV Reg EAX, Reg EBX 2
5429f: JNZ 542b7 (resolved immediate)
  |
  `- 542a1,542b7
542a1: ADD Reg RSP, Immediate 16 4
542a5: POP Reg RBX 1
542a6: POP Reg RBP 1
542a7: POP Reg R12 2
542a9: POP Reg R13 2
542ab: POP Reg R14 2
542ad: RET  1
  |
  `- 
542b0: MOV Reg EBX, Immediate 4294967293 5
542b5: JMP 5428f (resolved immediate)
  |
  `- 5428f
542b7: CALL __stack_chk_fail (external)
  |
  `- 
56ed0: PUSH Reg R14 2
56ed2: PUSH Reg R13 2
56ed4: MOV Reg R14D, Reg ECX 3
56ed7: PUSH Reg R12 2
56ed9: PUSH Reg RBP 1
56eda: MOV Reg ECX, Immediate 9 5
56edf: PUSH Reg RBX 1
56ee0: MOV Reg R13D, Reg EDX 3
56ee3: MOV Reg RBP, Reg R8 3
56ee6: SUB Reg RSP, Immediate 48 4
56eea: LEA Reg RBX, Address (AddrPlus (FromReg RSP) (AddrImm 16)) 5
56eef: MOV Address (SizeDir 64 (AddrPlus (FromReg RSP) (AddrImm 32))), Reg RDI 5
56ef4: MOV Address (SizeDir 32 (AddrPlus (FromReg RSP) (AddrImm 16))), Immediate 0 8
56efc: MOV Reg RAX, Address (SizeDir 64 (AddrPlus (FromReg FS) (AddrImm 40))) 9
56f05: MOV Address (SizeDir 64 (AddrPlus (FromReg RSP) (AddrImm 40))), Reg RAX 5
56f0a: XOR Reg EAX, Reg EAX 2
56f0c: MOV Reg RDI, Reg RBX 3
56f0f: MOV Address (SizeDir 64 (AddrPlus (FromReg RSP) (AddrImm 24))), Immediate 0 9
56f18: CALL libxl__domain_device_libxl_path (internal)
  |
  `- 37e60
56f1d: XOR Reg EDX, Reg EDX 2
56f1f: MOV Reg RSI, Reg RAX 3
56f22: MOV Reg RDI, Reg RBX 3
56f25: CALL vusb_be_from_xs_libxl_type (internal)
  |
  `- 54110
56f2a: TEST Reg RAX, Reg RAX 3
56f2d: JZ 56fc0 (resolved immediate)
  |
  `- 56f33,56fc0
56f33: LEA Reg RSI, Address (AddrPlus (FromReg RIP) (AddrImm 297882)) 7
56f3a: MOV Reg RDX, Reg RAX 3
56f3d: MOV Reg ECX, Reg R14D 3
56f40: MOV Reg RDI, Reg RBX 3
56f43: XOR Reg EAX, Reg EAX 2
56f45: CALL libxl__sprintf (internal)
56f4a: LEA Reg RCX, Address (AddrPlus (FromReg RSP) (AddrImm 8)) 5
56f4f: XOR Reg ESI, Reg ESI 2
56f51: MOV Reg RDX, Reg RAX 3
56f54: MOV Reg RDI, Reg RBX 3
56f57: CALL libxl__xs_read_checked (external)
56f5c: TEST Reg EAX, Reg EAX 2
56f5e: MOV Reg R12D, Reg EAX 3
56f61: JNZ 56f94 (resolved immediate)
  |
  `- 56f63,56f94
56f63: MOV Reg RSI, Address (SizeDir 64 (AddrPlus (FromReg RSP) (AddrImm 8))) 5
56f68: TEST Reg RSI, Reg RSI 3
56f6b: JZ 56fc0 (resolved immediate)
  |
  `- 56f6d,56fc0
56f6d: CMP Address (SizeDir 8 (FromReg RSI)), Immediate 0 3
56f70: JZ 56fc0 (resolved immediate)
  |
  `- 56f72,56fc0
56f72: LEA Reg RCX, Address (AddrPlus (FromReg RBP) (AddrImm 13)) 4
56f76: LEA Reg RDX, Address (AddrPlus (FromReg RBP) (AddrImm 12)) 4
56f7a: MOV Address (SizeDir 32 (AddrPlus (FromReg RBP) (AddrImm 0))), Reg R13D 4
56f7e: MOV Address (SizeDir 32 (AddrPlus (FromReg RBP) (AddrImm 4))), Reg R14D 4
56f82: MOV Address (SizeDir 32 (AddrPlus (FromReg RBP) (AddrImm 8))), Immediate 1 7
56f89: MOV Reg RDI, Reg RBX 3
56f8c: CALL usbdev_busaddr_from_busid (internal)
  |
  `- 541f0
56f91: MOV Reg R12D, Reg EAX 3
56f94: MOV Reg RDI, Reg RBX 3
56f97: CALL libxl__free_all (internal)
  |
  `- 3bdb0
56f9c: MOV Reg RBX, Address (SizeDir 64 (AddrPlus (FromReg RSP) (AddrImm 40))) 5
56fa1: XOR Reg RBX, Address (SizeDir 64 (AddrPlus (FromReg FS) (AddrImm 40))) 9
56faa: MOV Reg EAX, Reg R12D 3
56fad: JNZ 56fc8 (resolved immediate)
  |
  `- 56faf,56fc8
56faf: ADD Reg RSP, Immediate 48 4
56fb3: POP Reg RBX 1
56fb4: POP Reg RBP 1
56fb5: POP Reg R12 2
56fb7: POP Reg R13 2
56fb9: POP Reg R14 2
56fbb: RET  1
  |
  `- 
56fc0: MOV Reg R12D, Immediate 4294967293 6
56fc6: JMP 56f94 (resolved immediate)
  |
  `- 56f94
56fc8: CALL __stack_chk_fail (external)
  |
  `- 
929d0: CMP Reg EDI, Immediate 15 3
929d3: JA 92af0 (resolved immediate)
  |
  `- 929d9,92af0
929d9: LEA Reg RDX, Address (AddrPlus (FromReg RIP) (AddrImm 88772)) 7
929e0: MOV Reg EDI, Reg EDI 2
929e2: MOVSXD Reg RAX, Address (SizeDir 32 (AddrPlus (FromReg RDX) (AddrTimes (AddrImm 4) (FromReg RDI)))) 4
929e6: ADD Reg RAX, Reg RDX 3
929e9: JMP Reg RAX 2
  |
  `- 92ae0,92ad0,92ac0,92ab0,92aa0,92a90,92a80,92a70,92a60,92a50,92a40,92a30,92a20,92a10,92a00,929f0
929f0: LEA Reg RAX, Address (AddrPlus (FromReg RIP) (AddrImm 7494)) 7
929f7: RET  1
  |
  `- 
92a00: LEA Reg RAX, Address (AddrPlus (FromReg RIP) (AddrImm 81007)) 7
92a07: RET  1
  |
  `- 
92a10: LEA Reg RAX, Address (AddrPlus (FromReg RIP) (AddrImm 60067)) 7
92a17: RET  1
  |
  `- 
92a20: LEA Reg RAX, Address (AddrPlus (FromReg RIP) (AddrImm 27359)) 7
92a27: RET  1
  |
  `- 
92a30: LEA Reg RAX, Address (AddrPlus (FromReg RIP) (AddrImm 41924)) 7
92a37: RET  1
  |
  `- 
92a40: LEA Reg RAX, Address (AddrPlus (FromReg RIP) (AddrImm 86571)) 7
92a47: RET  1
  |
  `- 
92a50: LEA Reg RAX, Address (AddrPlus (FromReg RIP) (AddrImm 88475)) 7
92a57: RET  1
  |
  `- 
92a60: LEA Reg RAX, Address (AddrPlus (FromReg RIP) (AddrImm 88557)) 7
92a67: RET  1
  |
  `- 
92a70: LEA Reg RAX, Address (AddrPlus (FromReg RIP) (AddrImm 86723)) 7
92a77: RET  1
  |
  `- 
92a80: LEA Reg RAX, Address (AddrPlus (FromReg RIP) (AddrImm 53349)) 7
92a87: RET  1
  |
  `- 
92a90: LEA Reg RAX, Address (AddrPlus (FromReg RIP) (AddrImm 53338)) 7
92a97: RET  1
  |
  `- 
92aa0: LEA Reg RAX, Address (AddrPlus (FromReg RIP) (AddrImm 88400)) 7
92aa7: RET  1
  |
  `- 
92ab0: LEA Reg RAX, Address (AddrPlus (FromReg RIP) (AddrImm 86759)) 7
92ab7: RET  1
  |
  `- 
92ac0: LEA Reg RAX, Address (AddrPlus (FromReg RIP) (AddrImm 62421)) 7
92ac7: RET  1
  |
  `- 
92ad0: LEA Reg RAX, Address (AddrPlus (FromReg RIP) (AddrImm 88357)) 7
92ad7: RET  1
  |
  `- 
92ae0: LEA Reg RAX, Address (AddrPlus (FromReg RIP) (AddrImm 86827)) 7
92ae7: RET  1
  |
  `- 
92af0: XOR Reg EAX, Reg EAX 2
92af2: RET  1
  |
  `- 
