Number of assembly instructions     = 656
Number of indirect branches         = 1
Number of unresolved indirect jumps = 0: 
Number of unresolved indirect calls = 0: 
Number of symbolic states (representative of non-determinism): 664
Number of edges: 706

326c0 (True): 327d5
327b0 (True): 65039
3bdb0 (True): 650a3
3be40 (True): 3c1a9
3c110 (True): 32766, 3c211, 3c274, 65093, 65109, 6528e, 652d2
3c1d0 (False): 3c39c, 3c655
3c2a0 (True): 3c631
3c600 (True): 6514f
64ff0 (False): 0

326c0: PUSH Reg R12 2
326c2: PUSH Reg RBP 1
326c3: MOV Reg RBP, Reg RDI 3
326c6: PUSH Reg RBX 1
326c7: MOV Reg EDX, Immediate 1 5
326cc: MOV Reg EBX, Reg ESI 2
326ce: SUB Reg RSP, Immediate 112 4
326d2: MOV Reg RAX, Address (SizeDir 64 (AddrPlus (FromReg FS) (AddrImm 40))) 9
326db: MOV Address (SizeDir 64 (AddrPlus (FromReg RSP) (AddrImm 104))), Reg RAX 5
326e0: XOR Reg EAX, Reg EAX 2
326e2: MOV Reg RAX, Address (SizeDir 64 (AddrPlus (FromReg RDI) (AddrImm 16))) 4
326e6: MOV Reg RCX, Reg RSP 3
326e9: MOV Reg RDI, Address (SizeDir 64 (AddrPlus (FromReg RAX) (AddrImm 8))) 4
326ed: CALL xc_domain_getinfolist (external)
326f2: CMP Reg EAX, Immediate 1 3
326f5: JNZ 32728 (resolved immediate)
  |
  `- 326f7,32728
326f7: MOVZX Reg R12D, Address (SizeDir 16 (FromReg RSP)) 5
326fc: CMP Reg R12D, Reg EBX 3
326ff: JNZ 32778 (resolved immediate)
  |
  `- 32701,32778
32701: MOV Reg EAX, Address (SizeDir 32 (AddrPlus (FromReg RSP) (AddrImm 92))) 4
32705: MOV Reg RDX, Address (SizeDir 64 (AddrPlus (FromReg RSP) (AddrImm 104))) 5
3270a: XOR Reg RDX, Address (SizeDir 64 (AddrPlus (FromReg FS) (AddrImm 40))) 9
32713: JNZ 3279d (resolved immediate)
  |
  `- 32719,3279d
32719: ADD Reg RSP, Immediate 112 4
3271d: POP Reg RBX 1
3271e: POP Reg RBP 1
3271f: POP Reg R12 2
32721: RET  1
  |
  `- 
32728: MOV Reg R12D, Reg EAX 3
3272b: CALL __errno_location (external)
32730: LEA Reg RDX, Address (AddrPlus (FromReg RIP) (AddrImm 415268)) 7
32737: SUB Reg RSP, Immediate 8 4
3273b: MOV Reg RDI, Address (SizeDir 64 (AddrPlus (FromReg RBP) (AddrImm 16))) 4
3273f: LEA Reg R9, Address (AddrPlus (FromReg RIP) (AddrImm 418490)) 7
32746: PUSH Reg R12 2
32748: MOV Reg R8D, Immediate 79 6
3274e: PUSH Reg RDX 1
3274f: PUSH Immediate 18446744073709551615 2
32751: MOV Reg EDX, Address (SizeDir 32 (FromReg RAX)) 2
32753: LEA Reg RCX, Address (AddrPlus (FromReg RIP) (AddrImm 414992)) 7
3275a: XOR Reg EAX, Reg EAX 2
3275c: MOV Reg ESI, Immediate 8 5
32761: CALL libxl__log (internal)
  |
  `- 3c110
32766: ADD Reg RSP, Immediate 32 4
3276a: MOV Reg EAX, Immediate 4294967293 5
3276f: JMP 32705 (resolved immediate)
  |
  `- 32705
32778: CALL __errno_location (external)
3277d: LEA Reg RSI, Address (AddrPlus (FromReg RIP) (AddrImm 416356)) 7
32784: MOV Reg RDI, Address (SizeDir 64 (AddrPlus (FromReg RBP) (AddrImm 16))) 4
32788: LEA Reg R9, Address (AddrPlus (FromReg RIP) (AddrImm 418417)) 7
3278f: PUSH Reg RBX 1
32790: MOV Reg R8D, Immediate 84 6
32796: PUSH Reg R12 2
32798: PUSH Reg RSI 1
32799: PUSH Immediate 18446744073709551615 2
3279b: JMP 32751 (resolved immediate)
  |
  `- 32751
3279d: CALL __stack_chk_fail (external)
  |
  `- 
327b0: PUSH Reg R13 2
327b2: PUSH Reg R12 2
327b4: XOR Reg R12D, Reg R12D 3
327b7: PUSH Reg RBP 1
327b8: PUSH Reg RBX 1
327b9: MOV Reg RBP, Reg RDI 3
327bc: SUB Reg RSP, Immediate 56 4
327c0: MOV Reg RAX, Address (SizeDir 64 (AddrPlus (FromReg FS) (AddrImm 40))) 9
327c9: MOV Address (SizeDir 64 (AddrPlus (FromReg RSP) (AddrImm 40))), Reg RAX 5
327ce: XOR Reg EAX, Reg EAX 2
327d0: CALL libxl__domain_cpupool (internal)
  |
  `- 326c0
327d5: TEST Reg EAX, Reg EAX 2
327d7: JS 32805 (resolved immediate)
  |
  `- 327d9,32805
327d9: MOV Reg R13, Reg RSP 3
327dc: MOV Reg EBX, Reg EAX 2
327de: MOV Reg RDI, Reg R13 3
327e1: CALL libxl_cpupoolinfo_init (external)
327e6: MOV Reg RDI, Address (SizeDir 64 (AddrPlus (FromReg RBP) (AddrImm 16))) 4
327ea: MOV Reg EDX, Reg EBX 2
327ec: MOV Reg RSI, Reg R13 3
327ef: CALL libxl_cpupool_info (external)
327f4: TEST Reg EAX, Reg EAX 2
327f6: JS 327fd (resolved immediate)
  |
  `- 327f8,327fd
327f8: MOV Reg R12D, Address (SizeDir 32 (AddrPlus (FromReg RSP) (AddrImm 16))) 5
327fd: MOV Reg RDI, Reg R13 3
32800: CALL libxl_cpupoolinfo_dispose (external)
32805: MOV Reg RCX, Address (SizeDir 64 (AddrPlus (FromReg RSP) (AddrImm 40))) 5
3280a: XOR Reg RCX, Address (SizeDir 64 (AddrPlus (FromReg FS) (AddrImm 40))) 9
32813: MOV Reg EAX, Reg R12D 3
32816: JNZ 32823 (resolved immediate)
  |
  `- 32818,32823
32818: ADD Reg RSP, Immediate 56 4
3281c: POP Reg RBX 1
3281d: POP Reg RBP 1
3281e: POP Reg R12 2
32820: POP Reg R13 2
32822: RET  1
  |
  `- 
32823: CALL __stack_chk_fail (external)
  |
  `- 
3bdb0: PUSH Reg R12 2
3bdb2: PUSH Reg RBP 1
3bdb3: PUSH Reg RBX 1
3bdb4: MOV Reg EAX, Address (SizeDir 32 (FromReg RDI)) 2
3bdb6: TEST Reg EAX, Reg EAX 2
3bdb8: JS 3be14 (resolved immediate)
  |
  `- 3bdba,3be14
3bdba: MOV Reg R12, Reg RDI 3
3bdbd: MOV Reg EBP, Immediate 0 5
3bdc2: MOV Reg EBX, Immediate 0 5
3bdc7: JZ 3bdf4 (resolved immediate)
  |
  `- 3bdc9,3bdf4
3bdc9: NOP  7
3bdd0: MOV Reg RAX, Address (SizeDir 64 (AddrPlus (FromReg R12) (AddrImm 8))) 5
3bdd5: ADD Reg EBX, Immediate 1 3
3bdd8: ADD Reg RAX, Reg RBP 3
3bddb: ADD Reg RBP, Immediate 8 4
3bddf: MOV Reg RDI, Address (SizeDir 64 (FromReg RAX)) 3
3bde2: MOV Address (SizeDir 64 (FromReg RAX)), Immediate 0 7
3bde9: CALL free (external)
3bdee: CMP Address (SizeDir 32 (FromReg R12)), Reg EBX 4
3bdf2: JG 3bdd0 (resolved immediate)
  |
  `- 3bdd0,3bdf4
3bdf4: MOV Reg RDI, Address (SizeDir 64 (AddrPlus (FromReg R12) (AddrImm 8))) 5
3bdf9: CALL free (external)
3bdfe: MOV Address (SizeDir 64 (AddrPlus (FromReg R12) (AddrImm 8))), Immediate 0 9
3be07: MOV Address (SizeDir 32 (FromReg R12)), Immediate 0 8
3be0f: POP Reg RBX 1
3be10: POP Reg RBP 1
3be11: POP Reg R12 2
3be13: RET  1
  |
  `- 
3be14: LEA Reg RCX, Address (AddrPlus (FromReg RIP) (AddrImm 387253)) 7
3be1b: LEA Reg RSI, Address (AddrPlus (FromReg RIP) (AddrImm 386238)) 7
3be22: LEA Reg RDI, Address (AddrPlus (FromReg RIP) (AddrImm 386248)) 7
3be29: MOV Reg EDX, Immediate 80 5
3be2e: CALL __assert_fail (external)
  |
  `- 
3be40: PUSH Reg R15 2
3be42: PUSH Reg R14 2
3be44: MOV Reg R15, Reg RDI 3
3be47: PUSH Reg R13 2
3be49: PUSH Reg R12 2
3be4b: MOV Reg R12, Reg RCX 3
3be4e: PUSH Reg RBP 1
3be4f: PUSH Reg RBX 1
3be50: MOV Reg EBP, Reg R8D 3
3be53: MOV Reg RBX, Reg R9 3
3be56: SUB Reg RSP, Immediate 584 7
3be5d: MOV Address (SizeDir 32 (AddrPlus (FromReg RSP) (AddrImm 4))), Reg ESI 4
3be61: MOV Address (SizeDir 32 (AddrPlus (FromReg RSP) (AddrImm 8))), Reg EDX 4
3be65: MOV Reg RAX, Address (SizeDir 64 (AddrPlus (FromReg FS) (AddrImm 40))) 9
3be6e: MOV Address (SizeDir 64 (AddrPlus (FromReg RSP) (AddrImm 568))), Reg RAX 8
3be76: XOR Reg EAX, Reg EAX 2
3be78: MOV Address (SizeDir 64 (AddrPlus (FromReg RSP) (AddrImm 40))), Immediate 0 9
3be81: CALL __errno_location (external)
3be86: MOV Reg RCX, Address (SizeDir 64 (AddrPlus (FromReg RSP) (AddrImm 656))) 8
3be8e: MOV Reg RDX, Address (SizeDir 64 (AddrPlus (FromReg RSP) (AddrImm 648))) 8
3be96: LEA Reg RDI, Address (AddrPlus (FromReg RSP) (AddrImm 40)) 5
3be9b: MOV Reg ESI, Immediate 1 5
3bea0: MOV Reg R13, Reg RAX 3
3bea3: MOV Reg R14D, Address (SizeDir 32 (FromReg RAX)) 3
3bea6: CALL __vasprintf_chk (external)
3beab: TEST Reg RBX, Reg RBX 3
3beae: SETNZ Address (SizeDir 8 (AddrPlus (FromReg RSP) (AddrImm 15))) 5
3beb3: TEST Reg EAX, Reg EAX 2
3beb5: JS 3c0a0 (resolved immediate)
  |
  `- 3bebb,3c0a0
3bebb: TEST Reg R12, Reg R12 3
3bebe: MOV Address (SizeDir 8 (AddrPlus (FromReg RSP) (AddrImm 48))), Immediate 0 5
3bec3: JZ 3bf50 (resolved immediate)
  |
  `- 3bec9,3bf50
3bec9: LEA Reg R10, Address (AddrPlus (FromReg RSP) (AddrImm 48)) 5
3bece: SUB Reg RSP, Immediate 8 4
3bed2: LEA Reg R8, Address (AddrPlus (FromReg RIP) (AddrImm 362554)) 7
3bed9: PUSH Reg RBP 1
3beda: MOV Reg EDX, Immediate 1 5
3bedf: XOR Reg EAX, Reg EAX 2
3bee1: MOV Reg RDI, Reg R10 3
3bee4: MOV Reg R9, Reg R12 3
3bee7: MOV Reg ECX, Immediate 256 5
3beec: MOV Reg ESI, Immediate 256 5
3bef1: MOV Address (SizeDir 64 (AddrPlus (FromReg RSP) (AddrImm 32))), Reg R10 5
3bef6: CALL __snprintf_chk (external)
3befb: MOV Address (SizeDir 8 (AddrPlus (FromReg RSP) (AddrImm 319))), Immediate 0 8
3bf03: MOV Address (SizeDir 8 (AddrPlus (FromReg RSP) (AddrImm 320))), Immediate 0 8
3bf0b: POP Reg RAX 1
3bf0c: POP Reg RDX 1
3bf0d: CMP Address (SizeDir 32 (AddrPlus (FromReg RSP) (AddrImm 640))), Immediate 4294967295 8
3bf15: MOV Reg R10, Address (SizeDir 64 (AddrPlus (FromReg RSP) (AddrImm 16))) 5
3bf1a: JNZ 3bfc0 (resolved immediate)
  |
  `- 3bf20,3bfc0
3bf20: TEST Reg RBX, Reg RBX 3
3bf23: MOV Reg RCX, Address (SizeDir 64 (AddrPlus (FromReg RSP) (AddrImm 40))) 5
3bf28: JZ 3c0c6 (resolved immediate)
  |
  `- 3bf2e,3c0c6
3bf2e: LEA Reg RDX, Address (AddrPlus (FromReg RIP) (AddrImm 386002)) 7
3bf35: LEA Reg RAX, Address (AddrPlus (FromReg RIP) (AddrImm 408678)) 7
3bf3c: LEA Reg RBP, Address (AddrPlus (FromReg RIP) (AddrImm 386109)) 7
3bf43: LEA Reg R11, Address (AddrPlus (FromReg RSP) (AddrImm 304)) 8
3bf4b: JMP 3c031 (resolved immediate)
  |
  `- 3c031
3bf50: CMP Address (SizeDir 32 (AddrPlus (FromReg RSP) (AddrImm 640))), Immediate 4294967295 8
3bf58: MOV Address (SizeDir 8 (AddrPlus (FromReg RSP) (AddrImm 303))), Immediate 0 8
3bf60: LEA Reg R10, Address (AddrPlus (FromReg RSP) (AddrImm 48)) 5
3bf65: MOV Address (SizeDir 8 (AddrPlus (FromReg RSP) (AddrImm 304))), Immediate 0 8
3bf6d: JNZ 3bfc0 (resolved immediate)
  |
  `- 3bf6f,3bfc0
3bf6f: TEST Reg R12, Reg R12 3
3bf72: MOV Reg RCX, Address (SizeDir 64 (AddrPlus (FromReg RSP) (AddrImm 40))) 5
3bf77: LEA Reg RBP, Address (AddrPlus (FromReg RIP) (AddrImm 386050)) 7
3bf7e: LEA Reg R10, Address (AddrPlus (FromReg RSP) (AddrImm 48)) 5
3bf83: LEA Reg R11, Address (AddrPlus (FromReg RSP) (AddrImm 304)) 8
3bf8b: JZ 3c019 (resolved immediate)
  |
  `- 3c019
3bf98: TEST Reg RBX, Reg RBX 3
3bf9b: JZ 3c0eb (resolved immediate)
  |
  `- 3bfa1,3c0eb
3bfa1: LEA Reg RAX, Address (AddrPlus (FromReg RIP) (AddrImm 396536)) 7
3bfa8: LEA Reg RSI, Address (AddrPlus (FromReg RIP) (AddrImm 408563)) 7
3bfaf: TEST Reg R12, Reg R12 3
3bfb2: LEA Reg RDX, Address (AddrPlus (FromReg RIP) (AddrImm 385870)) 7
3bfb9: CMOVNZ Reg RAX, Reg RSI 4
3bfbd: JMP 3c031 (resolved immediate)
  |
  `- 3c031
3bfc0: LEA Reg R11, Address (AddrPlus (FromReg RSP) (AddrImm 304)) 8
3bfc8: MOV Reg R9D, Address (SizeDir 32 (AddrPlus (FromReg RSP) (AddrImm 640))) 8
3bfd0: LEA Reg R8, Address (AddrPlus (FromReg RIP) (AddrImm 385843)) 7
3bfd7: MOV Reg ECX, Immediate 256 5
3bfdc: MOV Reg EDX, Immediate 1 5
3bfe1: MOV Reg ESI, Immediate 256 5
3bfe6: MOV Reg RDI, Reg R11 3
3bfe9: XOR Reg EAX, Reg EAX 2
3bfeb: MOV Address (SizeDir 64 (AddrPlus (FromReg RSP) (AddrImm 24))), Reg R10 5
3bff0: MOV Address (SizeDir 64 (AddrPlus (FromReg RSP) (AddrImm 16))), Reg R11 5
3bff5: LEA Reg RBP, Address (AddrPlus (FromReg RIP) (AddrImm 385924)) 7
3bffc: CALL __snprintf_chk (external)
3c001: MOV Reg RCX, Address (SizeDir 64 (AddrPlus (FromReg RSP) (AddrImm 40))) 5
3c006: MOV Reg R11, Address (SizeDir 64 (AddrPlus (FromReg RSP) (AddrImm 16))) 5
3c00b: MOV Reg R10, Address (SizeDir 64 (AddrPlus (FromReg RSP) (AddrImm 24))) 5
3c010: TEST Reg R12, Reg R12 3
3c013: JNZ 3bf98 (resolved immediate)
  |
  `- 3bf98,3c019
3c019: CMP Address (SizeDir 8 (AddrPlus (FromReg RSP) (AddrImm 15))), Immediate 0 5
3c01e: JNZ 3bf98 (resolved immediate)
  |
  `- 3bf98,3c024
3c024: LEA Reg RBX, Address (AddrPlus (FromReg RIP) (AddrImm 396405)) 7
3c02b: MOV Reg RDX, Reg RBX 3
3c02e: MOV Reg RAX, Reg RBX 3
3c031: SUB Reg RSP, Immediate 8 4
3c035: MOV Reg RDI, Address (SizeDir 64 (FromReg R15)) 3
3c038: LEA Reg R8, Address (AddrPlus (FromReg RIP) (AddrImm 385750)) 7
3c03f: PUSH Reg RCX 1
3c040: PUSH Reg R11 2
3c042: LEA Reg RCX, Address (AddrPlus (FromReg RIP) (AddrImm 358278)) 7
3c049: PUSH Reg RDX 1
3c04a: PUSH Reg RBX 1
3c04b: MOV Reg R9, Reg R10 3
3c04e: PUSH Reg RAX 1
3c04f: MOV Reg EDX, Address (SizeDir 32 (AddrPlus (FromReg RSP) (AddrImm 56))) 4
3c053: XOR Reg EAX, Reg EAX 2
3c055: MOV Reg ESI, Address (SizeDir 32 (AddrPlus (FromReg RSP) (AddrImm 52))) 4
3c059: CALL xtl_log (external)
3c05e: MOV Reg RDI, Address (SizeDir 64 (AddrPlus (FromReg RSP) (AddrImm 88))) 5
3c063: ADD Reg RSP, Immediate 48 4
3c067: CMP Reg RDI, Reg RBP 3
3c06a: JZ 3c071 (resolved immediate)
  |
  `- 3c06c,3c071
3c06c: CALL free (external)
3c071: MOV Reg RAX, Address (SizeDir 64 (AddrPlus (FromReg RSP) (AddrImm 568))) 8
3c079: XOR Reg RAX, Address (SizeDir 64 (AddrPlus (FromReg FS) (AddrImm 40))) 9
3c082: MOV Address (SizeDir 32 (AddrPlus (FromReg R13) (AddrImm 0))), Reg R14D 4
3c086: JNZ 3c0c1 (resolved immediate)
  |
  `- 3c088,3c0c1
3c088: ADD Reg RSP, Immediate 584 7
3c08f: POP Reg RBX 1
3c090: POP Reg RBP 1
3c091: POP Reg R12 2
3c093: POP Reg R13 2
3c095: POP Reg R14 2
3c097: POP Reg R15 2
3c099: RET  1
  |
  `- 
3c0a0: LEA Reg RBP, Address (AddrPlus (FromReg RIP) (AddrImm 385753)) 7
3c0a7: LEA Reg R10, Address (AddrPlus (FromReg RSP) (AddrImm 48)) 5
3c0ac: LEA Reg R11, Address (AddrPlus (FromReg RSP) (AddrImm 304)) 8
3c0b4: MOV Address (SizeDir 64 (AddrPlus (FromReg RSP) (AddrImm 40))), Reg RBP 5
3c0b9: MOV Reg RCX, Reg RBP 3
3c0bc: JMP 3c010 (resolved immediate)
  |
  `- 3c010
3c0c1: CALL __stack_chk_fail (external)
  |
  `- 
3c0c6: LEA Reg RBX, Address (AddrPlus (FromReg RIP) (AddrImm 396243)) 7
3c0cd: LEA Reg RDX, Address (AddrPlus (FromReg RIP) (AddrImm 385587)) 7
3c0d4: LEA Reg RBP, Address (AddrPlus (FromReg RIP) (AddrImm 385701)) 7
3c0db: LEA Reg R11, Address (AddrPlus (FromReg RSP) (AddrImm 304)) 8
3c0e3: MOV Reg RAX, Reg RBX 3
3c0e6: JMP 3c031 (resolved immediate)
  |
  `- 3c031
3c0eb: LEA Reg RBX, Address (AddrPlus (FromReg RIP) (AddrImm 396206)) 7
3c0f2: LEA Reg RDX, Address (AddrPlus (FromReg RIP) (AddrImm 385550)) 7
3c0f9: MOV Reg RAX, Reg RBX 3
3c0fc: JMP 3c031 (resolved immediate)
  |
  `- 3c031
3c110: SUB Reg RSP, Immediate 216 7
3c117: TEST Reg AL, Reg AL 2
3c119: MOV Reg R10, Address (SizeDir 64 (AddrPlus (FromReg RSP) (AddrImm 232))) 8
3c121: JZ 3c15a (resolved immediate)
  |
  `- 3c123,3c15a
3c123: MOVAPS Address (SizeDir 128 (AddrPlus (FromReg RSP) (AddrImm 80))), Reg XMM0 5
3c128: MOVAPS Address (SizeDir 128 (AddrPlus (FromReg RSP) (AddrImm 96))), Reg XMM1 5
3c12d: MOVAPS Address (SizeDir 128 (AddrPlus (FromReg RSP) (AddrImm 112))), Reg XMM2 5
3c132: MOVAPS Address (SizeDir 128 (AddrPlus (FromReg RSP) (AddrImm 128))), Reg XMM3 8
3c13a: MOVAPS Address (SizeDir 128 (AddrPlus (FromReg RSP) (AddrImm 144))), Reg XMM4 8
3c142: MOVAPS Address (SizeDir 128 (AddrPlus (FromReg RSP) (AddrImm 160))), Reg XMM5 8
3c14a: MOVAPS Address (SizeDir 128 (AddrPlus (FromReg RSP) (AddrImm 176))), Reg XMM6 8
3c152: MOVAPS Address (SizeDir 128 (AddrPlus (FromReg RSP) (AddrImm 192))), Reg XMM7 8
3c15a: MOV Reg RAX, Address (SizeDir 64 (AddrPlus (FromReg FS) (AddrImm 40))) 9
3c163: MOV Address (SizeDir 64 (AddrPlus (FromReg RSP) (AddrImm 24))), Reg RAX 5
3c168: XOR Reg EAX, Reg EAX 2
3c16a: LEA Reg RAX, Address (AddrPlus (FromReg RSP) (AddrImm 240)) 8
3c172: MOV Address (SizeDir 64 (AddrPlus (FromReg RSP) (AddrImm 8))), Reg RAX 5
3c177: LEA Reg RAX, Address (AddrPlus (FromReg RSP) (AddrImm 32)) 5
3c17c: MOV Address (SizeDir 32 (FromReg RSP)), Immediate 48 7
3c183: MOV Address (SizeDir 32 (AddrPlus (FromReg RSP) (AddrImm 4))), Immediate 48 8
3c18b: SUB Reg RSP, Immediate 8 4
3c18f: MOV Address (SizeDir 64 (AddrPlus (FromReg RSP) (AddrImm 24))), Reg RAX 5
3c194: LEA Reg RAX, Address (AddrPlus (FromReg RSP) (AddrImm 8)) 5
3c199: PUSH Reg RAX 1
3c19a: PUSH Reg R10 2
3c19c: MOV Reg EAX, Address (SizeDir 32 (AddrPlus (FromReg RSP) (AddrImm 248))) 7
3c1a3: PUSH Reg RAX 1
3c1a4: CALL libxl__logv (internal)
  |
  `- 3be40
3c1a9: ADD Reg RSP, Immediate 32 4
3c1ad: MOV Reg RAX, Address (SizeDir 64 (AddrPlus (FromReg RSP) (AddrImm 24))) 5
3c1b2: XOR Reg RAX, Address (SizeDir 64 (AddrPlus (FromReg FS) (AddrImm 40))) 9
3c1bb: JNZ 3c1c5 (resolved immediate)
  |
  `- 3c1bd,3c1c5
3c1bd: ADD Reg RSP, Immediate 216 7
3c1c4: RET  1
  |
  `- 
3c1c5: CALL __stack_chk_fail (external)
  |
  `- 
3c1d0: TEST Reg RCX, Reg RCX 3
3c1d3: PUSH Reg R14 2
3c1d5: PUSH Reg R13 2
3c1d7: PUSH Reg R12 2
3c1d9: PUSH Reg RBP 1
3c1da: PUSH Reg RBX 1
3c1db: MOV Reg RBX, Reg RSI 3
3c1de: JZ 3c24b (resolved immediate)
  |
  `- 3c1e0,3c24b
3c1e0: LEA Reg R14, Address (AddrPlus (FromReg RIP) (AddrImm 385473)) 7
3c1e7: SUB Reg RSP, Immediate 8 4
3c1eb: MOV Reg R9, Reg RSI 3
3c1ee: PUSH Reg RCX 1
3c1ef: PUSH Reg RDX 1
3c1f0: MOV Reg R13, Reg RDX 3
3c1f3: PUSH Reg RSI 1
3c1f4: PUSH Reg R14 2
3c1f6: MOV Reg R12, Reg RCX 3
3c1f9: PUSH Immediate 18446744073709551615 2
3c1fb: XOR Reg R8D, Reg R8D 3
3c1fe: XOR Reg ECX, Reg ECX 2
3c200: MOV Reg EDX, Immediate 12 5
3c205: MOV Reg ESI, Immediate 9 5
3c20a: XOR Reg EAX, Reg EAX 2
3c20c: CALL libxl__log (internal)
  |
  `- 
3c211: MOV Reg RBP, Address (SizeDir 64 (AddrPlus (FromReg RIP) (AddrImm 2665928))) 7
3c218: ADD Reg RSP, Immediate 48 4
3c21c: MOV Reg R9, Reg R12 3
3c21f: MOV Reg R8, Reg R13 3
3c222: MOV Reg RCX, Reg RBX 3
3c225: MOV Reg RDX, Reg R14 3
3c228: MOV Reg ESI, Immediate 1 5
3c22d: XOR Reg EAX, Reg EAX 2
3c22f: MOV Reg RDI, Address (SizeDir 64 (AddrPlus (FromReg RBP) (AddrImm 0))) 4
3c233: CALL __fprintf_chk (external)
3c238: MOV Reg RDI, Address (SizeDir 64 (AddrPlus (FromReg RBP) (AddrImm 0))) 4
3c23c: CALL fflush (external)
3c241: MOV Reg EDI, Immediate 4294967295 5
3c246: CALL _exit (external)
  |
  `- 
3c24b: LEA Reg R12, Address (AddrPlus (FromReg RIP) (AddrImm 385430)) 7
3c252: SUB Reg RSP, Immediate 8 4
3c256: MOV Reg R9, Reg RSI 3
3c259: PUSH Reg RSI 1
3c25a: XOR Reg ECX, Reg ECX 2
3c25c: XOR Reg EAX, Reg EAX 2
3c25e: PUSH Reg R12 2
3c260: PUSH Immediate 18446744073709551615 2
3c262: XOR Reg R8D, Reg R8D 3
3c265: MOV Reg EDX, Immediate 12 5
3c26a: MOV Reg ESI, Immediate 9 5
3c26f: CALL libxl__log (internal)
  |
  `- 
3c274: MOV Reg RBP, Address (SizeDir 64 (AddrPlus (FromReg RIP) (AddrImm 2665829))) 7
3c27b: ADD Reg RSP, Immediate 32 4
3c27f: MOV Reg RCX, Reg RBX 3
3c282: MOV Reg RDX, Reg R12 3
3c285: MOV Reg ESI, Immediate 1 5
3c28a: XOR Reg EAX, Reg EAX 2
3c28c: MOV Reg RDI, Address (SizeDir 64 (AddrPlus (FromReg RBP) (AddrImm 0))) 4
3c290: CALL __fprintf_chk (external)
3c295: JMP 3c238 (resolved immediate)
  |
  `- 3c238
3c2a0: MOV Reg R8D, Address (SizeDir 32 (FromReg RDI)) 3
3c2a3: TEST Reg R8D, Reg R8D 3
3c2a6: JS 3c378 (resolved immediate)
  |
  `- 3c2ac,3c378
3c2ac: TEST Reg RSI, Reg RSI 3
3c2af: JZ 3c378 (resolved immediate)
  |
  `- 3c2b5,3c378
3c2b5: TEST Reg R8D, Reg R8D 3
3c2b8: JZ 3c2f7 (resolved immediate)
  |
  `- 3c2ba,3c2f7
3c2ba: MOV Reg RDX, Address (SizeDir 64 (AddrPlus (FromReg RDI) (AddrImm 8))) 4
3c2be: CMP Address (SizeDir 64 (FromReg RDX)), Immediate 0 4
3c2c2: JZ 3c380 (resolved immediate)
  |
  `- 3c2c8,3c380
3c2c8: LEA Reg RAX, Address (AddrPlus (FromReg RDX) (AddrImm 8)) 4
3c2cc: LEA Reg EDX, Address (AddrMinus (FromReg R8) (AddrImm 1)) 4
3c2d0: LEA Reg RCX, Address (AddrPlus (FromReg RAX) (AddrTimes (AddrImm 8) (FromReg RDX))) 4
3c2d4: JMP 3c2f2 (resolved immediate)
  |
  `- 3c2f2
3c2e0: MOV Reg RDX, Reg RAX 3
3c2e3: ADD Reg RAX, Immediate 8 4
3c2e7: CMP Address (SizeDir 64 (AddrMinus (FromReg RAX) (AddrImm 8))), Immediate 0 5
3c2ec: JZ 3c380 (resolved immediate)
  |
  `- 3c2f2,3c380
3c2f2: CMP Reg RAX, Reg RCX 3
3c2f5: JNZ 3c2e0 (resolved immediate)
  |
  `- 3c2e0,3c2f7
3c2f7: PUSH Reg R13 2
3c2f9: PUSH Reg R12 2
3c2fb: MOV Reg R12, Reg RSI 3
3c2fe: PUSH Reg RBP 1
3c2ff: LEA Reg EBP, Address (AddrPlus (AddrPlus (FromReg R8) (FromReg R8)) (AddrImm 25)) 5
3c304: PUSH Reg RBX 1
3c305: MOV Reg RBX, Reg RDI 3
3c308: SUB Reg RSP, Immediate 8 4
3c30c: CMP Reg EBP, Immediate 134217726 6
3c312: JG 3c39c (resolved immediate)
  |
  `- 3c318,3c39c
3c318: MOVSXD Reg R13, Reg EBP 3
3c31b: MOV Reg RDI, Address (SizeDir 64 (AddrPlus (FromReg RDI) (AddrImm 8))) 4
3c31f: LEA Reg RSI, Address (AddrPlus (AddrTimes (AddrImm 8) (FromReg R13)) (AddrImm 0)) 8
3c327: CALL realloc (external)
3c32c: TEST Reg RAX, Reg RAX 3
3c32f: MOV Address (SizeDir 64 (AddrPlus (FromReg RBX) (AddrImm 8))), Reg RAX 4
3c333: JZ 3c384 (resolved immediate)
  |
  `- 3c335,3c384
3c335: MOVSXD Reg RDX, Address (SizeDir 32 (FromReg RBX)) 3
3c338: LEA Reg ECX, Address (AddrPlus (FromReg RDX) (AddrImm 1)) 3
3c33b: MOV Address (SizeDir 32 (FromReg RBX)), Reg ECX 2
3c33d: MOV Address (SizeDir 64 (AddrPlus (FromReg RAX) (AddrTimes (AddrImm 8) (FromReg RDX)))), Reg R12 4
3c341: MOVSXD Reg RAX, Address (SizeDir 32 (FromReg RBX)) 3
3c344: CMP Reg EBP, Reg EAX 2
3c346: JLE 3c368 (resolved immediate)
  |
  `- 3c348,3c368
3c348: NOP  8
3c350: MOV Reg RDX, Address (SizeDir 64 (AddrPlus (FromReg RBX) (AddrImm 8))) 4
3c354: LEA Reg ECX, Address (AddrPlus (FromReg RAX) (AddrImm 1)) 3
3c357: MOV Address (SizeDir 32 (FromReg RBX)), Reg ECX 2
3c359: MOV Address (SizeDir 64 (AddrPlus (FromReg RDX) (AddrTimes (AddrImm 8) (FromReg RAX)))), Immediate 0 8
3c361: MOVSXD Reg RAX, Address (SizeDir 32 (FromReg RBX)) 3
3c364: CMP Reg EAX, Reg EBP 2
3c366: JL 3c350 (resolved immediate)
  |
  `- 3c350,3c368
3c368: ADD Reg RSP, Immediate 8 4
3c36c: POP Reg RBX 1
3c36d: POP Reg RBP 1
3c36e: POP Reg R12 2
3c370: POP Reg R13 2
3c372: RET  1
  |
  `- 
3c378: REPZ RET  2
  |
  `- 
3c380: MOV Address (SizeDir 64 (FromReg RDX)), Reg RSI 3
3c383: RET  1
  |
  `- 
3c384: MOV Reg RDI, Address (SizeDir 64 (AddrPlus (FromReg RBX) (AddrImm 16))) 4
3c388: LEA Reg RSI, Address (AddrPlus (FromReg RIP) (AddrImm 385873)) 7
3c38f: MOV Reg ECX, Immediate 8 5
3c394: MOV Reg RDX, Reg R13 3
3c397: CALL libxl__alloc_failed (internal)
  |
  `- 
3c39c: LEA Reg RCX, Address (AddrPlus (FromReg RIP) (AddrImm 385869)) 7
3c3a3: LEA Reg RSI, Address (AddrPlus (FromReg RIP) (AddrImm 384822)) 7
3c3aa: LEA Reg RDI, Address (AddrPlus (FromReg RIP) (AddrImm 385135)) 7
3c3b1: MOV Reg EDX, Immediate 62 5
3c3b6: CALL __assert_fail (external)
  |
  `- 
3c600: PUSH Reg R13 2
3c602: PUSH Reg R12 2
3c604: MOV Reg R13, Reg RDI 3
3c607: PUSH Reg RBP 1
3c608: PUSH Reg RBX 1
3c609: MOV Reg RBP, Reg RSI 3
3c60c: MOV Reg RDI, Reg RBP 3
3c60f: MOV Reg RSI, Reg RDX 3
3c612: MOV Reg R12, Reg RDX 3
3c615: SUB Reg RSP, Immediate 8 4
3c619: CALL calloc (external)
3c61e: TEST Reg RAX, Reg RAX 3
3c621: JZ 3c63f (resolved immediate)
  |
  `- 3c623,3c63f
3c623: MOV Reg RSI, Reg RAX 3
3c626: MOV Reg RDI, Reg R13 3
3c629: MOV Reg RBX, Reg RAX 3
3c62c: CALL libxl__ptr_add (internal)
  |
  `- 3c2a0
3c631: ADD Reg RSP, Immediate 8 4
3c635: MOV Reg RAX, Reg RBX 3
3c638: POP Reg RBX 1
3c639: POP Reg RBP 1
3c63a: POP Reg R12 2
3c63c: POP Reg R13 2
3c63e: RET  1
  |
  `- 
3c63f: MOV Reg RDI, Address (SizeDir 64 (AddrPlus (FromReg R13) (AddrImm 16))) 4
3c643: LEA Reg RSI, Address (AddrPlus (FromReg RIP) (AddrImm 385110)) 7
3c64a: MOV Reg RCX, Reg R12 3
3c64d: MOV Reg RDX, Reg RBP 3
3c650: CALL libxl__alloc_failed (internal)
  |
  `- 3c1d0
64ff0: PUSH Reg R15 2
64ff2: PUSH Reg R14 2
64ff4: PUSH Reg R13 2
64ff6: PUSH Reg R12 2
64ff8: MOV Reg R13, Reg RDX 3
64ffb: PUSH Reg RBP 1
64ffc: PUSH Reg RBX 1
64ffd: MOV Reg EBP, Reg ESI 2
64fff: SUB Reg RSP, Immediate 152 7
65006: MOV Reg RBX, Reg RSP 3
65009: MOV Address (SizeDir 64 (AddrPlus (FromReg RSP) (AddrImm 16))), Reg RDI 5
6500e: MOV Address (SizeDir 32 (FromReg RSP)), Immediate 0 7
65015: MOV Reg RDI, Reg RBX 3
65018: MOV Address (SizeDir 64 (AddrPlus (FromReg RSP) (AddrImm 8))), Immediate 0 9
65021: MOV Reg RAX, Address (SizeDir 64 (AddrPlus (FromReg FS) (AddrImm 40))) 9
6502a: MOV Address (SizeDir 64 (AddrPlus (FromReg RSP) (AddrImm 136))), Reg RAX 8
65032: XOR Reg EAX, Reg EAX 2
65034: CALL libxl__domain_scheduler (internal)
  |
  `- 327b0
65039: MOV Address (SizeDir 32 (AddrPlus (FromReg R13) (AddrImm 0))), Reg EAX 4
6503d: SUB Reg EAX, Immediate 4 3
65040: CMP Reg EAX, Immediate 5 3
65043: JA 65230 (resolved immediate)
  |
  `- 65049,65230
65049: LEA Reg RDX, Address (AddrPlus (FromReg RIP) (AddrImm 254224)) 7
65050: MOVSXD Reg RAX, Address (SizeDir 32 (AddrPlus (FromReg RDX) (AddrTimes (AddrImm 4) (FromReg RAX)))) 4
65054: ADD Reg RAX, Reg RDX 3
65057: JMP Reg RAX 2
  |
  `- 65110,650d0,65060
65060: LEA Reg RAX, Address (AddrPlus (FromReg RIP) (AddrImm 253945)) 7
65067: LEA Reg R9, Address (AddrPlus (FromReg RIP) (AddrImm 254354)) 7
6506e: MOV Reg R8D, Immediate 931 6
65074: PUSH Reg RAX 1
65075: PUSH Reg RBP 1
65076: MOV Reg RDI, Address (SizeDir 64 (AddrPlus (FromReg RSP) (AddrImm 32))) 5
6507b: LEA Reg RCX, Address (AddrPlus (FromReg RIP) (AddrImm 252405)) 7
65082: MOV Reg EDX, Immediate 4294967295 5
65087: XOR Reg EAX, Reg EAX 2
65089: MOV Reg ESI, Immediate 8 5
6508e: CALL libxl__log (internal)
  |
  `- 
65093: POP Reg RAX 1
65094: POP Reg RDX 1
65095: MOV Reg R15D, Immediate 4294967290 6
6509b: MOV Reg RDI, Reg RBX 3
6509e: CALL libxl__free_all (internal)
  |
  `- 650a3,3bdb0
650a3: MOV Reg RBX, Address (SizeDir 64 (AddrPlus (FromReg RSP) (AddrImm 136))) 8
650ab: XOR Reg RBX, Address (SizeDir 64 (AddrPlus (FromReg FS) (AddrImm 40))) 9
650b4: MOV Reg EAX, Reg R15D 3
650b7: JNZ 652f6 (resolved immediate)
  |
  `- 650bd,652f6
650bd: ADD Reg RSP, Immediate 152 7
650c4: POP Reg RBX 1
650c5: POP Reg RBP 1
650c6: POP Reg R12 2
650c8: POP Reg R13 2
650ca: POP Reg R14 2
650cc: POP Reg R15 2
650ce: RET  1
  |
  `- 
650d0: LEA Reg RAX, Address (AddrPlus (FromReg RIP) (AddrImm 253793)) 7
650d7: LEA Reg R9, Address (AddrPlus (FromReg RIP) (AddrImm 254242)) 7
650de: LEA Reg RCX, Address (AddrPlus (FromReg RIP) (AddrImm 252306)) 7
650e5: MOV Reg R8D, Immediate 924 6
650eb: MOV Reg EDX, Immediate 4294967295 5
650f0: MOV Reg ESI, Immediate 8 5
650f5: PUSH Reg RAX 1
650f6: PUSH Reg RBP 1
650f7: XOR Reg EAX, Reg EAX 2
650f9: MOV Reg RDI, Address (SizeDir 64 (AddrPlus (FromReg RSP) (AddrImm 32))) 5
650fe: MOV Reg R15D, Immediate 4294967271 6
65104: CALL libxl__log (internal)
  |
  `- 
65109: POP Reg RDI 1
6510a: POP Reg R8 2
6510c: JMP 6509b (resolved immediate)
  |
  `- 6509b
65110: MOV Reg RAX, Address (SizeDir 64 (AddrPlus (FromReg RSP) (AddrImm 16))) 5
65115: LEA Reg RCX, Address (AddrPlus (FromReg RSP) (AddrImm 32)) 5
6511a: MOV Reg EDX, Immediate 1 5
6511f: MOV Reg ESI, Reg EBP 2
65121: MOV Reg RDI, Address (SizeDir 64 (AddrPlus (FromReg RAX) (AddrImm 8))) 4
65125: CALL xc_domain_getinfo (external)
6512a: TEST Reg EAX, Reg EAX 2
6512c: JS 65297 (resolved immediate)
  |
  `- 65132,65297
65132: MOV Reg R15D, Address (SizeDir 32 (AddrPlus (FromReg R13) (AddrImm 4))) 4
65136: TEST Reg R15D, Reg R15D 3
65139: JLE 65095 (resolved immediate)
  |
  `- 65095,6513f
6513f: MOVSXD Reg RSI, Reg R15D 3
65142: MOV Reg EDX, Immediate 16 5
65147: MOV Reg RDI, Reg RBX 3
6514a: CALL libxl__calloc (internal)
  |
  `- 3c600
6514f: MOV Reg R14, Reg RAX 3
65152: MOV Reg RAX, Address (SizeDir 64 (AddrPlus (FromReg R13) (AddrImm 8))) 4
65156: MOV Reg ESI, Address (SizeDir 32 (AddrPlus (FromReg RSP) (AddrImm 108))) 4
6515a: MOV Reg EAX, Address (SizeDir 32 (FromReg RAX)) 2
6515c: TEST Reg EAX, Reg EAX 2
6515e: JS 65250 (resolved immediate)
  |
  `- 65164,65250
65164: CMP Reg EAX, Reg ESI 2
65166: JA 65250 (resolved immediate)
  |
  `- 6516c,65250
6516c: LEA Reg ECX, Address (AddrMinus (FromReg R15) (AddrImm 1)) 4
65170: LEA Reg RDX, Address (AddrPlus (FromReg R14) (AddrImm 12)) 4
65174: MOV Reg R12D, Immediate 24 6
6517a: LEA Reg RCX, Address (AddrPlus (AddrPlus (FromReg RCX) (AddrTimes (AddrImm 2) (FromReg RCX))) (AddrImm 3)) 5
6517f: SHL Reg RCX, Immediate 3 4
65183: JMP 651ac (resolved immediate)
  |
  `- 651ac
65188: MOV Reg RAX, Address (SizeDir 64 (AddrPlus (FromReg R13) (AddrImm 8))) 4
6518c: MOV Reg ESI, Address (SizeDir 32 (AddrPlus (FromReg RSP) (AddrImm 108))) 4
65190: MOV Reg EAX, Address (SizeDir 32 (AddrPlus (FromReg RAX) (FromReg R12))) 4
65194: TEST Reg EAX, Reg EAX 2
65196: JS 65250 (resolved immediate)
  |
  `- 6519c,65250
6519c: ADD Reg RDX, Immediate 16 4
651a0: ADD Reg R12, Immediate 24 4
651a4: CMP Reg EAX, Reg ESI 2
651a6: JA 65250 (resolved immediate)
  |
  `- 651ac,65250
651ac: CMP Reg RCX, Reg R12 3
651af: MOV Address (SizeDir 32 (FromReg RDX)), Reg EAX 2
651b1: JNZ 65188 (resolved immediate)
  |
  `- 65188,651b3
651b3: MOV Reg RAX, Address (SizeDir 64 (AddrPlus (FromReg RSP) (AddrImm 16))) 5
651b8: MOV Reg ECX, Reg R15D 3
651bb: MOV Reg RDX, Reg R14 3
651be: MOV Reg ESI, Reg EBP 2
651c0: MOV Reg RDI, Address (SizeDir 64 (AddrPlus (FromReg RAX) (AddrImm 8))) 4
651c4: CALL xc_sched_rtds_vcpu_get (external)
651c9: TEST Reg EAX, Reg EAX 2
651cb: MOV Reg R15D, Reg EAX 3
651ce: JNZ 652d9 (resolved immediate)
  |
  `- 651d4,652d9
651d4: MOV Address (SizeDir 32 (AddrPlus (FromReg R13) (AddrImm 0))), Immediate 8 8
651dc: MOV Reg RDX, Reg R14 3
651df: XOR Reg EAX, Reg EAX 2
651e1: NOP  7
651e8: MOV Reg ESI, Address (SizeDir 32 (FromReg RDX)) 2
651ea: MOV Reg RCX, Address (SizeDir 64 (AddrPlus (FromReg R13) (AddrImm 8))) 4
651ee: ADD Reg RDX, Immediate 16 4
651f2: MOV Address (SizeDir 32 (AddrPlus (AddrPlus (FromReg RCX) (FromReg RAX)) (AddrImm 12))), Reg ESI 4
651f6: MOV Reg ESI, Address (SizeDir 32 (AddrMinus (FromReg RDX) (AddrImm 12))) 3
651f9: MOV Reg RCX, Address (SizeDir 64 (AddrPlus (FromReg R13) (AddrImm 8))) 4
651fd: MOV Address (SizeDir 32 (AddrPlus (AddrPlus (FromReg RCX) (FromReg RAX)) (AddrImm 20))), Reg ESI 4
65201: MOV Reg ECX, Address (SizeDir 32 (AddrMinus (FromReg RDX) (AddrImm 8))) 3
65204: MOV Reg RSI, Address (SizeDir 64 (AddrPlus (FromReg R13) (AddrImm 8))) 4
65208: AND Reg ECX, Immediate 1 3
6520b: MOV Address (SizeDir 32 (AddrPlus (AddrPlus (FromReg RSI) (FromReg RAX)) (AddrImm 16))), Reg ECX 4
6520f: MOV Reg ESI, Address (SizeDir 32 (AddrMinus (FromReg RDX) (AddrImm 4))) 3
65212: MOV Reg RCX, Address (SizeDir 64 (AddrPlus (FromReg R13) (AddrImm 8))) 4
65216: MOV Address (SizeDir 32 (AddrPlus (FromReg RCX) (FromReg RAX))), Reg ESI 3
65219: ADD Reg RAX, Immediate 24 4
6521d: CMP Reg RAX, Reg R12 3
65220: JNZ 651e8 (resolved immediate)
  |
  `- 651e8,65222
65222: JMP 6509b (resolved immediate)
  |
  `- 6509b
65230: LEA Reg RAX, Address (AddrPlus (FromReg RIP) (AddrImm 252318)) 7
65237: LEA Reg R9, Address (AddrPlus (FromReg RIP) (AddrImm 253890)) 7
6523e: MOV Reg R8D, Immediate 938 6
65244: PUSH Reg RAX 1
65245: PUSH Reg RBP 1
65246: JMP 65076 (resolved immediate)
  |
  `- 65076
65250: LEA Reg RAX, Address (AddrPlus (FromReg RIP) (AddrImm 253513)) 7
65257: SUB Reg RSP, Immediate 8 4
6525b: LEA Reg R9, Address (AddrPlus (FromReg RIP) (AddrImm 253822)) 7
65262: PUSH Reg RSI 1
65263: LEA Reg RCX, Address (AddrPlus (FromReg RIP) (AddrImm 251917)) 7
6526a: MOV Reg R8D, Immediate 526 6
65270: PUSH Reg RAX 1
65271: PUSH Reg RBP 1
65272: MOV Reg EDX, Immediate 4294967295 5
65277: MOV Reg RDI, Address (SizeDir 64 (AddrPlus (FromReg RSP) (AddrImm 48))) 5
6527c: MOV Reg ESI, Immediate 8 5
65281: XOR Reg EAX, Reg EAX 2
65283: MOV Reg R15D, Immediate 4294967290 6
65289: CALL libxl__log (internal)
  |
  `- 
6528e: ADD Reg RSP, Immediate 32 4
65292: JMP 6509b (resolved immediate)
  |
  `- 6509b
65297: CALL __errno_location (external)
6529c: LEA Reg RDI, Address (AddrPlus (FromReg RIP) (AddrImm 252080)) 7
652a3: LEA Reg R9, Address (AddrPlus (FromReg RIP) (AddrImm 253750)) 7
652aa: MOV Reg R8D, Immediate 510 6
652b0: PUSH Reg RDI 1
652b1: PUSH Reg RBP 1
652b2: MOV Reg RDI, Address (SizeDir 64 (AddrPlus (FromReg RSP) (AddrImm 32))) 5
652b7: MOV Reg EDX, Address (SizeDir 32 (FromReg RAX)) 2
652b9: LEA Reg RCX, Address (AddrPlus (FromReg RIP) (AddrImm 251831)) 7
652c0: MOV Reg ESI, Immediate 8 5
652c5: XOR Reg EAX, Reg EAX 2
652c7: MOV Reg R15D, Immediate 4294967293 6
652cd: CALL libxl__log (internal)
  |
  `- 
652d2: POP Reg RCX 1
652d3: POP Reg RSI 1
652d4: JMP 6509b (resolved immediate)
  |
  `- 6509b
652d9: CALL __errno_location (external)
652de: LEA Reg RDI, Address (AddrPlus (FromReg RIP) (AddrImm 252186)) 7
652e5: LEA Reg R9, Address (AddrPlus (FromReg RIP) (AddrImm 253684)) 7
652ec: MOV Reg R8D, Immediate 536 6
652f2: PUSH Reg RDI 1
652f3: PUSH Reg RBP 1
652f4: JMP 652b2 (resolved immediate)
  |
  `- 652b2
652f6: CALL __stack_chk_fail (external)
  |
  `- 
