Number of assembly instructions     = 89
Number of indirect branches         = 0
Number of unresolved indirect jumps = 0: 
Number of unresolved indirect calls = 0: 
Number of symbolic states (representative of non-determinism): 89
Number of edges: 98

3fea0 (False): 0

3fea0: PUSH Reg R15 2
3fea2: PUSH Reg R14 2
3fea4: PUSH Reg R13 2
3fea6: PUSH Reg R12 2
3fea8: MOV Reg R13, Reg RDI 3
3feab: PUSH Reg RBP 1
3feac: PUSH Reg RBX 1
3fead: SUB Reg RSP, Immediate 56 4
3feb1: MOV Address (SizeDir 64 (AddrPlus (FromReg RSP) (AddrImm 8))), Reg RSI 5
3feb6: LEA Reg RSI, Address (SizeDir 64 (AddrPlus (FromReg RSP) (AddrImm 36))) 5
3febb: MOV Address (SizeDir 64 (AddrPlus (FromReg RSP) (AddrImm 24))), Reg RDX 5
3fec0: MOV Reg RAX, Address (SizeDir 64 (AddrPlus (FromReg FS) (AddrImm 40))) 9
3fec9: MOV Address (SizeDir 64 (AddrPlus (FromReg RSP) (AddrImm 40))), Reg RAX 5
3fece: XOR Reg EAX, Reg EAX 2
3fed0: CALL libxl_list_cpupool (external)
3fed5: TEST Reg RAX, Reg RAX 3
3fed8: JE 3ffd0 (resolved immediate)
  |
  `- 3fede,3ffd0
3fede: MOV Reg ESI, Address (SizeDir 32 (AddrPlus (FromReg RSP) (AddrImm 36))) 4
3fee2: MOV Reg RBP, Reg RAX 3
3fee5: MOV Reg EAX, Immediate 4294967290 5
3feea: TEST Reg ESI, Reg ESI 2
3feec: JLE 3ff78 (resolved immediate)
  |
  `- 3fef2,3ff78
3fef2: XOR Reg EBX, Reg EBX 2
3fef4: MOVSXD Reg RAX, Reg EBX 3
3fef7: MOV Reg RDI, Reg R13 3
3fefa: LEA Reg R14D, Address (SizeDir 32 (AddrPlus (FromReg RBX) (AddrImm 1))) 4
3fefe: LEA Reg RAX, Address (SizeDir 64 (AddrPlus (FromReg RAX) (AddrTimes (AddrImm 4) (FromReg RAX)))) 4
3ff02: LEA Reg R12, Address (SizeDir 64 (AddrPlus (FromReg RBP) (AddrTimes (AddrImm 8) (FromReg RAX)))) 5
3ff07: MOV Reg ESI, Address (SizeDir 32 (FromReg R12)) 4
3ff0b: CALL libxl_cpupoolid_to_name (external)
3ff10: TEST Reg RAX, Reg RAX 3
3ff13: MOV Reg R15, Reg RAX 3
3ff16: JE 3ffb8 (resolved immediate)
  |
  `- 3ff1c,3ffb8
3ff1c: MOV Reg RSI, Address (SizeDir 64 (AddrPlus (FromReg RSP) (AddrImm 8))) 5
3ff21: MOV Reg RDI, Reg RAX 3
3ff24: CALL strcmp (external)
3ff29: TEST Reg EAX, Reg EAX 2
3ff2b: MOV Address (SizeDir 32 (AddrPlus (FromReg RSP) (AddrImm 20))), Reg EAX 4
3ff2f: JNE 3ffb0 (resolved immediate)
  |
  `- 3ff31,3ffb0
3ff31: MOV Reg RAX, Address (SizeDir 64 (AddrPlus (FromReg RSP) (AddrImm 24))) 5
3ff36: MOV Reg ECX, Address (SizeDir 32 (FromReg R12)) 4
3ff3a: MOV Reg RDI, Reg R15 3
3ff3d: MOV Address (SizeDir 32 (FromReg RAX)), Reg ECX 2
3ff3f: CALL free (external)
3ff44: MOV Reg EDX, Address (SizeDir 32 (AddrPlus (FromReg RSP) (AddrImm 36))) 4
3ff48: MOV Reg EAX, Address (SizeDir 32 (AddrPlus (FromReg RSP) (AddrImm 20))) 4
3ff4c: CMP Reg R14D, Reg EDX 3
3ff4f: MOV Reg ESI, Reg EDX 2
3ff51: JGE 3ff78 (resolved immediate)
  |
  `- 3ff53,3ff78
3ff53: LEA Reg ECX, Address (SizeDir 32 (AddrPlus (FromReg RBX) (AddrImm 2))) 3
3ff56: CMP Reg ECX, Reg EDX 2
3ff58: JGE 3ff78 (resolved immediate)
  |
  `- 3ff5a,3ff78
3ff5a: ADD Reg EBX, Immediate 3 3
3ff5d: CMP Reg EBX, Reg EDX 2
3ff5f: JGE 3ff78 (resolved immediate)
  |
  `- 3ff61,3ff78
3ff61: LEA Reg ECX, Address (SizeDir 32 (AddrPlus (FromReg RBX) (AddrImm 1))) 3
3ff64: CMP Reg ECX, Reg EDX 2
3ff66: JGE 3ff78 (resolved immediate)
  |
  `- 3ff68,3ff78
3ff68: ADD Reg EBX, Immediate 2 3
3ff6b: MOV Reg ESI, Reg EDX 2
3ff6d: CMP Reg EBX, Reg EDX 2
3ff6f: JL 3ff61 (resolved immediate)
  |
  `- 3ff61,3ff71
3ff71: NOP  7
3ff78: MOV Reg RDI, Reg RBP 3
3ff7b: MOV Address (SizeDir 32 (AddrPlus (FromReg RSP) (AddrImm 8))), Reg EAX 4
3ff7f: CALL libxl_cpupoolinfo_list_free (external)
3ff84: MOV Reg EAX, Address (SizeDir 32 (AddrPlus (FromReg RSP) (AddrImm 8))) 4
3ff88: MOV Reg RDI, Address (SizeDir 64 (AddrPlus (FromReg RSP) (AddrImm 40))) 5
3ff8d: XOR Reg RDI, Address (SizeDir 64 (AddrPlus (FromReg FS) (AddrImm 40))) 9
3ff96: JNE 3ffd7 (resolved immediate)
  |
  `- 3ff98,3ffd7
3ff98: ADD Reg RSP, Immediate 56 4
3ff9c: POP Reg RBX 1
3ff9d: POP Reg RBP 1
3ff9e: POP Reg R12 2
3ffa0: POP Reg R13 2
3ffa2: POP Reg R14 2
3ffa4: POP Reg R15 2
3ffa6: RET  1
  |
  `- 
3ffb0: MOV Reg RDI, Reg R15 3
3ffb3: CALL free (external)
3ffb8: MOV Reg ESI, Address (SizeDir 32 (AddrPlus (FromReg RSP) (AddrImm 36))) 4
3ffbc: MOV Reg EBX, Reg R14D 3
3ffbf: CMP Reg R14D, Reg ESI 3
3ffc2: JL 3fef4 (resolved immediate)
  |
  `- 3fef4,3ffc8
3ffc8: MOV Reg EAX, Immediate 4294967290 5
3ffcd: JMP 3ff78 (resolved immediate)
  |
  `- 3ff78
3ffd0: MOV Reg EAX, Immediate 4294967291 5
3ffd5: JMP 3ff88 (resolved immediate)
  |
  `- 3ff88
3ffd7: CALL __stack_chk_fail (external)
  |
  `- 
