Number of assembly instructions     = 97
Number of indirect branches         = 0
Number of unresolved indirect jumps = 0: 
Number of unresolved indirect calls = 0: 
Number of symbolic states (representative of non-determinism): 114
Number of edges: 150

40c90 (True): 8772c
40cd0 (True): 87827
876d0 (False): 0

40c90: TEST Reg RSI, Reg RSI 3
40c93: JE 40cc0 (resolved immediate)
  |
  `- 40c95,40cc0
40c95: PUSH Reg RBP 1
40c96: PUSH Reg RBX 1
40c97: MOV Reg RBP, Reg RDI 3
40c9a: MOV Reg RDI, Reg RSI 3
40c9d: MOV Reg RBX, Reg RSI 3
40ca0: SUB Reg RSP, Immediate 8 4
40ca4: CALL strlen (external)
40ca9: ADD Reg RSP, Immediate 8 4
40cad: MOV Reg RSI, Reg RBX 3
40cb0: MOV Reg RDI, Reg RBP 3
40cb3: POP Reg RBX 1
40cb4: POP Reg RBP 1
40cb5: MOV Reg RDX, Reg RAX 3
40cb8: JMP yajl_gen_string (jmp to external function)
  |
  `- 
40cc0: JMP yajl_gen_null (jmp to external function)
  |
  `- 
40cd0: JMP 40c90 (resolved immediate)
  |
  `- 40c90
876d0: PUSH Reg RBP 1
876d1: PUSH Reg RBX 1
876d2: MOV Reg RBP, Reg RSI 3
876d5: MOV Reg RBX, Reg RDI 3
876d8: SUB Reg RSP, Immediate 8 4
876dc: CALL yajl_gen_map_open (external)
876e1: TEST Reg EAX, Reg EAX 2
876e3: JNE 8770f (resolved immediate)
  |
  `- 876e5,8770f
876e5: MOV Reg ECX, Address (SizeDir 32 (FromReg RBP)) 3
876e8: TEST Reg ECX, Reg ECX 2
876ea: JNE 877c0 (resolved immediate)
  |
  `- 876f0,877c0
876f0: CMP Address (SizeDir 64 (AddrPlus (FromReg RBP) (AddrImm 8))), Immediate 0 5
876f5: JE 87730 (resolved immediate)
  |
  `- 876f7,87730
876f7: LEA Reg RSI, Address (SizeDir 64 (AddrPlus (FromReg RIP) (AddrImm 129027))) 7
876fe: MOV Reg EDX, Immediate 9 5
87703: MOV Reg RDI, Reg RBX 3
87706: CALL yajl_gen_string (external)
8770b: TEST Reg EAX, Reg EAX 2
8770d: JE 87720 (resolved immediate)
  |
  `- 87720
8770f: ADD Reg RSP, Immediate 8 4
87713: POP Reg RBX 1
87714: POP Reg RBP 1
87715: RET  1
  |
  `- 
87720: MOV Reg RSI, Address (SizeDir 64 (AddrPlus (FromReg RBP) (AddrImm 8))) 4
87724: MOV Reg RDI, Reg RBX 3
87727: CALL libxl__string_gen_json (internal)
  |
  `- 8772c,40c90
8772c: TEST Reg EAX, Reg EAX 2
8772e: JNE 8770f (resolved immediate)
87730: MOV Reg EDX, Address (SizeDir 32 (AddrPlus (FromReg RBP) (AddrImm 16))) 3
87733: TEST Reg EDX, Reg EDX 2
87735: JNE 877f8 (resolved immediate)
  |
  `- 8773b,877f8
8773b: MOV Reg EAX, Address (SizeDir 32 (AddrPlus (FromReg RBP) (AddrImm 20))) 3
8773e: TEST Reg EAX, Reg EAX 2
87740: JE 87770 (resolved immediate)
  |
  `- 87770
87770: ADD Reg RBP, Immediate 24 4
87774: MOV Reg RDI, Reg RBP 3
87777: CALL libxl_bitmap_is_empty (external)
8777c: TEST Reg EAX, Reg EAX 2
8777e: JNE 877af (resolved immediate)
87780: LEA Reg RSI, Address (SizeDir 64 (AddrPlus (FromReg RIP) (AddrImm 128052))) 7
87787: MOV Reg EDX, Immediate 6 5
8778c: MOV Reg RDI, Reg RBX 3
8778f: CALL yajl_gen_string (external)
87794: TEST Reg EAX, Reg EAX 2
87796: JNE 8770f (resolved immediate)
8779c: MOV Reg RSI, Reg RBP 3
8779f: MOV Reg RDI, Reg RBX 3
877a2: CALL libxl_bitmap_gen_json (external)
877a7: TEST Reg EAX, Reg EAX 2
877a9: JNE 8770f (resolved immediate)
877af: ADD Reg RSP, Immediate 8 4
877b3: MOV Reg RDI, Reg RBX 3
877b6: POP Reg RBX 1
877b7: POP Reg RBP 1
877b8: JMP yajl_gen_map_close (jmp to external function)
  |
  `- 
877c0: LEA Reg RSI, Address (SizeDir 64 (AddrPlus (FromReg RIP) (AddrImm 128819))) 7
877c7: MOV Reg EDX, Immediate 6 5
877cc: MOV Reg RDI, Reg RBX 3
877cf: CALL yajl_gen_string (external)
877d4: TEST Reg EAX, Reg EAX 2
877d6: JNE 8770f (resolved immediate)
877dc: MOV Reg ESI, Address (SizeDir 32 (FromReg RBP)) 3
877df: MOV Reg RDI, Reg RBX 3
877e2: CALL yajl_gen_integer (external)
877e7: TEST Reg EAX, Reg EAX 2
877e9: JE 876f0 (resolved immediate)
  |
  `- 876f0
877f8: LEA Reg RSI, Address (SizeDir 64 (AddrPlus (FromReg RIP) (AddrImm 129445))) 7
877ff: MOV Reg EDX, Immediate 5 5
87804: MOV Reg RDI, Reg RBX 3
87807: CALL yajl_gen_string (external)
8780c: TEST Reg EAX, Reg EAX 2
8780e: JNE 8770f (resolved immediate)
87814: MOV Reg EDI, Address (SizeDir 32 (AddrPlus (FromReg RBP) (AddrImm 16))) 3
87817: CALL libxl_scheduler_to_string (external)
8781c: MOV Reg RDI, Reg RBX 3
8781f: MOV Reg RSI, Reg RAX 3
87822: CALL libxl__yajl_gen_enum (internal)
  |
  `- 87827,40cd0
87827: TEST Reg EAX, Reg EAX 2
87829: JE 8773b (resolved immediate)
  |
  `- 8773b
