Number of assembly instructions     = 773
Number of indirect branches         = 0
Number of unresolved indirect jumps = 0: 
Number of unresolved indirect calls = 0: 
Number of symbolic states (representative of non-determinism): 773
Number of edges: 814

3bdb0 (True): 81187
3be40 (True): 3c1a9
3c110 (True): 3c211, 3c274
3c1d0 (False): 3c39c, 3c655
3c2a0 (True): 3c631
3c600 (True): 80ab9, 80b28, 80b9b, 80c08, 80c78, 80cee, 80d60, 80dd5, 80e48, 80eb8, 80f28, 80f98, 81008, 81078, 810ed
80a50 (False): 0

3bdb0: PUSH Reg R12 2
3bdb2: PUSH Reg RBP 1
3bdb3: PUSH Reg RBX 1
3bdb4: MOV Reg EAX, Address (SizeDir 32 (FromReg RDI)) 2
3bdb6: TEST Reg EAX, Reg EAX 2
3bdb8: JS 3be14 (resolved immediate)
  |
  `- 3bdba,3be14
3bdba: MOV Reg R12, Reg RDI 3
3bdbd: MOV Reg EBP, Immediate 0 5
3bdc2: MOV Reg EBX, Immediate 0 5
3bdc7: JE 3bdf4 (resolved immediate)
  |
  `- 3bdc9,3bdf4
3bdc9: NOP  7
3bdd0: MOV Reg RAX, Address (SizeDir 64 (AddrPlus (FromReg R12) (AddrImm 8))) 5
3bdd5: ADD Reg EBX, Immediate 1 3
3bdd8: ADD Reg RAX, Reg RBP 3
3bddb: ADD Reg RBP, Immediate 8 4
3bddf: MOV Reg RDI, Address (SizeDir 64 (FromReg RAX)) 3
3bde2: MOV Address (SizeDir 64 (FromReg RAX)), Immediate 0 7
3bde9: CALL free (external)
3bdee: CMP Address (SizeDir 32 (FromReg R12)), Reg EBX 4
3bdf2: JG 3bdd0 (resolved immediate)
  |
  `- 3bdd0,3bdf4
3bdf4: MOV Reg RDI, Address (SizeDir 64 (AddrPlus (FromReg R12) (AddrImm 8))) 5
3bdf9: CALL free (external)
3bdfe: MOV Address (SizeDir 64 (AddrPlus (FromReg R12) (AddrImm 8))), Immediate 0 9
3be07: MOV Address (SizeDir 32 (FromReg R12)), Immediate 0 8
3be0f: POP Reg RBX 1
3be10: POP Reg RBP 1
3be11: POP Reg R12 2
3be13: RET  1
  |
  `- 
3be14: LEA Reg RCX, Address (SizeDir 64 (AddrPlus (FromReg RIP) (AddrImm 387253))) 7
3be1b: LEA Reg RSI, Address (SizeDir 64 (AddrPlus (FromReg RIP) (AddrImm 386238))) 7
3be22: LEA Reg RDI, Address (SizeDir 64 (AddrPlus (FromReg RIP) (AddrImm 386248))) 7
3be29: MOV Reg EDX, Immediate 80 5
3be2e: CALL __assert_fail (external)
  |
  `- 
3be40: PUSH Reg R15 2
3be42: PUSH Reg R14 2
3be44: MOV Reg R15, Reg RDI 3
3be47: PUSH Reg R13 2
3be49: PUSH Reg R12 2
3be4b: MOV Reg R12, Reg RCX 3
3be4e: PUSH Reg RBP 1
3be4f: PUSH Reg RBX 1
3be50: MOV Reg EBP, Reg R8D 3
3be53: MOV Reg RBX, Reg R9 3
3be56: SUB Reg RSP, Immediate 584 7
3be5d: MOV Address (SizeDir 32 (AddrPlus (FromReg RSP) (AddrImm 4))), Reg ESI 4
3be61: MOV Address (SizeDir 32 (AddrPlus (FromReg RSP) (AddrImm 8))), Reg EDX 4
3be65: MOV Reg RAX, Address (SizeDir 64 (AddrPlus (FromReg FS) (AddrImm 40))) 9
3be6e: MOV Address (SizeDir 64 (AddrPlus (FromReg RSP) (AddrImm 568))), Reg RAX 8
3be76: XOR Reg EAX, Reg EAX 2
3be78: MOV Address (SizeDir 64 (AddrPlus (FromReg RSP) (AddrImm 40))), Immediate 0 9
3be81: CALL __errno_location (external)
3be86: MOV Reg RCX, Address (SizeDir 64 (AddrPlus (FromReg RSP) (AddrImm 656))) 8
3be8e: MOV Reg RDX, Address (SizeDir 64 (AddrPlus (FromReg RSP) (AddrImm 648))) 8
3be96: LEA Reg RDI, Address (SizeDir 64 (AddrPlus (FromReg RSP) (AddrImm 40))) 5
3be9b: MOV Reg ESI, Immediate 1 5
3bea0: MOV Reg R13, Reg RAX 3
3bea3: MOV Reg R14D, Address (SizeDir 32 (FromReg RAX)) 3
3bea6: CALL __vasprintf_chk (external)
3beab: TEST Reg RBX, Reg RBX 3
3beae: SETNE Address (SizeDir 8 (AddrPlus (FromReg RSP) (AddrImm 15))) 5
3beb3: TEST Reg EAX, Reg EAX 2
3beb5: JS 3c0a0 (resolved immediate)
  |
  `- 3bebb,3c0a0
3bebb: TEST Reg R12, Reg R12 3
3bebe: MOV Address (SizeDir 8 (AddrPlus (FromReg RSP) (AddrImm 48))), Immediate 0 5
3bec3: JE 3bf50 (resolved immediate)
  |
  `- 3bec9,3bf50
3bec9: LEA Reg R10, Address (SizeDir 64 (AddrPlus (FromReg RSP) (AddrImm 48))) 5
3bece: SUB Reg RSP, Immediate 8 4
3bed2: LEA Reg R8, Address (SizeDir 64 (AddrPlus (FromReg RIP) (AddrImm 362554))) 7
3bed9: PUSH Reg RBP 1
3beda: MOV Reg EDX, Immediate 1 5
3bedf: XOR Reg EAX, Reg EAX 2
3bee1: MOV Reg RDI, Reg R10 3
3bee4: MOV Reg R9, Reg R12 3
3bee7: MOV Reg ECX, Immediate 256 5
3beec: MOV Reg ESI, Immediate 256 5
3bef1: MOV Address (SizeDir 64 (AddrPlus (FromReg RSP) (AddrImm 32))), Reg R10 5
3bef6: CALL __snprintf_chk (external)
3befb: MOV Address (SizeDir 8 (AddrPlus (FromReg RSP) (AddrImm 319))), Immediate 0 8
3bf03: MOV Address (SizeDir 8 (AddrPlus (FromReg RSP) (AddrImm 320))), Immediate 0 8
3bf0b: POP Reg RAX 1
3bf0c: POP Reg RDX 1
3bf0d: CMP Address (SizeDir 32 (AddrPlus (FromReg RSP) (AddrImm 640))), Immediate 18446744073709551615 8
3bf15: MOV Reg R10, Address (SizeDir 64 (AddrPlus (FromReg RSP) (AddrImm 16))) 5
3bf1a: JNE 3bfc0 (resolved immediate)
  |
  `- 3bf20,3bfc0
3bf20: TEST Reg RBX, Reg RBX 3
3bf23: MOV Reg RCX, Address (SizeDir 64 (AddrPlus (FromReg RSP) (AddrImm 40))) 5
3bf28: JE 3c0c6 (resolved immediate)
  |
  `- 3bf2e,3c0c6
3bf2e: LEA Reg RDX, Address (SizeDir 64 (AddrPlus (FromReg RIP) (AddrImm 386002))) 7
3bf35: LEA Reg RAX, Address (SizeDir 64 (AddrPlus (FromReg RIP) (AddrImm 408678))) 7
3bf3c: LEA Reg RBP, Address (SizeDir 64 (AddrPlus (FromReg RIP) (AddrImm 386109))) 7
3bf43: LEA Reg R11, Address (SizeDir 64 (AddrPlus (FromReg RSP) (AddrImm 304))) 8
3bf4b: JMP 3c031 (resolved immediate)
  |
  `- 3c031
3bf50: CMP Address (SizeDir 32 (AddrPlus (FromReg RSP) (AddrImm 640))), Immediate 18446744073709551615 8
3bf58: MOV Address (SizeDir 8 (AddrPlus (FromReg RSP) (AddrImm 303))), Immediate 0 8
3bf60: LEA Reg R10, Address (SizeDir 64 (AddrPlus (FromReg RSP) (AddrImm 48))) 5
3bf65: MOV Address (SizeDir 8 (AddrPlus (FromReg RSP) (AddrImm 304))), Immediate 0 8
3bf6d: JNE 3bfc0 (resolved immediate)
  |
  `- 3bf6f,3bfc0
3bf6f: TEST Reg R12, Reg R12 3
3bf72: MOV Reg RCX, Address (SizeDir 64 (AddrPlus (FromReg RSP) (AddrImm 40))) 5
3bf77: LEA Reg RBP, Address (SizeDir 64 (AddrPlus (FromReg RIP) (AddrImm 386050))) 7
3bf7e: LEA Reg R10, Address (SizeDir 64 (AddrPlus (FromReg RSP) (AddrImm 48))) 5
3bf83: LEA Reg R11, Address (SizeDir 64 (AddrPlus (FromReg RSP) (AddrImm 304))) 8
3bf8b: JE 3c019 (resolved immediate)
  |
  `- 3c019
3bf98: TEST Reg RBX, Reg RBX 3
3bf9b: JE 3c0eb (resolved immediate)
  |
  `- 3bfa1,3c0eb
3bfa1: LEA Reg RAX, Address (SizeDir 64 (AddrPlus (FromReg RIP) (AddrImm 396536))) 7
3bfa8: LEA Reg RSI, Address (SizeDir 64 (AddrPlus (FromReg RIP) (AddrImm 408563))) 7
3bfaf: TEST Reg R12, Reg R12 3
3bfb2: LEA Reg RDX, Address (SizeDir 64 (AddrPlus (FromReg RIP) (AddrImm 385870))) 7
3bfb9: CMOVNE Reg RAX, Reg RSI 4
3bfbd: JMP 3c031 (resolved immediate)
  |
  `- 3c031
3bfc0: LEA Reg R11, Address (SizeDir 64 (AddrPlus (FromReg RSP) (AddrImm 304))) 8
3bfc8: MOV Reg R9D, Address (SizeDir 32 (AddrPlus (FromReg RSP) (AddrImm 640))) 8
3bfd0: LEA Reg R8, Address (SizeDir 64 (AddrPlus (FromReg RIP) (AddrImm 385843))) 7
3bfd7: MOV Reg ECX, Immediate 256 5
3bfdc: MOV Reg EDX, Immediate 1 5
3bfe1: MOV Reg ESI, Immediate 256 5
3bfe6: MOV Reg RDI, Reg R11 3
3bfe9: XOR Reg EAX, Reg EAX 2
3bfeb: MOV Address (SizeDir 64 (AddrPlus (FromReg RSP) (AddrImm 24))), Reg R10 5
3bff0: MOV Address (SizeDir 64 (AddrPlus (FromReg RSP) (AddrImm 16))), Reg R11 5
3bff5: LEA Reg RBP, Address (SizeDir 64 (AddrPlus (FromReg RIP) (AddrImm 385924))) 7
3bffc: CALL __snprintf_chk (external)
3c001: MOV Reg RCX, Address (SizeDir 64 (AddrPlus (FromReg RSP) (AddrImm 40))) 5
3c006: MOV Reg R11, Address (SizeDir 64 (AddrPlus (FromReg RSP) (AddrImm 16))) 5
3c00b: MOV Reg R10, Address (SizeDir 64 (AddrPlus (FromReg RSP) (AddrImm 24))) 5
3c010: TEST Reg R12, Reg R12 3
3c013: JNE 3bf98 (resolved immediate)
  |
  `- 3bf98,3c019
3c019: CMP Address (SizeDir 8 (AddrPlus (FromReg RSP) (AddrImm 15))), Immediate 0 5
3c01e: JNE 3bf98 (resolved immediate)
  |
  `- 3bf98,3c024
3c024: LEA Reg RBX, Address (SizeDir 64 (AddrPlus (FromReg RIP) (AddrImm 396405))) 7
3c02b: MOV Reg RDX, Reg RBX 3
3c02e: MOV Reg RAX, Reg RBX 3
3c031: SUB Reg RSP, Immediate 8 4
3c035: MOV Reg RDI, Address (SizeDir 64 (FromReg R15)) 3
3c038: LEA Reg R8, Address (SizeDir 64 (AddrPlus (FromReg RIP) (AddrImm 385750))) 7
3c03f: PUSH Reg RCX 1
3c040: PUSH Reg R11 2
3c042: LEA Reg RCX, Address (SizeDir 64 (AddrPlus (FromReg RIP) (AddrImm 358278))) 7
3c049: PUSH Reg RDX 1
3c04a: PUSH Reg RBX 1
3c04b: MOV Reg R9, Reg R10 3
3c04e: PUSH Reg RAX 1
3c04f: MOV Reg EDX, Address (SizeDir 32 (AddrPlus (FromReg RSP) (AddrImm 56))) 4
3c053: XOR Reg EAX, Reg EAX 2
3c055: MOV Reg ESI, Address (SizeDir 32 (AddrPlus (FromReg RSP) (AddrImm 52))) 4
3c059: CALL xtl_log (external)
3c05e: MOV Reg RDI, Address (SizeDir 64 (AddrPlus (FromReg RSP) (AddrImm 88))) 5
3c063: ADD Reg RSP, Immediate 48 4
3c067: CMP Reg RDI, Reg RBP 3
3c06a: JE 3c071 (resolved immediate)
  |
  `- 3c06c,3c071
3c06c: CALL free (external)
3c071: MOV Reg RAX, Address (SizeDir 64 (AddrPlus (FromReg RSP) (AddrImm 568))) 8
3c079: XOR Reg RAX, Address (SizeDir 64 (AddrPlus (FromReg FS) (AddrImm 40))) 9
3c082: MOV Address (SizeDir 32 (FromReg R13)), Reg R14D 4
3c086: JNE 3c0c1 (resolved immediate)
  |
  `- 3c088,3c0c1
3c088: ADD Reg RSP, Immediate 584 7
3c08f: POP Reg RBX 1
3c090: POP Reg RBP 1
3c091: POP Reg R12 2
3c093: POP Reg R13 2
3c095: POP Reg R14 2
3c097: POP Reg R15 2
3c099: RET  1
  |
  `- 
3c0a0: LEA Reg RBP, Address (SizeDir 64 (AddrPlus (FromReg RIP) (AddrImm 385753))) 7
3c0a7: LEA Reg R10, Address (SizeDir 64 (AddrPlus (FromReg RSP) (AddrImm 48))) 5
3c0ac: LEA Reg R11, Address (SizeDir 64 (AddrPlus (FromReg RSP) (AddrImm 304))) 8
3c0b4: MOV Address (SizeDir 64 (AddrPlus (FromReg RSP) (AddrImm 40))), Reg RBP 5
3c0b9: MOV Reg RCX, Reg RBP 3
3c0bc: JMP 3c010 (resolved immediate)
  |
  `- 3c010
3c0c1: CALL __stack_chk_fail (external)
  |
  `- 
3c0c6: LEA Reg RBX, Address (SizeDir 64 (AddrPlus (FromReg RIP) (AddrImm 396243))) 7
3c0cd: LEA Reg RDX, Address (SizeDir 64 (AddrPlus (FromReg RIP) (AddrImm 385587))) 7
3c0d4: LEA Reg RBP, Address (SizeDir 64 (AddrPlus (FromReg RIP) (AddrImm 385701))) 7
3c0db: LEA Reg R11, Address (SizeDir 64 (AddrPlus (FromReg RSP) (AddrImm 304))) 8
3c0e3: MOV Reg RAX, Reg RBX 3
3c0e6: JMP 3c031 (resolved immediate)
  |
  `- 3c031
3c0eb: LEA Reg RBX, Address (SizeDir 64 (AddrPlus (FromReg RIP) (AddrImm 396206))) 7
3c0f2: LEA Reg RDX, Address (SizeDir 64 (AddrPlus (FromReg RIP) (AddrImm 385550))) 7
3c0f9: MOV Reg RAX, Reg RBX 3
3c0fc: JMP 3c031 (resolved immediate)
  |
  `- 3c031
3c110: SUB Reg RSP, Immediate 216 7
3c117: TEST Reg AL, Reg AL 2
3c119: MOV Reg R10, Address (SizeDir 64 (AddrPlus (FromReg RSP) (AddrImm 232))) 8
3c121: JE 3c15a (resolved immediate)
  |
  `- 3c123,3c15a
3c123: MOVAPS Address (SizeDir 128 (AddrPlus (FromReg RSP) (AddrImm 80))), Reg XMM0 5
3c128: MOVAPS Address (SizeDir 128 (AddrPlus (FromReg RSP) (AddrImm 96))), Reg XMM1 5
3c12d: MOVAPS Address (SizeDir 128 (AddrPlus (FromReg RSP) (AddrImm 112))), Reg XMM2 5
3c132: MOVAPS Address (SizeDir 128 (AddrPlus (FromReg RSP) (AddrImm 128))), Reg XMM3 8
3c13a: MOVAPS Address (SizeDir 128 (AddrPlus (FromReg RSP) (AddrImm 144))), Reg XMM4 8
3c142: MOVAPS Address (SizeDir 128 (AddrPlus (FromReg RSP) (AddrImm 160))), Reg XMM5 8
3c14a: MOVAPS Address (SizeDir 128 (AddrPlus (FromReg RSP) (AddrImm 176))), Reg XMM6 8
3c152: MOVAPS Address (SizeDir 128 (AddrPlus (FromReg RSP) (AddrImm 192))), Reg XMM7 8
3c15a: MOV Reg RAX, Address (SizeDir 64 (AddrPlus (FromReg FS) (AddrImm 40))) 9
3c163: MOV Address (SizeDir 64 (AddrPlus (FromReg RSP) (AddrImm 24))), Reg RAX 5
3c168: XOR Reg EAX, Reg EAX 2
3c16a: LEA Reg RAX, Address (SizeDir 64 (AddrPlus (FromReg RSP) (AddrImm 240))) 8
3c172: MOV Address (SizeDir 64 (AddrPlus (FromReg RSP) (AddrImm 8))), Reg RAX 5
3c177: LEA Reg RAX, Address (SizeDir 64 (AddrPlus (FromReg RSP) (AddrImm 32))) 5
3c17c: MOV Address (SizeDir 32 (FromReg RSP)), Immediate 48 7
3c183: MOV Address (SizeDir 32 (AddrPlus (FromReg RSP) (AddrImm 4))), Immediate 48 8
3c18b: SUB Reg RSP, Immediate 8 4
3c18f: MOV Address (SizeDir 64 (AddrPlus (FromReg RSP) (AddrImm 24))), Reg RAX 5
3c194: LEA Reg RAX, Address (SizeDir 64 (AddrPlus (FromReg RSP) (AddrImm 8))) 5
3c199: PUSH Reg RAX 1
3c19a: PUSH Reg R10 2
3c19c: MOV Reg EAX, Address (SizeDir 32 (AddrPlus (FromReg RSP) (AddrImm 248))) 7
3c1a3: PUSH Reg RAX 1
3c1a4: CALL libxl__logv (internal)
  |
  `- 3be40
3c1a9: ADD Reg RSP, Immediate 32 4
3c1ad: MOV Reg RAX, Address (SizeDir 64 (AddrPlus (FromReg RSP) (AddrImm 24))) 5
3c1b2: XOR Reg RAX, Address (SizeDir 64 (AddrPlus (FromReg FS) (AddrImm 40))) 9
3c1bb: JNE 3c1c5 (resolved immediate)
  |
  `- 3c1bd,3c1c5
3c1bd: ADD Reg RSP, Immediate 216 7
3c1c4: RET  1
  |
  `- 
3c1c5: CALL __stack_chk_fail (external)
  |
  `- 
3c1d0: TEST Reg RCX, Reg RCX 3
3c1d3: PUSH Reg R14 2
3c1d5: PUSH Reg R13 2
3c1d7: PUSH Reg R12 2
3c1d9: PUSH Reg RBP 1
3c1da: PUSH Reg RBX 1
3c1db: MOV Reg RBX, Reg RSI 3
3c1de: JE 3c24b (resolved immediate)
  |
  `- 3c1e0,3c24b
3c1e0: LEA Reg R14, Address (SizeDir 64 (AddrPlus (FromReg RIP) (AddrImm 385473))) 7
3c1e7: SUB Reg RSP, Immediate 8 4
3c1eb: MOV Reg R9, Reg RSI 3
3c1ee: PUSH Reg RCX 1
3c1ef: PUSH Reg RDX 1
3c1f0: MOV Reg R13, Reg RDX 3
3c1f3: PUSH Reg RSI 1
3c1f4: PUSH Reg R14 2
3c1f6: MOV Reg R12, Reg RCX 3
3c1f9: PUSH Immediate 18446744073709551615 2
3c1fb: XOR Reg R8D, Reg R8D 3
3c1fe: XOR Reg ECX, Reg ECX 2
3c200: MOV Reg EDX, Immediate 12 5
3c205: MOV Reg ESI, Immediate 9 5
3c20a: XOR Reg EAX, Reg EAX 2
3c20c: CALL libxl__log (internal)
  |
  `- 
3c211: MOV Reg RBP, Address (SizeDir 64 (AddrPlus (FromReg RIP) (AddrImm 2665928))) 7
3c218: ADD Reg RSP, Immediate 48 4
3c21c: MOV Reg R9, Reg R12 3
3c21f: MOV Reg R8, Reg R13 3
3c222: MOV Reg RCX, Reg RBX 3
3c225: MOV Reg RDX, Reg R14 3
3c228: MOV Reg ESI, Immediate 1 5
3c22d: XOR Reg EAX, Reg EAX 2
3c22f: MOV Reg RDI, Address (SizeDir 64 (FromReg RBP)) 4
3c233: CALL __fprintf_chk (external)
3c238: MOV Reg RDI, Address (SizeDir 64 (FromReg RBP)) 4
3c23c: CALL fflush (external)
3c241: MOV Reg EDI, Immediate 4294967295 5
3c246: CALL _exit (external)
  |
  `- 
3c24b: LEA Reg R12, Address (SizeDir 64 (AddrPlus (FromReg RIP) (AddrImm 385430))) 7
3c252: SUB Reg RSP, Immediate 8 4
3c256: MOV Reg R9, Reg RSI 3
3c259: PUSH Reg RSI 1
3c25a: XOR Reg ECX, Reg ECX 2
3c25c: XOR Reg EAX, Reg EAX 2
3c25e: PUSH Reg R12 2
3c260: PUSH Immediate 18446744073709551615 2
3c262: XOR Reg R8D, Reg R8D 3
3c265: MOV Reg EDX, Immediate 12 5
3c26a: MOV Reg ESI, Immediate 9 5
3c26f: CALL libxl__log (internal)
  |
  `- 3c110
3c274: MOV Reg RBP, Address (SizeDir 64 (AddrPlus (FromReg RIP) (AddrImm 2665829))) 7
3c27b: ADD Reg RSP, Immediate 32 4
3c27f: MOV Reg RCX, Reg RBX 3
3c282: MOV Reg RDX, Reg R12 3
3c285: MOV Reg ESI, Immediate 1 5
3c28a: XOR Reg EAX, Reg EAX 2
3c28c: MOV Reg RDI, Address (SizeDir 64 (FromReg RBP)) 4
3c290: CALL __fprintf_chk (external)
3c295: JMP 3c238 (resolved immediate)
  |
  `- 3c238
3c2a0: MOV Reg R8D, Address (SizeDir 32 (FromReg RDI)) 3
3c2a3: TEST Reg R8D, Reg R8D 3
3c2a6: JS 3c378 (resolved immediate)
  |
  `- 3c2ac,3c378
3c2ac: TEST Reg RSI, Reg RSI 3
3c2af: JE 3c378 (resolved immediate)
  |
  `- 3c2b5,3c378
3c2b5: TEST Reg R8D, Reg R8D 3
3c2b8: JE 3c2f7 (resolved immediate)
  |
  `- 3c2ba,3c2f7
3c2ba: MOV Reg RDX, Address (SizeDir 64 (AddrPlus (FromReg RDI) (AddrImm 8))) 4
3c2be: CMP Address (SizeDir 64 (FromReg RDX)), Immediate 0 4
3c2c2: JE 3c380 (resolved immediate)
  |
  `- 3c2c8,3c380
3c2c8: LEA Reg RAX, Address (SizeDir 64 (AddrPlus (FromReg RDX) (AddrImm 8))) 4
3c2cc: LEA Reg EDX, Address (SizeDir 32 (AddrMinus (FromReg R8) (AddrImm 1))) 4
3c2d0: LEA Reg RCX, Address (SizeDir 64 (AddrPlus (FromReg RAX) (AddrTimes (AddrImm 8) (FromReg RDX)))) 4
3c2d4: JMP 3c2f2 (resolved immediate)
  |
  `- 3c2f2
3c2e0: MOV Reg RDX, Reg RAX 3
3c2e3: ADD Reg RAX, Immediate 8 4
3c2e7: CMP Address (SizeDir 64 (AddrMinus (FromReg RAX) (AddrImm 8))), Immediate 0 5
3c2ec: JE 3c380 (resolved immediate)
  |
  `- 3c2f2,3c380
3c2f2: CMP Reg RAX, Reg RCX 3
3c2f5: JNE 3c2e0 (resolved immediate)
  |
  `- 3c2e0,3c2f7
3c2f7: PUSH Reg R13 2
3c2f9: PUSH Reg R12 2
3c2fb: MOV Reg R12, Reg RSI 3
3c2fe: PUSH Reg RBP 1
3c2ff: LEA Reg EBP, Address (SizeDir 32 (AddrPlus (AddrPlus (FromReg R8) (AddrTimes (AddrImm 1) (FromReg R8))) (AddrImm 25))) 5
3c304: PUSH Reg RBX 1
3c305: MOV Reg RBX, Reg RDI 3
3c308: SUB Reg RSP, Immediate 8 4
3c30c: CMP Reg EBP, Immediate 134217726 6
3c312: JG 3c39c (resolved immediate)
  |
  `- 3c318,3c39c
3c318: MOVSXD Reg R13, Reg EBP 3
3c31b: MOV Reg RDI, Address (SizeDir 64 (AddrPlus (FromReg RDI) (AddrImm 8))) 4
3c31f: LEA Reg RSI, Address (SizeDir 64 (AddrTimes (AddrImm 8) (FromReg R13))) 8
3c327: CALL realloc (external)
3c32c: TEST Reg RAX, Reg RAX 3
3c32f: MOV Address (SizeDir 64 (AddrPlus (FromReg RBX) (AddrImm 8))), Reg RAX 4
3c333: JE 3c384 (resolved immediate)
  |
  `- 3c335,3c384
3c335: MOVSXD Reg RDX, Address (SizeDir 32 (FromReg RBX)) 3
3c338: LEA Reg ECX, Address (SizeDir 32 (AddrPlus (FromReg RDX) (AddrImm 1))) 3
3c33b: MOV Address (SizeDir 32 (FromReg RBX)), Reg ECX 2
3c33d: MOV Address (SizeDir 64 (AddrPlus (FromReg RAX) (AddrTimes (AddrImm 8) (FromReg RDX)))), Reg R12 4
3c341: MOVSXD Reg RAX, Address (SizeDir 32 (FromReg RBX)) 3
3c344: CMP Reg EBP, Reg EAX 2
3c346: JLE 3c368 (resolved immediate)
  |
  `- 3c348,3c368
3c348: NOP  8
3c350: MOV Reg RDX, Address (SizeDir 64 (AddrPlus (FromReg RBX) (AddrImm 8))) 4
3c354: LEA Reg ECX, Address (SizeDir 32 (AddrPlus (FromReg RAX) (AddrImm 1))) 3
3c357: MOV Address (SizeDir 32 (FromReg RBX)), Reg ECX 2
3c359: MOV Address (SizeDir 64 (AddrPlus (FromReg RDX) (AddrTimes (AddrImm 8) (FromReg RAX)))), Immediate 0 8
3c361: MOVSXD Reg RAX, Address (SizeDir 32 (FromReg RBX)) 3
3c364: CMP Reg EAX, Reg EBP 2
3c366: JL 3c350 (resolved immediate)
  |
  `- 3c350,3c368
3c368: ADD Reg RSP, Immediate 8 4
3c36c: POP Reg RBX 1
3c36d: POP Reg RBP 1
3c36e: POP Reg R12 2
3c370: POP Reg R13 2
3c372: RET  1
  |
  `- 
3c378: RET  2
  |
  `- 
3c380: MOV Address (SizeDir 64 (FromReg RDX)), Reg RSI 3
3c383: RET  1
  |
  `- 
3c384: MOV Reg RDI, Address (SizeDir 64 (AddrPlus (FromReg RBX) (AddrImm 16))) 4
3c388: LEA Reg RSI, Address (SizeDir 64 (AddrPlus (FromReg RIP) (AddrImm 385873))) 7
3c38f: MOV Reg ECX, Immediate 8 5
3c394: MOV Reg RDX, Reg R13 3
3c397: CALL libxl__alloc_failed (internal)
  |
  `- 
3c39c: LEA Reg RCX, Address (SizeDir 64 (AddrPlus (FromReg RIP) (AddrImm 385869))) 7
3c3a3: LEA Reg RSI, Address (SizeDir 64 (AddrPlus (FromReg RIP) (AddrImm 384822))) 7
3c3aa: LEA Reg RDI, Address (SizeDir 64 (AddrPlus (FromReg RIP) (AddrImm 385135))) 7
3c3b1: MOV Reg EDX, Immediate 62 5
3c3b6: CALL __assert_fail (external)
  |
  `- 
3c600: PUSH Reg R13 2
3c602: PUSH Reg R12 2
3c604: MOV Reg R13, Reg RDI 3
3c607: PUSH Reg RBP 1
3c608: PUSH Reg RBX 1
3c609: MOV Reg RBP, Reg RSI 3
3c60c: MOV Reg RDI, Reg RBP 3
3c60f: MOV Reg RSI, Reg RDX 3
3c612: MOV Reg R12, Reg RDX 3
3c615: SUB Reg RSP, Immediate 8 4
3c619: CALL calloc (external)
3c61e: TEST Reg RAX, Reg RAX 3
3c621: JE 3c63f (resolved immediate)
  |
  `- 3c623,3c63f
3c623: MOV Reg RSI, Reg RAX 3
3c626: MOV Reg RDI, Reg R13 3
3c629: MOV Reg RBX, Reg RAX 3
3c62c: CALL libxl__ptr_add (internal)
  |
  `- 3c2a0
3c631: ADD Reg RSP, Immediate 8 4
3c635: MOV Reg RAX, Reg RBX 3
3c638: POP Reg RBX 1
3c639: POP Reg RBP 1
3c63a: POP Reg R12 2
3c63c: POP Reg R13 2
3c63e: RET  1
  |
  `- 
3c63f: MOV Reg RDI, Address (SizeDir 64 (AddrPlus (FromReg R13) (AddrImm 16))) 4
3c643: LEA Reg RSI, Address (SizeDir 64 (AddrPlus (FromReg RIP) (AddrImm 385110))) 7
3c64a: MOV Reg RCX, Reg R12 3
3c64d: MOV Reg RDX, Reg RBP 3
3c650: CALL libxl__alloc_failed (internal)
  |
  `- 3c1d0
80a50: PUSH Reg R14 2
80a52: PUSH Reg R13 2
80a54: PUSH Reg R12 2
80a56: PUSH Reg RBP 1
80a57: MOV Reg RBP, Reg RSI 3
80a5a: PUSH Reg RBX 1
80a5b: MOV Reg RBX, Reg RDX 3
80a5e: MOV Reg R12, Reg RDI 3
80a61: SUB Reg RSP, Immediate 32 4
80a65: MOV Reg RAX, Address (SizeDir 64 (AddrPlus (FromReg FS) (AddrImm 40))) 9
80a6e: MOV Address (SizeDir 64 (AddrPlus (FromReg RSP) (AddrImm 24))), Reg RAX 5
80a73: XOR Reg EAX, Reg EAX 2
80a75: MOV Address (SizeDir 64 (AddrPlus (FromReg RSP) (AddrImm 16))), Reg RDI 5
80a7a: MOV Address (SizeDir 32 (FromReg RSP)), Immediate 0 7
80a81: MOV Address (SizeDir 64 (AddrPlus (FromReg RSP) (AddrImm 8))), Immediate 0 9
80a8a: CALL libxl_domain_create_info_copy (external)
80a8f: LEA Reg RDX, Address (SizeDir 64 (AddrPlus (FromReg RBX) (AddrImm 88))) 4
80a93: LEA Reg RSI, Address (SizeDir 64 (AddrPlus (FromReg RBP) (AddrImm 88))) 4
80a97: MOV Reg RDI, Reg R12 3
80a9a: CALL libxl_domain_build_info_copy (external)
80a9f: MOV Reg RAX, Address (SizeDir 64 (AddrPlus (FromReg RSP) (AddrImm 16))) 5
80aa4: MOVSXD Reg RSI, Address (SizeDir 32 (AddrPlus (FromReg RBX) (AddrImm 944))) 7
80aab: MOV Reg EDX, Immediate 120 5
80ab0: LEA Reg RDI, Address (SizeDir 64 (AddrPlus (FromReg RAX) (AddrImm 24))) 4
80ab4: CALL libxl__calloc (internal)
  |
  `- 3c600
80ab9: MOV Address (SizeDir 64 (AddrPlus (FromReg RBP) (AddrImm 952))), Reg RAX 7
80ac0: MOV Reg EDX, Address (SizeDir 32 (AddrPlus (FromReg RBX) (AddrImm 944))) 6
80ac6: MOV Address (SizeDir 32 (AddrPlus (FromReg RBP) (AddrImm 944))), Reg EDX 6
80acc: MOV Reg R8D, Address (SizeDir 32 (AddrPlus (FromReg RBX) (AddrImm 944))) 7
80ad3: TEST Reg R8D, Reg R8D 3
80ad6: JLE 80b0e (resolved immediate)
  |
  `- 80ad8,80b0e
80ad8: XOR Reg R13D, Reg R13D 3
80adb: XOR Reg R14D, Reg R14D 3
80ade: JMP 80ae7 (resolved immediate)
  |
  `- 80ae7
80ae0: MOV Reg RAX, Address (SizeDir 64 (AddrPlus (FromReg RBP) (AddrImm 952))) 7
80ae7: MOV Reg RDX, Address (SizeDir 64 (AddrPlus (FromReg RBX) (AddrImm 952))) 7
80aee: LEA Reg RSI, Address (SizeDir 64 (AddrPlus (FromReg RAX) (AddrTimes (AddrImm 1) (FromReg R13)))) 4
80af2: MOV Reg RDI, Reg R12 3
80af5: ADD Reg R14D, Immediate 1 4
80af9: ADD Reg RDX, Reg R13 3
80afc: ADD Reg R13, Immediate 120 4
80b00: CALL libxl_device_disk_copy (external)
80b05: CMP Address (SizeDir 32 (AddrPlus (FromReg RBX) (AddrImm 944))), Reg R14D 7
80b0c: JG 80ae0 (resolved immediate)
  |
  `- 80ae0,80b0e
80b0e: MOV Reg RAX, Address (SizeDir 64 (AddrPlus (FromReg RSP) (AddrImm 16))) 5
80b13: MOVSXD Reg RSI, Address (SizeDir 32 (AddrPlus (FromReg RBX) (AddrImm 960))) 7
80b1a: MOV Reg EDX, Immediate 496 5
80b1f: LEA Reg RDI, Address (SizeDir 64 (AddrPlus (FromReg RAX) (AddrImm 24))) 4
80b23: CALL libxl__calloc (internal)
80b28: MOV Address (SizeDir 64 (AddrPlus (FromReg RBP) (AddrImm 968))), Reg RAX 7
80b2f: MOV Reg EDX, Address (SizeDir 32 (AddrPlus (FromReg RBX) (AddrImm 960))) 6
80b35: MOV Address (SizeDir 32 (AddrPlus (FromReg RBP) (AddrImm 960))), Reg EDX 6
80b3b: MOV Reg EDI, Address (SizeDir 32 (AddrPlus (FromReg RBX) (AddrImm 960))) 6
80b41: TEST Reg EDI, Reg EDI 2
80b43: JLE 80b81 (resolved immediate)
  |
  `- 80b45,80b81
80b45: XOR Reg R13D, Reg R13D 3
80b48: XOR Reg R14D, Reg R14D 3
80b4b: JMP 80b57 (resolved immediate)
  |
  `- 80b57
80b50: MOV Reg RAX, Address (SizeDir 64 (AddrPlus (FromReg RBP) (AddrImm 968))) 7
80b57: MOV Reg RDX, Address (SizeDir 64 (AddrPlus (FromReg RBX) (AddrImm 968))) 7
80b5e: LEA Reg RSI, Address (SizeDir 64 (AddrPlus (FromReg RAX) (AddrTimes (AddrImm 1) (FromReg R13)))) 4
80b62: MOV Reg RDI, Reg R12 3
80b65: ADD Reg R14D, Immediate 1 4
80b69: ADD Reg RDX, Reg R13 3
80b6c: ADD Reg R13, Immediate 496 7
80b73: CALL libxl_device_nic_copy (external)
80b78: CMP Address (SizeDir 32 (AddrPlus (FromReg RBX) (AddrImm 960))), Reg R14D 7
80b7f: JG 80b50 (resolved immediate)
  |
  `- 80b50,80b81
80b81: MOV Reg RAX, Address (SizeDir 64 (AddrPlus (FromReg RSP) (AddrImm 16))) 5
80b86: MOVSXD Reg RSI, Address (SizeDir 32 (AddrPlus (FromReg RBX) (AddrImm 976))) 7
80b8d: MOV Reg EDX, Immediate 24 5
80b92: LEA Reg RDI, Address (SizeDir 64 (AddrPlus (FromReg RAX) (AddrImm 24))) 4
80b96: CALL libxl__calloc (internal)
80b9b: MOV Address (SizeDir 64 (AddrPlus (FromReg RBP) (AddrImm 984))), Reg RAX 7
80ba2: MOV Reg EDX, Address (SizeDir 32 (AddrPlus (FromReg RBX) (AddrImm 976))) 6
80ba8: MOV Address (SizeDir 32 (AddrPlus (FromReg RBP) (AddrImm 976))), Reg EDX 6
80bae: MOV Reg ESI, Address (SizeDir 32 (AddrPlus (FromReg RBX) (AddrImm 976))) 6
80bb4: TEST Reg ESI, Reg ESI 2
80bb6: JLE 80bee (resolved immediate)
  |
  `- 80bb8,80bee
80bb8: XOR Reg R13D, Reg R13D 3
80bbb: XOR Reg R14D, Reg R14D 3
80bbe: JMP 80bc7 (resolved immediate)
  |
  `- 80bc7
80bc0: MOV Reg RAX, Address (SizeDir 64 (AddrPlus (FromReg RBP) (AddrImm 984))) 7
80bc7: MOV Reg RDX, Address (SizeDir 64 (AddrPlus (FromReg RBX) (AddrImm 984))) 7
80bce: LEA Reg RSI, Address (SizeDir 64 (AddrPlus (FromReg RAX) (AddrTimes (AddrImm 1) (FromReg R13)))) 4
80bd2: MOV Reg RDI, Reg R12 3
80bd5: ADD Reg R14D, Immediate 1 4
80bd9: ADD Reg RDX, Reg R13 3
80bdc: ADD Reg R13, Immediate 24 4
80be0: CALL libxl_device_pci_copy (external)
80be5: CMP Address (SizeDir 32 (AddrPlus (FromReg RBX) (AddrImm 976))), Reg R14D 7
80bec: JG 80bc0 (resolved immediate)
  |
  `- 80bc0,80bee
80bee: MOV Reg RAX, Address (SizeDir 64 (AddrPlus (FromReg RSP) (AddrImm 16))) 5
80bf3: MOVSXD Reg RSI, Address (SizeDir 32 (AddrPlus (FromReg RBX) (AddrImm 992))) 7
80bfa: MOV Reg EDX, Immediate 24 5
80bff: LEA Reg RDI, Address (SizeDir 64 (AddrPlus (FromReg RAX) (AddrImm 24))) 4
80c03: CALL libxl__calloc (internal)
80c08: MOV Address (SizeDir 64 (AddrPlus (FromReg RBP) (AddrImm 1000))), Reg RAX 7
80c0f: MOV Reg EDX, Address (SizeDir 32 (AddrPlus (FromReg RBX) (AddrImm 992))) 6
80c15: MOV Address (SizeDir 32 (AddrPlus (FromReg RBP) (AddrImm 992))), Reg EDX 6
80c1b: MOV Reg ECX, Address (SizeDir 32 (AddrPlus (FromReg RBX) (AddrImm 992))) 6
80c21: TEST Reg ECX, Reg ECX 2
80c23: JLE 80c5e (resolved immediate)
  |
  `- 80c25,80c5e
80c25: XOR Reg R13D, Reg R13D 3
80c28: XOR Reg R14D, Reg R14D 3
80c2b: JMP 80c37 (resolved immediate)
  |
  `- 80c37
80c30: MOV Reg RAX, Address (SizeDir 64 (AddrPlus (FromReg RBP) (AddrImm 1000))) 7
80c37: MOV Reg RDX, Address (SizeDir 64 (AddrPlus (FromReg RBX) (AddrImm 1000))) 7
80c3e: LEA Reg RSI, Address (SizeDir 64 (AddrPlus (FromReg RAX) (AddrTimes (AddrImm 1) (FromReg R13)))) 4
80c42: MOV Reg RDI, Reg R12 3
80c45: ADD Reg R14D, Immediate 1 4
80c49: ADD Reg RDX, Reg R13 3
80c4c: ADD Reg R13, Immediate 24 4
80c50: CALL libxl_device_rdm_copy (external)
80c55: CMP Address (SizeDir 32 (AddrPlus (FromReg RBX) (AddrImm 992))), Reg R14D 7
80c5c: JG 80c30 (resolved immediate)
  |
  `- 80c30,80c5e
80c5e: MOV Reg RAX, Address (SizeDir 64 (AddrPlus (FromReg RSP) (AddrImm 16))) 5
80c63: MOVSXD Reg RSI, Address (SizeDir 32 (AddrPlus (FromReg RBX) (AddrImm 1008))) 7
80c6a: MOV Reg EDX, Immediate 8 5
80c6f: LEA Reg RDI, Address (SizeDir 64 (AddrPlus (FromReg RAX) (AddrImm 24))) 4
80c73: CALL libxl__calloc (internal)
80c78: MOV Address (SizeDir 64 (AddrPlus (FromReg RBP) (AddrImm 1016))), Reg RAX 7
80c7f: MOV Reg EDX, Address (SizeDir 32 (AddrPlus (FromReg RBX) (AddrImm 1008))) 6
80c85: MOV Address (SizeDir 32 (AddrPlus (FromReg RBP) (AddrImm 1008))), Reg EDX 6
80c8b: MOV Reg EDX, Address (SizeDir 32 (AddrPlus (FromReg RBX) (AddrImm 1008))) 6
80c91: TEST Reg EDX, Reg EDX 2
80c93: JLE 80cd4 (resolved immediate)
  |
  `- 80c95,80cd4
80c95: XOR Reg R13D, Reg R13D 3
80c98: JMP 80ca7 (resolved immediate)
  |
  `- 80ca7
80ca0: MOV Reg RAX, Address (SizeDir 64 (AddrPlus (FromReg RBP) (AddrImm 1016))) 7
80ca7: MOV Reg RDX, Address (SizeDir 64 (AddrPlus (FromReg RBX) (AddrImm 1016))) 7
80cae: LEA Reg RSI, Address (SizeDir 64 (AddrTimes (AddrImm 8) (FromReg R13))) 8
80cb6: MOV Reg RDI, Reg R12 3
80cb9: ADD Reg RDX, Reg RSI 3
80cbc: ADD Reg RSI, Reg RAX 3
80cbf: CALL libxl_device_dtdev_copy (external)
80cc4: LEA Reg EAX, Address (SizeDir 32 (AddrPlus (FromReg R13) (AddrImm 1))) 4
80cc8: ADD Reg R13, Immediate 1 4
80ccc: CMP Address (SizeDir 32 (AddrPlus (FromReg RBX) (AddrImm 1008))), Reg EAX 6
80cd2: JG 80ca0 (resolved immediate)
  |
  `- 80ca0,80cd4
80cd4: MOV Reg RAX, Address (SizeDir 64 (AddrPlus (FromReg RSP) (AddrImm 16))) 5
80cd9: MOVSXD Reg RSI, Address (SizeDir 32 (AddrPlus (FromReg RBX) (AddrImm 1024))) 7
80ce0: MOV Reg EDX, Immediate 88 5
80ce5: LEA Reg RDI, Address (SizeDir 64 (AddrPlus (FromReg RAX) (AddrImm 24))) 4
80ce9: CALL libxl__calloc (internal)
80cee: MOV Address (SizeDir 64 (AddrPlus (FromReg RBP) (AddrImm 1032))), Reg RAX 7
80cf5: MOV Reg EDX, Address (SizeDir 32 (AddrPlus (FromReg RBX) (AddrImm 1024))) 6
80cfb: MOV Address (SizeDir 32 (AddrPlus (FromReg RBP) (AddrImm 1024))), Reg EDX 6
80d01: MOV Reg R14D, Address (SizeDir 32 (AddrPlus (FromReg RBX) (AddrImm 1024))) 7
80d08: TEST Reg R14D, Reg R14D 3
80d0b: JLE 80d46 (resolved immediate)
  |
  `- 80d0d,80d46
80d0d: XOR Reg R13D, Reg R13D 3
80d10: XOR Reg R14D, Reg R14D 3
80d13: JMP 80d1f (resolved immediate)
  |
  `- 80d1f
80d1f: MOV Reg RDX, Address (SizeDir 64 (AddrPlus (FromReg RBX) (AddrImm 1032))) 7
80d26: LEA Reg RSI, Address (SizeDir 64 (AddrPlus (FromReg RAX) (AddrTimes (AddrImm 1) (FromReg R13)))) 4
  |
  `- 
80d46: MOV Reg RAX, Address (SizeDir 64 (AddrPlus (FromReg RSP) (AddrImm 16))) 5
80d4b: MOVSXD Reg RSI, Address (SizeDir 32 (AddrPlus (FromReg RBX) (AddrImm 1040))) 7
80d52: MOV Reg EDX, Immediate 64 5
80d57: LEA Reg RDI, Address (SizeDir 64 (AddrPlus (FromReg RAX) (AddrImm 24))) 4
80d5b: CALL libxl__calloc (internal)
80d60: MOV Address (SizeDir 64 (AddrPlus (FromReg RBP) (AddrImm 1048))), Reg RAX 7
80d67: MOV Reg EDX, Address (SizeDir 32 (AddrPlus (FromReg RBX) (AddrImm 1040))) 6
80d6d: MOV Address (SizeDir 32 (AddrPlus (FromReg RBP) (AddrImm 1040))), Reg EDX 6
80d73: MOV Reg R13D, Address (SizeDir 32 (AddrPlus (FromReg RBX) (AddrImm 1040))) 7
80d7a: TEST Reg R13D, Reg R13D 3
80d7d: JLE 80dbb (resolved immediate)
  |
  `- 80d7f,80dbb
80d7f: XOR Reg R13D, Reg R13D 3
80d82: JMP 80d8f (resolved immediate)
  |
  `- 80d8f
80d88: MOV Reg RAX, Address (SizeDir 64 (AddrPlus (FromReg RBP) (AddrImm 1048))) 7
80d8f: MOV Reg RDX, Address (SizeDir 64 (AddrPlus (FromReg RBX) (AddrImm 1048))) 7
80d96: MOV Reg RSI, Reg R13 3
80d99: MOV Reg RDI, Reg R12 3
80d9c: SHL Reg RSI, Immediate 6 4
80da0: ADD Reg RDX, Reg RSI 3
80da3: ADD Reg RSI, Reg RAX 3
80da6: CALL libxl_device_vkb_copy (external)
80dab: LEA Reg EAX, Address (SizeDir 32 (AddrPlus (FromReg R13) (AddrImm 1))) 4
80daf: ADD Reg R13, Immediate 1 4
80db3: CMP Address (SizeDir 32 (AddrPlus (FromReg RBX) (AddrImm 1040))), Reg EAX 6
80db9: JG 80d88 (resolved immediate)
  |
  `- 80d88,80dbb
80dbb: MOV Reg RAX, Address (SizeDir 64 (AddrPlus (FromReg RSP) (AddrImm 16))) 5
80dc0: MOVSXD Reg RSI, Address (SizeDir 32 (AddrPlus (FromReg RBX) (AddrImm 1056))) 7
80dc7: MOV Reg EDX, Immediate 40 5
80dcc: LEA Reg RDI, Address (SizeDir 64 (AddrPlus (FromReg RAX) (AddrImm 24))) 4
80dd0: CALL libxl__calloc (internal)
80dd5: MOV Address (SizeDir 64 (AddrPlus (FromReg RBP) (AddrImm 1064))), Reg RAX 7
80ddc: MOV Reg EDX, Address (SizeDir 32 (AddrPlus (FromReg RBX) (AddrImm 1056))) 6
80de2: MOV Address (SizeDir 32 (AddrPlus (FromReg RBP) (AddrImm 1056))), Reg EDX 6
80de8: MOV Reg R11D, Address (SizeDir 32 (AddrPlus (FromReg RBX) (AddrImm 1056))) 7
80def: TEST Reg R11D, Reg R11D 3
80df2: JLE 80e2e (resolved immediate)
  |
  `- 80df4,80e2e
80df4: XOR Reg R13D, Reg R13D 3
80df7: XOR Reg R14D, Reg R14D 3
80dfa: JMP 80e07 (resolved immediate)
  |
  `- 80e07
80e00: MOV Reg RAX, Address (SizeDir 64 (AddrPlus (FromReg RBP) (AddrImm 1064))) 7
80e07: MOV Reg RDX, Address (SizeDir 64 (AddrPlus (FromReg RBX) (AddrImm 1064))) 7
80e0e: LEA Reg RSI, Address (SizeDir 64 (AddrPlus (FromReg RAX) (AddrTimes (AddrImm 1) (FromReg R13)))) 4
80e12: MOV Reg RDI, Reg R12 3
80e15: ADD Reg R14D, Immediate 1 4
80e19: ADD Reg RDX, Reg R13 3
80e1c: ADD Reg R13, Immediate 40 4
80e20: CALL libxl_device_vtpm_copy (external)
80e25: CMP Address (SizeDir 32 (AddrPlus (FromReg RBX) (AddrImm 1056))), Reg R14D 7
80e2c: JG 80e00 (resolved immediate)
  |
  `- 80e00,80e2e
80e2e: MOV Reg RAX, Address (SizeDir 64 (AddrPlus (FromReg RSP) (AddrImm 16))) 5
80e33: MOVSXD Reg RSI, Address (SizeDir 32 (AddrPlus (FromReg RBX) (AddrImm 1072))) 7
80e3a: MOV Reg EDX, Immediate 48 5
80e3f: LEA Reg RDI, Address (SizeDir 64 (AddrPlus (FromReg RAX) (AddrImm 24))) 4
80e43: CALL libxl__calloc (internal)
80e48: MOV Address (SizeDir 64 (AddrPlus (FromReg RBP) (AddrImm 1080))), Reg RAX 7
80e4f: MOV Reg EDX, Address (SizeDir 32 (AddrPlus (FromReg RBX) (AddrImm 1072))) 6
80e55: MOV Address (SizeDir 32 (AddrPlus (FromReg RBP) (AddrImm 1072))), Reg EDX 6
80e5b: MOV Reg R10D, Address (SizeDir 32 (AddrPlus (FromReg RBX) (AddrImm 1072))) 7
80e62: TEST Reg R10D, Reg R10D 3
80e65: JLE 80e9e (resolved immediate)
  |
  `- 80e67,80e9e
80e67: XOR Reg R13D, Reg R13D 3
80e6a: XOR Reg R14D, Reg R14D 3
80e6d: JMP 80e77 (resolved immediate)
  |
  `- 80e77
80e70: MOV Reg RAX, Address (SizeDir 64 (AddrPlus (FromReg RBP) (AddrImm 1080))) 7
80e77: MOV Reg RDX, Address (SizeDir 64 (AddrPlus (FromReg RBX) (AddrImm 1080))) 7
80e7e: LEA Reg RSI, Address (SizeDir 64 (AddrPlus (FromReg RAX) (AddrTimes (AddrImm 1) (FromReg R13)))) 4
80e82: MOV Reg RDI, Reg R12 3
80e85: ADD Reg R14D, Immediate 1 4
80e89: ADD Reg RDX, Reg R13 3
80e8c: ADD Reg R13, Immediate 48 4
80e90: CALL libxl_device_p9_copy (external)
80e95: CMP Address (SizeDir 32 (AddrPlus (FromReg RBX) (AddrImm 1072))), Reg R14D 7
80e9c: JG 80e70 (resolved immediate)
  |
  `- 80e70,80e9e
80e9e: MOV Reg RAX, Address (SizeDir 64 (AddrPlus (FromReg RSP) (AddrImm 16))) 5
80ea3: MOVSXD Reg RSI, Address (SizeDir 32 (AddrPlus (FromReg RBX) (AddrImm 1088))) 7
80eaa: MOV Reg EDX, Immediate 24 5
80eaf: LEA Reg RDI, Address (SizeDir 64 (AddrPlus (FromReg RAX) (AddrImm 24))) 4
80eb3: CALL libxl__calloc (internal)
80eb8: MOV Address (SizeDir 64 (AddrPlus (FromReg RBP) (AddrImm 1096))), Reg RAX 7
80ebf: MOV Reg EDX, Address (SizeDir 32 (AddrPlus (FromReg RBX) (AddrImm 1088))) 6
80ec5: MOV Address (SizeDir 32 (AddrPlus (FromReg RBP) (AddrImm 1088))), Reg EDX 6
80ecb: MOV Reg R9D, Address (SizeDir 32 (AddrPlus (FromReg RBX) (AddrImm 1088))) 7
80ed2: TEST Reg R9D, Reg R9D 3
80ed5: JLE 80f0e (resolved immediate)
  |
  `- 80ed7,80f0e
80ed7: XOR Reg R13D, Reg R13D 3
80eda: XOR Reg R14D, Reg R14D 3
80edd: JMP 80ee7 (resolved immediate)
  |
  `- 80ee7
80ee0: MOV Reg RAX, Address (SizeDir 64 (AddrPlus (FromReg RBP) (AddrImm 1096))) 7
80ee7: MOV Reg RDX, Address (SizeDir 64 (AddrPlus (FromReg RBX) (AddrImm 1096))) 7
80eee: LEA Reg RSI, Address (SizeDir 64 (AddrPlus (FromReg RAX) (AddrTimes (AddrImm 1) (FromReg R13)))) 4
80ef2: MOV Reg RDI, Reg R12 3
80ef5: ADD Reg R14D, Immediate 1 4
80ef9: ADD Reg RDX, Reg R13 3
80efc: ADD Reg R13, Immediate 24 4
80f00: CALL libxl_device_pvcallsif_copy (external)
80f05: CMP Address (SizeDir 32 (AddrPlus (FromReg RBX) (AddrImm 1088))), Reg R14D 7
80f0c: JG 80ee0 (resolved immediate)
  |
  `- 80ee0,80f0e
80f0e: MOV Reg RAX, Address (SizeDir 64 (AddrPlus (FromReg RSP) (AddrImm 16))) 5
80f13: MOVSXD Reg RSI, Address (SizeDir 32 (AddrPlus (FromReg RBX) (AddrImm 1104))) 7
80f1a: MOV Reg EDX, Immediate 40 5
80f1f: LEA Reg RDI, Address (SizeDir 64 (AddrPlus (FromReg RAX) (AddrImm 24))) 4
80f23: CALL libxl__calloc (internal)
80f28: MOV Address (SizeDir 64 (AddrPlus (FromReg RBP) (AddrImm 1112))), Reg RAX 7
80f2f: MOV Reg EDX, Address (SizeDir 32 (AddrPlus (FromReg RBX) (AddrImm 1104))) 6
80f35: MOV Address (SizeDir 32 (AddrPlus (FromReg RBP) (AddrImm 1104))), Reg EDX 6
80f3b: MOV Reg R8D, Address (SizeDir 32 (AddrPlus (FromReg RBX) (AddrImm 1104))) 7
80f42: TEST Reg R8D, Reg R8D 3
80f45: JLE 80f7e (resolved immediate)
  |
  `- 80f47,80f7e
80f47: XOR Reg R13D, Reg R13D 3
80f4a: XOR Reg R14D, Reg R14D 3
80f4d: JMP 80f57 (resolved immediate)
  |
  `- 80f57
80f50: MOV Reg RAX, Address (SizeDir 64 (AddrPlus (FromReg RBP) (AddrImm 1112))) 7
80f57: MOV Reg RDX, Address (SizeDir 64 (AddrPlus (FromReg RBX) (AddrImm 1112))) 7
80f5e: LEA Reg RSI, Address (SizeDir 64 (AddrPlus (FromReg RAX) (AddrTimes (AddrImm 1) (FromReg R13)))) 4
80f62: MOV Reg RDI, Reg R12 3
80f65: ADD Reg R14D, Immediate 1 4
80f69: ADD Reg RDX, Reg R13 3
80f6c: ADD Reg R13, Immediate 40 4
80f70: CALL libxl_device_vdispl_copy (external)
80f75: CMP Address (SizeDir 32 (AddrPlus (FromReg RBX) (AddrImm 1104))), Reg R14D 7
80f7c: JG 80f50 (resolved immediate)
  |
  `- 80f50,80f7e
80f7e: MOV Reg RAX, Address (SizeDir 64 (AddrPlus (FromReg RSP) (AddrImm 16))) 5
80f83: MOVSXD Reg RSI, Address (SizeDir 32 (AddrPlus (FromReg RBX) (AddrImm 1120))) 7
80f8a: MOV Reg EDX, Immediate 104 5
80f8f: LEA Reg RDI, Address (SizeDir 64 (AddrPlus (FromReg RAX) (AddrImm 24))) 4
80f93: CALL libxl__calloc (internal)
80f98: MOV Address (SizeDir 64 (AddrPlus (FromReg RBP) (AddrImm 1128))), Reg RAX 7
80f9f: MOV Reg EDX, Address (SizeDir 32 (AddrPlus (FromReg RBX) (AddrImm 1120))) 6
80fa5: MOV Address (SizeDir 32 (AddrPlus (FromReg RBP) (AddrImm 1120))), Reg EDX 6
80fab: MOV Reg EDI, Address (SizeDir 32 (AddrPlus (FromReg RBX) (AddrImm 1120))) 6
80fb1: TEST Reg EDI, Reg EDI 2
80fb3: JLE 80fee (resolved immediate)
  |
  `- 80fb5,80fee
80fb5: XOR Reg R13D, Reg R13D 3
80fb8: XOR Reg R14D, Reg R14D 3
80fbb: JMP 80fc7 (resolved immediate)
  |
  `- 80fc7
80fc0: MOV Reg RAX, Address (SizeDir 64 (AddrPlus (FromReg RBP) (AddrImm 1128))) 7
80fc7: MOV Reg RDX, Address (SizeDir 64 (AddrPlus (FromReg RBX) (AddrImm 1128))) 7
80fce: LEA Reg RSI, Address (SizeDir 64 (AddrPlus (FromReg RAX) (AddrTimes (AddrImm 1) (FromReg R13)))) 4
80fd2: MOV Reg RDI, Reg R12 3
80fd5: ADD Reg R14D, Immediate 1 4
80fd9: ADD Reg RDX, Reg R13 3
80fdc: ADD Reg R13, Immediate 104 4
80fe0: CALL libxl_device_vsnd_copy (external)
80fe5: CMP Address (SizeDir 32 (AddrPlus (FromReg RBX) (AddrImm 1120))), Reg R14D 7
80fec: JG 80fc0 (resolved immediate)
  |
  `- 80fc0,80fee
80fee: MOV Reg RAX, Address (SizeDir 64 (AddrPlus (FromReg RSP) (AddrImm 16))) 5
80ff3: MOVSXD Reg RSI, Address (SizeDir 32 (AddrPlus (FromReg RBX) (AddrImm 1136))) 7
80ffa: MOV Reg EDX, Immediate 48 5
80fff: LEA Reg RDI, Address (SizeDir 64 (AddrPlus (FromReg RAX) (AddrImm 24))) 4
81003: CALL libxl__calloc (internal)
81008: MOV Address (SizeDir 64 (AddrPlus (FromReg RBP) (AddrImm 1144))), Reg RAX 7
8100f: MOV Reg EDX, Address (SizeDir 32 (AddrPlus (FromReg RBX) (AddrImm 1136))) 6
81015: MOV Address (SizeDir 32 (AddrPlus (FromReg RBP) (AddrImm 1136))), Reg EDX 6
8101b: MOV Reg ESI, Address (SizeDir 32 (AddrPlus (FromReg RBX) (AddrImm 1136))) 6
81021: TEST Reg ESI, Reg ESI 2
81023: JLE 8105e (resolved immediate)
  |
  `- 81025,8105e
81025: XOR Reg R13D, Reg R13D 3
81028: XOR Reg R14D, Reg R14D 3
8102b: JMP 81037 (resolved immediate)
  |
  `- 81037
81030: MOV Reg RAX, Address (SizeDir 64 (AddrPlus (FromReg RBP) (AddrImm 1144))) 7
81037: MOV Reg RDX, Address (SizeDir 64 (AddrPlus (FromReg RBX) (AddrImm 1144))) 7
8103e: LEA Reg RSI, Address (SizeDir 64 (AddrPlus (FromReg RAX) (AddrTimes (AddrImm 1) (FromReg R13)))) 4
81042: MOV Reg RDI, Reg R12 3
81045: ADD Reg R14D, Immediate 1 4
81049: ADD Reg RDX, Reg R13 3
8104c: ADD Reg R13, Immediate 48 4
81050: CALL libxl_device_channel_copy (external)
81055: CMP Address (SizeDir 32 (AddrPlus (FromReg RBX) (AddrImm 1136))), Reg R14D 7
8105c: JG 81030 (resolved immediate)
  |
  `- 81030,8105e
8105e: MOV Reg RAX, Address (SizeDir 64 (AddrPlus (FromReg RSP) (AddrImm 16))) 5
81063: MOVSXD Reg RSI, Address (SizeDir 32 (AddrPlus (FromReg RBX) (AddrImm 1152))) 7
8106a: MOV Reg EDX, Immediate 32 5
8106f: LEA Reg RDI, Address (SizeDir 64 (AddrPlus (FromReg RAX) (AddrImm 24))) 4
81073: CALL libxl__calloc (internal)
81078: MOV Address (SizeDir 64 (AddrPlus (FromReg RBP) (AddrImm 1160))), Reg RAX 7
8107f: MOV Reg EDX, Address (SizeDir 32 (AddrPlus (FromReg RBX) (AddrImm 1152))) 6
81085: MOV Address (SizeDir 32 (AddrPlus (FromReg RBP) (AddrImm 1152))), Reg EDX 6
8108b: MOV Reg ECX, Address (SizeDir 32 (AddrPlus (FromReg RBX) (AddrImm 1152))) 6
81091: TEST Reg ECX, Reg ECX 2
81093: JLE 810d3 (resolved immediate)
  |
  `- 81095,810d3
81095: XOR Reg R13D, Reg R13D 3
81098: JMP 810a7 (resolved immediate)
  |
  `- 810a7
810a0: MOV Reg RAX, Address (SizeDir 64 (AddrPlus (FromReg RBP) (AddrImm 1160))) 7
810a7: MOV Reg RDX, Address (SizeDir 64 (AddrPlus (FromReg RBX) (AddrImm 1160))) 7
810ae: MOV Reg RSI, Reg R13 3
810b1: MOV Reg RDI, Reg R12 3
810b4: SHL Reg RSI, Immediate 5 4
810b8: ADD Reg RDX, Reg RSI 3
810bb: ADD Reg RSI, Reg RAX 3
810be: CALL libxl_device_usbctrl_copy (external)
810c3: LEA Reg EAX, Address (SizeDir 32 (AddrPlus (FromReg R13) (AddrImm 1))) 4
810c7: ADD Reg R13, Immediate 1 4
810cb: CMP Address (SizeDir 32 (AddrPlus (FromReg RBX) (AddrImm 1152))), Reg EAX 6
810d1: JG 810a0 (resolved immediate)
  |
  `- 810a0,810d3
810d3: MOV Reg RAX, Address (SizeDir 64 (AddrPlus (FromReg RSP) (AddrImm 16))) 5
810d8: MOVSXD Reg RSI, Address (SizeDir 32 (AddrPlus (FromReg RBX) (AddrImm 1168))) 7
810df: MOV Reg EDX, Immediate 16 5
810e4: LEA Reg RDI, Address (SizeDir 64 (AddrPlus (FromReg RAX) (AddrImm 24))) 4
810e8: CALL libxl__calloc (internal)
810ed: MOV Address (SizeDir 64 (AddrPlus (FromReg RBP) (AddrImm 1176))), Reg RAX 7
810f4: MOV Reg EDX, Address (SizeDir 32 (AddrPlus (FromReg RBX) (AddrImm 1168))) 6
810fa: MOV Address (SizeDir 32 (AddrPlus (FromReg RBP) (AddrImm 1168))), Reg EDX 6
81100: MOV Reg EDX, Address (SizeDir 32 (AddrPlus (FromReg RBX) (AddrImm 1168))) 6
81106: TEST Reg EDX, Reg EDX 2
81108: JLE 81143 (resolved immediate)
  |
  `- 8110a,81143
8110a: XOR Reg R13D, Reg R13D 3
8110d: JMP 81117 (resolved immediate)
  |
  `- 81117
81110: MOV Reg RAX, Address (SizeDir 64 (AddrPlus (FromReg RBP) (AddrImm 1176))) 7
81117: MOV Reg RDX, Address (SizeDir 64 (AddrPlus (FromReg RBX) (AddrImm 1176))) 7
8111e: MOV Reg RSI, Reg R13 3
81121: MOV Reg RDI, Reg R12 3
81124: SHL Reg RSI, Immediate 4 4
81128: ADD Reg RDX, Reg RSI 3
8112b: ADD Reg RSI, Reg RAX 3
8112e: CALL libxl_device_usbdev_copy (external)
81133: LEA Reg EAX, Address (SizeDir 32 (AddrPlus (FromReg R13) (AddrImm 1))) 4
81137: ADD Reg R13, Immediate 1 4
8113b: CMP Address (SizeDir 32 (AddrPlus (FromReg RBX) (AddrImm 1168))), Reg EAX 6
81141: JG 81110 (resolved immediate)
  |
  `- 81110,81143
81143: MOV Reg EAX, Address (SizeDir 32 (AddrPlus (FromReg RBX) (AddrImm 1184))) 6
81149: MOV Reg RDI, Reg RSP 3
8114c: MOV Address (SizeDir 32 (AddrPlus (FromReg RBP) (AddrImm 1184))), Reg EAX 6
81152: MOV Reg EAX, Address (SizeDir 32 (AddrPlus (FromReg RBX) (AddrImm 1188))) 6
81158: MOV Address (SizeDir 32 (AddrPlus (FromReg RBP) (AddrImm 1188))), Reg EAX 6
8115e: MOV Reg EAX, Address (SizeDir 32 (AddrPlus (FromReg RBX) (AddrImm 1192))) 6
81164: MOV Address (SizeDir 32 (AddrPlus (FromReg RBP) (AddrImm 1192))), Reg EAX 6
8116a: MOV Reg EAX, Address (SizeDir 32 (AddrPlus (FromReg RBX) (AddrImm 1196))) 6
81170: MOV Address (SizeDir 32 (AddrPlus (FromReg RBP) (AddrImm 1196))), Reg EAX 6
81176: MOV Reg EAX, Address (SizeDir 32 (AddrPlus (FromReg RBX) (AddrImm 1200))) 6
8117c: MOV Address (SizeDir 32 (AddrPlus (FromReg RBP) (AddrImm 1200))), Reg EAX 6
81182: CALL libxl__free_all (internal)
  |
  `- 81187,3bdb0
81187: MOV Reg RAX, Address (SizeDir 64 (AddrPlus (FromReg RSP) (AddrImm 24))) 5
8118c: XOR Reg RAX, Address (SizeDir 64 (AddrPlus (FromReg FS) (AddrImm 40))) 9
81195: JNE 811a4 (resolved immediate)
  |
  `- 81197,811a4
81197: ADD Reg RSP, Immediate 32 4
8119b: POP Reg RBX 1
8119c: POP Reg RBP 1
8119d: POP Reg R12 2
8119f: POP Reg R13 2
811a1: POP Reg R14 2
811a3: RET  1
  |
  `- 
811a4: CALL __stack_chk_fail (external)
  |
  `- 
