Number of assembly instructions     = 854
Number of indirect branches         = 0
Number of unresolved indirect jumps = 0: 
Number of unresolved indirect calls = 0: 
Number of symbolic states (representative of non-determinism): 854
Number of edges: 882

3bdb0 (True): 7f503
3be40 (True): 3c1a9
3c110 (True): 3c211, 3c274
3c1d0 (False): 3c39c, 3c655
3c2a0 (True): 3c631
3c600 (True): 7eff4, 7f051, 7f152, 7f29e, 7f316, 7f37d
7ef70 (False): 0

3bdb0: PUSH Reg R12 2
3bdb2: PUSH Reg RBP 1
3bdb3: PUSH Reg RBX 1
3bdb4: MOV Reg EAX, Address (SizeDir 32 (FromReg RDI)) 2
3bdb6: TEST Reg EAX, Reg EAX 2
3bdb8: JS 3be14 (resolved immediate)
  |
  `- 3bdba,3be14
3bdba: MOV Reg R12, Reg RDI 3
3bdbd: MOV Reg EBP, Immediate 0 5
3bdc2: MOV Reg EBX, Immediate 0 5
3bdc7: JZ 3bdf4 (resolved immediate)
  |
  `- 3bdc9,3bdf4
3bdc9: NOP  7
3bdd0: MOV Reg RAX, Address (SizeDir 64 (AddrPlus (FromReg R12) (AddrImm 8))) 5
3bdd5: ADD Reg EBX, Immediate 1 3
3bdd8: ADD Reg RAX, Reg RBP 3
3bddb: ADD Reg RBP, Immediate 8 4
3bddf: MOV Reg RDI, Address (SizeDir 64 (FromReg RAX)) 3
3bde2: MOV Address (SizeDir 64 (FromReg RAX)), Immediate 0 7
3bde9: CALL free (external)
3bdee: CMP Address (SizeDir 32 (FromReg R12)), Reg EBX 4
3bdf2: JG 3bdd0 (resolved immediate)
  |
  `- 3bdd0,3bdf4
3bdf4: MOV Reg RDI, Address (SizeDir 64 (AddrPlus (FromReg R12) (AddrImm 8))) 5
3bdf9: CALL free (external)
3bdfe: MOV Address (SizeDir 64 (AddrPlus (FromReg R12) (AddrImm 8))), Immediate 0 9
3be07: MOV Address (SizeDir 32 (FromReg R12)), Immediate 0 8
3be0f: POP Reg RBX 1
3be10: POP Reg RBP 1
3be11: POP Reg R12 2
3be13: RET  1
  |
  `- 
3be14: LEA Reg RCX, Address (AddrPlus (FromReg RIP) (AddrImm 387253)) 7
3be1b: LEA Reg RSI, Address (AddrPlus (FromReg RIP) (AddrImm 386238)) 7
3be22: LEA Reg RDI, Address (AddrPlus (FromReg RIP) (AddrImm 386248)) 7
3be29: MOV Reg EDX, Immediate 80 5
3be2e: CALL __assert_fail (external)
  |
  `- 
3be40: PUSH Reg R15 2
3be42: PUSH Reg R14 2
3be44: MOV Reg R15, Reg RDI 3
3be47: PUSH Reg R13 2
3be49: PUSH Reg R12 2
3be4b: MOV Reg R12, Reg RCX 3
3be4e: PUSH Reg RBP 1
3be4f: PUSH Reg RBX 1
3be50: MOV Reg EBP, Reg R8D 3
3be53: MOV Reg RBX, Reg R9 3
3be56: SUB Reg RSP, Immediate 584 7
3be5d: MOV Address (SizeDir 32 (AddrPlus (FromReg RSP) (AddrImm 4))), Reg ESI 4
3be61: MOV Address (SizeDir 32 (AddrPlus (FromReg RSP) (AddrImm 8))), Reg EDX 4
3be65: MOV Reg RAX, Address (SizeDir 64 (AddrPlus (FromReg FS) (AddrImm 40))) 9
3be6e: MOV Address (SizeDir 64 (AddrPlus (FromReg RSP) (AddrImm 568))), Reg RAX 8
3be76: XOR Reg EAX, Reg EAX 2
3be78: MOV Address (SizeDir 64 (AddrPlus (FromReg RSP) (AddrImm 40))), Immediate 0 9
3be81: CALL __errno_location (external)
3be86: MOV Reg RCX, Address (SizeDir 64 (AddrPlus (FromReg RSP) (AddrImm 656))) 8
3be8e: MOV Reg RDX, Address (SizeDir 64 (AddrPlus (FromReg RSP) (AddrImm 648))) 8
3be96: LEA Reg RDI, Address (AddrPlus (FromReg RSP) (AddrImm 40)) 5
3be9b: MOV Reg ESI, Immediate 1 5
3bea0: MOV Reg R13, Reg RAX 3
3bea3: MOV Reg R14D, Address (SizeDir 32 (FromReg RAX)) 3
3bea6: CALL __vasprintf_chk (external)
3beab: TEST Reg RBX, Reg RBX 3
3beae: SETNZ Address (SizeDir 8 (AddrPlus (FromReg RSP) (AddrImm 15))) 5
3beb3: TEST Reg EAX, Reg EAX 2
3beb5: JS 3c0a0 (resolved immediate)
  |
  `- 3bebb,3c0a0
3bebb: TEST Reg R12, Reg R12 3
3bebe: MOV Address (SizeDir 8 (AddrPlus (FromReg RSP) (AddrImm 48))), Immediate 0 5
3bec3: JZ 3bf50 (resolved immediate)
  |
  `- 3bec9,3bf50
3bec9: LEA Reg R10, Address (AddrPlus (FromReg RSP) (AddrImm 48)) 5
3bece: SUB Reg RSP, Immediate 8 4
3bed2: LEA Reg R8, Address (AddrPlus (FromReg RIP) (AddrImm 362554)) 7
3bed9: PUSH Reg RBP 1
3beda: MOV Reg EDX, Immediate 1 5
3bedf: XOR Reg EAX, Reg EAX 2
3bee1: MOV Reg RDI, Reg R10 3
3bee4: MOV Reg R9, Reg R12 3
3bee7: MOV Reg ECX, Immediate 256 5
3beec: MOV Reg ESI, Immediate 256 5
3bef1: MOV Address (SizeDir 64 (AddrPlus (FromReg RSP) (AddrImm 32))), Reg R10 5
3bef6: CALL __snprintf_chk (external)
3befb: MOV Address (SizeDir 8 (AddrPlus (FromReg RSP) (AddrImm 319))), Immediate 0 8
3bf03: MOV Address (SizeDir 8 (AddrPlus (FromReg RSP) (AddrImm 320))), Immediate 0 8
3bf0b: POP Reg RAX 1
3bf0c: POP Reg RDX 1
3bf0d: CMP Address (SizeDir 32 (AddrPlus (FromReg RSP) (AddrImm 640))), Immediate 4294967295 8
3bf15: MOV Reg R10, Address (SizeDir 64 (AddrPlus (FromReg RSP) (AddrImm 16))) 5
3bf1a: JNZ 3bfc0 (resolved immediate)
  |
  `- 3bf20,3bfc0
3bf20: TEST Reg RBX, Reg RBX 3
3bf23: MOV Reg RCX, Address (SizeDir 64 (AddrPlus (FromReg RSP) (AddrImm 40))) 5
3bf28: JZ 3c0c6 (resolved immediate)
  |
  `- 3bf2e,3c0c6
3bf2e: LEA Reg RDX, Address (AddrPlus (FromReg RIP) (AddrImm 386002)) 7
3bf35: LEA Reg RAX, Address (AddrPlus (FromReg RIP) (AddrImm 408678)) 7
3bf3c: LEA Reg RBP, Address (AddrPlus (FromReg RIP) (AddrImm 386109)) 7
3bf43: LEA Reg R11, Address (AddrPlus (FromReg RSP) (AddrImm 304)) 8
3bf4b: JMP 3c031 (resolved immediate)
  |
  `- 3c031
3bf50: CMP Address (SizeDir 32 (AddrPlus (FromReg RSP) (AddrImm 640))), Immediate 4294967295 8
3bf58: MOV Address (SizeDir 8 (AddrPlus (FromReg RSP) (AddrImm 303))), Immediate 0 8
3bf60: LEA Reg R10, Address (AddrPlus (FromReg RSP) (AddrImm 48)) 5
3bf65: MOV Address (SizeDir 8 (AddrPlus (FromReg RSP) (AddrImm 304))), Immediate 0 8
3bf6d: JNZ 3bfc0 (resolved immediate)
  |
  `- 3bf6f,3bfc0
3bf6f: TEST Reg R12, Reg R12 3
3bf72: MOV Reg RCX, Address (SizeDir 64 (AddrPlus (FromReg RSP) (AddrImm 40))) 5
3bf77: LEA Reg RBP, Address (AddrPlus (FromReg RIP) (AddrImm 386050)) 7
3bf7e: LEA Reg R10, Address (AddrPlus (FromReg RSP) (AddrImm 48)) 5
3bf83: LEA Reg R11, Address (AddrPlus (FromReg RSP) (AddrImm 304)) 8
3bf8b: JZ 3c019 (resolved immediate)
  |
  `- 3c019
3bf98: TEST Reg RBX, Reg RBX 3
3bf9b: JZ 3c0eb (resolved immediate)
  |
  `- 3bfa1,3c0eb
3bfa1: LEA Reg RAX, Address (AddrPlus (FromReg RIP) (AddrImm 396536)) 7
3bfa8: LEA Reg RSI, Address (AddrPlus (FromReg RIP) (AddrImm 408563)) 7
3bfaf: TEST Reg R12, Reg R12 3
3bfb2: LEA Reg RDX, Address (AddrPlus (FromReg RIP) (AddrImm 385870)) 7
3bfb9: CMOVNZ Reg RAX, Reg RSI 4
3bfbd: JMP 3c031 (resolved immediate)
  |
  `- 3c031
3bfc0: LEA Reg R11, Address (AddrPlus (FromReg RSP) (AddrImm 304)) 8
3bfc8: MOV Reg R9D, Address (SizeDir 32 (AddrPlus (FromReg RSP) (AddrImm 640))) 8
3bfd0: LEA Reg R8, Address (AddrPlus (FromReg RIP) (AddrImm 385843)) 7
3bfd7: MOV Reg ECX, Immediate 256 5
3bfdc: MOV Reg EDX, Immediate 1 5
3bfe1: MOV Reg ESI, Immediate 256 5
3bfe6: MOV Reg RDI, Reg R11 3
3bfe9: XOR Reg EAX, Reg EAX 2
3bfeb: MOV Address (SizeDir 64 (AddrPlus (FromReg RSP) (AddrImm 24))), Reg R10 5
3bff0: MOV Address (SizeDir 64 (AddrPlus (FromReg RSP) (AddrImm 16))), Reg R11 5
3bff5: LEA Reg RBP, Address (AddrPlus (FromReg RIP) (AddrImm 385924)) 7
3bffc: CALL __snprintf_chk (external)
3c001: MOV Reg RCX, Address (SizeDir 64 (AddrPlus (FromReg RSP) (AddrImm 40))) 5
3c006: MOV Reg R11, Address (SizeDir 64 (AddrPlus (FromReg RSP) (AddrImm 16))) 5
3c00b: MOV Reg R10, Address (SizeDir 64 (AddrPlus (FromReg RSP) (AddrImm 24))) 5
3c010: TEST Reg R12, Reg R12 3
3c013: JNZ 3bf98 (resolved immediate)
  |
  `- 3bf98,3c019
3c019: CMP Address (SizeDir 8 (AddrPlus (FromReg RSP) (AddrImm 15))), Immediate 0 5
3c01e: JNZ 3bf98 (resolved immediate)
  |
  `- 3bf98,3c024
3c024: LEA Reg RBX, Address (AddrPlus (FromReg RIP) (AddrImm 396405)) 7
3c02b: MOV Reg RDX, Reg RBX 3
3c02e: MOV Reg RAX, Reg RBX 3
3c031: SUB Reg RSP, Immediate 8 4
3c035: MOV Reg RDI, Address (SizeDir 64 (FromReg R15)) 3
3c038: LEA Reg R8, Address (AddrPlus (FromReg RIP) (AddrImm 385750)) 7
3c03f: PUSH Reg RCX 1
3c040: PUSH Reg R11 2
3c042: LEA Reg RCX, Address (AddrPlus (FromReg RIP) (AddrImm 358278)) 7
3c049: PUSH Reg RDX 1
3c04a: PUSH Reg RBX 1
3c04b: MOV Reg R9, Reg R10 3
3c04e: PUSH Reg RAX 1
3c04f: MOV Reg EDX, Address (SizeDir 32 (AddrPlus (FromReg RSP) (AddrImm 56))) 4
3c053: XOR Reg EAX, Reg EAX 2
3c055: MOV Reg ESI, Address (SizeDir 32 (AddrPlus (FromReg RSP) (AddrImm 52))) 4
3c059: CALL xtl_log (external)
3c05e: MOV Reg RDI, Address (SizeDir 64 (AddrPlus (FromReg RSP) (AddrImm 88))) 5
3c063: ADD Reg RSP, Immediate 48 4
3c067: CMP Reg RDI, Reg RBP 3
3c06a: JZ 3c071 (resolved immediate)
  |
  `- 3c06c,3c071
3c06c: CALL free (external)
3c071: MOV Reg RAX, Address (SizeDir 64 (AddrPlus (FromReg RSP) (AddrImm 568))) 8
3c079: XOR Reg RAX, Address (SizeDir 64 (AddrPlus (FromReg FS) (AddrImm 40))) 9
3c082: MOV Address (SizeDir 32 (AddrPlus (FromReg R13) (AddrImm 0))), Reg R14D 4
3c086: JNZ 3c0c1 (resolved immediate)
  |
  `- 3c088,3c0c1
3c088: ADD Reg RSP, Immediate 584 7
3c08f: POP Reg RBX 1
3c090: POP Reg RBP 1
3c091: POP Reg R12 2
3c093: POP Reg R13 2
3c095: POP Reg R14 2
3c097: POP Reg R15 2
3c099: RET  1
  |
  `- 
3c0a0: LEA Reg RBP, Address (AddrPlus (FromReg RIP) (AddrImm 385753)) 7
3c0a7: LEA Reg R10, Address (AddrPlus (FromReg RSP) (AddrImm 48)) 5
3c0ac: LEA Reg R11, Address (AddrPlus (FromReg RSP) (AddrImm 304)) 8
3c0b4: MOV Address (SizeDir 64 (AddrPlus (FromReg RSP) (AddrImm 40))), Reg RBP 5
3c0b9: MOV Reg RCX, Reg RBP 3
3c0bc: JMP 3c010 (resolved immediate)
  |
  `- 3c010
3c0c1: CALL __stack_chk_fail (external)
  |
  `- 
3c0c6: LEA Reg RBX, Address (AddrPlus (FromReg RIP) (AddrImm 396243)) 7
3c0cd: LEA Reg RDX, Address (AddrPlus (FromReg RIP) (AddrImm 385587)) 7
3c0d4: LEA Reg RBP, Address (AddrPlus (FromReg RIP) (AddrImm 385701)) 7
3c0db: LEA Reg R11, Address (AddrPlus (FromReg RSP) (AddrImm 304)) 8
3c0e3: MOV Reg RAX, Reg RBX 3
3c0e6: JMP 3c031 (resolved immediate)
  |
  `- 3c031
3c0eb: LEA Reg RBX, Address (AddrPlus (FromReg RIP) (AddrImm 396206)) 7
3c0f2: LEA Reg RDX, Address (AddrPlus (FromReg RIP) (AddrImm 385550)) 7
3c0f9: MOV Reg RAX, Reg RBX 3
3c0fc: JMP 3c031 (resolved immediate)
  |
  `- 3c031
3c110: SUB Reg RSP, Immediate 216 7
3c117: TEST Reg AL, Reg AL 2
3c119: MOV Reg R10, Address (SizeDir 64 (AddrPlus (FromReg RSP) (AddrImm 232))) 8
3c121: JZ 3c15a (resolved immediate)
  |
  `- 3c123,3c15a
3c123: MOVAPS Address (SizeDir 128 (AddrPlus (FromReg RSP) (AddrImm 80))), Reg XMM0 5
3c128: MOVAPS Address (SizeDir 128 (AddrPlus (FromReg RSP) (AddrImm 96))), Reg XMM1 5
3c12d: MOVAPS Address (SizeDir 128 (AddrPlus (FromReg RSP) (AddrImm 112))), Reg XMM2 5
3c132: MOVAPS Address (SizeDir 128 (AddrPlus (FromReg RSP) (AddrImm 128))), Reg XMM3 8
3c13a: MOVAPS Address (SizeDir 128 (AddrPlus (FromReg RSP) (AddrImm 144))), Reg XMM4 8
3c142: MOVAPS Address (SizeDir 128 (AddrPlus (FromReg RSP) (AddrImm 160))), Reg XMM5 8
3c14a: MOVAPS Address (SizeDir 128 (AddrPlus (FromReg RSP) (AddrImm 176))), Reg XMM6 8
3c152: MOVAPS Address (SizeDir 128 (AddrPlus (FromReg RSP) (AddrImm 192))), Reg XMM7 8
3c15a: MOV Reg RAX, Address (SizeDir 64 (AddrPlus (FromReg FS) (AddrImm 40))) 9
3c163: MOV Address (SizeDir 64 (AddrPlus (FromReg RSP) (AddrImm 24))), Reg RAX 5
3c168: XOR Reg EAX, Reg EAX 2
3c16a: LEA Reg RAX, Address (AddrPlus (FromReg RSP) (AddrImm 240)) 8
3c172: MOV Address (SizeDir 64 (AddrPlus (FromReg RSP) (AddrImm 8))), Reg RAX 5
3c177: LEA Reg RAX, Address (AddrPlus (FromReg RSP) (AddrImm 32)) 5
3c17c: MOV Address (SizeDir 32 (FromReg RSP)), Immediate 48 7
3c183: MOV Address (SizeDir 32 (AddrPlus (FromReg RSP) (AddrImm 4))), Immediate 48 8
3c18b: SUB Reg RSP, Immediate 8 4
3c18f: MOV Address (SizeDir 64 (AddrPlus (FromReg RSP) (AddrImm 24))), Reg RAX 5
3c194: LEA Reg RAX, Address (AddrPlus (FromReg RSP) (AddrImm 8)) 5
3c199: PUSH Reg RAX 1
3c19a: PUSH Reg R10 2
3c19c: MOV Reg EAX, Address (SizeDir 32 (AddrPlus (FromReg RSP) (AddrImm 248))) 7
3c1a3: PUSH Reg RAX 1
3c1a4: CALL libxl__logv (internal)
  |
  `- 3be40
3c1a9: ADD Reg RSP, Immediate 32 4
3c1ad: MOV Reg RAX, Address (SizeDir 64 (AddrPlus (FromReg RSP) (AddrImm 24))) 5
3c1b2: XOR Reg RAX, Address (SizeDir 64 (AddrPlus (FromReg FS) (AddrImm 40))) 9
3c1bb: JNZ 3c1c5 (resolved immediate)
  |
  `- 3c1bd,3c1c5
3c1bd: ADD Reg RSP, Immediate 216 7
3c1c4: RET  1
  |
  `- 
3c1c5: CALL __stack_chk_fail (external)
  |
  `- 
3c1d0: TEST Reg RCX, Reg RCX 3
3c1d3: PUSH Reg R14 2
3c1d5: PUSH Reg R13 2
3c1d7: PUSH Reg R12 2
3c1d9: PUSH Reg RBP 1
3c1da: PUSH Reg RBX 1
3c1db: MOV Reg RBX, Reg RSI 3
3c1de: JZ 3c24b (resolved immediate)
  |
  `- 3c1e0,3c24b
3c1e0: LEA Reg R14, Address (AddrPlus (FromReg RIP) (AddrImm 385473)) 7
3c1e7: SUB Reg RSP, Immediate 8 4
3c1eb: MOV Reg R9, Reg RSI 3
3c1ee: PUSH Reg RCX 1
3c1ef: PUSH Reg RDX 1
3c1f0: MOV Reg R13, Reg RDX 3
3c1f3: PUSH Reg RSI 1
3c1f4: PUSH Reg R14 2
3c1f6: MOV Reg R12, Reg RCX 3
3c1f9: PUSH Immediate 18446744073709551615 2
3c1fb: XOR Reg R8D, Reg R8D 3
3c1fe: XOR Reg ECX, Reg ECX 2
3c200: MOV Reg EDX, Immediate 12 5
3c205: MOV Reg ESI, Immediate 9 5
3c20a: XOR Reg EAX, Reg EAX 2
3c20c: CALL libxl__log (internal)
  |
  `- 
3c211: MOV Reg RBP, Address (SizeDir 64 (AddrPlus (FromReg RIP) (AddrImm 2665928))) 7
3c218: ADD Reg RSP, Immediate 48 4
3c21c: MOV Reg R9, Reg R12 3
3c21f: MOV Reg R8, Reg R13 3
3c222: MOV Reg RCX, Reg RBX 3
3c225: MOV Reg RDX, Reg R14 3
3c228: MOV Reg ESI, Immediate 1 5
3c22d: XOR Reg EAX, Reg EAX 2
3c22f: MOV Reg RDI, Address (SizeDir 64 (AddrPlus (FromReg RBP) (AddrImm 0))) 4
3c233: CALL __fprintf_chk (external)
3c238: MOV Reg RDI, Address (SizeDir 64 (AddrPlus (FromReg RBP) (AddrImm 0))) 4
3c23c: CALL fflush (external)
3c241: MOV Reg EDI, Immediate 4294967295 5
3c246: CALL _exit (external)
  |
  `- 
3c24b: LEA Reg R12, Address (AddrPlus (FromReg RIP) (AddrImm 385430)) 7
3c252: SUB Reg RSP, Immediate 8 4
3c256: MOV Reg R9, Reg RSI 3
3c259: PUSH Reg RSI 1
3c25a: XOR Reg ECX, Reg ECX 2
3c25c: XOR Reg EAX, Reg EAX 2
3c25e: PUSH Reg R12 2
3c260: PUSH Immediate 18446744073709551615 2
3c262: XOR Reg R8D, Reg R8D 3
3c265: MOV Reg EDX, Immediate 12 5
3c26a: MOV Reg ESI, Immediate 9 5
3c26f: CALL libxl__log (internal)
  |
  `- 3c110
3c274: MOV Reg RBP, Address (SizeDir 64 (AddrPlus (FromReg RIP) (AddrImm 2665829))) 7
3c27b: ADD Reg RSP, Immediate 32 4
3c27f: MOV Reg RCX, Reg RBX 3
3c282: MOV Reg RDX, Reg R12 3
3c285: MOV Reg ESI, Immediate 1 5
3c28a: XOR Reg EAX, Reg EAX 2
3c28c: MOV Reg RDI, Address (SizeDir 64 (AddrPlus (FromReg RBP) (AddrImm 0))) 4
3c290: CALL __fprintf_chk (external)
3c295: JMP 3c238 (resolved immediate)
  |
  `- 3c238
3c2a0: MOV Reg R8D, Address (SizeDir 32 (FromReg RDI)) 3
3c2a3: TEST Reg R8D, Reg R8D 3
3c2a6: JS 3c378 (resolved immediate)
  |
  `- 3c2ac,3c378
3c2ac: TEST Reg RSI, Reg RSI 3
3c2af: JZ 3c378 (resolved immediate)
  |
  `- 3c2b5,3c378
3c2b5: TEST Reg R8D, Reg R8D 3
3c2b8: JZ 3c2f7 (resolved immediate)
  |
  `- 3c2ba,3c2f7
3c2ba: MOV Reg RDX, Address (SizeDir 64 (AddrPlus (FromReg RDI) (AddrImm 8))) 4
3c2be: CMP Address (SizeDir 64 (FromReg RDX)), Immediate 0 4
3c2c2: JZ 3c380 (resolved immediate)
  |
  `- 3c2c8,3c380
3c2c8: LEA Reg RAX, Address (AddrPlus (FromReg RDX) (AddrImm 8)) 4
3c2cc: LEA Reg EDX, Address (AddrMinus (FromReg R8) (AddrImm 1)) 4
3c2d0: LEA Reg RCX, Address (AddrPlus (FromReg RAX) (AddrTimes (AddrImm 8) (FromReg RDX))) 4
3c2d4: JMP 3c2f2 (resolved immediate)
  |
  `- 3c2f2
3c2e0: MOV Reg RDX, Reg RAX 3
3c2e3: ADD Reg RAX, Immediate 8 4
3c2e7: CMP Address (SizeDir 64 (AddrMinus (FromReg RAX) (AddrImm 8))), Immediate 0 5
3c2ec: JZ 3c380 (resolved immediate)
  |
  `- 3c2f2,3c380
3c2f2: CMP Reg RAX, Reg RCX 3
3c2f5: JNZ 3c2e0 (resolved immediate)
  |
  `- 3c2e0,3c2f7
3c2f7: PUSH Reg R13 2
3c2f9: PUSH Reg R12 2
3c2fb: MOV Reg R12, Reg RSI 3
3c2fe: PUSH Reg RBP 1
3c2ff: LEA Reg EBP, Address (AddrPlus (AddrPlus (FromReg R8) (FromReg R8)) (AddrImm 25)) 5
3c304: PUSH Reg RBX 1
3c305: MOV Reg RBX, Reg RDI 3
3c308: SUB Reg RSP, Immediate 8 4
3c30c: CMP Reg EBP, Immediate 134217726 6
3c312: JG 3c39c (resolved immediate)
  |
  `- 3c318,3c39c
3c318: MOVSXD Reg R13, Reg EBP 3
3c31b: MOV Reg RDI, Address (SizeDir 64 (AddrPlus (FromReg RDI) (AddrImm 8))) 4
3c31f: LEA Reg RSI, Address (AddrPlus (AddrTimes (AddrImm 8) (FromReg R13)) (AddrImm 0)) 8
3c327: CALL realloc (external)
3c32c: TEST Reg RAX, Reg RAX 3
3c32f: MOV Address (SizeDir 64 (AddrPlus (FromReg RBX) (AddrImm 8))), Reg RAX 4
3c333: JZ 3c384 (resolved immediate)
  |
  `- 3c335,3c384
3c335: MOVSXD Reg RDX, Address (SizeDir 32 (FromReg RBX)) 3
3c338: LEA Reg ECX, Address (AddrPlus (FromReg RDX) (AddrImm 1)) 3
3c33b: MOV Address (SizeDir 32 (FromReg RBX)), Reg ECX 2
3c33d: MOV Address (SizeDir 64 (AddrPlus (FromReg RAX) (AddrTimes (AddrImm 8) (FromReg RDX)))), Reg R12 4
3c341: MOVSXD Reg RAX, Address (SizeDir 32 (FromReg RBX)) 3
3c344: CMP Reg EBP, Reg EAX 2
3c346: JLE 3c368 (resolved immediate)
  |
  `- 3c348,3c368
3c348: NOP  8
3c350: MOV Reg RDX, Address (SizeDir 64 (AddrPlus (FromReg RBX) (AddrImm 8))) 4
3c354: LEA Reg ECX, Address (AddrPlus (FromReg RAX) (AddrImm 1)) 3
3c357: MOV Address (SizeDir 32 (FromReg RBX)), Reg ECX 2
3c359: MOV Address (SizeDir 64 (AddrPlus (FromReg RDX) (AddrTimes (AddrImm 8) (FromReg RAX)))), Immediate 0 8
3c361: MOVSXD Reg RAX, Address (SizeDir 32 (FromReg RBX)) 3
3c364: CMP Reg EAX, Reg EBP 2
3c366: JL 3c350 (resolved immediate)
  |
  `- 3c350,3c368
3c368: ADD Reg RSP, Immediate 8 4
3c36c: POP Reg RBX 1
3c36d: POP Reg RBP 1
3c36e: POP Reg R12 2
3c370: POP Reg R13 2
3c372: RET  1
  |
  `- 
3c378: REPZ RET  2
  |
  `- 
3c380: MOV Address (SizeDir 64 (FromReg RDX)), Reg RSI 3
3c383: RET  1
  |
  `- 
3c384: MOV Reg RDI, Address (SizeDir 64 (AddrPlus (FromReg RBX) (AddrImm 16))) 4
3c388: LEA Reg RSI, Address (AddrPlus (FromReg RIP) (AddrImm 385873)) 7
3c38f: MOV Reg ECX, Immediate 8 5
3c394: MOV Reg RDX, Reg R13 3
3c397: CALL libxl__alloc_failed (internal)
  |
  `- 
3c39c: LEA Reg RCX, Address (AddrPlus (FromReg RIP) (AddrImm 385869)) 7
3c3a3: LEA Reg RSI, Address (AddrPlus (FromReg RIP) (AddrImm 384822)) 7
3c3aa: LEA Reg RDI, Address (AddrPlus (FromReg RIP) (AddrImm 385135)) 7
3c3b1: MOV Reg EDX, Immediate 62 5
3c3b6: CALL __assert_fail (external)
  |
  `- 
3c600: PUSH Reg R13 2
3c602: PUSH Reg R12 2
3c604: MOV Reg R13, Reg RDI 3
3c607: PUSH Reg RBP 1
3c608: PUSH Reg RBX 1
3c609: MOV Reg RBP, Reg RSI 3
3c60c: MOV Reg RDI, Reg RBP 3
3c60f: MOV Reg RSI, Reg RDX 3
3c612: MOV Reg R12, Reg RDX 3
3c615: SUB Reg RSP, Immediate 8 4
3c619: CALL calloc (external)
3c61e: TEST Reg RAX, Reg RAX 3
3c621: JZ 3c63f (resolved immediate)
  |
  `- 3c623,3c63f
3c623: MOV Reg RSI, Reg RAX 3
3c626: MOV Reg RDI, Reg R13 3
3c629: MOV Reg RBX, Reg RAX 3
3c62c: CALL libxl__ptr_add (internal)
  |
  `- 3c2a0
3c631: ADD Reg RSP, Immediate 8 4
3c635: MOV Reg RAX, Reg RBX 3
3c638: POP Reg RBX 1
3c639: POP Reg RBP 1
3c63a: POP Reg R12 2
3c63c: POP Reg R13 2
3c63e: RET  1
  |
  `- 
3c63f: MOV Reg RDI, Address (SizeDir 64 (AddrPlus (FromReg R13) (AddrImm 16))) 4
3c643: LEA Reg RSI, Address (AddrPlus (FromReg RIP) (AddrImm 385110)) 7
3c64a: MOV Reg RCX, Reg R12 3
3c64d: MOV Reg RDX, Reg RBP 3
3c650: CALL libxl__alloc_failed (internal)
  |
  `- 3c1d0
7ef70: PUSH Reg R14 2
7ef72: PUSH Reg R13 2
7ef74: PUSH Reg R12 2
7ef76: PUSH Reg RBP 1
7ef77: MOV Reg RBP, Reg RSI 3
7ef7a: PUSH Reg RBX 1
7ef7b: ADD Reg RSI, Immediate 8 4
7ef7f: MOV Reg RBX, Reg RDX 3
7ef82: ADD Reg RDX, Immediate 8 4
7ef86: MOV Reg R12, Reg RDI 3
7ef89: SUB Reg RSP, Immediate 32 4
7ef8d: MOV Reg RAX, Address (SizeDir 64 (AddrPlus (FromReg FS) (AddrImm 40))) 9
7ef96: MOV Address (SizeDir 64 (AddrPlus (FromReg RSP) (AddrImm 24))), Reg RAX 5
7ef9b: XOR Reg EAX, Reg EAX 2
7ef9d: MOV Reg EAX, Address (SizeDir 32 (AddrMinus (FromReg RDX) (AddrImm 8))) 3
7efa0: MOV Address (SizeDir 64 (AddrPlus (FromReg RSP) (AddrImm 16))), Reg RDI 5
7efa5: MOV Address (SizeDir 32 (FromReg RSP)), Immediate 0 7
7efac: MOV Address (SizeDir 64 (AddrPlus (FromReg RSP) (AddrImm 8))), Immediate 0 9
7efb5: MOV Address (SizeDir 32 (AddrMinus (FromReg RSI) (AddrImm 8))), Reg EAX 3
7efb8: CALL libxl_bitmap_copy_alloc (external)
7efbd: LEA Reg RDX, Address (AddrPlus (FromReg RBX) (AddrImm 24)) 4
7efc1: LEA Reg RSI, Address (AddrPlus (FromReg RBP) (AddrImm 24)) 4
7efc5: MOV Reg RDI, Reg R12 3
7efc8: CALL libxl_bitmap_copy_alloc (external)
7efcd: LEA Reg RDX, Address (AddrPlus (FromReg RBX) (AddrImm 40)) 4
7efd1: LEA Reg RSI, Address (AddrPlus (FromReg RBP) (AddrImm 40)) 4
7efd5: MOV Reg RDI, Reg R12 3
7efd8: CALL libxl_bitmap_copy_alloc (external)
7efdd: MOV Reg RAX, Address (SizeDir 64 (AddrPlus (FromReg RSP) (AddrImm 16))) 5
7efe2: MOVSXD Reg RSI, Address (SizeDir 32 (AddrPlus (FromReg RBX) (AddrImm 56))) 4
7efe6: MOV Reg EDX, Immediate 16 5
7efeb: LEA Reg RDI, Address (AddrPlus (FromReg RAX) (AddrImm 24)) 4
7efef: CALL libxl__calloc (internal)
  |
  `- 3c600
7eff4: MOV Address (SizeDir 64 (AddrPlus (FromReg RBP) (AddrImm 64))), Reg RAX 4
7eff8: MOV Reg EDX, Address (SizeDir 32 (AddrPlus (FromReg RBX) (AddrImm 56))) 3
7effb: MOV Address (SizeDir 32 (AddrPlus (FromReg RBP) (AddrImm 56))), Reg EDX 3
7effe: MOV Reg R9D, Address (SizeDir 32 (AddrPlus (FromReg RBX) (AddrImm 56))) 4
7f002: TEST Reg R9D, Reg R9D 3
7f005: JLE 7f03a (resolved immediate)
  |
  `- 7f007,7f03a
7f007: XOR Reg R13D, Reg R13D 3
7f00a: JMP 7f014 (resolved immediate)
  |
  `- 7f014
7f010: MOV Reg RAX, Address (SizeDir 64 (AddrPlus (FromReg RBP) (AddrImm 64))) 4
7f014: MOV Reg RDX, Address (SizeDir 64 (AddrPlus (FromReg RBX) (AddrImm 64))) 4
7f018: MOV Reg RSI, Reg R13 3
7f01b: MOV Reg RDI, Reg R12 3
7f01e: SHL Reg RSI, Immediate 4 4
7f022: ADD Reg RDX, Reg RSI 3
7f025: ADD Reg RSI, Reg RAX 3
7f028: CALL libxl_bitmap_copy_alloc (external)
7f02d: LEA Reg EAX, Address (AddrPlus (FromReg R13) (AddrImm 1)) 4
7f031: ADD Reg R13, Immediate 1 4
7f035: CMP Address (SizeDir 32 (AddrPlus (FromReg RBX) (AddrImm 56))), Reg EAX 3
7f038: JG 7f010 (resolved immediate)
  |
  `- 7f010,7f03a
7f03a: MOV Reg RAX, Address (SizeDir 64 (AddrPlus (FromReg RSP) (AddrImm 16))) 5
7f03f: MOVSXD Reg RSI, Address (SizeDir 32 (AddrPlus (FromReg RBX) (AddrImm 72))) 4
7f043: MOV Reg EDX, Immediate 16 5
7f048: LEA Reg RDI, Address (AddrPlus (FromReg RAX) (AddrImm 24)) 4
7f04c: CALL libxl__calloc (internal)
7f051: MOV Address (SizeDir 64 (AddrPlus (FromReg RBP) (AddrImm 80))), Reg RAX 4
7f055: MOV Reg EDX, Address (SizeDir 32 (AddrPlus (FromReg RBX) (AddrImm 72))) 3
7f058: MOV Address (SizeDir 32 (AddrPlus (FromReg RBP) (AddrImm 72))), Reg EDX 3
7f05b: MOV Reg R8D, Address (SizeDir 32 (AddrPlus (FromReg RBX) (AddrImm 72))) 4
7f05f: TEST Reg R8D, Reg R8D 3
7f062: JLE 7f09a (resolved immediate)
  |
  `- 7f064,7f09a
7f064: XOR Reg R13D, Reg R13D 3
7f067: JMP 7f074 (resolved immediate)
  |
  `- 7f074
7f070: MOV Reg RAX, Address (SizeDir 64 (AddrPlus (FromReg RBP) (AddrImm 80))) 4
7f074: MOV Reg RDX, Address (SizeDir 64 (AddrPlus (FromReg RBX) (AddrImm 80))) 4
7f078: MOV Reg RSI, Reg R13 3
7f07b: MOV Reg RDI, Reg R12 3
7f07e: SHL Reg RSI, Immediate 4 4
7f082: ADD Reg RDX, Reg RSI 3
7f085: ADD Reg RSI, Reg RAX 3
7f088: CALL libxl_bitmap_copy_alloc (external)
7f08d: LEA Reg EAX, Address (AddrPlus (FromReg R13) (AddrImm 1)) 4
7f091: ADD Reg R13, Immediate 1 4
7f095: CMP Address (SizeDir 32 (AddrPlus (FromReg RBX) (AddrImm 72))), Reg EAX 3
7f098: JG 7f070 (resolved immediate)
  |
  `- 7f070,7f09a
7f09a: MOV Reg EAX, Address (SizeDir 32 (AddrPlus (FromReg RBX) (AddrImm 88))) 3
7f09d: LEA Reg RDX, Address (AddrPlus (FromReg RBX) (AddrImm 136)) 7
7f0a4: LEA Reg RSI, Address (AddrPlus (FromReg RBP) (AddrImm 136)) 7
7f0ab: MOV Reg RDI, Reg R12 3
7f0ae: MOV Address (SizeDir 32 (AddrPlus (FromReg RBP) (AddrImm 88))), Reg EAX 3
7f0b1: MOV Reg EAX, Address (SizeDir 32 (AddrPlus (FromReg RBX) (AddrImm 92))) 3
7f0b4: MOV Address (SizeDir 32 (AddrPlus (FromReg RBP) (AddrImm 92))), Reg EAX 3
7f0b7: MOV Reg RAX, Address (SizeDir 64 (AddrPlus (FromReg RBX) (AddrImm 96))) 4
7f0bb: MOV Address (SizeDir 64 (AddrPlus (FromReg RBP) (AddrImm 96))), Reg RAX 4
7f0bf: MOV Reg RAX, Address (SizeDir 64 (AddrPlus (FromReg RBX) (AddrImm 104))) 4
7f0c3: MOV Address (SizeDir 64 (AddrPlus (FromReg RBP) (AddrImm 104))), Reg RAX 4
7f0c7: MOV Reg RAX, Address (SizeDir 64 (AddrPlus (FromReg RBX) (AddrImm 112))) 4
7f0cb: MOV Address (SizeDir 64 (AddrPlus (FromReg RBP) (AddrImm 112))), Reg RAX 4
7f0cf: MOV Reg RAX, Address (SizeDir 64 (AddrPlus (FromReg RBX) (AddrImm 120))) 4
7f0d3: MOV Address (SizeDir 64 (AddrPlus (FromReg RBP) (AddrImm 120))), Reg RAX 4
7f0d7: MOV Reg EAX, Address (SizeDir 32 (AddrPlus (FromReg RBX) (AddrImm 128))) 6
7f0dd: MOV Address (SizeDir 32 (AddrPlus (FromReg RBP) (AddrImm 128))), Reg EAX 6
7f0e3: MOV Reg EAX, Address (SizeDir 32 (AddrPlus (FromReg RBX) (AddrImm 132))) 6
7f0e9: MOV Address (SizeDir 32 (AddrPlus (FromReg RBP) (AddrImm 132))), Reg EAX 6
7f0ef: CALL libxl_string_copy (external)
7f0f4: MOV Reg EAX, Address (SizeDir 32 (AddrPlus (FromReg RBX) (AddrImm 144))) 6
7f0fa: LEA Reg RDX, Address (AddrPlus (FromReg RBX) (AddrImm 152)) 7
7f101: LEA Reg RSI, Address (AddrPlus (FromReg RBP) (AddrImm 152)) 7
7f108: MOV Reg RDI, Reg R12 3
7f10b: MOV Address (SizeDir 32 (AddrPlus (FromReg RBP) (AddrImm 144))), Reg EAX 6
7f111: MOV Reg EAX, Address (SizeDir 32 (AddrPlus (FromReg RBX) (AddrImm 148))) 6
7f117: MOV Address (SizeDir 32 (AddrPlus (FromReg RBP) (AddrImm 148))), Reg EAX 6
7f11d: CALL libxl_cpuid_policy_list_copy (external)
7f122: LEA Reg RDX, Address (AddrPlus (FromReg RBX) (AddrImm 160)) 7
7f129: LEA Reg RSI, Address (AddrPlus (FromReg RBP) (AddrImm 160)) 7
7f130: MOV Reg RDI, Reg R12 3
7f133: CALL libxl_string_copy (external)
7f138: MOV Reg RAX, Address (SizeDir 64 (AddrPlus (FromReg RSP) (AddrImm 16))) 5
7f13d: MOVSXD Reg RSI, Address (SizeDir 32 (AddrPlus (FromReg RBX) (AddrImm 168))) 7
7f144: MOV Reg EDX, Immediate 48 5
7f149: LEA Reg RDI, Address (AddrPlus (FromReg RAX) (AddrImm 24)) 4
7f14d: CALL libxl__calloc (internal)
7f152: MOV Address (SizeDir 64 (AddrPlus (FromReg RBP) (AddrImm 176))), Reg RAX 7
7f159: MOV Reg EDX, Address (SizeDir 32 (AddrPlus (FromReg RBX) (AddrImm 168))) 6
7f15f: MOV Address (SizeDir 32 (AddrPlus (FromReg RBP) (AddrImm 168))), Reg EDX 6
7f165: MOV Reg EDI, Address (SizeDir 32 (AddrPlus (FromReg RBX) (AddrImm 168))) 6
7f16b: TEST Reg EDI, Reg EDI 2
7f16d: JLE 7f1ae (resolved immediate)
  |
  `- 7f173,7f1ae
7f173: XOR Reg R13D, Reg R13D 3
7f176: XOR Reg R14D, Reg R14D 3
7f179: JMP 7f187 (resolved immediate)
  |
  `- 7f187
7f180: MOV Reg RAX, Address (SizeDir 64 (AddrPlus (FromReg RBP) (AddrImm 176))) 7
7f187: MOV Reg RDX, Address (SizeDir 64 (AddrPlus (FromReg RBX) (AddrImm 176))) 7
7f18e: LEA Reg RSI, Address (AddrPlus (FromReg RAX) (FromReg R13)) 4
7f192: MOV Reg RDI, Reg R12 3
7f195: ADD Reg R14D, Immediate 1 4
7f199: ADD Reg RDX, Reg R13 3
7f19c: ADD Reg R13, Immediate 48 4
7f1a0: CALL libxl_vnode_info_copy (external)
7f1a5: CMP Address (SizeDir 32 (AddrPlus (FromReg RBX) (AddrImm 168))), Reg R14D 7
7f1ac: JG 7f180 (resolved immediate)
  |
  `- 7f180,7f1ae
7f1ae: MOV Reg EAX, Address (SizeDir 32 (AddrPlus (FromReg RBX) (AddrImm 184))) 6
7f1b4: LEA Reg RDX, Address (AddrPlus (FromReg RBX) (AddrImm 200)) 7
7f1bb: LEA Reg RSI, Address (AddrPlus (FromReg RBP) (AddrImm 200)) 7
7f1c2: MOV Reg RDI, Reg R12 3
7f1c5: MOV Address (SizeDir 32 (AddrPlus (FromReg RBP) (AddrImm 184))), Reg EAX 6
7f1cb: MOV Reg EAX, Address (SizeDir 32 (AddrPlus (FromReg RBX) (AddrImm 188))) 6
7f1d1: MOV Address (SizeDir 32 (AddrPlus (FromReg RBP) (AddrImm 188))), Reg EAX 6
7f1d7: MOV Reg EAX, Address (SizeDir 32 (AddrPlus (FromReg RBX) (AddrImm 192))) 6
7f1dd: MOV Address (SizeDir 32 (AddrPlus (FromReg RBP) (AddrImm 192))), Reg EAX 6
7f1e3: MOV Reg EAX, Address (SizeDir 32 (AddrPlus (FromReg RBX) (AddrImm 196))) 6
7f1e9: MOV Address (SizeDir 32 (AddrPlus (FromReg RBP) (AddrImm 196))), Reg EAX 6
7f1ef: CALL libxl_string_copy (external)
7f1f4: MOV Reg EAX, Address (SizeDir 32 (AddrPlus (FromReg RBX) (AddrImm 208))) 6
7f1fa: LEA Reg RDX, Address (AddrPlus (FromReg RBX) (AddrImm 216)) 7
7f201: LEA Reg RSI, Address (AddrPlus (FromReg RBP) (AddrImm 216)) 7
7f208: MOV Reg RDI, Reg R12 3
7f20b: MOV Address (SizeDir 32 (AddrPlus (FromReg RBP) (AddrImm 208))), Reg EAX 6
7f211: CALL libxl_string_copy (external)
7f216: LEA Reg RDX, Address (AddrPlus (FromReg RBX) (AddrImm 224)) 7
7f21d: LEA Reg RSI, Address (AddrPlus (FromReg RBP) (AddrImm 224)) 7
7f224: MOV Reg RDI, Reg R12 3
7f227: CALL libxl_string_copy (external)
7f22c: LEA Reg RDX, Address (AddrPlus (FromReg RBX) (AddrImm 232)) 7
7f233: LEA Reg RSI, Address (AddrPlus (FromReg RBP) (AddrImm 232)) 7
7f23a: MOV Reg RDI, Reg R12 3
7f23d: CALL libxl_string_list_copy (external)
7f242: LEA Reg RDX, Address (AddrPlus (FromReg RBX) (AddrImm 240)) 7
7f249: LEA Reg RSI, Address (AddrPlus (FromReg RBP) (AddrImm 240)) 7
7f250: MOV Reg RDI, Reg R12 3
7f253: CALL libxl_string_list_copy (external)
7f258: LEA Reg RDX, Address (AddrPlus (FromReg RBX) (AddrImm 248)) 7
7f25f: LEA Reg RSI, Address (AddrPlus (FromReg RBP) (AddrImm 248)) 7
7f266: MOV Reg RDI, Reg R12 3
7f269: CALL libxl_string_list_copy (external)
7f26e: LEA Reg RDX, Address (AddrPlus (FromReg RBX) (AddrImm 256)) 7
7f275: LEA Reg RSI, Address (AddrPlus (FromReg RBP) (AddrImm 256)) 7
7f27c: MOV Reg RDI, Reg R12 3
7f27f: CALL libxl_domain_sched_params_copy (external)
7f284: MOV Reg RAX, Address (SizeDir 64 (AddrPlus (FromReg RSP) (AddrImm 16))) 5
7f289: MOVSXD Reg RSI, Address (SizeDir 32 (AddrPlus (FromReg RBX) (AddrImm 288))) 7
7f290: MOV Reg EDX, Immediate 8 5
7f295: LEA Reg RDI, Address (AddrPlus (FromReg RAX) (AddrImm 24)) 4
7f299: CALL libxl__calloc (internal)
7f29e: MOV Address (SizeDir 64 (AddrPlus (FromReg RBP) (AddrImm 296))), Reg RAX 7
7f2a5: MOV Reg EDX, Address (SizeDir 32 (AddrPlus (FromReg RBX) (AddrImm 288))) 6
7f2ab: MOV Address (SizeDir 32 (AddrPlus (FromReg RBP) (AddrImm 288))), Reg EDX 6
7f2b1: MOV Reg ESI, Address (SizeDir 32 (AddrPlus (FromReg RBX) (AddrImm 288))) 6
7f2b7: TEST Reg ESI, Reg ESI 2
7f2b9: JLE 7f2fc (resolved immediate)
  |
  `- 7f2bf,7f2fc
7f2bf: XOR Reg R13D, Reg R13D 3
7f2c2: JMP 7f2cf (resolved immediate)
  |
  `- 7f2cf
7f2c8: MOV Reg RAX, Address (SizeDir 64 (AddrPlus (FromReg RBP) (AddrImm 296))) 7
7f2cf: MOV Reg RDX, Address (SizeDir 64 (AddrPlus (FromReg RBX) (AddrImm 296))) 7
7f2d6: LEA Reg RSI, Address (AddrPlus (AddrTimes (AddrImm 8) (FromReg R13)) (AddrImm 0)) 8
7f2de: MOV Reg RDI, Reg R12 3
7f2e1: ADD Reg RDX, Reg RSI 3
7f2e4: ADD Reg RSI, Reg RAX 3
7f2e7: CALL libxl_ioport_range_copy (external)
7f2ec: LEA Reg EAX, Address (AddrPlus (FromReg R13) (AddrImm 1)) 4
7f2f0: ADD Reg R13, Immediate 1 4
7f2f4: CMP Address (SizeDir 32 (AddrPlus (FromReg RBX) (AddrImm 288))), Reg EAX 6
7f2fa: JG 7f2c8 (resolved immediate)
  |
  `- 7f2c8,7f2fc
7f2fc: MOV Reg RAX, Address (SizeDir 64 (AddrPlus (FromReg RSP) (AddrImm 16))) 5
7f301: MOVSXD Reg RSI, Address (SizeDir 32 (AddrPlus (FromReg RBX) (AddrImm 304))) 7
7f308: MOV Reg EDX, Immediate 4 5
7f30d: LEA Reg RDI, Address (AddrPlus (FromReg RAX) (AddrImm 24)) 4
7f311: CALL libxl__calloc (internal)
7f316: MOV Address (SizeDir 64 (AddrPlus (FromReg RBP) (AddrImm 312))), Reg RAX 7
7f31d: MOV Reg EDX, Address (SizeDir 32 (AddrPlus (FromReg RBX) (AddrImm 304))) 6
7f323: MOV Address (SizeDir 32 (AddrPlus (FromReg RBP) (AddrImm 304))), Reg EDX 6
7f329: MOV Reg ECX, Address (SizeDir 32 (AddrPlus (FromReg RBX) (AddrImm 304))) 6
7f32f: TEST Reg ECX, Reg ECX 2
7f331: JLE 7f363 (resolved immediate)
  |
  `- 7f333,7f363
7f333: XOR Reg EDX, Reg EDX 2
7f335: XOR Reg ECX, Reg ECX 2
7f337: JMP 7f347 (resolved immediate)
  |
  `- 7f347
7f340: MOV Reg RAX, Address (SizeDir 64 (AddrPlus (FromReg RBP) (AddrImm 312))) 7
7f347: MOV Reg RSI, Address (SizeDir 64 (AddrPlus (FromReg RBX) (AddrImm 312))) 7
7f34e: ADD Reg ECX, Immediate 1 3
7f351: MOV Reg ESI, Address (SizeDir 32 (AddrPlus (FromReg RSI) (FromReg RDX))) 3
7f354: MOV Address (SizeDir 32 (AddrPlus (FromReg RAX) (FromReg RDX))), Reg ESI 3
7f357: ADD Reg RDX, Immediate 4 4
7f35b: CMP Address (SizeDir 32 (AddrPlus (FromReg RBX) (AddrImm 304))), Reg ECX 6
7f361: JG 7f340 (resolved immediate)
  |
  `- 7f340,7f363
7f363: MOV Reg RAX, Address (SizeDir 64 (AddrPlus (FromReg RSP) (AddrImm 16))) 5
7f368: MOVSXD Reg RSI, Address (SizeDir 32 (AddrPlus (FromReg RBX) (AddrImm 320))) 7
7f36f: MOV Reg EDX, Immediate 24 5
7f374: LEA Reg RDI, Address (AddrPlus (FromReg RAX) (AddrImm 24)) 4
7f378: CALL libxl__calloc (internal)
7f37d: MOV Address (SizeDir 64 (AddrPlus (FromReg RBP) (AddrImm 328))), Reg RAX 7
7f384: MOV Reg EDX, Address (SizeDir 32 (AddrPlus (FromReg RBX) (AddrImm 320))) 6
7f38a: MOV Address (SizeDir 32 (AddrPlus (FromReg RBP) (AddrImm 320))), Reg EDX 6
7f390: MOV Reg EDX, Address (SizeDir 32 (AddrPlus (FromReg RBX) (AddrImm 320))) 6
7f396: TEST Reg EDX, Reg EDX 2
7f398: JLE 7f3d6 (resolved immediate)
  |
  `- 7f39a,7f3d6
7f39a: XOR Reg R13D, Reg R13D 3
7f39d: XOR Reg R14D, Reg R14D 3
7f3a0: JMP 7f3af (resolved immediate)
  |
  `- 7f3af
7f3a8: MOV Reg RAX, Address (SizeDir 64 (AddrPlus (FromReg RBP) (AddrImm 328))) 7
7f3af: MOV Reg RDX, Address (SizeDir 64 (AddrPlus (FromReg RBX) (AddrImm 328))) 7
7f3b6: LEA Reg RSI, Address (AddrPlus (FromReg RAX) (FromReg R13)) 4
7f3ba: MOV Reg RDI, Reg R12 3
7f3bd: ADD Reg R14D, Immediate 1 4
7f3c1: ADD Reg RDX, Reg R13 3
7f3c4: ADD Reg R13, Immediate 24 4
7f3c8: CALL libxl_iomem_range_copy (external)
7f3cd: CMP Address (SizeDir 32 (AddrPlus (FromReg RBX) (AddrImm 320))), Reg R14D 7
7f3d4: JG 7f3a8 (resolved immediate)
  |
  `- 7f3a8,7f3d6
7f3d6: MOV Reg EAX, Address (SizeDir 32 (AddrPlus (FromReg RBX) (AddrImm 336))) 6
7f3dc: LEA Reg RDX, Address (AddrPlus (FromReg RBX) (AddrImm 344)) 7
7f3e3: LEA Reg RSI, Address (AddrPlus (FromReg RBP) (AddrImm 344)) 7
7f3ea: MOV Reg RDI, Reg R12 3
7f3ed: MOV Address (SizeDir 32 (AddrPlus (FromReg RBP) (AddrImm 336))), Reg EAX 6
7f3f3: MOV Reg EAX, Address (SizeDir 32 (AddrPlus (FromReg RBX) (AddrImm 340))) 6
7f3f9: MOV Address (SizeDir 32 (AddrPlus (FromReg RBP) (AddrImm 340))), Reg EAX 6
7f3ff: CALL libxl_string_copy (external)
7f404: LEA Reg RDX, Address (AddrPlus (FromReg RBX) (AddrImm 352)) 7
7f40b: LEA Reg RSI, Address (AddrPlus (FromReg RBP) (AddrImm 352)) 7
7f412: MOV Reg RDI, Reg R12 3
7f415: CALL libxl_string_copy (external)
7f41a: LEA Reg RDX, Address (AddrPlus (FromReg RBX) (AddrImm 360)) 7
7f421: LEA Reg RSI, Address (AddrPlus (FromReg RBP) (AddrImm 360)) 7
7f428: MOV Reg RDI, Reg R12 3
7f42b: CALL libxl_string_copy (external)
7f430: LEA Reg RDX, Address (AddrPlus (FromReg RBX) (AddrImm 368)) 7
7f437: LEA Reg RSI, Address (AddrPlus (FromReg RBP) (AddrImm 368)) 7
7f43e: MOV Reg RDI, Reg R12 3
7f441: CALL libxl_string_copy (external)
7f446: MOV Reg EAX, Address (SizeDir 32 (AddrPlus (FromReg RBX) (AddrImm 376))) 6
7f44c: LEA Reg RDX, Address (AddrPlus (FromReg RBX) (AddrImm 384)) 7
7f453: LEA Reg RSI, Address (AddrPlus (FromReg RBP) (AddrImm 384)) 7
7f45a: MOV Reg RDI, Reg R12 3
7f45d: MOV Address (SizeDir 32 (AddrPlus (FromReg RBP) (AddrImm 376))), Reg EAX 6
7f463: CALL libxl_string_copy (external)
7f468: LEA Reg RDX, Address (AddrPlus (FromReg RBX) (AddrImm 392)) 7
7f46f: LEA Reg RSI, Address (AddrPlus (FromReg RBP) (AddrImm 392)) 7
7f476: MOV Reg RDI, Reg R12 3
7f479: CALL libxl_string_list_copy (external)
7f47e: MOV Reg EAX, Address (SizeDir 32 (AddrPlus (FromReg RBX) (AddrImm 400))) 6
7f484: MOV Address (SizeDir 32 (AddrPlus (FromReg RBP) (AddrImm 400))), Reg EAX 6
7f48a: MOV Reg EAX, Address (SizeDir 32 (AddrPlus (FromReg RBX) (AddrImm 404))) 6
7f490: MOV Address (SizeDir 32 (AddrPlus (FromReg RBP) (AddrImm 404))), Reg EAX 6
7f496: MOV Reg EAX, Address (SizeDir 32 (AddrPlus (FromReg RBX) (AddrImm 408))) 6
7f49c: MOV Address (SizeDir 32 (AddrPlus (FromReg RBP) (AddrImm 408))), Reg EAX 6
7f4a2: MOV Reg EAX, Address (SizeDir 32 (AddrPlus (FromReg RBX) (AddrImm 412))) 6
7f4a8: MOV Address (SizeDir 32 (AddrPlus (FromReg RBP) (AddrImm 412))), Reg EAX 6
7f4ae: MOV Reg EAX, Address (SizeDir 32 (AddrPlus (FromReg RBX) (AddrImm 416))) 6
7f4b4: MOV Address (SizeDir 32 (AddrPlus (FromReg RBP) (AddrImm 416))), Reg EAX 6
7f4ba: MOV Reg EAX, Address (SizeDir 32 (AddrPlus (FromReg RBX) (AddrImm 416))) 6
7f4c0: CMP Reg EAX, Immediate 2 3
7f4c3: JZ 7f878 (resolved immediate)
  |
  `- 7f4c9,7f878
7f4c9: CMP Reg EAX, Immediate 3 3
7f4cc: JZ 7f820 (resolved immediate)
  |
  `- 7f4d2,7f820
7f4d2: CMP Reg EAX, Immediate 1 3
7f4d5: JZ 7f528 (resolved immediate)
  |
  `- 7f4d7,7f528
7f4d7: MOV Reg EAX, Address (SizeDir 32 (AddrPlus (FromReg RBX) (AddrImm 840))) 6
7f4dd: MOV Reg RDI, Reg RSP 3
7f4e0: MOV Address (SizeDir 32 (AddrPlus (FromReg RBP) (AddrImm 840))), Reg EAX 6
7f4e6: MOV Reg EAX, Address (SizeDir 32 (AddrPlus (FromReg RBX) (AddrImm 844))) 6
7f4ec: MOV Address (SizeDir 32 (AddrPlus (FromReg RBP) (AddrImm 844))), Reg EAX 6
7f4f2: MOV Reg EAX, Address (SizeDir 32 (AddrPlus (FromReg RBX) (AddrImm 848))) 6
7f4f8: MOV Address (SizeDir 32 (AddrPlus (FromReg RBP) (AddrImm 848))), Reg EAX 6
7f4fe: CALL libxl__free_all (internal)
  |
  `- 7f503,3bdb0
7f503: MOV Reg RAX, Address (SizeDir 64 (AddrPlus (FromReg RSP) (AddrImm 24))) 5
7f508: XOR Reg RAX, Address (SizeDir 64 (AddrPlus (FromReg FS) (AddrImm 40))) 9
7f511: JNZ 7f905 (resolved immediate)
  |
  `- 7f517,7f905
7f517: ADD Reg RSP, Immediate 32 4
7f51b: POP Reg RBX 1
7f51c: POP Reg RBP 1
7f51d: POP Reg R12 2
7f51f: POP Reg R13 2
7f521: POP Reg R14 2
7f523: RET  1
  |
  `- 
7f528: LEA Reg RDX, Address (AddrPlus (FromReg RBX) (AddrImm 424)) 7
7f52f: LEA Reg RSI, Address (AddrPlus (FromReg RBP) (AddrImm 424)) 7
7f536: MOV Reg RDI, Reg R12 3
7f539: CALL libxl_string_copy (external)
7f53e: MOV Reg EAX, Address (SizeDir 32 (AddrPlus (FromReg RBX) (AddrImm 432))) 6
7f544: LEA Reg RDX, Address (AddrPlus (FromReg RBX) (AddrImm 472)) 7
7f54b: LEA Reg RSI, Address (AddrPlus (FromReg RBP) (AddrImm 472)) 7
7f552: MOV Reg RDI, Reg R12 3
7f555: MOV Address (SizeDir 32 (AddrPlus (FromReg RBP) (AddrImm 432))), Reg EAX 6
7f55b: MOV Reg EAX, Address (SizeDir 32 (AddrPlus (FromReg RBX) (AddrImm 436))) 6
7f561: MOV Address (SizeDir 32 (AddrPlus (FromReg RBP) (AddrImm 436))), Reg EAX 6
7f567: MOV Reg EAX, Address (SizeDir 32 (AddrPlus (FromReg RBX) (AddrImm 440))) 6
7f56d: MOV Address (SizeDir 32 (AddrPlus (FromReg RBP) (AddrImm 440))), Reg EAX 6
7f573: MOV Reg EAX, Address (SizeDir 32 (AddrPlus (FromReg RBX) (AddrImm 444))) 6
7f579: MOV Address (SizeDir 32 (AddrPlus (FromReg RBP) (AddrImm 444))), Reg EAX 6
7f57f: MOV Reg EAX, Address (SizeDir 32 (AddrPlus (FromReg RBX) (AddrImm 448))) 6
7f585: MOV Address (SizeDir 32 (AddrPlus (FromReg RBP) (AddrImm 448))), Reg EAX 6
7f58b: MOV Reg EAX, Address (SizeDir 32 (AddrPlus (FromReg RBX) (AddrImm 452))) 6
7f591: MOV Address (SizeDir 32 (AddrPlus (FromReg RBP) (AddrImm 452))), Reg EAX 6
7f597: MOV Reg EAX, Address (SizeDir 32 (AddrPlus (FromReg RBX) (AddrImm 456))) 6
7f59d: MOV Address (SizeDir 32 (AddrPlus (FromReg RBP) (AddrImm 456))), Reg EAX 6
7f5a3: MOV Reg EAX, Address (SizeDir 32 (AddrPlus (FromReg RBX) (AddrImm 460))) 6
7f5a9: MOV Address (SizeDir 32 (AddrPlus (FromReg RBP) (AddrImm 460))), Reg EAX 6
7f5af: MOV Reg EAX, Address (SizeDir 32 (AddrPlus (FromReg RBX) (AddrImm 464))) 6
7f5b5: MOV Address (SizeDir 32 (AddrPlus (FromReg RBP) (AddrImm 464))), Reg EAX 6
7f5bb: CALL libxl_bitmap_copy_alloc (external)
7f5c0: LEA Reg RDX, Address (AddrPlus (FromReg RBX) (AddrImm 488)) 7
7f5c7: LEA Reg RSI, Address (AddrPlus (FromReg RBP) (AddrImm 488)) 7
7f5ce: MOV Reg RDI, Reg R12 3
7f5d1: CALL libxl_bitmap_copy_alloc (external)
7f5d6: LEA Reg RDX, Address (AddrPlus (FromReg RBX) (AddrImm 504)) 7
7f5dd: LEA Reg RSI, Address (AddrPlus (FromReg RBP) (AddrImm 504)) 7
7f5e4: MOV Reg RDI, Reg R12 3
7f5e7: CALL libxl_string_copy (external)
7f5ec: MOV Reg EAX, Address (SizeDir 32 (AddrPlus (FromReg RBX) (AddrImm 512))) 6
7f5f2: LEA Reg RDX, Address (AddrPlus (FromReg RBX) (AddrImm 544)) 7
7f5f9: LEA Reg RSI, Address (AddrPlus (FromReg RBP) (AddrImm 544)) 7
7f600: MOV Reg RDI, Reg R12 3
7f603: MOV Address (SizeDir 32 (AddrPlus (FromReg RBP) (AddrImm 512))), Reg EAX 6
7f609: MOV Reg EAX, Address (SizeDir 32 (AddrPlus (FromReg RBX) (AddrImm 516))) 6
7f60f: MOV Address (SizeDir 32 (AddrPlus (FromReg RBP) (AddrImm 516))), Reg EAX 6
7f615: MOV Reg RAX, Address (SizeDir 64 (AddrPlus (FromReg RBX) (AddrImm 520))) 7
7f61c: MOV Address (SizeDir 64 (AddrPlus (FromReg RBP) (AddrImm 520))), Reg RAX 7
7f623: MOV Reg EAX, Address (SizeDir 32 (AddrPlus (FromReg RBX) (AddrImm 528))) 6
7f629: MOV Address (SizeDir 32 (AddrPlus (FromReg RBP) (AddrImm 528))), Reg EAX 6
7f62f: MOV Reg EAX, Address (SizeDir 32 (AddrPlus (FromReg RBX) (AddrImm 532))) 6
7f635: MOV Address (SizeDir 32 (AddrPlus (FromReg RBP) (AddrImm 532))), Reg EAX 6
7f63b: MOV Reg EAX, Address (SizeDir 32 (AddrPlus (FromReg RBX) (AddrImm 536))) 6
7f641: MOV Address (SizeDir 32 (AddrPlus (FromReg RBP) (AddrImm 536))), Reg EAX 6
7f647: CALL libxl_string_copy (external)
7f64c: LEA Reg RDX, Address (AddrPlus (FromReg RBX) (AddrImm 552)) 7
7f653: LEA Reg RSI, Address (AddrPlus (FromReg RBP) (AddrImm 552)) 7
7f65a: MOV Reg RDI, Reg R12 3
7f65d: CALL libxl_string_copy (external)
7f662: LEA Reg RDX, Address (AddrPlus (FromReg RBX) (AddrImm 560)) 7
7f669: LEA Reg RSI, Address (AddrPlus (FromReg RBP) (AddrImm 560)) 7
7f670: MOV Reg RDI, Reg R12 3
7f673: CALL libxl_string_copy (external)
7f678: MOV Reg EAX, Address (SizeDir 32 (AddrPlus (FromReg RBX) (AddrImm 568))) 6
7f67e: LEA Reg RDX, Address (AddrPlus (FromReg RBX) (AddrImm 576)) 7
7f685: LEA Reg RSI, Address (AddrPlus (FromReg RBP) (AddrImm 576)) 7
7f68c: MOV Reg RDI, Reg R12 3
7f68f: MOV Address (SizeDir 32 (AddrPlus (FromReg RBP) (AddrImm 568))), Reg EAX 6
7f695: MOV Reg EAX, Address (SizeDir 32 (AddrPlus (FromReg RBX) (AddrImm 572))) 6
7f69b: MOV Address (SizeDir 32 (AddrPlus (FromReg RBP) (AddrImm 572))), Reg EAX 6
7f6a1: CALL libxl_vga_interface_info_copy (external)
7f6a6: LEA Reg RDX, Address (AddrPlus (FromReg RBX) (AddrImm 584)) 7
7f6ad: LEA Reg RSI, Address (AddrPlus (FromReg RBP) (AddrImm 584)) 7
7f6b4: MOV Reg RDI, Reg R12 3
7f6b7: CALL libxl_vnc_info_copy (external)
7f6bc: LEA Reg RDX, Address (AddrPlus (FromReg RBX) (AddrImm 616)) 7
7f6c3: LEA Reg RSI, Address (AddrPlus (FromReg RBP) (AddrImm 616)) 7
7f6ca: MOV Reg RDI, Reg R12 3
7f6cd: CALL libxl_string_copy (external)
7f6d2: LEA Reg RDX, Address (AddrPlus (FromReg RBX) (AddrImm 624)) 7
7f6d9: LEA Reg RSI, Address (AddrPlus (FromReg RBP) (AddrImm 624)) 7
7f6e0: MOV Reg RDI, Reg R12 3
7f6e3: CALL libxl_sdl_info_copy (external)
7f6e8: LEA Reg RDX, Address (AddrPlus (FromReg RBX) (AddrImm 648)) 7
7f6ef: LEA Reg RSI, Address (AddrPlus (FromReg RBP) (AddrImm 648)) 7
7f6f6: MOV Reg RDI, Reg R12 3
7f6f9: CALL libxl_spice_info_copy (external)
7f6fe: MOV Reg EAX, Address (SizeDir 32 (AddrPlus (FromReg RBX) (AddrImm 720))) 6
7f704: LEA Reg RDX, Address (AddrPlus (FromReg RBX) (AddrImm 728)) 7
7f70b: LEA Reg RSI, Address (AddrPlus (FromReg RBP) (AddrImm 728)) 7
7f712: MOV Reg RDI, Reg R12 3
7f715: MOV Address (SizeDir 32 (AddrPlus (FromReg RBP) (AddrImm 720))), Reg EAX 6
7f71b: MOV Reg EAX, Address (SizeDir 32 (AddrPlus (FromReg RBX) (AddrImm 724))) 6
7f721: MOV Address (SizeDir 32 (AddrPlus (FromReg RBP) (AddrImm 724))), Reg EAX 6
7f727: CALL libxl_string_copy (external)
7f72c: LEA Reg RDX, Address (AddrPlus (FromReg RBX) (AddrImm 736)) 7
7f733: LEA Reg RSI, Address (AddrPlus (FromReg RBP) (AddrImm 736)) 7
7f73a: MOV Reg RDI, Reg R12 3
7f73d: CALL libxl_string_copy (external)
7f742: MOV Reg EAX, Address (SizeDir 32 (AddrPlus (FromReg RBX) (AddrImm 744))) 6
7f748: LEA Reg RDX, Address (AddrPlus (FromReg RBX) (AddrImm 752)) 7
7f74f: LEA Reg RSI, Address (AddrPlus (FromReg RBP) (AddrImm 752)) 7
7f756: MOV Reg RDI, Reg R12 3
7f759: MOV Address (SizeDir 32 (AddrPlus (FromReg RBP) (AddrImm 744))), Reg EAX 6
7f75f: MOV Reg EAX, Address (SizeDir 32 (AddrPlus (FromReg RBX) (AddrImm 748))) 6
7f765: MOV Address (SizeDir 32 (AddrPlus (FromReg RBP) (AddrImm 748))), Reg EAX 6
7f76b: CALL libxl_string_copy (external)
7f770: LEA Reg RDX, Address (AddrPlus (FromReg RBX) (AddrImm 760)) 7
7f777: LEA Reg RSI, Address (AddrPlus (FromReg RBP) (AddrImm 760)) 7
7f77e: MOV Reg RDI, Reg R12 3
7f781: CALL libxl_string_copy (external)
7f786: MOV Reg EAX, Address (SizeDir 32 (AddrPlus (FromReg RBX) (AddrImm 768))) 6
7f78c: LEA Reg RDX, Address (AddrPlus (FromReg RBX) (AddrImm 776)) 7
7f793: LEA Reg RSI, Address (AddrPlus (FromReg RBP) (AddrImm 776)) 7
7f79a: MOV Reg RDI, Reg R12 3
7f79d: MOV Address (SizeDir 32 (AddrPlus (FromReg RBP) (AddrImm 768))), Reg EAX 6
7f7a3: CALL libxl_string_list_copy (external)
7f7a8: MOV Reg EAX, Address (SizeDir 32 (AddrPlus (FromReg RBX) (AddrImm 784))) 6
7f7ae: LEA Reg RDX, Address (AddrPlus (FromReg RBX) (AddrImm 788)) 7
7f7b5: LEA Reg RSI, Address (AddrPlus (FromReg RBP) (AddrImm 788)) 7
7f7bc: MOV Reg RDI, Reg R12 3
7f7bf: MOV Address (SizeDir 32 (AddrPlus (FromReg RBP) (AddrImm 784))), Reg EAX 6
7f7c5: CALL libxl_ms_vm_genid_copy (external)
7f7ca: LEA Reg RDX, Address (AddrPlus (FromReg RBX) (AddrImm 808)) 7
7f7d1: LEA Reg RSI, Address (AddrPlus (FromReg RBP) (AddrImm 808)) 7
7f7d8: MOV Reg RDI, Reg R12 3
7f7db: CALL libxl_string_list_copy (external)
7f7e0: LEA Reg RDX, Address (AddrPlus (FromReg RBX) (AddrImm 816)) 7
7f7e7: LEA Reg RSI, Address (AddrPlus (FromReg RBP) (AddrImm 816)) 7
7f7ee: MOV Reg RDI, Reg R12 3
7f7f1: CALL libxl_rdm_reserve_copy (external)
7f7f6: MOV Reg RAX, Address (SizeDir 64 (AddrPlus (FromReg RBX) (AddrImm 824))) 7
7f7fd: MOV Address (SizeDir 64 (AddrPlus (FromReg RBP) (AddrImm 824))), Reg RAX 7
7f804: MOV Reg RAX, Address (SizeDir 64 (AddrPlus (FromReg RBX) (AddrImm 832))) 7
7f80b: MOV Address (SizeDir 64 (AddrPlus (FromReg RBP) (AddrImm 832))), Reg RAX 7
7f812: JMP 7f4d7 (resolved immediate)
  |
  `- 7f4d7
7f820: MOV Reg EAX, Address (SizeDir 32 (AddrPlus (FromReg RBX) (AddrImm 424))) 6
7f826: LEA Reg RDX, Address (AddrPlus (FromReg RBX) (AddrImm 432)) 7
7f82d: LEA Reg RSI, Address (AddrPlus (FromReg RBP) (AddrImm 432)) 7
7f834: MOV Reg RDI, Reg R12 3
7f837: MOV Address (SizeDir 32 (AddrPlus (FromReg RBP) (AddrImm 424))), Reg EAX 6
7f83d: CALL libxl_string_copy (external)
7f842: LEA Reg RDX, Address (AddrPlus (FromReg RBX) (AddrImm 440)) 7
7f849: LEA Reg RSI, Address (AddrPlus (FromReg RBP) (AddrImm 440)) 7
7f850: MOV Reg RDI, Reg R12 3
7f853: CALL libxl_string_copy (external)
7f858: LEA Reg RDX, Address (AddrPlus (FromReg RBX) (AddrImm 448)) 7
7f85f: LEA Reg RSI, Address (AddrPlus (FromReg RBP) (AddrImm 448)) 7
7f866: MOV Reg RDI, Reg R12 3
7f869: CALL libxl_string_copy (external)
7f86e: JMP 7f4d7 (resolved immediate)
  |
  `- 7f4d7
7f878: LEA Reg RDX, Address (AddrPlus (FromReg RBX) (AddrImm 424)) 7
7f87f: LEA Reg RSI, Address (AddrPlus (FromReg RBP) (AddrImm 424)) 7
7f886: MOV Reg RDI, Reg R12 3
7f889: CALL libxl_string_copy (external)
7f88e: MOV Reg RAX, Address (SizeDir 64 (AddrPlus (FromReg RBX) (AddrImm 432))) 7
7f895: LEA Reg RDX, Address (AddrPlus (FromReg RBX) (AddrImm 440)) 7
7f89c: LEA Reg RSI, Address (AddrPlus (FromReg RBP) (AddrImm 440)) 7
7f8a3: MOV Reg RDI, Reg R12 3
7f8a6: MOV Address (SizeDir 64 (AddrPlus (FromReg RBP) (AddrImm 432))), Reg RAX 7
7f8ad: CALL libxl_string_copy (external)
7f8b2: LEA Reg RDX, Address (AddrPlus (FromReg RBX) (AddrImm 448)) 7
7f8b9: LEA Reg RSI, Address (AddrPlus (FromReg RBP) (AddrImm 448)) 7
7f8c0: MOV Reg RDI, Reg R12 3
7f8c3: CALL libxl_string_list_copy (external)
7f8c8: LEA Reg RDX, Address (AddrPlus (FromReg RBX) (AddrImm 456)) 7
7f8cf: LEA Reg RSI, Address (AddrPlus (FromReg RBP) (AddrImm 456)) 7
7f8d6: MOV Reg RDI, Reg R12 3
7f8d9: CALL libxl_string_copy (external)
7f8de: LEA Reg RDX, Address (AddrPlus (FromReg RBX) (AddrImm 464)) 7
7f8e5: LEA Reg RSI, Address (AddrPlus (FromReg RBP) (AddrImm 464)) 7
7f8ec: MOV Reg RDI, Reg R12 3
7f8ef: CALL libxl_string_copy (external)
7f8f4: MOV Reg EAX, Address (SizeDir 32 (AddrPlus (FromReg RBX) (AddrImm 480))) 6
7f8fa: MOV Address (SizeDir 32 (AddrPlus (FromReg RBP) (AddrImm 480))), Reg EAX 6
7f900: JMP 7f4d7 (resolved immediate)
  |
  `- 7f4d7
7f905: CALL __stack_chk_fail (external)
  |
  `- 
