Number of assembly instructions     = 171
Number of indirect branches         = 0
Number of unresolved indirect jumps = 0: 
Number of unresolved indirect calls = 0: 
Number of symbolic states (representative of non-determinism): 171
Number of edges: 188

20500 (True): 41528
41490 (True): 77c1e, 77c4d, 77c7d, 77cad, 77cdd, 77d0d, 77d3d, 77d69, 77d95
77c00 (False): 0

20500: CMP Address (SizeDir 32 (FromReg RDI)), Reg ESI 2
20502: MOV Reg EAX, Immediate 1 5
20507: JLE 20519 (resolved immediate)
  |
  `- 20509,20519
20509: MOV Reg RAX, Address (SizeDir 64 (AddrPlus (FromReg RDI) (AddrImm 16))) 4
2050d: MOVSXD Reg RSI, Reg ESI 3
20510: MOV Reg RAX, Address (SizeDir 64 (AddrPlus (FromReg RAX) (AddrTimes (AddrImm 8) (FromReg RSI)))) 4
20514: MOV Address (SizeDir 64 (FromReg RDX)), Reg RAX 3
20517: XOR Reg EAX, Reg EAX 2
20519: RET  2
  |
  `- 
41490: PUSH Reg R15 2
41492: PUSH Reg R14 2
41494: PUSH Reg R13 2
41496: PUSH Reg R12 2
41498: PUSH Reg RBP 1
41499: PUSH Reg RBX 1
4149a: SUB Reg RSP, Immediate 24 4
4149e: MOV Reg RAX, Address (SizeDir 64 (AddrPlus (FromReg FS) (AddrImm 40))) 9
414a7: MOV Address (SizeDir 64 (AddrPlus (FromReg RSP) (AddrImm 8))), Reg RAX 5
414ac: XOR Reg EAX, Reg EAX 2
414ae: TEST Reg RSI, Reg RSI 3
414b1: JE 414b8 (resolved immediate)
  |
  `- 414b3,414b8
414b3: CMP Address (SizeDir 32 (FromReg RSI)), Immediate 64 3
414b6: JE 414e0 (resolved immediate)
  |
  `- 414b8,414e0
414b8: MOV Reg RCX, Address (SizeDir 64 (AddrPlus (FromReg RSP) (AddrImm 8))) 5
414bd: XOR Reg RCX, Address (SizeDir 64 (AddrPlus (FromReg FS) (AddrImm 40))) 9
414c6: JNE 4155b (resolved immediate)
  |
  `- 414cc,4155b
414cc: ADD Reg RSP, Immediate 24 4
414d0: POP Reg RBX 1
414d1: POP Reg RBP 1
414d2: POP Reg R12 2
414d4: POP Reg R13 2
414d6: POP Reg R14 2
414d8: POP Reg R15 2
414da: RET  1
  |
  `- 
414e0: MOV Reg RBP, Address (SizeDir 64 (AddrPlus (FromReg RSI) (AddrImm 8))) 4
414e4: XOR Reg EBX, Reg EBX 2
414e6: MOV Reg R13, Reg RDI 3
414e9: MOV Reg R14D, Reg EDX 3
414ec: MOV Address (SizeDir 64 (FromReg RSP)), Immediate 0 8
414f4: MOV Reg R12, Reg RSP 3
414f7: MOV Reg EAX, Address (SizeDir 32 (AddrPlus (FromReg RBP) (AddrImm 8))) 3
414fa: TEST Reg EAX, Reg EAX 2
414fc: JNE 4151b (resolved immediate)
  |
  `- 414fe,4151b
414fe: JMP 4152c (resolved immediate)
  |
  `- 4152c
4151b: MOV Reg RDX, Reg R12 3
4151e: MOV Reg ESI, Reg EBX 2
41520: MOV Reg RDI, Reg RBP 3
41523: CALL flexarray_get (internal)
  |
  `- 20500
41528: TEST Reg EAX, Reg EAX 2
4152a: JE 41500 (resolved immediate)
4152c: XOR Reg EAX, Reg EAX 2
4152e: JMP 414b8 (resolved immediate)
  |
  `- 414b8
4155b: CALL __stack_chk_fail (external)
  |
  `- 
77c00: PUSH Reg R12 2
77c02: MOV Reg R12, Reg RDI 3
77c05: PUSH Reg RBP 1
77c06: LEA Reg RDI, Address (SizeDir 64 (AddrPlus (FromReg RIP) (AddrImm 126435))) 7
77c0d: PUSH Reg RBX 1
77c0e: MOV Reg RBP, Reg RDX 3
77c11: MOV Reg EDX, Immediate 33 5
77c16: MOV Reg RBX, Reg RSI 3
77c19: CALL libxl__json_map_get (internal)
  |
  `- 41490
77c1e: TEST Reg RAX, Reg RAX 3
77c21: JE 77c39 (resolved immediate)
  |
  `- 77c23,77c39
77c23: MOV Reg RDX, Reg RBP 3
77c26: MOV Reg RSI, Reg RAX 3
77c29: MOV Reg RDI, Reg R12 3
77c2c: CALL libxl__string_parse_json (external)
77c31: TEST Reg EAX, Reg EAX 2
77c33: JNE 77db0 (resolved immediate)
  |
  `- 77c39,77db0
77c39: LEA Reg RDI, Address (SizeDir 64 (AddrPlus (FromReg RIP) (AddrImm 192163))) 7
77c40: MOV Reg EDX, Immediate 4 5
77c45: MOV Reg RSI, Reg RBX 3
77c48: CALL libxl__json_map_get (internal)
77c4d: TEST Reg RAX, Reg RAX 3
77c50: JE 77c69 (resolved immediate)
  |
  `- 77c52,77c69
77c52: LEA Reg RDX, Address (SizeDir 64 (AddrPlus (FromReg RBP) (AddrImm 8))) 4
77c56: MOV Reg RSI, Reg RAX 3
77c59: MOV Reg RDI, Reg R12 3
77c5c: CALL libxl__uint32_parse_json (external)
77c61: TEST Reg EAX, Reg EAX 2
77c63: JNE 77db0 (resolved immediate)
  |
  `- 77c69,77db0
77c69: LEA Reg RDI, Address (SizeDir 64 (AddrPlus (FromReg RIP) (AddrImm 137253))) 7
77c70: MOV Reg EDX, Immediate 33 5
77c75: MOV Reg RSI, Reg RBX 3
77c78: CALL libxl__json_map_get (internal)
77c7d: TEST Reg RAX, Reg RAX 3
77c80: JE 77c99 (resolved immediate)
  |
  `- 77c82,77c99
77c82: LEA Reg RDX, Address (SizeDir 64 (AddrPlus (FromReg RBP) (AddrImm 16))) 4
77c86: MOV Reg RSI, Reg RAX 3
77c89: MOV Reg RDI, Reg R12 3
77c8c: CALL libxl__string_parse_json (external)
77c91: TEST Reg EAX, Reg EAX 2
77c93: JNE 77db0 (resolved immediate)
  |
  `- 77c99,77db0
77c99: LEA Reg RDI, Address (SizeDir 64 (AddrPlus (FromReg RIP) (AddrImm 192078))) 7
77ca0: MOV Reg EDX, Immediate 4 5
77ca5: MOV Reg RSI, Reg RBX 3
77ca8: CALL libxl__json_map_get (internal)
77cad: TEST Reg RAX, Reg RAX 3
77cb0: JE 77cc9 (resolved immediate)
  |
  `- 77cb2,77cc9
77cb2: LEA Reg RDX, Address (SizeDir 64 (AddrPlus (FromReg RBP) (AddrImm 24))) 4
77cb6: MOV Reg RSI, Reg RAX 3
77cb9: MOV Reg RDI, Reg R12 3
77cbc: CALL libxl__uint32_parse_json (external)
77cc1: TEST Reg EAX, Reg EAX 2
77cc3: JNE 77db0 (resolved immediate)
  |
  `- 77cc9,77db0
77cc9: LEA Reg RDI, Address (SizeDir 64 (AddrPlus (FromReg RIP) (AddrImm 192006))) 7
77cd0: MOV Reg EDX, Immediate 4 5
77cd5: MOV Reg RSI, Reg RBX 3
77cd8: CALL libxl__json_map_get (internal)
77cdd: TEST Reg RAX, Reg RAX 3
77ce0: JE 77cf9 (resolved immediate)
  |
  `- 77ce2,77cf9
77ce2: LEA Reg RDX, Address (SizeDir 64 (AddrPlus (FromReg RBP) (AddrImm 28))) 4
77ce6: MOV Reg RSI, Reg RAX 3
77ce9: MOV Reg RDI, Reg R12 3
77cec: CALL libxl__int_parse_json (external)
77cf1: TEST Reg EAX, Reg EAX 2
77cf3: JNE 77db0 (resolved immediate)
  |
  `- 77cf9,77db0
77cf9: LEA Reg RDI, Address (SizeDir 64 (AddrPlus (FromReg RIP) (AddrImm 144082))) 7
77d00: MOV Reg EDX, Immediate 4 5
77d05: MOV Reg RSI, Reg RBX 3
77d08: CALL libxl__json_map_get (internal)
77d0d: TEST Reg RAX, Reg RAX 3
77d10: JE 77d29 (resolved immediate)
  |
  `- 77d12,77d29
77d12: LEA Reg RDX, Address (SizeDir 64 (AddrPlus (FromReg RBP) (AddrImm 32))) 4
77d16: MOV Reg RSI, Reg RAX 3
77d19: MOV Reg RDI, Reg R12 3
77d1c: CALL libxl__int_parse_json (external)
77d21: TEST Reg EAX, Reg EAX 2
77d23: JNE 77db0 (resolved immediate)
  |
  `- 77d29,77db0
77d29: LEA Reg RDI, Address (SizeDir 64 (AddrPlus (FromReg RIP) (AddrImm 191966))) 7
77d30: MOV Reg EDX, Immediate 4 5
77d35: MOV Reg RSI, Reg RBX 3
77d38: CALL libxl__json_map_get (internal)
77d3d: TEST Reg RAX, Reg RAX 3
77d40: JE 77d55 (resolved immediate)
  |
  `- 77d42,77d55
77d42: LEA Reg RDX, Address (SizeDir 64 (AddrPlus (FromReg RBP) (AddrImm 36))) 4
77d46: MOV Reg RSI, Reg RAX 3
77d49: MOV Reg RDI, Reg R12 3
77d4c: CALL libxl__int_parse_json (external)
77d51: TEST Reg EAX, Reg EAX 2
77d53: JNE 77db0 (resolved immediate)
  |
  `- 77d55,77db0
77d55: LEA Reg RDI, Address (SizeDir 64 (AddrPlus (FromReg RIP) (AddrImm 191932))) 7
77d5c: MOV Reg EDX, Immediate 4 5
77d61: MOV Reg RSI, Reg RBX 3
77d64: CALL libxl__json_map_get (internal)
77d69: TEST Reg RAX, Reg RAX 3
77d6c: JE 77d81 (resolved immediate)
  |
  `- 77d6e,77d81
77d6e: LEA Reg RDX, Address (SizeDir 64 (AddrPlus (FromReg RBP) (AddrImm 40))) 4
77d72: MOV Reg RSI, Reg RAX 3
77d75: MOV Reg RDI, Reg R12 3
77d78: CALL libxl__int_parse_json (external)
77d7d: TEST Reg EAX, Reg EAX 2
77d7f: JNE 77db0 (resolved immediate)
  |
  `- 77d81,77db0
77d81: LEA Reg RDI, Address (SizeDir 64 (AddrPlus (FromReg RIP) (AddrImm 173621))) 7
77d88: MOV Reg EDX, Immediate 32 5
77d8d: MOV Reg RSI, Reg RBX 3
77d90: CALL libxl__json_map_get (internal)
77d95: TEST Reg RAX, Reg RAX 3
77d98: JE 77db0 (resolved immediate)
  |
  `- 77d9a,77db0
77d9a: POP Reg RBX 1
77d9b: LEA Reg RDX, Address (SizeDir 64 (AddrPlus (FromReg RBP) (AddrImm 44))) 4
77d9f: MOV Reg RDI, Reg R12 3
77da2: MOV Reg RSI, Reg RAX 3
77da5: POP Reg RBP 1
77da6: POP Reg R12 2
77da8: JMP libxl__uuid_parse_json (jmp to external function)
  |
  `- 
77db0: POP Reg RBX 1
77db1: POP Reg RBP 1
77db2: POP Reg R12 2
77db4: RET  1
  |
  `- 
