Number of assembly instructions     = 73
Number of indirect branches         = 0
Number of unresolved indirect jumps = 0: 
Number of unresolved indirect calls = 0: 
Number of symbolic states (representative of non-determinism): 73
Number of edges: 73

3bdb0 (True): 81ce6
81c70 (False): 0

3bdb0: PUSH Reg R12 2
3bdb2: PUSH Reg RBP 1
3bdb3: PUSH Reg RBX 1
3bdb4: MOV Reg EAX, Address (SizeDir 32 (FromReg RDI)) 2
3bdb6: TEST Reg EAX, Reg EAX 2
3bdb8: JS 3be14 (resolved immediate)
  |
  `- 3bdba,3be14
3bdba: MOV Reg R12, Reg RDI 3
3bdbd: MOV Reg EBP, Immediate 0 5
3bdc2: MOV Reg EBX, Immediate 0 5
3bdc7: JE 3bdf4 (resolved immediate)
  |
  `- 3bdc9,3bdf4
3bdc9: NOP  7
3bdd0: MOV Reg RAX, Address (SizeDir 64 (AddrPlus (FromReg R12) (AddrImm 8))) 5
3bdd5: ADD Reg EBX, Immediate 1 3
3bdd8: ADD Reg RAX, Reg RBP 3
3bddb: ADD Reg RBP, Immediate 8 4
3bddf: MOV Reg RDI, Address (SizeDir 64 (FromReg RAX)) 3
3bde2: MOV Address (SizeDir 64 (FromReg RAX)), Immediate 0 7
3bde9: CALL free (external)
3bdee: CMP Address (SizeDir 32 (FromReg R12)), Reg EBX 4
3bdf2: JG 3bdd0 (resolved immediate)
  |
  `- 3bdd0,3bdf4
3bdf4: MOV Reg RDI, Address (SizeDir 64 (AddrPlus (FromReg R12) (AddrImm 8))) 5
3bdf9: CALL free (external)
3bdfe: MOV Address (SizeDir 64 (AddrPlus (FromReg R12) (AddrImm 8))), Immediate 0 9
3be07: MOV Address (SizeDir 32 (FromReg R12)), Immediate 0 8
3be0f: POP Reg RBX 1
3be10: POP Reg RBP 1
3be11: POP Reg R12 2
3be13: RET  1
  |
  `- 
3be14: LEA Reg RCX, Address (SizeDir 64 (AddrPlus (FromReg RIP) (AddrImm 387253))) 7
3be1b: LEA Reg RSI, Address (SizeDir 64 (AddrPlus (FromReg RIP) (AddrImm 386238))) 7
3be22: LEA Reg RDI, Address (SizeDir 64 (AddrPlus (FromReg RIP) (AddrImm 386248))) 7
3be29: MOV Reg EDX, Immediate 80 5
3be2e: CALL __assert_fail (external)
  |
  `- 
81c70: PUSH Reg RBP 1
81c71: PUSH Reg RBX 1
81c72: MOV Reg RBP, Reg RDX 3
81c75: MOV Reg RBX, Reg RSI 3
81c78: ADD Reg RDX, Immediate 24 4
81c7c: ADD Reg RSI, Immediate 24 4
81c80: SUB Reg RSP, Immediate 40 4
81c84: MOV Reg RAX, Address (SizeDir 64 (AddrPlus (FromReg FS) (AddrImm 40))) 9
81c8d: MOV Address (SizeDir 64 (AddrPlus (FromReg RSP) (AddrImm 24))), Reg RAX 5
81c92: XOR Reg EAX, Reg EAX 2
81c94: MOV Reg EAX, Address (SizeDir 32 (AddrMinus (FromReg RDX) (AddrImm 24))) 3
81c97: MOV Address (SizeDir 64 (AddrPlus (FromReg RSP) (AddrImm 16))), Reg RDI 5
81c9c: MOV Address (SizeDir 32 (FromReg RSP)), Immediate 0 7
81ca3: MOV Address (SizeDir 64 (AddrPlus (FromReg RSP) (AddrImm 8))), Immediate 0 9
81cac: MOV Address (SizeDir 32 (AddrMinus (FromReg RSI) (AddrImm 24))), Reg EAX 3
81caf: MOV Reg EAX, Address (SizeDir 32 (AddrMinus (FromReg RDX) (AddrImm 20))) 3
81cb2: MOV Address (SizeDir 32 (AddrMinus (FromReg RSI) (AddrImm 20))), Reg EAX 3
81cb5: MOV Reg EAX, Address (SizeDir 32 (AddrMinus (FromReg RDX) (AddrImm 16))) 3
81cb8: MOV Address (SizeDir 32 (AddrMinus (FromReg RSI) (AddrImm 16))), Reg EAX 3
81cbb: MOV Reg EAX, Address (SizeDir 32 (AddrMinus (FromReg RDX) (AddrImm 12))) 3
81cbe: MOV Address (SizeDir 32 (AddrMinus (FromReg RSI) (AddrImm 12))), Reg EAX 3
81cc1: MOV Reg EAX, Address (SizeDir 32 (AddrMinus (FromReg RDX) (AddrImm 8))) 3
81cc4: MOV Address (SizeDir 32 (AddrMinus (FromReg RSI) (AddrImm 8))), Reg EAX 3
81cc7: CALL libxl_string_copy (external)
81ccc: MOV Reg EAX, Address (SizeDir 32 (AddrPlus (FromReg RBP) (AddrImm 32))) 3
81ccf: MOV Reg RDI, Reg RSP 3
81cd2: MOV Address (SizeDir 32 (AddrPlus (FromReg RBX) (AddrImm 32))), Reg EAX 3
81cd5: MOV Reg EAX, Address (SizeDir 32 (AddrPlus (FromReg RBP) (AddrImm 36))) 3
81cd8: MOV Address (SizeDir 32 (AddrPlus (FromReg RBX) (AddrImm 36))), Reg EAX 3
81cdb: MOV Reg EAX, Address (SizeDir 32 (AddrPlus (FromReg RBP) (AddrImm 40))) 3
81cde: MOV Address (SizeDir 32 (AddrPlus (FromReg RBX) (AddrImm 40))), Reg EAX 3
81ce1: CALL libxl__free_all (internal)
  |
  `- 3bdb0
81ce6: MOV Reg RAX, Address (SizeDir 64 (AddrPlus (FromReg RSP) (AddrImm 24))) 5
81ceb: XOR Reg RAX, Address (SizeDir 64 (AddrPlus (FromReg FS) (AddrImm 40))) 9
81cf4: JNE 81cfd (resolved immediate)
  |
  `- 81cf6,81cfd
81cf6: ADD Reg RSP, Immediate 40 4
81cfa: POP Reg RBX 1
81cfb: POP Reg RBP 1
81cfc: RET  1
  |
  `- 
81cfd: CALL __stack_chk_fail (external)
  |
  `- 
