Number of assembly instructions     = 100
Number of indirect branches         = 0
Number of unresolved indirect jumps = 0: 
Number of unresolved indirect calls = 0: 
Number of symbolic states (representative of non-determinism): 100
Number of edges: 100

3bdb0 (True): 7e847
7e770 (False): 0

3bdb0: PUSH Reg R12 2
3bdb2: PUSH Reg RBP 1
3bdb3: PUSH Reg RBX 1
3bdb4: MOV Reg EAX, Address (SizeDir 32 (FromReg RDI)) 2
3bdb6: TEST Reg EAX, Reg EAX 2
3bdb8: JS 3be14 (resolved immediate)
  |
  `- 3bdba,3be14
3bdba: MOV Reg R12, Reg RDI 3
3bdbd: MOV Reg EBP, Immediate 0 5
3bdc2: MOV Reg EBX, Immediate 0 5
3bdc7: JE 3bdf4 (resolved immediate)
  |
  `- 3bdc9,3bdf4
3bdc9: NOP  7
3bdd0: MOV Reg RAX, Address (SizeDir 64 (AddrPlus (FromReg R12) (AddrImm 8))) 5
3bdd5: ADD Reg EBX, Immediate 1 3
3bdd8: ADD Reg RAX, Reg RBP 3
3bddb: ADD Reg RBP, Immediate 8 4
3bddf: MOV Reg RDI, Address (SizeDir 64 (FromReg RAX)) 3
3bde2: MOV Address (SizeDir 64 (FromReg RAX)), Immediate 0 7
3bde9: CALL free (external)
3bdee: CMP Address (SizeDir 32 (FromReg R12)), Reg EBX 4
3bdf2: JG 3bdd0 (resolved immediate)
  |
  `- 3bdd0,3bdf4
3bdf4: MOV Reg RDI, Address (SizeDir 64 (AddrPlus (FromReg R12) (AddrImm 8))) 5
3bdf9: CALL free (external)
3bdfe: MOV Address (SizeDir 64 (AddrPlus (FromReg R12) (AddrImm 8))), Immediate 0 9
3be07: MOV Address (SizeDir 32 (FromReg R12)), Immediate 0 8
3be0f: POP Reg RBX 1
3be10: POP Reg RBP 1
3be11: POP Reg R12 2
3be13: RET  1
  |
  `- 
3be14: LEA Reg RCX, Address (SizeDir 64 (AddrPlus (FromReg RIP) (AddrImm 387253))) 7
3be1b: LEA Reg RSI, Address (SizeDir 64 (AddrPlus (FromReg RIP) (AddrImm 386238))) 7
3be22: LEA Reg RDI, Address (SizeDir 64 (AddrPlus (FromReg RIP) (AddrImm 386248))) 7
3be29: MOV Reg EDX, Immediate 80 5
3be2e: CALL __assert_fail (external)
  |
  `- 
7e770: PUSH Reg R12 2
7e772: PUSH Reg RBP 1
7e773: MOV Reg RBP, Reg RDX 3
7e776: PUSH Reg RBX 1
7e777: MOV Reg R12, Reg RDI 3
7e77a: MOV Reg RBX, Reg RSI 3
7e77d: SUB Reg RSP, Immediate 32 4
7e781: MOV Reg RAX, Address (SizeDir 64 (AddrPlus (FromReg FS) (AddrImm 40))) 9
7e78a: MOV Address (SizeDir 64 (AddrPlus (FromReg RSP) (AddrImm 24))), Reg RAX 5
7e78f: XOR Reg EAX, Reg EAX 2
7e791: MOV Address (SizeDir 64 (AddrPlus (FromReg RSP) (AddrImm 16))), Reg RDI 5
7e796: MOV Address (SizeDir 32 (FromReg RSP)), Immediate 0 7
7e79d: MOV Address (SizeDir 64 (AddrPlus (FromReg RSP) (AddrImm 8))), Immediate 0 9
7e7a6: CALL libxl_uuid_copy (external)
7e7ab: MOV Reg EAX, Address (SizeDir 32 (AddrPlus (FromReg RBP) (AddrImm 16))) 3
7e7ae: LEA Reg RDX, Address (SizeDir 64 (AddrPlus (FromReg RBP) (AddrImm 24))) 4
7e7b2: LEA Reg RSI, Address (SizeDir 64 (AddrPlus (FromReg RBX) (AddrImm 24))) 4
7e7b6: MOV Reg RDI, Reg R12 3
7e7b9: MOV Address (SizeDir 32 (AddrPlus (FromReg RBX) (AddrImm 16))), Reg EAX 3
7e7bc: MOV Reg EAX, Address (SizeDir 32 (AddrPlus (FromReg RBP) (AddrImm 20))) 3
7e7bf: MOV Address (SizeDir 32 (AddrPlus (FromReg RBX) (AddrImm 20))), Reg EAX 3
7e7c2: CALL libxl_string_copy (external)
7e7c7: MOVZX Reg EAX, Address (SizeDir 8 (AddrPlus (FromReg RBP) (AddrImm 32))) 4
7e7cb: MOV Reg RDI, Reg RSP 3
7e7ce: MOV Address (SizeDir 8 (AddrPlus (FromReg RBX) (AddrImm 32))), Reg AL 3
7e7d1: MOVZX Reg EAX, Address (SizeDir 8 (AddrPlus (FromReg RBP) (AddrImm 33))) 4
7e7d5: MOV Address (SizeDir 8 (AddrPlus (FromReg RBX) (AddrImm 33))), Reg AL 3
7e7d8: MOVZX Reg EAX, Address (SizeDir 8 (AddrPlus (FromReg RBP) (AddrImm 34))) 4
7e7dc: MOV Address (SizeDir 8 (AddrPlus (FromReg RBX) (AddrImm 34))), Reg AL 3
7e7df: MOVZX Reg EAX, Address (SizeDir 8 (AddrPlus (FromReg RBP) (AddrImm 35))) 4
7e7e3: MOV Address (SizeDir 8 (AddrPlus (FromReg RBX) (AddrImm 35))), Reg AL 3
7e7e6: MOVZX Reg EAX, Address (SizeDir 8 (AddrPlus (FromReg RBP) (AddrImm 36))) 4
7e7ea: MOV Address (SizeDir 8 (AddrPlus (FromReg RBX) (AddrImm 36))), Reg AL 3
7e7ed: MOVZX Reg EAX, Address (SizeDir 8 (AddrPlus (FromReg RBP) (AddrImm 37))) 4
7e7f1: MOV Address (SizeDir 8 (AddrPlus (FromReg RBX) (AddrImm 37))), Reg AL 3
7e7f4: MOV Reg EAX, Address (SizeDir 32 (AddrPlus (FromReg RBP) (AddrImm 40))) 3
7e7f7: MOV Address (SizeDir 32 (AddrPlus (FromReg RBX) (AddrImm 40))), Reg EAX 3
7e7fa: MOV Reg RAX, Address (SizeDir 64 (AddrPlus (FromReg RBP) (AddrImm 48))) 4
7e7fe: MOV Address (SizeDir 64 (AddrPlus (FromReg RBX) (AddrImm 48))), Reg RAX 4
7e802: MOV Reg RAX, Address (SizeDir 64 (AddrPlus (FromReg RBP) (AddrImm 56))) 4
7e806: MOV Address (SizeDir 64 (AddrPlus (FromReg RBX) (AddrImm 56))), Reg RAX 4
7e80a: MOV Reg RAX, Address (SizeDir 64 (AddrPlus (FromReg RBP) (AddrImm 64))) 4
7e80e: MOV Address (SizeDir 64 (AddrPlus (FromReg RBX) (AddrImm 64))), Reg RAX 4
7e812: MOV Reg RAX, Address (SizeDir 64 (AddrPlus (FromReg RBP) (AddrImm 72))) 4
7e816: MOV Address (SizeDir 64 (AddrPlus (FromReg RBX) (AddrImm 72))), Reg RAX 4
7e81a: MOV Reg RAX, Address (SizeDir 64 (AddrPlus (FromReg RBP) (AddrImm 80))) 4
7e81e: MOV Address (SizeDir 64 (AddrPlus (FromReg RBX) (AddrImm 80))), Reg RAX 4
7e822: MOV Reg RAX, Address (SizeDir 64 (AddrPlus (FromReg RBP) (AddrImm 88))) 4
7e826: MOV Address (SizeDir 64 (AddrPlus (FromReg RBX) (AddrImm 88))), Reg RAX 4
7e82a: MOV Reg EAX, Address (SizeDir 32 (AddrPlus (FromReg RBP) (AddrImm 96))) 3
7e82d: MOV Address (SizeDir 32 (AddrPlus (FromReg RBX) (AddrImm 96))), Reg EAX 3
7e830: MOV Reg EAX, Address (SizeDir 32 (AddrPlus (FromReg RBP) (AddrImm 100))) 3
7e833: MOV Address (SizeDir 32 (AddrPlus (FromReg RBX) (AddrImm 100))), Reg EAX 3
7e836: MOV Reg EAX, Address (SizeDir 32 (AddrPlus (FromReg RBP) (AddrImm 104))) 3
7e839: MOV Address (SizeDir 32 (AddrPlus (FromReg RBX) (AddrImm 104))), Reg EAX 3
7e83c: MOV Reg EAX, Address (SizeDir 32 (AddrPlus (FromReg RBP) (AddrImm 108))) 3
7e83f: MOV Address (SizeDir 32 (AddrPlus (FromReg RBX) (AddrImm 108))), Reg EAX 3
7e842: CALL libxl__free_all (internal)
  |
  `- 3bdb0
7e847: MOV Reg RAX, Address (SizeDir 64 (AddrPlus (FromReg RSP) (AddrImm 24))) 5
7e84c: XOR Reg RAX, Address (SizeDir 64 (AddrPlus (FromReg FS) (AddrImm 40))) 9
7e855: JNE 7e860 (resolved immediate)
  |
  `- 7e857,7e860
7e857: ADD Reg RSP, Immediate 32 4
7e85b: POP Reg RBX 1
7e85c: POP Reg RBP 1
7e85d: POP Reg R12 2
7e85f: RET  1
  |
  `- 
7e860: CALL __stack_chk_fail (external)
  |
  `- 
