Number of assembly instructions     = 13
Number of indirect branches         = 0
Number of unresolved indirect jumps = 0: 
Number of unresolved indirect calls = 0: 
Number of symbolic states (representative of non-determinism): 13
Number of edges: 15

72f80 (False): 0

72f80: MOV Reg RDX, Address (SizeDir 64 (FromReg RDI)) 3
72f83: XOR Reg EAX, Reg EAX 2
72f85: TEST Reg RDX, Reg RDX 3
72f88: JE 72fa5 (resolved immediate)
  |
  `- 72f8a,72fa5
72f8a: CMP Address (SizeDir 32 (FromReg RDX)), Immediate 18446744073709551615 3
72f8d: JE 72fa5 (resolved immediate)
  |
  `- 72f8f,72fa5
72f8f: ADD Reg RDX, Immediate 40 4
72f93: NOP  5
72f98: ADD Reg RDX, Immediate 40 4
72f9c: ADD Reg EAX, Immediate 1 3
72f9f: CMP Address (SizeDir 32 (AddrMinus (FromReg RDX) (AddrImm 40))), Immediate 18446744073709551615 4
72fa3: JNE 72f98 (resolved immediate)
  |
  `- 72f98,72fa5
72fa5: RET  2
  |
  `- 
