Number of assembly instructions     = 9
Number of indirect branches         = 0
Number of unresolved indirect jumps = 0: 
Number of unresolved indirect calls = 0: 
Number of symbolic states (representative of non-determinism): 9
Number of edges: 9

8fed0 (False): 0

8fed0: TEST Reg RSI, Reg RSI 3
8fed3: JE 8feda (resolved immediate)
  |
  `- 8fed5,8feda
8fed5: CMP Address (SizeDir 32 (FromReg RSI)), Immediate 32 3
8fed8: JE 8fee0 (resolved immediate)
  |
  `- 8feda,8fee0
8feda: MOV Reg EAX, Immediate 4294967295 5
8fedf: RET  1
  |
  `- 
8fee0: MOV Reg RDI, Address (SizeDir 64 (AddrPlus (FromReg RSI) (AddrImm 8))) 4
8fee4: MOV Reg RSI, Reg RDX 3
8fee7: JMP libxl_event_type_from_string (jmp to external function)
  |
  `- 
