Number of assembly instructions     = 68
Number of indirect branches         = 0
Number of unresolved indirect jumps = 0: 
Number of unresolved indirect calls = 0: 
Number of symbolic states (representative of non-determinism): 68
Number of edges: 68

3bdb0 (True): 7e747
7e6e0 (False): 0

3bdb0: PUSH Reg R12 2
3bdb2: PUSH Reg RBP 1
3bdb3: PUSH Reg RBX 1
3bdb4: MOV Reg EAX, Address (SizeDir 32 (FromReg RDI)) 2
3bdb6: TEST Reg EAX, Reg EAX 2
3bdb8: JS 3be14 (resolved immediate)
  |
  `- 3bdba,3be14
3bdba: MOV Reg R12, Reg RDI 3
3bdbd: MOV Reg EBP, Immediate 0 5
3bdc2: MOV Reg EBX, Immediate 0 5
3bdc7: JE 3bdf4 (resolved immediate)
  |
  `- 3bdc9,3bdf4
3bdc9: NOP  7
3bdd0: MOV Reg RAX, Address (SizeDir 64 (AddrPlus (FromReg R12) (AddrImm 8))) 5
3bdd5: ADD Reg EBX, Immediate 1 3
3bdd8: ADD Reg RAX, Reg RBP 3
3bddb: ADD Reg RBP, Immediate 8 4
3bddf: MOV Reg RDI, Address (SizeDir 64 (FromReg RAX)) 3
3bde2: MOV Address (SizeDir 64 (FromReg RAX)), Immediate 0 7
3bde9: CALL free (external)
3bdee: CMP Address (SizeDir 32 (FromReg R12)), Reg EBX 4
3bdf2: JG 3bdd0 (resolved immediate)
  |
  `- 3bdd0,3bdf4
3bdf4: MOV Reg RDI, Address (SizeDir 64 (AddrPlus (FromReg R12) (AddrImm 8))) 5
3bdf9: CALL free (external)
3bdfe: MOV Address (SizeDir 64 (AddrPlus (FromReg R12) (AddrImm 8))), Immediate 0 9
3be07: MOV Address (SizeDir 32 (FromReg R12)), Immediate 0 8
3be0f: POP Reg RBX 1
3be10: POP Reg RBP 1
3be11: POP Reg R12 2
3be13: RET  1
  |
  `- 
3be14: LEA Reg RCX, Address (SizeDir 64 (AddrPlus (FromReg RIP) (AddrImm 387253))) 7
3be1b: LEA Reg RSI, Address (SizeDir 64 (AddrPlus (FromReg RIP) (AddrImm 386238))) 7
3be22: LEA Reg RDI, Address (SizeDir 64 (AddrPlus (FromReg RIP) (AddrImm 386248))) 7
3be29: MOV Reg EDX, Immediate 80 5
3be2e: CALL __assert_fail (external)
  |
  `- 
7e6e0: PUSH Reg R12 2
7e6e2: PUSH Reg RBP 1
7e6e3: MOV Reg RBP, Reg RDX 3
7e6e6: PUSH Reg RBX 1
7e6e7: ADD Reg RDX, Immediate 8 4
7e6eb: MOV Reg RBX, Reg RSI 3
7e6ee: ADD Reg RSI, Immediate 8 4
7e6f2: MOV Reg R12, Reg RDI 3
7e6f5: SUB Reg RSP, Immediate 32 4
7e6f9: MOV Reg RAX, Address (SizeDir 64 (AddrPlus (FromReg FS) (AddrImm 40))) 9
7e702: MOV Address (SizeDir 64 (AddrPlus (FromReg RSP) (AddrImm 24))), Reg RAX 5
7e707: XOR Reg EAX, Reg EAX 2
7e709: MOV Reg EAX, Address (SizeDir 32 (AddrMinus (FromReg RDX) (AddrImm 8))) 3
7e70c: MOV Address (SizeDir 64 (AddrPlus (FromReg RSP) (AddrImm 16))), Reg RDI 5
7e711: MOV Address (SizeDir 32 (FromReg RSP)), Immediate 0 7
7e718: MOV Address (SizeDir 64 (AddrPlus (FromReg RSP) (AddrImm 8))), Immediate 0 9
7e721: MOV Address (SizeDir 32 (AddrMinus (FromReg RSI) (AddrImm 8))), Reg EAX 3
7e724: MOV Reg EAX, Address (SizeDir 32 (AddrMinus (FromReg RDX) (AddrImm 4))) 3
7e727: MOV Address (SizeDir 32 (AddrMinus (FromReg RSI) (AddrImm 4))), Reg EAX 3
7e72a: CALL libxl_string_copy (external)
7e72f: LEA Reg RDX, Address (SizeDir 64 (AddrPlus (FromReg RBP) (AddrImm 16))) 4
7e733: LEA Reg RSI, Address (SizeDir 64 (AddrPlus (FromReg RBX) (AddrImm 16))) 4
7e737: MOV Reg RDI, Reg R12 3
7e73a: CALL libxl_string_copy (external)
7e73f: MOV Reg RDI, Reg RSP 3
7e742: CALL libxl__free_all (internal)
  |
  `- 3bdb0
7e747: MOV Reg RAX, Address (SizeDir 64 (AddrPlus (FromReg RSP) (AddrImm 24))) 5
7e74c: XOR Reg RAX, Address (SizeDir 64 (AddrPlus (FromReg FS) (AddrImm 40))) 9
7e755: JNE 7e760 (resolved immediate)
  |
  `- 7e757,7e760
7e757: ADD Reg RSP, Immediate 32 4
7e75b: POP Reg RBX 1
7e75c: POP Reg RBP 1
7e75d: POP Reg R12 2
7e75f: RET  1
  |
  `- 
7e760: CALL __stack_chk_fail (external)
  |
  `- 
