Number of assembly instructions     = 108
Number of indirect branches         = 0
Number of unresolved indirect jumps = 0: 
Number of unresolved indirect calls = 0: 
Number of symbolic states (representative of non-determinism): 108
Number of edges: 117

61da0 (False): 0

61da0: PUSH Reg R15 2
61da2: PUSH Reg R14 2
61da4: MOV Reg R14, Reg RDI 3
61da7: PUSH Reg R13 2
61da9: PUSH Reg R12 2
61dab: MOV Reg R12D, Reg ESI 3
61dae: PUSH Reg RBP 1
61daf: PUSH Reg RBX 1
61db0: MOV Reg EBP, Reg EDX 2
61db2: SUB Reg RSP, Immediate 72 4
61db6: LEA Reg RSI, Address (AddrPlus (FromReg RSP) (AddrImm 48)) 5
61dbb: MOV Address (SizeDir 64 (AddrPlus (FromReg RSP) (AddrImm 32))), Reg RCX 5
61dc0: MOV Reg RDX, Address (SizeDir 64 (AddrPlus (FromReg FS) (AddrImm 40))) 9
61dc9: MOV Address (SizeDir 64 (AddrPlus (FromReg RSP) (AddrImm 56))), Reg RDX 5
61dce: XOR Reg EDX, Reg EDX 2
61dd0: CALL libxl_list_cpupool (external)
61dd5: TEST Reg RAX, Reg RAX 3
61dd8: JZ 61f2a (resolved immediate)
  |
  `- 61dde,61f2a
61dde: LEA Reg RSI, Address (AddrPlus (FromReg RSP) (AddrImm 52)) 5
61de3: MOV Reg RDI, Reg R14 3
61de6: MOV Reg R13, Reg RAX 3
61de9: MOV Reg EBX, Immediate 4294967293 5
61dee: CALL libxl_get_cpu_topology (external)
61df3: TEST Reg RAX, Reg RAX 3
61df6: MOV Reg R15, Reg RAX 3
61df9: JZ 61eb2 (resolved immediate)
  |
  `- 61dff,61eb2
61dff: MOV Reg RAX, Address (SizeDir 64 (AddrPlus (FromReg RSP) (AddrImm 32))) 5
61e04: MOV Reg ESI, Address (SizeDir 32 (AddrPlus (FromReg RSP) (AddrImm 52))) 4
61e08: MOV Address (SizeDir 32 (FromReg RAX)), Immediate 0 6
61e0e: MOV Reg EAX, Address (SizeDir 32 (AddrPlus (FromReg RSP) (AddrImm 48))) 4
61e12: TEST Reg EAX, Reg EAX 2
61e14: JLE 61ea8 (resolved immediate)
  |
  `- 61e1a,61ea8
61e1a: MOV Reg R8, Reg R13 3
61e1d: XOR Reg R9D, Reg R9D 3
61e20: JMP 61e37 (resolved immediate)
  |
  `- 61e37
61e28: ADD Reg R9D, Immediate 1 4
61e2c: ADD Reg R8, Immediate 40 4
61e30: CMP Address (SizeDir 32 (AddrPlus (FromReg RSP) (AddrImm 48))), Reg R9D 5
61e35: JLE 61ea8 (resolved immediate)
  |
  `- 61e37,61ea8
61e37: MOV Reg R10D, Address (SizeDir 32 (FromReg R8)) 3
61e3a: CMP Reg R10D, Reg R12D 3
61e3d: JNZ 61e28 (resolved immediate)
  |
  `- 61e28,61e3f
61e3f: TEST Reg ESI, Reg ESI 2
61e41: JLE 61e28 (resolved immediate)
  |
  `- 61e28,61e43
61e43: LEA Reg RAX, Address (AddrPlus (FromReg R8) (AddrImm 24)) 4
61e47: LEA Reg RCX, Address (AddrPlus (FromReg R15) (AddrImm 8)) 4
61e4b: XOR Reg EBX, Reg EBX 2
61e4d: MOV Address (SizeDir 64 (AddrPlus (FromReg RSP) (AddrImm 40))), Reg RAX 5
61e52: JMP 61e63 (resolved immediate)
  |
  `- 61e63
61e58: ADD Reg EBX, Immediate 1 3
61e5b: ADD Reg RCX, Immediate 12 4
61e5f: CMP Reg ESI, Reg EBX 2
61e61: JLE 61e28 (resolved immediate)
  |
  `- 61e28,61e63
61e63: CMP Address (SizeDir 32 (FromReg RCX)), Reg EBP 2
61e65: JNZ 61e58 (resolved immediate)
  |
  `- 61e58,61e67
61e67: MOV Reg RDI, Address (SizeDir 64 (AddrPlus (FromReg RSP) (AddrImm 40))) 5
61e6c: MOV Reg ESI, Reg EBX 2
61e6e: MOV Address (SizeDir 64 (AddrPlus (FromReg RSP) (AddrImm 24))), Reg R8 5
61e73: MOV Address (SizeDir 32 (AddrPlus (FromReg RSP) (AddrImm 20))), Reg R9D 5
61e78: MOV Address (SizeDir 64 (AddrPlus (FromReg RSP) (AddrImm 8))), Reg RCX 5
61e7d: MOV Address (SizeDir 32 (AddrPlus (FromReg RSP) (AddrImm 16))), Reg R10D 5
61e82: CALL libxl_bitmap_test (external)
61e87: TEST Reg EAX, Reg EAX 2
61e89: MOV Reg R10D, Address (SizeDir 32 (AddrPlus (FromReg RSP) (AddrImm 16))) 5
61e8e: MOV Reg RCX, Address (SizeDir 64 (AddrPlus (FromReg RSP) (AddrImm 8))) 5
61e93: MOV Reg R9D, Address (SizeDir 32 (AddrPlus (FromReg RSP) (AddrImm 20))) 5
61e98: MOV Reg R8, Address (SizeDir 64 (AddrPlus (FromReg RSP) (AddrImm 24))) 5
61e9d: JNZ 61ee0 (resolved immediate)
  |
  `- 61e9f,61ee0
61e9f: MOV Reg ESI, Address (SizeDir 32 (AddrPlus (FromReg RSP) (AddrImm 52))) 4
61ea3: JMP 61e58 (resolved immediate)
  |
  `- 61e58
61ea8: MOV Reg RDI, Reg R15 3
61eab: XOR Reg EBX, Reg EBX 2
61ead: CALL libxl_cputopology_list_free (external)
61eb2: MOV Reg ESI, Address (SizeDir 32 (AddrPlus (FromReg RSP) (AddrImm 48))) 4
61eb6: MOV Reg RDI, Reg R13 3
61eb9: CALL libxl_cpupoolinfo_list_free (external)
61ebe: MOV Reg RDX, Address (SizeDir 64 (AddrPlus (FromReg RSP) (AddrImm 56))) 5
61ec3: XOR Reg RDX, Address (SizeDir 64 (AddrPlus (FromReg FS) (AddrImm 40))) 9
61ecc: MOV Reg EAX, Reg EBX 2
61ece: JNZ 61f31 (resolved immediate)
  |
  `- 61ed0,61f31
61ed0: ADD Reg RSP, Immediate 72 4
61ed4: POP Reg RBX 1
61ed5: POP Reg RBP 1
61ed6: POP Reg R12 2
61ed8: POP Reg R13 2
61eda: POP Reg R14 2
61edc: POP Reg R15 2
61ede: RET  1
  |
  `- 
61ee0: MOV Reg ESI, Reg R10D 3
61ee3: MOV Reg EDX, Reg EBX 2
61ee5: MOV Reg RDI, Reg R14 3
61ee8: MOV Address (SizeDir 64 (AddrPlus (FromReg RSP) (AddrImm 24))), Reg R8 5
61eed: MOV Address (SizeDir 32 (AddrPlus (FromReg RSP) (AddrImm 20))), Reg R9D 5
61ef2: MOV Address (SizeDir 64 (AddrPlus (FromReg RSP) (AddrImm 8))), Reg RCX 5
61ef7: MOV Address (SizeDir 32 (AddrPlus (FromReg RSP) (AddrImm 16))), Reg R10D 5
61efc: CALL libxl_cpupool_cpuremove (external)
61f01: TEST Reg EAX, Reg EAX 2
61f03: MOV Reg R10D, Address (SizeDir 32 (AddrPlus (FromReg RSP) (AddrImm 16))) 5
61f08: MOV Reg RCX, Address (SizeDir 64 (AddrPlus (FromReg RSP) (AddrImm 8))) 5
61f0d: MOV Reg R9D, Address (SizeDir 32 (AddrPlus (FromReg RSP) (AddrImm 20))) 5
61f12: MOV Reg R8, Address (SizeDir 64 (AddrPlus (FromReg RSP) (AddrImm 24))) 5
61f17: JNZ 61e9f (resolved immediate)
  |
  `- 61e9f,61f1d
61f1d: MOV Reg RAX, Address (SizeDir 64 (AddrPlus (FromReg RSP) (AddrImm 32))) 5
61f22: ADD Address (SizeDir 32 (FromReg RAX)), Immediate 1 3
61f25: JMP 61e9f (resolved immediate)
  |
  `- 61e9f
61f2a: MOV Reg EBX, Immediate 4294967291 5
61f2f: JMP 61ebe (resolved immediate)
  |
  `- 61ebe
61f31: CALL __stack_chk_fail (external)
  |
  `- 
