Number of assembly instructions     = 97
Number of indirect branches         = 0
Number of unresolved indirect jumps = 0: 
Number of unresolved indirect calls = 0: 
Number of symbolic states (representative of non-determinism): 97
Number of edges: 102

78d70 (False): 0

78d70: PUSH Reg RBP 1
78d71: PUSH Reg RBX 1
78d72: MOV Reg RBP, Reg RSI 3
78d75: MOV Reg RBX, Reg RDI 3
78d78: SUB Reg RSP, Immediate 8 4
78d7c: CALL yajl_gen_map_open (external)
78d81: TEST Reg EAX, Reg EAX 2
78d83: JNE 78db3 (resolved immediate)
  |
  `- 78d85,78db3
78d85: CMP Address (SizeDir 32 (FromReg RBP)), Immediate 18446744073709551615 4
78d89: JNE 78dc0 (resolved immediate)
  |
  `- 78d8b,78dc0
78d8b: CMP Address (SizeDir 32 (AddrPlus (FromReg RBP) (AddrImm 4))), Immediate 18446744073709551615 4
78d8f: JNE 78df0 (resolved immediate)
  |
  `- 78d91,78df0
78d91: CMP Address (SizeDir 32 (AddrPlus (FromReg RBP) (AddrImm 8))), Immediate 18446744073709551615 4
78d95: JE 78e38 (resolved immediate)
  |
  `- 78d9b,78e38
78d9b: LEA Reg RSI, Address (SizeDir 64 (AddrPlus (FromReg RIP) (AddrImm 188191))) 7
78da2: MOV Reg EDX, Immediate 3 5
78da7: MOV Reg RDI, Reg RBX 3
78daa: CALL yajl_gen_string (external)
78daf: TEST Reg EAX, Reg EAX 2
78db1: JE 78e20 (resolved immediate)
  |
  `- 78e20
78db3: ADD Reg RSP, Immediate 8 4
78db7: POP Reg RBX 1
78db8: POP Reg RBP 1
78db9: RET  1
  |
  `- 
78dc0: LEA Reg RSI, Address (SizeDir 64 (AddrPlus (FromReg RIP) (AddrImm 187602))) 7
78dc7: MOV Reg EDX, Immediate 6 5
78dcc: MOV Reg RDI, Reg RBX 3
78dcf: CALL yajl_gen_string (external)
78dd4: TEST Reg EAX, Reg EAX 2
78dd6: JNE 78db3 (resolved immediate)
78dd8: MOVSXD Reg RSI, Address (SizeDir 32 (FromReg RBP)) 4
78ddc: MOV Reg RDI, Reg RBX 3
78ddf: CALL yajl_gen_integer (external)
78de4: TEST Reg EAX, Reg EAX 2
78de6: JE 78d8b (resolved immediate)
  |
  `- 78d8b
78df0: LEA Reg RSI, Address (SizeDir 64 (AddrPlus (FromReg RIP) (AddrImm 173933))) 7
78df7: MOV Reg EDX, Immediate 6 5
78dfc: MOV Reg RDI, Reg RBX 3
78dff: CALL yajl_gen_string (external)
78e04: TEST Reg EAX, Reg EAX 2
78e06: JNE 78db3 (resolved immediate)
78e08: MOVSXD Reg RSI, Address (SizeDir 32 (AddrPlus (FromReg RBP) (AddrImm 4))) 4
78e0c: MOV Reg RDI, Reg RBX 3
78e0f: CALL yajl_gen_integer (external)
78e14: TEST Reg EAX, Reg EAX 2
78e16: JE 78d91 (resolved immediate)
  |
  `- 78d91
78e20: MOVSXD Reg RSI, Address (SizeDir 32 (AddrPlus (FromReg RBP) (AddrImm 8))) 4
78e24: MOV Reg RDI, Reg RBX 3
78e27: CALL yajl_gen_integer (external)
78e2c: TEST Reg EAX, Reg EAX 2
78e2e: JNE 78db3 (resolved immediate)
78e34: NOP  4
78e38: CMP Address (SizeDir 32 (AddrPlus (FromReg RBP) (AddrImm 12))), Immediate 18446744073709551615 4
78e3c: JE 78e70 (resolved immediate)
  |
  `- 78e3e,78e70
78e3e: LEA Reg RSI, Address (SizeDir 64 (AddrPlus (FromReg RIP) (AddrImm 187483))) 7
78e45: MOV Reg EDX, Immediate 6 5
78e4a: MOV Reg RDI, Reg RBX 3
78e4d: CALL yajl_gen_string (external)
78e52: TEST Reg EAX, Reg EAX 2
78e54: JNE 78db3 (resolved immediate)
78e5a: MOVSXD Reg RSI, Address (SizeDir 32 (AddrPlus (FromReg RBP) (AddrImm 12))) 4
78e5e: MOV Reg RDI, Reg RBX 3
78e61: CALL yajl_gen_integer (external)
78e66: TEST Reg EAX, Reg EAX 2
78e68: JNE 78db3 (resolved immediate)
78e6e: NOP  2
78e70: CMP Address (SizeDir 32 (AddrPlus (FromReg RBP) (AddrImm 16))), Immediate 18446744073709551615 4
78e74: JNE 78ec0 (resolved immediate)
  |
  `- 78e76,78ec0
78e76: CMP Address (SizeDir 32 (AddrPlus (FromReg RBP) (AddrImm 20))), Immediate 18446744073709551615 4
78e7a: JE 78eac (resolved immediate)
  |
  `- 78e7c,78eac
78e7c: LEA Reg RSI, Address (SizeDir 64 (AddrPlus (FromReg RIP) (AddrImm 187438))) 7
78e83: MOV Reg EDX, Immediate 6 5
78e88: MOV Reg RDI, Reg RBX 3
78e8b: CALL yajl_gen_string (external)
78e90: TEST Reg EAX, Reg EAX 2
78e92: JNE 78db3 (resolved immediate)
78e98: MOVSXD Reg RSI, Address (SizeDir 32 (AddrPlus (FromReg RBP) (AddrImm 20))) 4
78e9c: MOV Reg RDI, Reg RBX 3
78e9f: CALL yajl_gen_integer (external)
78ea4: TEST Reg EAX, Reg EAX 2
78ea6: JNE 78db3 (resolved immediate)
78eac: ADD Reg RSP, Immediate 8 4
78eb0: MOV Reg RDI, Reg RBX 3
78eb3: POP Reg RBX 1
78eb4: POP Reg RBP 1
78eb5: JMP yajl_gen_map_close (jmp to external function)
  |
  `- 
78ec0: LEA Reg RSI, Address (SizeDir 64 (AddrPlus (FromReg RIP) (AddrImm 187360))) 7
78ec7: MOV Reg EDX, Immediate 9 5
78ecc: MOV Reg RDI, Reg RBX 3
78ecf: CALL yajl_gen_string (external)
78ed4: TEST Reg EAX, Reg EAX 2
78ed6: JNE 78db3 (resolved immediate)
78edc: MOVSXD Reg RSI, Address (SizeDir 32 (AddrPlus (FromReg RBP) (AddrImm 16))) 4
78ee0: MOV Reg RDI, Reg RBX 3
78ee3: CALL yajl_gen_integer (external)
78ee8: TEST Reg EAX, Reg EAX 2
78eea: JE 78e76 (resolved immediate)
  |
  `- 78e76
