Number of assembly instructions     = 28
Number of indirect branches         = 0
Number of unresolved indirect jumps = 0: 
Number of unresolved indirect calls = 0: 
Number of symbolic states (representative of non-determinism): 28
Number of edges: 29

7cf40 (False): 0

7cf40: TEST Reg RDI, Reg RDI 3
7cf43: JZ 7cf90 (resolved immediate)
  |
  `- 7cf45,7cf90
7cf45: PUSH Reg R12 2
7cf47: PUSH Reg RBP 1
7cf48: PUSH Reg RBX 1
7cf49: MOV Reg EAX, Address (SizeDir 32 (AddrPlus (FromReg RDI) (AddrImm 4))) 3
7cf4c: MOV Reg RBX, Reg RDI 3
7cf4f: TEST Reg EAX, Reg EAX 2
7cf51: JLE 7cf78 (resolved immediate)
  |
  `- 7cf53,7cf78
7cf53: XOR Reg R12D, Reg R12D 3
7cf56: XOR Reg EBP, Reg EBP 2
7cf58: NOP  8
7cf60: MOV Reg RDI, Address (SizeDir 64 (AddrPlus (FromReg RBX) (AddrImm 8))) 4
7cf64: ADD Reg EBP, Immediate 1 3
7cf67: ADD Reg RDI, Reg R12 3
7cf6a: ADD Reg R12, Immediate 24 4
7cf6e: CALL libxl_sched_params_dispose (external)
7cf73: CMP Address (SizeDir 32 (AddrPlus (FromReg RBX) (AddrImm 4))), Reg EBP 3
7cf76: JG 7cf60 (resolved immediate)
  |
  `- 7cf60,7cf78
7cf78: MOV Reg RDI, Address (SizeDir 64 (AddrPlus (FromReg RBX) (AddrImm 8))) 4
7cf7c: CALL free (external)
7cf81: PXOR Reg XMM0, Reg XMM0 4
7cf85: MOVUPS Address (SizeDir 128 (FromReg RBX)), Reg XMM0 3
7cf88: POP Reg RBX 1
7cf89: POP Reg RBP 1
7cf8a: POP Reg R12 2
7cf8c: RET  1
  |
  `- 
7cf90: REPZ RET  2
  |
  `- 
