Number of assembly instructions     = 17
Number of indirect branches         = 0
Number of unresolved indirect jumps = 0: 
Number of unresolved indirect calls = 0: 
Number of symbolic states (representative of non-determinism): 17
Number of edges: 17

3ebd0 (False): 0

3ebd0: MOV Reg EAX, Address (SizeDir 32 (FromReg RDI)) 2
3ebd2: SHL Reg EAX, Immediate 3 3
3ebd5: CMP Reg EAX, Reg ESI 2
3ebd7: JBE 3ebfa (resolved immediate)
  |
  `- 3ebd9,3ebfa
3ebd9: LEA Reg EAX, Address (AddrPlus (FromReg RSI) (AddrImm 7)) 3
3ebdc: TEST Reg ESI, Reg ESI 2
3ebde: MOV Reg ECX, Reg ESI 2
3ebe0: MOV Reg EDX, Immediate 1 5
3ebe5: CMOVNS Reg EAX, Reg ESI 3
3ebe8: AND Reg ECX, Immediate 7 3
3ebeb: SAR Reg EAX, Immediate 3 3
3ebee: SHL Reg EDX, Reg CL 2
3ebf0: CDQE  2
3ebf2: ADD Reg RAX, Address (SizeDir 64 (AddrPlus (FromReg RDI) (AddrImm 8))) 4
3ebf6: NOT Reg EDX 2
3ebf8: AND Address (SizeDir 8 (FromReg RAX)), Reg DL 2
3ebfa: REPZ RET  2
  |
  `- 
