Number of assembly instructions     = 78
Number of indirect branches         = 0
Number of unresolved indirect jumps = 0: 
Number of unresolved indirect calls = 0: 
Number of symbolic states (representative of non-determinism): 78
Number of edges: 86

40cd0 (True): 84014
83fc0 (False): 0

40c90: TEST Reg RSI, Reg RSI 3
40c93: JZ 40cc0 (resolved immediate)
  |
  `- 40c95,40cc0
40c95: PUSH Reg RBP 1
40c96: PUSH Reg RBX 1
40c97: MOV Reg RBP, Reg RDI 3
40c9a: MOV Reg RDI, Reg RSI 3
40c9d: MOV Reg RBX, Reg RSI 3
40ca0: SUB Reg RSP, Immediate 8 4
40ca4: CALL strlen (external)
40ca9: ADD Reg RSP, Immediate 8 4
40cad: MOV Reg RSI, Reg RBX 3
40cb0: MOV Reg RDI, Reg RBP 3
40cb3: POP Reg RBX 1
40cb4: POP Reg RBP 1
40cb5: MOV Reg RDX, Reg RAX 3
40cb8: JMP yajl_gen_string (jmp to external function)
  |
  `- 
40cc0: JMP yajl_gen_null (jmp to external function)
  |
  `- 
40cd0: JMP 40c90 (resolved immediate)
  |
  `- 40c90
83fc0: PUSH Reg RBP 1
83fc1: PUSH Reg RBX 1
83fc2: MOV Reg RBP, Reg RSI 3
83fc5: MOV Reg RBX, Reg RDI 3
83fc8: SUB Reg RSP, Immediate 8 4
83fcc: CALL yajl_gen_map_open (external)
83fd1: TEST Reg EAX, Reg EAX 2
83fd3: JNZ 84048 (resolved immediate)
  |
  `- 83fd5,84048
83fd5: CMP Address (SizeDir 64 (AddrPlus (FromReg RBP) (AddrImm 0))), Immediate 0 5
83fda: JNZ 84050 (resolved immediate)
  |
  `- 83fdc,84050
83fdc: CMP Address (SizeDir 64 (AddrPlus (FromReg RBP) (AddrImm 8))), Immediate 0 5
83fe1: JNZ 84030 (resolved immediate)
  |
  `- 83fe3,84030
83fe3: CMP Address (SizeDir 32 (AddrPlus (FromReg RBP) (AddrImm 16))), Immediate 4294967295 4
83fe7: JZ 84018 (resolved immediate)
  |
  `- 83fe9,84018
83fe9: LEA Reg RSI, Address (AddrPlus (FromReg RIP) (AddrImm 145714)) 7
83ff0: MOV Reg EDX, Immediate 6 5
83ff5: MOV Reg RDI, Reg RBX 3
83ff8: CALL yajl_gen_string (external)
83ffd: TEST Reg EAX, Reg EAX 2
83fff: JNZ 84048 (resolved immediate)
  |
  `- 84001,84048
84001: MOV Reg EDI, Address (SizeDir 32 (AddrPlus (FromReg RBP) (AddrImm 16))) 3
84004: CALL libxl_rdm_reserve_policy_to_string (external)
84009: MOV Reg RDI, Reg RBX 3
8400c: MOV Reg RSI, Reg RAX 3
8400f: CALL libxl__yajl_gen_enum (internal)
  |
  `- 84014,40cd0
84014: TEST Reg EAX, Reg EAX 2
84016: JNZ 84048 (resolved immediate)
  |
  `- 84018,84048
84018: ADD Reg RSP, Immediate 8 4
8401c: MOV Reg RDI, Reg RBX 3
8401f: POP Reg RBX 1
84020: POP Reg RBP 1
84021: JMP yajl_gen_map_close (jmp to external function)
  |
  `- 
84030: LEA Reg RSI, Address (AddrPlus (FromReg RIP) (AddrImm 132793)) 7
84037: MOV Reg EDX, Immediate 4 5
8403c: MOV Reg RDI, Reg RBX 3
8403f: CALL yajl_gen_string (external)
84044: TEST Reg EAX, Reg EAX 2
84046: JZ 84080 (resolved immediate)
  |
  `- 84048,84080
84048: ADD Reg RSP, Immediate 8 4
8404c: POP Reg RBX 1
8404d: POP Reg RBP 1
8404e: RET  1
  |
  `- 
84050: LEA Reg RSI, Address (AddrPlus (FromReg RIP) (AddrImm 97163)) 7
84057: MOV Reg EDX, Immediate 5 5
8405c: MOV Reg RDI, Reg RBX 3
8405f: CALL yajl_gen_string (external)
84064: TEST Reg EAX, Reg EAX 2
84066: JNZ 84048 (resolved immediate)
  |
  `- 84048,84068
84068: MOV Reg RSI, Address (SizeDir 64 (AddrPlus (FromReg RBP) (AddrImm 0))) 4
8406c: MOV Reg RDI, Reg RBX 3
8406f: CALL libxl__uint64_gen_json (external)
84074: TEST Reg EAX, Reg EAX 2
84076: JZ 83fdc (resolved immediate)
  |
  `- 83fdc,8407c
8407c: JMP 84048 (resolved immediate)
  |
  `- 84048
84080: MOV Reg RSI, Address (SizeDir 64 (AddrPlus (FromReg RBP) (AddrImm 8))) 4
84084: MOV Reg RDI, Reg RBX 3
84087: CALL libxl__uint64_gen_json (external)
8408c: TEST Reg EAX, Reg EAX 2
8408e: JZ 83fe3 (resolved immediate)
  |
  `- 83fe3,84094
84094: JMP 84048 (resolved immediate)
  |
  `- 84048
