Number of assembly instructions     = 712
Number of indirect branches         = 0
Number of unresolved indirect jumps = 0: 
Number of unresolved indirect calls = 0: 
Number of symbolic states (representative of non-determinism): 712
Number of edges: 730

35120 (True): 353e9, 35412
353c0 (True): 3d115
3be40 (True): 3c1a9
3c110 (True): 32515, 35275, 35474, 3c211, 3c274, 3d166
3c1d0 (False): 3c39c, 3c45b
3c2a0 (True): 3c43a
3c410 (True): 3c4c9
3c460 (True): 3c5d4
3c540 (True): 351e0, 35201
3d0d0 (False): 0

324c0: PUSH Reg R12 2
324c2: PUSH Reg RBP 1
324c3: MOV Reg RBP, Reg RDI 3
324c6: PUSH Reg RBX 1
324c7: MOV Reg RDI, Reg RSI 3
324ca: MOV Reg RBX, Reg RSI 3
324cd: CALL unlink (external)
324d2: TEST Reg EAX, Reg EAX 2
324d4: JZ 3251d (resolved immediate)
  |
  `- 324d6,3251d
324d6: CALL __errno_location (external)
324db: MOV Reg R12, Reg RAX 3
324de: LEA Reg RAX, Address (AddrPlus (FromReg RIP) (AddrImm 415841)) 7
324e5: SUB Reg RSP, Immediate 8 4
324e9: MOV Reg RDI, Address (SizeDir 64 (AddrPlus (FromReg RBP) (AddrImm 16))) 4
324ed: PUSH Reg RBX 1
324ee: LEA Reg R9, Address (AddrPlus (FromReg RIP) (AddrImm 418587)) 7
324f5: PUSH Reg RAX 1
324f6: PUSH Immediate 18446744073709551615 2
324f8: LEA Reg RCX, Address (AddrPlus (FromReg RIP) (AddrImm 415595)) 7
324ff: MOV Reg EDX, Address (SizeDir 32 (FromReg R12)) 4
32503: XOR Reg EAX, Reg EAX 2
32505: MOV Reg R8D, Immediate 1409 6
3250b: MOV Reg ESI, Immediate 8 5
32510: CALL libxl__log (internal)
32515: MOV Reg EAX, Address (SizeDir 32 (FromReg R12)) 4
32519: ADD Reg RSP, Immediate 32 4
3251d: POP Reg RBX 1
3251e: POP Reg RBP 1
3251f: POP Reg R12 2
32521: RET  1
  |
  `- 
35120: PUSH Reg R15 2
35122: PUSH Reg R14 2
35124: MOV Reg R14, Reg RDX 3
35127: PUSH Reg R13 2
35129: PUSH Reg R12 2
3512b: MOV Reg R12D, Reg ESI 3
3512e: PUSH Reg RBP 1
3512f: PUSH Reg RBX 1
35130: MOV Reg RBP, Reg RDI 3
35133: MOV Reg R13, Reg RCX 3
35136: SUB Reg RSP, Immediate 136 7
3513d: MOV Reg R15, Address (SizeDir 64 (AddrPlus (FromReg RDI) (AddrImm 16))) 4
35141: MOV Reg RBX, Reg RSP 3
35144: MOV Reg RDI, Reg RBX 3
35147: MOV Reg RAX, Address (SizeDir 64 (AddrPlus (FromReg FS) (AddrImm 40))) 9
35150: MOV Address (SizeDir 64 (AddrPlus (FromReg RSP) (AddrImm 120))), Reg RAX 5
35155: XOR Reg EAX, Reg EAX 2
35157: CALL libxl_dominfo_init (external)
3515c: MOV Reg EDX, Reg R12D 3
3515f: MOV Reg RSI, Reg RBX 3
35162: MOV Reg RDI, Reg R15 3
35165: CALL libxl_domain_info (external)
3516a: TEST Reg EAX, Reg EAX 2
3516c: JNZ 35238 (resolved immediate)
  |
  `- 35172,35238
35172: MOVZX Reg EAX, Address (SizeDir 8 (AddrPlus (FromReg RSP) (AddrImm 15))) 5
35177: MOVZX Reg ECX, Address (SizeDir 8 (AddrPlus (FromReg RSP) (AddrImm 1))) 5
3517c: LEA Reg RSI, Address (AddrPlus (FromReg RIP) (AddrImm 406757)) 7
35183: MOVZX Reg EDX, Address (SizeDir 8 (FromReg RSP)) 4
35187: MOV Reg RDI, Reg RBP 3
3518a: PUSH Reg RAX 1
3518b: MOVZX Reg EAX, Address (SizeDir 8 (AddrPlus (FromReg RSP) (AddrImm 22))) 5
35190: PUSH Reg RAX 1
35191: MOVZX Reg EAX, Address (SizeDir 8 (AddrPlus (FromReg RSP) (AddrImm 29))) 5
35196: PUSH Reg RAX 1
35197: MOVZX Reg EAX, Address (SizeDir 8 (AddrPlus (FromReg RSP) (AddrImm 36))) 5
3519c: PUSH Reg RAX 1
3519d: MOVZX Reg EAX, Address (SizeDir 8 (AddrPlus (FromReg RSP) (AddrImm 43))) 5
351a2: PUSH Reg RAX 1
351a3: MOVZX Reg EAX, Address (SizeDir 8 (AddrPlus (FromReg RSP) (AddrImm 50))) 5
351a8: PUSH Reg RAX 1
351a9: MOVZX Reg EAX, Address (SizeDir 8 (AddrPlus (FromReg RSP) (AddrImm 57))) 5
351ae: PUSH Reg RAX 1
351af: MOVZX Reg EAX, Address (SizeDir 8 (AddrPlus (FromReg RSP) (AddrImm 64))) 5
351b4: PUSH Reg RAX 1
351b5: MOVZX Reg EAX, Address (SizeDir 8 (AddrPlus (FromReg RSP) (AddrImm 71))) 5
351ba: PUSH Reg RAX 1
351bb: MOVZX Reg EAX, Address (SizeDir 8 (AddrPlus (FromReg RSP) (AddrImm 78))) 5
351c0: PUSH Reg RAX 1
351c1: MOVZX Reg EAX, Address (SizeDir 8 (AddrPlus (FromReg RSP) (AddrImm 85))) 5
351c6: PUSH Reg RAX 1
351c7: MOVZX Reg EAX, Address (SizeDir 8 (AddrPlus (FromReg RSP) (AddrImm 92))) 5
351cc: PUSH Reg RAX 1
351cd: MOVZX Reg R9D, Address (SizeDir 8 (AddrPlus (FromReg RSP) (AddrImm 99))) 6
351d3: XOR Reg EAX, Reg EAX 2
351d5: MOVZX Reg R8D, Address (SizeDir 8 (AddrPlus (FromReg RSP) (AddrImm 98))) 6
351db: CALL libxl__sprintf (internal)
  |
  `- 3c540
351e0: LEA Reg RSI, Address (AddrPlus (FromReg RIP) (AddrImm 406809)) 7
351e7: MOV Reg R8, Reg RAX 3
351ea: MOV Reg RDI, Reg RBP 3
351ed: ADD Reg RSP, Immediate 96 4
351f1: MOV Reg R9, Reg R14 3
351f4: MOV Reg ECX, Reg R12D 3
351f7: MOV Reg RDX, Reg R13 3
351fa: XOR Reg EAX, Reg EAX 2
351fc: CALL libxl__sprintf (internal)
35201: MOV Reg RBP, Reg RAX 3
35204: MOV Reg RDI, Reg RBX 3
35207: CALL libxl_dominfo_dispose (external)
3520c: MOV Reg RSI, Address (SizeDir 64 (AddrPlus (FromReg RSP) (AddrImm 120))) 5
35211: XOR Reg RSI, Address (SizeDir 64 (AddrPlus (FromReg FS) (AddrImm 40))) 9
3521a: MOV Reg RAX, Reg RBP 3
3521d: JNZ 3527b (resolved immediate)
  |
  `- 3521f,3527b
3521f: ADD Reg RSP, Immediate 136 7
35226: POP Reg RBX 1
35227: POP Reg RBP 1
35228: POP Reg R12 2
3522a: POP Reg R13 2
3522c: POP Reg R14 2
3522e: POP Reg R15 2
35230: RET  1
  |
  `- 
35238: CALL __errno_location (external)
3523d: LEA Reg RCX, Address (AddrPlus (FromReg RIP) (AddrImm 406668)) 7
35244: SUB Reg RSP, Immediate 8 4
35248: MOV Reg RDI, Address (SizeDir 64 (AddrPlus (FromReg RBP) (AddrImm 16))) 4
3524c: PUSH Reg R12 2
3524e: LEA Reg R9, Address (AddrPlus (FromReg RIP) (AddrImm 407019)) 7
35255: MOV Reg R8D, Immediate 1391 6
3525b: PUSH Reg RCX 1
3525c: PUSH Immediate 18446744073709551615 2
3525e: LEA Reg RCX, Address (AddrPlus (FromReg RIP) (AddrImm 403973)) 7
35265: MOV Reg EDX, Address (SizeDir 32 (FromReg RAX)) 2
35267: MOV Reg ESI, Immediate 8 5
3526c: XOR Reg EAX, Reg EAX 2
3526e: XOR Reg EBP, Reg EBP 2
35270: CALL libxl__log (internal)
  |
  `- 
35275: ADD Reg RSP, Immediate 32 4
35279: JMP 35204 (resolved immediate)
  |
  `- 35204
3527b: CALL __stack_chk_fail (external)
  |
  `- 
353c0: PUSH Reg R15 2
353c2: PUSH Reg R14 2
353c4: MOV Reg R14, Reg RCX 3
353c7: PUSH Reg R13 2
353c9: PUSH Reg R12 2
353cb: LEA Reg RCX, Address (AddrPlus (FromReg RIP) (AddrImm 385350)) 7
353d2: PUSH Reg RBP 1
353d3: PUSH Reg RBX 1
353d4: MOV Reg R13D, Reg ESI 3
353d7: MOV Reg RBX, Reg RDI 3
353da: MOV Reg R15, Reg RDX 3
353dd: MOV Reg EBP, Reg R8D 3
353e0: SUB Reg RSP, Immediate 8 4
353e4: CALL libxl__userdata_path (internal)
  |
  `- 35120
353e9: TEST Reg RAX, Reg RAX 3
353ec: JZ 35520 (resolved immediate)
  |
  `- 353f2,35520
353f2: TEST Reg EBP, Reg EBP 2
353f4: MOV Reg R12, Reg RAX 3
353f7: JZ 354d0 (resolved immediate)
  |
  `- 353fd,354d0
353fd: LEA Reg RCX, Address (AddrPlus (FromReg RIP) (AddrImm 409883)) 7
35404: MOV Reg ESI, Reg R13D 3
35407: MOV Reg RDX, Reg R15 3
3540a: MOV Reg RDI, Reg RBX 3
3540d: CALL libxl__userdata_path (internal)
35412: TEST Reg RAX, Reg RAX 3
35415: MOV Reg R13, Reg RAX 3
35418: JZ 35520 (resolved immediate)
  |
  `- 3541e,35520
3541e: MOV Reg RDI, Reg RAX 3
35421: MOV Reg EDX, Immediate 384 5
35426: XOR Reg EAX, Reg EAX 2
35428: MOV Reg ESI, Immediate 578 5
3542d: CALL open (external)
35432: TEST Reg EAX, Reg EAX 2
35434: MOV Reg R15D, Reg EAX 3
35437: JNS 35490 (resolved immediate)
  |
  `- 35439,35490
35439: CALL __errno_location (external)
3543e: MOV Reg EBP, Address (SizeDir 32 (FromReg RAX)) 2
35440: LEA Reg RAX, Address (AddrPlus (FromReg RIP) (AddrImm 404438)) 7
35447: MOV Reg RDI, Address (SizeDir 64 (AddrPlus (FromReg RBX) (AddrImm 16))) 4
3544b: PUSH Reg R12 2
3544d: LEA Reg R9, Address (AddrPlus (FromReg RIP) (AddrImm 406428)) 7
35454: PUSH Reg R13 2
35456: LEA Reg RCX, Address (AddrPlus (FromReg RIP) (AddrImm 403469)) 7
3545d: PUSH Reg RAX 1
3545e: PUSH Immediate 18446744073709551615 2
35460: XOR Reg EAX, Reg EAX 2
35462: MOV Reg R8D, Immediate 1500 6
35468: MOV Reg EDX, Reg EBP 2
3546a: MOV Reg ESI, Immediate 8 5
3546f: CALL libxl__log (internal)
35474: ADD Reg RSP, Immediate 32 4
35478: MOV Reg EAX, Immediate 4294967293 5
3547d: ADD Reg RSP, Immediate 8 4
35481: POP Reg RBX 1
35482: POP Reg RBP 1
35483: POP Reg R12 2
35485: POP Reg R13 2
35487: POP Reg R14 2
35489: POP Reg R15 2
3548b: RET  1
  |
  `- 
35490: MOV Reg RDI, Address (SizeDir 64 (AddrPlus (FromReg RBX) (AddrImm 16))) 4
35494: LEA Reg R8, Address (AddrPlus (FromReg RIP) (AddrImm 404345)) 7
3549b: MOVSXD Reg RCX, Reg EBP 3
3549e: MOV Reg R9, Reg R13 3
354a1: MOV Reg RDX, Reg R14 3
354a4: MOV Reg ESI, Reg EAX 2
354a6: CALL libxl_write_exactly (external)
354ab: TEST Reg EAX, Reg EAX 2
354ad: JZ 354f0 (resolved immediate)
  |
  `- 354af,354f0
354af: CALL __errno_location (external)
354b4: MOV Reg EBP, Address (SizeDir 32 (FromReg RAX)) 2
354b6: MOV Reg R14, Reg RAX 3
354b9: MOV Reg EDI, Reg R15D 3
354bc: CALL close (external)
354c1: MOV Address (SizeDir 32 (FromReg R14)), Reg EBP 3
354c4: JMP 35440 (resolved immediate)
  |
  `- 35440
354d0: ADD Reg RSP, Immediate 8 4
354d4: MOV Reg RDI, Reg RBX 3
354d7: MOV Reg RSI, Reg RAX 3
354da: POP Reg RBX 1
354db: POP Reg RBP 1
354dc: POP Reg R12 2
354de: POP Reg R13 2
354e0: POP Reg R14 2
354e2: POP Reg R15 2
354e4: JMP 324c0 (resolved immediate)
  |
  `- 324c0
354f0: MOV Reg EDI, Reg R15D 3
354f3: CALL close (external)
354f8: TEST Reg EAX, Reg EAX 2
354fa: JS 35439 (resolved immediate)
  |
  `- 35439,35500
35500: MOV Reg RSI, Reg R12 3
35503: MOV Reg RDI, Reg R13 3
35506: CALL rename (external)
3550b: TEST Reg EAX, Reg EAX 2
3550d: JZ 3547d (resolved immediate)
  |
  `- 3547d
35520: MOV Reg EAX, Immediate 4294967291 5
35525: JMP 3547d (resolved immediate)
  |
  `- 3547d
3be40: PUSH Reg R15 2
3be42: PUSH Reg R14 2
3be44: MOV Reg R15, Reg RDI 3
3be47: PUSH Reg R13 2
3be49: PUSH Reg R12 2
3be4b: MOV Reg R12, Reg RCX 3
3be4e: PUSH Reg RBP 1
3be4f: PUSH Reg RBX 1
3be50: MOV Reg EBP, Reg R8D 3
3be53: MOV Reg RBX, Reg R9 3
3be56: SUB Reg RSP, Immediate 584 7
3be5d: MOV Address (SizeDir 32 (AddrPlus (FromReg RSP) (AddrImm 4))), Reg ESI 4
3be61: MOV Address (SizeDir 32 (AddrPlus (FromReg RSP) (AddrImm 8))), Reg EDX 4
3be65: MOV Reg RAX, Address (SizeDir 64 (AddrPlus (FromReg FS) (AddrImm 40))) 9
3be6e: MOV Address (SizeDir 64 (AddrPlus (FromReg RSP) (AddrImm 568))), Reg RAX 8
3be76: XOR Reg EAX, Reg EAX 2
3be78: MOV Address (SizeDir 64 (AddrPlus (FromReg RSP) (AddrImm 40))), Immediate 0 9
3be81: CALL __errno_location (external)
3be86: MOV Reg RCX, Address (SizeDir 64 (AddrPlus (FromReg RSP) (AddrImm 656))) 8
3be8e: MOV Reg RDX, Address (SizeDir 64 (AddrPlus (FromReg RSP) (AddrImm 648))) 8
3be96: LEA Reg RDI, Address (AddrPlus (FromReg RSP) (AddrImm 40)) 5
3be9b: MOV Reg ESI, Immediate 1 5
3bea0: MOV Reg R13, Reg RAX 3
3bea3: MOV Reg R14D, Address (SizeDir 32 (FromReg RAX)) 3
3bea6: CALL __vasprintf_chk (external)
3beab: TEST Reg RBX, Reg RBX 3
3beae: SETNZ Address (SizeDir 8 (AddrPlus (FromReg RSP) (AddrImm 15))) 5
3beb3: TEST Reg EAX, Reg EAX 2
3beb5: JS 3c0a0 (resolved immediate)
  |
  `- 3bebb,3c0a0
3bebb: TEST Reg R12, Reg R12 3
3bebe: MOV Address (SizeDir 8 (AddrPlus (FromReg RSP) (AddrImm 48))), Immediate 0 5
3bec3: JZ 3bf50 (resolved immediate)
  |
  `- 3bec9,3bf50
3bec9: LEA Reg R10, Address (AddrPlus (FromReg RSP) (AddrImm 48)) 5
3bece: SUB Reg RSP, Immediate 8 4
3bed2: LEA Reg R8, Address (AddrPlus (FromReg RIP) (AddrImm 362554)) 7
3bed9: PUSH Reg RBP 1
3beda: MOV Reg EDX, Immediate 1 5
3bedf: XOR Reg EAX, Reg EAX 2
3bee1: MOV Reg RDI, Reg R10 3
3bee4: MOV Reg R9, Reg R12 3
3bee7: MOV Reg ECX, Immediate 256 5
3beec: MOV Reg ESI, Immediate 256 5
3bef1: MOV Address (SizeDir 64 (AddrPlus (FromReg RSP) (AddrImm 32))), Reg R10 5
3bef6: CALL __snprintf_chk (external)
3befb: MOV Address (SizeDir 8 (AddrPlus (FromReg RSP) (AddrImm 319))), Immediate 0 8
3bf03: MOV Address (SizeDir 8 (AddrPlus (FromReg RSP) (AddrImm 320))), Immediate 0 8
3bf0b: POP Reg RAX 1
3bf0c: POP Reg RDX 1
3bf0d: CMP Address (SizeDir 32 (AddrPlus (FromReg RSP) (AddrImm 640))), Immediate 4294967295 8
3bf15: MOV Reg R10, Address (SizeDir 64 (AddrPlus (FromReg RSP) (AddrImm 16))) 5
3bf1a: JNZ 3bfc0 (resolved immediate)
  |
  `- 3bf20,3bfc0
3bf20: TEST Reg RBX, Reg RBX 3
3bf23: MOV Reg RCX, Address (SizeDir 64 (AddrPlus (FromReg RSP) (AddrImm 40))) 5
3bf28: JZ 3c0c6 (resolved immediate)
  |
  `- 3bf2e,3c0c6
3bf2e: LEA Reg RDX, Address (AddrPlus (FromReg RIP) (AddrImm 386002)) 7
3bf35: LEA Reg RAX, Address (AddrPlus (FromReg RIP) (AddrImm 408678)) 7
3bf3c: LEA Reg RBP, Address (AddrPlus (FromReg RIP) (AddrImm 386109)) 7
3bf43: LEA Reg R11, Address (AddrPlus (FromReg RSP) (AddrImm 304)) 8
3bf4b: JMP 3c031 (resolved immediate)
  |
  `- 3c031
3bf50: CMP Address (SizeDir 32 (AddrPlus (FromReg RSP) (AddrImm 640))), Immediate 4294967295 8
3bf58: MOV Address (SizeDir 8 (AddrPlus (FromReg RSP) (AddrImm 303))), Immediate 0 8
3bf60: LEA Reg R10, Address (AddrPlus (FromReg RSP) (AddrImm 48)) 5
3bf65: MOV Address (SizeDir 8 (AddrPlus (FromReg RSP) (AddrImm 304))), Immediate 0 8
3bf6d: JNZ 3bfc0 (resolved immediate)
  |
  `- 3bf6f,3bfc0
3bf6f: TEST Reg R12, Reg R12 3
3bf72: MOV Reg RCX, Address (SizeDir 64 (AddrPlus (FromReg RSP) (AddrImm 40))) 5
3bf77: LEA Reg RBP, Address (AddrPlus (FromReg RIP) (AddrImm 386050)) 7
3bf7e: LEA Reg R10, Address (AddrPlus (FromReg RSP) (AddrImm 48)) 5
3bf83: LEA Reg R11, Address (AddrPlus (FromReg RSP) (AddrImm 304)) 8
3bf8b: JZ 3c019 (resolved immediate)
  |
  `- 3c019
3bf98: TEST Reg RBX, Reg RBX 3
3bf9b: JZ 3c0eb (resolved immediate)
  |
  `- 3bfa1,3c0eb
3bfa1: LEA Reg RAX, Address (AddrPlus (FromReg RIP) (AddrImm 396536)) 7
3bfa8: LEA Reg RSI, Address (AddrPlus (FromReg RIP) (AddrImm 408563)) 7
3bfaf: TEST Reg R12, Reg R12 3
3bfb2: LEA Reg RDX, Address (AddrPlus (FromReg RIP) (AddrImm 385870)) 7
3bfb9: CMOVNZ Reg RAX, Reg RSI 4
3bfbd: JMP 3c031 (resolved immediate)
  |
  `- 3c031
3bfc0: LEA Reg R11, Address (AddrPlus (FromReg RSP) (AddrImm 304)) 8
3bfc8: MOV Reg R9D, Address (SizeDir 32 (AddrPlus (FromReg RSP) (AddrImm 640))) 8
3bfd0: LEA Reg R8, Address (AddrPlus (FromReg RIP) (AddrImm 385843)) 7
3bfd7: MOV Reg ECX, Immediate 256 5
3bfdc: MOV Reg EDX, Immediate 1 5
3bfe1: MOV Reg ESI, Immediate 256 5
3bfe6: MOV Reg RDI, Reg R11 3
3bfe9: XOR Reg EAX, Reg EAX 2
3bfeb: MOV Address (SizeDir 64 (AddrPlus (FromReg RSP) (AddrImm 24))), Reg R10 5
3bff0: MOV Address (SizeDir 64 (AddrPlus (FromReg RSP) (AddrImm 16))), Reg R11 5
3bff5: LEA Reg RBP, Address (AddrPlus (FromReg RIP) (AddrImm 385924)) 7
3bffc: CALL __snprintf_chk (external)
3c001: MOV Reg RCX, Address (SizeDir 64 (AddrPlus (FromReg RSP) (AddrImm 40))) 5
3c006: MOV Reg R11, Address (SizeDir 64 (AddrPlus (FromReg RSP) (AddrImm 16))) 5
3c00b: MOV Reg R10, Address (SizeDir 64 (AddrPlus (FromReg RSP) (AddrImm 24))) 5
3c010: TEST Reg R12, Reg R12 3
3c013: JNZ 3bf98 (resolved immediate)
  |
  `- 3bf98,3c019
3c019: CMP Address (SizeDir 8 (AddrPlus (FromReg RSP) (AddrImm 15))), Immediate 0 5
3c01e: JNZ 3bf98 (resolved immediate)
  |
  `- 3bf98,3c024
3c024: LEA Reg RBX, Address (AddrPlus (FromReg RIP) (AddrImm 396405)) 7
3c02b: MOV Reg RDX, Reg RBX 3
3c02e: MOV Reg RAX, Reg RBX 3
3c031: SUB Reg RSP, Immediate 8 4
3c035: MOV Reg RDI, Address (SizeDir 64 (FromReg R15)) 3
3c038: LEA Reg R8, Address (AddrPlus (FromReg RIP) (AddrImm 385750)) 7
3c03f: PUSH Reg RCX 1
3c040: PUSH Reg R11 2
3c042: LEA Reg RCX, Address (AddrPlus (FromReg RIP) (AddrImm 358278)) 7
3c049: PUSH Reg RDX 1
3c04a: PUSH Reg RBX 1
3c04b: MOV Reg R9, Reg R10 3
3c04e: PUSH Reg RAX 1
3c04f: MOV Reg EDX, Address (SizeDir 32 (AddrPlus (FromReg RSP) (AddrImm 56))) 4
3c053: XOR Reg EAX, Reg EAX 2
3c055: MOV Reg ESI, Address (SizeDir 32 (AddrPlus (FromReg RSP) (AddrImm 52))) 4
3c059: CALL xtl_log (external)
3c05e: MOV Reg RDI, Address (SizeDir 64 (AddrPlus (FromReg RSP) (AddrImm 88))) 5
3c063: ADD Reg RSP, Immediate 48 4
3c067: CMP Reg RDI, Reg RBP 3
3c06a: JZ 3c071 (resolved immediate)
  |
  `- 3c06c,3c071
3c06c: CALL free (external)
3c071: MOV Reg RAX, Address (SizeDir 64 (AddrPlus (FromReg RSP) (AddrImm 568))) 8
3c079: XOR Reg RAX, Address (SizeDir 64 (AddrPlus (FromReg FS) (AddrImm 40))) 9
3c082: MOV Address (SizeDir 32 (AddrPlus (FromReg R13) (AddrImm 0))), Reg R14D 4
3c086: JNZ 3c0c1 (resolved immediate)
  |
  `- 3c088,3c0c1
3c088: ADD Reg RSP, Immediate 584 7
3c08f: POP Reg RBX 1
3c090: POP Reg RBP 1
3c091: POP Reg R12 2
3c093: POP Reg R13 2
3c095: POP Reg R14 2
3c097: POP Reg R15 2
3c099: RET  1
  |
  `- 
3c0a0: LEA Reg RBP, Address (AddrPlus (FromReg RIP) (AddrImm 385753)) 7
3c0a7: LEA Reg R10, Address (AddrPlus (FromReg RSP) (AddrImm 48)) 5
3c0ac: LEA Reg R11, Address (AddrPlus (FromReg RSP) (AddrImm 304)) 8
3c0b4: MOV Address (SizeDir 64 (AddrPlus (FromReg RSP) (AddrImm 40))), Reg RBP 5
3c0b9: MOV Reg RCX, Reg RBP 3
3c0bc: JMP 3c010 (resolved immediate)
  |
  `- 3c010
3c0c1: CALL __stack_chk_fail (external)
  |
  `- 
3c0c6: LEA Reg RBX, Address (AddrPlus (FromReg RIP) (AddrImm 396243)) 7
3c0cd: LEA Reg RDX, Address (AddrPlus (FromReg RIP) (AddrImm 385587)) 7
3c0d4: LEA Reg RBP, Address (AddrPlus (FromReg RIP) (AddrImm 385701)) 7
3c0db: LEA Reg R11, Address (AddrPlus (FromReg RSP) (AddrImm 304)) 8
3c0e3: MOV Reg RAX, Reg RBX 3
3c0e6: JMP 3c031 (resolved immediate)
  |
  `- 3c031
3c0eb: LEA Reg RBX, Address (AddrPlus (FromReg RIP) (AddrImm 396206)) 7
3c0f2: LEA Reg RDX, Address (AddrPlus (FromReg RIP) (AddrImm 385550)) 7
3c0f9: MOV Reg RAX, Reg RBX 3
3c0fc: JMP 3c031 (resolved immediate)
  |
  `- 3c031
3c110: SUB Reg RSP, Immediate 216 7
3c117: TEST Reg AL, Reg AL 2
3c119: MOV Reg R10, Address (SizeDir 64 (AddrPlus (FromReg RSP) (AddrImm 232))) 8
3c121: JZ 3c15a (resolved immediate)
  |
  `- 3c123,3c15a
3c123: MOVAPS Address (SizeDir 128 (AddrPlus (FromReg RSP) (AddrImm 80))), Reg XMM0 5
3c128: MOVAPS Address (SizeDir 128 (AddrPlus (FromReg RSP) (AddrImm 96))), Reg XMM1 5
3c12d: MOVAPS Address (SizeDir 128 (AddrPlus (FromReg RSP) (AddrImm 112))), Reg XMM2 5
3c132: MOVAPS Address (SizeDir 128 (AddrPlus (FromReg RSP) (AddrImm 128))), Reg XMM3 8
3c13a: MOVAPS Address (SizeDir 128 (AddrPlus (FromReg RSP) (AddrImm 144))), Reg XMM4 8
3c142: MOVAPS Address (SizeDir 128 (AddrPlus (FromReg RSP) (AddrImm 160))), Reg XMM5 8
3c14a: MOVAPS Address (SizeDir 128 (AddrPlus (FromReg RSP) (AddrImm 176))), Reg XMM6 8
3c152: MOVAPS Address (SizeDir 128 (AddrPlus (FromReg RSP) (AddrImm 192))), Reg XMM7 8
3c15a: MOV Reg RAX, Address (SizeDir 64 (AddrPlus (FromReg FS) (AddrImm 40))) 9
3c163: MOV Address (SizeDir 64 (AddrPlus (FromReg RSP) (AddrImm 24))), Reg RAX 5
3c168: XOR Reg EAX, Reg EAX 2
3c16a: LEA Reg RAX, Address (AddrPlus (FromReg RSP) (AddrImm 240)) 8
3c172: MOV Address (SizeDir 64 (AddrPlus (FromReg RSP) (AddrImm 8))), Reg RAX 5
3c177: LEA Reg RAX, Address (AddrPlus (FromReg RSP) (AddrImm 32)) 5
3c17c: MOV Address (SizeDir 32 (FromReg RSP)), Immediate 48 7
3c183: MOV Address (SizeDir 32 (AddrPlus (FromReg RSP) (AddrImm 4))), Immediate 48 8
3c18b: SUB Reg RSP, Immediate 8 4
3c18f: MOV Address (SizeDir 64 (AddrPlus (FromReg RSP) (AddrImm 24))), Reg RAX 5
3c194: LEA Reg RAX, Address (AddrPlus (FromReg RSP) (AddrImm 8)) 5
3c199: PUSH Reg RAX 1
3c19a: PUSH Reg R10 2
3c19c: MOV Reg EAX, Address (SizeDir 32 (AddrPlus (FromReg RSP) (AddrImm 248))) 7
3c1a3: PUSH Reg RAX 1
3c1a4: CALL libxl__logv (internal)
  |
  `- 3be40
3c1a9: ADD Reg RSP, Immediate 32 4
3c1ad: MOV Reg RAX, Address (SizeDir 64 (AddrPlus (FromReg RSP) (AddrImm 24))) 5
3c1b2: XOR Reg RAX, Address (SizeDir 64 (AddrPlus (FromReg FS) (AddrImm 40))) 9
3c1bb: JNZ 3c1c5 (resolved immediate)
  |
  `- 3c1bd,3c1c5
3c1bd: ADD Reg RSP, Immediate 216 7
3c1c4: RET  1
  |
  `- 
3c1c5: CALL __stack_chk_fail (external)
  |
  `- 
3c1d0: TEST Reg RCX, Reg RCX 3
3c1d3: PUSH Reg R14 2
3c1d5: PUSH Reg R13 2
3c1d7: PUSH Reg R12 2
3c1d9: PUSH Reg RBP 1
3c1da: PUSH Reg RBX 1
3c1db: MOV Reg RBX, Reg RSI 3
3c1de: JZ 3c24b (resolved immediate)
  |
  `- 3c1e0,3c24b
3c1e0: LEA Reg R14, Address (AddrPlus (FromReg RIP) (AddrImm 385473)) 7
3c1e7: SUB Reg RSP, Immediate 8 4
3c1eb: MOV Reg R9, Reg RSI 3
3c1ee: PUSH Reg RCX 1
3c1ef: PUSH Reg RDX 1
3c1f0: MOV Reg R13, Reg RDX 3
3c1f3: PUSH Reg RSI 1
3c1f4: PUSH Reg R14 2
3c1f6: MOV Reg R12, Reg RCX 3
3c1f9: PUSH Immediate 18446744073709551615 2
3c1fb: XOR Reg R8D, Reg R8D 3
3c1fe: XOR Reg ECX, Reg ECX 2
3c200: MOV Reg EDX, Immediate 12 5
3c205: MOV Reg ESI, Immediate 9 5
3c20a: XOR Reg EAX, Reg EAX 2
3c20c: CALL libxl__log (internal)
3c211: MOV Reg RBP, Address (SizeDir 64 (AddrPlus (FromReg RIP) (AddrImm 2665928))) 7
3c218: ADD Reg RSP, Immediate 48 4
3c21c: MOV Reg R9, Reg R12 3
3c21f: MOV Reg R8, Reg R13 3
3c222: MOV Reg RCX, Reg RBX 3
3c225: MOV Reg RDX, Reg R14 3
3c228: MOV Reg ESI, Immediate 1 5
3c22d: XOR Reg EAX, Reg EAX 2
3c22f: MOV Reg RDI, Address (SizeDir 64 (AddrPlus (FromReg RBP) (AddrImm 0))) 4
3c233: CALL __fprintf_chk (external)
3c238: MOV Reg RDI, Address (SizeDir 64 (AddrPlus (FromReg RBP) (AddrImm 0))) 4
3c23c: CALL fflush (external)
3c241: MOV Reg EDI, Immediate 4294967295 5
3c246: CALL _exit (external)
  |
  `- 
3c24b: LEA Reg R12, Address (AddrPlus (FromReg RIP) (AddrImm 385430)) 7
3c252: SUB Reg RSP, Immediate 8 4
3c256: MOV Reg R9, Reg RSI 3
3c259: PUSH Reg RSI 1
3c25a: XOR Reg ECX, Reg ECX 2
3c25c: XOR Reg EAX, Reg EAX 2
3c25e: PUSH Reg R12 2
3c260: PUSH Immediate 18446744073709551615 2
3c262: XOR Reg R8D, Reg R8D 3
3c265: MOV Reg EDX, Immediate 12 5
3c26a: MOV Reg ESI, Immediate 9 5
3c26f: CALL libxl__log (internal)
3c274: MOV Reg RBP, Address (SizeDir 64 (AddrPlus (FromReg RIP) (AddrImm 2665829))) 7
3c27b: ADD Reg RSP, Immediate 32 4
3c27f: MOV Reg RCX, Reg RBX 3
3c282: MOV Reg RDX, Reg R12 3
3c285: MOV Reg ESI, Immediate 1 5
3c28a: XOR Reg EAX, Reg EAX 2
3c28c: MOV Reg RDI, Address (SizeDir 64 (AddrPlus (FromReg RBP) (AddrImm 0))) 4
3c290: CALL __fprintf_chk (external)
3c295: JMP 3c238 (resolved immediate)
  |
  `- 3c238
3c2a0: MOV Reg R8D, Address (SizeDir 32 (FromReg RDI)) 3
3c2a3: TEST Reg R8D, Reg R8D 3
3c2a6: JS 3c378 (resolved immediate)
  |
  `- 3c2ac,3c378
3c2ac: TEST Reg RSI, Reg RSI 3
3c2af: JZ 3c378 (resolved immediate)
  |
  `- 3c2b5,3c378
3c2b5: TEST Reg R8D, Reg R8D 3
3c2b8: JZ 3c2f7 (resolved immediate)
  |
  `- 3c2ba,3c2f7
3c2ba: MOV Reg RDX, Address (SizeDir 64 (AddrPlus (FromReg RDI) (AddrImm 8))) 4
3c2be: CMP Address (SizeDir 64 (FromReg RDX)), Immediate 0 4
3c2c2: JZ 3c380 (resolved immediate)
  |
  `- 3c2c8,3c380
3c2c8: LEA Reg RAX, Address (AddrPlus (FromReg RDX) (AddrImm 8)) 4
3c2cc: LEA Reg EDX, Address (AddrMinus (FromReg R8) (AddrImm 1)) 4
3c2d0: LEA Reg RCX, Address (AddrPlus (FromReg RAX) (AddrTimes (AddrImm 8) (FromReg RDX))) 4
3c2d4: JMP 3c2f2 (resolved immediate)
  |
  `- 3c2f2
3c2e0: MOV Reg RDX, Reg RAX 3
3c2e3: ADD Reg RAX, Immediate 8 4
3c2e7: CMP Address (SizeDir 64 (AddrMinus (FromReg RAX) (AddrImm 8))), Immediate 0 5
3c2ec: JZ 3c380 (resolved immediate)
  |
  `- 3c2f2,3c380
3c2f2: CMP Reg RAX, Reg RCX 3
3c2f5: JNZ 3c2e0 (resolved immediate)
  |
  `- 3c2e0,3c2f7
3c2f7: PUSH Reg R13 2
3c2f9: PUSH Reg R12 2
3c2fb: MOV Reg R12, Reg RSI 3
3c2fe: PUSH Reg RBP 1
3c2ff: LEA Reg EBP, Address (AddrPlus (AddrPlus (FromReg R8) (FromReg R8)) (AddrImm 25)) 5
3c304: PUSH Reg RBX 1
3c305: MOV Reg RBX, Reg RDI 3
3c308: SUB Reg RSP, Immediate 8 4
3c30c: CMP Reg EBP, Immediate 134217726 6
3c312: JG 3c39c (resolved immediate)
  |
  `- 3c318,3c39c
3c318: MOVSXD Reg R13, Reg EBP 3
3c31b: MOV Reg RDI, Address (SizeDir 64 (AddrPlus (FromReg RDI) (AddrImm 8))) 4
3c31f: LEA Reg RSI, Address (AddrPlus (AddrTimes (AddrImm 8) (FromReg R13)) (AddrImm 0)) 8
3c327: CALL realloc (external)
3c32c: TEST Reg RAX, Reg RAX 3
3c32f: MOV Address (SizeDir 64 (AddrPlus (FromReg RBX) (AddrImm 8))), Reg RAX 4
3c333: JZ 3c384 (resolved immediate)
  |
  `- 3c335,3c384
3c335: MOVSXD Reg RDX, Address (SizeDir 32 (FromReg RBX)) 3
3c338: LEA Reg ECX, Address (AddrPlus (FromReg RDX) (AddrImm 1)) 3
3c33b: MOV Address (SizeDir 32 (FromReg RBX)), Reg ECX 2
3c33d: MOV Address (SizeDir 64 (AddrPlus (FromReg RAX) (AddrTimes (AddrImm 8) (FromReg RDX)))), Reg R12 4
3c341: MOVSXD Reg RAX, Address (SizeDir 32 (FromReg RBX)) 3
3c344: CMP Reg EBP, Reg EAX 2
3c346: JLE 3c368 (resolved immediate)
  |
  `- 3c348,3c368
3c348: NOP  8
3c350: MOV Reg RDX, Address (SizeDir 64 (AddrPlus (FromReg RBX) (AddrImm 8))) 4
3c354: LEA Reg ECX, Address (AddrPlus (FromReg RAX) (AddrImm 1)) 3
3c357: MOV Address (SizeDir 32 (FromReg RBX)), Reg ECX 2
3c359: MOV Address (SizeDir 64 (AddrPlus (FromReg RDX) (AddrTimes (AddrImm 8) (FromReg RAX)))), Immediate 0 8
3c361: MOVSXD Reg RAX, Address (SizeDir 32 (FromReg RBX)) 3
3c364: CMP Reg EAX, Reg EBP 2
3c366: JL 3c350 (resolved immediate)
  |
  `- 3c350,3c368
3c368: ADD Reg RSP, Immediate 8 4
3c36c: POP Reg RBX 1
3c36d: POP Reg RBP 1
3c36e: POP Reg R12 2
3c370: POP Reg R13 2
3c372: RET  1
  |
  `- 
3c378: REPZ RET  2
  |
  `- 
3c380: MOV Address (SizeDir 64 (FromReg RDX)), Reg RSI 3
3c383: RET  1
  |
  `- 
3c384: MOV Reg RDI, Address (SizeDir 64 (AddrPlus (FromReg RBX) (AddrImm 16))) 4
3c388: LEA Reg RSI, Address (AddrPlus (FromReg RIP) (AddrImm 385873)) 7
3c38f: MOV Reg ECX, Immediate 8 5
3c394: MOV Reg RDX, Reg R13 3
3c397: CALL libxl__alloc_failed (internal)
  |
  `- 
3c39c: LEA Reg RCX, Address (AddrPlus (FromReg RIP) (AddrImm 385869)) 7
3c3a3: LEA Reg RSI, Address (AddrPlus (FromReg RIP) (AddrImm 384822)) 7
3c3aa: LEA Reg RDI, Address (AddrPlus (FromReg RIP) (AddrImm 385135)) 7
3c3b1: MOV Reg EDX, Immediate 62 5
3c3b6: CALL __assert_fail (external)
  |
  `- 
3c410: PUSH Reg R12 2
3c412: PUSH Reg RBP 1
3c413: MOV Reg RBP, Reg RSI 3
3c416: PUSH Reg RBX 1
3c417: MOV Reg R12, Reg RDI 3
3c41a: MOV Reg ESI, Immediate 1 5
3c41f: MOV Reg RDI, Reg RBP 3
3c422: CALL calloc (external)
3c427: TEST Reg RAX, Reg RAX 3
3c42a: JZ 3c442 (resolved immediate)
  |
  `- 3c42c,3c442
3c42c: MOV Reg RBX, Reg RAX 3
3c42f: MOV Reg RSI, Reg RAX 3
3c432: MOV Reg RDI, Reg R12 3
3c435: CALL libxl__ptr_add (internal)
  |
  `- 3c2a0
3c43a: MOV Reg RAX, Reg RBX 3
3c43d: POP Reg RBX 1
3c43e: POP Reg RBP 1
3c43f: POP Reg R12 2
3c441: RET  1
  |
  `- 
3c442: MOV Reg RDI, Address (SizeDir 64 (AddrPlus (FromReg R12) (AddrImm 16))) 5
3c447: LEA Reg RSI, Address (AddrPlus (FromReg RIP) (AddrImm 385634)) 7
3c44e: MOV Reg ECX, Immediate 1 5
3c453: MOV Reg RDX, Reg RBP 3
3c456: CALL libxl__alloc_failed (internal)
  |
  `- 3c1d0
3c460: PUSH Reg R14 2
3c462: PUSH Reg R13 2
3c464: MOV Reg R8, Reg RSI 3
3c467: PUSH Reg R12 2
3c469: PUSH Reg RBP 1
3c46a: MOV Reg R13, Reg RDI 3
3c46d: PUSH Reg RBX 1
3c46e: XOR Reg EDI, Reg EDI 2
3c470: MOV Reg RBP, Reg RSI 3
3c473: MOV Reg R14, Reg RDX 3
3c476: XOR Reg ESI, Reg ESI 2
3c478: MOV Reg RCX, Immediate 18446744073709551615 7
3c47f: SUB Reg RSP, Immediate 32 4
3c483: MOV Reg RAX, Address (SizeDir 64 (AddrPlus (FromReg FS) (AddrImm 40))) 9
3c48c: MOV Address (SizeDir 64 (AddrPlus (FromReg RSP) (AddrImm 24))), Reg RAX 5
3c491: XOR Reg EAX, Reg EAX 2
3c493: MOV Reg R12, Reg RSP 3
3c496: MOVDQU Reg XMM0, Address (SizeDir 128 (FromReg RDX)) 4
3c49a: MOV Reg R9, Reg R12 3
3c49d: MOVUPS Address (SizeDir 128 (FromReg RSP)), Reg XMM0 4
3c4a1: MOV Reg RAX, Address (SizeDir 64 (AddrPlus (FromReg RDX) (AddrImm 16))) 4
3c4a5: MOV Reg EDX, Immediate 1 5
3c4aa: MOV Address (SizeDir 64 (AddrPlus (FromReg RSP) (AddrImm 16))), Reg RAX 5
3c4af: CALL __vsnprintf_chk (external)
3c4b4: TEST Reg EAX, Reg EAX 2
3c4b6: JS 3c51b (resolved immediate)
  |
  `- 3c4b8,3c51b
3c4b8: ADD Reg EAX, Immediate 1 3
3c4bb: MOV Reg RDI, Reg R13 3
3c4be: MOVSXD Reg RBX, Reg EAX 3
3c4c1: MOV Reg RSI, Reg RBX 3
3c4c4: CALL libxl__zalloc (internal)
  |
  `- 3c410
3c4c9: MOV Reg R13, Reg RAX 3
3c4cc: MOV Reg RAX, Address (SizeDir 64 (AddrPlus (FromReg R14) (AddrImm 16))) 4
3c4d0: MOV Reg RCX, Immediate 18446744073709551615 7
3c4d7: MOVDQU Reg XMM0, Address (SizeDir 128 (FromReg R14)) 5
3c4dc: MOV Reg R9, Reg R12 3
3c4df: MOV Reg R8, Reg RBP 3
3c4e2: MOV Reg EDX, Immediate 1 5
3c4e7: MOV Reg RSI, Reg RBX 3
3c4ea: MOV Reg RDI, Reg R13 3
3c4ed: MOV Address (SizeDir 64 (AddrPlus (FromReg RSP) (AddrImm 16))), Reg RAX 5
3c4f2: MOVUPS Address (SizeDir 128 (FromReg RSP)), Reg XMM0 4
3c4f6: CALL __vsnprintf_chk (external)
3c4fb: MOV Reg RCX, Address (SizeDir 64 (AddrPlus (FromReg RSP) (AddrImm 24))) 5
3c500: XOR Reg RCX, Address (SizeDir 64 (AddrPlus (FromReg FS) (AddrImm 40))) 9
3c509: MOV Reg RAX, Reg R13 3
3c50c: JNZ 3c53a (resolved immediate)
  |
  `- 3c50e,3c53a
3c50e: ADD Reg RSP, Immediate 32 4
3c512: POP Reg RBX 1
3c513: POP Reg RBP 1
3c514: POP Reg R12 2
3c516: POP Reg R13 2
3c518: POP Reg R14 2
3c51a: RET  1
  |
  `- 
3c51b: LEA Reg RCX, Address (AddrPlus (FromReg RIP) (AddrImm 385358)) 7
3c522: LEA Reg RSI, Address (AddrPlus (FromReg RIP) (AddrImm 384439)) 7
3c529: LEA Reg RDI, Address (AddrPlus (FromReg RIP) (AddrImm 384498)) 7
3c530: MOV Reg EDX, Immediate 152 5
3c535: CALL __assert_fail (external)
  |
  `- 
3c53a: CALL __stack_chk_fail (external)
  |
  `- 
3c540: SUB Reg RSP, Immediate 216 7
3c547: TEST Reg AL, Reg AL 2
3c549: MOV Address (SizeDir 64 (AddrPlus (FromReg RSP) (AddrImm 48))), Reg RDX 5
3c54e: MOV Address (SizeDir 64 (AddrPlus (FromReg RSP) (AddrImm 56))), Reg RCX 5
3c553: MOV Address (SizeDir 64 (AddrPlus (FromReg RSP) (AddrImm 64))), Reg R8 5
3c558: MOV Address (SizeDir 64 (AddrPlus (FromReg RSP) (AddrImm 72))), Reg R9 5
3c55d: JZ 3c596 (resolved immediate)
  |
  `- 3c55f,3c596
3c55f: MOVAPS Address (SizeDir 128 (AddrPlus (FromReg RSP) (AddrImm 80))), Reg XMM0 5
3c564: MOVAPS Address (SizeDir 128 (AddrPlus (FromReg RSP) (AddrImm 96))), Reg XMM1 5
3c569: MOVAPS Address (SizeDir 128 (AddrPlus (FromReg RSP) (AddrImm 112))), Reg XMM2 5
3c56e: MOVAPS Address (SizeDir 128 (AddrPlus (FromReg RSP) (AddrImm 128))), Reg XMM3 8
3c576: MOVAPS Address (SizeDir 128 (AddrPlus (FromReg RSP) (AddrImm 144))), Reg XMM4 8
3c57e: MOVAPS Address (SizeDir 128 (AddrPlus (FromReg RSP) (AddrImm 160))), Reg XMM5 8
3c586: MOVAPS Address (SizeDir 128 (AddrPlus (FromReg RSP) (AddrImm 176))), Reg XMM6 8
3c58e: MOVAPS Address (SizeDir 128 (AddrPlus (FromReg RSP) (AddrImm 192))), Reg XMM7 8
3c596: MOV Reg RAX, Address (SizeDir 64 (AddrPlus (FromReg FS) (AddrImm 40))) 9
3c59f: MOV Address (SizeDir 64 (AddrPlus (FromReg RSP) (AddrImm 24))), Reg RAX 5
3c5a4: XOR Reg EAX, Reg EAX 2
3c5a6: LEA Reg RAX, Address (AddrPlus (FromReg RSP) (AddrImm 224)) 8
3c5ae: MOV Reg RDX, Reg RSP 3
3c5b1: MOV Address (SizeDir 64 (AddrPlus (FromReg RSP) (AddrImm 8))), Reg RAX 5
3c5b6: LEA Reg RAX, Address (AddrPlus (FromReg RSP) (AddrImm 32)) 5
3c5bb: MOV Address (SizeDir 32 (FromReg RSP)), Immediate 16 7
3c5c2: MOV Address (SizeDir 32 (AddrPlus (FromReg RSP) (AddrImm 4))), Immediate 48 8
3c5ca: MOV Address (SizeDir 64 (AddrPlus (FromReg RSP) (AddrImm 16))), Reg RAX 5
3c5cf: CALL libxl__vsprintf (internal)
  |
  `- 3c460
3c5d4: MOV Reg RCX, Address (SizeDir 64 (AddrPlus (FromReg RSP) (AddrImm 24))) 5
3c5d9: XOR Reg RCX, Address (SizeDir 64 (AddrPlus (FromReg FS) (AddrImm 40))) 9
3c5e2: JNZ 3c5ec (resolved immediate)
  |
  `- 3c5e4,3c5ec
3c5e4: ADD Reg RSP, Immediate 216 7
3c5eb: RET  1
  |
  `- 
3c5ec: CALL __stack_chk_fail (external)
  |
  `- 
3d0d0: PUSH Reg R13 2
3d0d2: PUSH Reg R12 2
3d0d4: MOV Reg R12, Reg RDI 3
3d0d7: PUSH Reg RBP 1
3d0d8: PUSH Reg RBX 1
3d0d9: MOV Reg R13D, Reg ESI 3
3d0dc: MOV Reg RSI, Reg RDX 3
3d0df: SUB Reg RSP, Immediate 8 4
3d0e3: MOV Reg RDI, Address (SizeDir 64 (AddrPlus (FromReg RDI) (AddrImm 16))) 4
3d0e7: CALL libxl_domain_config_to_json (external)
3d0ec: TEST Reg RAX, Reg RAX 3
3d0ef: MOV Reg RBX, Reg RAX 3
3d0f2: JZ 3d16a (resolved immediate)
  |
  `- 3d0f4,3d16a
3d0f4: MOV Reg RDI, Reg RAX 3
3d0f7: CALL strlen (external)
3d0fc: LEA Reg RDX, Address (AddrPlus (FromReg RIP) (AddrImm 381548)) 7
3d103: LEA Reg R8D, Address (AddrPlus (FromReg RAX) (AddrImm 1)) 4
3d107: MOV Reg RCX, Reg RBX 3
3d10a: MOV Reg ESI, Reg R13D 3
3d10d: MOV Reg RDI, Reg R12 3
3d110: CALL libxl__userdata_store (internal)
  |
  `- 353c0
3d115: TEST Reg EAX, Reg EAX 2
3d117: MOV Reg EBP, Reg EAX 2
3d119: JNZ 3d130 (resolved immediate)
  |
  `- 3d11b,3d130
3d11b: MOV Reg RDI, Reg RBX 3
3d11e: CALL free (external)
3d123: ADD Reg RSP, Immediate 8 4
3d127: MOV Reg EAX, Reg EBP 2
3d129: POP Reg RBX 1
3d12a: POP Reg RBP 1
3d12b: POP Reg R12 2
3d12d: POP Reg R13 2
3d12f: RET  1
  |
  `- 
3d130: LEA Reg RAX, Address (AddrPlus (FromReg RIP) (AddrImm 381993)) 7
3d137: MOV Reg RDI, Address (SizeDir 64 (AddrPlus (FromReg R12) (AddrImm 16))) 5
3d13c: LEA Reg R9, Address (AddrPlus (FromReg RIP) (AddrImm 382045)) 7
3d143: LEA Reg RCX, Address (AddrPlus (FromReg RIP) (AddrImm 381334)) 7
3d14a: MOV Reg R8D, Immediate 540 6
3d150: MOV Reg EDX, Reg EBP 2
3d152: PUSH Reg RAX 1
3d153: PUSH Reg R13 2
3d155: XOR Reg EAX, Reg EAX 2
3d157: MOV Reg ESI, Immediate 8 5
3d15c: MOV Reg EBP, Immediate 4294967293 5
3d161: CALL libxl__log (internal)
  |
  `- 3d166,3c110
3d166: POP Reg RAX 1
3d167: POP Reg RDX 1
3d168: JMP 3d11b (resolved immediate)
  |
  `- 3d11b
3d16a: CALL __errno_location (external)
3d16f: LEA Reg RCX, Address (AddrPlus (FromReg RIP) (AddrImm 381882)) 7
3d176: MOV Reg RDI, Address (SizeDir 64 (AddrPlus (FromReg R12) (AddrImm 16))) 5
3d17b: LEA Reg R9, Address (AddrPlus (FromReg RIP) (AddrImm 381982)) 7
3d182: MOV Reg R8D, Immediate 531 6
3d188: PUSH Reg RCX 1
3d189: LEA Reg RCX, Address (AddrPlus (FromReg RIP) (AddrImm 381264)) 7
3d190: PUSH Reg R13 2
3d192: MOV Reg EDX, Address (SizeDir 32 (FromReg RAX)) 2
3d194: JMP 3d155 (resolved immediate)
  |
  `- 3d155
