Number of assembly instructions     = 136
Number of indirect branches         = 0
Number of unresolved indirect jumps = 0: 
Number of unresolved indirect calls = 0: 
Number of symbolic states (representative of non-determinism): 136
Number of edges: 159

7bba0 (False): 0

7bba0: PUSH Reg R12 2
7bba2: PUSH Reg RBP 1
7bba3: MOV Reg RBP, Reg RDI 3
7bba6: PUSH Reg RBX 1
7bba7: MOV Reg RBX, Reg RSI 3
7bbaa: CALL yajl_gen_map_open (external)
7bbaf: TEST Reg EAX, Reg EAX 2
7bbb1: JNZ 7bc05 (resolved immediate)
  |
  `- 7bbb3,7bc05
7bbb3: MOV Reg EDX, Address (SizeDir 32 (FromReg RBX)) 2
7bbb5: TEST Reg EDX, Reg EDX 2
7bbb7: JNZ 7bc10 (resolved immediate)
  |
  `- 7bbb9,7bc10
7bbb9: MOV Reg EAX, Address (SizeDir 32 (AddrPlus (FromReg RBX) (AddrImm 4))) 3
7bbbc: TEST Reg EAX, Reg EAX 2
7bbbe: JNZ 7bca8 (resolved immediate)
  |
  `- 7bbc4,7bca8
7bbc4: CMP Address (SizeDir 8 (AddrPlus (FromReg RBX) (AddrImm 8))), Immediate 0 4
7bbc8: JNZ 7bc40 (resolved immediate)
  |
  `- 7bbca,7bc40
7bbca: CMP Address (SizeDir 8 (AddrPlus (FromReg RBX) (AddrImm 9))), Immediate 0 4
7bbce: JNZ 7bc70 (resolved immediate)
  |
  `- 7bbd4,7bc70
7bbd4: CMP Address (SizeDir 8 (AddrPlus (FromReg RBX) (AddrImm 10))), Immediate 0 4
7bbd8: JNZ 7bd60 (resolved immediate)
  |
  `- 7bbde,7bd60
7bbde: CMP Address (SizeDir 64 (AddrPlus (FromReg RBX) (AddrImm 16))), Immediate 0 5
7bbe3: JZ 7bcf8 (resolved immediate)
  |
  `- 7bbe9,7bcf8
7bbe9: LEA Reg RSI, Address (AddrPlus (FromReg RIP) (AddrImm 176065)) 7
7bbf0: MOV Reg EDX, Immediate 9 5
7bbf5: MOV Reg RDI, Reg RBP 3
7bbf8: CALL yajl_gen_string (external)
7bbfd: TEST Reg EAX, Reg EAX 2
7bbff: JZ 7bce0 (resolved immediate)
  |
  `- 7bc05,7bce0
7bc05: POP Reg RBX 1
7bc06: POP Reg RBP 1
7bc07: POP Reg R12 2
7bc09: RET  1
  |
  `- 
7bc10: LEA Reg RSI, Address (AddrPlus (FromReg RIP) (AddrImm 175746)) 7
7bc17: MOV Reg EDX, Immediate 6 5
7bc1c: MOV Reg RDI, Reg RBP 3
7bc1f: CALL yajl_gen_string (external)
7bc24: TEST Reg EAX, Reg EAX 2
7bc26: JNZ 7bc05 (resolved immediate)
  |
  `- 7bc05,7bc28
7bc28: MOV Reg ESI, Address (SizeDir 32 (FromReg RBX)) 2
7bc2a: MOV Reg RDI, Reg RBP 3
7bc2d: CALL yajl_gen_integer (external)
7bc32: TEST Reg EAX, Reg EAX 2
7bc34: JZ 7bbb9 (resolved immediate)
  |
  `- 7bbb9,7bc36
7bc36: JMP 7bc05 (resolved immediate)
  |
  `- 7bc05
7bc40: LEA Reg RSI, Address (AddrPlus (FromReg RIP) (AddrImm 121294)) 7
7bc47: MOV Reg EDX, Immediate 6 5
7bc4c: MOV Reg RDI, Reg RBP 3
7bc4f: CALL yajl_gen_string (external)
7bc54: TEST Reg EAX, Reg EAX 2
7bc56: JNZ 7bc05 (resolved immediate)
  |
  `- 7bc05,7bc58
7bc58: MOVZX Reg ESI, Address (SizeDir 8 (AddrPlus (FromReg RBX) (AddrImm 8))) 4
7bc5c: MOV Reg RDI, Reg RBP 3
7bc5f: CALL yajl_gen_bool (external)
7bc64: TEST Reg EAX, Reg EAX 2
7bc66: JZ 7bbca (resolved immediate)
  |
  `- 7bbca,7bc6c
7bc6c: JMP 7bc05 (resolved immediate)
  |
  `- 7bc05
7bc70: LEA Reg RSI, Address (AddrPlus (FromReg RIP) (AddrImm 175922)) 7
7bc77: MOV Reg EDX, Immediate 7 5
7bc7c: MOV Reg RDI, Reg RBP 3
7bc7f: CALL yajl_gen_string (external)
7bc84: TEST Reg EAX, Reg EAX 2
7bc86: JNZ 7bc05 (resolved immediate)
  |
  `- 7bc05,7bc8c
7bc8c: MOVZX Reg ESI, Address (SizeDir 8 (AddrPlus (FromReg RBX) (AddrImm 9))) 4
7bc90: MOV Reg RDI, Reg RBP 3
7bc93: CALL yajl_gen_bool (external)
7bc98: TEST Reg EAX, Reg EAX 2
7bc9a: JZ 7bbd4 (resolved immediate)
  |
  `- 7bbd4,7bca0
7bca0: JMP 7bc05 (resolved immediate)
  |
  `- 7bc05
7bca8: LEA Reg RSI, Address (AddrPlus (FromReg RIP) (AddrImm 172873)) 7
7bcaf: MOV Reg EDX, Immediate 3 5
7bcb4: MOV Reg RDI, Reg RBP 3
7bcb7: CALL yajl_gen_string (external)
7bcbc: TEST Reg EAX, Reg EAX 2
7bcbe: JNZ 7bc05 (resolved immediate)
  |
  `- 7bc05,7bcc4
7bcc4: MOV Reg ESI, Address (SizeDir 32 (AddrPlus (FromReg RBX) (AddrImm 4))) 3
7bcc7: MOV Reg RDI, Reg RBP 3
7bcca: CALL yajl_gen_integer (external)
7bccf: TEST Reg EAX, Reg EAX 2
7bcd1: JZ 7bbc4 (resolved immediate)
  |
  `- 7bbc4,7bcd7
7bcd7: JMP 7bc05 (resolved immediate)
  |
  `- 7bc05
7bce0: MOV Reg RSI, Address (SizeDir 64 (AddrPlus (FromReg RBX) (AddrImm 16))) 4
7bce4: MOV Reg RDI, Reg RBP 3
7bce7: CALL libxl__uint64_gen_json (external)
7bcec: TEST Reg EAX, Reg EAX 2
7bcee: JNZ 7bc05 (resolved immediate)
  |
  `- 7bc05,7bcf4
7bcf4: NOP  4
7bcf8: LEA Reg R12, Address (AddrPlus (FromReg RBX) (AddrImm 24)) 4
7bcfc: MOV Reg RDI, Reg R12 3
7bcff: CALL libxl_bitmap_is_empty (external)
7bd04: TEST Reg EAX, Reg EAX 2
7bd06: JZ 7bd98 (resolved immediate)
  |
  `- 7bd0c,7bd98
7bd0c: ADD Reg RBX, Immediate 40 4
7bd10: MOV Reg RDI, Reg RBX 3
7bd13: CALL libxl_bitmap_is_empty (external)
7bd18: TEST Reg EAX, Reg EAX 2
7bd1a: JNZ 7bd4b (resolved immediate)
  |
  `- 7bd1c,7bd4b
7bd1c: LEA Reg RSI, Address (AddrPlus (FromReg RIP) (AddrImm 175775)) 7
7bd23: MOV Reg EDX, Immediate 11 5
7bd28: MOV Reg RDI, Reg RBP 3
7bd2b: CALL yajl_gen_string (external)
7bd30: TEST Reg EAX, Reg EAX 2
7bd32: JNZ 7bc05 (resolved immediate)
  |
  `- 7bc05,7bd38
7bd38: MOV Reg RSI, Reg RBX 3
7bd3b: MOV Reg RDI, Reg RBP 3
7bd3e: CALL libxl_bitmap_gen_json (external)
7bd43: TEST Reg EAX, Reg EAX 2
7bd45: JNZ 7bc05 (resolved immediate)
  |
  `- 7bc05,7bd4b
7bd4b: POP Reg RBX 1
7bd4c: MOV Reg RDI, Reg RBP 3
7bd4f: POP Reg RBP 1
7bd50: POP Reg R12 2
7bd52: JMP yajl_gen_map_close (jmp to external function)
  |
  `- 
7bd60: LEA Reg RSI, Address (AddrPlus (FromReg RIP) (AddrImm 131530)) 7
7bd67: MOV Reg EDX, Immediate 7 5
7bd6c: MOV Reg RDI, Reg RBP 3
7bd6f: CALL yajl_gen_string (external)
7bd74: TEST Reg EAX, Reg EAX 2
7bd76: JNZ 7bc05 (resolved immediate)
  |
  `- 7bc05,7bd7c
7bd7c: MOVZX Reg ESI, Address (SizeDir 8 (AddrPlus (FromReg RBX) (AddrImm 10))) 4
7bd80: MOV Reg RDI, Reg RBP 3
7bd83: CALL yajl_gen_bool (external)
7bd88: TEST Reg EAX, Reg EAX 2
7bd8a: JZ 7bbde (resolved immediate)
  |
  `- 7bbde,7bd90
7bd90: JMP 7bc05 (resolved immediate)
  |
  `- 7bc05
7bd98: LEA Reg RSI, Address (AddrPlus (FromReg RIP) (AddrImm 175644)) 7
7bd9f: MOV Reg EDX, Immediate 6 5
7bda4: MOV Reg RDI, Reg RBP 3
7bda7: CALL yajl_gen_string (external)
7bdac: TEST Reg EAX, Reg EAX 2
7bdae: JNZ 7bc05 (resolved immediate)
  |
  `- 7bc05,7bdb4
7bdb4: MOV Reg RSI, Reg R12 3
7bdb7: MOV Reg RDI, Reg RBP 3
7bdba: CALL libxl_bitmap_gen_json (external)
7bdbf: TEST Reg EAX, Reg EAX 2
7bdc1: JZ 7bd0c (resolved immediate)
  |
  `- 7bd0c,7bdc7
7bdc7: JMP 7bc05 (resolved immediate)
  |
  `- 7bc05
