Number of assembly instructions     = 11
Number of indirect branches         = 0
Number of unresolved indirect jumps = 0: 
Number of unresolved indirect calls = 0: 
Number of symbolic states (representative of non-determinism): 11
Number of edges: 10

82f90 (False): 0

82f90: MOV Address (SizeDir 64 (FromReg RDI)), Immediate 0 7
82f97: MOV Address (SizeDir 64 (AddrPlus (FromReg RDI) (AddrImm 176))), Immediate 0 11
82fa2: MOV Reg RCX, Reg RDI 3
82fa5: LEA Reg RDI, Address (AddrPlus (FromReg RDI) (AddrImm 8)) 4
82fa9: XOR Reg EAX, Reg EAX 2
82fab: AND Reg RDI, Immediate 18446744073709551608 4
82faf: SUB Reg RCX, Reg RDI 3
82fb2: ADD Reg ECX, Immediate 184 6
82fb8: SHR Reg ECX, Immediate 3 3
82fbb: REP STOSQ  3
82fbe: RET  1
  |
  `- 
