Number of assembly instructions     = 42
Number of indirect branches         = 0
Number of unresolved indirect jumps = 0: 
Number of unresolved indirect calls = 0: 
Number of symbolic states (representative of non-determinism): 42
Number of edges: 42

3f4d0 (False): 0

3f4d0: PUSH Reg R14 2
3f4d2: PUSH Reg R13 2
3f4d4: MOV Reg R13, Reg RDX 3
3f4d7: PUSH Reg R12 2
3f4d9: PUSH Reg RBP 1
3f4da: MOV Reg R12, Reg RSI 3
3f4dd: PUSH Reg RBX 1
3f4de: SUB Reg RSP, Immediate 16 4
3f4e2: LEA Reg RSI, Address (AddrPlus (FromReg RSP) (AddrImm 4)) 5
3f4e7: MOV Address (SizeDir 32 (AddrPlus (FromReg RSP) (AddrImm 4))), Immediate 0 8
3f4ef: MOV Reg RAX, Address (SizeDir 64 (AddrPlus (FromReg FS) (AddrImm 40))) 9
3f4f8: MOV Address (SizeDir 64 (AddrPlus (FromReg RSP) (AddrImm 8))), Reg RAX 5
3f4fd: XOR Reg EAX, Reg EAX 2
3f4ff: CALL libxl_get_cpu_topology (external)
3f504: TEST Reg RAX, Reg RAX 3
3f507: MOV Reg R14, Reg RAX 3
3f50a: JZ 3f590 (resolved immediate)
  |
  `- 3f510,3f590
3f510: MOV Reg EDX, Address (SizeDir 32 (AddrPlus (FromReg R13) (AddrImm 0))) 4
3f514: MOV Reg RDI, Address (SizeDir 64 (AddrPlus (FromReg R13) (AddrImm 8))) 4
3f518: XOR Reg ESI, Reg ESI 2
3f51a: CALL memset (external)
3f51f: MOV Reg ESI, Address (SizeDir 32 (AddrPlus (FromReg RSP) (AddrImm 4))) 4
3f523: TEST Reg ESI, Reg ESI 2
3f525: JLE 3f567 (resolved immediate)
  |
  `- 3f567
3f567: XOR Reg EBX, Reg EBX 2
3f569: MOV Reg RDI, Reg R14 3
3f56c: CALL libxl_cputopology_list_free (external)
3f571: MOV Reg RCX, Address (SizeDir 64 (AddrPlus (FromReg RSP) (AddrImm 8))) 5
3f576: XOR Reg RCX, Address (SizeDir 64 (AddrPlus (FromReg FS) (AddrImm 40))) 9
3f57f: MOV Reg EAX, Reg EBX 2
3f581: JNZ 3f59b (resolved immediate)
  |
  `- 3f583,3f59b
3f583: ADD Reg RSP, Immediate 16 4
3f587: POP Reg RBX 1
3f588: POP Reg RBP 1
3f589: POP Reg R12 2
3f58b: POP Reg R13 2
3f58d: POP Reg R14 2
3f58f: RET  1
  |
  `- 
3f590: MOV Reg ESI, Address (SizeDir 32 (AddrPlus (FromReg RSP) (AddrImm 4))) 4
3f594: MOV Reg EBX, Immediate 4294967293 5
3f599: JMP 3f569 (resolved immediate)
  |
  `- 3f569
3f59b: CALL __stack_chk_fail (external)
  |
  `- 
