Number of assembly instructions     = 34
Number of indirect branches         = 0
Number of unresolved indirect jumps = 0: 
Number of unresolved indirect calls = 0: 
Number of symbolic states (representative of non-determinism): 34
Number of edges: 35

72bc0 (False): 0

72bc0: PUSH Reg R13 2
72bc2: PUSH Reg R12 2
72bc4: PUSH Reg RBP 1
72bc5: PUSH Reg RBX 1
72bc6: SUB Reg RSP, Immediate 56 4
72bca: MOV Reg RAX, Address (SizeDir 64 (AddrPlus (FromReg FS) (AddrImm 40))) 9
72bd3: MOV Address (SizeDir 64 (AddrPlus (FromReg RSP) (AddrImm 40))), Reg RAX 5
72bd8: XOR Reg EAX, Reg EAX 2
72bda: CMP Address (SizeDir 32 (FromReg RDX)), Immediate 18446744073709551615 3
72bdd: JE 72c0f (resolved immediate)
  |
  `- 72bdf,72c0f
72bdf: MOV Reg RBP, Reg RDI 3
72be2: MOV Reg R12D, Reg ESI 3
72be5: MOV Reg RBX, Reg RDX 3
72be8: MOV Reg R13, Reg RSP 3
72beb: NOP  5
72bf0: MOV Reg RDI, Address (SizeDir 64 (AddrPlus (FromReg RBP) (AddrImm 8))) 4
72bf4: LEA Reg RCX, Address (SizeDir 64 (AddrPlus (FromReg RBX) (AddrImm 8))) 4
72bf8: MOV Reg RDX, Reg RBX 3
72bfb: MOV Reg R8, Reg R13 3
72bfe: MOV Reg ESI, Reg R12D 3
72c01: ADD Reg RBX, Immediate 40 4
72c05: CALL xc_cpuid_set (external)
72c0a: CMP Address (SizeDir 32 (FromReg RBX)), Immediate 18446744073709551615 3
72c0d: JNE 72bf0 (resolved immediate)
  |
  `- 72bf0,72c0f
72c0f: MOV Reg RAX, Address (SizeDir 64 (AddrPlus (FromReg RSP) (AddrImm 40))) 5
72c14: XOR Reg RAX, Address (SizeDir 64 (AddrPlus (FromReg FS) (AddrImm 40))) 9
72c1d: JNE 72c2a (resolved immediate)
  |
  `- 72c1f,72c2a
72c1f: ADD Reg RSP, Immediate 56 4
72c23: POP Reg RBX 1
72c24: POP Reg RBP 1
72c25: POP Reg R12 2
72c27: POP Reg R13 2
72c29: RET  1
  |
  `- 
72c2a: CALL __stack_chk_fail (external)
  |
  `- 
