Number of assembly instructions     = 21
Number of indirect branches         = 0
Number of unresolved indirect jumps = 0: 
Number of unresolved indirect calls = 0: 
Number of symbolic states (representative of non-determinism): 21
Number of edges: 20

910 (True): 9c8
9a0 (False): 0

910: LEA Reg RDI, Address (AddrPlus (FromReg RIP) (AddrImm 2103209)) 7
917: PUSH Reg RBP 1
918: LEA Reg RAX, Address (AddrPlus (FromReg RIP) (AddrImm 2103201)) 7
91f: CMP Reg RAX, Reg RDI 3
922: MOV Reg RBP, Reg RSP 3
925: JZ 940 (resolved immediate)
  |
  `- 940
940: POP Reg RBP 1
941: RET  1
  |
  `- 
9a0: CMP Address (SizeDir 8 (AddrPlus (FromReg RIP) (AddrImm 2103065))), Immediate 0 7
9a7: JNZ 9d8 (resolved immediate)
  |
  `- 9a9,9d8
9a9: CMP Address (SizeDir 64 (AddrPlus (FromReg RIP) (AddrImm 2102855))), Immediate 0 8
9b1: PUSH Reg RBP 1
9b2: MOV Reg RBP, Reg RSP 3
9b5: JZ 9c3 (resolved immediate)
  |
  `- 9b7,9c3
9b7: MOV Reg RDI, Address (SizeDir 64 (AddrPlus (FromReg RIP) (AddrImm 2102978))) 7
9be: CALL __cxa_finalize (external)
9c3: CALL deregister_tm_clones (internal)
  |
  `- 910
9c8: MOV Address (SizeDir 8 (AddrPlus (FromReg RIP) (AddrImm 2103025))), Immediate 1 7
9cf: POP Reg RBP 1
9d0: RET  1
  |
  `- 
9d8: REPZ RET  2
  |
  `- 
