Number of assembly instructions     = 344
Number of indirect branches         = 0
Number of unresolved indirect jumps = 0: 
Number of unresolved indirect calls = 0: 
Number of symbolic states (representative of non-determinism): 344
Number of edges: 384

9f0 (True): b72, c98
aa0 (False): 0

9f0: PUSH Reg R14 2
9f2: PUSH Reg R13 2
9f4: MOV Reg R14D, Reg ESI 3
9f7: PUSH Reg R12 2
9f9: PUSH Reg RBP 1
9fa: MOV Reg RBP, Reg RDI 3
9fd: PUSH Reg RBX 1
9fe: MOV Reg EDI, Immediate 512 5
a03: MOV Reg EBX, Reg EDX 2
a05: MOV Reg R13D, Reg ECX 3
a08: MOV Reg R12, Reg R8 3
a0b: CALL fsig_log2 (external)
a10: TEST Reg R14D, Reg R14D 3
a13: JS a80 (resolved immediate)
  |
  `- a15,a80
a15: TEST Reg R13D, Reg R13D 3
a18: JLE a70 (resolved immediate)
  |
  `- a1a,a70
a1a: MOV Reg ECX, Reg EAX 2
a1c: MOV Reg EAX, Reg R13D 3
a1f: MOV Reg EDX, Reg EBX 2
a21: SAR Reg EAX, Immediate 9 3
a24: ADD Reg EAX, Address (SizeDir 32 (AddrPlus (FromReg RIP) (AddrImm 2102938))) 6
a2a: SAR Reg EDX, Reg CL 2
a2c: MOV Reg ECX, Address (SizeDir 32 (AddrPlus (FromReg RIP) (AddrImm 2102870))) 6
a32: AND Reg EBX, Immediate 511 6
a38: LEA Reg ESI, Address (AddrPlus (FromReg RDX) (AddrTimes (AddrImm 4) (FromReg R14))) 4
a3c: MOV Reg EDX, Reg EBX 2
a3e: MOV Address (SizeDir 32 (AddrPlus (FromReg RIP) (AddrImm 2102912))), Reg EAX 6
a44: SAR Reg EAX, Immediate 11 3
a47: CMP Reg EAX, Reg ECX 2
a49: JLE a54 (resolved immediate)
  |
  `- a4b,a54
a4b: ADD Reg ECX, Immediate 2 3
a4e: MOV Address (SizeDir 32 (AddrPlus (FromReg RIP) (AddrImm 2102836))), Reg ECX 6
a54: POP Reg RBX 1
a55: MOV Reg R8, Reg R12 3
a58: MOV Reg ECX, Reg R13D 3
a5b: MOV Reg RDI, Reg RBP 3
a5e: POP Reg RBP 1
a5f: POP Reg R12 2
a61: POP Reg R13 2
a63: POP Reg R14 2
a65: JMP fsig_devread (jmp to external function)
  |
  `- 
a70: POP Reg RBX 1
a71: MOV Reg EAX, Immediate 1 5
a76: POP Reg RBP 1
a77: POP Reg R12 2
a79: POP Reg R13 2
a7b: POP Reg R14 2
a7d: RET  1
  |
  `- 
a80: MOV Reg RDI, Reg RBP 3
a83: CALL fsig_errnum (external)
a88: MOV Address (SizeDir 32 (FromReg RAX)), Immediate 1 6
a8e: XOR Reg EAX, Reg EAX 2
a90: POP Reg RBX 1
a91: POP Reg RBP 1
a92: POP Reg R12 2
a94: POP Reg R13 2
a96: POP Reg R14 2
a98: RET  1
  |
  `- 
aa0: PUSH Reg R15 2
aa2: PUSH Reg R14 2
aa4: MOV Reg R15, Reg RDI 3
aa7: PUSH Reg R13 2
aa9: PUSH Reg R12 2
aab: PUSH Reg RBP 1
aac: PUSH Reg RBX 1
aad: MOV Reg RBX, Reg RSI 3
ab0: SUB Reg RSP, Immediate 72 4
ab4: MOV Address (SizeDir 64 (AddrPlus (FromReg RSP) (AddrImm 32))), Reg RSI 5
ab9: CALL fsig_file_buf (external)
abe: MOV Reg RDI, Reg R15 3
ac1: LEA Reg R14, Address (AddrPlus (FromReg RAX) (AddrImm 2204)) 7
ac8: CALL fsig_file_buf (external)
acd: MOV Address (SizeDir 64 (AddrPlus (FromReg RAX) (AddrImm 8))), Immediate 0 8
ad5: MOVZX Reg EBX, Address (SizeDir 8 (FromReg RBX)) 3
ad8: CMP Reg BL, Immediate 47 3
adb: JZ ed8 (resolved immediate)
  |
  `- ae1,ed8
ae1: TEST Reg BL, Reg BL 2
ae3: JZ ef9 (resolved immediate)
  |
  `- ae9,ef9
ae9: CALL __ctype_b_loc (external)
aee: MOV Reg R8, Address (SizeDir 64 (AddrPlus (FromReg RSP) (AddrImm 32))) 5
af3: MOV Reg RDX, Address (SizeDir 64 (FromReg RAX)) 3
af6: XOR Reg ESI, Reg ESI 2
af8: XOR Reg EAX, Reg EAX 2
afa: MOV Reg RDI, Reg R8 3
afd: JMP b16 (resolved immediate)
  |
  `- b16
b00: CMP Reg BL, Immediate 47 3
b03: JZ b20 (resolved immediate)
  |
  `- b05,b20
b05: LEA Reg ESI, Address (AddrPlus (FromReg RAX) (AddrImm 1)) 3
b08: LEA Reg RDI, Address (AddrPlus (FromReg R8) (FromReg RSI)) 4
b0c: MOV Reg RAX, Reg RSI 3
b0f: MOVZX Reg EBX, Address (SizeDir 8 (FromReg RDI)) 3
b12: TEST Reg BL, Reg BL 2
b14: JZ b20 (resolved immediate)
  |
  `- b16,b20
b16: MOVZX Reg ECX, Reg BL 3
b19: TEST Address (SizeDir 8 (AddrPlus (AddrPlus (FromReg RDX) (AddrTimes (AddrImm 2) (FromReg RCX))) (AddrImm 1))), Immediate 32 5
b1e: JZ b00 (resolved immediate)
  |
  `- b00,b20
b20: MOV Address (SizeDir 64 (AddrPlus (FromReg RSP) (AddrImm 40))), Reg RSI 5
b25: MOV Address (SizeDir 64 (AddrPlus (FromReg RSP) (AddrImm 56))), Reg RDI 5
b2a: MOV Address (SizeDir 32 (AddrPlus (FromReg RSP) (AddrImm 28))), Reg EAX 4
b2e: MOV Reg EAX, Address (SizeDir 32 (AddrPlus (FromReg R14) (AddrImm 10))) 4
b32: MOV Reg ESI, Address (SizeDir 32 (AddrPlus (FromReg R14) (AddrImm 2))) 4
b36: TEST Reg EAX, Reg EAX 2
b38: MOV Address (SizeDir 32 (AddrPlus (FromReg RSP) (AddrImm 48))), Reg ESI 4
b3c: JLE d7c (resolved immediate)
  |
  `- b42,d7c
b42: SUB Reg EAX, Immediate 1 3
b45: SHR Reg EAX, Immediate 11 3
b48: LEA Reg EAX, Address (AddrPlus (AddrPlus (FromReg RSI) (FromReg RAX)) (AddrImm 1)) 4
b4c: MOV Address (SizeDir 32 (AddrPlus (FromReg RSP) (AddrImm 52))), Reg EAX 4
b50: MOV Reg RDI, Reg R15 3
b53: CALL fsig_file_buf (external)
b58: MOV Reg ESI, Address (SizeDir 32 (AddrPlus (FromReg RSP) (AddrImm 48))) 4
b5c: LEA Reg R8, Address (AddrPlus (FromReg RAX) (AddrImm 4096)) 7
b63: XOR Reg EDX, Reg EDX 2
b65: MOV Reg ECX, Immediate 2048 5
b6a: MOV Reg RDI, Reg R15 3
b6d: CALL iso9660_devread (internal)
  |
  `- b72,9f0
b72: TEST Reg EAX, Reg EAX 2
b74: JZ ee4 (resolved immediate)
  |
  `- b7a,ee4
b7a: MOV Reg RDI, Reg R15 3
b7d: ADD Address (SizeDir 32 (AddrPlus (FromReg RSP) (AddrImm 48))), Immediate 1 5
b82: CALL fsig_file_buf (external)
b87: MOVZX Reg R10D, Address (SizeDir 8 (AddrPlus (FromReg RAX) (AddrImm 4096))) 8
b8f: LEA Reg R14, Address (AddrPlus (FromReg RAX) (AddrImm 4096)) 7
b96: TEST Reg R10B, Reg R10B 3
b99: JZ d6e (resolved immediate)
  |
  `- b9f,d6e
b9f: NOP  1
ba0: TEST Address (SizeDir 8 (AddrPlus (FromReg R14) (AddrImm 25))), Immediate 2 5
ba5: MOVZX Reg EDX, Address (SizeDir 8 (AddrPlus (FromReg R14) (AddrImm 32))) 5
baa: LEA Reg RBP, Address (AddrPlus (FromReg R14) (AddrImm 33)) 4
bae: SETNZ Reg CL 3
bb1: MOV Reg RAX, Reg RDX 3
bb4: MOV Address (SizeDir 32 (AddrPlus (FromReg RSP) (AddrImm 12))), Reg EDX 4
bb8: ADD Reg ECX, Immediate 1 3
bbb: CMP Reg EDX, Immediate 1 3
bbe: MOV Address (SizeDir 8 (AddrPlus (FromReg RSP) (AddrImm 27))), Reg CL 4
bc2: JNZ e10 (resolved immediate)
  |
  `- bc8,e10
bc8: CMP Address (SizeDir 8 (AddrPlus (FromReg R14) (AddrImm 33))), Immediate 1 5
bcd: MOV Reg EAX, Immediate 1 5
bd2: JBE d5a (resolved immediate)
  |
  `- bd8,d5a
bd8: LEA Reg R12, Address (AddrPlus (AddrPlus (FromReg R14) (FromReg RAX)) (AddrImm 33)) 5
bdd: SUB Reg R10D, Reg EDX 3
be0: LEA Reg R13D, Address (AddrMinus (FromReg R10) (AddrImm 33)) 4
be4: TEST Reg R12B, Immediate 1 4
be8: JZ c06 (resolved immediate)
  |
  `- bea,c06
bea: LEA Reg EAX, Address (AddrPlus (FromReg R12) (AddrImm 1)) 5
bef: MOV Reg R9, Immediate 18446744069414584320 10
bf9: LEA Reg R13D, Address (AddrMinus (FromReg R10) (AddrImm 34)) 4
bfd: AND Reg R9, Reg R12 3
c00: OR Reg R9, Reg RAX 3
c03: MOV Reg R12, Reg R9 3
c06: CMP Reg R13D, Immediate 3 4
c0a: JBE d1e (resolved immediate)
  |
  `- c10,d1e
c10: MOV Reg EAX, Immediate 9 5
c15: MOV Address (SizeDir 64 (AddrPlus (FromReg RSP) (AddrImm 16))), Reg R14 5
c1a: XOR Reg EBX, Reg EBX 2
c1c: MOV Reg R14D, Reg R13D 3
c1f: MOV Reg R13, Reg R12 3
c22: MOV Reg R12D, Reg EAX 3
c25: JMP ca8 (resolved immediate)
  |
  `- ca8
c30: MOVZX Reg EDX, Address (SizeDir 8 (AddrPlus (FromReg R13) (AddrImm 2))) 5
c35: MOVZX Reg EAX, Reg DL 3
c38: ADD Reg R13, Reg RDX 3
c3b: SUB Reg R14D, Reg EAX 3
c3e: CMP Reg R14D, Immediate 3 4
c42: JA ca2 (resolved immediate)
  |
  `- c44,ca2
c44: TEST Reg RBX, Reg RBX 3
c47: JZ ca2 (resolved immediate)
  |
  `- c49,ca2
c49: MOV Reg RDI, Reg R15 3
c4c: CALL fsig_file_buf (external)
c51: ADD Reg RAX, Immediate 6144 6
c57: CMP Reg RBP, Reg RAX 3
c5a: JAE da0 (resolved immediate)
  |
  `- c60,da0
c60: MOV Reg RDI, Reg R15 3
c63: CALL fsig_file_buf (external)
c68: MOV Reg EDX, Address (SizeDir 32 (AddrPlus (FromReg RBX) (AddrImm 12))) 3
c6b: MOV Reg RDI, Reg R15 3
c6e: MOV Reg R14D, Address (SizeDir 32 (AddrPlus (FromReg RBX) (AddrImm 20))) 4
c72: LEA Reg R13, Address (AddrPlus (AddrPlus (FromReg RAX) (FromReg RDX)) (AddrImm 6144)) 8
c7a: CALL fsig_file_buf (external)
c7f: MOV Reg ESI, Address (SizeDir 32 (AddrPlus (FromReg RBX) (AddrImm 4))) 3
c82: LEA Reg R8, Address (AddrPlus (FromReg RAX) (AddrImm 6144)) 7
c89: XOR Reg EDX, Reg EDX 2
c8b: MOV Reg ECX, Immediate 2048 5
c90: MOV Reg RDI, Reg R15 3
c93: CALL iso9660_devread (internal)
c98: TEST Reg EAX, Reg EAX 2
c9a: JZ e90 (resolved immediate)
  |
  `- ca0,e90
ca0: XOR Reg EBX, Reg EBX 2
ca2: CMP Reg R14D, Immediate 3 4
ca6: JBE d19 (resolved immediate)
  |
  `- ca8,d19
ca8: CMP Address (SizeDir 8 (AddrPlus (FromReg R13) (AddrImm 3))), Immediate 1 5
cad: JNZ c30 (resolved immediate)
  |
  `- c30,caf
caf: MOVZX Reg EAX, Address (SizeDir 16 (AddrPlus (FromReg R13) (AddrImm 0))) 5
cb4: CMP Reg AX, Immediate 19790 4
cb8: JZ e50 (resolved immediate)
  |
  `- cbe,e50
cbe: JBE df0 (resolved immediate)
  |
  `- cc4,df0
cc4: CMP Reg AX, Immediate 21074 4
cc8: JZ e70 (resolved immediate)
  |
  `- cce,e70
cce: CMP Reg AX, Immediate 22608 4
cd2: JNZ d10 (resolved immediate)
  |
  `- cd4,d10
cd4: MOVZX Reg EDX, Address (SizeDir 8 (AddrPlus (FromReg R13) (AddrImm 2))) 5
cd9: CMP Reg DL, Immediate 35 3
cdc: JBE c35 (resolved immediate)
  |
  `- c35,ce2
ce2: MOV Reg EAX, Address (SizeDir 32 (AddrPlus (FromReg R13) (AddrImm 4))) 4
ce6: MOV Address (SizeDir 8 (AddrPlus (FromReg RSP) (AddrImm 27))), Immediate 1 5
ceb: AND Reg EAX, Immediate 61440 5
cf0: CMP Reg EAX, Immediate 32768 5
cf5: JZ d05 (resolved immediate)
  |
  `- cf7,d05
cf7: CMP Reg EAX, Immediate 16384 5
cfc: SETZ Reg AL 3
cff: ADD Reg EAX, Reg EAX 2
d01: MOV Address (SizeDir 8 (AddrPlus (FromReg RSP) (AddrImm 27))), Reg AL 4
d05: AND Reg R12D, Immediate 4294967294 4
d09: NOP  7
d10: TEST Reg R12B, Reg R12B 3
d13: JNZ c30 (resolved immediate)
  |
  `- c30,d19
d19: MOV Reg R14, Address (SizeDir 64 (AddrPlus (FromReg RSP) (AddrImm 16))) 5
d1e: MOV Reg RDI, Reg R15 3
d21: CALL fsig_filemax (external)
d26: MOV Reg EBX, Address (SizeDir 32 (AddrPlus (FromReg RSP) (AddrImm 12))) 4
d2a: MOV Reg R12D, Address (SizeDir 32 (AddrPlus (FromReg RSP) (AddrImm 28))) 5
d2f: MOV Address (SizeDir 64 (FromReg RAX)), Immediate 2147483647 7
d36: CMP Reg EBX, Reg R12D 3
d39: JB d5a (resolved immediate)
  |
  `- d3b,d5a
d3b: MOV Reg RDX, Address (SizeDir 64 (AddrPlus (FromReg RSP) (AddrImm 40))) 5
d40: MOV Reg RSI, Address (SizeDir 64 (AddrPlus (FromReg RSP) (AddrImm 32))) 5
d45: MOV Reg RDI, Reg RBP 3
d48: CALL memcmp (external)
d4d: CMP Reg EBX, Reg R12D 3
d50: JNZ d5a (resolved immediate)
  |
  `- d52,d5a
d52: TEST Reg EAX, Reg EAX 2
d54: JZ ea8 (resolved immediate)
  |
  `- d5a,ea8
d5a: MOVZX Reg EAX, Address (SizeDir 8 (FromReg R14)) 4
d5e: ADD Reg R14, Reg RAX 3
d61: MOVZX Reg R10D, Address (SizeDir 8 (FromReg R14)) 4
d65: TEST Reg R10B, Reg R10B 3
d68: JNZ ba0 (resolved immediate)
  |
  `- ba0,d6e
d6e: MOV Reg ESI, Address (SizeDir 32 (AddrPlus (FromReg RSP) (AddrImm 48))) 4
d72: CMP Address (SizeDir 32 (AddrPlus (FromReg RSP) (AddrImm 52))), Reg ESI 4
d76: JNZ b50 (resolved immediate)
  |
  `- b50,d7c
d7c: MOV Reg RDI, Reg R15 3
d7f: XOR Reg EBX, Reg EBX 2
d81: CALL fsig_errnum (external)
d86: MOV Address (SizeDir 32 (FromReg RAX)), Immediate 1 6
d8c: ADD Reg RSP, Immediate 72 4
d90: MOV Reg EAX, Reg EBX 2
d92: POP Reg RBX 1
d93: POP Reg RBP 1
d94: POP Reg R12 2
d96: POP Reg R13 2
d98: POP Reg R14 2
d9a: POP Reg R15 2
d9c: RET  1
  |
  `- 
da0: MOV Reg RDI, Reg R15 3
da3: CALL fsig_file_buf (external)
da8: ADD Reg RAX, Immediate 8192 6
dae: CMP Reg RBP, Reg RAX 3
db1: JAE c60 (resolved immediate)
  |
  `- c60,db7
db7: MOV Reg RDI, Reg R15 3
dba: CALL fsig_file_buf (external)
dbf: MOV Reg EDX, Address (SizeDir 32 (AddrPlus (FromReg RSP) (AddrImm 12))) 4
dc3: LEA Reg RDI, Address (AddrPlus (FromReg RAX) (AddrImm 8192)) 7
dca: MOV Reg RSI, Reg RBP 3
dcd: CALL memcpy (external)
dd2: MOV Reg RDI, Reg R15 3
dd5: CALL fsig_file_buf (external)
dda: LEA Reg RBP, Address (AddrPlus (FromReg RAX) (AddrImm 8192)) 7
de1: JMP c60 (resolved immediate)
  |
  `- c60
df0: CMP Reg AX, Immediate 17731 4
df4: JNZ d10 (resolved immediate)
  |
  `- d10,dfa
dfa: MOVZX Reg EDX, Address (SizeDir 8 (AddrPlus (FromReg R13) (AddrImm 2))) 5
dff: CMP Reg DL, Immediate 28 3
e02: CMOVAE Reg RBX, Reg R13 4
e06: JMP c35 (resolved immediate)
  |
  `- c35
e10: CMP Reg EDX, Immediate 2 3
e13: JBE bd8 (resolved immediate)
  |
  `- bd8,e19
e19: CMP Address (SizeDir 16 (AddrMinus (AddrPlus (FromReg RBP) (FromReg RDX)) (AddrImm 2))), Immediate 12603 7
e20: JNZ bd8 (resolved immediate)
  |
  `- bd8,e26
e26: LEA Reg ECX, Address (AddrMinus (FromReg RDX) (AddrImm 2)) 3
e29: MOV Address (SizeDir 32 (AddrPlus (FromReg RSP) (AddrImm 12))), Immediate 1 8
e31: CMP Reg ECX, Immediate 1 3
e34: JZ bd8 (resolved immediate)
  |
  `- bd8,e3a
e3a: LEA Reg ESI, Address (AddrMinus (FromReg RDX) (AddrImm 3)) 3
e3d: CMP Address (SizeDir 8 (AddrPlus (AddrPlus (FromReg RBP) (FromReg RSI)) (AddrImm 0))), Immediate 46 5
e42: CMOVZ Reg ECX, Reg ESI 3
e45: MOV Address (SizeDir 32 (AddrPlus (FromReg RSP) (AddrImm 12))), Reg ECX 4
e49: JMP bd8 (resolved immediate)
  |
  `- bd8
e50: MOVZX Reg EAX, Address (SizeDir 8 (AddrPlus (FromReg R13) (AddrImm 2))) 5
e55: LEA Reg RBP, Address (AddrPlus (FromReg R13) (AddrImm 5)) 4
e59: AND Reg R12D, Immediate 4294967287 4
e5d: SUB Reg EAX, Immediate 5 3
e60: MOV Address (SizeDir 32 (AddrPlus (FromReg RSP) (AddrImm 12))), Reg EAX 4
e64: JMP d10 (resolved immediate)
  |
  `- d10
e70: MOVZX Reg EDX, Address (SizeDir 8 (AddrPlus (FromReg R13) (AddrImm 2))) 5
e75: CMP Reg DL, Immediate 4 3
e78: JBE c35 (resolved immediate)
  |
  `- c35,e7e
e7e: AND Reg R12B, Address (SizeDir 8 (AddrPlus (FromReg R13) (AddrImm 4))) 4
e82: JMP d10 (resolved immediate)
  |
  `- d10
e90: MOV Reg RDI, Reg R15 3
e93: MOV Reg R14, Address (SizeDir 64 (AddrPlus (FromReg RSP) (AddrImm 16))) 5
e98: CALL fsig_errnum (external)
e9d: MOV Address (SizeDir 32 (FromReg RAX)), Immediate 0 6
ea3: JMP d1e (resolved immediate)
  |
  `- d1e
ea8: MOV Reg RAX, Address (SizeDir 64 (AddrPlus (FromReg RSP) (AddrImm 56))) 5
ead: CMP Address (SizeDir 8 (FromReg RAX)), Immediate 47 3
eb0: JNZ f19 (resolved immediate)
  |
  `- eb2,f19
eb2: CMP Address (SizeDir 8 (AddrPlus (FromReg RSP) (AddrImm 27))), Immediate 2 5
eb7: JNZ d7c (resolved immediate)
  |
  `- d7c,ebd
ebd: MOV Reg RAX, Address (SizeDir 64 (AddrPlus (FromReg RSP) (AddrImm 56))) 5
ec2: MOVZX Reg EBX, Address (SizeDir 8 (AddrPlus (FromReg RAX) (AddrImm 1))) 4
ec6: LEA Reg RCX, Address (AddrPlus (FromReg RAX) (AddrImm 1)) 4
eca: MOV Address (SizeDir 64 (AddrPlus (FromReg RSP) (AddrImm 32))), Reg RCX 5
ecf: CMP Reg BL, Immediate 47 3
ed2: JNZ ae1 (resolved immediate)
  |
  `- ae1,ed8
ed8: MOV Reg RAX, Address (SizeDir 64 (AddrPlus (FromReg RSP) (AddrImm 32))) 5
edd: MOV Address (SizeDir 64 (AddrPlus (FromReg RSP) (AddrImm 56))), Reg RAX 5
ee2: JMP ebd (resolved immediate)
  |
  `- ebd
ee4: MOV Reg RDI, Reg R15 3
ee7: MOV Reg EBX, Reg EAX 2
ee9: CALL fsig_errnum (external)
eee: MOV Address (SizeDir 32 (FromReg RAX)), Immediate 1 6
ef4: JMP d8c (resolved immediate)
  |
  `- d8c
ef9: MOV Reg RAX, Address (SizeDir 64 (AddrPlus (FromReg RSP) (AddrImm 32))) 5
efe: MOV Address (SizeDir 32 (AddrPlus (FromReg RSP) (AddrImm 28))), Immediate 0 8
f06: MOV Address (SizeDir 64 (AddrPlus (FromReg RSP) (AddrImm 40))), Immediate 0 9
f0f: MOV Address (SizeDir 64 (AddrPlus (FromReg RSP) (AddrImm 56))), Reg RAX 5
f14: JMP b2e (resolved immediate)
  |
  `- b2e
f19: CMP Address (SizeDir 8 (AddrPlus (FromReg RSP) (AddrImm 27))), Immediate 1 5
f1e: JNZ d7c (resolved immediate)
  |
  `- d7c,f24
f24: MOV Reg EBX, Address (SizeDir 32 (AddrPlus (FromReg R14) (AddrImm 2))) 4
f28: MOV Reg RDI, Reg R15 3
f2b: CALL fsig_file_buf (external)
f30: MOV Reg RDI, Reg R15 3
f33: MOV Reg ECX, Reg EBX 2
f35: MOV Address (SizeDir 64 (AddrPlus (FromReg RAX) (AddrImm 8))), Reg RCX 4
f39: CALL fsig_filepos (external)
f3e: MOV Address (SizeDir 64 (FromReg RAX)), Immediate 0 7
f45: MOV Reg EBX, Address (SizeDir 32 (AddrPlus (FromReg R14) (AddrImm 10))) 4
f49: MOV Reg RDI, Reg R15 3
f4c: CALL fsig_filemax (external)
f51: MOV Reg ECX, Reg EBX 2
f53: MOV Reg EBX, Immediate 1 5
f58: MOV Address (SizeDir 64 (FromReg RAX)), Reg RCX 3
f5b: JMP d8c (resolved immediate)
  |
  `- d8c
