Number of assembly instructions     = 16
Number of indirect branches         = 0
Number of unresolved indirect jumps = 0: 
Number of unresolved indirect calls = 0: 
Number of symbolic states (representative of non-determinism): 18
Number of edges: 21

950 (False): 0

950: LEA Reg RDI, Address (AddrPlus (FromReg RIP) (AddrImm 2103145)) 7
957: LEA Reg RSI, Address (AddrPlus (FromReg RIP) (AddrImm 2103138)) 7
95e: PUSH Reg RBP 1
95f: SUB Reg RSI, Reg RDI 3
962: MOV Reg RBP, Reg RSP 3
965: SAR Reg RSI, Immediate 3 4
969: MOV Reg RAX, Reg RSI 3
96c: SHR Reg RAX, Immediate 63 4
970: ADD Reg RSI, Reg RAX 3
973: SAR Reg RSI, Immediate 1 3
976: JZ 990 (resolved immediate)
  |
  `- 978,990
978: MOV Reg RAX, Address (SizeDir 64 (AddrPlus (FromReg RIP) (AddrImm 2102897))) 7
97f: TEST Reg RAX, Reg RAX 3
982: JZ 990 (resolved immediate)
  |
  `- 990
990: POP Reg RBP 1
991: RET  1
  |
  `- 
