Number of assembly instructions     = 21
Number of indirect branches         = 0
Number of unresolved indirect jumps = 0: 
Number of unresolved indirect calls = 0: 
Number of symbolic states (representative of non-determinism): 21
Number of edges: 20

920 (True): 9d8
9b0 (False): 0

920: LEA Reg RDI, Address (AddrPlus (FromReg RIP) (AddrImm 2103193)) 7
927: PUSH Reg RBP 1
928: LEA Reg RAX, Address (AddrPlus (FromReg RIP) (AddrImm 2103185)) 7
92f: CMP Reg RAX, Reg RDI 3
932: MOV Reg RBP, Reg RSP 3
935: JZ 950 (resolved immediate)
  |
  `- 950
950: POP Reg RBP 1
951: RET  1
  |
  `- 
9b0: CMP Address (SizeDir 8 (AddrPlus (FromReg RIP) (AddrImm 2103049))), Immediate 0 7
9b7: JNZ 9e8 (resolved immediate)
  |
  `- 9b9,9e8
9b9: CMP Address (SizeDir 64 (AddrPlus (FromReg RIP) (AddrImm 2102839))), Immediate 0 8
9c1: PUSH Reg RBP 1
9c2: MOV Reg RBP, Reg RSP 3
9c5: JZ 9d3 (resolved immediate)
  |
  `- 9c7,9d3
9c7: MOV Reg RDI, Address (SizeDir 64 (AddrPlus (FromReg RIP) (AddrImm 2102962))) 7
9ce: CALL __cxa_finalize (external)
9d3: CALL deregister_tm_clones (internal)
  |
  `- 920
9d8: MOV Address (SizeDir 8 (AddrPlus (FromReg RIP) (AddrImm 2103009))), Immediate 1 7
9df: POP Reg RBP 1
9e0: RET  1
  |
  `- 
9e8: REPZ RET  2
  |
  `- 
