Number of assembly instructions     = 16
Number of indirect branches         = 0
Number of unresolved indirect jumps = 0: 
Number of unresolved indirect calls = 0: 
Number of symbolic states (representative of non-determinism): 18
Number of edges: 21

960 (False): 0

960: LEA Reg RDI, Address (SizeDir 64 (AddrPlus (FromReg RIP) (AddrImm 2103129))) 7
967: LEA Reg RSI, Address (SizeDir 64 (AddrPlus (FromReg RIP) (AddrImm 2103122))) 7
96e: PUSH Reg RBP 1
96f: SUB Reg RSI, Reg RDI 3
972: MOV Reg RBP, Reg RSP 3
975: SAR Reg RSI, Immediate 3 4
979: MOV Reg RAX, Reg RSI 3
97c: SHR Reg RAX, Immediate 63 4
980: ADD Reg RSI, Reg RAX 3
983: SAR Reg RSI, Immediate 1 3
986: JE 9a0 (resolved immediate)
  |
  `- 988,9a0
988: MOV Reg RAX, Address (SizeDir 64 (AddrPlus (FromReg RIP) (AddrImm 2102881))) 7
98f: TEST Reg RAX, Reg RAX 3
992: JE 9a0 (resolved immediate)
  |
  `- 9a0
9a0: POP Reg RBP 1
9a1: RET  1
  |
  `- 
