Number of assembly instructions     = 458
Number of indirect branches         = 0
Number of unresolved indirect jumps = 0: 
Number of unresolved indirect calls = 0: 
Number of symbolic states (representative of non-determinism): 458
Number of edges: 486

a00 (True): f81, 102c, 11c3, 1209
b90 (True): 10c0
f00 (False): 0

a00: PUSH Reg R15 2
a02: PUSH Reg R14 2
a04: PUSH Reg R13 2
a06: PUSH Reg R12 2
a08: PUSH Reg RBP 1
a09: PUSH Reg RBX 1
a0a: MOV Reg RBX, Reg RDI 3
a0d: MOV Reg EBP, Reg ESI 2
a0f: SUB Reg RSP, Immediate 8 4
a13: CALL fsig_file_buf (external)
a18: MOV Reg RDI, Reg RBX 3
a1b: MOV Reg R12D, Address (SizeDir 32 (AddrPlus (FromReg RAX) (AddrImm 8380))) 7
a22: CALL fsig_file_buf (external)
a27: XOR Reg EDX, Reg EDX 2
a29: MOV Reg RSI, Reg RAX 3
a2c: MOV Reg EAX, Reg EBP 2
a2e: DIV Address (SizeDir 32 (AddrPlus (FromReg RSI) (AddrImm 8376))) 6
a34: MOV Reg RDI, Reg RBX 3
a37: MOV Reg R13D, Reg EAX 3
a3a: CALL fsig_file_buf (external)
a3f: MOV Reg RDI, Reg RBX 3
a42: MOV Reg R14D, Address (SizeDir 32 (AddrPlus (FromReg RAX) (AddrImm 8216))) 7
a49: CALL fsig_file_buf (external)
a4e: XOR Reg EDX, Reg EDX 2
a50: MOV Reg RSI, Reg RAX 3
a53: MOV Reg EAX, Reg EBP 2
a55: DIV Address (SizeDir 32 (AddrPlus (FromReg RSI) (AddrImm 8376))) 6
a5b: MOV Reg RDI, Reg RBX 3
a5e: MOV Reg R15D, Reg EAX 3
a61: CALL fsig_file_buf (external)
a66: MOV Reg RDI, Reg RBX 3
a69: IMUL Reg R13D, Reg R12D 4
a6d: MOV Reg R12D, Address (SizeDir 32 (AddrPlus (FromReg RAX) (AddrImm 8220))) 7
a74: CALL fsig_file_buf (external)
a79: MOV Reg RDI, Reg RBX 3
a7c: ADD Reg R13D, Address (SizeDir 32 (AddrPlus (FromReg RAX) (AddrImm 8208))) 7
a83: CALL fsig_file_buf (external)
a88: XOR Reg EDX, Reg EDX 2
a8a: MOV Reg RCX, Reg RAX 3
a8d: MOV Reg EAX, Reg EBP 2
a8f: DIV Address (SizeDir 32 (AddrPlus (FromReg RCX) (AddrImm 8376))) 6
a95: NOT Reg R12D 3
a98: MOV Reg RDI, Reg RBX 3
a9b: AND Reg R12D, Reg R15D 3
a9e: IMUL Reg R12D, Reg R14D 4
aa2: ADD Reg R13D, Reg R12D 3
aa5: MOV Reg R12D, Reg EDX 3
aa8: CALL fsig_file_buf (external)
aad: XOR Reg EDX, Reg EDX 2
aaf: MOV Reg RSI, Reg RAX 3
ab2: MOV Reg EAX, Reg R12D 3
ab5: DIV Address (SizeDir 32 (AddrPlus (FromReg RSI) (AddrImm 8312))) 6
abb: MOV Reg RDI, Reg RBX 3
abe: MOV Reg R12D, Reg EAX 3
ac1: CALL fsig_file_buf (external)
ac6: MOV Reg ECX, Address (SizeDir 32 (AddrPlus (FromReg RAX) (AddrImm 8288))) 6
acc: MOV Reg RDI, Reg RBX 3
acf: SHL Reg R12D, Reg CL 3
ad2: CALL fsig_file_buf (external)
ad7: MOV Reg ECX, Address (SizeDir 32 (AddrPlus (FromReg RAX) (AddrImm 8292))) 6
add: ADD Reg R12D, Reg R13D 3
ae0: MOV Reg RDI, Reg RBX 3
ae3: SHL Reg R12D, Reg CL 3
ae6: CALL fsig_file_buf (external)
aeb: XOR Reg EDX, Reg EDX 2
aed: MOV Reg RCX, Reg RAX 3
af0: MOV Reg EAX, Reg EBP 2
af2: DIV Address (SizeDir 32 (AddrPlus (FromReg RCX) (AddrImm 8312))) 6
af8: MOV Reg RDI, Reg RBX 3
afb: MOV Reg EBP, Reg EDX 2
afd: SHL Reg EBP, Immediate 7 3
b00: CALL fsig_file_buf (external)
b05: ADD Reg RSP, Immediate 8 4
b09: MOV Reg EDX, Reg EBP 2
b0b: MOV Reg ESI, Reg R12D 3
b0e: MOV Reg RDI, Reg RBX 3
b11: LEA Reg R8, Address (SizeDir 64 (AddrPlus (FromReg RAX) (AddrImm 4096))) 7
b18: MOV Reg ECX, Immediate 128 5
b1d: POP Reg RBX 1
b1e: POP Reg RBP 1
b1f: POP Reg R12 2
b21: POP Reg R13 2
b23: POP Reg R14 2
b25: POP Reg R15 2
b27: JMP fsig_devread (jmp to external function)
  |
  `- 
b90: PUSH Reg R15 2
b92: PUSH Reg R14 2
b94: PUSH Reg R13 2
b96: PUSH Reg R12 2
b98: MOV Reg R12, Reg RDI 3
b9b: PUSH Reg RBP 1
b9c: PUSH Reg RBX 1
b9d: MOV Reg EBX, Reg ESI 2
b9f: SUB Reg RSP, Immediate 24 4
ba3: CALL fsig_file_buf (external)
ba8: CMP Reg EBX, Immediate 11 3
bab: JA bc8 (resolved immediate)
  |
  `- bad,bc8
bad: MOV Reg EBP, Address (SizeDir 32 (AddrPlus (AddrPlus (FromReg RAX) (AddrTimes (AddrImm 4) (FromReg RBX))) (AddrImm 4136))) 7
bb4: ADD Reg RSP, Immediate 24 4
bb8: MOV Reg EAX, Reg EBP 2
bba: POP Reg RBX 1
bbb: POP Reg RBP 1
bbc: POP Reg R12 2
bbe: POP Reg R13 2
bc0: POP Reg R14 2
bc2: POP Reg R15 2
bc4: RET  1
  |
  `- 
bc8: MOV Reg RDI, Reg R12 3
bcb: SUB Reg EBX, Immediate 12 3
bce: XOR Reg R13D, Reg R13D 3
bd1: CALL fsig_file_buf (external)
bd6: MOV Reg EBP, Address (SizeDir 32 (AddrPlus (FromReg RAX) (AddrImm 8308))) 6
bdc: CMP Reg EBX, Reg EBP 2
bde: JB c08 (resolved immediate)
  |
  `- be0,c08
be0: MOV Reg RDI, Reg R12 3
be3: SUB Reg EBX, Reg EBP 2
be5: ADD Reg R13D, Immediate 1 4
be9: CALL fsig_file_buf (external)
bee: IMUL Reg EBP, Address (SizeDir 32 (AddrPlus (FromReg RAX) (AddrImm 8308))) 7
bf5: CMP Reg EBP, Reg EBX 2
bf7: JBE be0 (resolved immediate)
  |
  `- be0,bf9
bf9: CMP Reg R13D, Immediate 2 4
bfd: JLE c08 (resolved immediate)
  |
  `- bff,c08
bff: XOR Reg EBP, Reg EBP 2
c01: JMP bb4 (resolved immediate)
  |
  `- bb4
c08: MOV Reg RDI, Reg R12 3
c0b: CALL fsig_file_buf (external)
c10: MOVSXD Reg RDX, Reg R13D 3
c13: MOV Reg R14D, Address (SizeDir 32 (AddrPlus (AddrPlus (FromReg RAX) (AddrTimes (AddrImm 4) (FromReg RDX))) (AddrImm 4184))) 8
c1b: TEST Reg R14D, Reg R14D 3
c1e: JE bff (resolved immediate)
  |
  `- bff,c20
c20: MOV Reg RDI, Reg R12 3
c23: CALL fsig_int1 (external)
c28: CMP Reg R14D, Address (SizeDir 32 (FromReg RAX)) 3
c2b: JE c91 (resolved immediate)
  |
  `- c2d,c91
c2d: MOV Reg RDI, Reg R12 3
c30: CALL fsig_int1 (external)
c35: MOV Reg RDI, Reg R12 3
c38: MOV Address (SizeDir 32 (FromReg RAX)), Immediate 0 6
c3e: CALL fsig_file_buf (external)
c43: MOV Reg ECX, Address (SizeDir 32 (AddrPlus (FromReg RAX) (AddrImm 8292))) 6
c49: MOV Reg ESI, Reg R14D 3
c4c: MOV Reg RDI, Reg R12 3
c4f: SHL Reg ESI, Reg CL 2
c51: MOV Address (SizeDir 32 (FromReg RSP)), Reg ESI 3
c54: CALL fsig_file_buf (external)
c59: MOV Reg RDI, Reg R12 3
c5c: MOV Reg R15, Reg RAX 3
c5f: CALL fsig_file_buf (external)
c64: MOV Reg ESI, Address (SizeDir 32 (FromReg RSP)) 3
c67: MOV Reg ECX, Address (SizeDir 32 (AddrPlus (FromReg RAX) (AddrImm 8240))) 6
c6d: LEA Reg R8, Address (SizeDir 64 (AddrPlus (FromReg R15) (AddrImm 139264))) 7
c74: XOR Reg EDX, Reg EDX 2
c76: MOV Reg RDI, Reg R12 3
c79: CALL fsig_devread (external)
c7e: TEST Reg EAX, Reg EAX 2
c80: JE bff (resolved immediate)
  |
  `- bff,c86
c86: MOV Reg RDI, Reg R12 3
c89: CALL fsig_int1 (external)
c8e: MOV Address (SizeDir 32 (FromReg RAX)), Reg R14D 3
c91: MOV Reg RDI, Reg R12 3
c94: CALL fsig_file_buf (external)
c99: MOV Reg RCX, Reg RAX 3
c9c: MOV Reg EAX, Reg EBP 2
c9e: MOV Reg RDI, Reg R12 3
ca1: CDQ  1
ca2: IDIV Address (SizeDir 32 (AddrPlus (FromReg RCX) (AddrImm 8308))) 6
ca8: XOR Reg EDX, Reg EDX 2
caa: MOV Reg R14D, Reg EAX 3
cad: MOV Reg EAX, Reg EBX 2
caf: DIV Reg R14D 3
cb2: MOV Reg EBP, Reg EAX 2
cb4: CALL fsig_file_buf (external)
cb9: XOR Reg EDX, Reg EDX 2
cbb: MOV Reg RCX, Reg RAX 3
cbe: MOV Reg EAX, Reg EBP 2
cc0: DIV Address (SizeDir 32 (AddrPlus (FromReg RCX) (AddrImm 8308))) 6
cc6: MOV Reg RDI, Reg R12 3
cc9: MOVSXD Reg RBP, Reg EDX 3
ccc: CALL fsig_file_buf (external)
cd1: TEST Reg R13D, Reg R13D 3
cd4: MOV Reg EBP, Address (SizeDir 32 (AddrPlus (AddrPlus (FromReg RAX) (AddrTimes (AddrImm 4) (FromReg RBP))) (AddrImm 139264))) 7
cdb: JE bb4 (resolved immediate)
  |
  `- bb4,ce1
ce1: MOV Reg R15D, Immediate 1 6
ce7: JMP cff (resolved immediate)
  |
  `- cff
cf0: CMP Reg R13D, Reg R15D 3
cf3: JLE bb4 (resolved immediate)
  |
  `- bb4,cf9
cf9: MOV Reg R15D, Immediate 2 6
cff: MOV Reg RDI, Reg R12 3
d02: CALL fsig_int2 (external)
d07: CMP Address (SizeDir 32 (FromReg RAX)), Reg EBP 2
d09: JE d66 (resolved immediate)
  |
  `- d0b,d66
d0b: MOV Reg RDI, Reg R12 3
d0e: CALL fsig_file_buf (external)
d13: MOV Reg ECX, Address (SizeDir 32 (AddrPlus (FromReg RAX) (AddrImm 8292))) 6
d19: MOV Reg ESI, Reg EBP 2
d1b: MOV Reg RDI, Reg R12 3
d1e: SHL Reg ESI, Reg CL 2
d20: MOV Address (SizeDir 32 (AddrPlus (FromReg RSP) (AddrImm 12))), Reg ESI 4
d24: CALL fsig_file_buf (external)
d29: MOV Reg RDI, Reg R12 3
d2c: MOV Address (SizeDir 64 (FromReg RSP)), Reg RAX 4
d30: CALL fsig_file_buf (external)
d35: MOV Reg RDX, Address (SizeDir 64 (FromReg RSP)) 4
d39: MOV Reg ECX, Address (SizeDir 32 (AddrPlus (FromReg RAX) (AddrImm 8240))) 6
d3f: MOV Reg RDI, Reg R12 3
d42: MOV Reg ESI, Address (SizeDir 32 (AddrPlus (FromReg RSP) (AddrImm 12))) 4
d46: LEA Reg R8, Address (SizeDir 64 (AddrPlus (FromReg RDX) (AddrImm 16384))) 7
d4d: XOR Reg EDX, Reg EDX 2
d4f: CALL fsig_devread (external)
d54: TEST Reg EAX, Reg EAX 2
d56: JE bff (resolved immediate)
  |
  `- bff,d5c
d5c: MOV Reg RDI, Reg R12 3
d5f: CALL fsig_int2 (external)
d64: MOV Address (SizeDir 32 (FromReg RAX)), Reg EBP 2
d66: MOV Reg RDI, Reg R12 3
d69: CALL fsig_file_buf (external)
d6e: MOV Reg RCX, Reg RAX 3
d71: MOV Reg EAX, Reg R14D 3
d74: MOV Reg RDI, Reg R12 3
d77: CDQ  1
d78: IDIV Address (SizeDir 32 (AddrPlus (FromReg RCX) (AddrImm 8308))) 6
d7e: XOR Reg EDX, Reg EDX 2
d80: MOV Reg R14D, Reg EAX 3
d83: MOV Reg EAX, Reg EBX 2
d85: DIV Reg R14D 3
d88: MOV Reg EBP, Reg EAX 2
d8a: CALL fsig_file_buf (external)
d8f: XOR Reg EDX, Reg EDX 2
d91: MOV Reg RCX, Reg RAX 3
d94: MOV Reg EAX, Reg EBP 2
d96: DIV Address (SizeDir 32 (AddrPlus (FromReg RCX) (AddrImm 8308))) 6
d9c: MOV Reg RDI, Reg R12 3
d9f: MOVSXD Reg RBP, Reg EDX 3
da2: CALL fsig_file_buf (external)
da7: MOV Reg EBP, Address (SizeDir 32 (AddrPlus (AddrPlus (FromReg RAX) (AddrTimes (AddrImm 4) (FromReg RBP))) (AddrImm 16384))) 7
dae: TEST Reg EBP, Reg EBP 2
db0: JNE cf0 (resolved immediate)
  |
  `- cf0,db6
db6: XOR Reg EBP, Reg EBP 2
db8: JMP bb4 (resolved immediate)
  |
  `- bb4
f00: PUSH Reg R15 2
f02: PUSH Reg R14 2
f04: PUSH Reg R13 2
f06: PUSH Reg R12 2
f08: MOV Reg R12, Reg RSI 3
f0b: PUSH Reg RBP 1
f0c: PUSH Reg RBX 1
f0d: MOV Reg RBP, Reg RDI 3
f10: SUB Reg RSP, Immediate 24 4
f14: CALL fsig_int2 (external)
f19: MOV Reg RDI, Reg RBP 3
f1c: MOV Reg RBX, Reg RAX 3
f1f: MOV Address (SizeDir 32 (FromReg RAX)), Immediate 0 6
f25: CALL fsig_int1 (external)
f2a: MOV Reg EDX, Address (SizeDir 32 (FromReg RBX)) 2
f2c: MOV Address (SizeDir 32 (FromReg RAX)), Reg EDX 2
f2e: MOVZX Reg EBX, Address (SizeDir 8 (FromReg R12)) 5
f33: CMP Reg BL, Immediate 47 3
f36: JNE f4e (resolved immediate)
  |
  `- f38,f4e
f38: NOP  8
f40: ADD Reg R12, Immediate 1 4
f44: MOVZX Reg EBX, Address (SizeDir 8 (FromReg R12)) 5
f49: CMP Reg BL, Immediate 47 3
f4c: JE f40 (resolved immediate)
  |
  `- f40,f4e
f4e: TEST Reg BL, Reg BL 2
f50: MOV Reg R15D, Immediate 2 6
f56: JE 1021 (resolved immediate)
  |
  `- f5c,1021
f5c: NOP  4
f60: CALL __ctype_b_loc (external)
f65: MOV Reg R13, Reg RAX 3
f68: MOV Reg RAX, Address (SizeDir 64 (FromReg RAX)) 3
f6b: TEST Address (SizeDir 8 (AddrPlus (AddrPlus (FromReg RAX) (AddrTimes (AddrImm 2) (FromReg RBX))) (AddrImm 1))), Immediate 32 5
f70: JNE 1021 (resolved immediate)
  |
  `- f76,1021
f76: MOV Reg ESI, Reg R15D 3
f79: MOV Reg RDI, Reg RBP 3
f7c: CALL openi (internal)
  |
  `- 
f81: TEST Reg EAX, Reg EAX 2
f83: JE 1034 (resolved immediate)
  |
  `- f89,1034
f89: MOVZX Reg EBX, Address (SizeDir 8 (FromReg R12)) 5
f8e: TEST Reg BL, Reg BL 2
f90: JE 1045 (resolved immediate)
  |
  `- f96,1045
f96: MOV Reg RDX, Address (SizeDir 64 (FromReg R13)) 4
f9a: MOVZX Reg EAX, Reg BL 3
f9d: MOV Reg R14, Reg R12 3
fa0: TEST Address (SizeDir 8 (AddrPlus (AddrPlus (FromReg RDX) (AddrTimes (AddrImm 2) (FromReg RAX))) (AddrImm 1))), Immediate 32 5
fa5: JE fce (resolved immediate)
  |
  `- fa7,fce
fa7: JMP 1160 (resolved immediate)
  |
  `- 1160
fb0: ADD Reg R14, Immediate 1 4
fb4: MOVZX Reg EBX, Address (SizeDir 8 (FromReg R14)) 4
fb8: TEST Reg BL, Reg BL 2
fba: JE 1198 (resolved immediate)
  |
  `- fc0,1198
fc0: MOVZX Reg EAX, Reg BL 3
fc3: TEST Address (SizeDir 8 (AddrPlus (AddrPlus (FromReg RDX) (AddrTimes (AddrImm 2) (FromReg RAX))) (AddrImm 1))), Immediate 32 5
fc8: JNE 1160 (resolved immediate)
  |
  `- fce,1160
fce: CMP Reg BL, Immediate 47 3
fd1: JNE fb0 (resolved immediate)
  |
  `- fb0,fd3
fd3: MOV Address (SizeDir 8 (FromReg R14)), Immediate 0 4
fd7: MOV Reg RDI, Reg RBP 3
fda: MOV Reg EBX, Immediate 47 5
fdf: CALL fsig_file_buf (external)
fe4: MOVZX Reg EAX, Address (SizeDir 16 (AddrPlus (FromReg RAX) (AddrImm 4096))) 7
feb: AND Reg AX, Immediate 61440 4
fef: CMP Reg AX, Immediate 16384 4
ff3: JE 1068 (resolved immediate)
  |
  `- ff5,1068
ff5: MOV Address (SizeDir 8 (FromReg R14)), Immediate 47 4
ff9: MOV Reg R12, Reg R14 3
ffc: XOR Reg R15D, Reg R15D 3
fff: NOP  1
1000: ADD Reg R12, Immediate 1 4
1004: CMP Address (SizeDir 8 (FromReg R12)), Immediate 47 5
1009: JE 1000 (resolved immediate)
  |
  `- 1000,100b
100b: TEST Reg R15D, Reg R15D 3
100e: JE 11b9 (resolved immediate)
  |
  `- 11b9
1021: MOV Reg ESI, Reg R15D 3
1024: MOV Reg RDI, Reg RBP 3
1027: CALL openi (internal)
  |
  `- a00
102c: TEST Reg EAX, Reg EAX 2
102e: JNE 1212 (resolved immediate)
  |
  `- 1034,1212
1034: ADD Reg RSP, Immediate 24 4
1038: XOR Reg EAX, Reg EAX 2
103a: POP Reg RBX 1
103b: POP Reg RBP 1
103c: POP Reg R12 2
103e: POP Reg R13 2
1040: POP Reg R14 2
1042: POP Reg R15 2
1044: RET  1
  |
  `- 
1045: MOV Reg RDI, Reg RBP 3
1048: CALL fsig_file_buf (external)
104d: MOVZX Reg EAX, Address (SizeDir 16 (AddrPlus (FromReg RAX) (AddrImm 4096))) 7
1054: AND Reg AX, Immediate 61440 4
1058: CMP Reg AX, Immediate 16384 4
105c: JNE 11fa (resolved immediate)
  |
  `- 1062,11fa
1062: MOV Reg R14, Reg R12 3
1065: NOP  3
1068: XOR Reg R13D, Reg R13D 3
106b: JMP 1078 (resolved immediate)
  |
  `- 1078
1070: MOVZX Reg EAX, Address (SizeDir 16 (AddrPlus (FromReg R15) (AddrImm 4))) 5
1075: ADD Reg R13D, Reg EAX 3
1078: MOV Reg RDI, Reg RBP 3
107b: CALL fsig_file_buf (external)
1080: CMP Address (SizeDir 32 (AddrPlus (FromReg RAX) (AddrImm 4104))), Reg R13D 7
1087: JBE 1181 (resolved immediate)
  |
  `- 108d,1181
108d: MOV Reg RDI, Reg RBP 3
1090: CALL fsig_file_buf (external)
1095: MOV Reg EAX, Address (SizeDir 32 (AddrPlus (FromReg RAX) (AddrImm 8264))) 6
109b: NOT Reg EAX 2
109d: AND Reg EAX, Reg R13D 3
10a0: MOVSXD Reg R15, Reg EAX 3
10a3: JNE 1119 (resolved immediate)
  |
  `- 10a5,1119
10a5: MOV Reg RDI, Reg RBP 3
10a8: CALL fsig_file_buf (external)
10ad: MOV Reg ECX, Address (SizeDir 32 (AddrPlus (FromReg RAX) (AddrImm 8272))) 6
10b3: MOV Reg ESI, Reg R13D 3
10b6: MOV Reg RDI, Reg RBP 3
10b9: SAR Reg ESI, Reg CL 2
10bb: CALL sbmap (internal)
  |
  `- 10c0,b90
10c0: TEST Reg EAX, Reg EAX 2
10c2: MOV Address (SizeDir 32 (FromReg RSP)), Reg EAX 3
10c5: JE 1181 (resolved immediate)
10cb: MOV Reg RDI, Reg RBP 3
10ce: CALL fsig_file_buf (external)
10d3: MOV Reg ESI, Address (SizeDir 32 (FromReg RSP)) 3
10d6: MOV Reg ECX, Address (SizeDir 32 (AddrPlus (FromReg RAX) (AddrImm 8292))) 6
10dc: MOV Reg RDI, Reg RBP 3
10df: SHL Reg ESI, Reg CL 2
10e1: MOV Address (SizeDir 32 (AddrPlus (FromReg RSP) (AddrImm 12))), Reg ESI 4
10e5: CALL fsig_file_buf (external)
10ea: MOV Reg RDI, Reg RBP 3
10ed: MOV Address (SizeDir 64 (FromReg RSP)), Reg RAX 4
10f1: CALL fsig_file_buf (external)
10f6: MOV Reg RDX, Address (SizeDir 64 (FromReg RSP)) 4
10fa: MOV Reg ECX, Address (SizeDir 32 (AddrPlus (FromReg RAX) (AddrImm 8240))) 6
1100: MOV Reg RDI, Reg RBP 3
1103: MOV Reg ESI, Address (SizeDir 32 (AddrPlus (FromReg RSP) (AddrImm 12))) 4
1107: LEA Reg R8, Address (SizeDir 64 (AddrPlus (FromReg RDX) (AddrImm 16384))) 7
110e: XOR Reg EDX, Reg EDX 2
1110: CALL fsig_devread (external)
1115: TEST Reg EAX, Reg EAX 2
1117: JE 1181 (resolved immediate)
1119: MOV Reg RDI, Reg RBP 3
111c: CALL fsig_file_buf (external)
1121: LEA Reg R15, Address (SizeDir 64 (AddrPlus (AddrPlus (FromReg RAX) (AddrTimes (AddrImm 1) (FromReg R15))) (AddrImm 16384))) 8
1129: MOV Reg EAX, Address (SizeDir 32 (FromReg R15)) 3
112c: TEST Reg EAX, Reg EAX 2
112e: JE 1070 (resolved immediate)
  |
  `- 1070,1134
1134: LEA Reg RSI, Address (SizeDir 64 (AddrPlus (FromReg R15) (AddrImm 8))) 4
1138: MOV Reg RDI, Reg R12 3
113b: CALL fsig_substring (external)
1140: TEST Reg EAX, Reg EAX 2
1142: JNE 1070 (resolved immediate)
  |
  `- 1070
1160: MOV Address (SizeDir 8 (FromReg R14)), Immediate 0 4
1164: MOV Reg RDI, Reg RBP 3
1167: CALL fsig_file_buf (external)
116c: MOVZX Reg EAX, Address (SizeDir 16 (AddrPlus (FromReg RAX) (AddrImm 4096))) 7
1173: AND Reg AX, Immediate 61440 4
1177: CMP Reg AX, Immediate 16384 4
117b: JE 1068 (resolved immediate)
  |
  `- 1068,1181
1181: CMP Reg BL, Immediate 47 3
1184: MOV Address (SizeDir 8 (FromReg R14)), Reg BL 3
1187: JNE 11b9 (resolved immediate)
  |
  `- 1189,11b9
1189: MOV Reg R12, Reg R14 3
118c: XOR Reg R15D, Reg R15D 3
118f: JMP 1000 (resolved immediate)
  |
  `- 1000
1198: MOV Reg RDI, Reg RBP 3
119b: CALL fsig_file_buf (external)
11a0: MOVZX Reg EAX, Address (SizeDir 16 (AddrPlus (FromReg RAX) (AddrImm 4096))) 7
11a7: AND Reg AX, Immediate 61440 4
11ab: CMP Reg AX, Immediate 16384 4
11af: JE 1068 (resolved immediate)
  |
  `- 1068,11b5
11b5: MOV Address (SizeDir 8 (FromReg R14)), Immediate 0 4
11b9: XOR Reg ESI, Reg ESI 2
11bb: MOV Reg RDI, Reg RBP 3
11be: CALL openi (internal)
11c3: TEST Reg EAX, Reg EAX 2
11c5: JE 1034 (resolved immediate)
11cb: MOV Reg RDI, Reg RBP 3
11ce: CALL fsig_filepos (external)
11d3: MOV Reg RDI, Reg RBP 3
11d6: MOV Address (SizeDir 64 (FromReg RAX)), Immediate 0 7
11dd: CALL fsig_file_buf (external)
11e2: MOV Reg EBX, Address (SizeDir 32 (AddrPlus (FromReg RAX) (AddrImm 4104))) 6
11e8: MOV Reg RDI, Reg RBP 3
11eb: CALL fsig_filemax (external)
11f0: MOV Reg ECX, Reg EBX 2
11f2: MOV Address (SizeDir 64 (FromReg RAX)), Reg RCX 3
11f5: JMP 1034 (resolved immediate)
  |
  `- 1034
11fa: XOR Reg ESI, Reg ESI 2
11fc: MOV Address (SizeDir 8 (FromReg R12)), Immediate 0 5
1201: MOV Reg RDI, Reg RBP 3
1204: CALL openi (internal)
1209: TEST Reg EAX, Reg EAX 2
120b: JNE 11cb (resolved immediate)
  |
  `- 11cb
1212: MOV Reg RDI, Reg RBP 3
1215: CALL fsig_filepos (external)
121a: MOV Reg RDI, Reg RBP 3
121d: MOV Address (SizeDir 64 (FromReg RAX)), Immediate 0 7
1224: CALL fsig_file_buf (external)
1229: MOV Reg EBX, Address (SizeDir 32 (AddrPlus (FromReg RAX) (AddrImm 4104))) 6
122f: MOV Reg RDI, Reg RBP 3
1232: CALL fsig_filemax (external)
1237: MOV Reg RDI, Reg RBP 3
123a: MOV Reg ECX, Reg EBX 2
123c: MOV Address (SizeDir 64 (FromReg RAX)), Reg RCX 3
123f: CALL fsig_file_buf (external)
1244: MOVZX Reg EAX, Address (SizeDir 16 (AddrPlus (FromReg RAX) (AddrImm 4096))) 7
124b: AND Reg AX, Immediate 61440 4
124f: CMP Reg AX, Immediate 32768 4
1253: SETE Reg AL 3
1256: ADD Reg RSP, Immediate 24 4
125a: POP Reg RBX 1
125b: MOVZX Reg EAX, Reg AL 3
125e: POP Reg RBP 1
125f: POP Reg R12 2
1261: POP Reg R13 2
1263: POP Reg R14 2
1265: POP Reg R15 2
1267: RET  1
  |
  `- 
