Number of assembly instructions     = 25
Number of indirect branches         = 0
Number of unresolved indirect jumps = 0: 
Number of unresolved indirect calls = 0: 
Number of symbolic states (representative of non-determinism): 25
Number of edges: 25

b30 (False): 0

b30: PUSH Reg RBX 1
b31: MOV Reg RBX, Reg RDI 3
b34: CALL fsig_file_buf (external)
b39: LEA Reg R8, Address (SizeDir 64 (AddrPlus (FromReg RAX) (AddrImm 8192))) 7
b40: XOR Reg EDX, Reg EDX 2
b42: MOV Reg ECX, Immediate 8192 5
b47: MOV Reg ESI, Immediate 16 5
b4c: MOV Reg RDI, Reg RBX 3
b4f: CALL fsig_devread (external)
b54: TEST Reg EAX, Reg EAX 2
b56: JNE b60 (resolved immediate)
  |
  `- b58,b60
b58: XOR Reg EAX, Reg EAX 2
b5a: POP Reg RBX 1
b5b: RET  1
  |
  `- 
b60: MOV Reg RDI, Reg RBX 3
b63: CALL fsig_file_buf (external)
b68: CMP Address (SizeDir 32 (AddrPlus (FromReg RAX) (AddrImm 9564))), Immediate 72020 10
b72: JNE b58 (resolved immediate)
  |
  `- b58,b74
b74: MOV Reg RDI, Reg RBX 3
b77: CALL fsig_file_buf (external)
b7c: CMP Address (SizeDir 32 (AddrPlus (FromReg RAX) (AddrImm 8240))), Immediate 122880 10
b86: POP Reg RBX 1
b87: SETLE Reg AL 3
b8a: MOVZX Reg EAX, Reg AL 3
b8d: RET  1
  |
  `- 
