Number of assembly instructions     = 12
Number of indirect branches         = 0
Number of unresolved indirect jumps = 0: 
Number of unresolved indirect calls = 0: 
Number of symbolic states (representative of non-determinism): 12
Number of edges: 12

21b0 (False): 0

21b0: MOVZX Reg EDX, Address (SizeDir 8 (AddrPlus (FromReg RDI) (AddrImm 28))) 4
21b4: TEST Reg DL, Immediate 1 3
21b7: JE 21d0 (resolved immediate)
  |
  `- 21b9,21d0
21b9: AND Reg EDX, Immediate 2 3
21bc: MOV Reg EAX, Immediate 1 5
21c1: JNE 21d8 (resolved immediate)
  |
  `- 21c3,21d8
21c3: MOV Reg RAX, Address (SizeDir 64 (AddrPlus (FromReg RDI) (AddrImm 8))) 4
21c7: MOVZX Reg EAX, Address (SizeDir 8 (AddrPlus (FromReg RAX) (AddrImm 20))) 4
21cb: RET  1
  |
  `- 
21d0: MOV Reg RAX, Address (SizeDir 64 (AddrPlus (FromReg RDI) (AddrImm 8))) 4
21d4: MOVZX Reg EAX, Address (SizeDir 8 (AddrPlus (FromReg RAX) (AddrImm 21))) 4
21d8: RET  2
  |
  `- 
