Number of assembly instructions     = 244
Number of indirect branches         = 0
Number of unresolved indirect jumps = 0: 
Number of unresolved indirect calls = 0: 
Number of symbolic states (representative of non-determinism): 244
Number of edges: 266

1b70 (False): 0

1b70: PUSH Reg R15 2
1b72: PUSH Reg R14 2
1b74: MOV Reg R14, Reg RDI 3
1b77: PUSH Reg R13 2
1b79: PUSH Reg R12 2
1b7b: MOV Reg EDI, Immediate 80 5
1b80: PUSH Reg RBP 1
1b81: PUSH Reg RBX 1
1b82: MOV Reg R12, Reg RDX 3
1b85: SUB Reg RSP, Immediate 136 7
1b8c: MOV Reg RAX, Address (SizeDir 64 (AddrPlus (FromReg FS) (AddrImm 40))) 9
1b95: MOV Address (SizeDir 64 (AddrPlus (FromReg RSP) (AddrImm 120))), Reg RAX 5
1b9a: XOR Reg EAX, Reg EAX 2
1b9c: MOV Address (SizeDir 32 (AddrPlus (FromReg RSP) (AddrImm 12))), Reg ESI 4
1ba0: CALL malloc (external)
1ba5: TEST Reg RAX, Reg RAX 3
1ba8: MOV Reg R15, Reg RAX 3
1bab: JZ 1c71 (resolved immediate)
  |
  `- 1bb1,1c71
1bb1: AND Address (SizeDir 8 (AddrPlus (FromReg RAX) (AddrImm 28))), Immediate 254 4
1bb5: MOV Address (SizeDir 64 (AddrPlus (FromReg RAX) (AddrImm 8))), Immediate 0 8
1bbd: MOV Address (SizeDir 64 (AddrPlus (FromReg RAX) (AddrImm 16))), Immediate 0 8
1bc5: MOV Address (SizeDir 64 (FromReg RAX)), Immediate 0 7
1bcc: MOV Address (SizeDir 32 (AddrPlus (FromReg RAX) (AddrImm 48))), Immediate 0 7
1bd3: MOV Address (SizeDir 32 (AddrPlus (FromReg RAX) (AddrImm 72))), Immediate 0 7
1bda: CALL xs_daemon_open (external)
1bdf: TEST Reg RAX, Reg RAX 3
1be2: MOV Reg RBX, Reg RAX 3
1be5: JZ 1e28 (resolved immediate)
  |
  `- 1beb,1e28
1beb: LEA Reg RBP, Address (AddrPlus (FromReg RSP) (AddrImm 48)) 5
1bf0: LEA Reg R8, Address (AddrPlus (FromReg RIP) (AddrImm 3055)) 7
1bf7: LEA Reg R13, Address (AddrPlus (FromReg RSP) (AddrImm 44)) 5
1bfc: MOV Reg R9, Reg R12 3
1bff: MOV Reg ECX, Immediate 64 5
1c04: MOV Reg EDX, Immediate 1 5
1c09: MOV Reg ESI, Immediate 64 5
1c0e: MOV Reg RDI, Reg RBP 3
1c11: XOR Reg EAX, Reg EAX 2
1c13: CALL __snprintf_chk (external)
1c18: MOV Reg RCX, Reg R13 3
1c1b: XOR Reg ESI, Reg ESI 2
1c1d: MOV Reg RDX, Reg RBP 3
1c20: MOV Reg RDI, Reg RBX 3
1c23: CALL xs_read (external)
1c28: TEST Reg RAX, Reg RAX 3
1c2b: MOV Reg RCX, Reg RAX 3
1c2e: JZ 1c5e (resolved immediate)
  |
  `- 1c30,1c5e
1c30: MOV Reg EDX, Immediate 10 5
1c35: XOR Reg ESI, Reg ESI 2
1c37: MOV Reg RDI, Reg RCX 3
1c3a: MOV Address (SizeDir 64 (AddrPlus (FromReg RSP) (AddrImm 24))), Reg RCX 5
1c3f: CALL strtol (external)
1c44: MOV Reg RCX, Address (SizeDir 64 (AddrPlus (FromReg RSP) (AddrImm 24))) 5
1c49: MOV Address (SizeDir 64 (AddrPlus (FromReg RSP) (AddrImm 16))), Reg RAX 5
1c4e: MOV Reg RDI, Reg RCX 3
1c51: CALL free (external)
1c56: MOV Reg EDX, Address (SizeDir 32 (AddrPlus (FromReg RSP) (AddrImm 16))) 4
1c5a: TEST Reg EDX, Reg EDX 2
1c5c: JNZ 1ca0 (resolved immediate)
  |
  `- 1c5e,1ca0
1c5e: MOV Reg RDI, Reg R15 3
1c61: XOR Reg R15D, Reg R15D 3
1c64: CALL libxenvchan_close (external)
1c69: MOV Reg RDI, Reg RBX 3
1c6c: CALL xs_daemon_close (external)
1c71: MOV Reg RDX, Address (SizeDir 64 (AddrPlus (FromReg RSP) (AddrImm 120))) 5
1c76: XOR Reg RDX, Address (SizeDir 64 (AddrPlus (FromReg FS) (AddrImm 40))) 9
1c7f: MOV Reg RAX, Reg R15 3
1c82: JNZ 1efa (resolved immediate)
  |
  `- 1c88,1efa
1c88: ADD Reg RSP, Immediate 136 7
1c8f: POP Reg RBX 1
1c90: POP Reg RBP 1
1c91: POP Reg R12 2
1c93: POP Reg R13 2
1c95: POP Reg R14 2
1c97: POP Reg R15 2
1c99: RET  1
  |
  `- 
1ca0: LEA Reg R8, Address (AddrPlus (FromReg RIP) (AddrImm 2891)) 7
1ca7: MOV Reg RDI, Reg RBP 3
1caa: MOV Reg R9, Reg R12 3
1cad: MOV Reg ECX, Immediate 64 5
1cb2: MOV Reg EDX, Immediate 1 5
1cb7: MOV Reg ESI, Immediate 64 5
1cbc: XOR Reg EAX, Reg EAX 2
1cbe: CALL __snprintf_chk (external)
1cc3: MOV Reg RDX, Reg RBP 3
1cc6: XOR Reg ESI, Reg ESI 2
1cc8: MOV Reg RCX, Reg R13 3
1ccb: MOV Reg RDI, Reg RBX 3
1cce: CALL xs_read (external)
1cd3: TEST Reg RAX, Reg RAX 3
1cd6: MOV Reg RBP, Reg RAX 3
1cd9: JZ 1c5e (resolved immediate)
  |
  `- 1c5e,1cdb
1cdb: XOR Reg ESI, Reg ESI 2
1cdd: MOV Reg EDX, Immediate 10 5
1ce2: MOV Reg RDI, Reg RAX 3
1ce5: CALL strtol (external)
1cea: MOV Reg RDI, Reg RBP 3
1ced: MOV Address (SizeDir 32 (AddrPlus (FromReg R15) (AddrImm 24))), Reg EAX 4
1cf1: CALL free (external)
1cf6: MOV Reg EAX, Address (SizeDir 32 (AddrPlus (FromReg R15) (AddrImm 24))) 4
1cfa: TEST Reg EAX, Reg EAX 2
1cfc: JZ 1c5e (resolved immediate)
  |
  `- 1c5e,1d02
1d02: XOR Reg ESI, Reg ESI 2
1d04: MOV Reg RDI, Reg R14 3
1d07: CALL xengnttab_open (external)
1d0c: TEST Reg RAX, Reg RAX 3
1d0f: MOV Address (SizeDir 64 (FromReg R15)), Reg RAX 3
1d12: JZ 1c5e (resolved immediate)
  |
  `- 1c5e,1d18
1d18: XOR Reg ESI, Reg ESI 2
1d1a: MOV Reg RDI, Reg R14 3
1d1d: CALL xenevtchn_open (external)
1d22: TEST Reg RAX, Reg RAX 3
1d25: MOV Address (SizeDir 64 (AddrPlus (FromReg R15) (AddrImm 16))), Reg RAX 4
1d29: JZ 1c5e (resolved immediate)
  |
  `- 1c5e,1d2f
1d2f: MOV Reg EDX, Address (SizeDir 32 (AddrPlus (FromReg R15) (AddrImm 24))) 4
1d33: MOV Reg ESI, Address (SizeDir 32 (AddrPlus (FromReg RSP) (AddrImm 12))) 4
1d37: MOV Reg RDI, Reg RAX 3
1d3a: CALL xenevtchn_bind_interdomain (external)
1d3f: TEST Reg EAX, Reg EAX 2
1d41: MOV Reg EBP, Reg EAX 2
1d43: JS 1ee4 (resolved immediate)
  |
  `- 1d49,1ee4
1d49: MOV Reg RDI, Address (SizeDir 64 (AddrPlus (FromReg R15) (AddrImm 16))) 4
1d4d: MOV Address (SizeDir 32 (AddrPlus (FromReg R15) (AddrImm 24))), Reg EAX 4
1d51: MOV Reg ESI, Reg EAX 2
1d53: CALL xenevtchn_unmask (external)
1d58: TEST Reg EAX, Reg EAX 2
1d5a: JNZ 1ed9 (resolved immediate)
  |
  `- 1d60,1ed9
1d60: MOV Reg R9D, Address (SizeDir 32 (AddrPlus (FromReg R15) (AddrImm 24))) 4
1d64: MOV Reg EDX, Address (SizeDir 32 (AddrPlus (FromReg RSP) (AddrImm 16))) 4
1d68: MOV Reg R8D, Immediate 20 6
1d6e: MOV Reg ESI, Address (SizeDir 32 (AddrPlus (FromReg RSP) (AddrImm 12))) 4
1d72: MOV Reg RDI, Address (SizeDir 64 (FromReg R15)) 3
1d75: MOV Reg ECX, Immediate 3 5
1d7a: CALL xengnttab_map_grant_ref_notify (external)
1d7f: TEST Reg RAX, Reg RAX 3
1d82: MOV Address (SizeDir 64 (AddrPlus (FromReg R15) (AddrImm 8))), Reg RAX 4
1d86: JZ 1c5e (resolved immediate)
  |
  `- 1c5e,1d8c
1d8c: MOVZX Reg ECX, Address (SizeDir 16 (AddrPlus (FromReg RAX) (AddrImm 16))) 4
1d90: LEA Reg R8, Address (AddrPlus (FromReg RAX) (AddrImm 8)) 4
1d94: MOV Address (SizeDir 32 (AddrPlus (FromReg R15) (AddrImm 72))), Reg ECX 4
1d98: MOVZX Reg EDX, Address (SizeDir 16 (AddrPlus (FromReg RAX) (AddrImm 18))) 4
1d9c: MOV Reg EDI, Reg ECX 2
1d9e: MOV Address (SizeDir 64 (AddrPlus (FromReg R15) (AddrImm 32))), Reg R8 4
1da2: LEA Reg R8D, Address (AddrMinus (FromReg RCX) (AddrImm 10)) 4
1da6: MOV Address (SizeDir 64 (AddrPlus (FromReg R15) (AddrImm 56))), Reg RAX 4
1daa: CMP Reg R8D, Immediate 10 4
1dae: MOV Reg ESI, Reg EDX 2
1db0: MOV Address (SizeDir 32 (AddrPlus (FromReg R15) (AddrImm 48))), Reg EDX 4
1db4: JA 1f1e (resolved immediate)
  |
  `- 1dba,1f1e
1dba: LEA Reg R8D, Address (AddrMinus (FromReg RDX) (AddrImm 10)) 4
1dbe: CMP Reg R8D, Immediate 10 4
1dc2: JA 1f1e (resolved immediate)
  |
  `- 1dc8,1f1e
1dc8: CMP Reg ECX, Reg EDX 2
1dca: JNZ 1dd5 (resolved immediate)
  |
  `- 1dcc,1dd5
1dcc: CMP Reg EDX, Immediate 11 3
1dcf: JLE 1f1e (resolved immediate)
  |
  `- 1dd5,1f1e
1dd5: CMP Reg DI, Immediate 10 4
1dd9: LEA Reg RBP, Address (AddrPlus (FromReg RAX) (AddrImm 24)) 4
1ddd: JZ 1e49 (resolved immediate)
  |
  `- 1ddf,1e49
1ddf: CMP Reg DI, Immediate 11 4
1de3: JNZ 1e9b (resolved immediate)
  |
  `- 1de9,1e9b
1de9: ADD Reg RAX, Immediate 2048 6
1def: MOV Address (SizeDir 64 (AddrPlus (FromReg R15) (AddrImm 64))), Reg RAX 4
1df3: CMP Reg ESI, Immediate 10 3
1df6: JZ 1e87 (resolved immediate)
  |
  `- 1dfc,1e87
1dfc: CMP Reg ESI, Immediate 11 3
1dff: JNZ 1e55 (resolved immediate)
  |
  `- 1e01,1e55
1e01: MOV Reg RAX, Address (SizeDir 64 (AddrPlus (FromReg R15) (AddrImm 8))) 4
1e05: LEA Reg RDX, Address (AddrPlus (FromReg RAX) (AddrImm 2048)) 7
1e0c: MOV Address (SizeDir 64 (AddrPlus (FromReg R15) (AddrImm 40))), Reg RDX 4
1e10: MOV Address (SizeDir 8 (AddrPlus (FromReg RAX) (AddrImm 20))), Immediate 1 4
1e14: MOV Reg RAX, Address (SizeDir 64 (AddrPlus (FromReg R15) (AddrImm 8))) 4
1e18: MOV Address (SizeDir 8 (AddrPlus (FromReg RAX) (AddrImm 23))), Immediate 1 4
1e1c: JMP 1c69 (resolved immediate)
  |
  `- 1c69
1e28: CALL xs_domain_open (external)
1e2d: TEST Reg RAX, Reg RAX 3
1e30: MOV Reg RBX, Reg RAX 3
1e33: JNZ 1beb (resolved immediate)
  |
  `- 1beb,1e39
1e39: MOV Reg RDI, Reg R15 3
1e3c: XOR Reg R15D, Reg R15D 3
1e3f: CALL libxenvchan_close (external)
1e44: JMP 1c71 (resolved immediate)
  |
  `- 1c71
1e49: ADD Reg RAX, Immediate 1024 6
1e4f: MOV Address (SizeDir 64 (AddrPlus (FromReg R15) (AddrImm 64))), Reg RAX 4
1e53: JMP 1df3 (resolved immediate)
  |
  `- 1df3
1e55: LEA Reg ECX, Address (AddrMinus (FromReg RSI) (AddrImm 12)) 3
1e58: MOV Reg R12D, Immediate 1 6
1e5e: MOV Reg EDX, Address (SizeDir 32 (AddrPlus (FromReg RSP) (AddrImm 12))) 4
1e62: MOV Reg RDI, Address (SizeDir 64 (FromReg R15)) 3
1e65: MOV Reg ESI, Reg R12D 3
1e68: MOV Reg R8D, Immediate 1 6
1e6e: SHL Reg ESI, Reg CL 2
1e70: MOV Reg RCX, Reg RBP 3
1e73: CALL xengnttab_map_domain_grant_refs (external)
1e78: TEST Reg RAX, Reg RAX 3
1e7b: MOV Address (SizeDir 64 (AddrPlus (FromReg R15) (AddrImm 40))), Reg RAX 4
1e7f: JZ 1eff (resolved immediate)
  |
  `- 1e81,1eff
1e81: MOV Reg RAX, Address (SizeDir 64 (AddrPlus (FromReg R15) (AddrImm 8))) 4
1e85: JMP 1e10 (resolved immediate)
  |
  `- 1e10
1e87: MOV Reg RAX, Address (SizeDir 64 (AddrPlus (FromReg R15) (AddrImm 8))) 4
1e8b: LEA Reg RDX, Address (AddrPlus (FromReg RAX) (AddrImm 1024)) 7
1e92: MOV Address (SizeDir 64 (AddrPlus (FromReg R15) (AddrImm 40))), Reg RDX 4
1e96: JMP 1e10 (resolved immediate)
  |
  `- 1e10
1e9b: SUB Reg ECX, Immediate 12 3
1e9e: MOV Reg R12D, Immediate 1 6
1ea4: MOV Reg EDX, Address (SizeDir 32 (AddrPlus (FromReg RSP) (AddrImm 12))) 4
1ea8: MOV Reg RDI, Address (SizeDir 64 (FromReg R15)) 3
1eab: SHL Reg R12D, Reg CL 3
1eae: MOV Reg R8D, Immediate 3 6
1eb4: MOV Reg RCX, Reg RBP 3
1eb7: MOV Reg ESI, Reg R12D 3
1eba: CALL xengnttab_map_domain_grant_refs (external)
1ebf: TEST Reg RAX, Reg RAX 3
1ec2: MOV Address (SizeDir 64 (AddrPlus (FromReg R15) (AddrImm 64))), Reg RAX 4
1ec6: JZ 1f1e (resolved immediate)
  |
  `- 1ec8,1f1e
1ec8: MOVSXD Reg R12, Reg R12D 3
1ecb: MOV Reg ESI, Address (SizeDir 32 (AddrPlus (FromReg R15) (AddrImm 48))) 4
1ecf: LEA Reg RBP, Address (AddrPlus (AddrPlus (FromReg RBP) (AddrTimes (AddrImm 4) (FromReg R12))) (AddrImm 0)) 5
1ed4: JMP 1df3 (resolved immediate)
  |
  `- 1df3
1ed9: MOV Reg RDI, Address (SizeDir 64 (AddrPlus (FromReg R15) (AddrImm 16))) 4
1edd: MOV Reg ESI, Reg EBP 2
1edf: CALL xenevtchn_unbind (external)
1ee4: MOV Reg RDI, Address (SizeDir 64 (AddrPlus (FromReg R15) (AddrImm 16))) 4
1ee8: CALL xenevtchn_close (external)
1eed: MOV Address (SizeDir 64 (AddrPlus (FromReg R15) (AddrImm 16))), Immediate 0 8
1ef5: JMP 1c5e (resolved immediate)
  |
  `- 1c5e
1efa: CALL __stack_chk_fail (external)
  |
  `- 
1eff: MOV Reg EAX, Address (SizeDir 32 (AddrPlus (FromReg R15) (AddrImm 72))) 4
1f03: MOV Reg RDI, Address (SizeDir 64 (FromReg R15)) 3
1f06: CMP Reg EAX, Immediate 11 3
1f09: JLE 1f1e (resolved immediate)
  |
  `- 1f0b,1f1e
1f0b: SUB Reg EAX, Immediate 12 3
1f0e: MOV Reg RSI, Address (SizeDir 64 (AddrPlus (FromReg R15) (AddrImm 64))) 4
1f12: MOV Reg EDX, Reg R12D 3
1f15: MOV Reg ECX, Reg EAX 2
1f17: SHL Reg EDX, Reg CL 2
1f19: CALL xengnttab_unmap (external)
1f1e: MOV Reg RSI, Address (SizeDir 64 (AddrPlus (FromReg R15) (AddrImm 8))) 4
1f22: MOV Reg RDI, Address (SizeDir 64 (FromReg R15)) 3
1f25: MOV Reg EDX, Immediate 1 5
1f2a: CALL xengnttab_unmap (external)
1f2f: MOV Address (SizeDir 64 (AddrPlus (FromReg R15) (AddrImm 8))), Immediate 0 8
1f37: MOV Address (SizeDir 32 (AddrPlus (FromReg R15) (AddrImm 48))), Immediate 0 8
1f3f: MOV Address (SizeDir 32 (AddrPlus (FromReg R15) (AddrImm 72))), Immediate 0 8
1f47: JMP 1c5e (resolved immediate)
  |
  `- 1c5e
