Number of assembly instructions     = 29
Number of indirect branches         = 0
Number of unresolved indirect jumps = 0: 
Number of unresolved indirect calls = 0: 
Number of symbolic states (representative of non-determinism): 29
Number of edges: 29

1440 (False): 0

1440: PUSH Reg RBP 1
1441: PUSH Reg RBX 1
1442: NOT Reg EDX 2
1444: MOV Reg RBP, Reg RDI 3
1447: SUB Reg RSP, Immediate 8 4
144b: MOV Reg EBX, Address (SizeDir 32 (AddrPlus (FromReg RDI) (AddrImm 36))) 3
144e: AND Reg EBX, Reg EDX 2
1450: OR Reg EBX, Reg ESI 2
1452: TEST Reg BL, Immediate 4 3
1455: JE 145e (resolved immediate)
  |
  `- 1457,145e
1457: MOV Reg ECX, Address (SizeDir 32 (AddrPlus (FromReg RDI) (AddrImm 40))) 3
145a: TEST Reg ECX, Reg ECX 2
145c: JNE 1470 (resolved immediate)
  |
  `- 145e,1470
145e: MOV Address (SizeDir 32 (AddrPlus (FromReg RBP) (AddrImm 36))), Reg EBX 3
1461: ADD Reg RSP, Immediate 8 4
1465: POP Reg RBX 1
1466: POP Reg RBP 1
1467: RET  1
  |
  `- 
1470: MOV Reg RDI, Address (SizeDir 64 (AddrPlus (FromReg RDI) (AddrImm 24))) 4
1474: LEA Reg R8, Address (SizeDir 64 (AddrPlus (FromReg RIP) (AddrImm 686))) 7
147b: LEA Reg RDX, Address (SizeDir 64 (AddrPlus (FromReg RIP) (AddrImm 610))) 7
1482: MOV Reg ESI, Immediate 1 5
1487: XOR Reg EAX, Reg EAX 2
1489: CALL __fprintf_chk (external)
148e: MOV Address (SizeDir 32 (AddrPlus (FromReg RBP) (AddrImm 36))), Reg EBX 3
1491: ADD Reg RSP, Immediate 8 4
1495: POP Reg RBX 1
1496: POP Reg RBP 1
1497: RET  1
  |
  `- 
