Number of assembly instructions     = 15
Number of indirect branches         = 0
Number of unresolved indirect jumps = 0: 
Number of unresolved indirect calls = 0: 
Number of symbolic states (representative of non-determinism): 15
Number of edges: 14

e50 (False): 0

e50: SUB Reg RSP, Immediate 24 4
e54: MOV Reg EDI, Address (SizeDir 32 (AddrPlus (FromReg RDI) (AddrImm 16))) 3
e57: MOV Reg RAX, Address (SizeDir 64 (AddrPlus (FromReg FS) (AddrImm 40))) 9
e60: MOV Address (SizeDir 64 (AddrPlus (FromReg RSP) (AddrImm 8))), Reg RAX 5
e65: XOR Reg EAX, Reg EAX 2
e67: LEA Reg RDX, Address (AddrPlus (FromReg RSP) (AddrImm 4)) 5
e6c: MOV Address (SizeDir 32 (AddrPlus (FromReg RSP) (AddrImm 4))), Reg ESI 4
e70: MOV Reg ESI, Immediate 279812 5
e75: CALL ioctl (external)
e7a: MOV Reg RCX, Address (SizeDir 64 (AddrPlus (FromReg RSP) (AddrImm 8))) 5
e7f: XOR Reg RCX, Address (SizeDir 64 (AddrPlus (FromReg FS) (AddrImm 40))) 9
e88: JNZ e8f (resolved immediate)
  |
  `- e8a,e8f
e8a: ADD Reg RSP, Immediate 24 4
e8e: RET  1
  |
  `- 
e8f: CALL __stack_chk_fail (external)
  |
  `- 
