Number of assembly instructions     = 16
Number of indirect branches         = 0
Number of unresolved indirect jumps = 0: 
Number of unresolved indirect calls = 0: 
Number of symbolic states (representative of non-determinism): 16
Number of edges: 15

ef0 (False): 0

ef0: SUB Reg RSP, Immediate 24 4
ef4: MOV Reg EDI, Address (SizeDir 32 (AddrPlus (FromReg RDI) (AddrImm 16))) 3
ef7: MOV Reg RAX, Address (SizeDir 64 (AddrPlus (FromReg FS) (AddrImm 40))) 9
f00: MOV Address (SizeDir 64 (AddrPlus (FromReg RSP) (AddrImm 8))), Reg RAX 5
f05: XOR Reg EAX, Reg EAX 2
f07: MOV Address (SizeDir 32 (FromReg RSP)), Reg ESI 3
f0a: MOV Address (SizeDir 32 (AddrPlus (FromReg RSP) (AddrImm 4))), Reg EDX 4
f0e: MOV Reg ESI, Immediate 541953 5
f13: MOV Reg RDX, Reg RSP 3
f16: CALL ioctl (external)
f1b: MOV Reg RCX, Address (SizeDir 64 (AddrPlus (FromReg RSP) (AddrImm 8))) 5
f20: XOR Reg RCX, Address (SizeDir 64 (AddrPlus (FromReg FS) (AddrImm 40))) 9
f29: JNZ f30 (resolved immediate)
  |
  `- f2b,f30
f2b: ADD Reg RSP, Immediate 24 4
f2f: RET  1
  |
  `- 
f30: CALL __stack_chk_fail (external)
  |
  `- 
