Number of assembly instructions     = 121
Number of indirect branches         = 1
Number of unresolved indirect jumps = 0: 
Number of unresolved indirect calls = 0: 
Number of symbolic states (representative of non-determinism): 126
Number of edges: 138

a40 (False): 0

8a0: CMP Reg EDI, Immediate 3 3
8a3: PUSH Reg R12 2
8a5: PUSH Reg RBP 1
8a6: MOV Reg RBP, Reg RSI 3
8a9: PUSH Reg RBX 1
8aa: JNZ a2d (resolved immediate)
  |
  `- 8b0,a2d
8b0: MOV Reg RBX, Address (SizeDir 64 (AddrPlus (FromReg RSI) (AddrImm 16))) 4
8b4: MOVZX Reg EAX, Address (SizeDir 8 (FromReg RBX)) 3
8b7: LEA Reg EDX, Address (AddrMinus (FromReg RAX) (AddrImm 48)) 3
8ba: CMP Reg DL, Immediate 1 3
8bd: JBE 9ad (resolved immediate)
  |
  `- 8c3,9ad
8c3: LEA Reg RSI, Address (AddrPlus (FromReg RIP) (AddrImm 800)) 7
8ca: MOV Reg RDI, Reg RBX 3
8cd: CALL strcasecmp (external)
8d2: TEST Reg EAX, Reg EAX 2
8d4: JZ 969 (resolved immediate)
  |
  `- 8da,969
8da: LEA Reg RSI, Address (AddrPlus (FromReg RIP) (AddrImm 785)) 7
8e1: MOV Reg RDI, Reg RBX 3
8e4: CALL strcasecmp (external)
8e9: TEST Reg EAX, Reg EAX 2
8eb: JZ 969 (resolved immediate)
8ed: LEA Reg RSI, Address (AddrPlus (FromReg RIP) (AddrImm 769)) 7
8f4: MOV Reg RDI, Reg RBX 3
8f7: CALL strcasecmp (external)
8fc: TEST Reg EAX, Reg EAX 2
8fe: JZ 969 (resolved immediate)
900: LEA Reg RSI, Address (AddrPlus (FromReg RIP) (AddrImm 752)) 7
907: MOV Reg RDI, Reg RBX 3
90a: CALL strcasecmp (external)
90f: TEST Reg EAX, Reg EAX 2
911: MOV Reg R12D, Reg EAX 3
914: JZ 96f (resolved immediate)
916: LEA Reg RSI, Address (AddrPlus (FromReg RIP) (AddrImm 739)) 7
91d: MOV Reg RDI, Reg RBX 3
920: CALL strcasecmp (external)
925: TEST Reg EAX, Reg EAX 2
927: MOV Reg R12D, Reg EAX 3
92a: JZ 96f (resolved immediate)
92c: LEA Reg RSI, Address (AddrPlus (FromReg RIP) (AddrImm 704)) 7
933: MOV Reg RDI, Reg RBX 3
936: CALL strcasecmp (external)
93b: TEST Reg EAX, Reg EAX 2
93d: MOV Reg R12D, Reg EAX 3
940: JZ 96f (resolved immediate)
942: LEA Reg RDX, Address (AddrPlus (FromReg RIP) (AddrImm 699)) 7
949: MOV Reg RCX, Reg RBX 3
94c: MOV Reg RDI, Address (SizeDir 64 (AddrPlus (FromReg RIP) (AddrImm 2102989))) 7
953: MOV Reg ESI, Immediate 1 5
958: XOR Reg EAX, Reg EAX 2
95a: CALL __fprintf_chk (external)
95f: MOV Reg EDI, Immediate 1 5
964: CALL exit (external)
  |
  `- 
969: MOV Reg R12D, Immediate 1 6
96f: XOR Reg EDX, Reg EDX 2
971: XOR Reg ESI, Reg ESI 2
973: XOR Reg EDI, Reg EDI 2
975: CALL xc_interface_open (external)
97a: TEST Reg RAX, Reg RAX 3
97d: MOV Reg RBX, Reg RAX 3
980: JZ 9b8 (resolved immediate)
  |
  `- 982,9b8
982: MOV Reg RSI, Address (SizeDir 64 (AddrPlus (FromReg RBP) (AddrImm 8))) 4
986: MOV Reg EDX, Reg R12D 3
989: MOV Reg ECX, Immediate 1 5
98e: MOV Reg RDI, Reg RAX 3
991: CALL xc_flask_setbool (external)
996: TEST Reg EAX, Reg EAX 2
998: MOV Reg R12D, Reg EAX 3
99b: JNZ 9e9 (resolved immediate)
  |
  `- 99d,9e9
99d: MOV Reg RDI, Reg RBX 3
9a0: CALL xc_interface_close (external)
9a5: MOV Reg EAX, Reg R12D 3
9a8: POP Reg RBX 1
9a9: POP Reg RBP 1
9aa: POP Reg R12 2
9ac: RET  1
  |
  `- 
9ad: XOR Reg R12D, Reg R12D 3
9b0: CMP Reg AL, Immediate 49 2
9b2: SETZ Reg R12B 4
9b6: JMP 96f (resolved immediate)
  |
  `- 96f
9b8: CALL __errno_location (external)
9bd: MOV Reg EDI, Address (SizeDir 32 (FromReg RAX)) 2
9bf: MOV Reg R12D, Immediate 1 6
9c5: CALL strerror (external)
9ca: MOV Reg RDI, Address (SizeDir 64 (AddrPlus (FromReg RIP) (AddrImm 2102863))) 7
9d1: LEA Reg RDX, Address (AddrPlus (FromReg RIP) (AddrImm 576)) 7
9d8: MOV Reg RCX, Reg RAX 3
9db: MOV Reg ESI, Immediate 1 5
9e0: XOR Reg EAX, Reg EAX 2
9e2: CALL __fprintf_chk (external)
9e7: JMP 9a5 (resolved immediate)
  |
  `- 9a5
9e9: CALL __errno_location (external)
9ee: MOV Reg EDI, Address (SizeDir 32 (FromReg RAX)) 2
9f0: CALL strerror (external)
9f5: SUB Reg RSP, Immediate 8 4
9f9: MOV Reg RCX, Address (SizeDir 64 (AddrPlus (FromReg RBP) (AddrImm 8))) 4
9fd: MOV Reg RDI, Address (SizeDir 64 (AddrPlus (FromReg RIP) (AddrImm 2102812))) 7
a04: PUSH Reg R12 2
a06: MOV Reg R8, Address (SizeDir 64 (AddrPlus (FromReg RBP) (AddrImm 16))) 4
a0a: LEA Reg RDX, Address (AddrPlus (FromReg RIP) (AddrImm 567)) 7
a11: MOV Reg R9, Reg RAX 3
a14: MOV Reg ESI, Immediate 1 5
a19: XOR Reg EAX, Reg EAX 2
a1b: MOV Reg R12D, Immediate 2 6
a21: CALL __fprintf_chk (external)
a26: POP Reg RAX 1
a27: POP Reg RDX 1
a28: JMP 99d (resolved immediate)
  |
  `- 99d
a2d: MOV Reg RCX, Address (SizeDir 64 (FromReg RSI)) 3
a30: LEA Reg RDX, Address (AddrPlus (FromReg RIP) (AddrImm 413)) 7
a37: JMP 94c (resolved immediate)
  |
  `- 94c
a40: XOR Reg EBP, Reg EBP 2
a42: MOV Reg R9, Reg RDX 3
a45: POP Reg RSI 1
a46: MOV Reg RDX, Reg RSP 3
a49: AND Reg RSP, Immediate 18446744073709551600 4
a4d: PUSH Reg RAX 1
a4e: PUSH Reg RSP 1
a4f: LEA Reg R8, Address (AddrPlus (FromReg RIP) (AddrImm 362)) 7
a56: LEA Reg RCX, Address (AddrPlus (FromReg RIP) (AddrImm 243)) 7
a5d: LEA Reg RDI, Address (AddrMinus (FromReg RIP) (AddrImm 452)) 7
a64: CALL __libc_start_main (external)
  |
  `- 8a0
