Number of assembly instructions     = 15
Number of indirect branches         = 1
Number of unresolved indirect jumps = 0: 
Number of unresolved indirect calls = 1: 15ee
Number of symbolic states (representative of non-determinism): 15
Number of edges: 14

15d0 (False): 0

15d0: PUSH Reg RBX 1
15d1: MOV Reg RBX, Reg RDI 3
15d4: LEA Reg RDI, Address (SizeDir 64 (AddrPlus (FromReg RIP) (AddrImm 2104293))) 7
15db: CALL pthread_mutex_lock (external)
15e0: MOV Reg RAX, Address (SizeDir 64 (FromReg RBX)) 3
15e3: MOV Reg RDI, Reg RBX 3
15e6: MOV Reg RAX, Address (SizeDir 64 (AddrPlus (FromReg RAX) (AddrImm 24))) 4
15ea: MOV Reg RAX, Address (SizeDir 64 (AddrPlus (FromReg RAX) (AddrImm 16))) 4
15ee: CALL Address (SizeDir 64 (AddrPlus (FromReg RAX) (AddrImm 48))) 3
15f1: LEA Reg RDI, Address (SizeDir 64 (AddrPlus (FromReg RIP) (AddrImm 2104264))) 7
15f8: MOV Reg EBX, Reg EAX 2
15fa: CALL pthread_mutex_unlock (external)
15ff: MOV Reg EAX, Reg EBX 2
1601: POP Reg RBX 1
1602: RET  1
  |
  `- 
