Number of assembly instructions     = 23
Number of indirect branches         = 1
Number of unresolved indirect jumps = 0: 
Number of unresolved indirect calls = 1: 166d
Number of symbolic states (representative of non-determinism): 23
Number of edges: 22

1640 (False): 0

1640: PUSH Reg R12 2
1642: PUSH Reg RBP 1
1643: MOV Reg R12, Reg RDX 3
1646: PUSH Reg RBX 1
1647: MOV Reg RBX, Reg RDI 3
164a: LEA Reg RDI, Address (SizeDir 64 (AddrPlus (FromReg RIP) (AddrImm 2104175))) 7
1651: MOV Reg RBP, Reg RSI 3
1654: CALL pthread_mutex_lock (external)
1659: MOV Reg RAX, Address (SizeDir 64 (FromReg RBX)) 3
165c: MOV Reg RDX, Reg R12 3
165f: MOV Reg RSI, Reg RBP 3
1662: MOV Reg RDI, Reg RBX 3
1665: MOV Reg RAX, Address (SizeDir 64 (AddrPlus (FromReg RAX) (AddrImm 24))) 4
1669: MOV Reg RAX, Address (SizeDir 64 (AddrPlus (FromReg RAX) (AddrImm 16))) 4
166d: CALL Address (SizeDir 64 (AddrPlus (FromReg RAX) (AddrImm 32))) 3
1670: LEA Reg RDI, Address (SizeDir 64 (AddrPlus (FromReg RIP) (AddrImm 2104137))) 7
1677: MOV Reg RBX, Reg RAX 3
167a: CALL pthread_mutex_unlock (external)
167f: MOV Reg RAX, Reg RBX 3
1682: POP Reg RBX 1
1683: POP Reg RBP 1
1684: POP Reg R12 2
1686: RET  1
  |
  `- 
