Number of assembly instructions     = 29
Number of indirect branches         = 1
Number of unresolved indirect jumps = 0: 
Number of unresolved indirect calls = 1: 16c9
Number of symbolic states (representative of non-determinism): 29
Number of edges: 28

1690 (False): 0

1690: PUSH Reg R13 2
1692: PUSH Reg R12 2
1694: MOV Reg R13, Reg RCX 3
1697: PUSH Reg RBP 1
1698: PUSH Reg RBX 1
1699: MOV Reg RBX, Reg RDI 3
169c: LEA Reg RDI, Address (AddrPlus (FromReg RIP) (AddrImm 2104093)) 7
16a3: MOV Reg RBP, Reg RSI 3
16a6: MOV Reg R12, Reg RDX 3
16a9: SUB Reg RSP, Immediate 8 4
16ad: CALL pthread_mutex_lock (external)
16b2: MOV Reg RAX, Address (SizeDir 64 (FromReg RBX)) 3
16b5: MOV Reg RCX, Reg R13 3
16b8: MOV Reg RDX, Reg R12 3
16bb: MOV Reg RSI, Reg RBP 3
16be: MOV Reg RDI, Reg RBX 3
16c1: MOV Reg RAX, Address (SizeDir 64 (AddrPlus (FromReg RAX) (AddrImm 24))) 4
16c5: MOV Reg RAX, Address (SizeDir 64 (AddrPlus (FromReg RAX) (AddrImm 16))) 4
16c9: CALL Address (SizeDir 64 (AddrPlus (FromReg RAX) (AddrImm 40))) 3
16cc: LEA Reg RDI, Address (AddrPlus (FromReg RIP) (AddrImm 2104045)) 7
16d3: MOV Reg RBX, Reg RAX 3
16d6: CALL pthread_mutex_unlock (external)
16db: ADD Reg RSP, Immediate 8 4
16df: MOV Reg RAX, Reg RBX 3
16e2: POP Reg RBX 1
16e3: POP Reg RBP 1
16e4: POP Reg R12 2
16e6: POP Reg R13 2
16e8: RET  1
  |
  `- 
