Number of assembly instructions     = 244
Number of indirect branches         = 0
Number of unresolved indirect jumps = 0: 
Number of unresolved indirect calls = 0: 
Number of symbolic states (representative of non-determinism): 244
Number of edges: 259

a50 (False): 0

a50: PUSH Reg R15 2
a52: PUSH Reg R14 2
a54: PUSH Reg R13 2
a56: PUSH Reg R12 2
a58: PUSH Reg RBP 1
a59: PUSH Reg RBX 1
a5a: MOV Reg RBX, Reg RDI 3
a5d: SUB Reg RSP, Immediate 24 4
a61: MOV Address (SizeDir 64 (FromReg RSP)), Reg RSI 4
a65: MOV Address (SizeDir 32 (AddrPlus (FromReg RSP) (AddrImm 8))), Reg EDX 4
a69: CALL fsig_file_buf (external)
a6e: MOV Reg ECX, Address (SizeDir 32 (AddrPlus (FromReg RAX) (AddrImm 32312))) 6
a74: MOV Reg RDI, Reg RBX 3
a77: TEST Reg ECX, Reg ECX 2
a79: JS d00 (resolved immediate)
  |
  `- a7f,d00
a7f: CALL fsig_filepos (external)
a84: MOV Reg RDI, Reg RBX 3
a87: MOV Reg R12, Address (SizeDir 64 (FromReg RAX)) 3
a8a: CALL fsig_file_buf (external)
a8f: MOV Reg ECX, Address (SizeDir 32 (AddrPlus (FromReg RAX) (AddrImm 32300))) 6
a95: MOV Reg RDI, Reg RBX 3
a98: SHR Reg R12, Reg CL 3
a9b: CALL fsig_filepos (external)
aa0: MOV Reg RDI, Reg RBX 3
aa3: MOV Reg RBP, Address (SizeDir 64 (FromReg RAX)) 3
aa6: MOV Reg R13D, Reg R12D 3
aa9: CALL fsig_file_buf (external)
aae: MOV Reg ECX, Address (SizeDir 32 (AddrPlus (FromReg RAX) (AddrImm 32300))) 6
ab4: MOV Reg EAX, Immediate 1 5
ab9: MOV Reg RDI, Reg RBX 3
abc: SHL Reg EAX, Reg CL 2
abe: SUB Reg EAX, Immediate 1 3
ac1: AND Reg EAX, Reg EBP 2
ac3: MOV Address (SizeDir 32 (AddrPlus (FromReg RSP) (AddrImm 12))), Reg EAX 4
ac7: CALL fsig_file_buf (external)
acc: CMP Address (SizeDir 32 (AddrPlus (FromReg RAX) (AddrImm 32316))), Reg R12D 7
ad3: JG cc8 (resolved immediate)
  |
  `- ad9,cc8
ad9: MOV Reg EDX, Address (SizeDir 32 (AddrPlus (FromReg RSP) (AddrImm 8))) 4
add: XOR Reg R15D, Reg R15D 3
ae0: TEST Reg EDX, Reg EDX 2
ae2: JG b50 (resolved immediate)
  |
  `- ae4,b50
ae4: JMP e44 (resolved immediate)
  |
  `- e44
af0: MOV Reg EAX, Reg EBP 2
af2: SAR Reg EAX, Immediate 4 3
af5: AND Reg R12D, Immediate 1 4
af9: CMOVNZ Reg EBP, Reg EAX 3
afc: AND Reg EBP, Immediate 4095 6
b02: MOV Reg RDI, Reg RBX 3
b05: CALL fsig_file_buf (external)
b0a: CMP Address (SizeDir 32 (AddrPlus (FromReg RAX) (AddrImm 32288))), Reg EBP 6
b10: JLE c9a (resolved immediate)
  |
  `- b16,c9a
b16: CMP Reg EBP, Immediate 1 3
b19: JLE cb0 (resolved immediate)
  |
  `- b1f,cb0
b1f: MOV Reg RDI, Reg RBX 3
b22: CALL fsig_file_buf (external)
b27: CMP Address (SizeDir 32 (AddrPlus (FromReg RAX) (AddrImm 32284))), Reg EBP 6
b2d: JLE cb0 (resolved immediate)
  |
  `- b33,cb0
b33: MOV Reg RDI, Reg RBX 3
b36: CALL fsig_file_buf (external)
b3b: MOV Reg RDI, Reg RBX 3
b3e: MOV Address (SizeDir 32 (AddrPlus (FromReg RAX) (AddrImm 32320))), Reg EBP 6
b44: CALL fsig_file_buf (external)
b49: ADD Address (SizeDir 32 (AddrPlus (FromReg RAX) (AddrImm 32316))), Immediate 1 7
b50: MOV Reg RDI, Reg RBX 3
b53: CALL fsig_file_buf (external)
b58: CMP Address (SizeDir 32 (AddrPlus (FromReg RAX) (AddrImm 32316))), Reg R13D 7
b5f: MOV Reg RDI, Reg RBX 3
b62: JGE d70 (resolved immediate)
  |
  `- b68,d70
b68: CALL fsig_file_buf (external)
b6d: MOV Reg RDI, Reg RBX 3
b70: MOV Reg EBP, Address (SizeDir 32 (AddrPlus (FromReg RAX) (AddrImm 32320))) 6
b76: CALL fsig_file_buf (external)
b7b: IMUL Reg EBP, Address (SizeDir 32 (AddrPlus (FromReg RAX) (AddrImm 32264))) 7
b82: MOV Reg RDI, Reg RBX 3
b85: CALL fsig_file_buf (external)
b8a: MOV Reg R12D, Reg EBP 3
b8d: SUB Reg R12D, Address (SizeDir 32 (AddrPlus (FromReg RAX) (AddrImm 32308))) 7
b94: JS baf (resolved immediate)
  |
  `- b96,baf
b96: MOV Reg RDI, Reg RBX 3
b99: CALL fsig_file_buf (external)
b9e: MOV Reg ECX, Address (SizeDir 32 (AddrPlus (FromReg RAX) (AddrImm 32264))) 6
ba4: ADD Reg ECX, Reg R12D 3
ba7: CMP Reg ECX, Immediate 4096 6
bad: JLE c2a (resolved immediate)
  |
  `- baf,c2a
baf: MOV Reg RDI, Reg RBX 3
bb2: CALL fsig_file_buf (external)
bb7: MOV Reg EDX, Reg EBP 2
bb9: MOV Reg RDI, Reg RBX 3
bbc: AND Reg EDX, Immediate 4294966272 6
bc2: MOV Address (SizeDir 32 (AddrPlus (FromReg RAX) (AddrImm 32308))), Reg EDX 6
bc8: CALL fsig_file_buf (external)
bcd: SUB Reg EBP, Address (SizeDir 32 (AddrPlus (FromReg RAX) (AddrImm 32308))) 6
bd3: MOV Reg RDI, Reg RBX 3
bd6: CALL fsig_file_buf (external)
bdb: MOV Reg RDI, Reg RBX 3
bde: MOV Reg R12D, Reg EBP 3
be1: MOV Reg EBP, Address (SizeDir 32 (AddrPlus (FromReg RAX) (AddrImm 32256))) 6
be7: CALL fsig_file_buf (external)
bec: MOV Reg EAX, Address (SizeDir 32 (AddrPlus (FromReg RAX) (AddrImm 32308))) 6
bf2: MOV Reg RDI, Reg RBX 3
bf5: LEA Reg ESI, Address (AddrPlus (FromReg RAX) (AddrImm 1023)) 6
bfb: TEST Reg EAX, Reg EAX 2
bfd: CMOVNS Reg ESI, Reg EAX 3
c00: SAR Reg ESI, Immediate 10 3
c03: ADD Reg EBP, Reg ESI 2
c05: CALL fsig_file_buf (external)
c0a: LEA Reg R8, Address (AddrPlus (FromReg RAX) (AddrImm 30208)) 7
c11: XOR Reg EDX, Reg EDX 2
c13: MOV Reg ECX, Immediate 2048 5
c18: MOV Reg ESI, Reg EBP 2
c1a: MOV Reg RDI, Reg RBX 3
c1d: CALL fsig_devread (external)
c22: TEST Reg EAX, Reg EAX 2
c24: JZ cbe (resolved immediate)
  |
  `- c2a,cbe
c2a: MOV Reg RDI, Reg RBX 3
c2d: CALL fsig_file_buf (external)
c32: MOV Reg EDX, Reg R12D 3
c35: MOV Reg RDI, Reg RBX 3
c38: SAR Reg EDX, Immediate 1 2
c3a: MOVSXD Reg RDX, Reg EDX 3
c3d: LEA Reg R14, Address (AddrPlus (FromReg RDX) (AddrImm 30208)) 7
c44: MOVZX Reg EBP, Address (SizeDir 16 (AddrPlus (AddrPlus (FromReg RAX) (FromReg RDX)) (AddrImm 30208))) 8
c4c: CALL fsig_file_buf (external)
c51: CMP Address (SizeDir 32 (AddrPlus (FromReg RAX) (AddrImm 32264))), Immediate 3 7
c58: JZ af0 (resolved immediate)
  |
  `- af0,c5e
c5e: MOV Reg RDI, Reg RBX 3
c61: CALL fsig_file_buf (external)
c66: CMP Address (SizeDir 32 (AddrPlus (FromReg RAX) (AddrImm 32264))), Immediate 4 7
c6d: JLE b02 (resolved immediate)
  |
  `- b02,c73
c73: MOV Reg RDI, Reg RBX 3
c76: CALL fsig_file_buf (external)
c7b: MOVZX Reg EAX, Address (SizeDir 16 (AddrPlus (AddrPlus (FromReg RAX) (FromReg R14)) (AddrImm 2))) 6
c81: MOV Reg RDI, Reg RBX 3
c84: SHL Reg EAX, Immediate 16 3
c87: OR Reg EBP, Reg EAX 2
c89: CALL fsig_file_buf (external)
c8e: CMP Address (SizeDir 32 (AddrPlus (FromReg RAX) (AddrImm 32288))), Reg EBP 6
c94: JG b16 (resolved immediate)
  |
  `- b16,c9a
c9a: ADD Reg RSP, Immediate 24 4
c9e: MOV Reg EAX, Reg R15D 3
ca1: POP Reg RBX 1
ca2: POP Reg RBP 1
ca3: POP Reg R12 2
ca5: POP Reg R13 2
ca7: POP Reg R14 2
ca9: POP Reg R15 2
cab: RET  1
  |
  `- 
cb0: MOV Reg RDI, Reg RBX 3
cb3: CALL fsig_errnum (external)
cb8: MOV Address (SizeDir 32 (FromReg RAX)), Immediate 1 6
cbe: XOR Reg R15D, Reg R15D 3
cc1: JMP c9a (resolved immediate)
  |
  `- c9a
cc8: MOV Reg RDI, Reg RBX 3
ccb: CALL fsig_file_buf (external)
cd0: MOV Reg RDI, Reg RBX 3
cd3: MOV Address (SizeDir 32 (AddrPlus (FromReg RAX) (AddrImm 32316))), Immediate 0 10
cdd: CALL fsig_file_buf (external)
ce2: MOV Reg RDI, Reg RBX 3
ce5: MOV Reg RBP, Reg RAX 3
ce8: CALL fsig_file_buf (external)
ced: MOV Reg EDX, Address (SizeDir 32 (AddrPlus (FromReg RBP) (AddrImm 32312))) 6
cf3: MOV Address (SizeDir 32 (AddrPlus (FromReg RAX) (AddrImm 32320))), Reg EDX 6
cf9: JMP ad9 (resolved immediate)
  |
  `- ad9
d00: CALL fsig_file_buf (external)
d05: MOV Reg RDI, Reg RBX 3
d08: MOV Reg R15D, Address (SizeDir 32 (AddrPlus (FromReg RAX) (AddrImm 32272))) 7
d0f: CALL fsig_filepos (external)
d14: SUB Reg R15D, Address (SizeDir 32 (FromReg RAX)) 3
d17: MOV Reg EAX, Address (SizeDir 32 (AddrPlus (FromReg RSP) (AddrImm 8))) 4
d1b: MOV Reg RDI, Reg RBX 3
d1e: CMP Reg EAX, Reg R15D 3
d21: CMOVLE Reg R15D, Reg EAX 4
d25: CALL fsig_filepos (external)
d2a: MOV Reg RDI, Reg RBX 3
d2d: MOV Reg RBP, Address (SizeDir 64 (FromReg RAX)) 3
d30: CALL fsig_file_buf (external)
d35: MOV Reg R8, Address (SizeDir 64 (FromReg RSP)) 4
d39: MOV Reg ESI, Address (SizeDir 32 (AddrPlus (FromReg RAX) (AddrImm 32268))) 6
d3f: MOV Reg ECX, Reg R15D 3
d42: MOV Reg EDX, Reg EBP 2
d44: MOV Reg RDI, Reg RBX 3
d47: CALL fsig_devread (external)
d4c: TEST Reg EAX, Reg EAX 2
d4e: JZ cbe (resolved immediate)
  |
  `- cbe,d54
d54: MOV Reg RDI, Reg RBX 3
d57: CALL fsig_filepos (external)
d5c: MOVSXD Reg RDX, Reg R15D 3
d5f: ADD Address (SizeDir 64 (FromReg RAX)), Reg RDX 3
d62: JMP c9a (resolved immediate)
  |
  `- c9a
d70: CALL fsig_file_buf (external)
d75: MOV Reg RDI, Reg RBX 3
d78: MOV Reg EBP, Address (SizeDir 32 (AddrPlus (FromReg RAX) (AddrImm 32276))) 6
d7e: CALL fsig_file_buf (external)
d83: MOV Reg RDI, Reg RBX 3
d86: MOV Reg R12D, Address (SizeDir 32 (AddrPlus (FromReg RAX) (AddrImm 32320))) 7
d8d: CALL fsig_file_buf (external)
d92: MOV Reg R14D, Address (SizeDir 32 (AddrPlus (FromReg RAX) (AddrImm 32300))) 7
d99: MOV Reg RDI, Reg RBX 3
d9c: CALL fsig_file_buf (external)
da1: SUB Reg R12D, Immediate 2 4
da5: MOV Reg RDI, Reg RBX 3
da8: MOV Reg ECX, Reg R14D 3
dab: SUB Reg ECX, Address (SizeDir 32 (AddrPlus (FromReg RAX) (AddrImm 32296))) 6
db1: SHL Reg R12D, Reg CL 3
db4: CALL fsig_file_buf (external)
db9: MOV Reg ECX, Address (SizeDir 32 (AddrPlus (FromReg RAX) (AddrImm 32300))) 6
dbf: ADD Reg EBP, Reg R12D 3
dc2: MOV Reg R12D, Immediate 1 6
dc8: MOV Reg R14D, Address (SizeDir 32 (AddrPlus (FromReg RSP) (AddrImm 8))) 5
dcd: SHL Reg R12D, Reg CL 3
dd0: SUB Reg R12D, Address (SizeDir 32 (AddrPlus (FromReg RSP) (AddrImm 12))) 5
dd5: CMP Reg R12D, Reg R14D 3
dd8: CMOVG Reg R12D, Reg R14D 4
ddc: ADD Reg R13D, Immediate 1 4
de0: CALL fsig_disk_read_junk (external)
de5: MOV Reg R14, Reg RAX 3
de8: ADD Reg R15D, Reg R12D 3
deb: CALL fsig_disk_read_junk (external)
df0: MOV Reg RDX, Address (SizeDir 64 (FromReg R14)) 3
df3: MOV Reg R8, Address (SizeDir 64 (FromReg RSP)) 4
df7: MOV Reg ESI, Reg EBP 2
df9: MOV Reg ECX, Reg R12D 3
dfc: MOV Reg RDI, Reg RBX 3
dff: MOVSXD Reg RBP, Reg R12D 3
e02: MOV Address (SizeDir 64 (FromReg RAX)), Reg RDX 3
e05: MOV Reg EDX, Address (SizeDir 32 (AddrPlus (FromReg RSP) (AddrImm 12))) 4
e09: CALL fsig_devread (external)
e0e: CALL fsig_disk_read_junk (external)
e13: SUB Address (SizeDir 32 (AddrPlus (FromReg RSP) (AddrImm 8))), Reg R12D 5
e18: MOV Address (SizeDir 64 (FromReg RAX)), Immediate 0 7
e1f: MOV Reg RDI, Reg RBX 3
e22: MOV Reg R14D, Address (SizeDir 32 (AddrPlus (FromReg RSP) (AddrImm 8))) 5
e27: ADD Address (SizeDir 64 (FromReg RSP)), Reg RBP 4
e2b: CALL fsig_filepos (external)
e30: ADD Address (SizeDir 64 (FromReg RAX)), Reg RBP 3
e33: TEST Reg R14D, Reg R14D 3
e36: MOV Address (SizeDir 32 (AddrPlus (FromReg RSP) (AddrImm 12))), Immediate 0 8
e3e: JG b50 (resolved immediate)
  |
  `- b50,e44
e44: MOV Reg RDI, Reg RBX 3
e47: CALL fsig_errnum (external)
e4c: MOV Reg EAX, Address (SizeDir 32 (FromReg RAX)) 2
e4e: TEST Reg EAX, Reg EAX 2
e50: JZ c9a (resolved immediate)
  |
  `- c9a,e56
e56: JMP cbe (resolved immediate)
  |
  `- cbe
