Number of assembly instructions     = 20
Number of indirect branches         = 0
Number of unresolved indirect jumps = 0: 
Number of unresolved indirect calls = 0: 
Number of symbolic states (representative of non-determinism): 22
Number of edges: 25

a40 (False): 0

9b0: LEA Reg RDI, Address (SizeDir 64 (AddrPlus (FromReg RIP) (AddrImm 2103049))) 7
9b7: LEA Reg RSI, Address (SizeDir 64 (AddrPlus (FromReg RIP) (AddrImm 2103042))) 7
9be: PUSH Reg RBP 1
9bf: SUB Reg RSI, Reg RDI 3
9c2: MOV Reg RBP, Reg RSP 3
9c5: SAR Reg RSI, Immediate 3 4
9c9: MOV Reg RAX, Reg RSI 3
9cc: SHR Reg RAX, Immediate 63 4
9d0: ADD Reg RSI, Reg RAX 3
9d3: SAR Reg RSI, Immediate 1 3
9d6: JE 9f0 (resolved immediate)
  |
  `- 9d8,9f0
9d8: MOV Reg RAX, Address (SizeDir 64 (AddrPlus (FromReg RIP) (AddrImm 2102801))) 7
9df: TEST Reg RAX, Reg RAX 3
9e2: JE 9f0 (resolved immediate)
  |
  `- 9f0
9f0: POP Reg RBP 1
9f1: RET  1
  |
  `- 
a40: PUSH Reg RBP 1
a41: MOV Reg RBP, Reg RSP 3
a44: POP Reg RBP 1
a45: JMP 9b0 (resolved immediate)
  |
  `- 9b0
