Number of assembly instructions     = 25
Number of indirect branches         = 0
Number of unresolved indirect jumps = 0: 
Number of unresolved indirect calls = 0: 
Number of symbolic states (representative of non-determinism): 25
Number of edges: 24

1c70 (False): 0

1c70: PUSH Reg R13 2
1c72: PUSH Reg R12 2
1c74: MOV Reg R13D, Reg EDX 3
1c77: PUSH Reg RBP 1
1c78: PUSH Reg RBX 1
1c79: MOV Reg R12, Reg RSI 3
1c7c: SUB Reg RSP, Immediate 8 4
1c80: MOV Reg RAX, Address (SizeDir 64 (AddrPlus (FromReg RIP) (AddrImm 2110193))) 7
1c87: MOV Address (SizeDir 64 (FromReg RAX)), Reg RDI 3
1c8a: CALL fsig_filepos (external)
1c8f: MOV Reg RBP, Address (SizeDir 64 (AddrPlus (FromReg RIP) (AddrImm 2110250))) 7
1c96: MOV Reg RBX, Reg RAX 3
1c99: MOV Reg RAX, Address (SizeDir 64 (FromReg RAX)) 3
1c9c: MOV Reg ESI, Reg R13D 3
1c9f: MOV Reg RDI, Reg R12 3
1ca2: MOV Address (SizeDir 64 (FromReg RBP)), Reg RAX 4
1ca6: CALL zfs_read (external)
1cab: MOV Reg RDX, Address (SizeDir 64 (FromReg RBP)) 4
1caf: MOV Address (SizeDir 64 (FromReg RBX)), Reg RDX 3
1cb2: ADD Reg RSP, Immediate 8 4
1cb6: POP Reg RBX 1
1cb7: POP Reg RBP 1
1cb8: POP Reg R12 2
1cba: POP Reg R13 2
1cbc: RET  1
  |
  `- 
