Number of assembly instructions     = 56
Number of indirect branches         = 0
Number of unresolved indirect jumps = 0: 
Number of unresolved indirect calls = 0: 
Number of symbolic states (representative of non-determinism): 68
Number of edges: 106

1d50 (False): 0

1d50: PUSH Reg R13 2
1d52: PUSH Reg R12 2
1d54: PUSH Reg RBP 1
1d55: PUSH Reg RBX 1
1d56: MOV Reg RBX, Reg RDI 3
1d59: MOV Reg RBP, Reg RSI 3
1d5c: SUB Reg RSP, Immediate 8 4
1d60: MOV Reg RAX, Address (SizeDir 64 (AddrPlus (FromReg RIP) (AddrImm 2109969))) 7
1d67: MOV Address (SizeDir 64 (FromReg RAX)), Reg RDI 3
1d6a: CALL fsig_filemax (external)
1d6f: MOV Reg RDI, Reg RBX 3
1d72: MOV Reg R13, Reg RAX 3
1d75: CALL fsig_filepos (external)
1d7a: MOV Reg RDI, Reg RBP 3
1d7d: MOV Reg R12, Reg RAX 3
1d80: CALL zfs_open (external)
1d85: CMP Reg EAX, Immediate 1 3
1d88: MOV Reg EBP, Reg EAX 2
1d8a: JZ 1da0 (resolved immediate)
  |
  `- 1d8c,1da0
1d8c: ADD Reg RSP, Immediate 8 4
1d90: MOV Reg EAX, Reg EBP 2
1d92: POP Reg RBX 1
1d93: POP Reg RBP 1
1d94: POP Reg R12 2
1d96: POP Reg R13 2
1d98: RET  1
  |
  `- 
1da0: MOV Reg RAX, Address (SizeDir 64 (AddrPlus (FromReg RIP) (AddrImm 2109953))) 7
1da7: MOV Reg RAX, Address (SizeDir 64 (FromReg RAX)) 3
1daa: MOV Address (SizeDir 64 (AddrPlus (FromReg R13) (AddrImm 0))), Reg RAX 4
1dae: MOV Reg RAX, Address (SizeDir 64 (AddrPlus (FromReg RIP) (AddrImm 2109963))) 7
1db5: MOV Reg RAX, Address (SizeDir 64 (FromReg RAX)) 3
1db8: MOV Address (SizeDir 64 (FromReg R12)), Reg RAX 4
1dbc: MOV Reg R12, Address (SizeDir 64 (AddrPlus (FromReg RIP) (AddrImm 2109861))) 7
1dc3: CMP Address (SizeDir 64 (FromReg R12)), Immediate 0 5
1dc8: JNZ 1d8c (resolved immediate)
  |
  `- 1d8c,1dca
1dca: MOV Reg RAX, Address (SizeDir 64 (AddrPlus (FromReg RIP) (AddrImm 2109855))) 7
1dd1: MOV Reg R9, Address (SizeDir 64 (AddrPlus (FromReg RIP) (AddrImm 2109936))) 7
1dd8: LEA Reg RDX, Address (AddrPlus (FromReg RIP) (AddrImm 9665)) 7
1ddf: MOV Reg RCX, Address (SizeDir 64 (AddrPlus (FromReg RIP) (AddrImm 2109810))) 7
1de6: MOV Reg ESI, Immediate 1 5
1deb: MOV Reg RDI, Reg R12 3
1dee: MOV Reg R8, Address (SizeDir 64 (FromReg RAX)) 3
1df1: XOR Reg EAX, Reg EAX 2
1df3: CALL __asprintf_chk (external)
1df8: CMP Reg EAX, Immediate 4294967295 3
1dfb: MOV Reg EBP, Reg EAX 2
1dfd: JZ 1d8c (resolved immediate)
  |
  `- 1d8c,1dff
1dff: MOV Reg RDI, Address (SizeDir 64 (FromReg R12)) 4
1e03: CALL strlen (external)
1e08: MOV Reg RDI, Address (SizeDir 64 (FromReg RBX)) 3
1e0b: LEA Reg RSI, Address (AddrPlus (FromReg RAX) (AddrImm 1)) 4
1e0f: CALL fsi_bootstring_alloc (external)
1e14: MOV Reg RSI, Address (SizeDir 64 (FromReg R12)) 4
1e18: MOV Reg RDI, Reg RAX 3
1e1b: CALL strcpy (external)
1e20: JMP 1d8c (resolved immediate)
  |
  `- 1d8c
