Number of assembly instructions     = 52
Number of indirect branches         = 0
Number of unresolved indirect jumps = 0: 
Number of unresolved indirect calls = 0: 
Number of symbolic states (representative of non-determinism): 52
Number of edges: 59

16a0 (False): 0

16a0: ADD Reg RCX, Reg RSI 3
16a3: MOV Reg RDX, Reg RDI 3
16a6: MOV Reg R9, Reg RSI 3
16a9: CMP Reg RSI, Reg RCX 3
16ac: JAE 1742 (resolved immediate)
  |
  `- 16b2,1742
16b2: MOV Reg RDI, Reg RSI 3
16b5: MOV Reg R8D, Immediate 128 6
16bb: XOR Reg R10D, Reg R10D 3
16be: JMP 16cf (resolved immediate)
  |
  `- 16cf
16c0: MOV Address (SizeDir 8 (FromReg RDI)), Reg AL 2
16c2: ADD Reg RDX, Immediate 1 4
16c6: ADD Reg RDI, Immediate 1 4
16ca: CMP Reg RDI, Reg RCX 3
16cd: JAE 1742 (resolved immediate)
  |
  `- 16cf,1742
16cf: ADD Reg R8D, Reg R8D 3
16d2: MOVZX Reg EAX, Address (SizeDir 8 (FromReg RDX)) 3
16d5: CMP Reg R8D, Immediate 256 7
16dc: JNE 16ee (resolved immediate)
  |
  `- 16de,16ee
16de: MOV Reg R10D, Reg EAX 3
16e1: ADD Reg RDX, Immediate 1 4
16e5: MOVZX Reg EAX, Address (SizeDir 8 (FromReg RDX)) 3
16e8: MOV Reg R8D, Immediate 1 6
16ee: MOVZX Reg ESI, Reg R10B 4
16f2: TEST Reg ESI, Reg R8D 3
16f5: JE 16c0 (resolved immediate)
  |
  `- 16c0,16f7
16f7: MOVZX Reg ESI, Address (SizeDir 16 (FromReg RDX)) 3
16fa: MOV Reg R11, Reg RDI 3
16fd: SHR Reg AL, Immediate 2 3
1700: ADD Reg RDX, Immediate 2 4
1704: MOVZX Reg EAX, Reg AL 3
1707: ROL Reg SI, Immediate 8 4
170b: AND Reg ESI, Immediate 1023 6
1711: SUB Reg R11, Reg RSI 3
1714: CMP Reg R9, Reg R11 3
1717: MOV Reg RSI, Reg R11 3
171a: JA 1748 (resolved immediate)
  |
  `- 171c,1748
171c: ADD Reg EAX, Immediate 2 3
171f: CMP Reg RCX, Reg RDI 3
1722: JA 1734 (resolved immediate)
  |
  `- 1724,1734
1724: JMP 16ca (resolved immediate)
  |
  `- 16ca
1730: TEST Reg EAX, Reg EAX 2
1732: JS 16ca (resolved immediate)
  |
  `- 16ca,1734
1734: MOVSB Address (SizeDir 8 (FromReg RDI)), Address (SizeDir 8 (FromReg RSI)) 1
1735: SUB Reg EAX, Immediate 1 3
1738: CMP Reg RCX, Reg RDI 3
173b: JA 1730 (resolved immediate)
  |
  `- 1730,173d
173d: CMP Reg RDI, Reg RCX 3
1740: JB 16cf (resolved immediate)
  |
  `- 16cf,1742
1742: XOR Reg EAX, Reg EAX 2
1744: RET  1
  |
  `- 
1748: MOV Reg EAX, Immediate 4294967295 5
174d: RET  1
  |
  `- 
