Number of assembly instructions     = 16
Number of indirect branches         = 0
Number of unresolved indirect jumps = 0: 
Number of unresolved indirect calls = 0: 
Number of symbolic states (representative of non-determinism): 18
Number of edges: 21

1600 (False): 0

1600: LEA Reg RDI, Address (AddrPlus (FromReg RIP) (AddrImm 2112681)) 7
1607: LEA Reg RSI, Address (AddrPlus (FromReg RIP) (AddrImm 2112674)) 7
160e: PUSH Reg RBP 1
160f: SUB Reg RSI, Reg RDI 3
1612: MOV Reg RBP, Reg RSP 3
1615: SAR Reg RSI, Immediate 3 4
1619: MOV Reg RAX, Reg RSI 3
161c: SHR Reg RAX, Immediate 63 4
1620: ADD Reg RSI, Reg RAX 3
1623: SAR Reg RSI, Immediate 1 3
1626: JZ 1640 (resolved immediate)
  |
  `- 1628,1640
1628: MOV Reg RAX, Address (SizeDir 64 (AddrPlus (FromReg RIP) (AddrImm 2111921))) 7
162f: TEST Reg RAX, Reg RAX 3
1632: JZ 1640 (resolved immediate)
  |
  `- 1640
1640: POP Reg RBP 1
1641: RET  1
  |
  `- 
