Number of assembly instructions     = 582
Number of indirect branches         = 3
Number of unresolved indirect jumps = 0: 
Number of unresolved indirect calls = 3: 1eeb, 1f8b, 276e
Number of symbolic states (representative of non-determinism): 600
Number of edges: 687

1e70 (True): 25dc, 274a, 37a0
2430 (True): 2622, 2739, 278b
26b0 (True): 3801
3560 (False): 0

1e70: PUSH Reg R15 2
1e72: PUSH Reg R14 2
1e74: PUSH Reg R13 2
1e76: PUSH Reg R12 2
1e78: PUSH Reg RBP 1
1e79: PUSH Reg RBX 1
1e7a: SUB Reg RSP, Immediate 88 4
1e7e: MOV Reg RBP, Address (SizeDir 64 (AddrPlus (FromReg RDI) (AddrImm 96))) 4
1e82: MOV Reg R12, Address (SizeDir 64 (AddrPlus (FromReg RDI) (AddrImm 104))) 4
1e86: MOV Reg R13, Address (SizeDir 64 (AddrPlus (FromReg RDI) (AddrImm 112))) 4
1e8a: MOV Reg R14, Address (SizeDir 64 (AddrPlus (FromReg RDI) (AddrImm 120))) 4
1e8e: MOV Reg RDI, Address (SizeDir 64 (AddrPlus (FromReg RDI) (AddrImm 48))) 4
1e92: MOV Reg RAX, Address (SizeDir 64 (AddrPlus (FromReg FS) (AddrImm 40))) 9
1e9b: MOV Address (SizeDir 64 (AddrPlus (FromReg RSP) (AddrImm 72))), Reg RAX 5
1ea0: XOR Reg EAX, Reg EAX 2
1ea2: MOV Reg RAX, Reg RDI 3
1ea5: SHR Reg RAX, Immediate 40 4
1ea9: TEST Reg RDI, Reg RDI 3
1eac: JNS 1fb8 (resolved immediate)
  |
  `- 1eb2,1fb8
1eb2: MOVZX Reg EAX, Reg AL 3
1eb5: CMP Reg EAX, Immediate 9 3
1eb8: JA 1fb8 (resolved immediate)
  |
  `- 1ebe,1fb8
1ebe: SHL Reg RAX, Immediate 5 4
1ec2: ADD Reg RAX, Address (SizeDir 64 (AddrPlus (FromReg RIP) (AddrImm 2109623))) 7
1ec9: CMP Address (SizeDir 64 (FromReg RAX)), Immediate 0 4
1ecd: JZ 1fb8 (resolved immediate)
  |
  `- 1ed3,1fb8
1ed3: MOV Reg RCX, Reg RSI 3
1ed6: MOVSXD Reg RSI, Reg EDX 3
1ed9: MOV Reg EDX, Address (SizeDir 32 (AddrPlus (FromReg RAX) (AddrImm 20))) 3
1edc: TEST Reg EDX, Reg EDX 2
1ede: JNZ 1f50 (resolved immediate)
  |
  `- 1ee0,1f50
1ee0: LEA Reg RDX, Address (AddrPlus (FromReg RSP) (AddrImm 32)) 5
1ee5: MOV Reg RDI, Reg RCX 3
1ee8: MOV Reg R15, Reg R14 3
1eeb: CALL Address (SizeDir 64 (FromReg RAX)) 2
1eed: MOV Reg R8, Reg R13 3
1ef0: MOV Reg R9, Reg R12 3
1ef3: MOV Reg R10, Reg RBP 3
1ef6: MOV Reg RAX, Address (SizeDir 64 (AddrPlus (FromReg RSP) (AddrImm 32))) 5
1efb: MOV Reg RDX, Address (SizeDir 64 (AddrPlus (FromReg RSP) (AddrImm 40))) 5
1f00: SUB Reg RAX, Reg R10 3
1f03: SUB Reg RDX, Reg R9 3
1f06: OR Reg RAX, Reg RDX 3
1f09: MOV Reg RDX, Address (SizeDir 64 (AddrPlus (FromReg RSP) (AddrImm 48))) 5
1f0e: SUB Reg RDX, Reg R8 3
1f11: OR Reg RAX, Reg RDX 3
1f14: MOV Reg RDX, Address (SizeDir 64 (AddrPlus (FromReg RSP) (AddrImm 56))) 5
1f19: SUB Reg RDX, Reg R15 3
1f1c: OR Reg RAX, Reg RDX 3
1f1f: SETNZ Reg AL 3
1f22: MOVZX Reg EAX, Reg AL 3
1f25: NEG Reg EAX 2
1f27: MOV Reg RCX, Address (SizeDir 64 (AddrPlus (FromReg RSP) (AddrImm 72))) 5
1f2c: XOR Reg RCX, Address (SizeDir 64 (AddrPlus (FromReg FS) (AddrImm 40))) 9
1f35: JNZ 1fc2 (resolved immediate)
  |
  `- 1f3b,1fc2
1f3b: ADD Reg RSP, Immediate 88 4
1f3f: POP Reg RBX 1
1f40: POP Reg RBP 1
1f41: POP Reg R12 2
1f43: POP Reg R13 2
1f45: POP Reg R14 2
1f47: POP Reg R15 2
1f49: RET  1
  |
  `- 
1f50: LEA Reg RBX, Address (AddrPlus (FromReg RCX) (FromReg RSI)) 4
1f54: LEA Reg RDX, Address (AddrPlus (FromReg RSP) (AddrImm 32)) 5
1f59: MOV Reg RDI, Reg RCX 3
1f5c: MOV Reg R10, Address (SizeDir 64 (AddrMinus (FromReg RBX) (AddrImm 32))) 4
1f60: MOV Reg R9, Address (SizeDir 64 (AddrMinus (FromReg RBX) (AddrImm 24))) 4
1f64: MOV Reg R8, Address (SizeDir 64 (AddrMinus (FromReg RBX) (AddrImm 16))) 4
1f68: MOV Reg R15, Address (SizeDir 64 (AddrMinus (FromReg RBX) (AddrImm 8))) 4
1f6c: MOV Address (SizeDir 64 (AddrMinus (FromReg RBX) (AddrImm 32))), Reg RBP 4
1f70: MOV Address (SizeDir 64 (AddrMinus (FromReg RBX) (AddrImm 24))), Reg R12 4
1f74: MOV Address (SizeDir 64 (AddrPlus (FromReg RSP) (AddrImm 24))), Reg R10 5
1f79: MOV Address (SizeDir 64 (AddrPlus (FromReg RSP) (AddrImm 16))), Reg R9 5
1f7e: MOV Address (SizeDir 64 (AddrPlus (FromReg RSP) (AddrImm 8))), Reg R8 5
1f83: MOV Address (SizeDir 64 (AddrMinus (FromReg RBX) (AddrImm 16))), Reg R13 4
1f87: MOV Address (SizeDir 64 (AddrMinus (FromReg RBX) (AddrImm 8))), Reg R14 4
1f8b: CALL Address (SizeDir 64 (FromReg RAX)) 2
1f8d: MOV Reg R10, Address (SizeDir 64 (AddrPlus (FromReg RSP) (AddrImm 24))) 5
1f92: MOV Reg R9, Address (SizeDir 64 (AddrPlus (FromReg RSP) (AddrImm 16))) 5
1f97: MOV Reg R8, Address (SizeDir 64 (AddrPlus (FromReg RSP) (AddrImm 8))) 5
1f9c: MOV Address (SizeDir 64 (AddrMinus (FromReg RBX) (AddrImm 8))), Reg R15 4
1fa0: MOV Address (SizeDir 64 (AddrMinus (FromReg RBX) (AddrImm 32))), Reg R10 4
1fa4: MOV Address (SizeDir 64 (AddrMinus (FromReg RBX) (AddrImm 24))), Reg R9 4
1fa8: MOV Address (SizeDir 64 (AddrMinus (FromReg RBX) (AddrImm 16))), Reg R8 4
1fac: JMP 1ef6 (resolved immediate)
  |
  `- 1ef6
1fb8: MOV Reg EAX, Immediate 4294967295 5
1fbd: JMP 1f27 (resolved immediate)
  |
  `- 1f27
1fc2: CALL __stack_chk_fail (external)
  |
  `- 
2430: PUSH Reg R15 2
2432: PUSH Reg R14 2
2434: MOV Reg R15, Reg RDI 3
2437: PUSH Reg R13 2
2439: PUSH Reg R12 2
243b: LEA Reg R13, Address (AddrPlus (FromReg RDI) (AddrImm 48)) 4
243f: PUSH Reg RBP 1
2440: PUSH Reg RBX 1
2441: MOV Reg RBP, Reg RDI 3
2444: MOV Reg R14, Reg RSI 3
2447: MOV Reg R12, Reg RDX 3
244a: SUB Reg RSP, Immediate 200 7
2451: MOVZX Reg EBX, Address (SizeDir 16 (AddrPlus (FromReg RDI) (AddrImm 50))) 4
2455: MOV Reg RAX, Address (SizeDir 64 (AddrPlus (FromReg FS) (AddrImm 40))) 9
245e: MOV Address (SizeDir 64 (AddrPlus (FromReg RSP) (AddrImm 184))), Reg RAX 8
2466: XOR Reg EAX, Reg EAX 2
2468: LEA Reg RAX, Address (AddrPlus (FromReg RSP) (AddrImm 48)) 5
246d: MOV Address (SizeDir 64 (FromReg RSP)), Reg RAX 4
2471: LEA Reg RAX, Address (AddrPlus (FromReg RDX) (AddrImm 512)) 7
2478: ADD Reg RBX, Immediate 1 4
247c: SHL Reg RBX, Immediate 9 4
2480: MOV Address (SizeDir 64 (AddrPlus (FromReg RSP) (AddrImm 8))), Reg RAX 5
2485: CMP Address (SizeDir 64 (FromReg R15)), Immediate 0 4
2489: MOV Reg RAX, Address (SizeDir 64 (AddrPlus (FromReg R15) (AddrImm 8))) 4
248d: JNZ 2494 (resolved immediate)
  |
  `- 248f,2494
248f: TEST Reg RAX, Reg RAX 3
2492: JZ 24c9 (resolved immediate)
  |
  `- 2494,24c9
2494: MOV Reg RSI, Reg RAX 3
2497: MOV Reg RDX, Address (SizeDir 64 (AddrPlus (FromReg RIP) (AddrImm 2108122))) 7
249e: SHL Reg RSI, Immediate 9 4
24a2: ADD Reg RSI, Immediate 4194304 7
24a9: SHR Reg RSI, Immediate 9 4
24ad: TEST Reg RAX, Reg RAX 3
24b0: MOV Reg RDI, Address (SizeDir 64 (FromReg RDX)) 3
24b3: JS 2508 (resolved immediate)
  |
  `- 24b5,2508
24b5: XOR Reg EDX, Reg EDX 2
24b7: MOV Reg R8, Reg R14 3
24ba: MOV Reg ECX, Reg EBX 2
24bc: CALL fsig_devread (external)
24c1: TEST Reg EAX, Reg EAX 2
24c3: JNZ 2680 (resolved immediate)
  |
  `- 24c9,2680
24c9: ADD Reg R15, Immediate 16 4
24cd: CMP Reg R15, Reg R13 3
24d0: JNZ 2485 (resolved immediate)
  |
  `- 2485,24d2
24d2: MOV Reg R8D, Immediate 1 6
24d8: MOV Reg RCX, Address (SizeDir 64 (AddrPlus (FromReg RSP) (AddrImm 184))) 8
24e0: XOR Reg RCX, Address (SizeDir 64 (AddrPlus (FromReg FS) (AddrImm 40))) 9
24e9: MOV Reg EAX, Reg R8D 3
24ec: JNZ 26a9 (resolved immediate)
  |
  `- 24f2,26a9
24f2: ADD Reg RSP, Immediate 200 7
24f9: POP Reg RBX 1
24fa: POP Reg RBP 1
24fb: POP Reg R12 2
24fd: POP Reg R13 2
24ff: POP Reg R14 2
2501: POP Reg R15 2
2503: RET  1
  |
  `- 
2508: XOR Reg EDX, Reg EDX 2
250a: MOV Reg R8, Reg R12 3
250d: MOV Reg ECX, Immediate 512 5
2512: CALL fsig_devread (external)
2517: TEST Reg EAX, Reg EAX 2
2519: JZ 2650 (resolved immediate)
  |
  `- 251f,2650
251f: MOV Reg RAX, Immediate 9223376434901286912 10
2529: MOV Reg RDI, Address (SizeDir 64 (FromReg RSP)) 4
252d: MOV Reg EDX, Immediate 512 5
2532: MOV Address (SizeDir 64 (AddrPlus (FromReg RSP) (AddrImm 96))), Reg RAX 5
2537: MOV Reg EAX, Address (SizeDir 32 (AddrPlus (FromReg R15) (AddrImm 4))) 4
253b: MOV Reg RSI, Reg R12 3
253e: MOV Address (SizeDir 64 (AddrPlus (FromReg RSP) (AddrImm 48))), Immediate 0 9
2547: MOV Address (SizeDir 64 (AddrPlus (FromReg RSP) (AddrImm 56))), Immediate 0 9
2550: MOV Address (SizeDir 64 (AddrPlus (FromReg RSP) (AddrImm 64))), Immediate 0 9
2559: MOV Address (SizeDir 64 (AddrPlus (FromReg RSP) (AddrImm 72))), Immediate 0 9
2562: MOV Address (SizeDir 64 (AddrPlus (FromReg RSP) (AddrImm 80))), Immediate 0 9
256b: MOV Address (SizeDir 64 (AddrPlus (FromReg RSP) (AddrImm 88))), Immediate 0 9
2574: MOV Address (SizeDir 64 (AddrPlus (FromReg RSP) (AddrImm 144))), Reg RAX 8
257c: MOV Reg RAX, Address (SizeDir 64 (AddrPlus (FromReg R15) (AddrImm 8))) 4
2580: MOV Address (SizeDir 64 (AddrPlus (FromReg RSP) (AddrImm 104))), Immediate 0 9
2589: MOV Address (SizeDir 64 (AddrPlus (FromReg RSP) (AddrImm 112))), Immediate 0 9
2592: MOV Address (SizeDir 64 (AddrPlus (FromReg RSP) (AddrImm 120))), Immediate 0 9
259b: MOV Address (SizeDir 64 (AddrPlus (FromReg RSP) (AddrImm 128))), Immediate 0 12
25a7: SHL Reg RAX, Immediate 9 4
25ab: MOV Address (SizeDir 64 (AddrPlus (FromReg RSP) (AddrImm 136))), Immediate 0 12
25b7: MOV Address (SizeDir 64 (AddrPlus (FromReg RSP) (AddrImm 168))), Immediate 0 12
25c3: MOV Address (SizeDir 64 (AddrPlus (FromReg RSP) (AddrImm 152))), Reg RAX 8
25cb: MOV Reg RAX, Address (SizeDir 64 (AddrPlus (FromReg RBP) (AddrImm 80))) 4
25cf: MOV Address (SizeDir 64 (AddrPlus (FromReg RSP) (AddrImm 160))), Reg RAX 8
25d7: CALL zio_checksum_verify (internal)
25dc: TEST Reg EAX, Reg EAX 2
25de: JNZ 2668 (resolved immediate)
  |
  `- 25e4,2668
25e4: LEA Reg R10, Address (AddrPlus (FromReg R12) (AddrImm 384)) 8
25ec: MOV Address (SizeDir 64 (AddrPlus (FromReg RSP) (AddrImm 16))), Reg RBX 5
25f1: MOV Address (SizeDir 64 (AddrPlus (FromReg RSP) (AddrImm 24))), Reg R13 5
25f6: MOV Address (SizeDir 64 (AddrPlus (FromReg RSP) (AddrImm 32))), Reg RBP 5
25fb: MOV Reg R13, Reg R12 3
25fe: MOV Address (SizeDir 64 (AddrPlus (FromReg RSP) (AddrImm 40))), Reg R12 5
2603: MOV Reg EBX, Reg EAX 2
2605: MOV Reg RBP, Reg R10 3
2608: MOV Reg R12, Reg R14 3
260b: CMP Address (SizeDir 64 (AddrPlus (FromReg R13) (AddrImm 80))), Immediate 0 5
2610: JZ 2636 (resolved immediate)
  |
  `- 2612,2636
2612: MOV Reg RDX, Address (SizeDir 64 (AddrPlus (FromReg RSP) (AddrImm 8))) 5
2617: MOV Reg RSI, Reg R12 3
261a: MOV Reg RDI, Reg R13 3
261d: CALL zio_read_data (internal)
2622: TEST Reg EAX, Reg EAX 2
2624: JNZ 2690 (resolved immediate)
  |
  `- 2626,2690
2626: MOVZX Reg EAX, Address (SizeDir 16 (AddrPlus (FromReg R13) (AddrImm 50))) 5
262b: ADD Reg RAX, Immediate 1 4
262f: SHL Reg RAX, Immediate 9 4
2633: ADD Reg R12, Reg RAX 3
2636: SUB Reg R13, Immediate 18446744073709551488 4
263a: CMP Reg RBP, Reg R13 3
263d: JNZ 260b (resolved immediate)
  |
  `- 260b,263f
263f: MOV Reg R8D, Reg EBX 3
2642: JMP 24d8 (resolved immediate)
  |
  `- 24d8
2650: LEA Reg RDI, Address (AddrPlus (FromReg RIP) (AddrImm 7913)) 7
2657: CALL puts (external)
265c: JMP 24c9 (resolved immediate)
  |
  `- 24c9
2668: LEA Reg RDI, Address (AddrPlus (FromReg RIP) (AddrImm 7929)) 7
266f: CALL puts (external)
2674: JMP 24c9 (resolved immediate)
  |
  `- 24c9
2680: XOR Reg R8D, Reg R8D 3
2683: JMP 24d8 (resolved immediate)
  |
  `- 24d8
2690: MOV Reg RBX, Address (SizeDir 64 (AddrPlus (FromReg RSP) (AddrImm 16))) 5
2695: MOV Reg R13, Address (SizeDir 64 (AddrPlus (FromReg RSP) (AddrImm 24))) 5
269a: MOV Reg RBP, Address (SizeDir 64 (AddrPlus (FromReg RSP) (AddrImm 32))) 5
269f: MOV Reg R12, Address (SizeDir 64 (AddrPlus (FromReg RSP) (AddrImm 40))) 5
26a4: JMP 24c9 (resolved immediate)
  |
  `- 24c9
26a9: CALL __stack_chk_fail (external)
  |
  `- 
26b0: PUSH Reg R15 2
26b2: PUSH Reg R14 2
26b4: PUSH Reg R13 2
26b6: PUSH Reg R12 2
26b8: PUSH Reg RBP 1
26b9: PUSH Reg RBX 1
26ba: SUB Reg RSP, Immediate 8 4
26be: MOV Reg RAX, Address (SizeDir 64 (AddrPlus (FromReg RDI) (AddrImm 48))) 4
26c2: MOV Reg R12, Reg RAX 3
26c5: SHR Reg R12, Immediate 32 4
26c9: MOVZX Reg R12D, Reg R12B 4
26cd: CMP Reg R12D, Immediate 4 4
26d1: JG 27a8 (resolved immediate)
  |
  `- 26d7,27a8
26d7: MOVZX Reg EBP, Reg AX 3
26da: SHR Reg RAX, Immediate 16 4
26de: MOV Reg R15, Reg RDI 3
26e1: MOVZX Reg EBX, Reg AX 3
26e4: ADD Reg RBP, Immediate 1 4
26e8: MOV Reg R13, Reg RSI 3
26eb: ADD Reg RBX, Immediate 1 4
26ef: SHL Reg RBP, Immediate 9 4
26f3: SHL Reg RBX, Immediate 9 4
26f7: CMP Reg R12D, Immediate 2 4
26fb: JZ 2778 (resolved immediate)
  |
  `- 26fd,2778
26fd: MOVSXD Reg RAX, Reg R12D 3
2700: SHL Reg RAX, Immediate 4 4
2704: ADD Reg RAX, Address (SizeDir 64 (AddrPlus (FromReg RIP) (AddrImm 2107461))) 7
270b: CMP Address (SizeDir 64 (AddrPlus (FromReg RAX) (AddrImm 8))), Immediate 0 5
2710: JZ 27a8 (resolved immediate)
  |
  `- 2716,27a8
2716: CMP Reg RSI, Reg RDX 3
2719: JAE 2728 (resolved immediate)
  |
  `- 271b,2728
271b: LEA Reg RAX, Address (AddrPlus (FromReg RSI) (FromReg RBP)) 4
271f: CMP Reg RDX, Reg RAX 3
2722: JB 27f1 (resolved immediate)
  |
  `- 2728,27f1
2728: MOV Reg R14, Reg RDX 3
272b: MOV Reg RDI, Reg R15 3
272e: ADD Reg RDX, Reg RBX 3
2731: MOV Reg RSI, Reg R14 3
2734: CALL zio_read_data (internal)
  |
  `- 
2739: TEST Reg EAX, Reg EAX 2
273b: JNZ 278f (resolved immediate)
  |
  `- 273d,278f
273d: MOV Reg RDI, Reg R15 3
2740: MOV Reg EDX, Reg EBX 2
2742: MOV Reg RSI, Reg R14 3
2745: CALL zio_checksum_verify (internal)
274a: TEST Reg EAX, Reg EAX 2
274c: MOV Reg R15D, Reg EAX 3
274f: JNZ 27d0 (resolved immediate)
  |
  `- 2751,27d0
2751: CMP Reg R12D, Immediate 2 4
2755: JZ 27ba (resolved immediate)
  |
  `- 2757,27ba
2757: SHL Reg R12, Immediate 4 4
275b: ADD Reg R12, Address (SizeDir 64 (AddrPlus (FromReg RIP) (AddrImm 2107374))) 7
2762: MOV Reg RCX, Reg RBP 3
2765: MOV Reg RDX, Reg RBX 3
2768: MOV Reg RSI, Reg R13 3
276b: MOV Reg RDI, Reg R14 3
276e: CALL Address (SizeDir 64 (AddrPlus (FromReg R12) (AddrImm 8))) 5
2773: JMP 27ba (resolved immediate)
  |
  `- 27ba
2778: CMP Reg RSI, Reg RDX 3
277b: JB 27e8 (resolved immediate)
  |
  `- 277d,27e8
277d: MOV Reg R14, Reg R13 3
2780: MOV Reg RDI, Reg R15 3
2783: MOV Reg RSI, Reg R14 3
2786: CALL zio_read_data (internal)
  |
  `- 2430
278b: TEST Reg EAX, Reg EAX 2
278d: JZ 273d (resolved immediate)
  |
  `- 273d,278f
278f: LEA Reg RDI, Address (AddrPlus (FromReg RIP) (AddrImm 7327)) 7
2796: MOV Reg R15D, Immediate 1 6
279c: CALL puts (external)
27a1: JMP 27ba (resolved immediate)
  |
  `- 27ba
27a8: LEA Reg RDI, Address (AddrPlus (FromReg RIP) (AddrImm 7649)) 7
27af: MOV Reg R15D, Immediate 1 6
27b5: CALL puts (external)
27ba: ADD Reg RSP, Immediate 8 4
27be: MOV Reg EAX, Reg R15D 3
27c1: POP Reg RBX 1
27c2: POP Reg RBP 1
27c3: POP Reg R12 2
27c5: POP Reg R13 2
27c7: POP Reg R14 2
27c9: POP Reg R15 2
27cb: RET  1
  |
  `- 
27d0: LEA Reg RDI, Address (AddrPlus (FromReg RIP) (AddrImm 7283)) 7
27d7: MOV Reg R15D, Immediate 1 6
27dd: CALL puts (external)
27e2: JMP 27ba (resolved immediate)
  |
  `- 27ba
27e8: LEA Reg RAX, Address (AddrPlus (FromReg RSI) (FromReg RBP)) 4
27ec: CMP Reg RDX, Reg RAX 3
27ef: JAE 277d (resolved immediate)
  |
  `- 277d,27f1
27f1: LEA Reg RDI, Address (AddrPlus (FromReg RIP) (AddrImm 7201)) 7
27f8: MOV Reg R15D, Immediate 1 6
27fe: CALL puts (external)
2803: JMP 27ba (resolved immediate)
  |
  `- 27ba
3560: PUSH Reg R15 2
3562: PUSH Reg R14 2
3564: PUSH Reg R13 2
3566: PUSH Reg R12 2
3568: PUSH Reg RBP 1
3569: PUSH Reg RBX 1
356a: SUB Reg RSP, Immediate 760 7
3571: MOV Reg RAX, Address (SizeDir 64 (AddrPlus (FromReg FS) (AddrImm 40))) 9
357a: MOV Address (SizeDir 64 (AddrPlus (FromReg RSP) (AddrImm 744))), Reg RAX 8
3582: XOR Reg EAX, Reg EAX 2
3584: MOV Reg RAX, Address (SizeDir 64 (AddrPlus (FromReg RIP) (AddrImm 2103821))) 7
358b: MOV Reg RAX, Address (SizeDir 64 (FromReg RAX)) 3
358e: MOV Reg RDX, Reg RAX 3
3591: MOV Address (SizeDir 64 (AddrPlus (FromReg RSP) (AddrImm 8))), Reg RAX 5
3596: MOV Reg RAX, Address (SizeDir 64 (AddrPlus (FromReg RIP) (AddrImm 2103747))) 7
359d: SHL Reg RDX, Immediate 9 4
35a1: MOV Reg EAX, Address (SizeDir 32 (FromReg RAX)) 2
35a3: MOV Address (SizeDir 32 (AddrPlus (FromReg RSP) (AddrImm 60))), Reg EAX 4
35a7: MOV Reg RAX, Address (SizeDir 64 (AddrPlus (FromReg RIP) (AddrImm 2103810))) 7
35ae: CMP Address (SizeDir 64 (FromReg RAX)), Immediate 0 4
35b2: JNZ 35c5 (resolved immediate)
  |
  `- 35b4,35c5
35b4: MOV Reg RAX, Address (SizeDir 64 (AddrPlus (FromReg RIP) (AddrImm 2103829))) 7
35bb: CMP Address (SizeDir 64 (FromReg RAX)), Immediate 0 4
35bf: JZ 390e (resolved immediate)
  |
  `- 390e
35c5: MOV Reg RAX, Address (SizeDir 64 (AddrPlus (FromReg RIP) (AddrImm 2103788))) 7
35cc: AND Reg RDX, Immediate 18446744073709289472 7
35d3: MOV Address (SizeDir 64 (AddrPlus (FromReg RSP) (AddrImm 24))), Immediate 0 9
35dc: SUB Reg RDX, Immediate 1048576 7
35e3: MOV Reg R14, Immediate 9223375335389659136 10
35ed: MOV Address (SizeDir 64 (AddrPlus (FromReg RSP) (AddrImm 40))), Reg RDX 5
35f2: MOV Reg RAX, Address (SizeDir 64 (AddrPlus (FromReg RAX) (AddrImm 16))) 4
35f6: MOV Address (SizeDir 64 (AddrPlus (FromReg RSP) (AddrImm 8))), Reg RAX 5
35fb: SHL Reg RAX, Immediate 10 4
35ff: LEA Reg RSI, Address (AddrMinus (FromReg RAX) (AddrImm 3144704)) 7
3606: SUB Reg RAX, Immediate 3275776 6
360c: MOV Address (SizeDir 64 (AddrPlus (FromReg RSP) (AddrImm 16))), Reg RAX 5
3611: LEA Reg RDI, Address (AddrPlus (FromReg RSI) (AddrImm 131072)) 7
3618: MOV Address (SizeDir 64 (AddrPlus (FromReg RSP) (AddrImm 32))), Reg RSI 5
361d: MOV Address (SizeDir 64 (AddrPlus (FromReg RIP) (AddrImm 2106556))), Reg RSI 7
3624: MOV Address (SizeDir 64 (AddrPlus (FromReg RSP) (AddrImm 72))), Reg RDI 5
3629: LEA Reg RDI, Address (AddrPlus (FromReg RSI) (AddrImm 133120)) 7
3630: MOV Address (SizeDir 64 (AddrPlus (FromReg RSP) (AddrImm 64))), Reg RDI 5
3635: MOV Reg RDI, Address (SizeDir 64 (AddrPlus (FromReg RSP) (AddrImm 24))) 5
363a: MOV Reg R8, Address (SizeDir 64 (AddrPlus (FromReg RSP) (AddrImm 32))) 5
363f: MOV Reg ECX, Immediate 131072 5
3644: MOV Reg RBP, Reg RDI 3
3647: SHL Reg RBP, Immediate 18 4
364b: MOV Reg RAX, Reg RBP 3
364e: ADD Reg RBP, Address (SizeDir 64 (AddrPlus (FromReg RSP) (AddrImm 40))) 5
3653: CMP Reg RDI, Immediate 1 4
3657: CMOVBE Reg RBP, Reg RAX 4
365b: XOR Reg EDX, Reg EDX 2
365d: MOV Reg RAX, Reg RBP 3
3660: SHR Reg RAX, Immediate 9 4
3664: MOV Address (SizeDir 64 (AddrPlus (FromReg RSP) (AddrImm 48))), Reg RAX 5
3669: LEA Reg ESI, Address (AddrPlus (FromReg RAX) (AddrImm 256)) 6
366f: MOV Reg RAX, Address (SizeDir 64 (AddrPlus (FromReg RIP) (AddrImm 2103554))) 7
3676: MOV Reg RDI, Address (SizeDir 64 (FromReg RAX)) 3
3679: CALL fsig_devread (external)
367e: TEST Reg EAX, Reg EAX 2
3680: JZ 38a0 (resolved immediate)
  |
  `- 3686,38a0
3686: LEA Reg RAX, Address (AddrPlus (FromReg RSP) (AddrImm 96)) 5
368b: LEA Reg R15, Address (AddrPlus (FromReg RBP) (AddrImm 131072)) 7
3692: LEA Reg R13, Address (AddrPlus (FromReg RBP) (AddrImm 262144)) 7
3699: XOR Reg EBX, Reg EBX 2
369b: MOV Address (SizeDir 64 (AddrPlus (FromReg RSP) (AddrImm 8))), Reg RAX 5
36a0: JMP 36d6 (resolved immediate)
  |
  `- 36d6
36a8: MOV Reg RAX, Address (SizeDir 64 (AddrPlus (FromReg RBX) (AddrImm 16))) 4
36ac: CMP Address (SizeDir 64 (AddrPlus (FromReg R12) (AddrImm 16))), Reg RAX 5
36b1: JB 36c6 (resolved immediate)
  |
  `- 36b3,36c6
36b3: JA 37d2 (resolved immediate)
  |
  `- 36b9,37d2
36b9: MOV Reg RAX, Address (SizeDir 64 (AddrPlus (FromReg RBX) (AddrImm 32))) 4
36bd: CMP Address (SizeDir 64 (AddrPlus (FromReg R12) (AddrImm 32))), Reg RAX 5
36c2: CMOVA Reg RBX, Reg R12 4
36c6: ADD Reg R15, Immediate 1024 7
36cd: CMP Reg R13, Reg R15 3
36d0: JZ 37e5 (resolved immediate)
  |
  `- 36d6,37e5
36d6: MOV Reg RCX, Address (SizeDir 64 (AddrPlus (FromReg RSP) (AddrImm 16))) 5
36db: MOV Reg RDI, Address (SizeDir 64 (AddrPlus (FromReg RSP) (AddrImm 8))) 5
36e0: MOV Reg EDX, Immediate 1024 5
36e5: MOV Address (SizeDir 64 (AddrPlus (FromReg RSP) (AddrImm 96))), Immediate 0 9
36ee: MOV Address (SizeDir 64 (AddrPlus (FromReg RSP) (AddrImm 104))), Immediate 0 9
36f7: MOV Address (SizeDir 64 (AddrPlus (FromReg RSP) (AddrImm 112))), Immediate 0 9
3700: MOV Address (SizeDir 64 (AddrPlus (FromReg RSP) (AddrImm 120))), Immediate 0 9
3709: SUB Reg RCX, Reg RBP 3
370c: MOV Address (SizeDir 64 (AddrPlus (FromReg RSP) (AddrImm 128))), Immediate 0 12
3718: MOV Address (SizeDir 64 (AddrPlus (FromReg RSP) (AddrImm 136))), Immediate 0 12
3724: LEA Reg R12, Address (AddrPlus (FromReg RCX) (FromReg R15)) 4
3728: MOV Address (SizeDir 64 (AddrPlus (FromReg RSP) (AddrImm 152))), Immediate 0 12
3734: MOV Address (SizeDir 64 (AddrPlus (FromReg RSP) (AddrImm 160))), Immediate 0 12
3740: MOV Address (SizeDir 64 (AddrPlus (FromReg RSP) (AddrImm 168))), Immediate 0 12
374c: MOV Address (SizeDir 64 (AddrPlus (FromReg RSP) (AddrImm 176))), Immediate 0 12
3758: MOV Reg RSI, Reg R12 3
375b: MOV Address (SizeDir 64 (AddrPlus (FromReg RSP) (AddrImm 184))), Immediate 0 12
3767: MOV Address (SizeDir 64 (AddrPlus (FromReg RSP) (AddrImm 200))), Immediate 0 12
3773: MOV Address (SizeDir 64 (AddrPlus (FromReg RSP) (AddrImm 208))), Immediate 0 12
377f: MOV Address (SizeDir 64 (AddrPlus (FromReg RSP) (AddrImm 216))), Immediate 0 12
378b: MOV Address (SizeDir 64 (AddrPlus (FromReg RSP) (AddrImm 144))), Reg R14 8
3793: MOV Address (SizeDir 64 (AddrPlus (FromReg RSP) (AddrImm 192))), Reg R15 8
379b: CALL zio_checksum_verify (internal)
  |
  `- 37a0,1e70
37a0: TEST Reg EAX, Reg EAX 2
37a2: JNZ 36c6 (resolved immediate)
  |
  `- 36c6,37a8
37a8: CMP Address (SizeDir 64 (FromReg R12)), Immediate 12235020 8
37b0: JNZ 36c6 (resolved immediate)
  |
  `- 36c6,37b6
37b6: MOV Reg RAX, Address (SizeDir 64 (AddrPlus (FromReg R12) (AddrImm 8))) 5
37bb: SUB Reg RAX, Immediate 1 4
37bf: CMP Reg RAX, Immediate 23 4
37c3: JA 36c6 (resolved immediate)
  |
  `- 36c6,37c9
37c9: TEST Reg RBX, Reg RBX 3
37cc: JNZ 36a8 (resolved immediate)
  |
  `- 36a8,37d2
37d2: ADD Reg R15, Immediate 1024 7
37d9: MOV Reg RBX, Reg R12 3
37dc: CMP Reg R13, Reg R15 3
37df: JNZ 36d6 (resolved immediate)
  |
  `- 36d6,37e5
37e5: TEST Reg RBX, Reg RBX 3
37e8: JZ 38a0 (resolved immediate)
  |
  `- 37ee,38a0
37ee: MOV Reg RDX, Address (SizeDir 64 (AddrPlus (FromReg RSP) (AddrImm 64))) 5
37f3: MOV Reg RSI, Address (SizeDir 64 (AddrPlus (FromReg RSP) (AddrImm 72))) 5
37f8: LEA Reg RDI, Address (AddrPlus (FromReg RBX) (AddrImm 40)) 4
37fc: CALL zio_read (internal)
  |
  `- 26b0
3801: TEST Reg EAX, Reg EAX 2
3803: JNZ 38a0 (resolved immediate)
  |
  `- 3809,38a0
3809: MOV Reg RDX, Address (SizeDir 64 (AddrPlus (FromReg RSP) (AddrImm 32))) 5
380e: CMP Address (SizeDir 64 (AddrPlus (FromReg RDX) (AddrImm 131776))), Immediate 1 8
3816: JNZ 3aed (resolved immediate)
  |
  `- 381c,3aed
381c: LEA Reg RBP, Address (AddrPlus (FromReg RSP) (AddrImm 480)) 8
3824: MOV Reg RSI, Address (SizeDir 64 (AddrPlus (FromReg RSP) (AddrImm 64))) 5
3829: MOV Reg RDI, Address (SizeDir 64 (AddrPlus (FromReg RSP) (AddrImm 48))) 5
382e: LEA Reg RCX, Address (AddrPlus (FromReg RSP) (AddrImm 224)) 8
3836: LEA Reg R8, Address (AddrPlus (FromReg RSP) (AddrImm 88)) 5
383b: MOV Reg RDX, Reg RBP 3
383e: CALL check_pool_label (external)
3843: TEST Reg EAX, Reg EAX 2
3845: JNZ 38a0 (resolved immediate)
  |
  `- 3847,38a0
3847: MOV Reg RAX, Address (SizeDir 64 (AddrPlus (FromReg RIP) (AddrImm 2106202))) 7
384e: MOV Reg RDX, Address (SizeDir 64 (AddrPlus (FromReg RIP) (AddrImm 2103195))) 7
3855: TEST Reg RAX, Reg RAX 3
3858: MOV Reg EDX, Address (SizeDir 32 (FromReg RDX)) 2
385a: JNZ 3943 (resolved immediate)
  |
  `- 3860,3943
3860: MOV Reg RAX, Address (SizeDir 64 (AddrPlus (FromReg RSP) (AddrImm 88))) 5
3865: TEST Reg EDX, Reg EDX 2
3867: MOV Address (SizeDir 64 (AddrPlus (FromReg RIP) (AddrImm 2106170))), Reg RAX 7
386e: JZ 3960 (resolved immediate)
  |
  `- 3874,3960
3874: MOV Reg RAX, Address (SizeDir 64 (AddrPlus (FromReg RIP) (AddrImm 2106005))) 7
387b: CMP Address (SizeDir 64 (AddrPlus (FromReg RBX) (AddrImm 16))), Reg RAX 4
387f: JB 38a0 (resolved immediate)
  |
  `- 3881,38a0
3881: JA 3960 (resolved immediate)
  |
  `- 3887,3960
3887: MOV Reg RAX, Address (SizeDir 64 (AddrPlus (FromReg RIP) (AddrImm 2106002))) 7
388e: CMP Address (SizeDir 64 (AddrPlus (FromReg RBX) (AddrImm 32))), Reg RAX 4
3892: JA 3960 (resolved immediate)
  |
  `- 3898,3960
3898: NOP  8
38a0: CMP Address (SizeDir 64 (AddrPlus (FromReg RSP) (AddrImm 24))), Immediate 3 6
38a6: JZ 38d6 (resolved immediate)
  |
  `- 38a8,38d6
38a8: MOV Reg RAX, Address (SizeDir 64 (AddrPlus (FromReg RIP) (AddrImm 2103017))) 7
38af: MOV Reg EDX, Immediate 4294967295 5
38b4: MOV Reg RSI, Address (SizeDir 64 (AddrPlus (FromReg RSP) (AddrImm 24))) 5
38b9: CMP Address (SizeDir 64 (FromReg RAX)), Reg RDX 3
38bc: SETZ Reg DL 3
38bf: CMP Reg ESI, Immediate 1 3
38c2: SETZ Reg AL 3
38c5: ADD Reg RSI, Immediate 1 4
38c9: TEST Reg DL, Reg AL 2
38cb: MOV Address (SizeDir 64 (AddrPlus (FromReg RSP) (AddrImm 24))), Reg RSI 5
38d0: JZ 3635 (resolved immediate)
  |
  `- 3635,38d6
38d6: MOV Reg RAX, Address (SizeDir 64 (AddrPlus (FromReg RIP) (AddrImm 2102915))) 7
38dd: MOV Reg EDX, Address (SizeDir 32 (AddrPlus (FromReg RSP) (AddrImm 60))) 4
38e1: MOV Address (SizeDir 32 (FromReg RAX)), Reg EDX 2
38e3: XOR Reg EAX, Reg EAX 2
38e5: MOV Reg RDX, Address (SizeDir 64 (AddrPlus (FromReg RSP) (AddrImm 744))) 8
38ed: XOR Reg RDX, Address (SizeDir 64 (AddrPlus (FromReg FS) (AddrImm 40))) 9
38f6: JNZ 3aff (resolved immediate)
  |
  `- 38fc,3aff
38fc: ADD Reg RSP, Immediate 760 7
3903: POP Reg RBX 1
3904: POP Reg RBP 1
3905: POP Reg R12 2
3907: POP Reg R13 2
3909: POP Reg R14 2
390b: POP Reg R15 2
390d: RET  1
  |
  `- 
390e: MOV Reg RAX, Address (SizeDir 64 (AddrPlus (FromReg RIP) (AddrImm 2103003))) 7
3915: MOV Reg EAX, Address (SizeDir 32 (FromReg RAX)) 2
3917: TEST Reg EAX, Reg EAX 2
3919: JZ 35c5 (resolved immediate)
  |
  `- 35c5,391f
391f: LEA Reg RSI, Address (AddrPlus (FromReg RIP) (AddrImm 2105818)) 7
3926: MOV Reg ECX, Immediate 21 5
392b: XOR Reg EAX, Reg EAX 2
392d: MOV Address (SizeDir 64 (AddrPlus (FromReg RIP) (AddrImm 2105968))), Immediate 0 11
3938: MOV Reg RDI, Reg RSI 3
393b: REP STOSQ  3
393e: JMP 35c5 (resolved immediate)
  |
  `- 35c5
3943: TEST Reg EDX, Reg EDX 2
3945: JZ 3960 (resolved immediate)
  |
  `- 3947,3960
3947: CMP Reg RAX, Address (SizeDir 64 (AddrPlus (FromReg RSP) (AddrImm 88))) 5
394c: JNZ 38a0 (resolved immediate)
  |
  `- 38a0,3952
3952: JMP 3874 (resolved immediate)
  |
  `- 3874
3960: MOV Reg RAX, Address (SizeDir 64 (AddrPlus (FromReg RIP) (AddrImm 2102865))) 7
3967: MOV Reg RSI, Address (SizeDir 64 (AddrPlus (FromReg RSP) (AddrImm 72))) 5
396c: MOV Reg ECX, Immediate 64 5
3971: MOV Reg EDX, Immediate 168 5
3976: MOV Reg RAX, Address (SizeDir 64 (AddrPlus (FromReg RAX) (AddrImm 16))) 4
397a: SHL Reg RAX, Immediate 10 4
397e: SUB Reg RAX, Immediate 3145728 6
3984: MOV Reg RDI, Reg RAX 3
3987: REP MOVSQ  3
398a: LEA Reg RDI, Address (AddrPlus (FromReg RIP) (AddrImm 2105711)) 7
3991: MOV Reg RSI, Reg RBX 3
3994: CALL memmove (external)
3999: MOV Reg RAX, Address (SizeDir 64 (AddrPlus (FromReg RIP) (AddrImm 2102824))) 7
39a0: MOV Reg RDX, Reg RBP 3
39a3: MOVDQA Reg XMM0, Address (SizeDir 128 (AddrPlus (FromReg RSP) (AddrImm 224))) 9
39ac: MOVUPS Address (SizeDir 128 (FromReg RAX)), Reg XMM0 3
39af: MOVDQA Reg XMM0, Address (SizeDir 128 (AddrPlus (FromReg RSP) (AddrImm 240))) 9
39b8: MOVUPS Address (SizeDir 128 (AddrPlus (FromReg RAX) (AddrImm 16))), Reg XMM0 4
39bc: MOVDQA Reg XMM0, Address (SizeDir 128 (AddrPlus (FromReg RSP) (AddrImm 256))) 9
39c5: MOVUPS Address (SizeDir 128 (AddrPlus (FromReg RAX) (AddrImm 32))), Reg XMM0 4
39c9: MOVDQA Reg XMM0, Address (SizeDir 128 (AddrPlus (FromReg RSP) (AddrImm 272))) 9
39d2: MOVUPS Address (SizeDir 128 (AddrPlus (FromReg RAX) (AddrImm 48))), Reg XMM0 4
39d6: MOVDQA Reg XMM0, Address (SizeDir 128 (AddrPlus (FromReg RSP) (AddrImm 288))) 9
39df: MOVUPS Address (SizeDir 128 (AddrPlus (FromReg RAX) (AddrImm 64))), Reg XMM0 4
39e3: MOVDQA Reg XMM0, Address (SizeDir 128 (AddrPlus (FromReg RSP) (AddrImm 304))) 9
39ec: MOVUPS Address (SizeDir 128 (AddrPlus (FromReg RAX) (AddrImm 80))), Reg XMM0 4
39f0: MOVDQA Reg XMM0, Address (SizeDir 128 (AddrPlus (FromReg RSP) (AddrImm 320))) 9
39f9: MOVUPS Address (SizeDir 128 (AddrPlus (FromReg RAX) (AddrImm 96))), Reg XMM0 4
39fd: MOVDQA Reg XMM0, Address (SizeDir 128 (AddrPlus (FromReg RSP) (AddrImm 336))) 9
3a06: MOVUPS Address (SizeDir 128 (AddrPlus (FromReg RAX) (AddrImm 112))), Reg XMM0 4
3a0a: MOVDQA Reg XMM0, Address (SizeDir 128 (AddrPlus (FromReg RSP) (AddrImm 352))) 9
3a13: MOVUPS Address (SizeDir 128 (AddrPlus (FromReg RAX) (AddrImm 128))), Reg XMM0 7
3a1a: MOVDQA Reg XMM0, Address (SizeDir 128 (AddrPlus (FromReg RSP) (AddrImm 368))) 9
3a23: MOVUPS Address (SizeDir 128 (AddrPlus (FromReg RAX) (AddrImm 144))), Reg XMM0 7
3a2a: MOVDQA Reg XMM0, Address (SizeDir 128 (AddrPlus (FromReg RSP) (AddrImm 384))) 9
3a33: MOVUPS Address (SizeDir 128 (AddrPlus (FromReg RAX) (AddrImm 160))), Reg XMM0 7
3a3a: MOVDQA Reg XMM0, Address (SizeDir 128 (AddrPlus (FromReg RSP) (AddrImm 400))) 9
3a43: MOVUPS Address (SizeDir 128 (AddrPlus (FromReg RAX) (AddrImm 176))), Reg XMM0 7
3a4a: MOVDQA Reg XMM0, Address (SizeDir 128 (AddrPlus (FromReg RSP) (AddrImm 416))) 9
3a53: MOVUPS Address (SizeDir 128 (AddrPlus (FromReg RAX) (AddrImm 192))), Reg XMM0 7
3a5a: MOVDQA Reg XMM0, Address (SizeDir 128 (AddrPlus (FromReg RSP) (AddrImm 432))) 9
3a63: MOVUPS Address (SizeDir 128 (AddrPlus (FromReg RAX) (AddrImm 208))), Reg XMM0 7
3a6a: MOVDQA Reg XMM0, Address (SizeDir 128 (AddrPlus (FromReg RSP) (AddrImm 448))) 9
3a73: MOVUPS Address (SizeDir 128 (AddrPlus (FromReg RAX) (AddrImm 224))), Reg XMM0 7
3a7a: MOVDQA Reg XMM0, Address (SizeDir 128 (AddrPlus (FromReg RSP) (AddrImm 464))) 9
3a83: MOVUPS Address (SizeDir 128 (AddrPlus (FromReg RAX) (AddrImm 240))), Reg XMM0 7
3a8a: MOV Reg ECX, Address (SizeDir 32 (FromReg RDX)) 2
3a8c: ADD Reg RDX, Immediate 4 4
3a90: LEA Reg EAX, Address (AddrMinus (FromReg RCX) (AddrImm 16843009)) 6
3a96: NOT Reg ECX 2
3a98: AND Reg EAX, Reg ECX 2
3a9a: AND Reg EAX, Immediate 2155905152 5
3a9f: JZ 3a8a (resolved immediate)
  |
  `- 3a8a,3aa1
3aa1: MOV Reg ECX, Reg EAX 2
3aa3: MOV Reg RSI, Reg RBP 3
3aa6: SHR Reg ECX, Immediate 16 3
3aa9: TEST Reg EAX, Immediate 32896 5
3aae: CMOVZ Reg EAX, Reg ECX 3
3ab1: LEA Reg RCX, Address (AddrPlus (FromReg RDX) (AddrImm 2)) 4
3ab5: MOV Reg EDI, Reg EAX 2
3ab7: CMOVZ Reg RDX, Reg RCX 4
3abb: ADD Reg DIL, Reg AL 3
3abe: MOV Reg RDI, Address (SizeDir 64 (AddrPlus (FromReg RIP) (AddrImm 2102491))) 7
3ac5: SBB Reg RDX, Immediate 3 4
3ac9: MOV Reg ECX, Immediate 1024 5
3ace: SUB Reg RDX, Reg RBP 3
3ad1: CALL __memmove_chk (external)
3ad6: MOV Reg RAX, Address (SizeDir 64 (AddrPlus (FromReg RIP) (AddrImm 2102523))) 7
3add: MOV Address (SizeDir 32 (FromReg RAX)), Immediate 1 6
3ae3: MOV Reg EAX, Immediate 1 5
3ae8: JMP 38e5 (resolved immediate)
  |
  `- 38e5
3aed: MOV Reg RDX, Address (SizeDir 64 (AddrPlus (FromReg RIP) (AddrImm 2102380))) 7
3af4: MOV Address (SizeDir 32 (FromReg RDX)), Immediate 1 6
3afa: JMP 38e5 (resolved immediate)
  |
  `- 38e5
3aff: CALL __stack_chk_fail (external)
  |
  `- 
