Number of assembly instructions     = 89
Number of indirect branches         = 2
Number of unresolved indirect jumps = 0: 
Number of unresolved indirect calls = 2: 1eeb, 1f8b
Number of symbolic states (representative of non-determinism): 89
Number of edges: 92

1e70 (False): 0

1e70: PUSH Reg R15 2
1e72: PUSH Reg R14 2
1e74: PUSH Reg R13 2
1e76: PUSH Reg R12 2
1e78: PUSH Reg RBP 1
1e79: PUSH Reg RBX 1
1e7a: SUB Reg RSP, Immediate 88 4
1e7e: MOV Reg RBP, Address (SizeDir 64 (AddrPlus (FromReg RDI) (AddrImm 96))) 4
1e82: MOV Reg R12, Address (SizeDir 64 (AddrPlus (FromReg RDI) (AddrImm 104))) 4
1e86: MOV Reg R13, Address (SizeDir 64 (AddrPlus (FromReg RDI) (AddrImm 112))) 4
1e8a: MOV Reg R14, Address (SizeDir 64 (AddrPlus (FromReg RDI) (AddrImm 120))) 4
1e8e: MOV Reg RDI, Address (SizeDir 64 (AddrPlus (FromReg RDI) (AddrImm 48))) 4
1e92: MOV Reg RAX, Address (SizeDir 64 (AddrPlus (FromReg FS) (AddrImm 40))) 9
1e9b: MOV Address (SizeDir 64 (AddrPlus (FromReg RSP) (AddrImm 72))), Reg RAX 5
1ea0: XOR Reg EAX, Reg EAX 2
1ea2: MOV Reg RAX, Reg RDI 3
1ea5: SHR Reg RAX, Immediate 40 4
1ea9: TEST Reg RDI, Reg RDI 3
1eac: JNS 1fb8 (resolved immediate)
  |
  `- 1eb2,1fb8
1eb2: MOVZX Reg EAX, Reg AL 3
1eb5: CMP Reg EAX, Immediate 9 3
1eb8: JA 1fb8 (resolved immediate)
  |
  `- 1ebe,1fb8
1ebe: SHL Reg RAX, Immediate 5 4
1ec2: ADD Reg RAX, Address (SizeDir 64 (AddrPlus (FromReg RIP) (AddrImm 2109623))) 7
1ec9: CMP Address (SizeDir 64 (FromReg RAX)), Immediate 0 4
1ecd: JZ 1fb8 (resolved immediate)
  |
  `- 1ed3,1fb8
1ed3: MOV Reg RCX, Reg RSI 3
1ed6: MOVSXD Reg RSI, Reg EDX 3
1ed9: MOV Reg EDX, Address (SizeDir 32 (AddrPlus (FromReg RAX) (AddrImm 20))) 3
1edc: TEST Reg EDX, Reg EDX 2
1ede: JNZ 1f50 (resolved immediate)
  |
  `- 1ee0,1f50
1ee0: LEA Reg RDX, Address (AddrPlus (FromReg RSP) (AddrImm 32)) 5
1ee5: MOV Reg RDI, Reg RCX 3
1ee8: MOV Reg R15, Reg R14 3
1eeb: CALL Address (SizeDir 64 (FromReg RAX)) 2
1eed: MOV Reg R8, Reg R13 3
1ef0: MOV Reg R9, Reg R12 3
1ef3: MOV Reg R10, Reg RBP 3
1ef6: MOV Reg RAX, Address (SizeDir 64 (AddrPlus (FromReg RSP) (AddrImm 32))) 5
1efb: MOV Reg RDX, Address (SizeDir 64 (AddrPlus (FromReg RSP) (AddrImm 40))) 5
1f00: SUB Reg RAX, Reg R10 3
1f03: SUB Reg RDX, Reg R9 3
1f06: OR Reg RAX, Reg RDX 3
1f09: MOV Reg RDX, Address (SizeDir 64 (AddrPlus (FromReg RSP) (AddrImm 48))) 5
1f0e: SUB Reg RDX, Reg R8 3
1f11: OR Reg RAX, Reg RDX 3
1f14: MOV Reg RDX, Address (SizeDir 64 (AddrPlus (FromReg RSP) (AddrImm 56))) 5
1f19: SUB Reg RDX, Reg R15 3
1f1c: OR Reg RAX, Reg RDX 3
1f1f: SETNZ Reg AL 3
1f22: MOVZX Reg EAX, Reg AL 3
1f25: NEG Reg EAX 2
1f27: MOV Reg RCX, Address (SizeDir 64 (AddrPlus (FromReg RSP) (AddrImm 72))) 5
1f2c: XOR Reg RCX, Address (SizeDir 64 (AddrPlus (FromReg FS) (AddrImm 40))) 9
1f35: JNZ 1fc2 (resolved immediate)
  |
  `- 1f3b,1fc2
1f3b: ADD Reg RSP, Immediate 88 4
1f3f: POP Reg RBX 1
1f40: POP Reg RBP 1
1f41: POP Reg R12 2
1f43: POP Reg R13 2
1f45: POP Reg R14 2
1f47: POP Reg R15 2
1f49: RET  1
  |
  `- 
1f50: LEA Reg RBX, Address (AddrPlus (FromReg RCX) (FromReg RSI)) 4
1f54: LEA Reg RDX, Address (AddrPlus (FromReg RSP) (AddrImm 32)) 5
1f59: MOV Reg RDI, Reg RCX 3
1f5c: MOV Reg R10, Address (SizeDir 64 (AddrMinus (FromReg RBX) (AddrImm 32))) 4
1f60: MOV Reg R9, Address (SizeDir 64 (AddrMinus (FromReg RBX) (AddrImm 24))) 4
1f64: MOV Reg R8, Address (SizeDir 64 (AddrMinus (FromReg RBX) (AddrImm 16))) 4
1f68: MOV Reg R15, Address (SizeDir 64 (AddrMinus (FromReg RBX) (AddrImm 8))) 4
1f6c: MOV Address (SizeDir 64 (AddrMinus (FromReg RBX) (AddrImm 32))), Reg RBP 4
1f70: MOV Address (SizeDir 64 (AddrMinus (FromReg RBX) (AddrImm 24))), Reg R12 4
1f74: MOV Address (SizeDir 64 (AddrPlus (FromReg RSP) (AddrImm 24))), Reg R10 5
1f79: MOV Address (SizeDir 64 (AddrPlus (FromReg RSP) (AddrImm 16))), Reg R9 5
1f7e: MOV Address (SizeDir 64 (AddrPlus (FromReg RSP) (AddrImm 8))), Reg R8 5
1f83: MOV Address (SizeDir 64 (AddrMinus (FromReg RBX) (AddrImm 16))), Reg R13 4
1f87: MOV Address (SizeDir 64 (AddrMinus (FromReg RBX) (AddrImm 8))), Reg R14 4
1f8b: CALL Address (SizeDir 64 (FromReg RAX)) 2
1f8d: MOV Reg R10, Address (SizeDir 64 (AddrPlus (FromReg RSP) (AddrImm 24))) 5
1f92: MOV Reg R9, Address (SizeDir 64 (AddrPlus (FromReg RSP) (AddrImm 16))) 5
1f97: MOV Reg R8, Address (SizeDir 64 (AddrPlus (FromReg RSP) (AddrImm 8))) 5
1f9c: MOV Address (SizeDir 64 (AddrMinus (FromReg RBX) (AddrImm 8))), Reg R15 4
1fa0: MOV Address (SizeDir 64 (AddrMinus (FromReg RBX) (AddrImm 32))), Reg R10 4
1fa4: MOV Address (SizeDir 64 (AddrMinus (FromReg RBX) (AddrImm 24))), Reg R9 4
1fa8: MOV Address (SizeDir 64 (AddrMinus (FromReg RBX) (AddrImm 16))), Reg R8 4
1fac: JMP 1ef6 (resolved immediate)
  |
  `- 1ef6
1fb8: MOV Reg EAX, Immediate 4294967295 5
1fbd: JMP 1f27 (resolved immediate)
  |
  `- 1f27
1fc2: CALL __stack_chk_fail (external)
  |
  `- 
