Number of assembly instructions     = 27
Number of indirect branches         = 0
Number of unresolved indirect jumps = 0: 
Number of unresolved indirect calls = 0: 
Number of symbolic states (representative of non-determinism): 27
Number of edges: 29

1aca0 (False): 0

1aca0: TEST Reg EDX, Reg EDX 2
1aca2: JLE 1aced (resolved immediate)
  |
  `- 1aca4,1aced
1aca4: MOV Reg R8, Address (SizeDir 64 (FromReg RSI)) 3
1aca7: XOR Reg R9D, Reg R9D 3
1acaa: XOR Reg R10D, Reg R10D 3
1acad: XOR Reg EAX, Reg EAX 2
1acaf: JMP 1acbc (resolved immediate)
  |
  `- 1acbc
1acb8: TEST Reg EDX, Reg EDX 2
1acba: JLE 1acd6 (resolved immediate)
  |
  `- 1acbc,1acd6
1acbc: LEA Reg ECX, Address (AddrPlus (FromReg RAX) (FromReg R9)) 4
1acc0: ADD Reg EAX, Immediate 1 3
1acc3: SUB Reg EDX, Immediate 8 3
1acc6: MOVSXD Reg RCX, Reg ECX 3
1acc9: MOV Address (SizeDir 8 (AddrPlus (FromReg RDI) (FromReg RCX))), Reg R8B 4
1accd: SHR Reg R8, Immediate 8 4
1acd1: CMP Reg EAX, Immediate 7 3
1acd4: JBE 1acb8 (resolved immediate)
  |
  `- 1acb8,1acd6
1acd6: TEST Reg EDX, Reg EDX 2
1acd8: JLE 1acef (resolved immediate)
  |
  `- 1acda,1acef
1acda: ADD Reg R10D, Immediate 1 4
1acde: ADD Reg R9D, Immediate 8 4
1ace2: MOVSXD Reg RAX, Reg R10D 3
1ace5: MOV Reg R8, Address (SizeDir 64 (AddrPlus (FromReg RSI) (AddrTimes (AddrImm 8) (FromReg RAX)))) 4
1ace9: XOR Reg EAX, Reg EAX 2
1aceb: JMP 1acbc (resolved immediate)
  |
  `- 1acbc
1aced: REPZ RET  2
  |
  `- 
1acef: RET  1
  |
  `- 
