Number of assembly instructions     = 38
Number of indirect branches         = 0
Number of unresolved indirect jumps = 0: 
Number of unresolved indirect calls = 0: 
Number of symbolic states (representative of non-determinism): 38
Number of edges: 39

24770 (False): 0

24770: PUSH Reg R13 2
24772: PUSH Reg R12 2
24774: MOV Reg R13D, Reg EDX 3
24777: PUSH Reg RBP 1
24778: PUSH Reg RBX 1
24779: MOV Reg EBP, Reg ESI 2
2477b: SUB Reg RSP, Immediate 8 4
2477f: CALL __errno_location (external)
24784: TEST Reg R13D, Reg R13D 3
24787: MOV Reg RBX, Reg RAX 3
2478a: MOV Reg R12D, Address (SizeDir 32 (FromReg RAX)) 3
2478d: JNZ 247d0 (resolved immediate)
  |
  `- 2478f,247d0
2478f: MOV Reg EDX, Immediate 1 5
24794: XOR Reg ESI, Reg ESI 2
24796: MOV Reg EDI, Reg EBP 2
24798: CALL lseek (external)
2479d: MOV Reg RDX, Reg RAX 3
247a0: AND Reg RDX, Immediate 18446744073709547520 7
247a7: CMP Reg RAX, Immediate 18446744073709551615 4
247ab: MOV Reg EAX, Immediate 0 5
247b0: CMOVZ Reg RDX, Reg RAX 4
247b4: MOV Reg ECX, Immediate 4 5
247b9: XOR Reg ESI, Reg ESI 2
247bb: MOV Reg EDI, Reg EBP 2
247bd: CALL posix_fadvise64 (external)
247c2: MOV Address (SizeDir 32 (FromReg RBX)), Reg R12D 3
247c5: ADD Reg RSP, Immediate 8 4
247c9: POP Reg RBX 1
247ca: POP Reg RBP 1
247cb: POP Reg R12 2
247cd: POP Reg R13 2
247cf: RET  1
  |
  `- 
247d0: MOV Reg EDI, Reg EBP 2
247d2: CALL fsync (external)
247d7: TEST Reg EAX, Reg EAX 2
247d9: JS 247c2 (resolved immediate)
  |
  `- 247c2,247db
247db: XOR Reg EDX, Reg EDX 2
247dd: JMP 247b4 (resolved immediate)
  |
  `- 247b4
