Number of assembly instructions     = 59
Number of indirect branches         = 0
Number of unresolved indirect jumps = 0: 
Number of unresolved indirect calls = 0: 
Number of symbolic states (representative of non-determinism): 59
Number of edges: 59

1a400 (False): 0

1a400: PUSH Reg R12 2
1a402: PUSH Reg RBP 1
1a403: MOV Reg EBP, Reg ESI 2
1a405: PUSH Reg RBX 1
1a406: MOV Reg RBX, Reg RDI 3
1a409: SUB Reg RSP, Immediate 48 4
1a40d: MOV Reg R12, Reg RSP 3
1a410: MOV Address (SizeDir 64 (FromReg RSP)), Immediate 0 8
1a418: MOV Address (SizeDir 64 (AddrPlus (FromReg RSP) (AddrImm 8))), Immediate 0 9
1a421: MOV Reg RSI, Reg R12 3
1a424: MOV Address (SizeDir 32 (AddrPlus (FromReg RSP) (AddrImm 16))), Immediate 3 8
1a42c: MOV Address (SizeDir 64 (AddrPlus (FromReg RSP) (AddrImm 24))), Reg RDX 5
1a431: MOV Reg RAX, Address (SizeDir 64 (AddrPlus (FromReg FS) (AddrImm 40))) 9
1a43a: MOV Address (SizeDir 64 (AddrPlus (FromReg RSP) (AddrImm 40))), Reg RAX 5
1a43f: XOR Reg EAX, Reg EAX 2
1a441: MOV Address (SizeDir 64 (AddrPlus (FromReg RSP) (AddrImm 32))), Reg RCX 5
1a446: CALL xc__hypercall_bounce_pre (external)
1a44b: TEST Reg EAX, Reg EAX 2
1a44d: JNZ 1a4a5 (resolved immediate)
  |
  `- 1a44f,1a4a5
1a44f: MOV Reg RAX, Address (SizeDir 64 (AddrPlus (FromReg RSP) (AddrImm 8))) 5
1a454: MOV Reg RDI, Address (SizeDir 64 (AddrPlus (FromReg RBX) (AddrImm 1088))) 7
1a45b: MOVSXD Reg RDX, Reg EBP 3
1a45e: MOV Reg ESI, Immediate 12 5
1a463: TEST Reg RAX, Reg RAX 3
1a466: CMOVZ Reg RAX, Reg R12 4
1a46a: MOV Reg RCX, Address (SizeDir 64 (FromReg RAX)) 3
1a46d: CALL xencall2 (external)
1a472: MOV Reg RSI, Address (SizeDir 64 (AddrPlus (FromReg RSP) (AddrImm 8))) 5
1a477: MOV Reg RDI, Reg RBX 3
1a47a: MOVSXD Reg RBP, Reg EAX 3
1a47d: TEST Reg RSI, Reg RSI 3
1a480: CMOVZ Reg RSI, Reg R12 4
1a484: CALL xc__hypercall_bounce_post (external)
1a489: MOV Reg RCX, Address (SizeDir 64 (AddrPlus (FromReg RSP) (AddrImm 40))) 5
1a48e: XOR Reg RCX, Address (SizeDir 64 (AddrPlus (FromReg FS) (AddrImm 40))) 9
1a497: MOV Reg RAX, Reg RBP 3
1a49a: JNZ 1a4e4 (resolved immediate)
  |
  `- 1a49c,1a4e4
1a49c: ADD Reg RSP, Immediate 48 4
1a4a0: POP Reg RBX 1
1a4a1: POP Reg RBP 1
1a4a2: POP Reg R12 2
1a4a4: RET  1
  |
  `- 
1a4a5: CALL __errno_location (external)
1a4aa: MOV Reg R12D, Address (SizeDir 32 (FromReg RAX)) 3
1a4ad: MOV Reg RBP, Reg RAX 3
1a4b0: MOV Reg RDI, Reg RBX 3
1a4b3: MOV Reg ESI, Reg R12D 3
1a4b6: CALL xc_strerror (external)
1a4bb: MOV Reg ECX, Address (SizeDir 32 (AddrPlus (FromReg RBP) (AddrImm 0))) 3
1a4be: LEA Reg RDX, Address (AddrPlus (FromReg RIP) (AddrImm 48123)) 7
1a4c5: MOV Reg R8, Reg RAX 3
1a4c8: MOV Reg ESI, Immediate 1 5
1a4cd: MOV Reg RDI, Reg RBX 3
1a4d0: XOR Reg EAX, Reg EAX 2
1a4d2: CALL xc_report_error (external)
1a4d7: MOV Address (SizeDir 32 (AddrPlus (FromReg RBP) (AddrImm 0))), Reg R12D 4
1a4db: MOV Reg RBP, Immediate 18446744073709551615 7
1a4e2: JMP 1a489 (resolved immediate)
  |
  `- 1a489
1a4e4: CALL __stack_chk_fail (external)
  |
  `- 
