Number of assembly instructions     = 31
Number of indirect branches         = 0
Number of unresolved indirect jumps = 0: 
Number of unresolved indirect calls = 0: 
Number of symbolic states (representative of non-determinism): 31
Number of edges: 32

224f0 (False): 0

224f0: PUSH Reg RBP 1
224f1: PUSH Reg RBX 1
224f2: MOV Reg RBP, Reg RDI 3
224f5: SUB Reg RSP, Immediate 8 4
224f9: MOV Reg RDI, Address (SizeDir 64 (AddrPlus (FromReg RSI) (AddrImm 24))) 4
224fd: CMP Reg RDI, Immediate 18446744073709551615 4
22501: JE 2254b (resolved immediate)
  |
  `- 22503,2254b
22503: MOV Reg EAX, Address (SizeDir 32 (AddrPlus (FromReg RSI) (AddrImm 16))) 3
22506: MOV Reg RBX, Reg RSI 3
22509: TEST Reg EAX, Reg EAX 2
2250b: JE 2254b (resolved immediate)
  |
  `- 2250d,2254b
2250d: MOV Reg RSI, Address (SizeDir 64 (FromReg RSI)) 3
22510: TEST Reg RSI, Reg RSI 3
22513: JE 22530 (resolved immediate)
  |
  `- 22515,22530
22515: SUB Reg EAX, Immediate 2 3
22518: CMP Reg EAX, Immediate 1 3
2251b: JBE 22540 (resolved immediate)
  |
  `- 2251d,22540
2251d: ADD Reg RSP, Immediate 8 4
22521: MOV Reg RSI, Reg RBX 3
22524: MOV Reg RDI, Reg RBP 3
22527: POP Reg RBX 1
22528: POP Reg RBP 1
22529: JMP xc__hypercall_buffer_free (jmp to external function)
  |
  `- 
22530: ADD Reg RSP, Immediate 8 4
22534: POP Reg RBX 1
22535: POP Reg RBP 1
22536: RET  1
  |
  `- 
22540: MOV Reg RDX, Address (SizeDir 64 (AddrPlus (FromReg RBX) (AddrImm 32))) 4
22544: CALL memcpy (external)
22549: JMP 2251d (resolved immediate)
  |
  `- 2251d
2254b: CALL abort (external)
  |
  `- 
