Number of assembly instructions     = 58
Number of indirect branches         = 0
Number of unresolved indirect jumps = 0: 
Number of unresolved indirect calls = 0: 
Number of symbolic states (representative of non-determinism): 58
Number of edges: 58

8c80 (False): 0

8c80: PUSH Reg R15 2
8c82: PUSH Reg R14 2
8c84: MOV Reg R14D, Reg ESI 3
8c87: PUSH Reg R13 2
8c89: PUSH Reg R12 2
8c8b: MOV Reg R13D, Reg EDX 3
8c8e: PUSH Reg RBP 1
8c8f: PUSH Reg RBX 1
8c90: MOV Reg EDX, Immediate 80 5
8c95: MOV Reg RBX, Immediate 18446744073709551615 7
8c9c: MOV Reg R12, Reg RDI 3
8c9f: MOV Reg R15, Reg RCX 3
8ca2: SUB Reg RSP, Immediate 56 4
8ca6: MOV Reg RBP, Reg RSP 3
8ca9: MOV Address (SizeDir 64 (FromReg RSP)), Immediate 0 8
8cb1: MOV Address (SizeDir 64 (AddrPlus (FromReg RSP) (AddrImm 8))), Immediate 0 9
8cba: MOV Reg RSI, Reg RBP 3
8cbd: MOV Address (SizeDir 32 (AddrPlus (FromReg RSP) (AddrImm 16))), Immediate 0 8
8cc5: MOV Address (SizeDir 64 (AddrPlus (FromReg RSP) (AddrImm 24))), Reg RBX 5
8cca: MOV Reg RAX, Address (SizeDir 64 (AddrPlus (FromReg FS) (AddrImm 40))) 9
8cd3: MOV Address (SizeDir 64 (AddrPlus (FromReg RSP) (AddrImm 40))), Reg RAX 5
8cd8: XOR Reg EAX, Reg EAX 2
8cda: MOV Address (SizeDir 64 (AddrPlus (FromReg RSP) (AddrImm 32))), Immediate 0 9
8ce3: CALL xc__hypercall_buffer_alloc (external)
8ce8: TEST Reg RAX, Reg RAX 3
8ceb: JZ 8d43 (resolved immediate)
  |
  `- 8ced,8d43
8ced: MOV Reg RCX, Immediate 12884901889 10
8cf7: MOV Address (SizeDir 16 (AddrPlus (FromReg RAX) (AddrImm 8))), Reg R14W 5
8cfc: MOV Address (SizeDir 32 (AddrPlus (FromReg RAX) (AddrImm 16))), Reg R13D 4
8d00: MOV Address (SizeDir 64 (FromReg RAX)), Reg RCX 3
8d03: MOV Address (SizeDir 64 (AddrPlus (FromReg RAX) (AddrImm 24))), Reg R15 4
8d07: MOV Reg ESI, Immediate 34 5
8d0c: MOV Reg RAX, Address (SizeDir 64 (AddrPlus (FromReg RSP) (AddrImm 8))) 5
8d11: MOV Reg RDI, Address (SizeDir 64 (AddrPlus (FromReg R12) (AddrImm 1088))) 8
8d19: MOV Reg EDX, Immediate 25 5
8d1e: TEST Reg RAX, Reg RAX 3
8d21: CMOVZ Reg RAX, Reg RBP 4
8d25: MOV Reg RCX, Address (SizeDir 64 (FromReg RAX)) 3
8d28: CALL xencall2 (external)
8d2d: MOV Reg RSI, Address (SizeDir 64 (AddrPlus (FromReg RSP) (AddrImm 8))) 5
8d32: MOV Reg RDI, Reg R12 3
8d35: MOV Reg EBX, Reg EAX 2
8d37: TEST Reg RSI, Reg RSI 3
8d3a: CMOVZ Reg RSI, Reg RBP 4
8d3e: CALL xc__hypercall_buffer_free (external)
8d43: MOV Reg RDX, Address (SizeDir 64 (AddrPlus (FromReg RSP) (AddrImm 40))) 5
8d48: XOR Reg RDX, Address (SizeDir 64 (AddrPlus (FromReg FS) (AddrImm 40))) 9
8d51: MOV Reg EAX, Reg EBX 2
8d53: JNZ 8d64 (resolved immediate)
  |
  `- 8d55,8d64
8d55: ADD Reg RSP, Immediate 56 4
8d59: POP Reg RBX 1
8d5a: POP Reg RBP 1
8d5b: POP Reg R12 2
8d5d: POP Reg R13 2
8d5f: POP Reg R14 2
8d61: POP Reg R15 2
8d63: RET  1
  |
  `- 
8d64: CALL __stack_chk_fail (external)
  |
  `- 
