Number of assembly instructions     = 67
Number of indirect branches         = 0
Number of unresolved indirect jumps = 0: 
Number of unresolved indirect calls = 0: 
Number of symbolic states (representative of non-determinism): 67
Number of edges: 68

9780 (False): 0

9780: PUSH Reg R15 2
9782: PUSH Reg R14 2
9784: MOV Reg R15D, Reg ESI 3
9787: PUSH Reg R13 2
9789: PUSH Reg R12 2
978b: MOV Reg R13D, Reg EDX 3
978e: PUSH Reg RBP 1
978f: PUSH Reg RBX 1
9790: MOV Reg RBP, Immediate 18446744073709551615 7
9797: MOV Reg EDX, Immediate 80 5
979c: MOV Reg R14, Reg RDI 3
979f: SUB Reg RSP, Immediate 72 4
97a3: LEA Reg R12, Address (SizeDir 64 (AddrPlus (FromReg RSP) (AddrImm 16))) 5
97a8: MOV Address (SizeDir 64 (FromReg RSP)), Reg RCX 4
97ac: MOV Address (SizeDir 64 (AddrPlus (FromReg RSP) (AddrImm 8))), Reg R8 5
97b1: MOV Reg RAX, Address (SizeDir 64 (AddrPlus (FromReg FS) (AddrImm 40))) 9
97ba: MOV Address (SizeDir 64 (AddrPlus (FromReg RSP) (AddrImm 56))), Reg RAX 5
97bf: XOR Reg EAX, Reg EAX 2
97c1: MOV Reg RSI, Reg R12 3
97c4: MOV Address (SizeDir 64 (AddrPlus (FromReg RSP) (AddrImm 16))), Immediate 0 9
97cd: MOV Address (SizeDir 64 (AddrPlus (FromReg RSP) (AddrImm 24))), Immediate 0 9
97d6: MOV Address (SizeDir 32 (AddrPlus (FromReg RSP) (AddrImm 32))), Immediate 0 8
97de: MOV Address (SizeDir 64 (AddrPlus (FromReg RSP) (AddrImm 40))), Reg RBP 5
97e3: MOV Address (SizeDir 64 (AddrPlus (FromReg RSP) (AddrImm 48))), Immediate 0 9
97ec: CALL xc__hypercall_buffer_alloc (external)
97f1: TEST Reg RAX, Reg RAX 3
97f4: JE 9857 (resolved immediate)
  |
  `- 97f6,9857
97f6: MOV Reg RBX, Reg RAX 3
97f9: MOVABS Reg RAX, Immediate 51539607553 10
9803: MOV Reg RCX, Address (SizeDir 64 (FromReg RSP)) 4
9807: MOV Address (SizeDir 64 (FromReg RBX)), Reg RAX 3
980a: MOV Address (SizeDir 16 (AddrPlus (FromReg RBX) (AddrImm 8))), Reg R15W 5
980f: MOV Reg EDX, Immediate 25 5
9814: MOV Reg RAX, Address (SizeDir 64 (AddrPlus (FromReg RSP) (AddrImm 24))) 5
9819: MOV Address (SizeDir 16 (AddrPlus (FromReg RBX) (AddrImm 16))), Reg R13W 5
981e: MOV Reg ESI, Immediate 34 5
9823: MOV Address (SizeDir 64 (AddrPlus (FromReg RBX) (AddrImm 24))), Reg RCX 4
9827: MOV Reg RDI, Address (SizeDir 64 (AddrPlus (FromReg R14) (AddrImm 1088))) 7
982e: TEST Reg RAX, Reg RAX 3
9831: CMOVE Reg RAX, Reg R12 4
9835: MOV Reg RCX, Address (SizeDir 64 (FromReg RAX)) 3
9838: CALL xencall2 (external)
983d: TEST Reg EAX, Reg EAX 2
983f: MOV Reg EBP, Reg EAX 2
9841: JE 9880 (resolved immediate)
  |
  `- 9843,9880
9843: MOV Reg RSI, Address (SizeDir 64 (AddrPlus (FromReg RSP) (AddrImm 24))) 5
9848: MOV Reg RDI, Reg R14 3
984b: TEST Reg RSI, Reg RSI 3
984e: CMOVE Reg RSI, Reg R12 4
9852: CALL xc__hypercall_buffer_free (external)
9857: MOV Reg RDX, Address (SizeDir 64 (AddrPlus (FromReg RSP) (AddrImm 56))) 5
985c: XOR Reg RDX, Address (SizeDir 64 (AddrPlus (FromReg FS) (AddrImm 40))) 9
9865: MOV Reg EAX, Reg EBP 2
9867: JNE 988d (resolved immediate)
  |
  `- 9869,988d
9869: ADD Reg RSP, Immediate 72 4
986d: POP Reg RBX 1
986e: POP Reg RBP 1
986f: POP Reg R12 2
9871: POP Reg R13 2
9873: POP Reg R14 2
9875: POP Reg R15 2
9877: RET  1
  |
  `- 
9880: MOVZX Reg EAX, Address (SizeDir 16 (AddrPlus (FromReg RBX) (AddrImm 18))) 4
9884: MOV Reg RDX, Address (SizeDir 64 (AddrPlus (FromReg RSP) (AddrImm 8))) 5
9889: MOV Address (SizeDir 32 (FromReg RDX)), Reg EAX 2
988b: JMP 9843 (resolved immediate)
  |
  `- 9843
988d: CALL __stack_chk_fail (external)
  |
  `- 
