Number of assembly instructions     = 61
Number of indirect branches         = 0
Number of unresolved indirect jumps = 0: 
Number of unresolved indirect calls = 0: 
Number of symbolic states (representative of non-determinism): 61
Number of edges: 62

8ab0 (False): 0

8ab0: PUSH Reg R15 2
8ab2: PUSH Reg R14 2
8ab4: MOV Reg R15D, Reg ESI 3
8ab7: PUSH Reg R13 2
8ab9: PUSH Reg R12 2
8abb: MOV Reg R13, Reg RDX 3
8abe: PUSH Reg RBP 1
8abf: PUSH Reg RBX 1
8ac0: MOV Reg EDX, Immediate 80 5
8ac5: MOV Reg RBX, Immediate 18446744073709551615 7
8acc: MOV Reg R14, Reg RDI 3
8acf: SUB Reg RSP, Immediate 56 4
8ad3: MOV Reg R12, Reg RSP 3
8ad6: MOV Address (SizeDir 64 (FromReg RSP)), Immediate 0 8
8ade: MOV Address (SizeDir 64 (AddrPlus (FromReg RSP) (AddrImm 8))), Immediate 0 9
8ae7: MOV Reg RSI, Reg R12 3
8aea: MOV Address (SizeDir 32 (AddrPlus (FromReg RSP) (AddrImm 16))), Immediate 0 8
8af2: MOV Address (SizeDir 64 (AddrPlus (FromReg RSP) (AddrImm 24))), Reg RBX 5
8af7: MOV Reg RAX, Address (SizeDir 64 (AddrPlus (FromReg FS) (AddrImm 40))) 9
8b00: MOV Address (SizeDir 64 (AddrPlus (FromReg RSP) (AddrImm 40))), Reg RAX 5
8b05: XOR Reg EAX, Reg EAX 2
8b07: MOV Address (SizeDir 64 (AddrPlus (FromReg RSP) (AddrImm 32))), Immediate 0 9
8b10: CALL xc__hypercall_buffer_alloc (external)
8b15: TEST Reg RAX, Reg RAX 3
8b18: JE 8b6f (resolved immediate)
  |
  `- 8b1a,8b6f
8b1a: MOV Reg RBP, Reg RAX 3
8b1d: MOVABS Reg RAX, Immediate 4294967297 10
8b27: MOV Reg EDX, Immediate 25 5
8b2c: MOV Address (SizeDir 64 (FromReg RBP)), Reg RAX 4
8b30: MOV Address (SizeDir 16 (AddrPlus (FromReg RBP) (AddrImm 8))), Reg R15W 5
8b35: MOV Reg ESI, Immediate 34 5
8b3a: MOV Reg RAX, Address (SizeDir 64 (AddrPlus (FromReg RSP) (AddrImm 8))) 5
8b3f: MOV Reg RDI, Address (SizeDir 64 (AddrPlus (FromReg R14) (AddrImm 1088))) 7
8b46: TEST Reg RAX, Reg RAX 3
8b49: CMOVE Reg RAX, Reg R12 4
8b4d: MOV Reg RCX, Address (SizeDir 64 (FromReg RAX)) 3
8b50: CALL xencall2 (external)
8b55: TEST Reg EAX, Reg EAX 2
8b57: MOV Reg EBX, Reg EAX 2
8b59: JE 8b90 (resolved immediate)
  |
  `- 8b5b,8b90
8b5b: MOV Reg RSI, Address (SizeDir 64 (AddrPlus (FromReg RSP) (AddrImm 8))) 5
8b60: MOV Reg RDI, Reg R14 3
8b63: TEST Reg RSI, Reg RSI 3
8b66: CMOVE Reg RSI, Reg R12 4
8b6a: CALL xc__hypercall_buffer_free (external)
8b6f: MOV Reg RCX, Address (SizeDir 64 (AddrPlus (FromReg RSP) (AddrImm 40))) 5
8b74: XOR Reg RCX, Address (SizeDir 64 (AddrPlus (FromReg FS) (AddrImm 40))) 9
8b7d: MOV Reg EAX, Reg EBX 2
8b7f: JNE 8b9b (resolved immediate)
  |
  `- 8b81,8b9b
8b81: ADD Reg RSP, Immediate 56 4
8b85: POP Reg RBX 1
8b86: POP Reg RBP 1
8b87: POP Reg R12 2
8b89: POP Reg R13 2
8b8b: POP Reg R14 2
8b8d: POP Reg R15 2
8b8f: RET  1
  |
  `- 
8b90: CMP Address (SizeDir 8 (AddrPlus (FromReg RBP) (AddrImm 16))), Immediate 0 4
8b94: SETNE Address (SizeDir 8 (FromReg R13)) 5
8b99: JMP 8b5b (resolved immediate)
  |
  `- 8b5b
8b9b: CALL __stack_chk_fail (external)
  |
  `- 
