Number of assembly instructions     = 21
Number of indirect branches         = 0
Number of unresolved indirect jumps = 0: 
Number of unresolved indirect calls = 0: 
Number of symbolic states (representative of non-determinism): 21
Number of edges: 20

10920 (False): 0

10920: PUSH Reg RBX 1
10921: MOV Reg RBX, Reg R8 3
10924: SUB Reg RSP, Immediate 144 7
1092b: MOV Address (SizeDir 32 (AddrPlus (FromReg RSP) (AddrImm 8))), Reg ESI 4
1092f: MOV Reg RSI, Reg RSP 3
10932: MOV Address (SizeDir 32 (AddrPlus (FromReg RSP) (AddrImm 12))), Reg EDX 4
10936: MOV Reg RAX, Address (SizeDir 64 (AddrPlus (FromReg FS) (AddrImm 40))) 9
1093f: MOV Address (SizeDir 64 (AddrPlus (FromReg RSP) (AddrImm 136))), Reg RAX 8
10947: XOR Reg EAX, Reg EAX 2
10949: MOV Address (SizeDir 32 (FromReg RSP)), Immediate 9 7
10950: MOV Address (SizeDir 32 (AddrPlus (FromReg RSP) (AddrImm 16))), Reg ECX 4
10954: CALL xc_sysctl (external)
10959: MOV Reg RDX, Address (SizeDir 64 (AddrPlus (FromReg RSP) (AddrImm 24))) 5
1095e: MOV Address (SizeDir 64 (FromReg RBX)), Reg RDX 3
10961: MOV Reg RBX, Address (SizeDir 64 (AddrPlus (FromReg RSP) (AddrImm 136))) 8
10969: XOR Reg RBX, Address (SizeDir 64 (AddrPlus (FromReg FS) (AddrImm 40))) 9
10972: JNE 1097d (resolved immediate)
  |
  `- 10974,1097d
10974: ADD Reg RSP, Immediate 144 7
1097b: POP Reg RBX 1
1097c: RET  1
  |
  `- 
1097d: CALL __stack_chk_fail (external)
  |
  `- 
