Number of assembly instructions     = 15
Number of indirect branches         = 0
Number of unresolved indirect jumps = 0: 
Number of unresolved indirect calls = 0: 
Number of symbolic states (representative of non-determinism): 15
Number of edges: 14

1e480 (False): 0

1e480: SUB Reg RSP, Immediate 152 7
1e487: MOV Address (SizeDir 32 (AddrPlus (FromReg RSP) (AddrImm 8))), Reg ESI 4
1e48b: MOV Reg RSI, Reg RSP 3
1e48e: MOV Address (SizeDir 32 (FromReg RSP)), Immediate 11 7
1e495: MOV Reg RAX, Address (SizeDir 64 (AddrPlus (FromReg FS) (AddrImm 40))) 9
1e49e: MOV Address (SizeDir 64 (AddrPlus (FromReg RSP) (AddrImm 136))), Reg RAX 8
1e4a6: XOR Reg EAX, Reg EAX 2
1e4a8: MOV Address (SizeDir 32 (AddrPlus (FromReg RSP) (AddrImm 12))), Immediate 0 8
1e4b0: CALL xc_sysctl (external)
1e4b5: MOV Reg RDX, Address (SizeDir 64 (AddrPlus (FromReg RSP) (AddrImm 136))) 8
1e4bd: XOR Reg RDX, Address (SizeDir 64 (AddrPlus (FromReg FS) (AddrImm 40))) 9
1e4c6: JNZ 1e4d0 (resolved immediate)
  |
  `- 1e4c8,1e4d0
1e4c8: ADD Reg RSP, Immediate 152 7
1e4cf: RET  1
  |
  `- 
1e4d0: CALL __stack_chk_fail (external)
  |
  `- 
