Number of assembly instructions     = 38
Number of indirect branches         = 0
Number of unresolved indirect jumps = 0: 
Number of unresolved indirect calls = 0: 
Number of symbolic states (representative of non-determinism): 38
Number of edges: 38

199d0 (False): 0

199d0: PUSH Reg R14 2
199d2: PUSH Reg R13 2
199d4: MOV Reg R8, Reg RDX 3
199d7: PUSH Reg R12 2
199d9: PUSH Reg RBP 1
199da: MOV Reg R13, Reg RDX 3
199dd: PUSH Reg RBX 1
199de: MOVSXD Reg RBX, Reg ECX 3
199e1: MOV Reg ECX, Immediate 2 5
199e6: MOV Reg R14, Reg RBX 3
199e9: MOV Reg RBP, Reg RDI 3
199ec: MOV Reg R12D, Reg ESI 3
199ef: SHL Reg R14, Immediate 12 4
199f3: MOV Reg EDX, Reg R14D 3
199f6: CALL xc_map_foreign_range (external)
199fb: TEST Reg RAX, Reg RAX 3
199fe: JZ 19a38 (resolved immediate)
  |
  `- 19a00,19a38
19a00: MOV Reg RDX, Reg R14 3
19a03: XOR Reg ESI, Reg ESI 2
19a05: MOV Reg RDI, Reg RAX 3
19a08: CALL memset (external)
19a0d: MOV Reg RSI, Reg R14 3
19a10: MOV Reg RDI, Reg RAX 3
19a13: CALL munmap (external)
19a18: MOV Reg RCX, Reg RBX 3
19a1b: MOV Reg RDX, Reg R13 3
19a1e: MOV Reg ESI, Reg R12D 3
19a21: MOV Reg RDI, Reg RBP 3
19a24: CALL xc_domain_cacheflush (external)
19a29: XOR Reg EAX, Reg EAX 2
19a2b: POP Reg RBX 1
19a2c: POP Reg RBP 1
19a2d: POP Reg R12 2
19a2f: POP Reg R13 2
19a31: POP Reg R14 2
19a33: RET  1
  |
  `- 
19a38: MOV Reg EAX, Immediate 4294967295 5
19a3d: JMP 19a2b (resolved immediate)
  |
  `- 19a2b
