Number of assembly instructions     = 105
Number of indirect branches         = 0
Number of unresolved indirect jumps = 0: 
Number of unresolved indirect calls = 0: 
Number of symbolic states (representative of non-determinism): 105
Number of edges: 108

15a40 (False): 0

15a40: PUSH Reg R14 2
15a42: PUSH Reg R13 2
15a44: MOV Reg R13, Reg RSI 3
15a47: PUSH Reg R12 2
15a49: PUSH Reg RBP 1
15a4a: PUSH Reg RBX 1
15a4b: MOV Reg RBX, Reg RDI 3
15a4e: SUB Reg RSP, Immediate 240 7
15a55: MOV Reg RAX, Address (SizeDir 64 (AddrPlus (FromReg FS) (AddrImm 40))) 9
15a5e: MOV Address (SizeDir 64 (AddrPlus (FromReg RSP) (AddrImm 232))), Reg RAX 8
15a66: XOR Reg EAX, Reg EAX 2
15a68: MOV Reg EAX, Address (SizeDir 32 (FromReg RSI)) 2
15a6a: MOV Reg R12, Reg RSP 3
15a6d: MOV Address (SizeDir 64 (FromReg RSP)), Immediate 0 8
15a75: MOV Reg RSI, Reg R12 3
15a78: MOV Address (SizeDir 64 (AddrPlus (FromReg RSP) (AddrImm 8))), Immediate 0 9
15a81: MOV Address (SizeDir 32 (AddrPlus (FromReg RSP) (AddrImm 16))), Immediate 2 8
15a89: MOV Address (SizeDir 64 (AddrPlus (FromReg RSP) (AddrImm 24))), Reg RDX 5
15a8e: LEA Reg RAX, Address (SizeDir 64 (AddrPlus (FromReg RAX) (AddrTimes (AddrImm 2) (FromReg RAX)))) 4
15a92: SHL Reg RAX, Immediate 2 4
15a96: MOV Address (SizeDir 64 (AddrPlus (FromReg RSP) (AddrImm 32))), Reg RAX 5
15a9b: CALL xc__hypercall_bounce_pre (external)
15aa0: TEST Reg EAX, Reg EAX 2
15aa2: MOV Reg EBP, Reg EAX 2
15aa4: JNE 15b60 (resolved immediate)
  |
  `- 15aaa,15b60
15aaa: MOV Reg EAX, Address (SizeDir 32 (FromReg R13)) 4
15aae: LEA Reg R14, Address (SizeDir 64 (AddrPlus (FromReg RSP) (AddrImm 48))) 5
15ab3: MOV Reg RDI, Reg RBX 3
15ab6: MOV Reg RSI, Reg R14 3
15ab9: MOV Address (SizeDir 32 (AddrPlus (FromReg RSP) (AddrImm 104))), Reg EAX 4
15abd: MOV Reg RAX, Address (SizeDir 64 (AddrPlus (FromReg RSP) (AddrImm 8))) 5
15ac2: TEST Reg RAX, Reg RAX 3
15ac5: CMOVE Reg RAX, Reg R12 4
15ac9: MOV Reg RAX, Address (SizeDir 64 (FromReg RAX)) 3
15acc: MOV Address (SizeDir 64 (AddrPlus (FromReg RSP) (AddrImm 48))), Immediate 0 9
15ad5: MOV Address (SizeDir 64 (AddrPlus (FromReg RSP) (AddrImm 56))), Immediate 0 9
15ade: MOV Address (SizeDir 32 (AddrPlus (FromReg RSP) (AddrImm 64))), Immediate 3 8
15ae6: MOV Address (SizeDir 64 (AddrPlus (FromReg RSP) (AddrImm 80))), Immediate 136 9
15aef: MOV Address (SizeDir 64 (AddrPlus (FromReg RSP) (AddrImm 112))), Reg RAX 5
15af4: LEA Reg RAX, Address (SizeDir 64 (AddrPlus (FromReg RSP) (AddrImm 96))) 5
15af9: MOV Address (SizeDir 64 (AddrPlus (FromReg RSP) (AddrImm 72))), Reg RAX 5
15afe: MOVABS Reg RAX, Immediate 77309411344 10
15b08: MOV Address (SizeDir 64 (AddrPlus (FromReg RSP) (AddrImm 96))), Reg RAX 5
15b0d: CALL xc__hypercall_bounce_pre (external)
15b12: TEST Reg EAX, Reg EAX 2
15b14: JNE 15bfb (resolved immediate)
15b1a: MOV Reg RAX, Address (SizeDir 64 (AddrPlus (FromReg RSP) (AddrImm 56))) 5
15b1f: MOV Reg RDI, Address (SizeDir 64 (AddrPlus (FromReg RBX) (AddrImm 1088))) 7
15b26: MOV Reg ESI, Immediate 35 5
15b2b: TEST Reg RAX, Reg RAX 3
15b2e: CMOVE Reg RAX, Reg R14 4
15b32: MOV Reg RDX, Address (SizeDir 64 (FromReg RAX)) 3
15b35: CALL xencall1 (external)
15b3a: TEST Reg EAX, Reg EAX 2
15b3c: MOV Reg EBP, Reg EAX 2
15b3e: JS 15ba0 (resolved immediate)
  |
  `- 15b40,15ba0
15b40: MOV Reg RSI, Address (SizeDir 64 (AddrPlus (FromReg RSP) (AddrImm 56))) 5
15b45: MOV Reg RDI, Reg RBX 3
15b48: TEST Reg RSI, Reg RSI 3
15b4b: CMOVE Reg RSI, Reg R14 4
15b4f: CALL xc__hypercall_bounce_post (external)
15b54: TEST Reg EBP, Reg EBP 2
15b56: JNE 15b60 (resolved immediate)
  |
  `- 15b58,15b60
15b58: MOV Reg EAX, Address (SizeDir 32 (AddrPlus (FromReg RSP) (AddrImm 104))) 4
15b5c: MOV Address (SizeDir 32 (FromReg R13)), Reg EAX 4
15b60: MOV Reg RSI, Address (SizeDir 64 (AddrPlus (FromReg RSP) (AddrImm 8))) 5
15b65: MOV Reg RDI, Reg RBX 3
15b68: TEST Reg RSI, Reg RSI 3
15b6b: CMOVE Reg RSI, Reg R12 4
15b6f: CALL xc__hypercall_bounce_post (external)
15b74: MOV Reg RCX, Address (SizeDir 64 (AddrPlus (FromReg RSP) (AddrImm 232))) 8
15b7c: XOR Reg RCX, Address (SizeDir 64 (AddrPlus (FromReg FS) (AddrImm 40))) 9
15b85: MOV Reg EAX, Reg EBP 2
15b87: JNE 15c3b (resolved immediate)
  |
  `- 15b8d,15c3b
15b8d: ADD Reg RSP, Immediate 240 7
15b94: POP Reg RBX 1
15b95: POP Reg RBP 1
15b96: POP Reg R12 2
15b98: POP Reg R13 2
15b9a: POP Reg R14 2
15b9c: RET  1
  |
  `- 
15ba0: CALL __errno_location (external)
15ba5: CMP Address (SizeDir 32 (FromReg RAX)), Immediate 13 3
15ba8: MOV Reg R13, Reg RAX 3
15bab: JE 15bc8 (resolved immediate)
  |
  `- 15bad,15bc8
15bad: MOV Reg RSI, Address (SizeDir 64 (AddrPlus (FromReg RSP) (AddrImm 56))) 5
15bb2: TEST Reg RSI, Reg RSI 3
15bb5: JE 15bf6 (resolved immediate)
  |
  `- 15bf6
15bb7: MOV Reg RDI, Reg RBX 3
15bba: CALL xc__hypercall_bounce_post (external)
15bbf: JMP 15b60 (resolved immediate)
  |
  `- 15b60
15bc8: MOV Reg RSI, Address (SizeDir 64 (AddrPlus (FromReg RBX) (AddrImm 8))) 4
15bcc: LEA Reg R8, Address (SizeDir 64 (AddrPlus (FromReg RIP) (AddrImm 63045))) 7
15bd3: XOR Reg ECX, Reg ECX 2
15bd5: XOR Reg EAX, Reg EAX 2
15bd7: MOV Reg EDX, Immediate 3 5
15bdc: MOV Reg RDI, Reg RBX 3
15bdf: CALL xc_report (external)
15be4: MOV Reg RSI, Address (SizeDir 64 (AddrPlus (FromReg RSP) (AddrImm 56))) 5
15be9: MOV Address (SizeDir 32 (FromReg R13)), Immediate 13 8
15bf1: TEST Reg RSI, Reg RSI 3
15bf4: JNE 15bb7 (resolved immediate)
15bf6: MOV Reg RSI, Reg R14 3
15bf9: JMP 15bb7 (resolved immediate)
  |
  `- 15bb7
15c3b: CALL __stack_chk_fail (external)
  |
  `- 
