Number of assembly instructions     = 45
Number of indirect branches         = 0
Number of unresolved indirect jumps = 0: 
Number of unresolved indirect calls = 0: 
Number of symbolic states (representative of non-determinism): 45
Number of edges: 45

10100 (False): 0

10100: PUSH Reg R14 2
10102: PUSH Reg R13 2
10104: MOV Reg R13D, Reg ECX 3
10107: PUSH Reg R12 2
10109: PUSH Reg RBP 1
1010a: MOV Reg R12D, Reg ESI 3
1010d: PUSH Reg RBX 1
1010e: MOV Reg RBP, Reg RDI 3
10111: MOV Reg RBX, Reg RDX 3
10114: CALL xc_domain_populate_physmap (external)
10119: MOVSXD Reg RDX, Reg EAX 3
1011c: CMP Reg RDX, Reg RBX 3
1011f: JE 10130 (resolved immediate)
  |
  `- 10121,10130
10121: TEST Reg EAX, Reg EAX 2
10123: JNS 10140 (resolved immediate)
  |
  `- 10125,10140
10125: POP Reg RBX 1
10126: POP Reg RBP 1
10127: POP Reg R12 2
10129: POP Reg R13 2
1012b: POP Reg R14 2
1012d: RET  1
  |
  `- 
10130: POP Reg RBX 1
10131: XOR Reg EAX, Reg EAX 2
10133: POP Reg RBP 1
10134: POP Reg R12 2
10136: POP Reg R13 2
10138: POP Reg R14 2
1013a: RET  1
  |
  `- 
10140: CALL __errno_location (external)
10145: MOV Reg RSI, Address (SizeDir 64 (AddrPlus (FromReg RBP) (AddrImm 8))) 4
10149: LEA Reg R8, Address (SizeDir 64 (AddrPlus (FromReg RIP) (AddrImm 87712))) 7
10150: PUSH Reg R13 2
10152: PUSH Reg RBX 1
10153: MOV Reg R14, Reg RAX 3
10156: MOV Reg EDX, Immediate 3 5
1015b: XOR Reg EAX, Reg EAX 2
1015d: MOV Reg R9D, Reg R12D 3
10160: XOR Reg ECX, Reg ECX 2
10162: MOV Reg RDI, Reg RBP 3
10165: CALL xc_report (external)
1016a: MOV Address (SizeDir 32 (FromReg R14)), Immediate 16 7
10171: POP Reg RAX 1
10172: MOV Reg EAX, Immediate 4294967295 5
10177: POP Reg RDX 1
10178: JMP 10125 (resolved immediate)
  |
  `- 10125
