Number of assembly instructions     = 79
Number of indirect branches         = 0
Number of unresolved indirect jumps = 0: 
Number of unresolved indirect calls = 0: 
Number of symbolic states (representative of non-determinism): 79
Number of edges: 81

10380 (False): 0

10380: PUSH Reg R13 2
10382: PUSH Reg R12 2
10384: PUSH Reg RBP 1
10385: PUSH Reg RBX 1
10386: MOV Reg RBX, Reg RDI 3
10389: SUB Reg RSP, Immediate 216 7
10390: MOV Reg RAX, Address (SizeDir 64 (AddrPlus (FromReg FS) (AddrImm 40))) 9
10399: MOV Address (SizeDir 64 (AddrPlus (FromReg RSP) (AddrImm 200))), Reg RAX 8
103a1: XOR Reg EAX, Reg EAX 2
103a3: LEA Reg RAX, Address (SizeDir 64 (AddrPlus (FromReg RSP) (AddrImm 48))) 5
103a8: MOV Reg RBP, Reg RSP 3
103ab: MOV Address (SizeDir 16 (AddrPlus (FromReg RSP) (AddrImm 56))), Reg SI 5
103b0: MOV Reg RSI, Reg RBP 3
103b3: MOV Address (SizeDir 32 (AddrPlus (FromReg RSP) (AddrImm 64))), Reg EDX 4
103b7: MOV Address (SizeDir 64 (FromReg RSP)), Immediate 0 8
103bf: MOV Address (SizeDir 64 (AddrPlus (FromReg RSP) (AddrImm 24))), Reg RAX 5
103c4: MOVABS Reg RAX, Immediate 73014444047 10
103ce: MOV Address (SizeDir 64 (AddrPlus (FromReg RSP) (AddrImm 8))), Immediate 0 9
103d7: MOV Address (SizeDir 32 (AddrPlus (FromReg RSP) (AddrImm 16))), Immediate 3 8
103df: MOV Address (SizeDir 64 (AddrPlus (FromReg RSP) (AddrImm 32))), Immediate 144 9
103e8: MOV Address (SizeDir 64 (AddrPlus (FromReg RSP) (AddrImm 48))), Reg RAX 5
103ed: CALL xc__hypercall_bounce_pre (external)
103f2: TEST Reg EAX, Reg EAX 2
103f4: JNE 10496 (resolved immediate)
  |
  `- 103fa,10496
103fa: MOV Reg RAX, Address (SizeDir 64 (AddrPlus (FromReg RSP) (AddrImm 8))) 5
103ff: MOV Reg RDI, Address (SizeDir 64 (AddrPlus (FromReg RBX) (AddrImm 1088))) 7
10406: MOV Reg ESI, Immediate 36 5
1040b: TEST Reg RAX, Reg RAX 3
1040e: CMOVE Reg RAX, Reg RBP 4
10412: MOV Reg RDX, Address (SizeDir 64 (FromReg RAX)) 3
10415: CALL xencall1 (external)
1041a: TEST Reg EAX, Reg EAX 2
1041c: MOV Reg R12D, Reg EAX 3
1041f: JNS 1042e (resolved immediate)
  |
  `- 10421,1042e
10421: CALL __errno_location (external)
10426: CMP Address (SizeDir 32 (FromReg RAX)), Immediate 13 3
10429: MOV Reg R13, Reg RAX 3
1042c: JE 10470 (resolved immediate)
  |
  `- 1042e,10470
1042e: MOV Reg RSI, Address (SizeDir 64 (AddrPlus (FromReg RSP) (AddrImm 8))) 5
10433: MOV Reg RDI, Reg RBX 3
10436: TEST Reg RSI, Reg RSI 3
10439: CMOVE Reg RSI, Reg RBP 4
1043d: CALL xc__hypercall_bounce_post (external)
10442: MOV Reg RCX, Address (SizeDir 64 (AddrPlus (FromReg RSP) (AddrImm 200))) 8
1044a: XOR Reg RCX, Address (SizeDir 64 (AddrPlus (FromReg FS) (AddrImm 40))) 9
10453: MOV Reg EAX, Reg R12D 3
10456: JNE 104d7 (resolved immediate)
  |
  `- 10458,104d7
10458: ADD Reg RSP, Immediate 216 7
1045f: POP Reg RBX 1
10460: POP Reg RBP 1
10461: POP Reg R12 2
10463: POP Reg R13 2
10465: RET  1
  |
  `- 
10470: MOV Reg RSI, Address (SizeDir 64 (AddrPlus (FromReg RBX) (AddrImm 8))) 4
10474: LEA Reg R8, Address (SizeDir 64 (AddrPlus (FromReg RIP) (AddrImm 85797))) 7
1047b: XOR Reg ECX, Reg ECX 2
1047d: MOV Reg EDX, Immediate 3 5
10482: MOV Reg RDI, Reg RBX 3
10485: XOR Reg EAX, Reg EAX 2
10487: CALL xc_report (external)
1048c: MOV Address (SizeDir 32 (FromReg R13)), Immediate 13 8
10494: JMP 1042e (resolved immediate)
  |
  `- 1042e
10496: CALL __errno_location (external)
1049b: MOV Reg R12D, Address (SizeDir 32 (FromReg RAX)) 3
1049e: MOV Reg RBP, Reg RAX 3
104a1: MOV Reg RDI, Reg RBX 3
104a4: MOV Reg ESI, Reg R12D 3
104a7: CALL xc_strerror (external)
104ac: MOV Reg ECX, Address (SizeDir 32 (FromReg RBP)) 3
104af: LEA Reg RDX, Address (SizeDir 64 (AddrPlus (FromReg RIP) (AddrImm 85682))) 7
104b6: MOV Reg R8, Reg RAX 3
104b9: MOV Reg ESI, Immediate 1 5
104be: MOV Reg RDI, Reg RBX 3
104c1: XOR Reg EAX, Reg EAX 2
104c3: CALL xc_report_error (external)
104c8: MOV Address (SizeDir 32 (FromReg RBP)), Reg R12D 4
104cc: MOV Reg R12D, Immediate 4294967295 6
104d2: JMP 10442 (resolved immediate)
  |
  `- 10442
104d7: CALL __stack_chk_fail (external)
  |
  `- 
