Number of assembly instructions     = 15
Number of indirect branches         = 0
Number of unresolved indirect jumps = 0: 
Number of unresolved indirect calls = 0: 
Number of symbolic states (representative of non-determinism): 15
Number of edges: 15

f860 (False): 0

f860: PUSH Reg RBX 1
f861: MOV Reg RBX, Reg RDX 3
f864: MOV Reg ECX, Immediate 4 5
f869: SUB Reg RSP, Immediate 16 4
f86d: LEA Reg RDX, Address (AddrPlus (FromReg RSP) (AddrImm 12)) 5
f872: MOV Address (SizeDir 32 (AddrPlus (FromReg RSP) (AddrImm 12))), Reg ESI 4
f876: MOV Reg ESI, Immediate 14 5
f87b: CALL do_memory_op (external)
f880: TEST Reg RAX, Reg RAX 3
f883: JS f88a (resolved immediate)
  |
  `- f885,f88a
f885: MOV Address (SizeDir 64 (FromReg RBX)), Reg RAX 3
f888: XOR Reg EAX, Reg EAX 2
f88a: ADD Reg RSP, Immediate 16 4
f88e: POP Reg RBX 1
f88f: RET  1
  |
  `- 
