Number of assembly instructions     = 79
Number of indirect branches         = 0
Number of unresolved indirect jumps = 0: 
Number of unresolved indirect calls = 0: 
Number of symbolic states (representative of non-determinism): 79
Number of edges: 81

131e0 (False): 0

131e0: PUSH Reg R13 2
131e2: PUSH Reg R12 2
131e4: PUSH Reg RBP 1
131e5: PUSH Reg RBX 1
131e6: MOV Reg RBX, Reg RDI 3
131e9: SUB Reg RSP, Immediate 216 7
131f0: MOV Reg RAX, Address (SizeDir 64 (AddrPlus (FromReg FS) (AddrImm 40))) 9
131f9: MOV Address (SizeDir 64 (AddrPlus (FromReg RSP) (AddrImm 200))), Reg RAX 8
13201: XOR Reg EAX, Reg EAX 2
13203: LEA Reg RAX, Address (AddrPlus (FromReg RSP) (AddrImm 48)) 5
13208: MOV Reg RBP, Reg RSP 3
1320b: MOV Address (SizeDir 16 (AddrPlus (FromReg RSP) (AddrImm 56))), Reg SI 5
13210: MOV Reg RSI, Reg RBP 3
13213: MOV Address (SizeDir 32 (AddrPlus (FromReg RSP) (AddrImm 64))), Reg EDX 4
13217: MOV Address (SizeDir 64 (FromReg RSP)), Immediate 0 8
1321f: MOV Address (SizeDir 64 (AddrPlus (FromReg RSP) (AddrImm 24))), Reg RAX 5
13224: MOV Reg RAX, Immediate 73014444061 10
1322e: MOV Address (SizeDir 64 (AddrPlus (FromReg RSP) (AddrImm 8))), Immediate 0 9
13237: MOV Address (SizeDir 32 (AddrPlus (FromReg RSP) (AddrImm 16))), Immediate 3 8
1323f: MOV Address (SizeDir 64 (AddrPlus (FromReg RSP) (AddrImm 32))), Immediate 144 9
13248: MOV Address (SizeDir 64 (AddrPlus (FromReg RSP) (AddrImm 48))), Reg RAX 5
1324d: CALL xc__hypercall_bounce_pre (external)
13252: TEST Reg EAX, Reg EAX 2
13254: JNZ 132f6 (resolved immediate)
  |
  `- 1325a,132f6
1325a: MOV Reg RAX, Address (SizeDir 64 (AddrPlus (FromReg RSP) (AddrImm 8))) 5
1325f: MOV Reg RDI, Address (SizeDir 64 (AddrPlus (FromReg RBX) (AddrImm 1088))) 7
13266: MOV Reg ESI, Immediate 36 5
1326b: TEST Reg RAX, Reg RAX 3
1326e: CMOVZ Reg RAX, Reg RBP 4
13272: MOV Reg RDX, Address (SizeDir 64 (FromReg RAX)) 3
13275: CALL xencall1 (external)
1327a: TEST Reg EAX, Reg EAX 2
1327c: MOV Reg R12D, Reg EAX 3
1327f: JNS 1328e (resolved immediate)
  |
  `- 13281,1328e
13281: CALL __errno_location (external)
13286: CMP Address (SizeDir 32 (FromReg RAX)), Immediate 13 3
13289: MOV Reg R13, Reg RAX 3
1328c: JZ 132d0 (resolved immediate)
  |
  `- 1328e,132d0
1328e: MOV Reg RSI, Address (SizeDir 64 (AddrPlus (FromReg RSP) (AddrImm 8))) 5
13293: MOV Reg RDI, Reg RBX 3
13296: TEST Reg RSI, Reg RSI 3
13299: CMOVZ Reg RSI, Reg RBP 4
1329d: CALL xc__hypercall_bounce_post (external)
132a2: MOV Reg RCX, Address (SizeDir 64 (AddrPlus (FromReg RSP) (AddrImm 200))) 8
132aa: XOR Reg RCX, Address (SizeDir 64 (AddrPlus (FromReg FS) (AddrImm 40))) 9
132b3: MOV Reg EAX, Reg R12D 3
132b6: JNZ 13337 (resolved immediate)
  |
  `- 132b8,13337
132b8: ADD Reg RSP, Immediate 216 7
132bf: POP Reg RBX 1
132c0: POP Reg RBP 1
132c1: POP Reg R12 2
132c3: POP Reg R13 2
132c5: RET  1
  |
  `- 
132d0: MOV Reg RSI, Address (SizeDir 64 (AddrPlus (FromReg RBX) (AddrImm 8))) 4
132d4: LEA Reg R8, Address (AddrPlus (FromReg RIP) (AddrImm 73925)) 7
132db: XOR Reg ECX, Reg ECX 2
132dd: MOV Reg EDX, Immediate 3 5
132e2: MOV Reg RDI, Reg RBX 3
132e5: XOR Reg EAX, Reg EAX 2
132e7: CALL xc_report (external)
132ec: MOV Address (SizeDir 32 (AddrPlus (FromReg R13) (AddrImm 0))), Immediate 13 8
132f4: JMP 1328e (resolved immediate)
  |
  `- 1328e
132f6: CALL __errno_location (external)
132fb: MOV Reg R12D, Address (SizeDir 32 (FromReg RAX)) 3
132fe: MOV Reg RBP, Reg RAX 3
13301: MOV Reg RDI, Reg RBX 3
13304: MOV Reg ESI, Reg R12D 3
13307: CALL xc_strerror (external)
1330c: MOV Reg ECX, Address (SizeDir 32 (AddrPlus (FromReg RBP) (AddrImm 0))) 3
1330f: LEA Reg RDX, Address (AddrPlus (FromReg RIP) (AddrImm 73810)) 7
13316: MOV Reg R8, Reg RAX 3
13319: MOV Reg ESI, Immediate 1 5
1331e: MOV Reg RDI, Reg RBX 3
13321: XOR Reg EAX, Reg EAX 2
13323: CALL xc_report_error (external)
13328: MOV Address (SizeDir 32 (AddrPlus (FromReg RBP) (AddrImm 0))), Reg R12D 4
1332c: MOV Reg R12D, Immediate 4294967295 6
13332: JMP 132a2 (resolved immediate)
  |
  `- 132a2
13337: CALL __stack_chk_fail (external)
  |
  `- 
