Number of assembly instructions     = 1148
Number of indirect branches         = 19
Number of unresolved indirect jumps = 0: 
Number of unresolved indirect calls = 19: a375, a39d, a3e7, a411, a497, a4bc, a614, a639, a684, a6a9, a6ce, a6f6, a72d, a86b, ae45, ae77, aea1, af30, afc1
Number of symbolic states (representative of non-determinism): 1148
Number of edges: 1231

89b0 (True): a3c0, a42c, a4ea, a654
9ba0 (False): 0

89b0: MOV Address (SizeDir 64 (AddrPlus (FromReg RDI) (AddrImm 4))), Immediate 0 8
89b8: MOV Address (SizeDir 32 (FromReg RDI)), Immediate 4 6
89be: MOV Address (SizeDir 32 (AddrPlus (FromReg RDI) (AddrImm 12))), Immediate 7234904 7
89c5: RET  1
  |
  `- 
9ba0: PUSH Reg R15 2
9ba2: PXOR Reg XMM0, Reg XMM0 4
9ba6: PUSH Reg R14 2
9ba8: PUSH Reg R13 2
9baa: PUSH Reg R12 2
9bac: PUSH Reg RBP 1
9bad: MOV Reg EBP, Reg ESI 2
9baf: PUSH Reg RBX 1
9bb0: MOV Reg RBX, Reg RDI 3
9bb3: MOV Reg EDI, Immediate 16777216 5
9bb8: SUB Reg RSP, Immediate 5816 7
9bbf: MOV Reg RAX, Address (SizeDir 64 (AddrPlus (FromReg FS) (AddrImm 40))) 9
9bc8: MOV Address (SizeDir 64 (AddrPlus (FromReg RSP) (AddrImm 5800))), Reg RAX 8
9bd0: XOR Reg EAX, Reg EAX 2
9bd2: MOV Address (SizeDir 64 (AddrPlus (FromReg RSP) (AddrImm 56))), Reg RDX 5
9bd7: MOV Address (SizeDir 64 (AddrPlus (FromReg RSP) (AddrImm 64))), Reg RCX 5
9bdc: MOVAPS Address (SizeDir 128 (AddrPlus (FromReg RSP) (AddrImm 176))), Reg XMM0 8
9be4: MOV Address (SizeDir 64 (AddrPlus (FromReg RSP) (AddrImm 160))), Immediate 0 12
9bf0: MOV Address (SizeDir 64 (AddrPlus (FromReg RSP) (AddrImm 168))), Immediate 0 12
9bfc: CALL malloc (external)
9c01: TEST Reg RAX, Reg RAX 3
9c04: MOV Address (SizeDir 64 (AddrPlus (FromReg RSP) (AddrImm 32))), Reg RAX 5
9c09: JE ac44 (resolved immediate)
  |
  `- 9c0f,ac44
9c0f: LEA Reg RAX, Address (SizeDir 64 (AddrPlus (FromReg RSP) (AddrImm 304))) 8
9c17: MOV Reg EDX, Immediate 1 5
9c1c: MOV Reg ESI, Reg EBP 2
9c1e: MOV Reg RDI, Reg RBX 3
9c21: MOV Reg RCX, Reg RAX 3
9c24: MOV Address (SizeDir 64 (AddrPlus (FromReg RSP) (AddrImm 8))), Reg RAX 5
9c29: CALL xc_domain_getinfo (external)
9c2e: CMP Reg EAX, Immediate 1 3
9c31: JNE aacf (resolved immediate)
  |
  `- 9c37,aacf
9c37: MOV Reg R8, Address (SizeDir 64 (AddrPlus (FromReg RSP) (AddrImm 352))) 8
9c3f: MOV Reg ECX, Immediate 1 5
9c44: MOV Reg EDX, Immediate 4096 5
9c49: MOV Reg ESI, Reg EBP 2
9c4b: MOV Reg RDI, Reg RBX 3
9c4e: CALL xc_map_foreign_range (external)
9c53: TEST Reg RAX, Reg RAX 3
9c56: MOV Reg R14, Reg RAX 3
9c59: JE a898 (resolved immediate)
  |
  `- 9c5f,a898
9c5f: MOV Reg RDI, Address (SizeDir 64 (AddrPlus (FromReg RSP) (AddrImm 8))) 5
9c64: CALL xc_core_arch_auto_translated_physmap (external)
9c69: TEST Reg EAX, Reg EAX 2
9c6b: MOV Address (SizeDir 32 (AddrPlus (FromReg RSP) (AddrImm 52))), Reg EAX 4
9c6f: JE a910 (resolved immediate)
  |
  `- 9c75,a910
9c75: MOV Address (SizeDir 32 (AddrPlus (FromReg RSP) (AddrImm 176))), Immediate 8 11
9c80: CMP Address (SizeDir 32 (AddrPlus (FromReg RSP) (AddrImm 304))), Reg EBP 7
9c87: JNE ab36 (resolved immediate)
  |
  `- 9c8d,ab36
9c8d: MOV Reg EAX, Address (SizeDir 32 (AddrPlus (FromReg RSP) (AddrImm 380))) 7
9c94: MOV Reg EDI, Immediate 5168 5
9c99: LEA Reg ESI, Address (SizeDir 32 (AddrPlus (FromReg RAX) (AddrImm 1))) 3
9c9c: CALL calloc (external)
9ca1: TEST Reg RAX, Reg RAX 3
9ca4: MOV Reg R15, Reg RAX 3
9ca7: JE acd9 (resolved immediate)
  |
  `- 9cad,acd9
9cad: XOR Reg R12D, Reg R12D 3
9cb0: XOR Reg R13D, Reg R13D 3
9cb3: NOP  5
9cb8: MOVSXD Reg RCX, Reg R13D 3
9cbb: MOV Reg EDX, Reg R12D 3
9cbe: MOV Reg ESI, Reg EBP 2
9cc0: IMUL Reg RCX, Reg RCX, Immediate 5168 7
9cc7: MOV Reg RDI, Reg RBX 3
9cca: ADD Reg RCX, Reg R15 3
9ccd: CALL xc_vcpu_getcontext (external)
9cd2: CMP Reg EAX, Immediate 1 3
9cd5: MOV Reg EAX, Address (SizeDir 32 (AddrPlus (FromReg RSP) (AddrImm 380))) 7
9cdc: ADC Reg R13D, Immediate 0 4
9ce0: ADD Reg R12, Immediate 1 4
9ce4: CMP Reg RAX, Reg R12 3
9ce7: JAE 9cb8 (resolved immediate)
  |
  `- 9cb8,9ce9
9ce9: TEST Reg R13D, Reg R13D 3
9cec: JE abe3 (resolved immediate)
  |
  `- 9cf2,abe3
9cf2: LEA Reg RAX, Address (SizeDir 64 (AddrPlus (FromReg RSP) (AddrImm 155))) 8
9cfa: MOV Reg RDX, Address (SizeDir 64 (AddrPlus (FromReg RSP) (AddrImm 8))) 5
9cff: LEA Reg R9, Address (SizeDir 64 (AddrPlus (FromReg RSP) (AddrImm 156))) 8
9d07: LEA Reg R8, Address (SizeDir 64 (AddrPlus (FromReg RSP) (AddrImm 160))) 8
9d0f: MOV Reg RCX, Reg R14 3
9d12: MOV Reg RDI, Reg RBX 3
9d15: MOV Reg RSI, Reg RAX 3
9d18: MOV Address (SizeDir 64 (AddrPlus (FromReg RSP) (AddrImm 72))), Reg RAX 5
9d1d: CALL xc_core_arch_memory_map_get (external)
9d22: TEST Reg EAX, Reg EAX 2
9d24: MOV Address (SizeDir 32 (AddrPlus (FromReg RSP) (AddrImm 16))), Reg EAX 4
9d28: JE 9e50 (resolved immediate)
  |
  `- 9d2e,9e50
9d2e: XOR Reg R12D, Reg R12D 3
9d31: MOV Address (SizeDir 64 (AddrPlus (FromReg RSP) (AddrImm 8))), Immediate 0 9
9d3a: MOV Address (SizeDir 64 (AddrPlus (FromReg RSP) (AddrImm 40))), Immediate 0 9
9d43: MOV Address (SizeDir 64 (AddrPlus (FromReg RSP) (AddrImm 24))), Immediate 0 9
9d4c: MOV Reg RDI, Address (SizeDir 64 (AddrPlus (FromReg RSP) (AddrImm 160))) 8
9d54: TEST Reg RDI, Reg RDI 3
9d57: JE 9d5e (resolved immediate)
  |
  `- 9d5e
9d5e: MOV Reg RDI, Address (SizeDir 64 (AddrPlus (FromReg RSP) (AddrImm 168))) 8
9d66: TEST Reg RDI, Reg RDI 3
9d69: JE 9d99 (resolved immediate)
  |
  `- 9d99
9d99: MOV Reg RAX, Address (SizeDir 64 (AddrPlus (FromReg RSP) (AddrImm 24))) 5
9d9e: TEST Reg RAX, Reg RAX 3
9da1: JE 9dab (resolved immediate)
  |
  `- 9da3,9dab
9da3: MOV Reg RDI, Reg RAX 3
9da6: CALL free (external)
9dab: MOV Reg RAX, Address (SizeDir 64 (AddrPlus (FromReg RSP) (AddrImm 40))) 5
9db0: TEST Reg RAX, Reg RAX 3
9db3: JE 9dbd (resolved immediate)
  |
  `- 9db5,9dbd
9db5: MOV Reg RDI, Reg RAX 3
9db8: CALL free (external)
9dbd: TEST Reg R12, Reg R12 3
9dc0: JE 9dd4 (resolved immediate)
  |
  `- 9dc2,9dd4
9dc2: MOV Reg RDI, Address (SizeDir 64 (AddrPlus (FromReg R12) (AddrImm 8))) 5
9dc7: CALL free (external)
9dcc: MOV Reg RDI, Reg R12 3
9dcf: CALL free (external)
9dd4: MOV Reg RBX, Address (SizeDir 64 (AddrPlus (FromReg RSP) (AddrImm 8))) 5
9dd9: TEST Reg RBX, Reg RBX 3
9ddc: JE 9dee (resolved immediate)
  |
  `- 9dde,9dee
9dde: MOV Reg RDI, Address (SizeDir 64 (FromReg RBX)) 3
9de1: CALL free (external)
9de6: MOV Reg RDI, Reg RBX 3
9de9: CALL free (external)
9dee: TEST Reg R15, Reg R15 3
9df1: JE 9dfb (resolved immediate)
  |
  `- 9df3,9dfb
9df3: MOV Reg RDI, Reg R15 3
9df6: CALL free (external)
9dfb: MOV Reg RAX, Address (SizeDir 64 (AddrPlus (FromReg RSP) (AddrImm 32))) 5
9e00: TEST Reg RAX, Reg RAX 3
9e03: JE 9e0d (resolved immediate)
  |
  `- 9e05,9e0d
9e05: MOV Reg RDI, Reg RAX 3
9e08: CALL free (external)
9e0d: TEST Reg R14, Reg R14 3
9e10: JE 9e1f (resolved immediate)
  |
  `- 9e12,9e1f
9e12: MOV Reg ESI, Immediate 4096 5
9e17: MOV Reg RDI, Reg R14 3
9e1a: CALL munmap (external)
9e1f: MOV Reg RDX, Address (SizeDir 64 (AddrPlus (FromReg RSP) (AddrImm 5800))) 8
9e27: XOR Reg RDX, Address (SizeDir 64 (AddrPlus (FromReg FS) (AddrImm 40))) 9
9e30: MOV Reg EAX, Address (SizeDir 32 (AddrPlus (FromReg RSP) (AddrImm 16))) 4
9e34: JNE ad29 (resolved immediate)
  |
  `- 9e3a,ad29
9e3a: ADD Reg RSP, Immediate 5816 7
9e41: POP Reg RBX 1
9e42: POP Reg RBP 1
9e43: POP Reg R12 2
9e45: POP Reg R13 2
9e47: POP Reg R14 2
9e49: POP Reg R15 2
9e4b: RET  1
  |
  `- 
9e50: MOV Reg R9D, Address (SizeDir 32 (AddrPlus (FromReg RSP) (AddrImm 52))) 5
9e55: MOV Reg RAX, Address (SizeDir 64 (AddrPlus (FromReg RSP) (AddrImm 320))) 8
9e5d: TEST Reg R9D, Reg R9D 3
9e60: MOV Address (SizeDir 64 (AddrPlus (FromReg RSP) (AddrImm 80))), Reg RAX 5
9e65: JNE a958 (resolved immediate)
  |
  `- 9e6b,a958
9e6b: SHL Reg RAX, Immediate 4 4
9e6f: MOV Reg RDI, Reg RAX 3
9e72: CALL malloc (external)
9e77: TEST Reg RAX, Reg RAX 3
9e7a: MOV Address (SizeDir 64 (AddrPlus (FromReg RSP) (AddrImm 24))), Reg RAX 5
9e7f: JE a9d8 (resolved immediate)
  |
  `- 9e85,a9d8
9e85: MOV Reg RDX, Address (SizeDir 64 (AddrPlus (FromReg RSP) (AddrImm 8))) 5
9e8a: MOV Reg ESI, Address (SizeDir 32 (AddrPlus (FromReg RSP) (AddrImm 176))) 7
9e91: LEA Reg R9, Address (SizeDir 64 (AddrPlus (FromReg RSP) (AddrImm 184))) 8
9e99: LEA Reg R8, Address (SizeDir 64 (AddrPlus (FromReg RSP) (AddrImm 168))) 8
9ea1: MOV Reg RCX, Reg R14 3
9ea4: MOV Reg RDI, Reg RBX 3
9ea7: CALL xc_core_arch_map_p2m (external)
9eac: TEST Reg EAX, Reg EAX 2
9eae: JNE aa30 (resolved immediate)
  |
  `- 9eb4,aa30
9eb4: MOV Address (SizeDir 64 (AddrPlus (FromReg RSP) (AddrImm 40))), Immediate 0 9
9ebd: PXOR Reg XMM0, Reg XMM0 4
9ec1: LEA Reg RAX, Address (SizeDir 64 (AddrPlus (FromReg RSP) (AddrImm 240))) 8
9ec9: MOV Reg EDI, Immediate 4 5
9ece: XOR Reg ECX, Reg ECX 2
9ed0: MOV Reg ESI, Immediate 258 5
9ed5: MOV Reg R8D, Immediate 64 6
9edb: MOV Address (SizeDir 64 (AddrPlus (FromReg RSP) (AddrImm 294))), Immediate 0 12
9ee7: MOV Address (SizeDir 64 (AddrPlus (FromReg RSP) (AddrImm 88))), Reg RAX 5
9eec: MOVUPS Address (SizeDir 128 (AddrPlus (FromReg RSP) (AddrImm 246))), Reg XMM0 8
9ef4: MOV Address (SizeDir 16 (AddrPlus (FromReg RSP) (AddrImm 256))), Reg DI 8
9efc: MOV Reg EDI, Immediate 16 5
9f01: MOV Address (SizeDir 16 (AddrPlus (FromReg RSP) (AddrImm 302))), Reg CX 8
9f09: MOVUPS Address (SizeDir 128 (AddrPlus (FromReg RSP) (AddrImm 278))), Reg XMM0 8
9f11: MOVUPS Address (SizeDir 128 (AddrPlus (FromReg RSP) (AddrImm 262))), Reg XMM0 8
9f19: MOV Address (SizeDir 32 (AddrPlus (FromReg RSP) (AddrImm 240))), Immediate 1179403647 11
9f24: MOV Address (SizeDir 16 (AddrPlus (FromReg RSP) (AddrImm 244))), Reg SI 8
9f2c: MOV Address (SizeDir 8 (AddrPlus (FromReg RSP) (AddrImm 246))), Immediate 1 8
9f34: MOV Address (SizeDir 8 (AddrPlus (FromReg RSP) (AddrImm 248))), Immediate 1 8
9f3c: MOV Address (SizeDir 32 (AddrPlus (FromReg RSP) (AddrImm 260))), Immediate 1 11
9f47: MOV Address (SizeDir 64 (AddrPlus (FromReg RSP) (AddrImm 280))), Immediate 64 12
9f53: MOV Address (SizeDir 32 (AddrPlus (FromReg RSP) (AddrImm 292))), Immediate 3670080 11
9f5e: MOV Address (SizeDir 16 (AddrPlus (FromReg RSP) (AddrImm 298))), Reg R8W 9
9f67: CALL malloc (external)
9f6c: TEST Reg RAX, Reg RAX 3
9f6f: MOV Address (SizeDir 64 (AddrPlus (FromReg RSP) (AddrImm 8))), Reg RAX 5
9f74: JE ab9c (resolved immediate)
  |
  `- 9f7a,ab9c
9f7a: MOV Reg EDI, Immediate 4096 5
9f7f: CALL malloc (external)
9f84: TEST Reg RAX, Reg RAX 3
9f87: JE ac94 (resolved immediate)
  |
  `- 9f8d,ac94
9f8d: MOV Reg RDX, Address (SizeDir 64 (AddrPlus (FromReg RSP) (AddrImm 8))) 5
9f92: MOV Address (SizeDir 8 (FromReg RAX)), Immediate 0 3
9f95: MOV Reg EDI, Immediate 16 5
9f9a: MOV Address (SizeDir 64 (FromReg RDX)), Reg RAX 3
9f9d: MOV Address (SizeDir 32 (AddrPlus (FromReg RDX) (AddrImm 8))), Immediate 268435457 7
9fa4: CALL malloc (external)
9fa9: TEST Reg RAX, Reg RAX 3
9fac: MOV Reg R12, Reg RAX 3
9faf: JE aa56 (resolved immediate)
  |
  `- 9fb5,aa56
9fb5: MOV Address (SizeDir 32 (FromReg RAX)), Immediate 1048576 6
9fbb: MOV Reg EDI, Immediate 1024 5
9fc0: CALL malloc (external)
9fc5: TEST Reg RAX, Reg RAX 3
9fc8: MOV Address (SizeDir 64 (AddrPlus (FromReg R12) (AddrImm 8))), Reg RAX 5
9fcd: JE aa4e (resolved immediate)
  |
  `- 9fd3,aa4e
9fd3: MOV Reg RSI, Reg R12 3
9fd6: MOV Reg RDI, Reg RBX 3
9fd9: CALL xc_core_shdr_get (external)
9fde: TEST Reg RAX, Reg RAX 3
9fe1: JE aa94 (resolved immediate)
  |
  `- 9fe7,aa94
9fe7: MOV Reg RSI, Reg R12 3
9fea: MOV Reg RDI, Reg RBX 3
9fed: CALL xc_core_shdr_get (external)
9ff2: TEST Reg RAX, Reg RAX 3
9ff5: MOV Address (SizeDir 64 (AddrPlus (FromReg RSP) (AddrImm 96))), Reg RAX 5
9ffa: JE ab74 (resolved immediate)
  |
  `- a000,ab74
a000: MOV Reg RAX, Address (SizeDir 64 (AddrPlus (FromReg R12) (AddrImm 8))) 5
a005: SUB Reg RSP, Immediate 8 4
a009: LEA Reg RCX, Address (SizeDir 64 (AddrPlus (FromReg RIP) (AddrImm 110613))) 7
a010: XOR Reg R9D, Reg R9D 3
a013: MOV Reg R8D, Immediate 3 6
a019: MOV Reg RDI, Reg RBX 3
a01c: MOV Address (SizeDir 64 (AddrPlus (FromReg RSP) (AddrImm 112))), Reg RAX 5
a021: PUSH Immediate 0 2
a023: PUSH Immediate 0 2
a025: PUSH Immediate 0 2
a027: MOV Reg RDX, Address (SizeDir 64 (AddrPlus (FromReg RSP) (AddrImm 40))) 5
a02c: MOV Reg RSI, Address (SizeDir 64 (AddrPlus (FromReg RSP) (AddrImm 128))) 8
a034: CALL xc_core_shdr_set (external)
a039: MOV Address (SizeDir 32 (AddrPlus (FromReg RSP) (AddrImm 48))), Reg EAX 4
a03d: ADD Reg RSP, Immediate 32 4
a041: TEST Reg EAX, Reg EAX 2
a043: JNE 9d4c (resolved immediate)
  |
  `- 9d4c,a049
a049: MOV Reg RSI, Reg R12 3
a04c: MOV Reg RDI, Reg RBX 3
a04f: CALL xc_core_shdr_get (external)
a054: TEST Reg RAX, Reg RAX 3
a057: JE ac6c (resolved immediate)
  |
  `- a05d,ac6c
a05d: SUB Reg RSP, Immediate 8 4
a061: LEA Reg RCX, Address (SizeDir 64 (AddrPlus (FromReg RIP) (AddrImm 110535))) 7
a068: MOV Reg R9D, Immediate 64 6
a06e: PUSH Immediate 0 2
a070: PUSH Immediate 0 2
a072: MOV Reg R8D, Immediate 7 6
a078: PUSH Immediate 1384 5
a07d: MOV Reg RDX, Address (SizeDir 64 (AddrPlus (FromReg RSP) (AddrImm 40))) 5
a082: MOV Reg RSI, Reg RAX 3
a085: MOV Reg RDI, Reg RBX 3
a088: CALL xc_core_shdr_set (external)
a08d: MOV Address (SizeDir 32 (AddrPlus (FromReg RSP) (AddrImm 48))), Reg EAX 4
a091: ADD Reg RSP, Immediate 32 4
a095: TEST Reg EAX, Reg EAX 2
a097: JNE 9d4c (resolved immediate)
  |
  `- 9d4c,a09d
a09d: MOV Reg RSI, Reg R12 3
a0a0: MOV Reg RDI, Reg RBX 3
a0a3: CALL xc_core_shdr_get (external)
a0a8: TEST Reg RAX, Reg RAX 3
a0ab: JE ad01 (resolved immediate)
  |
  `- a0b1,ad01
a0b1: MOVSXD Reg RDX, Reg R13D 3
a0b4: SUB Reg RSP, Immediate 8 4
a0b8: LEA Reg RCX, Address (SizeDir 64 (AddrPlus (FromReg RIP) (AddrImm 110458))) 7
a0bf: MOV Address (SizeDir 64 (AddrPlus (FromReg RSP) (AddrImm 128))), Reg RDX 8
a0c7: PUSH Immediate 5168 5
a0cc: MOV Reg R9D, Immediate 1448 6
a0d2: IMUL Reg RDX, Reg RDX, Immediate 5168 7
a0d9: PUSH Immediate 8 2
a0db: MOV Reg R8D, Immediate 1 6
a0e1: MOV Reg RSI, Reg RAX 3
a0e4: MOV Reg RDI, Reg RBX 3
a0e7: MOV Address (SizeDir 64 (AddrPlus (FromReg RSP) (AddrImm 136))), Reg RDX 8
a0ef: PUSH Reg RDX 1
a0f0: MOV Reg RDX, Address (SizeDir 64 (AddrPlus (FromReg RSP) (AddrImm 40))) 5
a0f5: CALL xc_core_shdr_set (external)
a0fa: MOV Address (SizeDir 32 (AddrPlus (FromReg RSP) (AddrImm 48))), Reg EAX 4
a0fe: ADD Reg RSP, Immediate 32 4
a102: TEST Reg EAX, Reg EAX 2
a104: JNE 9d4c (resolved immediate)
  |
  `- 9d4c,a10a
a10a: MOV Reg RDX, Address (SizeDir 64 (AddrPlus (FromReg RSP) (AddrImm 112))) 5
a10f: TEST Reg R14, Reg R14 3
a112: LEA Reg R9, Address (SizeDir 64 (AddrPlus (FromReg RDX) (AddrImm 1448))) 7
a119: JE a184 (resolved immediate)
  |
  `- a11b,a184
a11b: MOV Reg RSI, Reg R12 3
a11e: MOV Reg RDI, Reg RBX 3
a121: MOV Address (SizeDir 64 (AddrPlus (FromReg RSP) (AddrImm 128))), Reg R9 8
a129: CALL xc_core_shdr_get (external)
a12e: TEST Reg RAX, Reg RAX 3
a131: MOV Reg R9, Address (SizeDir 64 (AddrPlus (FromReg RSP) (AddrImm 128))) 8
a139: JE ad5f (resolved immediate)
  |
  `- a13f,ad5f
a13f: SUB Reg RSP, Immediate 8 4
a143: LEA Reg RCX, Address (SizeDir 64 (AddrPlus (FromReg RIP) (AddrImm 110333))) 7
a14a: MOV Reg R8D, Immediate 1 6
a150: PUSH Immediate 4096 5
a155: PUSH Immediate 8 2
a157: MOV Reg RSI, Reg RAX 3
a15a: PUSH Immediate 4096 5
a15f: MOV Reg RDX, Address (SizeDir 64 (AddrPlus (FromReg RSP) (AddrImm 40))) 5
a164: MOV Reg RDI, Reg RBX 3
a167: CALL xc_core_shdr_set (external)
a16c: ADD Reg RSP, Immediate 32 4
a170: TEST Reg EAX, Reg EAX 2
a172: JNE ad56 (resolved immediate)
  |
  `- a178,ad56
a178: MOV Reg R9, Address (SizeDir 64 (AddrPlus (FromReg RSP) (AddrImm 112))) 5
a17d: ADD Reg R9, Immediate 5544 7
a184: MOVZX Reg EDX, Address (SizeDir 16 (FromReg R12)) 5
a189: MOV Reg RAX, Reg RDX 3
a18c: ADD Reg RDX, Immediate 2 4
a190: SHL Reg RDX, Immediate 6 4
a194: CMP Reg AX, Immediate 1 4
a198: JBE a1bd (resolved immediate)
  |
  `- a19a,a1bd
a19a: MOV Reg EAX, Immediate 1 5
a19f: MOV Reg RCX, Reg RAX 3
a1a2: ADD Reg RAX, Immediate 1 4
a1a6: SHL Reg RCX, Immediate 6 4
a1aa: ADD Reg RCX, Address (SizeDir 64 (AddrPlus (FromReg R12) (AddrImm 8))) 5
a1af: ADD Address (SizeDir 64 (AddrPlus (FromReg RCX) (AddrImm 24))), Reg RDX 4
a1b3: MOVZX Reg ECX, Address (SizeDir 16 (FromReg R12)) 5
a1b8: CMP Reg RCX, Reg RAX 3
a1bb: JA a19f (resolved immediate)
  |
  `- a19f,a1bd
a1bd: MOV Reg RSI, Reg R12 3
a1c0: MOV Reg RDI, Reg RBX 3
a1c3: MOV Address (SizeDir 64 (AddrPlus (FromReg RSP) (AddrImm 128))), Reg RDX 8
a1cb: MOV Address (SizeDir 64 (AddrPlus (FromReg RSP) (AddrImm 112))), Reg R9 5
a1d0: CALL xc_core_shdr_get (external)
a1d5: TEST Reg RAX, Reg RAX 3
a1d8: MOV Reg R9, Address (SizeDir 64 (AddrPlus (FromReg RSP) (AddrImm 112))) 5
a1dd: MOV Reg RDX, Address (SizeDir 64 (AddrPlus (FromReg RSP) (AddrImm 128))) 8
a1e5: JE ad2e (resolved immediate)
  |
  `- a1eb,ad2e
a1eb: ADD Reg R9, Reg RDX 3
a1ee: MOV Reg R11, Address (SizeDir 64 (AddrPlus (FromReg RSP) (AddrImm 80))) 5
a1f3: SUB Reg RSP, Immediate 8 4
a1f7: LEA Reg EDX, Address (SizeDir 32 (AddrPlus (FromReg R9) (AddrImm 4095))) 7
a1fe: LEA Reg RCX, Address (SizeDir 64 (AddrPlus (FromReg RIP) (AddrImm 110163))) 7
a205: MOV Reg R8D, Immediate 1 6
a20b: MOV Reg RSI, Reg RAX 3
a20e: MOV Reg RDI, Reg RBX 3
a211: AND Reg EDX, Immediate 4294963200 6
a217: SHL Reg R11, Immediate 12 4
a21b: SUB Reg EDX, Reg R9D 3
a21e: MOV Address (SizeDir 32 (AddrPlus (FromReg RSP) (AddrImm 136))), Reg EDX 7
a225: MOVSXD Reg R10, Reg EDX 3
a228: PUSH Immediate 4096 5
a22d: PUSH Immediate 4096 5
a232: PUSH Reg R11 2
a234: ADD Reg R10, Reg R9 3
a237: MOV Reg RDX, Address (SizeDir 64 (AddrPlus (FromReg RSP) (AddrImm 40))) 5
a23c: MOV Reg R9, Reg R10 3
a23f: MOV Address (SizeDir 64 (AddrPlus (FromReg RSP) (AddrImm 168))), Reg R11 8
a247: MOV Address (SizeDir 64 (AddrPlus (FromReg RSP) (AddrImm 144))), Reg R10 8
a24f: CALL xc_core_shdr_set (external)
a254: MOV Address (SizeDir 32 (AddrPlus (FromReg RSP) (AddrImm 48))), Reg EAX 4
a258: ADD Reg RSP, Immediate 32 4
a25c: TEST Reg EAX, Reg EAX 2
a25e: MOV Reg R10, Address (SizeDir 64 (AddrPlus (FromReg RSP) (AddrImm 112))) 5
a263: MOV Reg R11, Address (SizeDir 64 (AddrPlus (FromReg RSP) (AddrImm 136))) 8
a26b: JNE 9d4c (resolved immediate)
  |
  `- 9d4c,a271
a271: LEA Reg RAX, Address (SizeDir 64 (AddrPlus (FromReg R11) (AddrTimes (AddrImm 1) (FromReg R10)))) 4
a275: MOV Reg RSI, Reg R12 3
a278: MOV Reg RDI, Reg RBX 3
a27b: MOV Address (SizeDir 64 (AddrPlus (FromReg RSP) (AddrImm 112))), Reg RAX 5
a280: CALL xc_core_shdr_get (external)
a285: TEST Reg RAX, Reg RAX 3
a288: MOV Reg RSI, Reg RAX 3
a28b: JE ad9e (resolved immediate)
  |
  `- a291,ad9e
a291: CMP Address (SizeDir 32 (AddrPlus (FromReg RSP) (AddrImm 52))), Immediate 0 5
a296: JNE aeb6 (resolved immediate)
  |
  `- a29c,aeb6
a29c: MOV Reg R10, Address (SizeDir 64 (AddrPlus (FromReg RSP) (AddrImm 80))) 5
a2a1: SUB Reg RSP, Immediate 8 4
a2a5: LEA Reg RCX, Address (SizeDir 64 (AddrPlus (FromReg RIP) (AddrImm 110007))) 7
a2ac: PUSH Immediate 16 2
a2ae: PUSH Immediate 8 2
a2b0: MOV Reg R8D, Immediate 1 6
a2b6: SHL Reg R10, Immediate 4 4
a2ba: PUSH Reg R10 2
a2bc: MOV Reg R9, Address (SizeDir 64 (AddrPlus (FromReg RSP) (AddrImm 144))) 8
a2c4: MOV Address (SizeDir 64 (AddrPlus (FromReg RSP) (AddrImm 168))), Reg R10 8
a2cc: MOV Reg RDX, Address (SizeDir 64 (AddrPlus (FromReg RSP) (AddrImm 40))) 5
a2d1: MOV Reg RDI, Reg RBX 3
a2d4: CALL xc_core_shdr_set (external)
a2d9: MOV Address (SizeDir 32 (AddrPlus (FromReg RSP) (AddrImm 48))), Reg EAX 4
a2dd: ADD Reg RSP, Immediate 32 4
a2e1: MOV Reg R10, Address (SizeDir 64 (AddrPlus (FromReg RSP) (AddrImm 136))) 8
a2e9: CMP Address (SizeDir 32 (AddrPlus (FromReg RSP) (AddrImm 16))), Immediate 0 5
a2ee: JNE 9d4c (resolved immediate)
  |
  `- 9d4c,a2f4
a2f4: MOV Reg RAX, Address (SizeDir 64 (AddrPlus (FromReg RSP) (AddrImm 96))) 5
a2f9: SUB Reg RAX, Address (SizeDir 64 (AddrPlus (FromReg RSP) (AddrImm 104))) 5
a2fe: MOV Reg RDI, Reg RBX 3
a301: ADD Reg R10, Address (SizeDir 64 (AddrPlus (FromReg RSP) (AddrImm 112))) 5
a306: MOV Reg RSI, Address (SizeDir 64 (AddrPlus (FromReg RSP) (AddrImm 8))) 5
a30b: MOV Reg RCX, Address (SizeDir 64 (AddrPlus (FromReg R12) (AddrImm 8))) 5
a310: MOVZX Reg ESI, Address (SizeDir 16 (AddrPlus (FromReg RSI) (AddrImm 8))) 4
a314: MOV Reg RDX, Reg RAX 3
a317: AND Reg EAX, Immediate 4194240 5
a31c: MOV Address (SizeDir 64 (AddrPlus (AddrPlus (FromReg RCX) (AddrTimes (AddrImm 1) (FromReg RAX))) (AddrImm 24))), Reg R10 5
a321: MOV Reg RCX, Address (SizeDir 64 (AddrPlus (FromReg R12) (AddrImm 8))) 5
a326: SAR Reg RDX, Immediate 6 4
a32a: CMP Address (SizeDir 32 (AddrPlus (FromReg RSP) (AddrImm 176))), Immediate 8 8
a332: MOV Address (SizeDir 64 (AddrPlus (AddrPlus (FromReg RCX) (AddrTimes (AddrImm 1) (FromReg RAX))) (AddrImm 32))), Reg RSI 5
a337: MOVZX Reg EAX, Address (SizeDir 16 (FromReg R12)) 5
a33c: MOV Reg ECX, Immediate 64 5
a341: MOV Address (SizeDir 16 (AddrPlus (FromReg RSP) (AddrImm 302))), Reg DX 8
a349: MOV Reg EDX, Immediate 62 5
a34e: MOV Reg RSI, Address (SizeDir 64 (AddrPlus (FromReg RSP) (AddrImm 56))) 5
a353: MOV Address (SizeDir 16 (AddrPlus (FromReg RSP) (AddrImm 300))), Reg AX 8
a35b: MOV Reg EAX, Immediate 3 5
a360: CMOVE Reg EAX, Reg EDX 3
a363: MOV Reg RDX, Address (SizeDir 64 (AddrPlus (FromReg RSP) (AddrImm 88))) 5
a368: MOV Address (SizeDir 16 (AddrPlus (FromReg RSP) (AddrImm 258))), Reg AX 8
a370: MOV Reg RAX, Address (SizeDir 64 (AddrPlus (FromReg RSP) (AddrImm 64))) 5
a375: CALL Reg RAX 2
a377: TEST Reg EAX, Reg EAX 2
a379: MOV Address (SizeDir 32 (AddrPlus (FromReg RSP) (AddrImm 16))), Reg EAX 4
a37d: JNE 9d4c (resolved immediate)
  |
  `- 9d4c,a383
a383: MOVZX Reg ECX, Address (SizeDir 16 (FromReg R12)) 5
a388: MOV Reg RDX, Address (SizeDir 64 (AddrPlus (FromReg R12) (AddrImm 8))) 5
a38d: MOV Reg RDI, Reg RBX 3
a390: MOV Reg RSI, Address (SizeDir 64 (AddrPlus (FromReg RSP) (AddrImm 56))) 5
a395: MOV Reg RAX, Address (SizeDir 64 (AddrPlus (FromReg RSP) (AddrImm 64))) 5
a39a: SHL Reg ECX, Immediate 6 3
a39d: CALL Reg RAX 2
a39f: TEST Reg EAX, Reg EAX 2
a3a1: MOV Address (SizeDir 32 (AddrPlus (FromReg RSP) (AddrImm 16))), Reg EAX 4
a3a5: JNE 9d4c (resolved immediate)
  |
  `- 9d4c,a3ab
a3ab: LEA Reg RAX, Address (SizeDir 64 (AddrPlus (FromReg RSP) (AddrImm 416))) 8
a3b3: MOV Reg RDI, Reg RAX 3
a3b6: MOV Address (SizeDir 64 (AddrPlus (FromReg RSP) (AddrImm 88))), Reg RAX 5
a3bb: CALL elfnote_init (internal)
  |
  `- a3c0,89b0
a3c0: MOVABS Reg RSI, Immediate 144115188075855872 10
a3ca: MOV Reg RDX, Reg RAX 3
a3cd: MOV Reg ECX, Immediate 16 5
a3d2: MOV Address (SizeDir 64 (AddrPlus (FromReg RSP) (AddrImm 420))), Reg RSI 8
a3da: MOV Reg RDI, Reg RBX 3
a3dd: MOV Reg RSI, Address (SizeDir 64 (AddrPlus (FromReg RSP) (AddrImm 56))) 5
a3e2: MOV Reg RAX, Address (SizeDir 64 (AddrPlus (FromReg RSP) (AddrImm 64))) 5
a3e7: CALL Reg RAX 2
a3e9: TEST Reg EAX, Reg EAX 2
a3eb: MOV Address (SizeDir 32 (AddrPlus (FromReg RSP) (AddrImm 16))), Reg EAX 4
a3ef: JNE 9d4c (resolved immediate)
  |
  `- 9d4c,a3f5
a3f5: LEA Reg RDX, Address (SizeDir 64 (AddrPlus (FromReg RSP) (AddrImm 192))) 8
a3fd: XOR Reg ECX, Reg ECX 2
a3ff: MOV Reg RSI, Address (SizeDir 64 (AddrPlus (FromReg RSP) (AddrImm 56))) 5
a404: MOV Reg RDI, Reg RBX 3
a407: MOV Reg RAX, Address (SizeDir 64 (AddrPlus (FromReg RSP) (AddrImm 64))) 5
a40c: MOV Address (SizeDir 64 (AddrPlus (FromReg RSP) (AddrImm 96))), Reg RDX 5
a411: CALL Reg RAX 2
a413: TEST Reg EAX, Reg EAX 2
a415: MOV Address (SizeDir 32 (AddrPlus (FromReg RSP) (AddrImm 16))), Reg EAX 4
a419: JNE 9d4c (resolved immediate)
  |
  `- 9d4c,a41f
a41f: MOV Reg RSI, Address (SizeDir 64 (AddrPlus (FromReg RSP) (AddrImm 88))) 5
a424: MOV Reg RDI, Reg RSI 3
a427: CALL elfnote_init (internal)
a42c: TEST Address (SizeDir 8 (AddrPlus (FromReg RSP) (AddrImm 312))), Immediate 64 8
a434: MOVABS Reg RAX, Immediate 144115192370823200 10
a43e: MOV Reg EDX, Immediate 4027575278 5
a443: MOV Address (SizeDir 64 (AddrPlus (FromReg RSP) (AddrImm 420))), Reg RAX 8
a44b: MOV Reg EAX, Immediate 4027575277 5
a450: MOV Address (SizeDir 64 (AddrPlus (FromReg RSP) (AddrImm 216))), Immediate 4096 12
a45c: MOV Reg ECX, Immediate 16 5
a461: MOV Reg RDI, Reg RBX 3
a464: CMOVNE Reg RAX, Reg RDX 4
a468: MOV Reg RDX, Reg RSI 3
a46b: MOV Reg RSI, Address (SizeDir 64 (AddrPlus (FromReg RSP) (AddrImm 56))) 5
a470: MOV Address (SizeDir 64 (AddrPlus (FromReg RSP) (AddrImm 192))), Reg RAX 8
a478: MOV Reg RAX, Address (SizeDir 64 (AddrPlus (FromReg RSP) (AddrImm 120))) 5
a47d: MOV Address (SizeDir 64 (AddrPlus (FromReg RSP) (AddrImm 200))), Reg RAX 8
a485: MOV Reg RAX, Address (SizeDir 64 (AddrPlus (FromReg RSP) (AddrImm 80))) 5
a48a: MOV Address (SizeDir 64 (AddrPlus (FromReg RSP) (AddrImm 208))), Reg RAX 8
a492: MOV Reg RAX, Address (SizeDir 64 (AddrPlus (FromReg RSP) (AddrImm 64))) 5
a497: CALL Reg RAX 2
a499: TEST Reg EAX, Reg EAX 2
a49b: MOV Address (SizeDir 32 (AddrPlus (FromReg RSP) (AddrImm 16))), Reg EAX 4
a49f: JNE 9d4c (resolved immediate)
  |
  `- 9d4c,a4a5
a4a5: MOV Reg ECX, Immediate 32 5
a4aa: MOV Reg RDX, Address (SizeDir 64 (AddrPlus (FromReg RSP) (AddrImm 96))) 5
a4af: MOV Reg RSI, Address (SizeDir 64 (AddrPlus (FromReg RSP) (AddrImm 56))) 5
a4b4: MOV Reg RDI, Reg RBX 3
a4b7: MOV Reg RAX, Address (SizeDir 64 (AddrPlus (FromReg RSP) (AddrImm 64))) 5
a4bc: CALL Reg RAX 2
a4be: TEST Reg EAX, Reg EAX 2
a4c0: MOV Address (SizeDir 32 (AddrPlus (FromReg RSP) (AddrImm 16))), Reg EAX 4
a4c4: JNE 9d4c (resolved immediate)
  |
  `- 9d4c,a4ca
a4ca: MOV Reg EAX, Address (SizeDir 32 (AddrPlus (FromReg RSP) (AddrImm 176))) 7
a4d1: MOV Address (SizeDir 32 (AddrPlus (FromReg RSP) (AddrImm 16))), Reg EAX 4
a4d5: LEA Reg RAX, Address (SizeDir 64 (AddrPlus (FromReg RSP) (AddrImm 224))) 8
a4dd: MOV Reg RDI, Reg RAX 3
a4e0: MOV Address (SizeDir 64 (AddrPlus (FromReg RSP) (AddrImm 104))), Reg RAX 5
a4e5: CALL elfnote_init (internal)
a4ea: MOV Reg RDI, Address (SizeDir 64 (AddrPlus (FromReg RSP) (AddrImm 88))) 5
a4ef: MOVABS Reg RAX, Immediate 144115196665791744 10
a4f9: MOV Reg ECX, Immediate 160 5
a4fe: MOV Address (SizeDir 64 (AddrPlus (FromReg RSP) (AddrImm 228))), Reg RAX 8
a506: XOR Reg EAX, Reg EAX 2
a508: XOR Reg EDX, Reg EDX 2
a50a: XOR Reg ESI, Reg ESI 2
a50c: REP STOSQ Address (SizeDir 64 (FromReg RDI)), Reg RAX 3
a50f: MOV Reg RDI, Reg RBX 3
a512: CALL xc_version (external)
a517: TEST Reg EAX, Reg EAX 2
a519: JS a5e6 (resolved immediate)
  |
  `- a51f,a5e6
a51f: MOV Reg RDI, Address (SizeDir 64 (AddrPlus (FromReg RSP) (AddrImm 88))) 5
a524: MOV Reg EDX, Reg EAX 2
a526: MOV Reg ESI, Immediate 1 5
a52b: SAR Reg EDX, Immediate 16 3
a52e: MOVZX Reg EAX, Reg AX 3
a531: MOVSXD Reg RDX, Reg EDX 3
a534: MOV Address (SizeDir 64 (AddrPlus (FromReg RSP) (AddrImm 424))), Reg RAX 8
a53c: MOV Address (SizeDir 64 (AddrPlus (FromReg RSP) (AddrImm 416))), Reg RDX 8
a544: LEA Reg RDX, Address (SizeDir 64 (AddrPlus (FromReg RDI) (AddrImm 16))) 4
a548: MOV Reg RDI, Reg RBX 3
a54b: CALL xc_version (external)
a550: TEST Reg EAX, Reg EAX 2
a552: JS a5e6 (resolved immediate)
  |
  `- a558,a5e6
a558: MOV Reg RDI, Address (SizeDir 64 (AddrPlus (FromReg RSP) (AddrImm 88))) 5
a55d: MOV Reg ESI, Immediate 2 5
a562: LEA Reg RDX, Address (SizeDir 64 (AddrPlus (FromReg RDI) (AddrImm 32))) 4
a566: MOV Reg RDI, Reg RBX 3
a569: CALL xc_version (external)
a56e: TEST Reg EAX, Reg EAX 2
a570: JS a5e6 (resolved immediate)
  |
  `- a572,a5e6
a572: MOV Reg RDI, Address (SizeDir 64 (AddrPlus (FromReg RSP) (AddrImm 88))) 5
a577: MOV Reg ESI, Immediate 3 5
a57c: LEA Reg RDX, Address (SizeDir 64 (AddrPlus (FromReg RDI) (AddrImm 176))) 7
a583: MOV Reg RDI, Reg RBX 3
a586: CALL xc_version (external)
a58b: TEST Reg EAX, Reg EAX 2
a58d: JS a5e6 (resolved immediate)
  |
  `- a58f,a5e6
a58f: MOV Reg RDI, Address (SizeDir 64 (AddrPlus (FromReg RSP) (AddrImm 88))) 5
a594: MOV Reg ESI, Immediate 4 5
a599: LEA Reg RDX, Address (SizeDir 64 (AddrPlus (FromReg RDI) (AddrImm 1200))) 7
a5a0: MOV Reg RDI, Reg RBX 3
a5a3: CALL xc_version (external)
a5a8: TEST Reg EAX, Reg EAX 2
a5aa: JS a5e6 (resolved immediate)
  |
  `- a5ac,a5e6
a5ac: MOV Reg RDI, Address (SizeDir 64 (AddrPlus (FromReg RSP) (AddrImm 88))) 5
a5b1: MOV Reg ESI, Immediate 5 5
a5b6: LEA Reg RDX, Address (SizeDir 64 (AddrPlus (FromReg RDI) (AddrImm 1264))) 7
a5bd: MOV Reg RDI, Reg RBX 3
a5c0: CALL xc_version (external)
a5c5: TEST Reg EAX, Reg EAX 2
a5c7: JS a5e6 (resolved immediate)
  |
  `- a5c9,a5e6
a5c9: XOR Reg EDX, Reg EDX 2
a5cb: MOV Reg ESI, Immediate 7 5
a5d0: MOV Reg RDI, Reg RBX 3
a5d3: CALL xc_version (external)
a5d8: TEST Reg EAX, Reg EAX 2
a5da: JS a5e6 (resolved immediate)
  |
  `- a5dc,a5e6
a5dc: CDQE  2
a5de: MOV Address (SizeDir 64 (AddrPlus (FromReg RSP) (AddrImm 1688))), Reg RAX 8
a5e6: CMP Address (SizeDir 32 (AddrPlus (FromReg RSP) (AddrImm 16))), Immediate 7 5
a5eb: JA a5fd (resolved immediate)
  |
  `- a5ed,a5fd
a5ed: MOV Reg RAX, Address (SizeDir 64 (AddrPlus (FromReg RSP) (AddrImm 1688))) 8
a5f5: MOV Address (SizeDir 64 (AddrPlus (FromReg RSP) (AddrImm 1684))), Reg RAX 8
a5fd: MOV Reg ECX, Immediate 16 5
a602: MOV Reg RDX, Address (SizeDir 64 (AddrPlus (FromReg RSP) (AddrImm 104))) 5
a607: MOV Reg RSI, Address (SizeDir 64 (AddrPlus (FromReg RSP) (AddrImm 56))) 5
a60c: MOV Reg RDI, Reg RBX 3
a60f: MOV Reg RAX, Address (SizeDir 64 (AddrPlus (FromReg RSP) (AddrImm 64))) 5
a614: CALL Reg RAX 2
a616: TEST Reg EAX, Reg EAX 2
a618: MOV Address (SizeDir 32 (AddrPlus (FromReg RSP) (AddrImm 16))), Reg EAX 4
a61c: JNE 9d4c (resolved immediate)
  |
  `- 9d4c,a622
a622: MOV Reg ECX, Immediate 1280 5
a627: MOV Reg RDX, Address (SizeDir 64 (AddrPlus (FromReg RSP) (AddrImm 88))) 5
a62c: MOV Reg RSI, Address (SizeDir 64 (AddrPlus (FromReg RSP) (AddrImm 56))) 5
a631: MOV Reg RDI, Reg RBX 3
a634: MOV Reg RAX, Address (SizeDir 64 (AddrPlus (FromReg RSP) (AddrImm 64))) 5
a639: CALL Reg RAX 2
a63b: TEST Reg EAX, Reg EAX 2
a63d: MOV Address (SizeDir 32 (AddrPlus (FromReg RSP) (AddrImm 16))), Reg EAX 4
a641: JNE 9d4c (resolved immediate)
  |
  `- 9d4c,a647
a647: MOV Reg RDX, Address (SizeDir 64 (AddrPlus (FromReg RSP) (AddrImm 88))) 5
a64c: MOV Reg RDI, Reg RDX 3
a64f: CALL elfnote_init (internal)
a654: MOVABS Reg RAX, Immediate 144115200960757768 10
a65e: MOV Address (SizeDir 64 (AddrPlus (FromReg RSP) (AddrImm 192))), Immediate 1 12
a66a: MOV Reg ECX, Immediate 16 5
a66f: MOV Address (SizeDir 64 (AddrPlus (FromReg RSP) (AddrImm 420))), Reg RAX 8
a677: MOV Reg RSI, Address (SizeDir 64 (AddrPlus (FromReg RSP) (AddrImm 56))) 5
a67c: MOV Reg RDI, Reg RBX 3
a67f: MOV Reg RAX, Address (SizeDir 64 (AddrPlus (FromReg RSP) (AddrImm 64))) 5
a684: CALL Reg RAX 2
a686: TEST Reg EAX, Reg EAX 2
a688: MOV Address (SizeDir 32 (AddrPlus (FromReg RSP) (AddrImm 16))), Reg EAX 4
a68c: JNE 9d4c (resolved immediate)
  |
  `- 9d4c,a692
a692: MOV Reg ECX, Immediate 8 5
a697: MOV Reg RDX, Address (SizeDir 64 (AddrPlus (FromReg RSP) (AddrImm 96))) 5
a69c: MOV Reg RSI, Address (SizeDir 64 (AddrPlus (FromReg RSP) (AddrImm 56))) 5
a6a1: MOV Reg RDI, Reg RBX 3
a6a4: MOV Reg RAX, Address (SizeDir 64 (AddrPlus (FromReg RSP) (AddrImm 64))) 5
a6a9: CALL Reg RAX 2
a6ab: TEST Reg EAX, Reg EAX 2
a6ad: MOV Address (SizeDir 32 (AddrPlus (FromReg RSP) (AddrImm 16))), Reg EAX 4
a6b1: JNE 9d4c (resolved immediate)
  |
  `- 9d4c,a6b7
a6b7: IMUL Reg ECX, Reg R13D, Immediate 5168 7
a6be: MOV Reg RDX, Reg R15 3
a6c1: MOV Reg RSI, Address (SizeDir 64 (AddrPlus (FromReg RSP) (AddrImm 56))) 5
a6c6: MOV Reg RDI, Reg RBX 3
a6c9: MOV Reg RAX, Address (SizeDir 64 (AddrPlus (FromReg RSP) (AddrImm 64))) 5
a6ce: CALL Reg RAX 2
a6d0: TEST Reg EAX, Reg EAX 2
a6d2: MOV Address (SizeDir 32 (AddrPlus (FromReg RSP) (AddrImm 16))), Reg EAX 4
a6d6: JNE 9d4c (resolved immediate)
  |
  `- 9d4c,a6dc
a6dc: TEST Reg R14, Reg R14 3
a6df: JE a704 (resolved immediate)
  |
  `- a6e1,a704
a6e1: MOV Reg ECX, Immediate 4096 5
a6e6: MOV Reg RDX, Reg R14 3
a6e9: MOV Reg RSI, Address (SizeDir 64 (AddrPlus (FromReg RSP) (AddrImm 56))) 5
a6ee: MOV Reg RDI, Reg RBX 3
a6f1: MOV Reg RAX, Address (SizeDir 64 (AddrPlus (FromReg RSP) (AddrImm 64))) 5
a6f6: CALL Reg RAX 2
a6f8: TEST Reg EAX, Reg EAX 2
a6fa: MOV Address (SizeDir 32 (AddrPlus (FromReg RSP) (AddrImm 16))), Reg EAX 4
a6fe: JNE 9d4c (resolved immediate)
  |
  `- 9d4c,a704
a704: LEA Reg RDX, Address (SizeDir 64 (AddrPlus (FromReg RSP) (AddrImm 1696))) 8
a70c: XOR Reg EAX, Reg EAX 2
a70e: MOV Reg ECX, Immediate 512 5
a713: MOV Reg RSI, Address (SizeDir 64 (AddrPlus (FromReg RSP) (AddrImm 56))) 5
a718: MOV Reg RDI, Reg RDX 3
a71b: REP STOSQ Address (SizeDir 64 (FromReg RDI)), Reg RAX 3
a71e: MOV Reg ECX, Address (SizeDir 32 (AddrPlus (FromReg RSP) (AddrImm 128))) 7
a725: MOV Reg RDI, Reg RBX 3
a728: MOV Reg RAX, Address (SizeDir 64 (AddrPlus (FromReg RSP) (AddrImm 64))) 5
a72d: CALL Reg RAX 2
a72f: TEST Reg EAX, Reg EAX 2
a731: MOV Address (SizeDir 32 (AddrPlus (FromReg RSP) (AddrImm 16))), Reg EAX 4
a735: JNE 9d4c (resolved immediate)
  |
  `- 9d4c,a73b
a73b: MOV Reg RAX, Address (SizeDir 64 (AddrPlus (FromReg RSP) (AddrImm 32))) 5
a740: MOV Address (SizeDir 32 (AddrPlus (FromReg RSP) (AddrImm 88))), Immediate 0 8
a748: XOR Reg R13D, Reg R13D 3
a74b: MOV Address (SizeDir 64 (AddrPlus (FromReg RSP) (AddrImm 96))), Reg R14 5
a750: MOV Address (SizeDir 64 (AddrPlus (FromReg RSP) (AddrImm 104))), Reg R15 5
a755: MOV Address (SizeDir 64 (AddrPlus (FromReg RSP) (AddrImm 112))), Reg R12 5
a75a: MOV Address (SizeDir 64 (AddrPlus (FromReg RSP) (AddrImm 16))), Reg RAX 5
a75f: MOV Reg EAX, Address (SizeDir 32 (AddrPlus (FromReg RSP) (AddrImm 88))) 4
a763: CMP Address (SizeDir 32 (AddrPlus (FromReg RSP) (AddrImm 156))), Reg EAX 7
a76a: JBE af07 (resolved immediate)
  |
  `- a770,af07
a770: MOV Reg EAX, Address (SizeDir 32 (AddrPlus (FromReg RSP) (AddrImm 88))) 4
a774: SHL Reg RAX, Immediate 4 4
a778: ADD Reg RAX, Address (SizeDir 64 (AddrPlus (FromReg RSP) (AddrImm 160))) 8
a780: MOV Reg R14, Address (SizeDir 64 (FromReg RAX)) 3
a783: MOV Reg RAX, Address (SizeDir 64 (AddrPlus (FromReg RAX) (AddrImm 8))) 4
a787: SHR Reg R14, Immediate 12 4
a78b: SHR Reg RAX, Immediate 12 4
a78f: ADD Reg RAX, Reg R14 3
a792: LEA Reg R15, Address (SizeDir 64 (AddrTimes (AddrImm 8) (FromReg R14))) 8
a79a: LEA Reg R12, Address (SizeDir 64 (AddrTimes (AddrImm 4) (FromReg R14))) 8
a7a2: MOV Address (SizeDir 64 (AddrPlus (FromReg RSP) (AddrImm 120))), Reg RAX 5
a7a7: CMP Reg R14, Address (SizeDir 64 (AddrPlus (FromReg RSP) (AddrImm 120))) 5
a7ac: JAE aeac (resolved immediate)
  |
  `- a7b2,aeac
a7b2: CMP Reg R13, Address (SizeDir 64 (AddrPlus (FromReg RSP) (AddrImm 80))) 5
a7b7: JAE adec (resolved immediate)
  |
  `- a7bd,adec
a7bd: CMP Address (SizeDir 32 (AddrPlus (FromReg RSP) (AddrImm 52))), Immediate 0 5
a7c2: JNE adc6 (resolved immediate)
  |
  `- a7c8,adc6
a7c8: CMP Address (SizeDir 32 (AddrPlus (FromReg RSP) (AddrImm 176))), Immediate 7 8
a7d0: MOV Reg RAX, Address (SizeDir 64 (AddrPlus (FromReg RSP) (AddrImm 168))) 8
a7d8: JBE ad87 (resolved immediate)
  |
  `- a7de,ad87
a7de: MOV Reg R8, Address (SizeDir 64 (AddrPlus (FromReg RAX) (AddrTimes (AddrImm 1) (FromReg R15)))) 4
a7e2: CMP Reg R8, Immediate 18446744073709551615 4
a7e6: JE a880 (resolved immediate)
  |
  `- a7ec,a880
a7ec: MOV Reg RAX, Reg R13 3
a7ef: SHL Reg RAX, Immediate 4 4
a7f3: ADD Reg RAX, Address (SizeDir 64 (AddrPlus (FromReg RSP) (AddrImm 24))) 5
a7f8: MOV Address (SizeDir 64 (FromReg RAX)), Reg R14 3
a7fb: MOV Address (SizeDir 64 (AddrPlus (FromReg RAX) (AddrImm 8))), Reg R8 4
a7ff: MOV Reg ECX, Immediate 1 5
a804: MOV Reg EDX, Immediate 4096 5
a809: MOV Reg ESI, Reg EBP 2
a80b: MOV Reg RDI, Reg RBX 3
a80e: CALL xc_map_foreign_range (external)
a813: TEST Reg RAX, Reg RAX 3
a816: JE a880 (resolved immediate)
  |
  `- a818,a880
a818: MOV Reg RDI, Address (SizeDir 64 (AddrPlus (FromReg RSP) (AddrImm 16))) 5
a81d: MOV Reg RSI, Reg RAX 3
a820: MOV Reg ECX, Immediate 512 5
a825: REP MOVSQ Address (SizeDir 64 (FromReg RDI)), Address (SizeDir 64 (FromReg RSI)) 3
a828: ADD Reg R13, Immediate 1 4
a82c: MOV Reg RDI, Reg RAX 3
a82f: MOV Reg ESI, Immediate 4096 5
a834: CALL munmap (external)
a839: ADD Address (SizeDir 64 (AddrPlus (FromReg RSP) (AddrImm 16))), Immediate 4096 9
a842: TEST Reg R13D, Immediate 4095 7
a849: MOV Reg RDI, Address (SizeDir 64 (AddrPlus (FromReg RSP) (AddrImm 16))) 5
a84e: JNE a880 (resolved immediate)
  |
  `- a850,a880
a850: MOV Reg RAX, Address (SizeDir 64 (AddrPlus (FromReg RSP) (AddrImm 32))) 5
a855: MOV Reg RSI, Address (SizeDir 64 (AddrPlus (FromReg RSP) (AddrImm 56))) 5
a85a: MOV Reg R11, Address (SizeDir 64 (AddrPlus (FromReg RSP) (AddrImm 64))) 5
a85f: SUB Reg RDI, Reg RAX 3
a862: MOV Reg RDX, Reg RAX 3
a865: MOV Reg RCX, Reg RDI 3
a868: MOV Reg RDI, Reg RBX 3
a86b: CALL Reg R11 3
a86e: TEST Reg EAX, Reg EAX 2
a870: JNE aeef (resolved immediate)
  |
  `- a876,aeef
a876: MOV Reg RAX, Address (SizeDir 64 (AddrPlus (FromReg RSP) (AddrImm 32))) 5
a87b: MOV Address (SizeDir 64 (AddrPlus (FromReg RSP) (AddrImm 16))), Reg RAX 5
a880: ADD Reg R14, Immediate 1 4
a884: ADD Reg R15, Immediate 8 4
a888: ADD Reg R12, Immediate 4 4
a88c: JMP a7a7 (resolved immediate)
  |
  `- a7a7
a898: TEST Address (SizeDir 8 (AddrPlus (FromReg RSP) (AddrImm 312))), Immediate 64 8
a8a0: JNE 9c5f (resolved immediate)
  |
  `- 9c5f,a8a6
a8a6: CALL __errno_location (external)
a8ab: MOV Reg R12D, Address (SizeDir 32 (FromReg RAX)) 3
a8ae: MOV Reg RBP, Reg RAX 3
a8b1: MOV Reg RDI, Reg RBX 3
a8b4: MOV Reg ESI, Reg R12D 3
a8b7: CALL xc_strerror (external)
a8bc: MOV Reg ECX, Address (SizeDir 32 (FromReg RBP)) 3
a8bf: LEA Reg RDX, Address (SizeDir 64 (AddrPlus (FromReg RIP) (AddrImm 107482))) 7
a8c6: MOV Reg R8, Reg RAX 3
a8c9: MOV Reg ESI, Immediate 1 5
a8ce: MOV Reg RDI, Reg RBX 3
a8d1: XOR Reg EAX, Reg EAX 2
a8d3: CALL xc_report_error (external)
a8d8: MOV Address (SizeDir 32 (FromReg RBP)), Reg R12D 4
a8dc: XOR Reg R12D, Reg R12D 3
a8df: MOV Address (SizeDir 64 (AddrPlus (FromReg RSP) (AddrImm 8))), Immediate 0 9
a8e8: MOV Address (SizeDir 64 (AddrPlus (FromReg RSP) (AddrImm 40))), Immediate 0 9
a8f1: MOV Address (SizeDir 64 (AddrPlus (FromReg RSP) (AddrImm 24))), Immediate 0 9
a8fa: MOV Address (SizeDir 32 (AddrPlus (FromReg RSP) (AddrImm 16))), Immediate 4294967295 8
a902: XOR Reg R15D, Reg R15D 3
a905: JMP 9d4c (resolved immediate)
  |
  `- 9d4c
a910: LEA Reg RDX, Address (SizeDir 64 (AddrPlus (FromReg RSP) (AddrImm 176))) 8
a918: MOV Reg ESI, Reg EBP 2
a91a: MOV Reg RDI, Reg RBX 3
a91d: CALL xc_domain_get_guest_width (external)
a922: TEST Reg EAX, Reg EAX 2
a924: JE 9c80 (resolved immediate)
  |
  `- 9c80,a92a
a92a: CALL __errno_location (external)
a92f: MOV Reg R12D, Address (SizeDir 32 (FromReg RAX)) 3
a932: MOV Reg RBP, Reg RAX 3
a935: MOV Reg RDI, Reg RBX 3
a938: MOV Reg ESI, Reg R12D 3
a93b: CALL xc_strerror (external)
a940: MOV Reg ECX, Address (SizeDir 32 (FromReg RBP)) 3
a943: MOV Reg R8, Reg RAX 3
a946: LEA Reg RDX, Address (SizeDir 64 (AddrPlus (FromReg RIP) (AddrImm 107387))) 7
a94d: JMP a8c9 (resolved immediate)
  |
  `- a8c9
a958: MOV Reg RAX, Address (SizeDir 64 (AddrPlus (FromReg RSP) (AddrImm 80))) 5
a95d: LEA Reg RDI, Address (SizeDir 64 (AddrTimes (AddrImm 8) (FromReg RAX))) 8
a965: CALL malloc (external)
a96a: TEST Reg RAX, Reg RAX 3
a96d: MOV Address (SizeDir 64 (AddrPlus (FromReg RSP) (AddrImm 40))), Reg RAX 5
a972: MOV Address (SizeDir 64 (AddrPlus (FromReg RSP) (AddrImm 24))), Immediate 0 9
a97b: JNE 9ebd (resolved immediate)
  |
  `- 9ebd,a981
a981: CALL __errno_location (external)
a986: MOV Reg R13D, Address (SizeDir 32 (FromReg RAX)) 3
a989: MOV Reg RBP, Reg RAX 3
a98c: MOV Reg RDI, Reg RBX 3
a98f: XOR Reg R12D, Reg R12D 3
a992: MOV Reg ESI, Reg R13D 3
a995: CALL xc_strerror (external)
a99a: MOV Reg ECX, Address (SizeDir 32 (FromReg RBP)) 3
a99d: LEA Reg RDX, Address (SizeDir 64 (AddrPlus (FromReg RIP) (AddrImm 107524))) 7
a9a4: MOV Reg R8, Reg RAX 3
a9a7: MOV Reg ESI, Immediate 1 5
a9ac: XOR Reg EAX, Reg EAX 2
a9ae: MOV Reg RDI, Reg RBX 3
a9b1: CALL xc_report_error (external)
a9b6: MOV Reg RAX, Address (SizeDir 64 (AddrPlus (FromReg RSP) (AddrImm 40))) 5
a9bb: MOV Address (SizeDir 32 (FromReg RBP)), Reg R13D 4
a9bf: MOV Address (SizeDir 64 (AddrPlus (FromReg RSP) (AddrImm 8))), Immediate 0 9
a9c8: MOV Address (SizeDir 64 (AddrPlus (FromReg RSP) (AddrImm 24))), Reg RAX 5
a9cd: JMP 9d4c (resolved immediate)
  |
  `- 9d4c
a9d8: CALL __errno_location (external)
a9dd: MOV Reg R13D, Address (SizeDir 32 (FromReg RAX)) 3
a9e0: MOV Reg RBP, Reg RAX 3
a9e3: MOV Reg RDI, Reg RBX 3
a9e6: XOR Reg R12D, Reg R12D 3
a9e9: MOV Reg ESI, Reg R13D 3
a9ec: CALL xc_strerror (external)
a9f1: MOV Reg ECX, Address (SizeDir 32 (FromReg RBP)) 3
a9f4: LEA Reg RDX, Address (SizeDir 64 (AddrPlus (FromReg RIP) (AddrImm 107397))) 7
a9fb: MOV Reg R8, Reg RAX 3
a9fe: MOV Reg ESI, Immediate 1 5
aa03: MOV Reg RDI, Reg RBX 3
aa06: XOR Reg EAX, Reg EAX 2
aa08: CALL xc_report_error (external)
aa0d: MOV Address (SizeDir 32 (FromReg RBP)), Reg R13D 4
aa11: MOV Address (SizeDir 64 (AddrPlus (FromReg RSP) (AddrImm 8))), Immediate 0 9
aa1a: MOV Address (SizeDir 64 (AddrPlus (FromReg RSP) (AddrImm 40))), Immediate 0 9
aa23: JMP 9d4c (resolved immediate)
  |
  `- 9d4c
aa30: MOV Address (SizeDir 32 (AddrPlus (FromReg RSP) (AddrImm 16))), Reg EAX 4
aa34: XOR Reg R12D, Reg R12D 3
aa37: MOV Address (SizeDir 64 (AddrPlus (FromReg RSP) (AddrImm 8))), Immediate 0 9
aa40: MOV Address (SizeDir 64 (AddrPlus (FromReg RSP) (AddrImm 40))), Immediate 0 9
aa49: JMP 9d4c (resolved immediate)
  |
  `- 9d4c
aa4e: MOV Reg RDI, Reg R12 3
aa51: CALL free (external)
aa56: CALL __errno_location (external)
aa5b: MOV Reg R13D, Address (SizeDir 32 (FromReg RAX)) 3
aa5e: MOV Reg RBP, Reg RAX 3
aa61: MOV Reg RDI, Reg RBX 3
aa64: XOR Reg R12D, Reg R12D 3
aa67: MOV Reg ESI, Reg R13D 3
aa6a: CALL xc_strerror (external)
aa6f: MOV Reg ECX, Address (SizeDir 32 (FromReg RBP)) 3
aa72: LEA Reg RDX, Address (SizeDir 64 (AddrPlus (FromReg RIP) (AddrImm 107399))) 7
aa79: MOV Reg R8, Reg RAX 3
aa7c: MOV Reg ESI, Immediate 1 5
aa81: MOV Reg RDI, Reg RBX 3
aa84: XOR Reg EAX, Reg EAX 2
aa86: CALL xc_report_error (external)
aa8b: MOV Address (SizeDir 32 (FromReg RBP)), Reg R13D 4
aa8f: JMP 9d4c (resolved immediate)
  |
  `- 9d4c
aa94: CALL __errno_location (external)
aa99: MOV Reg R13D, Address (SizeDir 32 (FromReg RAX)) 3
aa9c: MOV Reg RBP, Reg RAX 3
aa9f: MOV Reg RDI, Reg RBX 3
aaa2: MOV Reg ESI, Reg R13D 3
aaa5: CALL xc_strerror (external)
aaaa: MOV Reg ECX, Address (SizeDir 32 (FromReg RBP)) 3
aaad: LEA Reg RDX, Address (SizeDir 64 (AddrPlus (FromReg RIP) (AddrImm 107388))) 7
aab4: MOV Reg R8, Reg RAX 3
aab7: MOV Reg ESI, Immediate 1 5
aabc: MOV Reg RDI, Reg RBX 3
aabf: XOR Reg EAX, Reg EAX 2
aac1: CALL xc_report_error (external)
aac6: MOV Address (SizeDir 32 (FromReg RBP)), Reg R13D 4
aaca: JMP 9d4c (resolved immediate)
  |
  `- 9d4c
aacf: CALL __errno_location (external)
aad4: MOV Reg R12D, Address (SizeDir 32 (FromReg RAX)) 3
aad7: MOV Reg RBP, Reg RAX 3
aada: MOV Reg RDI, Reg RBX 3
aadd: MOV Reg ESI, Reg R12D 3
aae0: CALL xc_strerror (external)
aae5: MOV Reg ECX, Address (SizeDir 32 (FromReg RBP)) 3
aae8: LEA Reg RDX, Address (SizeDir 64 (AddrPlus (FromReg RIP) (AddrImm 106889))) 7
aaef: MOV Reg R8, Reg RAX 3
aaf2: MOV Reg ESI, Immediate 1 5
aaf7: MOV Reg RDI, Reg RBX 3
aafa: XOR Reg EAX, Reg EAX 2
aafc: CALL xc_report_error (external)
ab01: XOR Reg R15D, Reg R15D 3
ab04: MOV Address (SizeDir 32 (FromReg RBP)), Reg R12D 4
ab08: XOR Reg R14D, Reg R14D 3
ab0b: XOR Reg R12D, Reg R12D 3
ab0e: MOV Address (SizeDir 64 (AddrPlus (FromReg RSP) (AddrImm 8))), Immediate 0 9
ab17: MOV Address (SizeDir 64 (AddrPlus (FromReg RSP) (AddrImm 40))), Immediate 0 9
ab20: MOV Address (SizeDir 64 (AddrPlus (FromReg RSP) (AddrImm 24))), Immediate 0 9
ab29: MOV Address (SizeDir 32 (AddrPlus (FromReg RSP) (AddrImm 16))), Immediate 4294967295 8
ab31: JMP 9d4c (resolved immediate)
  |
  `- 9d4c
ab36: CALL __errno_location (external)
ab3b: MOV Reg R13D, Address (SizeDir 32 (FromReg RAX)) 3
ab3e: MOV Reg R12, Reg RAX 3
ab41: MOV Reg RDI, Reg RBX 3
ab44: MOV Reg ESI, Reg R13D 3
ab47: CALL xc_strerror (external)
ab4c: MOV Reg R8D, Address (SizeDir 32 (FromReg R12)) 4
ab50: LEA Reg RDX, Address (SizeDir 64 (AddrPlus (FromReg RIP) (AddrImm 106913))) 7
ab57: MOV Reg R9, Reg RAX 3
ab5a: MOV Reg ECX, Reg EBP 2
ab5c: MOV Reg ESI, Immediate 1 5
ab61: MOV Reg RDI, Reg RBX 3
ab64: XOR Reg EAX, Reg EAX 2
ab66: CALL xc_report_error (external)
ab6b: MOV Address (SizeDir 32 (FromReg R12)), Reg R13D 4
ab6f: JMP a8dc (resolved immediate)
  |
  `- a8dc
ab74: CALL __errno_location (external)
ab79: MOV Reg R13D, Address (SizeDir 32 (FromReg RAX)) 3
ab7c: MOV Reg RBP, Reg RAX 3
ab7f: MOV Reg RDI, Reg RBX 3
ab82: MOV Reg ESI, Reg R13D 3
ab85: CALL xc_strerror (external)
ab8a: MOV Reg ECX, Address (SizeDir 32 (FromReg RBP)) 3
ab8d: MOV Reg R8, Reg RAX 3
ab90: LEA Reg RDX, Address (SizeDir 64 (AddrPlus (FromReg RIP) (AddrImm 107217))) 7
ab97: JMP aab7 (resolved immediate)
  |
  `- aab7
ab9c: CALL __errno_location (external)
aba1: MOV Reg R13D, Address (SizeDir 32 (FromReg RAX)) 3
aba4: MOV Reg RBP, Reg RAX 3
aba7: MOV Reg ESI, Reg R13D 3
abaa: MOV Reg RDI, Reg RBX 3
abad: XOR Reg R12D, Reg R12D 3
abb0: CALL xc_strerror (external)
abb5: MOV Reg ECX, Address (SizeDir 32 (FromReg RBP)) 3
abb8: LEA Reg RDX, Address (SizeDir 64 (AddrPlus (FromReg RIP) (AddrImm 106593))) 7
abbf: MOV Reg R8, Reg RAX 3
abc2: MOV Reg ESI, Immediate 1 5
abc7: MOV Reg RDI, Reg RBX 3
abca: XOR Reg EAX, Reg EAX 2
abcc: CALL xc_report_error (external)
abd1: MOV Address (SizeDir 32 (FromReg RBP)), Reg R13D 4
abd5: MOV Address (SizeDir 64 (AddrPlus (FromReg RSP) (AddrImm 8))), Immediate 0 9
abde: JMP 9d4c (resolved immediate)
  |
  `- 9d4c
abe3: CALL __errno_location (external)
abe8: MOV Reg R12D, Address (SizeDir 32 (FromReg RAX)) 3
abeb: MOV Reg RBP, Reg RAX 3
abee: MOV Reg RDI, Reg RBX 3
abf1: MOV Reg ESI, Reg R12D 3
abf4: CALL xc_strerror (external)
abf9: MOV Reg ECX, Address (SizeDir 32 (FromReg RBP)) 3
abfc: LEA Reg RDX, Address (SizeDir 64 (AddrPlus (FromReg RIP) (AddrImm 106829))) 7
ac03: MOV Reg R8, Reg RAX 3
ac06: MOV Reg ESI, Immediate 1 5
ac0b: MOV Reg RDI, Reg RBX 3
ac0e: XOR Reg EAX, Reg EAX 2
ac10: CALL xc_report_error (external)
ac15: MOV Address (SizeDir 32 (FromReg RBP)), Reg R12D 4
ac19: XOR Reg R12D, Reg R12D 3
ac1c: MOV Address (SizeDir 64 (AddrPlus (FromReg RSP) (AddrImm 8))), Immediate 0 9
ac25: MOV Address (SizeDir 64 (AddrPlus (FromReg RSP) (AddrImm 40))), Immediate 0 9
ac2e: MOV Address (SizeDir 64 (AddrPlus (FromReg RSP) (AddrImm 24))), Immediate 0 9
ac37: MOV Address (SizeDir 32 (AddrPlus (FromReg RSP) (AddrImm 16))), Immediate 4294967295 8
ac3f: JMP 9d4c (resolved immediate)
  |
  `- 9d4c
ac44: CALL __errno_location (external)
ac49: MOV Reg R12D, Address (SizeDir 32 (FromReg RAX)) 3
ac4c: MOV Reg RBP, Reg RAX 3
ac4f: MOV Reg RDI, Reg RBX 3
ac52: MOV Reg ESI, Reg R12D 3
ac55: CALL xc_strerror (external)
ac5a: MOV Reg ECX, Address (SizeDir 32 (FromReg RBP)) 3
ac5d: MOV Reg R8, Reg RAX 3
ac60: LEA Reg RDX, Address (SizeDir 64 (AddrPlus (FromReg RIP) (AddrImm 106473))) 7
ac67: JMP aaf2 (resolved immediate)
  |
  `- aaf2
ac6c: CALL __errno_location (external)
ac71: MOV Reg R13D, Address (SizeDir 32 (FromReg RAX)) 3
ac74: MOV Reg RBP, Reg RAX 3
ac77: MOV Reg RDI, Reg RBX 3
ac7a: MOV Reg ESI, Reg R13D 3
ac7d: CALL xc_strerror (external)
ac82: MOV Reg ECX, Address (SizeDir 32 (FromReg RBP)) 3
ac85: MOV Reg R8, Reg RAX 3
ac88: LEA Reg RDX, Address (SizeDir 64 (AddrPlus (FromReg RIP) (AddrImm 107025))) 7
ac8f: JMP aab7 (resolved immediate)
  |
  `- aab7
ac94: CALL __errno_location (external)
ac99: MOV Reg R13D, Address (SizeDir 32 (FromReg RAX)) 3
ac9c: MOV Reg RBP, Reg RAX 3
ac9f: MOV Reg RDI, Reg RBX 3
aca2: MOV Reg ESI, Reg R13D 3
aca5: CALL xc_strerror (external)
acaa: MOV Reg ECX, Address (SizeDir 32 (FromReg RBP)) 3
acad: LEA Reg RDX, Address (SizeDir 64 (AddrPlus (FromReg RIP) (AddrImm 106780))) 7
acb4: MOV Reg R8, Reg RAX 3
acb7: MOV Reg RDI, Reg RBX 3
acba: MOV Reg ESI, Immediate 1 5
acbf: XOR Reg EAX, Reg EAX 2
acc1: CALL xc_report_error (external)
acc6: MOV Reg RDI, Address (SizeDir 64 (AddrPlus (FromReg RSP) (AddrImm 8))) 5
accb: MOV Address (SizeDir 32 (FromReg RBP)), Reg R13D 4
accf: CALL free (external)
acd4: JMP aba7 (resolved immediate)
  |
  `- aba7
acd9: CALL __errno_location (external)
acde: MOV Reg R12D, Address (SizeDir 32 (FromReg RAX)) 3
ace1: MOV Reg RBP, Reg RAX 3
ace4: MOV Reg RDI, Reg RBX 3
ace7: MOV Reg ESI, Reg R12D 3
acea: CALL xc_strerror (external)
acef: MOV Reg ECX, Address (SizeDir 32 (FromReg RBP)) 3
acf2: MOV Reg R8, Reg RAX 3
acf5: LEA Reg RDX, Address (SizeDir 64 (AddrPlus (FromReg RIP) (AddrImm 106532))) 7
acfc: JMP ac06 (resolved immediate)
  |
  `- ac06
ad01: CALL __errno_location (external)
ad06: MOV Reg R13D, Address (SizeDir 32 (FromReg RAX)) 3
ad09: MOV Reg RBP, Reg RAX 3
ad0c: MOV Reg RDI, Reg RBX 3
ad0f: MOV Reg ESI, Reg R13D 3
ad12: CALL xc_strerror (external)
ad17: MOV Reg ECX, Address (SizeDir 32 (FromReg RBP)) 3
ad1a: MOV Reg R8, Reg RAX 3
ad1d: LEA Reg RDX, Address (SizeDir 64 (AddrPlus (FromReg RIP) (AddrImm 106932))) 7
ad24: JMP aab7 (resolved immediate)
  |
  `- aab7
ad29: CALL __stack_chk_fail (external)
  |
  `- 
ad2e: CALL __errno_location (external)
ad33: MOV Reg R13D, Address (SizeDir 32 (FromReg RAX)) 3
ad36: MOV Reg RBP, Reg RAX 3
ad39: MOV Reg RDI, Reg RBX 3
ad3c: MOV Reg ESI, Reg R13D 3
ad3f: CALL xc_strerror (external)
ad44: MOV Reg ECX, Address (SizeDir 32 (FromReg RBP)) 3
ad47: MOV Reg R8, Reg RAX 3
ad4a: LEA Reg RDX, Address (SizeDir 64 (AddrPlus (FromReg RIP) (AddrImm 107015))) 7
ad51: JMP aab7 (resolved immediate)
  |
  `- aab7
ad56: MOV Address (SizeDir 32 (AddrPlus (FromReg RSP) (AddrImm 16))), Reg EAX 4
ad5a: JMP 9d4c (resolved immediate)
  |
  `- 9d4c
ad5f: CALL __errno_location (external)
ad64: MOV Reg R13D, Address (SizeDir 32 (FromReg RAX)) 3
ad67: MOV Reg RBP, Reg RAX 3
ad6a: MOV Reg RDI, Reg RBX 3
ad6d: MOV Reg ESI, Reg R13D 3
ad70: CALL xc_strerror (external)
ad75: MOV Reg ECX, Address (SizeDir 32 (FromReg RBP)) 3
ad78: MOV Reg R8, Reg RAX 3
ad7b: LEA Reg RDX, Address (SizeDir 64 (AddrPlus (FromReg RIP) (AddrImm 106902))) 7
ad82: JMP aab7 (resolved immediate)
  |
  `- aab7
ad87: MOV Reg R8D, Address (SizeDir 32 (AddrPlus (FromReg RAX) (AddrTimes (AddrImm 1) (FromReg R12)))) 4
ad8b: MOV Reg EAX, Immediate 4294967295 5
ad90: CMP Reg R8, Reg RAX 3
ad93: JNE a7ec (resolved immediate)
  |
  `- a7ec,ad99
ad99: JMP a880 (resolved immediate)
  |
  `- a880
ad9e: CALL __errno_location (external)
ada3: MOV Reg R13D, Address (SizeDir 32 (FromReg RAX)) 3
ada6: MOV Reg RBP, Reg RAX 3
ada9: MOV Reg RDI, Reg RBX 3
adac: MOV Reg ESI, Reg R13D 3
adaf: CALL xc_strerror (external)
adb4: MOV Reg ECX, Address (SizeDir 32 (FromReg RBP)) 3
adb7: MOV Reg R8, Reg RAX 3
adba: LEA Reg RDX, Address (SizeDir 64 (AddrPlus (FromReg RIP) (AddrImm 106959))) 7
adc1: JMP aab7 (resolved immediate)
  |
  `- aab7
adc6: MOV Reg RDI, Address (SizeDir 64 (AddrPlus (FromReg RSP) (AddrImm 72))) 5
adcb: MOV Reg RSI, Reg R14 3
adce: CALL xc_core_arch_gpfn_may_present (external)
add3: TEST Reg EAX, Reg EAX 2
add5: JE a880 (resolved immediate)
  |
  `- a880,addb
addb: MOV Reg RAX, Address (SizeDir 64 (AddrPlus (FromReg RSP) (AddrImm 40))) 5
ade0: MOV Reg R8, Reg R14 3
ade3: MOV Address (SizeDir 64 (AddrPlus (FromReg RAX) (AddrTimes (AddrImm 8) (FromReg R13)))), Reg R14 4
ade7: JMP a7ff (resolved immediate)
  |
  `- a7ff
adec: CALL __errno_location (external)
adf1: MOV Reg RSI, Address (SizeDir 64 (AddrPlus (FromReg RBX) (AddrImm 8))) 4
adf5: MOV Reg R9, Address (SizeDir 64 (AddrPlus (FromReg RSP) (AddrImm 80))) 5
adfa: LEA Reg R8, Address (SizeDir 64 (AddrPlus (FromReg RIP) (AddrImm 106967))) 7
ae01: MOV Reg R13D, Address (SizeDir 32 (FromReg RAX)) 3
ae04: XOR Reg ECX, Reg ECX 2
ae06: MOV Reg RBP, Reg RAX 3
ae09: MOV Reg EDX, Immediate 5 5
ae0e: XOR Reg EAX, Reg EAX 2
ae10: MOV Reg RDI, Reg RBX 3
ae13: MOV Reg R14, Address (SizeDir 64 (AddrPlus (FromReg RSP) (AddrImm 96))) 5
ae18: MOV Reg R15, Address (SizeDir 64 (AddrPlus (FromReg RSP) (AddrImm 104))) 5
ae1d: MOV Reg R12, Address (SizeDir 64 (AddrPlus (FromReg RSP) (AddrImm 112))) 5
ae22: CALL xc_report (external)
ae27: MOV Reg RCX, Address (SizeDir 64 (AddrPlus (FromReg RSP) (AddrImm 16))) 5
ae2c: MOV Reg RDX, Address (SizeDir 64 (AddrPlus (FromReg RSP) (AddrImm 32))) 5
ae31: MOV Reg RDI, Reg RBX 3
ae34: MOV Address (SizeDir 32 (FromReg RBP)), Reg R13D 4
ae38: MOV Reg RSI, Address (SizeDir 64 (AddrPlus (FromReg RSP) (AddrImm 56))) 5
ae3d: MOV Reg RAX, Address (SizeDir 64 (AddrPlus (FromReg RSP) (AddrImm 64))) 5
ae42: SUB Reg RCX, Reg RDX 3
ae45: CALL Reg RAX 2
ae47: TEST Reg EAX, Reg EAX 2
ae49: MOV Address (SizeDir 32 (AddrPlus (FromReg RSP) (AddrImm 16))), Reg EAX 4
ae4d: JNE 9d4c (resolved immediate)
  |
  `- 9d4c,ae53
ae53: CMP Address (SizeDir 32 (AddrPlus (FromReg RSP) (AddrImm 52))), Immediate 0 5
ae58: MOV Reg ECX, Address (SizeDir 32 (AddrPlus (FromReg RSP) (AddrImm 80))) 4
ae5c: JNE aff9 (resolved immediate)
  |
  `- ae62,aff9
ae62: MOV Reg RDX, Address (SizeDir 64 (AddrPlus (FromReg RSP) (AddrImm 24))) 5
ae67: SHL Reg ECX, Immediate 4 3
ae6a: MOV Reg RSI, Address (SizeDir 64 (AddrPlus (FromReg RSP) (AddrImm 56))) 5
ae6f: MOV Reg RDI, Reg RBX 3
ae72: MOV Reg RAX, Address (SizeDir 64 (AddrPlus (FromReg RSP) (AddrImm 64))) 5
ae77: CALL Reg RAX 2
ae79: MOV Address (SizeDir 32 (AddrPlus (FromReg RSP) (AddrImm 16))), Reg EAX 4
ae7d: CMP Address (SizeDir 32 (AddrPlus (FromReg RSP) (AddrImm 16))), Immediate 0 5
ae82: JNE 9d4c (resolved immediate)
  |
  `- 9d4c,ae88
ae88: MOV Reg RAX, Address (SizeDir 64 (AddrPlus (FromReg RSP) (AddrImm 8))) 5
ae8d: MOV Reg RSI, Address (SizeDir 64 (AddrPlus (FromReg RSP) (AddrImm 56))) 5
ae92: MOV Reg RDI, Reg RBX 3
ae95: MOVZX Reg ECX, Address (SizeDir 16 (AddrPlus (FromReg RAX) (AddrImm 8))) 4
ae99: MOV Reg RDX, Address (SizeDir 64 (FromReg RAX)) 3
ae9c: MOV Reg RAX, Address (SizeDir 64 (AddrPlus (FromReg RSP) (AddrImm 64))) 5
aea1: CALL Reg RAX 2
aea3: MOV Address (SizeDir 32 (AddrPlus (FromReg RSP) (AddrImm 16))), Reg EAX 4
aea7: JMP 9d4c (resolved immediate)
  |
  `- 9d4c
aeac: ADD Address (SizeDir 32 (AddrPlus (FromReg RSP) (AddrImm 88))), Immediate 1 5
aeb1: JMP a75f (resolved immediate)
  |
  `- a75f
aeb6: MOV Reg RAX, Address (SizeDir 64 (AddrPlus (FromReg RSP) (AddrImm 80))) 5
aebb: SUB Reg RSP, Immediate 8 4
aebf: MOV Reg R8D, Immediate 1 6
aec5: PUSH Immediate 8 2
aec7: PUSH Immediate 8 2
aec9: LEA Reg RCX, Address (SizeDir 64 (AddrPlus (FromReg RIP) (AddrImm 106908))) 7
aed0: LEA Reg R10, Address (SizeDir 64 (AddrTimes (AddrImm 8) (FromReg RAX))) 8
aed8: PUSH Reg R10 2
aeda: MOV Reg R9, Address (SizeDir 64 (AddrPlus (FromReg RSP) (AddrImm 144))) 8
aee2: MOV Address (SizeDir 64 (AddrPlus (FromReg RSP) (AddrImm 168))), Reg R10 8
aeea: JMP a2cc (resolved immediate)
  |
  `- a2cc
aeef: MOV Reg R14, Address (SizeDir 64 (AddrPlus (FromReg RSP) (AddrImm 96))) 5
aef4: MOV Reg R15, Address (SizeDir 64 (AddrPlus (FromReg RSP) (AddrImm 104))) 5
aef9: MOV Reg R12, Address (SizeDir 64 (AddrPlus (FromReg RSP) (AddrImm 112))) 5
aefe: MOV Address (SizeDir 32 (AddrPlus (FromReg RSP) (AddrImm 16))), Reg EAX 4
af02: JMP 9d4c (resolved immediate)
  |
  `- 9d4c
af07: MOV Reg RCX, Address (SizeDir 64 (AddrPlus (FromReg RSP) (AddrImm 16))) 5
af0c: MOV Reg RDX, Address (SizeDir 64 (AddrPlus (FromReg RSP) (AddrImm 32))) 5
af11: MOV Reg RDI, Reg RBX 3
af14: MOV Reg R14, Address (SizeDir 64 (AddrPlus (FromReg RSP) (AddrImm 96))) 5
af19: MOV Reg R15, Address (SizeDir 64 (AddrPlus (FromReg RSP) (AddrImm 104))) 5
af1e: MOV Reg R12, Address (SizeDir 64 (AddrPlus (FromReg RSP) (AddrImm 112))) 5
af23: MOV Reg RSI, Address (SizeDir 64 (AddrPlus (FromReg RSP) (AddrImm 56))) 5
af28: SUB Reg RCX, Reg RDX 3
af2b: MOV Reg RAX, Address (SizeDir 64 (AddrPlus (FromReg RSP) (AddrImm 64))) 5
af30: CALL Reg RAX 2
af32: TEST Reg EAX, Reg EAX 2
af34: MOV Address (SizeDir 32 (AddrPlus (FromReg RSP) (AddrImm 16))), Reg EAX 4
af38: JNE 9d4c (resolved immediate)
  |
  `- 9d4c,af3e
af3e: CMP Reg R13, Address (SizeDir 64 (AddrPlus (FromReg RSP) (AddrImm 80))) 5
af43: JAE ae53 (resolved immediate)
  |
  `- ae53,af49
af49: CALL __errno_location (external)
af4e: MOV Reg R10D, Address (SizeDir 32 (FromReg RAX)) 3
af51: SUB Reg RSP, Immediate 8 4
af55: MOV Reg RSI, Address (SizeDir 64 (AddrPlus (FromReg RBX) (AddrImm 8))) 4
af59: LEA Reg R8, Address (SizeDir 64 (AddrPlus (FromReg RIP) (AddrImm 106773))) 7
af60: MOV Reg RBP, Reg RAX 3
af63: XOR Reg ECX, Reg ECX 2
af65: MOV Reg EDX, Immediate 3 5
af6a: MOV Reg RDI, Reg RBX 3
af6d: XOR Reg EAX, Reg EAX 2
af6f: MOV Address (SizeDir 32 (AddrPlus (FromReg RSP) (AddrImm 24))), Reg R10D 5
af74: PUSH Address (SizeDir 64 (AddrPlus (FromReg RSP) (AddrImm 88))) 4
af78: MOV Reg R9, Reg R13 3
af7b: CALL xc_report (external)
af80: MOV Reg RDI, Address (SizeDir 64 (AddrPlus (FromReg RSP) (AddrImm 48))) 5
af85: XOR Reg EAX, Reg EAX 2
af87: MOV Reg ECX, Immediate 512 5
af8c: MOV Reg R10D, Address (SizeDir 32 (AddrPlus (FromReg RSP) (AddrImm 32))) 5
af91: OR Reg R8, Immediate 18446744073709551615 4
af95: REP STOSQ Address (SizeDir 64 (FromReg RDI)), Reg RAX 3
af98: MOV Address (SizeDir 32 (FromReg RBP)), Reg R10D 4
af9c: MOV Reg RBP, Reg R13 3
af9f: SHL Reg RBP, Immediate 4 4
afa3: POP Reg RAX 1
afa4: POP Reg RDX 1
afa5: MOV Address (SizeDir 64 (AddrPlus (FromReg RSP) (AddrImm 16))), Reg R8 5
afaa: MOV Reg ECX, Immediate 4096 5
afaf: MOV Reg RDX, Address (SizeDir 64 (AddrPlus (FromReg RSP) (AddrImm 32))) 5
afb4: MOV Reg RSI, Address (SizeDir 64 (AddrPlus (FromReg RSP) (AddrImm 56))) 5
afb9: MOV Reg RDI, Reg RBX 3
afbc: MOV Reg RAX, Address (SizeDir 64 (AddrPlus (FromReg RSP) (AddrImm 64))) 5
afc1: CALL Reg RAX 2
afc3: TEST Reg EAX, Reg EAX 2
afc5: JNE ad56 (resolved immediate)
  |
  `- ad56,afcb
afcb: CMP Address (SizeDir 32 (AddrPlus (FromReg RSP) (AddrImm 52))), Immediate 0 5
afd0: MOV Reg R8, Address (SizeDir 64 (AddrPlus (FromReg RSP) (AddrImm 16))) 5
afd5: JNE b006 (resolved immediate)
  |
  `- afd7,b006
afd7: MOV Reg RAX, Address (SizeDir 64 (AddrPlus (FromReg RSP) (AddrImm 24))) 5
afdc: MOV Address (SizeDir 64 (AddrPlus (FromReg RAX) (AddrTimes (AddrImm 1) (FromReg RBP)))), Reg R8 4
afe0: MOV Address (SizeDir 64 (AddrPlus (AddrPlus (FromReg RAX) (AddrTimes (AddrImm 1) (FromReg RBP))) (AddrImm 8))), Reg R8 5
afe5: ADD Reg R13, Immediate 1 4
afe9: ADD Reg RBP, Immediate 16 4
afed: CMP Address (SizeDir 64 (AddrPlus (FromReg RSP) (AddrImm 80))), Reg R13 5
aff2: JNE afa5 (resolved immediate)
  |
  `- afa5,aff4
aff4: JMP ae53 (resolved immediate)
  |
  `- ae53
aff9: SHL Reg ECX, Immediate 3 3
affc: MOV Reg RDX, Address (SizeDir 64 (AddrPlus (FromReg RSP) (AddrImm 40))) 5
b001: JMP ae6a (resolved immediate)
  |
  `- ae6a
b006: MOV Reg RAX, Address (SizeDir 64 (AddrPlus (FromReg RSP) (AddrImm 40))) 5
b00b: MOV Address (SizeDir 64 (AddrPlus (FromReg RAX) (AddrTimes (AddrImm 8) (FromReg R13)))), Reg R8 4
b00f: JMP afe5 (resolved immediate)
  |
  `- afe5
