Number of assembly instructions     = 82
Number of indirect branches         = 0
Number of unresolved indirect jumps = 0: 
Number of unresolved indirect calls = 0: 
Number of symbolic states (representative of non-determinism): 82
Number of edges: 84

12370 (False): 0

12370: PUSH Reg R13 2
12372: PUSH Reg R12 2
12374: MOVZX Reg EDX, Reg DX 3
12377: PUSH Reg RBP 1
12378: PUSH Reg RBX 1
12379: MOV Reg RBX, Reg RDI 3
1237c: SUB Reg RSP, Immediate 216 7
12383: MOV Reg RAX, Address (SizeDir 64 (AddrPlus (FromReg FS) (AddrImm 40))) 9
1238c: MOV Address (SizeDir 64 (AddrPlus (FromReg RSP) (AddrImm 200))), Reg RAX 8
12394: XOR Reg EAX, Reg EAX 2
12396: LEA Reg RAX, Address (SizeDir 64 (AddrPlus (FromReg RSP) (AddrImm 48))) 5
1239b: MOV Reg RBP, Reg RSP 3
1239e: MOV Address (SizeDir 16 (AddrPlus (FromReg RSP) (AddrImm 56))), Reg SI 5
123a3: MOV Reg RSI, Reg RBP 3
123a6: MOV Address (SizeDir 32 (AddrPlus (FromReg RSP) (AddrImm 68))), Immediate 4 8
123ae: MOV Address (SizeDir 32 (AddrPlus (FromReg RSP) (AddrImm 64))), Reg EDX 4
123b2: MOV Address (SizeDir 64 (AddrPlus (FromReg RSP) (AddrImm 24))), Reg RAX 5
123b7: MOVABS Reg RAX, Immediate 73014444070 10
123c1: MOV Address (SizeDir 16 (AddrPlus (FromReg RSP) (AddrImm 72))), Reg CX 5
123c6: MOV Address (SizeDir 64 (FromReg RSP)), Immediate 0 8
123ce: MOV Address (SizeDir 64 (AddrPlus (FromReg RSP) (AddrImm 8))), Immediate 0 9
123d7: MOV Address (SizeDir 32 (AddrPlus (FromReg RSP) (AddrImm 16))), Immediate 3 8
123df: MOV Address (SizeDir 64 (AddrPlus (FromReg RSP) (AddrImm 32))), Immediate 144 9
123e8: MOV Address (SizeDir 64 (AddrPlus (FromReg RSP) (AddrImm 48))), Reg RAX 5
123ed: CALL xc__hypercall_bounce_pre (external)
123f2: TEST Reg EAX, Reg EAX 2
123f4: JNE 12496 (resolved immediate)
  |
  `- 123fa,12496
123fa: MOV Reg RAX, Address (SizeDir 64 (AddrPlus (FromReg RSP) (AddrImm 8))) 5
123ff: MOV Reg RDI, Address (SizeDir 64 (AddrPlus (FromReg RBX) (AddrImm 1088))) 7
12406: MOV Reg ESI, Immediate 36 5
1240b: TEST Reg RAX, Reg RAX 3
1240e: CMOVE Reg RAX, Reg RBP 4
12412: MOV Reg RDX, Address (SizeDir 64 (FromReg RAX)) 3
12415: CALL xencall1 (external)
1241a: TEST Reg EAX, Reg EAX 2
1241c: MOV Reg R12D, Reg EAX 3
1241f: JNS 1242e (resolved immediate)
  |
  `- 12421,1242e
12421: CALL __errno_location (external)
12426: CMP Address (SizeDir 32 (FromReg RAX)), Immediate 13 3
12429: MOV Reg R13, Reg RAX 3
1242c: JE 12470 (resolved immediate)
  |
  `- 1242e,12470
1242e: MOV Reg RSI, Address (SizeDir 64 (AddrPlus (FromReg RSP) (AddrImm 8))) 5
12433: MOV Reg RDI, Reg RBX 3
12436: TEST Reg RSI, Reg RSI 3
12439: CMOVE Reg RSI, Reg RBP 4
1243d: CALL xc__hypercall_bounce_post (external)
12442: MOV Reg RCX, Address (SizeDir 64 (AddrPlus (FromReg RSP) (AddrImm 200))) 8
1244a: XOR Reg RCX, Address (SizeDir 64 (AddrPlus (FromReg FS) (AddrImm 40))) 9
12453: MOV Reg EAX, Reg R12D 3
12456: JNE 124d7 (resolved immediate)
  |
  `- 12458,124d7
12458: ADD Reg RSP, Immediate 216 7
1245f: POP Reg RBX 1
12460: POP Reg RBP 1
12461: POP Reg R12 2
12463: POP Reg R13 2
12465: RET  1
  |
  `- 
12470: MOV Reg RSI, Address (SizeDir 64 (AddrPlus (FromReg RBX) (AddrImm 8))) 4
12474: LEA Reg R8, Address (SizeDir 64 (AddrPlus (FromReg RIP) (AddrImm 77605))) 7
1247b: XOR Reg ECX, Reg ECX 2
1247d: MOV Reg EDX, Immediate 3 5
12482: MOV Reg RDI, Reg RBX 3
12485: XOR Reg EAX, Reg EAX 2
12487: CALL xc_report (external)
1248c: MOV Address (SizeDir 32 (FromReg R13)), Immediate 13 8
12494: JMP 1242e (resolved immediate)
  |
  `- 1242e
12496: CALL __errno_location (external)
1249b: MOV Reg R12D, Address (SizeDir 32 (FromReg RAX)) 3
1249e: MOV Reg RBP, Reg RAX 3
124a1: MOV Reg RDI, Reg RBX 3
124a4: MOV Reg ESI, Reg R12D 3
124a7: CALL xc_strerror (external)
124ac: MOV Reg ECX, Address (SizeDir 32 (FromReg RBP)) 3
124af: LEA Reg RDX, Address (SizeDir 64 (AddrPlus (FromReg RIP) (AddrImm 77490))) 7
124b6: MOV Reg R8, Reg RAX 3
124b9: MOV Reg ESI, Immediate 1 5
124be: MOV Reg RDI, Reg RBX 3
124c1: XOR Reg EAX, Reg EAX 2
124c3: CALL xc_report_error (external)
124c8: MOV Address (SizeDir 32 (FromReg RBP)), Reg R12D 4
124cc: MOV Reg R12D, Immediate 4294967295 6
124d2: JMP 12442 (resolved immediate)
  |
  `- 12442
124d7: CALL __stack_chk_fail (external)
  |
  `- 
