Number of assembly instructions     = 86
Number of indirect branches         = 0
Number of unresolved indirect jumps = 0: 
Number of unresolved indirect calls = 0: 
Number of symbolic states (representative of non-determinism): 86
Number of edges: 86

10180 (False): 0

10180: PUSH Reg R12 2
10182: PUSH Reg RBP 1
10183: PUSH Reg RBX 1
10184: PXOR Reg XMM0, Reg XMM0 4
10188: MOV Reg RBX, Reg RDI 3
1018b: SUB Reg RSP, Immediate 176 7
10192: MOV Reg RAX, Address (SizeDir 64 (AddrPlus (FromReg FS) (AddrImm 40))) 9
1019b: MOV Address (SizeDir 64 (AddrPlus (FromReg RSP) (AddrImm 168))), Reg RAX 8
101a3: XOR Reg EAX, Reg EAX 2
101a5: LEA Reg RAX, Address (SizeDir 64 (AddrTimes (AddrImm 8) (FromReg RDX))) 8
101ad: MOV Reg RBP, Reg RSP 3
101b0: MOV Address (SizeDir 64 (FromReg RSP)), Immediate 0 8
101b8: MOVAPS Address (SizeDir 128 (AddrPlus (FromReg RSP) (AddrImm 112))), Reg XMM0 5
101bd: MOV Address (SizeDir 64 (AddrPlus (FromReg RSP) (AddrImm 32))), Reg RAX 5
101c2: MOV Reg RAX, Address (SizeDir 64 (AddrPlus (FromReg RSP) (AddrImm 216))) 8
101ca: MOVAPS Address (SizeDir 128 (AddrPlus (FromReg RSP) (AddrImm 144))), Reg XMM0 8
101d2: MOVAPS Address (SizeDir 128 (AddrPlus (FromReg RSP) (AddrImm 96))), Reg XMM0 5
101d7: MOVAPS Address (SizeDir 128 (AddrPlus (FromReg RSP) (AddrImm 128))), Reg XMM0 8
101df: MOV Address (SizeDir 64 (AddrPlus (FromReg RSP) (AddrImm 72))), Reg RAX 5
101e4: LEA Reg RAX, Address (SizeDir 64 (AddrTimes (AddrImm 8) (FromReg R9))) 8
101ec: MOV Address (SizeDir 16 (AddrPlus (FromReg RSP) (AddrImm 120))), Reg SI 5
101f1: MOV Address (SizeDir 16 (AddrPlus (FromReg RSP) (AddrImm 152))), Reg SI 8
101f9: MOV Reg RSI, Reg RBP 3
101fc: MOV Address (SizeDir 64 (AddrPlus (FromReg RSP) (AddrImm 8))), Immediate 0 9
10205: MOV Address (SizeDir 64 (AddrPlus (FromReg RSP) (AddrImm 80))), Reg RAX 5
1020a: MOV Reg EAX, Address (SizeDir 32 (AddrPlus (FromReg RSP) (AddrImm 208))) 7
10211: MOV Address (SizeDir 32 (AddrPlus (FromReg RSP) (AddrImm 16))), Immediate 1 8
10219: MOV Address (SizeDir 64 (AddrPlus (FromReg RSP) (AddrImm 24))), Reg R8 5
1021e: MOV Address (SizeDir 64 (AddrPlus (FromReg RSP) (AddrImm 48))), Immediate 0 9
10227: MOV Address (SizeDir 64 (AddrPlus (FromReg RSP) (AddrImm 56))), Immediate 0 9
10230: MOV Address (SizeDir 32 (AddrPlus (FromReg RSP) (AddrImm 64))), Immediate 2 8
10238: MOV Address (SizeDir 64 (AddrPlus (FromReg RSP) (AddrImm 160))), Immediate 0 12
10244: MOV Address (SizeDir 64 (AddrPlus (FromReg RSP) (AddrImm 104))), Reg RDX 5
10249: MOV Address (SizeDir 32 (AddrPlus (FromReg RSP) (AddrImm 112))), Reg ECX 4
1024d: MOV Address (SizeDir 64 (AddrPlus (FromReg RSP) (AddrImm 136))), Reg R9 8
10255: MOV Address (SizeDir 32 (AddrPlus (FromReg RSP) (AddrImm 144))), Reg EAX 7
1025c: CALL xc__hypercall_bounce_pre (external)
10261: TEST Reg EAX, Reg EAX 2
10263: JNE 10320 (resolved immediate)
  |
  `- 10269,10320
10269: MOV Reg RSI, Address (SizeDir 64 (AddrPlus (FromReg RSP) (AddrImm 56))) 5
1026e: LEA Reg R12, Address (SizeDir 64 (AddrPlus (FromReg RSP) (AddrImm 48))) 5
10273: MOV Reg RDI, Reg RBX 3
10276: TEST Reg RSI, Reg RSI 3
10279: CMOVE Reg RSI, Reg R12 4
1027d: CALL xc__hypercall_bounce_pre (external)
10282: TEST Reg EAX, Reg EAX 2
10284: JNE 10320 (resolved immediate)
1028a: MOV Reg RAX, Address (SizeDir 64 (AddrPlus (FromReg RSP) (AddrImm 8))) 5
1028f: LEA Reg RDX, Address (SizeDir 64 (AddrPlus (FromReg RSP) (AddrImm 96))) 5
10294: MOV Reg ECX, Immediate 72 5
10299: MOV Reg ESI, Immediate 11 5
1029e: MOV Reg RDI, Reg RBX 3
102a1: TEST Reg RAX, Reg RAX 3
102a4: CMOVE Reg RAX, Reg RBP 4
102a8: MOV Reg RAX, Address (SizeDir 64 (FromReg RAX)) 3
102ab: MOV Address (SizeDir 64 (AddrPlus (FromReg RSP) (AddrImm 96))), Reg RAX 5
102b0: MOV Reg RAX, Address (SizeDir 64 (AddrPlus (FromReg RSP) (AddrImm 56))) 5
102b5: TEST Reg RAX, Reg RAX 3
102b8: CMOVE Reg RAX, Reg R12 4
102bc: MOV Reg RAX, Address (SizeDir 64 (FromReg RAX)) 3
102bf: MOV Address (SizeDir 64 (AddrPlus (FromReg RSP) (AddrImm 128))), Reg RAX 8
102c7: CALL do_memory_op (external)
102cc: MOV Reg R12D, Reg EAX 3
102cf: MOV Reg RSI, Address (SizeDir 64 (AddrPlus (FromReg RSP) (AddrImm 8))) 5
102d4: MOV Reg RDI, Reg RBX 3
102d7: TEST Reg RSI, Reg RSI 3
102da: CMOVE Reg RSI, Reg RBP 4
102de: CALL xc__hypercall_bounce_post (external)
102e3: MOV Reg RSI, Address (SizeDir 64 (AddrPlus (FromReg RSP) (AddrImm 56))) 5
102e8: LEA Reg RAX, Address (SizeDir 64 (AddrPlus (FromReg RSP) (AddrImm 48))) 5
102ed: MOV Reg RDI, Reg RBX 3
102f0: TEST Reg RSI, Reg RSI 3
102f3: CMOVE Reg RSI, Reg RAX 4
102f7: CALL xc__hypercall_bounce_post (external)
102fc: MOV Reg RCX, Address (SizeDir 64 (AddrPlus (FromReg RSP) (AddrImm 168))) 8
10304: XOR Reg RCX, Address (SizeDir 64 (AddrPlus (FromReg FS) (AddrImm 40))) 9
1030d: MOV Reg EAX, Reg R12D 3
10310: JNE 10328 (resolved immediate)
  |
  `- 10312,10328
10312: ADD Reg RSP, Immediate 176 7
10319: POP Reg RBX 1
1031a: POP Reg RBP 1
1031b: POP Reg R12 2
1031d: RET  1
  |
  `- 
10320: MOV Reg R12D, Immediate 4294967295 6
10326: JMP 102cf (resolved immediate)
  |
  `- 102cf
10328: CALL __stack_chk_fail (external)
  |
  `- 
