Number of assembly instructions     = 98
Number of indirect branches         = 0
Number of unresolved indirect jumps = 0: 
Number of unresolved indirect calls = 0: 
Number of symbolic states (representative of non-determinism): 98
Number of edges: 101

134c0 (False): 0

134c0: PUSH Reg R13 2
134c2: PUSH Reg R12 2
134c4: MOV Reg ECX, Immediate 16 5
134c9: PUSH Reg RBP 1
134ca: PUSH Reg RBX 1
134cb: MOV Reg RBX, Reg RDI 3
134ce: SUB Reg RSP, Immediate 216 7
134d5: MOV Reg RAX, Address (SizeDir 64 (AddrPlus (FromReg FS) (AddrImm 40))) 9
134de: MOV Address (SizeDir 64 (AddrPlus (FromReg RSP) (AddrImm 200))), Reg RAX 8
134e6: XOR Reg EAX, Reg EAX 2
134e8: LEA Reg RDI, Address (AddrPlus (FromReg RSP) (AddrImm 64)) 5
134ed: MOV Address (SizeDir 64 (AddrPlus (FromReg RSP) (AddrImm 58))), Immediate 0 9
134f6: MOV Address (SizeDir 64 (AddrPlus (FromReg RSP) (AddrImm 184))), Immediate 0 12
13502: LEA Reg RDX, Address (AddrPlus (FromReg RSP) (AddrImm 48)) 5
13507: MOV Reg R12, Reg RSP 3
1350a: REP STOSQ  3
1350d: MOV Address (SizeDir 16 (AddrPlus (FromReg RSP) (AddrImm 56))), Reg SI 5
13512: MOV Reg RAX, Immediate 73014444084 10
1351c: MOV Reg RSI, Reg R12 3
1351f: MOV Reg RDI, Reg RBX 3
13522: MOV Address (SizeDir 64 (FromReg RSP)), Immediate 0 8
1352a: MOV Address (SizeDir 64 (AddrPlus (FromReg RSP) (AddrImm 8))), Immediate 0 9
13533: MOV Address (SizeDir 32 (AddrPlus (FromReg RSP) (AddrImm 16))), Immediate 3 8
1353b: MOV Address (SizeDir 64 (AddrPlus (FromReg RSP) (AddrImm 24))), Reg RDX 5
13540: MOV Address (SizeDir 64 (AddrPlus (FromReg RSP) (AddrImm 32))), Immediate 144 9
13549: MOV Address (SizeDir 64 (AddrPlus (FromReg RSP) (AddrImm 48))), Reg RAX 5
1354e: CALL xc__hypercall_bounce_pre (external)
13553: TEST Reg EAX, Reg EAX 2
13555: JNZ 13635 (resolved immediate)
  |
  `- 1355b,13635
1355b: MOV Reg RAX, Address (SizeDir 64 (AddrPlus (FromReg RSP) (AddrImm 8))) 5
13560: MOV Reg RDI, Address (SizeDir 64 (AddrPlus (FromReg RBX) (AddrImm 1088))) 7
13567: MOV Reg ESI, Immediate 36 5
1356c: TEST Reg RAX, Reg RAX 3
1356f: CMOVZ Reg RAX, Reg R12 4
13573: MOV Reg RDX, Address (SizeDir 64 (FromReg RAX)) 3
13576: CALL xencall1 (external)
1357b: TEST Reg EAX, Reg EAX 2
1357d: MOV Reg EBP, Reg EAX 2
1357f: JNS 13610 (resolved immediate)
  |
  `- 13585,13610
13585: CALL __errno_location (external)
1358a: CMP Address (SizeDir 32 (FromReg RAX)), Immediate 13 3
1358d: MOV Reg R13, Reg RAX 3
13590: JZ 135d0 (resolved immediate)
  |
  `- 13592,135d0
13592: MOV Reg RSI, Address (SizeDir 64 (AddrPlus (FromReg RSP) (AddrImm 8))) 5
13597: TEST Reg RSI, Reg RSI 3
1359a: JZ 13600 (resolved immediate)
  |
  `- 13600
135a4: MOV Reg RCX, Address (SizeDir 64 (AddrPlus (FromReg RSP) (AddrImm 200))) 8
135ac: XOR Reg RCX, Address (SizeDir 64 (AddrPlus (FromReg FS) (AddrImm 40))) 9
135b5: MOV Reg EAX, Reg EBP 2
135b7: JNZ 13675 (resolved immediate)
  |
  `- 135bd,13675
135bd: ADD Reg RSP, Immediate 216 7
135c4: POP Reg RBX 1
135c5: POP Reg RBP 1
135c6: POP Reg R12 2
135c8: POP Reg R13 2
135ca: RET  1
  |
  `- 
135d0: MOV Reg RSI, Address (SizeDir 64 (AddrPlus (FromReg RBX) (AddrImm 8))) 4
135d4: LEA Reg R8, Address (AddrPlus (FromReg RIP) (AddrImm 73157)) 7
135db: XOR Reg ECX, Reg ECX 2
135dd: XOR Reg EAX, Reg EAX 2
135df: MOV Reg EDX, Immediate 3 5
135e4: MOV Reg RDI, Reg RBX 3
135e7: CALL xc_report (external)
135ec: MOV Reg RSI, Address (SizeDir 64 (AddrPlus (FromReg RSP) (AddrImm 8))) 5
135f1: MOV Address (SizeDir 32 (AddrPlus (FromReg R13) (AddrImm 0))), Immediate 13 8
135f9: TEST Reg RSI, Reg RSI 3
135fc: JNZ 1359c (resolved immediate)
135fe: NOP  2
13600: MOV Reg RSI, Reg R12 3
13603: MOV Reg RDI, Reg RBX 3
13606: CALL xc__hypercall_bounce_post (external)
1360b: JMP 135a4 (resolved immediate)
  |
  `- 135a4
13610: MOV Reg RSI, Address (SizeDir 64 (AddrPlus (FromReg RSP) (AddrImm 8))) 5
13615: MOV Reg RDI, Reg RBX 3
13618: TEST Reg RSI, Reg RSI 3
1361b: CMOVZ Reg RSI, Reg R12 4
1361f: CALL xc__hypercall_bounce_post (external)
13624: TEST Reg EBP, Reg EBP 2
13626: JNZ 135a4 (resolved immediate)
  |
  `- 135a4,1362c
1362c: MOV Reg EBP, Address (SizeDir 32 (AddrPlus (FromReg RSP) (AddrImm 64))) 4
13630: JMP 135a4 (resolved immediate)
  |
  `- 135a4
13635: CALL __errno_location (external)
1363a: MOV Reg R12D, Address (SizeDir 32 (FromReg RAX)) 3
1363d: MOV Reg RBP, Reg RAX 3
13640: MOV Reg RDI, Reg RBX 3
13643: MOV Reg ESI, Reg R12D 3
13646: CALL xc_strerror (external)
1364b: MOV Reg ECX, Address (SizeDir 32 (AddrPlus (FromReg RBP) (AddrImm 0))) 3
1364e: LEA Reg RDX, Address (AddrPlus (FromReg RIP) (AddrImm 72979)) 7
13655: MOV Reg R8, Reg RAX 3
13658: MOV Reg ESI, Immediate 1 5
1365d: MOV Reg RDI, Reg RBX 3
13660: XOR Reg EAX, Reg EAX 2
13662: CALL xc_report_error (external)
13667: MOV Address (SizeDir 32 (AddrPlus (FromReg RBP) (AddrImm 0))), Reg R12D 4
1366b: MOV Reg EBP, Immediate 4294967295 5
13670: JMP 135a4 (resolved immediate)
  |
  `- 135a4
13675: CALL __stack_chk_fail (external)
  |
  `- 
