Number of assembly instructions     = 84
Number of indirect branches         = 0
Number of unresolved indirect jumps = 0: 
Number of unresolved indirect calls = 0: 
Number of symbolic states (representative of non-determinism): 84
Number of edges: 86

13680 (False): 0

13680: PUSH Reg R13 2
13682: PUSH Reg R12 2
13684: MOV Reg ECX, Immediate 16 5
13689: PUSH Reg RBP 1
1368a: PUSH Reg RBX 1
1368b: MOV Reg RBX, Reg RDI 3
1368e: SUB Reg RSP, Immediate 216 7
13695: MOV Reg RAX, Address (SizeDir 64 (AddrPlus (FromReg FS) (AddrImm 40))) 9
1369e: MOV Address (SizeDir 64 (AddrPlus (FromReg RSP) (AddrImm 200))), Reg RAX 8
136a6: XOR Reg EAX, Reg EAX 2
136a8: LEA Reg RDI, Address (SizeDir 64 (AddrPlus (FromReg RSP) (AddrImm 64))) 5
136ad: MOV Address (SizeDir 64 (AddrPlus (FromReg RSP) (AddrImm 58))), Immediate 0 9
136b6: MOV Address (SizeDir 64 (AddrPlus (FromReg RSP) (AddrImm 184))), Immediate 0 12
136c2: LEA Reg RDX, Address (SizeDir 64 (AddrPlus (FromReg RSP) (AddrImm 48))) 5
136c7: MOV Reg RBP, Reg RSP 3
136ca: REP STOSQ Address (SizeDir 64 (FromReg RDI)), Reg RAX 3
136cd: MOV Address (SizeDir 16 (AddrPlus (FromReg RSP) (AddrImm 56))), Reg SI 5
136d2: MOVABS Reg RAX, Immediate 73014444085 10
136dc: MOV Reg RSI, Reg RBP 3
136df: MOV Reg RDI, Reg RBX 3
136e2: MOV Address (SizeDir 64 (FromReg RSP)), Immediate 0 8
136ea: MOV Address (SizeDir 64 (AddrPlus (FromReg RSP) (AddrImm 8))), Immediate 0 9
136f3: MOV Address (SizeDir 32 (AddrPlus (FromReg RSP) (AddrImm 16))), Immediate 3 8
136fb: MOV Address (SizeDir 64 (AddrPlus (FromReg RSP) (AddrImm 24))), Reg RDX 5
13700: MOV Address (SizeDir 64 (AddrPlus (FromReg RSP) (AddrImm 32))), Immediate 144 9
13709: MOV Address (SizeDir 64 (AddrPlus (FromReg RSP) (AddrImm 48))), Reg RAX 5
1370e: CALL xc__hypercall_bounce_pre (external)
13713: TEST Reg EAX, Reg EAX 2
13715: JNE 137b6 (resolved immediate)
  |
  `- 1371b,137b6
1371b: MOV Reg RAX, Address (SizeDir 64 (AddrPlus (FromReg RSP) (AddrImm 8))) 5
13720: MOV Reg RDI, Address (SizeDir 64 (AddrPlus (FromReg RBX) (AddrImm 1088))) 7
13727: MOV Reg ESI, Immediate 36 5
1372c: TEST Reg RAX, Reg RAX 3
1372f: CMOVE Reg RAX, Reg RBP 4
13733: MOV Reg RDX, Address (SizeDir 64 (FromReg RAX)) 3
13736: CALL xencall1 (external)
1373b: TEST Reg EAX, Reg EAX 2
1373d: MOV Reg R12D, Reg EAX 3
13740: JNS 1374f (resolved immediate)
  |
  `- 13742,1374f
13742: CALL __errno_location (external)
13747: CMP Address (SizeDir 32 (FromReg RAX)), Immediate 13 3
1374a: MOV Reg R13, Reg RAX 3
1374d: JE 13790 (resolved immediate)
  |
  `- 1374f,13790
1374f: MOV Reg RSI, Address (SizeDir 64 (AddrPlus (FromReg RSP) (AddrImm 8))) 5
13754: MOV Reg RDI, Reg RBX 3
13757: TEST Reg RSI, Reg RSI 3
1375a: CMOVE Reg RSI, Reg RBP 4
1375e: CALL xc__hypercall_bounce_post (external)
13763: MOV Reg RCX, Address (SizeDir 64 (AddrPlus (FromReg RSP) (AddrImm 200))) 8
1376b: XOR Reg RCX, Address (SizeDir 64 (AddrPlus (FromReg FS) (AddrImm 40))) 9
13774: MOV Reg EAX, Reg R12D 3
13777: JNE 137f7 (resolved immediate)
  |
  `- 13779,137f7
13779: ADD Reg RSP, Immediate 216 7
13780: POP Reg RBX 1
13781: POP Reg RBP 1
13782: POP Reg R12 2
13784: POP Reg R13 2
13786: RET  1
  |
  `- 
13790: MOV Reg RSI, Address (SizeDir 64 (AddrPlus (FromReg RBX) (AddrImm 8))) 4
13794: LEA Reg R8, Address (SizeDir 64 (AddrPlus (FromReg RIP) (AddrImm 72709))) 7
1379b: XOR Reg ECX, Reg ECX 2
1379d: MOV Reg EDX, Immediate 3 5
137a2: MOV Reg RDI, Reg RBX 3
137a5: XOR Reg EAX, Reg EAX 2
137a7: CALL xc_report (external)
137ac: MOV Address (SizeDir 32 (FromReg R13)), Immediate 13 8
137b4: JMP 1374f (resolved immediate)
  |
  `- 1374f
137b6: CALL __errno_location (external)
137bb: MOV Reg R12D, Address (SizeDir 32 (FromReg RAX)) 3
137be: MOV Reg RBP, Reg RAX 3
137c1: MOV Reg RDI, Reg RBX 3
137c4: MOV Reg ESI, Reg R12D 3
137c7: CALL xc_strerror (external)
137cc: MOV Reg ECX, Address (SizeDir 32 (FromReg RBP)) 3
137cf: LEA Reg RDX, Address (SizeDir 64 (AddrPlus (FromReg RIP) (AddrImm 72594))) 7
137d6: MOV Reg R8, Reg RAX 3
137d9: MOV Reg ESI, Immediate 1 5
137de: MOV Reg RDI, Reg RBX 3
137e1: XOR Reg EAX, Reg EAX 2
137e3: CALL xc_report_error (external)
137e8: MOV Address (SizeDir 32 (FromReg RBP)), Reg R12D 4
137ec: MOV Reg R12D, Immediate 4294967295 6
137f2: JMP 13763 (resolved immediate)
  |
  `- 13763
137f7: CALL __stack_chk_fail (external)
  |
  `- 
