Number of assembly instructions     = 79
Number of indirect branches         = 0
Number of unresolved indirect jumps = 0: 
Number of unresolved indirect calls = 0: 
Number of symbolic states (representative of non-determinism): 79
Number of edges: 81

13080 (False): 0

13080: PUSH Reg R13 2
13082: PUSH Reg R12 2
13084: PUSH Reg RBP 1
13085: PUSH Reg RBX 1
13086: MOV Reg RBX, Reg RDI 3
13089: SUB Reg RSP, Immediate 216 7
13090: MOV Reg RAX, Address (SizeDir 64 (AddrPlus (FromReg FS) (AddrImm 40))) 9
13099: MOV Address (SizeDir 64 (AddrPlus (FromReg RSP) (AddrImm 200))), Reg RAX 8
130a1: XOR Reg EAX, Reg EAX 2
130a3: LEA Reg RAX, Address (AddrPlus (FromReg RSP) (AddrImm 48)) 5
130a8: MOV Reg RBP, Reg RSP 3
130ab: MOV Address (SizeDir 16 (AddrPlus (FromReg RSP) (AddrImm 56))), Reg SI 5
130b0: MOV Reg RSI, Reg RBP 3
130b3: MOV Address (SizeDir 16 (AddrPlus (FromReg RSP) (AddrImm 64))), Reg DX 5
130b8: MOV Address (SizeDir 64 (FromReg RSP)), Immediate 0 8
130c0: MOV Address (SizeDir 64 (AddrPlus (FromReg RSP) (AddrImm 24))), Reg RAX 5
130c5: MOV Reg RAX, Immediate 73014444078 10
130cf: MOV Address (SizeDir 64 (AddrPlus (FromReg RSP) (AddrImm 8))), Immediate 0 9
130d8: MOV Address (SizeDir 32 (AddrPlus (FromReg RSP) (AddrImm 16))), Immediate 3 8
130e0: MOV Address (SizeDir 64 (AddrPlus (FromReg RSP) (AddrImm 32))), Immediate 144 9
130e9: MOV Address (SizeDir 64 (AddrPlus (FromReg RSP) (AddrImm 48))), Reg RAX 5
130ee: CALL xc__hypercall_bounce_pre (external)
130f3: TEST Reg EAX, Reg EAX 2
130f5: JNZ 13196 (resolved immediate)
  |
  `- 130fb,13196
130fb: MOV Reg RAX, Address (SizeDir 64 (AddrPlus (FromReg RSP) (AddrImm 8))) 5
13100: MOV Reg RDI, Address (SizeDir 64 (AddrPlus (FromReg RBX) (AddrImm 1088))) 7
13107: MOV Reg ESI, Immediate 36 5
1310c: TEST Reg RAX, Reg RAX 3
1310f: CMOVZ Reg RAX, Reg RBP 4
13113: MOV Reg RDX, Address (SizeDir 64 (FromReg RAX)) 3
13116: CALL xencall1 (external)
1311b: TEST Reg EAX, Reg EAX 2
1311d: MOV Reg R12D, Reg EAX 3
13120: JNS 1312f (resolved immediate)
  |
  `- 13122,1312f
13122: CALL __errno_location (external)
13127: CMP Address (SizeDir 32 (FromReg RAX)), Immediate 13 3
1312a: MOV Reg R13, Reg RAX 3
1312d: JZ 13170 (resolved immediate)
  |
  `- 1312f,13170
1312f: MOV Reg RSI, Address (SizeDir 64 (AddrPlus (FromReg RSP) (AddrImm 8))) 5
13134: MOV Reg RDI, Reg RBX 3
13137: TEST Reg RSI, Reg RSI 3
1313a: CMOVZ Reg RSI, Reg RBP 4
1313e: CALL xc__hypercall_bounce_post (external)
13143: MOV Reg RCX, Address (SizeDir 64 (AddrPlus (FromReg RSP) (AddrImm 200))) 8
1314b: XOR Reg RCX, Address (SizeDir 64 (AddrPlus (FromReg FS) (AddrImm 40))) 9
13154: MOV Reg EAX, Reg R12D 3
13157: JNZ 131d7 (resolved immediate)
  |
  `- 13159,131d7
13159: ADD Reg RSP, Immediate 216 7
13160: POP Reg RBX 1
13161: POP Reg RBP 1
13162: POP Reg R12 2
13164: POP Reg R13 2
13166: RET  1
  |
  `- 
13170: MOV Reg RSI, Address (SizeDir 64 (AddrPlus (FromReg RBX) (AddrImm 8))) 4
13174: LEA Reg R8, Address (AddrPlus (FromReg RIP) (AddrImm 74277)) 7
1317b: XOR Reg ECX, Reg ECX 2
1317d: MOV Reg EDX, Immediate 3 5
13182: MOV Reg RDI, Reg RBX 3
13185: XOR Reg EAX, Reg EAX 2
13187: CALL xc_report (external)
1318c: MOV Address (SizeDir 32 (AddrPlus (FromReg R13) (AddrImm 0))), Immediate 13 8
13194: JMP 1312f (resolved immediate)
  |
  `- 1312f
13196: CALL __errno_location (external)
1319b: MOV Reg R12D, Address (SizeDir 32 (FromReg RAX)) 3
1319e: MOV Reg RBP, Reg RAX 3
131a1: MOV Reg RDI, Reg RBX 3
131a4: MOV Reg ESI, Reg R12D 3
131a7: CALL xc_strerror (external)
131ac: MOV Reg ECX, Address (SizeDir 32 (AddrPlus (FromReg RBP) (AddrImm 0))) 3
131af: LEA Reg RDX, Address (AddrPlus (FromReg RIP) (AddrImm 74162)) 7
131b6: MOV Reg R8, Reg RAX 3
131b9: MOV Reg ESI, Immediate 1 5
131be: MOV Reg RDI, Reg RBX 3
131c1: XOR Reg EAX, Reg EAX 2
131c3: CALL xc_report_error (external)
131c8: MOV Address (SizeDir 32 (AddrPlus (FromReg RBP) (AddrImm 0))), Reg R12D 4
131cc: MOV Reg R12D, Immediate 4294967295 6
131d2: JMP 13143 (resolved immediate)
  |
  `- 13143
131d7: CALL __stack_chk_fail (external)
  |
  `- 
