Number of assembly instructions     = 67
Number of indirect branches         = 0
Number of unresolved indirect jumps = 0: 
Number of unresolved indirect calls = 0: 
Number of symbolic states (representative of non-determinism): 67
Number of edges: 67

c9b0 (False): 0

c9b0: PUSH Reg R14 2
c9b2: PUSH Reg R13 2
c9b4: MOV Reg R14D, Reg ESI 3
c9b7: PUSH Reg R12 2
c9b9: PUSH Reg RBP 1
c9ba: MOV Reg R13D, Reg EDX 3
c9bd: PUSH Reg RBX 1
c9be: MOV Reg EDX, Immediate 8 5
c9c3: MOV Reg RBX, Immediate 18446744073709551615 7
c9ca: MOV Reg RBP, Reg RDI 3
c9cd: SUB Reg RSP, Immediate 48 4
c9d1: MOV Reg R12, Reg RSP 3
c9d4: MOV Address (SizeDir 64 (FromReg RSP)), Immediate 0 8
c9dc: MOV Address (SizeDir 64 (AddrPlus (FromReg RSP) (AddrImm 8))), Immediate 0 9
c9e5: MOV Reg RSI, Reg R12 3
c9e8: MOV Address (SizeDir 32 (AddrPlus (FromReg RSP) (AddrImm 16))), Immediate 0 8
c9f0: MOV Address (SizeDir 64 (AddrPlus (FromReg RSP) (AddrImm 24))), Reg RBX 5
c9f5: MOV Reg RAX, Address (SizeDir 64 (AddrPlus (FromReg FS) (AddrImm 40))) 9
c9fe: MOV Address (SizeDir 64 (AddrPlus (FromReg RSP) (AddrImm 40))), Reg RAX 5
ca03: XOR Reg EAX, Reg EAX 2
ca05: MOV Address (SizeDir 64 (AddrPlus (FromReg RSP) (AddrImm 32))), Immediate 0 9
ca0e: CALL xc__hypercall_buffer_alloc (external)
ca13: TEST Reg RAX, Reg RAX 3
ca16: JZ ca7a (resolved immediate)
  |
  `- ca18,ca7a
ca18: MOV Address (SizeDir 16 (FromReg RAX)), Reg R14W 4
ca1c: MOV Address (SizeDir 32 (AddrPlus (FromReg RAX) (AddrImm 4))), Reg R13D 4
ca20: MOV Reg ESI, Immediate 29 5
ca25: MOV Reg RAX, Address (SizeDir 64 (AddrPlus (FromReg RSP) (AddrImm 8))) 5
ca2a: MOV Reg RDI, Address (SizeDir 64 (AddrPlus (FromReg RBP) (AddrImm 1088))) 7
ca31: MOV Reg EDX, Immediate 4 5
ca36: TEST Reg RAX, Reg RAX 3
ca39: CMOVZ Reg RAX, Reg R12 4
ca3d: MOV Reg RCX, Address (SizeDir 64 (FromReg RAX)) 3
ca40: CALL xencall2 (external)
ca45: MOV Reg RSI, Address (SizeDir 64 (AddrPlus (FromReg RSP) (AddrImm 8))) 5
ca4a: MOV Reg RDI, Reg RBP 3
ca4d: MOV Reg EBX, Reg EAX 2
ca4f: TEST Reg RSI, Reg RSI 3
ca52: CMOVZ Reg RSI, Reg R12 4
ca56: CALL xc__hypercall_buffer_free (external)
ca5b: MOV Reg RCX, Address (SizeDir 64 (AddrPlus (FromReg RSP) (AddrImm 40))) 5
ca60: XOR Reg RCX, Address (SizeDir 64 (AddrPlus (FromReg FS) (AddrImm 40))) 9
ca69: MOV Reg EAX, Reg EBX 2
ca6b: JNZ cab3 (resolved immediate)
  |
  `- ca6d,cab3
ca6d: ADD Reg RSP, Immediate 48 4
ca71: POP Reg RBX 1
ca72: POP Reg RBP 1
ca73: POP Reg R12 2
ca75: POP Reg R13 2
ca77: POP Reg R14 2
ca79: RET  1
  |
  `- 
ca7a: CALL __errno_location (external)
ca7f: MOV Reg R13D, Address (SizeDir 32 (FromReg RAX)) 3
ca82: MOV Reg R12, Reg RAX 3
ca85: MOV Reg RDI, Reg RBP 3
ca88: MOV Reg ESI, Reg R13D 3
ca8b: CALL xc_strerror (external)
ca90: MOV Reg ECX, Address (SizeDir 32 (FromReg R12)) 4
ca94: LEA Reg RDX, Address (AddrPlus (FromReg RIP) (AddrImm 100685)) 7
ca9b: MOV Reg R8, Reg RAX 3
ca9e: MOV Reg ESI, Immediate 1 5
caa3: MOV Reg RDI, Reg RBP 3
caa6: XOR Reg EAX, Reg EAX 2
caa8: CALL xc_report_error (external)
caad: MOV Address (SizeDir 32 (FromReg R12)), Reg R13D 4
cab1: JMP ca5b (resolved immediate)
  |
  `- ca5b
cab3: CALL __stack_chk_fail (external)
  |
  `- 
