Number of assembly instructions     = 107
Number of indirect branches         = 0
Number of unresolved indirect jumps = 0: 
Number of unresolved indirect calls = 0: 
Number of symbolic states (representative of non-determinism): 107
Number of edges: 110

e3d0 (False): 0

e3d0: PUSH Reg R14 2
e3d2: PUSH Reg R13 2
e3d4: MOV Reg R13D, Reg ESI 3
e3d7: PUSH Reg R12 2
e3d9: PUSH Reg RBP 1
e3da: MOV Reg R12D, Reg ECX 3
e3dd: PUSH Reg RBX 1
e3de: MOV Reg RBX, Reg RDI 3
e3e1: SUB Reg RSP, Immediate 256 7
e3e8: MOV Reg RBP, Reg RSP 3
e3eb: MOV Address (SizeDir 64 (FromReg RSP)), Immediate 0 8
e3f3: MOV Address (SizeDir 64 (AddrPlus (FromReg RSP) (AddrImm 8))), Immediate 0 9
e3fc: MOV Reg RAX, Address (SizeDir 64 (AddrPlus (FromReg FS) (AddrImm 40))) 9
e405: MOV Address (SizeDir 64 (AddrPlus (FromReg RSP) (AddrImm 248))), Reg RAX 8
e40d: XOR Reg EAX, Reg EAX 2
e40f: MOV Reg RSI, Reg RBP 3
e412: MOV Reg EAX, Reg ECX 2
e414: MOV Address (SizeDir 32 (AddrPlus (FromReg RSP) (AddrImm 16))), Immediate 1 8
e41c: MOV Address (SizeDir 64 (AddrPlus (FromReg RSP) (AddrImm 24))), Reg RDX 5
e421: MOV Address (SizeDir 64 (AddrPlus (FromReg RSP) (AddrImm 32))), Reg RAX 5
e426: CALL xc__hypercall_bounce_pre (external)
e42b: TEST Reg EAX, Reg EAX 2
e42d: JNZ e558 (resolved immediate)
  |
  `- e433,e558
e433: MOV Reg RAX, Address (SizeDir 64 (AddrPlus (FromReg RSP) (AddrImm 8))) 5
e438: MOV Address (SizeDir 32 (AddrPlus (FromReg RSP) (AddrImm 112))), Reg R12D 5
e43d: LEA Reg R12, Address (AddrPlus (FromReg RSP) (AddrImm 48)) 5
e442: MOV Address (SizeDir 32 (AddrPlus (FromReg RSP) (AddrImm 96))), Immediate 34 8
e44a: MOV Address (SizeDir 16 (AddrPlus (FromReg RSP) (AddrImm 104))), Reg R13W 6
e450: MOV Reg RDI, Reg RBX 3
e453: MOV Reg RSI, Reg R12 3
e456: TEST Reg RAX, Reg RAX 3
e459: CMOVZ Reg RAX, Reg RBP 4
e45d: MOV Reg RAX, Address (SizeDir 64 (FromReg RAX)) 3
e460: MOV Address (SizeDir 64 (AddrPlus (FromReg RSP) (AddrImm 48))), Immediate 0 9
e469: MOV Address (SizeDir 64 (AddrPlus (FromReg RSP) (AddrImm 56))), Immediate 0 9
e472: MOV Address (SizeDir 32 (AddrPlus (FromReg RSP) (AddrImm 64))), Immediate 3 8
e47a: MOV Address (SizeDir 64 (AddrPlus (FromReg RSP) (AddrImm 80))), Immediate 144 9
e483: MOV Address (SizeDir 32 (AddrPlus (FromReg RSP) (AddrImm 100))), Immediate 17 8
e48b: MOV Address (SizeDir 64 (AddrPlus (FromReg RSP) (AddrImm 120))), Reg RAX 5
e490: LEA Reg RAX, Address (AddrPlus (FromReg RSP) (AddrImm 96)) 5
e495: MOV Address (SizeDir 64 (AddrPlus (FromReg RSP) (AddrImm 72))), Reg RAX 5
e49a: CALL xc__hypercall_bounce_pre (external)
e49f: TEST Reg EAX, Reg EAX 2
e4a1: JNZ e560 (resolved immediate)
  |
  `- e4a7,e560
e4a7: MOV Reg RAX, Address (SizeDir 64 (AddrPlus (FromReg RSP) (AddrImm 56))) 5
e4ac: MOV Reg RDI, Address (SizeDir 64 (AddrPlus (FromReg RBX) (AddrImm 1088))) 7
e4b3: MOV Reg ESI, Immediate 36 5
e4b8: TEST Reg RAX, Reg RAX 3
e4bb: CMOVZ Reg RAX, Reg R12 4
e4bf: MOV Reg RDX, Address (SizeDir 64 (FromReg RAX)) 3
e4c2: CALL xencall1 (external)
e4c7: TEST Reg EAX, Reg EAX 2
e4c9: MOV Reg R13D, Reg EAX 3
e4cc: JNS e4db (resolved immediate)
  |
  `- e4ce,e4db
e4ce: CALL __errno_location (external)
e4d3: CMP Address (SizeDir 32 (FromReg RAX)), Immediate 13 3
e4d6: MOV Reg R14, Reg RAX 3
e4d9: JZ e530 (resolved immediate)
  |
  `- e4db,e530
e4db: MOV Reg RSI, Address (SizeDir 64 (AddrPlus (FromReg RSP) (AddrImm 56))) 5
e4e0: MOV Reg RDI, Reg RBX 3
e4e3: TEST Reg RSI, Reg RSI 3
e4e6: CMOVZ Reg RSI, Reg R12 4
e4ea: CALL xc__hypercall_bounce_post (external)
e4ef: MOV Reg RSI, Address (SizeDir 64 (AddrPlus (FromReg RSP) (AddrImm 8))) 5
e4f4: MOV Reg RDI, Reg RBX 3
e4f7: TEST Reg RSI, Reg RSI 3
e4fa: CMOVZ Reg RSI, Reg RBP 4
e4fe: CALL xc__hypercall_bounce_post (external)
e503: MOV Reg RCX, Address (SizeDir 64 (AddrPlus (FromReg RSP) (AddrImm 248))) 8
e50b: XOR Reg RCX, Address (SizeDir 64 (AddrPlus (FromReg FS) (AddrImm 40))) 9
e514: MOV Reg EAX, Reg R13D 3
e517: JNZ e5a2 (resolved immediate)
  |
  `- e51d,e5a2
e51d: ADD Reg RSP, Immediate 256 7
e524: POP Reg RBX 1
e525: POP Reg RBP 1
e526: POP Reg R12 2
e528: POP Reg R13 2
e52a: POP Reg R14 2
e52c: RET  1
  |
  `- 
e530: MOV Reg RSI, Address (SizeDir 64 (AddrPlus (FromReg RBX) (AddrImm 8))) 4
e534: LEA Reg R8, Address (AddrPlus (FromReg RIP) (AddrImm 93797)) 7
e53b: XOR Reg ECX, Reg ECX 2
e53d: MOV Reg EDX, Immediate 3 5
e542: MOV Reg RDI, Reg RBX 3
e545: XOR Reg EAX, Reg EAX 2
e547: CALL xc_report (external)
e54c: MOV Address (SizeDir 32 (FromReg R14)), Immediate 13 7
e553: JMP e4db (resolved immediate)
  |
  `- e4db
e558: MOV Reg R13D, Immediate 4294967295 6
e55e: JMP e503 (resolved immediate)
  |
  `- e503
e560: CALL __errno_location (external)
e565: MOV Reg R13D, Address (SizeDir 32 (FromReg RAX)) 3
e568: MOV Reg R12, Reg RAX 3
e56b: MOV Reg RDI, Reg RBX 3
e56e: MOV Reg ESI, Reg R13D 3
e571: CALL xc_strerror (external)
e576: MOV Reg ECX, Address (SizeDir 32 (FromReg R12)) 4
e57a: LEA Reg RDX, Address (AddrPlus (FromReg RIP) (AddrImm 93671)) 7
e581: MOV Reg R8, Reg RAX 3
e584: MOV Reg ESI, Immediate 1 5
e589: MOV Reg RDI, Reg RBX 3
e58c: XOR Reg EAX, Reg EAX 2
e58e: CALL xc_report_error (external)
e593: MOV Address (SizeDir 32 (FromReg R12)), Reg R13D 4
e597: MOV Reg R13D, Immediate 4294967295 6
e59d: JMP e4ef (resolved immediate)
  |
  `- e4ef
e5a2: CALL __stack_chk_fail (external)
  |
  `- 
