Number of assembly instructions     = 79
Number of indirect branches         = 0
Number of unresolved indirect jumps = 0: 
Number of unresolved indirect calls = 0: 
Number of symbolic states (representative of non-determinism): 79
Number of edges: 81

f3b0 (False): 0

f3b0: PUSH Reg R13 2
f3b2: PUSH Reg R12 2
f3b4: PUSH Reg RBP 1
f3b5: PUSH Reg RBX 1
f3b6: MOV Reg RBX, Reg RDI 3
f3b9: SUB Reg RSP, Immediate 216 7
f3c0: MOV Reg RAX, Address (SizeDir 64 (AddrPlus (FromReg FS) (AddrImm 40))) 9
f3c9: MOV Address (SizeDir 64 (AddrPlus (FromReg RSP) (AddrImm 200))), Reg RAX 8
f3d1: XOR Reg EAX, Reg EAX 2
f3d3: LEA Reg RAX, Address (SizeDir 64 (AddrPlus (FromReg RSP) (AddrImm 48))) 5
f3d8: MOV Reg RBP, Reg RSP 3
f3db: MOV Address (SizeDir 16 (AddrPlus (FromReg RSP) (AddrImm 56))), Reg SI 5
f3e0: MOV Reg RSI, Reg RBP 3
f3e3: MOV Address (SizeDir 32 (AddrPlus (FromReg RSP) (AddrImm 64))), Immediate 1 8
f3eb: MOV Address (SizeDir 64 (FromReg RSP)), Immediate 0 8
f3f3: MOV Address (SizeDir 64 (AddrPlus (FromReg RSP) (AddrImm 24))), Reg RAX 5
f3f8: MOVABS Reg RAX, Immediate 73014444090 10
f402: MOV Address (SizeDir 64 (AddrPlus (FromReg RSP) (AddrImm 8))), Immediate 0 9
f40b: MOV Address (SizeDir 32 (AddrPlus (FromReg RSP) (AddrImm 16))), Immediate 3 8
f413: MOV Address (SizeDir 64 (AddrPlus (FromReg RSP) (AddrImm 32))), Immediate 144 9
f41c: MOV Address (SizeDir 64 (AddrPlus (FromReg RSP) (AddrImm 48))), Reg RAX 5
f421: CALL xc__hypercall_bounce_pre (external)
f426: TEST Reg EAX, Reg EAX 2
f428: JNE f4c6 (resolved immediate)
  |
  `- f42e,f4c6
f42e: MOV Reg RAX, Address (SizeDir 64 (AddrPlus (FromReg RSP) (AddrImm 8))) 5
f433: MOV Reg RDI, Address (SizeDir 64 (AddrPlus (FromReg RBX) (AddrImm 1088))) 7
f43a: MOV Reg ESI, Immediate 36 5
f43f: TEST Reg RAX, Reg RAX 3
f442: CMOVE Reg RAX, Reg RBP 4
f446: MOV Reg RDX, Address (SizeDir 64 (FromReg RAX)) 3
f449: CALL xencall1 (external)
f44e: TEST Reg EAX, Reg EAX 2
f450: MOV Reg R12D, Reg EAX 3
f453: JNS f462 (resolved immediate)
  |
  `- f455,f462
f455: CALL __errno_location (external)
f45a: CMP Address (SizeDir 32 (FromReg RAX)), Immediate 13 3
f45d: MOV Reg R13, Reg RAX 3
f460: JE f4a0 (resolved immediate)
  |
  `- f462,f4a0
f462: MOV Reg RSI, Address (SizeDir 64 (AddrPlus (FromReg RSP) (AddrImm 8))) 5
f467: MOV Reg RDI, Reg RBX 3
f46a: TEST Reg RSI, Reg RSI 3
f46d: CMOVE Reg RSI, Reg RBP 4
f471: CALL xc__hypercall_bounce_post (external)
f476: MOV Reg RCX, Address (SizeDir 64 (AddrPlus (FromReg RSP) (AddrImm 200))) 8
f47e: XOR Reg RCX, Address (SizeDir 64 (AddrPlus (FromReg FS) (AddrImm 40))) 9
f487: MOV Reg EAX, Reg R12D 3
f48a: JNE f507 (resolved immediate)
  |
  `- f48c,f507
f48c: ADD Reg RSP, Immediate 216 7
f493: POP Reg RBX 1
f494: POP Reg RBP 1
f495: POP Reg R12 2
f497: POP Reg R13 2
f499: RET  1
  |
  `- 
f4a0: MOV Reg RSI, Address (SizeDir 64 (AddrPlus (FromReg RBX) (AddrImm 8))) 4
f4a4: LEA Reg R8, Address (SizeDir 64 (AddrPlus (FromReg RIP) (AddrImm 89845))) 7
f4ab: XOR Reg ECX, Reg ECX 2
f4ad: MOV Reg EDX, Immediate 3 5
f4b2: MOV Reg RDI, Reg RBX 3
f4b5: XOR Reg EAX, Reg EAX 2
f4b7: CALL xc_report (external)
f4bc: MOV Address (SizeDir 32 (FromReg R13)), Immediate 13 8
f4c4: JMP f462 (resolved immediate)
  |
  `- f462
f4c6: CALL __errno_location (external)
f4cb: MOV Reg R12D, Address (SizeDir 32 (FromReg RAX)) 3
f4ce: MOV Reg RBP, Reg RAX 3
f4d1: MOV Reg RDI, Reg RBX 3
f4d4: MOV Reg ESI, Reg R12D 3
f4d7: CALL xc_strerror (external)
f4dc: MOV Reg ECX, Address (SizeDir 32 (FromReg RBP)) 3
f4df: LEA Reg RDX, Address (SizeDir 64 (AddrPlus (FromReg RIP) (AddrImm 89730))) 7
f4e6: MOV Reg R8, Reg RAX 3
f4e9: MOV Reg ESI, Immediate 1 5
f4ee: MOV Reg RDI, Reg RBX 3
f4f1: XOR Reg EAX, Reg EAX 2
f4f3: CALL xc_report_error (external)
f4f8: MOV Address (SizeDir 32 (FromReg RBP)), Reg R12D 4
f4fc: MOV Reg R12D, Immediate 4294967295 6
f502: JMP f476 (resolved immediate)
  |
  `- f476
f507: CALL __stack_chk_fail (external)
  |
  `- 
