Number of assembly instructions     = 20
Number of indirect branches         = 0
Number of unresolved indirect jumps = 0: 
Number of unresolved indirect calls = 0: 
Number of symbolic states (representative of non-determinism): 20
Number of edges: 19

fc30 (False): 0

fc30: SUB Reg RSP, Immediate 40 4
fc34: MOV Reg RAX, Address (SizeDir 64 (AddrPlus (FromReg FS) (AddrImm 40))) 9
fc3d: MOV Address (SizeDir 64 (AddrPlus (FromReg RSP) (AddrImm 24))), Reg RAX 5
fc42: XOR Reg EAX, Reg EAX 2
fc44: MOV Address (SizeDir 16 (FromReg RSP)), Reg SI 4
fc48: XOR Reg EAX, Reg EAX 2
fc4a: MOV Address (SizeDir 32 (AddrPlus (FromReg RSP) (AddrImm 4))), Reg EDX 4
fc4e: MOV Address (SizeDir 64 (AddrPlus (FromReg RSP) (AddrImm 8))), Reg RCX 5
fc53: MOV Reg RDX, Reg RSP 3
fc56: MOV Reg ECX, Immediate 24 5
fc5b: MOV Reg ESI, Immediate 7 5
fc60: MOV Address (SizeDir 16 (AddrPlus (FromReg RSP) (AddrImm 2))), Reg AX 5
fc65: MOV Address (SizeDir 64 (AddrPlus (FromReg RSP) (AddrImm 16))), Reg R8 5
fc6a: CALL do_memory_op (external)
fc6f: MOV Reg RCX, Address (SizeDir 64 (AddrPlus (FromReg RSP) (AddrImm 24))) 5
fc74: XOR Reg RCX, Address (SizeDir 64 (AddrPlus (FromReg FS) (AddrImm 40))) 9
fc7d: JNZ fc84 (resolved immediate)
  |
  `- fc7f,fc84
fc7f: ADD Reg RSP, Immediate 40 4
fc83: RET  1
  |
  `- 
fc84: CALL __stack_chk_fail (external)
  |
  `- 
