Number of assembly instructions     = 83
Number of indirect branches         = 0
Number of unresolved indirect jumps = 0: 
Number of unresolved indirect calls = 0: 
Number of symbolic states (representative of non-determinism): 83
Number of edges: 85

124e0 (False): 0

124e0: PUSH Reg R13 2
124e2: PUSH Reg R12 2
124e4: AND Reg CX, Immediate 255 5
124e9: PUSH Reg RBP 1
124ea: PUSH Reg RBX 1
124eb: MOVZX Reg EDX, Reg DX 3
124ee: MOV Reg RBX, Reg RDI 3
124f1: SUB Reg RSP, Immediate 216 7
124f8: MOV Reg RAX, Address (SizeDir 64 (AddrPlus (FromReg FS) (AddrImm 40))) 9
12501: MOV Address (SizeDir 64 (AddrPlus (FromReg RSP) (AddrImm 200))), Reg RAX 8
12509: XOR Reg EAX, Reg EAX 2
1250b: LEA Reg RAX, Address (SizeDir 64 (AddrPlus (FromReg RSP) (AddrImm 48))) 5
12510: MOV Reg RBP, Reg RSP 3
12513: MOV Address (SizeDir 16 (AddrPlus (FromReg RSP) (AddrImm 56))), Reg SI 5
12518: MOV Reg RSI, Reg RBP 3
1251b: MOV Address (SizeDir 32 (AddrPlus (FromReg RSP) (AddrImm 68))), Immediate 4 8
12523: MOV Address (SizeDir 32 (AddrPlus (FromReg RSP) (AddrImm 64))), Reg EDX 4
12527: MOV Address (SizeDir 64 (AddrPlus (FromReg RSP) (AddrImm 24))), Reg RAX 5
1252c: MOVABS Reg RAX, Immediate 73014444080 10
12536: MOV Address (SizeDir 16 (AddrPlus (FromReg RSP) (AddrImm 72))), Reg CX 5
1253b: MOV Address (SizeDir 64 (FromReg RSP)), Immediate 0 8
12543: MOV Address (SizeDir 64 (AddrPlus (FromReg RSP) (AddrImm 8))), Immediate 0 9
1254c: MOV Address (SizeDir 32 (AddrPlus (FromReg RSP) (AddrImm 16))), Immediate 3 8
12554: MOV Address (SizeDir 64 (AddrPlus (FromReg RSP) (AddrImm 32))), Immediate 144 9
1255d: MOV Address (SizeDir 64 (AddrPlus (FromReg RSP) (AddrImm 48))), Reg RAX 5
12562: CALL xc__hypercall_bounce_pre (external)
12567: TEST Reg EAX, Reg EAX 2
12569: JNE 12606 (resolved immediate)
  |
  `- 1256f,12606
1256f: MOV Reg RAX, Address (SizeDir 64 (AddrPlus (FromReg RSP) (AddrImm 8))) 5
12574: MOV Reg RDI, Address (SizeDir 64 (AddrPlus (FromReg RBX) (AddrImm 1088))) 7
1257b: MOV Reg ESI, Immediate 36 5
12580: TEST Reg RAX, Reg RAX 3
12583: CMOVE Reg RAX, Reg RBP 4
12587: MOV Reg RDX, Address (SizeDir 64 (FromReg RAX)) 3
1258a: CALL xencall1 (external)
1258f: TEST Reg EAX, Reg EAX 2
12591: MOV Reg R12D, Reg EAX 3
12594: JNS 125a3 (resolved immediate)
  |
  `- 12596,125a3
12596: CALL __errno_location (external)
1259b: CMP Address (SizeDir 32 (FromReg RAX)), Immediate 13 3
1259e: MOV Reg R13, Reg RAX 3
125a1: JE 125e0 (resolved immediate)
  |
  `- 125a3,125e0
125a3: MOV Reg RSI, Address (SizeDir 64 (AddrPlus (FromReg RSP) (AddrImm 8))) 5
125a8: MOV Reg RDI, Reg RBX 3
125ab: TEST Reg RSI, Reg RSI 3
125ae: CMOVE Reg RSI, Reg RBP 4
125b2: CALL xc__hypercall_bounce_post (external)
125b7: MOV Reg RBX, Address (SizeDir 64 (AddrPlus (FromReg RSP) (AddrImm 200))) 8
125bf: XOR Reg RBX, Address (SizeDir 64 (AddrPlus (FromReg FS) (AddrImm 40))) 9
125c8: MOV Reg EAX, Reg R12D 3
125cb: JNE 12647 (resolved immediate)
  |
  `- 125cd,12647
125cd: ADD Reg RSP, Immediate 216 7
125d4: POP Reg RBX 1
125d5: POP Reg RBP 1
125d6: POP Reg R12 2
125d8: POP Reg R13 2
125da: RET  1
  |
  `- 
125e0: MOV Reg RSI, Address (SizeDir 64 (AddrPlus (FromReg RBX) (AddrImm 8))) 4
125e4: LEA Reg R8, Address (SizeDir 64 (AddrPlus (FromReg RIP) (AddrImm 77237))) 7
125eb: XOR Reg ECX, Reg ECX 2
125ed: MOV Reg EDX, Immediate 3 5
125f2: MOV Reg RDI, Reg RBX 3
125f5: XOR Reg EAX, Reg EAX 2
125f7: CALL xc_report (external)
125fc: MOV Address (SizeDir 32 (FromReg R13)), Immediate 13 8
12604: JMP 125a3 (resolved immediate)
  |
  `- 125a3
12606: CALL __errno_location (external)
1260b: MOV Reg R12D, Address (SizeDir 32 (FromReg RAX)) 3
1260e: MOV Reg RBP, Reg RAX 3
12611: MOV Reg RDI, Reg RBX 3
12614: MOV Reg ESI, Reg R12D 3
12617: CALL xc_strerror (external)
1261c: MOV Reg ECX, Address (SizeDir 32 (FromReg RBP)) 3
1261f: LEA Reg RDX, Address (SizeDir 64 (AddrPlus (FromReg RIP) (AddrImm 77122))) 7
12626: MOV Reg R8, Reg RAX 3
12629: MOV Reg ESI, Immediate 1 5
1262e: MOV Reg RDI, Reg RBX 3
12631: XOR Reg EAX, Reg EAX 2
12633: CALL xc_report_error (external)
12638: MOV Address (SizeDir 32 (FromReg RBP)), Reg R12D 4
1263c: MOV Reg R12D, Immediate 4294967295 6
12642: JMP 125b7 (resolved immediate)
  |
  `- 125b7
12647: CALL __stack_chk_fail (external)
  |
  `- 
