Number of assembly instructions     = 83
Number of indirect branches         = 0
Number of unresolved indirect jumps = 0: 
Number of unresolved indirect calls = 0: 
Number of symbolic states (representative of non-determinism): 83
Number of edges: 85

11fe0 (False): 0

11fe0: PUSH Reg R13 2
11fe2: PUSH Reg R12 2
11fe4: PUSH Reg RBP 1
11fe5: PUSH Reg RBX 1
11fe6: MOV Reg RBX, Reg RDI 3
11fe9: SUB Reg RSP, Immediate 216 7
11ff0: MOV Reg RAX, Address (SizeDir 64 (AddrPlus (FromReg FS) (AddrImm 40))) 9
11ff9: MOV Address (SizeDir 64 (AddrPlus (FromReg RSP) (AddrImm 200))), Reg RAX 8
12001: XOR Reg EAX, Reg EAX 2
12003: LEA Reg RAX, Address (AddrPlus (FromReg RSP) (AddrImm 48)) 5
12008: MOV Reg RBP, Reg RSP 3
1200b: MOV Address (SizeDir 16 (AddrPlus (FromReg RSP) (AddrImm 56))), Reg SI 5
12010: MOV Reg RSI, Reg RBP 3
12013: MOV Address (SizeDir 32 (AddrPlus (FromReg RSP) (AddrImm 68))), Immediate 2 8
1201b: MOV Address (SizeDir 32 (AddrPlus (FromReg RSP) (AddrImm 64))), Reg ECX 4
1201f: MOV Address (SizeDir 64 (AddrPlus (FromReg RSP) (AddrImm 24))), Reg RAX 5
12024: MOV Reg RAX, Immediate 73014444070 10
1202e: MOV Address (SizeDir 8 (AddrPlus (FromReg RSP) (AddrImm 72))), Reg DL 4
12032: MOV Address (SizeDir 32 (AddrPlus (FromReg RSP) (AddrImm 76))), Reg R8D 5
12037: MOV Address (SizeDir 64 (AddrPlus (FromReg RSP) (AddrImm 80))), Reg R9 5
1203c: MOV Address (SizeDir 64 (FromReg RSP)), Immediate 0 8
12044: MOV Address (SizeDir 64 (AddrPlus (FromReg RSP) (AddrImm 8))), Immediate 0 9
1204d: MOV Address (SizeDir 32 (AddrPlus (FromReg RSP) (AddrImm 16))), Immediate 3 8
12055: MOV Address (SizeDir 64 (AddrPlus (FromReg RSP) (AddrImm 32))), Immediate 144 9
1205e: MOV Address (SizeDir 64 (AddrPlus (FromReg RSP) (AddrImm 48))), Reg RAX 5
12063: CALL xc__hypercall_bounce_pre (external)
12068: TEST Reg EAX, Reg EAX 2
1206a: JNZ 12106 (resolved immediate)
  |
  `- 12070,12106
12070: MOV Reg RAX, Address (SizeDir 64 (AddrPlus (FromReg RSP) (AddrImm 8))) 5
12075: MOV Reg RDI, Address (SizeDir 64 (AddrPlus (FromReg RBX) (AddrImm 1088))) 7
1207c: MOV Reg ESI, Immediate 36 5
12081: TEST Reg RAX, Reg RAX 3
12084: CMOVZ Reg RAX, Reg RBP 4
12088: MOV Reg RDX, Address (SizeDir 64 (FromReg RAX)) 3
1208b: CALL xencall1 (external)
12090: TEST Reg EAX, Reg EAX 2
12092: MOV Reg R12D, Reg EAX 3
12095: JNS 120a4 (resolved immediate)
  |
  `- 12097,120a4
12097: CALL __errno_location (external)
1209c: CMP Address (SizeDir 32 (FromReg RAX)), Immediate 13 3
1209f: MOV Reg R13, Reg RAX 3
120a2: JZ 120e0 (resolved immediate)
  |
  `- 120a4,120e0
120a4: MOV Reg RSI, Address (SizeDir 64 (AddrPlus (FromReg RSP) (AddrImm 8))) 5
120a9: MOV Reg RDI, Reg RBX 3
120ac: TEST Reg RSI, Reg RSI 3
120af: CMOVZ Reg RSI, Reg RBP 4
120b3: CALL xc__hypercall_bounce_post (external)
120b8: MOV Reg RCX, Address (SizeDir 64 (AddrPlus (FromReg RSP) (AddrImm 200))) 8
120c0: XOR Reg RCX, Address (SizeDir 64 (AddrPlus (FromReg FS) (AddrImm 40))) 9
120c9: MOV Reg EAX, Reg R12D 3
120cc: JNZ 12147 (resolved immediate)
  |
  `- 120ce,12147
120ce: ADD Reg RSP, Immediate 216 7
120d5: POP Reg RBX 1
120d6: POP Reg RBP 1
120d7: POP Reg R12 2
120d9: POP Reg R13 2
120db: RET  1
  |
  `- 
120e0: MOV Reg RSI, Address (SizeDir 64 (AddrPlus (FromReg RBX) (AddrImm 8))) 4
120e4: LEA Reg R8, Address (AddrPlus (FromReg RIP) (AddrImm 78517)) 7
120eb: XOR Reg ECX, Reg ECX 2
120ed: MOV Reg EDX, Immediate 3 5
120f2: MOV Reg RDI, Reg RBX 3
120f5: XOR Reg EAX, Reg EAX 2
120f7: CALL xc_report (external)
120fc: MOV Address (SizeDir 32 (AddrPlus (FromReg R13) (AddrImm 0))), Immediate 13 8
12104: JMP 120a4 (resolved immediate)
  |
  `- 120a4
12106: CALL __errno_location (external)
1210b: MOV Reg R12D, Address (SizeDir 32 (FromReg RAX)) 3
1210e: MOV Reg RBP, Reg RAX 3
12111: MOV Reg RDI, Reg RBX 3
12114: MOV Reg ESI, Reg R12D 3
12117: CALL xc_strerror (external)
1211c: MOV Reg ECX, Address (SizeDir 32 (AddrPlus (FromReg RBP) (AddrImm 0))) 3
1211f: LEA Reg RDX, Address (AddrPlus (FromReg RIP) (AddrImm 78402)) 7
12126: MOV Reg R8, Reg RAX 3
12129: MOV Reg ESI, Immediate 1 5
1212e: MOV Reg RDI, Reg RBX 3
12131: XOR Reg EAX, Reg EAX 2
12133: CALL xc_report_error (external)
12138: MOV Address (SizeDir 32 (AddrPlus (FromReg RBP) (AddrImm 0))), Reg R12D 4
1213c: MOV Reg R12D, Immediate 4294967295 6
12142: JMP 120b8 (resolved immediate)
  |
  `- 120b8
12147: CALL __stack_chk_fail (external)
  |
  `- 
