Number of assembly instructions     = 79
Number of indirect branches         = 0
Number of unresolved indirect jumps = 0: 
Number of unresolved indirect calls = 0: 
Number of symbolic states (representative of non-determinism): 79
Number of edges: 81

eda0 (False): 0

eda0: PUSH Reg R13 2
eda2: PUSH Reg R12 2
eda4: PUSH Reg RBP 1
eda5: PUSH Reg RBX 1
eda6: MOV Reg RBX, Reg RDI 3
eda9: SUB Reg RSP, Immediate 216 7
edb0: MOV Reg RAX, Address (SizeDir 64 (AddrPlus (FromReg FS) (AddrImm 40))) 9
edb9: MOV Address (SizeDir 64 (AddrPlus (FromReg RSP) (AddrImm 200))), Reg RAX 8
edc1: XOR Reg EAX, Reg EAX 2
edc3: LEA Reg RAX, Address (AddrPlus (FromReg RSP) (AddrImm 48)) 5
edc8: MOV Reg RBP, Reg RSP 3
edcb: MOV Address (SizeDir 16 (AddrPlus (FromReg RSP) (AddrImm 56))), Reg SI 5
edd0: MOV Reg RSI, Reg RBP 3
edd3: MOV Address (SizeDir 64 (AddrPlus (FromReg RSP) (AddrImm 64))), Reg RDX 5
edd8: MOV Address (SizeDir 64 (FromReg RSP)), Immediate 0 8
ede0: MOV Address (SizeDir 64 (AddrPlus (FromReg RSP) (AddrImm 24))), Reg RAX 5
ede5: MOV Reg RAX, Immediate 73014444043 10
edef: MOV Address (SizeDir 64 (AddrPlus (FromReg RSP) (AddrImm 8))), Immediate 0 9
edf8: MOV Address (SizeDir 32 (AddrPlus (FromReg RSP) (AddrImm 16))), Immediate 3 8
ee00: MOV Address (SizeDir 64 (AddrPlus (FromReg RSP) (AddrImm 32))), Immediate 144 9
ee09: MOV Address (SizeDir 64 (AddrPlus (FromReg RSP) (AddrImm 48))), Reg RAX 5
ee0e: CALL xc__hypercall_bounce_pre (external)
ee13: TEST Reg EAX, Reg EAX 2
ee15: JNZ eeb6 (resolved immediate)
  |
  `- ee1b,eeb6
ee1b: MOV Reg RAX, Address (SizeDir 64 (AddrPlus (FromReg RSP) (AddrImm 8))) 5
ee20: MOV Reg RDI, Address (SizeDir 64 (AddrPlus (FromReg RBX) (AddrImm 1088))) 7
ee27: MOV Reg ESI, Immediate 36 5
ee2c: TEST Reg RAX, Reg RAX 3
ee2f: CMOVZ Reg RAX, Reg RBP 4
ee33: MOV Reg RDX, Address (SizeDir 64 (FromReg RAX)) 3
ee36: CALL xencall1 (external)
ee3b: TEST Reg EAX, Reg EAX 2
ee3d: MOV Reg R12D, Reg EAX 3
ee40: JNS ee4f (resolved immediate)
  |
  `- ee42,ee4f
ee42: CALL __errno_location (external)
ee47: CMP Address (SizeDir 32 (FromReg RAX)), Immediate 13 3
ee4a: MOV Reg R13, Reg RAX 3
ee4d: JZ ee90 (resolved immediate)
  |
  `- ee4f,ee90
ee4f: MOV Reg RSI, Address (SizeDir 64 (AddrPlus (FromReg RSP) (AddrImm 8))) 5
ee54: MOV Reg RDI, Reg RBX 3
ee57: TEST Reg RSI, Reg RSI 3
ee5a: CMOVZ Reg RSI, Reg RBP 4
ee5e: CALL xc__hypercall_bounce_post (external)
ee63: MOV Reg RCX, Address (SizeDir 64 (AddrPlus (FromReg RSP) (AddrImm 200))) 8
ee6b: XOR Reg RCX, Address (SizeDir 64 (AddrPlus (FromReg FS) (AddrImm 40))) 9
ee74: MOV Reg EAX, Reg R12D 3
ee77: JNZ eef7 (resolved immediate)
  |
  `- ee79,eef7
ee79: ADD Reg RSP, Immediate 216 7
ee80: POP Reg RBX 1
ee81: POP Reg RBP 1
ee82: POP Reg R12 2
ee84: POP Reg R13 2
ee86: RET  1
  |
  `- 
ee90: MOV Reg RSI, Address (SizeDir 64 (AddrPlus (FromReg RBX) (AddrImm 8))) 4
ee94: LEA Reg R8, Address (AddrPlus (FromReg RIP) (AddrImm 91397)) 7
ee9b: XOR Reg ECX, Reg ECX 2
ee9d: MOV Reg EDX, Immediate 3 5
eea2: MOV Reg RDI, Reg RBX 3
eea5: XOR Reg EAX, Reg EAX 2
eea7: CALL xc_report (external)
eeac: MOV Address (SizeDir 32 (AddrPlus (FromReg R13) (AddrImm 0))), Immediate 13 8
eeb4: JMP ee4f (resolved immediate)
  |
  `- ee4f
eeb6: CALL __errno_location (external)
eebb: MOV Reg R12D, Address (SizeDir 32 (FromReg RAX)) 3
eebe: MOV Reg RBP, Reg RAX 3
eec1: MOV Reg RDI, Reg RBX 3
eec4: MOV Reg ESI, Reg R12D 3
eec7: CALL xc_strerror (external)
eecc: MOV Reg ECX, Address (SizeDir 32 (AddrPlus (FromReg RBP) (AddrImm 0))) 3
eecf: LEA Reg RDX, Address (AddrPlus (FromReg RIP) (AddrImm 91282)) 7
eed6: MOV Reg R8, Reg RAX 3
eed9: MOV Reg ESI, Immediate 1 5
eede: MOV Reg RDI, Reg RBX 3
eee1: XOR Reg EAX, Reg EAX 2
eee3: CALL xc_report_error (external)
eee8: MOV Address (SizeDir 32 (AddrPlus (FromReg RBP) (AddrImm 0))), Reg R12D 4
eeec: MOV Reg R12D, Immediate 4294967295 6
eef2: JMP ee63 (resolved immediate)
  |
  `- ee63
eef7: CALL __stack_chk_fail (external)
  |
  `- 
