Number of assembly instructions     = 81
Number of indirect branches         = 0
Number of unresolved indirect jumps = 0: 
Number of unresolved indirect calls = 0: 
Number of symbolic states (representative of non-determinism): 81
Number of edges: 83

107c0 (False): 0

107c0: PUSH Reg R13 2
107c2: PUSH Reg R12 2
107c4: PUSH Reg RBP 1
107c5: PUSH Reg RBX 1
107c6: MOV Reg RBX, Reg RDI 3
107c9: SUB Reg RSP, Immediate 216 7
107d0: MOV Reg RAX, Address (SizeDir 64 (AddrPlus (FromReg FS) (AddrImm 40))) 9
107d9: MOV Address (SizeDir 64 (AddrPlus (FromReg RSP) (AddrImm 200))), Reg RAX 8
107e1: XOR Reg EAX, Reg EAX 2
107e3: LEA Reg RAX, Address (AddrPlus (FromReg RSP) (AddrImm 48)) 5
107e8: MOV Reg RBP, Reg RSP 3
107eb: MOV Address (SizeDir 16 (AddrPlus (FromReg RSP) (AddrImm 56))), Reg SI 5
107f0: MOV Reg RSI, Reg RBP 3
107f3: MOV Address (SizeDir 32 (AddrPlus (FromReg RSP) (AddrImm 64))), Reg EDX 4
107f7: MOV Address (SizeDir 32 (AddrPlus (FromReg RSP) (AddrImm 68))), Reg ECX 4
107fb: MOV Address (SizeDir 64 (AddrPlus (FromReg RSP) (AddrImm 24))), Reg RAX 5
10800: MOV Reg RAX, Immediate 73014444053 10
1080a: MOV Address (SizeDir 8 (AddrPlus (FromReg RSP) (AddrImm 72))), Reg R8B 5
1080f: MOV Address (SizeDir 64 (FromReg RSP)), Immediate 0 8
10817: MOV Address (SizeDir 64 (AddrPlus (FromReg RSP) (AddrImm 8))), Immediate 0 9
10820: MOV Address (SizeDir 32 (AddrPlus (FromReg RSP) (AddrImm 16))), Immediate 3 8
10828: MOV Address (SizeDir 64 (AddrPlus (FromReg RSP) (AddrImm 32))), Immediate 144 9
10831: MOV Address (SizeDir 64 (AddrPlus (FromReg RSP) (AddrImm 48))), Reg RAX 5
10836: CALL xc__hypercall_bounce_pre (external)
1083b: TEST Reg EAX, Reg EAX 2
1083d: JNZ 108d6 (resolved immediate)
  |
  `- 10843,108d6
10843: MOV Reg RAX, Address (SizeDir 64 (AddrPlus (FromReg RSP) (AddrImm 8))) 5
10848: MOV Reg RDI, Address (SizeDir 64 (AddrPlus (FromReg RBX) (AddrImm 1088))) 7
1084f: MOV Reg ESI, Immediate 36 5
10854: TEST Reg RAX, Reg RAX 3
10857: CMOVZ Reg RAX, Reg RBP 4
1085b: MOV Reg RDX, Address (SizeDir 64 (FromReg RAX)) 3
1085e: CALL xencall1 (external)
10863: TEST Reg EAX, Reg EAX 2
10865: MOV Reg R12D, Reg EAX 3
10868: JNS 10877 (resolved immediate)
  |
  `- 1086a,10877
1086a: CALL __errno_location (external)
1086f: CMP Address (SizeDir 32 (FromReg RAX)), Immediate 13 3
10872: MOV Reg R13, Reg RAX 3
10875: JZ 108b0 (resolved immediate)
  |
  `- 10877,108b0
10877: MOV Reg RSI, Address (SizeDir 64 (AddrPlus (FromReg RSP) (AddrImm 8))) 5
1087c: MOV Reg RDI, Reg RBX 3
1087f: TEST Reg RSI, Reg RSI 3
10882: CMOVZ Reg RSI, Reg RBP 4
10886: CALL xc__hypercall_bounce_post (external)
1088b: MOV Reg RCX, Address (SizeDir 64 (AddrPlus (FromReg RSP) (AddrImm 200))) 8
10893: XOR Reg RCX, Address (SizeDir 64 (AddrPlus (FromReg FS) (AddrImm 40))) 9
1089c: MOV Reg EAX, Reg R12D 3
1089f: JNZ 10917 (resolved immediate)
  |
  `- 108a1,10917
108a1: ADD Reg RSP, Immediate 216 7
108a8: POP Reg RBX 1
108a9: POP Reg RBP 1
108aa: POP Reg R12 2
108ac: POP Reg R13 2
108ae: RET  1
  |
  `- 
108b0: MOV Reg RSI, Address (SizeDir 64 (AddrPlus (FromReg RBX) (AddrImm 8))) 4
108b4: LEA Reg R8, Address (AddrPlus (FromReg RIP) (AddrImm 84709)) 7
108bb: XOR Reg ECX, Reg ECX 2
108bd: MOV Reg EDX, Immediate 3 5
108c2: MOV Reg RDI, Reg RBX 3
108c5: XOR Reg EAX, Reg EAX 2
108c7: CALL xc_report (external)
108cc: MOV Address (SizeDir 32 (AddrPlus (FromReg R13) (AddrImm 0))), Immediate 13 8
108d4: JMP 10877 (resolved immediate)
  |
  `- 10877
108d6: CALL __errno_location (external)
108db: MOV Reg R12D, Address (SizeDir 32 (FromReg RAX)) 3
108de: MOV Reg RBP, Reg RAX 3
108e1: MOV Reg RDI, Reg RBX 3
108e4: MOV Reg ESI, Reg R12D 3
108e7: CALL xc_strerror (external)
108ec: MOV Reg ECX, Address (SizeDir 32 (AddrPlus (FromReg RBP) (AddrImm 0))) 3
108ef: LEA Reg RDX, Address (AddrPlus (FromReg RIP) (AddrImm 84594)) 7
108f6: MOV Reg R8, Reg RAX 3
108f9: MOV Reg ESI, Immediate 1 5
108fe: MOV Reg RDI, Reg RBX 3
10901: XOR Reg EAX, Reg EAX 2
10903: CALL xc_report_error (external)
10908: MOV Address (SizeDir 32 (AddrPlus (FromReg RBP) (AddrImm 0))), Reg R12D 4
1090c: MOV Reg R12D, Immediate 4294967295 6
10912: JMP 1088b (resolved immediate)
  |
  `- 1088b
10917: CALL __stack_chk_fail (external)
  |
  `- 
