Number of assembly instructions     = 11
Number of indirect branches         = 0
Number of unresolved indirect jumps = 0: 
Number of unresolved indirect calls = 0: 
Number of symbolic states (representative of non-determinism): 11
Number of edges: 10

12320 (False): 0

12320: SUB Reg RSP, Immediate 8 4
12324: MOVZX Reg R9D, Reg R9B 4
12328: MOVZX Reg EDX, Reg DL 3
1232b: PUSH Immediate 0 2
1232d: PUSH Reg R9 2
1232f: MOVZX Reg R9D, Reg R8B 4
12333: MOVZX Reg R8D, Reg CL 4
12337: XOR Reg ECX, Reg ECX 2
12339: CALL xc_domain_bind_pt_irq (external)
1233e: ADD Reg RSP, Immediate 24 4
12342: RET  1
  |
  `- 
