Number of assembly instructions     = 100
Number of indirect branches         = 0
Number of unresolved indirect jumps = 0: 
Number of unresolved indirect calls = 0: 
Number of symbolic states (representative of non-determinism): 100
Number of edges: 102

14680 (True): 147ea
147b0 (False): 0

14680: PUSH Reg R14 2
14682: PUSH Reg R13 2
14684: MOV Reg R13D, Reg R8D 3
14687: PUSH Reg R12 2
14689: PUSH Reg RBP 1
1468a: MOV Reg R12D, Reg ESI 3
1468d: PUSH Reg RBX 1
1468e: MOV Reg RBX, Reg RDI 3
14691: SUB Reg RSP, Immediate 48 4
14695: MOV Reg RBP, Reg RSP 3
14698: MOV Address (SizeDir 64 (FromReg RSP)), Immediate 0 8
146a0: MOV Address (SizeDir 64 (AddrPlus (FromReg RSP) (AddrImm 8))), Immediate 0 9
146a9: MOV Reg RSI, Reg RBP 3
146ac: MOV Address (SizeDir 32 (AddrPlus (FromReg RSP) (AddrImm 16))), Immediate 3 8
146b4: MOV Address (SizeDir 64 (AddrPlus (FromReg RSP) (AddrImm 24))), Reg RDX 5
146b9: MOV Reg RAX, Address (SizeDir 64 (AddrPlus (FromReg FS) (AddrImm 40))) 9
146c2: MOV Address (SizeDir 64 (AddrPlus (FromReg RSP) (AddrImm 40))), Reg RAX 5
146c7: XOR Reg EAX, Reg EAX 2
146c9: MOV Address (SizeDir 64 (AddrPlus (FromReg RSP) (AddrImm 32))), Reg RCX 5
146ce: CALL xc__hypercall_bounce_pre (external)
146d3: TEST Reg EAX, Reg EAX 2
146d5: JNE 1476a (resolved immediate)
  |
  `- 146db,1476a
146db: MOV Reg RAX, Address (SizeDir 64 (AddrPlus (FromReg RSP) (AddrImm 8))) 5
146e0: MOV Reg RDI, Address (SizeDir 64 (AddrPlus (FromReg RBX) (AddrImm 1088))) 7
146e7: MOVSXD Reg RDX, Reg R12D 3
146ea: MOV Reg ESI, Immediate 32 5
146ef: TEST Reg RAX, Reg RAX 3
146f2: CMOVE Reg RAX, Reg RBP 4
146f6: MOV Reg RCX, Address (SizeDir 64 (FromReg RAX)) 3
146f9: CALL xencall2 (external)
146fe: TEST Reg EAX, Reg EAX 2
14700: MOV Reg R12D, Reg EAX 3
14703: JNS 1470b (resolved immediate)
  |
  `- 14705,1470b
14705: AND Reg R13D, Immediate 1 4
14709: JE 14740 (resolved immediate)
  |
  `- 1470b,14740
1470b: MOV Reg RSI, Address (SizeDir 64 (AddrPlus (FromReg RSP) (AddrImm 8))) 5
14710: MOV Reg RDI, Reg RBX 3
14713: TEST Reg RSI, Reg RSI 3
14716: CMOVE Reg RSI, Reg RBP 4
1471a: CALL xc__hypercall_bounce_post (external)
1471f: MOV Reg RCX, Address (SizeDir 64 (AddrPlus (FromReg RSP) (AddrImm 40))) 5
14724: XOR Reg RCX, Address (SizeDir 64 (AddrPlus (FromReg FS) (AddrImm 40))) 9
1472d: MOV Reg EAX, Reg R12D 3
14730: JNE 147ab (resolved immediate)
  |
  `- 14732,147ab
14732: ADD Reg RSP, Immediate 48 4
14736: POP Reg RBX 1
14737: POP Reg RBP 1
14738: POP Reg R12 2
1473a: POP Reg R13 2
1473c: POP Reg R14 2
1473e: RET  1
  |
  `- 
14740: CALL __errno_location (external)
14745: MOV Reg R14D, Address (SizeDir 32 (FromReg RAX)) 3
14748: LEA Reg RDX, Address (SizeDir 64 (AddrPlus (FromReg RIP) (AddrImm 70425))) 7
1474f: MOV Reg R13, Reg RAX 3
14752: MOV Reg ECX, Reg R12D 3
14755: MOV Reg ESI, Immediate 1 5
1475a: MOV Reg RDI, Reg RBX 3
1475d: XOR Reg EAX, Reg EAX 2
1475f: CALL xc_report_error (external)
14764: MOV Address (SizeDir 32 (FromReg R13)), Reg R14D 4
14768: JMP 1470b (resolved immediate)
  |
  `- 1470b
1476a: CALL __errno_location (external)
1476f: MOV Reg R12D, Address (SizeDir 32 (FromReg RAX)) 3
14772: MOV Reg RBP, Reg RAX 3
14775: MOV Reg RDI, Reg RBX 3
14778: MOV Reg ESI, Reg R12D 3
1477b: CALL xc_strerror (external)
14780: MOV Reg ECX, Address (SizeDir 32 (FromReg RBP)) 3
14783: LEA Reg RDX, Address (SizeDir 64 (AddrPlus (FromReg RIP) (AddrImm 70318))) 7
1478a: MOV Reg R8, Reg RAX 3
1478d: MOV Reg ESI, Immediate 1 5
14792: MOV Reg RDI, Reg RBX 3
14795: XOR Reg EAX, Reg EAX 2
14797: CALL xc_report_error (external)
1479c: MOV Address (SizeDir 32 (FromReg RBP)), Reg R12D 4
147a0: MOV Reg R12D, Immediate 4294967295 6
147a6: JMP 1471f (resolved immediate)
  |
  `- 1471f
147ab: CALL __stack_chk_fail (external)
  |
  `- 
147b0: SUB Reg RSP, Immediate 24 4
147b4: XOR Reg R8D, Reg R8D 3
147b7: MOV Reg ECX, Immediate 8 5
147bc: MOV Address (SizeDir 16 (FromReg RSP)), Reg SI 4
147c0: MOV Address (SizeDir 16 (AddrPlus (FromReg RSP) (AddrImm 2))), Reg DX 5
147c5: MOV Reg ESI, Immediate 6 5
147ca: MOV Reg RDX, Reg RSP 3
147cd: MOV Address (SizeDir 32 (AddrPlus (FromReg RSP) (AddrImm 4))), Immediate 0 8
147d5: MOV Reg RAX, Address (SizeDir 64 (AddrPlus (FromReg FS) (AddrImm 40))) 9
147de: MOV Address (SizeDir 64 (AddrPlus (FromReg RSP) (AddrImm 8))), Reg RAX 5
147e3: XOR Reg EAX, Reg EAX 2
147e5: CALL do_evtchn_op (internal)
  |
  `- 14680
147ea: TEST Reg EAX, Reg EAX 2
147ec: JNE 147f2 (resolved immediate)
  |
  `- 147ee,147f2
147ee: MOV Reg EAX, Address (SizeDir 32 (AddrPlus (FromReg RSP) (AddrImm 4))) 4
147f2: MOV Reg RCX, Address (SizeDir 64 (AddrPlus (FromReg RSP) (AddrImm 8))) 5
147f7: XOR Reg RCX, Address (SizeDir 64 (AddrPlus (FromReg FS) (AddrImm 40))) 9
14800: JNE 14807 (resolved immediate)
  |
  `- 14802,14807
14802: ADD Reg RSP, Immediate 24 4
14806: RET  1
  |
  `- 
14807: CALL __stack_chk_fail (external)
  |
  `- 
