Number of assembly instructions     = 16
Number of indirect branches         = 0
Number of unresolved indirect jumps = 0: 
Number of unresolved indirect calls = 0: 
Number of symbolic states (representative of non-determinism): 16
Number of edges: 15

189d0 (False): 0

189d0: SUB Reg RSP, Immediate 56 4
189d4: MOV Address (SizeDir 64 (AddrPlus (FromReg RSP) (AddrImm 16))), Reg RSI 5
189d9: MOV Reg RSI, Reg RSP 3
189dc: MOV Address (SizeDir 32 (FromReg RSP)), Immediate 22 7
189e3: MOV Reg RAX, Address (SizeDir 64 (AddrPlus (FromReg FS) (AddrImm 40))) 9
189ec: MOV Address (SizeDir 64 (AddrPlus (FromReg RSP) (AddrImm 40))), Reg RAX 5
189f1: XOR Reg EAX, Reg EAX 2
189f3: MOV Address (SizeDir 32 (AddrPlus (FromReg RSP) (AddrImm 8))), Immediate 2 8
189fb: MOV Address (SizeDir 64 (AddrPlus (FromReg RSP) (AddrImm 24))), Reg RDX 5
18a00: CALL xc_flask_op (external)
18a05: MOV Reg RCX, Address (SizeDir 64 (AddrPlus (FromReg RSP) (AddrImm 40))) 5
18a0a: XOR Reg RCX, Address (SizeDir 64 (AddrPlus (FromReg FS) (AddrImm 40))) 9
18a13: JNZ 18a1a (resolved immediate)
  |
  `- 18a15,18a1a
18a15: ADD Reg RSP, Immediate 56 4
18a19: RET  1
  |
  `- 
18a1a: CALL __stack_chk_fail (external)
  |
  `- 
