Number of assembly instructions     = 83
Number of indirect branches         = 0
Number of unresolved indirect jumps = 0: 
Number of unresolved indirect calls = 0: 
Number of symbolic states (representative of non-determinism): 83
Number of edges: 86

18680 (False): 0

18680: PUSH Reg R14 2
18682: PUSH Reg R13 2
18684: MOV Reg R14, Reg RSI 3
18687: PUSH Reg R12 2
18689: PUSH Reg RBP 1
1868a: MOV Reg R13, Reg RDX 3
1868d: PUSH Reg RBX 1
1868e: MOV Reg RBX, Reg RDI 3
18691: MOV Reg RDI, Reg RSI 3
18694: MOV Reg R12, Reg RCX 3
18697: SUB Reg RSP, Immediate 96 4
1869b: LEA Reg RBP, Address (SizeDir 64 (AddrPlus (FromReg RSP) (AddrImm 48))) 5
186a0: MOV Address (SizeDir 64 (AddrPlus (FromReg RSP) (AddrImm 72))), Reg RSI 5
186a5: MOV Address (SizeDir 64 (AddrPlus (FromReg RSP) (AddrImm 48))), Immediate 0 9
186ae: MOV Reg RAX, Address (SizeDir 64 (AddrPlus (FromReg FS) (AddrImm 40))) 9
186b7: MOV Address (SizeDir 64 (AddrPlus (FromReg RSP) (AddrImm 88))), Reg RAX 5
186bc: XOR Reg EAX, Reg EAX 2
186be: MOV Address (SizeDir 64 (AddrPlus (FromReg RSP) (AddrImm 56))), Immediate 0 9
186c7: MOV Address (SizeDir 32 (AddrPlus (FromReg RSP) (AddrImm 64))), Immediate 1 8
186cf: CALL strlen (external)
186d4: MOV Reg RSI, Reg RBP 3
186d7: MOV Reg RDI, Reg RBX 3
186da: MOV Address (SizeDir 64 (AddrPlus (FromReg RSP) (AddrImm 80))), Reg RAX 5
186df: CALL xc__hypercall_bounce_pre (external)
186e4: TEST Reg EAX, Reg EAX 2
186e6: JNE 1877e (resolved immediate)
  |
  `- 186ec,1877e
186ec: MOV Reg RDI, Reg R14 3
186ef: MOV Address (SizeDir 32 (FromReg RSP)), Immediate 11 7
186f6: MOV Address (SizeDir 32 (AddrPlus (FromReg RSP) (AddrImm 8))), Immediate 4294967295 8
186fe: CALL strlen (external)
18703: MOV Address (SizeDir 32 (AddrPlus (FromReg RSP) (AddrImm 16))), Reg EAX 4
18707: MOV Reg RAX, Address (SizeDir 64 (AddrPlus (FromReg RSP) (AddrImm 56))) 5
1870c: MOV Reg RSI, Reg RSP 3
1870f: MOV Reg RDI, Reg RBX 3
18712: TEST Reg RAX, Reg RAX 3
18715: CMOVE Reg RAX, Reg RBP 4
18719: MOV Reg RAX, Address (SizeDir 64 (FromReg RAX)) 3
1871c: MOV Address (SizeDir 64 (AddrPlus (FromReg RSP) (AddrImm 24))), Reg RAX 5
18721: CALL xc_flask_op (external)
18726: MOV Reg RSI, Address (SizeDir 64 (AddrPlus (FromReg RSP) (AddrImm 56))) 5
1872b: MOV Reg R14D, Reg EAX 3
1872e: MOV Reg RDI, Reg RBX 3
18731: TEST Reg RSI, Reg RSI 3
18734: CMOVE Reg RSI, Reg RBP 4
18738: CALL xc__hypercall_bounce_post (external)
1873d: TEST Reg R14D, Reg R14D 3
18740: JNE 1875e (resolved immediate)
  |
  `- 18742,1875e
18742: TEST Reg R13, Reg R13 3
18745: JE 18750 (resolved immediate)
  |
  `- 18747,18750
18747: MOVZX Reg EAX, Address (SizeDir 8 (AddrPlus (FromReg RSP) (AddrImm 12))) 5
1874c: MOV Address (SizeDir 32 (FromReg R13)), Reg EAX 4
18750: TEST Reg R12, Reg R12 3
18753: JE 1875e (resolved immediate)
  |
  `- 18755,1875e
18755: MOVZX Reg EAX, Address (SizeDir 8 (AddrPlus (FromReg RSP) (AddrImm 13))) 5
1875a: MOV Address (SizeDir 32 (FromReg R12)), Reg EAX 4
1875e: MOV Reg RDX, Address (SizeDir 64 (AddrPlus (FromReg RSP) (AddrImm 88))) 5
18763: XOR Reg RDX, Address (SizeDir 64 (AddrPlus (FromReg FS) (AddrImm 40))) 9
1876c: MOV Reg EAX, Reg R14D 3
1876f: JNE 187bc (resolved immediate)
  |
  `- 18771,187bc
18771: ADD Reg RSP, Immediate 96 4
18775: POP Reg RBX 1
18776: POP Reg RBP 1
18777: POP Reg R12 2
18779: POP Reg R13 2
1877b: POP Reg R14 2
1877d: RET  1
  |
  `- 
1877e: CALL __errno_location (external)
18783: MOV Reg R12D, Address (SizeDir 32 (FromReg RAX)) 3
18786: MOV Reg RBP, Reg RAX 3
18789: MOV Reg RDI, Reg RBX 3
1878c: MOV Reg R14D, Immediate 4294967295 6
18792: MOV Reg ESI, Reg R12D 3
18795: CALL xc_strerror (external)
1879a: MOV Reg ECX, Address (SizeDir 32 (FromReg RBP)) 3
1879d: LEA Reg RDX, Address (SizeDir 64 (AddrPlus (FromReg RIP) (AddrImm 54428))) 7
187a4: MOV Reg R8, Reg RAX 3
187a7: MOV Reg ESI, Immediate 1 5
187ac: MOV Reg RDI, Reg RBX 3
187af: XOR Reg EAX, Reg EAX 2
187b1: CALL xc_report_error (external)
187b6: MOV Address (SizeDir 32 (FromReg RBP)), Reg R12D 4
187ba: JMP 1875e (resolved immediate)
  |
  `- 1875e
187bc: CALL __stack_chk_fail (external)
  |
  `- 
