Number of assembly instructions     = 70
Number of indirect branches         = 0
Number of unresolved indirect jumps = 0: 
Number of unresolved indirect calls = 0: 
Number of symbolic states (representative of non-determinism): 70
Number of edges: 71

181f0 (False): 0

181f0: PUSH Reg R13 2
181f2: PUSH Reg R12 2
181f4: MOV Reg R13, Reg RCX 3
181f7: PUSH Reg RBP 1
181f8: PUSH Reg RBX 1
181f9: MOV Reg R12D, Reg EDX 3
181fc: MOV Reg RBX, Reg RDI 3
181ff: SUB Reg RSP, Immediate 104 4
18203: LEA Reg RBP, Address (AddrPlus (FromReg RSP) (AddrImm 48)) 5
18208: MOV Address (SizeDir 64 (AddrPlus (FromReg RSP) (AddrImm 72))), Reg RSI 5
1820d: MOV Address (SizeDir 64 (AddrPlus (FromReg RSP) (AddrImm 48))), Immediate 0 9
18216: MOV Reg RAX, Address (SizeDir 64 (AddrPlus (FromReg FS) (AddrImm 40))) 9
1821f: MOV Address (SizeDir 64 (AddrPlus (FromReg RSP) (AddrImm 88))), Reg RAX 5
18224: XOR Reg EAX, Reg EAX 2
18226: MOV Reg RSI, Reg RBP 3
18229: MOV Reg EAX, Reg EDX 2
1822b: MOV Address (SizeDir 64 (AddrPlus (FromReg RSP) (AddrImm 56))), Immediate 0 9
18234: MOV Address (SizeDir 32 (AddrPlus (FromReg RSP) (AddrImm 64))), Immediate 1 8
1823c: MOV Address (SizeDir 64 (AddrPlus (FromReg RSP) (AddrImm 80))), Reg RAX 5
18241: CALL xc__hypercall_bounce_pre (external)
18246: TEST Reg EAX, Reg EAX 2
18248: JNZ 182ba (resolved immediate)
  |
  `- 1824a,182ba
1824a: MOV Reg RAX, Address (SizeDir 64 (AddrPlus (FromReg RSP) (AddrImm 56))) 5
1824f: MOV Address (SizeDir 32 (AddrPlus (FromReg RSP) (AddrImm 12))), Reg R12D 5
18254: MOV Reg RSI, Reg RSP 3
18257: MOV Address (SizeDir 32 (FromReg RSP)), Immediate 4 7
1825e: MOV Reg RDI, Reg RBX 3
18261: TEST Reg RAX, Reg RAX 3
18264: CMOVZ Reg RAX, Reg RBP 4
18268: MOV Reg RAX, Address (SizeDir 64 (FromReg RAX)) 3
1826b: MOV Address (SizeDir 64 (AddrPlus (FromReg RSP) (AddrImm 16))), Reg RAX 5
18270: CALL xc_flask_op (external)
18275: TEST Reg EAX, Reg EAX 2
18277: MOV Reg R12D, Reg EAX 3
1827a: JZ 182b0 (resolved immediate)
  |
  `- 1827c,182b0
1827c: MOV Reg RSI, Address (SizeDir 64 (AddrPlus (FromReg RSP) (AddrImm 56))) 5
18281: MOV Reg RDI, Reg RBX 3
18284: TEST Reg RSI, Reg RSI 3
18287: CMOVZ Reg RSI, Reg RBP 4
1828b: CALL xc__hypercall_bounce_post (external)
18290: MOV Reg RDX, Address (SizeDir 64 (AddrPlus (FromReg RSP) (AddrImm 88))) 5
18295: XOR Reg RDX, Address (SizeDir 64 (AddrPlus (FromReg FS) (AddrImm 40))) 9
1829e: MOV Reg EAX, Reg R12D 3
182a1: JNZ 182f8 (resolved immediate)
  |
  `- 182a3,182f8
182a3: ADD Reg RSP, Immediate 104 4
182a7: POP Reg RBX 1
182a8: POP Reg RBP 1
182a9: POP Reg R12 2
182ab: POP Reg R13 2
182ad: RET  1
  |
  `- 
182b0: MOV Reg EAX, Address (SizeDir 32 (AddrPlus (FromReg RSP) (AddrImm 8))) 4
182b4: MOV Address (SizeDir 32 (AddrPlus (FromReg R13) (AddrImm 0))), Reg EAX 4
182b8: JMP 1827c (resolved immediate)
  |
  `- 1827c
182ba: CALL __errno_location (external)
182bf: MOV Reg R12D, Address (SizeDir 32 (FromReg RAX)) 3
182c2: MOV Reg RBP, Reg RAX 3
182c5: MOV Reg RDI, Reg RBX 3
182c8: MOV Reg ESI, Reg R12D 3
182cb: CALL xc_strerror (external)
182d0: MOV Reg ECX, Address (SizeDir 32 (AddrPlus (FromReg RBP) (AddrImm 0))) 3
182d3: LEA Reg RDX, Address (AddrPlus (FromReg RIP) (AddrImm 55654)) 7
182da: MOV Reg R8, Reg RAX 3
182dd: MOV Reg ESI, Immediate 1 5
182e2: MOV Reg RDI, Reg RBX 3
182e5: XOR Reg EAX, Reg EAX 2
182e7: CALL xc_report_error (external)
182ec: MOV Address (SizeDir 32 (AddrPlus (FromReg RBP) (AddrImm 0))), Reg R12D 4
182f0: MOV Reg R12D, Immediate 4294967295 6
182f6: JMP 18290 (resolved immediate)
  |
  `- 18290
182f8: CALL __stack_chk_fail (external)
  |
  `- 
