Number of assembly instructions     = 15
Number of indirect branches         = 0
Number of unresolved indirect jumps = 0: 
Number of unresolved indirect calls = 0: 
Number of symbolic states (representative of non-determinism): 15
Number of edges: 14

1b040 (False): 0

1b040: TEST Reg DIL, Reg DIL 3
1b043: JNE 1b070 (resolved immediate)
  |
  `- 1b045,1b070
1b045: SHR Reg DI, Immediate 8 4
1b049: XOR Reg EAX, Reg EAX 2
1b04b: TEST Reg DI, Reg DI 3
1b04e: JNE 1b058 (resolved immediate)
  |
  `- 1b050,1b058
1b050: RET  2
  |
  `- 
1b058: SUB Reg RSP, Immediate 8 4
1b05c: MOVZX Reg EDI, Reg DI 3
1b05f: CALL xc_ffs8 (external)
1b064: ADD Reg RSP, Immediate 8 4
1b068: ADD Reg EAX, Immediate 8 3
1b06b: RET  1
  |
  `- 
1b070: MOVZX Reg EDI, Reg DIL 4
1b074: JMP xc_ffs8 (jmp to external function)
  |
  `- 
