Number of assembly instructions     = 62
Number of indirect branches         = 0
Number of unresolved indirect jumps = 0: 
Number of unresolved indirect calls = 0: 
Number of symbolic states (representative of non-determinism): 62
Number of edges: 62

180f0 (False): 0

180f0: PUSH Reg R12 2
180f2: PUSH Reg RBP 1
180f3: MOV Reg R12D, Reg EDX 3
180f6: PUSH Reg RBX 1
180f7: MOV Reg RBX, Reg RDI 3
180fa: SUB Reg RSP, Immediate 96 4
180fe: LEA Reg RBP, Address (SizeDir 64 (AddrPlus (FromReg RSP) (AddrImm 48))) 5
18103: MOV Address (SizeDir 64 (AddrPlus (FromReg RSP) (AddrImm 72))), Reg RSI 5
18108: MOV Address (SizeDir 64 (AddrPlus (FromReg RSP) (AddrImm 48))), Immediate 0 9
18111: MOV Reg RAX, Address (SizeDir 64 (AddrPlus (FromReg FS) (AddrImm 40))) 9
1811a: MOV Address (SizeDir 64 (AddrPlus (FromReg RSP) (AddrImm 88))), Reg RAX 5
1811f: XOR Reg EAX, Reg EAX 2
18121: MOV Reg RSI, Reg RBP 3
18124: MOV Reg EAX, Reg EDX 2
18126: MOV Address (SizeDir 64 (AddrPlus (FromReg RSP) (AddrImm 56))), Immediate 0 9
1812f: MOV Address (SizeDir 32 (AddrPlus (FromReg RSP) (AddrImm 64))), Immediate 1 8
18137: MOV Address (SizeDir 64 (AddrPlus (FromReg RSP) (AddrImm 80))), Reg RAX 5
1813c: CALL xc__hypercall_bounce_pre (external)
18141: TEST Reg EAX, Reg EAX 2
18143: JNE 181a3 (resolved immediate)
  |
  `- 18145,181a3
18145: MOV Reg RAX, Address (SizeDir 64 (AddrPlus (FromReg RSP) (AddrImm 56))) 5
1814a: MOV Address (SizeDir 32 (AddrPlus (FromReg RSP) (AddrImm 16))), Reg R12D 5
1814f: MOV Reg RSI, Reg RSP 3
18152: MOV Address (SizeDir 32 (FromReg RSP)), Immediate 1 7
18159: MOV Reg RDI, Reg RBX 3
1815c: TEST Reg RAX, Reg RAX 3
1815f: CMOVE Reg RAX, Reg RBP 4
18163: MOV Reg RAX, Address (SizeDir 64 (FromReg RAX)) 3
18166: MOV Address (SizeDir 64 (AddrPlus (FromReg RSP) (AddrImm 8))), Reg RAX 5
1816b: CALL xc_flask_op (external)
18170: MOV Reg RSI, Address (SizeDir 64 (AddrPlus (FromReg RSP) (AddrImm 56))) 5
18175: MOV Reg RDI, Reg RBX 3
18178: MOV Reg R12D, Reg EAX 3
1817b: TEST Reg RSI, Reg RSI 3
1817e: CMOVE Reg RSI, Reg RBP 4
18182: CALL xc__hypercall_bounce_post (external)
18187: MOV Reg RCX, Address (SizeDir 64 (AddrPlus (FromReg RSP) (AddrImm 88))) 5
1818c: XOR Reg RCX, Address (SizeDir 64 (AddrPlus (FromReg FS) (AddrImm 40))) 9
18195: MOV Reg EAX, Reg R12D 3
18198: JNE 181e1 (resolved immediate)
  |
  `- 1819a,181e1
1819a: ADD Reg RSP, Immediate 96 4
1819e: POP Reg RBX 1
1819f: POP Reg RBP 1
181a0: POP Reg R12 2
181a2: RET  1
  |
  `- 
181a3: CALL __errno_location (external)
181a8: MOV Reg R12D, Address (SizeDir 32 (FromReg RAX)) 3
181ab: MOV Reg RBP, Reg RAX 3
181ae: MOV Reg RDI, Reg RBX 3
181b1: MOV Reg ESI, Reg R12D 3
181b4: CALL xc_strerror (external)
181b9: MOV Reg ECX, Address (SizeDir 32 (FromReg RBP)) 3
181bc: LEA Reg RDX, Address (SizeDir 64 (AddrPlus (FromReg RIP) (AddrImm 55933))) 7
181c3: MOV Reg R8, Reg RAX 3
181c6: MOV Reg ESI, Immediate 1 5
181cb: MOV Reg RDI, Reg RBX 3
181ce: XOR Reg EAX, Reg EAX 2
181d0: CALL xc_report_error (external)
181d5: MOV Address (SizeDir 32 (FromReg RBP)), Reg R12D 4
181d9: MOV Reg R12D, Immediate 4294967295 6
181df: JMP 18187 (resolved immediate)
  |
  `- 18187
181e1: CALL __stack_chk_fail (external)
  |
  `- 
