Number of assembly instructions     = 16
Number of indirect branches         = 0
Number of unresolved indirect jumps = 0: 
Number of unresolved indirect calls = 0: 
Number of symbolic states (representative of non-determinism): 16
Number of edges: 15

18a70 (False): 0

18a70: SUB Reg RSP, Immediate 56 4
18a74: MOV Address (SizeDir 64 (AddrPlus (FromReg RSP) (AddrImm 16))), Reg RSI 5
18a79: MOV Address (SizeDir 64 (AddrPlus (FromReg RSP) (AddrImm 24))), Reg RSI 5
18a7e: MOV Reg RSI, Reg RSP 3
18a81: MOV Reg RAX, Address (SizeDir 64 (AddrPlus (FromReg FS) (AddrImm 40))) 9
18a8a: MOV Address (SizeDir 64 (AddrPlus (FromReg RSP) (AddrImm 40))), Reg RAX 5
18a8f: XOR Reg EAX, Reg EAX 2
18a91: MOV Address (SizeDir 32 (FromReg RSP)), Immediate 22 7
18a98: MOV Address (SizeDir 32 (AddrPlus (FromReg RSP) (AddrImm 8))), Immediate 4 8
18aa0: CALL xc_flask_op (external)
18aa5: MOV Reg RDX, Address (SizeDir 64 (AddrPlus (FromReg RSP) (AddrImm 40))) 5
18aaa: XOR Reg RDX, Address (SizeDir 64 (AddrPlus (FromReg FS) (AddrImm 40))) 9
18ab3: JNZ 18aba (resolved immediate)
  |
  `- 18ab5,18aba
18ab5: ADD Reg RSP, Immediate 56 4
18ab9: RET  1
  |
  `- 
18aba: CALL __stack_chk_fail (external)
  |
  `- 
