Number of assembly instructions     = 91
Number of indirect branches         = 0
Number of unresolved indirect jumps = 0: 
Number of unresolved indirect calls = 0: 
Number of symbolic states (representative of non-determinism): 91
Number of edges: 98

18ac0 (False): 0

18ac0: PUSH Reg R15 2
18ac2: PUSH Reg R14 2
18ac4: MOV Reg R15, Reg R9 3
18ac7: PUSH Reg R13 2
18ac9: PUSH Reg R12 2
18acb: MOV Reg R13D, Reg R8D 3
18ace: PUSH Reg RBP 1
18acf: PUSH Reg RBX 1
18ad0: MOV Reg RBX, Reg RDI 3
18ad3: MOV Reg RDI, Reg RSI 3
18ad6: MOV Reg R12, Reg RDX 3
18ad9: SUB Reg RSP, Immediate 104 4
18add: MOV Reg RAX, Address (SizeDir 64 (AddrPlus (FromReg RSP) (AddrImm 168))) 8
18ae5: MOV Address (SizeDir 32 (AddrPlus (FromReg RSP) (AddrImm 20))), Reg ECX 4
18ae9: MOV Address (SizeDir 64 (AddrPlus (FromReg RSP) (AddrImm 8))), Reg RSI 5
18aee: MOV Reg R14, Address (SizeDir 64 (AddrPlus (FromReg RSP) (AddrImm 160))) 8
18af6: MOV Address (SizeDir 64 (AddrPlus (FromReg RSP) (AddrImm 24))), Reg RAX 5
18afb: MOV Reg RAX, Address (SizeDir 64 (AddrPlus (FromReg RSP) (AddrImm 176))) 8
18b03: MOV Address (SizeDir 64 (AddrPlus (FromReg RSP) (AddrImm 32))), Reg RAX 5
18b08: MOV Reg RAX, Address (SizeDir 64 (AddrPlus (FromReg RSP) (AddrImm 184))) 8
18b10: MOV Address (SizeDir 64 (AddrPlus (FromReg RSP) (AddrImm 40))), Reg RAX 5
18b15: MOV Reg RAX, Address (SizeDir 64 (AddrPlus (FromReg FS) (AddrImm 40))) 9
18b1e: MOV Address (SizeDir 64 (AddrPlus (FromReg RSP) (AddrImm 88))), Reg RAX 5
18b23: XOR Reg EAX, Reg EAX 2
18b25: CALL strlen (external)
18b2a: MOV Reg RSI, Address (SizeDir 64 (AddrPlus (FromReg RSP) (AddrImm 8))) 5
18b2f: LEA Reg RCX, Address (AddrPlus (FromReg RSP) (AddrImm 56)) 5
18b34: MOV Reg EDX, Reg EAX 2
18b36: MOV Reg RDI, Reg RBX 3
18b39: CALL xc_flask_context_to_sid (external)
18b3e: TEST Reg EAX, Reg EAX 2
18b40: JZ 18b68 (resolved immediate)
  |
  `- 18b42,18b68
18b42: MOV Reg RBX, Address (SizeDir 64 (AddrPlus (FromReg RSP) (AddrImm 88))) 5
18b47: XOR Reg RBX, Address (SizeDir 64 (AddrPlus (FromReg FS) (AddrImm 40))) 9
18b50: JNZ 18c0a (resolved immediate)
  |
  `- 18b56,18c0a
18b56: ADD Reg RSP, Immediate 104 4
18b5a: POP Reg RBX 1
18b5b: POP Reg RBP 1
18b5c: POP Reg R12 2
18b5e: POP Reg R13 2
18b60: POP Reg R14 2
18b62: POP Reg R15 2
18b64: RET  1
  |
  `- 
18b68: LEA Reg RBP, Address (AddrPlus (FromReg RSP) (AddrImm 48)) 5
18b6d: MOV Reg RDI, Reg R12 3
18b70: CALL strlen (external)
18b75: LEA Reg RCX, Address (AddrPlus (FromReg RBP) (AddrImm 12)) 4
18b79: MOV Reg EDX, Reg EAX 2
18b7b: MOV Reg RSI, Reg R12 3
18b7e: MOV Reg RDI, Reg RBX 3
18b81: CALL xc_flask_context_to_sid (external)
18b86: TEST Reg EAX, Reg EAX 2
18b88: JNZ 18b42 (resolved immediate)
  |
  `- 18b42,18b8a
18b8a: MOVZX Reg EAX, Address (SizeDir 16 (AddrPlus (FromReg RSP) (AddrImm 20))) 5
18b8f: MOV Reg RSI, Reg RBP 3
18b92: MOV Reg RDI, Reg RBX 3
18b95: MOV Address (SizeDir 32 (AddrPlus (FromReg RSP) (AddrImm 48))), Immediate 6 8
18b9d: MOV Address (SizeDir 32 (AddrPlus (FromReg RSP) (AddrImm 68))), Reg R13D 5
18ba2: MOV Address (SizeDir 32 (AddrPlus (FromReg RSP) (AddrImm 64))), Reg EAX 4
18ba6: CALL xc_flask_op (external)
18bab: TEST Reg EAX, Reg EAX 2
18bad: JNZ 18b42 (resolved immediate)
  |
  `- 18b42,18baf
18baf: TEST Reg R15, Reg R15 3
18bb2: MOV Reg EAX, Address (SizeDir 32 (AddrPlus (FromReg RSP) (AddrImm 72))) 4
18bb6: JZ 18bbb (resolved immediate)
  |
  `- 18bb8,18bbb
18bb8: MOV Address (SizeDir 32 (FromReg R15)), Reg EAX 3
18bbb: TEST Reg R14, Reg R14 3
18bbe: JZ 18bc7 (resolved immediate)
  |
  `- 18bc0,18bc7
18bc0: MOV Address (SizeDir 32 (FromReg R14)), Immediate 4294967295 7
18bc7: MOV Reg RBX, Address (SizeDir 64 (AddrPlus (FromReg RSP) (AddrImm 24))) 5
18bcc: TEST Reg RBX, Reg RBX 3
18bcf: JZ 18bd7 (resolved immediate)
  |
  `- 18bd1,18bd7
18bd1: MOV Reg EDX, Address (SizeDir 32 (AddrPlus (FromReg RSP) (AddrImm 76))) 4
18bd5: MOV Address (SizeDir 32 (FromReg RBX)), Reg EDX 2
18bd7: MOV Reg RDI, Address (SizeDir 64 (AddrPlus (FromReg RSP) (AddrImm 32))) 5
18bdc: TEST Reg RDI, Reg RDI 3
18bdf: JZ 18be7 (resolved immediate)
  |
  `- 18be1,18be7
18be1: MOV Reg EDX, Address (SizeDir 32 (AddrPlus (FromReg RSP) (AddrImm 80))) 4
18be5: MOV Address (SizeDir 32 (FromReg RDI)), Reg EDX 2
18be7: MOV Reg RBX, Address (SizeDir 64 (AddrPlus (FromReg RSP) (AddrImm 40))) 5
18bec: TEST Reg RBX, Reg RBX 3
18bef: JZ 18bf7 (resolved immediate)
  |
  `- 18bf1,18bf7
18bf1: MOV Reg EDX, Address (SizeDir 32 (AddrPlus (FromReg RSP) (AddrImm 84))) 4
18bf5: MOV Address (SizeDir 32 (FromReg RBX)), Reg EDX 2
18bf7: AND Reg EAX, Reg R13D 3
18bfa: CMP Reg EAX, Reg R13D 3
18bfd: SETNZ Reg AL 3
18c00: MOVZX Reg EAX, Reg AL 3
18c03: NEG Reg EAX 2
18c05: JMP 18b42 (resolved immediate)
  |
  `- 18b42
18c0a: CALL __stack_chk_fail (external)
  |
  `- 
