Number of assembly instructions     = 20
Number of indirect branches         = 0
Number of unresolved indirect jumps = 0: 
Number of unresolved indirect calls = 0: 
Number of symbolic states (representative of non-determinism): 20
Number of edges: 20

111e0 (False): 0

111e0: PUSH Reg RBX 1
111e1: MOV Reg RBX, Reg RCX 3
111e4: SUB Reg RSP, Immediate 16 4
111e8: MOV Reg RCX, Reg RSP 3
111eb: MOV Reg RAX, Address (SizeDir 64 (AddrPlus (FromReg FS) (AddrImm 40))) 9
111f4: MOV Address (SizeDir 64 (AddrPlus (FromReg RSP) (AddrImm 8))), Reg RAX 5
111f9: XOR Reg EAX, Reg EAX 2
111fb: CALL xc_hvm_param_get (external)
11200: TEST Reg EAX, Reg EAX 2
11202: JS 1120d (resolved immediate)
  |
  `- 11204,1120d
11204: MOV Reg RAX, Address (SizeDir 64 (FromReg RSP)) 4
11208: MOV Address (SizeDir 64 (FromReg RBX)), Reg RAX 3
1120b: XOR Reg EAX, Reg EAX 2
1120d: MOV Reg RBX, Address (SizeDir 64 (AddrPlus (FromReg RSP) (AddrImm 8))) 5
11212: XOR Reg RBX, Address (SizeDir 64 (AddrPlus (FromReg FS) (AddrImm 40))) 9
1121b: JNE 11223 (resolved immediate)
  |
  `- 1121d,11223
1121d: ADD Reg RSP, Immediate 16 4
11221: POP Reg RBX 1
11222: RET  1
  |
  `- 
11223: CALL __stack_chk_fail (external)
  |
  `- 
