Number of assembly instructions     = 97
Number of indirect branches         = 0
Number of unresolved indirect jumps = 0: 
Number of unresolved indirect calls = 0: 
Number of symbolic states (representative of non-determinism): 97
Number of edges: 100

170c0 (False): 0

170c0: PUSH Reg R15 2
170c2: PUSH Reg R14 2
170c4: PUSH Reg R13 2
170c6: PUSH Reg R12 2
170c8: MOV Reg R13D, Reg ESI 3
170cb: PUSH Reg RBP 1
170cc: PUSH Reg RBX 1
170cd: MOV Reg R12, Reg RCX 3
170d0: MOV Reg RBX, Reg RDI 3
170d3: SUB Reg RSP, Immediate 248 7
170da: MOV Reg RAX, Address (SizeDir 64 (AddrPlus (FromReg FS) (AddrImm 40))) 9
170e3: MOV Address (SizeDir 64 (AddrPlus (FromReg RSP) (AddrImm 232))), Reg RAX 8
170eb: XOR Reg EAX, Reg EAX 2
170ed: MOV Reg RBP, Reg RSP 3
170f0: MOVSXD Reg RAX, Reg ESI 3
170f3: MOV Address (SizeDir 64 (FromReg RSP)), Immediate 0 8
170fb: SHL Reg RAX, Immediate 3 4
170ff: MOV Reg RSI, Reg RBP 3
17102: MOV Address (SizeDir 64 (AddrPlus (FromReg RSP) (AddrImm 8))), Immediate 0 9
1710b: MOV Address (SizeDir 32 (AddrPlus (FromReg RSP) (AddrImm 16))), Immediate 2 8
17113: MOV Address (SizeDir 64 (AddrPlus (FromReg RSP) (AddrImm 24))), Reg RDX 5
17118: MOV Address (SizeDir 64 (AddrPlus (FromReg RSP) (AddrImm 32))), Reg RAX 5
1711d: CALL xc__hypercall_bounce_pre (external)
17122: TEST Reg EAX, Reg EAX 2
17124: JNE 17258 (resolved immediate)
  |
  `- 1712a,17258
1712a: MOV Reg RAX, Address (SizeDir 64 (AddrPlus (FromReg RSP) (AddrImm 8))) 5
1712f: MOV Address (SizeDir 32 (AddrPlus (FromReg RSP) (AddrImm 96))), Immediate 8 8
17137: LEA Reg R14, Address (SizeDir 64 (AddrPlus (FromReg RSP) (AddrImm 48))) 5
1713c: MOV Address (SizeDir 32 (AddrPlus (FromReg RSP) (AddrImm 104))), Reg R13D 5
17141: MOV Reg RDI, Reg RBX 3
17144: MOV Reg RSI, Reg R14 3
17147: TEST Reg RAX, Reg RAX 3
1714a: CMOVE Reg RAX, Reg RBP 4
1714e: MOV Reg RAX, Address (SizeDir 64 (FromReg RAX)) 3
17151: MOV Address (SizeDir 64 (AddrPlus (FromReg RSP) (AddrImm 48))), Immediate 0 9
1715a: MOV Address (SizeDir 64 (AddrPlus (FromReg RSP) (AddrImm 56))), Immediate 0 9
17163: MOV Address (SizeDir 32 (AddrPlus (FromReg RSP) (AddrImm 64))), Immediate 3 8
1716b: MOV Address (SizeDir 64 (AddrPlus (FromReg RSP) (AddrImm 80))), Immediate 136 9
17174: MOV Address (SizeDir 32 (AddrPlus (FromReg RSP) (AddrImm 100))), Immediate 18 8
1717c: MOV Address (SizeDir 64 (AddrPlus (FromReg RSP) (AddrImm 112))), Reg RAX 5
17181: LEA Reg RAX, Address (SizeDir 64 (AddrPlus (FromReg RSP) (AddrImm 96))) 5
17186: MOV Address (SizeDir 64 (AddrPlus (FromReg RSP) (AddrImm 72))), Reg RAX 5
1718b: CALL xc__hypercall_bounce_pre (external)
17190: TEST Reg EAX, Reg EAX 2
17192: JNE 17260 (resolved immediate)
17198: MOV Reg RAX, Address (SizeDir 64 (AddrPlus (FromReg RSP) (AddrImm 56))) 5
1719d: MOV Reg RDI, Address (SizeDir 64 (AddrPlus (FromReg RBX) (AddrImm 1088))) 7
171a4: MOV Reg ESI, Immediate 35 5
171a9: TEST Reg RAX, Reg RAX 3
171ac: CMOVE Reg RAX, Reg R14 4
171b0: MOV Reg RDX, Address (SizeDir 64 (FromReg RAX)) 3
171b3: CALL xencall1 (external)
171b8: TEST Reg EAX, Reg EAX 2
171ba: MOV Reg R13D, Reg EAX 3
171bd: JS 17220 (resolved immediate)
  |
  `- 171bf,17220
171bf: MOV Reg RSI, Address (SizeDir 64 (AddrPlus (FromReg RSP) (AddrImm 56))) 5
171c4: MOV Reg RDI, Reg RBX 3
171c7: TEST Reg RSI, Reg RSI 3
171ca: CMOVE Reg RSI, Reg R14 4
171ce: CALL xc__hypercall_bounce_post (external)
171d3: MOV Reg RSI, Address (SizeDir 64 (AddrPlus (FromReg RSP) (AddrImm 8))) 5
171d8: MOV Reg RDI, Reg RBX 3
171db: TEST Reg RSI, Reg RSI 3
171de: CMOVE Reg RSI, Reg RBP 4
171e2: CALL xc__hypercall_bounce_post (external)
171e7: TEST Reg R12, Reg R12 3
171ea: JE 171f4 (resolved immediate)
  |
  `- 171ec,171f4
171ec: MOV Reg EAX, Address (SizeDir 32 (AddrPlus (FromReg RSP) (AddrImm 120))) 4
171f0: MOV Address (SizeDir 32 (FromReg R12)), Reg EAX 4
171f4: MOV Reg RCX, Address (SizeDir 64 (AddrPlus (FromReg RSP) (AddrImm 232))) 8
171fc: XOR Reg RCX, Address (SizeDir 64 (AddrPlus (FromReg FS) (AddrImm 40))) 9
17205: MOV Reg EAX, Reg R13D 3
17208: JNE 172a2 (resolved immediate)
  |
  `- 1720e,172a2
1720e: ADD Reg RSP, Immediate 248 7
17215: POP Reg RBX 1
17216: POP Reg RBP 1
17217: POP Reg R12 2
17219: POP Reg R13 2
1721b: POP Reg R14 2
1721d: POP Reg R15 2
1721f: RET  1
  |
  `- 
17220: CALL __errno_location (external)
17225: CMP Address (SizeDir 32 (FromReg RAX)), Immediate 13 3
17228: MOV Reg R15, Reg RAX 3
1722b: JNE 171bf (resolved immediate)
  |
  `- 171bf,1722d
1722d: MOV Reg RSI, Address (SizeDir 64 (AddrPlus (FromReg RBX) (AddrImm 8))) 4
17231: LEA Reg R8, Address (SizeDir 64 (AddrPlus (FromReg RIP) (AddrImm 57312))) 7
17238: XOR Reg ECX, Reg ECX 2
1723a: MOV Reg EDX, Immediate 3 5
1723f: MOV Reg RDI, Reg RBX 3
17242: XOR Reg EAX, Reg EAX 2
17244: CALL xc_report (external)
17249: MOV Address (SizeDir 32 (FromReg R15)), Immediate 13 7
17250: JMP 171bf (resolved immediate)
  |
  `- 171bf
17258: MOV Reg R13D, Immediate 4294967295 6
1725e: JMP 171f4 (resolved immediate)
  |
  `- 171f4
172a2: CALL __stack_chk_fail (external)
  |
  `- 
