Number of assembly instructions     = 92
Number of indirect branches         = 0
Number of unresolved indirect jumps = 0: 
Number of unresolved indirect calls = 0: 
Number of symbolic states (representative of non-determinism): 92
Number of edges: 96

1de20 (False): 0

1de20: PUSH Reg R14 2
1de22: PUSH Reg R13 2
1de24: PUSH Reg R12 2
1de26: PUSH Reg RBP 1
1de27: PUSH Reg RBX 1
1de28: SUB Reg RSP, Immediate 192 7
1de2f: MOV Reg RAX, Address (SizeDir 64 (AddrPlus (FromReg FS) (AddrImm 40))) 9
1de38: MOV Address (SizeDir 64 (AddrPlus (FromReg RSP) (AddrImm 184))), Reg RAX 8
1de40: XOR Reg EAX, Reg EAX 2
1de42: TEST Reg RDI, Reg RDI 3
1de45: JZ 1df68 (resolved immediate)
  |
  `- 1de4b,1df68
1de4b: TEST Reg RSI, Reg RSI 3
1de4e: MOV Reg R13, Reg RSI 3
1de51: JZ 1df68 (resolved immediate)
  |
  `- 1de57,1df68
1de57: LEA Reg RAX, Address (AddrPlus (FromReg RSP) (AddrImm 48)) 5
1de5c: MOV Reg RBP, Reg RSP 3
1de5f: MOV Reg RBX, Reg RDI 3
1de62: MOV Reg RSI, Reg RBP 3
1de65: MOV Address (SizeDir 64 (FromReg RSP)), Immediate 0 8
1de6d: MOV Address (SizeDir 64 (AddrPlus (FromReg RSP) (AddrImm 8))), Immediate 0 9
1de76: MOV Address (SizeDir 64 (AddrPlus (FromReg RSP) (AddrImm 24))), Reg RAX 5
1de7b: MOV Reg RAX, Immediate 77309411340 10
1de85: MOV Address (SizeDir 32 (AddrPlus (FromReg RSP) (AddrImm 16))), Immediate 3 8
1de8d: MOV Address (SizeDir 64 (AddrPlus (FromReg RSP) (AddrImm 32))), Immediate 136 9
1de96: MOV Address (SizeDir 64 (AddrPlus (FromReg RSP) (AddrImm 48))), Reg RAX 5
1de9b: MOV Address (SizeDir 64 (AddrPlus (FromReg RSP) (AddrImm 56))), Immediate 34 9
1dea4: MOV Address (SizeDir 32 (AddrPlus (FromReg RSP) (AddrImm 64))), Immediate 0 8
1deac: CALL xc__hypercall_bounce_pre (external)
1deb1: TEST Reg EAX, Reg EAX 2
1deb3: JNZ 1df7b (resolved immediate)
  |
  `- 1deb9,1df7b
1deb9: MOV Reg RAX, Address (SizeDir 64 (AddrPlus (FromReg RSP) (AddrImm 8))) 5
1debe: MOV Reg RDI, Address (SizeDir 64 (AddrPlus (FromReg RBX) (AddrImm 1088))) 7
1dec5: MOV Reg ESI, Immediate 35 5
1deca: TEST Reg RAX, Reg RAX 3
1decd: CMOVZ Reg RAX, Reg RBP 4
1ded1: MOV Reg RDX, Address (SizeDir 64 (FromReg RAX)) 3
1ded4: CALL xencall1 (external)
1ded9: TEST Reg EAX, Reg EAX 2
1dedb: MOV Reg R12D, Reg EAX 3
1dede: JS 1df30 (resolved immediate)
  |
  `- 1dee0,1df30
1dee0: MOV Reg RSI, Address (SizeDir 64 (AddrPlus (FromReg RSP) (AddrImm 8))) 5
1dee5: MOV Reg RDI, Reg RBX 3
1dee8: TEST Reg RSI, Reg RSI 3
1deeb: CMOVZ Reg RSI, Reg RBP 4
1deef: CALL xc__hypercall_bounce_post (external)
1def4: MOV Reg EAX, Address (SizeDir 32 (AddrPlus (FromReg RSP) (AddrImm 64))) 4
1def8: MOV Address (SizeDir 32 (AddrPlus (FromReg R13) (AddrImm 0))), Reg EAX 4
1defc: MOV Reg RCX, Address (SizeDir 64 (AddrPlus (FromReg RSP) (AddrImm 184))) 8
1df04: XOR Reg RCX, Address (SizeDir 64 (AddrPlus (FromReg FS) (AddrImm 40))) 9
1df0d: MOV Reg EAX, Reg R12D 3
1df10: JNZ 1dfbc (resolved immediate)
  |
  `- 1df16,1dfbc
1df16: ADD Reg RSP, Immediate 192 7
1df1d: POP Reg RBX 1
1df1e: POP Reg RBP 1
1df1f: POP Reg R12 2
1df21: POP Reg R13 2
1df23: POP Reg R14 2
1df25: RET  1
  |
  `- 
1df30: CALL __errno_location (external)
1df35: CMP Address (SizeDir 32 (FromReg RAX)), Immediate 13 3
1df38: MOV Reg R14, Reg RAX 3
1df3b: JNZ 1dee0 (resolved immediate)
  |
  `- 1dee0,1df3d
1df3d: MOV Reg RSI, Address (SizeDir 64 (AddrPlus (FromReg RBX) (AddrImm 8))) 4
1df41: LEA Reg R8, Address (AddrPlus (FromReg RIP) (AddrImm 29392)) 7
1df48: XOR Reg ECX, Reg ECX 2
1df4a: MOV Reg EDX, Immediate 3 5
1df4f: MOV Reg RDI, Reg RBX 3
1df52: XOR Reg EAX, Reg EAX 2
1df54: CALL xc_report (external)
1df59: MOV Address (SizeDir 32 (FromReg R14)), Immediate 13 7
1df60: JMP 1dee0 (resolved immediate)
  |
  `- 1dee0
1df68: CALL __errno_location (external)
1df6d: MOV Reg R12D, Immediate 4294967295 6
1df73: MOV Address (SizeDir 32 (FromReg RAX)), Immediate 22 6
1df79: JMP 1defc (resolved immediate)
  |
  `- 1defc
1df7b: CALL __errno_location (external)
1df80: MOV Reg R12D, Address (SizeDir 32 (FromReg RAX)) 3
1df83: MOV Reg RBP, Reg RAX 3
1df86: MOV Reg RDI, Reg RBX 3
1df89: MOV Reg ESI, Reg R12D 3
1df8c: CALL xc_strerror (external)
1df91: MOV Reg ECX, Address (SizeDir 32 (AddrPlus (FromReg RBP) (AddrImm 0))) 3
1df94: LEA Reg RDX, Address (AddrPlus (FromReg RIP) (AddrImm 29253)) 7
1df9b: MOV Reg R8, Reg RAX 3
1df9e: MOV Reg ESI, Immediate 1 5
1dfa3: MOV Reg RDI, Reg RBX 3
1dfa6: XOR Reg EAX, Reg EAX 2
1dfa8: CALL xc_report_error (external)
1dfad: MOV Address (SizeDir 32 (AddrPlus (FromReg RBP) (AddrImm 0))), Reg R12D 4
1dfb1: MOV Reg R12D, Immediate 4294967295 6
1dfb7: JMP 1def4 (resolved immediate)
  |
  `- 1def4
1dfbc: CALL __stack_chk_fail (external)
  |
  `- 
