Number of assembly instructions     = 79
Number of indirect branches         = 0
Number of unresolved indirect jumps = 0: 
Number of unresolved indirect calls = 0: 
Number of symbolic states (representative of non-determinism): 79
Number of edges: 79

229b0 (False): 0

229b0: PUSH Reg R15 2
229b2: PUSH Reg R14 2
229b4: MOV Reg R15D, Reg ESI 3
229b7: PUSH Reg R13 2
229b9: PUSH Reg R12 2
229bb: MOV Reg R14, Reg RDI 3
229be: PUSH Reg RBP 1
229bf: PUSH Reg RBX 1
229c0: MOV Reg RBX, Immediate 18446744073709551615 7
229c7: MOV Reg R13, Reg RCX 3
229ca: MOV Reg R12, Reg R8 3
229cd: SUB Reg RSP, Immediate 72 4
229d1: LEA Reg RBP, Address (AddrPlus (FromReg RSP) (AddrImm 16)) 5
229d6: MOV Address (SizeDir 32 (AddrPlus (FromReg RSP) (AddrImm 8))), Reg EDX 4
229da: MOV Reg EDX, Immediate 24 5
229df: MOV Reg RAX, Address (SizeDir 64 (AddrPlus (FromReg FS) (AddrImm 40))) 9
229e8: MOV Address (SizeDir 64 (AddrPlus (FromReg RSP) (AddrImm 56))), Reg RAX 5
229ed: XOR Reg EAX, Reg EAX 2
229ef: MOV Reg RSI, Reg RBP 3
229f2: MOV Address (SizeDir 64 (AddrPlus (FromReg RSP) (AddrImm 16))), Immediate 0 9
229fb: MOV Address (SizeDir 64 (AddrPlus (FromReg RSP) (AddrImm 24))), Immediate 0 9
22a04: MOV Address (SizeDir 32 (AddrPlus (FromReg RSP) (AddrImm 32))), Immediate 0 8
22a0c: MOV Address (SizeDir 64 (AddrPlus (FromReg RSP) (AddrImm 40))), Reg RBX 5
22a11: MOV Address (SizeDir 64 (AddrPlus (FromReg RSP) (AddrImm 48))), Immediate 0 9
22a1a: CALL xc__hypercall_buffer_alloc (external)
22a1f: TEST Reg RAX, Reg RAX 3
22a22: JZ 22aac (resolved immediate)
  |
  `- 22a28,22aac
22a28: MOV Address (SizeDir 32 (FromReg RAX)), Reg R15D 3
22a2b: MOV Reg R8, Reg RAX 3
22a2e: MOV Reg EAX, Address (SizeDir 32 (AddrPlus (FromReg RSP) (AddrImm 8))) 4
22a32: MOV Reg EDX, Immediate 3 5
22a37: MOV Reg ESI, Immediate 37 5
22a3c: MOV Address (SizeDir 64 (AddrPlus (FromReg RSP) (AddrImm 8))), Reg R8 5
22a41: MOV Address (SizeDir 32 (AddrPlus (FromReg R8) (AddrImm 4))), Reg EAX 4
22a45: MOV Reg RAX, Address (SizeDir 64 (AddrPlus (FromReg RSP) (AddrImm 24))) 5
22a4a: MOV Reg RDI, Address (SizeDir 64 (AddrPlus (FromReg R14) (AddrImm 1088))) 7
22a51: TEST Reg RAX, Reg RAX 3
22a54: CMOVZ Reg RAX, Reg RBP 4
22a58: MOV Reg RCX, Address (SizeDir 64 (FromReg RAX)) 3
22a5b: CALL xencall2 (external)
22a60: MOV Reg R8, Address (SizeDir 64 (AddrPlus (FromReg RSP) (AddrImm 8))) 5
22a65: MOV Reg EBX, Reg EAX 2
22a67: MOV Reg RAX, Address (SizeDir 64 (AddrPlus (FromReg R8) (AddrImm 8))) 4
22a6b: MOV Address (SizeDir 64 (AddrPlus (FromReg R13) (AddrImm 0))), Reg RAX 4
22a6f: MOV Reg RAX, Address (SizeDir 64 (AddrPlus (FromReg R8) (AddrImm 16))) 4
22a73: MOV Address (SizeDir 64 (FromReg R12)), Reg RAX 4
22a77: MOV Reg RSI, Address (SizeDir 64 (AddrPlus (FromReg RSP) (AddrImm 24))) 5
22a7c: MOV Reg RDI, Reg R14 3
22a7f: TEST Reg RSI, Reg RSI 3
22a82: CMOVZ Reg RSI, Reg RBP 4
22a86: CALL xc__hypercall_buffer_free (external)
22a8b: MOV Reg RCX, Address (SizeDir 64 (AddrPlus (FromReg RSP) (AddrImm 56))) 5
22a90: XOR Reg RCX, Address (SizeDir 64 (AddrPlus (FromReg FS) (AddrImm 40))) 9
22a99: MOV Reg EAX, Reg EBX 2
22a9b: JNZ 22ae5 (resolved immediate)
  |
  `- 22a9d,22ae5
22a9d: ADD Reg RSP, Immediate 72 4
22aa1: POP Reg RBX 1
22aa2: POP Reg RBP 1
22aa3: POP Reg R12 2
22aa5: POP Reg R13 2
22aa7: POP Reg R14 2
22aa9: POP Reg R15 2
22aab: RET  1
  |
  `- 
22aac: CALL __errno_location (external)
22ab1: MOV Reg R13D, Address (SizeDir 32 (FromReg RAX)) 3
22ab4: MOV Reg R12, Reg RAX 3
22ab7: MOV Reg RDI, Reg R14 3
22aba: MOV Reg ESI, Reg R13D 3
22abd: CALL xc_strerror (external)
22ac2: MOV Reg ECX, Address (SizeDir 32 (FromReg R12)) 4
22ac6: LEA Reg RDX, Address (AddrPlus (FromReg RIP) (AddrImm 15467)) 7
22acd: MOV Reg R8, Reg RAX 3
22ad0: MOV Reg ESI, Immediate 1 5
22ad5: MOV Reg RDI, Reg R14 3
22ad8: XOR Reg EAX, Reg EAX 2
22ada: CALL xc_report_error (external)
22adf: MOV Address (SizeDir 32 (FromReg R12)), Reg R13D 4
22ae3: JMP 22a77 (resolved immediate)
  |
  `- 22a77
22ae5: CALL __stack_chk_fail (external)
  |
  `- 
