Number of assembly instructions     = 65
Number of indirect branches         = 0
Number of unresolved indirect jumps = 0: 
Number of unresolved indirect calls = 0: 
Number of symbolic states (representative of non-determinism): 65
Number of edges: 65

22cd0 (False): 0

22cd0: PUSH Reg R14 2
22cd2: PUSH Reg R13 2
22cd4: MOV Reg EDX, Immediate 1 5
22cd9: PUSH Reg R12 2
22cdb: PUSH Reg RBP 1
22cdc: MOV Reg R13D, Reg ESI 3
22cdf: PUSH Reg RBX 1
22ce0: MOV Reg RBX, Immediate 18446744073709551615 7
22ce7: MOV Reg RBP, Reg RDI 3
22cea: SUB Reg RSP, Immediate 48 4
22cee: MOV Reg R12, Reg RSP 3
22cf1: MOV Address (SizeDir 64 (FromReg RSP)), Immediate 0 8
22cf9: MOV Address (SizeDir 64 (AddrPlus (FromReg RSP) (AddrImm 8))), Immediate 0 9
22d02: MOV Reg RSI, Reg R12 3
22d05: MOV Address (SizeDir 32 (AddrPlus (FromReg RSP) (AddrImm 16))), Immediate 0 8
22d0d: MOV Address (SizeDir 64 (AddrPlus (FromReg RSP) (AddrImm 24))), Reg RBX 5
22d12: MOV Reg RAX, Address (SizeDir 64 (AddrPlus (FromReg FS) (AddrImm 40))) 9
22d1b: MOV Address (SizeDir 64 (AddrPlus (FromReg RSP) (AddrImm 40))), Reg RAX 5
22d20: XOR Reg EAX, Reg EAX 2
22d22: MOV Address (SizeDir 64 (AddrPlus (FromReg RSP) (AddrImm 32))), Immediate 0 9
22d2b: CALL xc__hypercall_buffer_alloc (external)
22d30: TEST Reg RAX, Reg RAX 3
22d33: JZ 22d92 (resolved immediate)
  |
  `- 22d35,22d92
22d35: MOV Address (SizeDir 8 (FromReg RAX)), Reg R13B 3
22d38: MOV Reg RAX, Address (SizeDir 64 (AddrPlus (FromReg RSP) (AddrImm 8))) 5
22d3d: MOV Reg EDX, Immediate 5 5
22d42: MOV Reg RDI, Address (SizeDir 64 (AddrPlus (FromReg RBP) (AddrImm 1088))) 7
22d49: MOV Reg ESI, Immediate 37 5
22d4e: TEST Reg RAX, Reg RAX 3
22d51: CMOVZ Reg RAX, Reg R12 4
22d55: MOV Reg RCX, Address (SizeDir 64 (FromReg RAX)) 3
22d58: CALL xencall2 (external)
22d5d: MOV Reg EBX, Reg EAX 2
22d5f: MOV Reg RSI, Address (SizeDir 64 (AddrPlus (FromReg RSP) (AddrImm 8))) 5
22d64: MOV Reg RDI, Reg RBP 3
22d67: TEST Reg RSI, Reg RSI 3
22d6a: CMOVZ Reg RSI, Reg R12 4
22d6e: CALL xc__hypercall_buffer_free (external)
22d73: MOV Reg RCX, Address (SizeDir 64 (AddrPlus (FromReg RSP) (AddrImm 40))) 5
22d78: XOR Reg RCX, Address (SizeDir 64 (AddrPlus (FromReg FS) (AddrImm 40))) 9
22d81: MOV Reg EAX, Reg EBX 2
22d83: JNZ 22dcb (resolved immediate)
  |
  `- 22d85,22dcb
22d85: ADD Reg RSP, Immediate 48 4
22d89: POP Reg RBX 1
22d8a: POP Reg RBP 1
22d8b: POP Reg R12 2
22d8d: POP Reg R13 2
22d8f: POP Reg R14 2
22d91: RET  1
  |
  `- 
22d92: CALL __errno_location (external)
22d97: MOV Reg R14D, Address (SizeDir 32 (FromReg RAX)) 3
22d9a: MOV Reg R13, Reg RAX 3
22d9d: MOV Reg RDI, Reg RBP 3
22da0: MOV Reg ESI, Reg R14D 3
22da3: CALL xc_strerror (external)
22da8: MOV Reg ECX, Address (SizeDir 32 (AddrPlus (FromReg R13) (AddrImm 0))) 4
22dac: LEA Reg RDX, Address (AddrPlus (FromReg RIP) (AddrImm 14933)) 7
22db3: MOV Reg R8, Reg RAX 3
22db6: MOV Reg ESI, Immediate 1 5
22dbb: MOV Reg RDI, Reg RBP 3
22dbe: XOR Reg EAX, Reg EAX 2
22dc0: CALL xc_report_error (external)
22dc5: MOV Address (SizeDir 32 (AddrPlus (FromReg R13) (AddrImm 0))), Reg R14D 4
22dc9: JMP 22d5f (resolved immediate)
  |
  `- 22d5f
22dcb: CALL __stack_chk_fail (external)
  |
  `- 
