Number of assembly instructions     = 65
Number of indirect branches         = 0
Number of unresolved indirect jumps = 0: 
Number of unresolved indirect calls = 0: 
Number of symbolic states (representative of non-determinism): 65
Number of edges: 65

22dd0 (False): 0

22dd0: PUSH Reg R14 2
22dd2: PUSH Reg R13 2
22dd4: MOV Reg EDX, Immediate 1 5
22dd9: PUSH Reg R12 2
22ddb: PUSH Reg RBP 1
22ddc: MOV Reg R13D, Reg ESI 3
22ddf: PUSH Reg RBX 1
22de0: MOV Reg RBX, Immediate 18446744073709551615 7
22de7: MOV Reg RBP, Reg RDI 3
22dea: SUB Reg RSP, Immediate 48 4
22dee: MOV Reg R12, Reg RSP 3
22df1: MOV Address (SizeDir 64 (FromReg RSP)), Immediate 0 8
22df9: MOV Address (SizeDir 64 (AddrPlus (FromReg RSP) (AddrImm 8))), Immediate 0 9
22e02: MOV Reg RSI, Reg R12 3
22e05: MOV Address (SizeDir 32 (AddrPlus (FromReg RSP) (AddrImm 16))), Immediate 0 8
22e0d: MOV Address (SizeDir 64 (AddrPlus (FromReg RSP) (AddrImm 24))), Reg RBX 5
22e12: MOV Reg RAX, Address (SizeDir 64 (AddrPlus (FromReg FS) (AddrImm 40))) 9
22e1b: MOV Address (SizeDir 64 (AddrPlus (FromReg RSP) (AddrImm 40))), Reg RAX 5
22e20: XOR Reg EAX, Reg EAX 2
22e22: MOV Address (SizeDir 64 (AddrPlus (FromReg RSP) (AddrImm 32))), Immediate 0 9
22e2b: CALL xc__hypercall_buffer_alloc (external)
22e30: TEST Reg RAX, Reg RAX 3
22e33: JZ 22e92 (resolved immediate)
  |
  `- 22e35,22e92
22e35: MOV Address (SizeDir 8 (FromReg RAX)), Reg R13B 3
22e38: MOV Reg RAX, Address (SizeDir 64 (AddrPlus (FromReg RSP) (AddrImm 8))) 5
22e3d: MOV Reg EDX, Immediate 6 5
22e42: MOV Reg RDI, Address (SizeDir 64 (AddrPlus (FromReg RBP) (AddrImm 1088))) 7
22e49: MOV Reg ESI, Immediate 37 5
22e4e: TEST Reg RAX, Reg RAX 3
22e51: CMOVZ Reg RAX, Reg R12 4
22e55: MOV Reg RCX, Address (SizeDir 64 (FromReg RAX)) 3
22e58: CALL xencall2 (external)
22e5d: MOV Reg EBX, Reg EAX 2
22e5f: MOV Reg RSI, Address (SizeDir 64 (AddrPlus (FromReg RSP) (AddrImm 8))) 5
22e64: MOV Reg RDI, Reg RBP 3
22e67: TEST Reg RSI, Reg RSI 3
22e6a: CMOVZ Reg RSI, Reg R12 4
22e6e: CALL xc__hypercall_buffer_free (external)
22e73: MOV Reg RCX, Address (SizeDir 64 (AddrPlus (FromReg RSP) (AddrImm 40))) 5
22e78: XOR Reg RCX, Address (SizeDir 64 (AddrPlus (FromReg FS) (AddrImm 40))) 9
22e81: MOV Reg EAX, Reg EBX 2
22e83: JNZ 22ecb (resolved immediate)
  |
  `- 22e85,22ecb
22e85: ADD Reg RSP, Immediate 48 4
22e89: POP Reg RBX 1
22e8a: POP Reg RBP 1
22e8b: POP Reg R12 2
22e8d: POP Reg R13 2
22e8f: POP Reg R14 2
22e91: RET  1
  |
  `- 
22e92: CALL __errno_location (external)
22e97: MOV Reg R14D, Address (SizeDir 32 (FromReg RAX)) 3
22e9a: MOV Reg R13, Reg RAX 3
22e9d: MOV Reg RDI, Reg RBP 3
22ea0: MOV Reg ESI, Reg R14D 3
22ea3: CALL xc_strerror (external)
22ea8: MOV Reg ECX, Address (SizeDir 32 (AddrPlus (FromReg R13) (AddrImm 0))) 4
22eac: LEA Reg RDX, Address (AddrPlus (FromReg RIP) (AddrImm 14741)) 7
22eb3: MOV Reg R8, Reg RAX 3
22eb6: MOV Reg ESI, Immediate 1 5
22ebb: MOV Reg RDI, Reg RBP 3
22ebe: XOR Reg EAX, Reg EAX 2
22ec0: CALL xc_report_error (external)
22ec5: MOV Address (SizeDir 32 (AddrPlus (FromReg R13) (AddrImm 0))), Reg R14D 4
22ec9: JMP 22e5f (resolved immediate)
  |
  `- 22e5f
22ecb: CALL __stack_chk_fail (external)
  |
  `- 
