Number of assembly instructions     = 111
Number of indirect branches         = 0
Number of unresolved indirect jumps = 0: 
Number of unresolved indirect calls = 0: 
Number of symbolic states (representative of non-determinism): 111
Number of edges: 114

17f90 (False): 0

14d70: PUSH Reg R14 2
14d72: PUSH Reg R13 2
14d74: MOV Reg R14D, Reg EDX 3
14d77: PUSH Reg R12 2
14d79: PUSH Reg RBP 1
14d7a: MOV Reg RBP, Reg RDI 3
14d7d: PUSH Reg RBX 1
14d7e: MOV Reg RDI, Reg RSI 3
14d81: MOV Reg R13D, Reg ECX 3
14d84: SUB Reg RSP, Immediate 240 7
14d8b: MOV Reg RAX, Address (SizeDir 64 (AddrPlus (FromReg FS) (AddrImm 40))) 9
14d94: MOV Address (SizeDir 64 (AddrPlus (FromReg RSP) (AddrImm 232))), Reg RAX 8
14d9c: XOR Reg EAX, Reg EAX 2
14d9e: MOV Address (SizeDir 64 (FromReg RSP)), Immediate 0 8
14da6: MOV Address (SizeDir 64 (AddrPlus (FromReg RSP) (AddrImm 8))), Immediate 0 9
14daf: MOV Address (SizeDir 32 (AddrPlus (FromReg RSP) (AddrImm 16))), Immediate 1 8
14db7: MOV Address (SizeDir 64 (AddrPlus (FromReg RSP) (AddrImm 24))), Reg RSI 5
14dbc: MOV Address (SizeDir 64 (AddrPlus (FromReg RSP) (AddrImm 32))), Immediate 0 9
14dc5: CALL strlen (external)
14dca: LEA Reg EBX, Address (AddrPlus (FromReg RAX) (AddrImm 1)) 3
14dcd: CMP Reg BX, Immediate 128 5
14dd2: JA 14f48 (resolved immediate)
  |
  `- 14dd8,14f48
14dd8: MOV Reg R12, Reg RSP 3
14ddb: MOVZX Reg EAX, Reg BX 3
14dde: MOV Reg RDI, Reg RBP 3
14de1: MOV Reg RSI, Reg R12 3
14de4: MOV Address (SizeDir 64 (AddrPlus (FromReg RSP) (AddrImm 32))), Reg RAX 5
14de9: CALL xc__hypercall_bounce_pre (external)
14dee: TEST Reg EAX, Reg EAX 2
14df0: JNZ 14f60 (resolved immediate)
  |
  `- 14df6,14f60
14df6: XOR Reg EAX, Reg EAX 2
14df8: MOV Address (SizeDir 64 (AddrPlus (FromReg RSP) (AddrImm 112))), Immediate 0 9
14e01: MOV Address (SizeDir 16 (AddrPlus (FromReg RSP) (AddrImm 120))), Reg BX 5
14e06: MOV Address (SizeDir 16 (AddrPlus (FromReg RSP) (AddrImm 126))), Reg AX 5
14e0b: MOV Reg RAX, Address (SizeDir 64 (AddrPlus (FromReg RSP) (AddrImm 8))) 5
14e10: LEA Reg RBX, Address (AddrPlus (FromReg RSP) (AddrImm 48)) 5
14e15: MOV Address (SizeDir 32 (AddrPlus (FromReg RSP) (AddrImm 96))), Immediate 27 8
14e1d: MOV Address (SizeDir 32 (AddrPlus (FromReg RSP) (AddrImm 128))), Reg R14D 8
14e25: MOV Reg RDI, Reg RBP 3
14e28: MOV Address (SizeDir 32 (AddrPlus (FromReg RSP) (AddrImm 132))), Reg R13D 8
14e30: MOV Address (SizeDir 64 (AddrPlus (FromReg RSP) (AddrImm 104))), Immediate 3 9
14e39: MOV Reg RSI, Reg RBX 3
14e3c: TEST Reg RAX, Reg RAX 3
14e3f: MOV Address (SizeDir 32 (AddrPlus (FromReg RSP) (AddrImm 122))), Immediate 0 8
14e47: CMOVZ Reg RAX, Reg R12 4
14e4b: MOV Reg RAX, Address (SizeDir 64 (FromReg RAX)) 3
14e4e: MOV Address (SizeDir 64 (AddrPlus (FromReg RSP) (AddrImm 48))), Immediate 0 9
14e57: MOV Address (SizeDir 64 (AddrPlus (FromReg RSP) (AddrImm 56))), Immediate 0 9
14e60: MOV Address (SizeDir 32 (AddrPlus (FromReg RSP) (AddrImm 64))), Immediate 3 8
14e68: MOV Address (SizeDir 64 (AddrPlus (FromReg RSP) (AddrImm 80))), Immediate 136 9
14e71: MOV Address (SizeDir 32 (AddrPlus (FromReg RSP) (AddrImm 100))), Immediate 18 8
14e79: MOV Address (SizeDir 64 (AddrPlus (FromReg RSP) (AddrImm 112))), Reg RAX 5
14e7e: LEA Reg RAX, Address (AddrPlus (FromReg RSP) (AddrImm 96)) 5
14e83: MOV Address (SizeDir 64 (AddrPlus (FromReg RSP) (AddrImm 72))), Reg RAX 5
14e88: CALL xc__hypercall_bounce_pre (external)
14e8d: TEST Reg EAX, Reg EAX 2
14e8f: JNZ 14f6b (resolved immediate)
14e95: MOV Reg RAX, Address (SizeDir 64 (AddrPlus (FromReg RSP) (AddrImm 56))) 5
14e9a: MOV Reg RDI, Address (SizeDir 64 (AddrPlus (FromReg RBP) (AddrImm 1088))) 7
14ea1: MOV Reg ESI, Immediate 35 5
14ea6: TEST Reg RAX, Reg RAX 3
14ea9: CMOVZ Reg RAX, Reg RBX 4
14ead: MOV Reg RDX, Address (SizeDir 64 (FromReg RAX)) 3
14eb0: CALL xencall1 (external)
14eb5: TEST Reg EAX, Reg EAX 2
14eb7: MOV Reg R13D, Reg EAX 3
14eba: JS 14f10 (resolved immediate)
  |
  `- 14ebc,14f10
14ebc: MOV Reg RSI, Address (SizeDir 64 (AddrPlus (FromReg RSP) (AddrImm 56))) 5
14ec1: MOV Reg RDI, Reg RBP 3
14ec4: TEST Reg RSI, Reg RSI 3
14ec7: CMOVZ Reg RSI, Reg RBX 4
14ecb: CALL xc__hypercall_bounce_post (external)
14ed0: MOV Reg RSI, Address (SizeDir 64 (AddrPlus (FromReg RSP) (AddrImm 8))) 5
14ed5: MOV Reg RDI, Reg RBP 3
14ed8: TEST Reg RSI, Reg RSI 3
14edb: CMOVZ Reg RSI, Reg R12 4
14edf: CALL xc__hypercall_bounce_post (external)
14ee4: MOV Reg RCX, Address (SizeDir 64 (AddrPlus (FromReg RSP) (AddrImm 232))) 8
14eec: XOR Reg RCX, Address (SizeDir 64 (AddrPlus (FromReg FS) (AddrImm 40))) 9
14ef5: MOV Reg EAX, Reg R13D 3
14ef8: JNZ 14faa (resolved immediate)
  |
  `- 14efe,14faa
14efe: ADD Reg RSP, Immediate 240 7
14f05: POP Reg RBX 1
14f06: POP Reg RBP 1
14f07: POP Reg R12 2
14f09: POP Reg R13 2
14f0b: POP Reg R14 2
14f0d: RET  1
  |
  `- 
14f10: CALL __errno_location (external)
14f15: CMP Address (SizeDir 32 (FromReg RAX)), Immediate 13 3
14f18: MOV Reg R14, Reg RAX 3
14f1b: JNZ 14ebc (resolved immediate)
  |
  `- 14ebc,14f1d
14f1d: MOV Reg RSI, Address (SizeDir 64 (AddrPlus (FromReg RBP) (AddrImm 8))) 4
14f21: LEA Reg R8, Address (AddrPlus (FromReg RIP) (AddrImm 66288)) 7
14f28: XOR Reg ECX, Reg ECX 2
14f2a: MOV Reg EDX, Immediate 3 5
14f2f: MOV Reg RDI, Reg RBP 3
14f32: XOR Reg EAX, Reg EAX 2
14f34: CALL xc_report (external)
14f39: MOV Address (SizeDir 32 (FromReg R14)), Immediate 13 7
14f40: JMP 14ebc (resolved immediate)
  |
  `- 14ebc
14f48: CALL __errno_location (external)
14f4d: MOV Reg R13D, Immediate 4294967295 6
14f53: MOV Address (SizeDir 32 (FromReg RAX)), Immediate 22 6
14f59: JMP 14ee4 (resolved immediate)
  |
  `- 14ee4
14f60: MOV Reg R13D, Immediate 4294967295 6
14f66: JMP 14ee4 (resolved immediate)
  |
  `- 14ee4
14faa: CALL __stack_chk_fail (external)
  |
  `- 
17f90: MOV Reg ECX, Reg EDX 2
17f92: MOV Reg EDX, Immediate 2 5
17f97: JMP 14d70 (resolved immediate)
  |
  `- 14d70
