Number of assembly instructions     = 314
Number of indirect branches         = 0
Number of unresolved indirect jumps = 0: 
Number of unresolved indirect calls = 0: 
Number of symbolic states (representative of non-determinism): 314
Number of edges: 326

17830 (False): 0

17830: PUSH Reg R15 2
17832: PUSH Reg R14 2
17834: PUSH Reg R13 2
17836: PUSH Reg R12 2
17838: PUSH Reg RBP 1
17839: PUSH Reg RBX 1
1783a: SUB Reg RSP, Immediate 424 7
17841: MOV Reg R10, Address (SizeDir 64 (AddrPlus (FromReg RSP) (AddrImm 488))) 8
17849: MOV Address (SizeDir 32 (AddrPlus (FromReg RSP) (AddrImm 4))), Reg ESI 4
1784d: MOV Reg R11, Address (SizeDir 64 (AddrPlus (FromReg FS) (AddrImm 40))) 9
17856: MOV Address (SizeDir 64 (AddrPlus (FromReg RSP) (AddrImm 408))), Reg R11 8
1785e: XOR Reg R11D, Reg R11D 3
17861: TEST Reg ESI, Reg ESI 2
17863: MOV Address (SizeDir 64 (AddrPlus (FromReg RSP) (AddrImm 32))), Reg RCX 5
17868: MOV Address (SizeDir 64 (AddrPlus (FromReg RSP) (AddrImm 40))), Reg R8 5
1786d: MOV Address (SizeDir 64 (AddrPlus (FromReg RSP) (AddrImm 48))), Reg R9 5
17872: MOV Reg R13, Address (SizeDir 64 (AddrPlus (FromReg RSP) (AddrImm 480))) 8
1787a: MOV Address (SizeDir 64 (AddrPlus (FromReg RSP) (AddrImm 64))), Reg R10 5
1787f: MOV Address (SizeDir 64 (AddrPlus (FromReg RSP) (AddrImm 80))), Immediate 0 9
17888: MOV Address (SizeDir 64 (AddrPlus (FromReg RSP) (AddrImm 88))), Immediate 0 9
17891: MOV Address (SizeDir 32 (AddrPlus (FromReg RSP) (AddrImm 96))), Immediate 2 8
17899: MOV Address (SizeDir 64 (AddrPlus (FromReg RSP) (AddrImm 104))), Reg RCX 5
1789e: MOV Address (SizeDir 64 (AddrPlus (FromReg RSP) (AddrImm 112))), Immediate 0 9
178a7: MOV Address (SizeDir 64 (AddrPlus (FromReg RSP) (AddrImm 128))), Immediate 0 12
178b3: MOV Address (SizeDir 64 (AddrPlus (FromReg RSP) (AddrImm 136))), Immediate 0 12
178bf: MOV Address (SizeDir 32 (AddrPlus (FromReg RSP) (AddrImm 144))), Immediate 2 11
178ca: MOV Address (SizeDir 64 (AddrPlus (FromReg RSP) (AddrImm 152))), Reg R8 8
178d2: MOV Address (SizeDir 64 (AddrPlus (FromReg RSP) (AddrImm 160))), Immediate 0 12
178de: MOV Address (SizeDir 64 (AddrPlus (FromReg RSP) (AddrImm 176))), Immediate 0 12
178ea: MOV Address (SizeDir 64 (AddrPlus (FromReg RSP) (AddrImm 184))), Immediate 0 12
178f6: MOV Address (SizeDir 32 (AddrPlus (FromReg RSP) (AddrImm 192))), Immediate 2 11
17901: MOV Address (SizeDir 64 (AddrPlus (FromReg RSP) (AddrImm 200))), Reg R9 8
17909: MOV Address (SizeDir 64 (AddrPlus (FromReg RSP) (AddrImm 208))), Immediate 0 12
17915: JE 17f00 (resolved immediate)
  |
  `- 1791b,17f00
1791b: TEST Reg RCX, Reg RCX 3
1791e: JE 17f00 (resolved immediate)
  |
  `- 17924,17f00
17924: TEST Reg R8, Reg R8 3
17927: JE 17f00 (resolved immediate)
  |
  `- 1792d,17f00
1792d: TEST Reg R9, Reg R9 3
17930: MOV Reg RBX, Reg RDI 3
17933: JE 17f00 (resolved immediate)
  |
  `- 17939,17f00
17939: MOV Reg RAX, Address (SizeDir 64 (AddrPlus (FromReg RSP) (AddrImm 64))) 5
1793e: MOV Address (SizeDir 32 (FromReg R13)), Immediate 0 8
17946: LEA Reg R15, Address (SizeDir 64 (AddrPlus (FromReg RSP) (AddrImm 128))) 8
1794e: MOV Address (SizeDir 32 (AddrPlus (FromReg RSP) (AddrImm 292))), Reg EDX 7
17955: MOV Address (SizeDir 32 (AddrPlus (FromReg RSP) (AddrImm 272))), Immediate 27 11
17960: XOR Reg ECX, Reg ECX 2
17962: MOV Address (SizeDir 64 (AddrPlus (FromReg RSP) (AddrImm 280))), Immediate 2 12
1796e: MOV Address (SizeDir 32 (AddrPlus (FromReg RSP) (AddrImm 288))), Immediate 0 11
17979: XOR Reg EDX, Reg EDX 2
1797b: MOV Address (SizeDir 32 (FromReg RAX)), Immediate 0 6
17981: MOV Reg EAX, Address (SizeDir 32 (AddrPlus (FromReg RSP) (AddrImm 4))) 4
17985: XOR Reg ESI, Reg ESI 2
17987: MOV Address (SizeDir 32 (AddrPlus (FromReg RSP) (AddrImm 300))), Immediate 0 11
17992: MOV Address (SizeDir 32 (AddrPlus (FromReg RSP) (AddrImm 72))), Immediate 0 8
1799a: MOV Address (SizeDir 32 (AddrPlus (FromReg RSP) (AddrImm 16))), Immediate 0 8
179a2: MOV Address (SizeDir 32 (AddrPlus (FromReg RSP) (AddrImm 20))), Reg EAX 4
179a6: LEA Reg RAX, Address (SizeDir 64 (AddrPlus (FromReg RSP) (AddrImm 80))) 5
179ab: MOV Address (SizeDir 64 (AddrPlus (FromReg RSP) (AddrImm 8))), Reg RAX 5
179b0: LEA Reg RAX, Address (SizeDir 64 (AddrPlus (FromReg RSP) (AddrImm 176))) 8
179b8: MOV Address (SizeDir 64 (AddrPlus (FromReg RSP) (AddrImm 56))), Reg RAX 5
179bd: LEA Reg RAX, Address (SizeDir 64 (AddrPlus (FromReg RSP) (AddrImm 272))) 8
179c5: MOV Reg R12D, Address (SizeDir 32 (FromReg R13)) 4
179c9: MOV Reg R14, Address (SizeDir 64 (AddrPlus (FromReg RSP) (AddrImm 56))) 5
179ce: MOV Address (SizeDir 64 (AddrPlus (FromReg RSP) (AddrImm 24))), Reg RAX 5
179d3: MOV Reg EBP, Address (SizeDir 32 (AddrPlus (FromReg RSP) (AddrImm 4))) 4
179d7: MOV Reg EAX, Address (SizeDir 32 (AddrPlus (FromReg RSP) (AddrImm 20))) 4
179db: SUB Reg EBP, Reg R12D 3
179de: MOV Reg R12, Address (SizeDir 64 (AddrPlus (FromReg RSP) (AddrImm 8))) 5
179e3: CMP Reg EBP, Reg EAX 2
179e5: CMOVA Reg EBP, Reg EAX 3
179e8: TEST Reg RSI, Reg RSI 3
179eb: MOV Reg EAX, Reg EBP 2
179ed: CMOVE Reg RSI, Reg R12 4
179f1: MOV Address (SizeDir 32 (AddrPlus (FromReg RSP) (AddrImm 296))), Reg EBP 7
179f8: LEA Reg RDI, Address (SizeDir 64 (AddrTimes (AddrImm 8) (FromReg RAX))) 8
17a00: MOV Address (SizeDir 64 (AddrPlus (FromReg RSI) (AddrImm 32))), Reg RDI 4
17a04: MOV Reg EDI, Reg EBP 2
17a06: IMUL Reg EDI, Reg EBP 3
17a09: TEST Reg RDX, Reg RDX 3
17a0c: CMOVE Reg RDX, Reg R15 4
17a10: TEST Reg RCX, Reg RCX 3
17a13: CMOVE Reg RCX, Reg R14 4
17a17: SHL Reg RAX, Immediate 2 4
17a1b: MOV Address (SizeDir 64 (AddrPlus (FromReg RDX) (AddrImm 32))), Reg RDI 4
17a1f: MOV Address (SizeDir 64 (AddrPlus (FromReg RCX) (AddrImm 32))), Reg RAX 4
17a23: MOV Reg EAX, Address (SizeDir 32 (FromReg R13)) 4
17a27: MOV Reg RDI, Address (SizeDir 64 (AddrPlus (FromReg RSP) (AddrImm 32))) 5
17a2c: LEA Reg RAX, Address (SizeDir 64 (AddrPlus (FromReg RDI) (AddrTimes (AddrImm 8) (FromReg RAX)))) 4
17a30: MOV Reg RDI, Reg RBX 3
17a33: MOV Address (SizeDir 64 (AddrPlus (FromReg RSI) (AddrImm 24))), Reg RAX 4
17a37: MOV Reg EAX, Address (SizeDir 32 (FromReg R13)) 4
17a3b: SHL Reg RAX, Immediate 7 4
17a3f: ADD Reg RAX, Address (SizeDir 64 (AddrPlus (FromReg RSP) (AddrImm 40))) 5
17a44: MOV Address (SizeDir 64 (AddrPlus (FromReg RDX) (AddrImm 24))), Reg RAX 4
17a48: MOV Reg EAX, Address (SizeDir 32 (FromReg R13)) 4
17a4c: MOV Reg RDX, Address (SizeDir 64 (AddrPlus (FromReg RSP) (AddrImm 48))) 5
17a51: LEA Reg RAX, Address (SizeDir 64 (AddrPlus (FromReg RDX) (AddrTimes (AddrImm 4) (FromReg RAX)))) 4
17a55: MOV Address (SizeDir 64 (AddrPlus (FromReg RCX) (AddrImm 24))), Reg RAX 4
17a59: CALL xc__hypercall_bounce_pre (external)
17a5e: TEST Reg EAX, Reg EAX 2
17a60: JNE 17ed0 (resolved immediate)
  |
  `- 17a66,17ed0
17a66: MOV Reg RSI, Address (SizeDir 64 (AddrPlus (FromReg RSP) (AddrImm 136))) 8
17a6e: MOV Reg RDI, Reg RBX 3
17a71: TEST Reg RSI, Reg RSI 3
17a74: CMOVE Reg RSI, Reg R15 4
17a78: CALL xc__hypercall_bounce_pre (external)
17a7d: TEST Reg EAX, Reg EAX 2
17a7f: JNE 17ed0 (resolved immediate)
17a85: MOV Reg RSI, Address (SizeDir 64 (AddrPlus (FromReg RSP) (AddrImm 184))) 8
17a8d: MOV Reg RDI, Reg RBX 3
17a90: TEST Reg RSI, Reg RSI 3
17a93: CMOVE Reg RSI, Reg R14 4
17a97: CALL xc__hypercall_bounce_pre (external)
17a9c: TEST Reg EAX, Reg EAX 2
17a9e: JNE 17ed0 (resolved immediate)
17aa4: MOV Reg RAX, Address (SizeDir 64 (AddrPlus (FromReg RSP) (AddrImm 88))) 5
17aa9: MOV Reg RDI, Reg RBX 3
17aac: TEST Reg RAX, Reg RAX 3
17aaf: CMOVE Reg RAX, Reg R12 4
17ab3: LEA Reg R12, Address (SizeDir 64 (AddrPlus (FromReg RSP) (AddrImm 224))) 8
17abb: MOV Reg RAX, Address (SizeDir 64 (FromReg RAX)) 3
17abe: MOV Reg RSI, Reg R12 3
17ac1: MOV Address (SizeDir 64 (AddrPlus (FromReg RSP) (AddrImm 304))), Reg RAX 8
17ac9: MOV Reg RAX, Address (SizeDir 64 (AddrPlus (FromReg RSP) (AddrImm 136))) 8
17ad1: TEST Reg RAX, Reg RAX 3
17ad4: CMOVE Reg RAX, Reg R15 4
17ad8: MOV Reg RAX, Address (SizeDir 64 (FromReg RAX)) 3
17adb: MOV Address (SizeDir 64 (AddrPlus (FromReg RSP) (AddrImm 312))), Reg RAX 8
17ae3: MOV Reg RAX, Address (SizeDir 64 (AddrPlus (FromReg RSP) (AddrImm 184))) 8
17aeb: TEST Reg RAX, Reg RAX 3
17aee: CMOVE Reg RAX, Reg R14 4
17af2: MOV Reg RAX, Address (SizeDir 64 (FromReg RAX)) 3
17af5: MOV Address (SizeDir 64 (AddrPlus (FromReg RSP) (AddrImm 224))), Immediate 0 12
17b01: MOV Address (SizeDir 64 (AddrPlus (FromReg RSP) (AddrImm 232))), Immediate 0 12
17b0d: MOV Address (SizeDir 32 (AddrPlus (FromReg RSP) (AddrImm 240))), Immediate 3 11
17b18: MOV Address (SizeDir 64 (AddrPlus (FromReg RSP) (AddrImm 256))), Immediate 136 12
17b24: MOV Address (SizeDir 32 (AddrPlus (FromReg RSP) (AddrImm 276))), Immediate 18 11
17b2f: MOV Address (SizeDir 64 (AddrPlus (FromReg RSP) (AddrImm 320))), Reg RAX 8
17b37: MOV Reg RAX, Address (SizeDir 64 (AddrPlus (FromReg RSP) (AddrImm 24))) 5
17b3c: MOV Address (SizeDir 64 (AddrPlus (FromReg RSP) (AddrImm 248))), Reg RAX 8
17b44: CALL xc__hypercall_bounce_pre (external)
17b49: TEST Reg EAX, Reg EAX 2
17b4b: JNE 17f16 (resolved immediate)
17b51: MOV Reg RAX, Address (SizeDir 64 (AddrPlus (FromReg RSP) (AddrImm 232))) 8
17b59: MOV Reg RDI, Address (SizeDir 64 (AddrPlus (FromReg RBX) (AddrImm 1088))) 7
17b60: MOV Reg ESI, Immediate 35 5
17b65: TEST Reg RAX, Reg RAX 3
17b68: CMOVE Reg RAX, Reg R12 4
17b6c: MOV Reg RDX, Address (SizeDir 64 (FromReg RAX)) 3
17b6f: CALL xencall1 (external)
17b74: TEST Reg EAX, Reg EAX 2
17b76: JS 17d58 (resolved immediate)
  |
  `- 17b7c,17d58
17b7c: MOV Reg RSI, Address (SizeDir 64 (AddrPlus (FromReg RSP) (AddrImm 232))) 8
17b84: TEST Reg RSI, Reg RSI 3
17b87: JE 17df0 (resolved immediate)
  |
  `- 17df0
17b9d: MOV Reg EDX, Address (SizeDir 32 (AddrPlus (FromReg RSP) (AddrImm 16))) 4
17ba1: MOV Reg R8D, Address (SizeDir 32 (AddrPlus (FromReg RSP) (AddrImm 288))) 8
17ba9: TEST Reg EDX, Reg EDX 2
17bab: JNE 17ca8 (resolved immediate)
17bb1: CMP Reg EAX, Reg EBP 2
17bb3: JA 17f56 (resolved immediate)
  |
  `- 17bb9,17f56
17bb9: MOV Reg RSI, Address (SizeDir 64 (AddrPlus (FromReg RSP) (AddrImm 88))) 5
17bbe: MOV Reg EDX, Address (SizeDir 32 (AddrPlus (FromReg RSP) (AddrImm 296))) 7
17bc5: MOV Reg RBP, Address (SizeDir 64 (AddrPlus (FromReg RSP) (AddrImm 64))) 5
17bca: MOV Address (SizeDir 32 (AddrPlus (FromReg RSP) (AddrImm 16))), Reg EAX 4
17bce: MOV Address (SizeDir 32 (AddrPlus (FromReg RSP) (AddrImm 76))), Reg R8D 5
17bd3: TEST Reg RSI, Reg RSI 3
17bd6: CMOVE Reg RSI, Address (SizeDir 64 (AddrPlus (FromReg RSP) (AddrImm 8))) 6
17bdc: MOV Address (SizeDir 32 (FromReg RBP)), Reg EDX 3
17bdf: MOVSXD Reg RDX, Reg EAX 3
17be2: LEA Reg RCX, Address (SizeDir 64 (AddrTimes (AddrImm 8) (FromReg RDX))) 8
17bea: MOV Reg RDI, Reg RDX 3
17bed: SHL Reg RDI, Immediate 7 4
17bf1: MOV Address (SizeDir 64 (AddrPlus (FromReg RSI) (AddrImm 32))), Reg RCX 4
17bf5: MOV Reg RCX, Address (SizeDir 64 (AddrPlus (FromReg RSP) (AddrImm 136))) 8
17bfd: TEST Reg RCX, Reg RCX 3
17c00: CMOVE Reg RCX, Reg R15 4
17c04: MOV Address (SizeDir 64 (AddrPlus (FromReg RCX) (AddrImm 32))), Reg RDI 4
17c08: MOV Reg RCX, Address (SizeDir 64 (AddrPlus (FromReg RSP) (AddrImm 184))) 8
17c10: MOV Reg RDI, Reg RBX 3
17c13: TEST Reg RCX, Reg RCX 3
17c16: CMOVE Reg RCX, Reg R14 4
17c1a: SHL Reg RDX, Immediate 2 4
17c1e: MOV Address (SizeDir 64 (AddrPlus (FromReg RCX) (AddrImm 32))), Reg RDX 4
17c22: CALL xc__hypercall_bounce_post (external)
17c27: MOV Reg RSI, Address (SizeDir 64 (AddrPlus (FromReg RSP) (AddrImm 136))) 8
17c2f: MOV Reg RDI, Reg RBX 3
17c32: TEST Reg RSI, Reg RSI 3
17c35: CMOVE Reg RSI, Reg R15 4
17c39: CALL xc__hypercall_bounce_post (external)
17c3e: MOV Reg RSI, Address (SizeDir 64 (AddrPlus (FromReg RSP) (AddrImm 184))) 8
17c46: MOV Reg RDI, Reg RBX 3
17c49: TEST Reg RSI, Reg RSI 3
17c4c: CMOVE Reg RSI, Reg R14 4
17c50: CALL xc__hypercall_bounce_post (external)
17c55: MOV Reg EAX, Address (SizeDir 32 (AddrPlus (FromReg RSP) (AddrImm 16))) 4
17c59: ADD Reg EAX, Address (SizeDir 32 (FromReg R13)) 4
17c5d: CMP Reg EAX, Address (SizeDir 32 (AddrPlus (FromReg RSP) (AddrImm 4))) 4
17c61: MOV Reg R12D, Reg EAX 3
17c64: MOV Address (SizeDir 32 (FromReg R13)), Reg EAX 4
17c68: MOV Address (SizeDir 32 (AddrPlus (FromReg RSP) (AddrImm 292))), Reg EAX 7
17c6f: JAE 17ef0 (resolved immediate)
  |
  `- 17c75,17ef0
17c75: MOV Reg ECX, Address (SizeDir 32 (FromReg RBP)) 3
17c78: TEST Reg ECX, Reg ECX 2
17c7a: JE 17ef0 (resolved immediate)
  |
  `- 17c80,17ef0
17c80: MOV Reg R8D, Address (SizeDir 32 (AddrPlus (FromReg RSP) (AddrImm 76))) 5
17c85: MOV Reg RSI, Address (SizeDir 64 (AddrPlus (FromReg RSP) (AddrImm 88))) 5
17c8a: MOV Reg RDX, Address (SizeDir 64 (AddrPlus (FromReg RSP) (AddrImm 136))) 8
17c92: MOV Reg RCX, Address (SizeDir 64 (AddrPlus (FromReg RSP) (AddrImm 184))) 8
17c9a: MOV Address (SizeDir 32 (AddrPlus (FromReg RSP) (AddrImm 16))), Reg R8D 5
17c9f: JMP 179d3 (resolved immediate)
  |
  `- 179d3
17cd2: MOV Reg RSI, Address (SizeDir 64 (AddrPlus (FromReg RSP) (AddrImm 184))) 8
17cda: LEA Reg RAX, Address (SizeDir 64 (AddrPlus (FromReg RSP) (AddrImm 176))) 8
17ce2: MOV Reg RDI, Reg RBX 3
17ce5: TEST Reg RSI, Reg RSI 3
17ce8: CMOVE Reg RSI, Reg RAX 4
17cec: CALL xc__hypercall_bounce_post (external)
17cf1: MOV Reg RSI, Address (SizeDir 64 (AddrPlus (FromReg RSP) (AddrImm 136))) 8
17cf9: LEA Reg RAX, Address (SizeDir 64 (AddrPlus (FromReg RSP) (AddrImm 128))) 8
17d01: MOV Reg RDI, Reg RBX 3
17d04: TEST Reg RSI, Reg RSI 3
17d07: CMOVE Reg RSI, Reg RAX 4
17d0b: CALL xc__hypercall_bounce_post (external)
17d10: MOV Reg RSI, Address (SizeDir 64 (AddrPlus (FromReg RSP) (AddrImm 88))) 5
17d15: LEA Reg RAX, Address (SizeDir 64 (AddrPlus (FromReg RSP) (AddrImm 80))) 5
17d1a: MOV Reg RDI, Reg RBX 3
17d1d: TEST Reg RSI, Reg RSI 3
17d20: CMOVE Reg RSI, Reg RAX 4
17d24: CALL xc__hypercall_bounce_post (external)
17d29: MOV Reg RBX, Address (SizeDir 64 (AddrPlus (FromReg RSP) (AddrImm 408))) 8
17d31: XOR Reg RBX, Address (SizeDir 64 (AddrPlus (FromReg FS) (AddrImm 40))) 9
17d3a: MOV Reg EAX, Reg R12D 3
17d3d: JNE 17f6c (resolved immediate)
  |
  `- 17d43,17f6c
17d43: ADD Reg RSP, Immediate 424 7
17d4a: POP Reg RBX 1
17d4b: POP Reg RBP 1
17d4c: POP Reg R12 2
17d4e: POP Reg R13 2
17d50: POP Reg R14 2
17d52: POP Reg R15 2
17d54: RET  1
  |
  `- 
17d58: MOV Reg R14, Reg R12 3
17d5b: MOV Reg R12D, Reg EAX 3
17d5e: CALL __errno_location (external)
17d63: CMP Address (SizeDir 32 (FromReg RAX)), Immediate 13 3
17d66: MOV Reg RBP, Reg RAX 3
17d69: JE 17ea0 (resolved immediate)
  |
  `- 17d6f,17ea0
17d6f: MOV Reg RSI, Address (SizeDir 64 (AddrPlus (FromReg RSP) (AddrImm 232))) 8
17d77: TEST Reg RSI, Reg RSI 3
17d7a: JE 17e88 (resolved immediate)
  |
  `- 17e88
17d8b: CMP Reg EBP, Immediate 7 3
17d8e: JNE 17cd2 (resolved immediate)
  |
  `- 17cd2,17d94
17d94: CMP Address (SizeDir 32 (AddrPlus (FromReg RSP) (AddrImm 20))), Immediate 1 5
17d99: JBE 17cd2 (resolved immediate)
  |
  `- 17cd2,17d9f
17d9f: MOV Reg RSI, Address (SizeDir 64 (AddrPlus (FromReg RSP) (AddrImm 88))) 5
17da4: SHR Address (SizeDir 32 (AddrPlus (FromReg RSP) (AddrImm 20))), Immediate 1 4
17da8: MOV Reg RDI, Reg RBX 3
17dab: TEST Reg RSI, Reg RSI 3
17dae: CMOVE Reg RSI, Address (SizeDir 64 (AddrPlus (FromReg RSP) (AddrImm 8))) 6
17db4: CALL xc__hypercall_bounce_post (external)
17db9: MOV Reg RSI, Address (SizeDir 64 (AddrPlus (FromReg RSP) (AddrImm 136))) 8
17dc1: MOV Reg RDI, Reg RBX 3
17dc4: TEST Reg RSI, Reg RSI 3
17dc7: CMOVE Reg RSI, Reg R15 4
17dcb: CALL xc__hypercall_bounce_post (external)
17dd0: MOV Reg RSI, Address (SizeDir 64 (AddrPlus (FromReg RSP) (AddrImm 184))) 8
17dd8: MOV Reg RDI, Reg RBX 3
17ddb: TEST Reg RSI, Reg RSI 3
17dde: CMOVE Reg RSI, Address (SizeDir 64 (AddrPlus (FromReg RSP) (AddrImm 56))) 6
17de4: CALL xc__hypercall_bounce_post (external)
17de9: JMP 17e68 (resolved immediate)
  |
  `- 17e68
17df0: MOV Reg RSI, Reg R12 3
17df3: MOV Reg RDI, Reg RBX 3
17df6: MOV Address (SizeDir 32 (AddrPlus (FromReg RSP) (AddrImm 76))), Reg EAX 4
17dfa: CALL xc__hypercall_bounce_post (external)
17dff: MOV Reg EAX, Address (SizeDir 32 (AddrPlus (FromReg RSP) (AddrImm 76))) 4
17e03: JMP 17b9d (resolved immediate)
  |
  `- 17b9d
17e68: MOV Reg RSI, Address (SizeDir 64 (AddrPlus (FromReg RSP) (AddrImm 88))) 5
17e6d: MOV Reg RDX, Address (SizeDir 64 (AddrPlus (FromReg RSP) (AddrImm 136))) 8
17e75: MOV Reg RCX, Address (SizeDir 64 (AddrPlus (FromReg RSP) (AddrImm 184))) 8
17e7d: JMP 179bd (resolved immediate)
  |
  `- 179bd
17e88: MOV Reg RSI, Reg R14 3
17e8b: MOV Reg RDI, Reg RBX 3
17e8e: CALL xc__hypercall_bounce_post (external)
17e93: CALL __errno_location (external)
17e98: MOV Reg EBP, Address (SizeDir 32 (FromReg RAX)) 2
17e9a: JMP 17d8b (resolved immediate)
  |
  `- 17d8b
17ea0: MOV Reg RSI, Address (SizeDir 64 (AddrPlus (FromReg RBX) (AddrImm 8))) 4
17ea4: LEA Reg R8, Address (SizeDir 64 (AddrPlus (FromReg RIP) (AddrImm 54125))) 7
17eab: XOR Reg ECX, Reg ECX 2
17ead: MOV Reg EDX, Immediate 3 5
17eb2: MOV Reg RDI, Reg RBX 3
17eb5: XOR Reg EAX, Reg EAX 2
17eb7: CALL xc_report (external)
17ebc: MOV Address (SizeDir 32 (FromReg RBP)), Immediate 13 7
17ec3: JMP 17d6f (resolved immediate)
  |
  `- 17d6f
17ed0: TEST Reg EAX, Reg EAX 2
17ed2: MOV Reg R12D, Immediate 0 6
17ed8: CMOVLE Reg R12D, Reg EAX 4
17edc: TEST Reg EAX, Reg EAX 2
17ede: JNS 17d29 (resolved immediate)
  |
  `- 17d29,17ee4
17ee4: JMP 17cd2 (resolved immediate)
  |
  `- 17cd2
17ef0: XOR Reg R12D, Reg R12D 3
17ef3: JMP 17d29 (resolved immediate)
  |
  `- 17d29
17f00: CALL __errno_location (external)
17f05: MOV Reg R12D, Immediate 4294967295 6
17f0b: MOV Address (SizeDir 32 (FromReg RAX)), Immediate 22 6
17f11: JMP 17d29 (resolved immediate)
  |
  `- 17d29
17f56: CALL __errno_location (external)
17f5b: MOV Reg R12D, Immediate 4294967295 6
17f61: MOV Address (SizeDir 32 (FromReg RAX)), Immediate 75 6
17f67: JMP 17cd2 (resolved immediate)
  |
  `- 17cd2
17f6c: CALL __stack_chk_fail (external)
  |
  `- 
