Number of assembly instructions     = 84
Number of indirect branches         = 0
Number of unresolved indirect jumps = 0: 
Number of unresolved indirect calls = 0: 
Number of symbolic states (representative of non-determinism): 85
Number of edges: 88

16c00 (False): 0

16c00: PUSH Reg R13 2
16c02: PUSH Reg R12 2
16c04: PUSH Reg RBP 1
16c05: PUSH Reg RBX 1
16c06: MOV Reg RBX, Reg RDI 3
16c09: SUB Reg RSP, Immediate 200 7
16c10: MOV Reg RDX, Address (SizeDir 64 (AddrPlus (FromReg RIP) (AddrImm 2188233))) 7
16c17: MOV Reg RAX, Address (SizeDir 64 (AddrPlus (FromReg FS) (AddrImm 40))) 9
16c20: MOV Address (SizeDir 64 (AddrPlus (FromReg RSP) (AddrImm 184))), Reg RAX 8
16c28: XOR Reg EAX, Reg EAX 2
16c2a: MOV Address (SizeDir 32 (AddrPlus (FromReg RSP) (AddrImm 48))), Immediate 15 8
16c32: MOV Address (SizeDir 32 (AddrPlus (FromReg RSP) (AddrImm 56))), Immediate 1 8
16c3a: MOV Reg RBP, Reg RSP 3
16c3d: MOV Reg RAX, Address (SizeDir 64 (AddrPlus (FromReg RDX) (AddrImm 8))) 4
16c41: MOV Reg RSI, Reg RBP 3
16c44: TEST Reg RAX, Reg RAX 3
16c47: CMOVZ Reg RAX, Reg RDX 4
16c4b: MOV Reg RAX, Address (SizeDir 64 (FromReg RAX)) 3
16c4e: MOV Address (SizeDir 64 (FromReg RSP)), Immediate 0 8
16c56: MOV Address (SizeDir 64 (AddrPlus (FromReg RSP) (AddrImm 8))), Immediate 0 9
16c5f: MOV Address (SizeDir 32 (AddrPlus (FromReg RSP) (AddrImm 16))), Immediate 3 8
16c67: MOV Address (SizeDir 64 (AddrPlus (FromReg RSP) (AddrImm 32))), Immediate 136 9
16c70: MOV Address (SizeDir 32 (AddrPlus (FromReg RSP) (AddrImm 52))), Immediate 18 8
16c78: MOV Address (SizeDir 64 (AddrPlus (FromReg RSP) (AddrImm 80))), Reg RAX 5
16c7d: LEA Reg RAX, Address (AddrPlus (FromReg RSP) (AddrImm 48)) 5
16c82: MOV Address (SizeDir 64 (AddrPlus (FromReg RSP) (AddrImm 24))), Reg RAX 5
16c87: CALL xc__hypercall_bounce_pre (external)
16c8c: TEST Reg EAX, Reg EAX 2
16c8e: JNZ 16d33 (resolved immediate)
  |
  `- 16c94,16d33
16c94: MOV Reg RAX, Address (SizeDir 64 (AddrPlus (FromReg RSP) (AddrImm 8))) 5
16c99: MOV Reg RDI, Address (SizeDir 64 (AddrPlus (FromReg RBX) (AddrImm 1088))) 7
16ca0: MOV Reg ESI, Immediate 35 5
16ca5: TEST Reg RAX, Reg RAX 3
16ca8: CMOVZ Reg RAX, Reg RBP 4
16cac: MOV Reg RDX, Address (SizeDir 64 (FromReg RAX)) 3
16caf: CALL xencall1 (external)
16cb4: TEST Reg EAX, Reg EAX 2
16cb6: MOV Reg R12D, Reg EAX 3
16cb9: JS 16d00 (resolved immediate)
  |
  `- 16cbb,16d00
16cbb: MOV Reg RSI, Address (SizeDir 64 (AddrPlus (FromReg RSP) (AddrImm 8))) 5
16cc0: MOV Reg RDI, Reg RBX 3
16cc3: TEST Reg RSI, Reg RSI 3
16cc6: CMOVZ Reg RSI, Reg RBP 4
16cca: CALL xc__hypercall_bounce_post (external)
16ccf: MOV Reg RCX, Address (SizeDir 64 (AddrPlus (FromReg RSP) (AddrImm 184))) 8
16cd7: XOR Reg RCX, Address (SizeDir 64 (AddrPlus (FromReg FS) (AddrImm 40))) 9
16ce0: MOV Reg EAX, Reg R12D 3
16ce3: JNZ 16d74 (resolved immediate)
  |
  `- 16ce9,16d74
16ce9: ADD Reg RSP, Immediate 200 7
16cf0: POP Reg RBX 1
16cf1: POP Reg RBP 1
16cf2: POP Reg R12 2
16cf4: POP Reg R13 2
16cf6: RET  1
  |
  `- 
16d00: CALL __errno_location (external)
16d05: CMP Address (SizeDir 32 (FromReg RAX)), Immediate 13 3
16d08: MOV Reg R13, Reg RAX 3
16d0b: JNZ 16cbb (resolved immediate)
  |
  `- 16cbb,16d0d
16d0d: MOV Reg RSI, Address (SizeDir 64 (AddrPlus (FromReg RBX) (AddrImm 8))) 4
16d11: LEA Reg R8, Address (AddrPlus (FromReg RIP) (AddrImm 58624)) 7
16d18: XOR Reg ECX, Reg ECX 2
16d1a: MOV Reg EDX, Immediate 3 5
16d1f: MOV Reg RDI, Reg RBX 3
16d22: XOR Reg EAX, Reg EAX 2
16d24: CALL xc_report (external)
16d29: MOV Address (SizeDir 32 (AddrPlus (FromReg R13) (AddrImm 0))), Immediate 13 8
16d31: JMP 16cbb (resolved immediate)
  |
  `- 16cbb
16d33: CALL __errno_location (external)
16d38: MOV Reg R12D, Address (SizeDir 32 (FromReg RAX)) 3
16d3b: MOV Reg RBP, Reg RAX 3
16d3e: MOV Reg RDI, Reg RBX 3
16d41: MOV Reg ESI, Reg R12D 3
16d44: CALL xc_strerror (external)
16d49: MOV Reg ECX, Address (SizeDir 32 (AddrPlus (FromReg RBP) (AddrImm 0))) 3
16d4c: LEA Reg RDX, Address (AddrPlus (FromReg RIP) (AddrImm 58509)) 7
16d53: MOV Reg R8, Reg RAX 3
16d56: MOV Reg ESI, Immediate 1 5
16d5b: MOV Reg RDI, Reg RBX 3
16d5e: XOR Reg EAX, Reg EAX 2
16d60: CALL xc_report_error (external)
16d65: MOV Address (SizeDir 32 (AddrPlus (FromReg RBP) (AddrImm 0))), Reg R12D 4
16d69: MOV Reg R12D, Immediate 4294967295 6
16d6f: JMP 16ccf (resolved immediate)
  |
  `- 16ccf
16d74: CALL __stack_chk_fail (external)
  |
  `- 
