Number of assembly instructions     = 81
Number of indirect branches         = 0
Number of unresolved indirect jumps = 0: 
Number of unresolved indirect calls = 0: 
Number of symbolic states (representative of non-determinism): 81
Number of edges: 83

21290 (False): 0

21290: PUSH Reg R13 2
21292: PUSH Reg R12 2
21294: MOVZX Reg EDX, Reg DL 3
21297: PUSH Reg RBP 1
21298: PUSH Reg RBX 1
21299: MOV Reg RBX, Reg RDI 3
2129c: SUB Reg RSP, Immediate 216 7
212a3: MOV Reg RAX, Address (SizeDir 64 (AddrPlus (FromReg FS) (AddrImm 40))) 9
212ac: MOV Address (SizeDir 64 (AddrPlus (FromReg RSP) (AddrImm 200))), Reg RAX 8
212b4: XOR Reg EAX, Reg EAX 2
212b6: LEA Reg RAX, Address (SizeDir 64 (AddrPlus (FromReg RSP) (AddrImm 48))) 5
212bb: MOV Reg RBP, Reg RSP 3
212be: MOV Address (SizeDir 16 (AddrPlus (FromReg RSP) (AddrImm 56))), Reg SI 5
212c3: MOV Reg RSI, Reg RBP 3
212c6: MOV Address (SizeDir 32 (AddrPlus (FromReg RSP) (AddrImm 64))), Immediate 3 8
212ce: MOV Address (SizeDir 32 (AddrPlus (FromReg RSP) (AddrImm 68))), Reg EDX 4
212d2: MOV Address (SizeDir 64 (AddrPlus (FromReg RSP) (AddrImm 24))), Reg RAX 5
212d7: MOVABS Reg RAX, Immediate 73014444109 10
212e1: MOV Address (SizeDir 64 (FromReg RSP)), Immediate 0 8
212e9: MOV Address (SizeDir 64 (AddrPlus (FromReg RSP) (AddrImm 8))), Immediate 0 9
212f2: MOV Address (SizeDir 32 (AddrPlus (FromReg RSP) (AddrImm 16))), Immediate 3 8
212fa: MOV Address (SizeDir 64 (AddrPlus (FromReg RSP) (AddrImm 32))), Immediate 144 9
21303: MOV Address (SizeDir 64 (AddrPlus (FromReg RSP) (AddrImm 48))), Reg RAX 5
21308: CALL xc__hypercall_bounce_pre (external)
2130d: TEST Reg EAX, Reg EAX 2
2130f: JNE 213ae (resolved immediate)
  |
  `- 21315,213ae
21315: MOV Reg RAX, Address (SizeDir 64 (AddrPlus (FromReg RSP) (AddrImm 8))) 5
2131a: MOV Reg RDI, Address (SizeDir 64 (AddrPlus (FromReg RBX) (AddrImm 1088))) 7
21321: MOV Reg ESI, Immediate 36 5
21326: TEST Reg RAX, Reg RAX 3
21329: CMOVE Reg RAX, Reg RBP 4
2132d: MOV Reg RDX, Address (SizeDir 64 (FromReg RAX)) 3
21330: CALL xencall1 (external)
21335: TEST Reg EAX, Reg EAX 2
21337: MOV Reg R12D, Reg EAX 3
2133a: JNS 21349 (resolved immediate)
  |
  `- 2133c,21349
2133c: CALL __errno_location (external)
21341: CMP Address (SizeDir 32 (FromReg RAX)), Immediate 13 3
21344: MOV Reg R13, Reg RAX 3
21347: JE 21388 (resolved immediate)
  |
  `- 21349,21388
21349: MOV Reg RSI, Address (SizeDir 64 (AddrPlus (FromReg RSP) (AddrImm 8))) 5
2134e: MOV Reg RDI, Reg RBX 3
21351: TEST Reg RSI, Reg RSI 3
21354: CMOVE Reg RSI, Reg RBP 4
21358: CALL xc__hypercall_bounce_post (external)
2135d: MOV Reg RCX, Address (SizeDir 64 (AddrPlus (FromReg RSP) (AddrImm 200))) 8
21365: XOR Reg RCX, Address (SizeDir 64 (AddrPlus (FromReg FS) (AddrImm 40))) 9
2136e: MOV Reg EAX, Reg R12D 3
21371: JNE 213ef (resolved immediate)
  |
  `- 21373,213ef
21373: ADD Reg RSP, Immediate 216 7
2137a: POP Reg RBX 1
2137b: POP Reg RBP 1
2137c: POP Reg R12 2
2137e: POP Reg R13 2
21380: RET  1
  |
  `- 
21388: MOV Reg RSI, Address (SizeDir 64 (AddrPlus (FromReg RBX) (AddrImm 8))) 4
2138c: LEA Reg R8, Address (SizeDir 64 (AddrPlus (FromReg RIP) (AddrImm 16397))) 7
21393: XOR Reg ECX, Reg ECX 2
21395: MOV Reg EDX, Immediate 3 5
2139a: MOV Reg RDI, Reg RBX 3
2139d: XOR Reg EAX, Reg EAX 2
2139f: CALL xc_report (external)
213a4: MOV Address (SizeDir 32 (FromReg R13)), Immediate 13 8
213ac: JMP 21349 (resolved immediate)
  |
  `- 21349
213ae: CALL __errno_location (external)
213b3: MOV Reg R12D, Address (SizeDir 32 (FromReg RAX)) 3
213b6: MOV Reg RBP, Reg RAX 3
213b9: MOV Reg RDI, Reg RBX 3
213bc: MOV Reg ESI, Reg R12D 3
213bf: CALL xc_strerror (external)
213c4: MOV Reg ECX, Address (SizeDir 32 (FromReg RBP)) 3
213c7: LEA Reg RDX, Address (SizeDir 64 (AddrPlus (FromReg RIP) (AddrImm 16282))) 7
213ce: MOV Reg R8, Reg RAX 3
213d1: MOV Reg ESI, Immediate 1 5
213d6: MOV Reg RDI, Reg RBX 3
213d9: XOR Reg EAX, Reg EAX 2
213db: CALL xc_report_error (external)
213e0: MOV Address (SizeDir 32 (FromReg RBP)), Reg R12D 4
213e4: MOV Reg R12D, Immediate 4294967295 6
213ea: JMP 2135d (resolved immediate)
  |
  `- 2135d
213ef: CALL __stack_chk_fail (external)
  |
  `- 
