Number of assembly instructions     = 22
Number of indirect branches         = 0
Number of unresolved indirect jumps = 0: 
Number of unresolved indirect calls = 0: 
Number of symbolic states (representative of non-determinism): 22
Number of edges: 21

22290 (False): 0

22290: PXOR Reg XMM0, Reg XMM0 4
22294: SUB Reg RSP, Immediate 72 4
22298: MOV Reg RAX, Address (SizeDir 64 (AddrPlus (FromReg FS) (AddrImm 40))) 9
222a1: MOV Address (SizeDir 64 (AddrPlus (FromReg RSP) (AddrImm 56))), Reg RAX 5
222a6: XOR Reg EAX, Reg EAX 2
222a8: MOV Reg RAX, Reg RSP 3
222ab: MOV Reg ECX, Immediate 48 5
222b0: MOVAPS Address (SizeDir 128 (FromReg RSP)), Reg XMM0 4
222b4: MOV Address (SizeDir 64 (AddrPlus (FromReg RSP) (AddrImm 8))), Reg RDX 5
222b9: MOV Address (SizeDir 16 (AddrPlus (FromReg RSP) (AddrImm 2))), Reg SI 5
222be: MOV Reg RDX, Reg RAX 3
222c1: MOV Reg ESI, Immediate 22 5
222c6: MOVAPS Address (SizeDir 128 (AddrPlus (FromReg RSP) (AddrImm 16))), Reg XMM0 5
222cb: MOV Address (SizeDir 8 (FromReg RSP)), Immediate 3 4
222cf: MOVAPS Address (SizeDir 128 (AddrPlus (FromReg RSP) (AddrImm 32))), Reg XMM0 5
222d4: CALL do_memory_op (external)
222d9: MOV Reg RCX, Address (SizeDir 64 (AddrPlus (FromReg RSP) (AddrImm 56))) 5
222de: XOR Reg RCX, Address (SizeDir 64 (AddrPlus (FromReg FS) (AddrImm 40))) 9
222e7: JNZ 222ee (resolved immediate)
  |
  `- 222e9,222ee
222e9: ADD Reg RSP, Immediate 72 4
222ed: RET  1
  |
  `- 
222ee: CALL __stack_chk_fail (external)
  |
  `- 
