Number of assembly instructions     = 54
Number of indirect branches         = 0
Number of unresolved indirect jumps = 0: 
Number of unresolved indirect calls = 0: 
Number of symbolic states (representative of non-determinism): 54
Number of edges: 56

226f0 (False): 0

226f0: PUSH Reg R15 2
226f2: PUSH Reg R14 2
226f4: MOV Reg R14D, Reg ECX 3
226f7: PUSH Reg R13 2
226f9: PUSH Reg R12 2
226fb: MOV Reg R13D, Reg ESI 3
226fe: PUSH Reg RBP 1
226ff: MOVSXD Reg RBP, Reg EDX 3
22702: PUSH Reg RBX 1
22703: ADD Reg RBP, Immediate 4095 7
2270a: MOV Reg R12, Reg RDI 3
2270d: MOV Reg ESI, Immediate 8 5
22712: SHR Reg RBP, Immediate 12 4
22716: SUB Reg RSP, Immediate 8 4
2271a: MOV Reg RBX, Reg R8 3
2271d: MOVSXD Reg RDI, Reg EBP 3
22720: CALL calloc (external)
22725: TEST Reg RAX, Reg RAX 3
22728: JE 22791 (resolved immediate)
  |
  `- 2272a,22791
2272a: TEST Reg EBP, Reg EBP 2
2272c: MOV Reg R15, Reg RAX 3
2272f: JLE 22760 (resolved immediate)
  |
  `- 22731,22760
22731: LEA Reg ECX, Address (SizeDir 32 (AddrMinus (FromReg RBP) (AddrImm 1))) 3
22734: LEA Reg RAX, Address (SizeDir 64 (AddrPlus (FromReg RBX) (AddrImm 1))) 4
22738: MOV Reg RDX, Reg RBX 3
2273b: NEG Reg RDX 3
2273e: ADD Reg RCX, Reg RAX 3
22741: LEA Reg RDX, Address (SizeDir 64 (AddrPlus (FromReg R15) (AddrTimes (AddrImm 8) (FromReg RDX)))) 4
22745: JMP 22754 (resolved immediate)
  |
  `- 22754
22750: ADD Reg RAX, Immediate 1 4
22754: CMP Reg RAX, Reg RCX 3
22757: MOV Address (SizeDir 64 (AddrPlus (FromReg RDX) (AddrTimes (AddrImm 8) (FromReg RBX)))), Reg RBX 4
2275b: MOV Reg RBX, Reg RAX 3
2275e: JNE 22750 (resolved immediate)
  |
  `- 22750,22760
22760: MOV Reg RDI, Reg R12 3
22763: MOV Reg R8D, Reg EBP 3
22766: MOV Reg RCX, Reg R15 3
22769: MOV Reg EDX, Reg R14D 3
2276c: MOV Reg ESI, Reg R13D 3
2276f: CALL xc_map_foreign_pages (external)
22774: MOV Reg RDI, Reg R15 3
22777: MOV Reg RBX, Reg RAX 3
2277a: CALL free (external)
2277f: ADD Reg RSP, Immediate 8 4
22783: MOV Reg RAX, Reg RBX 3
22786: POP Reg RBX 1
22787: POP Reg RBP 1
22788: POP Reg R12 2
2278a: POP Reg R13 2
2278c: POP Reg R14 2
2278e: POP Reg R15 2
22790: RET  1
  |
  `- 
22791: XOR Reg EBX, Reg EBX 2
22793: JMP 2277f (resolved immediate)
  |
  `- 2277f
