Number of assembly instructions     = 14
Number of indirect branches         = 0
Number of unresolved indirect jumps = 0: 
Number of unresolved indirect calls = 0: 
Number of symbolic states (representative of non-determinism): 14
Number of edges: 13

226b0 (False): 0

226b0: TEST Reg R8D, Reg R8D 3
226b3: JS 226d0 (resolved immediate)
  |
  `- 226b5,226d0
226b5: MOV Reg RDI, Address (SizeDir 64 (AddrPlus (FromReg RDI) (AddrImm 1096))) 7
226bc: MOV Reg RAX, Reg RCX 3
226bf: XOR Reg R9D, Reg R9D 3
226c2: MOVSXD Reg RCX, Reg R8D 3
226c5: MOV Reg R8, Reg RAX 3
226c8: JMP xenforeignmemory_map (jmp to external function)
  |
  `- 
226d0: SUB Reg RSP, Immediate 8 4
226d4: CALL __errno_location (external)
226d9: MOV Address (SizeDir 32 (FromReg RAX)), Immediate 22 6
226df: XOR Reg EAX, Reg EAX 2
226e1: ADD Reg RSP, Immediate 8 4
226e5: RET  1
  |
  `- 
