Number of assembly instructions     = 80
Number of indirect branches         = 0
Number of unresolved indirect jumps = 0: 
Number of unresolved indirect calls = 0: 
Number of symbolic states (representative of non-determinism): 80
Number of edges: 82

21dd0 (False): 0

21dd0: PUSH Reg R13 2
21dd2: PUSH Reg R12 2
21dd4: PUSH Reg RBP 1
21dd5: PUSH Reg RBX 1
21dd6: MOV Reg RBX, Reg RDI 3
21dd9: SUB Reg RSP, Immediate 216 7
21de0: MOV Reg RAX, Address (SizeDir 64 (AddrPlus (FromReg FS) (AddrImm 40))) 9
21de9: MOV Address (SizeDir 64 (AddrPlus (FromReg RSP) (AddrImm 200))), Reg RAX 8
21df1: XOR Reg EAX, Reg EAX 2
21df3: MOV Reg RAX, Immediate 73014444089 10
21dfd: MOV Reg RBP, Reg RSP 3
21e00: MOV Address (SizeDir 16 (AddrPlus (FromReg RSP) (AddrImm 56))), Reg SI 5
21e05: MOV Address (SizeDir 64 (AddrPlus (FromReg RSP) (AddrImm 48))), Reg RAX 5
21e0a: LEA Reg RAX, Address (AddrPlus (FromReg RSP) (AddrImm 48)) 5
21e0f: MOV Reg RSI, Reg RBP 3
21e12: MOV Address (SizeDir 8 (AddrPlus (FromReg RSP) (AddrImm 64))), Immediate 0 5
21e17: MOV Address (SizeDir 8 (AddrPlus (FromReg RSP) (AddrImm 65))), Reg DL 4
21e1b: MOV Address (SizeDir 64 (FromReg RSP)), Immediate 0 8
21e23: MOV Address (SizeDir 64 (AddrPlus (FromReg RSP) (AddrImm 8))), Immediate 0 9
21e2c: MOV Address (SizeDir 32 (AddrPlus (FromReg RSP) (AddrImm 16))), Immediate 3 8
21e34: MOV Address (SizeDir 64 (AddrPlus (FromReg RSP) (AddrImm 24))), Reg RAX 5
21e39: MOV Address (SizeDir 64 (AddrPlus (FromReg RSP) (AddrImm 32))), Immediate 144 9
21e42: CALL xc__hypercall_bounce_pre (external)
21e47: TEST Reg EAX, Reg EAX 2
21e49: JNZ 21ee6 (resolved immediate)
  |
  `- 21e4f,21ee6
21e4f: MOV Reg RAX, Address (SizeDir 64 (AddrPlus (FromReg RSP) (AddrImm 8))) 5
21e54: MOV Reg RDI, Address (SizeDir 64 (AddrPlus (FromReg RBX) (AddrImm 1088))) 7
21e5b: MOV Reg ESI, Immediate 36 5
21e60: TEST Reg RAX, Reg RAX 3
21e63: CMOVZ Reg RAX, Reg RBP 4
21e67: MOV Reg RDX, Address (SizeDir 64 (FromReg RAX)) 3
21e6a: CALL xencall1 (external)
21e6f: TEST Reg EAX, Reg EAX 2
21e71: MOV Reg R12D, Reg EAX 3
21e74: JNS 21e83 (resolved immediate)
  |
  `- 21e76,21e83
21e76: CALL __errno_location (external)
21e7b: CMP Address (SizeDir 32 (FromReg RAX)), Immediate 13 3
21e7e: MOV Reg R13, Reg RAX 3
21e81: JZ 21ec0 (resolved immediate)
  |
  `- 21e83,21ec0
21e83: MOV Reg RSI, Address (SizeDir 64 (AddrPlus (FromReg RSP) (AddrImm 8))) 5
21e88: MOV Reg RDI, Reg RBX 3
21e8b: TEST Reg RSI, Reg RSI 3
21e8e: CMOVZ Reg RSI, Reg RBP 4
21e92: CALL xc__hypercall_bounce_post (external)
21e97: MOV Reg RCX, Address (SizeDir 64 (AddrPlus (FromReg RSP) (AddrImm 200))) 8
21e9f: XOR Reg RCX, Address (SizeDir 64 (AddrPlus (FromReg FS) (AddrImm 40))) 9
21ea8: MOV Reg EAX, Reg R12D 3
21eab: JNZ 21f27 (resolved immediate)
  |
  `- 21ead,21f27
21ead: ADD Reg RSP, Immediate 216 7
21eb4: POP Reg RBX 1
21eb5: POP Reg RBP 1
21eb6: POP Reg R12 2
21eb8: POP Reg R13 2
21eba: RET  1
  |
  `- 
21ec0: MOV Reg RSI, Address (SizeDir 64 (AddrPlus (FromReg RBX) (AddrImm 8))) 4
21ec4: LEA Reg R8, Address (AddrPlus (FromReg RIP) (AddrImm 13525)) 7
21ecb: XOR Reg ECX, Reg ECX 2
21ecd: MOV Reg EDX, Immediate 3 5
21ed2: MOV Reg RDI, Reg RBX 3
21ed5: XOR Reg EAX, Reg EAX 2
21ed7: CALL xc_report (external)
21edc: MOV Address (SizeDir 32 (AddrPlus (FromReg R13) (AddrImm 0))), Immediate 13 8
21ee4: JMP 21e83 (resolved immediate)
  |
  `- 21e83
21ee6: CALL __errno_location (external)
21eeb: MOV Reg R12D, Address (SizeDir 32 (FromReg RAX)) 3
21eee: MOV Reg RBP, Reg RAX 3
21ef1: MOV Reg RDI, Reg RBX 3
21ef4: MOV Reg ESI, Reg R12D 3
21ef7: CALL xc_strerror (external)
21efc: MOV Reg ECX, Address (SizeDir 32 (AddrPlus (FromReg RBP) (AddrImm 0))) 3
21eff: LEA Reg RDX, Address (AddrPlus (FromReg RIP) (AddrImm 13410)) 7
21f06: MOV Reg R8, Reg RAX 3
21f09: MOV Reg ESI, Immediate 1 5
21f0e: MOV Reg RDI, Reg RBX 3
21f11: XOR Reg EAX, Reg EAX 2
21f13: CALL xc_report_error (external)
21f18: MOV Address (SizeDir 32 (AddrPlus (FromReg RBP) (AddrImm 0))), Reg R12D 4
21f1c: MOV Reg R12D, Immediate 4294967295 6
21f22: JMP 21e97 (resolved immediate)
  |
  `- 21e97
21f27: CALL __stack_chk_fail (external)
  |
  `- 
