Number of assembly instructions     = 12
Number of indirect branches         = 0
Number of unresolved indirect jumps = 0: 
Number of unresolved indirect calls = 0: 
Number of symbolic states (representative of non-determinism): 12
Number of edges: 11

21a20 (False): 0

21a20: TEST Reg RDX, Reg RDX 3
21a23: JZ 21a38 (resolved immediate)
  |
  `- 21a25,21a38
21a25: MOV Reg R8, Reg RDX 3
21a28: MOV Reg ECX, Immediate 1 5
21a2d: XOR Reg EDX, Reg EDX 2
21a2f: JMP xc_vm_event_control (jmp to external function)
  |
  `- 
21a38: SUB Reg RSP, Immediate 8 4
21a3c: CALL __errno_location (external)
21a41: MOV Address (SizeDir 32 (FromReg RAX)), Immediate 22 6
21a47: MOV Reg EAX, Immediate 4294967295 5
21a4c: ADD Reg RSP, Immediate 8 4
21a50: RET  1
  |
  `- 
