Number of assembly instructions     = 26
Number of indirect branches         = 0
Number of unresolved indirect jumps = 0: 
Number of unresolved indirect calls = 0: 
Number of symbolic states (representative of non-determinism): 26
Number of edges: 25

22080 (False): 0

22080: PXOR Reg XMM0, Reg XMM0 4
22084: SUB Reg RSP, Immediate 72 4
22088: MOV Reg RAX, Address (SizeDir 64 (AddrPlus (FromReg FS) (AddrImm 40))) 9
22091: MOV Address (SizeDir 64 (AddrPlus (FromReg RSP) (AddrImm 56))), Reg RAX 5
22096: XOR Reg EAX, Reg EAX 2
22098: MOV Reg RAX, Reg RSP 3
2209b: MOV Address (SizeDir 64 (AddrPlus (FromReg RSP) (AddrImm 16))), Reg RCX 5
220a0: MOV Reg ECX, Immediate 48 5
220a5: MOVAPS Address (SizeDir 128 (FromReg RSP)), Reg XMM0 4
220a9: MOV Address (SizeDir 64 (AddrPlus (FromReg RSP) (AddrImm 8))), Reg RDX 5
220ae: MOV Reg RDX, Address (SizeDir 64 (AddrPlus (FromReg RSP) (AddrImm 80))) 5
220b3: MOVAPS Address (SizeDir 128 (AddrPlus (FromReg RSP) (AddrImm 32))), Reg XMM0 5
220b8: MOV Address (SizeDir 16 (AddrPlus (FromReg RSP) (AddrImm 2))), Reg SI 5
220bd: MOV Address (SizeDir 64 (AddrPlus (FromReg RSP) (AddrImm 32))), Reg RDX 5
220c2: MOV Reg ESI, Immediate 22 5
220c7: MOV Reg RDX, Reg RAX 3
220ca: MOV Address (SizeDir 8 (FromReg RSP)), Immediate 2 4
220ce: MOV Address (SizeDir 16 (AddrPlus (FromReg RSP) (AddrImm 40))), Reg R8W 6
220d4: MOV Address (SizeDir 64 (AddrPlus (FromReg RSP) (AddrImm 24))), Reg R9 5
220d9: CALL do_memory_op (external)
220de: MOV Reg RCX, Address (SizeDir 64 (AddrPlus (FromReg RSP) (AddrImm 56))) 5
220e3: XOR Reg RCX, Address (SizeDir 64 (AddrPlus (FromReg FS) (AddrImm 40))) 9
220ec: JNE 220f3 (resolved immediate)
  |
  `- 220ee,220f3
220ee: ADD Reg RSP, Immediate 72 4
220f2: RET  1
  |
  `- 
220f3: CALL __stack_chk_fail (external)
  |
  `- 
