Number of assembly instructions     = 286
Number of indirect branches         = 0
Number of unresolved indirect jumps = 0: 
Number of unresolved indirect calls = 0: 
Number of symbolic states (representative of non-determinism): 286
Number of edges: 305

126b0 (False): 0

126b0: PUSH Reg R15 2
126b2: PUSH Reg R14 2
126b4: MOV Reg ECX, Immediate 126 5
126b9: PUSH Reg R13 2
126bb: PUSH Reg R12 2
126bd: PUSH Reg RBP 1
126be: PUSH Reg RBX 1
126bf: MOV Reg RBX, Reg RDI 3
126c2: PXOR Reg XMM0, Reg XMM0 4
126c6: SUB Reg RSP, Immediate 1176 7
126cd: MOV Reg RAX, Address (SizeDir 64 (AddrPlus (FromReg FS) (AddrImm 40))) 9
126d6: MOV Address (SizeDir 64 (AddrPlus (FromReg RSP) (AddrImm 1160))), Reg RAX 8
126de: XOR Reg EAX, Reg EAX 2
126e0: CMP Address (SizeDir 64 (AddrPlus (FromReg RDX) (AddrImm 8))), Immediate 0 5
126e5: LEA Reg RDI, Address (AddrPlus (FromReg RSP) (AddrImm 144)) 8
126ed: MOVAPS Address (SizeDir 128 (AddrPlus (FromReg RSP) (AddrImm 128))), Reg XMM0 8
126f5: REP STOSQ  3
126f8: JNZ 129f8 (resolved immediate)
  |
  `- 126fe,129f8
126fe: CMP Address (SizeDir 64 (AddrPlus (FromReg RDX) (AddrImm 16))), Immediate 0 5
12703: MOV Reg R15, Reg RDX 3
12706: JNZ 129f8 (resolved immediate)
  |
  `- 1270c,129f8
1270c: LEA Reg R13, Address (AddrPlus (FromReg RSP) (AddrImm 16)) 5
12711: MOV Reg EDX, Immediate 1 5
12716: MOV Reg RDI, Reg RBX 3
12719: MOV Reg EBP, Reg ESI 2
1271b: MOV Reg RCX, Reg R13 3
1271e: CALL xc_domain_getinfo (external)
12723: CMP Reg EAX, Immediate 1 3
12726: JNZ 12a0f (resolved immediate)
  |
  `- 1272c,12a0f
1272c: LEA Reg RDX, Address (AddrPlus (FromReg R15) (AddrImm 4)) 4
12730: MOV Reg ESI, Reg EBP 2
12732: MOV Reg RDI, Reg RBX 3
12735: CALL xc_domain_get_guest_width (external)
1273a: TEST Reg EAX, Reg EAX 2
1273c: JNZ 12a51 (resolved immediate)
  |
  `- 12742,12a51
12742: MOV Reg EAX, Address (SizeDir 32 (AddrPlus (FromReg R15) (AddrImm 4))) 4
12746: LEA Reg R12, Address (AddrPlus (FromReg RSP) (AddrImm 128)) 8
1274e: MOV Reg ESI, Immediate 3 5
12753: MOV Reg RDI, Reg RBX 3
12756: MOV Reg RDX, Reg R12 3
12759: MOV Address (SizeDir 32 (AddrPlus (FromReg RSP) (AddrImm 4))), Reg EAX 4
1275d: CALL xc_version (external)
12762: TEST Reg EAX, Reg EAX 2
12764: JNZ 12ac5 (resolved immediate)
  |
  `- 1276a,12ac5
1276a: LEA Reg RSI, Address (AddrPlus (FromReg RIP) (AddrImm 76743)) 7
12771: MOV Reg RDI, Reg R12 3
12774: CALL strstr (external)
12779: TEST Reg RAX, Reg RAX 3
1277c: JZ 12970 (resolved immediate)
  |
  `- 12782,12970
12782: XOR Reg EAX, Reg EAX 2
12784: CMP Address (SizeDir 32 (AddrPlus (FromReg R15) (AddrImm 4))), Immediate 8 5
12789: SETZ Reg AL 3
1278c: ADD Reg EAX, Immediate 3 3
1278f: MOV Address (SizeDir 32 (FromReg R15)), Reg EAX 3
12792: MOV Reg R8, Address (SizeDir 64 (AddrPlus (FromReg RSP) (AddrImm 64))) 5
12797: MOV Reg ECX, Immediate 1 5
1279c: MOV Reg EDX, Immediate 4096 5
127a1: MOV Reg ESI, Reg EBP 2
127a3: MOV Reg RDI, Reg RBX 3
127a6: CALL xc_map_foreign_range (external)
127ab: TEST Reg RAX, Reg RAX 3
127ae: MOV Reg R12, Reg RAX 3
127b1: JZ 12aed (resolved immediate)
  |
  `- 127b7,12aed
127b7: MOV Reg ESI, Address (SizeDir 32 (AddrPlus (FromReg R15) (AddrImm 4))) 4
127bb: LEA Reg R9, Address (AddrPlus (FromReg R15) (AddrImm 24)) 4
127bf: LEA Reg R8, Address (AddrPlus (FromReg R15) (AddrImm 16)) 4
127c3: MOV Reg RCX, Reg RAX 3
127c6: MOV Reg RDX, Reg R13 3
127c9: MOV Reg RDI, Reg RBX 3
127cc: CALL xc_core_arch_map_p2m_writable (external)
127d1: TEST Reg EAX, Reg EAX 2
127d3: MOV Address (SizeDir 32 (FromReg RSP)), Reg EAX 3
127d6: JNZ 12a76 (resolved immediate)
  |
  `- 127dc,12a76
127dc: MOV Reg ESI, Immediate 4096 5
127e1: MOV Reg RDI, Reg R12 3
127e4: CALL munmap (external)
127e9: MOV Reg R14, Address (SizeDir 64 (AddrPlus (FromReg R15) (AddrImm 24))) 4
127ed: MOV Reg EDI, Immediate 8 5
127f2: MOV Reg RSI, Reg R14 3
127f5: MOV Address (SizeDir 64 (AddrPlus (FromReg RSP) (AddrImm 8))), Reg R14 5
127fa: CALL calloc (external)
127ff: TEST Reg RAX, Reg RAX 3
12802: MOV Address (SizeDir 64 (AddrPlus (FromReg R15) (AddrImm 8))), Reg RAX 4
12806: JZ 129b8 (resolved immediate)
  |
  `- 1280c,129b8
1280c: XOR Reg ECX, Reg ECX 2
1280e: TEST Reg R14, Reg R14 3
12811: MOV Reg RDI, Immediate 18446744073709551615 7
12818: JNZ 1283e (resolved immediate)
  |
  `- 1281a,1283e
1281a: JMP 12944 (resolved immediate)
  |
  `- 12944
12820: MOV Reg EAX, Address (SizeDir 32 (AddrPlus (FromReg RSI) (AddrTimes (AddrImm 4) (FromReg RCX)))) 3
12823: CMP Reg EAX, Immediate 4294967295 3
12826: CMOVZ Reg RAX, Reg RDI 4
1282a: ADD Reg RCX, Immediate 1 4
1282e: MOV Address (SizeDir 64 (FromReg RDX)), Reg RAX 3
12831: MOV Reg RDX, Address (SizeDir 64 (AddrPlus (FromReg R15) (AddrImm 24))) 4
12835: CMP Reg RDX, Reg RCX 3
12838: JBE 12861 (resolved immediate)
  |
  `- 1283a,12861
1283a: MOV Reg RAX, Address (SizeDir 64 (AddrPlus (FromReg R15) (AddrImm 8))) 4
1283e: CMP Address (SizeDir 32 (AddrPlus (FromReg R15) (AddrImm 4))), Immediate 8 5
12843: MOV Reg RSI, Address (SizeDir 64 (AddrPlus (FromReg R15) (AddrImm 16))) 4
12847: LEA Reg RDX, Address (AddrPlus (FromReg RAX) (AddrTimes (AddrImm 8) (FromReg RCX))) 4
1284b: JNZ 12820 (resolved immediate)
  |
  `- 12820,1284d
1284d: MOV Reg RAX, Address (SizeDir 64 (AddrPlus (FromReg RSI) (AddrTimes (AddrImm 8) (FromReg RCX)))) 4
12851: ADD Reg RCX, Immediate 1 4
12855: MOV Address (SizeDir 64 (FromReg RDX)), Reg RAX 3
12858: MOV Reg RDX, Address (SizeDir 64 (AddrPlus (FromReg R15) (AddrImm 24))) 4
1285c: CMP Reg RDX, Reg RCX 3
1285f: JA 1283a (resolved immediate)
  |
  `- 1283a,12861
12861: TEST Reg RDX, Reg RDX 3
12864: JZ 12944 (resolved immediate)
  |
  `- 1286a,12944
1286a: XOR Reg R14D, Reg R14D 3
1286d: MOV Reg R13D, Immediate 1024 6
12873: JMP 1288c (resolved immediate)
  |
  `- 1288c
12878: MOV Reg RDX, Address (SizeDir 64 (AddrPlus (FromReg R15) (AddrImm 24))) 4
1287c: ADD Reg R14, Immediate 1024 7
12883: CMP Reg RDX, Reg R14 3
12886: JBE 12944 (resolved immediate)
  |
  `- 1288c,12944
1288c: MOV Reg RAX, Address (SizeDir 64 (AddrPlus (FromReg R15) (AddrImm 8))) 4
12890: SUB Reg RDX, Reg R14 3
12893: MOV Reg ESI, Reg EBP 2
12895: CMP Reg RDX, Immediate 1024 7
1289c: MOV Reg RDI, Reg RBX 3
1289f: CMOVA Reg RDX, Reg R13 4
128a3: LEA Reg RCX, Address (AddrPlus (FromReg RAX) (AddrTimes (AddrImm 8) (FromReg R14))) 4
128a7: CALL xc_get_pfn_type_batch (external)
128ac: TEST Reg EAX, Reg EAX 2
128ae: JZ 12878 (resolved immediate)
  |
  `- 12878,128b0
128b0: CALL __errno_location (external)
128b5: MOV Reg R13D, Address (SizeDir 32 (FromReg RAX)) 3
128b8: MOV Reg RBP, Reg RAX 3
128bb: MOV Reg RDI, Reg RBX 3
128be: MOV Reg ESI, Reg R13D 3
128c1: CALL xc_strerror (external)
128c6: LEA Reg ECX, Address (AddrPlus (FromReg R14) (AddrImm 1)) 4
128ca: MOV Reg R8D, Address (SizeDir 32 (AddrPlus (FromReg RBP) (AddrImm 0))) 4
128ce: LEA Reg RDX, Address (AddrPlus (FromReg RIP) (AddrImm 78035)) 7
128d5: MOV Reg R9, Reg RAX 3
128d8: MOV Reg ESI, Immediate 1 5
128dd: MOV Reg RDI, Reg RBX 3
128e0: SAR Reg ECX, Immediate 10 3
128e3: XOR Reg EAX, Reg EAX 2
128e5: CALL xc_report_error (external)
128ea: MOV Address (SizeDir 32 (AddrPlus (FromReg RBP) (AddrImm 0))), Reg R13D 4
128ee: MOV Reg RDI, Address (SizeDir 64 (AddrPlus (FromReg R15) (AddrImm 8))) 4
128f2: TEST Reg RDI, Reg RDI 3
128f5: JZ 12904 (resolved immediate)
  |
  `- 128f7,12904
128f7: CALL free (external)
128fc: MOV Address (SizeDir 64 (AddrPlus (FromReg R15) (AddrImm 8))), Immediate 0 8
12904: MOV Reg RDI, Address (SizeDir 64 (AddrPlus (FromReg R15) (AddrImm 16))) 4
12908: MOV Address (SizeDir 32 (FromReg RSP)), Immediate 4294967295 7
1290f: TEST Reg RDI, Reg RDI 3
12912: JZ 12944 (resolved immediate)
  |
  `- 12914,12944
12914: MOV Reg EAX, Immediate 4096 5
12919: XOR Reg EDX, Reg EDX 2
1291b: DIV Address (SizeDir 32 (AddrPlus (FromReg RSP) (AddrImm 4))) 4
1291f: XOR Reg EDX, Reg EDX 2
12921: MOV Reg ECX, Reg EAX 2
12923: MOV Reg RAX, Address (SizeDir 64 (AddrPlus (FromReg RSP) (AddrImm 8))) 5
12928: LEA Reg RAX, Address (AddrMinus (AddrPlus (FromReg RAX) (FromReg RCX)) (AddrImm 1)) 5
1292d: DIV Reg RCX 3
12930: SHL Reg RAX, Immediate 12 4
12934: MOV Reg RSI, Reg RAX 3
12937: CALL munmap (external)
1293c: MOV Address (SizeDir 64 (AddrPlus (FromReg R15) (AddrImm 16))), Immediate 0 8
12944: MOV Reg RBX, Address (SizeDir 64 (AddrPlus (FromReg RSP) (AddrImm 1160))) 8
1294c: XOR Reg RBX, Address (SizeDir 64 (AddrPlus (FromReg FS) (AddrImm 40))) 9
12955: MOV Reg EAX, Address (SizeDir 32 (FromReg RSP)) 3
12958: JNZ 12b4c (resolved immediate)
  |
  `- 1295e,12b4c
1295e: ADD Reg RSP, Immediate 1176 7
12965: POP Reg RBX 1
12966: POP Reg RBP 1
12967: POP Reg R12 2
12969: POP Reg R13 2
1296b: POP Reg R14 2
1296d: POP Reg R15 2
1296f: RET  1
  |
  `- 
12970: LEA Reg RSI, Address (AddrPlus (FromReg RIP) (AddrImm 76240)) 7
12977: MOV Reg RDI, Reg R12 3
1297a: CALL strstr (external)
1297f: TEST Reg RAX, Reg RAX 3
12982: JZ 12990 (resolved immediate)
  |
  `- 12984,12990
12984: MOV Address (SizeDir 32 (FromReg R15)), Immediate 3 7
1298b: JMP 12792 (resolved immediate)
  |
  `- 12792
12990: LEA Reg RSI, Address (AddrPlus (FromReg RIP) (AddrImm 76224)) 7
12997: MOV Reg RDI, Reg R12 3
1299a: CALL strstr (external)
1299f: TEST Reg RAX, Reg RAX 3
129a2: JZ 12b35 (resolved immediate)
  |
  `- 129a8,12b35
129a8: MOV Address (SizeDir 32 (FromReg R15)), Immediate 2 7
129af: JMP 12792 (resolved immediate)
  |
  `- 12792
129b8: CALL __errno_location (external)
129bd: MOV Reg R12D, Address (SizeDir 32 (FromReg RAX)) 3
129c0: MOV Reg RBP, Reg RAX 3
129c3: MOV Reg RDI, Reg RBX 3
129c6: MOV Reg ESI, Reg R12D 3
129c9: CALL xc_strerror (external)
129ce: MOV Reg ECX, Address (SizeDir 32 (AddrPlus (FromReg RBP) (AddrImm 0))) 3
129d1: LEA Reg RDX, Address (AddrPlus (FromReg RIP) (AddrImm 77720)) 7
129d8: MOV Reg R8, Reg RAX 3
129db: MOV Reg ESI, Immediate 1 5
129e0: MOV Reg RDI, Reg RBX 3
129e3: XOR Reg EAX, Reg EAX 2
129e5: CALL xc_report_error (external)
129ea: MOV Address (SizeDir 32 (AddrPlus (FromReg RBP) (AddrImm 0))), Reg R12D 4
129ee: JMP 128ee (resolved immediate)
  |
  `- 128ee
129f8: CALL __errno_location (external)
129fd: MOV Address (SizeDir 32 (FromReg RSP)), Immediate 4294967295 7
12a04: MOV Address (SizeDir 32 (FromReg RAX)), Immediate 22 6
12a0a: JMP 12944 (resolved immediate)
  |
  `- 12944
12a0f: CALL __errno_location (external)
12a14: MOV Reg R12D, Address (SizeDir 32 (FromReg RAX)) 3
12a17: MOV Reg RBP, Reg RAX 3
12a1a: MOV Reg RDI, Reg RBX 3
12a1d: MOV Reg ESI, Reg R12D 3
12a20: CALL xc_strerror (external)
12a25: MOV Reg ECX, Address (SizeDir 32 (AddrPlus (FromReg RBP) (AddrImm 0))) 3
12a28: LEA Reg RDX, Address (AddrPlus (FromReg RIP) (AddrImm 77369)) 7
12a2f: MOV Reg R8, Reg RAX 3
12a32: MOV Reg ESI, Immediate 1 5
12a37: MOV Reg RDI, Reg RBX 3
12a3a: XOR Reg EAX, Reg EAX 2
12a3c: CALL xc_report_error (external)
12a41: MOV Address (SizeDir 32 (AddrPlus (FromReg RBP) (AddrImm 0))), Reg R12D 4
12a45: MOV Address (SizeDir 32 (FromReg RSP)), Immediate 4294967295 7
12a4c: JMP 12944 (resolved immediate)
  |
  `- 12944
12a51: CALL __errno_location (external)
12a56: MOV Reg R12D, Address (SizeDir 32 (FromReg RAX)) 3
12a59: MOV Reg RBP, Reg RAX 3
12a5c: MOV Reg RDI, Reg RBX 3
12a5f: MOV Reg ESI, Reg R12D 3
12a62: CALL xc_strerror (external)
12a67: MOV Reg ECX, Address (SizeDir 32 (AddrPlus (FromReg RBP) (AddrImm 0))) 3
12a6a: MOV Reg R8, Reg RAX 3
12a6d: LEA Reg RDX, Address (AddrPlus (FromReg RIP) (AddrImm 77340)) 7
12a74: JMP 12a32 (resolved immediate)
  |
  `- 12a32
12a76: CALL __errno_location (external)
12a7b: MOV Reg R13D, Address (SizeDir 32 (FromReg RAX)) 3
12a7e: MOV Reg RBP, Reg RAX 3
12a81: MOV Reg RDI, Reg RBX 3
12a84: MOV Reg ESI, Reg R13D 3
12a87: CALL xc_strerror (external)
12a8c: MOV Reg ECX, Address (SizeDir 32 (AddrPlus (FromReg RBP) (AddrImm 0))) 3
12a8f: LEA Reg RDX, Address (AddrPlus (FromReg RIP) (AddrImm 77490)) 7
12a96: MOV Reg R8, Reg RAX 3
12a99: MOV Reg ESI, Immediate 1 5
12a9e: MOV Reg RDI, Reg RBX 3
12aa1: XOR Reg EAX, Reg EAX 2
12aa3: CALL xc_report_error (external)
12aa8: MOV Address (SizeDir 32 (AddrPlus (FromReg RBP) (AddrImm 0))), Reg R13D 4
12aac: MOV Reg ESI, Immediate 4096 5
12ab1: MOV Reg RDI, Reg R12 3
12ab4: CALL munmap (external)
12ab9: MOV Address (SizeDir 32 (FromReg RSP)), Immediate 4294967295 7
12ac0: JMP 12944 (resolved immediate)
  |
  `- 12944
12ac5: CALL __errno_location (external)
12aca: MOV Reg R12D, Address (SizeDir 32 (FromReg RAX)) 3
12acd: MOV Reg RBP, Reg RAX 3
12ad0: MOV Reg RDI, Reg RBX 3
12ad3: MOV Reg ESI, Reg R12D 3
12ad6: CALL xc_strerror (external)
12adb: MOV Reg ECX, Address (SizeDir 32 (AddrPlus (FromReg RBP) (AddrImm 0))) 3
12ade: MOV Reg R8, Reg RAX 3
12ae1: LEA Reg RDX, Address (AddrPlus (FromReg RIP) (AddrImm 77272)) 7
12ae8: JMP 12a32 (resolved immediate)
  |
  `- 12a32
12aed: CALL __errno_location (external)
12af2: MOV Reg R12D, Address (SizeDir 32 (FromReg RAX)) 3
12af5: MOV Reg RBP, Reg RAX 3
12af8: MOV Reg RDI, Reg RBX 3
12afb: MOV Reg ESI, Reg R12D 3
12afe: CALL xc_strerror (external)
12b03: MOV Reg R8D, Address (SizeDir 32 (AddrPlus (FromReg RBP) (AddrImm 0))) 4
12b07: MOV Reg RCX, Address (SizeDir 64 (AddrPlus (FromReg RSP) (AddrImm 64))) 5
12b0c: LEA Reg RDX, Address (AddrPlus (FromReg RIP) (AddrImm 77301)) 7
12b13: MOV Reg R9, Reg RAX 3
12b16: MOV Reg ESI, Immediate 1 5
12b1b: MOV Reg RDI, Reg RBX 3
12b1e: XOR Reg EAX, Reg EAX 2
12b20: CALL xc_report_error (external)
12b25: MOV Address (SizeDir 32 (AddrPlus (FromReg RBP) (AddrImm 0))), Reg R12D 4
12b29: MOV Address (SizeDir 32 (FromReg RSP)), Immediate 4294967295 7
12b30: JMP 12944 (resolved immediate)
  |
  `- 12944
12b35: CALL __errno_location (external)
12b3a: MOV Address (SizeDir 32 (FromReg RSP)), Immediate 4294967295 7
12b41: MOV Address (SizeDir 32 (FromReg RAX)), Immediate 14 6
12b47: JMP 12944 (resolved immediate)
  |
  `- 12944
12b4c: CALL __stack_chk_fail (external)
  |
  `- 
