Number of assembly instructions     = 82
Number of indirect branches         = 0
Number of unresolved indirect jumps = 0: 
Number of unresolved indirect calls = 0: 
Number of symbolic states (representative of non-determinism): 82
Number of edges: 84

20e30 (False): 0

20e30: PUSH Reg R13 2
20e32: PUSH Reg R12 2
20e34: XOR Reg EDX, Immediate 1 3
20e37: PUSH Reg RBP 1
20e38: PUSH Reg RBX 1
20e39: MOVZX Reg EDX, Reg DL 3
20e3c: MOV Reg RBX, Reg RDI 3
20e3f: SUB Reg RSP, Immediate 216 7
20e46: MOV Reg RAX, Address (SizeDir 64 (AddrPlus (FromReg FS) (AddrImm 40))) 9
20e4f: MOV Address (SizeDir 64 (AddrPlus (FromReg RSP) (AddrImm 200))), Reg RAX 8
20e57: XOR Reg EAX, Reg EAX 2
20e59: LEA Reg RAX, Address (SizeDir 64 (AddrPlus (FromReg RSP) (AddrImm 48))) 5
20e5e: MOV Reg RBP, Reg RSP 3
20e61: MOV Address (SizeDir 16 (AddrPlus (FromReg RSP) (AddrImm 56))), Reg SI 5
20e66: MOV Reg RSI, Reg RBP 3
20e69: MOV Address (SizeDir 32 (AddrPlus (FromReg RSP) (AddrImm 64))), Reg EDX 4
20e6d: MOV Address (SizeDir 32 (AddrPlus (FromReg RSP) (AddrImm 68))), Immediate 9 8
20e75: MOV Address (SizeDir 64 (AddrPlus (FromReg RSP) (AddrImm 24))), Reg RAX 5
20e7a: MOVABS Reg RAX, Immediate 73014444109 10
20e84: MOV Address (SizeDir 64 (FromReg RSP)), Immediate 0 8
20e8c: MOV Address (SizeDir 64 (AddrPlus (FromReg RSP) (AddrImm 8))), Immediate 0 9
20e95: MOV Address (SizeDir 32 (AddrPlus (FromReg RSP) (AddrImm 16))), Immediate 3 8
20e9d: MOV Address (SizeDir 64 (AddrPlus (FromReg RSP) (AddrImm 32))), Immediate 144 9
20ea6: MOV Address (SizeDir 64 (AddrPlus (FromReg RSP) (AddrImm 48))), Reg RAX 5
20eab: CALL xc__hypercall_bounce_pre (external)
20eb0: TEST Reg EAX, Reg EAX 2
20eb2: JNE 20f4e (resolved immediate)
  |
  `- 20eb8,20f4e
20eb8: MOV Reg RAX, Address (SizeDir 64 (AddrPlus (FromReg RSP) (AddrImm 8))) 5
20ebd: MOV Reg RDI, Address (SizeDir 64 (AddrPlus (FromReg RBX) (AddrImm 1088))) 7
20ec4: MOV Reg ESI, Immediate 36 5
20ec9: TEST Reg RAX, Reg RAX 3
20ecc: CMOVE Reg RAX, Reg RBP 4
20ed0: MOV Reg RDX, Address (SizeDir 64 (FromReg RAX)) 3
20ed3: CALL xencall1 (external)
20ed8: TEST Reg EAX, Reg EAX 2
20eda: MOV Reg R12D, Reg EAX 3
20edd: JNS 20eec (resolved immediate)
  |
  `- 20edf,20eec
20edf: CALL __errno_location (external)
20ee4: CMP Address (SizeDir 32 (FromReg RAX)), Immediate 13 3
20ee7: MOV Reg R13, Reg RAX 3
20eea: JE 20f28 (resolved immediate)
  |
  `- 20eec,20f28
20eec: MOV Reg RSI, Address (SizeDir 64 (AddrPlus (FromReg RSP) (AddrImm 8))) 5
20ef1: MOV Reg RDI, Reg RBX 3
20ef4: TEST Reg RSI, Reg RSI 3
20ef7: CMOVE Reg RSI, Reg RBP 4
20efb: CALL xc__hypercall_bounce_post (external)
20f00: MOV Reg RCX, Address (SizeDir 64 (AddrPlus (FromReg RSP) (AddrImm 200))) 8
20f08: XOR Reg RCX, Address (SizeDir 64 (AddrPlus (FromReg FS) (AddrImm 40))) 9
20f11: MOV Reg EAX, Reg R12D 3
20f14: JNE 20f8f (resolved immediate)
  |
  `- 20f16,20f8f
20f16: ADD Reg RSP, Immediate 216 7
20f1d: POP Reg RBX 1
20f1e: POP Reg RBP 1
20f1f: POP Reg R12 2
20f21: POP Reg R13 2
20f23: RET  1
  |
  `- 
20f28: MOV Reg RSI, Address (SizeDir 64 (AddrPlus (FromReg RBX) (AddrImm 8))) 4
20f2c: LEA Reg R8, Address (SizeDir 64 (AddrPlus (FromReg RIP) (AddrImm 17517))) 7
20f33: XOR Reg ECX, Reg ECX 2
20f35: MOV Reg EDX, Immediate 3 5
20f3a: MOV Reg RDI, Reg RBX 3
20f3d: XOR Reg EAX, Reg EAX 2
20f3f: CALL xc_report (external)
20f44: MOV Address (SizeDir 32 (FromReg R13)), Immediate 13 8
20f4c: JMP 20eec (resolved immediate)
  |
  `- 20eec
20f4e: CALL __errno_location (external)
20f53: MOV Reg R12D, Address (SizeDir 32 (FromReg RAX)) 3
20f56: MOV Reg RBP, Reg RAX 3
20f59: MOV Reg RDI, Reg RBX 3
20f5c: MOV Reg ESI, Reg R12D 3
20f5f: CALL xc_strerror (external)
20f64: MOV Reg ECX, Address (SizeDir 32 (FromReg RBP)) 3
20f67: LEA Reg RDX, Address (SizeDir 64 (AddrPlus (FromReg RIP) (AddrImm 17402))) 7
20f6e: MOV Reg R8, Reg RAX 3
20f71: MOV Reg ESI, Immediate 1 5
20f76: MOV Reg RDI, Reg RBX 3
20f79: XOR Reg EAX, Reg EAX 2
20f7b: CALL xc_report_error (external)
20f80: MOV Address (SizeDir 32 (FromReg RBP)), Reg R12D 4
20f84: MOV Reg R12D, Immediate 4294967295 6
20f8a: JMP 20f00 (resolved immediate)
  |
  `- 20f00
20f8f: CALL __stack_chk_fail (external)
  |
  `- 
