Number of assembly instructions     = 52
Number of indirect branches         = 0
Number of unresolved indirect jumps = 0: 
Number of unresolved indirect calls = 0: 
Number of symbolic states (representative of non-determinism): 52
Number of edges: 52

19a40 (False): 0

19a40: PUSH Reg R13 2
19a42: PUSH Reg R12 2
19a44: XOR Reg ECX, Reg ECX 2
19a46: PUSH Reg RBP 1
19a47: PUSH Reg RBX 1
19a48: MOV Reg RBP, Reg RDX 3
19a4b: MOV Reg RBX, Reg RDI 3
19a4e: MOV Reg R12D, Reg ESI 3
19a51: SUB Reg RSP, Immediate 40 4
19a55: LEA Reg R8, Address (SizeDir 64 (AddrPlus (FromReg RSP) (AddrImm 8))) 5
19a5a: MOV Address (SizeDir 64 (AddrPlus (FromReg RSP) (AddrImm 8))), Reg RDX 5
19a5f: MOV Reg EDX, Immediate 1 5
19a64: MOV Reg RAX, Address (SizeDir 64 (AddrPlus (FromReg FS) (AddrImm 40))) 9
19a6d: MOV Address (SizeDir 64 (AddrPlus (FromReg RSP) (AddrImm 24))), Reg RAX 5
19a72: XOR Reg EAX, Reg EAX 2
19a74: CALL xc_domain_decrease_reservation_exact (external)
19a79: TEST Reg EAX, Reg EAX 2
19a7b: JNE 19ac0 (resolved immediate)
  |
  `- 19a7d,19ac0
19a7d: LEA Reg R9, Address (SizeDir 64 (AddrPlus (FromReg RSP) (AddrImm 16))) 5
19a82: XOR Reg ECX, Reg ECX 2
19a84: MOV Reg R8D, Immediate 32 6
19a8a: MOV Reg EDX, Immediate 1 5
19a8f: MOV Reg ESI, Reg R12D 3
19a92: MOV Reg RDI, Reg RBX 3
19a95: CALL xc_domain_increase_reservation_exact (external)
19a9a: TEST Reg EAX, Reg EAX 2
19a9c: JNE 19af8 (resolved immediate)
19a9e: MOV Reg RAX, Address (SizeDir 64 (AddrPlus (FromReg RSP) (AddrImm 16))) 5
19aa3: MOV Reg RCX, Address (SizeDir 64 (AddrPlus (FromReg RSP) (AddrImm 24))) 5
19aa8: XOR Reg RCX, Address (SizeDir 64 (AddrPlus (FromReg FS) (AddrImm 40))) 9
19ab1: JNE 19b13 (resolved immediate)
  |
  `- 19ab3,19b13
19ab3: ADD Reg RSP, Immediate 40 4
19ab7: POP Reg RBX 1
19ab8: POP Reg RBP 1
19ab9: POP Reg R12 2
19abb: POP Reg R13 2
19abd: RET  1
  |
  `- 
19ac0: CALL __errno_location (external)
19ac5: MOV Reg RSI, Address (SizeDir 64 (AddrPlus (FromReg RBX) (AddrImm 8))) 4
19ac9: MOV Reg R13D, Address (SizeDir 32 (FromReg RAX)) 3
19acc: LEA Reg R8, Address (SizeDir 64 (AddrPlus (FromReg RIP) (AddrImm 50197))) 7
19ad3: MOV Reg R12, Reg RAX 3
19ad6: MOV Reg R9, Reg RBP 3
19ad9: XOR Reg EAX, Reg EAX 2
19adb: XOR Reg ECX, Reg ECX 2
19add: MOV Reg EDX, Immediate 3 5
19ae2: MOV Reg RDI, Reg RBX 3
19ae5: CALL xc_report (external)
19aea: MOV Address (SizeDir 32 (FromReg R12)), Reg R13D 4
19aee: XOR Reg EAX, Reg EAX 2
19af0: JMP 19aa3 (resolved immediate)
  |
  `- 19aa3
19b13: CALL __stack_chk_fail (external)
  |
  `- 
