Number of assembly instructions     = 17
Number of indirect branches         = 0
Number of unresolved indirect jumps = 0: 
Number of unresolved indirect calls = 0: 
Number of symbolic states (representative of non-determinism): 17
Number of edges: 17

247e0 (False): 0

247e0: SUB Reg RSP, Immediate 24 4
247e4: MOV Reg RDI, Reg RSP 3
247e7: MOV Reg RAX, Address (SizeDir 64 (AddrPlus (FromReg FS) (AddrImm 40))) 9
247f0: MOV Address (SizeDir 64 (AddrPlus (FromReg RSP) (AddrImm 8))), Reg RAX 5
247f5: XOR Reg EAX, Reg EAX 2
247f7: CALL posix_memalign (external)
247fc: TEST Reg EAX, Reg EAX 2
247fe: MOV Reg RDX, Address (SizeDir 64 (FromReg RSP)) 4
24802: JE 24806 (resolved immediate)
  |
  `- 24804,24806
24804: XOR Reg EDX, Reg EDX 2
24806: MOV Reg RCX, Address (SizeDir 64 (AddrPlus (FromReg RSP) (AddrImm 8))) 5
2480b: XOR Reg RCX, Address (SizeDir 64 (AddrPlus (FromReg FS) (AddrImm 40))) 9
24814: MOV Reg RAX, Reg RDX 3
24817: JNE 2481e (resolved immediate)
  |
  `- 24819,2481e
24819: ADD Reg RSP, Immediate 24 4
2481d: RET  1
  |
  `- 
2481e: CALL __stack_chk_fail (external)
  |
  `- 
