Number of assembly instructions     = 24
Number of indirect branches         = 0
Number of unresolved indirect jumps = 0: 
Number of unresolved indirect calls = 0: 
Number of symbolic states (representative of non-determinism): 24
Number of edges: 23

21ab0 (False): 0

219c0: SUB Reg RSP, Immediate 40 4
219c4: MOV Reg RAX, Address (SizeDir 64 (AddrPlus (FromReg FS) (AddrImm 40))) 9
219cd: MOV Address (SizeDir 64 (AddrPlus (FromReg RSP) (AddrImm 24))), Reg RAX 5
219d2: XOR Reg EAX, Reg EAX 2
219d4: MOV Reg RAX, Reg RSP 3
219d7: MOV Address (SizeDir 64 (FromReg RSP)), Immediate 0 8
219df: MOV Address (SizeDir 64 (AddrPlus (FromReg RSP) (AddrImm 16))), Reg RCX 5
219e4: MOV Address (SizeDir 8 (FromReg RSP)), Reg DL 3
219e7: MOV Address (SizeDir 16 (AddrPlus (FromReg RSP) (AddrImm 2))), Reg SI 5
219ec: MOV Reg RDX, Reg RAX 3
219ef: MOV Reg ECX, Immediate 24 5
219f4: MOV Reg ESI, Immediate 20 5
219f9: MOV Address (SizeDir 64 (AddrPlus (FromReg RSP) (AddrImm 8))), Reg R8 5
219fe: CALL do_memory_op (external)
21a03: MOV Reg RDX, Address (SizeDir 64 (AddrPlus (FromReg RSP) (AddrImm 24))) 5
21a08: XOR Reg RDX, Address (SizeDir 64 (AddrPlus (FromReg FS) (AddrImm 40))) 9
21a11: JNZ 21a18 (resolved immediate)
  |
  `- 21a13,21a18
21a13: ADD Reg RSP, Immediate 40 4
21a17: RET  1
  |
  `- 
21a18: CALL __stack_chk_fail (external)
  |
  `- 
21ab0: MOV Reg RCX, Reg RDX 3
21ab3: XOR Reg R8D, Reg R8D 3
21ab6: MOV Reg EDX, Immediate 1 5
21abb: JMP 219c0 (resolved immediate)
  |
  `- 219c0
