Number of assembly instructions     = 24
Number of indirect branches         = 0
Number of unresolved indirect jumps = 0: 
Number of unresolved indirect calls = 0: 
Number of symbolic states (representative of non-determinism): 24
Number of edges: 23

22190 (False): 0

22190: PXOR Reg XMM0, Reg XMM0 4
22194: SUB Reg RSP, Immediate 72 4
22198: MOV Reg RAX, Address (SizeDir 64 (AddrPlus (FromReg FS) (AddrImm 40))) 9
221a1: MOV Address (SizeDir 64 (AddrPlus (FromReg RSP) (AddrImm 56))), Reg RAX 5
221a6: XOR Reg EAX, Reg EAX 2
221a8: MOV Reg RAX, Reg RSP 3
221ab: MOV Address (SizeDir 64 (AddrPlus (FromReg RSP) (AddrImm 16))), Reg RCX 5
221b0: MOV Reg ECX, Immediate 48 5
221b5: MOVAPS Address (SizeDir 128 (FromReg RSP)), Reg XMM0 4
221b9: MOV Address (SizeDir 64 (AddrPlus (FromReg RSP) (AddrImm 8))), Reg RDX 5
221be: MOV Address (SizeDir 16 (AddrPlus (FromReg RSP) (AddrImm 2))), Reg SI 5
221c3: MOV Reg RDX, Reg RAX 3
221c6: MOV Reg ESI, Immediate 22 5
221cb: MOVAPS Address (SizeDir 128 (AddrPlus (FromReg RSP) (AddrImm 32))), Reg XMM0 5
221d0: MOV Address (SizeDir 8 (FromReg RSP)), Immediate 6 4
221d4: MOV Address (SizeDir 16 (AddrPlus (FromReg RSP) (AddrImm 40))), Reg R8W 6
221da: MOV Address (SizeDir 64 (AddrPlus (FromReg RSP) (AddrImm 24))), Reg R9 5
221df: CALL do_memory_op (external)
221e4: MOV Reg RDX, Address (SizeDir 64 (AddrPlus (FromReg RSP) (AddrImm 56))) 5
221e9: XOR Reg RDX, Address (SizeDir 64 (AddrPlus (FromReg FS) (AddrImm 40))) 9
221f2: JNZ 221f9 (resolved immediate)
  |
  `- 221f4,221f9
221f4: ADD Reg RSP, Immediate 72 4
221f8: RET  1
  |
  `- 
221f9: CALL __stack_chk_fail (external)
  |
  `- 
