Number of assembly instructions     = 22
Number of indirect branches         = 0
Number of unresolved indirect jumps = 0: 
Number of unresolved indirect calls = 0: 
Number of symbolic states (representative of non-determinism): 22
Number of edges: 21

22300 (False): 0

22300: PXOR Reg XMM0, Reg XMM0 4
22304: SUB Reg RSP, Immediate 72 4
22308: MOV Reg RAX, Address (SizeDir 64 (AddrPlus (FromReg FS) (AddrImm 40))) 9
22311: MOV Address (SizeDir 64 (AddrPlus (FromReg RSP) (AddrImm 56))), Reg RAX 5
22316: XOR Reg EAX, Reg EAX 2
22318: MOV Reg RAX, Reg RSP 3
2231b: MOV Reg ECX, Immediate 48 5
22320: MOVAPS Address (SizeDir 128 (FromReg RSP)), Reg XMM0 4
22324: MOV Address (SizeDir 32 (AddrPlus (FromReg RSP) (AddrImm 8))), Reg EDX 4
22328: MOV Address (SizeDir 16 (AddrPlus (FromReg RSP) (AddrImm 2))), Reg SI 5
2232d: MOV Reg RDX, Reg RAX 3
22330: MOV Reg ESI, Immediate 22 5
22335: MOVAPS Address (SizeDir 128 (AddrPlus (FromReg RSP) (AddrImm 16))), Reg XMM0 5
2233a: MOV Address (SizeDir 8 (FromReg RSP)), Immediate 5 4
2233e: MOVAPS Address (SizeDir 128 (AddrPlus (FromReg RSP) (AddrImm 32))), Reg XMM0 5
22343: CALL do_memory_op (external)
22348: MOV Reg RCX, Address (SizeDir 64 (AddrPlus (FromReg RSP) (AddrImm 56))) 5
2234d: XOR Reg RCX, Address (SizeDir 64 (AddrPlus (FromReg FS) (AddrImm 40))) 9
22356: JNZ 2235d (resolved immediate)
  |
  `- 22358,2235d
22358: ADD Reg RSP, Immediate 72 4
2235c: RET  1
  |
  `- 
2235d: CALL __stack_chk_fail (external)
  |
  `- 
