Number of assembly instructions     = 66
Number of indirect branches         = 0
Number of unresolved indirect jumps = 0: 
Number of unresolved indirect calls = 0: 
Number of symbolic states (representative of non-determinism): 66
Number of edges: 66

1a140 (False): 0

1a140: PUSH Reg R13 2
1a142: PUSH Reg R12 2
1a144: MOV Reg R12D, Reg ECX 3
1a147: PUSH Reg RBP 1
1a148: PUSH Reg RBX 1
1a149: MOV Reg EBX, Reg EDX 2
1a14b: MOV Reg RBP, Reg RDI 3
1a14e: SUB Reg RSP, Immediate 56 4
1a152: MOV Reg RAX, Address (SizeDir 64 (AddrPlus (FromReg FS) (AddrImm 40))) 9
1a15b: MOV Address (SizeDir 64 (AddrPlus (FromReg RSP) (AddrImm 40))), Reg RAX 5
1a160: XOR Reg EAX, Reg EAX 2
1a162: LEA Reg RAX, Address (SizeDir 64 (AddrPlus (FromReg RBX) (AddrTimes (AddrImm 2) (FromReg RBX)))) 4
1a166: MOV Reg R13, Reg RSP 3
1a169: MOV Address (SizeDir 64 (AddrPlus (FromReg RSP) (AddrImm 24))), Reg RSI 5
1a16e: MOV Reg RSI, Reg R13 3
1a171: MOV Address (SizeDir 64 (FromReg RSP)), Immediate 0 8
1a179: MOV Address (SizeDir 64 (AddrPlus (FromReg RSP) (AddrImm 8))), Immediate 0 9
1a182: SHL Reg RAX, Immediate 3 4
1a186: MOV Address (SizeDir 32 (AddrPlus (FromReg RSP) (AddrImm 16))), Immediate 3 8
1a18e: MOV Address (SizeDir 64 (AddrPlus (FromReg RSP) (AddrImm 32))), Reg RAX 5
1a193: CALL xc__hypercall_bounce_pre (external)
1a198: TEST Reg EAX, Reg EAX 2
1a19a: JNE 1a200 (resolved immediate)
  |
  `- 1a19c,1a200
1a19c: MOV Reg RAX, Address (SizeDir 64 (AddrPlus (FromReg RSP) (AddrImm 8))) 5
1a1a1: MOV Reg RDI, Address (SizeDir 64 (AddrPlus (FromReg RBP) (AddrImm 1088))) 7
1a1a8: MOV Reg RCX, Reg RBX 3
1a1ab: MOV Reg ESI, Immediate 26 5
1a1b0: MOV Reg R9D, Reg R12D 3
1a1b3: TEST Reg RAX, Reg RAX 3
1a1b6: CMOVE Reg RAX, Reg R13 4
1a1ba: XOR Reg R8D, Reg R8D 3
1a1bd: MOV Reg RDX, Address (SizeDir 64 (FromReg RAX)) 3
1a1c0: CALL xencall4 (external)
1a1c5: MOV Reg RSI, Address (SizeDir 64 (AddrPlus (FromReg RSP) (AddrImm 8))) 5
1a1ca: MOV Reg RDI, Reg RBP 3
1a1cd: MOV Reg EBX, Reg EAX 2
1a1cf: TEST Reg RSI, Reg RSI 3
1a1d2: CMOVE Reg RSI, Reg R13 4
1a1d6: CALL xc__hypercall_bounce_post (external)
1a1db: MOV Reg RCX, Address (SizeDir 64 (AddrPlus (FromReg RSP) (AddrImm 40))) 5
1a1e0: XOR Reg RCX, Address (SizeDir 64 (AddrPlus (FromReg FS) (AddrImm 40))) 9
1a1e9: MOV Reg EAX, Reg EBX 2
1a1eb: JNE 1a23b (resolved immediate)
  |
  `- 1a1ed,1a23b
1a1ed: ADD Reg RSP, Immediate 56 4
1a1f1: POP Reg RBX 1
1a1f2: POP Reg RBP 1
1a1f3: POP Reg R12 2
1a1f5: POP Reg R13 2
1a1f7: RET  1
  |
  `- 
1a200: CALL __errno_location (external)
1a205: MOV Reg R12D, Address (SizeDir 32 (FromReg RAX)) 3
1a208: MOV Reg RBX, Reg RAX 3
1a20b: MOV Reg RDI, Reg RBP 3
1a20e: MOV Reg ESI, Reg R12D 3
1a211: CALL xc_strerror (external)
1a216: MOV Reg ECX, Address (SizeDir 32 (FromReg RBX)) 2
1a218: LEA Reg RDX, Address (SizeDir 64 (AddrPlus (FromReg RIP) (AddrImm 48641))) 7
1a21f: MOV Reg R8, Reg RAX 3
1a222: MOV Reg ESI, Immediate 1 5
1a227: MOV Reg RDI, Reg RBP 3
1a22a: XOR Reg EAX, Reg EAX 2
1a22c: CALL xc_report_error (external)
1a231: MOV Address (SizeDir 32 (FromReg RBX)), Reg R12D 3
1a234: MOV Reg EBX, Immediate 4294967295 5
1a239: JMP 1a1db (resolved immediate)
  |
  `- 1a1db
1a23b: CALL __stack_chk_fail (external)
  |
  `- 
