Number of assembly instructions     = 149
Number of indirect branches         = 0
Number of unresolved indirect jumps = 0: 
Number of unresolved indirect calls = 0: 
Number of symbolic states (representative of non-determinism): 149
Number of edges: 154

15c40 (False): 0

15c40: PUSH Reg R14 2
15c42: PUSH Reg R13 2
15c44: PUSH Reg R12 2
15c46: PUSH Reg RBP 1
15c47: MOV Reg R12, Reg RSI 3
15c4a: PUSH Reg RBX 1
15c4b: MOV Reg RBX, Reg RDI 3
15c4e: SUB Reg RSP, Immediate 288 7
15c55: MOV Address (SizeDir 64 (AddrPlus (FromReg RSP) (AddrImm 24))), Reg RDX 5
15c5a: MOV Reg EDX, Address (SizeDir 32 (FromReg RSI)) 2
15c5c: MOV Reg R13, Reg RSP 3
15c5f: MOV Reg RAX, Address (SizeDir 64 (AddrPlus (FromReg FS) (AddrImm 40))) 9
15c68: MOV Address (SizeDir 64 (AddrPlus (FromReg RSP) (AddrImm 280))), Reg RAX 8
15c70: XOR Reg EAX, Reg EAX 2
15c72: MOV Reg RSI, Reg R13 3
15c75: MOV Address (SizeDir 64 (FromReg RSP)), Immediate 0 8
15c7d: MOV Address (SizeDir 64 (AddrPlus (FromReg RSP) (AddrImm 8))), Immediate 0 9
15c86: MOV Address (SizeDir 32 (AddrPlus (FromReg RSP) (AddrImm 16))), Immediate 2 8
15c8e: MOV Address (SizeDir 64 (AddrPlus (FromReg RSP) (AddrImm 48))), Immediate 0 9
15c97: MOV Reg RAX, Reg RDX 3
15c9a: SHL Reg RDX, Immediate 4 4
15c9e: MOV Address (SizeDir 64 (AddrPlus (FromReg RSP) (AddrImm 56))), Immediate 0 9
15ca7: IMUL Reg EAX, Reg EAX 3
15caa: MOV Address (SizeDir 64 (AddrPlus (FromReg RSP) (AddrImm 32))), Reg RDX 5
15caf: MOV Address (SizeDir 32 (AddrPlus (FromReg RSP) (AddrImm 64))), Immediate 2 8
15cb7: MOV Address (SizeDir 64 (AddrPlus (FromReg RSP) (AddrImm 72))), Reg RCX 5
15cbc: SHL Reg RAX, Immediate 2 4
15cc0: MOV Address (SizeDir 64 (AddrPlus (FromReg RSP) (AddrImm 80))), Reg RAX 5
15cc5: CALL xc__hypercall_bounce_pre (external)
15cca: TEST Reg EAX, Reg EAX 2
15ccc: MOV Reg EBP, Reg EAX 2
15cce: JNZ 15cef (resolved immediate)
  |
  `- 15cd0,15cef
15cd0: MOV Reg RSI, Address (SizeDir 64 (AddrPlus (FromReg RSP) (AddrImm 56))) 5
15cd5: LEA Reg R14, Address (AddrPlus (FromReg RSP) (AddrImm 48)) 5
15cda: MOV Reg RDI, Reg RBX 3
15cdd: TEST Reg RSI, Reg RSI 3
15ce0: CMOVZ Reg RSI, Reg R14 4
15ce4: CALL xc__hypercall_bounce_pre (external)
15ce9: TEST Reg EAX, Reg EAX 2
15ceb: MOV Reg EBP, Reg EAX 2
15ced: JZ 15d48 (resolved immediate)
  |
  `- 15cef,15d48
15cef: MOV Reg RSI, Address (SizeDir 64 (AddrPlus (FromReg RSP) (AddrImm 8))) 5
15cf4: MOV Reg RDI, Reg RBX 3
15cf7: TEST Reg RSI, Reg RSI 3
15cfa: CMOVZ Reg RSI, Reg R13 4
15cfe: CALL xc__hypercall_bounce_post (external)
15d03: MOV Reg RSI, Address (SizeDir 64 (AddrPlus (FromReg RSP) (AddrImm 56))) 5
15d08: LEA Reg RAX, Address (AddrPlus (FromReg RSP) (AddrImm 48)) 5
15d0d: MOV Reg RDI, Reg RBX 3
15d10: TEST Reg RSI, Reg RSI 3
15d13: CMOVZ Reg RSI, Reg RAX 4
15d17: CALL xc__hypercall_bounce_post (external)
15d1c: MOV Reg RCX, Address (SizeDir 64 (AddrPlus (FromReg RSP) (AddrImm 280))) 8
15d24: XOR Reg RCX, Address (SizeDir 64 (AddrPlus (FromReg FS) (AddrImm 40))) 9
15d2d: MOV Reg EAX, Reg EBP 2
15d2f: JNZ 15ecb (resolved immediate)
  |
  `- 15d35,15ecb
15d35: ADD Reg RSP, Immediate 288 7
15d3c: POP Reg RBX 1
15d3d: POP Reg RBP 1
15d3e: POP Reg R12 2
15d40: POP Reg R13 2
15d42: POP Reg R14 2
15d44: RET  1
  |
  `- 
15d48: MOV Reg EAX, Address (SizeDir 32 (FromReg R12)) 4
15d4c: MOV Reg RDI, Reg RBX 3
15d4f: MOV Address (SizeDir 32 (AddrPlus (FromReg RSP) (AddrImm 152))), Reg EAX 7
15d56: MOV Reg RAX, Address (SizeDir 64 (AddrPlus (FromReg RSP) (AddrImm 8))) 5
15d5b: TEST Reg RAX, Reg RAX 3
15d5e: CMOVZ Reg RAX, Reg R13 4
15d62: MOV Reg RAX, Address (SizeDir 64 (FromReg RAX)) 3
15d65: MOV Address (SizeDir 64 (AddrPlus (FromReg RSP) (AddrImm 160))), Reg RAX 8
15d6d: MOV Reg RAX, Address (SizeDir 64 (AddrPlus (FromReg RSP) (AddrImm 56))) 5
15d72: TEST Reg RAX, Reg RAX 3
15d75: CMOVZ Reg RAX, Reg R14 4
15d79: LEA Reg R14, Address (AddrPlus (FromReg RSP) (AddrImm 96)) 5
15d7e: MOV Reg RAX, Address (SizeDir 64 (FromReg RAX)) 3
15d81: MOV Address (SizeDir 64 (AddrPlus (FromReg RSP) (AddrImm 96))), Immediate 0 9
15d8a: MOV Reg RSI, Reg R14 3
15d8d: MOV Address (SizeDir 64 (AddrPlus (FromReg RSP) (AddrImm 104))), Immediate 0 9
15d96: MOV Address (SizeDir 32 (AddrPlus (FromReg RSP) (AddrImm 112))), Immediate 3 8
15d9e: MOV Address (SizeDir 64 (AddrPlus (FromReg RSP) (AddrImm 128))), Immediate 136 12
15daa: MOV Address (SizeDir 64 (AddrPlus (FromReg RSP) (AddrImm 168))), Reg RAX 8
15db2: LEA Reg RAX, Address (AddrPlus (FromReg RSP) (AddrImm 144)) 8
15dba: MOV Address (SizeDir 64 (AddrPlus (FromReg RSP) (AddrImm 120))), Reg RAX 5
15dbf: MOV Reg RAX, Immediate 77309411345 10
15dc9: MOV Address (SizeDir 64 (AddrPlus (FromReg RSP) (AddrImm 144))), Reg RAX 8
15dd1: CALL xc__hypercall_bounce_pre (external)
15dd6: TEST Reg EAX, Reg EAX 2
15dd8: JNZ 15e8b (resolved immediate)
  |
  `- 15dde,15e8b
15dde: MOV Reg RAX, Address (SizeDir 64 (AddrPlus (FromReg RSP) (AddrImm 104))) 5
15de3: MOV Reg RDI, Address (SizeDir 64 (AddrPlus (FromReg RBX) (AddrImm 1088))) 7
15dea: MOV Reg ESI, Immediate 35 5
15def: TEST Reg RAX, Reg RAX 3
15df2: CMOVZ Reg RAX, Reg R14 4
15df6: MOV Reg RDX, Address (SizeDir 64 (FromReg RAX)) 3
15df9: CALL xencall1 (external)
15dfe: TEST Reg EAX, Reg EAX 2
15e00: MOV Reg EBP, Reg EAX 2
15e02: JS 15e30 (resolved immediate)
  |
  `- 15e04,15e30
15e04: MOV Reg RSI, Address (SizeDir 64 (AddrPlus (FromReg RSP) (AddrImm 104))) 5
15e09: MOV Reg RDI, Reg RBX 3
15e0c: TEST Reg RSI, Reg RSI 3
15e0f: CMOVZ Reg RSI, Reg R14 4
15e13: CALL xc__hypercall_bounce_post (external)
15e18: TEST Reg EBP, Reg EBP 2
15e1a: JNZ 15cef (resolved immediate)
  |
  `- 15cef,15e20
15e20: MOV Reg EAX, Address (SizeDir 32 (AddrPlus (FromReg RSP) (AddrImm 152))) 7
15e27: MOV Address (SizeDir 32 (FromReg R12)), Reg EAX 4
15e2b: JMP 15cef (resolved immediate)
  |
  `- 15cef
15e30: CALL __errno_location (external)
15e35: CMP Address (SizeDir 32 (FromReg RAX)), Immediate 13 3
15e38: MOV Reg R12, Reg RAX 3
15e3b: JZ 15e58 (resolved immediate)
  |
  `- 15e3d,15e58
15e3d: MOV Reg RSI, Address (SizeDir 64 (AddrPlus (FromReg RSP) (AddrImm 104))) 5
15e42: TEST Reg RSI, Reg RSI 3
15e45: JZ 15e86 (resolved immediate)
  |
  `- 15e86
15e47: MOV Reg RDI, Reg RBX 3
15e4a: CALL xc__hypercall_bounce_post (external)
15e4f: JMP 15cef (resolved immediate)
  |
  `- 15cef
15e58: MOV Reg RSI, Address (SizeDir 64 (AddrPlus (FromReg RBX) (AddrImm 8))) 4
15e5c: LEA Reg R8, Address (AddrPlus (FromReg RIP) (AddrImm 62389)) 7
15e63: XOR Reg ECX, Reg ECX 2
15e65: XOR Reg EAX, Reg EAX 2
15e67: MOV Reg EDX, Immediate 3 5
15e6c: MOV Reg RDI, Reg RBX 3
15e6f: CALL xc_report (external)
15e74: MOV Reg RSI, Address (SizeDir 64 (AddrPlus (FromReg RSP) (AddrImm 104))) 5
15e79: MOV Address (SizeDir 32 (FromReg R12)), Immediate 13 8
15e81: TEST Reg RSI, Reg RSI 3
15e84: JNZ 15e47 (resolved immediate)
15e86: MOV Reg RSI, Reg R14 3
15e89: JMP 15e47 (resolved immediate)
  |
  `- 15e47
15e8b: CALL __errno_location (external)
15e90: MOV Reg R12D, Address (SizeDir 32 (FromReg RAX)) 3
15e93: MOV Reg RBP, Reg RAX 3
15e96: MOV Reg RDI, Reg RBX 3
15e99: MOV Reg ESI, Reg R12D 3
15e9c: CALL xc_strerror (external)
15ea1: MOV Reg ECX, Address (SizeDir 32 (AddrPlus (FromReg RBP) (AddrImm 0))) 3
15ea4: LEA Reg RDX, Address (AddrPlus (FromReg RIP) (AddrImm 62261)) 7
15eab: MOV Reg R8, Reg RAX 3
15eae: MOV Reg ESI, Immediate 1 5
15eb3: MOV Reg RDI, Reg RBX 3
15eb6: XOR Reg EAX, Reg EAX 2
15eb8: CALL xc_report_error (external)
15ebd: MOV Address (SizeDir 32 (AddrPlus (FromReg RBP) (AddrImm 0))), Reg R12D 4
15ec1: MOV Reg EBP, Immediate 4294967295 5
15ec6: JMP 15cef (resolved immediate)
  |
  `- 15cef
15ecb: CALL __stack_chk_fail (external)
  |
  `- 
