Number of assembly instructions     = 100
Number of indirect branches         = 0
Number of unresolved indirect jumps = 0: 
Number of unresolved indirect calls = 0: 
Number of symbolic states (representative of non-determinism): 103
Number of edges: 112

16870 (False): 0

16870: PUSH Reg R15 2
16872: PUSH Reg R14 2
16874: PUSH Reg R13 2
16876: PUSH Reg R12 2
16878: MOV Reg R12, Reg RSI 3
1687b: PUSH Reg RBP 1
1687c: PUSH Reg RBX 1
1687d: MOV Reg RBP, Reg RDX 3
16880: MOV Reg RBX, Reg RDI 3
16883: SUB Reg RSP, Immediate 200 7
1688a: MOV Reg RDX, Address (SizeDir 64 (AddrPlus (FromReg RIP) (AddrImm 2189135))) 7
16891: MOV Reg RAX, Address (SizeDir 64 (AddrPlus (FromReg FS) (AddrImm 40))) 9
1689a: MOV Address (SizeDir 64 (AddrPlus (FromReg RSP) (AddrImm 184))), Reg RAX 8
168a2: XOR Reg EAX, Reg EAX 2
168a4: MOV Address (SizeDir 32 (AddrPlus (FromReg RSP) (AddrImm 48))), Immediate 5 8
168ac: MOV Address (SizeDir 32 (AddrPlus (FromReg RSP) (AddrImm 56))), Immediate 2 8
168b4: MOV Reg R13, Reg RSP 3
168b7: MOV Reg RAX, Address (SizeDir 64 (AddrPlus (FromReg RDX) (AddrImm 8))) 4
168bb: MOV Reg RSI, Reg R13 3
168be: TEST Reg RAX, Reg RAX 3
168c1: CMOVZ Reg RAX, Reg RDX 4
168c5: MOV Reg RDX, Address (SizeDir 64 (FromReg RAX)) 3
168c8: MOV Address (SizeDir 64 (AddrPlus (FromReg RSP) (AddrImm 72))), Reg RDX 5
168cd: MOV Reg RAX, Address (SizeDir 64 (FromReg RAX)) 3
168d0: MOV Address (SizeDir 64 (FromReg RSP)), Immediate 0 8
168d8: MOV Address (SizeDir 64 (AddrPlus (FromReg RSP) (AddrImm 8))), Immediate 0 9
168e1: MOV Address (SizeDir 32 (AddrPlus (FromReg RSP) (AddrImm 16))), Immediate 3 8
168e9: MOV Address (SizeDir 64 (AddrPlus (FromReg RSP) (AddrImm 32))), Immediate 136 9
168f2: MOV Address (SizeDir 64 (AddrPlus (FromReg RSP) (AddrImm 80))), Reg RAX 5
168f7: LEA Reg RAX, Address (AddrPlus (FromReg RSP) (AddrImm 48)) 5
168fc: MOV Address (SizeDir 32 (AddrPlus (FromReg RSP) (AddrImm 52))), Immediate 18 8
16904: MOV Address (SizeDir 64 (AddrPlus (FromReg RSP) (AddrImm 24))), Reg RAX 5
16909: CALL xc__hypercall_bounce_pre (external)
1690e: TEST Reg EAX, Reg EAX 2
16910: JNZ 169d5 (resolved immediate)
  |
  `- 16916,169d5
16916: MOV Reg RAX, Address (SizeDir 64 (AddrPlus (FromReg RSP) (AddrImm 8))) 5
1691b: MOV Reg RDI, Address (SizeDir 64 (AddrPlus (FromReg RBX) (AddrImm 1088))) 7
16922: MOV Reg ESI, Immediate 35 5
16927: TEST Reg RAX, Reg RAX 3
1692a: CMOVZ Reg RAX, Reg R13 4
1692e: MOV Reg RDX, Address (SizeDir 64 (FromReg RAX)) 3
16931: CALL xencall1 (external)
16936: TEST Reg EAX, Reg EAX 2
16938: MOV Reg R14D, Reg EAX 3
1693b: JS 169a0 (resolved immediate)
  |
  `- 1693d,169a0
1693d: MOV Reg RSI, Address (SizeDir 64 (AddrPlus (FromReg RSP) (AddrImm 8))) 5
16942: MOV Reg RDI, Reg RBX 3
16945: TEST Reg RSI, Reg RSI 3
16948: CMOVZ Reg RSI, Reg R13 4
1694c: CALL xc__hypercall_bounce_post (external)
16951: TEST Reg R12, Reg R12 3
16954: JZ 1695e (resolved immediate)
  |
  `- 16956,1695e
16956: MOV Reg EAX, Address (SizeDir 32 (AddrPlus (FromReg RSP) (AddrImm 60))) 4
1695a: MOV Address (SizeDir 32 (FromReg R12)), Reg EAX 4
1695e: TEST Reg RBP, Reg RBP 3
16961: JZ 1696a (resolved immediate)
  |
  `- 16963,1696a
16963: MOV Reg EAX, Address (SizeDir 32 (AddrPlus (FromReg RSP) (AddrImm 64))) 4
16967: MOV Address (SizeDir 32 (AddrPlus (FromReg RBP) (AddrImm 0))), Reg EAX 3
1696a: MOV Reg RCX, Address (SizeDir 64 (AddrPlus (FromReg RSP) (AddrImm 184))) 8
16972: XOR Reg RCX, Address (SizeDir 64 (AddrPlus (FromReg FS) (AddrImm 40))) 9
1697b: MOV Reg EAX, Reg R14D 3
1697e: JNZ 16a17 (resolved immediate)
  |
  `- 16984,16a17
16984: ADD Reg RSP, Immediate 200 7
1698b: POP Reg RBX 1
1698c: POP Reg RBP 1
1698d: POP Reg R12 2
1698f: POP Reg R13 2
16991: POP Reg R14 2
16993: POP Reg R15 2
16995: RET  1
  |
  `- 
169a0: CALL __errno_location (external)
169a5: CMP Address (SizeDir 32 (FromReg RAX)), Immediate 13 3
169a8: MOV Reg R15, Reg RAX 3
169ab: JNZ 1693d (resolved immediate)
  |
  `- 1693d,169ad
169ad: MOV Reg RSI, Address (SizeDir 64 (AddrPlus (FromReg RBX) (AddrImm 8))) 4
169b1: LEA Reg R8, Address (AddrPlus (FromReg RIP) (AddrImm 59488)) 7
169b8: XOR Reg ECX, Reg ECX 2
169ba: MOV Reg EDX, Immediate 3 5
169bf: MOV Reg RDI, Reg RBX 3
169c2: XOR Reg EAX, Reg EAX 2
169c4: CALL xc_report (external)
169c9: MOV Address (SizeDir 32 (FromReg R15)), Immediate 13 7
169d0: JMP 1693d (resolved immediate)
  |
  `- 1693d
169d5: CALL __errno_location (external)
169da: MOV Reg R14D, Address (SizeDir 32 (FromReg RAX)) 3
169dd: MOV Reg R13, Reg RAX 3
169e0: MOV Reg RDI, Reg RBX 3
169e3: MOV Reg ESI, Reg R14D 3
169e6: CALL xc_strerror (external)
169eb: MOV Reg ECX, Address (SizeDir 32 (AddrPlus (FromReg R13) (AddrImm 0))) 4
169ef: LEA Reg RDX, Address (AddrPlus (FromReg RIP) (AddrImm 59370)) 7
169f6: MOV Reg R8, Reg RAX 3
169f9: MOV Reg ESI, Immediate 1 5
169fe: MOV Reg RDI, Reg RBX 3
16a01: XOR Reg EAX, Reg EAX 2
16a03: CALL xc_report_error (external)
16a08: MOV Address (SizeDir 32 (AddrPlus (FromReg R13) (AddrImm 0))), Reg R14D 4
16a0c: MOV Reg R14D, Immediate 4294967295 6
16a12: JMP 16951 (resolved immediate)
  |
  `- 16951
16a17: CALL __stack_chk_fail (external)
  |
  `- 
