Number of assembly instructions     = 72
Number of indirect branches         = 0
Number of unresolved indirect jumps = 0: 
Number of unresolved indirect calls = 0: 
Number of symbolic states (representative of non-determinism): 72
Number of edges: 79

23b70 (False): 0

23b70: PUSH Reg R13 2
23b72: PUSH Reg R12 2
23b74: MOV Reg R12, Reg R9 3
23b77: PUSH Reg RBP 1
23b78: PUSH Reg RBX 1
23b79: MOV Reg RBP, Reg R8 3
23b7c: SUB Reg RSP, Immediate 120 4
23b80: MOV Reg RAX, Address (SizeDir 64 (AddrPlus (FromReg FS) (AddrImm 40))) 9
23b89: MOV Address (SizeDir 64 (AddrPlus (FromReg RSP) (AddrImm 104))), Reg RAX 5
23b8e: XOR Reg EAX, Reg EAX 2
23b90: CMP Reg ECX, Immediate 1 3
23b93: JE 23ca0 (resolved immediate)
  |
  `- 23b99,23ca0
23b99: JB 23c90 (resolved immediate)
  |
  `- 23b9f,23c90
23b9f: CMP Reg ECX, Immediate 2 3
23ba2: JNE 23c68 (resolved immediate)
  |
  `- 23ba8,23c68
23ba8: MOV Reg EAX, Immediate 3 5
23bad: SHL Reg RSI, Immediate 32 4
23bb1: MOV Address (SizeDir 64 (AddrPlus (FromReg RSP) (AddrImm 32))), Immediate 1 9
23bba: MOV Address (SizeDir 64 (AddrPlus (FromReg RSP) (AddrImm 40))), Immediate 3213 9
23bc3: OR Reg RSI, Reg RAX 3
23bc6: TEST Reg R12, Reg R12 3
23bc9: MOV Address (SizeDir 64 (AddrPlus (FromReg RSP) (AddrImm 56))), Immediate 0 9
23bd2: MOV Address (SizeDir 64 (AddrPlus (FromReg RSP) (AddrImm 48))), Reg RSI 5
23bd7: MOV Address (SizeDir 64 (AddrPlus (FromReg RSP) (AddrImm 64))), Immediate 3214 9
23be0: MOV Address (SizeDir 64 (AddrPlus (FromReg RSP) (AddrImm 72))), Immediate 0 9
23be9: JE 23cb0 (resolved immediate)
  |
  `- 23bef,23cb0
23bef: LEA Reg RAX, Address (SizeDir 64 (AddrPlus (FromReg RSP) (AddrImm 32))) 5
23bf4: MOV Address (SizeDir 64 (AddrPlus (FromReg RSP) (AddrImm 80))), Immediate 0 9
23bfd: MOV Address (SizeDir 64 (AddrPlus (FromReg RSP) (AddrImm 88))), Immediate 16 9
23c06: MOV Address (SizeDir 64 (AddrPlus (FromReg RSP) (AddrImm 96))), Immediate 0 9
23c0f: MOV Reg EBX, Immediate 3 5
23c14: LEA Reg R13, Address (SizeDir 64 (AddrPlus (FromReg RAX) (AddrImm 48))) 4
23c18: MOV Address (SizeDir 32 (AddrPlus (FromReg RSP) (AddrImm 8))), Reg EDX 4
23c1c: MOV Reg ESI, Immediate 1 5
23c21: MOV Reg RDX, Reg RSP 3
23c24: MOV Address (SizeDir 32 (AddrPlus (FromReg RSP) (AddrImm 12))), Reg EBX 4
23c28: MOV Address (SizeDir 64 (AddrPlus (FromReg RSP) (AddrImm 16))), Reg RAX 5
23c2d: CALL xc_resource_op (external)
23c32: TEST Reg EAX, Reg EAX 2
23c34: JS 23c6d (resolved immediate)
  |
  `- 23c36,23c6d
23c36: CMP Address (SizeDir 64 (FromReg RSP)), Reg RBX 4
23c3a: JNE 23c68 (resolved immediate)
  |
  `- 23c3c,23c68
23c3c: MOV Reg RAX, Address (SizeDir 64 (AddrPlus (FromReg RSP) (AddrImm 72))) 5
23c41: MOVABS Reg RDX, Immediate 13835058055282163712 10
23c4b: TEST Reg RAX, Reg RDX 3
23c4e: JNE 23c68 (resolved immediate)
  |
  `- 23c50,23c68
23c50: MOV Address (SizeDir 64 (FromReg RBP)), Reg RAX 4
23c54: XOR Reg EAX, Reg EAX 2
23c56: TEST Reg R13, Reg R13 3
23c59: JE 23c6d (resolved immediate)
  |
  `- 23c5b,23c6d
23c5b: MOV Reg RDX, Address (SizeDir 64 (AddrPlus (FromReg R13) (AddrImm 16))) 4
23c5f: MOV Address (SizeDir 64 (FromReg R12)), Reg RDX 4
23c63: JMP 23c6d (resolved immediate)
  |
  `- 23c6d
23c68: MOV Reg EAX, Immediate 4294967295 5
23c6d: MOV Reg RBX, Address (SizeDir 64 (AddrPlus (FromReg RSP) (AddrImm 104))) 5
23c72: XOR Reg RBX, Address (SizeDir 64 (AddrPlus (FromReg FS) (AddrImm 40))) 9
23c7b: JNE 23cc2 (resolved immediate)
  |
  `- 23c7d,23cc2
23c7d: ADD Reg RSP, Immediate 120 4
23c81: POP Reg RBX 1
23c82: POP Reg RBP 1
23c83: POP Reg R12 2
23c85: POP Reg R13 2
23c87: RET  1
  |
  `- 
23c90: MOV Reg EAX, Immediate 1 5
23c95: JMP 23bad (resolved immediate)
  |
  `- 23bad
23ca0: MOV Reg EAX, Immediate 2 5
23ca5: JMP 23bad (resolved immediate)
  |
  `- 23bad
23cb0: MOV Reg EBX, Immediate 2 5
23cb5: XOR Reg R13D, Reg R13D 3
23cb8: LEA Reg RAX, Address (SizeDir 64 (AddrPlus (FromReg RSP) (AddrImm 32))) 5
23cbd: JMP 23c18 (resolved immediate)
  |
  `- 23c18
23cc2: CALL __stack_chk_fail (external)
  |
  `- 
