Number of assembly instructions     = 111
Number of indirect branches         = 0
Number of unresolved indirect jumps = 0: 
Number of unresolved indirect calls = 0: 
Number of symbolic states (representative of non-determinism): 111
Number of edges: 115

190d0 (False): 0

190d0: PUSH Reg R13 2
190d2: PUSH Reg R12 2
190d4: PUSH Reg RBP 1
190d5: PUSH Reg RBX 1
190d6: SUB Reg RSP, Immediate 104 4
190da: MOV Reg RAX, Address (SizeDir 64 (AddrPlus (FromReg FS) (AddrImm 40))) 9
190e3: MOV Address (SizeDir 64 (AddrPlus (FromReg RSP) (AddrImm 88))), Reg RAX 5
190e8: XOR Reg EAX, Reg EAX 2
190ea: TEST Reg RCX, Reg RCX 3
190ed: JE 19260 (resolved immediate)
  |
  `- 190f3,19260
190f3: PXOR Reg XMM0, Reg XMM0 4
190f7: MOV Reg R13, Reg RCX 3
190fa: MOV Reg RAX, Reg RSP 3
190fd: LEA Reg RBP, Address (SizeDir 64 (AddrPlus (FromReg RSP) (AddrImm 48))) 5
19102: XOR Reg ECX, Reg ECX 2
19104: MOV Address (SizeDir 16 (FromReg RSP)), Reg SI 4
19108: MOV Reg RBX, Reg RDI 3
1910b: MOV Address (SizeDir 32 (AddrPlus (FromReg RSP) (AddrImm 20))), Reg R8D 5
19110: MOV Address (SizeDir 64 (AddrPlus (FromReg RSP) (AddrImm 48))), Immediate 0 9
19119: MOVUPS Address (SizeDir 128 (AddrPlus (FromReg RSP) (AddrImm 2))), Reg XMM0 5
1911e: MOV Address (SizeDir 32 (AddrPlus (FromReg RSP) (AddrImm 8))), Reg EDX 4
19122: MOV Reg EDX, Address (SizeDir 32 (FromReg R13)) 4
19126: MOV Reg RSI, Reg RBP 3
19129: MOV Address (SizeDir 32 (AddrPlus (FromReg RSP) (AddrImm 12))), Reg EDX 4
1912d: MOV Reg EDX, Address (SizeDir 32 (AddrPlus (FromReg RSP) (AddrImm 144))) 7
19134: MOV Address (SizeDir 32 (AddrPlus (FromReg RAX) (AddrImm 26))), Immediate 0 7
1913b: MOV Address (SizeDir 16 (AddrPlus (FromReg RAX) (AddrImm 30))), Reg CX 4
1913f: MOV Address (SizeDir 32 (AddrPlus (FromReg RSP) (AddrImm 16))), Reg R9D 5
19144: MOV Address (SizeDir 64 (AddrPlus (FromReg RSP) (AddrImm 56))), Immediate 0 9
1914d: MOV Address (SizeDir 32 (AddrPlus (FromReg RSP) (AddrImm 24))), Reg EDX 4
19151: MOV Reg RDX, Address (SizeDir 64 (AddrPlus (FromReg RSP) (AddrImm 152))) 8
19159: MOV Address (SizeDir 32 (AddrPlus (FromReg RSP) (AddrImm 64))), Immediate 3 8
19161: MOV Address (SizeDir 64 (AddrPlus (FromReg RSP) (AddrImm 72))), Reg RAX 5
19166: MOV Address (SizeDir 64 (AddrPlus (FromReg RSP) (AddrImm 80))), Immediate 40 9
1916f: MOV Address (SizeDir 64 (AddrPlus (FromReg RSP) (AddrImm 32))), Reg RDX 5
19174: CALL xc__hypercall_bounce_pre (external)
19179: TEST Reg EAX, Reg EAX 2
1917b: JNE 19276 (resolved immediate)
  |
  `- 19181,19276
19181: MOV Reg RAX, Address (SizeDir 64 (AddrPlus (FromReg RSP) (AddrImm 56))) 5
19186: MOV Reg RDI, Address (SizeDir 64 (AddrPlus (FromReg RBX) (AddrImm 1088))) 7
1918d: MOV Reg EDX, Immediate 13 5
19192: MOV Reg ESI, Immediate 33 5
19197: TEST Reg RAX, Reg RAX 3
1919a: CMOVE Reg RAX, Reg RBP 4
1919e: MOV Reg RCX, Address (SizeDir 64 (FromReg RAX)) 3
191a1: CALL xencall2 (external)
191a6: TEST Reg EAX, Reg EAX 2
191a8: MOV Reg R12D, Reg EAX 3
191ab: JS 191f0 (resolved immediate)
  |
  `- 191ad,191f0
191ad: MOV Reg RSI, Address (SizeDir 64 (AddrPlus (FromReg RSP) (AddrImm 56))) 5
191b2: MOV Reg RDI, Reg RBX 3
191b5: TEST Reg RSI, Reg RSI 3
191b8: CMOVE Reg RSI, Reg RBP 4
191bc: CALL xc__hypercall_bounce_post (external)
191c1: TEST Reg R12D, Reg R12D 3
191c4: JNE 191ce (resolved immediate)
  |
  `- 191c6,191ce
191c6: MOV Reg EAX, Address (SizeDir 32 (AddrPlus (FromReg RSP) (AddrImm 12))) 4
191ca: MOV Address (SizeDir 32 (FromReg R13)), Reg EAX 4
191ce: MOV Reg RBX, Address (SizeDir 64 (AddrPlus (FromReg RSP) (AddrImm 88))) 5
191d3: XOR Reg RBX, Address (SizeDir 64 (AddrPlus (FromReg FS) (AddrImm 40))) 9
191dc: MOV Reg EAX, Reg R12D 3
191df: JNE 192b7 (resolved immediate)
  |
  `- 191e5,192b7
191e5: ADD Reg RSP, Immediate 104 4
191e9: POP Reg RBX 1
191ea: POP Reg RBP 1
191eb: POP Reg R12 2
191ed: POP Reg R13 2
191ef: RET  1
  |
  `- 
191f0: CALL __errno_location (external)
191f5: CMP Address (SizeDir 32 (FromReg RAX)), Immediate 13 3
191f8: MOV Reg R13, Reg RAX 3
191fb: JE 19218 (resolved immediate)
  |
  `- 191fd,19218
191fd: MOV Reg RSI, Address (SizeDir 64 (AddrPlus (FromReg RSP) (AddrImm 56))) 5
19202: TEST Reg RSI, Reg RSI 3
19205: JE 19246 (resolved immediate)
  |
  `- 19246
19218: MOV Reg RSI, Address (SizeDir 64 (AddrPlus (FromReg RBX) (AddrImm 8))) 4
1921c: LEA Reg R8, Address (SizeDir 64 (AddrPlus (FromReg RIP) (AddrImm 52013))) 7
19223: XOR Reg ECX, Reg ECX 2
19225: XOR Reg EAX, Reg EAX 2
19227: MOV Reg EDX, Immediate 3 5
1922c: MOV Reg RDI, Reg RBX 3
1922f: CALL xc_report (external)
19234: MOV Reg RSI, Address (SizeDir 64 (AddrPlus (FromReg RSP) (AddrImm 56))) 5
19239: MOV Address (SizeDir 32 (FromReg R13)), Immediate 13 8
19241: TEST Reg RSI, Reg RSI 3
19244: JNE 19207 (resolved immediate)
19246: MOV Reg RSI, Reg RBP 3
19249: MOV Reg RDI, Reg RBX 3
1924c: CALL xc__hypercall_bounce_post (external)
19251: JMP 191ce (resolved immediate)
  |
  `- 191ce
19260: CALL __errno_location (external)
19265: MOV Reg R12D, Immediate 4294967295 6
1926b: MOV Address (SizeDir 32 (FromReg RAX)), Immediate 22 6
19271: JMP 191ce (resolved immediate)
  |
  `- 191ce
19276: CALL __errno_location (external)
1927b: MOV Reg R12D, Address (SizeDir 32 (FromReg RAX)) 3
1927e: MOV Reg RBP, Reg RAX 3
19281: MOV Reg RDI, Reg RBX 3
19284: MOV Reg ESI, Reg R12D 3
19287: CALL xc_strerror (external)
1928c: MOV Reg ECX, Address (SizeDir 32 (FromReg RBP)) 3
1928f: LEA Reg RDX, Address (SizeDir 64 (AddrPlus (FromReg RIP) (AddrImm 51842))) 7
19296: MOV Reg R8, Reg RAX 3
19299: MOV Reg ESI, Immediate 1 5
1929e: MOV Reg RDI, Reg RBX 3
192a1: XOR Reg EAX, Reg EAX 2
192a3: CALL xc_report_error (external)
192a8: MOV Address (SizeDir 32 (FromReg RBP)), Reg R12D 4
192ac: MOV Reg R12D, Immediate 4294967295 6
192b2: JMP 191ce (resolved immediate)
  |
  `- 191ce
192b7: CALL __stack_chk_fail (external)
  |
  `- 
