Number of assembly instructions     = 15
Number of indirect branches         = 0
Number of unresolved indirect jumps = 0: 
Number of unresolved indirect calls = 0: 
Number of symbolic states (representative of non-determinism): 15
Number of edges: 14

1d340 (False): 0

1d340: SUB Reg RSP, Immediate 152 7
1d347: MOV Address (SizeDir 32 (AddrPlus (FromReg RSP) (AddrImm 12))), Reg ESI 4
1d34b: MOV Reg RSI, Reg RSP 3
1d34e: MOV Address (SizeDir 32 (FromReg RSP)), Immediate 10 7
1d355: MOV Reg RAX, Address (SizeDir 64 (AddrPlus (FromReg FS) (AddrImm 40))) 9
1d35e: MOV Address (SizeDir 64 (AddrPlus (FromReg RSP) (AddrImm 136))), Reg RAX 8
1d366: XOR Reg EAX, Reg EAX 2
1d368: MOV Address (SizeDir 32 (AddrPlus (FromReg RSP) (AddrImm 8))), Immediate 19 8
1d370: CALL xc_sysctl (external)
1d375: MOV Reg RDX, Address (SizeDir 64 (AddrPlus (FromReg RSP) (AddrImm 136))) 8
1d37d: XOR Reg RDX, Address (SizeDir 64 (AddrPlus (FromReg FS) (AddrImm 40))) 9
1d386: JNE 1d390 (resolved immediate)
  |
  `- 1d388,1d390
1d388: ADD Reg RSP, Immediate 152 7
1d38f: RET  1
  |
  `- 
1d390: CALL __stack_chk_fail (external)
  |
  `- 
