Number of assembly instructions     = 117
Number of indirect branches         = 1
Number of unresolved indirect jumps = 0: 
Number of unresolved indirect calls = 0: 
Number of symbolic states (representative of non-determinism): 188
Number of edges: 564

24080 (False): 0

24080: PUSH Reg R13 2
24082: PUSH Reg R12 2
24084: PUSH Reg RBP 1
24085: PUSH Reg RBX 1
24086: SUB Reg RSP, Immediate 216 7
2408d: MOV Reg RAX, Address (SizeDir 64 (AddrPlus (FromReg FS) (AddrImm 40))) 9
24096: MOV Address (SizeDir 64 (AddrPlus (FromReg RSP) (AddrImm 200))), Reg RAX 8
2409e: XOR Reg EAX, Reg EAX 2
240a0: CMP Reg EDX, Immediate 5 3
240a3: JA 241e8 (resolved immediate)
  |
  `- 240a9,241e8
240a9: MOV Reg RBX, Reg RDI 3
240ac: LEA Reg RDI, Address (AddrPlus (FromReg RIP) (AddrImm 10429)) 7
240b3: MOV Reg EDX, Reg EDX 2
240b5: MOV Reg RBP, Reg R8 3
240b8: MOVSXD Reg RAX, Address (SizeDir 32 (AddrPlus (FromReg RDI) (AddrTimes (AddrImm 4) (FromReg RDX)))) 4
240bc: ADD Reg RAX, Reg RDI 3
240bf: JMP Reg RAX 2
  |
  `- 241e8,241d8,241c8,241b8,241a8,240c8
240c8: MOV Reg EAX, Immediate 5 5
240cd: MOV Address (SizeDir 32 (AddrPlus (FromReg RSP) (AddrImm 64))), Reg EAX 4
240d1: LEA Reg RAX, Address (AddrPlus (FromReg RSP) (AddrImm 48)) 5
240d6: MOV Reg R13, Reg RSP 3
240d9: MOV Address (SizeDir 16 (AddrPlus (FromReg RSP) (AddrImm 56))), Reg SI 5
240de: MOV Reg RDI, Reg RBX 3
240e1: MOV Reg RSI, Reg R13 3
240e4: MOV Address (SizeDir 64 (AddrPlus (FromReg RSP) (AddrImm 24))), Reg RAX 5
240e9: MOV Reg RAX, Immediate 73014444110 10
240f3: MOV Address (SizeDir 32 (AddrPlus (FromReg RSP) (AddrImm 68))), Reg ECX 4
240f7: MOV Address (SizeDir 64 (FromReg RSP)), Immediate 0 8
240ff: MOV Address (SizeDir 64 (AddrPlus (FromReg RSP) (AddrImm 8))), Immediate 0 9
24108: MOV Address (SizeDir 32 (AddrPlus (FromReg RSP) (AddrImm 16))), Immediate 3 8
24110: MOV Address (SizeDir 64 (AddrPlus (FromReg RSP) (AddrImm 32))), Immediate 144 9
24119: MOV Address (SizeDir 64 (AddrPlus (FromReg RSP) (AddrImm 48))), Reg RAX 5
2411e: CALL xc__hypercall_bounce_pre (external)
24123: TEST Reg EAX, Reg EAX 2
24125: JNZ 2427b (resolved immediate)
  |
  `- 2412b,2427b
2412b: MOV Reg RAX, Address (SizeDir 64 (AddrPlus (FromReg RSP) (AddrImm 8))) 5
24130: MOV Reg RDI, Address (SizeDir 64 (AddrPlus (FromReg RBX) (AddrImm 1088))) 7
24137: MOV Reg ESI, Immediate 36 5
2413c: TEST Reg RAX, Reg RAX 3
2413f: CMOVZ Reg RAX, Reg R13 4
24143: MOV Reg RDX, Address (SizeDir 64 (FromReg RAX)) 3
24146: CALL xencall1 (external)
2414b: TEST Reg EAX, Reg EAX 2
2414d: MOV Reg R12D, Reg EAX 3
24150: JNS 24250 (resolved immediate)
  |
  `- 24156,24250
24156: CALL __errno_location (external)
2415b: CMP Address (SizeDir 32 (FromReg RAX)), Immediate 13 3
2415e: MOV Reg RBP, Reg RAX 3
24161: JZ 24200 (resolved immediate)
  |
  `- 24167,24200
24167: MOV Reg RSI, Address (SizeDir 64 (AddrPlus (FromReg RSP) (AddrImm 8))) 5
2416c: TEST Reg RSI, Reg RSI 3
2416f: JZ 24238 (resolved immediate)
  |
  `- 24238
2417d: MOV Reg RCX, Address (SizeDir 64 (AddrPlus (FromReg RSP) (AddrImm 200))) 8
24185: XOR Reg RCX, Address (SizeDir 64 (AddrPlus (FromReg FS) (AddrImm 40))) 9
2418e: MOV Reg EAX, Reg R12D 3
24191: JNZ 242bc (resolved immediate)
  |
  `- 24197,242bc
24197: ADD Reg RSP, Immediate 216 7
2419e: POP Reg RBX 1
2419f: POP Reg RBP 1
241a0: POP Reg R12 2
241a2: POP Reg R13 2
241a4: RET  1
  |
  `- 
241a8: MOV Reg EAX, Immediate 7 5
241ad: JMP 240cd (resolved immediate)
  |
  `- 240cd
241b8: MOV Reg EAX, Immediate 1 5
241bd: JMP 240cd (resolved immediate)
  |
  `- 240cd
241c8: MOV Reg EAX, Immediate 4 5
241cd: JMP 240cd (resolved immediate)
  |
  `- 240cd
241d8: MOV Reg EAX, Immediate 9 5
241dd: JMP 240cd (resolved immediate)
  |
  `- 240cd
241e8: CALL __errno_location (external)
241ed: MOV Reg R12D, Immediate 4294967295 6
241f3: MOV Address (SizeDir 32 (FromReg RAX)), Immediate 22 6
241f9: JMP 2417d (resolved immediate)
  |
  `- 2417d
24200: MOV Reg RSI, Address (SizeDir 64 (AddrPlus (FromReg RBX) (AddrImm 8))) 4
24204: LEA Reg R8, Address (AddrPlus (FromReg RIP) (AddrImm 4501)) 7
2420b: XOR Reg ECX, Reg ECX 2
2420d: XOR Reg EAX, Reg EAX 2
2420f: MOV Reg EDX, Immediate 3 5
24214: MOV Reg RDI, Reg RBX 3
24217: CALL xc_report (external)
2421c: MOV Reg RSI, Address (SizeDir 64 (AddrPlus (FromReg RSP) (AddrImm 8))) 5
24221: MOV Address (SizeDir 32 (AddrPlus (FromReg RBP) (AddrImm 0))), Immediate 13 7
24228: TEST Reg RSI, Reg RSI 3
2422b: JNZ 24175 (resolved immediate)
24231: NOP  7
24238: MOV Reg RSI, Reg R13 3
2423b: MOV Reg RDI, Reg RBX 3
2423e: CALL xc__hypercall_bounce_post (external)
24243: JMP 2417d (resolved immediate)
  |
  `- 2417d
24250: MOV Reg RSI, Address (SizeDir 64 (AddrPlus (FromReg RSP) (AddrImm 8))) 5
24255: MOV Reg RDI, Reg RBX 3
24258: TEST Reg RSI, Reg RSI 3
2425b: CMOVZ Reg RSI, Reg R13 4
2425f: CALL xc__hypercall_bounce_post (external)
24264: TEST Reg R12D, Reg R12D 3
24267: JNZ 2417d (resolved immediate)
  |
  `- 2417d,2426d
2426d: MOV Reg RAX, Address (SizeDir 64 (AddrPlus (FromReg RSP) (AddrImm 72))) 5
24272: MOV Address (SizeDir 64 (AddrPlus (FromReg RBP) (AddrImm 0))), Reg RAX 4
24276: JMP 2417d (resolved immediate)
  |
  `- 2417d
2427b: CALL __errno_location (external)
24280: MOV Reg R12D, Address (SizeDir 32 (FromReg RAX)) 3
24283: MOV Reg RBP, Reg RAX 3
24286: MOV Reg RDI, Reg RBX 3
24289: MOV Reg ESI, Reg R12D 3
2428c: CALL xc_strerror (external)
24291: MOV Reg ECX, Address (SizeDir 32 (AddrPlus (FromReg RBP) (AddrImm 0))) 3
24294: LEA Reg RDX, Address (AddrPlus (FromReg RIP) (AddrImm 4301)) 7
2429b: MOV Reg R8, Reg RAX 3
2429e: MOV Reg ESI, Immediate 1 5
242a3: MOV Reg RDI, Reg RBX 3
242a6: XOR Reg EAX, Reg EAX 2
242a8: CALL xc_report_error (external)
242ad: MOV Address (SizeDir 32 (AddrPlus (FromReg RBP) (AddrImm 0))), Reg R12D 4
242b1: MOV Reg R12D, Immediate 4294967295 6
242b7: JMP 2417d (resolved immediate)
  |
  `- 2417d
242bc: CALL __stack_chk_fail (external)
  |
  `- 
