Number of assembly instructions     = 109
Number of indirect branches         = 0
Number of unresolved indirect jumps = 0: 
Number of unresolved indirect calls = 0: 
Number of symbolic states (representative of non-determinism): 109
Number of edges: 113

18ef0 (False): 0

18ef0: PUSH Reg R13 2
18ef2: PUSH Reg R12 2
18ef4: PUSH Reg RBP 1
18ef5: PUSH Reg RBX 1
18ef6: SUB Reg RSP, Immediate 104 4
18efa: MOV Reg RAX, Address (SizeDir 64 (AddrPlus (FromReg FS) (AddrImm 40))) 9
18f03: MOV Address (SizeDir 64 (AddrPlus (FromReg RSP) (AddrImm 88))), Reg RAX 5
18f08: XOR Reg EAX, Reg EAX 2
18f0a: TEST Reg RCX, Reg RCX 3
18f0d: JZ 19070 (resolved immediate)
  |
  `- 18f13,19070
18f13: PXOR Reg XMM0, Reg XMM0 4
18f17: XOR Reg EAX, Reg EAX 2
18f19: MOV Reg R12, Reg RCX 3
18f1c: MOV Reg RCX, Reg RSP 3
18f1f: LEA Reg RBP, Address (AddrPlus (FromReg RSP) (AddrImm 48)) 5
18f24: MOV Address (SizeDir 16 (FromReg RSP)), Reg SI 4
18f28: MOV Reg RBX, Reg RDI 3
18f2b: MOV Address (SizeDir 64 (AddrPlus (FromReg RSP) (AddrImm 48))), Immediate 0 9
18f34: MOV Address (SizeDir 64 (AddrPlus (FromReg RSP) (AddrImm 56))), Immediate 0 9
18f3d: MOVUPS Address (SizeDir 128 (AddrPlus (FromReg RSP) (AddrImm 2))), Reg XMM0 5
18f42: MOV Address (SizeDir 16 (AddrPlus (FromReg RCX) (AddrImm 38))), Reg AX 4
18f46: MOV Reg EAX, Address (SizeDir 32 (FromReg R12)) 4
18f4a: MOV Reg RSI, Reg RBP 3
18f4d: MOVUPS Address (SizeDir 128 (AddrPlus (FromReg RCX) (AddrImm 18))), Reg XMM0 4
18f51: TEST Reg EAX, Reg EAX 2
18f53: MOV Address (SizeDir 32 (AddrPlus (FromReg RSP) (AddrImm 8))), Reg EDX 4
18f57: MOV Address (SizeDir 32 (AddrPlus (FromReg RCX) (AddrImm 34))), Immediate 0 7
18f5e: CMOVNS Reg EDX, Reg EAX 3
18f61: MOV Address (SizeDir 32 (AddrPlus (FromReg RSP) (AddrImm 4))), Immediate 1 8
18f69: MOV Address (SizeDir 32 (AddrPlus (FromReg RSP) (AddrImm 12))), Reg EDX 4
18f6d: MOV Address (SizeDir 32 (AddrPlus (FromReg RSP) (AddrImm 64))), Immediate 3 8
18f75: MOV Address (SizeDir 64 (AddrPlus (FromReg RSP) (AddrImm 72))), Reg RCX 5
18f7a: MOV Address (SizeDir 64 (AddrPlus (FromReg RSP) (AddrImm 80))), Immediate 40 9
18f83: CALL xc__hypercall_bounce_pre (external)
18f88: TEST Reg EAX, Reg EAX 2
18f8a: JNZ 19086 (resolved immediate)
  |
  `- 18f90,19086
18f90: MOV Reg RAX, Address (SizeDir 64 (AddrPlus (FromReg RSP) (AddrImm 56))) 5
18f95: MOV Reg RDI, Address (SizeDir 64 (AddrPlus (FromReg RBX) (AddrImm 1088))) 7
18f9c: MOV Reg EDX, Immediate 13 5
18fa1: MOV Reg ESI, Immediate 33 5
18fa6: TEST Reg RAX, Reg RAX 3
18fa9: CMOVZ Reg RAX, Reg RBP 4
18fad: MOV Reg RCX, Address (SizeDir 64 (FromReg RAX)) 3
18fb0: CALL xencall2 (external)
18fb5: TEST Reg EAX, Reg EAX 2
18fb7: MOV Reg R13D, Reg EAX 3
18fba: JS 19000 (resolved immediate)
  |
  `- 18fbc,19000
18fbc: MOV Reg RSI, Address (SizeDir 64 (AddrPlus (FromReg RSP) (AddrImm 56))) 5
18fc1: MOV Reg RDI, Reg RBX 3
18fc4: TEST Reg RSI, Reg RSI 3
18fc7: CMOVZ Reg RSI, Reg RBP 4
18fcb: CALL xc__hypercall_bounce_post (external)
18fd0: TEST Reg R13D, Reg R13D 3
18fd3: JNZ 18fdd (resolved immediate)
  |
  `- 18fd5,18fdd
18fd5: MOV Reg EAX, Address (SizeDir 32 (AddrPlus (FromReg RSP) (AddrImm 12))) 4
18fd9: MOV Address (SizeDir 32 (FromReg R12)), Reg EAX 4
18fdd: MOV Reg RBX, Address (SizeDir 64 (AddrPlus (FromReg RSP) (AddrImm 88))) 5
18fe2: XOR Reg RBX, Address (SizeDir 64 (AddrPlus (FromReg FS) (AddrImm 40))) 9
18feb: MOV Reg EAX, Reg R13D 3
18fee: JNZ 190c7 (resolved immediate)
  |
  `- 18ff4,190c7
18ff4: ADD Reg RSP, Immediate 104 4
18ff8: POP Reg RBX 1
18ff9: POP Reg RBP 1
18ffa: POP Reg R12 2
18ffc: POP Reg R13 2
18ffe: RET  1
  |
  `- 
19000: CALL __errno_location (external)
19005: CMP Address (SizeDir 32 (FromReg RAX)), Immediate 13 3
19008: MOV Reg R12, Reg RAX 3
1900b: JZ 19028 (resolved immediate)
  |
  `- 1900d,19028
1900d: MOV Reg RSI, Address (SizeDir 64 (AddrPlus (FromReg RSP) (AddrImm 56))) 5
19012: TEST Reg RSI, Reg RSI 3
19015: JZ 19056 (resolved immediate)
  |
  `- 19056
19028: MOV Reg RSI, Address (SizeDir 64 (AddrPlus (FromReg RBX) (AddrImm 8))) 4
1902c: LEA Reg R8, Address (AddrPlus (FromReg RIP) (AddrImm 52509)) 7
19033: XOR Reg ECX, Reg ECX 2
19035: XOR Reg EAX, Reg EAX 2
19037: MOV Reg EDX, Immediate 3 5
1903c: MOV Reg RDI, Reg RBX 3
1903f: CALL xc_report (external)
19044: MOV Reg RSI, Address (SizeDir 64 (AddrPlus (FromReg RSP) (AddrImm 56))) 5
19049: MOV Address (SizeDir 32 (FromReg R12)), Immediate 13 8
19051: TEST Reg RSI, Reg RSI 3
19054: JNZ 19017 (resolved immediate)
19056: MOV Reg RSI, Reg RBP 3
19059: MOV Reg RDI, Reg RBX 3
1905c: CALL xc__hypercall_bounce_post (external)
19061: JMP 18fdd (resolved immediate)
  |
  `- 18fdd
19070: CALL __errno_location (external)
19075: MOV Reg R13D, Immediate 4294967295 6
1907b: MOV Address (SizeDir 32 (FromReg RAX)), Immediate 22 6
19081: JMP 18fdd (resolved immediate)
  |
  `- 18fdd
19086: CALL __errno_location (external)
1908b: MOV Reg R12D, Address (SizeDir 32 (FromReg RAX)) 3
1908e: MOV Reg RBP, Reg RAX 3
19091: MOV Reg RDI, Reg RBX 3
19094: MOV Reg R13D, Immediate 4294967295 6
1909a: MOV Reg ESI, Reg R12D 3
1909d: CALL xc_strerror (external)
190a2: MOV Reg ECX, Address (SizeDir 32 (AddrPlus (FromReg RBP) (AddrImm 0))) 3
190a5: LEA Reg RDX, Address (AddrPlus (FromReg RIP) (AddrImm 52332)) 7
190ac: MOV Reg R8, Reg RAX 3
190af: MOV Reg ESI, Immediate 1 5
190b4: MOV Reg RDI, Reg RBX 3
190b7: XOR Reg EAX, Reg EAX 2
190b9: CALL xc_report_error (external)
190be: MOV Address (SizeDir 32 (AddrPlus (FromReg RBP) (AddrImm 0))), Reg R12D 4
190c2: JMP 18fdd (resolved immediate)
  |
  `- 18fdd
190c7: CALL __stack_chk_fail (external)
  |
  `- 
