Number of assembly instructions     = 21
Number of indirect branches         = 0
Number of unresolved indirect jumps = 0: 
Number of unresolved indirect calls = 0: 
Number of symbolic states (representative of non-determinism): 21
Number of edges: 21

23a70 (False): 0

23a70: PUSH Reg RBX 1
23a71: MOV Reg RBX, Reg RSI 3
23a74: SUB Reg RSP, Immediate 144 7
23a7b: MOV Reg RSI, Reg RSP 3
23a7e: MOV Address (SizeDir 32 (FromReg RSP)), Immediate 21 7
23a85: MOV Address (SizeDir 64 (AddrPlus (FromReg RSP) (AddrImm 8))), Immediate 4 9
23a8e: MOV Reg RAX, Address (SizeDir 64 (AddrPlus (FromReg FS) (AddrImm 40))) 9
23a97: MOV Address (SizeDir 64 (AddrPlus (FromReg RSP) (AddrImm 136))), Reg RAX 8
23a9f: XOR Reg EAX, Reg EAX 2
23aa1: CALL xc_sysctl (external)
23aa6: TEST Reg EAX, Reg EAX 2
23aa8: JNE 23ab1 (resolved immediate)
  |
  `- 23aaa,23ab1
23aaa: MOV Reg RDX, Address (SizeDir 64 (AddrPlus (FromReg RSP) (AddrImm 16))) 5
23aaf: MOV Address (SizeDir 32 (FromReg RBX)), Reg EDX 2
23ab1: MOV Reg RCX, Address (SizeDir 64 (AddrPlus (FromReg RSP) (AddrImm 136))) 8
23ab9: XOR Reg RCX, Address (SizeDir 64 (AddrPlus (FromReg FS) (AddrImm 40))) 9
23ac2: JNE 23acd (resolved immediate)
  |
  `- 23ac4,23acd
23ac4: ADD Reg RSP, Immediate 144 7
23acb: POP Reg RBX 1
23acc: RET  1
  |
  `- 
23acd: CALL __stack_chk_fail (external)
  |
  `- 
