Number of assembly instructions     = 80
Number of indirect branches         = 0
Number of unresolved indirect jumps = 0: 
Number of unresolved indirect calls = 0: 
Number of symbolic states (representative of non-determinism): 80
Number of edges: 82

192c0 (False): 0

192c0: PUSH Reg R13 2
192c2: PUSH Reg R12 2
192c4: XOR Reg ECX, Reg ECX 2
192c6: PUSH Reg RBP 1
192c7: PUSH Reg RBX 1
192c8: MOV Reg RBX, Reg RDI 3
192cb: SUB Reg RSP, Immediate 72 4
192cf: LEA Reg RBP, Address (SizeDir 64 (AddrPlus (FromReg RSP) (AddrImm 16))) 5
192d4: MOV Address (SizeDir 16 (AddrPlus (FromReg RSP) (AddrImm 8))), Reg SI 5
192d9: MOV Address (SizeDir 16 (AddrPlus (FromReg RSP) (AddrImm 10))), Reg CX 5
192de: MOV Reg RAX, Address (SizeDir 64 (AddrPlus (FromReg FS) (AddrImm 40))) 9
192e7: MOV Address (SizeDir 64 (AddrPlus (FromReg RSP) (AddrImm 56))), Reg RAX 5
192ec: XOR Reg EAX, Reg EAX 2
192ee: LEA Reg RAX, Address (SizeDir 64 (AddrPlus (FromReg RSP) (AddrImm 8))) 5
192f3: MOV Reg RSI, Reg RBP 3
192f6: MOV Address (SizeDir 32 (AddrPlus (FromReg RSP) (AddrImm 12))), Reg EDX 4
192fa: MOV Address (SizeDir 64 (AddrPlus (FromReg RSP) (AddrImm 16))), Immediate 0 9
19303: MOV Address (SizeDir 64 (AddrPlus (FromReg RSP) (AddrImm 24))), Immediate 0 9
1930c: MOV Address (SizeDir 32 (AddrPlus (FromReg RSP) (AddrImm 32))), Immediate 3 8
19314: MOV Address (SizeDir 64 (AddrPlus (FromReg RSP) (AddrImm 40))), Reg RAX 5
19319: MOV Address (SizeDir 64 (AddrPlus (FromReg RSP) (AddrImm 48))), Immediate 8 9
19322: CALL xc__hypercall_bounce_pre (external)
19327: TEST Reg EAX, Reg EAX 2
19329: JNE 193cb (resolved immediate)
  |
  `- 1932f,193cb
1932f: MOV Reg RAX, Address (SizeDir 64 (AddrPlus (FromReg RSP) (AddrImm 24))) 5
19334: MOV Reg RDI, Address (SizeDir 64 (AddrPlus (FromReg RBX) (AddrImm 1088))) 7
1933b: MOV Reg EDX, Immediate 14 5
19340: MOV Reg ESI, Immediate 33 5
19345: TEST Reg RAX, Reg RAX 3
19348: CMOVE Reg RAX, Reg RBP 4
1934c: MOV Reg RCX, Address (SizeDir 64 (FromReg RAX)) 3
1934f: CALL xencall2 (external)
19354: TEST Reg EAX, Reg EAX 2
19356: MOV Reg R12D, Reg EAX 3
19359: JS 19398 (resolved immediate)
  |
  `- 1935b,19398
1935b: MOV Reg RSI, Address (SizeDir 64 (AddrPlus (FromReg RSP) (AddrImm 24))) 5
19360: MOV Reg RDI, Reg RBX 3
19363: TEST Reg RSI, Reg RSI 3
19366: CMOVE Reg RSI, Reg RBP 4
1936a: CALL xc__hypercall_bounce_post (external)
1936f: MOV Reg RCX, Address (SizeDir 64 (AddrPlus (FromReg RSP) (AddrImm 56))) 5
19374: XOR Reg RCX, Address (SizeDir 64 (AddrPlus (FromReg FS) (AddrImm 40))) 9
1937d: MOV Reg EAX, Reg R12D 3
19380: JNE 1940c (resolved immediate)
  |
  `- 19386,1940c
19386: ADD Reg RSP, Immediate 72 4
1938a: POP Reg RBX 1
1938b: POP Reg RBP 1
1938c: POP Reg R12 2
1938e: POP Reg R13 2
19390: RET  1
  |
  `- 
19398: CALL __errno_location (external)
1939d: CMP Address (SizeDir 32 (FromReg RAX)), Immediate 13 3
193a0: MOV Reg R13, Reg RAX 3
193a3: JNE 1935b (resolved immediate)
  |
  `- 1935b,193a5
193a5: MOV Reg RSI, Address (SizeDir 64 (AddrPlus (FromReg RBX) (AddrImm 8))) 4
193a9: LEA Reg R8, Address (SizeDir 64 (AddrPlus (FromReg RIP) (AddrImm 51616))) 7
193b0: XOR Reg ECX, Reg ECX 2
193b2: MOV Reg EDX, Immediate 3 5
193b7: MOV Reg RDI, Reg RBX 3
193ba: XOR Reg EAX, Reg EAX 2
193bc: CALL xc_report (external)
193c1: MOV Address (SizeDir 32 (FromReg R13)), Immediate 13 8
193c9: JMP 1935b (resolved immediate)
  |
  `- 1935b
193cb: CALL __errno_location (external)
193d0: MOV Reg R12D, Address (SizeDir 32 (FromReg RAX)) 3
193d3: MOV Reg RBP, Reg RAX 3
193d6: MOV Reg RDI, Reg RBX 3
193d9: MOV Reg ESI, Reg R12D 3
193dc: CALL xc_strerror (external)
193e1: MOV Reg ECX, Address (SizeDir 32 (FromReg RBP)) 3
193e4: LEA Reg RDX, Address (SizeDir 64 (AddrPlus (FromReg RIP) (AddrImm 51501))) 7
193eb: MOV Reg R8, Reg RAX 3
193ee: MOV Reg ESI, Immediate 1 5
193f3: MOV Reg RDI, Reg RBX 3
193f6: XOR Reg EAX, Reg EAX 2
193f8: CALL xc_report_error (external)
193fd: MOV Address (SizeDir 32 (FromReg RBP)), Reg R12D 4
19401: MOV Reg R12D, Immediate 4294967295 6
19407: JMP 1936f (resolved immediate)
  |
  `- 1936f
1940c: CALL __stack_chk_fail (external)
  |
  `- 
