Number of assembly instructions     = 28
Number of indirect branches         = 0
Number of unresolved indirect jumps = 0: 
Number of unresolved indirect calls = 0: 
Number of symbolic states (representative of non-determinism): 28
Number of edges: 28

23970 (False): 0

23970: PUSH Reg RBX 1
23971: MOV Reg RBX, Reg RSI 3
23974: SUB Reg RSP, Immediate 144 7
2397b: MOV Reg RAX, Address (SizeDir 64 (AddrPlus (FromReg FS) (AddrImm 40))) 9
23984: MOV Address (SizeDir 64 (AddrPlus (FromReg RSP) (AddrImm 136))), Reg RAX 8
2398c: XOR Reg EAX, Reg EAX 2
2398e: MOV Reg EAX, Address (SizeDir 32 (AddrPlus (FromReg RIP) (AddrImm 2137252))) 6
23994: TEST Reg EAX, Reg EAX 2
23996: JE 239c0 (resolved immediate)
  |
  `- 23998,239c0
23998: MOV Address (SizeDir 32 (FromReg RSI)), Reg EAX 2
2399a: XOR Reg EAX, Reg EAX 2
2399c: MOV Reg RCX, Address (SizeDir 64 (AddrPlus (FromReg RSP) (AddrImm 136))) 8
239a4: XOR Reg RCX, Address (SizeDir 64 (AddrPlus (FromReg FS) (AddrImm 40))) 9
239ad: JNE 239eb (resolved immediate)
  |
  `- 239af,239eb
239af: ADD Reg RSP, Immediate 144 7
239b6: POP Reg RBX 1
239b7: RET  1
  |
  `- 
239c0: MOV Reg RSI, Reg RSP 3
239c3: MOV Address (SizeDir 32 (FromReg RSP)), Immediate 21 7
239ca: MOV Address (SizeDir 64 (AddrPlus (FromReg RSP) (AddrImm 8))), Immediate 0 9
239d3: CALL xc_sysctl (external)
239d8: TEST Reg EAX, Reg EAX 2
239da: JNE 2399c (resolved immediate)
239dc: MOV Reg RDX, Address (SizeDir 64 (AddrPlus (FromReg RSP) (AddrImm 16))) 5
239e1: MOV Address (SizeDir 32 (FromReg RBX)), Reg EDX 2
239e3: MOV Address (SizeDir 32 (AddrPlus (FromReg RIP) (AddrImm 2137167))), Reg EDX 6
239e9: JMP 2399c (resolved immediate)
  |
  `- 2399c
239eb: CALL __stack_chk_fail (external)
  |
  `- 
