Number of assembly instructions     = 95
Number of indirect branches         = 0
Number of unresolved indirect jumps = 0: 
Number of unresolved indirect calls = 0: 
Number of symbolic states (representative of non-determinism): 95
Number of edges: 98

237c0 (False): 0

237c0: PUSH Reg R13 2
237c2: PUSH Reg R12 2
237c4: MOV Reg R13, Reg RDX 3
237c7: PUSH Reg RBP 1
237c8: PUSH Reg RBX 1
237c9: MOV Reg RBX, Reg RDI 3
237cc: SUB Reg RSP, Immediate 216 7
237d3: MOV Reg RAX, Address (SizeDir 64 (AddrPlus (FromReg FS) (AddrImm 40))) 9
237dc: MOV Address (SizeDir 64 (AddrPlus (FromReg RSP) (AddrImm 200))), Reg RAX 8
237e4: XOR Reg EAX, Reg EAX 2
237e6: LEA Reg RAX, Address (AddrPlus (FromReg RSP) (AddrImm 48)) 5
237eb: MOV Reg RBP, Reg RSP 3
237ee: MOV Address (SizeDir 16 (AddrPlus (FromReg RSP) (AddrImm 56))), Reg SI 5
237f3: MOV Reg RSI, Reg RBP 3
237f6: MOV Address (SizeDir 32 (AddrPlus (FromReg RSP) (AddrImm 64))), Immediate 2 8
237fe: MOV Address (SizeDir 64 (FromReg RSP)), Immediate 0 8
23806: MOV Address (SizeDir 64 (AddrPlus (FromReg RSP) (AddrImm 24))), Reg RAX 5
2380b: MOV Reg RAX, Immediate 73014444107 10
23815: MOV Address (SizeDir 64 (AddrPlus (FromReg RSP) (AddrImm 8))), Immediate 0 9
2381e: MOV Address (SizeDir 32 (AddrPlus (FromReg RSP) (AddrImm 16))), Immediate 3 8
23826: MOV Address (SizeDir 64 (AddrPlus (FromReg RSP) (AddrImm 32))), Immediate 144 9
2382f: MOV Address (SizeDir 64 (AddrPlus (FromReg RSP) (AddrImm 48))), Reg RAX 5
23834: CALL xc__hypercall_bounce_pre (external)
23839: TEST Reg EAX, Reg EAX 2
2383b: JNZ 2392a (resolved immediate)
  |
  `- 23841,2392a
23841: MOV Reg RAX, Address (SizeDir 64 (AddrPlus (FromReg RSP) (AddrImm 8))) 5
23846: MOV Reg RDI, Address (SizeDir 64 (AddrPlus (FromReg RBX) (AddrImm 1088))) 7
2384d: MOV Reg ESI, Immediate 36 5
23852: TEST Reg RAX, Reg RAX 3
23855: CMOVZ Reg RAX, Reg RBP 4
23859: MOV Reg RDX, Address (SizeDir 64 (FromReg RAX)) 3
2385c: CALL xencall1 (external)
23861: TEST Reg EAX, Reg EAX 2
23863: MOV Reg R12D, Reg EAX 3
23866: JNS 23900 (resolved immediate)
  |
  `- 2386c,23900
2386c: CALL __errno_location (external)
23871: CMP Address (SizeDir 32 (FromReg RAX)), Immediate 13 3
23874: MOV Reg R13, Reg RAX 3
23877: JZ 238b8 (resolved immediate)
  |
  `- 23879,238b8
23879: MOV Reg RSI, Address (SizeDir 64 (AddrPlus (FromReg RSP) (AddrImm 8))) 5
2387e: TEST Reg RSI, Reg RSI 3
23881: JZ 238f0 (resolved immediate)
  |
  `- 238f0
2388b: MOV Reg RCX, Address (SizeDir 64 (AddrPlus (FromReg RSP) (AddrImm 200))) 8
23893: XOR Reg RCX, Address (SizeDir 64 (AddrPlus (FromReg FS) (AddrImm 40))) 9
2389c: MOV Reg EAX, Reg R12D 3
2389f: JNZ 2396b (resolved immediate)
  |
  `- 238a5,2396b
238a5: ADD Reg RSP, Immediate 216 7
238ac: POP Reg RBX 1
238ad: POP Reg RBP 1
238ae: POP Reg R12 2
238b0: POP Reg R13 2
238b2: RET  1
  |
  `- 
238b8: MOV Reg RSI, Address (SizeDir 64 (AddrPlus (FromReg RBX) (AddrImm 8))) 4
238bc: LEA Reg R8, Address (AddrPlus (FromReg RIP) (AddrImm 6877)) 7
238c3: XOR Reg ECX, Reg ECX 2
238c5: XOR Reg EAX, Reg EAX 2
238c7: MOV Reg EDX, Immediate 3 5
238cc: MOV Reg RDI, Reg RBX 3
238cf: CALL xc_report (external)
238d4: MOV Reg RSI, Address (SizeDir 64 (AddrPlus (FromReg RSP) (AddrImm 8))) 5
238d9: MOV Address (SizeDir 32 (AddrPlus (FromReg R13) (AddrImm 0))), Immediate 13 8
238e1: TEST Reg RSI, Reg RSI 3
238e4: JNZ 23883 (resolved immediate)
238e6: NOP  10
238f0: MOV Reg RSI, Reg RBP 3
238f3: MOV Reg RDI, Reg RBX 3
238f6: CALL xc__hypercall_bounce_post (external)
238fb: JMP 2388b (resolved immediate)
  |
  `- 2388b
23900: MOV Reg RSI, Address (SizeDir 64 (AddrPlus (FromReg RSP) (AddrImm 8))) 5
23905: MOV Reg RDI, Reg RBX 3
23908: TEST Reg RSI, Reg RSI 3
2390b: CMOVZ Reg RSI, Reg RBP 4
2390f: CALL xc__hypercall_bounce_post (external)
23914: TEST Reg R12D, Reg R12D 3
23917: JNZ 2388b (resolved immediate)
  |
  `- 2388b,2391d
2391d: MOV Reg EAX, Address (SizeDir 32 (AddrPlus (FromReg RSP) (AddrImm 68))) 4
23921: MOV Address (SizeDir 32 (AddrPlus (FromReg R13) (AddrImm 0))), Reg EAX 4
23925: JMP 2388b (resolved immediate)
  |
  `- 2388b
2392a: CALL __errno_location (external)
2392f: MOV Reg R12D, Address (SizeDir 32 (FromReg RAX)) 3
23932: MOV Reg RBP, Reg RAX 3
23935: MOV Reg RDI, Reg RBX 3
23938: MOV Reg ESI, Reg R12D 3
2393b: CALL xc_strerror (external)
23940: MOV Reg ECX, Address (SizeDir 32 (AddrPlus (FromReg RBP) (AddrImm 0))) 3
23943: LEA Reg RDX, Address (AddrPlus (FromReg RIP) (AddrImm 6686)) 7
2394a: MOV Reg R8, Reg RAX 3
2394d: MOV Reg ESI, Immediate 1 5
23952: MOV Reg RDI, Reg RBX 3
23955: XOR Reg EAX, Reg EAX 2
23957: CALL xc_report_error (external)
2395c: MOV Address (SizeDir 32 (AddrPlus (FromReg RBP) (AddrImm 0))), Reg R12D 4
23960: MOV Reg R12D, Immediate 4294967295 6
23966: JMP 2388b (resolved immediate)
  |
  `- 2388b
2396b: CALL __stack_chk_fail (external)
  |
  `- 
