Number of assembly instructions     = 99
Number of indirect branches         = 0
Number of unresolved indirect jumps = 0: 
Number of unresolved indirect calls = 0: 
Number of symbolic states (representative of non-determinism): 99
Number of edges: 103

16a20 (False): 0

16a20: PUSH Reg R13 2
16a22: PUSH Reg R12 2
16a24: PUSH Reg RBP 1
16a25: PUSH Reg RBX 1
16a26: MOV Reg RBX, Reg RDI 3
16a29: SUB Reg RSP, Immediate 296 7
16a30: MOV Reg RAX, Address (SizeDir 64 (AddrPlus (FromReg FS) (AddrImm 40))) 9
16a39: MOV Address (SizeDir 64 (AddrPlus (FromReg RSP) (AddrImm 280))), Reg RAX 8
16a41: XOR Reg EAX, Reg EAX 2
16a43: MOV Reg RAX, Immediate 18446744073709551615 7
16a4a: TEST Reg RSI, Reg RSI 3
16a4d: MOV Address (SizeDir 64 (AddrPlus (FromReg RSP) (AddrImm 8))), Reg RSI 5
16a52: MOV Address (SizeDir 64 (FromReg RSP)), Reg RAX 4
16a56: MOV Address (SizeDir 32 (AddrPlus (FromReg RSP) (AddrImm 16))), Immediate 0 8
16a5e: MOV Address (SizeDir 64 (AddrPlus (FromReg RSP) (AddrImm 24))), Reg RAX 5
16a63: MOV Address (SizeDir 64 (AddrPlus (FromReg RSP) (AddrImm 32))), Immediate 0 9
16a6c: MOV Address (SizeDir 64 (AddrPlus (FromReg RSP) (AddrImm 48))), Reg RAX 5
16a71: MOV Address (SizeDir 64 (AddrPlus (FromReg RSP) (AddrImm 56))), Reg RDX 5
16a76: MOV Address (SizeDir 32 (AddrPlus (FromReg RSP) (AddrImm 64))), Immediate 0 8
16a7e: MOV Address (SizeDir 64 (AddrPlus (FromReg RSP) (AddrImm 72))), Reg RAX 5
16a83: MOV Address (SizeDir 64 (AddrPlus (FromReg RSP) (AddrImm 80))), Immediate 0 9
16a8c: MOV Address (SizeDir 32 (AddrPlus (FromReg RSP) (AddrImm 144))), Immediate 5 11
16a97: MOV Address (SizeDir 32 (AddrPlus (FromReg RSP) (AddrImm 152))), Immediate 2 11
16aa2: JE 16aa7 (resolved immediate)
  |
  `- 16aa4,16aa7
16aa4: MOV Reg RAX, Address (SizeDir 64 (FromReg RSI)) 3
16aa7: TEST Reg RDX, Reg RDX 3
16aaa: MOV Address (SizeDir 64 (AddrPlus (FromReg RSP) (AddrImm 168))), Reg RAX 8
16ab2: MOV Reg RAX, Immediate 18446744073709551615 7
16ab9: JE 16abe (resolved immediate)
  |
  `- 16abb,16abe
16abb: MOV Reg RAX, Address (SizeDir 64 (FromReg RDX)) 3
16abe: LEA Reg RBP, Address (SizeDir 64 (AddrPlus (FromReg RSP) (AddrImm 96))) 5
16ac3: MOV Address (SizeDir 64 (AddrPlus (FromReg RSP) (AddrImm 176))), Reg RAX 8
16acb: LEA Reg RAX, Address (SizeDir 64 (AddrPlus (FromReg RSP) (AddrImm 144))) 8
16ad3: MOV Reg RDI, Reg RBX 3
16ad6: MOV Address (SizeDir 64 (AddrPlus (FromReg RSP) (AddrImm 96))), Immediate 0 9
16adf: MOV Address (SizeDir 64 (AddrPlus (FromReg RSP) (AddrImm 104))), Immediate 0 9
16ae8: MOV Reg RSI, Reg RBP 3
16aeb: MOV Address (SizeDir 32 (AddrPlus (FromReg RSP) (AddrImm 112))), Immediate 3 8
16af3: MOV Address (SizeDir 64 (AddrPlus (FromReg RSP) (AddrImm 120))), Reg RAX 5
16af8: MOV Address (SizeDir 64 (AddrPlus (FromReg RSP) (AddrImm 128))), Immediate 136 12
16b04: MOV Address (SizeDir 32 (AddrPlus (FromReg RSP) (AddrImm 148))), Immediate 18 11
16b0f: CALL xc__hypercall_bounce_pre (external)
16b14: TEST Reg EAX, Reg EAX 2
16b16: JNE 16bb3 (resolved immediate)
  |
  `- 16b1c,16bb3
16b1c: MOV Reg RAX, Address (SizeDir 64 (AddrPlus (FromReg RSP) (AddrImm 104))) 5
16b21: MOV Reg RDI, Address (SizeDir 64 (AddrPlus (FromReg RBX) (AddrImm 1088))) 7
16b28: MOV Reg ESI, Immediate 35 5
16b2d: TEST Reg RAX, Reg RAX 3
16b30: CMOVE Reg RAX, Reg RBP 4
16b34: MOV Reg RDX, Address (SizeDir 64 (FromReg RAX)) 3
16b37: CALL xencall1 (external)
16b3c: TEST Reg EAX, Reg EAX 2
16b3e: MOV Reg R12D, Reg EAX 3
16b41: JS 16b80 (resolved immediate)
  |
  `- 16b43,16b80
16b43: MOV Reg RSI, Address (SizeDir 64 (AddrPlus (FromReg RSP) (AddrImm 104))) 5
16b48: MOV Reg RDI, Reg RBX 3
16b4b: TEST Reg RSI, Reg RSI 3
16b4e: CMOVE Reg RSI, Reg RBP 4
16b52: CALL xc__hypercall_bounce_post (external)
16b57: MOV Reg RCX, Address (SizeDir 64 (AddrPlus (FromReg RSP) (AddrImm 280))) 8
16b5f: XOR Reg RCX, Address (SizeDir 64 (AddrPlus (FromReg FS) (AddrImm 40))) 9
16b68: MOV Reg EAX, Reg R12D 3
16b6b: JNE 16bf4 (resolved immediate)
  |
  `- 16b71,16bf4
16b71: ADD Reg RSP, Immediate 296 7
16b78: POP Reg RBX 1
16b79: POP Reg RBP 1
16b7a: POP Reg R12 2
16b7c: POP Reg R13 2
16b7e: RET  1
  |
  `- 
16b80: CALL __errno_location (external)
16b85: CMP Address (SizeDir 32 (FromReg RAX)), Immediate 13 3
16b88: MOV Reg R13, Reg RAX 3
16b8b: JNE 16b43 (resolved immediate)
  |
  `- 16b43,16b8d
16b8d: MOV Reg RSI, Address (SizeDir 64 (AddrPlus (FromReg RBX) (AddrImm 8))) 4
16b91: LEA Reg R8, Address (SizeDir 64 (AddrPlus (FromReg RIP) (AddrImm 59008))) 7
16b98: XOR Reg ECX, Reg ECX 2
16b9a: MOV Reg EDX, Immediate 3 5
16b9f: MOV Reg RDI, Reg RBX 3
16ba2: XOR Reg EAX, Reg EAX 2
16ba4: CALL xc_report (external)
16ba9: MOV Address (SizeDir 32 (FromReg R13)), Immediate 13 8
16bb1: JMP 16b43 (resolved immediate)
  |
  `- 16b43
16bb3: CALL __errno_location (external)
16bb8: MOV Reg R12D, Address (SizeDir 32 (FromReg RAX)) 3
16bbb: MOV Reg RBP, Reg RAX 3
16bbe: MOV Reg RDI, Reg RBX 3
16bc1: MOV Reg ESI, Reg R12D 3
16bc4: CALL xc_strerror (external)
16bc9: MOV Reg ECX, Address (SizeDir 32 (FromReg RBP)) 3
16bcc: LEA Reg RDX, Address (SizeDir 64 (AddrPlus (FromReg RIP) (AddrImm 58893))) 7
16bd3: MOV Reg R8, Reg RAX 3
16bd6: MOV Reg ESI, Immediate 1 5
16bdb: MOV Reg RDI, Reg RBX 3
16bde: XOR Reg EAX, Reg EAX 2
16be0: CALL xc_report_error (external)
16be5: MOV Address (SizeDir 32 (FromReg RBP)), Reg R12D 4
16be9: MOV Reg R12D, Immediate 4294967295 6
16bef: JMP 16b57 (resolved immediate)
  |
  `- 16b57
16bf4: CALL __stack_chk_fail (external)
  |
  `- 
