Number of assembly instructions     = 22
Number of indirect branches         = 0
Number of unresolved indirect jumps = 0: 
Number of unresolved indirect calls = 0: 
Number of symbolic states (representative of non-determinism): 22
Number of edges: 22

1d090 (False): 0

1d090: PUSH Reg RBX 1
1d091: MOV Reg RBX, Reg RDX 3
1d094: SUB Reg RSP, Immediate 144 7
1d09b: MOV Address (SizeDir 32 (AddrPlus (FromReg RSP) (AddrImm 12))), Reg ESI 4
1d09f: MOV Reg RSI, Reg RSP 3
1d0a2: MOV Address (SizeDir 32 (FromReg RSP)), Immediate 10 7
1d0a9: MOV Reg RAX, Address (SizeDir 64 (AddrPlus (FromReg FS) (AddrImm 40))) 9
1d0b2: MOV Address (SizeDir 64 (AddrPlus (FromReg RSP) (AddrImm 136))), Reg RAX 8
1d0ba: XOR Reg EAX, Reg EAX 2
1d0bc: MOV Address (SizeDir 32 (AddrPlus (FromReg RSP) (AddrImm 8))), Immediate 17 8
1d0c4: CALL xc_sysctl (external)
1d0c9: TEST Reg EAX, Reg EAX 2
1d0cb: JNZ 1d0d4 (resolved immediate)
  |
  `- 1d0cd,1d0d4
1d0cd: MOVZX Reg EDX, Address (SizeDir 8 (AddrPlus (FromReg RSP) (AddrImm 16))) 5
1d0d2: MOV Address (SizeDir 32 (FromReg RBX)), Reg EDX 2
1d0d4: MOV Reg RCX, Address (SizeDir 64 (AddrPlus (FromReg RSP) (AddrImm 136))) 8
1d0dc: XOR Reg RCX, Address (SizeDir 64 (AddrPlus (FromReg FS) (AddrImm 40))) 9
1d0e5: JNZ 1d0f0 (resolved immediate)
  |
  `- 1d0e7,1d0f0
1d0e7: ADD Reg RSP, Immediate 144 7
1d0ee: POP Reg RBX 1
1d0ef: RET  1
  |
  `- 
1d0f0: CALL __stack_chk_fail (external)
  |
  `- 
