Number of assembly instructions     = 97
Number of indirect branches         = 0
Number of unresolved indirect jumps = 0: 
Number of unresolved indirect calls = 0: 
Number of symbolic states (representative of non-determinism): 97
Number of edges: 101

23cd0 (False): 0

23cd0: PUSH Reg R13 2
23cd2: PUSH Reg R12 2
23cd4: PUSH Reg RBP 1
23cd5: PUSH Reg RBX 1
23cd6: SUB Reg RSP, Immediate 200 7
23cdd: MOV Reg EBX, Address (SizeDir 32 (AddrPlus (FromReg RIP) (AddrImm 2136293))) 6
23ce3: MOV Reg RAX, Address (SizeDir 64 (AddrPlus (FromReg FS) (AddrImm 40))) 9
23cec: MOV Address (SizeDir 64 (AddrPlus (FromReg RSP) (AddrImm 184))), Reg RAX 8
23cf4: XOR Reg EAX, Reg EAX 2
23cf6: TEST Reg EBX, Reg EBX 2
23cf8: JS 23d28 (resolved immediate)
  |
  `- 23cfa,23d28
23cfa: MOV Reg RCX, Address (SizeDir 64 (AddrPlus (FromReg RSP) (AddrImm 184))) 8
23d02: XOR Reg RCX, Address (SizeDir 64 (AddrPlus (FromReg FS) (AddrImm 40))) 9
23d0b: MOV Reg EAX, Reg EBX 2
23d0d: JNZ 23e81 (resolved immediate)
  |
  `- 23d13,23e81
23d13: ADD Reg RSP, Immediate 200 7
23d1a: POP Reg RBX 1
23d1b: POP Reg RBP 1
23d1c: POP Reg R12 2
23d1e: POP Reg R13 2
23d20: RET  1
  |
  `- 
23d28: LEA Reg RAX, Address (AddrPlus (FromReg RSP) (AddrImm 48)) 5
23d2d: MOV Reg R12, Reg RSP 3
23d30: MOV Reg RBP, Reg RDI 3
23d33: MOV Reg RSI, Reg R12 3
23d36: MOV Address (SizeDir 64 (FromReg RSP)), Immediate 0 8
23d3e: MOV Address (SizeDir 64 (AddrPlus (FromReg RSP) (AddrImm 8))), Immediate 0 9
23d47: MOV Address (SizeDir 64 (AddrPlus (FromReg RSP) (AddrImm 24))), Reg RAX 5
23d4c: MOV Reg RAX, Immediate 77309411349 10
23d56: MOV Address (SizeDir 32 (AddrPlus (FromReg RSP) (AddrImm 16))), Immediate 3 8
23d5e: MOV Address (SizeDir 64 (AddrPlus (FromReg RSP) (AddrImm 32))), Immediate 136 9
23d67: MOV Address (SizeDir 64 (AddrPlus (FromReg RSP) (AddrImm 48))), Reg RAX 5
23d6c: MOV Address (SizeDir 64 (AddrPlus (FromReg RSP) (AddrImm 56))), Immediate 3 9
23d75: CALL xc__hypercall_bounce_pre (external)
23d7a: TEST Reg EAX, Reg EAX 2
23d7c: MOV Reg EBX, Reg EAX 2
23d7e: JNZ 23e46 (resolved immediate)
  |
  `- 23d84,23e46
23d84: MOV Reg RAX, Address (SizeDir 64 (AddrPlus (FromReg RSP) (AddrImm 8))) 5
23d89: MOV Reg RDI, Address (SizeDir 64 (AddrPlus (FromReg RBP) (AddrImm 1088))) 7
23d90: MOV Reg ESI, Immediate 35 5
23d95: TEST Reg RAX, Reg RAX 3
23d98: CMOVZ Reg RAX, Reg R12 4
23d9c: MOV Reg RDX, Address (SizeDir 64 (FromReg RAX)) 3
23d9f: CALL xencall1 (external)
23da4: TEST Reg EAX, Reg EAX 2
23da6: MOV Reg R13D, Reg EAX 3
23da9: JS 23de0 (resolved immediate)
  |
  `- 23dab,23de0
23dab: MOV Reg RSI, Address (SizeDir 64 (AddrPlus (FromReg RSP) (AddrImm 8))) 5
23db0: MOV Reg RDI, Reg RBP 3
23db3: TEST Reg RSI, Reg RSI 3
23db6: CMOVZ Reg RSI, Reg R12 4
23dba: CALL xc__hypercall_bounce_post (external)
23dbf: TEST Reg R13D, Reg R13D 3
23dc2: JNZ 23cfa (resolved immediate)
  |
  `- 23cfa,23dc8
23dc8: MOV Reg RAX, Address (SizeDir 64 (AddrPlus (FromReg RSP) (AddrImm 64))) 5
23dcd: MOV Reg EBX, Reg EAX 2
23dcf: MOV Address (SizeDir 32 (AddrPlus (FromReg RIP) (AddrImm 2136051))), Reg EAX 6
23dd5: JMP 23cfa (resolved immediate)
  |
  `- 23cfa
23de0: CALL __errno_location (external)
23de5: CMP Address (SizeDir 32 (FromReg RAX)), Immediate 13 3
23de8: MOV Reg R13, Reg RAX 3
23deb: JZ 23e08 (resolved immediate)
  |
  `- 23ded,23e08
23ded: MOV Reg RSI, Address (SizeDir 64 (AddrPlus (FromReg RSP) (AddrImm 8))) 5
23df2: TEST Reg RSI, Reg RSI 3
23df5: JZ 23e36 (resolved immediate)
  |
  `- 23e36
23e08: MOV Reg RSI, Address (SizeDir 64 (AddrPlus (FromReg RBP) (AddrImm 8))) 4
23e0c: LEA Reg R8, Address (AddrPlus (FromReg RIP) (AddrImm 5125)) 7
23e13: XOR Reg ECX, Reg ECX 2
23e15: XOR Reg EAX, Reg EAX 2
23e17: MOV Reg EDX, Immediate 3 5
23e1c: MOV Reg RDI, Reg RBP 3
23e1f: CALL xc_report (external)
23e24: MOV Reg RSI, Address (SizeDir 64 (AddrPlus (FromReg RSP) (AddrImm 8))) 5
23e29: MOV Address (SizeDir 32 (AddrPlus (FromReg R13) (AddrImm 0))), Immediate 13 8
23e31: TEST Reg RSI, Reg RSI 3
23e34: JNZ 23df7 (resolved immediate)
23e36: MOV Reg RSI, Reg R12 3
23e39: MOV Reg RDI, Reg RBP 3
23e3c: CALL xc__hypercall_bounce_post (external)
23e41: JMP 23cfa (resolved immediate)
  |
  `- 23cfa
23e46: CALL __errno_location (external)
23e4b: MOV Reg R12D, Address (SizeDir 32 (FromReg RAX)) 3
23e4e: MOV Reg RBX, Reg RAX 3
23e51: MOV Reg RDI, Reg RBP 3
23e54: MOV Reg ESI, Reg R12D 3
23e57: CALL xc_strerror (external)
23e5c: MOV Reg ECX, Address (SizeDir 32 (FromReg RBX)) 2
23e5e: LEA Reg RDX, Address (AddrPlus (FromReg RIP) (AddrImm 4987)) 7
23e65: MOV Reg R8, Reg RAX 3
23e68: MOV Reg ESI, Immediate 1 5
23e6d: MOV Reg RDI, Reg RBP 3
23e70: XOR Reg EAX, Reg EAX 2
23e72: CALL xc_report_error (external)
23e77: MOV Address (SizeDir 32 (FromReg RBX)), Reg R12D 3
23e7a: XOR Reg EBX, Reg EBX 2
23e7c: JMP 23cfa (resolved immediate)
  |
  `- 23cfa
23e81: CALL __stack_chk_fail (external)
  |
  `- 
