Number of assembly instructions     = 86
Number of indirect branches         = 0
Number of unresolved indirect jumps = 0: 
Number of unresolved indirect calls = 0: 
Number of symbolic states (representative of non-determinism): 89
Number of edges: 96

166f0 (False): 0

166f0: PUSH Reg R13 2
166f2: PUSH Reg R12 2
166f4: PUSH Reg RBP 1
166f5: PUSH Reg RBX 1
166f6: MOV Reg RBX, Reg RDI 3
166f9: SUB Reg RSP, Immediate 200 7
16700: MOV Reg RDX, Address (SizeDir 64 (AddrPlus (FromReg RIP) (AddrImm 2189529))) 7
16707: MOV Reg RAX, Address (SizeDir 64 (AddrPlus (FromReg FS) (AddrImm 40))) 9
16710: MOV Address (SizeDir 64 (AddrPlus (FromReg RSP) (AddrImm 184))), Reg RAX 8
16718: XOR Reg EAX, Reg EAX 2
1671a: MOV Address (SizeDir 32 (AddrPlus (FromReg RSP) (AddrImm 48))), Immediate 5 8
16722: MOV Address (SizeDir 32 (AddrPlus (FromReg RSP) (AddrImm 56))), Immediate 1 8
1672a: MOV Reg RBP, Reg RSP 3
1672d: MOV Reg RAX, Address (SizeDir 64 (AddrPlus (FromReg RDX) (AddrImm 8))) 4
16731: MOV Reg RSI, Reg RBP 3
16734: TEST Reg RAX, Reg RAX 3
16737: CMOVZ Reg RAX, Reg RDX 4
1673b: MOV Reg RDX, Address (SizeDir 64 (FromReg RAX)) 3
1673e: MOV Address (SizeDir 64 (AddrPlus (FromReg RSP) (AddrImm 72))), Reg RDX 5
16743: MOV Reg RAX, Address (SizeDir 64 (FromReg RAX)) 3
16746: MOV Address (SizeDir 64 (FromReg RSP)), Immediate 0 8
1674e: MOV Address (SizeDir 64 (AddrPlus (FromReg RSP) (AddrImm 8))), Immediate 0 9
16757: MOV Address (SizeDir 32 (AddrPlus (FromReg RSP) (AddrImm 16))), Immediate 3 8
1675f: MOV Address (SizeDir 64 (AddrPlus (FromReg RSP) (AddrImm 32))), Immediate 136 9
16768: MOV Address (SizeDir 64 (AddrPlus (FromReg RSP) (AddrImm 80))), Reg RAX 5
1676d: LEA Reg RAX, Address (AddrPlus (FromReg RSP) (AddrImm 48)) 5
16772: MOV Address (SizeDir 32 (AddrPlus (FromReg RSP) (AddrImm 52))), Immediate 18 8
1677a: MOV Address (SizeDir 64 (AddrPlus (FromReg RSP) (AddrImm 24))), Reg RAX 5
1677f: CALL xc__hypercall_bounce_pre (external)
16784: TEST Reg EAX, Reg EAX 2
16786: JNZ 16823 (resolved immediate)
  |
  `- 1678c,16823
1678c: MOV Reg RAX, Address (SizeDir 64 (AddrPlus (FromReg RSP) (AddrImm 8))) 5
16791: MOV Reg RDI, Address (SizeDir 64 (AddrPlus (FromReg RBX) (AddrImm 1088))) 7
16798: MOV Reg ESI, Immediate 35 5
1679d: TEST Reg RAX, Reg RAX 3
167a0: CMOVZ Reg RAX, Reg RBP 4
167a4: MOV Reg RDX, Address (SizeDir 64 (FromReg RAX)) 3
167a7: CALL xencall1 (external)
167ac: TEST Reg EAX, Reg EAX 2
167ae: MOV Reg R12D, Reg EAX 3
167b1: JS 167f0 (resolved immediate)
  |
  `- 167b3,167f0
167b3: MOV Reg RSI, Address (SizeDir 64 (AddrPlus (FromReg RSP) (AddrImm 8))) 5
167b8: MOV Reg RDI, Reg RBX 3
167bb: TEST Reg RSI, Reg RSI 3
167be: CMOVZ Reg RSI, Reg RBP 4
167c2: CALL xc__hypercall_bounce_post (external)
167c7: MOV Reg RCX, Address (SizeDir 64 (AddrPlus (FromReg RSP) (AddrImm 184))) 8
167cf: XOR Reg RCX, Address (SizeDir 64 (AddrPlus (FromReg FS) (AddrImm 40))) 9
167d8: MOV Reg EAX, Reg R12D 3
167db: JNZ 16864 (resolved immediate)
  |
  `- 167e1,16864
167e1: ADD Reg RSP, Immediate 200 7
167e8: POP Reg RBX 1
167e9: POP Reg RBP 1
167ea: POP Reg R12 2
167ec: POP Reg R13 2
167ee: RET  1
  |
  `- 
167f0: CALL __errno_location (external)
167f5: CMP Address (SizeDir 32 (FromReg RAX)), Immediate 13 3
167f8: MOV Reg R13, Reg RAX 3
167fb: JNZ 167b3 (resolved immediate)
  |
  `- 167b3,167fd
167fd: MOV Reg RSI, Address (SizeDir 64 (AddrPlus (FromReg RBX) (AddrImm 8))) 4
16801: LEA Reg R8, Address (AddrPlus (FromReg RIP) (AddrImm 59920)) 7
16808: XOR Reg ECX, Reg ECX 2
1680a: MOV Reg EDX, Immediate 3 5
1680f: MOV Reg RDI, Reg RBX 3
16812: XOR Reg EAX, Reg EAX 2
16814: CALL xc_report (external)
16819: MOV Address (SizeDir 32 (AddrPlus (FromReg R13) (AddrImm 0))), Immediate 13 8
16821: JMP 167b3 (resolved immediate)
  |
  `- 167b3
16823: CALL __errno_location (external)
16828: MOV Reg R12D, Address (SizeDir 32 (FromReg RAX)) 3
1682b: MOV Reg RBP, Reg RAX 3
1682e: MOV Reg RDI, Reg RBX 3
16831: MOV Reg ESI, Reg R12D 3
16834: CALL xc_strerror (external)
16839: MOV Reg ECX, Address (SizeDir 32 (AddrPlus (FromReg RBP) (AddrImm 0))) 3
1683c: LEA Reg RDX, Address (AddrPlus (FromReg RIP) (AddrImm 59805)) 7
16843: MOV Reg R8, Reg RAX 3
16846: MOV Reg ESI, Immediate 1 5
1684b: MOV Reg RDI, Reg RBX 3
1684e: XOR Reg EAX, Reg EAX 2
16850: CALL xc_report_error (external)
16855: MOV Address (SizeDir 32 (AddrPlus (FromReg RBP) (AddrImm 0))), Reg R12D 4
16859: MOV Reg R12D, Immediate 4294967295 6
1685f: JMP 167c7 (resolved immediate)
  |
  `- 167c7
16864: CALL __stack_chk_fail (external)
  |
  `- 
