Number of assembly instructions     = 14
Number of indirect branches         = 0
Number of unresolved indirect jumps = 0: 
Number of unresolved indirect calls = 0: 
Number of symbolic states (representative of non-determinism): 14
Number of edges: 13

19810 (False): 0

19810: TEST Reg RSI, Reg RSI 3
19813: JE 1982d (resolved immediate)
  |
  `- 19815,1982d
19815: MOV Reg RDI, Address (SizeDir 64 (AddrPlus (FromReg RDI) (AddrImm 8))) 4
19819: MOV Reg RDX, Reg RSI 3
1981c: LEA Reg RSI, Address (SizeDir 64 (AddrPlus (FromReg RIP) (AddrImm 50659))) 7
19823: XOR Reg R8D, Reg R8D 3
19826: XOR Reg ECX, Reg ECX 2
19828: JMP xtl_progress (jmp to external function)
  |
  `- 
1982d: LEA Reg RCX, Address (SizeDir 64 (AddrPlus (FromReg RIP) (AddrImm 50796))) 7
19834: LEA Reg RSI, Address (SizeDir 64 (AddrPlus (FromReg RIP) (AddrImm 50638))) 7
1983b: LEA Reg RDI, Address (SizeDir 64 (AddrPlus (FromReg RIP) (AddrImm 50644))) 7
19842: SUB Reg RSP, Immediate 8 4
19846: MOV Reg EDX, Immediate 218 5
1984b: CALL __assert_fail (external)
  |
  `- 
