Number of assembly instructions     = 35
Number of indirect branches         = 0
Number of unresolved indirect jumps = 0: 
Number of unresolved indirect calls = 0: 
Number of symbolic states (representative of non-determinism): 35
Number of edges: 35

19740 (False): 0

19740: SUB Reg RSP, Immediate 216 7
19747: TEST Reg AL, Reg AL 2
19749: MOV Address (SizeDir 64 (AddrPlus (FromReg RSP) (AddrImm 56))), Reg RCX 5
1974e: MOV Address (SizeDir 64 (AddrPlus (FromReg RSP) (AddrImm 64))), Reg R8 5
19753: MOV Address (SizeDir 64 (AddrPlus (FromReg RSP) (AddrImm 72))), Reg R9 5
19758: JZ 19791 (resolved immediate)
  |
  `- 1975a,19791
1975a: MOVAPS Address (SizeDir 128 (AddrPlus (FromReg RSP) (AddrImm 80))), Reg XMM0 5
1975f: MOVAPS Address (SizeDir 128 (AddrPlus (FromReg RSP) (AddrImm 96))), Reg XMM1 5
19764: MOVAPS Address (SizeDir 128 (AddrPlus (FromReg RSP) (AddrImm 112))), Reg XMM2 5
19769: MOVAPS Address (SizeDir 128 (AddrPlus (FromReg RSP) (AddrImm 128))), Reg XMM3 8
19771: MOVAPS Address (SizeDir 128 (AddrPlus (FromReg RSP) (AddrImm 144))), Reg XMM4 8
19779: MOVAPS Address (SizeDir 128 (AddrPlus (FromReg RSP) (AddrImm 160))), Reg XMM5 8
19781: MOVAPS Address (SizeDir 128 (AddrPlus (FromReg RSP) (AddrImm 176))), Reg XMM6 8
19789: MOVAPS Address (SizeDir 128 (AddrPlus (FromReg RSP) (AddrImm 192))), Reg XMM7 8
19791: MOV Reg RAX, Address (SizeDir 64 (AddrPlus (FromReg FS) (AddrImm 40))) 9
1979a: MOV Address (SizeDir 64 (AddrPlus (FromReg RSP) (AddrImm 24))), Reg RAX 5
1979f: XOR Reg EAX, Reg EAX 2
197a1: LEA Reg RAX, Address (AddrPlus (FromReg RSP) (AddrImm 224)) 8
197a9: MOV Reg ECX, Reg ESI 2
197ab: MOV Reg R8, Reg RDX 3
197ae: MOV Reg R9, Reg RSP 3
197b1: MOV Reg EDX, Immediate 8 5
197b6: MOV Reg RSI, Address (SizeDir 64 (AddrPlus (FromReg RDI) (AddrImm 8))) 4
197ba: MOV Address (SizeDir 64 (AddrPlus (FromReg RSP) (AddrImm 8))), Reg RAX 5
197bf: LEA Reg RAX, Address (AddrPlus (FromReg RSP) (AddrImm 32)) 5
197c4: MOV Address (SizeDir 32 (FromReg RSP)), Immediate 24 7
197cb: MOV Address (SizeDir 32 (AddrPlus (FromReg RSP) (AddrImm 4))), Immediate 48 8
197d3: MOV Address (SizeDir 64 (AddrPlus (FromReg RSP) (AddrImm 16))), Reg RAX 5
197d8: CALL xc_reportv (external)
197dd: MOV Reg RAX, Address (SizeDir 64 (AddrPlus (FromReg RSP) (AddrImm 24))) 5
197e2: XOR Reg RAX, Address (SizeDir 64 (AddrPlus (FromReg FS) (AddrImm 40))) 9
197eb: JNZ 197f5 (resolved immediate)
  |
  `- 197ed,197f5
197ed: ADD Reg RSP, Immediate 216 7
197f4: RET  1
  |
  `- 
197f5: CALL __stack_chk_fail (external)
  |
  `- 
