Number of assembly instructions     = 286
Number of indirect branches         = 0
Number of unresolved indirect jumps = 0: 
Number of unresolved indirect calls = 0: 
Number of symbolic states (representative of non-determinism): 286
Number of edges: 299

22ed0 (False): 0

22ed0: PUSH Reg R15 2
22ed2: PUSH Reg R14 2
22ed4: PUSH Reg R13 2
22ed6: PUSH Reg R12 2
22ed8: PUSH Reg RBP 1
22ed9: PUSH Reg RBX 1
22eda: MOV Reg RBX, Reg RDI 3
22edd: SUB Reg RSP, Immediate 376 7
22ee4: MOV Reg RAX, Address (SizeDir 64 (AddrPlus (FromReg FS) (AddrImm 40))) 9
22eed: MOV Address (SizeDir 64 (AddrPlus (FromReg RSP) (AddrImm 360))), Reg RAX 8
22ef5: XOR Reg EAX, Reg EAX 2
22ef7: CMP Reg ESI, Immediate 1 3
22efa: MOV Address (SizeDir 64 (AddrPlus (FromReg RSP) (AddrImm 48))), Reg RDX 5
22eff: JE 23130 (resolved immediate)
  |
  `- 22f05,23130
22f05: JBE 234a0 (resolved immediate)
  |
  `- 22f0b,234a0
22f0b: MOV Reg EAX, Reg ESI 2
22f0d: MOV Reg R12D, Reg ESI 3
22f10: LEA Reg RSI, Address (SizeDir 64 (AddrPlus (FromReg RSP) (AddrImm 80))) 5
22f15: MOV Reg RDX, Reg RAX 3
22f18: MOV Reg RBP, Immediate 18446744073709551615 7
22f1f: MOV Address (SizeDir 64 (AddrPlus (FromReg RSP) (AddrImm 80))), Immediate 0 9
22f28: SHL Reg RDX, Immediate 6 4
22f2c: MOV Address (SizeDir 64 (AddrPlus (FromReg RSP) (AddrImm 88))), Immediate 0 9
22f35: MOV Address (SizeDir 32 (AddrPlus (FromReg RSP) (AddrImm 96))), Immediate 0 8
22f3d: MOV Address (SizeDir 64 (AddrPlus (FromReg RSP) (AddrImm 104))), Reg RBP 5
22f42: MOV Address (SizeDir 64 (AddrPlus (FromReg RSP) (AddrImm 112))), Immediate 0 9
22f4b: MOV Address (SizeDir 64 (AddrPlus (FromReg RSP) (AddrImm 64))), Reg RAX 5
22f50: MOV Address (SizeDir 64 (AddrPlus (FromReg RSP) (AddrImm 56))), Reg RSI 5
22f55: CALL xc__hypercall_buffer_alloc (external)
22f5a: TEST Reg RAX, Reg RAX 3
22f5d: MOV Reg R14, Reg RAX 3
22f60: MOV Address (SizeDir 64 (AddrPlus (FromReg RSP) (AddrImm 72))), Reg RAX 5
22f65: JE 232a8 (resolved immediate)
  |
  `- 22f6b,232a8
22f6b: MOV Reg ESI, Reg R12D 3
22f6e: MOV Reg RDI, Reg RBX 3
22f71: CALL xc_hypercall_buffer_array_create (external)
22f76: TEST Reg RAX, Reg RAX 3
22f79: MOV Address (SizeDir 64 (AddrPlus (FromReg RSP) (AddrImm 24))), Reg RAX 5
22f7e: JE 232d8 (resolved immediate)
  |
  `- 22f84,232d8
22f84: MOV Reg ESI, Reg R12D 3
22f87: MOV Reg RDI, Reg RBX 3
22f8a: CALL xc_hypercall_buffer_array_create (external)
22f8f: TEST Reg RAX, Reg RAX 3
22f92: MOV Address (SizeDir 64 (AddrPlus (FromReg RSP) (AddrImm 8))), Reg RAX 5
22f97: JE 232d8 (resolved immediate)
  |
  `- 22f9d,232d8
22f9d: MOV Reg RAX, Address (SizeDir 64 (AddrPlus (FromReg RSP) (AddrImm 48))) 5
22fa2: MOV Address (SizeDir 32 (AddrPlus (FromReg RSP) (AddrImm 44))), Reg R12D 5
22fa7: XOR Reg R13D, Reg R13D 3
22faa: MOV Address (SizeDir 64 (AddrPlus (FromReg RSP) (AddrImm 32))), Reg RBP 5
22faf: LEA Reg R15, Address (SizeDir 64 (AddrPlus (FromReg RAX) (AddrImm 8))) 4
22fb3: LEA Reg RAX, Address (SizeDir 64 (AddrPlus (FromReg RSP) (AddrImm 128))) 8
22fbb: MOV Address (SizeDir 64 (FromReg RSP)), Reg RAX 4
22fbf: LEA Reg RAX, Address (SizeDir 64 (AddrPlus (FromReg RSP) (AddrImm 176))) 8
22fc7: MOV Reg R12, Reg R15 3
22fca: MOV Address (SizeDir 64 (AddrPlus (FromReg RSP) (AddrImm 16))), Reg RAX 5
22fcf: JMP 23090 (resolved immediate)
  |
  `- 23090
22fd8: MOV Reg EAX, Address (SizeDir 32 (AddrPlus (FromReg R12) (AddrImm 4))) 5
22fdd: MOV Reg RCX, Address (SizeDir 64 (AddrPlus (FromReg RSP) (AddrImm 184))) 8
22fe5: MOV Reg EDX, Reg R13D 3
22fe8: MOV Reg RSI, Address (SizeDir 64 (AddrPlus (FromReg RSP) (AddrImm 8))) 5
22fed: MOV Reg RDI, Reg RBX 3
22ff0: LEA Reg R9D, Address (SizeDir 32 (AddrPlus (FromReg RAX) (AddrTimes (AddrImm 2) (FromReg RAX)))) 4
22ff4: SHL Reg R9D, Immediate 3 4
22ff8: TEST Reg RCX, Reg RCX 3
22ffb: CMOVE Reg RCX, Address (SizeDir 64 (AddrPlus (FromReg RSP) (AddrImm 16))) 6
23001: MOVSXD Reg RBP, Reg R9D 3
23004: MOV Reg R8, Reg RBP 3
23007: CALL xc__hypercall_buffer_array_alloc (external)
2300c: TEST Reg RAX, Reg RAX 3
2300f: JE 232e1 (resolved immediate)
  |
  `- 23015,232e1
23015: MOV Reg RSI, Address (SizeDir 64 (AddrPlus (FromReg R12) (AddrImm 8))) 5
2301a: MOV Reg RDI, Reg RAX 3
2301d: MOV Reg RDX, Reg RBP 3
23020: CALL memcpy (external)
23025: MOV Address (SizeDir 64 (FromReg R14)), Immediate 7 7
2302c: MOV Reg RAX, Address (SizeDir 64 (AddrPlus (FromReg RSP) (AddrImm 136))) 8
23034: MOVABS Reg RDI, Immediate 216172786408751165 10
2303e: TEST Reg RAX, Reg RAX 3
23041: CMOVE Reg RAX, Address (SizeDir 64 (FromReg RSP)) 5
23046: MOV Reg RAX, Address (SizeDir 64 (FromReg RAX)) 3
23049: MOV Address (SizeDir 64 (AddrPlus (FromReg R14) (AddrImm 16))), Reg RAX 4
2304d: MOV Address (SizeDir 64 (FromReg R15)), Reg RDI 3
23050: MOV Reg EAX, Address (SizeDir 32 (FromReg R12)) 4
23054: MOV Address (SizeDir 32 (AddrPlus (FromReg R15) (AddrImm 12))), Reg EAX 4
23058: MOV Reg EAX, Address (SizeDir 32 (AddrPlus (FromReg R12) (AddrImm 4))) 5
2305d: MOV Address (SizeDir 32 (AddrPlus (FromReg R15) (AddrImm 8))), Reg EAX 4
23061: MOV Reg RAX, Address (SizeDir 64 (AddrPlus (FromReg RSP) (AddrImm 184))) 8
23069: TEST Reg RAX, Reg RAX 3
2306c: CMOVE Reg RAX, Address (SizeDir 64 (AddrPlus (FromReg RSP) (AddrImm 16))) 6
23072: ADD Reg R13D, Immediate 1 4
23076: ADD Reg R14, Immediate 64 4
2307a: ADD Reg R12, Immediate 24 4
2307e: CMP Address (SizeDir 32 (AddrPlus (FromReg RSP) (AddrImm 44))), Reg R13D 5
23083: MOV Reg RAX, Address (SizeDir 64 (FromReg RAX)) 3
23086: MOV Address (SizeDir 64 (AddrPlus (FromReg R15) (AddrImm 16))), Reg RAX 4
2308a: JE 23320 (resolved immediate)
  |
  `- 23090,23320
23090: MOV Reg RAX, Address (SizeDir 64 (AddrPlus (FromReg RSP) (AddrImm 32))) 5
23095: MOV Reg RCX, Address (SizeDir 64 (FromReg RSP)) 4
23099: MOV Reg R8D, Immediate 136 6
2309f: MOV Reg RSI, Address (SizeDir 64 (AddrPlus (FromReg RSP) (AddrImm 24))) 5
230a4: MOV Reg EDX, Reg R13D 3
230a7: MOV Reg RDI, Reg RBX 3
230aa: MOV Address (SizeDir 64 (AddrPlus (FromReg RSP) (AddrImm 128))), Immediate 0 12
230b6: MOV Address (SizeDir 64 (AddrPlus (FromReg RSP) (AddrImm 136))), Immediate 0 12
230c2: MOV Address (SizeDir 32 (AddrPlus (FromReg RSP) (AddrImm 144))), Immediate 0 11
230cd: MOV Address (SizeDir 64 (AddrPlus (FromReg RSP) (AddrImm 152))), Reg RAX 8
230d5: MOV Address (SizeDir 64 (AddrPlus (FromReg RSP) (AddrImm 160))), Immediate 0 12
230e1: MOV Address (SizeDir 64 (AddrPlus (FromReg RSP) (AddrImm 176))), Immediate 0 12
230ed: MOV Address (SizeDir 64 (AddrPlus (FromReg RSP) (AddrImm 184))), Immediate 0 12
230f9: MOV Address (SizeDir 32 (AddrPlus (FromReg RSP) (AddrImm 192))), Immediate 0 11
23104: MOV Address (SizeDir 64 (AddrPlus (FromReg RSP) (AddrImm 200))), Reg RAX 8
2310c: MOV Address (SizeDir 64 (AddrPlus (FromReg RSP) (AddrImm 208))), Immediate 0 12
23118: CALL xc__hypercall_buffer_array_alloc (external)
2311d: TEST Reg RAX, Reg RAX 3
23120: MOV Reg R15, Reg RAX 3
23123: JNE 22fd8 (resolved immediate)
  |
  `- 22fd8,23129
23129: JMP 232e1 (resolved immediate)
  |
  `- 232e1
23130: MOV Reg RAX, Address (SizeDir 64 (AddrPlus (FromReg RDX) (AddrImm 16))) 4
23134: LEA Reg R15, Address (SizeDir 64 (AddrPlus (FromReg RSP) (AddrImm 128))) 8
2313c: MOV Address (SizeDir 64 (AddrPlus (FromReg RSP) (AddrImm 128))), Immediate 0 12
23148: MOV Address (SizeDir 64 (AddrPlus (FromReg RSP) (AddrImm 136))), Immediate 0 12
23154: MOV Address (SizeDir 32 (AddrPlus (FromReg RSP) (AddrImm 144))), Immediate 3 11
2315f: MOV Reg R14, Reg RDX 3
23162: MOV Reg RSI, Reg R15 3
23165: MOV Address (SizeDir 64 (FromReg RSP)), Reg R15 4
23169: MOV Address (SizeDir 64 (AddrPlus (FromReg RSP) (AddrImm 152))), Reg RAX 8
23171: MOV Reg EAX, Address (SizeDir 32 (AddrPlus (FromReg RDX) (AddrImm 12))) 3
23174: LEA Reg RAX, Address (SizeDir 64 (AddrPlus (FromReg RAX) (AddrTimes (AddrImm 2) (FromReg RAX)))) 4
23178: SHL Reg RAX, Immediate 3 4
2317c: MOV Address (SizeDir 64 (AddrPlus (FromReg RSP) (AddrImm 160))), Reg RAX 8
23184: CALL xc__hypercall_bounce_pre (external)
23189: TEST Reg EAX, Reg EAX 2
2318b: JNE 234a0 (resolved immediate)
  |
  `- 23191,234a0
23191: MOV Reg EAX, Address (SizeDir 32 (AddrPlus (FromReg R14) (AddrImm 12))) 4
23195: MOV Address (SizeDir 32 (AddrPlus (FromReg RSP) (AddrImm 224))), Immediate 61 11
231a0: MOV Reg RDI, Reg RBX 3
231a3: MOV Address (SizeDir 32 (AddrPlus (FromReg RSP) (AddrImm 232))), Reg EAX 7
231aa: MOV Reg EAX, Address (SizeDir 32 (AddrPlus (FromReg R14) (AddrImm 8))) 4
231ae: MOV Address (SizeDir 32 (AddrPlus (FromReg RSP) (AddrImm 236))), Reg EAX 7
231b5: MOV Reg RAX, Address (SizeDir 64 (AddrPlus (FromReg RSP) (AddrImm 136))) 8
231bd: TEST Reg RAX, Reg RAX 3
231c0: CMOVE Reg RAX, Reg R15 4
231c4: MOV Reg RAX, Address (SizeDir 64 (FromReg RAX)) 3
231c7: MOV Address (SizeDir 64 (AddrPlus (FromReg RSP) (AddrImm 176))), Immediate 0 12
231d3: MOV Address (SizeDir 64 (AddrPlus (FromReg RSP) (AddrImm 184))), Immediate 0 12
231df: MOV Address (SizeDir 32 (AddrPlus (FromReg RSP) (AddrImm 192))), Immediate 3 11
231ea: MOV Address (SizeDir 64 (AddrPlus (FromReg RSP) (AddrImm 208))), Immediate 136 12
231f6: MOV Address (SizeDir 32 (AddrPlus (FromReg RSP) (AddrImm 228))), Immediate 50331649 11
23201: MOV Address (SizeDir 64 (AddrPlus (FromReg RSP) (AddrImm 240))), Reg RAX 8
23209: LEA Reg RAX, Address (SizeDir 64 (AddrPlus (FromReg RSP) (AddrImm 224))) 8
23211: MOV Address (SizeDir 64 (AddrPlus (FromReg RSP) (AddrImm 200))), Reg RAX 8
23219: LEA Reg RAX, Address (SizeDir 64 (AddrPlus (FromReg RSP) (AddrImm 176))) 8
23221: MOV Reg RSI, Reg RAX 3
23224: MOV Address (SizeDir 64 (AddrPlus (FromReg RSP) (AddrImm 16))), Reg RAX 5
23229: CALL xc__hypercall_bounce_pre (external)
2322e: TEST Reg EAX, Reg EAX 2
23230: JNE 234aa (resolved immediate)
23236: MOV Reg RAX, Address (SizeDir 64 (AddrPlus (FromReg RSP) (AddrImm 184))) 8
2323e: MOV Reg RDI, Address (SizeDir 64 (AddrPlus (FromReg RBX) (AddrImm 1088))) 7
23245: MOV Reg ESI, Immediate 7 5
2324a: TEST Reg RAX, Reg RAX 3
2324d: CMOVE Reg RAX, Address (SizeDir 64 (AddrPlus (FromReg RSP) (AddrImm 16))) 6
23253: MOV Reg RDX, Address (SizeDir 64 (FromReg RAX)) 3
23256: CALL xencall1 (external)
2325b: TEST Reg EAX, Reg EAX 2
2325d: MOV Reg EBP, Reg EAX 2
2325f: JS 23420 (resolved immediate)
  |
  `- 23265,23420
23265: MOV Reg RSI, Address (SizeDir 64 (AddrPlus (FromReg RSP) (AddrImm 184))) 8
2326d: MOV Reg RDI, Reg RBX 3
23270: TEST Reg RSI, Reg RSI 3
23273: CMOVE Reg RSI, Address (SizeDir 64 (AddrPlus (FromReg RSP) (AddrImm 16))) 6
23279: CALL xc__hypercall_bounce_post (external)
2327e: MOVSXD Reg RAX, Reg EBP 3
23281: MOV Reg RSI, Address (SizeDir 64 (AddrPlus (FromReg RSP) (AddrImm 136))) 8
23289: MOV Reg RCX, Address (SizeDir 64 (AddrPlus (FromReg RSP) (AddrImm 48))) 5
2328e: MOV Reg RDI, Reg RBX 3
23291: TEST Reg RSI, Reg RSI 3
23294: CMOVE Reg RSI, Address (SizeDir 64 (FromReg RSP)) 5
23299: MOV Address (SizeDir 64 (FromReg RCX)), Reg RAX 3
2329c: CALL xc__hypercall_bounce_post (external)
232a1: NOP  7
232a8: MOV Reg RBX, Address (SizeDir 64 (AddrPlus (FromReg RSP) (AddrImm 360))) 8
232b0: XOR Reg RBX, Address (SizeDir 64 (AddrPlus (FromReg FS) (AddrImm 40))) 9
232b9: MOV Reg EAX, Reg EBP 2
232bb: JNE 234ee (resolved immediate)
  |
  `- 232c1,234ee
232c1: ADD Reg RSP, Immediate 376 7
232c8: POP Reg RBX 1
232c9: POP Reg RBP 1
232ca: POP Reg R12 2
232cc: POP Reg R13 2
232ce: POP Reg R14 2
232d0: POP Reg R15 2
232d2: RET  1
  |
  `- 
232d8: MOV Address (SizeDir 64 (AddrPlus (FromReg RSP) (AddrImm 8))), Immediate 0 9
232e1: MOV Reg EBP, Immediate 4294967295 5
232e6: MOV Reg RSI, Address (SizeDir 64 (AddrPlus (FromReg RSP) (AddrImm 8))) 5
232eb: MOV Reg RDI, Reg RBX 3
232ee: CALL xc_hypercall_buffer_array_destroy (external)
232f3: MOV Reg RSI, Address (SizeDir 64 (AddrPlus (FromReg RSP) (AddrImm 24))) 5
232f8: MOV Reg RDI, Reg RBX 3
232fb: CALL xc_hypercall_buffer_array_destroy (external)
23300: MOV Reg RSI, Address (SizeDir 64 (AddrPlus (FromReg RSP) (AddrImm 88))) 5
23305: MOV Reg RDI, Reg RBX 3
23308: TEST Reg RSI, Reg RSI 3
2330b: CMOVE Reg RSI, Address (SizeDir 64 (AddrPlus (FromReg RSP) (AddrImm 56))) 6
23311: CALL xc__hypercall_buffer_free (external)
23316: JMP 232a8 (resolved immediate)
  |
  `- 232a8
23320: MOV Reg RAX, Address (SizeDir 64 (AddrPlus (FromReg RSP) (AddrImm 88))) 5
23325: MOV Reg RDI, Address (SizeDir 64 (AddrPlus (FromReg RBX) (AddrImm 1088))) 7
2332c: MOV Reg ESI, Immediate 13 5
23331: MOV Reg RCX, Address (SizeDir 64 (AddrPlus (FromReg RSP) (AddrImm 64))) 5
23336: MOV Reg R12D, Address (SizeDir 32 (AddrPlus (FromReg RSP) (AddrImm 44))) 5
2333b: TEST Reg RAX, Reg RAX 3
2333e: CMOVE Reg RAX, Address (SizeDir 64 (AddrPlus (FromReg RSP) (AddrImm 56))) 6
23344: MOV Reg RDX, Address (SizeDir 64 (FromReg RAX)) 3
23347: CALL xencall2 (external)
2334c: TEST Reg EAX, Reg EAX 2
2334e: MOV Reg EBP, Reg EAX 2
23350: JS 23460 (resolved immediate)
  |
  `- 23356,23460
23356: MOV Reg R10, Address (SizeDir 64 (AddrPlus (FromReg RSP) (AddrImm 72))) 5
2335b: MOV Reg R14, Address (SizeDir 64 (AddrPlus (FromReg RSP) (AddrImm 48))) 5
23360: LEA Reg RAX, Address (SizeDir 64 (AddrPlus (FromReg RSP) (AddrImm 176))) 8
23368: XOR Reg R15D, Reg R15D 3
2336b: MOV Address (SizeDir 32 (FromReg RSP)), Reg EBP 3
2336e: MOV Address (SizeDir 64 (AddrPlus (FromReg RSP) (AddrImm 16))), Reg RAX 5
23373: MOV Reg EBP, Reg R15D 3
23376: ADD Reg R10, Immediate 8 4
2337a: MOV Reg R15, Reg R14 3
2337d: MOV Reg R14D, Reg R12D 3
23380: MOV Reg R12, Reg R10 3
23383: NOP  5
23388: MOV Address (SizeDir 64 (AddrPlus (FromReg RSP) (AddrImm 176))), Immediate 0 12
23394: MOV Address (SizeDir 64 (AddrPlus (FromReg RSP) (AddrImm 184))), Immediate 0 12
233a0: MOV Reg EDX, Reg EBP 2
233a2: MOV Address (SizeDir 32 (AddrPlus (FromReg RSP) (AddrImm 192))), Immediate 0 11
233ad: MOV Address (SizeDir 64 (AddrPlus (FromReg RSP) (AddrImm 200))), Immediate 18446744073709551615 12
233b9: MOV Reg RDI, Reg RBX 3
233bc: MOV Address (SizeDir 64 (AddrPlus (FromReg RSP) (AddrImm 208))), Immediate 0 12
233c8: MOV Reg RAX, Address (SizeDir 64 (FromReg R12)) 4
233cc: ADD Reg EBP, Immediate 1 3
233cf: MOV Reg RCX, Address (SizeDir 64 (AddrPlus (FromReg RSP) (AddrImm 16))) 5
233d4: MOV Reg RSI, Address (SizeDir 64 (AddrPlus (FromReg RSP) (AddrImm 8))) 5
233d9: ADD Reg R12, Immediate 64 4
233dd: ADD Reg R15, Immediate 24 4
233e1: MOV Address (SizeDir 64 (AddrMinus (FromReg R15) (AddrImm 24))), Reg RAX 4
233e5: MOV Reg EAX, Address (SizeDir 32 (AddrMinus (FromReg R15) (AddrImm 12))) 4
233e9: LEA Reg R13D, Address (SizeDir 32 (AddrPlus (FromReg RAX) (AddrTimes (AddrImm 2) (FromReg RAX)))) 4
233ed: CALL xc__hypercall_buffer_array_get (external)
233f2: MOV Reg RDI, Address (SizeDir 64 (AddrMinus (FromReg R15) (AddrImm 8))) 4
233f6: SHL Reg R13D, Immediate 3 4
233fa: MOV Reg RSI, Reg RAX 3
233fd: MOVSXD Reg RDX, Reg R13D 3
23400: CALL memcpy (external)
23405: CMP Reg EBP, Reg R14D 3
23408: JNE 23388 (resolved immediate)
  |
  `- 23388,2340e
2340e: MOV Reg EBP, Address (SizeDir 32 (FromReg RSP)) 3
23411: JMP 232e6 (resolved immediate)
  |
  `- 232e6
23420: CALL __errno_location (external)
23425: CMP Address (SizeDir 32 (FromReg RAX)), Immediate 13 3
23428: MOV Reg R12, Reg RAX 3
2342b: JNE 23265 (resolved immediate)
  |
  `- 23265,23431
23431: MOV Reg RSI, Address (SizeDir 64 (AddrPlus (FromReg RBX) (AddrImm 8))) 4
23435: LEA Reg R8, Address (SizeDir 64 (AddrPlus (FromReg RIP) (AddrImm 13452))) 7
2343c: XOR Reg ECX, Reg ECX 2
2343e: MOV Reg EDX, Immediate 3 5
23443: MOV Reg RDI, Reg RBX 3
23446: XOR Reg EAX, Reg EAX 2
23448: CALL xc_report (external)
2344d: MOV Address (SizeDir 32 (FromReg R12)), Immediate 13 8
23455: JMP 23265 (resolved immediate)
  |
  `- 23265
23460: CALL __errno_location (external)
23465: CMP Address (SizeDir 32 (FromReg RAX)), Immediate 13 3
23468: MOV Reg R13, Reg RAX 3
2346b: JNE 23356 (resolved immediate)
  |
  `- 23356,23471
23471: MOV Reg RSI, Address (SizeDir 64 (AddrPlus (FromReg RBX) (AddrImm 8))) 4
23475: LEA Reg R8, Address (SizeDir 64 (AddrPlus (FromReg RIP) (AddrImm 13460))) 7
2347c: XOR Reg ECX, Reg ECX 2
2347e: MOV Reg EDX, Immediate 3 5
23483: MOV Reg RDI, Reg RBX 3
23486: XOR Reg EAX, Reg EAX 2
23488: CALL xc_report (external)
2348d: MOV Address (SizeDir 32 (FromReg R13)), Immediate 13 8
23495: JMP 23356 (resolved immediate)
  |
  `- 23356
234a0: MOV Reg EBP, Immediate 4294967295 5
234a5: JMP 232a8 (resolved immediate)
  |
  `- 232a8
234ee: CALL __stack_chk_fail (external)
  |
  `- 
