Number of assembly instructions     = 84
Number of indirect branches         = 0
Number of unresolved indirect jumps = 0: 
Number of unresolved indirect calls = 0: 
Number of symbolic states (representative of non-determinism): 84
Number of edges: 86

1b0f0 (False): 0

1b0f0: PUSH Reg R13 2
1b0f2: PUSH Reg R12 2
1b0f4: PUSH Reg RBP 1
1b0f5: PUSH Reg RBX 1
1b0f6: MOV Reg RBX, Reg RDI 3
1b0f9: SUB Reg RSP, Immediate 216 7
1b100: MOV Reg RAX, Address (SizeDir 64 (AddrPlus (FromReg FS) (AddrImm 40))) 9
1b109: MOV Address (SizeDir 64 (AddrPlus (FromReg RSP) (AddrImm 200))), Reg RAX 8
1b111: XOR Reg EAX, Reg EAX 2
1b113: MOV Reg EAX, Address (SizeDir 32 (FromReg RDX)) 2
1b115: MOV Reg RBP, Reg RSP 3
1b118: MOV Address (SizeDir 16 (AddrPlus (FromReg RSP) (AddrImm 56))), Reg SI 5
1b11d: MOV Reg RSI, Reg RBP 3
1b120: MOV Address (SizeDir 64 (AddrPlus (FromReg RSP) (AddrImm 64))), Immediate 5 9
1b129: MOV Address (SizeDir 64 (FromReg RSP)), Immediate 0 8
1b131: MOV Address (SizeDir 64 (AddrPlus (FromReg RSP) (AddrImm 8))), Immediate 0 9
1b13a: MOV Address (SizeDir 32 (AddrPlus (FromReg RSP) (AddrImm 16))), Immediate 3 8
1b142: MOV Address (SizeDir 32 (AddrPlus (FromReg RSP) (AddrImm 72))), Reg EAX 4
1b146: LEA Reg RAX, Address (SizeDir 64 (AddrPlus (FromReg RSP) (AddrImm 48))) 5
1b14b: MOV Address (SizeDir 64 (AddrPlus (FromReg RSP) (AddrImm 32))), Immediate 144 9
1b154: MOV Address (SizeDir 64 (AddrPlus (FromReg RSP) (AddrImm 24))), Reg RAX 5
1b159: MOVABS Reg RAX, Immediate 73014444048 10
1b163: MOV Address (SizeDir 64 (AddrPlus (FromReg RSP) (AddrImm 48))), Reg RAX 5
1b168: CALL xc__hypercall_bounce_pre (external)
1b16d: TEST Reg EAX, Reg EAX 2
1b16f: JNE 1b216 (resolved immediate)
  |
  `- 1b175,1b216
1b175: MOV Reg RAX, Address (SizeDir 64 (AddrPlus (FromReg RSP) (AddrImm 8))) 5
1b17a: MOV Reg RDI, Address (SizeDir 64 (AddrPlus (FromReg RBX) (AddrImm 1088))) 7
1b181: MOV Reg ESI, Immediate 36 5
1b186: TEST Reg RAX, Reg RAX 3
1b189: CMOVE Reg RAX, Reg RBP 4
1b18d: MOV Reg RDX, Address (SizeDir 64 (FromReg RAX)) 3
1b190: CALL xencall1 (external)
1b195: TEST Reg EAX, Reg EAX 2
1b197: MOV Reg R12D, Reg EAX 3
1b19a: JNS 1b1a9 (resolved immediate)
  |
  `- 1b19c,1b1a9
1b19c: CALL __errno_location (external)
1b1a1: CMP Address (SizeDir 32 (FromReg RAX)), Immediate 13 3
1b1a4: MOV Reg R13, Reg RAX 3
1b1a7: JE 1b1f0 (resolved immediate)
  |
  `- 1b1a9,1b1f0
1b1a9: MOV Reg RSI, Address (SizeDir 64 (AddrPlus (FromReg RSP) (AddrImm 8))) 5
1b1ae: MOV Reg RDI, Reg RBX 3
1b1b1: TEST Reg RSI, Reg RSI 3
1b1b4: CMOVE Reg RSI, Reg RBP 4
1b1b8: CALL xc__hypercall_bounce_post (external)
1b1bd: XOR Reg EAX, Reg EAX 2
1b1bf: TEST Reg R12D, Reg R12D 3
1b1c2: SETNE Reg AL 3
1b1c5: NEG Reg EAX 2
1b1c7: MOV Reg RCX, Address (SizeDir 64 (AddrPlus (FromReg RSP) (AddrImm 200))) 8
1b1cf: XOR Reg RCX, Address (SizeDir 64 (AddrPlus (FromReg FS) (AddrImm 40))) 9
1b1d8: JNE 1b256 (resolved immediate)
  |
  `- 1b1da,1b256
1b1da: ADD Reg RSP, Immediate 216 7
1b1e1: POP Reg RBX 1
1b1e2: POP Reg RBP 1
1b1e3: POP Reg R12 2
1b1e5: POP Reg R13 2
1b1e7: RET  1
  |
  `- 
1b1f0: MOV Reg RSI, Address (SizeDir 64 (AddrPlus (FromReg RBX) (AddrImm 8))) 4
1b1f4: LEA Reg R8, Address (SizeDir 64 (AddrPlus (FromReg RIP) (AddrImm 41381))) 7
1b1fb: XOR Reg ECX, Reg ECX 2
1b1fd: MOV Reg EDX, Immediate 3 5
1b202: MOV Reg RDI, Reg RBX 3
1b205: XOR Reg EAX, Reg EAX 2
1b207: CALL xc_report (external)
1b20c: MOV Address (SizeDir 32 (FromReg R13)), Immediate 13 8
1b214: JMP 1b1a9 (resolved immediate)
  |
  `- 1b1a9
1b216: CALL __errno_location (external)
1b21b: MOV Reg R12D, Address (SizeDir 32 (FromReg RAX)) 3
1b21e: MOV Reg RBP, Reg RAX 3
1b221: MOV Reg RDI, Reg RBX 3
1b224: MOV Reg ESI, Reg R12D 3
1b227: CALL xc_strerror (external)
1b22c: MOV Reg ECX, Address (SizeDir 32 (FromReg RBP)) 3
1b22f: LEA Reg RDX, Address (SizeDir 64 (AddrPlus (FromReg RIP) (AddrImm 41266))) 7
1b236: MOV Reg R8, Reg RAX 3
1b239: MOV Reg ESI, Immediate 1 5
1b23e: XOR Reg EAX, Reg EAX 2
1b240: MOV Reg RDI, Reg RBX 3
1b243: CALL xc_report_error (external)
1b248: MOV Address (SizeDir 32 (FromReg RBP)), Reg R12D 4
1b24c: MOV Reg EAX, Immediate 4294967295 5
1b251: JMP 1b1c7 (resolved immediate)
  |
  `- 1b1c7
1b256: CALL __stack_chk_fail (external)
  |
  `- 
