Number of assembly instructions     = 95
Number of indirect branches         = 0
Number of unresolved indirect jumps = 0: 
Number of unresolved indirect calls = 0: 
Number of symbolic states (representative of non-determinism): 95
Number of edges: 98

1b260 (False): 0

1b260: PUSH Reg R12 2
1b262: PUSH Reg RBP 1
1b263: MOV Reg R12, Reg RDX 3
1b266: PUSH Reg RBX 1
1b267: MOV Reg RBX, Reg RDI 3
1b26a: SUB Reg RSP, Immediate 224 7
1b271: MOV Reg RAX, Address (SizeDir 64 (AddrPlus (FromReg FS) (AddrImm 40))) 9
1b27a: MOV Address (SizeDir 64 (AddrPlus (FromReg RSP) (AddrImm 216))), Reg RAX 8
1b282: XOR Reg EAX, Reg EAX 2
1b284: MOV Reg RAX, Immediate 4294967301 10
1b28e: LEA Reg RBP, Address (AddrPlus (FromReg RSP) (AddrImm 16)) 5
1b293: MOV Address (SizeDir 16 (AddrPlus (FromReg RSP) (AddrImm 72))), Reg SI 5
1b298: MOV Address (SizeDir 64 (AddrPlus (FromReg RSP) (AddrImm 80))), Reg RAX 5
1b29d: LEA Reg RAX, Address (AddrPlus (FromReg RSP) (AddrImm 64)) 5
1b2a2: MOV Address (SizeDir 64 (AddrPlus (FromReg RSP) (AddrImm 16))), Immediate 0 9
1b2ab: MOV Reg RSI, Reg RBP 3
1b2ae: MOV Address (SizeDir 64 (AddrPlus (FromReg RSP) (AddrImm 24))), Immediate 0 9
1b2b7: MOV Address (SizeDir 32 (AddrPlus (FromReg RSP) (AddrImm 32))), Immediate 3 8
1b2bf: MOV Address (SizeDir 64 (AddrPlus (FromReg RSP) (AddrImm 40))), Reg RAX 5
1b2c4: MOV Reg RAX, Immediate 73014444048 10
1b2ce: MOV Address (SizeDir 64 (AddrPlus (FromReg RSP) (AddrImm 48))), Immediate 144 9
1b2d7: MOV Address (SizeDir 64 (AddrPlus (FromReg RSP) (AddrImm 64))), Reg RAX 5
1b2dc: CALL xc__hypercall_bounce_pre (external)
1b2e1: TEST Reg EAX, Reg EAX 2
1b2e3: JNZ 1b3d7 (resolved immediate)
  |
  `- 1b2e9,1b3d7
1b2e9: MOV Reg RAX, Address (SizeDir 64 (AddrPlus (FromReg RSP) (AddrImm 24))) 5
1b2ee: MOV Reg RDI, Address (SizeDir 64 (AddrPlus (FromReg RBX) (AddrImm 1088))) 7
1b2f5: MOV Reg ESI, Immediate 36 5
1b2fa: TEST Reg RAX, Reg RAX 3
1b2fd: CMOVZ Reg RAX, Reg RBP 4
1b301: MOV Reg RDX, Address (SizeDir 64 (FromReg RAX)) 3
1b304: CALL xencall1 (external)
1b309: TEST Reg EAX, Reg EAX 2
1b30b: JNS 1b360 (resolved immediate)
  |
  `- 1b30d,1b360
1b30d: CALL __errno_location (external)
1b312: CMP Address (SizeDir 32 (FromReg RAX)), Immediate 13 3
1b315: MOV Reg R12, Reg RAX 3
1b318: JZ 1b390 (resolved immediate)
  |
  `- 1b31a,1b390
1b31a: MOV Reg RSI, Address (SizeDir 64 (AddrPlus (FromReg RSP) (AddrImm 24))) 5
1b31f: TEST Reg RSI, Reg RSI 3
1b322: JZ 1b3c2 (resolved immediate)
  |
  `- 1b3c2
1b330: MOV Reg EAX, Immediate 4294967295 5
1b335: MOV Reg RCX, Address (SizeDir 64 (AddrPlus (FromReg RSP) (AddrImm 216))) 8
1b33d: XOR Reg RCX, Address (SizeDir 64 (AddrPlus (FromReg FS) (AddrImm 40))) 9
1b346: JNZ 1b417 (resolved immediate)
  |
  `- 1b34c,1b417
1b34c: ADD Reg RSP, Immediate 224 7
1b353: POP Reg RBX 1
1b354: POP Reg RBP 1
1b355: POP Reg R12 2
1b357: RET  1
  |
  `- 
1b360: MOV Reg RSI, Address (SizeDir 64 (AddrPlus (FromReg RSP) (AddrImm 24))) 5
1b365: MOV Reg RDI, Reg RBX 3
1b368: MOV Address (SizeDir 32 (AddrPlus (FromReg RSP) (AddrImm 12))), Reg EAX 4
1b36c: TEST Reg RSI, Reg RSI 3
1b36f: CMOVZ Reg RSI, Reg RBP 4
1b373: CALL xc__hypercall_bounce_post (external)
1b378: MOV Reg EAX, Address (SizeDir 32 (AddrPlus (FromReg RSP) (AddrImm 12))) 4
1b37c: TEST Reg EAX, Reg EAX 2
1b37e: JNZ 1b330 (resolved immediate)
  |
  `- 1b330,1b380
1b380: MOV Reg EDX, Address (SizeDir 32 (AddrPlus (FromReg RSP) (AddrImm 88))) 4
1b384: MOV Address (SizeDir 32 (FromReg R12)), Reg EDX 4
1b388: JMP 1b335 (resolved immediate)
  |
  `- 1b335
1b390: MOV Reg RSI, Address (SizeDir 64 (AddrPlus (FromReg RBX) (AddrImm 8))) 4
1b394: LEA Reg R8, Address (AddrPlus (FromReg RIP) (AddrImm 40965)) 7
1b39b: XOR Reg ECX, Reg ECX 2
1b39d: XOR Reg EAX, Reg EAX 2
1b39f: MOV Reg EDX, Immediate 3 5
1b3a4: MOV Reg RDI, Reg RBX 3
1b3a7: CALL xc_report (external)
1b3ac: MOV Reg RSI, Address (SizeDir 64 (AddrPlus (FromReg RSP) (AddrImm 24))) 5
1b3b1: MOV Address (SizeDir 32 (FromReg R12)), Immediate 13 8
1b3b9: TEST Reg RSI, Reg RSI 3
1b3bc: JNZ 1b328 (resolved immediate)
1b3c2: MOV Reg RSI, Reg RBP 3
1b3c5: MOV Reg RDI, Reg RBX 3
1b3c8: CALL xc__hypercall_bounce_post (external)
1b3cd: MOV Reg EAX, Immediate 4294967295 5
1b3d2: JMP 1b335 (resolved immediate)
  |
  `- 1b335
1b3d7: CALL __errno_location (external)
1b3dc: MOV Reg R12D, Address (SizeDir 32 (FromReg RAX)) 3
1b3df: MOV Reg RBP, Reg RAX 3
1b3e2: MOV Reg RDI, Reg RBX 3
1b3e5: MOV Reg ESI, Reg R12D 3
1b3e8: CALL xc_strerror (external)
1b3ed: MOV Reg ECX, Address (SizeDir 32 (AddrPlus (FromReg RBP) (AddrImm 0))) 3
1b3f0: LEA Reg RDX, Address (AddrPlus (FromReg RIP) (AddrImm 40817)) 7
1b3f7: MOV Reg R8, Reg RAX 3
1b3fa: MOV Reg ESI, Immediate 1 5
1b3ff: XOR Reg EAX, Reg EAX 2
1b401: MOV Reg RDI, Reg RBX 3
1b404: CALL xc_report_error (external)
1b409: MOV Address (SizeDir 32 (AddrPlus (FromReg RBP) (AddrImm 0))), Reg R12D 4
1b40d: MOV Reg EAX, Immediate 4294967295 5
1b412: JMP 1b335 (resolved immediate)
  |
  `- 1b335
1b417: CALL __stack_chk_fail (external)
  |
  `- 
