Number of assembly instructions     = 122
Number of indirect branches         = 0
Number of unresolved indirect jumps = 0: 
Number of unresolved indirect calls = 0: 
Number of symbolic states (representative of non-determinism): 122
Number of edges: 127

1c7d0 (False): 0

1c7d0: PUSH Reg R15 2
1c7d2: PUSH Reg R14 2
1c7d4: PUSH Reg R13 2
1c7d6: PUSH Reg R12 2
1c7d8: MOV Reg R12D, Reg ECX 3
1c7db: PUSH Reg RBP 1
1c7dc: PUSH Reg RBX 1
1c7dd: MOV Reg EBX, Reg ESI 2
1c7df: MOV Reg RBP, Reg RDI 3
1c7e2: SUB Reg RSP, Immediate 280 7
1c7e9: LEA Reg R15, Address (AddrPlus (FromReg RSP) (AddrImm 16)) 5
1c7ee: MOV Address (SizeDir 64 (AddrPlus (FromReg RSP) (AddrImm 16))), Immediate 0 9
1c7f7: MOV Address (SizeDir 64 (AddrPlus (FromReg RSP) (AddrImm 24))), Immediate 0 9
1c800: MOV Reg RAX, Address (SizeDir 64 (AddrPlus (FromReg FS) (AddrImm 40))) 9
1c809: MOV Address (SizeDir 64 (AddrPlus (FromReg RSP) (AddrImm 264))), Reg RAX 8
1c811: XOR Reg EAX, Reg EAX 2
1c813: MOV Reg EAX, Reg ECX 2
1c815: MOV Reg RSI, Reg R15 3
1c818: MOV Address (SizeDir 32 (AddrPlus (FromReg RSP) (AddrImm 32))), Immediate 3 8
1c820: SHL Reg RAX, Immediate 4 4
1c824: MOV Address (SizeDir 64 (AddrPlus (FromReg RSP) (AddrImm 40))), Reg RDX 5
1c829: MOV Address (SizeDir 64 (AddrPlus (FromReg RSP) (AddrImm 48))), Reg RAX 5
1c82e: CALL xc__hypercall_bounce_pre (external)
1c833: TEST Reg EAX, Reg EAX 2
1c835: JNZ 1ca2f (resolved immediate)
  |
  `- 1c83b,1ca2f
1c83b: MOV Reg RAX, Immediate 12884901896 10
1c845: TEST Reg R12D, Reg R12D 3
1c848: MOV Address (SizeDir 32 (AddrPlus (FromReg RSP) (AddrImm 112))), Immediate 16 8
1c850: MOV Address (SizeDir 16 (AddrPlus (FromReg RSP) (AddrImm 120))), Reg BX 5
1c855: MOV Address (SizeDir 64 (AddrPlus (FromReg RSP) (AddrImm 128))), Reg RAX 8
1c85d: JZ 1c9a9 (resolved immediate)
  |
  `- 1c863,1c9a9
1c863: LEA Reg RAX, Address (AddrPlus (FromReg RSP) (AddrImm 112)) 5
1c868: LEA Reg R14, Address (AddrPlus (FromReg RSP) (AddrImm 64)) 5
1c86d: XOR Reg EBX, Reg EBX 2
1c86f: MOV Address (SizeDir 64 (AddrPlus (FromReg RSP) (AddrImm 8))), Reg RAX 5
1c874: NOP  4
1c878: MOV Reg RDX, Address (SizeDir 64 (AddrPlus (FromReg RSP) (AddrImm 24))) 5
1c87d: MOV Reg EAX, Reg R12D 3
1c880: MOV Reg RSI, Reg R14 3
1c883: SUB Reg EAX, Reg EBX 2
1c885: MOV Reg RDI, Reg RBP 3
1c888: MOV Address (SizeDir 32 (AddrPlus (FromReg RSP) (AddrImm 144))), Reg EAX 7
1c88f: MOV Reg EAX, Reg EBX 2
1c891: TEST Reg RDX, Reg RDX 3
1c894: CMOVZ Reg RDX, Reg R15 4
1c898: SHL Reg RAX, Immediate 4 4
1c89c: ADD Reg RAX, Address (SizeDir 64 (FromReg RDX)) 3
1c89f: MOV Address (SizeDir 64 (AddrPlus (FromReg RSP) (AddrImm 64))), Immediate 0 9
1c8a8: MOV Address (SizeDir 64 (AddrPlus (FromReg RSP) (AddrImm 72))), Immediate 0 9
1c8b1: MOV Address (SizeDir 32 (AddrPlus (FromReg RSP) (AddrImm 80))), Immediate 3 8
1c8b9: MOV Address (SizeDir 64 (AddrPlus (FromReg RSP) (AddrImm 96))), Immediate 144 9
1c8c2: MOV Address (SizeDir 32 (AddrPlus (FromReg RSP) (AddrImm 116))), Immediate 17 8
1c8ca: MOV Address (SizeDir 64 (AddrPlus (FromReg RSP) (AddrImm 136))), Reg RAX 8
1c8d2: MOV Reg RAX, Address (SizeDir 64 (AddrPlus (FromReg RSP) (AddrImm 8))) 5
1c8d7: MOV Address (SizeDir 64 (AddrPlus (FromReg RSP) (AddrImm 88))), Reg RAX 5
1c8dc: CALL xc__hypercall_bounce_pre (external)
1c8e1: TEST Reg EAX, Reg EAX 2
1c8e3: JNZ 1c9f0 (resolved immediate)
1c8e9: MOV Reg RAX, Address (SizeDir 64 (AddrPlus (FromReg RSP) (AddrImm 72))) 5
1c8ee: MOV Reg RDI, Address (SizeDir 64 (AddrPlus (FromReg RBP) (AddrImm 1088))) 7
1c8f5: MOV Reg ESI, Immediate 36 5
1c8fa: TEST Reg RAX, Reg RAX 3
1c8fd: CMOVZ Reg RAX, Reg R14 4
1c901: MOV Reg RDX, Address (SizeDir 64 (FromReg RAX)) 3
1c904: CALL xencall1 (external)
1c909: TEST Reg EAX, Reg EAX 2
1c90b: MOV Reg R13D, Reg EAX 3
1c90e: JNS 1c980 (resolved immediate)
  |
  `- 1c910,1c980
1c910: CALL __errno_location (external)
1c915: CMP Address (SizeDir 32 (FromReg RAX)), Immediate 13 3
1c918: MOV Reg RBX, Reg RAX 3
1c91b: JZ 1c9b0 (resolved immediate)
  |
  `- 1c921,1c9b0
1c921: MOV Reg RSI, Address (SizeDir 64 (AddrPlus (FromReg RSP) (AddrImm 72))) 5
1c926: TEST Reg RSI, Reg RSI 3
1c929: JZ 1c9e0 (resolved immediate)
  |
  `- 1c9e0
1c92f: MOV Reg RDI, Reg RBP 3
1c932: CALL xc__hypercall_bounce_post (external)
1c937: MOV Reg RSI, Address (SizeDir 64 (AddrPlus (FromReg RSP) (AddrImm 24))) 5
1c93c: MOV Reg RDI, Reg RBP 3
1c93f: TEST Reg RSI, Reg RSI 3
1c942: CMOVZ Reg RSI, Reg R15 4
1c946: CALL xc__hypercall_bounce_post (external)
1c94b: MOV Reg RCX, Address (SizeDir 64 (AddrPlus (FromReg RSP) (AddrImm 264))) 8
1c953: XOR Reg RCX, Address (SizeDir 64 (AddrPlus (FromReg FS) (AddrImm 40))) 9
1c95c: MOV Reg EAX, Reg R13D 3
1c95f: JNZ 1ca3a (resolved immediate)
  |
  `- 1c965,1ca3a
1c965: ADD Reg RSP, Immediate 280 7
1c96c: POP Reg RBX 1
1c96d: POP Reg RBP 1
1c96e: POP Reg R12 2
1c970: POP Reg R13 2
1c972: POP Reg R14 2
1c974: POP Reg R15 2
1c976: RET  1
  |
  `- 
1c980: MOV Reg RSI, Address (SizeDir 64 (AddrPlus (FromReg RSP) (AddrImm 72))) 5
1c985: MOV Reg RDI, Reg RBP 3
1c988: TEST Reg RSI, Reg RSI 3
1c98b: CMOVZ Reg RSI, Reg R14 4
1c98f: CALL xc__hypercall_bounce_post (external)
1c994: TEST Reg R13D, Reg R13D 3
1c997: JNZ 1c937 (resolved immediate)
  |
  `- 1c937,1c999
1c999: ADD Reg EBX, Address (SizeDir 32 (AddrPlus (FromReg RSP) (AddrImm 144))) 7
1c9a0: CMP Reg R12D, Reg EBX 3
1c9a3: JA 1c878 (resolved immediate)
  |
  `- 1c878,1c9a9
1c9a9: XOR Reg R13D, Reg R13D 3
1c9ac: JMP 1c937 (resolved immediate)
  |
  `- 1c937
1c9b0: MOV Reg RSI, Address (SizeDir 64 (AddrPlus (FromReg RBP) (AddrImm 8))) 4
1c9b4: LEA Reg R8, Address (AddrPlus (FromReg RIP) (AddrImm 35301)) 7
1c9bb: XOR Reg ECX, Reg ECX 2
1c9bd: XOR Reg EAX, Reg EAX 2
1c9bf: MOV Reg EDX, Immediate 3 5
1c9c4: MOV Reg RDI, Reg RBP 3
1c9c7: CALL xc_report (external)
1c9cc: MOV Reg RSI, Address (SizeDir 64 (AddrPlus (FromReg RSP) (AddrImm 72))) 5
1c9d1: MOV Address (SizeDir 32 (FromReg RBX)), Immediate 13 6
1c9d7: TEST Reg RSI, Reg RSI 3
1c9da: JNZ 1c92f (resolved immediate)
1c9e0: MOV Reg RSI, Reg R14 3
1c9e3: JMP 1c92f (resolved immediate)
  |
  `- 1c92f
1ca2f: MOV Reg R13D, Immediate 4294967295 6
1ca35: JMP 1c94b (resolved immediate)
  |
  `- 1c94b
1ca3a: CALL __stack_chk_fail (external)
  |
  `- 
