Number of assembly instructions     = 82
Number of indirect branches         = 0
Number of unresolved indirect jumps = 0: 
Number of unresolved indirect calls = 0: 
Number of symbolic states (representative of non-determinism): 82
Number of edges: 84

de60 (False): 0

de60: PUSH Reg R13 2
de62: PUSH Reg R12 2
de64: PUSH Reg RBP 1
de65: PUSH Reg RBX 1
de66: MOV Reg RBX, Reg RDI 3
de69: SUB Reg RSP, Immediate 216 7
de70: MOV Reg RAX, Address (SizeDir 64 (AddrPlus (FromReg FS) (AddrImm 40))) 9
de79: MOV Address (SizeDir 64 (AddrPlus (FromReg RSP) (AddrImm 200))), Reg RAX 8
de81: XOR Reg EAX, Reg EAX 2
de83: LEA Reg RAX, Address (SizeDir 64 (AddrPlus (FromReg RSP) (AddrImm 48))) 5
de88: MOV Reg RBP, Reg RSP 3
de8b: MOV Address (SizeDir 16 (AddrPlus (FromReg RSP) (AddrImm 56))), Reg SI 5
de90: MOV Reg RSI, Reg RBP 3
de93: MOV Address (SizeDir 64 (AddrPlus (FromReg RSP) (AddrImm 64))), Reg RDX 5
de98: MOV Address (SizeDir 64 (FromReg RSP)), Immediate 0 8
dea0: MOV Address (SizeDir 64 (AddrPlus (FromReg RSP) (AddrImm 24))), Reg RAX 5
dea5: MOVABS Reg RAX, Immediate 73014444099 10
deaf: MOV Address (SizeDir 64 (AddrPlus (FromReg RSP) (AddrImm 8))), Immediate 0 9
deb8: MOV Address (SizeDir 32 (AddrPlus (FromReg RSP) (AddrImm 16))), Immediate 3 8
dec0: MOV Address (SizeDir 64 (AddrPlus (FromReg RSP) (AddrImm 32))), Immediate 144 9
dec9: MOV Address (SizeDir 64 (AddrPlus (FromReg RSP) (AddrImm 48))), Reg RAX 5
dece: CALL xc__hypercall_bounce_pre (external)
ded3: TEST Reg EAX, Reg EAX 2
ded5: JNE df76 (resolved immediate)
  |
  `- dedb,df76
dedb: MOV Reg RAX, Address (SizeDir 64 (AddrPlus (FromReg RSP) (AddrImm 8))) 5
dee0: MOV Reg RDI, Address (SizeDir 64 (AddrPlus (FromReg RBX) (AddrImm 1088))) 7
dee7: MOV Reg ESI, Immediate 36 5
deec: TEST Reg RAX, Reg RAX 3
deef: CMOVE Reg RAX, Reg RBP 4
def3: MOV Reg RDX, Address (SizeDir 64 (FromReg RAX)) 3
def6: CALL xencall1 (external)
defb: TEST Reg EAX, Reg EAX 2
defd: MOV Reg R12D, Reg EAX 3
df00: JNS df0f (resolved immediate)
  |
  `- df02,df0f
df02: CALL __errno_location (external)
df07: CMP Address (SizeDir 32 (FromReg RAX)), Immediate 13 3
df0a: MOV Reg R13, Reg RAX 3
df0d: JE df50 (resolved immediate)
  |
  `- df0f,df50
df0f: MOV Reg RSI, Address (SizeDir 64 (AddrPlus (FromReg RSP) (AddrImm 8))) 5
df14: MOV Reg RDI, Reg RBX 3
df17: TEST Reg RSI, Reg RSI 3
df1a: CMOVE Reg RSI, Reg RBP 4
df1e: CALL xc__hypercall_bounce_post (external)
df23: XOR Reg EAX, Reg EAX 2
df25: TEST Reg R12D, Reg R12D 3
df28: SETNE Reg AL 3
df2b: NEG Reg EAX 2
df2d: MOV Reg RCX, Address (SizeDir 64 (AddrPlus (FromReg RSP) (AddrImm 200))) 8
df35: XOR Reg RCX, Address (SizeDir 64 (AddrPlus (FromReg FS) (AddrImm 40))) 9
df3e: JNE dfb6 (resolved immediate)
  |
  `- df40,dfb6
df40: ADD Reg RSP, Immediate 216 7
df47: POP Reg RBX 1
df48: POP Reg RBP 1
df49: POP Reg R12 2
df4b: POP Reg R13 2
df4d: RET  1
  |
  `- 
df50: MOV Reg RSI, Address (SizeDir 64 (AddrPlus (FromReg RBX) (AddrImm 8))) 4
df54: LEA Reg R8, Address (SizeDir 64 (AddrPlus (FromReg RIP) (AddrImm 95301))) 7
df5b: XOR Reg ECX, Reg ECX 2
df5d: MOV Reg EDX, Immediate 3 5
df62: MOV Reg RDI, Reg RBX 3
df65: XOR Reg EAX, Reg EAX 2
df67: CALL xc_report (external)
df6c: MOV Address (SizeDir 32 (FromReg R13)), Immediate 13 8
df74: JMP df0f (resolved immediate)
  |
  `- df0f
df76: CALL __errno_location (external)
df7b: MOV Reg R12D, Address (SizeDir 32 (FromReg RAX)) 3
df7e: MOV Reg RBP, Reg RAX 3
df81: MOV Reg RDI, Reg RBX 3
df84: MOV Reg ESI, Reg R12D 3
df87: CALL xc_strerror (external)
df8c: MOV Reg ECX, Address (SizeDir 32 (FromReg RBP)) 3
df8f: LEA Reg RDX, Address (SizeDir 64 (AddrPlus (FromReg RIP) (AddrImm 95186))) 7
df96: MOV Reg R8, Reg RAX 3
df99: MOV Reg ESI, Immediate 1 5
df9e: XOR Reg EAX, Reg EAX 2
dfa0: MOV Reg RDI, Reg RBX 3
dfa3: CALL xc_report_error (external)
dfa8: MOV Address (SizeDir 32 (FromReg RBP)), Reg R12D 4
dfac: MOV Reg EAX, Immediate 4294967295 5
dfb1: JMP df2d (resolved immediate)
  |
  `- df2d
dfb6: CALL __stack_chk_fail (external)
  |
  `- 
