Number of assembly instructions     = 98
Number of indirect branches         = 0
Number of unresolved indirect jumps = 0: 
Number of unresolved indirect calls = 0: 
Number of symbolic states (representative of non-determinism): 98
Number of edges: 101

1c3a0 (False): 0

1c3a0: PUSH Reg R13 2
1c3a2: PUSH Reg R12 2
1c3a4: MOV Reg R13, Reg RDX 3
1c3a7: PUSH Reg RBP 1
1c3a8: PUSH Reg RBX 1
1c3a9: MOV Reg RBX, Reg RDI 3
1c3ac: SUB Reg RSP, Immediate 216 7
1c3b3: MOV Reg RAX, Address (SizeDir 64 (AddrPlus (FromReg FS) (AddrImm 40))) 9
1c3bc: MOV Address (SizeDir 64 (AddrPlus (FromReg RSP) (AddrImm 200))), Reg RAX 8
1c3c4: XOR Reg EAX, Reg EAX 2
1c3c6: MOV Reg RAX, Immediate 4294967304 10
1c3d0: MOV Reg RBP, Reg RSP 3
1c3d3: MOV Address (SizeDir 16 (AddrPlus (FromReg RSP) (AddrImm 56))), Reg SI 5
1c3d8: MOV Address (SizeDir 64 (AddrPlus (FromReg RSP) (AddrImm 64))), Reg RAX 5
1c3dd: LEA Reg RAX, Address (AddrPlus (FromReg RSP) (AddrImm 48)) 5
1c3e2: MOV Reg RSI, Reg RBP 3
1c3e5: MOV Address (SizeDir 64 (FromReg RSP)), Immediate 0 8
1c3ed: MOV Address (SizeDir 64 (AddrPlus (FromReg RSP) (AddrImm 8))), Immediate 0 9
1c3f6: MOV Address (SizeDir 64 (AddrPlus (FromReg RSP) (AddrImm 24))), Reg RAX 5
1c3fb: MOV Reg RAX, Immediate 73014444048 10
1c405: MOV Address (SizeDir 32 (AddrPlus (FromReg RSP) (AddrImm 16))), Immediate 3 8
1c40d: MOV Address (SizeDir 64 (AddrPlus (FromReg RSP) (AddrImm 32))), Immediate 144 9
1c416: MOV Address (SizeDir 64 (AddrPlus (FromReg RSP) (AddrImm 48))), Reg RAX 5
1c41b: CALL xc__hypercall_bounce_pre (external)
1c420: TEST Reg EAX, Reg EAX 2
1c422: JNZ 1c513 (resolved immediate)
  |
  `- 1c428,1c513
1c428: MOV Reg RAX, Address (SizeDir 64 (AddrPlus (FromReg RSP) (AddrImm 8))) 5
1c42d: MOV Reg RDI, Address (SizeDir 64 (AddrPlus (FromReg RBX) (AddrImm 1088))) 7
1c434: MOV Reg ESI, Immediate 36 5
1c439: TEST Reg RAX, Reg RAX 3
1c43c: CMOVZ Reg RAX, Reg RBP 4
1c440: MOV Reg RDX, Address (SizeDir 64 (FromReg RAX)) 3
1c443: CALL xencall1 (external)
1c448: TEST Reg EAX, Reg EAX 2
1c44a: MOV Reg R12D, Reg EAX 3
1c44d: JNS 1c4e0 (resolved immediate)
  |
  `- 1c453,1c4e0
1c453: CALL __errno_location (external)
1c458: CMP Address (SizeDir 32 (FromReg RAX)), Immediate 13 3
1c45b: MOV Reg R13, Reg RAX 3
1c45e: JZ 1c4a0 (resolved immediate)
  |
  `- 1c460,1c4a0
1c460: MOV Reg RSI, Address (SizeDir 64 (AddrPlus (FromReg RSP) (AddrImm 8))) 5
1c465: TEST Reg RSI, Reg RSI 3
1c468: JZ 1c4d0 (resolved immediate)
  |
  `- 1c4d0
1c472: MOV Reg RCX, Address (SizeDir 64 (AddrPlus (FromReg RSP) (AddrImm 200))) 8
1c47a: XOR Reg RCX, Address (SizeDir 64 (AddrPlus (FromReg FS) (AddrImm 40))) 9
1c483: MOV Reg EAX, Reg R12D 3
1c486: JNZ 1c554 (resolved immediate)
  |
  `- 1c48c,1c554
1c48c: ADD Reg RSP, Immediate 216 7
1c493: POP Reg RBX 1
1c494: POP Reg RBP 1
1c495: POP Reg R12 2
1c497: POP Reg R13 2
1c499: RET  1
  |
  `- 
1c4a0: MOV Reg RSI, Address (SizeDir 64 (AddrPlus (FromReg RBX) (AddrImm 8))) 4
1c4a4: LEA Reg R8, Address (AddrPlus (FromReg RIP) (AddrImm 36597)) 7
1c4ab: XOR Reg ECX, Reg ECX 2
1c4ad: XOR Reg EAX, Reg EAX 2
1c4af: MOV Reg EDX, Immediate 3 5
1c4b4: MOV Reg RDI, Reg RBX 3
1c4b7: CALL xc_report (external)
1c4bc: MOV Reg RSI, Address (SizeDir 64 (AddrPlus (FromReg RSP) (AddrImm 8))) 5
1c4c1: MOV Address (SizeDir 32 (AddrPlus (FromReg R13) (AddrImm 0))), Immediate 13 8
1c4c9: TEST Reg RSI, Reg RSI 3
1c4cc: JNZ 1c46a (resolved immediate)
1c4ce: NOP  2
1c4d0: MOV Reg RSI, Reg RBP 3
1c4d3: MOV Reg RDI, Reg RBX 3
1c4d6: CALL xc__hypercall_bounce_post (external)
1c4db: JMP 1c472 (resolved immediate)
  |
  `- 1c472
1c4e0: MOV Reg RSI, Address (SizeDir 64 (AddrPlus (FromReg RSP) (AddrImm 8))) 5
1c4e5: MOV Reg RDI, Reg RBX 3
1c4e8: TEST Reg RSI, Reg RSI 3
1c4eb: CMOVZ Reg RSI, Reg RBP 4
1c4ef: CALL xc__hypercall_bounce_post (external)
1c4f4: TEST Reg R12D, Reg R12D 3
1c4f7: JNZ 1c472 (resolved immediate)
  |
  `- 1c472,1c4fd
1c4fd: MOV Reg RAX, Address (SizeDir 64 (AddrPlus (FromReg RSP) (AddrImm 72))) 5
1c502: MOV Address (SizeDir 64 (AddrPlus (FromReg R13) (AddrImm 0))), Reg RAX 4
1c506: MOV Reg EAX, Address (SizeDir 32 (AddrPlus (FromReg RSP) (AddrImm 80))) 4
1c50a: MOV Address (SizeDir 32 (AddrPlus (FromReg R13) (AddrImm 8))), Reg EAX 4
1c50e: JMP 1c472 (resolved immediate)
  |
  `- 1c472
1c513: CALL __errno_location (external)
1c518: MOV Reg R12D, Address (SizeDir 32 (FromReg RAX)) 3
1c51b: MOV Reg RBP, Reg RAX 3
1c51e: MOV Reg RDI, Reg RBX 3
1c521: MOV Reg ESI, Reg R12D 3
1c524: CALL xc_strerror (external)
1c529: MOV Reg ECX, Address (SizeDir 32 (AddrPlus (FromReg RBP) (AddrImm 0))) 3
1c52c: LEA Reg RDX, Address (AddrPlus (FromReg RIP) (AddrImm 36405)) 7
1c533: MOV Reg R8, Reg RAX 3
1c536: MOV Reg ESI, Immediate 1 5
1c53b: MOV Reg RDI, Reg RBX 3
1c53e: XOR Reg EAX, Reg EAX 2
1c540: CALL xc_report_error (external)
1c545: MOV Address (SizeDir 32 (AddrPlus (FromReg RBP) (AddrImm 0))), Reg R12D 4
1c549: MOV Reg R12D, Immediate 4294967295 6
1c54f: JMP 1c472 (resolved immediate)
  |
  `- 1c472
1c554: CALL __stack_chk_fail (external)
  |
  `- 
