Number of assembly instructions     = 95
Number of indirect branches         = 0
Number of unresolved indirect jumps = 0: 
Number of unresolved indirect calls = 0: 
Number of symbolic states (representative of non-determinism): 95
Number of edges: 97

1b5f0 (False): 0

1b5f0: PUSH Reg R12 2
1b5f2: PUSH Reg RBP 1
1b5f3: MOV Reg R12, Reg RDX 3
1b5f6: PUSH Reg RBX 1
1b5f7: MOV Reg RBX, Reg RDI 3
1b5fa: SUB Reg RSP, Immediate 208 7
1b601: MOV Reg RAX, Address (SizeDir 64 (AddrPlus (FromReg FS) (AddrImm 40))) 9
1b60a: MOV Address (SizeDir 64 (AddrPlus (FromReg RSP) (AddrImm 200))), Reg RAX 8
1b612: XOR Reg EAX, Reg EAX 2
1b614: MOVABS Reg RAX, Immediate 4294967301 10
1b61e: LEA Reg RBP, Address (SizeDir 64 (AddrPlus (FromReg RSP) (AddrImm 16))) 5
1b623: MOV Address (SizeDir 32 (AddrPlus (FromReg RSP) (AddrImm 72))), Reg ESI 4
1b627: MOV Address (SizeDir 64 (AddrPlus (FromReg RSP) (AddrImm 76))), Reg RAX 5
1b62c: LEA Reg RAX, Address (SizeDir 64 (AddrPlus (FromReg RSP) (AddrImm 64))) 5
1b631: MOV Address (SizeDir 64 (AddrPlus (FromReg RSP) (AddrImm 16))), Immediate 0 9
1b63a: MOV Reg RSI, Reg RBP 3
1b63d: MOV Address (SizeDir 64 (AddrPlus (FromReg RSP) (AddrImm 24))), Immediate 0 9
1b646: MOV Address (SizeDir 32 (AddrPlus (FromReg RSP) (AddrImm 32))), Immediate 3 8
1b64e: MOV Address (SizeDir 64 (AddrPlus (FromReg RSP) (AddrImm 40))), Reg RAX 5
1b653: MOVABS Reg RAX, Immediate 77309411347 10
1b65d: MOV Address (SizeDir 64 (AddrPlus (FromReg RSP) (AddrImm 48))), Immediate 136 9
1b666: MOV Address (SizeDir 64 (AddrPlus (FromReg RSP) (AddrImm 64))), Reg RAX 5
1b66b: CALL xc__hypercall_bounce_pre (external)
1b670: TEST Reg EAX, Reg EAX 2
1b672: JNE 1b763 (resolved immediate)
  |
  `- 1b678,1b763
1b678: MOV Reg RAX, Address (SizeDir 64 (AddrPlus (FromReg RSP) (AddrImm 24))) 5
1b67d: MOV Reg RDI, Address (SizeDir 64 (AddrPlus (FromReg RBX) (AddrImm 1088))) 7
1b684: MOV Reg ESI, Immediate 35 5
1b689: TEST Reg RAX, Reg RAX 3
1b68c: CMOVE Reg RAX, Reg RBP 4
1b690: MOV Reg RDX, Address (SizeDir 64 (FromReg RAX)) 3
1b693: CALL xencall1 (external)
1b698: TEST Reg EAX, Reg EAX 2
1b69a: JS 1b6f8 (resolved immediate)
  |
  `- 1b69c,1b6f8
1b69c: MOV Reg RSI, Address (SizeDir 64 (AddrPlus (FromReg RSP) (AddrImm 24))) 5
1b6a1: MOV Reg RDI, Reg RBX 3
1b6a4: MOV Address (SizeDir 32 (AddrPlus (FromReg RSP) (AddrImm 12))), Reg EAX 4
1b6a8: TEST Reg RSI, Reg RSI 3
1b6ab: CMOVE Reg RSI, Reg RBP 4
1b6af: CALL xc__hypercall_bounce_post (external)
1b6b4: MOV Reg EAX, Address (SizeDir 32 (AddrPlus (FromReg RSP) (AddrImm 12))) 4
1b6b8: TEST Reg EAX, Reg EAX 2
1b6ba: JNE 1b717 (resolved immediate)
1b6bc: MOV Reg RDX, Address (SizeDir 64 (AddrPlus (FromReg RSP) (AddrImm 88))) 5
1b6c1: MOV Address (SizeDir 64 (FromReg R12)), Reg RDX 4
1b6c5: MOV Reg EDX, Address (SizeDir 32 (AddrPlus (FromReg RSP) (AddrImm 96))) 4
1b6c9: MOV Address (SizeDir 32 (AddrPlus (FromReg R12) (AddrImm 8))), Reg EDX 5
1b6ce: MOV Reg RCX, Address (SizeDir 64 (AddrPlus (FromReg RSP) (AddrImm 200))) 8
1b6d6: XOR Reg RCX, Address (SizeDir 64 (AddrPlus (FromReg FS) (AddrImm 40))) 9
1b6df: JNE 1b7a3 (resolved immediate)
  |
  `- 1b6e5,1b7a3
1b6e5: ADD Reg RSP, Immediate 208 7
1b6ec: POP Reg RBX 1
1b6ed: POP Reg RBP 1
1b6ee: POP Reg R12 2
1b6f0: RET  1
  |
  `- 
1b6f8: CALL __errno_location (external)
1b6fd: CMP Address (SizeDir 32 (FromReg RAX)), Immediate 13 3
1b700: MOV Reg R12, Reg RAX 3
1b703: JE 1b720 (resolved immediate)
  |
  `- 1b705,1b720
1b705: MOV Reg RSI, Address (SizeDir 64 (AddrPlus (FromReg RSP) (AddrImm 24))) 5
1b70a: TEST Reg RSI, Reg RSI 3
1b70d: JE 1b74e (resolved immediate)
  |
  `- 1b74e
1b720: MOV Reg RSI, Address (SizeDir 64 (AddrPlus (FromReg RBX) (AddrImm 8))) 4
1b724: LEA Reg R8, Address (SizeDir 64 (AddrPlus (FromReg RIP) (AddrImm 39661))) 7
1b72b: XOR Reg ECX, Reg ECX 2
1b72d: XOR Reg EAX, Reg EAX 2
1b72f: MOV Reg EDX, Immediate 3 5
1b734: MOV Reg RDI, Reg RBX 3
1b737: CALL xc_report (external)
1b73c: MOV Reg RSI, Address (SizeDir 64 (AddrPlus (FromReg RSP) (AddrImm 24))) 5
1b741: MOV Address (SizeDir 32 (FromReg R12)), Immediate 13 8
1b749: TEST Reg RSI, Reg RSI 3
1b74c: JNE 1b70f (resolved immediate)
1b74e: MOV Reg RSI, Reg RBP 3
1b751: MOV Reg RDI, Reg RBX 3
1b754: CALL xc__hypercall_bounce_post (external)
1b759: MOV Reg EAX, Immediate 4294967295 5
1b75e: JMP 1b6ce (resolved immediate)
  |
  `- 1b6ce
1b763: CALL __errno_location (external)
1b768: MOV Reg R12D, Address (SizeDir 32 (FromReg RAX)) 3
1b76b: MOV Reg RBP, Reg RAX 3
1b76e: MOV Reg RDI, Reg RBX 3
1b771: MOV Reg ESI, Reg R12D 3
1b774: CALL xc_strerror (external)
1b779: MOV Reg ECX, Address (SizeDir 32 (FromReg RBP)) 3
1b77c: LEA Reg RDX, Address (SizeDir 64 (AddrPlus (FromReg RIP) (AddrImm 39517))) 7
1b783: MOV Reg R8, Reg RAX 3
1b786: MOV Reg ESI, Immediate 1 5
1b78b: XOR Reg EAX, Reg EAX 2
1b78d: MOV Reg RDI, Reg RBX 3
1b790: CALL xc_report_error (external)
1b795: MOV Address (SizeDir 32 (FromReg RBP)), Reg R12D 4
1b799: MOV Reg EAX, Immediate 4294967295 5
1b79e: JMP 1b6ce (resolved immediate)
  |
  `- 1b6ce
1b7a3: CALL __stack_chk_fail (external)
  |
  `- 
