Number of assembly instructions     = 97
Number of indirect branches         = 0
Number of unresolved indirect jumps = 0: 
Number of unresolved indirect calls = 0: 
Number of symbolic states (representative of non-determinism): 97
Number of edges: 103

1ffa0 (False): 0

1ffa0: PUSH Reg R15 2
1ffa2: PUSH Reg R14 2
1ffa4: MOV Reg R15, Reg RDI 3
1ffa7: PUSH Reg R13 2
1ffa9: PUSH Reg R12 2
1ffab: XOR Reg R12D, Reg R12D 3
1ffae: PUSH Reg RBP 1
1ffaf: PUSH Reg RBX 1
1ffb0: XOR Reg EBP, Reg EBP 2
1ffb2: MOV Reg EBX, Reg EDX 2
1ffb4: SUB Reg RSP, Immediate 72 4
1ffb8: MOV Reg RAX, Address (SizeDir 64 (AddrPlus (FromReg FS) (AddrImm 40))) 9
1ffc1: MOV Address (SizeDir 64 (AddrPlus (FromReg RSP) (AddrImm 56))), Reg RAX 5
1ffc6: XOR Reg EAX, Reg EAX 2
1ffc8: LEA Reg RAX, Address (AddrPlus (FromReg RSP) (AddrImm 28)) 5
1ffcd: MOV Address (SizeDir 32 (AddrPlus (FromReg RSP) (AddrImm 12))), Reg ESI 4
1ffd1: LEA Reg R13, Address (AddrPlus (FromReg RSP) (AddrImm 24)) 5
1ffd6: LEA Reg R14, Address (AddrPlus (FromReg RSP) (AddrImm 32)) 5
1ffdb: MOV Address (SizeDir 64 (FromReg RSP)), Reg RAX 4
1ffdf: JMP 2006f (resolved immediate)
  |
  `- 2006f
1ffe8: CMP Address (SizeDir 32 (AddrPlus (FromReg RSP) (AddrImm 24))), Immediate 4294967295 5
1ffed: JZ 2008d (resolved immediate)
  |
  `- 1fff3,2008d
1fff3: MOV Reg EDX, Immediate 24 5
1fff8: MOV Reg RSI, Reg R14 3
1fffb: MOV Reg EDI, Reg EBX 2
1fffd: CALL read_exact (external)
20002: TEST Reg EAX, Reg EAX 2
20004: JNZ 200d0 (resolved immediate)
  |
  `- 2000a,200d0
2000a: MOV Reg RSI, Address (SizeDir 64 (FromReg RSP)) 4
2000e: MOV Reg EDX, Immediate 4 5
20013: MOV Reg EDI, Reg EBX 2
20015: CALL read_exact (external)
2001a: TEST Reg EAX, Reg EAX 2
2001c: JNZ 200d0 (resolved immediate)
  |
  `- 20022,200d0
20022: PUSH Immediate 0 2
20024: PUSH Address (SizeDir 64 (AddrPlus (FromReg RSP) (AddrImm 56))) 4
20028: XOR Reg R8D, Reg R8D 3
2002b: PUSH Address (SizeDir 64 (AddrPlus (FromReg RSP) (AddrImm 56))) 4
2002f: PUSH Address (SizeDir 64 (AddrPlus (FromReg RSP) (AddrImm 56))) 4
20033: MOV Reg EDX, Immediate 33 5
20038: MOV Reg R9D, Address (SizeDir 32 (AddrPlus (FromReg RSP) (AddrImm 60))) 5
2003d: MOV Reg ECX, Address (SizeDir 32 (AddrPlus (FromReg RSP) (AddrImm 44))) 4
20041: MOV Reg RDI, Reg R15 3
20044: MOV Reg ESI, Address (SizeDir 32 (AddrPlus (FromReg RSP) (AddrImm 56))) 4
20048: CALL xc_tmem_control_oid (external)
2004d: ADD Reg RSP, Immediate 32 4
20051: TEST Reg EAX, Reg EAX 2
20053: JLE 200d0 (resolved immediate)
  |
  `- 20055,200d0
20055: MOV Reg EAX, Address (SizeDir 32 (AddrPlus (FromReg RSP) (AddrImm 28))) 4
20059: ADD Reg EAX, Address (SizeDir 32 (AddrPlus (FromReg RSP) (AddrImm 24))) 4
2005d: ADD Reg EBP, Immediate 1 3
20060: ADD Reg EAX, Address (SizeDir 32 (AddrPlus (FromReg RSP) (AddrImm 32))) 4
20064: ADD Reg EAX, Address (SizeDir 32 (AddrPlus (FromReg RSP) (AddrImm 40))) 4
20068: ADD Reg EAX, Address (SizeDir 32 (AddrPlus (FromReg RSP) (AddrImm 48))) 4
2006c: ADD Reg R12D, Reg EAX 3
2006f: MOV Reg EDX, Immediate 4 5
20074: MOV Reg RSI, Reg R13 3
20077: MOV Reg EDI, Reg EBX 2
20079: CALL read_exact (external)
2007e: TEST Reg EAX, Reg EAX 2
20080: JZ 1ffe8 (resolved immediate)
  |
  `- 1ffe8,20086
20086: CMP Address (SizeDir 32 (AddrPlus (FromReg RSP) (AddrImm 24))), Immediate 4294967295 5
2008b: JNZ 200d0 (resolved immediate)
  |
  `- 2008d,200d0
2008d: TEST Reg EBP, Reg EBP 2
2008f: JZ 200d5 (resolved immediate)
  |
  `- 20091,200d5
20091: CALL __errno_location (external)
20096: SUB Reg RSP, Immediate 8 4
2009a: MOV Reg R13D, Address (SizeDir 32 (FromReg RAX)) 3
2009d: MOV Reg RSI, Address (SizeDir 64 (AddrPlus (FromReg R15) (AddrImm 8))) 4
200a1: PUSH Reg R12 2
200a3: LEA Reg R8, Address (AddrPlus (FromReg RIP) (AddrImm 25766)) 7
200aa: MOV Reg RBX, Reg RAX 3
200ad: MOV Reg R9D, Reg EBP 3
200b0: MOV Reg EDX, Immediate 3 5
200b5: XOR Reg EAX, Reg EAX 2
200b7: XOR Reg ECX, Reg ECX 2
200b9: MOV Reg RDI, Reg R15 3
200bc: XOR Reg EBP, Reg EBP 2
200be: CALL xc_report (external)
200c3: MOV Address (SizeDir 32 (FromReg RBX)), Reg R13D 3
200c6: POP Reg RAX 1
200c7: POP Reg RDX 1
200c8: JMP 200d5 (resolved immediate)
  |
  `- 200d5
200d0: MOV Reg EBP, Immediate 4294967295 5
200d5: MOV Reg RCX, Address (SizeDir 64 (AddrPlus (FromReg RSP) (AddrImm 56))) 5
200da: XOR Reg RCX, Address (SizeDir 64 (AddrPlus (FromReg FS) (AddrImm 40))) 9
200e3: MOV Reg EAX, Reg EBP 2
200e5: JNZ 200f6 (resolved immediate)
  |
  `- 200e7,200f6
200e7: ADD Reg RSP, Immediate 72 4
200eb: POP Reg RBX 1
200ec: POP Reg RBP 1
200ed: POP Reg R12 2
200ef: POP Reg R13 2
200f1: POP Reg R14 2
200f3: POP Reg R15 2
200f5: RET  1
  |
  `- 
200f6: CALL __stack_chk_fail (external)
  |
  `- 
