Number of assembly instructions     = 225
Number of indirect branches         = 0
Number of unresolved indirect jumps = 0: 
Number of unresolved indirect calls = 0: 
Number of symbolic states (representative of non-determinism): 225
Number of edges: 238

1fbc0 (False): 0

1fbc0: PUSH Reg R15 2
1fbc2: PUSH Reg R14 2
1fbc4: MOV Reg R15, Reg RDI 3
1fbc7: PUSH Reg R13 2
1fbc9: PUSH Reg R12 2
1fbcb: PUSH Reg RBP 1
1fbcc: PUSH Reg RBX 1
1fbcd: MOV Reg EBX, Reg EDX 2
1fbcf: MOV Reg EDI, Reg EBX 2
1fbd1: MOV Reg EDX, Immediate 20 5
1fbd6: SUB Reg RSP, Immediate 200 7
1fbdd: LEA Reg RBP, Address (SizeDir 64 (AddrPlus (FromReg RSP) (AddrImm 80))) 5
1fbe2: MOV Address (SizeDir 32 (AddrPlus (FromReg RSP) (AddrImm 12))), Reg ESI 4
1fbe6: MOV Reg RAX, Address (SizeDir 64 (AddrPlus (FromReg FS) (AddrImm 40))) 9
1fbef: MOV Address (SizeDir 64 (AddrPlus (FromReg RSP) (AddrImm 184))), Reg RAX 8
1fbf7: XOR Reg EAX, Reg EAX 2
1fbf9: MOV Reg RSI, Reg RBP 3
1fbfc: CALL read_exact (external)
1fc01: TEST Reg EAX, Reg EAX 2
1fc03: JNE 1fed8 (resolved immediate)
  |
  `- 1fc09,1fed8
1fc09: MOV Reg R11D, Address (SizeDir 32 (AddrPlus (FromReg RSP) (AddrImm 88))) 5
1fc0e: TEST Reg R11D, Reg R11D 3
1fc11: JE 1fed8 (resolved immediate)
  |
  `- 1fc17,1fed8
1fc17: SUB Reg RSP, Immediate 8 4
1fc1b: XOR Reg R9D, Reg R9D 3
1fc1e: XOR Reg R8D, Reg R8D 3
1fc21: PUSH Immediate 0 2
1fc23: MOV Reg R14D, Address (SizeDir 32 (AddrPlus (FromReg RSP) (AddrImm 28))) 5
1fc28: XOR Reg ESI, Reg ESI 2
1fc2a: MOV Reg EDX, Immediate 30 5
1fc2f: MOV Reg RDI, Reg R15 3
1fc32: MOV Reg ECX, Reg R14D 3
1fc35: CALL xc_tmem_control (external)
1fc3a: TEST Reg EAX, Reg EAX 2
1fc3c: POP Reg R9 2
1fc3e: POP Reg R10 2
1fc40: JS 1fed8 (resolved immediate)
  |
  `- 1fc46,1fed8
1fc46: SUB Reg RSP, Immediate 8 4
1fc4a: XOR Reg R9D, Reg R9D 3
1fc4d: MOV Reg R8D, Immediate 20 6
1fc53: PUSH Reg RBP 1
1fc54: XOR Reg ESI, Reg ESI 2
1fc56: MOV Reg RDI, Reg R15 3
1fc59: MOV Reg ECX, Reg R14D 3
1fc5c: MOV Reg EDX, Immediate 6 5
1fc61: CALL xc_tmem_control (external)
1fc66: TEST Reg EAX, Reg EAX 2
1fc68: POP Reg RDI 1
1fc69: POP Reg R8 2
1fc6b: JS 1fed8 (resolved immediate)
  |
  `- 1fc71,1fed8
1fc71: LEA Reg RSI, Address (SizeDir 64 (AddrPlus (FromReg RSP) (AddrImm 72))) 5
1fc76: MOV Reg EDX, Immediate 4 5
1fc7b: MOV Reg EDI, Reg EBX 2
1fc7d: CALL read_exact (external)
1fc82: TEST Reg EAX, Reg EAX 2
1fc84: MOV Address (SizeDir 32 (AddrPlus (FromReg RSP) (AddrImm 44))), Reg EAX 4
1fc88: JNE 1fed8 (resolved immediate)
1fc8e: MOV Reg ESI, Address (SizeDir 32 (AddrPlus (FromReg RSP) (AddrImm 88))) 4
1fc92: TEST Reg ESI, Reg ESI 2
1fc94: JE 1ff8d (resolved immediate)
1fc9a: LEA Reg RAX, Address (SizeDir 64 (AddrPlus (FromReg RSP) (AddrImm 112))) 5
1fc9f: XOR Reg R13D, Reg R13D 3
1fca2: XOR Reg EBP, Reg EBP 2
1fca4: MOV Address (SizeDir 32 (AddrPlus (FromReg RSP) (AddrImm 40))), Immediate 0 8
1fcac: MOV Address (SizeDir 64 (AddrPlus (FromReg RSP) (AddrImm 24))), Reg R15 5
1fcb1: MOV Address (SizeDir 64 (AddrPlus (FromReg RSP) (AddrImm 48))), Reg RAX 5
1fcb6: LEA Reg RAX, Address (SizeDir 64 (AddrPlus (FromReg RSP) (AddrImm 144))) 8
1fcbe: MOV Address (SizeDir 64 (AddrPlus (FromReg RSP) (AddrImm 16))), Reg RAX 5
1fcc3: LEA Reg RAX, Address (SizeDir 64 (AddrPlus (FromReg RSP) (AddrImm 76))) 5
1fcc8: MOV Address (SizeDir 64 (AddrPlus (FromReg RSP) (AddrImm 32))), Reg RAX 5
1fccd: MOV Reg RSI, Address (SizeDir 64 (AddrPlus (FromReg RSP) (AddrImm 48))) 5
1fcd2: MOV Reg EDX, Immediate 32 5
1fcd7: MOV Reg EDI, Reg EBX 2
1fcd9: CALL read_exact (external)
1fcde: TEST Reg EAX, Reg EAX 2
1fce0: MOV Reg R14D, Reg EAX 3
1fce3: JNE 1fed0 (resolved immediate)
1fce9: MOV Reg EAX, Address (SizeDir 32 (AddrPlus (FromReg RSP) (AddrImm 112))) 4
1fced: MOV Reg ESI, Address (SizeDir 32 (AddrPlus (FromReg RSP) (AddrImm 116))) 4
1fcf1: SUB Reg RSP, Immediate 8 4
1fcf5: MOV Address (SizeDir 64 (AddrPlus (FromReg RSP) (AddrImm 160))), Immediate 0 12
1fd01: XOR Reg R9D, Reg R9D 3
1fd04: MOV Reg EDX, Immediate 9 5
1fd09: MOV Reg R8D, Immediate 32 6
1fd0f: MOV Address (SizeDir 32 (AddrPlus (FromReg RSP) (AddrImm 152))), Reg EAX 7
1fd16: MOV Reg RAX, Address (SizeDir 64 (AddrPlus (FromReg RSP) (AddrImm 136))) 8
1fd1e: MOV Address (SizeDir 32 (AddrPlus (FromReg RSP) (AddrImm 156))), Reg ESI 7
1fd25: MOV Address (SizeDir 64 (AddrPlus (FromReg RSP) (AddrImm 168))), Reg RAX 8
1fd2d: MOV Reg RAX, Address (SizeDir 64 (AddrPlus (FromReg RSP) (AddrImm 144))) 8
1fd35: MOV Address (SizeDir 64 (AddrPlus (FromReg RSP) (AddrImm 176))), Reg RAX 8
1fd3d: PUSH Address (SizeDir 64 (AddrPlus (FromReg RSP) (AddrImm 24))) 4
1fd41: MOV Reg ECX, Address (SizeDir 32 (AddrPlus (FromReg RSP) (AddrImm 28))) 4
1fd45: MOV Reg RDI, Address (SizeDir 64 (AddrPlus (FromReg RSP) (AddrImm 40))) 5
1fd4a: CALL xc_tmem_control (external)
1fd4f: TEST Reg EAX, Reg EAX 2
1fd51: POP Reg RDX 1
1fd52: POP Reg RCX 1
1fd53: JS 1fed0 (resolved immediate)
  |
  `- 1fd59,1fed0
1fd59: MOV Reg R9, Address (SizeDir 64 (AddrPlus (FromReg RSP) (AddrImm 120))) 5
1fd5e: TEST Reg R9, Reg R9 3
1fd61: JE 1fe76 (resolved immediate)
  |
  `- 1fd67,1fe76
1fd67: MOVZX Reg ECX, Address (SizeDir 16 (AddrPlus (FromReg RSP) (AddrImm 112))) 5
1fd6c: MOV Reg R15D, Immediate 1 6
1fd72: SHR Reg CX, Immediate 4 4
1fd76: ADD Reg ECX, Immediate 12 3
1fd79: SHL Reg R15D, Reg CL 3
1fd7c: TEST Reg R15D, Reg R15D 3
1fd7f: JG 1ff10 (resolved immediate)
  |
  `- 1fd85,1ff10
1fd85: TEST Reg R9D, Reg R9D 3
1fd88: MOV Reg R12D, Reg R9D 3
1fd8b: JG 1fe1f (resolved immediate)
  |
  `- 1fd91,1fe1f
1fd91: JMP 1ff35 (resolved immediate)
  |
  `- 1ff35
1fda0: MOV Reg RSI, Address (SizeDir 64 (AddrPlus (FromReg RSP) (AddrImm 32))) 5
1fda5: MOV Reg EDX, Immediate 4 5
1fdaa: MOV Reg EDI, Reg EBX 2
1fdac: CALL read_exact (external)
1fdb1: TEST Reg EAX, Reg EAX 2
1fdb3: JNE 1fed0 (resolved immediate)
1fdb9: MOVSXD Reg RDX, Reg R15D 3
1fdbc: MOV Reg RSI, Reg RBP 3
1fdbf: MOV Reg EDI, Reg EBX 2
1fdc1: CALL read_exact (external)
1fdc6: TEST Reg EAX, Reg EAX 2
1fdc8: JNE 1fed0 (resolved immediate)
1fdce: MOVSX Reg EAX, Address (SizeDir 8 (FromReg RBP)) 4
1fdd2: PUSH Reg RBP 1
1fdd3: MOV Reg R8D, Reg R14D 3
1fdd6: PUSH Address (SizeDir 64 (AddrPlus (FromReg RSP) (AddrImm 168))) 7
1fddd: PUSH Address (SizeDir 64 (AddrPlus (FromReg RSP) (AddrImm 168))) 7
1fde4: MOV Reg EDX, Immediate 32 5
1fde9: PUSH Address (SizeDir 64 (AddrPlus (FromReg RSP) (AddrImm 168))) 7
1fdf0: MOV Reg R9D, Address (SizeDir 32 (AddrPlus (FromReg RSP) (AddrImm 108))) 5
1fdf5: MOV Reg ECX, Address (SizeDir 32 (AddrPlus (FromReg RSP) (AddrImm 44))) 4
1fdf9: MOV Reg ESI, Address (SizeDir 32 (AddrPlus (FromReg RSP) (AddrImm 148))) 7
1fe00: MOV Reg RDI, Address (SizeDir 64 (AddrPlus (FromReg RSP) (AddrImm 56))) 5
1fe05: ADD Reg R13D, Reg EAX 3
1fe08: CALL xc_tmem_control_oid (external)
1fe0d: ADD Reg RSP, Immediate 32 4
1fe11: TEST Reg EAX, Reg EAX 2
1fe13: JLE 1fe98 (resolved immediate)
  |
  `- 1fe19,1fe98
1fe19: SUB Reg R12D, Immediate 1 4
1fe1d: JE 1fe68 (resolved immediate)
  |
  `- 1fe1f,1fe68
1fe1f: MOV Reg RSI, Address (SizeDir 64 (AddrPlus (FromReg RSP) (AddrImm 16))) 5
1fe24: MOV Reg EDX, Immediate 24 5
1fe29: MOV Reg EDI, Reg EBX 2
1fe2b: CALL read_exact (external)
1fe30: TEST Reg EAX, Reg EAX 2
1fe32: JNE 1fed0 (resolved immediate)
1fe38: CMP Address (SizeDir 64 (AddrPlus (FromReg RSP) (AddrImm 144))), Immediate 18446744073709551615 9
1fe41: JNE 1fda0 (resolved immediate)
  |
  `- 1fda0,1fe47
1fe47: CMP Address (SizeDir 64 (AddrPlus (FromReg RSP) (AddrImm 152))), Immediate 18446744073709551615 9
1fe50: JNE 1fda0 (resolved immediate)
  |
  `- 1fda0
1fe68: MOV Reg R9, Address (SizeDir 64 (AddrPlus (FromReg RSP) (AddrImm 120))) 5
1fe6d: TEST Reg R9, Reg R9 3
1fe70: JNE 1ff35 (resolved immediate)
  |
  `- 1fe76,1ff35
1fe76: ADD Address (SizeDir 32 (AddrPlus (FromReg RSP) (AddrImm 40))), Immediate 1 5
1fe7b: MOV Reg EAX, Address (SizeDir 32 (AddrPlus (FromReg RSP) (AddrImm 40))) 4
1fe7f: CMP Address (SizeDir 32 (AddrPlus (FromReg RSP) (AddrImm 88))), Reg EAX 4
1fe83: JA 1fccd (resolved immediate)
  |
  `- 1fccd,1fe89
1fe89: MOV Reg RDI, Reg RBP 3
1fe8c: CALL free (external)
1fe91: JMP 1fee0 (resolved immediate)
  |
  `- 1fee0
1fe98: MOV Reg R15, Address (SizeDir 64 (AddrPlus (FromReg RSP) (AddrImm 24))) 5
1fe9d: MOV Address (SizeDir 32 (AddrPlus (FromReg RSP) (AddrImm 12))), Reg EAX 4
1fea1: CALL __errno_location (external)
1fea6: MOV Reg R9D, Address (SizeDir 32 (AddrPlus (FromReg RSP) (AddrImm 12))) 5
1feab: MOV Reg R12D, Address (SizeDir 32 (FromReg RAX)) 3
1feae: LEA Reg R8, Address (SizeDir 64 (AddrPlus (FromReg RIP) (AddrImm 26163))) 7
1feb5: MOV Reg RSI, Address (SizeDir 64 (AddrPlus (FromReg R15) (AddrImm 8))) 4
1feb9: MOV Reg RBX, Reg RAX 3
1febc: XOR Reg ECX, Reg ECX 2
1febe: MOV Reg EDX, Immediate 3 5
1fec3: MOV Reg RDI, Reg R15 3
1fec6: XOR Reg EAX, Reg EAX 2
1fec8: CALL xc_report (external)
1fecd: MOV Address (SizeDir 32 (FromReg RBX)), Reg R12D 3
1fed0: MOV Reg RDI, Reg RBP 3
1fed3: CALL free (external)
1fed8: MOV Address (SizeDir 32 (AddrPlus (FromReg RSP) (AddrImm 44))), Immediate 4294967295 8
1fee0: MOV Reg RCX, Address (SizeDir 64 (AddrPlus (FromReg RSP) (AddrImm 184))) 8
1fee8: XOR Reg RCX, Address (SizeDir 64 (AddrPlus (FromReg FS) (AddrImm 40))) 9
1fef1: MOV Reg EAX, Address (SizeDir 32 (AddrPlus (FromReg RSP) (AddrImm 44))) 4
1fef5: JNE 1ff94 (resolved immediate)
  |
  `- 1fefb,1ff94
1fefb: ADD Reg RSP, Immediate 200 7
1ff02: POP Reg RBX 1
1ff03: POP Reg RBP 1
1ff04: POP Reg R12 2
1ff06: POP Reg R13 2
1ff08: POP Reg R14 2
1ff0a: POP Reg R15 2
1ff0c: RET  1
  |
  `- 
1ff10: MOV Reg RDI, Reg RBP 3
1ff13: MOVSXD Reg RSI, Reg R15D 3
1ff16: MOV Address (SizeDir 64 (AddrPlus (FromReg RSP) (AddrImm 56))), Reg R9 5
1ff1b: CALL realloc (external)
1ff20: TEST Reg RAX, Reg RAX 3
1ff23: MOV Reg RBP, Reg RAX 3
1ff26: JE 1fed0 (resolved immediate)
  |
  `- 1fed0,1ff28
1ff28: MOV Reg R14D, Reg R15D 3
1ff2b: MOV Reg R9, Address (SizeDir 64 (AddrPlus (FromReg RSP) (AddrImm 56))) 5
1ff30: JMP 1fd85 (resolved immediate)
  |
  `- 1fd85
1ff35: MOV Address (SizeDir 64 (AddrPlus (FromReg RSP) (AddrImm 56))), Reg R9 5
1ff3a: MOVSXD Reg R12, Reg R12D 3
1ff3d: CALL __errno_location (external)
1ff42: MOV Reg RDI, Address (SizeDir 64 (AddrPlus (FromReg RSP) (AddrImm 24))) 5
1ff47: SUB Reg RSP, Immediate 8 4
1ff4b: MOV Reg R15D, Address (SizeDir 32 (FromReg RAX)) 3
1ff4e: MOV Reg R14, Reg RAX 3
1ff51: LEA Reg R8, Address (SizeDir 64 (AddrPlus (FromReg RIP) (AddrImm 26048))) 7
1ff58: XOR Reg ECX, Reg ECX 2
1ff5a: MOV Reg EDX, Immediate 3 5
1ff5f: MOV Reg RSI, Address (SizeDir 64 (AddrPlus (FromReg RDI) (AddrImm 8))) 4
1ff63: PUSH Reg R13 2
1ff65: MOV Reg EAX, Address (SizeDir 32 (AddrPlus (FromReg RSP) (AddrImm 132))) 7
1ff6c: PUSH Reg RAX 1
1ff6d: MOV Reg EAX, Address (SizeDir 32 (AddrPlus (FromReg RSP) (AddrImm 36))) 4
1ff71: PUSH Reg RAX 1
1ff72: MOV Reg R9, Address (SizeDir 64 (AddrPlus (FromReg RSP) (AddrImm 88))) 5
1ff77: XOR Reg EAX, Reg EAX 2
1ff79: SUB Reg R9, Reg R12 3
1ff7c: CALL xc_report (external)
1ff81: MOV Address (SizeDir 32 (FromReg R14)), Reg R15D 3
1ff84: ADD Reg RSP, Immediate 32 4
1ff88: JMP 1fe76 (resolved immediate)
  |
  `- 1fe76
1ff94: CALL __stack_chk_fail (external)
  |
  `- 
