Number of assembly instructions     = 148
Number of indirect branches         = 0
Number of unresolved indirect jumps = 0: 
Number of unresolved indirect calls = 0: 
Number of symbolic states (representative of non-determinism): 148
Number of edges: 157

1efa0 (False): 0

1efa0: PUSH Reg R14 2
1efa2: PUSH Reg R13 2
1efa4: PUSH Reg R12 2
1efa6: PUSH Reg RBP 1
1efa7: MOV Reg EBP, Reg R8D 3
1efaa: PUSH Reg RBX 1
1efab: MOV Reg RBX, Reg RDI 3
1efae: SUB Reg RSP, Immediate 240 7
1efb5: MOV Reg RAX, Address (SizeDir 64 (AddrPlus (FromReg RSP) (AddrImm 288))) 8
1efbd: MOV Address (SizeDir 64 (FromReg RSP)), Immediate 0 8
1efc5: MOV Reg RDI, Address (SizeDir 64 (AddrPlus (FromReg FS) (AddrImm 40))) 9
1efce: MOV Address (SizeDir 64 (AddrPlus (FromReg RSP) (AddrImm 232))), Reg RDI 8
1efd6: XOR Reg EDI, Reg EDI 2
1efd8: MOV Reg EDI, Reg R8D 3
1efdb: CMP Reg EDX, Immediate 6 3
1efde: MOV Address (SizeDir 64 (AddrPlus (FromReg RSP) (AddrImm 8))), Immediate 0 9
1efe7: MOV Address (SizeDir 32 (AddrPlus (FromReg RSP) (AddrImm 16))), Immediate 2 8
1efef: MOV Address (SizeDir 64 (AddrPlus (FromReg RSP) (AddrImm 24))), Reg RAX 5
1eff4: MOV Address (SizeDir 64 (AddrPlus (FromReg RSP) (AddrImm 32))), Reg RDI 5
1eff9: MOV Address (SizeDir 32 (AddrPlus (FromReg RSP) (AddrImm 96))), Immediate 24 8
1f001: MOV Address (SizeDir 32 (AddrPlus (FromReg RSP) (AddrImm 108))), Reg ESI 4
1f005: MOV Address (SizeDir 32 (AddrPlus (FromReg RSP) (AddrImm 104))), Reg EDX 4
1f009: MOV Address (SizeDir 32 (AddrPlus (FromReg RSP) (AddrImm 112))), Reg ECX 4
1f00d: MOV Address (SizeDir 32 (AddrPlus (FromReg RSP) (AddrImm 116))), Reg R8D 5
1f012: MOV Address (SizeDir 32 (AddrPlus (FromReg RSP) (AddrImm 120))), Reg R9D 5
1f017: MOV Address (SizeDir 32 (AddrPlus (FromReg RSP) (AddrImm 124))), Immediate 0 8
1f01f: MOV Address (SizeDir 64 (AddrPlus (FromReg RSP) (AddrImm 128))), Immediate 0 12
1f02b: MOV Address (SizeDir 64 (AddrPlus (FromReg RSP) (AddrImm 136))), Immediate 0 12
1f037: MOV Address (SizeDir 64 (AddrPlus (FromReg RSP) (AddrImm 144))), Immediate 0 12
1f043: JZ 1f080 (resolved immediate)
  |
  `- 1f045,1f080
1f045: CMP Reg EDX, Immediate 11 3
1f048: JZ 1f080 (resolved immediate)
  |
  `- 1f04a,1f080
1f04a: TEST Reg EBP, Reg EBP 2
1f04c: JZ 1f08c (resolved immediate)
  |
  `- 1f04e,1f08c
1f04e: TEST Reg RAX, Reg RAX 3
1f051: JZ 1f19d (resolved immediate)
  |
  `- 1f057,1f19d
1f057: MOV Reg RSI, Reg RSP 3
1f05a: MOV Reg RDI, Reg RBX 3
1f05d: CALL xc__hypercall_bounce_pre (external)
1f062: TEST Reg EAX, Reg EAX 2
1f064: JNZ 1f1f2 (resolved immediate)
  |
  `- 1f06a,1f1f2
1f06a: MOV Reg RAX, Address (SizeDir 64 (AddrPlus (FromReg RSP) (AddrImm 8))) 5
1f06f: TEST Reg RAX, Reg RAX 3
1f072: JZ 1f238 (resolved immediate)
  |
  `- 1f238
1f080: TEST Reg EBP, Reg EBP 2
1f082: MOV Address (SizeDir 32 (AddrPlus (FromReg RSP) (AddrImm 16))), Immediate 1 8
1f08a: JNZ 1f04e (resolved immediate)
  |
  `- 1f04e,1f08c
1f08c: XOR Reg EAX, Reg EAX 2
1f08e: LEA Reg R12, Address (AddrPlus (FromReg RSP) (AddrImm 48)) 5
1f093: MOV Address (SizeDir 64 (AddrPlus (FromReg RSP) (AddrImm 152))), Reg RAX 8
1f09b: LEA Reg RAX, Address (AddrPlus (FromReg RSP) (AddrImm 96)) 5
1f0a0: MOV Reg RDI, Reg RBX 3
1f0a3: MOV Address (SizeDir 64 (AddrPlus (FromReg RSP) (AddrImm 48))), Immediate 0 9
1f0ac: MOV Address (SizeDir 64 (AddrPlus (FromReg RSP) (AddrImm 56))), Immediate 0 9
1f0b5: MOV Reg RSI, Reg R12 3
1f0b8: MOV Address (SizeDir 32 (AddrPlus (FromReg RSP) (AddrImm 64))), Immediate 3 8
1f0c0: MOV Address (SizeDir 64 (AddrPlus (FromReg RSP) (AddrImm 72))), Reg RAX 5
1f0c5: MOV Address (SizeDir 64 (AddrPlus (FromReg RSP) (AddrImm 80))), Immediate 136 9
1f0ce: MOV Address (SizeDir 32 (AddrPlus (FromReg RSP) (AddrImm 100))), Immediate 18 8
1f0d6: CALL xc__hypercall_bounce_pre (external)
1f0db: TEST Reg EAX, Reg EAX 2
1f0dd: JNZ 1f1b0 (resolved immediate)
  |
  `- 1f0e3,1f1b0
1f0e3: MOV Reg RAX, Address (SizeDir 64 (AddrPlus (FromReg RSP) (AddrImm 56))) 5
1f0e8: MOV Reg RDI, Address (SizeDir 64 (AddrPlus (FromReg RBX) (AddrImm 1088))) 7
1f0ef: MOV Reg ESI, Immediate 35 5
1f0f4: TEST Reg RAX, Reg RAX 3
1f0f7: CMOVZ Reg RAX, Reg R12 4
1f0fb: MOV Reg RDX, Address (SizeDir 64 (FromReg RAX)) 3
1f0fe: CALL xencall1 (external)
1f103: TEST Reg EAX, Reg EAX 2
1f105: MOV Reg R13D, Reg EAX 3
1f108: JS 1f168 (resolved immediate)
  |
  `- 1f10a,1f168
1f10a: MOV Reg RSI, Address (SizeDir 64 (AddrPlus (FromReg RSP) (AddrImm 56))) 5
1f10f: MOV Reg RDI, Reg RBX 3
1f112: TEST Reg RSI, Reg RSI 3
1f115: CMOVZ Reg RSI, Reg R12 4
1f119: CALL xc__hypercall_bounce_post (external)
1f11e: TEST Reg EBP, Reg EBP 2
1f120: JZ 1f139 (resolved immediate)
  |
  `- 1f122,1f139
1f122: MOV Reg RSI, Address (SizeDir 64 (AddrPlus (FromReg RSP) (AddrImm 8))) 5
1f127: MOV Reg RAX, Reg RSP 3
1f12a: MOV Reg RDI, Reg RBX 3
1f12d: TEST Reg RSI, Reg RSI 3
1f130: CMOVZ Reg RSI, Reg RAX 4
1f134: CALL xc__hypercall_bounce_post (external)
1f139: MOV Reg RCX, Address (SizeDir 64 (AddrPlus (FromReg RSP) (AddrImm 232))) 8
1f141: XOR Reg RCX, Address (SizeDir 64 (AddrPlus (FromReg FS) (AddrImm 40))) 9
1f14a: MOV Reg EAX, Reg R13D 3
1f14d: JNZ 1f233 (resolved immediate)
  |
  `- 1f153,1f233
1f153: ADD Reg RSP, Immediate 240 7
1f15a: POP Reg RBX 1
1f15b: POP Reg RBP 1
1f15c: POP Reg R12 2
1f15e: POP Reg R13 2
1f160: POP Reg R14 2
1f162: RET  1
  |
  `- 
1f168: CALL __errno_location (external)
1f16d: CMP Address (SizeDir 32 (FromReg RAX)), Immediate 13 3
1f170: MOV Reg R14, Reg RAX 3
1f173: JNZ 1f10a (resolved immediate)
  |
  `- 1f10a,1f175
1f175: MOV Reg RSI, Address (SizeDir 64 (AddrPlus (FromReg RBX) (AddrImm 8))) 4
1f179: LEA Reg R8, Address (AddrPlus (FromReg RIP) (AddrImm 24728)) 7
1f180: XOR Reg ECX, Reg ECX 2
1f182: MOV Reg EDX, Immediate 3 5
1f187: MOV Reg RDI, Reg RBX 3
1f18a: XOR Reg EAX, Reg EAX 2
1f18c: CALL xc_report (external)
1f191: MOV Address (SizeDir 32 (FromReg R14)), Immediate 13 7
1f198: JMP 1f10a (resolved immediate)
  |
  `- 1f10a
1f19d: CALL __errno_location (external)
1f1a2: MOV Reg R13D, Immediate 4294967295 6
1f1a8: MOV Address (SizeDir 32 (FromReg RAX)), Immediate 22 6
1f1ae: JMP 1f139 (resolved immediate)
  |
  `- 1f139
1f1b0: CALL __errno_location (external)
1f1b5: MOV Reg R13D, Address (SizeDir 32 (FromReg RAX)) 3
1f1b8: MOV Reg R12, Reg RAX 3
1f1bb: MOV Reg RDI, Reg RBX 3
1f1be: MOV Reg ESI, Reg R13D 3
1f1c1: CALL xc_strerror (external)
1f1c6: MOV Reg ECX, Address (SizeDir 32 (FromReg R12)) 4
1f1ca: LEA Reg RDX, Address (AddrPlus (FromReg RIP) (AddrImm 24591)) 7
1f1d1: MOV Reg R8, Reg RAX 3
1f1d4: MOV Reg ESI, Immediate 1 5
1f1d9: MOV Reg RDI, Reg RBX 3
1f1dc: XOR Reg EAX, Reg EAX 2
1f1de: CALL xc_report_error (external)
1f1e3: MOV Address (SizeDir 32 (FromReg R12)), Reg R13D 4
1f1e7: MOV Reg R13D, Immediate 4294967295 6
1f1ed: JMP 1f11e (resolved immediate)
  |
  `- 1f11e
1f1f2: CALL __errno_location (external)
1f1f7: MOV Reg R12D, Address (SizeDir 32 (FromReg RAX)) 3
1f1fa: MOV Reg RBP, Reg RAX 3
1f1fd: MOV Reg RDI, Reg RBX 3
1f200: MOV Reg R13D, Immediate 4294967295 6
1f206: MOV Reg ESI, Reg R12D 3
1f209: CALL xc_strerror (external)
1f20e: MOV Reg ECX, Address (SizeDir 32 (AddrPlus (FromReg RBP) (AddrImm 0))) 3
1f211: LEA Reg RDX, Address (AddrPlus (FromReg RIP) (AddrImm 29088)) 7
1f218: MOV Reg R8, Reg RAX 3
1f21b: MOV Reg ESI, Immediate 1 5
1f220: MOV Reg RDI, Reg RBX 3
1f223: XOR Reg EAX, Reg EAX 2
1f225: CALL xc_report_error (external)
1f22a: MOV Address (SizeDir 32 (AddrPlus (FromReg RBP) (AddrImm 0))), Reg R12D 4
1f22e: JMP 1f139 (resolved immediate)
  |
  `- 1f139
1f233: CALL __stack_chk_fail (external)
  |
  `- 
1f238: MOV Reg RAX, Address (SizeDir 64 (FromReg RSP)) 4
1f23c: JMP 1f08e (resolved immediate)
  |
  `- 1f08e
