Number of assembly instructions     = 50
Number of indirect branches         = 0
Number of unresolved indirect jumps = 0: 
Number of unresolved indirect calls = 0: 
Number of symbolic states (representative of non-determinism): 50
Number of edges: 50

1cb70 (False): 0

1cb70: PUSH Reg R15 2
1cb72: PUSH Reg R14 2
1cb74: MOV Reg R15, Reg RCX 3
1cb77: PUSH Reg R13 2
1cb79: PUSH Reg R12 2
1cb7b: MOV Reg R14, Reg RDX 3
1cb7e: PUSH Reg RBP 1
1cb7f: PUSH Reg RBX 1
1cb80: MOV Reg RBX, Reg RDI 3
1cb83: MOVABS Reg R13, Immediate 77309411330 10
1cb8d: SUB Reg RSP, Immediate 152 7
1cb94: MOV Reg R12, Reg RSP 3
1cb97: MOV Reg RAX, Address (SizeDir 64 (AddrPlus (FromReg FS) (AddrImm 40))) 9
1cba0: MOV Address (SizeDir 64 (AddrPlus (FromReg RSP) (AddrImm 136))), Reg RAX 8
1cba8: XOR Reg EAX, Reg EAX 2
1cbaa: CALL xc_tbuf_set_size (external)
1cbaf: MOV Reg RSI, Reg R12 3
1cbb2: MOV Reg RDI, Reg RBX 3
1cbb5: MOV Address (SizeDir 64 (FromReg RSP)), Reg R13 4
1cbb9: MOV Address (SizeDir 32 (AddrPlus (FromReg RSP) (AddrImm 8))), Immediate 4 8
1cbc1: CALL xc_sysctl (external)
1cbc6: TEST Reg EAX, Reg EAX 2
1cbc8: JNE 1cc20 (resolved immediate)
  |
  `- 1cbca,1cc20
1cbca: MOV Reg RSI, Reg R12 3
1cbcd: MOV Reg RDI, Reg RBX 3
1cbd0: MOV Reg EBP, Reg EAX 2
1cbd2: MOV Address (SizeDir 64 (FromReg RSP)), Reg R13 4
1cbd6: MOV Address (SizeDir 32 (AddrPlus (FromReg RSP) (AddrImm 8))), Immediate 0 8
1cbde: CALL xc_sysctl (external)
1cbe3: TEST Reg EAX, Reg EAX 2
1cbe5: JNE 1cbf6 (resolved immediate)
1cbe7: MOV Reg EAX, Address (SizeDir 32 (AddrPlus (FromReg RSP) (AddrImm 48))) 4
1cbeb: MOV Address (SizeDir 64 (FromReg R15)), Reg RAX 3
1cbee: MOV Reg RAX, Address (SizeDir 64 (AddrPlus (FromReg RSP) (AddrImm 40))) 5
1cbf3: MOV Address (SizeDir 64 (FromReg R14)), Reg RAX 3
1cbf6: MOV Reg RDX, Address (SizeDir 64 (AddrPlus (FromReg RSP) (AddrImm 136))) 8
1cbfe: XOR Reg RDX, Address (SizeDir 64 (AddrPlus (FromReg FS) (AddrImm 40))) 9
1cc07: MOV Reg EAX, Reg EBP 2
1cc09: JNE 1cc27 (resolved immediate)
  |
  `- 1cc0b,1cc27
1cc0b: ADD Reg RSP, Immediate 152 7
1cc12: POP Reg RBX 1
1cc13: POP Reg RBP 1
1cc14: POP Reg R12 2
1cc16: POP Reg R13 2
1cc18: POP Reg R14 2
1cc1a: POP Reg R15 2
1cc1c: RET  1
  |
  `- 
1cc20: MOV Reg EBP, Immediate 4294967295 5
1cc25: JMP 1cbf6 (resolved immediate)
  |
  `- 1cbf6
1cc27: CALL __stack_chk_fail (external)
  |
  `- 
