Number of assembly instructions     = 16
Number of indirect branches         = 0
Number of unresolved indirect jumps = 0: 
Number of unresolved indirect calls = 0: 
Number of symbolic states (representative of non-determinism): 16
Number of edges: 15

1ca40 (False): 0

1ca40: SUB Reg RSP, Immediate 152 7
1ca47: MOV Reg RAX, Address (SizeDir 64 (AddrPlus (FromReg FS) (AddrImm 40))) 9
1ca50: MOV Address (SizeDir 64 (AddrPlus (FromReg RSP) (AddrImm 136))), Reg RAX 8
1ca58: XOR Reg EAX, Reg EAX 2
1ca5a: MOV Address (SizeDir 32 (AddrPlus (FromReg RSP) (AddrImm 48))), Reg ESI 4
1ca5e: MOV Reg RAX, Immediate 77309411330 10
1ca68: MOV Reg RSI, Reg RSP 3
1ca6b: MOV Address (SizeDir 64 (FromReg RSP)), Reg RAX 4
1ca6f: MOV Address (SizeDir 32 (AddrPlus (FromReg RSP) (AddrImm 8))), Immediate 3 8
1ca77: CALL xc_sysctl (external)
1ca7c: MOV Reg RDX, Address (SizeDir 64 (AddrPlus (FromReg RSP) (AddrImm 136))) 8
1ca84: XOR Reg RDX, Address (SizeDir 64 (AddrPlus (FromReg FS) (AddrImm 40))) 9
1ca8d: JNZ 1ca97 (resolved immediate)
  |
  `- 1ca8f,1ca97
1ca8f: ADD Reg RSP, Immediate 152 7
1ca96: RET  1
  |
  `- 
1ca97: CALL __stack_chk_fail (external)
  |
  `- 
