Number of assembly instructions     = 241
Number of indirect branches         = 0
Number of unresolved indirect jumps = 0: 
Number of unresolved indirect calls = 0: 
Number of symbolic states (representative of non-determinism): 241
Number of edges: 257

1f650 (False): 0

1f650: PUSH Reg R15 2
1f652: PUSH Reg R14 2
1f654: MOV Reg R9D, Reg ECX 3
1f657: PUSH Reg R13 2
1f659: PUSH Reg R12 2
1f65b: MOV Reg ECX, Reg ESI 2
1f65d: PUSH Reg RBP 1
1f65e: PUSH Reg RBX 1
1f65f: MOV Reg R14D, Reg ESI 3
1f662: XOR Reg ESI, Reg ESI 2
1f664: MOV Reg R15, Reg RDI 3
1f667: SUB Reg RSP, Immediate 112 4
1f66b: MOV Address (SizeDir 32 (AddrPlus (FromReg RSP) (AddrImm 12))), Reg EDX 4
1f66f: MOV Address (SizeDir 32 (AddrPlus (FromReg RSP) (AddrImm 64))), Reg R8D 5
1f674: MOV Reg EDX, Immediate 10 5
1f679: MOV Reg RAX, Address (SizeDir 64 (AddrPlus (FromReg FS) (AddrImm 40))) 9
1f682: MOV Address (SizeDir 64 (AddrPlus (FromReg RSP) (AddrImm 96))), Reg RAX 5
1f687: XOR Reg EAX, Reg EAX 2
1f689: MOV Address (SizeDir 32 (AddrPlus (FromReg RSP) (AddrImm 68))), Immediate 4294967295 8
1f691: PUSH Immediate 0 2
1f693: XOR Reg R8D, Reg R8D 3
1f696: CALL xc_tmem_control (external)
1f69b: TEST Reg EAX, Reg EAX 2
1f69d: POP Reg R11 2
1f69f: POP Reg RBX 1
1f6a0: JE 1f6d8 (resolved immediate)
  |
  `- 1f6a2,1f6d8
1f6a2: MOV Reg EBX, Reg EAX 2
1f6a4: CALL __errno_location (external)
1f6a9: CMP Address (SizeDir 32 (FromReg RAX)), Immediate 2 3
1f6ac: JE 1f711 (resolved immediate)
  |
  `- 1f6ae,1f711
1f6ae: MOV Reg RCX, Address (SizeDir 64 (AddrPlus (FromReg RSP) (AddrImm 88))) 5
1f6b3: XOR Reg RCX, Address (SizeDir 64 (AddrPlus (FromReg FS) (AddrImm 40))) 9
1f6bc: MOV Reg EAX, Reg EBX 2
1f6be: JNE 1fa13 (resolved immediate)
  |
  `- 1f6c4,1fa13
1f6c4: ADD Reg RSP, Immediate 104 4
1f6c8: POP Reg RBX 1
1f6c9: POP Reg RBP 1
1f6ca: POP Reg R12 2
1f6cc: POP Reg R13 2
1f6ce: POP Reg R14 2
1f6d0: POP Reg R15 2
1f6d2: RET  1
  |
  `- 
1f6d8: SUB Reg RSP, Immediate 8 4
1f6dc: XOR Reg R9D, Reg R9D 3
1f6df: XOR Reg ESI, Reg ESI 2
1f6e1: LEA Reg RBP, Address (SizeDir 64 (AddrPlus (FromReg RSP) (AddrImm 72))) 5
1f6e6: MOV Reg R8D, Immediate 20 6
1f6ec: MOV Reg ECX, Reg R14D 3
1f6ef: MOV Reg EDX, Immediate 5 5
1f6f4: MOV Reg RDI, Reg R15 3
1f6f7: PUSH Reg RBP 1
1f6f8: CALL xc_tmem_control (external)
1f6fd: TEST Reg EAX, Reg EAX 2
1f6ff: POP Reg R9 2
1f701: POP Reg R10 2
1f703: JS 1f9c5 (resolved immediate)
  |
  `- 1f709,1f9c5
1f709: MOV Reg EBX, Address (SizeDir 32 (AddrPlus (FromReg RSP) (AddrImm 72))) 4
1f70d: TEST Reg EBX, Reg EBX 2
1f70f: JNE 1f718 (resolved immediate)
  |
  `- 1f711,1f718
1f711: XOR Reg EBX, Reg EBX 2
1f713: JMP 1f6ae (resolved immediate)
  |
  `- 1f6ae
1f718: MOV Reg EDI, Reg EBX 2
1f71a: MOV Reg ESI, Immediate 32 5
1f71f: CALL calloc (external)
1f724: TEST Reg RAX, Reg RAX 3
1f727: MOV Address (SizeDir 64 (AddrPlus (FromReg RSP) (AddrImm 32))), Reg RAX 5
1f72c: JE 1f9c5 (resolved immediate)
  |
  `- 1f732,1f9c5
1f732: SUB Reg RSP, Immediate 8 4
1f736: SHL Reg EBX, Immediate 5 3
1f739: XOR Reg R9D, Reg R9D 3
1f73c: PUSH Reg RAX 1
1f73d: MOV Reg R8D, Reg EBX 3
1f740: XOR Reg ESI, Reg ESI 2
1f742: MOV Reg RDI, Reg R15 3
1f745: MOV Reg ECX, Reg R14D 3
1f748: MOV Reg EDX, Immediate 7 5
1f74d: CALL xc_tmem_control (external)
1f752: TEST Reg EAX, Reg EAX 2
1f754: POP Reg RDI 1
1f755: POP Reg R8 2
1f757: JS 1f9b0 (resolved immediate)
  |
  `- 1f75d,1f9b0
1f75d: CMP Address (SizeDir 32 (AddrPlus (FromReg RSP) (AddrImm 72))), Reg EAX 4
1f761: JB 1f9b0 (resolved immediate)
  |
  `- 1f767,1f9b0
1f767: MOV Reg EBX, Address (SizeDir 32 (AddrPlus (FromReg RSP) (AddrImm 4))) 4
1f76b: LEA Reg RSI, Address (SizeDir 64 (AddrPlus (FromReg RSP) (AddrImm 56))) 5
1f770: MOV Reg EDX, Immediate 4 5
1f775: MOV Address (SizeDir 32 (AddrPlus (FromReg RSP) (AddrImm 72))), Reg EAX 4
1f779: MOV Reg EDI, Reg EBX 2
1f77b: CALL write_exact (external)
1f780: TEST Reg EAX, Reg EAX 2
1f782: JNE 1f9b0 (resolved immediate)
1f788: MOV Reg EDX, Immediate 20 5
1f78d: MOV Reg RSI, Reg RBP 3
1f790: MOV Reg EDI, Reg EBX 2
1f792: CALL write_exact (external)
1f797: TEST Reg EAX, Reg EAX 2
1f799: JNE 1f9b0 (resolved immediate)
1f79f: LEA Reg RAX, Address (SizeDir 64 (AddrPlus (FromReg RSP) (AddrImm 60))) 5
1f7a4: MOV Reg EDX, Immediate 4 5
1f7a9: MOV Reg EDI, Reg EBX 2
1f7ab: MOV Reg RSI, Reg RAX 3
1f7ae: MOV Address (SizeDir 64 (AddrPlus (FromReg RSP) (AddrImm 40))), Reg RAX 5
1f7b3: CALL write_exact (external)
1f7b8: TEST Reg EAX, Reg EAX 2
1f7ba: JNE 1f9b0 (resolved immediate)
1f7c0: MOV Reg ESI, Address (SizeDir 32 (AddrPlus (FromReg RSP) (AddrImm 72))) 4
1f7c4: TEST Reg ESI, Reg ESI 2
1f7c6: JE 1f9cf (resolved immediate)
  |
  `- 1f7cc,1f9cf
1f7cc: MOV Address (SizeDir 32 (AddrPlus (FromReg RSP) (AddrImm 12))), Reg R14D 5
1f7d1: MOV Reg RBX, Address (SizeDir 64 (AddrPlus (FromReg RSP) (AddrImm 32))) 5
1f7d6: XOR Reg R12D, Reg R12D 3
1f7d9: MOV Reg R14D, Reg EAX 3
1f7dc: JMP 1f899 (resolved immediate)
  |
  `- 1f899
1f7e8: JE 1f985 (resolved immediate)
  |
  `- 1f985
1f824: MOV Reg R9, Address (SizeDir 64 (AddrPlus (FromReg RBX) (AddrImm 8))) 4
1f828: MOV Address (SizeDir 64 (AddrPlus (FromReg RSP) (AddrImm 24))), Reg R9 5
1f82d: MOVSXD Reg RBP, Reg EBP 3
1f830: CALL __errno_location (external)
1f835: MOV Reg R11D, Address (SizeDir 32 (FromReg RAX)) 3
1f838: MOV Address (SizeDir 64 (AddrPlus (FromReg RSP) (AddrImm 16))), Reg RAX 5
1f83d: SUB Reg RSP, Immediate 8 4
1f841: MOV Reg RSI, Address (SizeDir 64 (AddrPlus (FromReg R15) (AddrImm 8))) 4
1f845: LEA Reg R8, Address (SizeDir 64 (AddrPlus (FromReg RIP) (AddrImm 27708))) 7
1f84c: XOR Reg ECX, Reg ECX 2
1f84e: MOV Reg EDX, Immediate 3 5
1f853: MOV Reg RDI, Reg R15 3
1f856: MOV Address (SizeDir 32 (AddrPlus (FromReg RSP) (AddrImm 16))), Reg R11D 5
1f85b: PUSH Reg R13 2
1f85d: MOV Reg EAX, Address (SizeDir 32 (AddrPlus (FromReg RBX) (AddrImm 4))) 3
1f860: PUSH Reg RAX 1
1f861: MOV Reg EAX, Address (SizeDir 32 (AddrPlus (FromReg RSP) (AddrImm 36))) 4
1f865: PUSH Reg RAX 1
1f866: MOV Reg R9, Address (SizeDir 64 (AddrPlus (FromReg RSP) (AddrImm 56))) 5
1f86b: XOR Reg EAX, Reg EAX 2
1f86d: SUB Reg R9, Reg RBP 3
1f870: CALL xc_report (external)
1f875: MOV Reg R11D, Address (SizeDir 32 (AddrPlus (FromReg RSP) (AddrImm 40))) 5
1f87a: MOV Reg R10, Address (SizeDir 64 (AddrPlus (FromReg RSP) (AddrImm 48))) 5
1f87f: ADD Reg RSP, Immediate 32 4
1f883: MOV Address (SizeDir 32 (FromReg R10)), Reg R11D 3
1f886: ADD Reg R14D, Immediate 1 4
1f88a: ADD Reg RBX, Immediate 32 4
1f88e: CMP Address (SizeDir 32 (AddrPlus (FromReg RSP) (AddrImm 72))), Reg R14D 5
1f893: JBE 1f9d8 (resolved immediate)
  |
  `- 1f899,1f9d8
1f899: CMP Address (SizeDir 32 (FromReg RBX)), Immediate 18446744073709551615 3
1f89c: JE 1f886 (resolved immediate)
  |
  `- 1f886,1f89e
1f89e: TEST Address (SizeDir 8 (FromReg RBX)), Immediate 1 3
1f8a1: JNE 1f8ab (resolved immediate)
  |
  `- 1f8a3,1f8ab
1f8a3: MOV Address (SizeDir 64 (AddrPlus (FromReg RBX) (AddrImm 8))), Immediate 0 8
1f8ab: MOV Reg EDI, Address (SizeDir 32 (AddrPlus (FromReg RSP) (AddrImm 4))) 4
1f8af: MOV Reg EDX, Immediate 32 5
1f8b4: MOV Reg RSI, Reg RBX 3
1f8b7: CALL write_exact (external)
1f8bc: TEST Reg EAX, Reg EAX 2
1f8be: MOV Reg R13D, Reg EAX 3
1f8c1: JNE 1f9b3 (resolved immediate)
1f8c7: TEST Address (SizeDir 8 (FromReg RBX)), Immediate 1 3
1f8ca: JE 1f886 (resolved immediate)
  |
  `- 1f886,1f8cc
1f8cc: MOVZX Reg ECX, Address (SizeDir 16 (FromReg RBX)) 3
1f8cf: MOV Reg EAX, Immediate 1 5
1f8d4: MOV Address (SizeDir 32 (AddrPlus (FromReg RSP) (AddrImm 8))), Immediate 0 8
1f8dc: SHR Reg CX, Immediate 4 4
1f8e0: ADD Reg ECX, Immediate 12 3
1f8e3: SHL Reg EAX, Reg CL 2
1f8e5: TEST Reg EAX, Reg EAX 2
1f8e7: MOV Address (SizeDir 32 (AddrPlus (FromReg RSP) (AddrImm 16))), Reg EAX 4
1f8eb: JNE 1f990 (resolved immediate)
  |
  `- 1f8f1,1f990
1f8f1: MOV Reg R9, Address (SizeDir 64 (AddrPlus (FromReg RBX) (AddrImm 8))) 4
1f8f5: TEST Reg R9D, Reg R9D 3
1f8f8: MOV Reg EBP, Reg R9D 3
1f8fb: JLE 1f828 (resolved immediate)
  |
  `- 1f828,1f901
1f901: LEA Reg RAX, Address (SizeDir 64 (AddrPlus (FromReg R12) (AddrImm 8))) 5
1f906: MOV Address (SizeDir 64 (AddrPlus (FromReg RSP) (AddrImm 24))), Reg RAX 5
1f90b: SUB Reg RSP, Immediate 8 4
1f90f: MOV Reg ESI, Address (SizeDir 32 (AddrPlus (FromReg RBX) (AddrImm 4))) 3
1f912: XOR Reg R9D, Reg R9D 3
1f915: PUSH Reg R12 2
1f917: MOV Reg R8D, Address (SizeDir 32 (AddrPlus (FromReg RSP) (AddrImm 24))) 5
1f91c: MOV Reg EDX, Immediate 19 5
1f921: MOV Reg ECX, Address (SizeDir 32 (AddrPlus (FromReg RSP) (AddrImm 28))) 4
1f925: MOV Reg RDI, Reg R15 3
1f928: CALL xc_tmem_control (external)
1f92d: CMP Reg EAX, Immediate 0 3
1f930: POP Reg RDX 1
1f931: POP Reg RCX 1
1f932: JLE 1f7e8 (resolved immediate)
  |
  `- 1f7e8,1f938
1f938: MOV Reg RSI, Address (SizeDir 64 (AddrPlus (FromReg RSP) (AddrImm 24))) 5
1f93d: MOV Reg EDI, Address (SizeDir 32 (AddrPlus (FromReg RSP) (AddrImm 4))) 4
1f941: MOV Reg EDX, Immediate 24 5
1f946: CALL write_exact (external)
1f94b: TEST Reg EAX, Reg EAX 2
1f94d: JNE 1f9b3 (resolved immediate)
1f94f: MOV Reg EDI, Address (SizeDir 32 (AddrPlus (FromReg RSP) (AddrImm 4))) 4
1f953: LEA Reg RSI, Address (SizeDir 64 (AddrPlus (FromReg R12) (AddrImm 4))) 5
1f958: MOV Reg EDX, Immediate 4 5
1f95d: CALL write_exact (external)
1f962: TEST Reg EAX, Reg EAX 2
1f964: JNE 1f9b3 (resolved immediate)
1f966: MOVSX Reg EAX, Address (SizeDir 8 (AddrPlus (FromReg R12) (AddrImm 32))) 6
1f96c: MOV Reg EDX, Address (SizeDir 32 (AddrPlus (FromReg RSP) (AddrImm 16))) 4
1f970: LEA Reg RSI, Address (SizeDir 64 (AddrPlus (FromReg R12) (AddrImm 32))) 5
1f975: MOV Reg EDI, Address (SizeDir 32 (AddrPlus (FromReg RSP) (AddrImm 4))) 4
1f979: ADD Reg R13D, Reg EAX 3
1f97c: CALL write_exact (external)
1f981: TEST Reg EAX, Reg EAX 2
1f983: JNE 1f9b3 (resolved immediate)
1f985: SUB Reg EBP, Immediate 1 3
1f988: JNE 1f90b (resolved immediate)
  |
  `- 1f90b,1f98a
1f98a: JMP 1f824 (resolved immediate)
  |
  `- 1f824
1f990: ADD Reg EAX, Immediate 32 3
1f993: MOV Reg RDI, Reg R12 3
1f996: MOVSXD Reg RSI, Reg EAX 3
1f999: MOV Address (SizeDir 32 (AddrPlus (FromReg RSP) (AddrImm 8))), Reg EAX 4
1f99d: CALL realloc (external)
1f9a2: TEST Reg RAX, Reg RAX 3
1f9a5: MOV Reg R12, Reg RAX 3
1f9a8: JNE 1f8f1 (resolved immediate)
  |
  `- 1f8f1,1f9ae
1f9ae: NOP  2
1f9b0: XOR Reg R12D, Reg R12D 3
1f9b3: MOV Reg RDI, Address (SizeDir 64 (AddrPlus (FromReg RSP) (AddrImm 32))) 5
1f9b8: CALL free (external)
1f9bd: MOV Reg RDI, Reg R12 3
1f9c0: CALL free (external)
1f9c5: MOV Reg EBX, Immediate 4294967295 5
1f9ca: JMP 1f6ae (resolved immediate)
  |
  `- 1f6ae
1f9cf: XOR Reg R12D, Reg R12D 3
1f9d2: NOP  6
1f9d8: MOV Reg RDI, Address (SizeDir 64 (AddrPlus (FromReg RSP) (AddrImm 32))) 5
1f9dd: CALL free (external)
1f9e2: MOV Reg RDI, Reg R12 3
1f9e5: CALL free (external)
1f9ea: MOV Reg RSI, Address (SizeDir 64 (AddrPlus (FromReg RSP) (AddrImm 40))) 5
1f9ef: MOV Reg EDI, Address (SizeDir 32 (AddrPlus (FromReg RSP) (AddrImm 4))) 4
1f9f3: MOV Reg EDX, Immediate 4 5
1f9f8: MOV Address (SizeDir 32 (AddrPlus (FromReg RSP) (AddrImm 60))), Immediate 4294967295 8
1fa00: CALL write_exact (external)
1fa05: TEST Reg EAX, Reg EAX 2
1fa07: JNE 1f9c5 (resolved immediate)
1fa09: MOV Reg EBX, Immediate 1 5
1fa0e: JMP 1f6ae (resolved immediate)
  |
  `- 1f6ae
1fa13: CALL __stack_chk_fail (external)
  |
  `- 
