Number of assembly instructions     = 166
Number of indirect branches         = 0
Number of unresolved indirect jumps = 0: 
Number of unresolved indirect calls = 0: 
Number of symbolic states (representative of non-determinism): 166
Number of edges: 169

cfe0 (False): 0

cfe0: PUSH Reg R15 2
cfe2: PUSH Reg R14 2
cfe4: MOV Reg R15D, Reg ESI 3
cfe7: PUSH Reg R13 2
cfe9: PUSH Reg R12 2
cfeb: MOV Reg R14D, Reg EDX 3
cfee: PUSH Reg RBP 1
cfef: PUSH Reg RBX 1
cff0: MOV Reg RBX, Reg RDI 3
cff3: SUB Reg RSP, Immediate 328 7
cffa: MOV Reg RAX, Address (SizeDir 64 (AddrPlus (FromReg FS) (AddrImm 40))) 9
d003: MOV Address (SizeDir 64 (AddrPlus (FromReg RSP) (AddrImm 312))), Reg RAX 8
d00b: XOR Reg EAX, Reg EAX 2
d00d: MOV Address (SizeDir 32 (AddrPlus (FromReg RSP) (AddrImm 12))), Reg R9D 5
d012: MOV Address (SizeDir 64 (AddrPlus (FromReg RSP) (AddrImm 16))), Immediate 0 9
d01b: MOV Address (SizeDir 64 (AddrPlus (FromReg RSP) (AddrImm 24))), Immediate 0 9
d024: MOV Address (SizeDir 32 (AddrPlus (FromReg RSP) (AddrImm 32))), Immediate 3 8
d02c: MOV Address (SizeDir 64 (AddrPlus (FromReg RSP) (AddrImm 40))), Reg RCX 5
d031: MOV Address (SizeDir 64 (AddrPlus (FromReg RSP) (AddrImm 48))), Immediate 0 9
d03a: MOV Address (SizeDir 64 (AddrPlus (FromReg RSP) (AddrImm 64))), Immediate 0 9
d043: MOV Address (SizeDir 64 (AddrPlus (FromReg RSP) (AddrImm 72))), Immediate 0 9
d04c: MOV Address (SizeDir 32 (AddrPlus (FromReg RSP) (AddrImm 80))), Immediate 3 8
d054: MOV Address (SizeDir 64 (AddrPlus (FromReg RSP) (AddrImm 88))), Reg R8 5
d059: MOV Address (SizeDir 64 (AddrPlus (FromReg RSP) (AddrImm 96))), Immediate 0 9
d062: CALL xc_get_cpumap_size (external)
d067: TEST Reg EAX, Reg EAX 2
d069: JLE d296 (resolved immediate)
  |
  `- d06f,d296
d06f: MOV Reg RSI, Address (SizeDir 64 (AddrPlus (FromReg RSP) (AddrImm 24))) 5
d074: MOVSXD Reg RDX, Reg EAX 3
d077: MOV Reg EBP, Reg EAX 2
d079: MOV Reg RAX, Address (SizeDir 64 (AddrPlus (FromReg RSP) (AddrImm 72))) 5
d07e: LEA Reg R13, Address (AddrPlus (FromReg RSP) (AddrImm 16)) 5
d083: LEA Reg R12, Address (AddrPlus (FromReg RSP) (AddrImm 64)) 5
d088: MOV Reg RDI, Reg RBX 3
d08b: TEST Reg RSI, Reg RSI 3
d08e: CMOVZ Reg RSI, Reg R13 4
d092: TEST Reg RAX, Reg RAX 3
d095: CMOVZ Reg RAX, Reg R12 4
d099: MOV Address (SizeDir 64 (AddrPlus (FromReg RSI) (AddrImm 32))), Reg RDX 4
d09d: MOV Address (SizeDir 64 (AddrPlus (FromReg RAX) (AddrImm 32))), Reg RDX 4
d0a1: CALL xc__hypercall_bounce_pre (external)
d0a6: TEST Reg EAX, Reg EAX 2
d0a8: JNZ d0c6 (resolved immediate)
  |
  `- d0aa,d0c6
d0aa: MOV Reg RSI, Address (SizeDir 64 (AddrPlus (FromReg RSP) (AddrImm 72))) 5
d0af: MOV Reg RDI, Reg RBX 3
d0b2: TEST Reg RSI, Reg RSI 3
d0b5: CMOVZ Reg RSI, Reg R12 4
d0b9: CALL xc__hypercall_bounce_pre (external)
d0be: TEST Reg EAX, Reg EAX 2
d0c0: JZ d160 (resolved immediate)
  |
  `- d160
d0c6: CALL __errno_location (external)
d0cb: MOV Reg R12D, Address (SizeDir 32 (FromReg RAX)) 3
d0ce: MOV Reg RBP, Reg RAX 3
d0d1: MOV Reg RDI, Reg RBX 3
d0d4: MOV Reg ESI, Reg R12D 3
d0d7: CALL xc_strerror (external)
d0dc: MOV Reg ECX, Address (SizeDir 32 (AddrPlus (FromReg RBP) (AddrImm 0))) 3
d0df: LEA Reg RDX, Address (AddrPlus (FromReg RIP) (AddrImm 99346)) 7
d0e6: MOV Reg R8, Reg RAX 3
d0e9: MOV Reg ESI, Immediate 1 5
d0ee: MOV Reg RDI, Reg RBX 3
d0f1: XOR Reg EAX, Reg EAX 2
d0f3: CALL xc_report_error (external)
d0f8: MOV Address (SizeDir 32 (AddrPlus (FromReg RBP) (AddrImm 0))), Reg R12D 4
d0fc: MOV Reg EBP, Immediate 4294967295 5
d101: MOV Reg RSI, Address (SizeDir 64 (AddrPlus (FromReg RSP) (AddrImm 24))) 5
d106: LEA Reg RAX, Address (AddrPlus (FromReg RSP) (AddrImm 16)) 5
d10b: MOV Reg RDI, Reg RBX 3
d10e: TEST Reg RSI, Reg RSI 3
d111: CMOVZ Reg RSI, Reg RAX 4
d115: CALL xc__hypercall_bounce_post (external)
d11a: MOV Reg RSI, Address (SizeDir 64 (AddrPlus (FromReg RSP) (AddrImm 72))) 5
d11f: LEA Reg RAX, Address (AddrPlus (FromReg RSP) (AddrImm 64)) 5
d124: MOV Reg RDI, Reg RBX 3
d127: TEST Reg RSI, Reg RSI 3
d12a: CMOVZ Reg RSI, Reg RAX 4
d12e: CALL xc__hypercall_bounce_post (external)
d133: MOV Reg RCX, Address (SizeDir 64 (AddrPlus (FromReg RSP) (AddrImm 312))) 8
d13b: XOR Reg RCX, Address (SizeDir 64 (AddrPlus (FromReg FS) (AddrImm 40))) 9
d144: MOV Reg EAX, Reg EBP 2
d146: JNZ d2fe (resolved immediate)
  |
  `- d14c,d2fe
d14c: ADD Reg RSP, Immediate 328 7
d153: POP Reg RBX 1
d154: POP Reg RBP 1
d155: POP Reg R12 2
d157: POP Reg R13 2
d159: POP Reg R14 2
d15b: POP Reg R15 2
d15d: RET  1
  |
  `- 
d160: MOV Reg EAX, Address (SizeDir 32 (AddrPlus (FromReg RSP) (AddrImm 12))) 4
d164: MOV Address (SizeDir 32 (AddrPlus (FromReg RSP) (AddrImm 160))), Immediate 9 11
d16f: MOV Reg RDI, Reg RBX 3
d172: MOV Address (SizeDir 16 (AddrPlus (FromReg RSP) (AddrImm 168))), Reg R15W 9
d17b: MOV Address (SizeDir 32 (AddrPlus (FromReg RSP) (AddrImm 176))), Reg R14D 8
d183: MOV Address (SizeDir 32 (AddrPlus (FromReg RSP) (AddrImm 180))), Reg EAX 7
d18a: MOV Reg RAX, Address (SizeDir 64 (AddrPlus (FromReg RSP) (AddrImm 24))) 5
d18f: TEST Reg RAX, Reg RAX 3
d192: CMOVZ Reg RAX, Reg R13 4
d196: SHL Reg EBP, Immediate 3 3
d199: MOV Reg RAX, Address (SizeDir 64 (FromReg RAX)) 3
d19c: MOV Address (SizeDir 32 (AddrPlus (FromReg RSP) (AddrImm 192))), Reg EBP 7
d1a3: MOV Address (SizeDir 64 (AddrPlus (FromReg RSP) (AddrImm 184))), Reg RAX 8
d1ab: MOV Reg RAX, Address (SizeDir 64 (AddrPlus (FromReg RSP) (AddrImm 72))) 5
d1b0: TEST Reg RAX, Reg RAX 3
d1b3: CMOVZ Reg RAX, Reg R12 4
d1b7: LEA Reg R12, Address (AddrPlus (FromReg RSP) (AddrImm 112)) 5
d1bc: MOV Reg RAX, Address (SizeDir 64 (FromReg RAX)) 3
d1bf: MOV Address (SizeDir 32 (AddrPlus (FromReg RSP) (AddrImm 208))), Reg EBP 7
d1c6: MOV Reg RSI, Reg R12 3
d1c9: MOV Address (SizeDir 64 (AddrPlus (FromReg RSP) (AddrImm 112))), Immediate 0 9
d1d2: MOV Address (SizeDir 64 (AddrPlus (FromReg RSP) (AddrImm 120))), Immediate 0 9
d1db: MOV Address (SizeDir 32 (AddrPlus (FromReg RSP) (AddrImm 128))), Immediate 3 11
d1e6: MOV Address (SizeDir 64 (AddrPlus (FromReg RSP) (AddrImm 144))), Immediate 144 12
d1f2: MOV Address (SizeDir 64 (AddrPlus (FromReg RSP) (AddrImm 200))), Reg RAX 8
d1fa: LEA Reg RAX, Address (AddrPlus (FromReg RSP) (AddrImm 160)) 8
d202: MOV Address (SizeDir 32 (AddrPlus (FromReg RSP) (AddrImm 164))), Immediate 17 11
d20d: MOV Address (SizeDir 64 (AddrPlus (FromReg RSP) (AddrImm 136))), Reg RAX 8
d215: CALL xc__hypercall_bounce_pre (external)
d21a: TEST Reg EAX, Reg EAX 2
d21c: JNZ d2d6 (resolved immediate)
d222: MOV Reg RAX, Address (SizeDir 64 (AddrPlus (FromReg RSP) (AddrImm 120))) 5
d227: MOV Reg RDI, Address (SizeDir 64 (AddrPlus (FromReg RBX) (AddrImm 1088))) 7
d22e: MOV Reg ESI, Immediate 36 5
d233: TEST Reg RAX, Reg RAX 3
d236: CMOVZ Reg RAX, Reg R12 4
d23a: MOV Reg RDX, Address (SizeDir 64 (FromReg RAX)) 3
d23d: CALL xencall1 (external)
d242: TEST Reg EAX, Reg EAX 2
d244: MOV Reg EBP, Reg EAX 2
d246: JNS d255 (resolved immediate)
  |
  `- d248,d255
d248: CALL __errno_location (external)
d24d: CMP Address (SizeDir 32 (FromReg RAX)), Immediate 13 3
d250: MOV Reg R13, Reg RAX 3
d253: JZ d270 (resolved immediate)
  |
  `- d255,d270
d255: MOV Reg RSI, Address (SizeDir 64 (AddrPlus (FromReg RSP) (AddrImm 120))) 5
d25a: MOV Reg RDI, Reg RBX 3
d25d: TEST Reg RSI, Reg RSI 3
d260: CMOVZ Reg RSI, Reg R12 4
d264: CALL xc__hypercall_bounce_post (external)
d269: JMP d101 (resolved immediate)
  |
  `- d101
d270: MOV Reg RSI, Address (SizeDir 64 (AddrPlus (FromReg RBX) (AddrImm 8))) 4
d274: LEA Reg R8, Address (AddrPlus (FromReg RIP) (AddrImm 98597)) 7
d27b: XOR Reg ECX, Reg ECX 2
d27d: MOV Reg EDX, Immediate 3 5
d282: MOV Reg RDI, Reg RBX 3
d285: XOR Reg EAX, Reg EAX 2
d287: CALL xc_report (external)
d28c: MOV Address (SizeDir 32 (AddrPlus (FromReg R13) (AddrImm 0))), Immediate 13 8
d294: JMP d255 (resolved immediate)
  |
  `- d255
d296: CALL __errno_location (external)
d29b: MOV Reg R12D, Address (SizeDir 32 (FromReg RAX)) 3
d29e: MOV Reg RBP, Reg RAX 3
d2a1: MOV Reg RDI, Reg RBX 3
d2a4: MOV Reg ESI, Reg R12D 3
d2a7: CALL xc_strerror (external)
d2ac: MOV Reg ECX, Address (SizeDir 32 (AddrPlus (FromReg RBP) (AddrImm 0))) 3
d2af: LEA Reg RDX, Address (AddrPlus (FromReg RIP) (AddrImm 98218)) 7
d2b6: MOV Reg R8, Reg RAX 3
d2b9: MOV Reg ESI, Immediate 1 5
d2be: MOV Reg RDI, Reg RBX 3
d2c1: XOR Reg EAX, Reg EAX 2
d2c3: CALL xc_report_error (external)
d2c8: MOV Address (SizeDir 32 (AddrPlus (FromReg RBP) (AddrImm 0))), Reg R12D 4
d2cc: MOV Reg EBP, Immediate 4294967295 5
d2d1: JMP d133 (resolved immediate)
  |
  `- d133
d2fe: CALL __stack_chk_fail (external)
  |
  `- 
