Number of assembly instructions     = 49
Number of indirect branches         = 0
Number of unresolved indirect jumps = 0: 
Number of unresolved indirect calls = 0: 
Number of symbolic states (representative of non-determinism): 49
Number of edges: 49

1f11 (True): 23cf
2365 (False): 0

1f11: PUSH Reg RBX 1
1f12: MOV Reg EBX, Reg EDI 2
1f14: CALL __errno_location (external)
1f19: MOV Address (SizeDir 32 (FromReg RAX)), Reg EBX 2
1f1b: MOV Reg RDI, Address (SizeDir 64 (AddrPlus (FromReg RIP) (AddrImm 2111390))) 7
1f22: CALL PyErr_SetFromErrno (external)
1f27: POP Reg RBX 1
1f28: RET  1
  |
  `- 
2365: PUSH Reg RBP 1
2366: PUSH Reg RBX 1
2367: SUB Reg RSP, Immediate 24 4
236b: MOV Reg RBX, Reg RDX 3
236e: MOV Reg RAX, Address (SizeDir 64 (AddrPlus (FromReg FS) (AddrImm 40))) 9
2377: MOV Address (SizeDir 64 (AddrPlus (FromReg RSP) (AddrImm 8))), Reg RAX 5
237c: XOR Reg EAX, Reg EAX 2
237e: MOV Reg RAX, Address (SizeDir 64 (AddrPlus (FromReg RDI) (AddrImm 16))) 4
2382: TEST Reg RAX, Reg RAX 3
2385: JE 23c5 (resolved immediate)
  |
  `- 2387,23c5
2387: MOV Reg R9, Reg RSI 3
238a: MOV Reg RBP, Reg RCX 3
238d: MOV Address (SizeDir 64 (FromReg RDX)), Reg RAX 3
2390: MOV Reg RDX, Reg RSP 3
2393: MOV Reg RCX, Reg R8 3
2396: LEA Reg RSI, Address (SizeDir 64 (AddrPlus (FromReg RIP) (AddrImm 3919))) 7
239d: MOV Reg RDI, Reg R9 3
23a0: MOV Reg EAX, Immediate 0 5
23a5: CALL PyArg_ParseTuple (external)
23aa: TEST Reg EAX, Reg EAX 2
23ac: JNE 23dd (resolved immediate)
  |
  `- 23ae,23dd
23ae: MOV Reg RCX, Address (SizeDir 64 (AddrPlus (FromReg RSP) (AddrImm 8))) 5
23b3: XOR Reg RCX, Address (SizeDir 64 (AddrPlus (FromReg FS) (AddrImm 40))) 9
23bc: JNE 23fa (resolved immediate)
  |
  `- 23be,23fa
23be: ADD Reg RSP, Immediate 24 4
23c2: POP Reg RBX 1
23c3: POP Reg RBP 1
23c4: RET  1
  |
  `- 
23c5: MOV Reg EDI, Immediate 22 5
23ca: CALL xs_set_error (internal)
  |
  `- 1f11
23cf: MOV Address (SizeDir 64 (FromReg RBX)), Immediate 0 7
23d6: MOV Reg EAX, Immediate 0 5
23db: JMP 23ae (resolved immediate)
  |
  `- 23ae
23dd: MOV Reg EDX, Immediate 16 5
23e2: MOV Reg ESI, Immediate 0 5
23e7: MOV Reg RDI, Address (SizeDir 64 (FromReg RSP)) 4
23eb: CALL strtoul (external)
23f0: MOV Address (SizeDir 32 (FromReg RBP)), Reg EAX 3
23f3: MOV Reg EAX, Immediate 1 5
23f8: JMP 23ae (resolved immediate)
  |
  `- 23ae
23fa: CALL __stack_chk_fail (external)
  |
  `- 
