Number of assembly instructions     = 16
Number of indirect branches         = 0
Number of unresolved indirect jumps = 0: 
Number of unresolved indirect calls = 0: 
Number of symbolic states (representative of non-determinism): 18
Number of edges: 21

1d50 (False): 0

1d50: LEA Reg RDI, Address (AddrPlus (FromReg RIP) (AddrImm 2111785)) 7
1d57: LEA Reg RSI, Address (AddrPlus (FromReg RIP) (AddrImm 2111778)) 7
1d5e: PUSH Reg RBP 1
1d5f: SUB Reg RSI, Reg RDI 3
1d62: MOV Reg RBP, Reg RSP 3
1d65: SAR Reg RSI, Immediate 3 4
1d69: MOV Reg RAX, Reg RSI 3
1d6c: SHR Reg RAX, Immediate 63 4
1d70: ADD Reg RSI, Reg RAX 3
1d73: SAR Reg RSI, Immediate 1 3
1d76: JZ 1d90 (resolved immediate)
  |
  `- 1d78,1d90
1d78: MOV Reg RAX, Address (SizeDir 64 (AddrPlus (FromReg RIP) (AddrImm 2110065))) 7
1d7f: TEST Reg RAX, Reg RAX 3
1d82: JZ 1d90 (resolved immediate)
  |
  `- 1d90
1d90: POP Reg RBP 1
1d91: RET  1
  |
  `- 
