Number of assembly instructions     = 34
Number of indirect branches         = 2
Number of unresolved indirect jumps = 0: 
Number of unresolved indirect calls = 2: 1df5, 1e41
Number of symbolic states (representative of non-determinism): 34
Number of edges: 36

1dea (False): 0

1dea: PUSH Reg RBP 1
1deb: PUSH Reg RBX 1
1dec: SUB Reg RSP, Immediate 8 4
1df0: MOV Reg ESI, Immediate 0 5
1df5: CALL Address (SizeDir 64 (AddrPlus (FromReg RDI) (AddrImm 304))) 6
1dfb: TEST Reg RAX, Reg RAX 3
1dfe: JE 1e49 (resolved immediate)
  |
  `- 1e00,1e49
1e00: MOV Reg RBX, Reg RAX 3
1e03: MOV Address (SizeDir 64 (AddrPlus (FromReg RAX) (AddrImm 16))), Immediate 0 8
1e0b: MOV Reg EDI, Immediate 0 5
1e10: CALL PyList_New (external)
1e15: MOV Reg RBP, Reg RAX 3
1e18: MOV Address (SizeDir 64 (AddrPlus (FromReg RBX) (AddrImm 24))), Reg RAX 4
1e1c: TEST Reg RAX, Reg RAX 3
1e1f: JE 1e2b (resolved immediate)
  |
  `- 1e21,1e2b
1e21: MOV Reg RAX, Reg RBX 3
1e24: ADD Reg RSP, Immediate 8 4
1e28: POP Reg RBX 1
1e29: POP Reg RBP 1
1e2a: RET  1
  |
  `- 
1e2b: MOV Reg RAX, Address (SizeDir 64 (FromReg RBX)) 3
1e2e: SUB Reg RAX, Immediate 1 4
1e32: MOV Address (SizeDir 64 (FromReg RBX)), Reg RAX 3
1e35: TEST Reg RAX, Reg RAX 3
1e38: JNE 1e50 (resolved immediate)
  |
  `- 1e3a,1e50
1e3a: MOV Reg RAX, Address (SizeDir 64 (AddrPlus (FromReg RBX) (AddrImm 8))) 4
1e3e: MOV Reg RDI, Reg RBX 3
1e41: CALL Address (SizeDir 64 (AddrPlus (FromReg RAX) (AddrImm 48))) 3
1e44: MOV Reg RBX, Reg RBP 3
1e47: JMP 1e21 (resolved immediate)
  |
  `- 1e21
1e49: MOV Reg EBX, Immediate 0 5
1e4e: JMP 1e21 (resolved immediate)
  |
  `- 1e21
1e50: MOV Reg RBX, Reg RBP 3
1e53: JMP 1e21 (resolved immediate)
  |
  `- 1e21
