Number of assembly instructions     = 139
Number of indirect branches         = 0
Number of unresolved indirect jumps = 0: 
Number of unresolved indirect calls = 0: 
Number of symbolic states (representative of non-determinism): 241
Number of edges: 567

1ee6 (True): 2a06
1f11 (True): 2982
25bb (True): 2a44
28fa (False): 0

1ee6: TEST Reg DIL, Reg DIL 3
1ee9: JE 1ef7 (resolved immediate)
  |
  `- 1eeb,1ef7
1eeb: MOV Reg RAX, Address (SizeDir 64 (AddrPlus (FromReg RIP) (AddrImm 2109678))) 7
1ef2: ADD Address (SizeDir 64 (FromReg RAX)), Immediate 1 4
1ef6: RET  1
  |
  `- 
1ef7: SUB Reg RSP, Immediate 8 4
1efb: MOV Reg RDI, Address (SizeDir 64 (AddrPlus (FromReg RIP) (AddrImm 2111422))) 7
1f02: CALL PyErr_SetFromErrno (external)
1f07: MOV Reg EAX, Immediate 0 5
1f0c: ADD Reg RSP, Immediate 8 4
1f10: RET  1
  |
  `- 
1f11: PUSH Reg RBX 1
1f12: MOV Reg EBX, Reg EDI 2
1f14: CALL __errno_location (external)
1f19: MOV Address (SizeDir 32 (FromReg RAX)), Reg EBX 2
1f1b: MOV Reg RDI, Address (SizeDir 64 (AddrPlus (FromReg RIP) (AddrImm 2111390))) 7
1f22: CALL PyErr_SetFromErrno (external)
1f27: POP Reg RBX 1
1f28: RET  1
  |
  `- 
25bb: PUSH Reg R13 2
25bd: PUSH Reg R12 2
25bf: PUSH Reg RBP 1
25c0: PUSH Reg RBX 1
25c1: SUB Reg RSP, Immediate 8 4
25c5: MOV Reg R12, Reg RDI 3
25c8: MOV Reg R13, Reg RSI 3
25cb: MOV Reg EBP, Immediate 0 5
25d0: MOVSXD Reg RBX, Reg EBP 3
25d3: MOV Reg RDI, Address (SizeDir 64 (AddrPlus (FromReg R12) (AddrImm 24))) 5
25d8: CALL PyList_Size (external)
25dd: CMP Reg RBX, Reg RAX 3
25e0: JGE 260d (resolved immediate)
  |
  `- 25e2,260d
25e2: MOV Reg RDI, Address (SizeDir 64 (AddrPlus (FromReg R12) (AddrImm 24))) 5
25e7: MOV Reg RSI, Reg RBX 3
25ea: CALL PyList_GetItem (external)
25ef: CMP Reg RAX, Reg R13 3
25f2: JE 25f9 (resolved immediate)
  |
  `- 25f4,25f9
25f4: ADD Reg EBP, Immediate 1 3
25f7: JMP 25d0 (resolved immediate)
  |
  `- 25d0
25f9: MOV Reg RDI, Address (SizeDir 64 (AddrPlus (FromReg R12) (AddrImm 24))) 5
25fe: MOV Reg RDX, Address (SizeDir 64 (AddrPlus (FromReg RIP) (AddrImm 2107867))) 7
2605: MOV Reg RSI, Reg RBX 3
2608: CALL PySequence_SetItem (external)
260d: ADD Reg RSP, Immediate 8 4
2611: POP Reg RBX 1
2612: POP Reg RBP 1
2613: POP Reg R12 2
2615: POP Reg R13 2
2617: RET  1
  |
  `- 
28fa: PUSH Reg R14 2
28fc: PUSH Reg R13 2
28fe: PUSH Reg R12 2
2900: PUSH Reg RBP 1
2901: PUSH Reg RBX 1
2902: SUB Reg RSP, Immediate 48 4
2906: MOV Reg R12, Reg RDI 3
2909: MOV Reg RAX, Address (SizeDir 64 (AddrPlus (FromReg FS) (AddrImm 40))) 9
2912: MOV Address (SizeDir 64 (AddrPlus (FromReg RSP) (AddrImm 40))), Reg RAX 5
2917: XOR Reg EAX, Reg EAX 2
2919: MOV Reg R13, Address (SizeDir 64 (AddrPlus (FromReg RDI) (AddrImm 16))) 4
291d: TEST Reg R13, Reg R13 3
2920: JE 2978 (resolved immediate)
  |
  `- 2922,2978
2922: MOV Reg RDI, Reg RSI 3
2925: LEA Reg RCX, Address (SizeDir 64 (AddrPlus (FromReg RSP) (AddrImm 8))) 5
292a: MOV Reg RDX, Reg RSP 3
292d: LEA Reg RSI, Address (SizeDir 64 (AddrPlus (FromReg RIP) (AddrImm 2514))) 7
2934: MOV Reg EAX, Immediate 0 5
2939: CALL PyArg_ParseTuple (external)
293e: TEST Reg EAX, Reg EAX 2
2940: JE 2a46 (resolved immediate)
  |
  `- 2946,2a46
2946: MOV Reg EBP, Immediate 0 5
294b: MOVSXD Reg RBX, Reg EBP 3
294e: MOV Reg RDI, Address (SizeDir 64 (AddrPlus (FromReg R12) (AddrImm 24))) 5
2953: CALL PyList_Size (external)
2958: CMP Reg RBX, Reg RAX 3
295b: JGE 299b (resolved immediate)
  |
  `- 295d,299b
295d: MOV Reg RDI, Address (SizeDir 64 (AddrPlus (FromReg R12) (AddrImm 24))) 5
2962: MOV Reg RSI, Reg RBX 3
2965: CALL PyList_GetItem (external)
296a: CMP Reg RAX, Address (SizeDir 64 (AddrPlus (FromReg RIP) (AddrImm 2106991))) 7
2971: JE 2989 (resolved immediate)
  |
  `- 2973,2989
2973: ADD Reg EBP, Immediate 1 3
2976: JMP 294b (resolved immediate)
  |
  `- 294b
2978: MOV Reg EDI, Immediate 22 5
297d: CALL xs_set_error (internal)
  |
  `- 1f11
2982: MOV Reg EAX, Immediate 0 5
2987: JMP 2a06 (resolved immediate)
  |
  `- 2a06
2989: MOV Reg RDI, Address (SizeDir 64 (AddrPlus (FromReg R12) (AddrImm 24))) 5
298e: MOV Reg RDX, Address (SizeDir 64 (AddrPlus (FromReg RSP) (AddrImm 8))) 5
2993: MOV Reg RSI, Reg RBX 3
2996: CALL PySequence_SetItem (external)
299b: MOV Reg RDI, Address (SizeDir 64 (AddrPlus (FromReg R12) (AddrImm 24))) 5
29a0: CALL PyList_Size (external)
29a5: CMP Reg RBX, Reg RAX 3
29a8: JE 2a23 (resolved immediate)
  |
  `- 29aa,2a23
29aa: LEA Reg RBX, Address (SizeDir 64 (AddrPlus (FromReg RSP) (AddrImm 16))) 5
29af: MOV Reg R9, Address (SizeDir 64 (AddrPlus (FromReg RSP) (AddrImm 8))) 5
29b4: LEA Reg R8, Address (SizeDir 64 (AddrPlus (FromReg RIP) (AddrImm 2364))) 7
29bb: MOV Reg ECX, Immediate 24 5
29c0: MOV Reg EDX, Immediate 1 5
29c5: MOV Reg ESI, Immediate 24 5
29ca: MOV Reg RDI, Reg RBX 3
29cd: MOV Reg EAX, Immediate 0 5
29d2: CALL __snprintf_chk (external)
29d7: CALL PyEval_SaveThread (external)
29dc: MOV Reg R14, Reg RAX 3
29df: MOV Reg RDX, Reg RBX 3
29e2: MOV Reg RSI, Address (SizeDir 64 (FromReg RSP)) 4
29e6: MOV Reg RDI, Reg R13 3
29e9: CALL xs_watch (external)
29ee: MOV Reg EBX, Reg EAX 2
29f0: MOVZX Reg EBP, Reg AL 3
29f3: MOV Reg RDI, Reg R14 3
29f6: CALL PyEval_RestoreThread (external)
29fb: TEST Reg BL, Reg BL 2
29fd: JE 2a37 (resolved immediate)
  |
  `- 29ff,2a37
29ff: MOV Reg EDI, Reg EBP 2
2a01: CALL none (internal)
  |
  `- 2a06,1ee6
2a06: MOV Reg RCX, Address (SizeDir 64 (AddrPlus (FromReg RSP) (AddrImm 40))) 5
2a0b: XOR Reg RCX, Address (SizeDir 64 (AddrPlus (FromReg FS) (AddrImm 40))) 9
2a14: JNE 2a4d (resolved immediate)
  |
  `- 2a16,2a4d
2a16: ADD Reg RSP, Immediate 48 4
2a1a: POP Reg RBX 1
2a1b: POP Reg RBP 1
2a1c: POP Reg R12 2
2a1e: POP Reg R13 2
2a20: POP Reg R14 2
2a22: RET  1
  |
  `- 
2a23: MOV Reg RDI, Address (SizeDir 64 (AddrPlus (FromReg R12) (AddrImm 24))) 5
2a28: MOV Reg RSI, Address (SizeDir 64 (AddrPlus (FromReg RSP) (AddrImm 8))) 5
2a2d: CALL PyList_Append (external)
2a32: JMP 29aa (resolved immediate)
  |
  `- 29aa
2a37: MOV Reg RSI, Address (SizeDir 64 (AddrPlus (FromReg RSP) (AddrImm 8))) 5
2a3c: MOV Reg RDI, Reg R12 3
2a3f: CALL remove_watch (internal)
  |
  `- 2a44,25bb
2a44: JMP 29ff (resolved immediate)
  |
  `- 29ff
2a46: MOV Reg EAX, Immediate 0 5
2a4b: JMP 2a06 (resolved immediate)
  |
  `- 2a06
2a4d: CALL __stack_chk_fail (external)
  |
  `- 
