Number of assembly instructions     = 108
Number of indirect branches         = 0
Number of unresolved indirect jumps = 0: 
Number of unresolved indirect calls = 0: 
Number of symbolic states (representative of non-determinism): 108
Number of edges: 108

1ee6 (True): 320d
1f11 (True): 23cf
2365 (True): 3194
316c (False): 0

1ee6: TEST Reg DIL, Reg DIL 3
1ee9: JE 1ef7 (resolved immediate)
  |
  `- 1eeb,1ef7
1eeb: MOV Reg RAX, Address (SizeDir 64 (AddrPlus (FromReg RIP) (AddrImm 2109678))) 7
1ef2: ADD Address (SizeDir 64 (FromReg RAX)), Immediate 1 4
1ef6: RET  1
  |
  `- 
1ef7: SUB Reg RSP, Immediate 8 4
1efb: MOV Reg RDI, Address (SizeDir 64 (AddrPlus (FromReg RIP) (AddrImm 2111422))) 7
1f02: CALL PyErr_SetFromErrno (external)
1f07: MOV Reg EAX, Immediate 0 5
1f0c: ADD Reg RSP, Immediate 8 4
1f10: RET  1
  |
  `- 
1f11: PUSH Reg RBX 1
1f12: MOV Reg EBX, Reg EDI 2
1f14: CALL __errno_location (external)
1f19: MOV Address (SizeDir 32 (FromReg RAX)), Reg EBX 2
1f1b: MOV Reg RDI, Address (SizeDir 64 (AddrPlus (FromReg RIP) (AddrImm 2111390))) 7
1f22: CALL PyErr_SetFromErrno (external)
1f27: POP Reg RBX 1
1f28: RET  1
  |
  `- 
2365: PUSH Reg RBP 1
2366: PUSH Reg RBX 1
2367: SUB Reg RSP, Immediate 24 4
236b: MOV Reg RBX, Reg RDX 3
236e: MOV Reg RAX, Address (SizeDir 64 (AddrPlus (FromReg FS) (AddrImm 40))) 9
2377: MOV Address (SizeDir 64 (AddrPlus (FromReg RSP) (AddrImm 8))), Reg RAX 5
237c: XOR Reg EAX, Reg EAX 2
237e: MOV Reg RAX, Address (SizeDir 64 (AddrPlus (FromReg RDI) (AddrImm 16))) 4
2382: TEST Reg RAX, Reg RAX 3
2385: JE 23c5 (resolved immediate)
  |
  `- 2387,23c5
2387: MOV Reg R9, Reg RSI 3
238a: MOV Reg RBP, Reg RCX 3
238d: MOV Address (SizeDir 64 (FromReg RDX)), Reg RAX 3
2390: MOV Reg RDX, Reg RSP 3
2393: MOV Reg RCX, Reg R8 3
2396: LEA Reg RSI, Address (SizeDir 64 (AddrPlus (FromReg RIP) (AddrImm 3919))) 7
239d: MOV Reg RDI, Reg R9 3
23a0: MOV Reg EAX, Immediate 0 5
23a5: CALL PyArg_ParseTuple (external)
23aa: TEST Reg EAX, Reg EAX 2
23ac: JNE 23dd (resolved immediate)
  |
  `- 23ae,23dd
23ae: MOV Reg RCX, Address (SizeDir 64 (AddrPlus (FromReg RSP) (AddrImm 8))) 5
23b3: XOR Reg RCX, Address (SizeDir 64 (AddrPlus (FromReg FS) (AddrImm 40))) 9
23bc: JNE 23fa (resolved immediate)
  |
  `- 23be,23fa
23be: ADD Reg RSP, Immediate 24 4
23c2: POP Reg RBX 1
23c3: POP Reg RBP 1
23c4: RET  1
  |
  `- 
23c5: MOV Reg EDI, Immediate 22 5
23ca: CALL xs_set_error (internal)
  |
  `- 1f11
23cf: MOV Address (SizeDir 64 (FromReg RBX)), Immediate 0 7
23d6: MOV Reg EAX, Immediate 0 5
23db: JMP 23ae (resolved immediate)
  |
  `- 23ae
23dd: MOV Reg EDX, Immediate 16 5
23e2: MOV Reg ESI, Immediate 0 5
23e7: MOV Reg RDI, Address (SizeDir 64 (FromReg RSP)) 4
23eb: CALL strtoul (external)
23f0: MOV Address (SizeDir 32 (FromReg RBP)), Reg EAX 3
23f3: MOV Reg EAX, Immediate 1 5
23f8: JMP 23ae (resolved immediate)
  |
  `- 23ae
23fa: CALL __stack_chk_fail (external)
  |
  `- 
316c: PUSH Reg RBP 1
316d: PUSH Reg RBX 1
316e: SUB Reg RSP, Immediate 40 4
3172: MOV Reg RAX, Address (SizeDir 64 (AddrPlus (FromReg FS) (AddrImm 40))) 9
317b: MOV Address (SizeDir 64 (AddrPlus (FromReg RSP) (AddrImm 24))), Reg RAX 5
3180: XOR Reg EAX, Reg EAX 2
3182: MOV Reg RCX, Reg RSP 3
3185: LEA Reg RDX, Address (SizeDir 64 (AddrPlus (FromReg RSP) (AddrImm 8))) 5
318a: LEA Reg R8, Address (SizeDir 64 (AddrPlus (FromReg RSP) (AddrImm 16))) 5
318f: CALL parse_transaction_path (internal)
  |
  `- 2365
3194: TEST Reg EAX, Reg EAX 2
3196: JE 3212 (resolved immediate)
  |
  `- 3198,3212
3198: CALL PyEval_SaveThread (external)
319d: MOV Reg RBP, Reg RAX 3
31a0: LEA Reg RCX, Address (SizeDir 64 (AddrPlus (FromReg RSP) (AddrImm 4))) 5
31a5: MOV Reg RDX, Address (SizeDir 64 (AddrPlus (FromReg RSP) (AddrImm 16))) 5
31aa: MOV Reg ESI, Address (SizeDir 32 (FromReg RSP)) 3
31ad: MOV Reg RDI, Address (SizeDir 64 (AddrPlus (FromReg RSP) (AddrImm 8))) 5
31b2: CALL xs_read (external)
31b7: MOV Reg RBX, Reg RAX 3
31ba: MOV Reg RDI, Reg RBP 3
31bd: CALL PyEval_RestoreThread (external)
31c2: TEST Reg RBX, Reg RBX 3
31c5: JE 31f8 (resolved immediate)
  |
  `- 31c7,31f8
31c7: MOV Reg ESI, Address (SizeDir 32 (AddrPlus (FromReg RSP) (AddrImm 4))) 4
31cb: MOV Reg RDI, Reg RBX 3
31ce: CALL PyString_FromStringAndSize (external)
31d3: MOV Reg RBP, Reg RAX 3
31d6: MOV Reg RDI, Reg RBX 3
31d9: CALL free (external)
31de: MOV Reg RAX, Reg RBP 3
31e1: MOV Reg RBX, Address (SizeDir 64 (AddrPlus (FromReg RSP) (AddrImm 24))) 5
31e6: XOR Reg RBX, Address (SizeDir 64 (AddrPlus (FromReg FS) (AddrImm 40))) 9
31ef: JNE 3219 (resolved immediate)
  |
  `- 31f1,3219
31f1: ADD Reg RSP, Immediate 40 4
31f5: POP Reg RBX 1
31f6: POP Reg RBP 1
31f7: RET  1
  |
  `- 
31f8: CALL __errno_location (external)
31fd: CMP Address (SizeDir 32 (FromReg RAX)), Immediate 2 3
3200: SETE Reg DIL 4
3204: MOVZX Reg EDI, Reg DIL 4
3208: CALL none (internal)
  |
  `- 1ee6
320d: MOV Reg RBP, Reg RAX 3
3210: JMP 31de (resolved immediate)
  |
  `- 31de
3212: MOV Reg EBP, Immediate 0 5
3217: JMP 31de (resolved immediate)
  |
  `- 31de
3219: CALL __stack_chk_fail (external)
  |
  `- 
