Number of assembly instructions     = 99
Number of indirect branches         = 0
Number of unresolved indirect jumps = 0: 
Number of unresolved indirect calls = 0: 
Number of symbolic states (representative of non-determinism): 99
Number of edges: 99

1ee6 (True): 2f0b
1f11 (True): 23cf
2365 (True): 2ec4
2e9a (False): 0

1ee6: TEST Reg DIL, Reg DIL 3
1ee9: JZ 1ef7 (resolved immediate)
  |
  `- 1eeb,1ef7
1eeb: MOV Reg RAX, Address (SizeDir 64 (AddrPlus (FromReg RIP) (AddrImm 2109678))) 7
1ef2: ADD Address (SizeDir 64 (FromReg RAX)), Immediate 1 4
1ef6: RET  1
  |
  `- 
1ef7: SUB Reg RSP, Immediate 8 4
1efb: MOV Reg RDI, Address (SizeDir 64 (AddrPlus (FromReg RIP) (AddrImm 2111422))) 7
1f02: CALL PyErr_SetFromErrno (external)
1f07: MOV Reg EAX, Immediate 0 5
1f0c: ADD Reg RSP, Immediate 8 4
1f10: RET  1
  |
  `- 
1f11: PUSH Reg RBX 1
1f12: MOV Reg EBX, Reg EDI 2
1f14: CALL __errno_location (external)
1f19: MOV Address (SizeDir 32 (FromReg RAX)), Reg EBX 2
1f1b: MOV Reg RDI, Address (SizeDir 64 (AddrPlus (FromReg RIP) (AddrImm 2111390))) 7
1f22: CALL PyErr_SetFromErrno (external)
1f27: POP Reg RBX 1
1f28: RET  1
  |
  `- 
2365: PUSH Reg RBP 1
2366: PUSH Reg RBX 1
2367: SUB Reg RSP, Immediate 24 4
236b: MOV Reg RBX, Reg RDX 3
236e: MOV Reg RAX, Address (SizeDir 64 (AddrPlus (FromReg FS) (AddrImm 40))) 9
2377: MOV Address (SizeDir 64 (AddrPlus (FromReg RSP) (AddrImm 8))), Reg RAX 5
237c: XOR Reg EAX, Reg EAX 2
237e: MOV Reg RAX, Address (SizeDir 64 (AddrPlus (FromReg RDI) (AddrImm 16))) 4
2382: TEST Reg RAX, Reg RAX 3
2385: JZ 23c5 (resolved immediate)
  |
  `- 2387,23c5
2387: MOV Reg R9, Reg RSI 3
238a: MOV Reg RBP, Reg RCX 3
238d: MOV Address (SizeDir 64 (FromReg RDX)), Reg RAX 3
2390: MOV Reg RDX, Reg RSP 3
2393: MOV Reg RCX, Reg R8 3
2396: LEA Reg RSI, Address (AddrPlus (FromReg RIP) (AddrImm 3919)) 7
239d: MOV Reg RDI, Reg R9 3
23a0: MOV Reg EAX, Immediate 0 5
23a5: CALL PyArg_ParseTuple (external)
23aa: TEST Reg EAX, Reg EAX 2
23ac: JNZ 23dd (resolved immediate)
  |
  `- 23ae,23dd
23ae: MOV Reg RCX, Address (SizeDir 64 (AddrPlus (FromReg RSP) (AddrImm 8))) 5
23b3: XOR Reg RCX, Address (SizeDir 64 (AddrPlus (FromReg FS) (AddrImm 40))) 9
23bc: JNZ 23fa (resolved immediate)
  |
  `- 23be,23fa
23be: ADD Reg RSP, Immediate 24 4
23c2: POP Reg RBX 1
23c3: POP Reg RBP 1
23c4: RET  1
  |
  `- 
23c5: MOV Reg EDI, Immediate 22 5
23ca: CALL xs_set_error (internal)
  |
  `- 1f11
23cf: MOV Address (SizeDir 64 (FromReg RBX)), Immediate 0 7
23d6: MOV Reg EAX, Immediate 0 5
23db: JMP 23ae (resolved immediate)
  |
  `- 23ae
23dd: MOV Reg EDX, Immediate 16 5
23e2: MOV Reg ESI, Immediate 0 5
23e7: MOV Reg RDI, Address (SizeDir 64 (FromReg RSP)) 4
23eb: CALL strtoul (external)
23f0: MOV Address (SizeDir 32 (AddrPlus (FromReg RBP) (AddrImm 0))), Reg EAX 3
23f3: MOV Reg EAX, Immediate 1 5
23f8: JMP 23ae (resolved immediate)
  |
  `- 23ae
23fa: CALL __stack_chk_fail (external)
  |
  `- 
2e9a: PUSH Reg RBP 1
2e9b: PUSH Reg RBX 1
2e9c: SUB Reg RSP, Immediate 40 4
2ea0: MOV Reg RAX, Address (SizeDir 64 (AddrPlus (FromReg FS) (AddrImm 40))) 9
2ea9: MOV Address (SizeDir 64 (AddrPlus (FromReg RSP) (AddrImm 24))), Reg RAX 5
2eae: XOR Reg EAX, Reg EAX 2
2eb0: LEA Reg RCX, Address (AddrPlus (FromReg RSP) (AddrImm 4)) 5
2eb5: LEA Reg RDX, Address (AddrPlus (FromReg RSP) (AddrImm 8)) 5
2eba: LEA Reg R8, Address (AddrPlus (FromReg RSP) (AddrImm 16)) 5
2ebf: CALL parse_transaction_path (internal)
  |
  `- 2365
2ec4: TEST Reg EAX, Reg EAX 2
2ec6: JZ 2f22 (resolved immediate)
  |
  `- 2ec8,2f22
2ec8: CALL PyEval_SaveThread (external)
2ecd: MOV Reg RBP, Reg RAX 3
2ed0: MOV Reg RDX, Address (SizeDir 64 (AddrPlus (FromReg RSP) (AddrImm 16))) 5
2ed5: MOV Reg ESI, Address (SizeDir 32 (AddrPlus (FromReg RSP) (AddrImm 4))) 4
2ed9: MOV Reg RDI, Address (SizeDir 64 (AddrPlus (FromReg RSP) (AddrImm 8))) 5
2ede: CALL xs_rm (external)
2ee3: MOV Reg EBX, Reg EAX 2
2ee5: MOV Reg RDI, Reg RBP 3
2ee8: CALL PyEval_RestoreThread (external)
2eed: MOV Reg EDI, Immediate 1 5
2ef2: TEST Reg BL, Reg BL 2
2ef4: JNZ 2f06 (resolved immediate)
  |
  `- 2ef6,2f06
2ef6: CALL __errno_location (external)
2efb: CMP Address (SizeDir 32 (FromReg RAX)), Immediate 2 3
2efe: SETZ Reg DIL 4
2f02: MOVZX Reg EDI, Reg DIL 4
2f06: CALL none (internal)
  |
  `- 1ee6
2f0b: MOV Reg RBX, Address (SizeDir 64 (AddrPlus (FromReg RSP) (AddrImm 24))) 5
2f10: XOR Reg RBX, Address (SizeDir 64 (AddrPlus (FromReg FS) (AddrImm 40))) 9
2f19: JNZ 2f29 (resolved immediate)
  |
  `- 2f1b,2f29
2f1b: ADD Reg RSP, Immediate 40 4
2f1f: POP Reg RBX 1
2f20: POP Reg RBP 1
2f21: RET  1
  |
  `- 
2f22: MOV Reg EAX, Immediate 0 5
2f27: JMP 2f0b (resolved immediate)
  |
  `- 2f0b
2f29: CALL __stack_chk_fail (external)
  |
  `- 
