Number of assembly instructions     = 108
Number of indirect branches         = 0
Number of unresolved indirect jumps = 0: 
Number of unresolved indirect calls = 0: 
Number of symbolic states (representative of non-determinism): 108
Number of edges: 110

1ee6 (True): 2837
1f11 (True): 2772, 27c6, 281b
2701 (True): 27fc
27d2 (False): 0

1ee6: TEST Reg DIL, Reg DIL 3
1ee9: JE 1ef7 (resolved immediate)
  |
  `- 1eeb,1ef7
1eeb: MOV Reg RAX, Address (SizeDir 64 (AddrPlus (FromReg RIP) (AddrImm 2109678))) 7
1ef2: ADD Address (SizeDir 64 (FromReg RAX)), Immediate 1 4
1ef6: RET  1
  |
  `- 
1ef7: SUB Reg RSP, Immediate 8 4
1efb: MOV Reg RDI, Address (SizeDir 64 (AddrPlus (FromReg RIP) (AddrImm 2111422))) 7
1f02: CALL PyErr_SetFromErrno (external)
1f07: MOV Reg EAX, Immediate 0 5
1f0c: ADD Reg RSP, Immediate 8 4
1f10: RET  1
  |
  `- 
1f11: PUSH Reg RBX 1
1f12: MOV Reg EBX, Reg EDI 2
1f14: CALL __errno_location (external)
1f19: MOV Address (SizeDir 32 (FromReg RAX)), Reg EBX 2
1f1b: MOV Reg RDI, Address (SizeDir 64 (AddrPlus (FromReg RIP) (AddrImm 2111390))) 7
1f22: CALL PyErr_SetFromErrno (external)
1f27: POP Reg RBX 1
1f28: RET  1
  |
  `- 
2701: PUSH Reg R13 2
2703: PUSH Reg R12 2
2705: PUSH Reg RBP 1
2706: PUSH Reg RBX 1
2707: SUB Reg RSP, Immediate 24 4
270b: MOV Reg R12, Reg RDI 3
270e: MOV Reg R13, Reg RSI 3
2711: MOV Reg RAX, Address (SizeDir 64 (AddrPlus (FromReg FS) (AddrImm 40))) 9
271a: MOV Address (SizeDir 64 (AddrPlus (FromReg RSP) (AddrImm 8))), Reg RAX 5
271f: XOR Reg EAX, Reg EAX 2
2721: MOV Reg RDX, Reg RSP 3
2724: MOV Reg RDI, Address (SizeDir 64 (AddrPlus (FromReg RSI) (AddrImm 8))) 4
2728: LEA Reg RSI, Address (SizeDir 64 (AddrPlus (FromReg RIP) (AddrImm 3016))) 7
272f: CALL sscanf (external)
2734: MOV Reg EBP, Immediate 0 5
2739: CMP Reg EAX, Immediate 1 3
273c: JNE 2768 (resolved immediate)
  |
  `- 273e,2768
273e: MOVSXD Reg RBX, Reg EBP 3
2741: MOV Reg RDI, Address (SizeDir 64 (AddrPlus (FromReg R12) (AddrImm 24))) 5
2746: CALL PyList_Size (external)
274b: CMP Reg RBX, Reg RAX 3
274e: JGE 2779 (resolved immediate)
  |
  `- 2750,2779
2750: MOV Reg RDI, Address (SizeDir 64 (AddrPlus (FromReg R12) (AddrImm 24))) 5
2755: MOV Reg RSI, Reg RBX 3
2758: CALL PyList_GetItem (external)
275d: CMP Reg RAX, Address (SizeDir 64 (FromReg RSP)) 4
2761: JE 2779 (resolved immediate)
  |
  `- 2763,2779
2763: ADD Reg EBP, Immediate 1 3
2766: JMP 273e (resolved immediate)
  |
  `- 273e
2768: MOV Reg EDI, Immediate 22 5
276d: CALL xs_set_error (internal)
2772: MOV Reg EAX, Immediate 0 5
2777: JMP 27a1 (resolved immediate)
  |
  `- 27a1
2779: MOV Reg RDI, Address (SizeDir 64 (AddrPlus (FromReg R12) (AddrImm 24))) 5
277e: CALL PyList_Size (external)
2783: CMP Reg RBX, Reg RAX 3
2786: JE 27bc (resolved immediate)
  |
  `- 2788,27bc
2788: MOV Reg RDX, Address (SizeDir 64 (FromReg RSP)) 4
278c: MOV Reg RSI, Address (SizeDir 64 (FromReg R13)) 4
2790: LEA Reg RDI, Address (SizeDir 64 (AddrPlus (FromReg RIP) (AddrImm 2916))) 7
2797: MOV Reg EAX, Immediate 0 5
279c: CALL Py_BuildValue (external)
27a1: MOV Reg RCX, Address (SizeDir 64 (AddrPlus (FromReg RSP) (AddrImm 8))) 5
27a6: XOR Reg RCX, Address (SizeDir 64 (AddrPlus (FromReg FS) (AddrImm 40))) 9
27af: JNE 27cd (resolved immediate)
  |
  `- 27b1,27cd
27b1: ADD Reg RSP, Immediate 24 4
27b5: POP Reg RBX 1
27b6: POP Reg RBP 1
27b7: POP Reg R12 2
27b9: POP Reg R13 2
27bb: RET  1
  |
  `- 
27bc: MOV Reg EDI, Immediate 11 5
27c1: CALL xs_set_error (internal)
27c6: MOV Reg EAX, Immediate 0 5
27cb: JMP 27a1 (resolved immediate)
  |
  `- 27a1
27cd: CALL __stack_chk_fail (external)
  |
  `- 
27d2: PUSH Reg RBP 1
27d3: PUSH Reg RBX 1
27d4: SUB Reg RSP, Immediate 8 4
27d8: MOV Reg RBP, Reg RDI 3
27db: MOV Reg RDI, Address (SizeDir 64 (AddrPlus (FromReg RDI) (AddrImm 16))) 4
27df: TEST Reg RDI, Reg RDI 3
27e2: JE 2811 (resolved immediate)
  |
  `- 27e4,2811
27e4: CALL xs_check_watch (external)
27e9: MOV Reg RBX, Reg RAX 3
27ec: TEST Reg RAX, Reg RAX 3
27ef: JE 2822 (resolved immediate)
  |
  `- 27f1,2822
27f1: MOV Reg RSI, Reg RBX 3
27f4: MOV Reg RDI, Reg RBP 3
27f7: CALL match_watch_by_token (internal)
  |
  `- 2701
27fc: MOV Reg RBP, Reg RAX 3
27ff: MOV Reg RDI, Reg RBX 3
2802: CALL free (external)
2807: MOV Reg RAX, Reg RBP 3
280a: ADD Reg RSP, Immediate 8 4
280e: POP Reg RBX 1
280f: POP Reg RBP 1
2810: RET  1
  |
  `- 
2811: MOV Reg EDI, Immediate 22 5
2816: CALL xs_set_error (internal)
  |
  `- 1f11
281b: MOV Reg EBP, Immediate 0 5
2820: JMP 2807 (resolved immediate)
  |
  `- 2807
2822: CALL __errno_location (external)
2827: CMP Address (SizeDir 32 (FromReg RAX)), Immediate 11 3
282a: SETE Reg DIL 4
282e: MOVZX Reg EDI, Reg DIL 4
2832: CALL none (internal)
  |
  `- 1ee6
2837: MOV Reg RBP, Reg RAX 3
283a: JMP 2807 (resolved immediate)
  |
  `- 2807
