Number of assembly instructions     = 1244
Number of indirect branches         = 2
Number of unresolved indirect jumps = 0: 
Number of unresolved indirect calls = 1: 1e05
Number of symbolic states (representative of non-determinism): 1249
Number of edges: 1371

1450 (False): 0
1560 (True): 1989, 19bd, 1a00, 1f05
16f0 (True): 1be8, 2022
1760 (True): 1008
1880 (True): 1058, 123d
1bb0 (True): 1235
1c90 (True): 10ae
1d60 (True): 11e6
2170 (True): 1391, 22a5, 232d
2270 (True): 13bd
22e0 (True): 11ad
2370 (True): 137d, 13ad
23c0 (True): 1338
24e0 (False): f5b, 1441

ef0: PUSH Reg R15 2
ef2: PUSH Reg R14 2
ef4: PUSH Reg R13 2
ef6: PUSH Reg R12 2
ef8: XOR Reg R13D, Reg R13D 3
efb: PUSH Reg RBP 1
efc: PUSH Reg RBX 1
efd: LEA Reg RBP, Address (AddrPlus (FromReg RIP) (AddrImm 7193)) 7
f04: MOV Reg R12D, Reg EDI 3
f07: MOV Reg RBX, Reg RSI 3
f0a: SUB Reg RSP, Immediate 4936 7
f11: MOV Reg RAX, Address (SizeDir 64 (AddrPlus (FromReg FS) (AddrImm 40))) 9
f1a: MOV Address (SizeDir 64 (AddrPlus (FromReg RSP) (AddrImm 4920))), Reg RAX 8
f22: XOR Reg EAX, Reg EAX 2
f24: LEA Reg RDX, Address (AddrPlus (FromReg RIP) (AddrImm 7174)) 7
f2b: MOV Reg RSI, Reg RBX 3
f2e: MOV Reg EDI, Reg R12D 3
f31: CALL getopt (external)
f36: CMP Reg EAX, Immediate 4294967295 3
f39: JZ f71 (resolved immediate)
  |
  `- f3b,f71
f3b: CMP Reg EAX, Immediate 104 3
f3e: JZ 1437 (resolved immediate)
  |
  `- f44,1437
f44: CMP Reg EAX, Immediate 118 3
f47: JZ f60 (resolved immediate)
  |
  `- f49,f60
f49: CMP Reg EAX, Immediate 83 3
f4c: JZ f68 (resolved immediate)
  |
  `- f4e,f68
f4e: MOV Reg RDI, Address (SizeDir 64 (FromReg RBX)) 3
f51: MOV Reg ESI, Immediate 1 5
f56: CALL anon_func_24e0 (internal)
  |
  `- 
f60: MOV Reg R13D, Immediate 1 6
f66: JMP f24 (resolved immediate)
  |
  `- f24
f68: MOV Reg RBP, Address (SizeDir 64 (AddrPlus (FromReg RIP) (AddrImm 2109625))) 7
f6f: JMP f24 (resolved immediate)
  |
  `- f24
f71: LEA Reg RBX, Address (AddrPlus (FromReg RSP) (AddrImm 192)) 8
f79: MOV Address (SizeDir 64 (AddrPlus (FromReg RSP) (AddrImm 192))), Immediate 1 12
f85: MOV Address (SizeDir 32 (AddrPlus (FromReg RSP) (AddrImm 328))), Immediate 0 11
f90: LEA Reg RDI, Address (AddrPlus (FromReg RBX) (AddrImm 8)) 4
f94: CALL sigemptyset (external)
f99: CMP Reg EAX, Immediate 4294967295 3
f9c: JZ 1429 (resolved immediate)
  |
  `- fa2,1429
fa2: XOR Reg EDX, Reg EDX 2
fa4: MOV Reg RSI, Reg RBX 3
fa7: MOV Reg EDI, Immediate 13 5
fac: CALL sigaction (external)
fb1: CMP Reg EAX, Immediate 4294967295 3
fb4: JZ 1429 (resolved immediate)
  |
  `- fba,1429
fba: LEA Reg RDI, Address (AddrPlus (FromReg RIP) (AddrImm 6631)) 7
fc1: LEA Reg R12, Address (AddrPlus (FromReg RSP) (AddrImm 352)) 8
fc9: CALL puts (external)
fce: LEA Reg RSI, Address (AddrPlus (FromReg RIP) (AddrImm 7009)) 7
fd5: MOV Reg EDI, Immediate 1 5
fda: XOR Reg EAX, Reg EAX 2
fdc: CALL __printf_chk (external)
fe1: MOV Reg RDI, Address (SizeDir 64 (AddrPlus (FromReg RIP) (AddrImm 2109496))) 7
fe8: CALL fflush (external)
fed: MOV Reg R8D, Reg R13D 3
ff0: LEA Reg RDX, Address (AddrPlus (FromReg RIP) (AddrImm 5321)) 7
ff7: XOR Reg ECX, Reg ECX 2
ff9: AND Reg R8D, Immediate 1 4
ffd: MOV Reg RSI, Reg RBP 3
1000: MOV Reg RDI, Reg R12 3
1003: CALL anon_func_1760 (internal)
  |
  `- 1760
1008: TEST Reg EAX, Reg EAX 2
100a: JS 13e2 (resolved immediate)
  |
  `- 1010,13e2
1010: LEA Reg RAX, Address (AddrPlus (FromReg RSP) (AddrImm 4784)) 8
1018: LEA Reg RBX, Address (AddrPlus (FromReg RSP) (AddrImm 64)) 5
101d: LEA Reg R15, Address (AddrPlus (FromReg RSP) (AddrImm 44)) 5
1022: LEA Reg R14, Address (AddrPlus (FromReg RSP) (AddrImm 56)) 5
1027: LEA Reg R13, Address (AddrPlus (FromReg RIP) (AddrImm 7081)) 7
102e: MOV Address (SizeDir 64 (AddrPlus (FromReg RSP) (AddrImm 8))), Reg RAX 5
1033: LEA Reg RAX, Address (AddrPlus (FromReg RSP) (AddrImm 52)) 5
1038: MOV Address (SizeDir 64 (AddrPlus (FromReg RSP) (AddrImm 24))), Reg RAX 5
103d: LEA Reg RAX, Address (AddrPlus (FromReg RSP) (AddrImm 48)) 5
1042: MOV Address (SizeDir 64 (AddrPlus (FromReg RSP) (AddrImm 16))), Reg RAX 5
1047: NOP  9
1050: MOV Reg RDI, Reg R12 3
1053: CALL anon_func_1880 (internal)
  |
  `- 1058,1880
1058: TEST Reg EAX, Reg EAX 2
105a: JS 1245 (resolved immediate)
  |
  `- 1060,1245
1060: MOV Reg ECX, Address (SizeDir 32 (AddrPlus (FromReg RSP) (AddrImm 4448))) 7
1067: MOV Reg RDI, Address (SizeDir 64 (AddrPlus (FromReg RIP) (AddrImm 2109362))) 7
106e: LEA Reg RDX, Address (AddrPlus (FromReg RIP) (AddrImm 6875)) 7
1075: MOV Reg ESI, Immediate 1 5
107a: XOR Reg EAX, Reg EAX 2
107c: CALL __fprintf_chk (external)
1081: MOV Reg EBP, Immediate 16 5
1086: XOR Reg EAX, Reg EAX 2
1088: MOV Reg RDI, Reg RBX 3
108b: MOV Reg RCX, Reg RBP 3
108e: CLD  1
108f: REP STOSQ  3
1092: MOV Reg RDX, Reg R15 3
1095: MOV Reg RSI, Reg RBX 3
1098: MOV Reg RDI, Reg R12 3
109b: OR Address (SizeDir 64 (AddrPlus (FromReg RSP) (AddrImm 64))), Immediate 1 6
10a1: MOV Address (SizeDir 32 (AddrPlus (FromReg RSP) (AddrImm 44))), Immediate 1 8
10a9: CALL anon_func_1c90 (internal)
  |
  `- 10ae,1c90
10ae: MOV Reg EDI, Address (SizeDir 32 (AddrPlus (FromReg RSP) (AddrImm 44))) 4
10b2: XOR Reg R8D, Reg R8D 3
10b5: XOR Reg ECX, Reg ECX 2
10b7: XOR Reg EDX, Reg EDX 2
10b9: MOV Reg RSI, Reg RBX 3
10bc: CALL select (external)
10c1: TEST Reg EAX, Reg EAX 2
10c3: JS 1278 (resolved immediate)
  |
  `- 10c9,1278
10c9: JZ 1081 (resolved immediate)
  |
  `- 1081,10cb
10cb: TEST Address (SizeDir 8 (AddrPlus (FromReg RSP) (AddrImm 64))), Immediate 1 5
10d0: JZ 11d7 (resolved immediate)
  |
  `- 10d6,11d7
10d6: MOV Reg RDI, Address (SizeDir 64 (AddrPlus (FromReg RSP) (AddrImm 8))) 5
10db: XOR Reg EAX, Reg EAX 2
10dd: MOV Reg RCX, Reg RBP 3
10e0: MOV Reg RSI, Address (SizeDir 64 (AddrPlus (FromReg RSP) (AddrImm 8))) 5
10e5: MOV Reg EDX, Immediate 127 5
10ea: REP STOSQ  3
10ed: XOR Reg EDI, Reg EDI 2
10ef: CALL read (external)
10f4: TEST Reg EAX, Reg EAX 2
10f6: JS 133d (resolved immediate)
  |
  `- 10fc,133d
10fc: MOV Reg RAX, Address (SizeDir 64 (AddrPlus (FromReg RSP) (AddrImm 8))) 5
1101: MOV Address (SizeDir 64 (AddrPlus (FromReg RSP) (AddrImm 56))), Reg RAX 5
1106: NOP  10
1110: MOV Reg RSI, Reg R13 3
1113: MOV Reg RDI, Reg R14 3
1116: CALL strsep (external)
111b: TEST Reg RAX, Reg RAX 3
111e: MOV Reg RBP, Reg RAX 3
1121: JZ 11b8 (resolved immediate)
  |
  `- 1127,11b8
1127: CMP Address (SizeDir 8 (AddrPlus (FromReg RBP) (AddrImm 0))), Immediate 0 4
112b: JZ 1110 (resolved immediate)
  |
  `- 1110,112d
112d: LEA Reg RDI, Address (AddrPlus (FromReg RIP) (AddrImm 6730)) 7
1134: MOV Reg ECX, Immediate 2 5
1139: MOV Reg RSI, Reg RBP 3
113c: REPZ CMPSB  2
113e: SETA Reg AL 3
1141: SBB Reg AL, Immediate 0 2
1143: TEST Reg AL, Reg AL 2
1145: JZ 12c8 (resolved immediate)
  |
  `- 114b,12c8
114b: LEA Reg RDI, Address (AddrPlus (FromReg RIP) (AddrImm 6784)) 7
1152: MOV Reg ECX, Immediate 5 5
1157: MOV Reg RSI, Reg RBP 3
115a: REPZ CMPSB  2
115c: SETA Reg AL 3
115f: SBB Reg AL, Immediate 0 2
1161: TEST Reg AL, Reg AL 2
1163: JZ 12b0 (resolved immediate)
  |
  `- 1169,12b0
1169: LEA Reg RDI, Address (AddrPlus (FromReg RIP) (AddrImm 6672)) 7
1170: MOV Reg ECX, Immediate 5 5
1175: MOV Reg RSI, Reg RBP 3
1178: REPZ CMPSB  2
117a: SETA Reg AL 3
117d: SBB Reg AL, Immediate 0 2
117f: TEST Reg AL, Reg AL 2
1181: JZ 1330 (resolved immediate)
  |
  `- 1187,1330
1187: LEA Reg RDI, Address (AddrPlus (FromReg RIP) (AddrImm 6647)) 7
118e: MOV Reg ECX, Immediate 8 5
1193: MOV Reg RSI, Reg RBP 3
1196: REPZ CMPSB  2
1198: SETA Reg AL 3
119b: SBB Reg AL, Immediate 0 2
119d: TEST Reg AL, Reg AL 2
119f: JNZ 12e0 (resolved immediate)
  |
  `- 11a5,12e0
11a5: MOV Reg RDI, Reg R12 3
11a8: CALL anon_func_22e0 (internal)
  |
  `- 11ad,22e0
11ad: JMP 1110 (resolved immediate)
  |
  `- 1110
11b8: LEA Reg RSI, Address (AddrPlus (FromReg RIP) (AddrImm 6519)) 7
11bf: MOV Reg EDI, Immediate 1 5
11c4: XOR Reg EAX, Reg EAX 2
11c6: CALL __printf_chk (external)
11cb: MOV Reg RDI, Address (SizeDir 64 (AddrPlus (FromReg RIP) (AddrImm 2109006))) 7
11d2: CALL fflush (external)
11d7: MOV Reg EDX, Address (SizeDir 32 (AddrPlus (FromReg RSP) (AddrImm 44))) 4
11db: MOV Reg RSI, Reg RBX 3
11de: MOV Reg RDI, Reg R12 3
11e1: CALL anon_func_1d60 (internal)
  |
  `- 11e6,1d60
11e6: TEST Reg EAX, Reg EAX 2
11e8: JNS 1081 (resolved immediate)
  |
  `- 1081,11ee
11ee: MOV Reg RCX, Address (SizeDir 64 (AddrPlus (FromReg RIP) (AddrImm 2109003))) 7
11f5: LEA Reg RDI, Address (AddrPlus (FromReg RIP) (AddrImm 6340)) 7
11fc: MOV Reg EDX, Immediate 35 5
1201: MOV Reg ESI, Immediate 1 5
1206: CALL fwrite (external)
120b: NOP  5
1210: MOV Reg RCX, Address (SizeDir 64 (AddrPlus (FromReg RIP) (AddrImm 2108937))) 7
1217: LEA Reg RDI, Address (AddrPlus (FromReg RIP) (AddrImm 6589)) 7
121e: MOV Reg EDX, Immediate 25 5
1223: MOV Reg ESI, Immediate 1 5
1228: CALL fwrite (external)
122d: MOV Reg RDI, Reg R12 3
1230: CALL anon_func_1bb0 (internal)
  |
  `- 1235,1bb0
1235: MOV Reg RDI, Reg R12 3
1238: CALL anon_func_1880 (internal)
123d: TEST Reg EAX, Reg EAX 2
123f: JNS 1060 (resolved immediate)
  |
  `- 1060,1245
1245: MOV Reg RCX, Address (SizeDir 64 (AddrPlus (FromReg RIP) (AddrImm 2108916))) 7
124c: LEA Reg RDI, Address (AddrPlus (FromReg RIP) (AddrImm 6157)) 7
1253: MOV Reg EDX, Immediate 44 5
1258: MOV Reg ESI, Immediate 1 5
125d: CALL fwrite (external)
1262: MOV Reg EDI, Immediate 1 5
1267: CALL sleep (external)
126c: JMP 1050 (resolved immediate)
  |
  `- 1050
1278: CALL __errno_location (external)
127d: MOV Reg EDI, Address (SizeDir 32 (FromReg RAX)) 2
127f: CMP Reg EDI, Immediate 4 3
1282: JZ 1081 (resolved immediate)
  |
  `- 1081,1288
1288: CALL strerror (external)
128d: MOV Reg RDI, Address (SizeDir 64 (AddrPlus (FromReg RIP) (AddrImm 2108844))) 7
1294: LEA Reg RDX, Address (AddrPlus (FromReg RIP) (AddrImm 6353)) 7
129b: MOV Reg RCX, Reg RAX 3
129e: MOV Reg ESI, Immediate 1 5
12a3: XOR Reg EAX, Reg EAX 2
12a5: CALL __fprintf_chk (external)
12aa: JMP 1210 (resolved immediate)
  |
  `- 1210
12b0: LEA Reg RDI, Address (AddrPlus (FromReg RIP) (AddrImm 5873)) 7
12b7: CALL puts (external)
12bc: JMP 1110 (resolved immediate)
  |
  `- 1110
12c8: LEA Reg RDI, Address (AddrPlus (FromReg RIP) (AddrImm 5849)) 7
12cf: CALL puts (external)
12d4: JMP 114b (resolved immediate)
  |
  `- 114b
12e0: MOV Reg RCX, Address (SizeDir 64 (AddrPlus (FromReg RSP) (AddrImm 24))) 5
12e5: MOV Reg RDX, Address (SizeDir 64 (AddrPlus (FromReg RSP) (AddrImm 16))) 5
12ea: LEA Reg RSI, Address (AddrPlus (FromReg RIP) (AddrImm 6300)) 7
12f1: XOR Reg EAX, Reg EAX 2
12f3: MOV Reg RDI, Reg RBP 3
12f6: CALL sscanf (external)
12fb: CMP Reg EAX, Immediate 2 3
12fe: JZ 1370 (resolved immediate)
  |
  `- 1300,1370
1300: MOV Reg RDX, Address (SizeDir 64 (AddrPlus (FromReg RSP) (AddrImm 16))) 5
1305: LEA Reg RSI, Address (AddrPlus (FromReg RIP) (AddrImm 6309)) 7
130c: XOR Reg EAX, Reg EAX 2
130e: MOV Reg RDI, Reg RBP 3
1311: CALL sscanf (external)
1316: CMP Reg EAX, Immediate 1 3
1319: JZ 13a0 (resolved immediate)
  |
  `- 131f,13a0
131f: LEA Reg RDI, Address (AddrPlus (FromReg RIP) (AddrImm 6294)) 7
1326: CALL puts (external)
132b: JMP 1110 (resolved immediate)
  |
  `- 1110
1330: MOV Reg RDI, Reg R12 3
1333: CALL anon_func_23c0 (internal)
  |
  `- 1338,23c0
1338: JMP 1110 (resolved immediate)
  |
  `- 1110
133d: CALL __errno_location (external)
1342: CMP Address (SizeDir 32 (FromReg RAX)), Immediate 4 3
1345: JZ 11d7 (resolved immediate)
  |
  `- 11d7,134b
134b: MOV Reg RCX, Address (SizeDir 64 (AddrPlus (FromReg RIP) (AddrImm 2108654))) 7
1352: LEA Reg RDI, Address (AddrPlus (FromReg RIP) (AddrImm 5943)) 7
1359: MOV Reg EDX, Immediate 45 5
135e: MOV Reg ESI, Immediate 1 5
1363: CALL fwrite (external)
1368: JMP 1210 (resolved immediate)
  |
  `- 1210
1370: MOVSXD Reg RSI, Address (SizeDir 32 (AddrPlus (FromReg RSP) (AddrImm 48))) 5
1375: MOV Reg RDI, Reg R12 3
1378: CALL anon_func_2370 (internal)
  |
  `- 137d,2370
137d: TEST Reg RAX, Reg RAX 3
1380: JZ 13c8 (resolved immediate)
  |
  `- 1382,13c8
1382: MOV Reg EDX, Address (SizeDir 32 (AddrPlus (FromReg RSP) (AddrImm 52))) 4
1386: MOV Reg RSI, Reg RAX 3
1389: MOV Reg RDI, Reg R12 3
138c: CALL anon_func_2170 (internal)
  |
  `- 1391,2170
1391: JMP 1110 (resolved immediate)
  |
  `- 1110
13a0: MOVSXD Reg RSI, Address (SizeDir 32 (AddrPlus (FromReg RSP) (AddrImm 48))) 5
13a5: MOV Reg RDI, Reg R12 3
13a8: CALL anon_func_2370 (internal)
13ad: TEST Reg RAX, Reg RAX 3
13b0: JZ 13c8 (resolved immediate)
  |
  `- 13b2,13c8
13b2: MOV Reg RSI, Reg RAX 3
13b5: MOV Reg RDI, Reg R12 3
13b8: CALL anon_func_2270 (internal)
  |
  `- 13bd,2270
13bd: JMP 1110 (resolved immediate)
  |
  `- 1110
13c8: MOV Reg EDX, Address (SizeDir 32 (AddrPlus (FromReg RSP) (AddrImm 48))) 4
13cc: LEA Reg RSI, Address (AddrPlus (FromReg RIP) (AddrImm 6084)) 7
13d3: MOV Reg EDI, Immediate 1 5
13d8: CALL __printf_chk (external)
13dd: JMP 1110 (resolved immediate)
  |
  `- 1110
13e2: MOV Reg RCX, Address (SizeDir 64 (AddrPlus (FromReg RIP) (AddrImm 2108503))) 7
13e9: LEA Reg RDI, Address (AddrPlus (FromReg RIP) (AddrImm 5964)) 7
13f0: MOV Reg EDX, Immediate 19 5
13f5: MOV Reg ESI, Immediate 1 5
13fa: CALL fwrite (external)
13ff: MOV Reg RDX, Address (SizeDir 64 (AddrPlus (FromReg RSP) (AddrImm 4920))) 8
1407: XOR Reg RDX, Address (SizeDir 64 (AddrPlus (FromReg FS) (AddrImm 40))) 9
1410: MOV Reg EAX, Immediate 1 5
1415: JNZ 1441 (resolved immediate)
  |
  `- 1417,1441
1417: ADD Reg RSP, Immediate 4936 7
141e: POP Reg RBX 1
141f: POP Reg RBP 1
1420: POP Reg R12 2
1422: POP Reg R13 2
1424: POP Reg R14 2
1426: POP Reg R15 2
1428: RET  1
  |
  `- 
1429: LEA Reg RDI, Address (AddrPlus (FromReg RIP) (AddrImm 5456)) 7
1430: CALL perror (external)
1435: JMP 13ff (resolved immediate)
  |
  `- 13ff
1437: MOV Reg RDI, Address (SizeDir 64 (FromReg RBX)) 3
143a: XOR Reg ESI, Reg ESI 2
143c: CALL anon_func_24e0 (internal)
  |
  `- 24e0
1441: CALL __stack_chk_fail (external)
  |
  `- 
1450: XOR Reg EBP, Reg EBP 2
1452: MOV Reg R9, Reg RDX 3
1455: POP Reg RSI 1
1456: MOV Reg RDX, Reg RSP 3
1459: AND Reg RSP, Immediate 18446744073709551600 4
145d: PUSH Reg RAX 1
145e: PUSH Reg RSP 1
145f: LEA Reg R8, Address (AddrPlus (FromReg RIP) (AddrImm 4474)) 7
1466: LEA Reg RCX, Address (AddrPlus (FromReg RIP) (AddrImm 4355)) 7
146d: LEA Reg RDI, Address (AddrMinus (FromReg RIP) (AddrImm 1412)) 7
1474: CALL __libc_start_main (external)
  |
  `- ef0
1560: PUSH Reg RBP 1
1561: PUSH Reg RBX 1
1562: MOV Reg RBP, Reg RSI 3
1565: PXOR Reg XMM0, Reg XMM0 4
1569: MOV Reg RBX, Reg RCX 3
156c: SUB Reg RSP, Immediate 120 4
1570: MOV Reg EDI, Address (SizeDir 32 (FromReg RDI)) 2
1572: MOV Reg RAX, Address (SizeDir 64 (AddrPlus (FromReg FS) (AddrImm 40))) 9
157b: MOV Address (SizeDir 64 (AddrPlus (FromReg RSP) (AddrImm 104))), Reg RAX 5
1580: XOR Reg EAX, Reg EAX 2
1582: LEA Reg RAX, Address (AddrPlus (FromReg RSP) (AddrImm 64)) 5
1587: MOV Address (SizeDir 64 (AddrPlus (FromReg RSP) (AddrImm 64))), Reg RDX 5
158c: MOV Reg RSI, Reg RSP 3
158f: XOR Reg EDX, Reg EDX 2
1591: MOV Address (SizeDir 64 (AddrPlus (FromReg RSP) (AddrImm 72))), Immediate 8 9
159a: MOV Address (SizeDir 64 (AddrPlus (FromReg RSP) (AddrImm 48))), Immediate 0 9
15a3: MOV Address (SizeDir 64 (AddrPlus (FromReg RSP) (AddrImm 16))), Reg RAX 5
15a8: LEA Reg RAX, Address (AddrPlus (FromReg RSP) (AddrImm 80)) 5
15ad: MOV Address (SizeDir 64 (AddrPlus (FromReg RSP) (AddrImm 24))), Immediate 1 9
15b6: MOVAPS Address (SizeDir 128 (FromReg RSP)), Reg XMM0 4
15ba: MOV Address (SizeDir 64 (AddrPlus (FromReg RSP) (AddrImm 32))), Reg RAX 5
15bf: MOV Address (SizeDir 64 (AddrPlus (FromReg RSP) (AddrImm 40))), Immediate 24 9
15c8: CALL recvmsg (external)
15cd: CMP Reg EAX, Immediate 7 3
15d0: JA 1600 (resolved immediate)
  |
  `- 15d2,1600
15d2: CMP Address (SizeDir 8 (AddrPlus (FromReg RBP) (AddrImm 0))), Immediate 0 4
15d6: MOV Reg EBX, Immediate 4294967295 5
15db: JNZ 16a0 (resolved immediate)
  |
  `- 15e1,16a0
15e1: MOV Reg EAX, Reg EBX 2
15e3: MOV Reg RBX, Address (SizeDir 64 (AddrPlus (FromReg RSP) (AddrImm 104))) 5
15e8: XOR Reg RBX, Address (SizeDir 64 (AddrPlus (FromReg FS) (AddrImm 40))) 9
15f1: JNZ 16e4 (resolved immediate)
  |
  `- 15f7,16e4
15f7: ADD Reg RSP, Immediate 120 4
15fb: POP Reg RBX 1
15fc: POP Reg RBP 1
15fd: RET  1
  |
  `- 
1600: TEST Reg EAX, Reg EAX 2
1602: JNZ 1620 (resolved immediate)
  |
  `- 1604,1620
1604: CMP Address (SizeDir 8 (AddrPlus (FromReg RBP) (AddrImm 0))), Immediate 0 4
1608: MOV Reg EBX, Immediate 4294967295 5
160d: JZ 15e1 (resolved immediate)
  |
  `- 15e1,160f
160f: LEA Reg RDI, Address (AddrPlus (FromReg RIP) (AddrImm 4087)) 7
1616: CALL puts (external)
161b: JMP 15e1 (resolved immediate)
  |
  `- 15e1
1620: MOV Reg RCX, Address (SizeDir 64 (AddrPlus (FromReg RSP) (AddrImm 40))) 5
1625: MOV Address (SizeDir 32 (FromReg RBX)), Immediate 4294967295 6
162b: CMP Reg RCX, Immediate 15 4
162f: JBE 1690 (resolved immediate)
1631: MOV Reg RDX, Address (SizeDir 64 (AddrPlus (FromReg RSP) (AddrImm 32))) 5
1636: TEST Reg RDX, Reg RDX 3
1639: JZ 1690 (resolved immediate)
  |
  `- 163b,1690
163b: MOV Reg RAX, Address (SizeDir 64 (FromReg RDX)) 3
163e: MOV Reg RDI, Immediate 4294967297 10
1648: ADD Reg RCX, Reg RDX 3
164b: JMP 167d (resolved immediate)
  |
  `- 167d
1650: CMP Address (SizeDir 64 (AddrPlus (FromReg RDX) (AddrImm 8))), Reg RDI 4
1654: JZ 16d0 (resolved immediate)
  |
  `- 1656,16d0
1656: ADD Reg RAX, Immediate 7 4
165a: AND Reg RAX, Immediate 18446744073709551608 4
165e: ADD Reg RDX, Reg RAX 3
1661: LEA Reg RAX, Address (AddrPlus (FromReg RDX) (AddrImm 16)) 4
1665: CMP Reg RCX, Reg RAX 3
1668: JB 1690 (resolved immediate)
  |
  `- 166a,1690
166a: MOV Reg RAX, Address (SizeDir 64 (FromReg RDX)) 3
166d: LEA Reg RSI, Address (AddrPlus (FromReg RAX) (AddrImm 7)) 4
1671: AND Reg RSI, Immediate 18446744073709551608 4
1675: ADD Reg RSI, Reg RDX 3
1678: CMP Reg RCX, Reg RSI 3
167b: JB 1690 (resolved immediate)
  |
  `- 167d,1690
167d: CMP Reg RAX, Immediate 20 4
1681: JZ 1650 (resolved immediate)
  |
  `- 1650,1683
1683: CMP Reg RAX, Immediate 15 4
1687: JA 1656 (resolved immediate)
  |
  `- 1656,1689
1689: NOP  7
1690: XOR Reg EBX, Reg EBX 2
1692: JMP 15e1 (resolved immediate)
  |
  `- 15e1
16a0: CALL __errno_location (external)
16a5: MOV Reg EDI, Address (SizeDir 32 (FromReg RAX)) 2
16a7: CALL strerror (external)
16ac: LEA Reg RSI, Address (AddrPlus (FromReg RIP) (AddrImm 3905)) 7
16b3: MOV Reg RDX, Reg RAX 3
16b6: MOV Reg EDI, Immediate 1 5
16bb: XOR Reg EAX, Reg EAX 2
16bd: CALL __printf_chk (external)
16c2: JMP 15e1 (resolved immediate)
  |
  `- 15e1
16d0: MOV Reg EAX, Address (SizeDir 32 (AddrPlus (FromReg RDX) (AddrImm 16))) 3
16d3: MOV Address (SizeDir 32 (FromReg RBX)), Reg EAX 2
16d5: MOV Reg RAX, Address (SizeDir 64 (FromReg RDX)) 3
16d8: CMP Reg RAX, Immediate 15 4
16dc: JA 1656 (resolved immediate)
  |
  `- 1656,16e2
16e2: JMP 1690 (resolved immediate)
  |
  `- 1690
16e4: CALL __stack_chk_fail (external)
  |
  `- 
16f0: PUSH Reg RBP 1
16f1: PUSH Reg RBX 1
16f2: MOV Reg RBP, Reg RSI 3
16f5: SUB Reg RSP, Immediate 8 4
16f9: MOV Reg RAX, Address (SizeDir 64 (FromReg RSI)) 3
16fc: MOV Reg RDX, Address (SizeDir 64 (AddrPlus (FromReg RSI) (AddrImm 8))) 4
1700: TEST Reg RAX, Reg RAX 3
1703: JZ 1758 (resolved immediate)
  |
  `- 1705,1758
1705: MOV Address (SizeDir 64 (AddrPlus (FromReg RAX) (AddrImm 8))), Reg RDX 4
1709: MOV Reg RAX, Address (SizeDir 64 (AddrPlus (FromReg RBP) (AddrImm 8))) 4
170d: MOV Reg RDX, Address (SizeDir 64 (AddrPlus (FromReg RBP) (AddrImm 0))) 4
1711: MOV Address (SizeDir 64 (FromReg RAX)), Reg RDX 3
1714: MOV Reg EAX, Address (SizeDir 32 (AddrPlus (FromReg RBP) (AddrImm 280))) 6
171a: MOV Address (SizeDir 64 (AddrPlus (FromReg RBP) (AddrImm 8))), Immediate 0 8
1722: TEST Reg EAX, Reg EAX 2
1724: JZ 1747 (resolved immediate)
  |
  `- 1726,1747
1726: MOV Reg EBX, Immediate 1 5
172b: NOP  5
1730: MOV Reg EDI, Address (SizeDir 32 (AddrPlus (AddrPlus (FromReg RBP) (AddrTimes (AddrImm 4) (FromReg RBX))) (AddrImm 20))) 4
1734: CALL close (external)
1739: MOV Reg EAX, Reg EBX 2
173b: ADD Reg RBX, Immediate 1 4
173f: CMP Reg EAX, Address (SizeDir 32 (AddrPlus (FromReg RBP) (AddrImm 280))) 6
1745: JB 1730 (resolved immediate)
  |
  `- 1730,1747
1747: ADD Reg RSP, Immediate 8 4
174b: MOV Reg RDI, Reg RBP 3
174e: POP Reg RBX 1
174f: POP Reg RBP 1
1750: JMP g_free (jmp to external function)
  |
  `- 
1758: MOV Address (SizeDir 64 (FromReg RDI)), Reg RDX 3
175b: JMP 1709 (resolved immediate)
  |
  `- 1709
1760: PUSH Reg R13 2
1762: PUSH Reg R12 2
1764: XOR Reg EAX, Reg EAX 2
1766: PUSH Reg RBP 1
1767: PUSH Reg RBX 1
1768: MOV Reg RBX, Reg RDI 3
176b: ADD Reg RDI, Immediate 8 4
176f: MOV Reg RBP, Reg RCX 3
1772: MOV Reg RCX, Reg RBX 3
1775: SUB Reg RSP, Immediate 8 4
1779: MOV Address (SizeDir 64 (AddrMinus (FromReg RDI) (AddrImm 8))), Immediate 0 8
1781: MOV Address (SizeDir 64 (AddrPlus (FromReg RDI) (AddrImm 4416))), Immediate 0 11
178c: AND Reg RDI, Immediate 18446744073709551608 4
1790: MOV Reg R12, Reg RDX 3
1793: LEA Reg RDX, Address (AddrPlus (FromReg RIP) (AddrImm 3725)) 7
179a: SUB Reg RCX, Reg RDI 3
179d: MOV Reg R13D, Reg R8D 3
17a0: ADD Reg ECX, Immediate 4432 6
17a6: SHR Reg ECX, Immediate 3 3
17a9: REP STOSQ  3
17ac: MOV Reg RCX, Reg RSI 3
17af: MOV Reg RDI, Reg RBX 3
17b2: MOV Reg ESI, Immediate 4096 5
17b7: CALL snprintf (external)
17bc: CMP Reg EAX, Immediate 4095 5
17c1: JBE 17e8 (resolved immediate)
  |
  `- 17c3,17e8
17c3: CMP Address (SizeDir 8 (AddrPlus (FromReg RBX) (AddrImm 4424))), Immediate 0 7
17ca: MOV Reg EBP, Immediate 4294967295 5
17cf: JNZ 1861 (resolved immediate)
  |
  `- 17d5,1861
17d5: ADD Reg RSP, Immediate 8 4
17d9: MOV Reg EAX, Reg EBP 2
17db: POP Reg RBX 1
17dc: POP Reg RBP 1
17dd: POP Reg R12 2
17df: POP Reg R13 2
17e1: RET  1
  |
  `- 
17e8: LEA Reg RAX, Address (AddrPlus (FromReg RBX) (AddrImm 4144)) 7
17ef: LEA Reg RDX, Address (AddrPlus (FromReg RBX) (AddrImm 4400)) 7
17f6: NOP  10
1800: MOV Address (SizeDir 32 (FromReg RAX)), Immediate 4294967295 6
1806: ADD Reg RAX, Immediate 4 4
180a: CMP Reg RAX, Reg RDX 3
180d: JNZ 1800 (resolved immediate)
  |
  `- 1800,180f
180f: LEA Reg RAX, Address (AddrPlus (FromReg RBX) (AddrImm 4104)) 7
1816: MOV Address (SizeDir 64 (AddrPlus (FromReg RBX) (AddrImm 4408))), Reg R12 7
181d: MOV Address (SizeDir 64 (AddrPlus (FromReg RBX) (AddrImm 4416))), Reg RBP 7
1824: MOV Address (SizeDir 8 (AddrPlus (FromReg RBX) (AddrImm 4424))), Reg R13B 7
182b: MOV Address (SizeDir 64 (AddrPlus (FromReg RBX) (AddrImm 4104))), Immediate 0 11
1836: XOR Reg EBP, Reg EBP 2
1838: MOV Address (SizeDir 64 (AddrPlus (FromReg RBX) (AddrImm 4112))), Reg RAX 7
183f: MOV Reg RAX, Immediate 18446744073709551615 7
1846: MOV Address (SizeDir 64 (AddrPlus (FromReg RBX) (AddrImm 4136))), Reg RAX 7
184d: MOV Address (SizeDir 64 (AddrPlus (FromReg RBX) (AddrImm 4096))), Reg RAX 7
1854: ADD Reg RSP, Immediate 8 4
1858: POP Reg RBX 1
1859: MOV Reg EAX, Reg EBP 2
185b: POP Reg RBP 1
185c: POP Reg R12 2
185e: POP Reg R13 2
1860: RET  1
  |
  `- 
1861: LEA Reg RDI, Address (AddrPlus (FromReg RIP) (AddrImm 3840)) 7
1868: CALL puts (external)
186d: ADD Reg RSP, Immediate 8 4
1871: MOV Reg EAX, Reg EBP 2
1873: POP Reg RBX 1
1874: POP Reg RBP 1
1875: POP Reg R12 2
1877: POP Reg R13 2
1879: RET  1
  |
  `- 
1880: PUSH Reg R14 2
1882: PUSH Reg R13 2
1884: PUSH Reg R12 2
1886: PUSH Reg RBP 1
1887: PUSH Reg RBX 1
1888: MOV Reg RBX, Reg RDI 3
188b: SUB Reg RSP, Immediate 144 7
1892: MOV Reg RAX, Address (SizeDir 64 (AddrPlus (FromReg FS) (AddrImm 40))) 9
189b: MOV Address (SizeDir 64 (AddrPlus (FromReg RSP) (AddrImm 136))), Reg RAX 8
18a3: XOR Reg EAX, Reg EAX 2
18a5: CMP Address (SizeDir 8 (AddrPlus (FromReg RDI) (AddrImm 4424))), Immediate 0 7
18ac: JNZ 1a50 (resolved immediate)
  |
  `- 18b2,1a50
18b2: XOR Reg EDX, Reg EDX 2
18b4: MOV Reg ESI, Immediate 1 5
18b9: MOV Reg EDI, Immediate 1 5
18be: CALL socket (external)
18c3: TEST Reg EAX, Reg EAX 2
18c5: MOV Address (SizeDir 32 (AddrPlus (FromReg RBX) (AddrImm 4096))), Reg EAX 6
18cb: JNS 1910 (resolved immediate)
  |
  `- 18cd,1910
18cd: CMP Address (SizeDir 8 (AddrPlus (FromReg RBX) (AddrImm 4424))), Immediate 0 7
18d4: MOV Reg EBP, Immediate 4294967295 5
18d9: JNZ 1a70 (resolved immediate)
  |
  `- 18df,1a70
18df: MOV Reg RCX, Address (SizeDir 64 (AddrPlus (FromReg RSP) (AddrImm 136))) 8
18e7: XOR Reg RCX, Address (SizeDir 64 (AddrPlus (FromReg FS) (AddrImm 40))) 9
18f0: MOV Reg EAX, Reg EBP 2
18f2: JNZ 1ba7 (resolved immediate)
  |
  `- 18f8,1ba7
18f8: ADD Reg RSP, Immediate 144 7
18ff: POP Reg RBX 1
1900: POP Reg RBP 1
1901: POP Reg R12 2
1903: POP Reg R13 2
1905: POP Reg R14 2
1907: RET  1
  |
  `- 
1910: LEA Reg RBP, Address (AddrPlus (FromReg RSP) (AddrImm 16)) 5
1915: MOV Reg EAX, Immediate 1 5
191a: LEA Reg RDX, Address (AddrPlus (FromReg RIP) (AddrImm 3334)) 7
1921: MOV Address (SizeDir 16 (AddrPlus (FromReg RSP) (AddrImm 16))), Reg AX 5
1926: MOV Reg RCX, Reg RBX 3
1929: XOR Reg EAX, Reg EAX 2
192b: LEA Reg R12, Address (AddrPlus (FromReg RBP) (AddrImm 2)) 4
192f: MOV Reg ESI, Immediate 108 5
1934: MOV Reg RDI, Reg R12 3
1937: CALL snprintf (external)
193c: CMP Reg EAX, Immediate 107 3
193f: JG 1b38 (resolved immediate)
  |
  `- 1945,1b38
1945: MOV Reg EDI, Address (SizeDir 32 (AddrPlus (FromReg RBX) (AddrImm 4096))) 6
194b: MOV Reg EDX, Immediate 110 5
1950: MOV Reg RSI, Reg RBP 3
1953: CALL connect (external)
1958: TEST Reg EAX, Reg EAX 2
195a: JS 1b70 (resolved immediate)
  |
  `- 1960,1b70
1960: LEA Reg RBP, Address (AddrPlus (FromReg RBX) (AddrImm 4096)) 7
1967: LEA Reg R12, Address (AddrPlus (FromReg RBX) (AddrImm 4424)) 7
196e: LEA Reg R13, Address (AddrPlus (FromReg RSP) (AddrImm 4)) 5
1973: LEA Reg R14, Address (AddrPlus (FromReg RSP) (AddrImm 8)) 5
1978: MOV Reg RCX, Reg R13 3
197b: MOV Reg RSI, Reg R12 3
197e: MOV Reg RDI, Reg RBP 3
1981: MOV Reg RDX, Reg R14 3
1984: CALL anon_func_1560 (internal)
  |
  `- 1560
1989: TEST Reg EAX, Reg EAX 2
198b: JS 1ac0 (resolved immediate)
  |
  `- 1991,1ac0
1991: CMP Address (SizeDir 64 (AddrPlus (FromReg RSP) (AddrImm 8))), Immediate 0 6
1997: JNZ 1ac0 (resolved immediate)
  |
  `- 199d,1ac0
199d: CMP Address (SizeDir 32 (AddrPlus (FromReg RSP) (AddrImm 4))), Immediate 4294967295 5
19a2: JNZ 1ac0 (resolved immediate)
  |
  `- 19a8,1ac0
19a8: LEA Reg RDX, Address (AddrPlus (FromReg RBX) (AddrImm 4136)) 7
19af: MOV Reg RCX, Reg R13 3
19b2: MOV Reg RSI, Reg R12 3
19b5: MOV Reg RDI, Reg RBP 3
19b8: CALL anon_func_1560 (internal)
19bd: TEST Reg EAX, Reg EAX 2
19bf: JS 1aec (resolved immediate)
  |
  `- 19c5,1aec
19c5: MOV Reg RDX, Address (SizeDir 64 (AddrPlus (FromReg RBX) (AddrImm 4136))) 7
19cc: MOVZX Reg EAX, Address (SizeDir 8 (AddrPlus (FromReg RBX) (AddrImm 4424))) 7
19d3: TEST Reg RDX, Reg RDX 3
19d6: JS 1af8 (resolved immediate)
  |
  `- 19dc,1af8
19dc: CMP Address (SizeDir 32 (AddrPlus (FromReg RSP) (AddrImm 4))), Immediate 4294967295 5
19e1: JNZ 1af8 (resolved immediate)
19e7: TEST Reg AL, Reg AL 2
19e9: JNZ 1aa0 (resolved immediate)
  |
  `- 19ef,1aa0
19ef: MOV Reg RDX, Reg R14 3
19f2: MOV Reg RCX, Reg R13 3
19f5: MOV Reg RSI, Reg R12 3
19f8: MOV Reg RDI, Reg RBP 3
19fb: CALL anon_func_1560 (internal)
1a00: TEST Reg EAX, Reg EAX 2
1a02: MOV Reg EDX, Address (SizeDir 32 (AddrPlus (FromReg RSP) (AddrImm 4))) 4
1a06: JS 1b10 (resolved immediate)
  |
  `- 1a0c,1b10
1a0c: CMP Address (SizeDir 64 (AddrPlus (FromReg RSP) (AddrImm 8))), Immediate 18446744073709551615 6
1a12: JNZ 1b10 (resolved immediate)
  |
  `- 1a18,1b10
1a18: TEST Reg EDX, Reg EDX 2
1a1a: MOVZX Reg EAX, Address (SizeDir 8 (AddrPlus (FromReg RBX) (AddrImm 4424))) 7
1a21: JS 1b22 (resolved immediate)
  |
  `- 1a27,1b22
1a27: XOR Reg EBP, Reg EBP 2
1a29: TEST Reg AL, Reg AL 2
1a2b: MOV Address (SizeDir 32 (AddrPlus (FromReg RBX) (AddrImm 4100))), Reg EDX 6
1a31: JZ 18df (resolved immediate)
  |
  `- 18df,1a37
1a37: LEA Reg RSI, Address (AddrPlus (FromReg RIP) (AddrImm 3218)) 7
1a3e: MOV Reg EDI, Immediate 1 5
1a43: XOR Reg EAX, Reg EAX 2
1a45: CALL __printf_chk (external)
1a4a: JMP 18df (resolved immediate)
  |
  `- 18df
1a50: LEA Reg RSI, Address (AddrPlus (FromReg RIP) (AddrImm 3027)) 7
1a57: MOV Reg RDX, Reg RDI 3
1a5a: MOV Reg EDI, Immediate 1 5
1a5f: CALL __printf_chk (external)
1a64: JMP 18b2 (resolved immediate)
  |
  `- 18b2
1a70: CALL __errno_location (external)
1a75: MOV Reg EDI, Address (SizeDir 32 (FromReg RAX)) 2
1a77: CALL strerror (external)
1a7c: LEA Reg RSI, Address (AddrPlus (FromReg RIP) (AddrImm 3005)) 7
1a83: MOV Reg RDX, Reg RAX 3
1a86: MOV Reg EDI, Immediate 1 5
1a8b: XOR Reg EAX, Reg EAX 2
1a8d: CALL __printf_chk (external)
1a92: JMP 18df (resolved immediate)
  |
  `- 18df
1aa0: LEA Reg RSI, Address (AddrPlus (FromReg RIP) (AddrImm 3073)) 7
1aa7: MOV Reg EDI, Immediate 1 5
1aac: XOR Reg EAX, Reg EAX 2
1aae: CALL __printf_chk (external)
1ab3: JMP 19ef (resolved immediate)
  |
  `- 19ef
1ac0: CMP Address (SizeDir 8 (AddrPlus (FromReg RBX) (AddrImm 4424))), Immediate 0 7
1ac7: JNZ 1b58 (resolved immediate)
  |
  `- 1acd,1b58
1acd: MOV Reg EDI, Address (SizeDir 32 (AddrPlus (FromReg RBX) (AddrImm 4096))) 6
1ad3: MOV Reg EBP, Immediate 4294967295 5
1ad8: CALL close (external)
1add: MOV Address (SizeDir 32 (AddrPlus (FromReg RBX) (AddrImm 4096))), Immediate 4294967295 10
1ae7: JMP 18df (resolved immediate)
  |
  `- 18df
1aec: MOVZX Reg EAX, Address (SizeDir 8 (AddrPlus (FromReg RBX) (AddrImm 4424))) 7
1af3: NOP  5
1af8: TEST Reg AL, Reg AL 2
1afa: JZ 1acd (resolved immediate)
  |
  `- 1acd,1afc
1afc: LEA Reg RDI, Address (AddrPlus (FromReg RIP) (AddrImm 2953)) 7
1b03: CALL puts (external)
1b08: JMP 1acd (resolved immediate)
  |
  `- 1acd
1b10: TEST Reg EDX, Reg EDX 2
1b12: JS 1b1b (resolved immediate)
  |
  `- 1b14,1b1b
1b14: MOV Reg EDI, Reg EDX 2
1b16: CALL close (external)
1b1b: MOVZX Reg EAX, Address (SizeDir 8 (AddrPlus (FromReg RBX) (AddrImm 4424))) 7
1b22: TEST Reg AL, Reg AL 2
1b24: JZ 1acd (resolved immediate)
  |
  `- 1acd,1b26
1b26: LEA Reg RDI, Address (AddrPlus (FromReg RIP) (AddrImm 2951)) 7
1b2d: CALL puts (external)
1b32: JMP 1acd (resolved immediate)
  |
  `- 1acd
1b38: CMP Address (SizeDir 8 (AddrPlus (FromReg RBX) (AddrImm 4424))), Immediate 0 7
1b3f: JZ 1acd (resolved immediate)
  |
  `- 1acd,1b41
1b41: LEA Reg RDI, Address (AddrPlus (FromReg RIP) (AddrImm 3104)) 7
1b48: CALL puts (external)
1b4d: JMP 1acd (resolved immediate)
  |
  `- 1acd
1b58: LEA Reg RDI, Address (AddrPlus (FromReg RIP) (AddrImm 2837)) 7
1b5f: CALL puts (external)
1b64: JMP 1acd (resolved immediate)
  |
  `- 1acd
1b70: CMP Address (SizeDir 8 (AddrPlus (FromReg RBX) (AddrImm 4424))), Immediate 0 7
1b77: JZ 1acd (resolved immediate)
  |
  `- 1acd,1b7d
1b7d: CALL __errno_location (external)
1b82: MOV Reg EDI, Address (SizeDir 32 (FromReg RAX)) 2
1b84: CALL strerror (external)
1b89: LEA Reg RSI, Address (AddrPlus (FromReg RIP) (AddrImm 2762)) 7
1b90: MOV Reg RCX, Reg RAX 3
1b93: MOV Reg RDX, Reg R12 3
1b96: MOV Reg EDI, Immediate 1 5
1b9b: XOR Reg EAX, Reg EAX 2
1b9d: CALL __printf_chk (external)
1ba2: JMP 1acd (resolved immediate)
  |
  `- 1acd
1ba7: CALL __stack_chk_fail (external)
  |
  `- 
1bb0: PUSH Reg R12 2
1bb2: PUSH Reg RBP 1
1bb3: MOV Reg R12, Reg RDI 3
1bb6: PUSH Reg RBX 1
1bb7: CMP Address (SizeDir 8 (AddrPlus (FromReg RDI) (AddrImm 4424))), Immediate 0 7
1bbe: JNZ 1c70 (resolved immediate)
  |
  `- 1bc4,1c70
1bc4: MOV Reg RSI, Address (SizeDir 64 (AddrPlus (FromReg R12) (AddrImm 4104))) 8
1bcc: TEST Reg RSI, Reg RSI 3
1bcf: JZ 1bf5 (resolved immediate)
  |
  `- 1bd1,1bf5
1bd1: LEA Reg RBX, Address (AddrPlus (FromReg R12) (AddrImm 4112)) 8
1bd9: NOP  7
1be0: MOV Reg RDI, Reg RBX 3
1be3: CALL anon_func_16f0 (internal)
  |
  `- 16f0
1be8: MOV Reg RSI, Address (SizeDir 64 (AddrPlus (FromReg R12) (AddrImm 4104))) 8
1bf0: TEST Reg RSI, Reg RSI 3
1bf3: JNZ 1be0 (resolved immediate)
  |
  `- 1be0
1bf5: MOV Reg EDI, Address (SizeDir 32 (AddrPlus (FromReg R12) (AddrImm 4100))) 8
1bfd: LEA Reg RBX, Address (AddrPlus (FromReg R12) (AddrImm 4144)) 8
1c05: LEA Reg RBP, Address (AddrPlus (FromReg R12) (AddrImm 4400)) 8
1c0d: CALL close (external)
1c12: MOV Reg EDI, Address (SizeDir 32 (AddrPlus (FromReg R12) (AddrImm 4096))) 8
1c1a: MOV Address (SizeDir 32 (AddrPlus (FromReg R12) (AddrImm 4100))), Immediate 4294967295 12
1c26: CALL close (external)
1c2b: MOV Address (SizeDir 32 (AddrPlus (FromReg R12) (AddrImm 4096))), Immediate 4294967295 12
1c37: MOV Address (SizeDir 64 (AddrPlus (FromReg R12) (AddrImm 4136))), Immediate 18446744073709551615 12
1c43: NOP  5
1c48: MOV Reg EDI, Address (SizeDir 32 (FromReg RBX)) 2
1c4a: ADD Reg RBX, Immediate 4 4
1c4e: CALL close (external)
1c53: MOV Address (SizeDir 32 (AddrMinus (FromReg RBX) (AddrImm 4))), Immediate 4294967295 7
1c5a: CMP Reg RBX, Reg RBP 3
1c5d: JNZ 1c48 (resolved immediate)
  |
  `- 1c48,1c5f
1c5f: POP Reg RBX 1
1c60: MOV Address (SizeDir 32 (AddrPlus (FromReg R12) (AddrImm 4400))), Immediate 0 12
1c6c: POP Reg RBP 1
1c6d: POP Reg R12 2
1c6f: RET  1
  |
  `- 
1c70: LEA Reg RDI, Address (AddrPlus (FromReg RIP) (AddrImm 2660)) 7
1c77: CALL puts (external)
1c7c: JMP 1bc4 (resolved immediate)
  |
  `- 1bc4
1c90: PUSH Reg R15 2
1c92: PUSH Reg R14 2
1c94: MOV Reg R14, Reg RSI 3
1c97: PUSH Reg R13 2
1c99: PUSH Reg R12 2
1c9b: MOV Reg R13, Reg RDI 3
1c9e: PUSH Reg RBP 1
1c9f: PUSH Reg RBX 1
1ca0: MOV Reg RBP, Reg RDX 3
1ca3: SUB Reg RSP, Immediate 8 4
1ca7: MOVSXD Reg RDI, Address (SizeDir 32 (AddrPlus (FromReg RDI) (AddrImm 4096))) 7
1cae: CALL __fdelt_chk (external)
1cb3: MOV Reg EDX, Address (SizeDir 32 (AddrPlus (FromReg R13) (AddrImm 4096))) 7
1cba: MOV Reg ESI, Reg EDX 2
1cbc: SAR Reg ESI, Immediate 31 3
1cbf: SHR Reg ESI, Immediate 26 3
1cc2: LEA Reg ECX, Address (AddrPlus (FromReg RDX) (FromReg RSI)) 3
1cc5: MOV Reg EDX, Immediate 1 5
1cca: AND Reg ECX, Immediate 63 3
1ccd: SUB Reg ECX, Reg ESI 2
1ccf: SHL Reg RDX, Reg CL 3
1cd2: OR Address (SizeDir 64 (AddrPlus (FromReg R14) (AddrTimes (AddrImm 8) (FromReg RAX)))), Reg RDX 4
1cd6: MOV Reg EAX, Address (SizeDir 32 (AddrPlus (FromReg R13) (AddrImm 4096))) 7
1cdd: CMP Reg EAX, Address (SizeDir 32 (AddrPlus (FromReg RBP) (AddrImm 0))) 3
1ce0: JL 1ce8 (resolved immediate)
  |
  `- 1ce2,1ce8
1ce2: ADD Reg EAX, Immediate 1 3
1ce5: MOV Address (SizeDir 32 (AddrPlus (FromReg RBP) (AddrImm 0))), Reg EAX 3
1ce8: MOV Reg EAX, Address (SizeDir 32 (AddrPlus (FromReg R13) (AddrImm 4400))) 7
1cef: TEST Reg EAX, Reg EAX 2
1cf1: JZ 1d45 (resolved immediate)
  |
  `- 1cf3,1d45
1cf3: MOV Reg R15D, Immediate 1 6
1cf9: MOV Reg R12D, Immediate 1 6
1cff: NOP  1
1d00: MOVSXD Reg RDI, Address (SizeDir 32 (AddrPlus (AddrPlus (FromReg R13) (AddrTimes (AddrImm 4) (FromReg R15))) (AddrImm 4140))) 8
1d08: MOV Reg RBX, Reg RDI 3
1d0b: CALL __fdelt_chk (external)
1d10: MOV Reg EDX, Reg EBX 2
1d12: SAR Reg EDX, Immediate 31 3
1d15: SHR Reg EDX, Immediate 26 3
1d18: LEA Reg ECX, Address (AddrPlus (FromReg RBX) (FromReg RDX)) 3
1d1b: AND Reg ECX, Immediate 63 3
1d1e: SUB Reg ECX, Reg EDX 2
1d20: MOV Reg RDX, Reg R12 3
1d23: SHL Reg RDX, Reg CL 3
1d26: OR Address (SizeDir 64 (AddrPlus (FromReg R14) (AddrTimes (AddrImm 8) (FromReg RAX)))), Reg RDX 4
1d2a: CMP Address (SizeDir 32 (AddrPlus (FromReg RBP) (AddrImm 0))), Reg EBX 3
1d2d: JG 1d35 (resolved immediate)
  |
  `- 1d2f,1d35
1d2f: ADD Reg EBX, Immediate 1 3
1d32: MOV Address (SizeDir 32 (AddrPlus (FromReg RBP) (AddrImm 0))), Reg EBX 3
1d35: MOV Reg EAX, Reg R15D 3
1d38: ADD Reg R15, Immediate 1 4
1d3c: CMP Address (SizeDir 32 (AddrPlus (FromReg R13) (AddrImm 4400))), Reg EAX 7
1d43: JA 1d00 (resolved immediate)
  |
  `- 1d00,1d45
1d45: ADD Reg RSP, Immediate 8 4
1d49: POP Reg RBX 1
1d4a: POP Reg RBP 1
1d4b: POP Reg R12 2
1d4d: POP Reg R13 2
1d4f: POP Reg R14 2
1d51: POP Reg R15 2
1d53: RET  1
  |
  `- 
1d60: PUSH Reg R15 2
1d62: PUSH Reg R14 2
1d64: MOV Reg R15, Reg RDI 3
1d67: PUSH Reg R13 2
1d69: PUSH Reg R12 2
1d6b: MOV Reg R13, Reg RSI 3
1d6e: PUSH Reg RBP 1
1d6f: PUSH Reg RBX 1
1d70: MOV Reg R12D, Reg EDX 3
1d73: SUB Reg RSP, Immediate 56 4
1d77: MOVSXD Reg RDI, Address (SizeDir 32 (AddrPlus (FromReg RDI) (AddrImm 4096))) 7
1d7e: MOV Reg RAX, Address (SizeDir 64 (AddrPlus (FromReg FS) (AddrImm 40))) 9
1d87: MOV Address (SizeDir 64 (AddrPlus (FromReg RSP) (AddrImm 40))), Reg RAX 5
1d8c: XOR Reg EAX, Reg EAX 2
1d8e: CMP Reg EDI, Reg EDX 2
1d90: JGE 1dc1 (resolved immediate)
  |
  `- 1d92,1dc1
1d92: CALL __fdelt_chk (external)
1d97: MOV Reg EDX, Address (SizeDir 32 (AddrPlus (FromReg R15) (AddrImm 4096))) 7
1d9e: MOV Reg ESI, Reg EDX 2
1da0: SAR Reg ESI, Immediate 31 3
1da3: SHR Reg ESI, Immediate 26 3
1da6: LEA Reg ECX, Address (AddrPlus (FromReg RDX) (FromReg RSI)) 3
1da9: MOV Reg EDX, Immediate 1 5
1dae: AND Reg ECX, Immediate 63 3
1db1: SUB Reg ECX, Reg ESI 2
1db3: SHL Reg RDX, Reg CL 3
1db6: TEST Address (SizeDir 64 (AddrPlus (AddrPlus (FromReg R13) (AddrTimes (AddrImm 8) (FromReg RAX))) (AddrImm 0))), Reg RDX 5
1dbb: JNZ 1ee8 (resolved immediate)
  |
  `- 1dc1,1ee8
1dc1: LEA Reg RAX, Address (AddrPlus (FromReg R15) (AddrImm 4120)) 7
1dc8: MOV Address (SizeDir 64 (AddrPlus (FromReg RSP) (AddrImm 8))), Reg RAX 5
1dcd: MOV Reg EAX, Address (SizeDir 32 (AddrPlus (FromReg R15) (AddrImm 4400))) 7
1dd4: TEST Reg EAX, Reg EAX 2
1dd6: JZ 1ec0 (resolved immediate)
  |
  `- 1ddc,1ec0
1ddc: XOR Reg EBX, Reg EBX 2
1dde: LEA Reg R14, Address (AddrPlus (FromReg RSP) (AddrImm 32)) 5
1de3: JMP 1e1b (resolved immediate)
  |
  `- 1e1b
1de8: MOV Reg RAX, Address (SizeDir 64 (AddrPlus (FromReg R15) (AddrImm 4408))) 7
1def: TEST Reg RAX, Reg RAX 3
1df2: JZ 1e07 (resolved immediate)
  |
  `- 1df4,1e07
1df4: MOV Reg RCX, Address (SizeDir 64 (AddrPlus (FromReg R15) (AddrImm 4416))) 7
1dfb: MOV Reg EDX, Reg EBP 2
1dfd: MOV Reg RSI, Address (SizeDir 64 (AddrPlus (FromReg RSP) (AddrImm 8))) 5
1e02: MOV Reg RDI, Reg R15 3
1e05: CALL Reg RAX 2
1e07: ADD Reg RBX, Immediate 1 4
1e0b: ADD Reg EBP, Immediate 1 3
1e0e: CMP Address (SizeDir 32 (AddrPlus (FromReg R15) (AddrImm 4400))), Reg EBP 7
1e15: JBE 1ec0 (resolved immediate)
  |
  `- 1e1b,1ec0
1e1b: MOVSXD Reg RDI, Address (SizeDir 32 (AddrPlus (AddrPlus (FromReg R15) (AddrTimes (AddrImm 4) (FromReg RBX))) (AddrImm 4144))) 8
1e23: MOV Reg EBP, Reg EBX 2
1e25: CMP Reg R12D, Reg EDI 3
1e28: JLE 1e07 (resolved immediate)
  |
  `- 1e07,1e2a
1e2a: CALL __fdelt_chk (external)
1e2f: MOV Reg EDI, Address (SizeDir 32 (AddrPlus (AddrPlus (FromReg R15) (AddrTimes (AddrImm 4) (FromReg RBX))) (AddrImm 4144))) 8
1e37: MOV Reg EDX, Reg EDI 2
1e39: SAR Reg EDX, Immediate 31 3
1e3c: SHR Reg EDX, Immediate 26 3
1e3f: LEA Reg ECX, Address (AddrPlus (FromReg RDI) (FromReg RDX)) 3
1e42: AND Reg ECX, Immediate 63 3
1e45: SUB Reg ECX, Reg EDX 2
1e47: MOV Reg EDX, Immediate 1 5
1e4c: SHL Reg RDX, Reg CL 3
1e4f: TEST Address (SizeDir 64 (AddrPlus (AddrPlus (FromReg R13) (AddrTimes (AddrImm 8) (FromReg RAX))) (AddrImm 0))), Reg RDX 5
1e54: JZ 1e07 (resolved immediate)
  |
  `- 1e07,1e56
1e56: MOV Reg EDX, Immediate 8 5
1e5b: MOV Reg RSI, Reg R14 3
1e5e: CALL read (external)
1e63: TEST Reg EAX, Reg EAX 2
1e65: JS 1eb0 (resolved immediate)
  |
  `- 1e67,1eb0
1e67: CMP Reg EAX, Immediate 8 3
1e6a: MOVZX Reg EDX, Address (SizeDir 8 (AddrPlus (FromReg R15) (AddrImm 4424))) 8
1e72: JNZ 1f70 (resolved immediate)
  |
  `- 1e78,1f70
1e78: TEST Reg DL, Reg DL 2
1e7a: JZ 1de8 (resolved immediate)
  |
  `- 1de8,1e80
1e80: MOV Reg EDX, Address (SizeDir 32 (AddrPlus (AddrPlus (FromReg R15) (AddrTimes (AddrImm 4) (FromReg RBX))) (AddrImm 4144))) 8
1e88: MOV Reg R8, Address (SizeDir 64 (AddrPlus (FromReg RSP) (AddrImm 32))) 5
1e8d: LEA Reg RSI, Address (AddrPlus (FromReg RIP) (AddrImm 2468)) 7
1e94: MOV Reg ECX, Reg EBX 2
1e96: MOV Reg EDI, Immediate 1 5
1e9b: XOR Reg EAX, Reg EAX 2
1e9d: CALL __printf_chk (external)
1ea2: JMP 1de8 (resolved immediate)
  |
  `- 1de8
1eb0: CALL __errno_location (external)
1eb5: CMP Address (SizeDir 32 (FromReg RAX)), Immediate 4 3
1eb8: JNZ 1f94 (resolved immediate)
  |
  `- 1ebe,1f94
1ebe: NOP  2
1ec0: XOR Reg EAX, Reg EAX 2
1ec2: MOV Reg RSI, Address (SizeDir 64 (AddrPlus (FromReg RSP) (AddrImm 40))) 5
1ec7: XOR Reg RSI, Address (SizeDir 64 (AddrPlus (FromReg FS) (AddrImm 40))) 9
1ed0: JNZ 2165 (resolved immediate)
  |
  `- 1ed6,2165
1ed6: ADD Reg RSP, Immediate 56 4
1eda: POP Reg RBX 1
1edb: POP Reg RBP 1
1edc: POP Reg R12 2
1ede: POP Reg R13 2
1ee0: POP Reg R14 2
1ee2: POP Reg R15 2
1ee4: RET  1
  |
  `- 
1ee8: LEA Reg RCX, Address (AddrPlus (FromReg RSP) (AddrImm 28)) 5
1eed: LEA Reg RDX, Address (AddrPlus (FromReg RSP) (AddrImm 32)) 5
1ef2: LEA Reg RSI, Address (AddrPlus (FromReg R15) (AddrImm 4424)) 7
1ef9: LEA Reg RDI, Address (AddrPlus (FromReg R15) (AddrImm 4096)) 7
1f00: CALL anon_func_1560 (internal)
1f05: TEST Reg EAX, Reg EAX 2
1f07: JS 20c6 (resolved immediate)
  |
  `- 1f0d,20c6
1f0d: MOV Reg RDX, Address (SizeDir 64 (AddrPlus (FromReg RSP) (AddrImm 32))) 5
1f12: CMP Reg RDX, Address (SizeDir 64 (AddrPlus (FromReg R15) (AddrImm 4136))) 7
1f19: MOV Reg EAX, Address (SizeDir 32 (AddrPlus (FromReg RSP) (AddrImm 28))) 4
1f1d: JNZ 1fb4 (resolved immediate)
  |
  `- 1f23,1fb4
1f23: CMP Reg EAX, Immediate 4294967295 3
1f26: JZ 20a5 (resolved immediate)
  |
  `- 1f2c,20a5
1f2c: MOVZX Reg ECX, Address (SizeDir 8 (AddrPlus (FromReg R15) (AddrImm 4424))) 8
1f34: LEA Reg RBX, Address (AddrPlus (FromReg R15) (AddrImm 4120)) 7
1f3b: TEST Reg CL, Reg CL 2
1f3d: MOV Reg EDX, Address (SizeDir 32 (AddrPlus (FromReg RBX) (AddrImm 280))) 6
1f43: JNZ 20f3 (resolved immediate)
  |
  `- 1f49,20f3
1f49: CMP Reg EDX, Immediate 63 3
1f4c: JBE 2027 (resolved immediate)
  |
  `- 1f52,2027
1f52: CALL __errno_location (external)
1f57: CMP Address (SizeDir 32 (FromReg RAX)), Immediate 4 3
1f5a: JZ 1dc1 (resolved immediate)
  |
  `- 1dc1,1f60
1f60: MOV Reg EAX, Immediate 4294967295 5
1f65: JMP 1ec2 (resolved immediate)
  |
  `- 1ec2
1f70: TEST Reg DL, Reg DL 2
1f72: JZ 1f89 (resolved immediate)
  |
  `- 1f74,1f89
1f74: LEA Reg RSI, Address (AddrPlus (FromReg RIP) (AddrImm 1942)) 7
1f7b: MOV Reg EDX, Reg EAX 2
1f7d: MOV Reg EDI, Immediate 1 5
1f82: XOR Reg EAX, Reg EAX 2
1f84: CALL __printf_chk (external)
1f89: CALL __errno_location (external)
1f8e: MOV Address (SizeDir 32 (FromReg RAX)), Immediate 22 6
1f94: CMP Address (SizeDir 8 (AddrPlus (FromReg R15) (AddrImm 4424))), Immediate 0 8
1f9c: JZ 1f60 (resolved immediate)
  |
  `- 1f60,1f9e
1f9e: LEA Reg RDI, Address (AddrPlus (FromReg RIP) (AddrImm 2235)) 7
1fa5: CALL puts (external)
1faa: MOV Reg EAX, Immediate 4294967295 5
1faf: JMP 1ec2 (resolved immediate)
  |
  `- 1ec2
1fb4: MOV Reg RBX, Address (SizeDir 64 (AddrPlus (FromReg R15) (AddrImm 4104))) 7
1fbb: TEST Reg RBX, Reg RBX 3
1fbe: JNZ 1fd0 (resolved immediate)
  |
  `- 1fc0,1fd0
1fc0: JMP 204b (resolved immediate)
  |
  `- 204b
1fc8: MOV Reg RBX, Address (SizeDir 64 (FromReg RBX)) 3
1fcb: TEST Reg RBX, Reg RBX 3
1fce: JZ 204b (resolved immediate)
  |
  `- 1fd0,204b
1fd0: CMP Reg RDX, Address (SizeDir 64 (AddrPlus (FromReg RBX) (AddrImm 16))) 4
1fd4: JNZ 1fc8 (resolved immediate)
  |
  `- 1fc8,1fd6
1fd6: CMP Reg EAX, Immediate 4294967295 3
1fd9: MOVZX Reg ECX, Address (SizeDir 8 (AddrPlus (FromReg R15) (AddrImm 4424))) 8
1fe1: JNZ 1f3b (resolved immediate)
  |
  `- 1f3b,1fe7
1fe7: LEA Reg RAX, Address (AddrPlus (FromReg R15) (AddrImm 4120)) 7
1fee: CMP Reg RAX, Reg RBX 3
1ff1: MOV Address (SizeDir 64 (AddrPlus (FromReg RSP) (AddrImm 8))), Reg RAX 5
1ff6: JZ 20a5 (resolved immediate)
  |
  `- 1ffc,20a5
1ffc: TEST Reg CL, Reg CL 2
1ffe: JZ 2013 (resolved immediate)
  |
  `- 2000,2013
2000: LEA Reg RSI, Address (AddrPlus (FromReg RIP) (AddrImm 1761)) 7
2007: MOV Reg EDI, Immediate 1 5
200c: XOR Reg EAX, Reg EAX 2
200e: CALL __printf_chk (external)
2013: LEA Reg RDI, Address (AddrPlus (FromReg R15) (AddrImm 4112)) 7
201a: MOV Reg RSI, Reg RBX 3
201d: CALL anon_func_16f0 (internal)
2022: JMP 1dcd (resolved immediate)
  |
  `- 1dcd
2027: MOV Reg ECX, Address (SizeDir 32 (AddrPlus (FromReg RSP) (AddrImm 28))) 4
202b: MOV Reg EAX, Reg EDX 2
202d: ADD Reg EDX, Immediate 1 3
2030: MOV Address (SizeDir 32 (AddrPlus (AddrPlus (FromReg RBX) (AddrTimes (AddrImm 4) (FromReg RAX))) (AddrImm 24))), Reg ECX 4
2034: LEA Reg RAX, Address (AddrPlus (FromReg R15) (AddrImm 4120)) 7
203b: MOV Address (SizeDir 32 (AddrPlus (FromReg RBX) (AddrImm 280))), Reg EDX 6
2041: MOV Address (SizeDir 64 (AddrPlus (FromReg RSP) (AddrImm 8))), Reg RAX 5
2046: JMP 1dcd (resolved immediate)
  |
  `- 1dcd
204b: CMP Reg EAX, Immediate 4294967295 3
204e: JZ 20a5 (resolved immediate)
  |
  `- 2050,20a5
2050: MOV Reg EDI, Immediate 288 5
2055: CALL g_malloc0 (external)
205a: MOV Reg RBX, Reg RAX 3
205d: MOV Reg RAX, Address (SizeDir 64 (AddrPlus (FromReg RSP) (AddrImm 32))) 5
2062: MOV Address (SizeDir 32 (AddrPlus (FromReg RBX) (AddrImm 280))), Immediate 0 10
206c: MOV Address (SizeDir 64 (FromReg RBX)), Immediate 0 7
2073: MOV Address (SizeDir 64 (AddrPlus (FromReg RBX) (AddrImm 16))), Reg RAX 4
2077: MOV Reg RAX, Address (SizeDir 64 (AddrPlus (FromReg R15) (AddrImm 4112))) 7
207e: MOV Address (SizeDir 64 (AddrPlus (FromReg RBX) (AddrImm 8))), Reg RAX 4
2082: MOV Address (SizeDir 64 (FromReg RAX)), Reg RBX 3
2085: CMP Address (SizeDir 8 (AddrPlus (FromReg R15) (AddrImm 4424))), Immediate 0 8
208d: MOV Address (SizeDir 64 (AddrPlus (FromReg R15) (AddrImm 4112))), Reg RBX 7
2094: JNZ 2140 (resolved immediate)
  |
  `- 209a,2140
209a: MOV Reg EDX, Address (SizeDir 32 (AddrPlus (FromReg RBX) (AddrImm 280))) 6
20a0: JMP 1f49 (resolved immediate)
  |
  `- 1f49
20a5: CMP Address (SizeDir 8 (AddrPlus (FromReg R15) (AddrImm 4424))), Immediate 0 8
20ad: JZ 1f52 (resolved immediate)
  |
  `- 1f52,20b3
20b3: LEA Reg RSI, Address (AddrPlus (FromReg RIP) (AddrImm 1742)) 7
20ba: MOV Reg EDI, Immediate 1 5
20bf: XOR Reg EAX, Reg EAX 2
20c1: CALL __printf_chk (external)
20c6: CALL __errno_location (external)
20cb: CMP Address (SizeDir 32 (FromReg RAX)), Immediate 4 3
20ce: JZ 1dc1 (resolved immediate)
  |
  `- 1dc1,20d4
20d4: CMP Address (SizeDir 8 (AddrPlus (FromReg R15) (AddrImm 4424))), Immediate 0 8
20dc: JZ 1f60 (resolved immediate)
  |
  `- 1f60,20e2
20e2: LEA Reg RDI, Address (AddrPlus (FromReg RIP) (AddrImm 1823)) 7
20e9: CALL puts (external)
20ee: JMP 1f60 (resolved immediate)
  |
  `- 1f60
20f3: MOV Reg R8, Address (SizeDir 64 (AddrPlus (FromReg RBX) (AddrImm 16))) 4
20f7: MOV Reg ECX, Address (SizeDir 32 (AddrPlus (FromReg RSP) (AddrImm 28))) 4
20fb: LEA Reg RSI, Address (AddrPlus (FromReg RIP) (AddrImm 1710)) 7
2102: XOR Reg EAX, Reg EAX 2
2104: MOV Reg EDI, Immediate 1 5
2109: CALL __printf_chk (external)
210e: MOV Reg EDX, Address (SizeDir 32 (AddrPlus (FromReg RBX) (AddrImm 280))) 6
2114: CMP Reg EDX, Immediate 63 3
2117: JBE 2027 (resolved immediate)
  |
  `- 2027,211d
211d: CMP Address (SizeDir 8 (AddrPlus (FromReg R15) (AddrImm 4424))), Immediate 0 8
2125: JZ 1f52 (resolved immediate)
  |
  `- 1f52,212b
212b: LEA Reg RSI, Address (AddrPlus (FromReg RIP) (AddrImm 1710)) 7
2132: MOV Reg EDI, Immediate 1 5
2137: XOR Reg EAX, Reg EAX 2
2139: CALL __printf_chk (external)
213e: JMP 20c6 (resolved immediate)
  |
  `- 20c6
2140: MOV Reg RDX, Address (SizeDir 64 (AddrPlus (FromReg RSP) (AddrImm 32))) 5
2145: LEA Reg RSI, Address (AddrPlus (FromReg RIP) (AddrImm 1458)) 7
214c: MOV Reg EDI, Immediate 1 5
2151: XOR Reg EAX, Reg EAX 2
2153: CALL __printf_chk (external)
2158: MOVZX Reg ECX, Address (SizeDir 8 (AddrPlus (FromReg R15) (AddrImm 4424))) 8
2160: JMP 1f3b (resolved immediate)
  |
  `- 1f3b
2165: CALL __stack_chk_fail (external)
  |
  `- 
2170: PUSH Reg RBP 1
2171: PUSH Reg RBX 1
2172: SUB Reg RSP, Immediate 24 4
2176: MOV Reg RAX, Address (SizeDir 64 (AddrPlus (FromReg FS) (AddrImm 40))) 9
217f: MOV Address (SizeDir 64 (AddrPlus (FromReg RSP) (AddrImm 8))), Reg RAX 5
2184: XOR Reg EAX, Reg EAX 2
2186: CMP Address (SizeDir 32 (AddrPlus (FromReg RSI) (AddrImm 280))), Reg EDX 6
218c: MOVZX Reg EAX, Address (SizeDir 8 (AddrPlus (FromReg RDI) (AddrImm 4424))) 7
2193: JA 21c0 (resolved immediate)
  |
  `- 2195,21c0
2195: TEST Reg AL, Reg AL 2
2197: MOV Reg EBX, Immediate 4294967295 5
219c: JNZ 2218 (resolved immediate)
  |
  `- 219e,2218
219e: MOV Reg RCX, Address (SizeDir 64 (AddrPlus (FromReg RSP) (AddrImm 8))) 5
21a3: XOR Reg RCX, Address (SizeDir 64 (AddrPlus (FromReg FS) (AddrImm 40))) 9
21ac: MOV Reg EAX, Reg EBX 2
21ae: JNZ 226a (resolved immediate)
  |
  `- 21b4,226a
21b4: ADD Reg RSP, Immediate 24 4
21b8: POP Reg RBX 1
21b9: POP Reg RBP 1
21ba: RET  1
  |
  `- 
21c0: MOV Reg ECX, Reg EDX 2
21c2: TEST Reg AL, Reg AL 2
21c4: LEA Reg RBP, Address (AddrPlus (FromReg RSI) (AddrTimes (AddrImm 4) (FromReg RCX))) 4
21c8: MOV Reg EBX, Address (SizeDir 32 (AddrPlus (FromReg RBP) (AddrImm 24))) 3
21cb: JNZ 21f0 (resolved immediate)
  |
  `- 21cd,21f0
21cd: MOV Reg RSI, Reg RSP 3
21d0: MOV Reg EDX, Immediate 8 5
21d5: MOV Reg EDI, Reg EBX 2
21d7: MOV Address (SizeDir 64 (FromReg RSP)), Immediate 1 8
21df: CALL write (external)
21e4: CMP Reg RAX, Immediate 8 4
21e8: JNZ 2234 (resolved immediate)
  |
  `- 21ea,2234
21ea: XOR Reg EBX, Reg EBX 2
21ec: JMP 219e (resolved immediate)
  |
  `- 219e
21f0: MOV Reg RAX, Address (SizeDir 64 (AddrPlus (FromReg RSI) (AddrImm 16))) 4
21f4: LEA Reg RSI, Address (AddrPlus (FromReg RIP) (AddrImm 1709)) 7
21fb: MOV Reg ECX, Reg EDX 2
21fd: MOV Reg R8D, Reg EBX 3
2200: MOV Reg EDI, Immediate 1 5
2205: MOV Reg RDX, Reg RAX 3
2208: XOR Reg EAX, Reg EAX 2
220a: CALL __printf_chk (external)
220f: JMP 21cd (resolved immediate)
  |
  `- 21cd
2218: MOV Reg RCX, Address (SizeDir 64 (AddrPlus (FromReg RSI) (AddrImm 16))) 4
221c: LEA Reg RSI, Address (AddrPlus (FromReg RIP) (AddrImm 1637)) 7
2223: MOV Reg EDI, Immediate 1 5
2228: XOR Reg EAX, Reg EAX 2
222a: CALL __printf_chk (external)
222f: JMP 219e (resolved immediate)
  |
  `- 219e
2234: CALL __errno_location (external)
2239: MOV Reg EDI, Address (SizeDir 32 (FromReg RAX)) 2
223b: MOV Reg EBX, Immediate 4294967295 5
2240: CALL strerror (external)
2245: MOV Reg ECX, Address (SizeDir 32 (AddrPlus (FromReg RBP) (AddrImm 24))) 3
2248: MOV Reg RDI, Address (SizeDir 64 (AddrPlus (FromReg RIP) (AddrImm 2104817))) 7
224f: LEA Reg RDX, Address (AddrPlus (FromReg RIP) (AddrImm 1235)) 7
2256: MOV Reg R8, Reg RAX 3
2259: MOV Reg ESI, Immediate 1 5
225e: XOR Reg EAX, Reg EAX 2
2260: CALL __fprintf_chk (external)
2265: JMP 219e (resolved immediate)
  |
  `- 219e
226a: CALL __stack_chk_fail (external)
  |
  `- 
2270: PUSH Reg R14 2
2272: PUSH Reg R13 2
2274: PUSH Reg R12 2
2276: PUSH Reg RBP 1
2277: PUSH Reg RBX 1
2278: MOV Reg EAX, Address (SizeDir 32 (AddrPlus (FromReg RSI) (AddrImm 280))) 6
227e: TEST Reg EAX, Reg EAX 2
2280: JZ 22c8 (resolved immediate)
  |
  `- 2282,22c8
2282: MOV Reg RBP, Reg RSI 3
2285: MOV Reg R13, Reg RDI 3
2288: XOR Reg R12D, Reg R12D 3
228b: XOR Reg EBX, Reg EBX 2
228d: MOV Reg R14D, Immediate 4294967295 6
2293: NOP  5
2298: MOV Reg EDX, Reg EBX 2
229a: MOV Reg RSI, Reg RBP 3
229d: MOV Reg RDI, Reg R13 3
22a0: CALL anon_func_2170 (internal)
22a5: TEST Reg EAX, Reg EAX 2
22a7: CMOVS Reg R12D, Reg R14D 4
22ab: ADD Reg EBX, Immediate 1 3
22ae: CMP Address (SizeDir 32 (AddrPlus (FromReg RBP) (AddrImm 280))), Reg EBX 6
22b4: JA 2298 (resolved immediate)
  |
  `- 2298,22b6
22b6: POP Reg RBX 1
22b7: MOV Reg EAX, Reg R12D 3
22ba: POP Reg RBP 1
22bb: POP Reg R12 2
22bd: POP Reg R13 2
22bf: POP Reg R14 2
22c1: RET  1
  |
  `- 
22c8: XOR Reg R12D, Reg R12D 3
22cb: POP Reg RBX 1
22cc: MOV Reg EAX, Reg R12D 3
22cf: POP Reg RBP 1
22d0: POP Reg R12 2
22d2: POP Reg R13 2
22d4: POP Reg R14 2
22d6: RET  1
  |
  `- 
22e0: PUSH Reg R15 2
22e2: PUSH Reg R14 2
22e4: XOR Reg R15D, Reg R15D 3
22e7: PUSH Reg R13 2
22e9: PUSH Reg R12 2
22eb: MOV Reg R14, Reg RDI 3
22ee: PUSH Reg RBP 1
22ef: PUSH Reg RBX 1
22f0: MOV Reg R13D, Immediate 4294967295 6
22f6: SUB Reg RSP, Immediate 8 4
22fa: MOV Reg RBP, Address (SizeDir 64 (AddrPlus (FromReg RDI) (AddrImm 4104))) 7
2301: TEST Reg RBP, Reg RBP 3
2304: JZ 234f (resolved immediate)
  |
  `- 2306,234f
2306: NOP  10
2310: MOV Reg EAX, Address (SizeDir 32 (AddrPlus (FromReg RBP) (AddrImm 280))) 6
2316: XOR Reg R12D, Reg R12D 3
2319: XOR Reg EBX, Reg EBX 2
231b: TEST Reg EAX, Reg EAX 2
231d: JZ 2346 (resolved immediate)
  |
  `- 231f,2346
231f: NOP  1
2320: MOV Reg EDX, Reg EBX 2
2322: MOV Reg RSI, Reg RBP 3
2325: MOV Reg RDI, Reg R14 3
2328: CALL anon_func_2170 (internal)
232d: TEST Reg EAX, Reg EAX 2
232f: CMOVS Reg R12D, Reg R13D 4
2333: ADD Reg EBX, Immediate 1 3
2336: CMP Reg EBX, Address (SizeDir 32 (AddrPlus (FromReg RBP) (AddrImm 280))) 6
233c: JB 2320 (resolved immediate)
  |
  `- 2320,233e
233e: CMP Reg R12D, Immediate 4294967295 4
2342: CMOVZ Reg R15D, Reg R13D 4
2346: MOV Reg RBP, Address (SizeDir 64 (AddrPlus (FromReg RBP) (AddrImm 0))) 4
234a: TEST Reg RBP, Reg RBP 3
234d: JNZ 2310 (resolved immediate)
  |
  `- 2310,234f
234f: ADD Reg RSP, Immediate 8 4
2353: MOV Reg EAX, Reg R15D 3
2356: POP Reg RBX 1
2357: POP Reg RBP 1
2358: POP Reg R12 2
235a: POP Reg R13 2
235c: POP Reg R14 2
235e: POP Reg R15 2
2360: RET  1
  |
  `- 
2370: CMP Address (SizeDir 64 (AddrPlus (FromReg RDI) (AddrImm 4136))), Reg RSI 7
2377: JZ 23a0 (resolved immediate)
  |
  `- 2379,23a0
2379: MOV Reg RAX, Address (SizeDir 64 (AddrPlus (FromReg RDI) (AddrImm 4104))) 7
2380: TEST Reg RAX, Reg RAX 3
2383: JZ 239e (resolved immediate)
  |
  `- 2385,239e
2385: CMP Reg RSI, Address (SizeDir 64 (AddrPlus (FromReg RAX) (AddrImm 16))) 4
2389: JNZ 2396 (resolved immediate)
  |
  `- 238b,2396
238b: JMP 23b0 (resolved immediate)
  |
  `- 23b0
2390: CMP Reg RSI, Address (SizeDir 64 (AddrPlus (FromReg RAX) (AddrImm 16))) 4
2394: JZ 239e (resolved immediate)
  |
  `- 2396,239e
2396: MOV Reg RAX, Address (SizeDir 64 (FromReg RAX)) 3
2399: TEST Reg RAX, Reg RAX 3
239c: JNZ 2390 (resolved immediate)
  |
  `- 2390,239e
239e: REPZ RET  2
  |
  `- 
23a0: LEA Reg RAX, Address (AddrPlus (FromReg RDI) (AddrImm 4120)) 7
23a7: RET  1
  |
  `- 
23b0: REPZ RET  2
  |
  `- 
23c0: PUSH Reg R13 2
23c2: PUSH Reg R12 2
23c4: LEA Reg RSI, Address (AddrPlus (FromReg RIP) (AddrImm 889)) 7
23cb: PUSH Reg RBP 1
23cc: PUSH Reg RBX 1
23cd: MOV Reg R12, Reg RDI 3
23d0: XOR Reg EAX, Reg EAX 2
23d2: SUB Reg RSP, Immediate 8 4
23d6: MOV Reg RDX, Address (SizeDir 64 (AddrPlus (FromReg RDI) (AddrImm 4136))) 7
23dd: MOV Reg EDI, Immediate 1 5
23e2: CALL __printf_chk (external)
23e7: MOV Reg EDX, Address (SizeDir 32 (AddrPlus (FromReg R12) (AddrImm 4400))) 8
23ef: TEST Reg EDX, Reg EDX 2
23f1: JZ 242d (resolved immediate)
  |
  `- 23f3,242d
23f3: LEA Reg RBP, Address (AddrPlus (FromReg R12) (AddrImm 4144)) 8
23fb: LEA Reg R13, Address (AddrPlus (FromReg RIP) (AddrImm 1230)) 7
2402: XOR Reg EBX, Reg EBX 2
2404: NOP  4
2408: MOV Reg ECX, Address (SizeDir 32 (AddrPlus (FromReg RBP) (AddrImm 0))) 3
240b: MOV Reg EDX, Reg EBX 2
240d: XOR Reg EAX, Reg EAX 2
240f: MOV Reg RSI, Reg R13 3
2412: MOV Reg EDI, Immediate 1 5
2417: ADD Reg EBX, Immediate 1 3
241a: ADD Reg RBP, Immediate 4 4
241e: CALL __printf_chk (external)
2423: CMP Address (SizeDir 32 (AddrPlus (FromReg R12) (AddrImm 4400))), Reg EBX 8
242b: JA 2408 (resolved immediate)
  |
  `- 2408,242d
242d: MOV Reg R12, Address (SizeDir 64 (AddrPlus (FromReg R12) (AddrImm 4104))) 8
2435: TEST Reg R12, Reg R12 3
2438: JZ 24a6 (resolved immediate)
  |
  `- 243a,24a6
243a: LEA Reg R13, Address (AddrPlus (FromReg RIP) (AddrImm 1167)) 7
2441: NOP  7
2448: MOV Reg RDX, Address (SizeDir 64 (AddrPlus (FromReg R12) (AddrImm 16))) 5
244d: LEA Reg RSI, Address (AddrPlus (FromReg RIP) (AddrImm 766)) 7
2454: XOR Reg EAX, Reg EAX 2
2456: MOV Reg EDI, Immediate 1 5
245b: CALL __printf_chk (external)
2460: MOV Reg EAX, Address (SizeDir 32 (AddrPlus (FromReg R12) (AddrImm 280))) 8
2468: TEST Reg EAX, Reg EAX 2
246a: JZ 249d (resolved immediate)
  |
  `- 246c,249d
246c: LEA Reg RBP, Address (AddrPlus (FromReg R12) (AddrImm 24)) 5
2471: XOR Reg EBX, Reg EBX 2
2473: NOP  5
2478: MOV Reg ECX, Address (SizeDir 32 (AddrPlus (FromReg RBP) (AddrImm 0))) 3
247b: MOV Reg EDX, Reg EBX 2
247d: XOR Reg EAX, Reg EAX 2
247f: MOV Reg RSI, Reg R13 3
2482: MOV Reg EDI, Immediate 1 5
2487: ADD Reg EBX, Immediate 1 3
248a: ADD Reg RBP, Immediate 4 4
248e: CALL __printf_chk (external)
2493: CMP Address (SizeDir 32 (AddrPlus (FromReg R12) (AddrImm 280))), Reg EBX 8
249b: JA 2478 (resolved immediate)
  |
  `- 2478,249d
249d: MOV Reg R12, Address (SizeDir 64 (FromReg R12)) 4
24a1: TEST Reg R12, Reg R12 3
24a4: JNZ 2448 (resolved immediate)
  |
  `- 2448,24a6
24a6: ADD Reg RSP, Immediate 8 4
24aa: POP Reg RBX 1
24ab: POP Reg RBP 1
24ac: POP Reg R12 2
24ae: POP Reg R13 2
24b0: RET  1
  |
  `- 
24e0: MOV Reg RCX, Reg RDI 3
24e3: MOV Reg RDI, Address (SizeDir 64 (AddrPlus (FromReg RIP) (AddrImm 2104150))) 7
24ea: PUSH Reg RBX 1
24eb: LEA Reg RDX, Address (AddrPlus (FromReg RIP) (AddrImm 1526)) 7
24f2: MOV Reg EBX, Reg ESI 2
24f4: XOR Reg EAX, Reg EAX 2
24f6: MOV Reg ESI, Immediate 1 5
24fb: CALL __fprintf_chk (external)
2500: MOV Reg RCX, Address (SizeDir 64 (AddrPlus (FromReg RIP) (AddrImm 2104121))) 7
2507: LEA Reg RDI, Address (AddrPlus (FromReg RIP) (AddrImm 1509)) 7
250e: MOV Reg EDX, Immediate 21 5
2513: MOV Reg ESI, Immediate 1 5
2518: CALL fwrite (external)
251d: MOV Reg RCX, Address (SizeDir 64 (AddrPlus (FromReg RIP) (AddrImm 2104092))) 7
2524: LEA Reg RDI, Address (AddrPlus (FromReg RIP) (AddrImm 1502)) 7
252b: MOV Reg EDX, Immediate 19 5
2530: MOV Reg ESI, Immediate 1 5
2535: CALL fwrite (external)
253a: MOV Reg RDI, Address (SizeDir 64 (AddrPlus (FromReg RIP) (AddrImm 2104063))) 7
2541: LEA Reg RCX, Address (AddrPlus (FromReg RIP) (AddrImm 1493)) 7
2548: LEA Reg RDX, Address (AddrPlus (FromReg RIP) (AddrImm 985)) 7
254f: MOV Reg ESI, Immediate 1 5
2554: XOR Reg EAX, Reg EAX 2
2556: CALL __fprintf_chk (external)
255b: MOV Reg EDI, Reg EBX 2
255d: CALL exit (external)
  |
  `- 
