Number of assembly instructions     = 14
Number of indirect branches         = 0
Number of unresolved indirect jumps = 0: 
Number of unresolved indirect calls = 0: 
Number of symbolic states (representative of non-determinism): 14
Number of edges: 14

7980 (False): 0

7980: CMP Address (SizeDir 32 (AddrPlus (FromReg RDI) (AddrImm 352))), Immediate 8 7
7987: JZ 79b0 (resolved immediate)
  |
  `- 7989,79b0
7989: MOV Reg RDX, Immediate 18446744069414584320 10
7993: MOV Reg RAX, Immediate 18446744073709551615 7
799a: TEST Reg RSI, Reg RDX 3
799d: JNZ 79ab (resolved immediate)
  |
  `- 799f,79ab
799f: MOV Reg RAX, Reg RSI 3
79a2: SHL Reg ESI, Immediate 20 3
79a5: SHR Reg RAX, Immediate 12 4
79a9: OR Reg EAX, Reg ESI 2
79ab: REPZ RET  2
  |
  `- 
79b0: MOV Reg RAX, Reg RSI 3
79b3: SHR Reg RAX, Immediate 12 4
79b7: RET  1
  |
  `- 
