Number of assembly instructions     = 40
Number of indirect branches         = 0
Number of unresolved indirect jumps = 0: 
Number of unresolved indirect calls = 0: 
Number of symbolic states (representative of non-determinism): 40
Number of edges: 39

12ea0 (False): 0

12ea0: PUSH Reg R12 2
12ea2: PUSH Reg RBP 1
12ea3: MOV Reg R12, Reg RSI 3
12ea6: PUSH Reg RBX 1
12ea7: CMP Address (SizeDir 8 (AddrPlus (FromReg RDI) (AddrImm 16))), Immediate 2 4
12eab: MOV Reg RBP, Reg RDI 3
12eae: MOV Reg RBX, Address (SizeDir 64 (FromReg RDI)) 3
12eb1: JE 12ef0 (resolved immediate)
  |
  `- 12eb3,12ef0
12eb3: MOV Reg ECX, Immediate 4 5
12eb8: MOV Reg EDX, Immediate 4 5
12ebd: CALL elf_access_unsigned (external)
12ec2: ADD Reg RBX, Reg RAX 3
12ec5: CMP Address (SizeDir 8 (AddrPlus (FromReg RBP) (AddrImm 16))), Immediate 2 4
12ec9: JE 12f08 (resolved immediate)
12ecb: MOV Reg RSI, Reg R12 3
12ece: MOV Reg RDI, Reg RBP 3
12ed1: MOV Reg ECX, Immediate 4 5
12ed6: MOV Reg EDX, Immediate 16 5
12edb: CALL elf_access_unsigned (external)
12ee0: ADD Reg RAX, Reg RBX 3
12ee3: POP Reg RBX 1
12ee4: POP Reg RBP 1
12ee5: POP Reg R12 2
12ee7: RET  1
  |
  `- 
12ef0: MOV Reg ECX, Immediate 8 5
12ef5: MOV Reg EDX, Immediate 8 5
12efa: CALL elf_access_unsigned (external)
12eff: ADD Reg RBX, Reg RAX 3
12f02: CMP Address (SizeDir 8 (AddrPlus (FromReg RBP) (AddrImm 16))), Immediate 2 4
12f06: JNE 12ecb (resolved immediate)
12f08: MOV Reg RSI, Reg R12 3
12f0b: MOV Reg RDI, Reg RBP 3
12f0e: MOV Reg ECX, Immediate 8 5
12f13: MOV Reg EDX, Immediate 32 5
12f18: CALL elf_access_unsigned (external)
12f1d: ADD Reg RAX, Reg RBX 3
12f20: POP Reg RBX 1
12f21: POP Reg RBP 1
12f22: POP Reg R12 2
12f24: RET  1
  |
  `- 
