Number of assembly instructions     = 44
Number of indirect branches         = 0
Number of unresolved indirect jumps = 0: 
Number of unresolved indirect calls = 0: 
Number of symbolic states (representative of non-determinism): 44
Number of edges: 45

12b70 (False): 0

12b70: PUSH Reg R12 2
12b72: PUSH Reg RBP 1
12b73: MOV Reg RBP, Reg RDI 3
12b76: PUSH Reg RBX 1
12b77: MOV Reg EBX, Reg ESI 2
12b79: CALL elf_phdr_count (external)
12b7e: CMP Reg EAX, Reg EBX 2
12b80: JBE 12bd0 (resolved immediate)
  |
  `- 12b82,12bd0
12b82: CMP Address (SizeDir 8 (AddrPlus (FromReg RBP) (AddrImm 16))), Immediate 2 4
12b86: MOV Reg R12, Address (SizeDir 64 (FromReg RBP)) 4
12b8a: MOV Reg RSI, Address (SizeDir 64 (AddrPlus (FromReg RBP) (AddrImm 24))) 4
12b8e: JE 12be0 (resolved immediate)
  |
  `- 12b90,12be0
12b90: MOV Reg ECX, Immediate 4 5
12b95: MOV Reg EDX, Immediate 28 5
12b9a: MOV Reg RDI, Reg RBP 3
12b9d: CALL elf_access_unsigned (external)
12ba2: ADD Reg R12, Reg RAX 3
12ba5: CMP Address (SizeDir 8 (AddrPlus (FromReg RBP) (AddrImm 16))), Immediate 2 4
12ba9: MOV Reg RSI, Address (SizeDir 64 (AddrPlus (FromReg RBP) (AddrImm 24))) 4
12bad: MOV Reg ECX, Immediate 2 5
12bb2: JE 12bf8 (resolved immediate)
  |
  `- 12bb4,12bf8
12bb4: MOV Reg EDX, Immediate 42 5
12bb9: MOV Reg RDI, Reg RBP 3
12bbc: CALL elf_access_unsigned (external)
12bc1: IMUL Reg RAX, Reg RBX 4
12bc5: POP Reg RBX 1
12bc6: POP Reg RBP 1
12bc7: ADD Reg RAX, Reg R12 3
12bca: POP Reg R12 2
12bcc: RET  1
  |
  `- 
12bd0: POP Reg RBX 1
12bd1: XOR Reg EAX, Reg EAX 2
12bd3: POP Reg RBP 1
12bd4: POP Reg R12 2
12bd6: RET  1
  |
  `- 
12be0: MOV Reg ECX, Immediate 8 5
12be5: MOV Reg EDX, Immediate 32 5
12bea: MOV Reg RDI, Reg RBP 3
12bed: CALL elf_access_unsigned (external)
12bf2: JMP 12ba2 (resolved immediate)
  |
  `- 12ba2
12bf8: MOV Reg EDX, Immediate 54 5
12bfd: MOV Reg RDI, Reg RBP 3
12c00: CALL elf_access_unsigned (external)
12c05: JMP 12bc1 (resolved immediate)
  |
  `- 12bc1
