Number of assembly instructions     = 35
Number of indirect branches         = 0
Number of unresolved indirect jumps = 0: 
Number of unresolved indirect calls = 0: 
Number of symbolic states (representative of non-determinism): 35
Number of edges: 37

12a10 (False): 0

12a10: PUSH Reg RBP 1
12a11: PUSH Reg RBX 1
12a12: MOV Reg RBP, Reg RDI 3
12a15: MOV Reg ECX, Immediate 2 5
12a1a: SUB Reg RSP, Immediate 8 4
12a1e: CMP Address (SizeDir 8 (AddrPlus (FromReg RDI) (AddrImm 16))), Immediate 2 4
12a22: MOV Reg RSI, Address (SizeDir 64 (AddrPlus (FromReg RDI) (AddrImm 24))) 4
12a26: JE 12a80 (resolved immediate)
  |
  `- 12a28,12a80
12a28: MOV Reg EDX, Immediate 48 5
12a2d: CALL elf_access_unsigned (external)
12a32: MOV Reg ECX, Reg EAX 2
12a34: MOVABS Reg RDX, Immediate 14757395258967641293 10
12a3e: MOV Reg RAX, Reg RDX 3
12a41: MUL Address (SizeDir 64 (AddrPlus (FromReg RBP) (AddrImm 8))) 4
12a45: MOV Reg EAX, Immediate 4294967295 5
12a4a: MOV Reg RBX, Reg RDX 3
12a4d: SHR Reg RBX, Immediate 5 4
12a51: CMP Reg RBX, Reg RAX 3
12a54: JA 12a6e (resolved immediate)
  |
  `- 12a56,12a6e
12a56: MOV Reg EAX, Reg ECX 2
12a58: CMP Reg RAX, Reg RBX 3
12a5b: JBE 12a6e (resolved immediate)
  |
  `- 12a5d,12a6e
12a5d: LEA Reg RSI, Address (SizeDir 64 (AddrPlus (FromReg RIP) (AddrImm 72417))) 7
12a64: MOV Reg RDI, Reg RBP 3
12a67: CALL elf_mark_broken (external)
12a6c: MOV Reg ECX, Reg EBX 2
12a6e: ADD Reg RSP, Immediate 8 4
12a72: MOV Reg EAX, Reg ECX 2
12a74: POP Reg RBX 1
12a75: POP Reg RBP 1
12a76: RET  1
  |
  `- 
12a80: MOV Reg EDX, Immediate 60 5
12a85: CALL elf_access_unsigned (external)
12a8a: MOV Reg ECX, Reg EAX 2
12a8c: JMP 12a34 (resolved immediate)
  |
  `- 12a34
