Number of assembly instructions     = 21
Number of indirect branches         = 0
Number of unresolved indirect jumps = 0: 
Number of unresolved indirect calls = 0: 
Number of symbolic states (representative of non-determinism): 21
Number of edges: 20

12c90 (False): 0

12c90: PUSH Reg RBP 1
12c91: PUSH Reg RBX 1
12c92: SUB Reg RSP, Immediate 8 4
12c96: MOV Reg RBP, Address (SizeDir 64 (AddrPlus (FromReg RDI) (AddrImm 32))) 4
12c9a: TEST Reg RBP, Reg RBP 3
12c9d: JZ 12cc8 (resolved immediate)
  |
  `- 12c9f,12cc8
12c9f: MOV Reg ECX, Immediate 4 5
12ca4: XOR Reg EDX, Reg EDX 2
12ca6: MOV Reg RBX, Reg RDI 3
12ca9: CALL elf_access_unsigned (external)
12cae: ADD Reg RSP, Immediate 8 4
12cb2: LEA Reg RSI, Address (AddrPlus (AddrPlus (FromReg RBP) (FromReg RAX)) (AddrImm 0)) 5
12cb7: MOV Reg RDI, Reg RBX 3
12cba: POP Reg RBX 1
12cbb: POP Reg RBP 1
12cbc: JMP elf_strval (jmp to external function)
  |
  `- 
12cc8: ADD Reg RSP, Immediate 8 4
12ccc: LEA Reg RAX, Address (AddrPlus (FromReg RIP) (AddrImm 71847)) 7
12cd3: POP Reg RBX 1
12cd4: POP Reg RBP 1
12cd5: RET  1
  |
  `- 
