Number of assembly instructions     = 32
Number of indirect branches         = 0
Number of unresolved indirect jumps = 0: 
Number of unresolved indirect calls = 0: 
Number of symbolic states (representative of non-determinism): 32
Number of edges: 32

13080 (False): 0

13080: PUSH Reg R12 2
13082: PUSH Reg RBP 1
13083: MOV Reg RBP, Reg RSI 3
13086: PUSH Reg RBX 1
13087: MOV Reg RBX, Reg RDI 3
1308a: CALL elf_note_desc (external)
1308f: MOV Reg ECX, Immediate 4 5
13094: MOV Reg EDX, Immediate 4 5
13099: MOV Reg RSI, Reg RBP 3
1309c: MOV Reg RDI, Reg RBX 3
1309f: MOV Reg R12, Reg RAX 3
130a2: CALL elf_access_unsigned (external)
130a7: CMP Reg EAX, Immediate 8 3
130aa: JA 130be (resolved immediate)
  |
  `- 130ac,130be
130ac: MOV Reg EDX, Immediate 1 5
130b1: MOV Reg ECX, Reg EAX 2
130b3: SHL Reg RDX, Reg CL 3
130b6: TEST Reg EDX, Immediate 278 6
130bc: JNE 130c8 (resolved immediate)
  |
  `- 130be,130c8
130be: POP Reg RBX 1
130bf: XOR Reg EAX, Reg EAX 2
130c1: POP Reg RBP 1
130c2: POP Reg R12 2
130c4: RET  1
  |
  `- 
130c8: MOV Reg RSI, Reg R12 3
130cb: MOV Reg RDI, Reg RBX 3
130ce: MOV Reg ECX, Reg EAX 2
130d0: POP Reg RBX 1
130d1: POP Reg RBP 1
130d2: POP Reg R12 2
130d4: XOR Reg EDX, Reg EDX 2
130d6: JMP elf_access_unsigned (jmp to external function)
  |
  `- 
