Number of assembly instructions     = 220
Number of indirect branches         = 0
Number of unresolved indirect jumps = 0: 
Number of unresolved indirect calls = 0: 
Number of symbolic states (representative of non-determinism): 220
Number of edges: 236

133c0 (False): 0

133c0: PUSH Reg R13 2
133c2: PUSH Reg R12 2
133c4: MOV Reg R12, Reg RDX 3
133c7: PUSH Reg RBP 1
133c8: PUSH Reg RBX 1
133c9: MOV Reg RBP, Reg RSI 3
133cc: MOV Reg RBX, Reg RDI 3
133cf: MOV Reg RSI, Reg RDX 3
133d2: MOV Reg RDI, Reg RBP 3
133d5: SUB Reg RSP, Immediate 8 4
133d9: CALL elf_is_elfbinary (external)
133de: TEST Reg AL, Reg AL 2
133e0: JZ 136dc (resolved immediate)
  |
  `- 133e6,136dc
133e6: LEA Reg RDI, Address (AddrPlus (FromReg RBX) (AddrImm 24)) 4
133ea: MOV Reg EAX, Reg EBX 2
133ec: MOV Address (SizeDir 64 (AddrPlus (FromReg RBX) (AddrImm 16))), Immediate 0 8
133f4: MOV Address (SizeDir 64 (AddrPlus (FromReg RBX) (AddrImm 152))), Immediate 0 11
133ff: MOV Reg EDX, Immediate 4 5
13404: MOV Reg RSI, Reg RBP 3
13407: AND Reg RDI, Immediate 18446744073709551608 4
1340b: SUB Reg EAX, Reg EDI 2
1340d: LEA Reg ECX, Address (AddrPlus (FromReg RAX) (AddrImm 160)) 6
13413: XOR Reg EAX, Reg EAX 2
13415: SHR Reg ECX, Immediate 3 3
13418: REP STOSQ  3
1341b: MOV Reg ECX, Immediate 1 5
13420: MOV Reg RDI, Reg RBX 3
13423: MOV Address (SizeDir 64 (FromReg RBX)), Reg RBP 3
13426: MOV Address (SizeDir 64 (AddrPlus (FromReg RBX) (AddrImm 8))), Reg R12 4
1342a: MOV Address (SizeDir 64 (AddrPlus (FromReg RBX) (AddrImm 24))), Reg RBP 4
1342e: CALL elf_access_unsigned (external)
13433: MOV Reg RSI, Address (SizeDir 64 (AddrPlus (FromReg RBX) (AddrImm 24))) 4
13437: MOV Address (SizeDir 8 (AddrPlus (FromReg RBX) (AddrImm 16))), Reg AL 3
1343a: MOV Reg ECX, Immediate 1 5
1343f: MOV Reg EDX, Immediate 5 5
13444: MOV Reg RDI, Reg RBX 3
13447: CALL elf_access_unsigned (external)
1344c: CMP Address (SizeDir 8 (AddrPlus (FromReg RBX) (AddrImm 16))), Immediate 2 4
13450: MOV Address (SizeDir 8 (AddrPlus (FromReg RBX) (AddrImm 17))), Reg AL 3
13453: MOV Reg RSI, Address (SizeDir 64 (AddrPlus (FromReg RBX) (AddrImm 24))) 4
13457: JZ 13650 (resolved immediate)
  |
  `- 1345d,13650
1345d: MOV Reg ECX, Immediate 4 5
13462: MOV Reg EDX, Immediate 28 5
13467: MOV Reg RDI, Reg RBX 3
1346a: CALL elf_access_unsigned (external)
1346f: MOV Reg RBP, Reg RAX 3
13472: CMP Address (SizeDir 8 (AddrPlus (FromReg RBX) (AddrImm 16))), Immediate 2 4
13476: MOV Reg RSI, Address (SizeDir 64 (AddrPlus (FromReg RBX) (AddrImm 24))) 4
1347a: MOV Reg ECX, Immediate 2 5
1347f: JZ 13638 (resolved immediate)
  |
  `- 13485,13638
13485: MOV Reg EDX, Immediate 42 5
1348a: MOV Reg RDI, Reg RBX 3
1348d: CALL elf_access_unsigned (external)
13492: MOV Reg R12, Reg RAX 3
13495: MOV Reg RDI, Reg RBX 3
13498: CALL elf_phdr_count (external)
1349d: MOV Reg EAX, Reg EAX 2
1349f: MOV Reg R8, Address (SizeDir 64 (AddrPlus (FromReg RBX) (AddrImm 8))) 4
134a3: IMUL Reg RAX, Reg R12 4
134a7: ADD Reg RAX, Reg RBP 3
134aa: CMP Reg R8, Reg RAX 3
134ad: JB 136fa (resolved immediate)
  |
  `- 134b3,136fa
134b3: CMP Address (SizeDir 8 (AddrPlus (FromReg RBX) (AddrImm 16))), Immediate 2 4
134b7: MOV Reg RSI, Address (SizeDir 64 (AddrPlus (FromReg RBX) (AddrImm 24))) 4
134bb: JZ 13688 (resolved immediate)
  |
  `- 134c1,13688
134c1: MOV Reg ECX, Immediate 4 5
134c6: MOV Reg EDX, Immediate 32 5
134cb: MOV Reg RDI, Reg RBX 3
134ce: CALL elf_access_unsigned (external)
134d3: MOV Reg RBP, Reg RAX 3
134d6: CMP Address (SizeDir 8 (AddrPlus (FromReg RBX) (AddrImm 16))), Immediate 2 4
134da: MOV Reg RSI, Address (SizeDir 64 (AddrPlus (FromReg RBX) (AddrImm 24))) 4
134de: MOV Reg ECX, Immediate 2 5
134e3: JZ 13670 (resolved immediate)
  |
  `- 134e9,13670
134e9: MOV Reg EDX, Immediate 46 5
134ee: MOV Reg RDI, Reg RBX 3
134f1: CALL elf_access_unsigned (external)
134f6: MOV Reg R12, Reg RAX 3
134f9: MOV Reg RDI, Reg RBX 3
134fc: CALL elf_shdr_count (external)
13501: MOV Reg EAX, Reg EAX 2
13503: MOV Reg R8, Address (SizeDir 64 (AddrPlus (FromReg RBX) (AddrImm 8))) 4
13507: IMUL Reg RAX, Reg R12 4
1350b: ADD Reg RAX, Reg RBP 3
1350e: CMP Reg R8, Reg RAX 3
13511: JB 1371d (resolved immediate)
  |
  `- 13517,1371d
13517: CMP Address (SizeDir 8 (AddrPlus (FromReg RBX) (AddrImm 16))), Immediate 2 4
1351b: MOV Reg RSI, Address (SizeDir 64 (AddrPlus (FromReg RBX) (AddrImm 24))) 4
1351f: MOV Reg ECX, Immediate 2 5
13524: JZ 136a8 (resolved immediate)
  |
  `- 1352a,136a8
1352a: MOV Reg EDX, Immediate 50 5
1352f: MOV Reg RDI, Reg RBX 3
13532: CALL elf_access_unsigned (external)
13537: MOV Reg RDI, Reg RBX 3
1353a: MOV Reg ESI, Reg EAX 2
1353c: CALL elf_shdr_by_index (external)
13541: TEST Reg RAX, Reg RAX 3
13544: JNZ 136c8 (resolved immediate)
  |
  `- 1354a,136c8
1354a: MOV Reg RDI, Reg RBX 3
1354d: CALL elf_shdr_count (external)
13552: CMP Reg EAX, Immediate 1 3
13555: MOV Reg R13D, Reg EAX 3
13558: JBE 135f2 (resolved immediate)
  |
  `- 1355e,135f2
1355e: MOV Reg R12D, Immediate 1 6
13564: MOV Reg ESI, Reg R12D 3
13567: MOV Reg RDI, Reg RBX 3
1356a: CALL elf_shdr_by_index (external)
1356f: MOV Reg EDX, Immediate 1 5
13574: MOV Reg RSI, Reg RAX 3
13577: MOV Reg RDI, Reg RBX 3
1357a: MOV Reg RBP, Reg RAX 3
1357d: CALL elf_access_ok (external)
13582: TEST Reg AL, Reg AL 2
13584: JZ 135f2 (resolved immediate)
  |
  `- 13586,135f2
13586: MOV Reg ECX, Immediate 4 5
1358b: MOV Reg EDX, Immediate 4 5
13590: MOV Reg RSI, Reg RBP 3
13593: MOV Reg RDI, Reg RBX 3
13596: CALL elf_access_unsigned (external)
1359b: CMP Reg RAX, Immediate 2 4
1359f: SETNZ Reg AL 3
135a2: TEST Reg AL, Reg AL 2
135a4: JNZ 135e5 (resolved immediate)
  |
  `- 135a6,135e5
135a6: CMP Address (SizeDir 8 (AddrPlus (FromReg RBX) (AddrImm 16))), Immediate 2 4
135aa: MOV Reg ECX, Immediate 4 5
135af: JZ 13620 (resolved immediate)
  |
  `- 135b1,13620
135b1: MOV Reg RSI, Reg RBP 3
135b4: MOV Reg EDX, Immediate 24 5
135b9: MOV Reg RDI, Reg RBX 3
135bc: CALL elf_access_unsigned (external)
135c1: MOV Reg ESI, Reg EAX 2
135c3: TEST Reg ESI, Reg ESI 2
135c5: JZ 135f2 (resolved immediate)
  |
  `- 135c7,135f2
135c7: CMP Reg ESI, Reg R13D 3
135ca: JAE 135f2 (resolved immediate)
  |
  `- 135cc,135f2
135cc: MOV Address (SizeDir 64 (AddrPlus (FromReg RBX) (AddrImm 40))), Reg RBP 4
135d0: MOV Reg RDI, Reg RBX 3
135d3: CALL elf_shdr_by_index (external)
135d8: TEST Reg RAX, Reg RAX 3
135db: JNZ 13600 (resolved immediate)
  |
  `- 135dd,13600
135dd: MOV Address (SizeDir 64 (AddrPlus (FromReg RBX) (AddrImm 40))), Immediate 0 8
135e5: ADD Reg R12D, Immediate 1 4
135e9: CMP Reg R13D, Reg R12D 3
135ec: JNZ 13564 (resolved immediate)
  |
  `- 13564,135f2
135f2: ADD Reg RSP, Immediate 8 4
135f6: XOR Reg EAX, Reg EAX 2
135f8: POP Reg RBX 1
135f9: POP Reg RBP 1
135fa: POP Reg R12 2
135fc: POP Reg R13 2
135fe: RET  1
  |
  `- 
13600: MOV Reg RSI, Reg RAX 3
13603: MOV Reg RDI, Reg RBX 3
13606: CALL elf_section_start (external)
1360b: MOV Address (SizeDir 64 (AddrPlus (FromReg RBX) (AddrImm 48))), Reg RAX 4
1360f: XOR Reg EAX, Reg EAX 2
13611: ADD Reg RSP, Immediate 8 4
13615: POP Reg RBX 1
13616: POP Reg RBP 1
13617: POP Reg R12 2
13619: POP Reg R13 2
1361b: RET  1
  |
  `- 
13620: MOV Reg RSI, Reg RBP 3
13623: MOV Reg EDX, Immediate 40 5
13628: MOV Reg RDI, Reg RBX 3
1362b: CALL elf_access_unsigned (external)
13630: MOV Reg ESI, Reg EAX 2
13632: JMP 135c3 (resolved immediate)
  |
  `- 135c3
13638: MOV Reg EDX, Immediate 54 5
1363d: MOV Reg RDI, Reg RBX 3
13640: CALL elf_access_unsigned (external)
13645: MOV Reg R12, Reg RAX 3
13648: JMP 13495 (resolved immediate)
  |
  `- 13495
13650: MOV Reg ECX, Immediate 8 5
13655: MOV Reg EDX, Immediate 32 5
1365a: MOV Reg RDI, Reg RBX 3
1365d: CALL elf_access_unsigned (external)
13662: MOV Reg RBP, Reg RAX 3
13665: JMP 13472 (resolved immediate)
  |
  `- 13472
13670: MOV Reg EDX, Immediate 58 5
13675: MOV Reg RDI, Reg RBX 3
13678: CALL elf_access_unsigned (external)
1367d: MOV Reg R12, Reg RAX 3
13680: JMP 134f9 (resolved immediate)
  |
  `- 134f9
13688: MOV Reg ECX, Immediate 8 5
1368d: MOV Reg EDX, Immediate 40 5
13692: MOV Reg RDI, Reg RBX 3
13695: CALL elf_access_unsigned (external)
1369a: MOV Reg RBP, Reg RAX 3
1369d: JMP 134d6 (resolved immediate)
  |
  `- 134d6
136a8: MOV Reg EDX, Immediate 62 5
136ad: MOV Reg RDI, Reg RBX 3
136b0: CALL elf_access_unsigned (external)
136b5: MOV Reg RDI, Reg RBX 3
136b8: MOV Reg ESI, Reg EAX 2
136ba: CALL elf_shdr_by_index (external)
136bf: TEST Reg RAX, Reg RAX 3
136c2: JZ 1354a (resolved immediate)
  |
  `- 1354a,136c8
136c8: MOV Reg RSI, Reg RAX 3
136cb: MOV Reg RDI, Reg RBX 3
136ce: CALL elf_section_start (external)
136d3: MOV Address (SizeDir 64 (AddrPlus (FromReg RBX) (AddrImm 32))), Reg RAX 4
136d7: JMP 1354a (resolved immediate)
  |
  `- 1354a
136dc: LEA Reg RDX, Address (AddrPlus (FromReg RIP) (AddrImm 69289)) 7
136e3: MOV Reg ESI, Immediate 1 5
136e8: MOV Reg RDI, Reg RBX 3
136eb: CALL elf_call_log_callback (external)
136f0: MOV Reg EAX, Immediate 4294967295 5
136f5: JMP 13611 (resolved immediate)
  |
  `- 13611
136fa: LEA Reg RDX, Address (AddrPlus (FromReg RIP) (AddrImm 69407)) 7
13701: MOV Reg RCX, Reg RAX 3
13704: XOR Reg EAX, Reg EAX 2
13706: MOV Reg ESI, Immediate 1 5
1370b: MOV Reg RDI, Reg RBX 3
1370e: CALL elf_call_log_callback (external)
13713: MOV Reg EAX, Immediate 4294967295 5
13718: JMP 13611 (resolved immediate)
  |
  `- 13611
1371d: MOV Reg RCX, Reg RAX 3
13720: LEA Reg RDX, Address (AddrPlus (FromReg RIP) (AddrImm 69417)) 7
13727: JMP 13704 (resolved immediate)
  |
  `- 13704
