Number of assembly instructions     = 17
Number of indirect branches         = 0
Number of unresolved indirect jumps = 0: 
Number of unresolved indirect calls = 0: 
Number of symbolic states (representative of non-determinism): 17
Number of edges: 16

13010 (False): 0

13010: PUSH Reg RBP 1
13011: PUSH Reg RBX 1
13012: MOV Reg EBX, Reg ESI 2
13014: MOV Reg RBP, Reg RDI 3
13017: SUB Reg RSP, Immediate 8 4
1301b: MOV Reg RSI, Address (SizeDir 64 (AddrPlus (FromReg RDI) (AddrImm 40))) 4
1301f: CALL elf_section_start (external)
13024: XOR Reg EDX, Reg EDX 2
13026: CMP Address (SizeDir 8 (AddrPlus (FromReg RBP) (AddrImm 16))), Immediate 2 4
1302a: SETZ Reg DL 3
1302d: ADD Reg RSP, Immediate 8 4
13031: LEA Reg RDX, Address (AddrPlus (AddrTimes (AddrImm 8) (FromReg RDX)) (AddrImm 16)) 8
13039: IMUL Reg RBX, Reg RDX 4
1303d: ADD Reg RAX, Reg RBX 3
13040: POP Reg RBX 1
13041: POP Reg RBP 1
13042: RET  1
  |
  `- 
