Number of assembly instructions     = 13
Number of indirect branches         = 0
Number of unresolved indirect jumps = 0: 
Number of unresolved indirect calls = 0: 
Number of symbolic states (representative of non-determinism): 13
Number of edges: 12

12a90 (False): 0

12a90: SUB Reg RSP, Immediate 8 4
12a94: CMP Address (SizeDir 8 (AddrPlus (FromReg RDI) (AddrImm 16))), Immediate 2 4
12a98: MOV Reg RSI, Address (SizeDir 64 (AddrPlus (FromReg RDI) (AddrImm 24))) 4
12a9c: MOV Reg ECX, Immediate 2 5
12aa1: JZ 12ab8 (resolved immediate)
  |
  `- 12aa3,12ab8
12aa3: MOV Reg EDX, Immediate 44 5
12aa8: CALL elf_access_unsigned (external)
12aad: ADD Reg RSP, Immediate 8 4
12ab1: RET  1
  |
  `- 
12ab8: MOV Reg EDX, Immediate 56 5
12abd: CALL elf_access_unsigned (external)
12ac2: ADD Reg RSP, Immediate 8 4
12ac6: RET  1
  |
  `- 
