Number of assembly instructions     = 289
Number of indirect branches         = 0
Number of unresolved indirect jumps = 0: 
Number of unresolved indirect calls = 0: 
Number of symbolic states (representative of non-determinism): 289
Number of edges: 312

14c40 (False): 0

14c40: PUSH Reg R15 2
14c42: PUSH Reg R14 2
14c44: MOV Reg R15, Reg RSI 3
14c47: PUSH Reg R13 2
14c49: PUSH Reg R12 2
14c4b: PUSH Reg RBP 1
14c4c: PUSH Reg RBX 1
14c4d: MOV Reg RBP, Reg RDI 3
14c50: SUB Reg RSP, Immediate 216 7
14c57: MOV Reg RBX, Address (SizeDir 64 (FromReg RSI)) 3
14c5a: LEA Reg R14, Address (AddrPlus (FromReg RSP) (AddrImm 32)) 5
14c5f: MOV Reg RAX, Address (SizeDir 64 (AddrPlus (FromReg FS) (AddrImm 40))) 9
14c68: MOV Address (SizeDir 64 (AddrPlus (FromReg RSP) (AddrImm 200))), Reg RAX 8
14c70: XOR Reg EAX, Reg EAX 2
14c72: LEA Reg RAX, Address (AddrPlus (FromReg R14) (AddrImm 31)) 4
14c76: MOV Address (SizeDir 64 (AddrPlus (FromReg RSP) (AddrImm 8))), Reg RAX 5
14c7b: NOP  5
14c80: XOR Reg EDX, Reg EDX 2
14c82: MOV Reg ECX, Immediate 1 5
14c87: MOV Reg RSI, Reg RBX 3
14c8a: MOV Reg RDI, Reg RBP 3
14c8d: CALL elf_access_unsigned (external)
14c92: TEST Reg RAX, Reg RAX 3
14c95: JZ 14ef5 (resolved immediate)
  |
  `- 14c9b,14ef5
14c9b: PXOR Reg XMM0, Reg XMM0 4
14c9f: LEA Reg RDI, Address (AddrPlus (FromReg RSP) (AddrImm 64)) 5
14ca4: MOV Reg ECX, Immediate 16 5
14ca9: XOR Reg EAX, Reg EAX 2
14cab: MOV Reg R12, Reg R14 3
14cae: MOV Address (SizeDir 64 (AddrPlus (FromReg RSP) (AddrImm 16))), Reg RDI 5
14cb3: MOVAPS Address (SizeDir 128 (FromReg R14)), Reg XMM0 4
14cb7: REP STOSQ  3
14cba: MOVAPS Address (SizeDir 128 (AddrPlus (FromReg R14) (AddrImm 16))), Reg XMM0 5
14cbf: JMP 14d29 (resolved immediate)
  |
  `- 14d29
14cc8: XOR Reg EDX, Reg EDX 2
14cca: MOV Reg ECX, Immediate 1 5
14ccf: MOV Reg RSI, Reg RBX 3
14cd2: MOV Reg RDI, Reg RBP 3
14cd5: LEA Reg R13, Address (AddrPlus (FromReg RBX) (AddrImm 1)) 4
14cd9: CALL elf_access_unsigned (external)
14cde: CMP Reg RAX, Immediate 44 4
14ce2: JZ 14fc0 (resolved immediate)
  |
  `- 14ce8,14fc0
14ce8: XOR Reg EDX, Reg EDX 2
14cea: MOV Reg ECX, Immediate 1 5
14cef: MOV Reg RSI, Reg RBX 3
14cf2: MOV Reg RDI, Reg RBP 3
14cf5: CALL elf_access_unsigned (external)
14cfa: CMP Reg RAX, Immediate 61 4
14cfe: JZ 14f48 (resolved immediate)
  |
  `- 14d04,14f48
14d04: XOR Reg EDX, Reg EDX 2
14d06: MOV Reg RSI, Reg RBX 3
14d09: MOV Reg ECX, Immediate 1 5
14d0e: MOV Reg RDI, Reg RBP 3
14d11: ADD Reg R12, Immediate 1 4
14d15: MOV Reg RBX, Reg R13 3
14d18: CALL elf_access_unsigned (external)
14d1d: MOV Address (SizeDir 8 (AddrMinus (FromReg R12) (AddrImm 1))), Reg AL 5
14d22: CMP Reg R12, Address (SizeDir 64 (AddrPlus (FromReg RSP) (AddrImm 8))) 5
14d27: JZ 14d40 (resolved immediate)
  |
  `- 14d29,14d40
14d29: XOR Reg EDX, Reg EDX 2
14d2b: MOV Reg ECX, Immediate 1 5
14d30: MOV Reg RSI, Reg RBX 3
14d33: MOV Reg RDI, Reg RBP 3
14d36: CALL elf_access_unsigned (external)
14d3b: TEST Reg RAX, Reg RAX 3
14d3e: JNZ 14cc8 (resolved immediate)
  |
  `- 14cc8,14d40
14d40: MOV Reg R8, Address (SizeDir 64 (AddrPlus (FromReg RSP) (AddrImm 16))) 5
14d45: LEA Reg RDX, Address (AddrPlus (FromReg RIP) (AddrImm 64274)) 7
14d4c: XOR Reg ESI, Reg ESI 2
14d4e: XOR Reg EAX, Reg EAX 2
14d50: MOV Reg RCX, Reg R14 3
14d53: MOV Reg RDI, Reg RBP 3
14d56: CALL elf_call_log_callback (external)
14d5b: LEA Reg RDI, Address (AddrPlus (FromReg RIP) (AddrImm 64266)) 7
14d62: MOV Reg ECX, Immediate 7 5
14d67: MOV Reg RSI, Reg R14 3
14d6a: REPZ CMPSB  2
14d6c: SETA Reg AL 3
14d6f: SBB Reg AL, Immediate 0 2
14d71: TEST Reg AL, Reg AL 2
14d73: JZ 150c8 (resolved immediate)
  |
  `- 14d79,150c8
14d79: LEA Reg RDI, Address (AddrPlus (FromReg RIP) (AddrImm 64243)) 7
14d80: MOV Reg ECX, Immediate 9 5
14d85: MOV Reg RSI, Reg R14 3
14d88: REPZ CMPSB  2
14d8a: SETA Reg AL 3
14d8d: SBB Reg AL, Immediate 0 2
14d8f: TEST Reg AL, Reg AL 2
14d91: JZ 150a0 (resolved immediate)
  |
  `- 14d97,150a0
14d97: LEA Reg RDI, Address (AddrPlus (FromReg RIP) (AddrImm 64222)) 7
14d9e: MOV Reg ECX, Immediate 10 5
14da3: MOV Reg RSI, Reg R14 3
14da6: REPZ CMPSB  2
14da8: SETA Reg AL 3
14dab: SBB Reg AL, Immediate 0 2
14dad: TEST Reg AL, Reg AL 2
14daf: JZ 15078 (resolved immediate)
  |
  `- 14db5,15078
14db5: LEA Reg RDI, Address (AddrPlus (FromReg RIP) (AddrImm 64202)) 7
14dbc: MOV Reg ECX, Immediate 8 5
14dc1: MOV Reg RSI, Reg R14 3
14dc4: REPZ CMPSB  2
14dc6: SETA Reg AL 3
14dc9: SBB Reg AL, Immediate 0 2
14dcb: TEST Reg AL, Reg AL 2
14dcd: JZ 15050 (resolved immediate)
  |
  `- 14dd3,15050
14dd3: LEA Reg RDI, Address (AddrPlus (FromReg RIP) (AddrImm 64180)) 7
14dda: MOV Reg ECX, Immediate 4 5
14ddf: MOV Reg RSI, Reg R14 3
14de2: REPZ CMPSB  2
14de4: SETA Reg AL 3
14de7: SBB Reg AL, Immediate 0 2
14de9: TEST Reg AL, Reg AL 2
14deb: JNZ 14e18 (resolved immediate)
  |
  `- 14ded,14e18
14ded: MOV Reg RSI, Address (SizeDir 64 (AddrPlus (FromReg RSP) (AddrImm 16))) 5
14df2: LEA Reg RDI, Address (AddrPlus (FromReg RIP) (AddrImm 64153)) 7
14df9: MOV Reg ECX, Immediate 18 5
14dfe: REPZ CMPSB  2
14e00: SETA Reg AL 3
14e03: SBB Reg AL, Immediate 0 2
14e05: TEST Reg AL, Reg AL 2
14e07: JNZ 150f0 (resolved immediate)
  |
  `- 14e0d,150f0
14e0d: MOV Address (SizeDir 32 (AddrPlus (FromReg R15) (AddrImm 544))), Immediate 2 11
14e18: LEA Reg RDI, Address (AddrPlus (FromReg RIP) (AddrImm 64133)) 7
14e1f: MOV Reg ECX, Immediate 11 5
14e24: MOV Reg RSI, Reg R14 3
14e27: REPZ CMPSB  2
14e29: SETA Reg AL 3
14e2c: SBB Reg AL, Immediate 0 2
14e2e: TEST Reg AL, Reg AL 2
14e30: JNZ 14e3a (resolved immediate)
  |
  `- 14e32,14e3a
14e32: MOV Address (SizeDir 8 (AddrPlus (FromReg R15) (AddrImm 548))), Immediate 1 8
14e3a: LEA Reg RDI, Address (AddrPlus (FromReg RIP) (AddrImm 64110)) 7
14e41: MOV Reg ECX, Immediate 10 5
14e46: MOV Reg RSI, Reg R14 3
14e49: REPZ CMPSB  2
14e4b: SETA Reg AL 3
14e4e: SBB Reg AL, Immediate 0 2
14e50: TEST Reg AL, Reg AL 2
14e52: JZ 15030 (resolved immediate)
  |
  `- 14e58,15030
14e58: LEA Reg RDI, Address (AddrPlus (FromReg RIP) (AddrImm 64090)) 7
14e5f: MOV Reg ECX, Immediate 11 5
14e64: MOV Reg RSI, Reg R14 3
14e67: REPZ CMPSB  2
14e69: SETA Reg AL 3
14e6c: SBB Reg AL, Immediate 0 2
14e6e: TEST Reg AL, Reg AL 2
14e70: JZ 15010 (resolved immediate)
  |
  `- 14e76,15010
14e76: LEA Reg RDI, Address (AddrPlus (FromReg RIP) (AddrImm 64071)) 7
14e7d: MOV Reg ECX, Immediate 17 5
14e82: MOV Reg RSI, Reg R14 3
14e85: REPZ CMPSB  2
14e87: SETA Reg AL 3
14e8a: SBB Reg AL, Immediate 0 2
14e8c: TEST Reg AL, Reg AL 2
14e8e: JZ 14ff0 (resolved immediate)
  |
  `- 14e94,14ff0
14e94: LEA Reg RDI, Address (AddrPlus (FromReg RIP) (AddrImm 64058)) 7
14e9b: MOV Reg ECX, Immediate 15 5
14ea0: MOV Reg RSI, Reg R14 3
14ea3: REPZ CMPSB  2
14ea5: SETA Reg AL 3
14ea8: SBB Reg AL, Immediate 0 2
14eaa: TEST Reg AL, Reg AL 2
14eac: JZ 14fd0 (resolved immediate)
  |
  `- 14eb2,14fd0
14eb2: LEA Reg RDI, Address (AddrPlus (FromReg RIP) (AddrImm 64438)) 7
14eb9: MOV Reg ECX, Immediate 9 5
14ebe: MOV Reg RSI, Reg R14 3
14ec1: REPZ CMPSB  2
14ec3: SETA Reg AL 3
14ec6: SBB Reg AL, Immediate 0 2
14ec8: TEST Reg AL, Reg AL 2
14eca: JNZ 14c80 (resolved immediate)
  |
  `- 14c80,14ed0
14ed0: MOV Reg RDI, Address (SizeDir 64 (AddrPlus (FromReg RSP) (AddrImm 16))) 5
14ed5: LEA Reg RDX, Address (AddrPlus (FromReg R15) (AddrImm 604)) 7
14edc: LEA Reg RSI, Address (AddrPlus (FromReg R15) (AddrImm 600)) 7
14ee3: CALL elf_xen_parse_features (external)
14ee8: TEST Reg EAX, Reg EAX 2
14eea: JZ 14c80 (resolved immediate)
  |
  `- 14c80,14ef0
14ef0: MOV Reg EAX, Immediate 4294967295 5
14ef5: MOV Reg RDX, Address (SizeDir 64 (AddrPlus (FromReg R15) (AddrImm 552))) 7
14efc: CMP Reg RDX, Immediate 18446744073709551615 4
14f00: JZ 14f19 (resolved immediate)
  |
  `- 14f02,14f19
14f02: MOV Reg RCX, Address (SizeDir 64 (AddrPlus (FromReg R15) (AddrImm 568))) 7
14f09: CMP Reg RCX, Immediate 18446744073709551615 4
14f0d: JZ 14f19 (resolved immediate)
  |
  `- 14f0f,14f19
14f0f: ADD Reg RDX, Reg RCX 3
14f12: MOV Address (SizeDir 64 (AddrPlus (FromReg R15) (AddrImm 568))), Reg RDX 7
14f19: MOV Reg RDX, Address (SizeDir 64 (AddrPlus (FromReg RSP) (AddrImm 200))) 8
14f21: XOR Reg RDX, Address (SizeDir 64 (AddrPlus (FromReg FS) (AddrImm 40))) 9
14f2a: JNZ 15120 (resolved immediate)
  |
  `- 14f30,15120
14f30: ADD Reg RSP, Immediate 216 7
14f37: POP Reg RBX 1
14f38: POP Reg RBP 1
14f39: POP Reg R12 2
14f3b: POP Reg R13 2
14f3d: POP Reg R14 2
14f3f: POP Reg R15 2
14f41: RET  1
  |
  `- 
14f48: MOV Reg RAX, Address (SizeDir 64 (AddrPlus (FromReg RSP) (AddrImm 16))) 5
14f4d: MOV Reg R12, Reg RAX 3
14f50: ADD Reg RAX, Immediate 127 4
14f54: MOV Address (SizeDir 64 (AddrPlus (FromReg RSP) (AddrImm 24))), Reg RAX 5
14f59: JMP 14fa9 (resolved immediate)
  |
  `- 14fa9
14f60: XOR Reg EDX, Reg EDX 2
14f62: MOV Reg ECX, Immediate 1 5
14f67: MOV Reg RSI, Reg R13 3
14f6a: MOV Reg RDI, Reg RBP 3
14f6d: LEA Reg RBX, Address (AddrPlus (FromReg R13) (AddrImm 1)) 4
14f71: CALL elf_access_unsigned (external)
14f76: CMP Reg RAX, Immediate 44 4
14f7a: JZ 14d40 (resolved immediate)
  |
  `- 14d40,14f80
14f80: XOR Reg EDX, Reg EDX 2
14f82: MOV Reg RSI, Reg R13 3
14f85: MOV Reg ECX, Immediate 1 5
14f8a: MOV Reg RDI, Reg RBP 3
14f8d: ADD Reg R12, Immediate 1 4
14f91: MOV Reg R13, Reg RBX 3
14f94: CALL elf_access_unsigned (external)
14f99: MOV Address (SizeDir 8 (AddrMinus (FromReg R12) (AddrImm 1))), Reg AL 5
14f9e: CMP Reg R12, Address (SizeDir 64 (AddrPlus (FromReg RSP) (AddrImm 24))) 5
14fa3: JZ 14d40 (resolved immediate)
  |
  `- 14d40,14fa9
14fa9: XOR Reg EDX, Reg EDX 2
14fab: MOV Reg ECX, Immediate 1 5
14fb0: MOV Reg RSI, Reg R13 3
14fb3: MOV Reg RDI, Reg RBP 3
14fb6: CALL elf_access_unsigned (external)
14fbb: TEST Reg RAX, Reg RAX 3
14fbe: JNZ 14f60 (resolved immediate)
  |
  `- 14f60,14fc0
14fc0: MOV Reg RBX, Reg R13 3
14fc3: JMP 14d40 (resolved immediate)
  |
  `- 14d40
14fd0: MOV Reg RDI, Address (SizeDir 64 (AddrPlus (FromReg RSP) (AddrImm 16))) 5
14fd5: XOR Reg EDX, Reg EDX 2
14fd7: XOR Reg ESI, Reg ESI 2
14fd9: CALL strtoull (external)
14fde: SHL Reg RAX, Immediate 12 4
14fe2: MOV Address (SizeDir 64 (AddrPlus (FromReg R15) (AddrImm 568))), Reg RAX 7
14fe9: JMP 14eb2 (resolved immediate)
  |
  `- 14eb2
14ff0: MOV Reg RDI, Address (SizeDir 64 (AddrPlus (FromReg RSP) (AddrImm 16))) 5
14ff5: XOR Reg EDX, Reg EDX 2
14ff7: XOR Reg ESI, Reg ESI 2
14ff9: CALL strtoull (external)
14ffe: MOV Address (SizeDir 64 (AddrPlus (FromReg R15) (AddrImm 592))), Reg RAX 7
15005: JMP 14e94 (resolved immediate)
  |
  `- 14e94
15010: MOV Reg RDI, Address (SizeDir 64 (AddrPlus (FromReg RSP) (AddrImm 16))) 5
15015: XOR Reg EDX, Reg EDX 2
15017: XOR Reg ESI, Reg ESI 2
15019: CALL strtoull (external)
1501e: MOV Address (SizeDir 64 (AddrPlus (FromReg R15) (AddrImm 560))), Reg RAX 7
15025: JMP 14e76 (resolved immediate)
  |
  `- 14e76
15030: MOV Reg RDI, Address (SizeDir 64 (AddrPlus (FromReg RSP) (AddrImm 16))) 5
15035: XOR Reg EDX, Reg EDX 2
15037: XOR Reg ESI, Reg ESI 2
15039: CALL strtoull (external)
1503e: MOV Address (SizeDir 64 (AddrPlus (FromReg R15) (AddrImm 552))), Reg RAX 7
15045: JMP 14e58 (resolved immediate)
  |
  `- 14e58
15050: MOV Reg RSI, Address (SizeDir 64 (AddrPlus (FromReg RSP) (AddrImm 16))) 5
15055: LEA Reg RDI, Address (AddrPlus (FromReg R15) (AddrImm 512)) 7
1505c: MOV Reg EDX, Immediate 15 5
15061: CALL strncpy (external)
15066: MOV Address (SizeDir 8 (AddrPlus (FromReg R15) (AddrImm 527))), Immediate 0 8
1506e: JMP 14dd3 (resolved immediate)
  |
  `- 14dd3
15078: MOV Reg RSI, Address (SizeDir 64 (AddrPlus (FromReg RSP) (AddrImm 16))) 5
1507d: LEA Reg RDI, Address (AddrPlus (FromReg R15) (AddrImm 496)) 7
15084: MOV Reg EDX, Immediate 15 5
15089: CALL strncpy (external)
1508e: MOV Address (SizeDir 8 (AddrPlus (FromReg R15) (AddrImm 511))), Immediate 0 8
15096: JMP 14db5 (resolved immediate)
  |
  `- 14db5
150a0: MOV Reg RSI, Address (SizeDir 64 (AddrPlus (FromReg RSP) (AddrImm 16))) 5
150a5: LEA Reg RDI, Address (AddrPlus (FromReg R15) (AddrImm 480)) 7
150ac: MOV Reg EDX, Immediate 15 5
150b1: CALL strncpy (external)
150b6: MOV Address (SizeDir 8 (AddrPlus (FromReg R15) (AddrImm 495))), Immediate 0 8
150be: JMP 14d97 (resolved immediate)
  |
  `- 14d97
150c8: MOV Reg RSI, Address (SizeDir 64 (AddrPlus (FromReg RSP) (AddrImm 16))) 5
150cd: LEA Reg RDI, Address (AddrPlus (FromReg R15) (AddrImm 528)) 7
150d4: MOV Reg EDX, Immediate 15 5
150d9: CALL strncpy (external)
150de: MOV Address (SizeDir 8 (AddrPlus (FromReg R15) (AddrImm 543))), Immediate 0 8
150e6: JMP 14d79 (resolved immediate)
  |
  `- 14d79
150f0: MOV Reg RSI, Address (SizeDir 64 (AddrPlus (FromReg RSP) (AddrImm 16))) 5
150f5: LEA Reg RDI, Address (AddrPlus (FromReg RIP) (AddrImm 63295)) 7
150fc: MOV Reg ECX, Immediate 3 5
15101: REPZ CMPSB  2
15103: SETA Reg AL 3
15106: SBB Reg AL, Immediate 0 2
15108: TEST Reg AL, Reg AL 2
1510a: JNZ 14e18 (resolved immediate)
  |
  `- 14e18,15110
15110: MOV Address (SizeDir 32 (AddrPlus (FromReg R15) (AddrImm 544))), Immediate 1 11
1511b: JMP 14e18 (resolved immediate)
  |
  `- 14e18
15120: CALL __stack_chk_fail (external)
  |
  `- 
