Number of assembly instructions     = 195
Number of indirect branches         = 1
Number of unresolved indirect jumps = 0: 
Number of unresolved indirect calls = 0: 
Number of symbolic states (representative of non-determinism): 244
Number of edges: 980

147e0 (False): 0

147e0: PUSH Reg R15 2
147e2: PUSH Reg R14 2
147e4: MOV Reg ECX, Immediate 4 5
147e9: PUSH Reg R13 2
147eb: PUSH Reg R12 2
147ed: MOV Reg R13, Reg RDX 3
147f0: PUSH Reg RBP 1
147f1: PUSH Reg RBX 1
147f2: MOV Reg R14, Reg RSI 3
147f5: MOV Reg EDX, Immediate 8 5
147fa: MOV Reg RSI, Reg R13 3
147fd: MOV Reg RBX, Reg RDI 3
14800: SUB Reg RSP, Immediate 24 4
14804: CALL elf_access_unsigned (external)
14809: CMP Reg EAX, Immediate 18 3
1480c: MOV Reg RBP, Reg RAX 3
1480f: JA 14900 (resolved immediate)
  |
  `- 14815,14900
14815: MOV Reg R12D, Reg EAX 3
14818: LEA Reg RAX, Address (AddrPlus (FromReg RIP) (AddrImm 2196449)) 7
1481f: MOV Reg RDX, Reg R12 3
14822: SHL Reg RDX, Immediate 4 4
14826: ADD Reg RAX, Reg RDX 3
14829: MOV Reg R15, Address (SizeDir 64 (FromReg RAX)) 3
1482c: TEST Reg R15, Reg R15 3
1482f: JZ 14900 (resolved immediate)
  |
  `- 14835,14900
14835: CMP Address (SizeDir 8 (AddrPlus (FromReg RAX) (AddrImm 8))), Immediate 0 4
14839: MOV Reg RSI, Reg R13 3
1483c: MOV Reg RDI, Reg RBX 3
1483f: JNZ 148a8 (resolved immediate)
  |
  `- 14841,148a8
14841: CALL elf_note_numeric (external)
14846: LEA Reg RDX, Address (AddrPlus (FromReg RIP) (AddrImm 65496)) 7
1484d: MOV Reg R8, Reg RAX 3
14850: MOV Address (SizeDir 64 (AddrPlus (FromReg RSP) (AddrImm 8))), Reg RAX 5
14855: MOV Reg RCX, Reg R15 3
14858: XOR Reg EAX, Reg EAX 2
1485a: XOR Reg ESI, Reg ESI 2
1485c: MOV Reg RDI, Reg RBX 3
1485f: CALL elf_call_log_callback (external)
14864: LEA Reg RAX, Address (AddrPlus (FromReg R12) (AddrTimes (AddrImm 2) (FromReg R12))) 4
14868: MOV Reg R10, Address (SizeDir 64 (AddrPlus (FromReg RSP) (AddrImm 8))) 5
1486d: XOR Reg R9D, Reg R9D 3
14870: LEA Reg RAX, Address (AddrPlus (FromReg R14) (AddrTimes (AddrImm 8) (FromReg RAX))) 4
14874: MOV Address (SizeDir 32 (AddrPlus (FromReg RAX) (AddrImm 24))), Immediate 1 7
1487b: MOV Address (SizeDir 64 (AddrPlus (FromReg RAX) (AddrImm 40))), Reg R10 4
1487f: LEA Reg RAX, Address (AddrPlus (FromReg R12) (AddrTimes (AddrImm 2) (FromReg R12))) 4
14883: CMP Reg EBP, Immediate 18 3
14886: MOV Address (SizeDir 64 (AddrPlus (AddrPlus (FromReg R14) (AddrTimes (AddrImm 8) (FromReg RAX))) (AddrImm 32))), Reg R15 5
1488b: JA 14930 (resolved immediate)
14891: LEA Reg RDX, Address (AddrPlus (FromReg RIP) (AddrImm 66148)) 7
14898: MOVSXD Reg RAX, Address (SizeDir 32 (AddrPlus (FromReg RDX) (AddrTimes (AddrImm 4) (FromReg R12)))) 4
1489c: ADD Reg RAX, Reg RDX 3
1489f: JMP Reg RAX 2
  |
  `- 14b40,14b30,14b18,14af0,14ac8,14aa0,14a90,14a68,14a50,14a40,14a30,149f8,149d0,14980,14958,14948,14930
148a8: CALL elf_note_desc (external)
148ad: MOV Reg RDI, Reg RBX 3
148b0: MOV Reg RSI, Reg RAX 3
148b3: CALL elf_strval (external)
148b8: TEST Reg RAX, Reg RAX 3
148bb: JZ 14930 (resolved immediate)
  |
  `- 148bd,14930
148bd: LEA Reg RDX, Address (AddrPlus (FromReg RIP) (AddrImm 65355)) 7
148c4: MOV Reg R8, Reg RAX 3
148c7: MOV Address (SizeDir 64 (AddrPlus (FromReg RSP) (AddrImm 8))), Reg RAX 5
148cc: MOV Reg RCX, Reg R15 3
148cf: XOR Reg EAX, Reg EAX 2
148d1: XOR Reg ESI, Reg ESI 2
148d3: MOV Reg RDI, Reg RBX 3
148d6: CALL elf_call_log_callback (external)
148db: LEA Reg RAX, Address (AddrPlus (FromReg R12) (AddrTimes (AddrImm 2) (FromReg R12))) 4
148df: MOV Reg R9, Address (SizeDir 64 (AddrPlus (FromReg RSP) (AddrImm 8))) 5
148e4: XOR Reg R10D, Reg R10D 3
148e7: LEA Reg RAX, Address (AddrPlus (FromReg R14) (AddrTimes (AddrImm 8) (FromReg RAX))) 4
148eb: MOV Address (SizeDir 32 (AddrPlus (FromReg RAX) (AddrImm 24))), Immediate 2 7
148f2: MOV Address (SizeDir 64 (AddrPlus (FromReg RAX) (AddrImm 40))), Reg R9 4
148f6: JMP 1487f (resolved immediate)
  |
  `- 1487f
14900: LEA Reg RDX, Address (AddrPlus (FromReg RIP) (AddrImm 65262)) 7
14907: XOR Reg EAX, Reg EAX 2
14909: MOV Reg ECX, Reg EBP 2
1490b: XOR Reg ESI, Reg ESI 2
1490d: MOV Reg RDI, Reg RBX 3
14910: CALL elf_call_log_callback (external)
14915: XOR Reg EAX, Reg EAX 2
14917: ADD Reg RSP, Immediate 24 4
1491b: POP Reg RBX 1
1491c: POP Reg RBP 1
1491d: POP Reg R12 2
1491f: POP Reg R13 2
14921: POP Reg R14 2
14923: POP Reg R15 2
14925: RET  1
  |
  `- 
14930: ADD Reg RSP, Immediate 24 4
14934: XOR Reg EAX, Reg EAX 2
14936: POP Reg RBX 1
14937: POP Reg RBP 1
14938: POP Reg R12 2
1493a: POP Reg R13 2
1493c: POP Reg R14 2
1493e: POP Reg R15 2
14940: RET  1
  |
  `- 
14948: MOV Address (SizeDir 32 (AddrPlus (FromReg R14) (AddrImm 608))), Reg R10D 7
1494f: XOR Reg EAX, Reg EAX 2
14951: JMP 14917 (resolved immediate)
  |
  `- 14917
14958: LEA Reg RDI, Address (AddrPlus (FromReg R14) (AddrImm 528)) 7
1495f: MOV Reg EDX, Immediate 15 5
14964: MOV Reg RSI, Reg R9 3
14967: CALL strncpy (external)
1496c: MOV Address (SizeDir 8 (AddrPlus (FromReg R14) (AddrImm 543))), Immediate 0 8
14974: XOR Reg EAX, Reg EAX 2
14976: JMP 14917 (resolved immediate)
  |
  `- 14917
14980: LEA Reg RDI, Address (AddrPlus (FromReg RIP) (AddrImm 65204)) 7
14987: MOV Reg ECX, Immediate 4 5
1498c: MOV Reg RSI, Reg R9 3
1498f: REPZ CMPSB  2
14991: SETA Reg AL 3
14994: SBB Reg AL, Immediate 0 2
14996: TEST Reg AL, Reg AL 2
14998: JNZ 149a5 (resolved immediate)
  |
  `- 1499a,149a5
1499a: MOV Address (SizeDir 32 (AddrPlus (FromReg R14) (AddrImm 544))), Immediate 2 11
149a5: LEA Reg RSI, Address (AddrPlus (FromReg RIP) (AddrImm 65171)) 7
149ac: MOV Reg RDI, Reg R9 3
149af: CALL strstr (external)
149b4: TEST Reg RAX, Reg RAX 3
149b7: JZ 14930 (resolved immediate)
  |
  `- 14930,149bd
149bd: MOV Address (SizeDir 32 (AddrPlus (FromReg R14) (AddrImm 544))), Immediate 3 11
149c8: XOR Reg EAX, Reg EAX 2
149ca: JMP 14917 (resolved immediate)
  |
  `- 14917
149d0: LEA Reg RDX, Address (AddrPlus (FromReg R14) (AddrImm 604)) 7
149d7: LEA Reg RSI, Address (AddrPlus (FromReg R14) (AddrImm 600)) 7
149de: MOV Reg RDI, Reg R9 3
149e1: CALL elf_xen_parse_features (external)
149e6: TEST Reg EAX, Reg EAX 2
149e8: SETNZ Reg AL 3
149eb: MOVZX Reg EAX, Reg AL 3
149ee: NEG Reg EAX 2
149f0: JMP 14917 (resolved immediate)
  |
  `- 14917
149f8: LEA Reg RDI, Address (AddrPlus (FromReg RIP) (AddrImm 65084)) 7
149ff: MOV Reg ECX, Immediate 4 5
14a04: MOV Reg RSI, Reg R9 3
14a07: REPZ CMPSB  2
14a09: SETA Reg AL 3
14a0c: SBB Reg AL, Immediate 0 2
14a0e: MOVSX Reg EAX, Reg AL 3
14a11: TEST Reg EAX, Reg EAX 2
14a13: JNZ 14930 (resolved immediate)
  |
  `- 14930,14a19
14a19: MOV Address (SizeDir 8 (AddrPlus (FromReg R14) (AddrImm 548))), Immediate 1 8
14a21: JMP 14917 (resolved immediate)
  |
  `- 14917
14a30: MOV Address (SizeDir 64 (AddrPlus (FromReg R14) (AddrImm 576))), Reg R10 7
14a37: XOR Reg EAX, Reg EAX 2
14a39: JMP 14917 (resolved immediate)
  |
  `- 14917
14a40: MOV Address (SizeDir 64 (AddrPlus (FromReg R14) (AddrImm 584))), Reg R10 7
14a47: XOR Reg EAX, Reg EAX 2
14a49: JMP 14917 (resolved immediate)
  |
  `- 14917
14a50: TEST Reg R10, Reg R10 3
14a53: SETNZ Address (SizeDir 8 (AddrPlus (FromReg R14) (AddrImm 549))) 8
14a5b: XOR Reg EAX, Reg EAX 2
14a5d: JMP 14917 (resolved immediate)
  |
  `- 14917
14a68: XOR Reg ECX, Reg ECX 2
14a6a: MOV Reg EDX, Immediate 4 5
14a6f: MOV Reg RSI, Reg R13 3
14a72: MOV Reg RDI, Reg RBX 3
14a75: CALL elf_note_numeric_array (external)
14a7a: OR Address (SizeDir 32 (AddrPlus (FromReg R14) (AddrImm 600))), Reg EAX 7
14a81: XOR Reg EAX, Reg EAX 2
14a83: JMP 14917 (resolved immediate)
  |
  `- 14917
14a90: MOV Address (SizeDir 64 (AddrPlus (FromReg R14) (AddrImm 592))), Reg R10 7
14a97: XOR Reg EAX, Reg EAX 2
14a99: JMP 14917 (resolved immediate)
  |
  `- 14917
14aa0: LEA Reg RDI, Address (AddrPlus (FromReg R14) (AddrImm 512)) 7
14aa7: MOV Reg EDX, Immediate 15 5
14aac: MOV Reg RSI, Reg R9 3
14aaf: CALL strncpy (external)
14ab4: MOV Address (SizeDir 8 (AddrPlus (FromReg R14) (AddrImm 527))), Immediate 0 8
14abc: XOR Reg EAX, Reg EAX 2
14abe: JMP 14917 (resolved immediate)
  |
  `- 14917
14ac8: LEA Reg RDI, Address (AddrPlus (FromReg R14) (AddrImm 480)) 7
14acf: MOV Reg EDX, Immediate 15 5
14ad4: MOV Reg RSI, Reg R9 3
14ad7: CALL strncpy (external)
14adc: MOV Address (SizeDir 8 (AddrPlus (FromReg R14) (AddrImm 495))), Immediate 0 8
14ae4: XOR Reg EAX, Reg EAX 2
14ae6: JMP 14917 (resolved immediate)
  |
  `- 14917
14af0: LEA Reg RDI, Address (AddrPlus (FromReg R14) (AddrImm 496)) 7
14af7: MOV Reg EDX, Immediate 15 5
14afc: MOV Reg RSI, Reg R9 3
14aff: CALL strncpy (external)
14b04: MOV Address (SizeDir 8 (AddrPlus (FromReg R14) (AddrImm 511))), Immediate 0 8
14b0c: XOR Reg EAX, Reg EAX 2
14b0e: JMP 14917 (resolved immediate)
  |
  `- 14917
14b18: MOV Address (SizeDir 64 (AddrPlus (FromReg R14) (AddrImm 568))), Reg R10 7
14b1f: XOR Reg EAX, Reg EAX 2
14b21: JMP 14917 (resolved immediate)
  |
  `- 14917
14b30: MOV Address (SizeDir 64 (AddrPlus (FromReg R14) (AddrImm 552))), Reg R10 7
14b37: XOR Reg EAX, Reg EAX 2
14b39: JMP 14917 (resolved immediate)
  |
  `- 14917
14b40: MOV Address (SizeDir 64 (AddrPlus (FromReg R14) (AddrImm 560))), Reg R10 7
14b47: XOR Reg EAX, Reg EAX 2
14b49: JMP 14917 (resolved immediate)
  |
  `- 14917
