Number of assembly instructions     = 16
Number of indirect branches         = 0
Number of unresolved indirect jumps = 0: 
Number of unresolved indirect calls = 0: 
Number of symbolic states (representative of non-determinism): 16
Number of edges: 15

12e60 (False): 0

12e60: CMP Address (SizeDir 8 (AddrPlus (FromReg RDI) (AddrImm 16))), Immediate 2 4
12e64: PUSH Reg RBX 1
12e65: MOV Reg RBX, Address (SizeDir 64 (FromReg RDI)) 3
12e68: JE 12e80 (resolved immediate)
  |
  `- 12e6a,12e80
12e6a: MOV Reg ECX, Immediate 4 5
12e6f: MOV Reg EDX, Immediate 4 5
12e74: CALL elf_access_unsigned (external)
12e79: ADD Reg RAX, Reg RBX 3
12e7c: POP Reg RBX 1
12e7d: RET  1
  |
  `- 
12e80: MOV Reg ECX, Immediate 8 5
12e85: MOV Reg EDX, Immediate 8 5
12e8a: CALL elf_access_unsigned (external)
12e8f: ADD Reg RAX, Reg RBX 3
12e92: POP Reg RBX 1
12e93: RET  1
  |
  `- 
