Number of assembly instructions     = 40
Number of indirect branches         = 0
Number of unresolved indirect jumps = 0: 
Number of unresolved indirect calls = 0: 
Number of symbolic states (representative of non-determinism): 40
Number of edges: 39

12dd0 (False): 0

12dd0: PUSH Reg R12 2
12dd2: PUSH Reg RBP 1
12dd3: MOV Reg R12, Reg RSI 3
12dd6: PUSH Reg RBX 1
12dd7: CMP Address (SizeDir 8 (AddrPlus (FromReg RDI) (AddrImm 16))), Immediate 2 4
12ddb: MOV Reg RBP, Reg RDI 3
12dde: MOV Reg RBX, Address (SizeDir 64 (FromReg RDI)) 3
12de1: JZ 12e20 (resolved immediate)
  |
  `- 12de3,12e20
12de3: MOV Reg ECX, Immediate 4 5
12de8: MOV Reg EDX, Immediate 16 5
12ded: CALL elf_access_unsigned (external)
12df2: ADD Reg RBX, Reg RAX 3
12df5: CMP Address (SizeDir 8 (AddrPlus (FromReg RBP) (AddrImm 16))), Immediate 2 4
12df9: JZ 12e38 (resolved immediate)
12dfb: MOV Reg RSI, Reg R12 3
12dfe: MOV Reg RDI, Reg RBP 3
12e01: MOV Reg ECX, Immediate 4 5
12e06: MOV Reg EDX, Immediate 20 5
12e0b: CALL elf_access_unsigned (external)
12e10: ADD Reg RAX, Reg RBX 3
12e13: POP Reg RBX 1
12e14: POP Reg RBP 1
12e15: POP Reg R12 2
12e17: RET  1
  |
  `- 
12e20: MOV Reg ECX, Immediate 8 5
12e25: MOV Reg EDX, Immediate 24 5
12e2a: CALL elf_access_unsigned (external)
12e2f: ADD Reg RBX, Reg RAX 3
12e32: CMP Address (SizeDir 8 (AddrPlus (FromReg RBP) (AddrImm 16))), Immediate 2 4
12e36: JNZ 12dfb (resolved immediate)
12e38: MOV Reg RSI, Reg R12 3
12e3b: MOV Reg RDI, Reg RBP 3
12e3e: MOV Reg ECX, Immediate 8 5
12e43: MOV Reg EDX, Immediate 32 5
12e48: CALL elf_access_unsigned (external)
12e4d: ADD Reg RAX, Reg RBX 3
12e50: POP Reg RBX 1
12e51: POP Reg RBP 1
12e52: POP Reg R12 2
12e54: RET  1
  |
  `- 
