Number of assembly instructions     = 48
Number of indirect branches         = 0
Number of unresolved indirect jumps = 0: 
Number of unresolved indirect calls = 0: 
Number of symbolic states (representative of non-determinism): 48
Number of edges: 48

14590 (False): 0

14590: PUSH Reg R12 2
14592: PUSH Reg RBP 1
14593: MOV Reg RBP, Reg RSI 3
14596: PUSH Reg RBX 1
14597: MOV Reg RBX, Reg RDI 3
1459a: CALL elf_sym_by_name (external)
1459f: TEST Reg RAX, Reg RAX 3
145a2: JE 14610 (resolved immediate)
  |
  `- 145a4,14610
145a4: CMP Address (SizeDir 8 (AddrPlus (FromReg RBX) (AddrImm 16))), Immediate 2 4
145a8: JE 145f0 (resolved immediate)
  |
  `- 145aa,145f0
145aa: MOV Reg ECX, Immediate 4 5
145af: MOV Reg EDX, Immediate 4 5
145b4: MOV Reg RSI, Reg RAX 3
145b7: MOV Reg RDI, Reg RBX 3
145ba: CALL elf_access_unsigned (external)
145bf: MOV Reg R12, Reg RAX 3
145c2: LEA Reg RCX, Address (SizeDir 64 (AddrPlus (FromReg RIP) (AddrImm 66055))) 7
145c9: LEA Reg RDX, Address (SizeDir 64 (AddrPlus (FromReg RIP) (AddrImm 65585))) 7
145d0: MOV Reg R9, Reg R12 3
145d3: MOV Reg R8, Reg RBP 3
145d6: MOV Reg RDI, Reg RBX 3
145d9: XOR Reg EAX, Reg EAX 2
145db: XOR Reg ESI, Reg ESI 2
145dd: CALL elf_call_log_callback (external)
145e2: MOV Reg RAX, Reg R12 3
145e5: POP Reg RBX 1
145e6: POP Reg RBP 1
145e7: POP Reg R12 2
145e9: RET  1
  |
  `- 
145f0: MOV Reg ECX, Immediate 8 5
145f5: MOV Reg EDX, Immediate 8 5
145fa: MOV Reg RSI, Reg RAX 3
145fd: MOV Reg RDI, Reg RBX 3
14600: CALL elf_access_unsigned (external)
14605: MOV Reg R12, Reg RAX 3
14608: JMP 145c2 (resolved immediate)
  |
  `- 145c2
14610: LEA Reg RCX, Address (SizeDir 64 (AddrPlus (FromReg RIP) (AddrImm 65977))) 7
14617: LEA Reg RDX, Address (SizeDir 64 (AddrPlus (FromReg RIP) (AddrImm 65488))) 7
1461e: MOV Reg R8, Reg RBP 3
14621: MOV Reg RDI, Reg RBX 3
14624: MOV Reg R12, Immediate 18446744073709551615 7
1462b: MOV Reg ESI, Immediate 1 5
14630: CALL elf_call_log_callback (external)
14635: MOV Reg RAX, Reg R12 3
14638: POP Reg RBX 1
14639: POP Reg RBP 1
1463a: POP Reg R12 2
1463c: RET  1
  |
  `- 
