Number of assembly instructions     = 11
Number of indirect branches         = 0
Number of unresolved indirect jumps = 0: 
Number of unresolved indirect calls = 0: 
Number of symbolic states (representative of non-determinism): 11
Number of edges: 10

77b0 (False): 0

77b0: CMP Address (SizeDir 64 (AddrPlus (FromReg RDI) (AddrImm 360))), Reg RSI 7
77b7: JB 77c5 (resolved immediate)
  |
  `- 77b9,77c5
77b9: MOV Reg RAX, Address (SizeDir 64 (AddrPlus (FromReg RDI) (AddrImm 368))) 7
77c0: MOV Reg RAX, Address (SizeDir 64 (AddrPlus (FromReg RAX) (AddrTimes (AddrImm 8) (FromReg RSI)))) 4
77c4: RET  1
  |
  `- 
77c5: LEA Reg RCX, Address (SizeDir 64 (AddrPlus (FromReg RIP) (AddrImm 106356))) 7
77cc: LEA Reg RSI, Address (SizeDir 64 (AddrPlus (FromReg RIP) (AddrImm 105805))) 7
77d3: LEA Reg RDI, Address (SizeDir 64 (AddrPlus (FromReg RIP) (AddrImm 105820))) 7
77da: SUB Reg RSP, Immediate 8 4
77de: MOV Reg EDX, Immediate 7 5
77e3: CALL __assert_fail (external)
  |
  `- 
