Number of assembly instructions     = 138
Number of indirect branches         = 0
Number of unresolved indirect jumps = 0: 
Number of unresolved indirect calls = 0: 
Number of symbolic states (representative of non-determinism): 138
Number of edges: 142

7410 (False): 0

7410: PUSH Reg R15 2
7412: PUSH Reg R14 2
7414: MOV Reg R14, Reg RDX 3
7417: PUSH Reg R13 2
7419: PUSH Reg R12 2
741b: MOV Reg R12D, Reg ESI 3
741e: PUSH Reg RBP 1
741f: PUSH Reg RBX 1
7420: MOV Reg EDX, Immediate 8 5
7425: SUB Reg RSP, Immediate 24 4
7429: MOV Reg R13, Address (SizeDir 64 (FromReg RDI)) 3
742c: MOV Reg EDI, Reg R12D 3
742f: MOV Reg RSI, Reg RSP 3
7432: MOV Reg RAX, Address (SizeDir 64 (AddrPlus (FromReg FS) (AddrImm 40))) 9
743b: MOV Address (SizeDir 64 (AddrPlus (FromReg RSP) (AddrImm 8))), Reg RAX 5
7440: XOR Reg EAX, Reg EAX 2
7442: CALL read_exact (external)
7447: TEST Reg EAX, Reg EAX 2
7449: JNZ 74e1 (resolved immediate)
  |
  `- 744f,74e1
744f: MOV Reg EBP, Address (SizeDir 32 (AddrPlus (FromReg RSP) (AddrImm 4))) 4
7453: CMP Reg EBP, Immediate 134217728 6
7459: JA 751d (resolved immediate)
  |
  `- 745f,751d
745f: MOV Reg ECX, Reg EBP 2
7461: MOV Reg R15D, Reg EAX 3
7464: ADD Reg RCX, Immediate 7 4
7468: MOV Reg RBX, Reg RCX 3
746b: AND Reg RBX, Immediate 18446744073709551608 4
746f: JNZ 74b0 (resolved immediate)
  |
  `- 7471,74b0
7471: MOV Address (SizeDir 64 (AddrPlus (FromReg R14) (AddrImm 8))), Immediate 0 8
7479: MOV Reg EAX, Address (SizeDir 32 (FromReg RSP)) 3
747c: MOV Address (SizeDir 32 (AddrPlus (FromReg R14) (AddrImm 4))), Reg EBP 4
7480: MOV Address (SizeDir 32 (FromReg R14)), Reg EAX 3
7483: MOV Reg RDX, Address (SizeDir 64 (AddrPlus (FromReg RSP) (AddrImm 8))) 5
7488: XOR Reg RDX, Address (SizeDir 64 (AddrPlus (FromReg FS) (AddrImm 40))) 9
7491: MOV Reg EAX, Reg R15D 3
7494: JNZ 7617 (resolved immediate)
  |
  `- 749a,7617
749a: ADD Reg RSP, Immediate 24 4
749e: POP Reg RBX 1
749f: POP Reg RBP 1
74a0: POP Reg R12 2
74a2: POP Reg R13 2
74a4: POP Reg R14 2
74a6: POP Reg R15 2
74a8: RET  1
  |
  `- 
74b0: MOV Reg RDI, Reg RBX 3
74b3: CALL malloc (external)
74b8: TEST Reg RAX, Reg RAX 3
74bb: MOV Address (SizeDir 64 (AddrPlus (FromReg R14) (AddrImm 8))), Reg RAX 4
74bf: JZ 75d5 (resolved immediate)
  |
  `- 74c5,75d5
74c5: MOV Reg RDX, Reg RBX 3
74c8: MOV Reg RSI, Reg RAX 3
74cb: MOV Reg EDI, Reg R12D 3
74ce: CALL read_exact (external)
74d3: TEST Reg EAX, Reg EAX 2
74d5: JNZ 7569 (resolved immediate)
  |
  `- 74db,7569
74db: MOV Reg EBP, Address (SizeDir 32 (AddrPlus (FromReg RSP) (AddrImm 4))) 4
74df: JMP 7479 (resolved immediate)
  |
  `- 7479
74e1: CALL __errno_location (external)
74e6: MOV Reg EBP, Address (SizeDir 32 (FromReg RAX)) 2
74e8: MOV Reg RBX, Reg RAX 3
74eb: MOV Reg RDI, Reg R13 3
74ee: MOV Reg R15D, Immediate 4294967295 6
74f4: MOV Reg ESI, Reg EBP 2
74f6: CALL xc_strerror (external)
74fb: MOV Reg ECX, Address (SizeDir 32 (FromReg RBX)) 2
74fd: LEA Reg RDX, Address (AddrPlus (FromReg RIP) (AddrImm 106092)) 7
7504: MOV Reg R8, Reg RAX 3
7507: MOV Reg ESI, Immediate 1 5
750c: MOV Reg RDI, Reg R13 3
750f: XOR Reg EAX, Reg EAX 2
7511: CALL xc_report_error (external)
7516: MOV Address (SizeDir 32 (FromReg RBX)), Reg EBP 2
7518: JMP 7483 (resolved immediate)
  |
  `- 7483
751d: CALL __errno_location (external)
7522: MOV Reg EDI, Address (SizeDir 32 (FromReg RSP)) 3
7525: MOV Reg RBX, Reg RAX 3
7528: MOV Reg R12D, Address (SizeDir 32 (FromReg RAX)) 3
752b: MOV Reg R15D, Immediate 4294967295 6
7531: CALL rec_type_to_str (external)
7536: SUB Reg RSP, Immediate 8 4
753a: LEA Reg RDX, Address (AddrPlus (FromReg RIP) (AddrImm 106087)) 7
7541: MOV Reg R8, Reg RAX 3
7544: PUSH Immediate 134217728 5
7549: MOV Reg ECX, Address (SizeDir 32 (AddrPlus (FromReg RSP) (AddrImm 16))) 4
754d: MOV Reg ESI, Immediate 1 5
7552: MOV Reg R9D, Reg EBP 3
7555: MOV Reg RDI, Reg R13 3
7558: XOR Reg EAX, Reg EAX 2
755a: CALL xc_report_error (external)
755f: MOV Address (SizeDir 32 (FromReg RBX)), Reg R12D 3
7562: POP Reg RCX 1
7563: POP Reg RSI 1
7564: JMP 7483 (resolved immediate)
  |
  `- 7483
7569: MOV Reg RDI, Address (SizeDir 64 (AddrPlus (FromReg R14) (AddrImm 8))) 4
756d: CALL free (external)
7572: MOV Address (SizeDir 64 (AddrPlus (FromReg R14) (AddrImm 8))), Immediate 0 8
757a: CALL __errno_location (external)
757f: MOV Reg R12D, Address (SizeDir 32 (FromReg RAX)) 3
7582: MOV Reg RBP, Reg RAX 3
7585: MOV Reg RDI, Reg R13 3
7588: MOV Reg ESI, Reg R12D 3
758b: CALL xc_strerror (external)
7590: MOV Reg EDI, Address (SizeDir 32 (FromReg RSP)) 3
7593: MOV Reg R14D, Address (SizeDir 32 (AddrPlus (FromReg RBP) (AddrImm 0))) 4
7597: MOV Reg R15, Reg RAX 3
759a: CALL rec_type_to_str (external)
759f: PUSH Reg R15 2
75a1: PUSH Reg R14 2
75a3: LEA Reg RDX, Address (AddrPlus (FromReg RIP) (AddrImm 106102)) 7
75aa: MOV Reg R8D, Address (SizeDir 32 (AddrPlus (FromReg RSP) (AddrImm 16))) 5
75af: MOV Reg R9, Reg RAX 3
75b2: MOV Reg RCX, Reg RBX 3
75b5: XOR Reg EAX, Reg EAX 2
75b7: MOV Reg ESI, Immediate 1 5
75bc: MOV Reg RDI, Reg R13 3
75bf: MOV Reg R15D, Immediate 4294967295 6
75c5: CALL xc_report_error (external)
75ca: MOV Address (SizeDir 32 (AddrPlus (FromReg RBP) (AddrImm 0))), Reg R12D 4
75ce: POP Reg RAX 1
75cf: POP Reg RDX 1
75d0: JMP 7483 (resolved immediate)
  |
  `- 7483
75d5: CALL __errno_location (external)
75da: MOV Reg EDI, Address (SizeDir 32 (FromReg RSP)) 3
75dd: MOV Reg RBP, Reg RAX 3
75e0: MOV Reg R12D, Address (SizeDir 32 (FromReg RAX)) 3
75e3: MOV Reg R15D, Immediate 4294967295 6
75e9: CALL rec_type_to_str (external)
75ee: MOV Reg R8D, Address (SizeDir 32 (FromReg RSP)) 4
75f2: LEA Reg RDX, Address (AddrPlus (FromReg RIP) (AddrImm 105959)) 7
75f9: MOV Reg R9, Reg RAX 3
75fc: MOV Reg RCX, Reg RBX 3
75ff: MOV Reg ESI, Immediate 1 5
7604: MOV Reg RDI, Reg R13 3
7607: XOR Reg EAX, Reg EAX 2
7609: CALL xc_report_error (external)
760e: MOV Address (SizeDir 32 (AddrPlus (FromReg RBP) (AddrImm 0))), Reg R12D 4
7612: JMP 7483 (resolved immediate)
  |
  `- 7483
7617: CALL __stack_chk_fail (external)
  |
  `- 
