Number of assembly instructions     = 105
Number of indirect branches         = 0
Number of unresolved indirect jumps = 0: 
Number of unresolved indirect calls = 0: 
Number of symbolic states (representative of non-determinism): 105
Number of edges: 108

7240 (False): 0

7240: PUSH Reg R13 2
7242: PUSH Reg R12 2
7244: PUSH Reg RBP 1
7245: PUSH Reg RBX 1
7246: SUB Reg RSP, Immediate 136 7
724d: MOV Reg R11D, Address (SizeDir 32 (AddrPlus (FromReg RSI) (AddrImm 4))) 4
7251: MOV Reg RBP, Address (SizeDir 64 (FromReg RDI)) 3
7254: MOV Reg RAX, Address (SizeDir 64 (AddrPlus (FromReg FS) (AddrImm 40))) 9
725d: MOV Address (SizeDir 64 (AddrPlus (FromReg RSP) (AddrImm 120))), Reg RAX 5
7262: XOR Reg EAX, Reg EAX 2
7264: LEA Reg R9, Address (SizeDir 64 (AddrPlus (FromReg RSP) (AddrImm 28))) 5
7269: MOV Address (SizeDir 64 (AddrPlus (FromReg RSP) (AddrImm 32))), Reg RSI 5
726e: MOV Address (SizeDir 64 (AddrPlus (FromReg RSP) (AddrImm 40))), Immediate 4 9
7277: MOV Address (SizeDir 64 (AddrPlus (FromReg RSP) (AddrImm 56))), Immediate 4 9
7280: MOV Address (SizeDir 64 (AddrPlus (FromReg RSP) (AddrImm 80))), Reg RDX 5
7285: LEA Reg EAX, Address (SizeDir 32 (AddrPlus (FromReg R11) (AddrTimes (AddrImm 1) (FromReg RCX)))) 4
7289: MOV Address (SizeDir 64 (AddrPlus (FromReg RSP) (AddrImm 48))), Reg R9 5
728e: MOV Reg R9, Address (SizeDir 64 (AddrPlus (FromReg RSI) (AddrImm 8))) 4
7292: MOV Reg R8, Reg R11 3
7295: MOV Address (SizeDir 64 (AddrPlus (FromReg RSP) (AddrImm 72))), Reg R11 5
729a: LEA Reg R11, Address (SizeDir 64 (AddrPlus (FromReg RIP) (AddrImm 106978))) 7
72a1: LEA Reg RBX, Address (SizeDir 64 (AddrPlus (FromReg RAX) (AddrImm 7))) 4
72a5: MOV Address (SizeDir 32 (AddrPlus (FromReg RSP) (AddrImm 28))), Reg EAX 4
72a9: MOV Address (SizeDir 64 (AddrPlus (FromReg RSP) (AddrImm 88))), Reg RCX 5
72ae: MOV Address (SizeDir 64 (AddrPlus (FromReg RSP) (AddrImm 64))), Reg R9 5
72b3: MOV Address (SizeDir 64 (AddrPlus (FromReg RSP) (AddrImm 96))), Reg R11 5
72b8: AND Reg RBX, Immediate 18446744073709551608 4
72bc: MOV Reg R10, Reg RBX 3
72bf: SUB Reg R10, Reg RAX 3
72c2: CMP Reg RBX, Immediate 134217728 7
72c9: MOV Address (SizeDir 64 (AddrPlus (FromReg RSP) (AddrImm 104))), Reg R10 5
72ce: JA 7368 (resolved immediate)
  |
  `- 72d4,7368
72d4: TEST Reg R8D, Reg R8D 3
72d7: JE 72de (resolved immediate)
  |
  `- 72d9,72de
72d9: TEST Reg R9, Reg R9 3
72dc: JE 7343 (resolved immediate)
  |
  `- 72de,7343
72de: TEST Reg RCX, Reg RCX 3
72e1: JE 72e8 (resolved immediate)
  |
  `- 72e3,72e8
72e3: TEST Reg RDX, Reg RDX 3
72e6: JE 7324 (resolved immediate)
  |
  `- 72e8,7324
72e8: MOV Reg EDI, Address (SizeDir 32 (AddrPlus (FromReg RDI) (AddrImm 12))) 3
72eb: LEA Reg RSI, Address (SizeDir 64 (AddrPlus (FromReg RSP) (AddrImm 32))) 5
72f0: MOV Reg EDX, Immediate 5 5
72f5: CALL writev_exact (external)
72fa: TEST Reg EAX, Reg EAX 2
72fc: JNE 73c0 (resolved immediate)
  |
  `- 7302,73c0
7302: MOV Reg RDX, Address (SizeDir 64 (AddrPlus (FromReg RSP) (AddrImm 120))) 5
7307: XOR Reg RDX, Address (SizeDir 64 (AddrPlus (FromReg FS) (AddrImm 40))) 9
7310: JNE 73fe (resolved immediate)
  |
  `- 7316,73fe
7316: ADD Reg RSP, Immediate 136 7
731d: POP Reg RBX 1
731e: POP Reg RBP 1
731f: POP Reg R12 2
7321: POP Reg R13 2
7323: RET  1
  |
  `- 
7324: LEA Reg RCX, Address (SizeDir 64 (AddrPlus (FromReg RIP) (AddrImm 106821))) 7
732b: LEA Reg RSI, Address (SizeDir 64 (AddrPlus (FromReg RIP) (AddrImm 106177))) 7
7332: LEA Reg RDI, Address (SizeDir 64 (AddrPlus (FromReg RIP) (AddrImm 106195))) 7
7339: MOV Reg EDX, Immediate 82 5
733e: CALL __assert_fail (external)
  |
  `- 
7343: LEA Reg RCX, Address (SizeDir 64 (AddrPlus (FromReg RIP) (AddrImm 106790))) 7
734a: LEA Reg RSI, Address (SizeDir 64 (AddrPlus (FromReg RIP) (AddrImm 106146))) 7
7351: LEA Reg RDI, Address (SizeDir 64 (AddrPlus (FromReg RIP) (AddrImm 106154))) 7
7358: MOV Reg EDX, Immediate 80 5
735d: CALL __assert_fail (external)
  |
  `- 
7368: MOV Address (SizeDir 64 (AddrPlus (FromReg RSP) (AddrImm 8))), Reg RSI 5
736d: CALL __errno_location (external)
7372: MOV Reg RSI, Address (SizeDir 64 (AddrPlus (FromReg RSP) (AddrImm 8))) 5
7377: MOV Reg R12, Reg RAX 3
737a: MOV Reg R13D, Address (SizeDir 32 (FromReg RAX)) 3
737d: MOV Reg EDI, Address (SizeDir 32 (FromReg RSI)) 2
737f: CALL rec_type_to_str (external)
7384: SUB Reg RSP, Immediate 8 4
7388: LEA Reg RDX, Address (SizeDir 64 (AddrPlus (FromReg RIP) (AddrImm 106361))) 7
738f: MOV Reg R8, Reg RAX 3
7392: PUSH Immediate 134217728 5
7397: MOV Reg RSI, Address (SizeDir 64 (AddrPlus (FromReg RSP) (AddrImm 24))) 5
739c: XOR Reg EAX, Reg EAX 2
739e: MOV Reg R9, Reg RBX 3
73a1: MOV Reg RDI, Reg RBP 3
73a4: MOV Reg ECX, Address (SizeDir 32 (FromReg RSI)) 2
73a6: MOV Reg ESI, Immediate 1 5
73ab: CALL xc_report_error (external)
73b0: MOV Address (SizeDir 32 (FromReg R12)), Reg R13D 4
73b4: POP Reg RAX 1
73b5: MOV Reg EAX, Immediate 4294967295 5
73ba: POP Reg RDX 1
73bb: JMP 7302 (resolved immediate)
  |
  `- 7302
73c0: CALL __errno_location (external)
73c5: MOV Reg R12D, Address (SizeDir 32 (FromReg RAX)) 3
73c8: MOV Reg RBX, Reg RAX 3
73cb: MOV Reg RDI, Reg RBP 3
73ce: MOV Reg ESI, Reg R12D 3
73d1: CALL xc_strerror (external)
73d6: MOV Reg ECX, Address (SizeDir 32 (FromReg RBX)) 2
73d8: LEA Reg RDX, Address (SizeDir 64 (AddrPlus (FromReg RIP) (AddrImm 106337))) 7
73df: MOV Reg R8, Reg RAX 3
73e2: MOV Reg ESI, Immediate 1 5
73e7: XOR Reg EAX, Reg EAX 2
73e9: MOV Reg RDI, Reg RBP 3
73ec: CALL xc_report_error (external)
73f1: MOV Address (SizeDir 32 (FromReg RBX)), Reg R12D 3
73f4: MOV Reg EAX, Immediate 4294967295 5
73f9: JMP 7302 (resolved immediate)
  |
  `- 7302
73fe: CALL __stack_chk_fail (external)
  |
  `- 
