Number of assembly instructions     = 170
Number of indirect branches         = 0
Number of unresolved indirect jumps = 0: 
Number of unresolved indirect calls = 0: 
Number of symbolic states (representative of non-determinism): 170
Number of edges: 184

158c0 (False): 0

158c0: XOR Reg EAX, Reg EAX 2
158c2: PUSH Reg RBX 1
158c3: CPUID  2
158c5: CMP Reg EAX, Immediate 1 3
158c8: MOV Address (SizeDir 32 (FromReg RDI)), Reg EAX 2
158ca: MOV Address (SizeDir 32 (AddrPlus (FromReg RDI) (AddrImm 4))), Reg EBX 3
158cd: MOV Address (SizeDir 32 (AddrPlus (FromReg RDI) (AddrImm 8))), Reg ECX 3
158d0: MOV Address (SizeDir 32 (AddrPlus (FromReg RDI) (AddrImm 12))), Reg EDX 3
158d3: JA 15aa0 (resolved immediate)
  |
  `- 158d9,15aa0
158d9: CMP Address (SizeDir 32 (FromReg RDI)), Immediate 6 3
158dc: JBE 15a28 (resolved immediate)
  |
  `- 158e2,15a28
158e2: XOR Reg ESI, Reg ESI 2
158e4: MOV Reg EAX, Immediate 7 5
158e9: MOV Reg ECX, Reg ESI 2
158eb: CPUID  2
158ed: CMP Address (SizeDir 32 (FromReg RDI)), Immediate 10 3
158f0: MOV Address (SizeDir 32 (AddrPlus (FromReg RDI) (AddrImm 320))), Reg EAX 6
158f6: MOV Address (SizeDir 32 (AddrPlus (FromReg RDI) (AddrImm 324))), Reg EBX 6
158fc: MOV Address (SizeDir 32 (AddrPlus (FromReg RDI) (AddrImm 328))), Reg ECX 6
15902: MOV Address (SizeDir 32 (AddrPlus (FromReg RDI) (AddrImm 332))), Reg EDX 6
15908: JBE 15a28 (resolved immediate)
  |
  `- 1590e,15a28
1590e: MOV Reg R8D, Immediate 11 6
15914: MOV Reg ECX, Reg ESI 2
15916: MOV Reg EAX, Reg R8D 3
15919: CPUID  2
1591b: MOV Reg ECX, Reg ECX 2
1591d: MOV Reg ESI, Reg EBX 2
1591f: TEST Reg CH, Immediate 255 3
15922: JZ 1598a (resolved immediate)
  |
  `- 15924,1598a
15924: SHL Reg RSI, Immediate 32 4
15928: MOV Reg EAX, Reg EAX 2
1592a: OR Reg RAX, Reg RSI 3
1592d: MOV Reg RSI, Reg RDX 3
15930: SHL Reg RSI, Immediate 32 4
15934: MOV Address (SizeDir 64 (AddrPlus (FromReg RDI) (AddrImm 336))), Reg RAX 7
1593b: MOV Reg EAX, Reg R8D 3
1593e: OR Reg RSI, Reg RCX 3
15941: MOV Reg ECX, Immediate 1 5
15946: CPUID  2
15948: MOV Reg R8D, Reg ECX 3
1594b: MOV Reg RCX, Immediate 18446744069414584320 10
15955: MOV Address (SizeDir 64 (AddrPlus (FromReg RDI) (AddrImm 344))), Reg RSI 7
1595c: AND Reg RCX, Reg RSI 3
1595f: OR Reg RCX, Reg R8 3
15962: TEST Reg CH, Immediate 255 3
15965: JZ 1598a (resolved immediate)
  |
  `- 15967,1598a
15967: MOV Reg R8, Reg RBX 3
1596a: MOV Reg EAX, Reg EAX 2
1596c: SHL Reg RDX, Immediate 32 4
15970: SHL Reg R8, Immediate 32 4
15974: MOV Reg ECX, Reg ECX 2
15976: OR Reg RAX, Reg R8 3
15979: OR Reg RCX, Reg RDX 3
1597c: MOV Address (SizeDir 64 (AddrPlus (FromReg RDI) (AddrImm 352))), Reg RAX 7
15983: MOV Address (SizeDir 64 (AddrPlus (FromReg RDI) (AddrImm 360))), Reg RCX 7
1598a: CMP Address (SizeDir 32 (FromReg RDI)), Immediate 12 3
1598d: JBE 15a28 (resolved immediate)
  |
  `- 15993,15a28
15993: MOV Reg R8D, Immediate 13 6
15999: XOR Reg ECX, Reg ECX 2
1599b: MOV Reg EAX, Reg R8D 3
1599e: CPUID  2
159a0: MOV Reg R9D, Reg EDX 3
159a3: MOV Reg ESI, Reg EAX 2
159a5: MOV Address (SizeDir 32 (AddrPlus (FromReg RDI) (AddrImm 368))), Reg EAX 6
159ab: MOV Address (SizeDir 32 (AddrPlus (FromReg RDI) (AddrImm 372))), Reg EBX 6
159b1: MOV Reg EAX, Reg R8D 3
159b4: MOV Address (SizeDir 32 (AddrPlus (FromReg RDI) (AddrImm 376))), Reg ECX 6
159ba: MOV Address (SizeDir 32 (AddrPlus (FromReg RDI) (AddrImm 380))), Reg EDX 6
159c0: MOV Reg ECX, Immediate 1 5
159c5: LEA Reg R8, Address (AddrPlus (FromReg RDI) (AddrImm 400)) 7
159cc: CPUID  2
159ce: MOV Reg R10D, Reg EDX 3
159d1: OR Reg ESI, Reg ECX 2
159d3: MOV Address (SizeDir 32 (AddrPlus (FromReg RDI) (AddrImm 384))), Reg EAX 6
159d9: OR Reg R10D, Reg R9D 3
159dc: MOV Address (SizeDir 32 (AddrPlus (FromReg RDI) (AddrImm 388))), Reg EBX 6
159e2: MOV Address (SizeDir 32 (AddrPlus (FromReg RDI) (AddrImm 392))), Reg ECX 6
159e8: SHL Reg R10, Immediate 32 4
159ec: MOV Address (SizeDir 32 (AddrPlus (FromReg RDI) (AddrImm 396))), Reg EDX 6
159f2: MOV Reg R9D, Immediate 13 6
159f8: OR Reg R10, Reg RSI 3
159fb: MOV Reg ESI, Immediate 2 5
15a00: BT Reg R10, Reg RSI 4
15a04: JAE 15a1c (resolved immediate)
  |
  `- 15a06,15a1c
15a06: MOV Reg EAX, Reg R9D 3
15a09: MOV Reg ECX, Reg ESI 2
15a0b: CPUID  2
15a0d: MOV Address (SizeDir 32 (FromReg R8)), Reg EAX 3
15a10: MOV Address (SizeDir 32 (AddrPlus (FromReg R8) (AddrImm 4))), Reg EBX 4
15a14: MOV Address (SizeDir 32 (AddrPlus (FromReg R8) (AddrImm 8))), Reg ECX 4
15a18: MOV Address (SizeDir 32 (AddrPlus (FromReg R8) (AddrImm 12))), Reg EDX 4
15a1c: ADD Reg ESI, Immediate 1 3
15a1f: ADD Reg R8, Immediate 16 4
15a23: CMP Reg ESI, Immediate 63 3
15a26: JNZ 15a00 (resolved immediate)
  |
  `- 15a00,15a28
15a28: MOV Reg EAX, Immediate 2147483648 5
15a2d: CPUID  2
15a2f: MOV Address (SizeDir 32 (AddrPlus (FromReg RDI) (AddrImm 1376))), Reg EAX 6
15a35: SUB Reg EAX, Immediate 2147483647 5
15a3a: MOV Address (SizeDir 32 (AddrPlus (FromReg RDI) (AddrImm 1380))), Reg EBX 6
15a40: CMP Reg EAX, Immediate 1 3
15a43: MOV Address (SizeDir 32 (AddrPlus (FromReg RDI) (AddrImm 1384))), Reg ECX 6
15a49: MOV Address (SizeDir 32 (AddrPlus (FromReg RDI) (AddrImm 1388))), Reg EDX 6
15a4f: JBE 15a9d (resolved immediate)
  |
  `- 15a51,15a9d
15a51: MOV Reg R8D, Immediate 1 6
15a57: MOV Reg R9D, Immediate 29 6
15a5d: NOP  3
15a60: MOV Reg ESI, Reg R8D 3
15a63: LEA Reg EAX, Address (AddrMinus (FromReg R8) (AddrImm 2147483648)) 7
15a6a: ADD Reg R8D, Immediate 1 4
15a6e: ADD Reg RSI, Immediate 86 4
15a72: SHL Reg RSI, Immediate 4 4
15a76: ADD Reg RSI, Reg RDI 3
15a79: CPUID  2
15a7b: MOV Address (SizeDir 32 (FromReg RSI)), Reg EAX 2
15a7d: MOV Address (SizeDir 32 (AddrPlus (FromReg RSI) (AddrImm 4))), Reg EBX 3
15a80: MOV Address (SizeDir 32 (AddrPlus (FromReg RSI) (AddrImm 8))), Reg ECX 3
15a83: MOV Address (SizeDir 32 (AddrPlus (FromReg RSI) (AddrImm 12))), Reg EDX 3
15a86: MOV Reg EAX, Address (SizeDir 32 (AddrPlus (FromReg RDI) (AddrImm 1376))) 6
15a8c: SUB Reg EAX, Immediate 2147483647 5
15a91: CMP Reg EAX, Immediate 29 3
15a94: CMOVA Reg EAX, Reg R9D 4
15a98: CMP Reg EAX, Reg R8D 3
15a9b: JA 15a60 (resolved immediate)
  |
  `- 15a60,15a9d
15a9d: POP Reg RBX 1
15a9e: RET  1
  |
  `- 
15aa0: MOV Reg ESI, Immediate 1 5
15aa5: MOV Reg R10D, Immediate 1 6
15aab: MOV Reg R9D, Immediate 14 6
15ab1: NOP  7
15ab8: MOV Reg RAX, Reg R10 3
15abb: MOV Reg ECX, Reg ESI 2
15abd: SHL Reg RAX, Reg CL 3
15ac0: TEST Reg EAX, Immediate 10384 5
15ac5: JNZ 15ae4 (resolved immediate)
  |
  `- 15ac7,15ae4
15ac7: MOV Reg R8D, Reg ESI 3
15aca: MOV Reg EAX, Reg ESI 2
15acc: SHL Reg R8, Immediate 4 4
15ad0: ADD Reg R8, Reg RDI 3
15ad3: CPUID  2
15ad5: MOV Address (SizeDir 32 (FromReg R8)), Reg EAX 3
15ad8: MOV Address (SizeDir 32 (AddrPlus (FromReg R8) (AddrImm 4))), Reg EBX 4
15adc: MOV Address (SizeDir 32 (AddrPlus (FromReg R8) (AddrImm 8))), Reg ECX 4
15ae0: MOV Address (SizeDir 32 (AddrPlus (FromReg R8) (AddrImm 12))), Reg EDX 4
15ae4: MOV Reg EAX, Address (SizeDir 32 (FromReg RDI)) 2
15ae6: ADD Reg ESI, Immediate 1 3
15ae9: MOV Reg EDX, Reg R9D 3
15aec: CMP Reg EAX, Immediate 14 3
15aef: CMOVBE Reg EDX, Reg EAX 3
15af2: CMP Reg ESI, Reg EDX 2
15af4: JB 15ab8 (resolved immediate)
  |
  `- 15ab8,15af6
15af6: CMP Reg EAX, Immediate 3 3
15af9: JBE 158d9 (resolved immediate)
  |
  `- 158d9,15aff
15aff: LEA Reg R8, Address (AddrPlus (FromReg RDI) (AddrImm 224)) 7
15b06: XOR Reg ESI, Reg ESI 2
15b08: MOV Reg R9D, Immediate 4 6
15b0e: MOV Reg EAX, Reg R9D 3
15b11: MOV Reg ECX, Reg ESI 2
15b13: CPUID  2
15b15: TEST Reg AL, Immediate 31 2
15b17: JZ 158d9 (resolved immediate)
  |
  `- 158d9,15b1d
15b1d: ADD Reg ESI, Immediate 1 3
15b20: MOV Address (SizeDir 32 (FromReg R8)), Reg EAX 3
15b23: MOV Address (SizeDir 32 (AddrPlus (FromReg R8) (AddrImm 4))), Reg EBX 4
15b27: MOV Address (SizeDir 32 (AddrPlus (FromReg R8) (AddrImm 8))), Reg ECX 4
15b2b: MOV Address (SizeDir 32 (AddrPlus (FromReg R8) (AddrImm 12))), Reg EDX 4
15b2f: ADD Reg R8, Immediate 16 4
15b33: CMP Reg ESI, Immediate 6 3
15b36: JNZ 15b0e (resolved immediate)
  |
  `- 15b0e,15b38
15b38: JMP 158d9 (resolved immediate)
  |
  `- 158d9
