Number of assembly instructions     = 11
Number of indirect branches         = 0
Number of unresolved indirect jumps = 0: 
Number of unresolved indirect calls = 0: 
Number of symbolic states (representative of non-determinism): 11
Number of edges: 10

15f30 (False): 0

15f30: MOV Reg ECX, Address (SizeDir 32 (FromReg RDX)) 2
15f32: MOV Reg EAX, Address (SizeDir 32 (FromReg RDI)) 2
15f34: TEST Reg ECX, Reg ECX 2
15f36: JZ 15f50 (resolved immediate)
  |
  `- 15f38,15f50
15f38: MOV Address (SizeDir 64 (AddrPlus (FromReg RSI) (AddrImm 8))), Reg RAX 4
15f3c: MOV Address (SizeDir 64 (FromReg RSI)), Immediate 206 7
15f43: XOR Reg EAX, Reg EAX 2
15f45: MOV Address (SizeDir 32 (FromReg RDX)), Immediate 1 6
15f4b: RET  1
  |
  `- 
15f50: MOV Reg EAX, Immediate 4294967191 5
15f55: RET  1
  |
  `- 
