Number of assembly instructions     = 192
Number of indirect branches         = 0
Number of unresolved indirect jumps = 0: 
Number of unresolved indirect calls = 0: 
Number of symbolic states (representative of non-determinism): 192
Number of edges: 210

15c00 (False): 0

15c00: MOV Reg R11D, Address (SizeDir 32 (FromReg RDX)) 3
15c03: PUSH Reg R14 2
15c05: XOR Reg EAX, Reg EAX 2
15c07: PUSH Reg R13 2
15c09: PUSH Reg R12 2
15c0b: XOR Reg R10D, Reg R10D 3
15c0e: PUSH Reg RBP 1
15c0f: PUSH Reg RBX 1
15c10: MOV Reg R12D, Immediate 13 6
15c16: CMP Reg R10D, Immediate 7 4
15c1a: JZ 15ee8 (resolved immediate)
  |
  `- 15c20,15ee8
15c20: JBE 15e20 (resolved immediate)
  |
  `- 15c26,15e20
15c26: CMP Reg R10D, Immediate 11 4
15c2a: JZ 15e88 (resolved immediate)
  |
  `- 15c30,15e88
15c30: XOR Reg R9D, Reg R9D 3
15c33: CMP Reg R10D, Immediate 13 4
15c37: LEA Reg R8, Address (AddrPlus (FromReg RDI) (AddrImm 368)) 7
15c3e: JZ 15c7b (resolved immediate)
  |
  `- 15c40,15c7b
15c40: JMP 15ca0 (resolved immediate)
  |
  `- 15ca0
15c48: MOV Reg ECX, Reg EAX 2
15c4a: ADD Reg R8, Immediate 16 4
15c4e: ADD Reg EAX, Immediate 1 3
15c51: LEA Reg RCX, Address (AddrPlus (FromReg RCX) (AddrTimes (AddrImm 2) (FromReg RCX))) 4
15c55: LEA Reg RCX, Address (AddrPlus (FromReg RSI) (AddrTimes (AddrImm 8) (FromReg RCX))) 4
15c59: MOV Address (SizeDir 32 (AddrPlus (FromReg RCX) (AddrImm 4))), Reg R9D 4
15c5d: ADD Reg R9D, Immediate 1 4
15c61: MOV Address (SizeDir 32 (FromReg RCX)), Immediate 13 6
15c67: CMP Reg R9D, Immediate 63 4
15c6b: MOV Address (SizeDir 32 (AddrPlus (FromReg RCX) (AddrImm 8))), Reg R14D 4
15c6f: MOV Address (SizeDir 32 (AddrPlus (FromReg RCX) (AddrImm 12))), Reg R13D 4
15c73: MOV Address (SizeDir 32 (AddrPlus (FromReg RCX) (AddrImm 16))), Reg EBP 3
15c76: MOV Address (SizeDir 32 (AddrPlus (FromReg RCX) (AddrImm 20))), Reg EBX 3
15c79: JZ 15ce1 (resolved immediate)
  |
  `- 15c7b,15ce1
15c7b: CMP Reg R11D, Reg EAX 3
15c7e: MOV Reg R14D, Address (SizeDir 32 (FromReg R8)) 3
15c81: MOV Reg R13D, Address (SizeDir 32 (AddrPlus (FromReg R8) (AddrImm 4))) 4
15c85: MOV Reg EBP, Address (SizeDir 32 (AddrPlus (FromReg R8) (AddrImm 8))) 4
15c89: MOV Reg EBX, Address (SizeDir 32 (AddrPlus (FromReg R8) (AddrImm 12))) 4
15c8d: JNZ 15c48 (resolved immediate)
  |
  `- 15c48,15c8f
15c8f: MOV Reg EAX, Immediate 4294967191 5
15c94: POP Reg RBX 1
15c95: POP Reg RBP 1
15c96: POP Reg R12 2
15c98: POP Reg R13 2
15c9a: POP Reg R14 2
15c9c: RET  1
  |
  `- 
15ca0: MOV Reg ECX, Reg R10D 3
15ca3: SHL Reg RCX, Immediate 4 4
15ca7: ADD Reg RCX, Reg RDI 3
15caa: CMP Reg R11D, Reg EAX 3
15cad: MOV Reg EBP, Address (SizeDir 32 (FromReg RCX)) 2
15caf: MOV Reg EBX, Address (SizeDir 32 (AddrPlus (FromReg RCX) (AddrImm 4))) 3
15cb2: MOV Reg R9D, Address (SizeDir 32 (AddrPlus (FromReg RCX) (AddrImm 8))) 4
15cb6: MOV Reg R8D, Address (SizeDir 32 (AddrPlus (FromReg RCX) (AddrImm 12))) 4
15cba: JZ 15c8f (resolved immediate)
  |
  `- 15c8f,15cbc
15cbc: MOV Reg ECX, Reg EAX 2
15cbe: LEA Reg RCX, Address (AddrPlus (FromReg RCX) (AddrTimes (AddrImm 2) (FromReg RCX))) 4
15cc2: LEA Reg RCX, Address (AddrPlus (FromReg RSI) (AddrTimes (AddrImm 8) (FromReg RCX))) 4
15cc6: MOV Address (SizeDir 32 (FromReg RCX)), Reg R10D 3
15cc9: MOV Address (SizeDir 32 (AddrPlus (FromReg RCX) (AddrImm 4))), Immediate 4294967295 7
15cd0: MOV Address (SizeDir 32 (AddrPlus (FromReg RCX) (AddrImm 8))), Reg EBP 3
15cd3: MOV Address (SizeDir 32 (AddrPlus (FromReg RCX) (AddrImm 12))), Reg EBX 3
15cd6: ADD Reg EAX, Immediate 1 3
15cd9: MOV Address (SizeDir 32 (AddrPlus (FromReg RCX) (AddrImm 16))), Reg R9D 4
15cdd: MOV Address (SizeDir 32 (AddrPlus (FromReg RCX) (AddrImm 20))), Reg R8D 4
15ce1: ADD Reg R10D, Immediate 1 4
15ce5: CMP Address (SizeDir 32 (FromReg RDI)), Immediate 13 3
15ce8: MOV Reg ECX, Reg R12D 3
15ceb: CMOVBE Reg ECX, Address (SizeDir 32 (FromReg RDI)) 3
15cee: CMP Reg ECX, Reg R10D 3
15cf1: JAE 15c16 (resolved immediate)
  |
  `- 15c16,15cf7
15cf7: CMP Reg R11D, Reg EAX 3
15cfa: MOVZX Reg R8D, Address (SizeDir 8 (AddrPlus (FromReg RDI) (AddrImm 1840))) 8
15d02: JZ 15c8f (resolved immediate)
  |
  `- 15c8f,15d04
15d04: MOV Reg ECX, Reg EAX 2
15d06: MOV Reg RBX, Immediate 18446744070488326144 10
15d10: LEA Reg RCX, Address (AddrPlus (FromReg RCX) (AddrTimes (AddrImm 2) (FromReg RCX))) 4
15d14: LEA Reg RCX, Address (AddrPlus (FromReg RSI) (AddrTimes (AddrImm 8) (FromReg RCX))) 4
15d18: MOV Address (SizeDir 64 (FromReg RCX)), Reg RBX 3
15d1b: MOV Address (SizeDir 32 (AddrPlus (FromReg RCX) (AddrImm 8))), Reg R8D 4
15d1f: MOV Address (SizeDir 64 (AddrPlus (FromReg RCX) (AddrImm 12))), Immediate 0 8
15d27: MOV Address (SizeDir 32 (AddrPlus (FromReg RCX) (AddrImm 20))), Immediate 0 7
15d2e: LEA Reg ECX, Address (AddrPlus (FromReg RAX) (AddrImm 1)) 3
15d31: MOVZX Reg R8D, Address (SizeDir 8 (AddrPlus (FromReg RDI) (AddrImm 1841))) 8
15d39: CMP Reg R11D, Reg ECX 3
15d3c: JZ 15c8f (resolved immediate)
  |
  `- 15c8f,15d42
15d42: LEA Reg RCX, Address (AddrPlus (FromReg RCX) (AddrTimes (AddrImm 2) (FromReg RCX))) 4
15d46: ADD Reg EAX, Immediate 2 3
15d49: ADD Reg RBX, Immediate 256 7
15d50: CMP Reg R11D, Reg EAX 3
15d53: LEA Reg RCX, Address (AddrPlus (FromReg RSI) (AddrTimes (AddrImm 8) (FromReg RCX))) 4
15d57: MOV Address (SizeDir 64 (FromReg RCX)), Reg RBX 3
15d5a: MOV Address (SizeDir 32 (AddrPlus (FromReg RCX) (AddrImm 8))), Reg R8D 4
15d5e: MOV Address (SizeDir 64 (AddrPlus (FromReg RCX) (AddrImm 12))), Immediate 0 8
15d66: MOV Address (SizeDir 32 (AddrPlus (FromReg RCX) (AddrImm 20))), Immediate 0 7
15d6d: MOV Reg R10D, Address (SizeDir 32 (AddrPlus (FromReg RDI) (AddrImm 1376))) 7
15d74: MOV Reg EBX, Address (SizeDir 32 (AddrPlus (FromReg RDI) (AddrImm 1380))) 6
15d7a: MOV Reg EBP, Address (SizeDir 32 (AddrPlus (FromReg RDI) (AddrImm 1384))) 6
15d80: MOV Reg R12D, Address (SizeDir 32 (AddrPlus (FromReg RDI) (AddrImm 1388))) 7
15d87: JZ 15c8f (resolved immediate)
  |
  `- 15c8f,15d8d
15d8d: LEA Reg R8, Address (AddrPlus (FromReg RDI) (AddrImm 1392)) 7
15d94: MOV Reg R9D, Immediate 1 6
15d9a: MOV Reg R14D, Immediate 2147483648 6
15da0: MOV Reg R13D, Immediate 28 6
15da6: JMP 15dda (resolved immediate)
  |
  `- 15dda
15db0: MOV Reg R14D, Reg R9D 3
15db3: MOV Reg R10D, Address (SizeDir 32 (FromReg R8)) 3
15db6: MOV Reg EBX, Address (SizeDir 32 (AddrPlus (FromReg R8) (AddrImm 4))) 4
15dba: MOV Reg EBP, Address (SizeDir 32 (AddrPlus (FromReg R8) (AddrImm 8))) 4
15dbe: MOV Reg R12D, Address (SizeDir 32 (AddrPlus (FromReg R8) (AddrImm 12))) 4
15dc2: OR Reg R14D, Immediate 2147483648 7
15dc9: ADD Reg R9, Immediate 1 4
15dcd: ADD Reg R8, Immediate 16 4
15dd1: CMP Reg R11D, Reg EAX 3
15dd4: JZ 15c8f (resolved immediate)
  |
  `- 15c8f,15dda
15dda: MOV Reg ECX, Reg EAX 2
15ddc: ADD Reg EAX, Immediate 1 3
15ddf: LEA Reg RCX, Address (AddrPlus (FromReg RCX) (AddrTimes (AddrImm 2) (FromReg RCX))) 4
15de3: LEA Reg RCX, Address (AddrPlus (FromReg RSI) (AddrTimes (AddrImm 8) (FromReg RCX))) 4
15de7: MOV Address (SizeDir 32 (FromReg RCX)), Reg R14D 3
15dea: MOV Address (SizeDir 32 (AddrPlus (FromReg RCX) (AddrImm 4))), Immediate 4294967295 7
15df1: MOV Address (SizeDir 32 (AddrPlus (FromReg RCX) (AddrImm 8))), Reg R10D 4
15df5: MOV Address (SizeDir 32 (AddrPlus (FromReg RCX) (AddrImm 12))), Reg EBX 3
15df8: MOV Address (SizeDir 32 (AddrPlus (FromReg RCX) (AddrImm 16))), Reg EBP 3
15dfb: MOV Address (SizeDir 32 (AddrPlus (FromReg RCX) (AddrImm 20))), Reg R12D 4
15dff: MOVZX Reg ECX, Address (SizeDir 16 (AddrPlus (FromReg RDI) (AddrImm 1376))) 7
15e06: CMP Reg RCX, Immediate 28 4
15e0a: CMOVA Reg RCX, Reg R13 4
15e0e: CMP Reg RCX, Reg R9 3
15e11: JAE 15db0 (resolved immediate)
  |
  `- 15db0,15e13
15e13: MOV Address (SizeDir 32 (FromReg RDX)), Reg EAX 2
15e15: XOR Reg EAX, Reg EAX 2
15e17: JMP 15c94 (resolved immediate)
  |
  `- 15c94
15e20: XOR Reg R9D, Reg R9D 3
15e23: CMP Reg R10D, Immediate 4 4
15e27: LEA Reg R8, Address (AddrPlus (FromReg RDI) (AddrImm 224)) 7
15e2e: JNZ 15ca0 (resolved immediate)
  |
  `- 15ca0,15e34
15e34: CMP Reg R11D, Reg EAX 3
15e37: MOV Reg R14D, Address (SizeDir 32 (FromReg R8)) 3
15e3a: MOV Reg R13D, Address (SizeDir 32 (AddrPlus (FromReg R8) (AddrImm 4))) 4
15e3e: MOV Reg EBP, Address (SizeDir 32 (AddrPlus (FromReg R8) (AddrImm 8))) 4
15e42: MOV Reg EBX, Address (SizeDir 32 (AddrPlus (FromReg R8) (AddrImm 12))) 4
15e46: JZ 15c8f (resolved immediate)
  |
  `- 15c8f,15e4c
15e4c: MOV Reg ECX, Reg EAX 2
15e4e: ADD Reg R8, Immediate 16 4
15e52: ADD Reg EAX, Immediate 1 3
15e55: LEA Reg RCX, Address (AddrPlus (FromReg RCX) (AddrTimes (AddrImm 2) (FromReg RCX))) 4
15e59: LEA Reg RCX, Address (AddrPlus (FromReg RSI) (AddrTimes (AddrImm 8) (FromReg RCX))) 4
15e5d: MOV Address (SizeDir 32 (AddrPlus (FromReg RCX) (AddrImm 4))), Reg R9D 4
15e61: ADD Reg R9D, Immediate 1 4
15e65: MOV Address (SizeDir 32 (FromReg RCX)), Immediate 4 6
15e6b: CMP Reg R9D, Immediate 6 4
15e6f: MOV Address (SizeDir 32 (AddrPlus (FromReg RCX) (AddrImm 8))), Reg R14D 4
15e73: MOV Address (SizeDir 32 (AddrPlus (FromReg RCX) (AddrImm 12))), Reg R13D 4
15e77: MOV Address (SizeDir 32 (AddrPlus (FromReg RCX) (AddrImm 16))), Reg EBP 3
15e7a: MOV Address (SizeDir 32 (AddrPlus (FromReg RCX) (AddrImm 20))), Reg EBX 3
15e7d: JNZ 15e34 (resolved immediate)
  |
  `- 15e34,15e7f
15e7f: JMP 15ce1 (resolved immediate)
  |
  `- 15ce1
15e88: LEA Reg R8, Address (AddrPlus (FromReg RDI) (AddrImm 336)) 7
15e8f: XOR Reg R9D, Reg R9D 3
15e92: CMP Reg R11D, Reg EAX 3
15e95: MOV Reg R14D, Address (SizeDir 32 (FromReg R8)) 3
15e98: MOV Reg R13D, Address (SizeDir 32 (AddrPlus (FromReg R8) (AddrImm 4))) 4
15e9c: MOV Reg EBP, Address (SizeDir 32 (AddrPlus (FromReg R8) (AddrImm 8))) 4
15ea0: MOV Reg EBX, Address (SizeDir 32 (AddrPlus (FromReg R8) (AddrImm 12))) 4
15ea4: JZ 15c8f (resolved immediate)
  |
  `- 15c8f,15eaa
15eaa: MOV Reg ECX, Reg EAX 2
15eac: ADD Reg R8, Immediate 16 4
15eb0: ADD Reg EAX, Immediate 1 3
15eb3: LEA Reg RCX, Address (AddrPlus (FromReg RCX) (AddrTimes (AddrImm 2) (FromReg RCX))) 4
15eb7: CMP Reg R9D, Immediate 1 4
15ebb: LEA Reg RCX, Address (AddrPlus (FromReg RSI) (AddrTimes (AddrImm 8) (FromReg RCX))) 4
15ebf: MOV Address (SizeDir 32 (FromReg RCX)), Immediate 11 6
15ec5: MOV Address (SizeDir 32 (AddrPlus (FromReg RCX) (AddrImm 4))), Reg R9D 4
15ec9: MOV Address (SizeDir 32 (AddrPlus (FromReg RCX) (AddrImm 8))), Reg R14D 4
15ecd: MOV Address (SizeDir 32 (AddrPlus (FromReg RCX) (AddrImm 12))), Reg R13D 4
15ed1: MOV Address (SizeDir 32 (AddrPlus (FromReg RCX) (AddrImm 16))), Reg EBP 3
15ed4: MOV Address (SizeDir 32 (AddrPlus (FromReg RCX) (AddrImm 20))), Reg EBX 3
15ed7: JZ 15ce1 (resolved immediate)
  |
  `- 15ce1,15edd
15edd: MOV Reg R9D, Immediate 1 6
15ee3: JMP 15e92 (resolved immediate)
  |
  `- 15e92
15ee8: CMP Reg R11D, Reg EAX 3
15eeb: JZ 15c8f (resolved immediate)
  |
  `- 15c8f,15ef1
15ef1: MOV Reg ECX, Reg EAX 2
15ef3: MOV Reg EBP, Address (SizeDir 32 (AddrPlus (FromReg RDI) (AddrImm 320))) 6
15ef9: MOV Reg EBX, Address (SizeDir 32 (AddrPlus (FromReg RDI) (AddrImm 324))) 6
15eff: LEA Reg RCX, Address (AddrPlus (FromReg RCX) (AddrTimes (AddrImm 2) (FromReg RCX))) 4
15f03: MOV Reg R9D, Address (SizeDir 32 (AddrPlus (FromReg RDI) (AddrImm 328))) 7
15f0a: MOV Reg R8D, Address (SizeDir 32 (AddrPlus (FromReg RDI) (AddrImm 332))) 7
15f11: LEA Reg RCX, Address (AddrPlus (FromReg RSI) (AddrTimes (AddrImm 8) (FromReg RCX))) 4
15f15: MOV Address (SizeDir 64 (FromReg RCX)), Immediate 7 7
15f1c: JMP 15cd0 (resolved immediate)
  |
  `- 15cd0
