Number of assembly instructions     = 24
Number of indirect branches         = 0
Number of unresolved indirect jumps = 0: 
Number of unresolved indirect calls = 0: 
Number of symbolic states (representative of non-determinism): 24
Number of edges: 24

16a20 (False): 0

16a20: PUSH Reg R12 2
16a22: PUSH Reg RBP 1
16a23: MOV Reg R12, Reg RDI 3
16a26: PUSH Reg RBX 1
16a27: MOV Reg RDI, Reg RSI 3
16a2a: MOV Reg RBP, Reg RSI 3
16a2d: CALL strlen (external)
16a32: LEA Reg RBX, Address (AddrPlus (FromReg RAX) (AddrImm 1)) 4
16a36: MOV Reg RDI, Reg R12 3
16a39: MOV Reg RSI, Reg RBX 3
16a3c: CALL xc_dom_malloc (external)
16a41: TEST Reg RAX, Reg RAX 3
16a44: MOV Reg RCX, Reg RAX 3
16a47: JZ 16a5a (resolved immediate)
  |
  `- 16a49,16a5a
16a49: MOV Reg RDX, Reg RBX 3
16a4c: MOV Reg RSI, Reg RBP 3
16a4f: MOV Reg RDI, Reg RAX 3
16a52: CALL memcpy (external)
16a57: MOV Reg RCX, Reg RAX 3
16a5a: POP Reg RBX 1
16a5b: MOV Reg RAX, Reg RCX 3
16a5e: POP Reg RBP 1
16a5f: POP Reg R12 2
16a61: RET  1
  |
  `- 
