Number of assembly instructions     = 39
Number of indirect branches         = 0
Number of unresolved indirect jumps = 0: 
Number of unresolved indirect calls = 0: 
Number of symbolic states (representative of non-determinism): 39
Number of edges: 42

17630 (False): 0

17630: PUSH Reg RBP 1
17631: PUSH Reg RBX 1
17632: MOV Reg RBP, Reg RDI 3
17635: LEA Reg RDX, Address (AddrPlus (FromReg RIP) (AddrImm 58916)) 7
1763c: LEA Reg RSI, Address (AddrPlus (FromReg RIP) (AddrImm 56632)) 7
17643: XOR Reg EAX, Reg EAX 2
17645: SUB Reg RSP, Immediate 8 4
17649: MOV Reg RDI, Address (SizeDir 64 (AddrPlus (FromReg RDI) (AddrImm 1224))) 7
17650: CALL xc_dom_printf (external)
17655: CMP Address (SizeDir 64 (AddrPlus (FromReg RBP) (AddrImm 1144))), Immediate 0 8
1765d: JZ 1768a (resolved immediate)
  |
  `- 1765f,1768a
1765f: MOV Reg RDI, Reg RBP 3
17662: CALL xc_dom_unmap_all (external)
17667: JMP 1768a (resolved immediate)
  |
  `- 1768a
17670: CMP Reg EAX, Immediate 2 3
17673: JNZ 17682 (resolved immediate)
  |
  `- 17675,17682
17675: MOV Reg RSI, Address (SizeDir 64 (AddrPlus (FromReg RBX) (AddrImm 24))) 4
17679: MOV Reg RDI, Address (SizeDir 64 (AddrPlus (FromReg RBX) (AddrImm 8))) 4
1767d: CALL munmap (external)
17682: MOV Reg RDI, Reg RBX 3
17685: CALL free (external)
1768a: MOV Reg RBX, Address (SizeDir 64 (AddrPlus (FromReg RBP) (AddrImm 1152))) 7
17691: TEST Reg RBX, Reg RBX 3
17694: JZ 176b8 (resolved immediate)
  |
  `- 17696,176b8
17696: MOV Reg RAX, Address (SizeDir 64 (FromReg RBX)) 3
17699: MOV Address (SizeDir 64 (AddrPlus (FromReg RBP) (AddrImm 1152))), Reg RAX 7
176a0: MOV Reg EAX, Address (SizeDir 32 (AddrPlus (FromReg RBX) (AddrImm 16))) 3
176a3: CMP Reg EAX, Immediate 1 3
176a6: JNZ 17670 (resolved immediate)
  |
  `- 17670,176a8
176a8: MOV Reg RDI, Address (SizeDir 64 (AddrPlus (FromReg RBX) (AddrImm 8))) 4
176ac: CALL free (external)
176b1: JMP 17682 (resolved immediate)
  |
  `- 17682
176b8: MOV Reg RDI, Address (SizeDir 64 (AddrPlus (FromReg RBP) (AddrImm 2320))) 7
176bf: CALL free (external)
176c4: ADD Reg RSP, Immediate 8 4
176c8: MOV Reg RDI, Reg RBP 3
176cb: POP Reg RBX 1
176cc: POP Reg RBP 1
176cd: JMP free (jmp to external function)
  |
  `- 
