Number of assembly instructions     = 43
Number of indirect branches         = 0
Number of unresolved indirect jumps = 0: 
Number of unresolved indirect calls = 0: 
Number of symbolic states (representative of non-determinism): 43
Number of edges: 43

18a10 (False): 0

18a10: PUSH Reg R12 2
18a12: PUSH Reg RBP 1
18a13: MOV Reg RBP, Reg RSI 3
18a16: PUSH Reg RBX 1
18a17: MOV Reg RBX, Reg RDI 3
18a1a: MOV Address (SizeDir 64 (AddrPlus (FromReg RDI) (AddrImm 1224))), Reg RSI 7
18a21: LEA Reg R12, Address (SizeDir 64 (AddrPlus (FromReg RBX) (AddrImm 1244))) 7
18a28: MOV Address (SizeDir 32 (AddrPlus (FromReg RDI) (AddrImm 1232))), Reg EDX 6
18a2e: XOR Reg ESI, Reg ESI 2
18a30: XOR Reg EDX, Reg EDX 2
18a32: MOV Reg RDI, Reg RBP 3
18a35: CALL xc_version (external)
18a3a: MOV Reg RDX, Reg R12 3
18a3d: MOV Address (SizeDir 32 (AddrPlus (FromReg RBX) (AddrImm 1240))), Reg EAX 6
18a43: MOV Reg ESI, Immediate 3 5
18a48: MOV Reg RDI, Reg RBP 3
18a4b: CALL xc_version (external)
18a50: TEST Reg EAX, Reg EAX 2
18a52: JS 18a90 (resolved immediate)
  |
  `- 18a54,18a90
18a54: MOV Reg R8D, Address (SizeDir 32 (AddrPlus (FromReg RBX) (AddrImm 1240))) 7
18a5b: MOV Reg RDI, Address (SizeDir 64 (AddrPlus (FromReg RBX) (AddrImm 1224))) 7
18a62: LEA Reg RDX, Address (SizeDir 64 (AddrPlus (FromReg RIP) (AddrImm 55463))) 7
18a69: LEA Reg RSI, Address (SizeDir 64 (AddrPlus (FromReg RIP) (AddrImm 54240))) 7
18a70: XOR Reg EAX, Reg EAX 2
18a72: MOV Reg R9, Reg R12 3
18a75: MOV Reg ECX, Reg R8D 3
18a78: MOVZX Reg R8D, Reg R8B 4
18a7c: SAR Reg ECX, Immediate 16 3
18a7f: CALL xc_dom_printf (external)
18a84: XOR Reg EAX, Reg EAX 2
18a86: POP Reg RBX 1
18a87: POP Reg RBP 1
18a88: POP Reg R12 2
18a8a: RET  1
  |
  `- 
18a90: LEA Reg R8, Address (SizeDir 64 (AddrPlus (FromReg RIP) (AddrImm 54174))) 7
18a97: LEA Reg RSI, Address (SizeDir 64 (AddrPlus (FromReg RIP) (AddrImm 54141))) 7
18a9e: XOR Reg EAX, Reg EAX 2
18aa0: MOV Reg ECX, Immediate 1 5
18aa5: MOV Reg EDX, Immediate 102 5
18aaa: MOV Reg RDI, Reg RBP 3
18aad: CALL xc_dom_panic_func (external)
18ab2: MOV Reg EAX, Immediate 4294967295 5
18ab7: JMP 18a86 (resolved immediate)
  |
  `- 18a86
