Number of assembly instructions     = 46
Number of indirect branches         = 0
Number of unresolved indirect jumps = 0: 
Number of unresolved indirect calls = 0: 
Number of symbolic states (representative of non-determinism): 46
Number of edges: 45

17ac0 (False): 0

17ac0: PUSH Reg R14 2
17ac2: PUSH Reg R13 2
17ac4: MOV Reg R14, Reg RSI 3
17ac7: PUSH Reg R12 2
17ac9: PUSH Reg RBP 1
17aca: MOV Reg RBP, Reg RDI 3
17acd: PUSH Reg RBX 1
17ace: MOV Reg EBX, Address (SizeDir 32 (AddrPlus (FromReg RDI) (AddrImm 16))) 3
17ad1: MOV Reg R13, Reg RDX 3
17ad4: LEA Reg RSI, Address (SizeDir 64 (AddrPlus (FromReg RIP) (AddrImm 55456))) 7
17adb: LEA Reg RDX, Address (SizeDir 64 (AddrPlus (FromReg RIP) (AddrImm 57486))) 7
17ae2: MOV Reg R12, Reg RCX 3
17ae5: LEA Reg EAX, Address (SizeDir 32 (AddrPlus (FromReg RBX) (AddrImm 1))) 3
17ae8: MOV Address (SizeDir 32 (AddrPlus (FromReg RDI) (AddrImm 16))), Reg EAX 3
17aeb: MOV Reg RDI, Address (SizeDir 64 (AddrPlus (FromReg RDI) (AddrImm 1224))) 7
17af2: XOR Reg EAX, Reg EAX 2
17af4: CALL xc_dom_printf (external)
17af9: LEA Reg RAX, Address (SizeDir 64 (AddrTimes (AddrImm 8) (FromReg RBX))) 8
17b01: SUB Reg RAX, Reg RBX 3
17b04: TEST Reg R12, Reg R12 3
17b07: LEA Reg RBX, Address (SizeDir 64 (AddrPlus (FromReg RBP) (AddrTimes (AddrImm 8) (FromReg RAX)))) 5
17b0c: MOV Address (SizeDir 64 (AddrPlus (FromReg RBX) (AddrImm 24))), Reg R14 4
17b10: MOV Address (SizeDir 64 (AddrPlus (FromReg RBX) (AddrImm 32))), Reg R13 4
17b14: JE 17b40 (resolved immediate)
  |
  `- 17b16,17b40
17b16: MOV Reg RSI, Reg R12 3
17b19: MOV Reg RDI, Reg RBP 3
17b1c: CALL xc_dom_strdup (external)
17b21: TEST Reg RAX, Reg RAX 3
17b24: MOV Address (SizeDir 64 (AddrPlus (FromReg RBX) (AddrImm 40))), Reg RAX 4
17b28: SETE Reg AL 3
17b2b: MOVZX Reg EAX, Reg AL 3
17b2e: POP Reg RBX 1
17b2f: NEG Reg EAX 2
17b31: POP Reg RBP 1
17b32: POP Reg R12 2
17b34: POP Reg R13 2
17b36: POP Reg R14 2
17b38: RET  1
  |
  `- 
17b40: MOV Address (SizeDir 64 (AddrPlus (FromReg RBX) (AddrImm 40))), Immediate 0 8
17b48: XOR Reg EAX, Reg EAX 2
17b4a: POP Reg RBX 1
17b4b: POP Reg RBP 1
17b4c: POP Reg R12 2
17b4e: POP Reg R13 2
17b50: POP Reg R14 2
17b52: RET  1
  |
  `- 
