Number of assembly instructions     = 12
Number of indirect branches         = 0
Number of unresolved indirect jumps = 0: 
Number of unresolved indirect calls = 0: 
Number of symbolic states (representative of non-determinism): 12
Number of edges: 12

174c0 (False): 0

174c0: MOV Reg RAX, Address (SizeDir 64 (AddrPlus (FromReg RDI) (AddrImm 1144))) 7
174c7: TEST Reg RAX, Reg RAX 3
174ca: JE 174f0 (resolved immediate)
  |
  `- 174cc,174f0
174cc: PUSH Reg RBX 1
174cd: MOV Reg RBX, Reg RDI 3
174d0: MOV Reg RSI, Address (SizeDir 64 (AddrPlus (FromReg RAX) (AddrImm 16))) 4
174d4: MOV Reg RDI, Reg RBX 3
174d7: CALL xc_dom_unmap_one (external)
174dc: MOV Reg RAX, Address (SizeDir 64 (AddrPlus (FromReg RBX) (AddrImm 1144))) 7
174e3: TEST Reg RAX, Reg RAX 3
174e6: JNE 174d0 (resolved immediate)
  |
  `- 174d0
174f0: RET  2
  |
  `- 
