Number of assembly instructions     = 17
Number of indirect branches         = 0
Number of unresolved indirect jumps = 0: 
Number of unresolved indirect calls = 0: 
Number of symbolic states (representative of non-determinism): 17
Number of edges: 16

178a0 (False): 0

178a0: PUSH Reg RBP 1
178a1: PUSH Reg RBX 1
178a2: MOV Reg RBX, Reg RDI 3
178a5: MOV Reg RBP, Reg RSI 3
178a8: MOV Reg RCX, Reg RSI 3
178ab: LEA Reg RDX, Address (SizeDir 64 (AddrPlus (FromReg RIP) (AddrImm 58206))) 7
178b2: SUB Reg RSP, Immediate 8 4
178b6: MOV Reg RDI, Address (SizeDir 64 (AddrPlus (FromReg RDI) (AddrImm 1224))) 7
178bd: LEA Reg RSI, Address (SizeDir 64 (AddrPlus (FromReg RIP) (AddrImm 56026))) 7
178c4: XOR Reg EAX, Reg EAX 2
178c6: CALL xc_dom_printf (external)
178cb: MOV Address (SizeDir 64 (AddrPlus (FromReg RBX) (AddrImm 160))), Reg RBP 7
178d2: ADD Reg RSP, Immediate 8 4
178d6: XOR Reg EAX, Reg EAX 2
178d8: POP Reg RBX 1
178d9: POP Reg RBP 1
178da: RET  1
  |
  `- 
