Number of assembly instructions     = 50
Number of indirect branches         = 0
Number of unresolved indirect jumps = 0: 
Number of unresolved indirect calls = 0: 
Number of symbolic states (representative of non-determinism): 69
Number of edges: 105

16100 (True): 16458, 16472, 164a1
16410 (False): 0

16100: CMP Reg RDX, Immediate 33554432 7
16107: MOV Reg RCX, Reg RDX 3
1610a: JA 16148 (resolved immediate)
  |
  `- 1610c,16148
1610c: CMP Reg RDX, Immediate 32768 7
16113: JA 16130 (resolved immediate)
  |
  `- 16115,16130
16115: MOV Reg RDX, Reg RSI 3
16118: LEA Reg RSI, Address (AddrPlus (FromReg RIP) (AddrImm 61557)) 7
1611f: XOR Reg EAX, Reg EAX 2
16121: JMP xc_dom_printf (jmp to external function)
  |
  `- 
16130: MOV Reg RDX, Reg RSI 3
16133: LEA Reg RSI, Address (AddrPlus (FromReg RIP) (AddrImm 61515)) 7
1613a: SHR Reg RCX, Immediate 10 4
1613e: XOR Reg EAX, Reg EAX 2
16140: JMP xc_dom_printf (jmp to external function)
  |
  `- 
16148: MOV Reg RDX, Reg RSI 3
1614b: LEA Reg RSI, Address (AddrPlus (FromReg RIP) (AddrImm 61476)) 7
16152: SHR Reg RCX, Immediate 20 4
16156: XOR Reg EAX, Reg EAX 2
16158: JMP xc_dom_printf (jmp to external function)
  |
  `- 
16410: PUSH Reg RBX 1
16411: MOV Reg RBX, Reg RDI 3
16414: MOV Reg RDI, Address (SizeDir 64 (AddrPlus (FromReg RDI) (AddrImm 1224))) 7
1641b: LEA Reg RSI, Address (AddrPlus (FromReg RIP) (AddrImm 62046)) 7
16422: XOR Reg EAX, Reg EAX 2
16424: CALL xc_dom_printf (external)
16429: MOV Reg RDI, Address (SizeDir 64 (AddrPlus (FromReg RBX) (AddrImm 1224))) 7
16430: LEA Reg RSI, Address (AddrPlus (FromReg RIP) (AddrImm 60822)) 7
16437: XOR Reg EAX, Reg EAX 2
16439: CALL xc_dom_printf (external)
1643e: MOV Reg RDX, Address (SizeDir 64 (AddrPlus (FromReg RBX) (AddrImm 1160))) 7
16445: MOV Reg RDI, Address (SizeDir 64 (AddrPlus (FromReg RBX) (AddrImm 1224))) 7
1644c: LEA Reg RSI, Address (AddrPlus (FromReg RIP) (AddrImm 60807)) 7
16453: CALL print_mem.isra.1 (internal)
  |
  `- 16100
16458: MOV Reg RDX, Address (SizeDir 64 (AddrPlus (FromReg RBX) (AddrImm 1168))) 7
1645f: MOV Reg RDI, Address (SizeDir 64 (AddrPlus (FromReg RBX) (AddrImm 1224))) 7
16466: LEA Reg RSI, Address (AddrPlus (FromReg RIP) (AddrImm 60794)) 7
1646d: CALL print_mem.isra.1 (internal)
16472: MOV Reg RDI, Address (SizeDir 64 (AddrPlus (FromReg RBX) (AddrImm 1224))) 7
16479: LEA Reg RSI, Address (AddrPlus (FromReg RIP) (AddrImm 60791)) 7
16480: XOR Reg EAX, Reg EAX 2
16482: CALL xc_dom_printf (external)
16487: MOV Reg RDX, Address (SizeDir 64 (AddrPlus (FromReg RBX) (AddrImm 1176))) 7
1648e: MOV Reg RDI, Address (SizeDir 64 (AddrPlus (FromReg RBX) (AddrImm 1224))) 7
16495: LEA Reg RSI, Address (AddrPlus (FromReg RIP) (AddrImm 60773)) 7
1649c: CALL print_mem.isra.1 (internal)
164a1: MOV Reg RDX, Address (SizeDir 64 (AddrPlus (FromReg RBX) (AddrImm 1184))) 7
164a8: MOV Reg RDI, Address (SizeDir 64 (AddrPlus (FromReg RBX) (AddrImm 1224))) 7
164af: LEA Reg RSI, Address (AddrPlus (FromReg RIP) (AddrImm 60763)) 7
164b6: POP Reg RBX 1
164b7: JMP 16100 (resolved immediate)
  |
  `- 16100
