Number of assembly instructions     = 18
Number of indirect branches         = 0
Number of unresolved indirect jumps = 0: 
Number of unresolved indirect calls = 0: 
Number of symbolic states (representative of non-determinism): 18
Number of edges: 17

17b60 (False): 0

17b60: PUSH Reg R12 2
17b62: PUSH Reg RBP 1
17b63: MOV Reg R12, Reg RSI 3
17b66: PUSH Reg RBX 1
17b67: MOV Reg RBX, Reg RDI 3
17b6a: MOV Reg RDI, Address (SizeDir 64 (AddrPlus (FromReg RDI) (AddrImm 1224))) 7
17b71: MOV Reg RBP, Reg RDX 3
17b74: LEA Reg RSI, Address (AddrPlus (FromReg RIP) (AddrImm 55296)) 7
17b7b: LEA Reg RDX, Address (AddrPlus (FromReg RIP) (AddrImm 57294)) 7
17b82: XOR Reg EAX, Reg EAX 2
17b84: CALL xc_dom_printf (external)
17b89: MOV Address (SizeDir 64 (AddrPlus (FromReg RBX) (AddrImm 136))), Reg R12 7
17b90: MOV Address (SizeDir 64 (AddrPlus (FromReg RBX) (AddrImm 144))), Reg RBP 7
17b97: XOR Reg EAX, Reg EAX 2
17b99: POP Reg RBX 1
17b9a: POP Reg RBP 1
17b9b: POP Reg R12 2
17b9d: RET  1
  |
  `- 
