Number of assembly instructions     = 53
Number of indirect branches         = 0
Number of unresolved indirect jumps = 0: 
Number of unresolved indirect calls = 0: 
Number of symbolic states (representative of non-determinism): 53
Number of edges: 55

16030 (False): 0

16030: XOR Reg EAX, Reg EAX 2
16032: CMP Address (SizeDir 64 (AddrPlus (FromReg RDI) (AddrImm 24))), Immediate 0 5
16037: JZ 16040 (resolved immediate)
  |
  `- 16039,16040
16039: REPZ RET  2
  |
  `- 
16040: PUSH Reg R12 2
16042: PUSH Reg RBP 1
16043: PUSH Reg RBX 1
16044: MOV Reg RBX, Reg RDI 3
16047: MOV Reg RDI, Address (SizeDir 64 (AddrPlus (FromReg RDI) (AddrImm 1072))) 7
1604e: TEST Reg RDI, Reg RDI 3
16051: JZ 16090 (resolved immediate)
  |
  `- 16053,16090
16053: MOV Reg EDX, Immediate 3 5
16058: MOV Reg ESI, Immediate 3 5
1605d: CALL xtl_createlogger_stdiostream (external)
16062: TEST Reg RAX, Reg RAX 3
16065: MOV Address (SizeDir 64 (AddrPlus (FromReg RBX) (AddrImm 32))), Reg RAX 4
16069: MOV Address (SizeDir 64 (AddrPlus (FromReg RBX) (AddrImm 24))), Reg RAX 4
1606d: JZ 160f8 (resolved immediate)
  |
  `- 16073,160f8
16073: LEA Reg RSI, Address (AddrPlus (FromReg RIP) (AddrImm 62774)) 7
1607a: XOR Reg EAX, Reg EAX 2
1607c: MOV Reg RDI, Reg RBX 3
1607f: CALL xc_dom_printf (external)
16084: XOR Reg EAX, Reg EAX 2
16086: POP Reg RBX 1
16087: POP Reg RBP 1
16088: POP Reg R12 2
1608a: RET  1
  |
  `- 
16090: LEA Reg RDI, Address (AddrPlus (FromReg RIP) (AddrImm 62665)) 7
16097: LEA Reg RSI, Address (AddrPlus (FromReg RIP) (AddrImm 45438)) 7
1609e: CALL fopen (external)
160a3: TEST Reg RAX, Reg RAX 3
160a6: MOV Reg RDI, Reg RAX 3
160a9: MOV Address (SizeDir 64 (AddrPlus (FromReg RBX) (AddrImm 1072))), Reg RAX 7
160b0: JNZ 16053 (resolved immediate)
  |
  `- 16053,160b2
160b2: CALL __errno_location (external)
160b7: MOV Reg R12D, Address (SizeDir 32 (FromReg RAX)) 3
160ba: MOV Reg RBP, Reg RAX 3
160bd: MOV Reg RDI, Reg RBX 3
160c0: MOV Reg ESI, Reg R12D 3
160c3: CALL xc_strerror (external)
160c8: MOV Reg R8D, Address (SizeDir 32 (AddrPlus (FromReg RBP) (AddrImm 0))) 4
160cc: LEA Reg RCX, Address (AddrPlus (FromReg RIP) (AddrImm 62605)) 7
160d3: LEA Reg RDX, Address (AddrPlus (FromReg RIP) (AddrImm 62638)) 7
160da: MOV Reg R9, Reg RAX 3
160dd: MOV Reg ESI, Immediate 1 5
160e2: XOR Reg EAX, Reg EAX 2
160e4: MOV Reg RDI, Reg RBX 3
160e7: CALL xc_report_error (external)
160ec: MOV Address (SizeDir 32 (AddrPlus (FromReg RBP) (AddrImm 0))), Reg R12D 4
160f0: OR Reg EAX, Immediate 4294967295 3
160f3: JMP 16086 (resolved immediate)
  |
  `- 16086
160f8: MOV Reg EAX, Immediate 4294967295 5
160fd: JMP 16086 (resolved immediate)
  |
  `- 16086
