Number of assembly instructions     = 110
Number of indirect branches         = 0
Number of unresolved indirect jumps = 0: 
Number of unresolved indirect calls = 0: 
Number of symbolic states (representative of non-determinism): 110
Number of edges: 116

18b30 (False): 0

18b30: PUSH Reg R15 2
18b32: PUSH Reg R14 2
18b34: MOV Reg R15, Reg RDI 3
18b37: PUSH Reg R13 2
18b39: PUSH Reg R12 2
18b3b: PUSH Reg RBP 1
18b3c: PUSH Reg RBX 1
18b3d: LEA Reg RBX, Address (AddrPlus (FromReg RDX) (AddrTimes (AddrImm 2) (FromReg RDX))) 4
18b41: MOV Reg RBP, Reg RDX 3
18b44: SUB Reg RSP, Immediate 40 4
18b48: MOV Reg RAX, Address (SizeDir 64 (AddrPlus (FromReg RDI) (AddrImm 2328))) 7
18b4f: SHL Reg RBX, Immediate 3 4
18b53: MOV Address (SizeDir 64 (AddrPlus (FromReg RSP) (AddrImm 24))), Reg RSI 5
18b58: MOV Reg RSI, Reg RBX 3
18b5b: MOV Reg EAX, Address (SizeDir 32 (AddrPlus (FromReg RAX) (AddrImm 96))) 3
18b5e: MOV Address (SizeDir 32 (AddrPlus (FromReg RSP) (AddrImm 20))), Reg EAX 4
18b62: CALL xc_dom_malloc (external)
18b67: TEST Reg RAX, Reg RAX 3
18b6a: MOV Address (SizeDir 64 (AddrPlus (FromReg RSP) (AddrImm 8))), Reg RAX 5
18b6f: JZ 18c3d (resolved immediate)
  |
  `- 18b75,18c3d
18b75: TEST Reg RBP, Reg RBP 3
18b78: JZ 18be7 (resolved immediate)
  |
  `- 18b7a,18be7
18b7a: MOV Reg RAX, Address (SizeDir 64 (AddrPlus (FromReg RSP) (AddrImm 8))) 5
18b7f: MOV Reg R14, Address (SizeDir 64 (AddrPlus (FromReg RSP) (AddrImm 24))) 5
18b84: MOV Reg R12, Immediate 18446744073709551615 7
18b8b: LEA Reg R13, Address (AddrPlus (FromReg RAX) (AddrImm 8)) 4
18b8f: LEA Reg RBX, Address (AddrPlus (AddrPlus (FromReg RAX) (FromReg RBX)) (AddrImm 8)) 5
18b94: NOP  4
18b98: MOV Reg RDI, Reg R15 3
18b9b: CALL xc_dom_translated (external)
18ba0: TEST Reg AL, Reg AL 2
18ba2: MOV Reg RSI, Reg R14 3
18ba5: JNZ 18bd6 (resolved immediate)
  |
  `- 18ba7,18bd6
18ba7: MOV Reg RAX, Address (SizeDir 64 (AddrPlus (FromReg R15) (AddrImm 1120))) 7
18bae: MOV Reg RSI, Reg R12 3
18bb1: CMP Reg RAX, Reg R14 3
18bb4: JA 18bd6 (resolved immediate)
  |
  `- 18bb6,18bd6
18bb6: MOV Reg RDI, Address (SizeDir 64 (AddrPlus (FromReg R15) (AddrImm 1128))) 7
18bbd: ADD Reg RDI, Reg RAX 3
18bc0: CMP Reg RDI, Reg R14 3
18bc3: JBE 18bd6 (resolved immediate)
  |
  `- 18bc5,18bd6
18bc5: MOV Reg RSI, Reg R14 3
18bc8: SUB Reg RSI, Reg RAX 3
18bcb: MOV Reg RAX, Address (SizeDir 64 (AddrPlus (FromReg R15) (AddrImm 1104))) 7
18bd2: MOV Reg RSI, Address (SizeDir 64 (AddrPlus (FromReg RAX) (AddrTimes (AddrImm 8) (FromReg RSI)))) 4
18bd6: MOV Address (SizeDir 64 (AddrPlus (FromReg R13) (AddrImm 0))), Reg RSI 4
18bda: ADD Reg R13, Immediate 24 4
18bde: ADD Reg R14, Immediate 1 4
18be2: CMP Reg R13, Reg RBX 3
18be5: JNZ 18b98 (resolved immediate)
  |
  `- 18b98,18be7
18be7: MOV Reg EAX, Address (SizeDir 32 (AddrPlus (FromReg RSP) (AddrImm 20))) 4
18beb: SUB Reg RSP, Immediate 8 4
18bef: MOV Reg R8D, Immediate 1 6
18bf5: PUSH Reg RBP 1
18bf6: MOV Reg ESI, Address (SizeDir 32 (AddrPlus (FromReg R15) (AddrImm 1232))) 7
18bfd: MOV Reg RDX, Reg RBP 3
18c00: MOV Reg R9, Address (SizeDir 64 (AddrPlus (FromReg RSP) (AddrImm 24))) 5
18c05: MOV Reg RDI, Address (SizeDir 64 (AddrPlus (FromReg R15) (AddrImm 1224))) 7
18c0c: MOV Reg ECX, Reg EAX 2
18c0e: SHL Reg R8D, Reg CL 3
18c11: SHL Reg RDX, Reg CL 3
18c14: MOV Reg ECX, Immediate 3 5
18c19: MOVSXD Reg R8, Reg R8D 3
18c1c: CALL xc_map_foreign_ranges (external)
18c21: MOV Reg RBX, Reg RAX 3
18c24: TEST Reg RBX, Reg RBX 3
18c27: POP Reg RAX 1
18c28: POP Reg RDX 1
18c29: JZ 18c75 (resolved immediate)
  |
  `- 18c2b,18c75
18c2b: ADD Reg RSP, Immediate 40 4
18c2f: MOV Reg RAX, Reg RBX 3
18c32: POP Reg RBX 1
18c33: POP Reg RBP 1
18c34: POP Reg R12 2
18c36: POP Reg R13 2
18c38: POP Reg R14 2
18c3a: POP Reg R15 2
18c3c: RET  1
  |
  `- 
18c3d: MOV Reg RDI, Address (SizeDir 64 (AddrPlus (FromReg R15) (AddrImm 1224))) 7
18c44: PUSH Reg RBP 1
18c45: LEA Reg RSI, Address (AddrPlus (FromReg RIP) (AddrImm 53711)) 7
18c4c: PUSH Address (SizeDir 64 (AddrPlus (FromReg RSP) (AddrImm 32))) 4
18c50: LEA Reg R9, Address (AddrPlus (FromReg RIP) (AddrImm 54905)) 7
18c57: LEA Reg R8, Address (AddrPlus (FromReg RIP) (AddrImm 54114)) 7
18c5e: MOV Reg ECX, Immediate 1 5
18c63: MOV Reg EDX, Immediate 143 5
18c68: XOR Reg EAX, Reg EAX 2
18c6a: CALL xc_dom_panic_func (external)
18c6f: XOR Reg EBX, Reg EBX 2
18c71: POP Reg RCX 1
18c72: POP Reg RSI 1
18c73: JMP 18c2b (resolved immediate)
  |
  `- 18c2b
18c75: CALL __errno_location (external)
18c7a: MOV Reg R12D, Address (SizeDir 32 (FromReg RAX)) 3
18c7d: MOV Reg EDI, Reg R12D 3
18c80: CALL strerror (external)
18c85: MOV Reg RDI, Address (SizeDir 64 (AddrPlus (FromReg R15) (AddrImm 1224))) 7
18c8c: PUSH Reg RAX 1
18c8d: LEA Reg R9, Address (AddrPlus (FromReg RIP) (AddrImm 54844)) 7
18c94: PUSH Reg R12 2
18c96: LEA Reg R8, Address (AddrPlus (FromReg RIP) (AddrImm 54107)) 7
18c9d: PUSH Reg RBP 1
18c9e: LEA Reg RSI, Address (AddrPlus (FromReg RIP) (AddrImm 53622)) 7
18ca5: PUSH Address (SizeDir 64 (AddrPlus (FromReg RSP) (AddrImm 48))) 4
18ca9: MOV Reg ECX, Immediate 1 5
18cae: MOV Reg EDX, Immediate 159 5
18cb3: XOR Reg EAX, Reg EAX 2
18cb5: CALL xc_dom_panic_func (external)
18cba: ADD Reg RSP, Immediate 32 4
18cbe: JMP 18c2b (resolved immediate)
  |
  `- 18c2b
