Number of assembly instructions     = 65
Number of indirect branches         = 0
Number of unresolved indirect jumps = 0: 
Number of unresolved indirect calls = 0: 
Number of symbolic states (representative of non-determinism): 65
Number of edges: 66

16100 (True): 1654b
164c0 (False): 0

16100: CMP Reg RDX, Immediate 33554432 7
16107: MOV Reg RCX, Reg RDX 3
1610a: JA 16148 (resolved immediate)
  |
  `- 1610c,16148
1610c: CMP Reg RDX, Immediate 32768 7
16113: JA 16130 (resolved immediate)
  |
  `- 16115,16130
16115: MOV Reg RDX, Reg RSI 3
16118: LEA Reg RSI, Address (SizeDir 64 (AddrPlus (FromReg RIP) (AddrImm 61557))) 7
1611f: XOR Reg EAX, Reg EAX 2
16121: JMP xc_dom_printf (jmp to external function)
  |
  `- 
16130: MOV Reg RDX, Reg RSI 3
16133: LEA Reg RSI, Address (SizeDir 64 (AddrPlus (FromReg RIP) (AddrImm 61515))) 7
1613a: SHR Reg RCX, Immediate 10 4
1613e: XOR Reg EAX, Reg EAX 2
16140: JMP xc_dom_printf (jmp to external function)
  |
  `- 
16148: MOV Reg RDX, Reg RSI 3
1614b: LEA Reg RSI, Address (SizeDir 64 (AddrPlus (FromReg RIP) (AddrImm 61476))) 7
16152: SHR Reg RCX, Immediate 20 4
16156: XOR Reg EAX, Reg EAX 2
16158: JMP xc_dom_printf (jmp to external function)
  |
  `- 
164c0: PUSH Reg RBP 1
164c1: PUSH Reg RBX 1
164c2: MOV Reg RBP, Reg RDI 3
164c5: SUB Reg RSP, Immediate 24 4
164c9: CMP Reg RSI, Immediate 18446744073709551583 4
164cd: JA 16558 (resolved immediate)
  |
  `- 164d3,16558
164d3: LEA Reg RDI, Address (SizeDir 64 (AddrPlus (FromReg RSI) (AddrImm 32))) 4
164d7: MOV Reg RBX, Reg RSI 3
164da: MOV Reg ESI, Immediate 1 5
164df: CALL calloc (external)
164e4: TEST Reg RAX, Reg RAX 3
164e7: JE 16580 (resolved immediate)
  |
  `- 164ed,16580
164ed: MOV Reg RDX, Address (SizeDir 64 (AddrPlus (FromReg RBP) (AddrImm 1152))) 7
164f4: CMP Reg RBX, Immediate 102400 7
164fb: MOV Address (SizeDir 32 (AddrPlus (FromReg RAX) (AddrImm 16))), Immediate 0 7
16502: MOV Address (SizeDir 64 (AddrPlus (FromReg RBP) (AddrImm 1152))), Reg RAX 7
16509: MOV Address (SizeDir 64 (FromReg RAX)), Reg RDX 3
1650c: MOV Reg RDX, Address (SizeDir 64 (AddrPlus (FromReg RBP) (AddrImm 1160))) 7
16513: LEA Reg RDX, Address (SizeDir 64 (AddrPlus (AddrPlus (FromReg RBX) (AddrTimes (AddrImm 1) (FromReg RDX))) (AddrImm 32))) 5
16518: MOV Address (SizeDir 64 (AddrPlus (FromReg RBP) (AddrImm 1160))), Reg RDX 7
1651f: JA 16530 (resolved immediate)
  |
  `- 16521,16530
16521: ADD Reg RAX, Immediate 32 4
16525: ADD Reg RSP, Immediate 24 4
16529: POP Reg RBX 1
1652a: POP Reg RBP 1
1652b: RET  1
  |
  `- 
16530: MOV Reg RDI, Address (SizeDir 64 (AddrPlus (FromReg RBP) (AddrImm 1224))) 7
16537: LEA Reg RSI, Address (SizeDir 64 (AddrPlus (FromReg RIP) (AddrImm 63666))) 7
1653e: MOV Reg RDX, Reg RBX 3
16541: MOV Address (SizeDir 64 (AddrPlus (FromReg RSP) (AddrImm 8))), Reg RAX 5
16546: CALL print_mem.isra.1 (internal)
  |
  `- 16100
1654b: MOV Reg RAX, Address (SizeDir 64 (AddrPlus (FromReg RSP) (AddrImm 8))) 5
16550: JMP 16521 (resolved immediate)
  |
  `- 16521
16558: MOV Reg RDI, Address (SizeDir 64 (AddrPlus (FromReg RDI) (AddrImm 1224))) 7
1655f: LEA Reg RDX, Address (SizeDir 64 (AddrPlus (FromReg RIP) (AddrImm 63626))) 7
16566: LEA Reg RSI, Address (SizeDir 64 (AddrPlus (FromReg RIP) (AddrImm 61747))) 7
1656d: XOR Reg EAX, Reg EAX 2
1656f: CALL xc_dom_printf (external)
16574: XOR Reg EAX, Reg EAX 2
16576: JMP 16525 (resolved immediate)
  |
  `- 16525
16580: MOV Reg RDI, Address (SizeDir 64 (AddrPlus (FromReg RBP) (AddrImm 1224))) 7
16587: LEA Reg RDX, Address (SizeDir 64 (AddrPlus (FromReg RIP) (AddrImm 63586))) 7
1658e: LEA Reg RSI, Address (SizeDir 64 (AddrPlus (FromReg RIP) (AddrImm 60556))) 7
16595: CALL xc_dom_printf (external)
1659a: XOR Reg EAX, Reg EAX 2
1659c: JMP 16525 (resolved immediate)
  |
  `- 16525
