Number of assembly instructions     = 28
Number of indirect branches         = 1
Number of unresolved indirect jumps = 0: 
Number of unresolved indirect calls = 1: 18aef
Number of symbolic states (representative of non-determinism): 28
Number of edges: 28

18ac0 (False): 0

18ac0: PUSH Reg RBP 1
18ac1: PUSH Reg RBX 1
18ac2: MOV Reg RBX, Reg RDI 3
18ac5: LEA Reg RDX, Address (SizeDir 64 (AddrPlus (FromReg RIP) (AddrImm 55332))) 7
18acc: LEA Reg RSI, Address (SizeDir 64 (AddrPlus (FromReg RIP) (AddrImm 51368))) 7
18ad3: XOR Reg EAX, Reg EAX 2
18ad5: SUB Reg RSP, Immediate 8 4
18ad9: MOV Reg RDI, Address (SizeDir 64 (AddrPlus (FromReg RDI) (AddrImm 1224))) 7
18ae0: CALL xc_dom_printf (external)
18ae5: MOV Reg RAX, Address (SizeDir 64 (AddrPlus (FromReg RBX) (AddrImm 2328))) 7
18aec: MOV Reg RDI, Reg RBX 3
18aef: CALL Address (SizeDir 64 (AddrPlus (FromReg RAX) (AddrImm 72))) 3
18af2: TEST Reg EAX, Reg EAX 2
18af4: MOV Reg EBP, Reg EAX 2
18af6: JE 18b25 (resolved immediate)
  |
  `- 18af8,18b25
18af8: MOV Reg RDI, Address (SizeDir 64 (AddrPlus (FromReg RBX) (AddrImm 1224))) 7
18aff: LEA Reg R9, Address (SizeDir 64 (AddrPlus (FromReg RIP) (AddrImm 55274))) 7
18b06: LEA Reg R8, Address (SizeDir 64 (AddrPlus (FromReg RIP) (AddrImm 54403))) 7
18b0d: LEA Reg RSI, Address (SizeDir 64 (AddrPlus (FromReg RIP) (AddrImm 54023))) 7
18b14: MOV Reg ECX, Immediate 4 5
18b19: MOV Reg EDX, Immediate 122 5
18b1e: XOR Reg EAX, Reg EAX 2
18b20: CALL xc_dom_panic_func (external)
18b25: ADD Reg RSP, Immediate 8 4
18b29: MOV Reg EAX, Reg EBP 2
18b2b: POP Reg RBX 1
18b2c: POP Reg RBP 1
18b2d: RET  1
  |
  `- 
