Number of assembly instructions     = 1065
Number of indirect branches         = 11
Number of unresolved indirect jumps = 0: 
Number of unresolved indirect calls = 11: d18f, d240, d33a, d3c9, d3f3, d401, d414, d427, df8e, e06a, e241
Number of symbolic states (representative of non-determinism): 1065
Number of edges: 1134

d120 (True): d6a7, e1da
df20 (True): e70c
e410 (False): 0

d120: PUSH Reg R15 2
d122: PUSH Reg R14 2
d124: MOV Reg R14, Reg RDI 3
d127: PUSH Reg R13 2
d129: PUSH Reg R12 2
d12b: PUSH Reg RBP 1
d12c: PUSH Reg RBX 1
d12d: MOV Reg RBX, Reg RSI 3
d130: SUB Reg RSP, Immediate 168 7
d137: MOV Reg RAX, Address (SizeDir 64 (AddrPlus (FromReg FS) (AddrImm 40))) 9
d140: MOV Address (SizeDir 64 (AddrPlus (FromReg RSP) (AddrImm 152))), Reg RAX 8
d148: XOR Reg EAX, Reg EAX 2
d14a: MOV Reg RAX, Address (SizeDir 64 (FromReg RDI)) 3
d14d: MOV Address (SizeDir 64 (AddrPlus (FromReg RSP) (AddrImm 32))), Reg RAX 5
d152: MOV Reg EAX, Address (SizeDir 32 (FromReg RSI)) 2
d154: CMP Reg EAX, Immediate 1 3
d157: JE d250 (resolved immediate)
  |
  `- d15d,d250
d15d: MOV Reg EBP, Immediate 0 5
d162: JB d1c0 (resolved immediate)
  |
  `- d164,d1c0
d164: CMP Reg EAX, Immediate 13 3
d167: JE d200 (resolved immediate)
  |
  `- d16d,d200
d16d: CMP Reg EAX, Immediate 14 3
d170: JNE d240 (resolved immediate)
  |
  `- d176,d240
d176: MOV Reg ESI, Address (SizeDir 32 (AddrPlus (FromReg RDI) (AddrImm 268))) 6
d17c: TEST Reg ESI, Reg ESI 2
d17e: JE d751 (resolved immediate)
  |
  `- d184,d751
d184: MOV Reg RAX, Address (SizeDir 64 (AddrPlus (FromReg RDI) (AddrImm 192))) 7
d18b: MOV Reg RDI, Address (SizeDir 64 (AddrPlus (FromReg RAX) (AddrImm 40))) 4
d18f: CALL Address (SizeDir 64 (AddrPlus (FromReg RAX) (AddrImm 16))) 3
d192: CMP Reg EAX, Immediate 1 3
d195: JE d3a0 (resolved immediate)
  |
  `- d19b,d3a0
d19b: CMP Reg EAX, Immediate 2 3
d19e: JNE d440 (resolved immediate)
  |
  `- d1a4,d440
d1a4: CMP Address (SizeDir 8 (AddrPlus (FromReg R14) (AddrImm 272))), Immediate 0 8
d1ac: JE d440 (resolved immediate)
  |
  `- d1b2,d440
d1b2: MOV Reg EBP, Immediate 2 5
d1b7: NOP  9
d1c0: MOV Reg RDI, Address (SizeDir 64 (AddrPlus (FromReg RBX) (AddrImm 8))) 4
d1c4: CALL free (external)
d1c9: MOV Reg RCX, Address (SizeDir 64 (AddrPlus (FromReg RSP) (AddrImm 152))) 8
d1d1: XOR Reg RCX, Address (SizeDir 64 (AddrPlus (FromReg FS) (AddrImm 40))) 9
d1da: MOV Address (SizeDir 64 (AddrPlus (FromReg RBX) (AddrImm 8))), Immediate 0 8
d1e2: MOV Reg EAX, Reg EBP 2
d1e4: JNE de07 (resolved immediate)
  |
  `- d1ea,de07
d1ea: ADD Reg RSP, Immediate 168 7
d1f1: POP Reg RBX 1
d1f2: POP Reg RBP 1
d1f3: POP Reg R12 2
d1f5: POP Reg R13 2
d1f7: POP Reg R14 2
d1f9: POP Reg R15 2
d1fb: RET  1
  |
  `- 
d200: CALL __errno_location (external)
d205: MOV Reg RDI, Address (SizeDir 64 (AddrPlus (FromReg RSP) (AddrImm 32))) 5
d20a: MOV Reg R13D, Address (SizeDir 32 (FromReg RAX)) 3
d20d: LEA Reg R8, Address (SizeDir 64 (AddrPlus (FromReg RIP) (AddrImm 91086))) 7
d214: MOV Reg R12, Reg RAX 3
d217: XOR Reg ECX, Reg ECX 2
d219: MOV Reg EDX, Immediate 3 5
d21e: XOR Reg EAX, Reg EAX 2
d220: MOV Reg RSI, Address (SizeDir 64 (AddrPlus (FromReg RDI) (AddrImm 8))) 4
d224: CALL xc_report (external)
d229: MOV Address (SizeDir 32 (FromReg R12)), Reg R13D 4
d22d: MOV Address (SizeDir 8 (AddrPlus (FromReg R14) (AddrImm 344))), Immediate 1 8
d235: JMP d1c0 (resolved immediate)
  |
  `- d1c0
d240: CALL Address (SizeDir 64 (AddrPlus (FromReg RDI) (AddrImm 168))) 6
d246: MOV Reg EBP, Reg EAX 2
d248: JMP d1c0 (resolved immediate)
  |
  `- d1c0
d250: MOV Reg R13D, Address (SizeDir 32 (AddrPlus (FromReg RSI) (AddrImm 4))) 4
d254: MOV Reg R12, Address (SizeDir 64 (AddrPlus (FromReg RSI) (AddrImm 8))) 4
d258: CMP Reg R13D, Immediate 7 4
d25c: JBE d705 (resolved immediate)
  |
  `- d262,d705
d262: MOV Reg R15D, Address (SizeDir 32 (FromReg R12)) 4
d266: TEST Reg R15D, Reg R15D 3
d269: JE dcd0 (resolved immediate)
  |
  `- d26f,dcd0
d26f: MOV Reg EBP, Reg R15D 3
d272: MOV Reg EAX, Reg R13D 3
d275: LEA Reg RDI, Address (SizeDir 64 (AddrPlus (AddrTimes (AddrImm 8) (FromReg RBP)) (AddrImm 8))) 8
d27d: CMP Reg RAX, Reg RDI 3
d280: JB dbec (resolved immediate)
  |
  `- d286,dbec
d286: SUB Reg RDI, Immediate 8 4
d28a: CALL malloc (external)
d28f: LEA Reg RDI, Address (SizeDir 64 (AddrTimes (AddrImm 4) (FromReg RBP))) 8
d297: MOV Reg R13, Reg RAX 3
d29a: MOV Address (SizeDir 64 (AddrPlus (FromReg RSP) (AddrImm 8))), Reg RAX 5
d29f: CALL malloc (external)
d2a4: TEST Reg R13, Reg R13 3
d2a7: MOV Address (SizeDir 64 (AddrPlus (FromReg RSP) (AddrImm 16))), Reg RAX 5
d2ac: JE dd13 (resolved immediate)
  |
  `- d2b2,dd13
d2b2: TEST Reg RAX, Reg RAX 3
d2b5: JE dd13 (resolved immediate)
  |
  `- d2bb,dd13
d2bb: XOR Reg R13D, Reg R13D 3
d2be: MOV Address (SizeDir 64 (AddrPlus (FromReg RSP) (AddrImm 40))), Reg RBX 5
d2c3: MOV Address (SizeDir 32 (AddrPlus (FromReg RSP) (AddrImm 24))), Immediate 0 8
d2cb: MOV Reg RBX, Reg R12 3
d2ce: MOV Reg R12D, Reg R13D 3
d2d1: JMP d31f (resolved immediate)
  |
  `- d31f
d2d8: MOV Reg EDX, Address (SizeDir 32 (AddrPlus (FromReg RBP) (AddrImm 12))) 3
  |
  `- 
d31f: MOV Reg R13D, Reg R12D 3
d322: MOVABS Reg R15, Immediate 4503599627370495 10
d32c: MOV Reg RDI, Reg R14 3
d32f: LEA Reg RBP, Address (SizeDir 64 (AddrPlus (FromReg RBX) (AddrTimes (AddrImm 8) (FromReg R13)))) 4
d333: AND Reg R15, Address (SizeDir 64 (AddrPlus (FromReg RBP) (AddrImm 8))) 4
d337: MOV Reg RSI, Reg R15 3
d33a: CALL Address (SizeDir 64 (AddrPlus (FromReg R14) (AddrImm 128))) 7
d341: TEST Reg AL, Reg AL 2
d343: JNE d2d8 (resolved immediate)
  |
  `- d2d8,d345
d345: CALL __errno_location (external)
d34a: MOV Reg R13D, Reg R12D 3
d34d: MOV Reg RDI, Address (SizeDir 64 (AddrPlus (FromReg RSP) (AddrImm 32))) 5
d352: MOV Reg R12D, Address (SizeDir 32 (FromReg RAX)) 3
  |
  `- 
d37f: MOV Reg RDI, Address (SizeDir 64 (AddrPlus (FromReg RSP) (AddrImm 16))) 5
d384: CALL free (external)
d389: MOV Reg RDI, Address (SizeDir 64 (AddrPlus (FromReg RSP) (AddrImm 8))) 5
d38e: CALL free (external)
d393: JMP d1c0 (resolved immediate)
  |
  `- d1c0
d3a0: CMP Address (SizeDir 8 (AddrPlus (FromReg R14) (AddrImm 272))), Immediate 0 8
d3a8: JNE d638 (resolved immediate)
  |
  `- d3ae,d638
d3ae: MOV Address (SizeDir 8 (AddrPlus (FromReg R14) (AddrImm 272))), Immediate 1 8
d3b6: XOR Reg EBP, Reg EBP 2
d3b8: CMP Address (SizeDir 32 (AddrPlus (FromReg R14) (AddrImm 268))), Immediate 2 8
d3c0: JNE d1c0 (resolved immediate)
  |
  `- d1c0,d3c6
d3c6: MOV Reg RDI, Reg R14 3
d3c9: CALL Address (SizeDir 64 (AddrPlus (FromReg R14) (AddrImm 176))) 7
d3d0: TEST Reg EAX, Reg EAX 2
d3d2: MOV Reg EBP, Reg EAX 2
d3d4: JNE d1c0 (resolved immediate)
  |
  `- d1c0,d3da
d3da: MOV Reg RAX, Address (SizeDir 64 (AddrPlus (FromReg R14) (AddrImm 192))) 7
d3e1: MOV Reg RSI, Address (SizeDir 64 (AddrPlus (FromReg R14) (AddrImm 304))) 7
d3e8: MOV Reg RDI, Address (SizeDir 64 (AddrPlus (FromReg R14) (AddrImm 296))) 7
d3ef: MOV Reg RDX, Address (SizeDir 64 (AddrPlus (FromReg RAX) (AddrImm 40))) 4
d3f3: CALL Address (SizeDir 64 (AddrPlus (FromReg RAX) (AddrImm 32))) 3
d3f6: MOV Reg RAX, Address (SizeDir 64 (AddrPlus (FromReg R14) (AddrImm 192))) 7
d3fd: MOV Reg RDI, Address (SizeDir 64 (AddrPlus (FromReg RAX) (AddrImm 40))) 4
d401: CALL Address (SizeDir 64 (AddrPlus (FromReg RAX) (AddrImm 8))) 3
d404: CMP Reg EAX, Immediate 1 3
d407: JNE d432 (resolved immediate)
  |
  `- d409,d432
d409: MOV Reg RAX, Address (SizeDir 64 (AddrPlus (FromReg R14) (AddrImm 192))) 7
d410: MOV Reg RDI, Address (SizeDir 64 (AddrPlus (FromReg RAX) (AddrImm 40))) 4
d414: CALL Address (SizeDir 64 (AddrPlus (FromReg RAX) (AddrImm 24))) 3
d417: CMP Reg EAX, Immediate 1 3
d41a: JNE d432 (resolved immediate)
  |
  `- d41c,d432
d41c: MOV Reg RAX, Address (SizeDir 64 (AddrPlus (FromReg R14) (AddrImm 192))) 7
d423: MOV Reg RDI, Address (SizeDir 64 (AddrPlus (FromReg RAX) (AddrImm 40))) 4
d427: CALL Address (SizeDir 64 (FromReg RAX)) 2
d429: CMP Reg EAX, Immediate 1 3
d42c: JE d9bb (resolved immediate)
  |
  `- d432,d9bb
d432: CMP Reg EAX, Immediate 2 3
d435: JE d1b2 (resolved immediate)
  |
  `- d1b2,d43b
d43b: NOP  5
d440: MOV Reg EBP, Immediate 4294967295 5
d445: JMP d1c0 (resolved immediate)
  |
  `- d1c0
d638: CALL __errno_location (external)
d63d: MOV Reg RDI, Address (SizeDir 64 (AddrPlus (FromReg RSP) (AddrImm 32))) 5
d642: MOV Reg EBP, Address (SizeDir 32 (FromReg RAX)) 2
d644: LEA Reg R8, Address (SizeDir 64 (AddrPlus (FromReg RIP) (AddrImm 90027))) 7
d64b: XOR Reg ECX, Reg ECX 2
d64d: MOV Reg R12, Reg RAX 3
d650: MOV Reg EDX, Immediate 5 5
d655: XOR Reg EAX, Reg EAX 2
d657: MOV Reg RSI, Address (SizeDir 64 (AddrPlus (FromReg RDI) (AddrImm 8))) 4
d65b: CALL xc_report (external)
d660: MOV Address (SizeDir 32 (FromReg R12)), Reg EBP 4
d664: MOV Reg ECX, Address (SizeDir 32 (AddrPlus (FromReg R14) (AddrImm 292))) 7
d66b: TEST Reg ECX, Reg ECX 2
d66d: JE d95c (resolved immediate)
  |
  `- d673,d95c
d673: XOR Reg R13D, Reg R13D 3
d676: JMP d691 (resolved immediate)
  |
  `- d691
d680: ADD Reg R13D, Immediate 1 4
d684: CMP Reg R13D, Address (SizeDir 32 (AddrPlus (FromReg R14) (AddrImm 292))) 7
d68b: JAE d95c (resolved immediate)
  |
  `- d691,d95c
d691: MOV Reg ESI, Reg R13D 3
d694: MOV Reg RDI, Reg R14 3
d697: SHL Reg RSI, Immediate 4 4
d69b: ADD Reg RSI, Address (SizeDir 64 (AddrPlus (FromReg R14) (AddrImm 280))) 7
d6a2: CALL process_record (internal)
d6a7: TEST Reg EAX, Reg EAX 2
d6a9: JE d680 (resolved immediate)
  |
  `- d680,d6ab
d6ab: MOV Reg EBP, Reg EAX 2
d6ad: JMP d1c0 (resolved immediate)
  |
  `- d1c0
d705: CALL __errno_location (external)
d70a: MOV Reg RDI, Address (SizeDir 64 (AddrPlus (FromReg RSP) (AddrImm 32))) 5
d70f: MOV Reg R12D, Address (SizeDir 32 (FromReg RAX)) 3
d712: LEA Reg RDX, Address (SizeDir 64 (AddrPlus (FromReg RIP) (AddrImm 87919))) 7
d719: MOV Reg RBP, Reg RAX 3
d71c: MOV Reg R8D, Immediate 8 6
d722: MOV Reg ECX, Reg R13D 3
d725: MOV Reg ESI, Immediate 1 5
d72a: XOR Reg EAX, Reg EAX 2
d72c: CALL xc_report_error (external)
d731: MOV Address (SizeDir 32 (FromReg RBP)), Reg R12D 4
d735: MOV Address (SizeDir 64 (AddrPlus (FromReg RSP) (AddrImm 16))), Immediate 0 9
d73e: MOV Reg EBP, Immediate 4294967295 5
d743: MOV Address (SizeDir 64 (AddrPlus (FromReg RSP) (AddrImm 8))), Immediate 0 9
d74c: JMP d37f (resolved immediate)
  |
  `- d37f
d751: CALL __errno_location (external)
d756: MOV Reg RDI, Address (SizeDir 64 (AddrPlus (FromReg RSP) (AddrImm 32))) 5
d75b: MOV Reg R12D, Address (SizeDir 32 (FromReg RAX)) 3
d75e: LEA Reg RDX, Address (SizeDir 64 (AddrPlus (FromReg RIP) (AddrImm 88531))) 7
d765: MOV Reg RBP, Reg RAX 3
d768: MOV Reg ESI, Immediate 1 5
d76d: XOR Reg EAX, Reg EAX 2
d76f: CALL xc_report_error (external)
d774: MOV Address (SizeDir 32 (FromReg RBP)), Reg R12D 4
d778: OR Reg EBP, Immediate 4294967295 3
d77b: JMP d1c0 (resolved immediate)
  |
  `- d1c0
d95c: MOV Reg RDI, Address (SizeDir 64 (AddrPlus (FromReg RSP) (AddrImm 32))) 5
d961: MOV Address (SizeDir 32 (AddrPlus (FromReg R14) (AddrImm 292))), Immediate 0 11
d96c: LEA Reg R8, Address (SizeDir 64 (AddrPlus (FromReg RIP) (AddrImm 89240))) 7
d973: MOV Reg EBP, Address (SizeDir 32 (FromReg R12)) 4
d977: XOR Reg ECX, Reg ECX 2
d979: MOV Reg EDX, Immediate 5 5
d97e: XOR Reg EAX, Reg EAX 2
d980: MOV Reg RSI, Address (SizeDir 64 (AddrPlus (FromReg RDI) (AddrImm 8))) 4
d984: CALL xc_report (external)
d989: MOV Address (SizeDir 32 (FromReg R12)), Reg EBP 4
d98d: JMP d3b6 (resolved immediate)
  |
  `- d3b6
d9bb: MOV Reg R8, Address (SizeDir 64 (AddrPlus (FromReg R14) (AddrImm 208))) 7
d9c2: LEA Reg RAX, Address (SizeDir 64 (AddrPlus (FromReg RSP) (AddrImm 120))) 5
d9c7: MOV Reg R12, Address (SizeDir 64 (FromReg R14)) 3
d9ca: MOV Reg ESI, Address (SizeDir 32 (AddrPlus (FromReg R14) (AddrImm 8))) 4
d9ce: MOV Address (SizeDir 32 (AddrPlus (FromReg RSP) (AddrImm 120))), Immediate 0 8
d9d6: LEA Reg RCX, Address (SizeDir 64 (AddrPlus (FromReg R14) (AddrImm 216))) 7
d9dd: MOV Address (SizeDir 64 (AddrPlus (FromReg RSP) (AddrImm 132))), Immediate 0 12
d9e9: MOV Address (SizeDir 32 (AddrPlus (FromReg RSP) (AddrImm 140))), Immediate 0 11
d9f4: XOR Reg R9D, Reg R9D 3
d9f7: MOV Address (SizeDir 32 (AddrPlus (FromReg RSP) (AddrImm 124))), Reg R8D 5
d9fc: MOV Address (SizeDir 32 (AddrPlus (FromReg RSP) (AddrImm 128))), Immediate 15 11
da07: MOV Reg EDX, Immediate 11 5
da0c: MOV Reg R13, Address (SizeDir 64 (AddrPlus (FromReg R14) (AddrImm 216))) 7
da13: PUSH Reg RAX 1
da14: MOV Reg RDI, Reg R12 3
da17: PUSH Immediate 0 2
da19: CALL xc_shadow_control (external)
da1e: MOVSXD Reg RSI, Reg EAX 3
da21: CMP Reg RSI, Address (SizeDir 64 (AddrPlus (FromReg R14) (AddrImm 208))) 7
da28: POP Reg RAX 1
da29: POP Reg RDX 1
da2a: JNE de0c (resolved immediate)
  |
  `- da30,de0c
da30: XOR Reg R15D, Reg R15D 3
da33: XOR Reg EAX, Reg EAX 2
da35: TEST Reg RSI, Reg RSI 3
da38: JE ddbc (resolved immediate)
  |
  `- da3e,ddbc
da3e: NOP  2
da40: LEA Reg EDX, Address (SizeDir 32 (AddrPlus (FromReg RAX) (AddrImm 7))) 3
da43: TEST Reg EAX, Reg EAX 2
da45: MOV Reg EDI, Reg EAX 2
da47: CMOVNS Reg EDX, Reg EAX 3
da4a: SAR Reg EDI, Immediate 31 3
da4d: SAR Reg EDX, Immediate 3 3
da50: SHR Reg EDI, Immediate 29 3
da53: MOVSXD Reg RDX, Reg EDX 3
da56: LEA Reg ECX, Address (SizeDir 32 (AddrPlus (FromReg RDI) (AddrTimes (AddrImm 1) (FromReg RAX)))) 3
da59: MOVSX Reg EDX, Address (SizeDir 8 (AddrPlus (FromReg R13) (AddrTimes (AddrImm 1) (FromReg RDX)))) 6
da5f: AND Reg ECX, Immediate 7 3
da62: SUB Reg ECX, Reg EDI 2
da64: SAR Reg EDX, Reg CL 2
da66: AND Reg EDX, Immediate 1 3
da69: CMP Reg EDX, Immediate 1 3
da6c: SBB Reg R15D, Immediate 18446744073709551615 4
da70: ADD Reg RAX, Immediate 1 4
da74: CMP Reg RSI, Reg RAX 3
da77: JNE da40 (resolved immediate)
  |
  `- da40,da79
da79: MOV Reg EBP, Reg R15D 3
da7c: MOV Address (SizeDir 64 (AddrPlus (FromReg RSP) (AddrImm 8))), Reg RSI 5
da81: SHL Reg RBP, Immediate 3 4
da85: MOV Reg RDI, Reg RBP 3
da88: CALL malloc (external)
da8d: TEST Reg RAX, Reg RAX 3
da90: MOV Reg R9, Reg RAX 3
da93: MOV Reg RSI, Address (SizeDir 64 (AddrPlus (FromReg RSP) (AddrImm 8))) 5
da98: JE ddd1 (resolved immediate)
  |
  `- da9e,ddd1
da9e: XOR Reg ECX, Reg ECX 2
daa0: XOR Reg EAX, Reg EAX 2
daa2: NOP  6
daa8: LEA Reg EDX, Address (SizeDir 32 (AddrPlus (FromReg RAX) (AddrImm 7))) 3
daab: TEST Reg EAX, Reg EAX 2
daad: MOV Reg EDI, Reg EAX 2
daaf: CMOVNS Reg EDX, Reg EAX 3
dab2: SAR Reg EDI, Immediate 31 3
dab5: SAR Reg EDX, Immediate 3 3
dab8: SHR Reg EDI, Immediate 29 3
dabb: MOVSXD Reg RDX, Reg EDX 3
dabe: MOVSX Reg R8D, Address (SizeDir 8 (AddrPlus (FromReg R13) (AddrTimes (AddrImm 1) (FromReg RDX)))) 6
dac4: LEA Reg EDX, Address (SizeDir 32 (AddrPlus (FromReg RDI) (AddrTimes (AddrImm 1) (FromReg RAX)))) 3
dac7: AND Reg EDX, Immediate 7 3
daca: SUB Reg EDX, Reg EDI 2
dacc: BT Reg R8D, Reg EDX 4
dad0: JAE dae4 (resolved immediate)
  |
  `- dad2,dae4
dad2: CMP Reg R15D, Reg ECX 3
dad5: JB dd47 (resolved immediate)
  |
  `- dadb,dd47
dadb: MOV Reg EDX, Reg ECX 2
dadd: ADD Reg ECX, Immediate 1 3
dae0: MOV Address (SizeDir 64 (AddrPlus (FromReg R9) (AddrTimes (AddrImm 8) (FromReg RDX)))), Reg RAX 4
dae4: ADD Reg RAX, Immediate 1 4
dae8: CMP Reg RSI, Reg RAX 3
daeb: JNE daa8 (resolved immediate)
  |
  `- daa8,daed
daed: MOV Reg EDI, Immediate 48 5
daf2: MOV Address (SizeDir 64 (AddrPlus (FromReg RSP) (AddrImm 8))), Reg R9 5
daf7: CALL malloc (external)
dafc: TEST Reg RAX, Reg RAX 3
daff: MOV Reg R13, Reg RAX 3
db02: MOV Reg R9, Address (SizeDir 64 (AddrPlus (FromReg RSP) (AddrImm 8))) 5
db07: JE dee8 (resolved immediate)
  |
  `- db0d,dee8
db0d: LEA Reg RAX, Address (SizeDir 64 (AddrPlus (FromReg RSP) (AddrImm 128))) 8
db15: MOV Reg EDI, Address (SizeDir 32 (AddrPlus (FromReg R14) (AddrImm 200))) 7
db1c: SHL Reg R15D, Immediate 3 4
db20: MOV Address (SizeDir 64 (AddrPlus (FromReg R13) (AddrImm 32))), Reg R9 4
db24: MOV Address (SizeDir 64 (AddrPlus (FromReg R13) (AddrImm 40))), Reg RBP 4
db28: MOV Reg EDX, Immediate 3 5
db2d: MOV Address (SizeDir 64 (FromReg R13)), Reg RAX 4
db31: LEA Reg RAX, Address (SizeDir 64 (AddrPlus (FromReg RSP) (AddrImm 132))) 8
db39: MOV Address (SizeDir 64 (AddrPlus (FromReg R13) (AddrImm 8))), Immediate 4 8
db41: MOV Address (SizeDir 64 (AddrPlus (FromReg R13) (AddrImm 24))), Immediate 4 8
db49: MOV Reg RSI, Reg R13 3
db4c: MOV Address (SizeDir 64 (AddrPlus (FromReg RSP) (AddrImm 8))), Reg R9 5
db51: MOV Address (SizeDir 64 (AddrPlus (FromReg R13) (AddrImm 16))), Reg RAX 4
db55: MOV Address (SizeDir 32 (AddrPlus (FromReg RSP) (AddrImm 132))), Reg R15D 8
db5d: CALL writev_exact (external)
db62: TEST Reg EAX, Reg EAX 2
db64: MOV Reg EBP, Reg EAX 2
db66: MOV Reg R9, Address (SizeDir 64 (AddrPlus (FromReg RSP) (AddrImm 8))) 5
db6b: JNE dea5 (resolved immediate)
  |
  `- db71,dea5
db71: MOV Reg RDI, Reg R9 3
db74: CALL free (external)
db79: MOV Reg RDI, Reg R13 3
db7c: CALL free (external)
db81: JMP d1c0 (resolved immediate)
  |
  `- d1c0
dbec: CALL __errno_location (external)
dbf1: MOV Reg RDI, Address (SizeDir 64 (AddrPlus (FromReg RSP) (AddrImm 32))) 5
dbf6: MOV Reg R12D, Address (SizeDir 32 (FromReg RAX)) 3
dbf9: LEA Reg RDX, Address (SizeDir 64 (AddrPlus (FromReg RIP) (AddrImm 86760))) 7
dc00: MOV Reg RBP, Reg RAX 3
dc03: MOV Reg R8D, Reg R15D 3
dc06: MOV Reg ECX, Reg R13D 3
dc09: MOV Reg ESI, Immediate 1 5
dc0e: XOR Reg EAX, Reg EAX 2
dc10: CALL xc_report_error (external)
dc15: MOV Address (SizeDir 32 (FromReg RBP)), Reg R12D 4
dc19: MOV Address (SizeDir 64 (AddrPlus (FromReg RSP) (AddrImm 16))), Immediate 0 9
dc22: MOV Reg EBP, Immediate 4294967295 5
dc27: MOV Address (SizeDir 64 (AddrPlus (FromReg RSP) (AddrImm 8))), Immediate 0 9
dc30: JMP d37f (resolved immediate)
  |
  `- d37f
dcd0: CALL __errno_location (external)
dcd5: MOV Reg RDI, Address (SizeDir 64 (AddrPlus (FromReg RSP) (AddrImm 32))) 5
dcda: MOV Reg R12D, Address (SizeDir 32 (FromReg RAX)) 3
dcdd: LEA Reg RDX, Address (SizeDir 64 (AddrPlus (FromReg RIP) (AddrImm 86484))) 7
dce4: MOV Reg RBP, Reg RAX 3
dce7: MOV Reg ESI, Immediate 1 5
dcec: XOR Reg EAX, Reg EAX 2
dcee: CALL xc_report_error (external)
dcf3: MOV Address (SizeDir 32 (FromReg RBP)), Reg R12D 4
dcf7: MOV Address (SizeDir 64 (AddrPlus (FromReg RSP) (AddrImm 16))), Immediate 0 9
dd00: MOV Reg EBP, Immediate 4294967295 5
dd05: MOV Address (SizeDir 64 (AddrPlus (FromReg RSP) (AddrImm 8))), Immediate 0 9
dd0e: JMP d37f (resolved immediate)
  |
  `- d37f
dd13: CALL __errno_location (external)
dd18: MOV Reg RDI, Address (SizeDir 64 (AddrPlus (FromReg RSP) (AddrImm 32))) 5
dd1d: MOV Reg R12D, Address (SizeDir 32 (FromReg RAX)) 3
dd20: LEA Reg RDX, Address (SizeDir 64 (AddrPlus (FromReg RIP) (AddrImm 86545))) 7
dd27: MOV Reg RBP, Reg RAX 3
dd2a: MOV Reg ECX, Reg R15D 3
dd2d: MOV Reg ESI, Immediate 1 5
dd32: XOR Reg EAX, Reg EAX 2
dd34: CALL xc_report_error (external)
dd39: MOV Address (SizeDir 32 (FromReg RBP)), Reg R12D 4
dd3d: MOV Reg EBP, Immediate 4294967295 5
dd42: JMP d37f (resolved immediate)
  |
  `- d37f
dd47: MOV Address (SizeDir 64 (AddrPlus (FromReg RSP) (AddrImm 8))), Reg R9 5
dd4c: CALL __errno_location (external)
dd51: MOV Reg R13D, Address (SizeDir 32 (FromReg RAX)) 3
dd54: LEA Reg RDX, Address (SizeDir 64 (AddrPlus (FromReg RIP) (AddrImm 88262))) 7
dd5b: MOV Reg RBP, Reg RAX 3
dd5e: MOV Reg ESI, Immediate 1 5
dd63: MOV Reg RDI, Reg R12 3
dd66: XOR Reg EAX, Reg EAX 2
dd68: CALL xc_report_error (external)
dd6d: MOV Address (SizeDir 32 (FromReg RBP)), Reg R13D 4
dd71: MOV Reg R9, Address (SizeDir 64 (AddrPlus (FromReg RSP) (AddrImm 8))) 5
dd76: XOR Reg R13D, Reg R13D 3
dd79: MOV Reg EBP, Immediate 4294967295 5
dd7e: JMP db71 (resolved immediate)
  |
  `- db71
ddbc: XOR Reg EDI, Reg EDI 2
ddbe: XOR Reg EBP, Reg EBP 2
ddc0: CALL malloc (external)
ddc5: TEST Reg RAX, Reg RAX 3
ddc8: MOV Reg R9, Reg RAX 3
ddcb: JNE daed (resolved immediate)
  |
  `- daed,ddd1
ddd1: CALL __errno_location (external)
ddd6: MOV Reg R14D, Address (SizeDir 32 (FromReg RAX)) 3
ddd9: LEA Reg RDX, Address (SizeDir 64 (AddrPlus (FromReg RIP) (AddrImm 86968))) 7
dde0: MOV Reg R13, Reg RAX 3
dde3: MOV Reg RCX, Reg RBP 3
dde6: MOV Reg ESI, Immediate 1 5
ddeb: MOV Reg RDI, Reg R12 3
ddee: XOR Reg EAX, Reg EAX 2
ddf0: OR Reg EBP, Immediate 4294967295 3
ddf3: CALL xc_report_error (external)
ddf8: MOV Address (SizeDir 32 (FromReg R13)), Reg R14D 4
ddfc: XOR Reg R9D, Reg R9D 3
ddff: XOR Reg R13D, Reg R13D 3
de02: JMP db71 (resolved immediate)
  |
  `- db71
de07: CALL __stack_chk_fail (external)
  |
  `- 
de0c: CALL __errno_location (external)
de11: MOV Reg R13D, Address (SizeDir 32 (FromReg RAX)) 3
de14: MOV Reg RBP, Reg RAX 3
de17: MOV Reg RDI, Reg R12 3
de1a: MOV Reg ESI, Reg R13D 3
de1d: CALL xc_strerror (external)
de22: MOV Reg ECX, Address (SizeDir 32 (FromReg RBP)) 3
de25: LEA Reg RDX, Address (SizeDir 64 (AddrPlus (FromReg RIP) (AddrImm 86844))) 7
de2c: MOV Reg R8, Reg RAX 3
de2f: MOV Reg ESI, Immediate 1 5
de34: MOV Reg RDI, Reg R12 3
de37: XOR Reg EAX, Reg EAX 2
de39: CALL xc_report_error (external)
de3e: MOV Address (SizeDir 32 (FromReg RBP)), Reg R13D 4
de42: XOR Reg R9D, Reg R9D 3
de45: XOR Reg R13D, Reg R13D 3
de48: OR Reg EBP, Immediate 4294967295 3
de4b: JMP db71 (resolved immediate)
  |
  `- db71
dea5: CALL __errno_location (external)
deaa: MOV Reg R15D, Address (SizeDir 32 (FromReg RAX)) 3
dead: MOV Reg RBP, Reg RAX 3
deb0: MOV Reg RDI, Reg R12 3
deb3: MOV Reg ESI, Reg R15D 3
deb6: CALL xc_strerror (external)
debb: MOV Reg ECX, Address (SizeDir 32 (FromReg RBP)) 3
debe: LEA Reg RDX, Address (SizeDir 64 (AddrPlus (FromReg RIP) (AddrImm 86859))) 7
dec5: MOV Reg R8, Reg RAX 3
dec8: MOV Reg ESI, Immediate 1 5
decd: MOV Reg RDI, Reg R12 3
ded0: XOR Reg EAX, Reg EAX 2
ded2: CALL xc_report_error (external)
ded7: MOV Address (SizeDir 32 (FromReg RBP)), Reg R15D 4
dedb: OR Reg EBP, Immediate 4294967295 3
dede: MOV Reg R9, Address (SizeDir 64 (AddrPlus (FromReg RSP) (AddrImm 8))) 5
dee3: JMP db71 (resolved immediate)
  |
  `- db71
dee8: CALL __errno_location (external)
deed: MOV Reg R15D, Address (SizeDir 32 (FromReg RAX)) 3
def0: LEA Reg RDX, Address (SizeDir 64 (AddrPlus (FromReg RIP) (AddrImm 86753))) 7
def7: MOV Reg RBP, Reg RAX 3
defa: MOV Reg ESI, Immediate 1 5
deff: MOV Reg RDI, Reg R12 3
df02: XOR Reg EAX, Reg EAX 2
df04: CALL xc_report_error (external)
df09: MOV Address (SizeDir 32 (FromReg RBP)), Reg R15D 4
df0d: OR Reg EBP, Immediate 4294967295 3
df10: MOV Reg R9, Address (SizeDir 64 (AddrPlus (FromReg RSP) (AddrImm 8))) 5
df15: JMP db71 (resolved immediate)
  |
  `- db71
df20: PUSH Reg R15 2
df22: PUSH Reg R14 2
df24: MOV Reg R14, Reg RDI 3
df27: PUSH Reg R13 2
df29: PUSH Reg R12 2
df2b: PUSH Reg RBP 1
df2c: PUSH Reg RBX 1
df2d: SUB Reg RSP, Immediate 104 4
df31: MOV Reg R12, Address (SizeDir 64 (FromReg RDI)) 3
df34: MOV Reg RAX, Address (SizeDir 64 (AddrPlus (FromReg FS) (AddrImm 40))) 9
df3d: MOV Address (SizeDir 64 (AddrPlus (FromReg RSP) (AddrImm 88))), Reg RAX 5
df42: XOR Reg EAX, Reg EAX 2
df44: CALL __errno_location (external)
df49: MOV Reg RSI, Address (SizeDir 64 (AddrPlus (FromReg R12) (AddrImm 8))) 5
df4e: MOV Reg EBX, Address (SizeDir 32 (FromReg RAX)) 2
df50: LEA Reg R8, Address (SizeDir 64 (AddrPlus (FromReg RIP) (AddrImm 87776))) 7
df57: MOV Reg RBP, Reg RAX 3
df5a: XOR Reg ECX, Reg ECX 2
df5c: XOR Reg EAX, Reg EAX 2
df5e: MOV Reg EDX, Immediate 5 5
df63: MOV Reg RDI, Reg R12 3
df66: CALL xc_report (external)
df6b: MOV Address (SizeDir 32 (FromReg RBP)), Reg EBX 3
df6e: CMP Address (SizeDir 32 (AddrPlus (FromReg R14) (AddrImm 268))), Immediate 2 8
df76: LEA Reg RAX, Address (SizeDir 64 (AddrPlus (FromReg R14) (AddrImm 216))) 7
df7d: MOV Reg RBX, Address (SizeDir 64 (FromReg R14)) 3
df80: MOV Address (SizeDir 64 (AddrPlus (FromReg RSP) (AddrImm 16))), Reg RAX 5
df85: JE e346 (resolved immediate)
  |
  `- df8b,e346
df8b: MOV Reg RDI, Reg R14 3
df8e: CALL Address (SizeDir 64 (AddrPlus (FromReg R14) (AddrImm 160))) 7
df95: TEST Reg EAX, Reg EAX 2
df97: MOV Address (SizeDir 32 (AddrPlus (FromReg RSP) (AddrImm 12))), Reg EAX 4
df9b: JE e120 (resolved immediate)
  |
  `- dfa1,e120
dfa1: MOV Reg R13D, Address (SizeDir 32 (FromReg RBP)) 4
dfa5: MOV Reg ESI, Reg R13D 3
dfa8: MOV Reg RDI, Reg R12 3
dfab: CALL xc_strerror (external)
dfb0: MOV Reg ECX, Address (SizeDir 32 (FromReg RBP)) 3
dfb3: LEA Reg RDX, Address (SizeDir 64 (AddrPlus (FromReg RIP) (AddrImm 87727))) 7
dfba: MOV Reg R8, Reg RAX 3
dfbd: MOV Reg ESI, Immediate 1 5
dfc2: MOV Reg RDI, Reg R12 3
dfc5: XOR Reg EAX, Reg EAX 2
dfc7: CALL xc_report_error (external)
dfcc: MOV Address (SizeDir 32 (FromReg RBP)), Reg R13D 4
dfd0: MOV Reg EDX, Address (SizeDir 32 (AddrPlus (FromReg R14) (AddrImm 292))) 7
dfd7: MOV Reg RCX, Address (SizeDir 64 (AddrPlus (FromReg RSP) (AddrImm 16))) 5
dfdc: MOV Reg RAX, Immediate 18446744073709551615 7
dfe3: MOV Reg RBX, Address (SizeDir 64 (FromReg R14)) 3
dfe6: MOV Reg R12, Address (SizeDir 64 (AddrPlus (FromReg R14) (AddrImm 216))) 7
dfed: MOV Address (SizeDir 64 (AddrPlus (FromReg RSP) (AddrImm 48))), Reg RAX 5
dff2: MOV Address (SizeDir 32 (AddrPlus (FromReg RSP) (AddrImm 64))), Immediate 0 8
dffa: TEST Reg EDX, Reg EDX 2
dffc: MOV Address (SizeDir 64 (AddrPlus (FromReg RSP) (AddrImm 56))), Reg RCX 5
e001: MOV Address (SizeDir 64 (AddrPlus (FromReg RSP) (AddrImm 72))), Reg RAX 5
e006: MOV Address (SizeDir 64 (AddrPlus (FromReg RSP) (AddrImm 80))), Immediate 0 9
e00f: JE e03c (resolved immediate)
  |
  `- e011,e03c
e011: XOR Reg R15D, Reg R15D 3
e014: NOP  4
e018: MOV Reg EAX, Reg R15D 3
e01b: ADD Reg R15D, Immediate 1 4
e01f: SHL Reg RAX, Immediate 4 4
e023: ADD Reg RAX, Address (SizeDir 64 (AddrPlus (FromReg R14) (AddrImm 280))) 7
e02a: MOV Reg RDI, Address (SizeDir 64 (AddrPlus (FromReg RAX) (AddrImm 8))) 4
e02e: CALL free (external)
e033: CMP Reg R15D, Address (SizeDir 32 (AddrPlus (FromReg R14) (AddrImm 292))) 7
e03a: JB e018 (resolved immediate)
  |
  `- e018,e03c
e03c: CMP Address (SizeDir 32 (AddrPlus (FromReg R14) (AddrImm 268))), Immediate 2 8
e044: JNE e04f (resolved immediate)
  |
  `- e046,e04f
e046: TEST Reg R12, Reg R12 3
e049: JNE e0e0 (resolved immediate)
  |
  `- e04f,e0e0
e04f: MOV Reg RDI, Address (SizeDir 64 (AddrPlus (FromReg R14) (AddrImm 280))) 7
e056: CALL free (external)
e05b: MOV Reg RDI, Address (SizeDir 64 (AddrPlus (FromReg R14) (AddrImm 328))) 7
e062: CALL free (external)
e067: MOV Reg RDI, Reg R14 3
e06a: CALL Address (SizeDir 64 (AddrPlus (FromReg R14) (AddrImm 184))) 7
e071: TEST Reg EAX, Reg EAX 2
e073: JE e0a4 (resolved immediate)
  |
  `- e075,e0a4
e075: MOV Reg R12D, Address (SizeDir 32 (FromReg RBP)) 4
e079: MOV Reg RDI, Reg RBX 3
e07c: MOV Reg ESI, Reg R12D 3
e07f: CALL xc_strerror (external)
e084: MOV Reg ECX, Address (SizeDir 32 (FromReg RBP)) 3
e087: LEA Reg RDX, Address (SizeDir 64 (AddrPlus (FromReg RIP) (AddrImm 87540))) 7
e08e: MOV Reg R8, Reg RAX 3
e091: MOV Reg ESI, Immediate 1 5
e096: MOV Reg RDI, Reg RBX 3
e099: XOR Reg EAX, Reg EAX 2
e09b: CALL xc_report_error (external)
e0a0: MOV Address (SizeDir 32 (FromReg RBP)), Reg R12D 4
e0a4: MOV Reg EAX, Address (SizeDir 32 (AddrPlus (FromReg RSP) (AddrImm 12))) 4
e0a8: TEST Reg EAX, Reg EAX 2
e0aa: JE e0b0 (resolved immediate)
  |
  `- e0ac,e0b0
e0ac: MOV Address (SizeDir 32 (FromReg RBP)), Reg R13D 4
e0b0: MOV Reg RCX, Address (SizeDir 64 (AddrPlus (FromReg RSP) (AddrImm 88))) 5
e0b5: XOR Reg RCX, Address (SizeDir 64 (AddrPlus (FromReg FS) (AddrImm 40))) 9
e0be: MOV Reg EAX, Address (SizeDir 32 (AddrPlus (FromReg RSP) (AddrImm 12))) 4
e0c2: JNE e401 (resolved immediate)
  |
  `- e0c8,e401
e0c8: ADD Reg RSP, Immediate 104 4
e0cc: POP Reg RBX 1
e0cd: POP Reg RBP 1
e0ce: POP Reg R12 2
e0d0: POP Reg R13 2
e0d2: POP Reg R14 2
e0d4: POP Reg R15 2
e0d6: RET  1
  |
  `- 
e0e0: MOV Reg RAX, Address (SizeDir 64 (AddrPlus (FromReg R14) (AddrImm 208))) 7
e0e7: MOV Reg RSI, Address (SizeDir 64 (AddrPlus (FromReg RSP) (AddrImm 56))) 5
e0ec: MOV Reg RDI, Reg RBX 3
e0ef: LEA Reg EDX, Address (SizeDir 32 (AddrPlus (FromReg RAX) (AddrImm 14))) 3
e0f2: ADD Reg EAX, Immediate 7 3
e0f5: CMOVNS Reg EDX, Reg EAX 3
e0f8: LEA Reg RAX, Address (SizeDir 64 (AddrPlus (FromReg RSP) (AddrImm 48))) 5
e0fd: SAR Reg EDX, Immediate 3 3
e100: MOVSXD Reg RDX, Reg EDX 3
e103: ADD Reg RDX, Immediate 4095 7
e10a: SHR Reg RDX, Immediate 12 4
e10e: TEST Reg RSI, Reg RSI 3
e111: CMOVE Reg RSI, Reg RAX 4
e115: CALL xc__hypercall_buffer_free_pages (external)
e11a: JMP e04f (resolved immediate)
  |
  `- e04f
e120: MOV Address (SizeDir 64 (AddrPlus (FromReg R14) (AddrImm 336))), Immediate 8191 11
e12b: MOV Reg ESI, Immediate 1024 5
e130: MOV Reg EDI, Immediate 1 5
e135: CALL calloc (external)
e13a: TEST Reg RAX, Reg RAX 3
e13d: MOV Address (SizeDir 64 (AddrPlus (FromReg R14) (AddrImm 328))), Reg RAX 7
e144: JE e3bc (resolved immediate)
  |
  `- e14a,e3bc
e14a: MOV Reg EDI, Immediate 16384 5
e14f: CALL malloc (external)
e154: TEST Reg RAX, Reg RAX 3
e157: MOV Address (SizeDir 64 (AddrPlus (FromReg R14) (AddrImm 280))), Reg RAX 7
e15e: JE e3f4 (resolved immediate)
  |
  `- e164,e3f4
e164: MOV Address (SizeDir 32 (AddrPlus (FromReg R14) (AddrImm 288))), Immediate 1024 11
e16f: LEA Reg RBX, Address (SizeDir 64 (AddrPlus (FromReg RSP) (AddrImm 32))) 5
e174: LEA Reg R15, Address (SizeDir 64 (AddrPlus (FromReg RIP) (AddrImm 86421))) 7
e17b: JMP e19d (resolved immediate)
  |
  `- e19d
e180: CMP Reg EAX, Immediate 2 3
e183: JE e230 (resolved immediate)
  |
  `- e189,e230
e189: TEST Reg EAX, Reg EAX 2
e18b: JNE e306 (resolved immediate)
e191: MOV Reg ECX, Address (SizeDir 32 (AddrPlus (FromReg RSP) (AddrImm 32))) 4
e195: TEST Reg ECX, Reg ECX 2
e197: JE e230 (resolved immediate)
  |
  `- e19d,e230
e19d: MOV Reg ESI, Address (SizeDir 32 (AddrPlus (FromReg R14) (AddrImm 12))) 4
e1a1: MOV Reg RDX, Reg RBX 3
e1a4: MOV Reg RDI, Reg R14 3
e1a7: CALL read_record (external)
e1ac: TEST Reg EAX, Reg EAX 2
e1ae: JNE e2f8 (resolved immediate)
e1b4: CMP Address (SizeDir 8 (AddrPlus (FromReg R14) (AddrImm 272))), Immediate 0 8
e1bc: JE e1cf (resolved immediate)
  |
  `- e1be,e1cf
e1be: MOV Reg EAX, Address (SizeDir 32 (AddrPlus (FromReg RSP) (AddrImm 32))) 4
e1c2: TEST Reg EAX, Reg EAX 2
e1c4: JE e1cf (resolved immediate)
  |
  `- e1c6,e1cf
e1c6: CMP Reg EAX, Immediate 14 3
e1c9: JNE e280 (resolved immediate)
  |
  `- e1cf,e280
e1cf: MOV Reg RSI, Reg RBX 3
e1d2: MOV Reg RDI, Reg R14 3
e1d5: CALL process_record (internal)
  |
  `- e1da,d120
e1da: CMP Reg EAX, Immediate 1 3
e1dd: JNE e180 (resolved immediate)
  |
  `- e180,e1df
e1df: MOV Reg EDI, Address (SizeDir 32 (AddrPlus (FromReg RSP) (AddrImm 32))) 4
e1e3: MOV Reg R13D, Address (SizeDir 32 (FromReg RBP)) 4
e1e7: TEST Reg EDI, Reg EDI 2
e1e9: JNS e313 (resolved immediate)
  |
  `- e1ef,e313
e1ef: CALL rec_type_to_str (external)
e1f4: SUB Reg RSP, Immediate 8 4
e1f8: MOV Reg RSI, Address (SizeDir 64 (AddrPlus (FromReg R12) (AddrImm 8))) 5
e1fd: XOR Reg ECX, Reg ECX 2
e1ff: PUSH Reg RAX 1
e200: MOV Reg R9D, Address (SizeDir 32 (AddrPlus (FromReg RSP) (AddrImm 48))) 5
e205: MOV Reg RDI, Reg R12 3
e208: XOR Reg EAX, Reg EAX 2
e20a: MOV Reg R8, Reg R15 3
e20d: MOV Reg EDX, Immediate 3 5
e212: CALL xc_report (external)
e217: MOV Address (SizeDir 32 (FromReg RBP)), Reg R13D 4
e21b: POP Reg RSI 1
e21c: POP Reg RDI 1
e21d: MOV Reg ECX, Address (SizeDir 32 (AddrPlus (FromReg RSP) (AddrImm 32))) 4
e221: TEST Reg ECX, Reg ECX 2
e223: JNE e19d (resolved immediate)
  |
  `- e19d,e229
e229: NOP  7
e230: CMP Address (SizeDir 32 (AddrPlus (FromReg R14) (AddrImm 268))), Immediate 2 8
e238: JE e3a8 (resolved immediate)
  |
  `- e23e,e3a8
e23e: MOV Reg RDI, Reg R14 3
e241: CALL Address (SizeDir 64 (AddrPlus (FromReg R14) (AddrImm 176))) 7
e248: TEST Reg EAX, Reg EAX 2
e24a: MOV Address (SizeDir 32 (AddrPlus (FromReg RSP) (AddrImm 12))), Reg EAX 4
e24e: JNE dfa1 (resolved immediate)
e254: MOV Reg EBX, Address (SizeDir 32 (FromReg RBP)) 3
e257: MOV Reg RSI, Address (SizeDir 64 (AddrPlus (FromReg R12) (AddrImm 8))) 5
e25c: LEA Reg R8, Address (SizeDir 64 (AddrPlus (FromReg RIP) (AddrImm 87027))) 7
e263: XOR Reg ECX, Reg ECX 2
e265: MOV Reg EDX, Immediate 5 5
e26a: MOV Reg RDI, Reg R12 3
e26d: XOR Reg EAX, Reg EAX 2
e26f: XOR Reg R13D, Reg R13D 3
e272: CALL xc_report (external)
e277: MOV Address (SizeDir 32 (FromReg RBP)), Reg EBX 3
e27a: JMP dfd0 (resolved immediate)
  |
  `- dfd0
e280: MOV Reg EDX, Address (SizeDir 32 (AddrPlus (FromReg R14) (AddrImm 292))) 7
e287: MOV Reg ECX, Address (SizeDir 32 (AddrPlus (FromReg R14) (AddrImm 288))) 7
e28e: MOV Reg RAX, Address (SizeDir 64 (AddrPlus (FromReg R14) (AddrImm 280))) 7
e295: CMP Reg EDX, Reg ECX 2
e297: JB e2d4 (resolved immediate)
  |
  `- e299,e2d4
e299: LEA Reg ESI, Address (SizeDir 32 (AddrPlus (FromReg RCX) (AddrImm 1024))) 6
e29f: MOV Reg RDX, Address (SizeDir 64 (FromReg R14)) 3
e2a2: MOV Reg RDI, Reg RAX 3
e2a5: MOV Reg R13, Reg RSI 3
e2a8: SHL Reg RSI, Immediate 4 4
e2ac: MOV Address (SizeDir 64 (AddrPlus (FromReg RSP) (AddrImm 24))), Reg RDX 5
e2b1: CALL realloc (external)
e2b6: TEST Reg RAX, Reg RAX 3
e2b9: JE e3c9 (resolved immediate)
  |
  `- e2bf,e3c9
e2bf: MOV Reg EDX, Address (SizeDir 32 (AddrPlus (FromReg R14) (AddrImm 292))) 7
e2c6: MOV Address (SizeDir 64 (AddrPlus (FromReg R14) (AddrImm 280))), Reg RAX 7
e2cd: MOV Address (SizeDir 32 (AddrPlus (FromReg R14) (AddrImm 288))), Reg R13D 7
e2d4: LEA Reg ECX, Address (SizeDir 32 (AddrPlus (FromReg RDX) (AddrImm 1))) 3
e2d7: MOVDQA Reg XMM0, Address (SizeDir 128 (AddrPlus (FromReg RSP) (AddrImm 32))) 6
e2dd: SHL Reg RDX, Immediate 4 4
e2e1: MOV Address (SizeDir 32 (AddrPlus (FromReg R14) (AddrImm 292))), Reg ECX 7
e2e8: MOVUPS Address (SizeDir 128 (AddrPlus (FromReg RAX) (AddrTimes (AddrImm 1) (FromReg RDX)))), Reg XMM0 4
e2ec: JMP e191 (resolved immediate)
  |
  `- e191
e313: CALL rec_type_to_str (external)
e318: MOV Reg ECX, Address (SizeDir 32 (AddrPlus (FromReg RSP) (AddrImm 32))) 4
e31c: LEA Reg RDX, Address (SizeDir 64 (AddrPlus (FromReg RIP) (AddrImm 86037))) 7
e323: MOV Reg R8, Reg RAX 3
e326: MOV Reg ESI, Immediate 1 5
e32b: MOV Reg RDI, Reg R12 3
e32e: XOR Reg EAX, Reg EAX 2
e330: CALL xc_report_error (external)
e335: MOV Address (SizeDir 32 (FromReg RBP)), Reg R13D 4
e339: MOV Address (SizeDir 32 (AddrPlus (FromReg RSP) (AddrImm 12))), Immediate 4294967295 8
e341: JMP dfa5 (resolved immediate)
  |
  `- dfa5
e346: MOV Reg RAX, Address (SizeDir 64 (AddrPlus (FromReg R14) (AddrImm 208))) 7
e34d: LEA Reg RSI, Address (SizeDir 64 (AddrPlus (FromReg R14) (AddrImm 216))) 7
e354: MOV Reg RDI, Reg RBX 3
e357: LEA Reg EDX, Address (SizeDir 32 (AddrPlus (FromReg RAX) (AddrImm 14))) 3
e35a: ADD Reg EAX, Immediate 7 3
e35d: CMOVNS Reg EDX, Reg EAX 3
e360: SAR Reg EDX, Immediate 3 3
e363: MOVSXD Reg RDX, Reg EDX 3
e366: ADD Reg RDX, Immediate 4095 7
e36d: SHR Reg RDX, Immediate 12 4
e371: CALL xc__hypercall_buffer_alloc_pages (external)
e376: TEST Reg RAX, Reg RAX 3
e379: JNE df8b (resolved immediate)
  |
  `- df8b,e37f
e37f: MOV Reg R13D, Address (SizeDir 32 (FromReg RBP)) 4
e383: LEA Reg RDX, Address (SizeDir 64 (AddrPlus (FromReg RIP) (AddrImm 85694))) 7
e38a: MOV Reg ESI, Immediate 1 5
e38f: MOV Reg RDI, Reg RBX 3
e392: CALL xc_report_error (external)
e397: MOV Address (SizeDir 32 (FromReg RBP)), Reg R13D 4
e39b: MOV Address (SizeDir 32 (AddrPlus (FromReg RSP) (AddrImm 12))), Immediate 4294967295 8
e3a3: JMP dfa5 (resolved immediate)
  |
  `- dfa5
e3a8: MOV Reg EBX, Address (SizeDir 32 (FromReg RBP)) 3
e3ab: MOV Reg RSI, Address (SizeDir 64 (AddrPlus (FromReg R12) (AddrImm 8))) 5
e3b0: LEA Reg R8, Address (SizeDir 64 (AddrPlus (FromReg RIP) (AddrImm 86673))) 7
e3b7: JMP e263 (resolved immediate)
  |
  `- e263
e3bc: MOV Reg R13D, Address (SizeDir 32 (FromReg RBP)) 4
e3c0: LEA Reg RDX, Address (SizeDir 64 (AddrPlus (FromReg RIP) (AddrImm 85681))) 7
e3c7: JMP e38a (resolved immediate)
  |
  `- e38a
e3c9: MOV Reg R13D, Address (SizeDir 32 (FromReg RBP)) 4
e3cd: MOV Reg RDI, Address (SizeDir 64 (AddrPlus (FromReg RSP) (AddrImm 24))) 5
e3d2: LEA Reg RDX, Address (SizeDir 64 (AddrPlus (FromReg RIP) (AddrImm 85767))) 7
e3d9: MOV Reg ESI, Immediate 1 5
e3de: CALL xc_report_error (external)
e3e3: MOV Address (SizeDir 32 (FromReg RBP)), Reg R13D 4
e3e7: MOV Address (SizeDir 32 (AddrPlus (FromReg RSP) (AddrImm 12))), Immediate 4294967295 8
e3ef: JMP dfa5 (resolved immediate)
  |
  `- dfa5
e3f4: MOV Reg R13D, Address (SizeDir 32 (FromReg RBP)) 4
e3f8: LEA Reg RDX, Address (SizeDir 64 (AddrPlus (FromReg RIP) (AddrImm 85681))) 7
e3ff: JMP e38a (resolved immediate)
  |
  `- e38a
e401: CALL __stack_chk_fail (external)
  |
  `- 
e410: PUSH Reg R15 2
e412: PUSH Reg R14 2
e414: PUSH Reg R13 2
e416: PUSH Reg R12 2
e418: MOV Reg R13D, Reg ESI 3
e41b: PUSH Reg RBP 1
e41c: PUSH Reg RBX 1
e41d: MOV Reg RBX, Reg RDI 3
e420: MOV Reg ESI, Reg ECX 2
e422: MOV Reg ECX, Immediate 59 5
e427: MOV Reg R12D, Reg EDX 3
e42a: SUB Reg RSP, Immediate 584 7
e431: MOV Reg RAX, Address (SizeDir 64 (AddrPlus (FromReg RSP) (AddrImm 648))) 8
e439: LEA Reg RDI, Address (SizeDir 64 (AddrPlus (FromReg RSP) (AddrImm 96))) 5
e43e: MOV Reg R15D, Address (SizeDir 32 (AddrPlus (FromReg RSP) (AddrImm 680))) 8
e446: MOV Reg RDX, Address (SizeDir 64 (AddrPlus (FromReg RSP) (AddrImm 688))) 8
e44e: MOV Address (SizeDir 64 (AddrPlus (FromReg RSP) (AddrImm 16))), Reg R8 5
e453: MOV Address (SizeDir 64 (AddrPlus (FromReg RSP) (AddrImm 8))), Reg RDI 5
e458: MOV Address (SizeDir 64 (AddrPlus (FromReg RSP) (AddrImm 24))), Reg RAX 5
e45d: MOV Reg RAX, Address (SizeDir 64 (AddrPlus (FromReg FS) (AddrImm 40))) 9
e466: MOV Address (SizeDir 64 (AddrPlus (FromReg RSP) (AddrImm 568))), Reg RAX 8
e46e: XOR Reg EAX, Reg EAX 2
e470: TEST Reg R15D, Reg R15D 3
e473: REP STOSQ Address (SizeDir 64 (FromReg RDI)), Reg RAX 3
e476: MOV Reg EAX, Address (SizeDir 32 (AddrPlus (FromReg RSP) (AddrImm 640))) 7
e47d: MOV Address (SizeDir 64 (AddrPlus (FromReg RSP) (AddrImm 96))), Reg RBX 5
e482: MOV Address (SizeDir 32 (AddrPlus (FromReg RSP) (AddrImm 108))), Reg R13D 5
e487: MOV Address (SizeDir 32 (AddrPlus (FromReg RSP) (AddrImm 408))), Reg ESI 7
e48e: MOV Address (SizeDir 32 (AddrPlus (FromReg RSP) (AddrImm 416))), Reg R9D 8
e496: MOV Address (SizeDir 32 (AddrPlus (FromReg RSP) (AddrImm 364))), Reg R15D 8
e49e: MOV Address (SizeDir 32 (AddrPlus (FromReg RSP) (AddrImm 412))), Reg EAX 7
e4a5: MOV Reg EAX, Address (SizeDir 32 (AddrPlus (FromReg RSP) (AddrImm 656))) 7
e4ac: MOV Address (SizeDir 64 (AddrPlus (FromReg RSP) (AddrImm 288))), Reg RDX 8
e4b4: MOV Address (SizeDir 32 (AddrPlus (FromReg RSP) (AddrImm 420))), Reg EAX 7
e4bb: MOV Reg EAX, Address (SizeDir 32 (AddrPlus (FromReg RSP) (AddrImm 696))) 7
e4c2: MOV Address (SizeDir 32 (AddrPlus (FromReg RSP) (AddrImm 296))), Reg EAX 7
e4c9: JE e507 (resolved immediate)
  |
  `- e4cb,e507
e4cb: CMP Address (SizeDir 64 (AddrPlus (FromReg RDX) (AddrImm 16))), Immediate 0 5
e4d0: JE e863 (resolved immediate)
  |
  `- e4d6,e863
e4d6: CMP Reg R15D, Immediate 2 4
e4da: JNE e507 (resolved immediate)
  |
  `- e4dc,e507
e4dc: CMP Address (SizeDir 64 (FromReg RDX)), Immediate 0 4
e4e0: JE e844 (resolved immediate)
  |
  `- e4e6,e844
e4e6: CMP Address (SizeDir 64 (AddrPlus (FromReg RDX) (AddrImm 8))), Immediate 0 5
e4eb: JE e844 (resolved immediate)
  |
  `- e4f1,e844
e4f1: CMP Address (SizeDir 64 (AddrPlus (FromReg RDX) (AddrImm 24))), Immediate 0 5
e4f6: JE e844 (resolved immediate)
  |
  `- e4fc,e844
e4fc: CMP Address (SizeDir 64 (AddrPlus (FromReg RDX) (AddrImm 32))), Immediate 0 5
e501: JE e844 (resolved immediate)
  |
  `- e507,e844
e507: CALL __errno_location (external)
e50c: MOV Reg RSI, Address (SizeDir 64 (AddrPlus (FromReg RBX) (AddrImm 8))) 4
e510: MOV Reg R14D, Address (SizeDir 32 (FromReg RAX)) 3
e513: MOV Reg RBP, Reg RAX 3
e516: PUSH Reg R15 2
e518: MOV Reg EAX, Address (SizeDir 32 (AddrPlus (FromReg RSP) (AddrImm 680))) 7
e51f: LEA Reg R8, Address (SizeDir 64 (AddrPlus (FromReg RIP) (AddrImm 85666))) 7
e526: MOV Reg R9D, Reg R13D 3
e529: XOR Reg ECX, Reg ECX 2
e52b: MOV Reg EDX, Immediate 3 5
e530: MOV Reg RDI, Reg RBX 3
e533: PUSH Reg RAX 1
e534: MOV Reg EAX, Address (SizeDir 32 (AddrPlus (FromReg RSP) (AddrImm 680))) 7
e53b: PUSH Reg RAX 1
e53c: PUSH Reg R12 2
e53e: XOR Reg EAX, Reg EAX 2
e540: CALL xc_report (external)
e545: ADD Reg RSP, Immediate 32 4
e549: MOV Reg RAX, Address (SizeDir 64 (AddrPlus (FromReg RSP) (AddrImm 8))) 5
e54e: MOV Address (SizeDir 32 (FromReg RBP)), Reg R14D 4
e552: MOV Reg EDX, Immediate 1 5
e557: MOV Reg ESI, Reg R12D 3
e55a: MOV Reg RDI, Reg RBX 3
e55d: LEA Reg RCX, Address (SizeDir 64 (AddrPlus (FromReg RAX) (AddrImm 16))) 4
e561: CALL xc_domain_getinfo (external)
e566: CMP Reg EAX, Immediate 1 3
e569: MOV Reg R13D, Reg EAX 3
e56c: JNE e888 (resolved immediate)
  |
  `- e572,e888
e572: CMP Address (SizeDir 32 (AddrPlus (FromReg RSP) (AddrImm 112))), Reg R12D 5
e577: JNE e8c8 (resolved immediate)
  |
  `- e57d,e8c8
e57d: LEA Reg RAX, Address (SizeDir 64 (AddrPlus (FromReg RSP) (AddrImm 64))) 5
e582: MOV Reg EDI, Address (SizeDir 32 (AddrPlus (FromReg RSP) (AddrImm 108))) 4
e586: MOV Reg EDX, Immediate 24 5
e58b: MOV Address (SizeDir 32 (AddrPlus (FromReg RSP) (AddrImm 104))), Reg R12D 5
e590: MOV Reg R14, Address (SizeDir 64 (AddrPlus (FromReg RSP) (AddrImm 96))) 5
e595: MOV Reg RSI, Reg RAX 3
e598: MOV Address (SizeDir 64 (AddrPlus (FromReg RSP) (AddrImm 32))), Reg RAX 5
e59d: CALL read_exact (external)
e5a2: TEST Reg EAX, Reg EAX 2
e5a4: JNE e9a2 (resolved immediate)
  |
  `- e5aa,e9a2
e5aa: MOV Reg R8D, Address (SizeDir 32 (AddrPlus (FromReg RSP) (AddrImm 72))) 5
e5af: MOV Reg ECX, Address (SizeDir 32 (AddrPlus (FromReg RSP) (AddrImm 76))) 4
e5b3: MOV Reg R15, Address (SizeDir 64 (AddrPlus (FromReg RSP) (AddrImm 64))) 5
e5b8: MOVZX Reg EAX, Address (SizeDir 16 (AddrPlus (FromReg RSP) (AddrImm 80))) 5
e5bd: ROR Reg AX, Immediate 8 4
e5c1: BSWAP Reg R8D 3
e5c4: BSWAP Reg ECX 2
e5c6: MOV Address (SizeDir 16 (AddrPlus (FromReg RSP) (AddrImm 80))), Reg AX 5
e5cb: CMP Reg R15, Immediate 18446744073709551615 4
e5cf: MOV Address (SizeDir 32 (AddrPlus (FromReg RSP) (AddrImm 72))), Reg R8D 5
e5d4: MOV Address (SizeDir 32 (AddrPlus (FromReg RSP) (AddrImm 76))), Reg ECX 4
e5d8: JNE e900 (resolved immediate)
  |
  `- e5de,e900
e5de: CMP Reg R8D, Immediate 1480937030 7
e5e5: JNE e960 (resolved immediate)
  |
  `- e5eb,e960
e5eb: CMP Reg ECX, Immediate 2 3
e5ee: JNE e990 (resolved immediate)
  |
  `- e5f4,e990
e5f4: TEST Reg AL, Immediate 1 2
e5f6: JNE e930 (resolved immediate)
  |
  `- e5fc,e930
e5fc: MOV Reg EDI, Address (SizeDir 32 (AddrPlus (FromReg RSP) (AddrImm 108))) 4
e600: LEA Reg RSI, Address (SizeDir 64 (AddrPlus (FromReg RSP) (AddrImm 48))) 5
e605: MOV Reg EDX, Immediate 16 5
e60a: MOV Address (SizeDir 32 (AddrPlus (FromReg RSP) (AddrImm 352))), Immediate 2 11
e615: CALL read_exact (external)
e61a: TEST Reg EAX, Reg EAX 2
e61c: MOV Address (SizeDir 32 (AddrPlus (FromReg RSP) (AddrImm 40))), Reg EAX 4
e620: JNE e9db (resolved immediate)
  |
  `- e626,e9db
e626: MOVZX Reg ECX, Address (SizeDir 16 (AddrPlus (FromReg RSP) (AddrImm 52))) 5
e62b: MOV Reg R15D, Address (SizeDir 32 (AddrPlus (FromReg RSP) (AddrImm 56))) 5
e630: MOV Reg EDI, Address (SizeDir 32 (AddrPlus (FromReg RSP) (AddrImm 48))) 4
e634: SHL Reg R13D, Reg CL 3
e637: TEST Reg R15D, Reg R15D 3
e63a: MOV Address (SizeDir 32 (AddrPlus (FromReg RSP) (AddrImm 356))), Reg EDI 7
e641: MOV Address (SizeDir 32 (AddrPlus (FromReg RSP) (AddrImm 360))), Reg R13D 8
e649: MOV Reg R13D, Address (SizeDir 32 (FromReg RBP)) 4
e64d: JE e7e0 (resolved immediate)
  |
  `- e653,e7e0
e653: MOV Reg EDX, Address (SizeDir 32 (AddrPlus (FromReg RSP) (AddrImm 60))) 4
e657: MOV Address (SizeDir 32 (AddrPlus (FromReg RSP) (AddrImm 44))), Reg EDX 4
e65b: CALL dhdr_type_to_str (external)
e660: MOV Reg EDX, Address (SizeDir 32 (AddrPlus (FromReg RSP) (AddrImm 44))) 4
e664: MOV Reg RSI, Address (SizeDir 64 (AddrPlus (FromReg R14) (AddrImm 8))) 4
e668: LEA Reg R8, Address (SizeDir 64 (AddrPlus (FromReg RIP) (AddrImm 85753))) 7
e66f: MOV Reg R9, Reg RAX 3
e672: XOR Reg ECX, Reg ECX 2
e674: XOR Reg EAX, Reg EAX 2
e676: MOV Reg RDI, Reg R14 3
e679: PUSH Reg RDX 1
e67a: PUSH Reg R15 2
e67c: MOV Reg EDX, Immediate 5 5
e681: CALL xc_report (external)
e686: MOV Address (SizeDir 32 (FromReg RBP)), Reg R13D 4
e68a: POP Reg RAX 1
e68b: POP Reg RDX 1
e68c: MOV Reg RDX, Address (SizeDir 64 (AddrPlus (FromReg RSP) (AddrImm 32))) 5
e691: MOV Reg ESI, Reg R12D 3
e694: MOV Reg RDI, Reg RBX 3
e697: CALL xc_domain_nr_gpfns (external)
e69c: TEST Reg EAX, Reg EAX 2
e69e: JS ea11 (resolved immediate)
  |
  `- e6a4,ea11
e6a4: TEST Address (SizeDir 8 (AddrPlus (FromReg RSP) (AddrImm 120))), Immediate 64 5
e6a9: MOV Reg RAX, Address (SizeDir 64 (AddrPlus (FromReg RSP) (AddrImm 64))) 5
e6ae: MOV Address (SizeDir 64 (AddrPlus (FromReg RSP) (AddrImm 304))), Reg RAX 8
e6b6: JE e838 (resolved immediate)
  |
  `- e6bc,e838
e6bc: MOV Reg RAX, Address (SizeDir 64 (AddrPlus (FromReg RIP) (AddrImm 2222317))) 7
e6c3: MOVDQU Reg XMM0, Address (SizeDir 128 (FromReg RAX)) 4
e6c7: MOV Reg RDI, Address (SizeDir 64 (AddrPlus (FromReg RSP) (AddrImm 8))) 5
e6cc: MOVUPS Address (SizeDir 128 (AddrPlus (FromReg RSP) (AddrImm 216))), Reg XMM0 8
e6d4: MOVDQU Reg XMM0, Address (SizeDir 128 (AddrPlus (FromReg RAX) (AddrImm 16))) 5
e6d9: MOVUPS Address (SizeDir 128 (AddrPlus (FromReg RSP) (AddrImm 232))), Reg XMM0 8
e6e1: MOVDQU Reg XMM0, Address (SizeDir 128 (AddrPlus (FromReg RAX) (AddrImm 32))) 5
e6e6: MOVUPS Address (SizeDir 128 (AddrPlus (FromReg RSP) (AddrImm 248))), Reg XMM0 8
e6ee: MOVDQU Reg XMM0, Address (SizeDir 128 (AddrPlus (FromReg RAX) (AddrImm 48))) 5
e6f3: MOVUPS Address (SizeDir 128 (AddrPlus (FromReg RSP) (AddrImm 264))), Reg XMM0 8
e6fb: MOV Reg RAX, Address (SizeDir 64 (AddrPlus (FromReg RAX) (AddrImm 64))) 4
e6ff: MOV Address (SizeDir 64 (AddrPlus (FromReg RSP) (AddrImm 280))), Reg RAX 8
e707: CALL restore (internal)
  |
  `- df20
e70c: TEST Reg EAX, Reg EAX 2
e70e: JNE e8b7 (resolved immediate)
  |
  `- e714,e8b7
e714: MOV Reg EAX, Address (SizeDir 32 (AddrPlus (FromReg RSP) (AddrImm 408))) 7
e71b: MOV Reg R12D, Address (SizeDir 32 (FromReg RBP)) 4
e71f: LEA Reg R8, Address (SizeDir 64 (AddrPlus (FromReg RIP) (AddrImm 85602))) 7
e726: MOV Reg RSI, Address (SizeDir 64 (AddrPlus (FromReg RBX) (AddrImm 8))) 4
e72a: MOV Reg RDI, Reg RBX 3
e72d: XOR Reg ECX, Reg ECX 2
e72f: MOV Reg EDX, Immediate 5 5
e734: PUSH Reg RAX 1
e735: MOV Reg EAX, Address (SizeDir 32 (AddrPlus (FromReg RSP) (AddrImm 424))) 7
e73c: PUSH Reg RAX 1
e73d: MOV Reg R9, Address (SizeDir 64 (AddrPlus (FromReg RSP) (AddrImm 408))) 8
e745: XOR Reg EAX, Reg EAX 2
e747: CALL xc_report (external)
e74c: MOV Reg EAX, Address (SizeDir 32 (AddrPlus (FromReg RSP) (AddrImm 428))) 7
e753: MOV Address (SizeDir 32 (FromReg RBP)), Reg R12D 4
e757: LEA Reg R8, Address (SizeDir 64 (AddrPlus (FromReg RIP) (AddrImm 85586))) 7
e75e: MOV Reg RSI, Address (SizeDir 64 (AddrPlus (FromReg RBX) (AddrImm 8))) 4
e762: MOV Reg RDI, Reg RBX 3
e765: XOR Reg ECX, Reg ECX 2
e767: MOV Reg EDX, Immediate 5 5
e76c: PUSH Reg RAX 1
e76d: MOV Reg EAX, Address (SizeDir 32 (AddrPlus (FromReg RSP) (AddrImm 444))) 7
e774: PUSH Reg RAX 1
e775: MOV Reg R9, Address (SizeDir 64 (AddrPlus (FromReg RSP) (AddrImm 432))) 8
e77d: XOR Reg EAX, Reg EAX 2
e77f: CALL xc_report (external)
e784: MOV Reg RAX, Address (SizeDir 64 (AddrPlus (FromReg RSP) (AddrImm 432))) 8
e78c: MOV Reg RBX, Address (SizeDir 64 (AddrPlus (FromReg RSP) (AddrImm 56))) 5
e791: MOV Address (SizeDir 32 (FromReg RBP)), Reg R12D 4
e795: MOV Address (SizeDir 64 (FromReg RBX)), Reg RAX 3
e798: MOV Reg RAX, Address (SizeDir 64 (AddrPlus (FromReg RSP) (AddrImm 424))) 8
e7a0: MOV Reg RBX, Address (SizeDir 64 (AddrPlus (FromReg RSP) (AddrImm 48))) 5
e7a5: ADD Reg RSP, Immediate 32 4
e7a9: MOV Address (SizeDir 64 (FromReg RBX)), Reg RAX 3
e7ac: MOV Reg RBX, Address (SizeDir 64 (AddrPlus (FromReg RSP) (AddrImm 568))) 8
e7b4: XOR Reg RBX, Address (SizeDir 64 (AddrPlus (FromReg FS) (AddrImm 40))) 9
e7bd: MOV Reg EAX, Address (SizeDir 32 (AddrPlus (FromReg RSP) (AddrImm 40))) 4
e7c1: JNE ea32 (resolved immediate)
  |
  `- e7c7,ea32
e7c7: ADD Reg RSP, Immediate 584 7
e7ce: POP Reg RBX 1
e7cf: POP Reg RBP 1
e7d0: POP Reg R12 2
e7d2: POP Reg R13 2
e7d4: POP Reg R14 2
e7d6: POP Reg R15 2
e7d8: RET  1
  |
  `- 
e7e0: CALL dhdr_type_to_str (external)
e7e5: MOV Reg RSI, Address (SizeDir 64 (AddrPlus (FromReg R14) (AddrImm 8))) 4
e7e9: LEA Reg R8, Address (SizeDir 64 (AddrPlus (FromReg RIP) (AddrImm 85272))) 7
e7f0: MOV Reg R9, Reg RAX 3
e7f3: XOR Reg ECX, Reg ECX 2
e7f5: MOV Reg EDX, Immediate 5 5
e7fa: MOV Reg RDI, Reg R14 3
e7fd: XOR Reg EAX, Reg EAX 2
e7ff: CALL xc_report (external)
e804: MOV Address (SizeDir 32 (FromReg RBP)), Reg R13D 4
e808: MOV Reg R9D, Address (SizeDir 32 (AddrPlus (FromReg RSP) (AddrImm 60))) 5
e80d: LEA Reg R8, Address (SizeDir 64 (AddrPlus (FromReg RIP) (AddrImm 85292))) 7
e814: MOV Reg RSI, Address (SizeDir 64 (AddrPlus (FromReg R14) (AddrImm 8))) 4
e818: XOR Reg ECX, Reg ECX 2
e81a: MOV Reg EDX, Immediate 3 5
e81f: MOV Reg RDI, Reg R14 3
e822: XOR Reg EAX, Reg EAX 2
e824: CALL xc_report (external)
e829: MOV Address (SizeDir 32 (FromReg RBP)), Reg R13D 4
e82d: JMP e68c (resolved immediate)
  |
  `- e68c
e838: MOV Reg RAX, Address (SizeDir 64 (AddrPlus (FromReg RIP) (AddrImm 2221961))) 7
e83f: JMP e6c3 (resolved immediate)
  |
  `- e6c3
e844: LEA Reg RCX, Address (SizeDir 64 (AddrPlus (FromReg RIP) (AddrImm 85669))) 7
e84b: LEA Reg RSI, Address (SizeDir 64 (AddrPlus (FromReg RIP) (AddrImm 85376))) 7
e852: LEA Reg RDI, Address (SizeDir 64 (AddrPlus (FromReg RIP) (AddrImm 84743))) 7
e859: MOV Reg EDX, Immediate 860 5
e85e: CALL __assert_fail (external)
  |
  `- 
e863: LEA Reg RCX, Address (SizeDir 64 (AddrPlus (FromReg RIP) (AddrImm 85638))) 7
e86a: LEA Reg RSI, Address (SizeDir 64 (AddrPlus (FromReg RIP) (AddrImm 85345))) 7
e871: LEA Reg RDI, Address (SizeDir 64 (AddrPlus (FromReg RIP) (AddrImm 85543))) 7
e878: MOV Reg EDX, Immediate 852 5
e87d: CALL __assert_fail (external)
  |
  `- 
e888: MOV Reg R12D, Address (SizeDir 32 (FromReg RBP)) 4
e88c: MOV Reg RDI, Reg RBX 3
e88f: MOV Reg ESI, Reg R12D 3
e892: CALL xc_strerror (external)
e897: MOV Reg ECX, Address (SizeDir 32 (FromReg RBP)) 3
e89a: LEA Reg RDX, Address (SizeDir 64 (AddrPlus (FromReg RIP) (AddrImm 84823))) 7
e8a1: MOV Reg R8, Reg RAX 3
e8a4: MOV Reg ESI, Immediate 1 5
e8a9: MOV Reg RDI, Reg RBX 3
e8ac: XOR Reg EAX, Reg EAX 2
e8ae: CALL xc_report_error (external)
e8b3: MOV Address (SizeDir 32 (FromReg RBP)), Reg R12D 4
e8b7: MOV Address (SizeDir 32 (AddrPlus (FromReg RSP) (AddrImm 40))), Immediate 4294967295 8
e8bf: JMP e7ac (resolved immediate)
  |
  `- e7ac
e8c8: MOV Reg R13D, Address (SizeDir 32 (FromReg RBP)) 4
e8cc: LEA Reg RDX, Address (SizeDir 64 (AddrPlus (FromReg RIP) (AddrImm 85474))) 7
e8d3: MOV Reg ECX, Reg R12D 3
e8d6: MOV Reg ESI, Immediate 1 5
e8db: MOV Reg RDI, Reg RBX 3
e8de: XOR Reg EAX, Reg EAX 2
e8e0: CALL xc_report_error (external)
e8e5: MOV Address (SizeDir 32 (FromReg RBP)), Reg R13D 4
e8e9: MOV Address (SizeDir 32 (AddrPlus (FromReg RSP) (AddrImm 40))), Immediate 4294967295 8
e8f1: JMP e7ac (resolved immediate)
  |
  `- e7ac
e900: MOV Reg EBX, Address (SizeDir 32 (FromReg RBP)) 3
e903: LEA Reg RDX, Address (SizeDir 64 (AddrPlus (FromReg RIP) (AddrImm 85444))) 7
e90a: MOV Reg RCX, Reg R15 3
e90d: MOV Reg ESI, Immediate 1 5
e912: MOV Reg RDI, Reg R14 3
e915: XOR Reg EAX, Reg EAX 2
e917: CALL xc_report_error (external)
e91c: MOV Address (SizeDir 32 (FromReg RBP)), Reg EBX 3
e91f: MOV Address (SizeDir 32 (AddrPlus (FromReg RSP) (AddrImm 40))), Immediate 4294967295 8
e927: JMP e7ac (resolved immediate)
  |
  `- e7ac
e930: MOV Reg EBX, Address (SizeDir 32 (FromReg RBP)) 3
e933: LEA Reg RDX, Address (SizeDir 64 (AddrPlus (FromReg RIP) (AddrImm 84846))) 7
e93a: MOV Reg ESI, Immediate 1 5
e93f: MOV Reg RDI, Reg R14 3
e942: XOR Reg EAX, Reg EAX 2
e944: CALL xc_report_error (external)
e949: MOV Address (SizeDir 32 (FromReg RBP)), Reg EBX 3
e94c: MOV Address (SizeDir 32 (AddrPlus (FromReg RSP) (AddrImm 40))), Reg R15D 5
e951: JMP e7ac (resolved immediate)
  |
  `- e7ac
e960: MOV Reg EBX, Address (SizeDir 32 (FromReg RBP)) 3
e963: LEA Reg RDX, Address (SizeDir 64 (AddrPlus (FromReg RIP) (AddrImm 84718))) 7
e96a: MOV Reg ECX, Immediate 1480937030 5
e96f: MOV Reg ESI, Immediate 1 5
e974: MOV Reg RDI, Reg R14 3
e977: XOR Reg EAX, Reg EAX 2
e979: CALL xc_report_error (external)
e97e: MOV Address (SizeDir 32 (FromReg RBP)), Reg EBX 3
e981: MOV Address (SizeDir 32 (AddrPlus (FromReg RSP) (AddrImm 40))), Reg R15D 5
e986: JMP e7ac (resolved immediate)
  |
  `- e7ac
e990: MOV Reg EBX, Address (SizeDir 32 (FromReg RBP)) 3
e993: MOV Reg R8D, Immediate 2 6
e999: LEA Reg RDX, Address (SizeDir 64 (AddrPlus (FromReg RIP) (AddrImm 84704))) 7
e9a0: JMP e96f (resolved immediate)
  |
  `- e96f
e9a2: MOV Reg EBX, Address (SizeDir 32 (FromReg RBP)) 3
e9a5: MOV Reg RDI, Reg R14 3
e9a8: MOV Reg ESI, Reg EBX 2
e9aa: CALL xc_strerror (external)
e9af: MOV Reg ECX, Address (SizeDir 32 (FromReg RBP)) 3
e9b2: LEA Reg RDX, Address (SizeDir 64 (AddrPlus (FromReg RIP) (AddrImm 84583))) 7
e9b9: MOV Reg R8, Reg RAX 3
e9bc: MOV Reg ESI, Immediate 1 5
e9c1: MOV Reg RDI, Reg R14 3
e9c4: XOR Reg EAX, Reg EAX 2
e9c6: CALL xc_report_error (external)
e9cb: MOV Address (SizeDir 32 (FromReg RBP)), Reg EBX 3
e9ce: MOV Address (SizeDir 32 (AddrPlus (FromReg RSP) (AddrImm 40))), Immediate 4294967295 8
e9d6: JMP e7ac (resolved immediate)
  |
  `- e7ac
e9db: MOV Reg EBX, Address (SizeDir 32 (FromReg RBP)) 3
e9de: MOV Reg RDI, Reg R14 3
e9e1: MOV Reg ESI, Reg EBX 2
e9e3: CALL xc_strerror (external)
e9e8: MOV Reg ECX, Address (SizeDir 32 (FromReg RBP)) 3
e9eb: LEA Reg RDX, Address (SizeDir 64 (AddrPlus (FromReg RIP) (AddrImm 84702))) 7
e9f2: MOV Reg R8, Reg RAX 3
e9f5: MOV Reg ESI, Immediate 1 5
e9fa: MOV Reg RDI, Reg R14 3
e9fd: XOR Reg EAX, Reg EAX 2
e9ff: CALL xc_report_error (external)
ea04: MOV Address (SizeDir 32 (FromReg RBP)), Reg EBX 3
ea07: MOV Address (SizeDir 32 (AddrPlus (FromReg RSP) (AddrImm 40))), Reg R15D 5
ea0c: JMP e7ac (resolved immediate)
  |
  `- e7ac
ea11: MOV Reg R12D, Address (SizeDir 32 (FromReg RBP)) 4
ea15: MOV Reg RDI, Reg RBX 3
ea18: MOV Reg ESI, Reg R12D 3
ea1b: CALL xc_strerror (external)
ea20: MOV Reg ECX, Address (SizeDir 32 (FromReg RBP)) 3
ea23: MOV Reg R8, Reg RAX 3
ea26: LEA Reg RDX, Address (SizeDir 64 (AddrPlus (FromReg RIP) (AddrImm 82443))) 7
ea2d: JMP e8a4 (resolved immediate)
  |
  `- e8a4
ea32: CALL __stack_chk_fail (external)
  |
  `- 
