Number of assembly instructions     = 32
Number of indirect branches         = 0
Number of unresolved indirect jumps = 0: 
Number of unresolved indirect calls = 0: 
Number of symbolic states (representative of non-determinism): 32
Number of edges: 31

17920 (False): 0

17920: PUSH Reg R12 2
17922: PUSH Reg RBP 1
17923: MOV Reg RCX, Reg RSI 3
17926: PUSH Reg RBX 1
17927: MOV Reg RBX, Reg RDI 3
1792a: MOV Reg RDI, Address (SizeDir 64 (AddrPlus (FromReg RDI) (AddrImm 1224))) 7
17931: MOV Reg RBP, Reg RSI 3
17934: LEA Reg RDX, Address (AddrPlus (FromReg RIP) (AddrImm 58005)) 7
1793b: LEA Reg RSI, Address (AddrPlus (FromReg RIP) (AddrImm 55952)) 7
17942: XOR Reg EAX, Reg EAX 2
17944: LEA Reg R12, Address (AddrPlus (FromReg RBX) (AddrImm 8)) 4
17948: CALL xc_dom_printf (external)
1794d: MOV Reg RCX, Address (SizeDir 64 (AddrPlus (FromReg RBX) (AddrImm 152))) 7
17954: MOV Reg RDX, Reg R12 3
17957: MOV Reg RSI, Reg RBP 3
1795a: MOV Reg RDI, Reg RBX 3
1795d: CALL xc_dom_malloc_filemap (external)
17962: TEST Reg RAX, Reg RAX 3
17965: MOV Address (SizeDir 64 (FromReg RBX)), Reg RAX 3
17968: JZ 17980 (resolved immediate)
  |
  `- 1796a,17980
1796a: MOV Reg RDX, Reg R12 3
1796d: MOV Reg RSI, Reg RBX 3
17970: MOV Reg RDI, Reg RBX 3
17973: POP Reg RBX 1
17974: POP Reg RBP 1
17975: POP Reg R12 2
17977: JMP xc_dom_try_gunzip (jmp to external function)
  |
  `- 
17980: POP Reg RBX 1
17981: MOV Reg EAX, Immediate 4294967295 5
17986: POP Reg RBP 1
17987: POP Reg R12 2
17989: RET  1
  |
  `- 
