Number of assembly instructions     = 132
Number of indirect branches         = 0
Number of unresolved indirect jumps = 0: 
Number of unresolved indirect calls = 0: 
Number of symbolic states (representative of non-determinism): 132
Number of edges: 135

20480 (False): 0

20480: PUSH Reg R15 2
20482: PUSH Reg R14 2
20484: MOV Reg R14D, Reg ESI 3
20487: PUSH Reg R13 2
20489: PUSH Reg R12 2
2048b: MOV Reg R13, Reg RDX 3
2048e: PUSH Reg RBP 1
2048f: PUSH Reg RBX 1
20490: MOV Reg R12, Reg R8 3
20493: MOV Reg RBX, Reg RDI 3
20496: SUB Reg RSP, Immediate 328 7
2049d: MOV Reg RAX, Address (SizeDir 64 (AddrPlus (FromReg FS) (AddrImm 40))) 9
204a6: MOV Address (SizeDir 64 (AddrPlus (FromReg RSP) (AddrImm 312))), Reg RAX 8
204ae: XOR Reg EAX, Reg EAX 2
204b0: MOV Reg EAX, Address (SizeDir 32 (FromReg RDX)) 2
204b2: LEA Reg RBP, Address (AddrPlus (FromReg RSP) (AddrImm 16)) 5
204b7: MOV Address (SizeDir 64 (AddrPlus (FromReg RSP) (AddrImm 16))), Immediate 0 9
204c0: MOV Address (SizeDir 64 (AddrPlus (FromReg RSP) (AddrImm 24))), Immediate 0 9
204c9: MOV Address (SizeDir 32 (AddrPlus (FromReg RSP) (AddrImm 32))), Immediate 2 8
204d1: MOV Reg RSI, Reg RBP 3
204d4: MOV Address (SizeDir 64 (AddrPlus (FromReg RSP) (AddrImm 40))), Reg RCX 5
204d9: MOV Address (SizeDir 64 (AddrPlus (FromReg RSP) (AddrImm 64))), Immediate 0 9
204e2: MOV Address (SizeDir 64 (AddrPlus (FromReg RSP) (AddrImm 72))), Immediate 0 9
204eb: MOV Address (SizeDir 32 (AddrPlus (FromReg RSP) (AddrImm 80))), Immediate 2 8
204f3: LEA Reg RAX, Address (AddrPlus (FromReg RAX) (AddrTimes (AddrImm 2) (FromReg RAX))) 4
204f7: MOV Address (SizeDir 64 (AddrPlus (FromReg RSP) (AddrImm 88))), Reg R9 5
204fc: SHL Reg RAX, Immediate 3 4
20500: MOV Address (SizeDir 64 (AddrPlus (FromReg RSP) (AddrImm 48))), Reg RAX 5
20505: MOV Reg EAX, Address (SizeDir 32 (FromReg R8)) 3
20508: SHL Reg RAX, Immediate 4 4
2050c: MOV Address (SizeDir 64 (AddrPlus (FromReg RSP) (AddrImm 96))), Reg RAX 5
20511: CALL xc__hypercall_bounce_pre (external)
20516: TEST Reg EAX, Reg EAX 2
20518: JNZ 206e8 (resolved immediate)
  |
  `- 2051e,206e8
2051e: MOV Reg RSI, Address (SizeDir 64 (AddrPlus (FromReg RSP) (AddrImm 72))) 5
20523: LEA Reg R15, Address (AddrPlus (FromReg RSP) (AddrImm 64)) 5
20528: MOV Reg RDI, Reg RBX 3
2052b: TEST Reg RSI, Reg RSI 3
2052e: CMOVZ Reg RSI, Reg R15 4
20532: CALL xc__hypercall_bounce_pre (external)
20537: TEST Reg EAX, Reg EAX 2
20539: JNZ 206e8 (resolved immediate)
2053f: MOV Reg EAX, Address (SizeDir 32 (AddrPlus (FromReg R13) (AddrImm 0))) 4
20543: MOV Address (SizeDir 32 (AddrPlus (FromReg RSP) (AddrImm 160))), Immediate 82 11
2054e: MOV Reg RDI, Reg RBX 3
20551: MOV Address (SizeDir 16 (AddrPlus (FromReg RSP) (AddrImm 168))), Reg R14W 9
2055a: MOV Address (SizeDir 32 (AddrPlus (FromReg RSP) (AddrImm 176))), Reg EAX 7
20561: MOV Reg RAX, Address (SizeDir 64 (AddrPlus (FromReg RSP) (AddrImm 24))) 5
20566: TEST Reg RAX, Reg RAX 3
20569: CMOVZ Reg RAX, Reg RBP 4
2056d: MOV Reg RAX, Address (SizeDir 64 (FromReg RAX)) 3
20570: MOV Address (SizeDir 64 (AddrPlus (FromReg RSP) (AddrImm 184))), Reg RAX 8
20578: MOV Reg EAX, Address (SizeDir 32 (FromReg R12)) 4
2057c: MOV Address (SizeDir 32 (AddrPlus (FromReg RSP) (AddrImm 180))), Reg EAX 7
20583: MOV Reg RAX, Address (SizeDir 64 (AddrPlus (FromReg RSP) (AddrImm 72))) 5
20588: TEST Reg RAX, Reg RAX 3
2058b: CMOVZ Reg RAX, Reg R15 4
2058f: LEA Reg R15, Address (AddrPlus (FromReg RSP) (AddrImm 112)) 5
20594: MOV Reg RAX, Address (SizeDir 64 (FromReg RAX)) 3
20597: MOV Address (SizeDir 64 (AddrPlus (FromReg RSP) (AddrImm 112))), Immediate 0 9
205a0: MOV Reg RSI, Reg R15 3
205a3: MOV Address (SizeDir 64 (AddrPlus (FromReg RSP) (AddrImm 120))), Immediate 0 9
205ac: MOV Address (SizeDir 32 (AddrPlus (FromReg RSP) (AddrImm 128))), Immediate 3 11
205b7: MOV Address (SizeDir 64 (AddrPlus (FromReg RSP) (AddrImm 144))), Immediate 144 12
205c3: MOV Address (SizeDir 32 (AddrPlus (FromReg RSP) (AddrImm 164))), Immediate 17 11
205ce: MOV Address (SizeDir 64 (AddrPlus (FromReg RSP) (AddrImm 192))), Reg RAX 8
205d6: LEA Reg RAX, Address (AddrPlus (FromReg RSP) (AddrImm 160)) 8
205de: MOV Address (SizeDir 64 (AddrPlus (FromReg RSP) (AddrImm 136))), Reg RAX 8
205e6: CALL xc__hypercall_bounce_pre (external)
205eb: TEST Reg EAX, Reg EAX 2
205ed: JNZ 206f0 (resolved immediate)
205f3: MOV Reg RAX, Address (SizeDir 64 (AddrPlus (FromReg RSP) (AddrImm 120))) 5
205f8: MOV Reg RDI, Address (SizeDir 64 (AddrPlus (FromReg RBX) (AddrImm 1088))) 7
205ff: MOV Reg ESI, Immediate 36 5
20604: TEST Reg RAX, Reg RAX 3
20607: CMOVZ Reg RAX, Reg R15 4
2060b: MOV Reg RDX, Address (SizeDir 64 (FromReg RAX)) 3
2060e: CALL xencall1 (external)
20613: TEST Reg EAX, Reg EAX 2
20615: MOV Reg R14D, Reg EAX 3
20618: JNS 20628 (resolved immediate)
  |
  `- 2061a,20628
2061a: CALL __errno_location (external)
2061f: CMP Address (SizeDir 32 (FromReg RAX)), Immediate 13 3
20622: JZ 206b0 (resolved immediate)
  |
  `- 20628,206b0
20628: MOV Reg RSI, Address (SizeDir 64 (AddrPlus (FromReg RSP) (AddrImm 120))) 5
2062d: MOV Reg RDI, Reg RBX 3
20630: TEST Reg RSI, Reg RSI 3
20633: CMOVZ Reg RSI, Reg R15 4
20637: CALL xc__hypercall_bounce_post (external)
2063c: MOV Reg RSI, Address (SizeDir 64 (AddrPlus (FromReg RSP) (AddrImm 24))) 5
20641: MOV Reg RDI, Reg RBX 3
20644: TEST Reg RSI, Reg RSI 3
20647: CMOVZ Reg RSI, Reg RBP 4
2064b: CALL xc__hypercall_bounce_post (external)
20650: MOV Reg RSI, Address (SizeDir 64 (AddrPlus (FromReg RSP) (AddrImm 72))) 5
20655: LEA Reg RAX, Address (AddrPlus (FromReg RSP) (AddrImm 64)) 5
2065a: MOV Reg RDI, Reg RBX 3
2065d: TEST Reg RSI, Reg RSI 3
20660: CMOVZ Reg RSI, Reg RAX 4
20664: CALL xc__hypercall_bounce_post (external)
20669: TEST Reg R14D, Reg R14D 3
2066c: JNZ 20684 (resolved immediate)
  |
  `- 2066e,20684
2066e: MOV Reg EAX, Address (SizeDir 32 (AddrPlus (FromReg RSP) (AddrImm 176))) 7
20675: MOV Address (SizeDir 32 (AddrPlus (FromReg R13) (AddrImm 0))), Reg EAX 4
20679: MOV Reg EAX, Address (SizeDir 32 (AddrPlus (FromReg RSP) (AddrImm 180))) 7
20680: MOV Address (SizeDir 32 (FromReg R12)), Reg EAX 4
20684: MOV Reg RDX, Address (SizeDir 64 (AddrPlus (FromReg RSP) (AddrImm 312))) 8
2068c: XOR Reg RDX, Address (SizeDir 64 (AddrPlus (FromReg FS) (AddrImm 40))) 9
20695: MOV Reg EAX, Reg R14D 3
20698: JNZ 20730 (resolved immediate)
  |
  `- 2069e,20730
2069e: ADD Reg RSP, Immediate 328 7
206a5: POP Reg RBX 1
206a6: POP Reg RBP 1
206a7: POP Reg R12 2
206a9: POP Reg R13 2
206ab: POP Reg R14 2
206ad: POP Reg R15 2
206af: RET  1
  |
  `- 
206b0: MOV Reg RSI, Address (SizeDir 64 (AddrPlus (FromReg RBX) (AddrImm 8))) 4
206b4: LEA Reg R8, Address (AddrPlus (FromReg RIP) (AddrImm 5893)) 7
206bb: MOV Address (SizeDir 64 (AddrPlus (FromReg RSP) (AddrImm 8))), Reg RAX 5
206c0: XOR Reg ECX, Reg ECX 2
206c2: MOV Reg EDX, Immediate 3 5
206c7: MOV Reg RDI, Reg RBX 3
206ca: XOR Reg EAX, Reg EAX 2
206cc: CALL xc_report (external)
206d1: MOV Reg R9, Address (SizeDir 64 (AddrPlus (FromReg RSP) (AddrImm 8))) 5
206d6: MOV Address (SizeDir 32 (FromReg R9)), Immediate 13 7
206dd: JMP 20628 (resolved immediate)
  |
  `- 20628
206e8: MOV Reg R14D, Immediate 4294967295 6
206ee: JMP 20684 (resolved immediate)
  |
  `- 20684
20730: CALL __stack_chk_fail (external)
  |
  `- 
