Number of assembly instructions     = 72
Number of indirect branches         = 0
Number of unresolved indirect jumps = 0: 
Number of unresolved indirect calls = 0: 
Number of symbolic states (representative of non-determinism): 72
Number of edges: 74

10de0 (False): 0

10de0: PUSH Reg R13 2
10de2: PUSH Reg R12 2
10de4: PUSH Reg RBP 1
10de5: PUSH Reg RBX 1
10de6: SUB Reg RSP, Immediate 200 7
10ded: MOV Reg RAX, Address (SizeDir 64 (AddrPlus (FromReg FS) (AddrImm 40))) 9
10df6: MOV Address (SizeDir 64 (AddrPlus (FromReg RSP) (AddrImm 184))), Reg RAX 8
10dfe: XOR Reg EAX, Reg EAX 2
10e00: MOV Reg RAX, Reg RDX 3
10e03: MOV Address (SizeDir 64 (FromReg RSP)), Immediate 0 8
10e0b: MOV Address (SizeDir 64 (AddrPlus (FromReg RSP) (AddrImm 8))), Immediate 0 9
10e14: SUB Reg RAX, Reg RSI 3
10e17: TEST Reg RCX, Reg RCX 3
10e1a: MOV Address (SizeDir 32 (AddrPlus (FromReg RSP) (AddrImm 16))), Immediate 3 8
10e22: LEA Reg RAX, Address (AddrPlus (AddrTimes (AddrImm 4) (FromReg RAX)) (AddrImm 4)) 8
10e2a: MOV Address (SizeDir 64 (AddrPlus (FromReg RSP) (AddrImm 24))), Reg RCX 5
10e2f: MOV Address (SizeDir 64 (AddrPlus (FromReg RSP) (AddrImm 32))), Reg RAX 5
10e34: JZ 10ed8 (resolved immediate)
  |
  `- 10e3a,10ed8
10e3a: CMP Reg RDX, Reg RSI 3
10e3d: MOV Reg RBP, Reg RSI 3
10e40: MOV Reg RBX, Reg RDX 3
10e43: JB 10ed8 (resolved immediate)
  |
  `- 10e49,10ed8
10e49: MOV Reg R13, Reg RSP 3
10e4c: MOV Reg R12, Reg RDI 3
10e4f: MOV Reg RSI, Reg R13 3
10e52: CALL xc__hypercall_bounce_pre (external)
10e57: TEST Reg EAX, Reg EAX 2
10e59: JNZ 10eea (resolved immediate)
  |
  `- 10e5f,10eea
10e5f: MOV Reg RAX, Address (SizeDir 64 (AddrPlus (FromReg RSP) (AddrImm 8))) 5
10e64: MOV Address (SizeDir 32 (AddrPlus (FromReg RSP) (AddrImm 64))), Reg EBX 4
10e68: LEA Reg RSI, Address (AddrPlus (FromReg RSP) (AddrImm 48)) 5
10e6d: MOV Address (SizeDir 32 (AddrPlus (FromReg RSP) (AddrImm 48))), Immediate 14 8
10e75: MOV Address (SizeDir 32 (AddrPlus (FromReg RSP) (AddrImm 60))), Reg EBP 4
10e79: MOV Reg RDI, Reg R12 3
10e7c: MOV Address (SizeDir 32 (AddrPlus (FromReg RSP) (AddrImm 56))), Immediate 1 8
10e84: TEST Reg RAX, Reg RAX 3
10e87: CMOVZ Reg RAX, Reg R13 4
10e8b: MOV Reg RAX, Address (SizeDir 64 (FromReg RAX)) 3
10e8e: MOV Address (SizeDir 64 (AddrPlus (FromReg RSP) (AddrImm 72))), Reg RAX 5
10e93: CALL xc_sysctl (external)
10e98: MOV Reg RSI, Address (SizeDir 64 (AddrPlus (FromReg RSP) (AddrImm 8))) 5
10e9d: MOV Reg RDI, Reg R12 3
10ea0: MOV Reg EBX, Reg EAX 2
10ea2: TEST Reg RSI, Reg RSI 3
10ea5: CMOVZ Reg RSI, Reg R13 4
10ea9: CALL xc__hypercall_bounce_post (external)
10eae: MOV Reg RDX, Address (SizeDir 64 (AddrPlus (FromReg RSP) (AddrImm 184))) 8
10eb6: XOR Reg RDX, Address (SizeDir 64 (AddrPlus (FromReg FS) (AddrImm 40))) 9
10ebf: MOV Reg EAX, Reg EBX 2
10ec1: JNZ 10f13 (resolved immediate)
  |
  `- 10ec3,10f13
10ec3: ADD Reg RSP, Immediate 200 7
10eca: POP Reg RBX 1
10ecb: POP Reg RBP 1
10ecc: POP Reg R12 2
10ece: POP Reg R13 2
10ed0: RET  1
  |
  `- 
10ed8: CALL __errno_location (external)
10edd: MOV Reg EBX, Immediate 4294967295 5
10ee2: MOV Address (SizeDir 32 (FromReg RAX)), Immediate 22 6
10ee8: JMP 10eae (resolved immediate)
  |
  `- 10eae
10eea: CALL __errno_location (external)
10eef: MOV Reg EBP, Address (SizeDir 32 (FromReg RAX)) 2
10ef1: LEA Reg RDX, Address (AddrPlus (FromReg RIP) (AddrImm 77560)) 7
10ef8: MOV Reg RBX, Reg RAX 3
10efb: MOV Reg ESI, Immediate 1 5
10f00: MOV Reg RDI, Reg R12 3
10f03: XOR Reg EAX, Reg EAX 2
10f05: CALL xc_report_error (external)
10f0a: MOV Address (SizeDir 32 (FromReg RBX)), Reg EBP 2
10f0c: MOV Reg EBX, Immediate 4294967295 5
10f11: JMP 10eae (resolved immediate)
  |
  `- 10eae
10f13: CALL __stack_chk_fail (external)
  |
  `- 
