Number of assembly instructions     = 67
Number of indirect branches         = 0
Number of unresolved indirect jumps = 0: 
Number of unresolved indirect calls = 0: 
Number of symbolic states (representative of non-determinism): 67
Number of edges: 70

6f90 (False): 0

6f90: PUSH Reg R14 2
6f92: PUSH Reg R13 2
6f94: MOV Reg R13, Reg RDI 3
6f97: PUSH Reg R12 2
6f99: PUSH Reg RBP 1
6f9a: MOV Reg R12D, Reg EDX 3
6f9d: PUSH Reg RBX 1
6f9e: MOV Reg RBX, Reg R8 3
6fa1: SUB Reg RSP, Immediate 64 4
6fa5: MOV Reg RAX, Address (SizeDir 64 (AddrPlus (FromReg FS) (AddrImm 40))) 9
6fae: MOV Address (SizeDir 64 (AddrPlus (FromReg RSP) (AddrImm 56))), Reg RAX 5
6fb3: XOR Reg EAX, Reg EAX 2
6fb5: TEST Reg ECX, Reg ECX 2
6fb7: JS 6fc3 (resolved immediate)
  |
  `- 6fb9,6fc3
6fb9: MOV Reg RDI, Reg RSI 3
6fbc: MOV Reg ESI, Reg ECX 2
6fbe: CALL xenevtchn_unbind (external)
6fc3: MOV Reg EDX, Address (SizeDir 32 (FromReg RBX)) 2
6fc5: XOR Reg EAX, Reg EAX 2
6fc7: TEST Reg EDX, Reg EDX 2
6fc9: JS 703e (resolved immediate)
  |
  `- 6fcb,703e
6fcb: MOV Reg RBP, Reg RSP 3
6fce: LEA Reg R8, Address (SizeDir 64 (AddrPlus (FromReg RIP) (AddrImm 106331))) 7
6fd5: MOV Reg R9D, Reg R12D 3
6fd8: MOV Reg ECX, Immediate 46 5
6fdd: MOV Reg EDX, Immediate 1 5
6fe2: MOV Reg ESI, Immediate 46 5
6fe7: MOV Reg RDI, Reg RBP 3
6fea: CALL __snprintf_chk (external)
6fef: MOV Reg RDI, Reg RBP 3
6ff2: CALL unlink (external)
6ff7: TEST Reg EAX, Reg EAX 2
6ff9: JE 7060 (resolved immediate)
  |
  `- 6ffb,7060
6ffb: CALL __errno_location (external)
7000: MOV Reg R14D, Address (SizeDir 32 (FromReg RAX)) 3
7003: MOV Reg R12, Reg RAX 3
7006: MOV Reg EDI, Reg R14D 3
7009: CALL strerror (external)
700e: LEA Reg RDX, Address (SizeDir 64 (AddrPlus (FromReg RIP) (AddrImm 106755))) 7
7015: MOV Reg R8, Reg RAX 3
7018: MOV Reg RCX, Reg RBP 3
701b: MOV Reg RDI, Reg R13 3
701e: XOR Reg EAX, Reg EAX 2
7020: MOV Reg ESI, Immediate 1 5
7025: CALL xc_report_error (external)
702a: MOV Address (SizeDir 32 (FromReg R12)), Reg R14D 4
702e: MOV Reg EDI, Address (SizeDir 32 (FromReg RBX)) 2
7030: TEST Reg EDI, Reg EDI 2
7032: JS 7039 (resolved immediate)
  |
  `- 7034,7039
7034: CALL close (external)
7039: MOV Reg EAX, Immediate 4294967295 5
703e: MOV Reg RDX, Address (SizeDir 64 (AddrPlus (FromReg RSP) (AddrImm 56))) 5
7043: XOR Reg RDX, Address (SizeDir 64 (AddrPlus (FromReg FS) (AddrImm 40))) 9
704c: JNE 7093 (resolved immediate)
  |
  `- 704e,7093
704e: ADD Reg RSP, Immediate 64 4
7052: POP Reg RBX 1
7053: POP Reg RBP 1
7054: POP Reg R12 2
7056: POP Reg R13 2
7058: POP Reg R14 2
705a: RET  1
  |
  `- 
7060: MOV Reg EDI, Address (SizeDir 32 (FromReg RBX)) 2
7062: CALL close (external)
7067: TEST Reg EAX, Reg EAX 2
7069: MOV Address (SizeDir 32 (FromReg RBX)), Immediate 4294967295 6
706f: JE 7039 (resolved immediate)
  |
  `- 7039
7093: CALL __stack_chk_fail (external)
  |
  `- 
