Number of assembly instructions     = 18
Number of indirect branches         = 0
Number of unresolved indirect jumps = 0: 
Number of unresolved indirect calls = 0: 
Number of symbolic states (representative of non-determinism): 18
Number of edges: 18

71b0 (False): 0

71b0: PUSH Reg R12 2
71b2: PUSH Reg RBP 1
71b3: MOV Reg R12, Reg RSI 3
71b6: PUSH Reg RBX 1
71b7: MOV Reg RBP, Reg RDI 3
71ba: CALL xc_suspend_evtchn_init_sane (external)
71bf: TEST Reg EAX, Reg EAX 2
71c1: MOV Reg EBX, Reg EAX 2
71c3: JS 71d2 (resolved immediate)
  |
  `- 71c5,71d2
71c5: MOV Reg EDX, Reg EAX 2
71c7: MOV Reg RSI, Reg R12 3
71ca: MOV Reg RDI, Reg RBP 3
71cd: CALL xc_await_suspend (external)
71d2: MOV Reg EAX, Reg EBX 2
71d4: POP Reg RBX 1
71d5: POP Reg RBP 1
71d6: POP Reg R12 2
71d8: RET  1
  |
  `- 
