Number of assembly instructions     = 385
Number of indirect branches         = 3
Number of unresolved indirect jumps = 0: 
Number of unresolved indirect calls = 2: 1245, 1ba7
Number of symbolic states (representative of non-determinism): 390
Number of edges: 426

12f0 (False): 0
17b0 (True): 1b20
1ad0 (True): 1291

1140: PUSH Reg R15 2
1142: PUSH Reg R14 2
1144: XOR Reg ECX, Reg ECX 2
1146: PUSH Reg R13 2
1148: PUSH Reg R12 2
114a: MOV Reg R15, Reg RSI 3
114d: PUSH Reg RBP 1
114e: PUSH Reg RBX 1
114f: MOV Reg EBX, Reg EDI 2
1151: XOR Reg ESI, Reg ESI 2
1153: MOV Reg EDX, Immediate 2 5
1158: SUB Reg RSP, Immediate 24 4
115c: MOV Address (SizeDir 32 (AddrPlus (FromReg RSP) (AddrImm 12))), Reg EDI 4
1160: MOV Reg RDI, Address (SizeDir 64 (AddrPlus (FromReg RIP) (AddrImm 2105209))) 7
1167: CALL setvbuf (external)
116c: CMP Reg EBX, Immediate 1 3
116f: JLE 129f (resolved immediate)
  |
  `- 1175,129f
1175: MOV Reg RBX, Address (SizeDir 64 (AddrPlus (FromReg R15) (AddrImm 8))) 4
1179: LEA Reg R13, Address (AddrPlus (FromReg RIP) (AddrImm 2104992)) 7
1180: XOR Reg R14D, Reg R14D 3
1183: MOV Reg RDI, Reg RBX 3
1186: CALL strlen (external)
118b: MOV Reg R12, Reg RAX 3
118e: MOV Reg RAX, Reg R14 3
1191: MOV Reg RDX, Reg R12 3
1194: MOV Reg RSI, Reg RBX 3
1197: SHL Reg RAX, Immediate 4 4
119b: MOVSXD Reg RBP, Reg R14D 3
119e: MOV Reg RDI, Address (SizeDir 64 (AddrPlus (AddrPlus (FromReg R13) (FromReg RAX)) (AddrImm 0))) 5
11a3: CALL strncmp (external)
11a8: TEST Reg EAX, Reg EAX 2
11aa: JZ 121b (resolved immediate)
  |
  `- 11ac,121b
11ac: ADD Reg R14, Immediate 1 4
11b0: CMP Reg R14, Immediate 4 4
11b4: JNZ 118e (resolved immediate)
  |
  `- 118e,11b6
11b6: LEA Reg R13, Address (AddrPlus (FromReg RIP) (AddrImm 2105003)) 7
11bd: XOR Reg EBP, Reg EBP 2
11bf: MOV Reg RAX, Reg RBP 3
11c2: MOV Reg RDX, Reg R12 3
11c5: MOV Reg RSI, Reg RBX 3
11c8: SHL Reg RAX, Immediate 5 4
11cc: MOV Reg RDI, Address (SizeDir 64 (AddrPlus (AddrPlus (FromReg R13) (FromReg RAX)) (AddrImm 0))) 5
11d1: CALL strncmp (external)
11d6: TEST Reg EAX, Reg EAX 2
11d8: JZ 1268 (resolved immediate)
  |
  `- 11de,1268
11de: ADD Reg RBP, Immediate 1 4
11e2: CMP Reg RBP, Immediate 4 4
11e6: JNZ 11bf (resolved immediate)
  |
  `- 11bf,11e8
11e8: MOV Reg RDI, Address (SizeDir 64 (AddrPlus (FromReg RIP) (AddrImm 2105105))) 7
11ef: LEA Reg RDX, Address (AddrPlus (FromReg RIP) (AddrImm 4842)) 7
11f6: MOV Reg RCX, Reg RBX 3
11f9: MOV Reg ESI, Immediate 1 5
11fe: XOR Reg EAX, Reg EAX 2
1200: CALL __fprintf_chk (external)
1205: MOV Reg EBX, Immediate 1 5
120a: ADD Reg RSP, Immediate 24 4
120e: MOV Reg EAX, Reg EBX 2
1210: POP Reg RBX 1
1211: POP Reg RBP 1
1212: POP Reg R12 2
1214: POP Reg R13 2
1216: POP Reg R14 2
1218: POP Reg R15 2
121a: RET  1
  |
  `- 
121b: XOR Reg EDX, Reg EDX 2
121d: XOR Reg ESI, Reg ESI 2
121f: XOR Reg EDI, Reg EDI 2
1221: CALL xc_interface_open (external)
1226: TEST Reg RAX, Reg RAX 3
1229: MOV Address (SizeDir 64 (AddrPlus (FromReg RIP) (AddrImm 2105056))), Reg RAX 7
1230: JZ 12c5 (resolved immediate)
  |
  `- 1236,12c5
1236: MOV Reg EDI, Address (SizeDir 32 (AddrPlus (FromReg RSP) (AddrImm 12))) 4
123a: SHL Reg RBP, Immediate 4 4
123e: LEA Reg RSI, Address (AddrPlus (FromReg R15) (AddrImm 16)) 4
1242: SUB Reg EDI, Immediate 2 3
1245: CALL Address (SizeDir 64 (AddrPlus (AddrPlus (FromReg R13) (FromReg RBP)) (AddrImm 8))) 5
124a: MOV Reg EBX, Reg EAX 2
124c: MOV Reg RDI, Address (SizeDir 64 (AddrPlus (FromReg RIP) (AddrImm 2105021))) 7
1253: CALL xc_interface_close (external)
1258: CMP Reg EBX, Immediate 11 3
125b: JZ 1295 (resolved immediate)
  |
  `- 125d,1295
125d: CMP Reg EBX, Immediate 16 3
1260: JZ 1295 (resolved immediate)
  |
  `- 1262,1295
1262: TEST Reg EBX, Reg EBX 2
1264: JNZ 1205 (resolved immediate)
  |
  `- 1205,1266
1266: JMP 120a (resolved immediate)
  |
  `- 120a
1268: XOR Reg EDX, Reg EDX 2
126a: XOR Reg ESI, Reg ESI 2
126c: XOR Reg EDI, Reg EDI 2
126e: CALL xc_interface_open (external)
1273: TEST Reg RAX, Reg RAX 3
1276: MOV Address (SizeDir 64 (AddrPlus (FromReg RIP) (AddrImm 2104979))), Reg RAX 7
127d: JZ 12c5 (resolved immediate)
  |
  `- 127f,12c5
127f: MOV Reg EDI, Address (SizeDir 32 (AddrPlus (FromReg RSP) (AddrImm 12))) 4
1283: LEA Reg RSI, Address (AddrPlus (FromReg R15) (AddrImm 16)) 4
1287: MOV Reg EDX, Reg EBP 2
1289: SUB Reg EDI, Immediate 2 3
128c: CALL action_func (internal)
  |
  `- 1ad0
1291: MOV Reg EBX, Reg EAX 2
1293: JMP 124c (resolved immediate)
  |
  `- 124c
1295: MOV Reg EBX, Immediate 2 5
129a: JMP 120a (resolved immediate)
  |
  `- 120a
129f: MOV Reg RDI, Address (SizeDir 64 (AddrPlus (FromReg RIP) (AddrImm 2104922))) 7
12a6: LEA Reg RDX, Address (AddrPlus (FromReg RIP) (AddrImm 3547)) 7
12ad: MOV Reg ECX, Immediate 128 5
12b2: MOV Reg ESI, Immediate 1 5
12b7: XOR Reg EAX, Reg EAX 2
12b9: XOR Reg EBX, Reg EBX 2
12bb: CALL __fprintf_chk (external)
12c0: JMP 120a (resolved immediate)
  |
  `- 120a
12c5: MOV Reg RCX, Address (SizeDir 64 (AddrPlus (FromReg RIP) (AddrImm 2104884))) 7
12cc: LEA Reg RDI, Address (AddrPlus (FromReg RIP) (AddrImm 4842)) 7
12d3: MOV Reg EDX, Immediate 26 5
12d8: MOV Reg ESI, Immediate 1 5
12dd: XOR Reg EBX, Reg EBX 2
12df: CALL fwrite (external)
12e4: JMP 120a (resolved immediate)
  |
  `- 120a
12f0: XOR Reg EBP, Reg EBP 2
12f2: MOV Reg R9, Reg RDX 3
12f5: POP Reg RSI 1
12f6: MOV Reg RDX, Reg RSP 3
12f9: AND Reg RSP, Immediate 18446744073709551600 4
12fd: PUSH Reg RAX 1
12fe: PUSH Reg RSP 1
12ff: LEA Reg R8, Address (AddrPlus (FromReg RIP) (AddrImm 3434)) 7
1306: LEA Reg RCX, Address (AddrPlus (FromReg RIP) (AddrImm 3315)) 7
130d: LEA Reg RDI, Address (AddrMinus (FromReg RIP) (AddrImm 468)) 7
1314: CALL __libc_start_main (external)
  |
  `- 1140
17b0: PUSH Reg RBP 1
17b1: PUSH Reg RBX 1
17b2: MOV Reg RBP, Reg RDI 3
17b5: MOV Reg RBX, Reg RSI 3
17b8: SUB Reg RSP, Immediate 8 4
17bc: MOV Reg RDI, Address (SizeDir 64 (FromReg RDI)) 3
17bf: CALL strlen (external)
17c4: CMP Reg RAX, Immediate 128 6
17ca: JA 17f8 (resolved immediate)
  |
  `- 17cc,17f8
17cc: MOV Reg RDX, Reg RAX 3
17cf: MOV Reg RDI, Reg RBX 3
17d2: XOR Reg EAX, Reg EAX 2
17d4: MOV Reg ECX, Immediate 16 5
17d9: REP STOSQ  3
17dc: MOV Reg RDI, Reg RBX 3
17df: MOV Reg RSI, Address (SizeDir 64 (AddrPlus (FromReg RBP) (AddrImm 0))) 4
17e3: CALL strncpy (external)
17e8: ADD Reg RSP, Immediate 8 4
17ec: XOR Reg EAX, Reg EAX 2
17ee: POP Reg RBX 1
17ef: POP Reg RBP 1
17f0: RET  1
  |
  `- 
17f8: MOV Reg RDI, Address (SizeDir 64 (AddrPlus (FromReg RIP) (AddrImm 2103553))) 7
17ff: LEA Reg RDX, Address (AddrPlus (FromReg RIP) (AddrImm 2930)) 7
1806: MOV Reg ECX, Immediate 128 5
180b: MOV Reg ESI, Immediate 1 5
1810: XOR Reg EAX, Reg EAX 2
1812: CALL __fprintf_chk (external)
1817: CALL __errno_location (external)
181c: MOV Address (SizeDir 32 (FromReg RAX)), Immediate 22 6
1822: ADD Reg RSP, Immediate 8 4
1826: MOV Reg EAX, Immediate 22 5
182b: POP Reg RBX 1
182c: POP Reg RBP 1
182d: RET  1
  |
  `- 
1ad0: PUSH Reg R15 2
1ad2: PUSH Reg R14 2
1ad4: PUSH Reg R13 2
1ad6: PUSH Reg R12 2
1ad8: PUSH Reg RBP 1
1ad9: PUSH Reg RBX 1
1ada: SUB Reg RSP, Immediate 200 7
1ae1: MOV Reg RCX, Address (SizeDir 64 (AddrPlus (FromReg FS) (AddrImm 40))) 9
1aea: MOV Address (SizeDir 64 (AddrPlus (FromReg RSP) (AddrImm 184))), Reg RCX 8
1af2: XOR Reg ECX, Reg ECX 2
1af4: CMP Reg EDI, Immediate 1 3
1af7: JNZ 1e68 (resolved immediate)
  |
  `- 1afd,1e68
1afd: MOV Reg EBP, Reg EDX 2
1aff: CMP Reg EBP, Immediate 3 3
1b02: JA 1e08 (resolved immediate)
  |
  `- 1b08,1e08
1b08: LEA Reg R12, Address (AddrPlus (FromReg RSP) (AddrImm 48)) 5
1b0d: MOV Reg RAX, Reg RSI 3
1b10: MOV Reg EBX, Immediate 22 5
1b15: MOV Reg RDI, Reg RAX 3
1b18: MOV Reg RSI, Reg R12 3
1b1b: CALL get_name.isra.0 (internal)
  |
  `- 17b0
1b20: TEST Reg EAX, Reg EAX 2
1b22: JNZ 1cb0 (resolved immediate)
  |
  `- 1b28,1cb0
1b28: LEA Reg R13, Address (AddrPlus (FromReg RSP) (AddrImm 8)) 5
1b2d: MOV Reg RDI, Address (SizeDir 64 (AddrPlus (FromReg RIP) (AddrImm 2102748))) 7
1b34: MOV Reg RSI, Reg R12 3
1b37: MOV Reg RDX, Reg R13 3
1b3a: CALL xc_livepatch_get (external)
1b3f: TEST Reg EAX, Reg EAX 2
1b41: MOV Reg EBX, Reg EAX 2
1b43: JNZ 1d70 (resolved immediate)
  |
  `- 1b49,1d70
1b49: CMP Address (SizeDir 32 (AddrPlus (FromReg RSP) (AddrImm 12))), Immediate 4294967285 5
1b4e: JZ 1e18 (resolved immediate)
  |
  `- 1b54,1e18
1b54: MOV Reg R14, Reg RBP 3
1b57: LEA Reg RCX, Address (AddrPlus (FromReg RIP) (AddrImm 2102530)) 7
1b5e: MOV Reg EAX, Address (SizeDir 32 (AddrPlus (FromReg RSP) (AddrImm 8))) 4
1b62: SHL Reg R14, Immediate 5 4
1b66: ADD Reg R14, Reg RCX 3
1b69: CMP Reg EAX, Address (SizeDir 32 (AddrPlus (FromReg R14) (AddrImm 4))) 4
1b6d: JZ 1db0 (resolved immediate)
  |
  `- 1b73,1db0
1b73: MOV Reg EDX, Address (SizeDir 32 (FromReg R14)) 3
1b76: TEST Reg EAX, Reg EDX 2
1b78: JZ 1c40 (resolved immediate)
  |
  `- 1b7e,1c40
1b7e: MOV Reg RDX, Address (SizeDir 64 (AddrPlus (FromReg R14) (AddrImm 16))) 4
1b82: LEA Reg RSI, Address (AddrPlus (FromReg RIP) (AddrImm 2574)) 7
1b89: MOV Reg RCX, Reg R12 3
1b8c: MOV Reg EDI, Immediate 1 5
1b91: XOR Reg EAX, Reg EAX 2
1b93: CALL __printf_chk (external)
1b98: MOV Reg EDX, Immediate 30000000 5
1b9d: MOV Reg RSI, Reg R12 3
1ba0: MOV Reg RDI, Address (SizeDir 64 (AddrPlus (FromReg RIP) (AddrImm 2102633))) 7
1ba7: CALL Address (SizeDir 64 (AddrPlus (FromReg R14) (AddrImm 24))) 4
1bab: TEST Reg EAX, Reg EAX 2
1bad: MOV Reg EBX, Reg EAX 2
1baf: JNZ 1ce0 (resolved immediate)
  |
  `- 1bb5,1ce0
1bb5: MOV Address (SizeDir 64 (AddrPlus (FromReg RSP) (AddrImm 32))), Immediate 0 9
1bbe: MOV Address (SizeDir 64 (AddrPlus (FromReg RSP) (AddrImm 40))), Immediate 60000000 9
1bc7: LEA Reg R15, Address (AddrPlus (FromReg RSP) (AddrImm 32)) 5
1bcc: LEA Reg R14, Address (AddrPlus (FromReg RSP) (AddrImm 16)) 5
1bd1: JMP 1be2 (resolved immediate)
  |
  `- 1be2
1bd8: CALL __errno_location (external)
1bdd: CMP Address (SizeDir 32 (FromReg RAX)), Immediate 4 3
1be0: JNZ 1bfd (resolved immediate)
  |
  `- 1be2,1bfd
1be2: MOVDQA Reg XMM0, Address (SizeDir 128 (AddrPlus (FromReg RSP) (AddrImm 32))) 6
1be8: MOV Reg RSI, Reg R15 3
1beb: MOV Reg RDI, Reg R14 3
1bee: MOVAPS Address (SizeDir 128 (AddrPlus (FromReg RSP) (AddrImm 16))), Reg XMM0 5
1bf3: CALL nanosleep (external)
1bf8: CMP Reg EAX, Immediate 4294967295 3
1bfb: JZ 1bd8 (resolved immediate)
  |
  `- 1bd8,1bfd
1bfd: MOV Reg RDI, Address (SizeDir 64 (AddrPlus (FromReg RIP) (AddrImm 2102540))) 7
1c04: MOV Reg RDX, Reg R13 3
1c07: MOV Reg RSI, Reg R12 3
1c0a: CALL xc_livepatch_get (external)
1c0f: TEST Reg EAX, Reg EAX 2
1c11: JZ 1d20 (resolved immediate)
  |
  `- 1c17,1d20
1c17: CALL __errno_location (external)
1c1c: MOV Reg R13D, Address (SizeDir 32 (FromReg RAX)) 3
1c1f: CMP Reg R13D, Immediate 11 4
1c23: JZ 1dd2 (resolved immediate)
  |
  `- 1c29,1dd2
1c29: TEST Reg R13D, Reg R13D 3
1c2c: JZ 1d2e (resolved immediate)
  |
  `- 1c32,1d2e
1c32: NEG Reg R13D 3
1c35: JMP 1d33 (resolved immediate)
  |
  `- 1d33
1c40: CMP Reg EDX, Immediate 2 3
1c43: LEA Reg R9, Address (AddrPlus (FromReg RIP) (AddrImm 2286)) 7
1c4a: JA 1c65 (resolved immediate)
  |
  `- 1c4c,1c65
1c4c: LEA Reg RCX, Address (AddrPlus (FromReg RIP) (AddrImm 2101373)) 7
1c53: MOV Reg R9, Address (SizeDir 64 (AddrPlus (FromReg RCX) (AddrTimes (AddrImm 8) (FromReg RDX)))) 4
1c57: LEA Reg RDX, Address (AddrPlus (FromReg RIP) (AddrImm 2266)) 7
1c5e: TEST Reg R9, Reg R9 3
1c61: CMOVZ Reg R9, Reg RDX 4
1c65: CMP Reg EAX, Immediate 2 3
1c68: LEA Reg R8, Address (AddrPlus (FromReg RIP) (AddrImm 2249)) 7
1c6f: JA 1c8a (resolved immediate)
  |
  `- 1c71,1c8a
1c71: LEA Reg RDX, Address (AddrPlus (FromReg RIP) (AddrImm 2101336)) 7
1c78: MOV Reg R8, Address (SizeDir 64 (AddrPlus (FromReg RDX) (AddrTimes (AddrImm 8) (FromReg RAX)))) 4
1c7c: LEA Reg RAX, Address (AddrPlus (FromReg RIP) (AddrImm 2229)) 7
1c83: TEST Reg R8, Reg R8 3
1c86: CMOVZ Reg R8, Reg RAX 4
1c8a: MOV Reg RDI, Address (SizeDir 64 (AddrPlus (FromReg RIP) (AddrImm 2102383))) 7
1c91: LEA Reg RDX, Address (AddrPlus (FromReg RIP) (AddrImm 2056)) 7
1c98: MOV Reg RCX, Reg R12 3
1c9b: MOV Reg ESI, Immediate 1 5
1ca0: XOR Reg EAX, Reg EAX 2
1ca2: MOV Reg EBX, Immediate 4294967295 5
1ca7: CALL __fprintf_chk (external)
1cac: NOP  4
1cb0: MOV Reg RCX, Address (SizeDir 64 (AddrPlus (FromReg RSP) (AddrImm 184))) 8
1cb8: XOR Reg RCX, Address (SizeDir 64 (AddrPlus (FromReg FS) (AddrImm 40))) 9
1cc1: MOV Reg EAX, Reg EBX 2
1cc3: JNZ 1ef0 (resolved immediate)
  |
  `- 1cc9,1ef0
1cc9: ADD Reg RSP, Immediate 200 7
1cd0: POP Reg RBX 1
1cd1: POP Reg RBP 1
1cd2: POP Reg R12 2
1cd4: POP Reg R13 2
1cd6: POP Reg R14 2
1cd8: POP Reg R15 2
1cda: RET  1
  |
  `- 
1ce0: CALL __errno_location (external)
1ce5: LEA Reg RDI, Address (AddrPlus (FromReg RIP) (AddrImm 2170)) 7
1cec: MOV Reg EBX, Address (SizeDir 32 (FromReg RAX)) 2
1cee: CALL puts (external)
1cf3: MOV Reg EDI, Reg EBX 2
1cf5: CALL strerror (external)
1cfa: MOV Reg RDI, Address (SizeDir 64 (AddrPlus (FromReg RIP) (AddrImm 2102271))) 7
1d01: LEA Reg RDX, Address (AddrPlus (FromReg RIP) (AddrImm 2149)) 7
1d08: MOV Reg R8, Reg RAX 3
1d0b: MOV Reg ECX, Reg EBX 2
1d0d: MOV Reg ESI, Immediate 1 5
1d12: XOR Reg EAX, Reg EAX 2
1d14: CALL __fprintf_chk (external)
1d19: JMP 1cb0 (resolved immediate)
  |
  `- 1cb0
1d20: MOV Reg R13D, Address (SizeDir 32 (AddrPlus (FromReg RSP) (AddrImm 12))) 5
1d25: TEST Reg R13D, Reg R13D 3
1d28: JNZ 1dc8 (resolved immediate)
  |
  `- 1d2e,1dc8
1d2e: MOV Reg R13D, Address (SizeDir 32 (AddrPlus (FromReg RSP) (AddrImm 8))) 5
1d33: LEA Reg RAX, Address (AddrPlus (FromReg RIP) (AddrImm 2102054)) 7
1d3a: SHL Reg RBP, Immediate 5 4
1d3e: ADD Reg RBP, Reg RAX 3
1d41: CMP Address (SizeDir 32 (AddrPlus (FromReg RBP) (AddrImm 4))), Reg R13D 4
1d45: JZ 1e50 (resolved immediate)
  |
  `- 1d4b,1e50
1d4b: TEST Reg R13D, Reg R13D 3
1d4e: LEA Reg RDI, Address (AddrPlus (FromReg RIP) (AddrImm 2065)) 7
1d55: JNS 1e91 (resolved immediate)
  |
  `- 1d5b,1e91
1d5b: MOV Reg EBX, Reg R13D 3
1d5e: CALL puts (external)
1d63: NEG Reg EBX 2
1d65: JMP 1cf3 (resolved immediate)
  |
  `- 1cf3
1d70: CALL __errno_location (external)
1d75: MOV Reg EBX, Address (SizeDir 32 (FromReg RAX)) 2
1d77: MOV Reg EDI, Reg EBX 2
1d79: CALL strerror (external)
1d7e: MOV Reg RDI, Address (SizeDir 64 (AddrPlus (FromReg RIP) (AddrImm 2102139))) 7
1d85: LEA Reg RDX, Address (AddrPlus (FromReg RIP) (AddrImm 1708)) 7
1d8c: MOV Reg R9, Reg RAX 3
1d8f: MOV Reg R8D, Reg EBX 3
1d92: MOV Reg RCX, Reg R12 3
1d95: MOV Reg ESI, Immediate 1 5
1d9a: XOR Reg EAX, Reg EAX 2
1d9c: CALL __fprintf_chk (external)
1da1: JMP 1cb0 (resolved immediate)
  |
  `- 1cb0
1db0: LEA Reg RDI, Address (AddrPlus (FromReg RIP) (AddrImm 1998)) 7
1db7: CALL puts (external)
1dbc: JMP 1cb0 (resolved immediate)
  |
  `- 1cb0
1dc8: CMP Reg R13D, Immediate 4294967285 4
1dcc: JNZ 1d33 (resolved immediate)
  |
  `- 1d33
1dd2: LEA Reg RDI, Address (AddrPlus (FromReg RIP) (AddrImm 1933)) 7
1dd9: MOV Reg EBX, Immediate 11 5
1dde: CALL puts (external)
1de3: MOV Reg RCX, Address (SizeDir 64 (AddrPlus (FromReg RIP) (AddrImm 2102038))) 7
1dea: LEA Reg RDI, Address (AddrPlus (FromReg RIP) (AddrImm 1968)) 7
1df1: MOV Reg EDX, Immediate 27 5
1df6: MOV Reg ESI, Immediate 1 5
1dfb: CALL fwrite (external)
1e00: JMP 1cb0 (resolved immediate)
  |
  `- 1cb0
1e08: MOV Reg EBX, Immediate 4294967295 5
1e0d: JMP 1cb0 (resolved immediate)
  |
  `- 1cb0
1e18: LEA Reg RAX, Address (AddrPlus (FromReg RIP) (AddrImm 2101825)) 7
1e1f: SHL Reg RBP, Immediate 5 4
1e23: MOV Reg RDI, Address (SizeDir 64 (AddrPlus (FromReg RIP) (AddrImm 2101974))) 7
1e2a: LEA Reg RDX, Address (AddrPlus (FromReg RIP) (AddrImm 1591)) 7
1e31: MOV Reg ESI, Immediate 1 5
1e36: MOV Reg EBX, Immediate 11 5
1e3b: MOV Reg RCX, Address (SizeDir 64 (AddrPlus (AddrPlus (FromReg RAX) (FromReg RBP)) (AddrImm 8))) 5
1e40: XOR Reg EAX, Reg EAX 2
1e42: CALL __fprintf_chk (external)
1e47: JMP 1cb0 (resolved immediate)
  |
  `- 1cb0
1e50: LEA Reg RDI, Address (AddrPlus (FromReg RIP) (AddrImm 1828)) 7
1e57: CALL puts (external)
1e5c: JMP 1cb0 (resolved immediate)
  |
  `- 1cb0
1e68: MOV Reg RDI, Address (SizeDir 64 (AddrPlus (FromReg RIP) (AddrImm 2101905))) 7
1e6f: LEA Reg RDX, Address (AddrPlus (FromReg RIP) (AddrImm 530)) 7
1e76: MOV Reg ECX, Immediate 128 5
1e7b: MOV Reg ESI, Immediate 1 5
1e80: XOR Reg EAX, Reg EAX 2
1e82: MOV Reg EBX, Immediate 4294967295 5
1e87: CALL __fprintf_chk (external)
1e8c: JMP 1cb0 (resolved immediate)
  |
  `- 1cb0
1e91: CALL puts (external)
1e96: MOV Reg EAX, Address (SizeDir 32 (AddrPlus (FromReg RBP) (AddrImm 4))) 3
1e99: LEA Reg R9, Address (AddrPlus (FromReg RIP) (AddrImm 1688)) 7
1ea0: CMP Reg EAX, Immediate 2 3
1ea3: JA 1ebe (resolved immediate)
  |
  `- 1ea5,1ebe
1ea5: LEA Reg RDX, Address (AddrPlus (FromReg RIP) (AddrImm 2100772)) 7
1eac: MOV Reg R9, Address (SizeDir 64 (AddrPlus (FromReg RDX) (AddrTimes (AddrImm 8) (FromReg RAX)))) 4
1eb0: LEA Reg RAX, Address (AddrPlus (FromReg RIP) (AddrImm 1665)) 7
1eb7: TEST Reg R9, Reg R9 3
1eba: CMOVZ Reg R9, Reg RAX 4
1ebe: CMP Reg R13D, Immediate 2 4
1ec2: LEA Reg R8, Address (AddrPlus (FromReg RIP) (AddrImm 1647)) 7
1ec9: JG 1c8a (resolved immediate)
  |
  `- 1c8a,1ecf
1ecf: LEA Reg RAX, Address (AddrPlus (FromReg RIP) (AddrImm 2100730)) 7
1ed6: MOV Reg R13D, Reg R13D 3
1ed9: MOV Reg R8, Address (SizeDir 64 (AddrPlus (FromReg RAX) (AddrTimes (AddrImm 8) (FromReg R13)))) 4
1edd: LEA Reg RAX, Address (AddrPlus (FromReg RIP) (AddrImm 1620)) 7
1ee4: TEST Reg R8, Reg R8 3
1ee7: CMOVZ Reg R8, Reg RAX 4
1eeb: JMP 1c8a (resolved immediate)
  |
  `- 1c8a
1ef0: CALL __stack_chk_fail (external)
  |
  `- 
