Number of assembly instructions     = 143
Number of indirect branches         = 5
Number of unresolved indirect jumps = 0: 
Number of unresolved indirect calls = 3: 17df, 1811, 181c
Number of symbolic states (representative of non-determinism): 148
Number of edges: 161

1900 (False): 0
1a10 (True): 16e2
1cb0 (True): 178b, 17d1, 1811

1680: PUSH Reg R15 2
1682: PUSH Reg R14 2
1684: MOV Reg EDX, Immediate 4 5
1689: PUSH Reg R13 2
168b: PUSH Reg R12 2
168d: PUSH Reg RBP 1
168e: PUSH Reg RBX 1
168f: LEA Reg RBP, Address (AddrPlus (FromReg RSI) (AddrImm 8)) 4
1693: MOV Reg ESI, Immediate 6 5
1698: LEA Reg RBX, Address (AddrPlus (FromReg RIP) (AddrImm 2106401)) 7
169f: SUB Reg RSP, Immediate 8 4
16a3: MOV Reg RDI, Address (SizeDir 64 (AddrPlus (FromReg RIP) (AddrImm 2107798))) 7
16aa: CALL xtl_createlogger_stdiostream (external)
16af: MOV Address (SizeDir 64 (AddrPlus (FromReg RIP) (AddrImm 2107874))), Reg RAX 7
16b6: LEA Reg RAX, Address (AddrPlus (FromReg RIP) (AddrImm 4374)) 7
16bd: MOV Address (SizeDir 64 (AddrPlus (FromReg RIP) (AddrImm 2107836))), Reg RAX 7
16c4: MOV Address (SizeDir 64 (AddrPlus (FromReg RIP) (AddrImm 2107821))), Reg RAX 7
16cb: LEA Reg RAX, Address (AddrPlus (FromReg RIP) (AddrImm 830)) 7
16d2: JMP 16dc (resolved immediate)
  |
  `- 16dc
16d8: MOV Reg RAX, Address (SizeDir 64 (AddrPlus (FromReg RBX) (AddrImm 8))) 4
16dc: ADD Reg RBX, Immediate 56 4
16e0: CALL Reg RAX 2
  |
  `- 16e2,1a10
16e2: CMP Address (SizeDir 64 (FromReg RBX)), Immediate 0 4
16e6: JNZ 16d8 (resolved immediate)
  |
  `- 16d8,16e8
16e8: LEA Reg R12, Address (AddrPlus (FromReg RIP) (AddrImm 4316)) 7
16ef: LEA Reg R15, Address (AddrPlus (FromReg RIP) (AddrImm 3844)) 7
16f6: LEA Reg R14, Address (AddrPlus (FromReg RIP) (AddrImm 4052)) 7
16fd: NOP  3
1700: MOV Reg RBX, Address (SizeDir 64 (AddrPlus (FromReg RBP) (AddrImm 0))) 4
1704: TEST Reg RBX, Reg RBX 3
1707: MOV Address (SizeDir 64 (AddrPlus (FromReg RIP) (AddrImm 2107770))), Reg RBX 7
170e: JZ 179f (resolved immediate)
  |
  `- 1714,179f
1714: MOV Reg RDI, Address (SizeDir 64 (AddrPlus (FromReg RBP) (AddrImm 8))) 4
1718: TEST Reg RDI, Reg RDI 3
171b: JZ 188a (resolved immediate)
  |
  `- 1721,188a
1721: XOR Reg ESI, Reg ESI 2
1723: ADD Reg RBP, Immediate 24 4
1727: MOV Reg EDX, Immediate 10 5
172c: CALL strtol (external)
1731: MOV Address (SizeDir 32 (AddrPlus (FromReg RIP) (AddrImm 2107737))), Reg EAX 6
1737: MOV Reg RAX, Address (SizeDir 64 (AddrMinus (FromReg RBP) (AddrImm 8))) 4
173b: TEST Reg RAX, Reg RAX 3
173e: MOV Address (SizeDir 64 (AddrPlus (FromReg RIP) (AddrImm 2107707))), Reg RAX 7
1745: JZ 189d (resolved immediate)
  |
  `- 174b,189d
174b: LEA Reg R13, Address (AddrPlus (FromReg RIP) (AddrImm 2106222)) 7
1752: MOV Reg RDI, Reg R12 3
1755: NOP  3
1758: MOV Reg RSI, Reg RBX 3
175b: CALL strcmp (external)
1760: TEST Reg EAX, Reg EAX 2
1762: JZ 17b0 (resolved immediate)
  |
  `- 1764,17b0
1764: ADD Reg R13, Immediate 56 4
1768: MOV Reg RDI, Address (SizeDir 64 (AddrPlus (FromReg R13) (AddrImm 0))) 4
176c: TEST Reg RDI, Reg RDI 3
176f: JNZ 1758 (resolved immediate)
  |
  `- 1758,1771
1771: LEA Reg RDX, Address (AddrPlus (FromReg RIP) (AddrImm 3864)) 7
1778: LEA Reg RSI, Address (AddrPlus (FromReg RIP) (AddrImm 4225)) 7
177f: LEA Reg RDI, Address (AddrPlus (FromReg RIP) (AddrImm 3881)) 7
1786: CALL report (internal)
178b: MOV Reg RBX, Address (SizeDir 64 (AddrPlus (FromReg RBP) (AddrImm 0))) 4
178f: TEST Reg RBX, Reg RBX 3
1792: MOV Address (SizeDir 64 (AddrPlus (FromReg RIP) (AddrImm 2107631))), Reg RBX 7
1799: JNZ 1714 (resolved immediate)
  |
  `- 1714,179f
179f: ADD Reg RSP, Immediate 8 4
17a3: XOR Reg EAX, Reg EAX 2
17a5: POP Reg RBX 1
17a6: POP Reg RBP 1
17a7: POP Reg R12 2
17a9: POP Reg R13 2
17ab: POP Reg R14 2
17ad: POP Reg R15 2
17af: RET  1
  |
  `- 
17b0: CMP Address (SizeDir 64 (AddrPlus (FromReg R13) (AddrImm 16))), Immediate 0 5
17b5: JZ 17f0 (resolved immediate)
  |
  `- 17b7,17f0
17b7: LEA Reg RDX, Address (AddrPlus (FromReg RIP) (AddrImm 4176)) 7
17be: LEA Reg RSI, Address (AddrPlus (FromReg RIP) (AddrImm 4181)) 7
17c5: LEA Reg RDI, Address (AddrPlus (FromReg RIP) (AddrImm 4180)) 7
17cc: CALL report (internal)
  |
  `- 17d1,1cb0
17d1: LEA Reg RAX, Address (AddrPlus (FromReg RIP) (AddrImm 4162)) 7
17d8: MOV Address (SizeDir 64 (AddrPlus (FromReg RIP) (AddrImm 2107545))), Reg RAX 7
17df: CALL Address (SizeDir 64 (AddrPlus (FromReg R13) (AddrImm 16))) 4
17e3: JMP 1700 (resolved immediate)
  |
  `- 1700
17f0: LEA Reg RDX, Address (AddrPlus (FromReg RIP) (AddrImm 4119)) 7
17f7: LEA Reg RSI, Address (AddrPlus (FromReg RIP) (AddrImm 4139)) 7
17fe: LEA Reg RDI, Address (AddrPlus (FromReg RIP) (AddrImm 4123)) 7
1805: MOV Address (SizeDir 64 (AddrPlus (FromReg RIP) (AddrImm 2107500))), Reg R15 7
180c: CALL report (internal)
1811: CALL Address (SizeDir 64 (AddrPlus (FromReg R13) (AddrImm 24))) 4
1815: MOV Address (SizeDir 64 (AddrPlus (FromReg RIP) (AddrImm 2107484))), Reg R14 7
181c: CALL Address (SizeDir 64 (AddrPlus (FromReg R13) (AddrImm 32))) 4
1820: CMP Address (SizeDir 64 (AddrPlus (FromReg RIP) (AddrImm 2107472))), Immediate 0 8
1828: JNZ 18ae (resolved immediate)
  |
  `- 18ae
188a: LEA Reg RSI, Address (AddrPlus (FromReg RIP) (AddrImm 3912)) 7
1891: MOV Reg EDI, Immediate 8 5
1896: XOR Reg EAX, Reg EAX 2
1898: CALL errx (external)
  |
  `- 
189d: LEA Reg RSI, Address (AddrPlus (FromReg RIP) (AddrImm 3913)) 7
18a4: MOV Reg EDI, Immediate 8 5
18a9: CALL errx (external)
  |
  `- 
18ae: LEA Reg RCX, Address (AddrPlus (FromReg RIP) (AddrImm 4052)) 7
18b5: LEA Reg RSI, Address (AddrPlus (FromReg RIP) (AddrImm 3958)) 7
18bc: LEA Reg RDI, Address (AddrPlus (FromReg RIP) (AddrImm 3971)) 7
18c3: MOV Reg EDX, Immediate 422 5
18c8: CALL __assert_fail (external)
  |
  `- 
1900: XOR Reg EBP, Reg EBP 2
1902: MOV Reg R9, Reg RDX 3
1905: POP Reg RSI 1
1906: MOV Reg RDX, Reg RSP 3
1909: AND Reg RSP, Immediate 18446744073709551600 4
190d: PUSH Reg RAX 1
190e: PUSH Reg RSP 1
190f: LEA Reg R8, Address (AddrPlus (FromReg RIP) (AddrImm 2906)) 7
1916: LEA Reg RCX, Address (AddrPlus (FromReg RIP) (AddrImm 2787)) 7
191d: LEA Reg RDI, Address (AddrMinus (FromReg RIP) (AddrImm 676)) 7
1924: CALL __libc_start_main (external)
  |
  `- 1680
1a10: REPZ RET  2
  |
  `- 
1cb0: SUB Reg RSP, Immediate 8 4
1cb4: PUSH Address (SizeDir 64 (AddrPlus (FromReg RIP) (AddrImm 2106310))) 6
1cba: MOV Reg R8D, Address (SizeDir 32 (AddrPlus (FromReg RIP) (AddrImm 2106319))) 7
1cc1: PUSH Reg RDX 1
1cc2: MOV Reg RDX, Address (SizeDir 64 (AddrPlus (FromReg RIP) (AddrImm 2106303))) 7
1cc9: MOV Reg R9, Reg RSI 3
1ccc: LEA Reg RSI, Address (AddrPlus (FromReg RIP) (AddrImm 2473)) 7
1cd3: MOV Reg RCX, Reg RDI 3
1cd6: XOR Reg EAX, Reg EAX 2
1cd8: MOV Reg EDI, Immediate 1 5
1cdd: CALL __printf_chk (external)
1ce2: MOV Reg RDI, Address (SizeDir 64 (AddrPlus (FromReg RIP) (AddrImm 2106167))) 7
1ce9: CALL ferror (external)
1cee: TEST Reg EAX, Reg EAX 2
1cf0: POP Reg RDX 1
1cf1: POP Reg RCX 1
1cf2: JNZ 1d09 (resolved immediate)
  |
  `- 1cf4,1d09
1cf4: MOV Reg RDI, Address (SizeDir 64 (AddrPlus (FromReg RIP) (AddrImm 2106149))) 7
1cfb: CALL fflush (external)
1d00: TEST Reg EAX, Reg EAX 2
1d02: JNZ 1d09 (resolved immediate)
1d04: ADD Reg RSP, Immediate 8 4
1d08: RET  1
  |
  `- 
1d09: LEA Reg RSI, Address (AddrPlus (FromReg RIP) (AddrImm 2433)) 7
1d10: MOV Reg EDI, Immediate 16 5
1d15: XOR Reg EAX, Reg EAX 2
1d17: CALL err (external)
  |
  `- 
