Number of assembly instructions     = 26
Number of indirect branches         = 0
Number of unresolved indirect jumps = 0: 
Number of unresolved indirect calls = 0: 
Number of symbolic states (representative of non-determinism): 26
Number of edges: 24

f40 (False): 0
1300 (True): f5e

f40: TEST Reg RDI, Reg RDI 3
f43: JE f80 (resolved immediate)
  |
  `- f45,f80
f45: PUSH Reg RBX 1
f46: MOV Reg RBX, Reg RDI 3
f49: LEA Reg RDI, Address (SizeDir 64 (AddrPlus (FromReg RDI) (AddrImm 24))) 4
f4d: SUB Reg RSP, Immediate 16 4
f51: CALL xentoolcore__deregister_active_handle (external)
f56: MOV Reg RDI, Reg RBX 3
f59: CALL osdep_xenforeignmemory_close (internal)
  |
  `- 1300
f5e: MOV Reg RDI, Address (SizeDir 64 (AddrPlus (FromReg RBX) (AddrImm 8))) 4
f62: MOV Address (SizeDir 32 (AddrPlus (FromReg RSP) (AddrImm 12))), Reg EAX 4
f66: CALL xtl_logger_destroy (external)
f6b: MOV Reg RDI, Reg RBX 3
f6e: CALL free (external)
f73: MOV Reg EAX, Address (SizeDir 32 (AddrPlus (FromReg RSP) (AddrImm 12))) 4
f77: ADD Reg RSP, Immediate 16 4
f7b: POP Reg RBX 1
f7c: RET  1
  |
  `- 
f80: XOR Reg EAX, Reg EAX 2
f82: RET  1
  |
  `- 
1300: MOV Reg EDI, Address (SizeDir 32 (AddrPlus (FromReg RDI) (AddrImm 20))) 3
1303: CMP Reg EDI, Immediate 18446744073709551615 3
1306: JE 1310 (resolved immediate)
  |
  `- 1308,1310
1308: JMP close (jmp to external function)
  |
  `- 
1310: XOR Reg EAX, Reg EAX 2
1312: RET  1
  |
  `- 
