Number of assembly instructions     = 82
Number of indirect branches         = 1
Number of unresolved indirect jumps = 0: 
Number of unresolved indirect calls = 1: 11db
Number of symbolic states (representative of non-determinism): 82
Number of edges: 86

1130 (False): 0

1130: PUSH Reg R13 2
1132: PUSH Reg R12 2
1134: PUSH Reg RBP 1
1135: PUSH Reg RBX 1
1136: SUB Reg RSP, Immediate 40 4
113a: MOV Reg R12, Reg RDI 3
113d: MOV Reg RDI, Reg RSI 3
1140: MOV Reg RSI, Reg RDX 3
1143: MOV Reg RAX, Address (SizeDir 64 (AddrPlus (FromReg FS) (AddrImm 40))) 9
114c: MOV Address (SizeDir 64 (AddrPlus (FromReg RSP) (AddrImm 24))), Reg RAX 5
1151: XOR Reg EAX, Reg EAX 2
1153: MOV Address (SizeDir 32 (AddrPlus (FromReg RSP) (AddrImm 4))), Immediate 0 8
115b: MOV Address (SizeDir 64 (AddrPlus (FromReg RSP) (AddrImm 8))), Immediate 0 9
1164: LEA Reg R9, Address (AddrPlus (FromReg RSP) (AddrImm 8)) 5
1169: LEA Reg R8, Address (AddrPlus (FromReg RSP) (AddrImm 4)) 5
116e: LEA Reg RCX, Address (AddrPlus (FromReg RIP) (AddrImm 2101931)) 7
1175: LEA Reg RDX, Address (AddrPlus (FromReg RIP) (AddrImm 1101)) 7
117c: CALL PyArg_ParseTupleAndKeywords (external)
1181: TEST Reg EAX, Reg EAX 2
1183: JZ 1271 (resolved immediate)
  |
  `- 1189,1271
1189: MOV Reg EBP, Address (SizeDir 32 (AddrPlus (FromReg RSP) (AddrImm 4))) 4
118d: TEST Reg EBP, Reg EBP 2
118f: MOV Reg EAX, Immediate 4096 5
1194: CMOVZ Reg EBP, Reg EAX 3
1197: MOVSXD Reg RSI, Reg EBP 3
119a: MOV Reg EDI, Immediate 0 5
119f: CALL PyString_FromStringAndSize (external)
11a4: MOV Address (SizeDir 64 (AddrPlus (FromReg RSP) (AddrImm 16))), Reg RAX 5
11a9: TEST Reg RAX, Reg RAX 3
11ac: JZ 1256 (resolved immediate)
  |
  `- 11b2,1256
11b2: MOV Reg EBX, Immediate 0 5
11b7: LEA Reg R13, Address (AddrPlus (FromReg RSP) (AddrImm 16)) 5
11bc: JMP 1206 (resolved immediate)
  |
  `- 1206
11be: MOV Reg RDX, Address (SizeDir 64 (AddrPlus (FromReg RSP) (AddrImm 16))) 5
11c3: MOV Reg RAX, Address (SizeDir 64 (FromReg RDX)) 3
11c6: SUB Reg RAX, Immediate 1 4
11ca: MOV Address (SizeDir 64 (FromReg RDX)), Reg RAX 3
11cd: TEST Reg RAX, Reg RAX 3
11d0: JNZ 11de (resolved immediate)
  |
  `- 11d2,11de
11d2: MOV Reg RDI, Address (SizeDir 64 (AddrPlus (FromReg RSP) (AddrImm 16))) 5
11d7: MOV Reg RAX, Address (SizeDir 64 (AddrPlus (FromReg RDI) (AddrImm 8))) 4
11db: CALL Address (SizeDir 64 (AddrPlus (FromReg RAX) (AddrImm 48))) 3
11de: MOV Reg RAX, Address (SizeDir 64 (AddrPlus (FromReg RIP) (AddrImm 2100715))) 7
11e5: MOV Reg RDI, Address (SizeDir 64 (FromReg RAX)) 3
11e8: CALL PyErr_SetFromErrno (external)
11ed: MOV Reg EAX, Immediate 0 5
11f2: JMP 1256 (resolved immediate)
  |
  `- 1256
11f4: MOVSXD Reg RSI, Reg EBP 3
11f7: ADD Reg RSI, Reg RBX 3
11fa: MOV Reg RDI, Reg R13 3
11fd: CALL _PyString_Resize (external)
1202: TEST Reg EAX, Reg EAX 2
1204: JS 1278 (resolved immediate)
  |
  `- 1206,1278
1206: MOV Reg RCX, Reg RBX 3
1209: ADD Reg RCX, Address (SizeDir 64 (AddrPlus (FromReg RSP) (AddrImm 8))) 5
120e: MOVSXD Reg RDX, Reg EBP 3
1211: MOV Reg RAX, Address (SizeDir 64 (AddrPlus (FromReg RSP) (AddrImm 16))) 5
1216: LEA Reg RSI, Address (AddrPlus (AddrPlus (FromReg RAX) (FromReg RBX)) (AddrImm 36)) 5
121b: MOV Reg RDI, Address (SizeDir 64 (AddrPlus (FromReg R12) (AddrImm 24))) 5
1220: CALL fsi_pread_file (external)
1225: CMP Reg EAX, Immediate 4294967295 3
1228: JZ 11be (resolved immediate)
  |
  `- 11be,122a
122a: TEST Reg EAX, Reg EAX 2
122c: JZ 1244 (resolved immediate)
122e: CDQE  2
1230: ADD Reg RBX, Reg RAX 3
1233: CMP Address (SizeDir 32 (AddrPlus (FromReg RSP) (AddrImm 4))), Immediate 0 5
1238: JZ 11f4 (resolved immediate)
  |
  `- 11f4
1256: MOV Reg RBX, Address (SizeDir 64 (AddrPlus (FromReg RSP) (AddrImm 24))) 5
125b: XOR Reg RBX, Address (SizeDir 64 (AddrPlus (FromReg FS) (AddrImm 40))) 9
1264: JNZ 127f (resolved immediate)
  |
  `- 1266,127f
1266: ADD Reg RSP, Immediate 40 4
126a: POP Reg RBX 1
126b: POP Reg RBP 1
126c: POP Reg R12 2
126e: POP Reg R13 2
1270: RET  1
  |
  `- 
1271: MOV Reg EAX, Immediate 0 5
1276: JMP 1256 (resolved immediate)
  |
  `- 1256
1278: MOV Reg EAX, Immediate 0 5
127d: JMP 1256 (resolved immediate)
  |
  `- 1256
127f: CALL __stack_chk_fail (external)
  |
  `- 
