Number of assembly instructions     = 16
Number of indirect branches         = 0
Number of unresolved indirect jumps = 0: 
Number of unresolved indirect calls = 0: 
Number of symbolic states (representative of non-determinism): 18
Number of edges: 21

1060 (False): 0

1060: LEA Reg RDI, Address (SizeDir 64 (AddrPlus (FromReg RIP) (AddrImm 2103297))) 7
1067: LEA Reg RSI, Address (SizeDir 64 (AddrPlus (FromReg RIP) (AddrImm 2103290))) 7
106e: PUSH Reg RBP 1
106f: SUB Reg RSI, Reg RDI 3
1072: MOV Reg RBP, Reg RSP 3
1075: SAR Reg RSI, Immediate 3 4
1079: MOV Reg RAX, Reg RSI 3
107c: SHR Reg RAX, Immediate 63 4
1080: ADD Reg RSI, Reg RAX 3
1083: SAR Reg RSI, Immediate 1 3
1086: JE 10a0 (resolved immediate)
  |
  `- 1088,10a0
1088: MOV Reg RAX, Address (SizeDir 64 (AddrPlus (FromReg RIP) (AddrImm 2101089))) 7
108f: TEST Reg RAX, Reg RAX 3
1092: JE 10a0 (resolved immediate)
  |
  `- 10a0
10a0: POP Reg RBP 1
10a1: RET  1
  |
  `- 
