Number of assembly instructions     = 17
Number of indirect branches         = 0
Number of unresolved indirect jumps = 0: 
Number of unresolved indirect calls = 0: 
Number of symbolic states (representative of non-determinism): 17
Number of edges: 17

2360 (False): 0

2360: MOVZX Reg ESI, Reg SI 3
2363: JMP 2570 (resolved immediate)
  |
  `- 2570
2570: SUB Reg RSP, Immediate 24 4
2574: MOV Reg EDI, Address (SizeDir 32 (AddrPlus (FromReg RDI) (AddrImm 32))) 3
2577: MOV Address (SizeDir 16 (AddrPlus (FromReg RSP) (AddrImm 12))), Reg SI 5
257c: TEST Reg EDI, Reg EDI 2
257e: JS 25a0 (resolved immediate)
  |
  `- 2580,25a0
2580: LEA Reg RDX, Address (SizeDir 64 (AddrPlus (FromReg RSP) (AddrImm 12))) 5
2585: MOV Reg ESI, Immediate 151558 5
258a: XOR Reg EAX, Reg EAX 2
258c: CALL ioctl (external)
2591: ADD Reg RSP, Immediate 24 4
2595: RET  1
  |
  `- 
25a0: CALL __errno_location (external)
25a5: MOV Address (SizeDir 32 (FromReg RAX)), Immediate 95 6
25ab: MOV Reg EAX, Immediate 4294967295 5
25b0: JMP 2591 (resolved immediate)
  |
  `- 2591
