Number of assembly instructions     = 17
Number of indirect branches         = 0
Number of unresolved indirect jumps = 0: 
Number of unresolved indirect calls = 0: 
Number of symbolic states (representative of non-determinism): 17
Number of edges: 16

20b0 (False): 0

20b0: SUB Reg RSP, Immediate 40 4
20b4: MOVZX Reg ESI, Reg SI 3
20b7: MOV Address (SizeDir 32 (FromReg RSP)), Reg ECX 3
20ba: MOV Address (SizeDir 64 (AddrPlus (FromReg RSP) (AddrImm 8))), Reg RDX 5
20bf: MOV Reg ECX, Immediate 1 5
20c4: MOV Reg RDX, Reg RSP 3
20c7: MOV Address (SizeDir 32 (AddrPlus (FromReg RSP) (AddrImm 4))), Immediate 0 8
20cf: MOV Reg RAX, Address (SizeDir 64 (AddrPlus (FromReg FS) (AddrImm 40))) 9
20d8: MOV Address (SizeDir 64 (AddrPlus (FromReg RSP) (AddrImm 24))), Reg RAX 5
20dd: XOR Reg EAX, Reg EAX 2
20df: CALL xendevicemodel_modified_memory_bulk (external)
20e4: MOV Reg RCX, Address (SizeDir 64 (AddrPlus (FromReg RSP) (AddrImm 24))) 5
20e9: XOR Reg RCX, Address (SizeDir 64 (AddrPlus (FromReg FS) (AddrImm 40))) 9
20f2: JNZ 20f9 (resolved immediate)
  |
  `- 20f4,20f9
20f4: ADD Reg RSP, Immediate 40 4
20f8: RET  1
  |
  `- 
20f9: CALL __stack_chk_fail (external)
  |
  `- 
